2021-07-20T15:41:29.851103600Z 
2021-07-20T15:41:29.851129600Z   ___  ____  ____  ____  ____ (R)
2021-07-20T15:41:29.851133100Z  /__    /   ____/   /   ____/
2021-07-20T15:41:29.851135200Z ___/   /   /___/   /   /___/   16.1   Copyright 1985-2019 StataCorp LLC
2021-07-20T15:41:29.851137300Z   Statistics/Data Analysis            StataCorp
2021-07-20T15:41:29.851139400Z                                       4905 Lakeway Drive
2021-07-20T15:41:29.851141500Z                                       College Station, Texas 77845 USA
2021-07-20T15:41:29.851143600Z                                       800-STATA-PC        http://www.stata.com
2021-07-20T15:41:29.851145600Z                                       979-696-4600        stata@stata.com
2021-07-20T15:41:29.851147700Z                                       979-696-4601 (fax)
2021-07-20T15:41:29.851149600Z 
2021-07-20T15:41:29.851151500Z 3-user Stata network license expires 11 May 2022:
2021-07-20T15:41:29.851153400Z        Serial number:  501709312237
2021-07-20T15:41:29.851155300Z          Licensed to:  The Bennett Institute
2021-07-20T15:41:29.851157400Z                        Oxford University
2021-07-20T15:41:29.851764500Z 
2021-07-20T15:41:29.851775900Z Notes:
2021-07-20T15:41:29.851780400Z       1.  Unicode is supported; see help unicode_advice.
2021-07-20T15:41:29.851784200Z 
2021-07-20T15:41:29.851786100Z . do "analysis/03b_an_descriptive_table_1.wrapper.do" W2 
2021-07-20T15:41:29.851788300Z 
2021-07-20T15:41:29.851790500Z . . do "analysis/03b_an_descriptive_table_1.do" W2
2021-07-20T15:41:29.851793700Z 
2021-07-20T15:41:29.851796900Z . *************************************************************************
2021-07-20T15:41:29.851800300Z . *Exposure children and COVID risk
2021-07-20T15:41:29.851803700Z .   
2021-07-20T15:41:29.851807000Z . *03b_an_descriptive_table_1
2021-07-20T15:41:29.851810300Z . 
2021-07-20T15:41:29.851813300Z . *Purpose: Create content that is ready to paste into a pre-formatted Word 
2021-07-20T15:41:29.851817000Z . * shell "Table 1" (main cohort descriptives by exposure status)
2021-07-20T15:41:29.851820600Z . *
2021-07-20T15:41:29.851824000Z . *Requires: final analysis dataset (analysis_dataset.dta)
2021-07-20T15:41:29.851827500Z . *
2021-07-20T15:41:29.851830800Z . *Coding: HFORBES, based on Krishnan Bhaskaran
2021-07-20T15:41:29.851834100Z . *
2021-07-20T15:41:29.851837100Z . *Date drafted: 30th June 2020
2021-07-20T15:41:29.851840400Z . *************************************************************************
2021-07-20T15:41:29.851843700Z . 
2021-07-20T15:41:29.851846700Z . 
2021-07-20T15:41:29.851849900Z . 
2021-07-20T15:41:29.851861800Z . * Set globals that will print in programs and direct output
2021-07-20T15:41:29.851865700Z . global outdir     "output" 
2021-07-20T15:41:29.851868900Z 
2021-07-20T15:41:29.851871900Z . global logdir     "log"
2021-07-20T15:41:29.851875500Z 
2021-07-20T15:41:29.851878700Z . global tempdir    "tempdata"
2021-07-20T15:41:29.851882100Z 
2021-07-20T15:41:29.851885400Z . 
2021-07-20T15:41:29.851888700Z . *first argument main W2 
2021-07-20T15:41:29.851891700Z . local dataset `1'
2021-07-20T15:41:29.851894800Z 
2021-07-20T15:41:29.851898000Z . 
2021-07-20T15:41:29.851901100Z . 
2021-07-20T15:41:29.851904400Z . *****************************************************************************
2021-07-20T15:41:29.851908200Z > **
2021-07-20T15:41:29.851911800Z . *Generic code to output one row of table
2021-07-20T15:41:29.851915300Z . cap prog drop generaterow
2021-07-20T15:41:29.851922100Z 
2021-07-20T15:41:29.851925900Z . log using $logdir/03b_an_descriptive_table_1`dataset', replace t
2021-07-20T15:41:29.851929500Z (note: file /workspace/log/03b_an_descriptive_table_1W2.log not found)
2021-07-20T15:41:29.852156900Z -------------------------------------------------------------------------------
2021-07-20T15:41:29.852177900Z       name:  <unnamed>
2021-07-20T15:41:29.852183000Z        log:  /workspace/log/03b_an_descriptive_table_1W2.log
2021-07-20T15:41:29.852186800Z   log type:  text
2021-07-20T15:41:29.852190100Z  opened on:  20 Jul 2021, 15:41:29
2021-07-20T15:41:29.852193400Z 
2021-07-20T15:41:29.852196600Z . 
2021-07-20T15:41:29.852199800Z . program define generaterow
2021-07-20T15:41:29.852203200Z   1. syntax, variable(varname) condition(string) outcome(string)
2021-07-20T15:41:29.852206700Z   2.         
2021-07-20T15:41:29.852210100Z .         *put the varname and condition to left so that alignment can be check
2021-07-20T15:41:29.852213600Z > ed vs shell
2021-07-20T15:41:29.852260600Z .         file write tablecontent ("`variable'") _tab ("`condition'") _tab
2021-07-20T15:41:29.852271300Z   3.         
2021-07-20T15:41:29.852274500Z .         cou
2021-07-20T15:41:29.852276600Z   4.         local overalldenom=r(N)
2021-07-20T15:41:29.852278500Z   5.         
2021-07-20T15:41:29.852280500Z .         cou if `variable' `condition'
2021-07-20T15:41:29.852282600Z   6.         local rowdenom = r(N)
2021-07-20T15:41:29.852406400Z   7.         local colpct = 100*(r(N)/`overalldenom')
2021-07-20T15:41:29.852417100Z   8.         file write tablecontent (`rowdenom')  (" (") %3.1f (`colpct') (")"
2021-07-20T15:41:29.852447200Z > ) _tab
2021-07-20T15:41:29.852454100Z   9. 
2021-07-20T15:41:29.852458500Z .         cou if kids_cat4==0 
2021-07-20T15:41:29.852462000Z  10.         local coldenom = r(N)
2021-07-20T15:41:29.852464700Z  11.         cou if kids_cat4==0 & `variable' `condition'
2021-07-20T15:41:29.852589300Z  12.         local pct = 100*(r(N)/`coldenom')
2021-07-20T15:41:29.852599500Z  13.         file write tablecontent (r(N)) (" (") %4.2f  (`pct') (")") _tab
2021-07-20T15:41:29.852603900Z  14.         
2021-07-20T15:41:29.852607000Z .         cou if kids_cat4==1 
2021-07-20T15:41:29.852610000Z  15.         local coldenom = r(N)
2021-07-20T15:41:29.852613000Z  16.         cou if kids_cat4==1 & `variable' `condition'
2021-07-20T15:41:29.852616800Z  17.         local pct = 100*(r(N)/`coldenom')
2021-07-20T15:41:29.852620300Z  18.         file write tablecontent (r(N)) (" (") %4.2f  (`pct') (")") _tab
2021-07-20T15:41:29.852624000Z  19.         
2021-07-20T15:41:29.852627300Z .         cou if kids_cat4==2 
2021-07-20T15:41:29.852630700Z  20.         local coldenom = r(N)
2021-07-20T15:41:29.852633900Z  21.         cou if kids_cat4==2 & `variable' `condition'
2021-07-20T15:41:29.852637300Z  22.         local pct = 100*(r(N)/`coldenom')
2021-07-20T15:41:29.852640700Z  23.         file write tablecontent (r(N)) (" (") %4.2f  (`pct') (")") _tab
2021-07-20T15:41:29.852644300Z  24. 
2021-07-20T15:41:29.852647500Z .         cou if kids_cat4==3 
2021-07-20T15:41:29.852650900Z  25.         local coldenom = r(N)
2021-07-20T15:41:29.852654000Z  26.         cou if kids_cat4==3 & `variable' `condition'
2021-07-20T15:41:29.852656000Z  27.         local pct = 100*(r(N)/`coldenom')
2021-07-20T15:41:29.852658000Z  28.         file write tablecontent (r(N)) (" (") %4.2f  (`pct') (")") _n
2021-07-20T15:41:29.852660200Z  29.         
2021-07-20T15:41:29.852662100Z . end
2021-07-20T15:41:29.852676300Z 
2021-07-20T15:41:29.852693600Z . 
2021-07-20T15:41:29.852710900Z . *****************************************************************************
2021-07-20T15:41:29.852714800Z > **
2021-07-20T15:41:29.852717000Z . *Generic code to output one section (varible) within table (calls above)
2021-07-20T15:41:29.852719100Z . cap prog drop tabulatevariable
2021-07-20T15:41:29.852722100Z 
2021-07-20T15:41:29.852724000Z . prog define tabulatevariable
2021-07-20T15:41:29.852726000Z   1. syntax, variable(varname) start(real) end(real) [missing] outcome(string)
2021-07-20T15:41:29.852728300Z   2. 
2021-07-20T15:41:29.852862700Z .         foreach varlevel of numlist `start'/`end'{ 
2021-07-20T15:41:29.852873700Z   3.                 generaterow, variable(`variable') condition("==`varlevel'"
2021-07-20T15:41:29.852917900Z > ) outcome(kids_cat4)
2021-07-20T15:41:29.852925000Z   4.         }
2021-07-20T15:41:29.852928600Z   5.         if "`missing'"!="" generaterow, variable(`variable') condition(">=
2021-07-20T15:41:29.852932500Z > .") outcome(kids_cat4)
2021-07-20T15:41:29.852935700Z   6. 
2021-07-20T15:41:29.852938800Z . end
2021-07-20T15:41:29.852941800Z 
2021-07-20T15:41:29.852945000Z . 
2021-07-20T15:41:29.852948600Z . *****************************************************************************
2021-07-20T15:41:29.852952000Z > **
2021-07-20T15:41:29.852955300Z . 
2021-07-20T15:41:29.852958300Z . *Set up output file
2021-07-20T15:41:29.852961500Z . 
2021-07-20T15:41:29.852964500Z . forvalues x=0/1 {
2021-07-20T15:41:29.852967800Z   2. 
2021-07-20T15:41:29.852973500Z . cap file close tablecontent
2021-07-20T15:41:29.852976700Z   3. file open tablecontent using ./output/03b_an_descriptive_table_1_kids_cat4
2021-07-20T15:41:29.852979800Z > _ageband`x'`dataset'.txt, write text replace
2021-07-20T15:41:29.852983200Z   4. 
2021-07-20T15:41:29.852986900Z . use $tempdir/analysis_dataset_ageband_`x'`dataset', clear
2021-07-20T15:41:29.852990700Z   5. 
2021-07-20T15:41:29.852994100Z . gen byte cons=1
2021-07-20T15:41:29.852998200Z   6. tabulatevariable, variable(cons) start(1) end(1) outcome(kids_cat4)
2021-07-20T15:41:29.853061300Z   7. file write tablecontent _n 
2021-07-20T15:41:29.853073000Z   8. 
2021-07-20T15:41:29.853077800Z . tabulatevariable, variable(agegroup) start(1) end(7) outcome(kids_cat4) 
2021-07-20T15:41:29.853081800Z   9. file write tablecontent _n 
2021-07-20T15:41:29.853085200Z  10. 
2021-07-20T15:41:29.853088100Z . tabulatevariable, variable(male) start(0) end(1) outcome(kids_cat4)
2021-07-20T15:41:29.853091500Z  11. file write tablecontent _n 
2021-07-20T15:41:29.853094900Z  12. 
2021-07-20T15:41:29.853098100Z . tabulatevariable, variable(bmicat) start(1) end(6) missing outcome(kids_cat4)
2021-07-20T15:41:29.853101400Z  13. file write tablecontent _n 
2021-07-20T15:41:29.853104700Z  14. 
2021-07-20T15:41:29.853108000Z . tabulatevariable, variable(smoke) start(1) end(3) missing outcome(kids_cat4) 
2021-07-20T15:41:29.853111300Z  15. file write tablecontent _n 
2021-07-20T15:41:29.853114700Z  16. 
2021-07-20T15:41:29.853192100Z . tabulatevariable, variable(ethnicity) start(1) end(5) missing outcome(kids_ca
2021-07-20T15:41:29.853244900Z > t4)
2021-07-20T15:41:29.853265100Z  17. file write tablecontent _n 
2021-07-20T15:41:29.853277400Z  18. 
2021-07-20T15:41:29.853280900Z . tabulatevariable, variable(imd) start(1) end(5) outcome(kids_cat4)
2021-07-20T15:41:29.853284300Z  19. file write tablecontent _n 
2021-07-20T15:41:29.853287400Z  20. 
2021-07-20T15:41:29.853290200Z . tabulatevariable, variable(tot_adults_hh) start(1) end(3) outcome(kids_cat4)
2021-07-20T15:41:29.853293300Z  21. file write tablecontent _n 
2021-07-20T15:41:29.853296900Z  22. 
2021-07-20T15:41:29.853300000Z . tabulatevariable, variable(bpcat) start(1) end(4) missing outcome(kids_cat4)
2021-07-20T15:41:29.853305100Z  23. tabulatevariable, variable(htdiag_or_highbp) start(1) end(1) outcome(kids_
2021-07-20T15:41:29.853309100Z > cat4)                 
2021-07-20T15:41:29.853312400Z  24. file write tablecontent _n  
2021-07-20T15:41:29.853316300Z  25. 
2021-07-20T15:41:29.853319800Z . **COMORBIDITIES
2021-07-20T15:41:29.853323200Z . *RESPIRATORY
2021-07-20T15:41:29.853326900Z . tabulatevariable, variable(chronic_respiratory_disease) start(1) end(1) outco
2021-07-20T15:41:29.853330500Z > me(kids_cat4)
2021-07-20T15:41:29.853334000Z  26. *ASTHMA
2021-07-20T15:41:29.853338900Z . tabulatevariable, variable(asthma) start(1) end(1) outcome(kids_cat4) /*ever 
2021-07-20T15:41:29.853342600Z > asthma*/
2021-07-20T15:41:29.853346100Z  27. *CARDIAC
2021-07-20T15:41:29.853450100Z . tabulatevariable, variable(chronic_cardiac_disease) start(1) end(1) outcome(k
2021-07-20T15:41:29.853484300Z > ids_cat4)
2021-07-20T15:41:29.853490100Z  28. file write tablecontent _n
2021-07-20T15:41:29.853492900Z  29. *DIABETES
2021-07-20T15:41:29.853495000Z . tabulatevariable, variable(diabcat) start(1) end(6) outcome(kids_cat4) 
2021-07-20T15:41:29.853497100Z  30. file write tablecontent _n
2021-07-20T15:41:29.853499100Z  31. *CANCER EX HAEM
2021-07-20T15:41:29.853501200Z . tabulatevariable, variable(cancer_haem_cat) start(2) end(4) outcome(kids_cat4
2021-07-20T15:41:29.853503200Z > ) /*<1, 1-4.9, 5+ years ago*/
2021-07-20T15:41:29.853505300Z  32. file write tablecontent _n
2021-07-20T15:41:29.853588400Z  33. *CANCER HAEM
2021-07-20T15:41:29.853598900Z . tabulatevariable, variable(cancer_exhaem_cat) start(2) end(4) outcome(kids_ca
2021-07-20T15:41:29.853603700Z > t4) /*<1, 1-4.9, 5+ years ago*/
2021-07-20T15:41:29.853607800Z  34. file write tablecontent _n
2021-07-20T15:41:29.853611400Z  35. *REDUCED KIDNEY FUNCTION
2021-07-20T15:41:29.853615400Z . tabulatevariable, variable(reduced_kidney_function_cat) start(2) end(3) outco
2021-07-20T15:41:29.853619000Z > me(kids_cat4)
2021-07-20T15:41:29.853623200Z  36. *ESRD
2021-07-20T15:41:29.853626300Z . tabulatevariable, variable(esrd) start(1) end(1) outcome(kids_cat4)
2021-07-20T15:41:29.853635900Z  37. *LIVER
2021-07-20T15:41:29.853639400Z . tabulatevariable, variable(chronic_liver_disease) start(1) end(1) outcome(kid
2021-07-20T15:41:29.853642800Z > s_cat4)
2021-07-20T15:41:29.853646000Z  38. *STROKE/DEMENTIA
2021-07-20T15:41:29.853649200Z . tabulatevariable, variable(stroke_dementia) start(1) end(1) outcome(kids_cat4
2021-07-20T15:41:29.853652500Z > )
2021-07-20T15:41:29.853655700Z  39. *OTHER NEURO
2021-07-20T15:41:29.853729400Z . tabulatevariable, variable(other_neuro) start(1) end(1) outcome(kids_cat4)
2021-07-20T15:41:29.853739700Z  40. *OTHER ORGAN TRANSPLANT
2021-07-20T15:41:29.853744100Z . tabulatevariable, variable(other_transplant) start(1) end(1) outcome(kids_cat
2021-07-20T15:41:29.853747800Z > 4)
2021-07-20T15:41:29.853793100Z  41. *SPLEEN
2021-07-20T15:41:29.853935600Z . tabulatevariable, variable(asplenia) start(1) end(1) outcome(kids_cat4)
2021-07-20T15:41:29.853947000Z  42. *RA_SLE_PSORIASIS
2021-07-20T15:41:29.853951500Z . tabulatevariable, variable(ra_sle_psoriasis) start(1) end(1) outcome(kids_cat
2021-07-20T15:41:29.853955100Z > 4)
2021-07-20T15:41:29.853958700Z  43. *OTHER IMMUNOSUPPRESSION
2021-07-20T15:41:29.853962300Z . tabulatevariable, variable(other_immuno) start(1) end(1) outcome(kids_cat4)
2021-07-20T15:41:29.853964500Z  44. *SHEILDING
2021-07-20T15:41:29.853966400Z . tabulatevariable, variable(shield) start(1) end(1) outcome(kids_cat4)
2021-07-20T15:41:29.853968400Z  45. *anycomorbidity
2021-07-20T15:41:29.853970300Z . tabulatevariable, variable(anycomorb) start(1) end(1) outcome(kids_cat4)
2021-07-20T15:41:29.853972300Z  46. 
2021-07-20T15:41:29.853974200Z . file close tablecontent
2021-07-20T15:41:29.853976300Z  47. 
2021-07-20T15:41:29.853978300Z . }
2021-07-20T15:41:29.924132000Z (note: file ./output/03b_an_descriptive_table_1_kids_cat4_ageband0W2.txt not fo
2021-07-20T15:41:29.924153700Z > und)
2021-07-20T15:41:29.924158900Z   16,235
2021-07-20T15:41:29.924162600Z   16,235
2021-07-20T15:41:29.924166200Z   436
2021-07-20T15:41:29.924169600Z   436
2021-07-20T15:41:29.924172900Z   1,904
2021-07-20T15:41:29.924176600Z   1,904
2021-07-20T15:41:29.924180100Z   295
2021-07-20T15:41:29.924183500Z   295
2021-07-20T15:41:29.924187100Z   13,600
2021-07-20T15:41:29.924190700Z   13,600
2021-07-20T15:41:29.924194000Z   16,235
2021-07-20T15:41:29.924197500Z   3,959
2021-07-20T15:41:29.924201000Z   436
2021-07-20T15:41:29.924206000Z   110
2021-07-20T15:41:29.924220300Z   1,904
2021-07-20T15:41:29.924224500Z   464
2021-07-20T15:41:29.924228000Z   295
2021-07-20T15:41:29.924231200Z   74
2021-07-20T15:41:29.924234400Z   13,600
2021-07-20T15:41:29.924237600Z   3,311
2021-07-20T15:41:29.924240700Z   16,235
2021-07-20T15:41:29.924244100Z   3,573
2021-07-20T15:41:29.924247300Z   436
2021-07-20T15:41:29.924250500Z   87
2021-07-20T15:41:29.924253600Z   1,904
2021-07-20T15:41:29.924256900Z   417
2021-07-20T15:41:29.924260300Z   295
2021-07-20T15:41:29.924263700Z   65
2021-07-20T15:41:29.924267000Z   13,600
2021-07-20T15:41:29.924270500Z   3,004
2021-07-20T15:41:29.924274100Z   16,235
2021-07-20T15:41:29.924277500Z   3,325
2021-07-20T15:41:29.924280800Z   436
2021-07-20T15:41:29.924284200Z   90
2021-07-20T15:41:29.924287600Z   1,904
2021-07-20T15:41:29.924290800Z   416
2021-07-20T15:41:29.924294100Z   295
2021-07-20T15:41:29.924297600Z   65
2021-07-20T15:41:29.924301300Z   13,600
2021-07-20T15:41:29.924304900Z   2,754
2021-07-20T15:41:29.924308400Z   16,235
2021-07-20T15:41:29.924311900Z   3,636
2021-07-20T15:41:29.924315200Z   436
2021-07-20T15:41:29.924318600Z   94
2021-07-20T15:41:29.924322100Z   1,904
2021-07-20T15:41:29.924326100Z   408
2021-07-20T15:41:29.924329600Z   295
2021-07-20T15:41:29.924333000Z   60
2021-07-20T15:41:29.924336400Z   13,600
2021-07-20T15:41:29.924339700Z   3,074
2021-07-20T15:41:29.924343100Z   16,235
2021-07-20T15:41:29.924346800Z   1,742
2021-07-20T15:41:29.924350200Z   436
2021-07-20T15:41:29.924353900Z   55
2021-07-20T15:41:29.924357400Z   1,904
2021-07-20T15:41:29.924361100Z   199
2021-07-20T15:41:29.924364600Z   295
2021-07-20T15:41:29.924368100Z   31
2021-07-20T15:41:29.924371500Z   13,600
2021-07-20T15:41:29.992333500Z   1,457
2021-07-20T15:41:29.992354300Z   16,235
2021-07-20T15:41:29.992358200Z   0
2021-07-20T15:41:29.992361600Z   436
2021-07-20T15:41:29.992364700Z   0
2021-07-20T15:41:29.992367700Z   1,904
2021-07-20T15:41:29.992370800Z   0
2021-07-20T15:41:29.992373800Z   295
2021-07-20T15:41:29.992376700Z   0
2021-07-20T15:41:29.992379600Z   13,600
2021-07-20T15:41:29.992394500Z   0
2021-07-20T15:41:29.992397600Z   16,235
2021-07-20T15:41:29.992400500Z   0
2021-07-20T15:41:29.992403300Z   436
2021-07-20T15:41:29.992406800Z   0
2021-07-20T15:41:29.992410400Z   1,904
2021-07-20T15:41:29.992413400Z   0
2021-07-20T15:41:29.992416200Z   295
2021-07-20T15:41:29.992419000Z   0
2021-07-20T15:41:29.992421900Z   13,600
2021-07-20T15:41:29.992424800Z   0
2021-07-20T15:41:29.992427500Z   16,235
2021-07-20T15:41:29.992430600Z   8,353
2021-07-20T15:41:29.992433400Z   436
2021-07-20T15:41:29.992436100Z   217
2021-07-20T15:41:29.992439000Z   1,904
2021-07-20T15:41:29.992441500Z   1,013
2021-07-20T15:41:29.992444100Z   295
2021-07-20T15:41:29.992447600Z   155
2021-07-20T15:41:29.992450400Z   13,600
2021-07-20T15:41:29.992453500Z   6,968
2021-07-20T15:41:29.992456300Z   16,235
2021-07-20T15:41:29.992459200Z   7,882
2021-07-20T15:41:29.992462000Z   436
2021-07-20T15:41:29.992464600Z   219
2021-07-20T15:41:29.992467200Z   1,904
2021-07-20T15:41:29.992469900Z   891
2021-07-20T15:41:29.992472700Z   295
2021-07-20T15:41:29.992475500Z   140
2021-07-20T15:41:29.992478200Z   13,600
2021-07-20T15:41:29.992481200Z   6,632
2021-07-20T15:41:29.992484100Z   16,235
2021-07-20T15:41:29.992486900Z   1,492
2021-07-20T15:41:29.992489700Z   436
2021-07-20T15:41:29.992492400Z   48
2021-07-20T15:41:29.992495200Z   1,904
2021-07-20T15:41:29.992498400Z   157
2021-07-20T15:41:29.992502900Z   295
2021-07-20T15:41:29.992505900Z   20
2021-07-20T15:41:29.992508900Z   13,600
2021-07-20T15:41:29.992511500Z   1,267
2021-07-20T15:41:29.992514500Z   16,235
2021-07-20T15:41:29.992517200Z   3,698
2021-07-20T15:41:29.992520100Z   436
2021-07-20T15:41:29.992523000Z   113
2021-07-20T15:41:29.992525900Z   1,904
2021-07-20T15:41:29.992528900Z   467
2021-07-20T15:41:29.992531900Z   295
2021-07-20T15:41:29.992534700Z   80
2021-07-20T15:41:29.992537500Z   13,600
2021-07-20T15:41:29.992540300Z   3,038
2021-07-20T15:41:29.992543100Z   16,235
2021-07-20T15:41:29.992546300Z   2,890
2021-07-20T15:41:29.992549200Z   436
2021-07-20T15:41:29.992552200Z   76
2021-07-20T15:41:29.992559300Z   1,904
2021-07-20T15:41:29.992562500Z   324
2021-07-20T15:41:29.992565200Z   295
2021-07-20T15:41:29.992568000Z   54
2021-07-20T15:41:29.992571100Z   13,600
2021-07-20T15:41:29.992574400Z   2,436
2021-07-20T15:41:29.992577800Z   16,235
2021-07-20T15:41:29.992581000Z   2,221
2021-07-20T15:41:29.992584000Z   436
2021-07-20T15:41:29.992586700Z   56
2021-07-20T15:41:30.057568700Z   1,904
2021-07-20T15:41:30.057589200Z   271
2021-07-20T15:41:30.057592300Z   295
2021-07-20T15:41:30.057594300Z   39
2021-07-20T15:41:30.057596900Z   13,600
2021-07-20T15:41:30.057598900Z   1,855
2021-07-20T15:41:30.057601000Z   16,235
2021-07-20T15:41:30.057604000Z   1,381
2021-07-20T15:41:30.057607100Z   436
2021-07-20T15:41:30.057610300Z   36
2021-07-20T15:41:30.057613700Z   1,904
2021-07-20T15:41:30.057617100Z   139
2021-07-20T15:41:30.057619100Z   295
2021-07-20T15:41:30.057620900Z   17
2021-07-20T15:41:30.057622900Z   13,600
2021-07-20T15:41:30.057624900Z   1,189
2021-07-20T15:41:30.057626800Z   16,235
2021-07-20T15:41:30.057628700Z   939
2021-07-20T15:41:30.057630600Z   436
2021-07-20T15:41:30.057632400Z   12
2021-07-20T15:41:30.057634200Z   1,904
2021-07-20T15:41:30.057636000Z   118
2021-07-20T15:41:30.057638000Z   295
2021-07-20T15:41:30.057640600Z   17
2021-07-20T15:41:30.057643700Z   13,600
2021-07-20T15:41:30.057647100Z   792
2021-07-20T15:41:30.057650100Z   16,235
2021-07-20T15:41:30.057653100Z   3,614
2021-07-20T15:41:30.057656200Z   436
2021-07-20T15:41:30.057659300Z   95
2021-07-20T15:41:30.057662500Z   1,904
2021-07-20T15:41:30.057665700Z   428
2021-07-20T15:41:30.057669000Z   295
2021-07-20T15:41:30.057672600Z   68
2021-07-20T15:41:30.057675900Z   13,600
2021-07-20T15:41:30.057679100Z   3,023
2021-07-20T15:41:30.057682500Z   16,235
2021-07-20T15:41:30.057685800Z   609
2021-07-20T15:41:30.057689300Z   436
2021-07-20T15:41:30.057692900Z   11
2021-07-20T15:41:30.057696200Z   1,904
2021-07-20T15:41:30.057699300Z   69
2021-07-20T15:41:30.057702200Z   295
2021-07-20T15:41:30.057705300Z   7
2021-07-20T15:41:30.057709300Z   13,600
2021-07-20T15:41:30.057741400Z   522
2021-07-20T15:41:30.057746400Z   16,235
2021-07-20T15:41:30.057749900Z   322
2021-07-20T15:41:30.057753200Z   436
2021-07-20T15:41:30.057756500Z   11
2021-07-20T15:41:30.057759700Z   1,904
2021-07-20T15:41:30.057762800Z   32
2021-07-20T15:41:30.057766000Z   295
2021-07-20T15:41:30.057769200Z   4
2021-07-20T15:41:30.057772600Z   13,600
2021-07-20T15:41:30.057776000Z   275
2021-07-20T15:41:30.057779300Z   16,235
2021-07-20T15:41:30.057782700Z   1,929
2021-07-20T15:41:30.057785800Z   436
2021-07-20T15:41:30.057788900Z   53
2021-07-20T15:41:30.057792000Z   1,904
2021-07-20T15:41:30.057795200Z   226
2021-07-20T15:41:30.057798600Z   295
2021-07-20T15:41:30.057801900Z   38
2021-07-20T15:41:30.057805400Z   13,600
2021-07-20T15:41:30.057808800Z   1,612
2021-07-20T15:41:30.057811800Z   16,235
2021-07-20T15:41:30.057815200Z   13,375
2021-07-20T15:41:30.057818500Z   436
2021-07-20T15:41:30.057821600Z   361
2021-07-20T15:41:30.057825300Z   1,904
2021-07-20T15:41:30.057828900Z   1,577
2021-07-20T15:41:30.057832200Z   295
2021-07-20T15:41:30.057835600Z   246
2021-07-20T15:41:30.115212500Z   13,600
2021-07-20T15:41:30.115247700Z   11,191
2021-07-20T15:41:30.115253500Z   16,235
2021-07-20T15:41:30.115257100Z   12,943
2021-07-20T15:41:30.115260400Z   436
2021-07-20T15:41:30.115263800Z   333
2021-07-20T15:41:30.115267100Z   1,904
2021-07-20T15:41:30.115282100Z   1,501
2021-07-20T15:41:30.115287500Z   295
2021-07-20T15:41:30.115289700Z   217
2021-07-20T15:41:30.115291600Z   13,600
2021-07-20T15:41:30.115293500Z   10,892
2021-07-20T15:41:30.115295400Z   16,235
2021-07-20T15:41:30.115297300Z   0
2021-07-20T15:41:30.115299300Z   436
2021-07-20T15:41:30.115301300Z   0
2021-07-20T15:41:30.115303300Z   1,904
2021-07-20T15:41:30.115305200Z   0
2021-07-20T15:41:30.115308700Z   295
2021-07-20T15:41:30.115310700Z   0
2021-07-20T15:41:30.115312600Z   13,600
2021-07-20T15:41:30.115314500Z   0
2021-07-20T15:41:30.115316700Z   16,235
2021-07-20T15:41:30.115318700Z   1,669
2021-07-20T15:41:30.115320700Z   436
2021-07-20T15:41:30.115334300Z   52
2021-07-20T15:41:30.115336500Z   1,904
2021-07-20T15:41:30.115338400Z   210
2021-07-20T15:41:30.115340300Z   295
2021-07-20T15:41:30.115342100Z   32
2021-07-20T15:41:30.115344400Z   13,600
2021-07-20T15:41:30.115346400Z   1,375
2021-07-20T15:41:30.115348400Z   16,235
2021-07-20T15:41:30.115350500Z   0
2021-07-20T15:41:30.115352300Z   436
2021-07-20T15:41:30.115354200Z   0
2021-07-20T15:41:30.115356100Z   1,904
2021-07-20T15:41:30.115358000Z   0
2021-07-20T15:41:30.115360100Z   295
2021-07-20T15:41:30.115362100Z   0
2021-07-20T15:41:30.115364100Z   13,600
2021-07-20T15:41:30.115366200Z   0
2021-07-20T15:41:30.115368100Z   16,235
2021-07-20T15:41:30.115369900Z   1,623
2021-07-20T15:41:30.115371800Z   436
2021-07-20T15:41:30.115373700Z   51
2021-07-20T15:41:30.115375800Z   1,904
2021-07-20T15:41:30.115378300Z   193
2021-07-20T15:41:30.115380400Z   295
2021-07-20T15:41:30.115382200Z   46
2021-07-20T15:41:30.115384100Z   13,600
2021-07-20T15:41:30.115385900Z   1,333
2021-07-20T15:41:30.115387800Z   16,235
2021-07-20T15:41:30.115389700Z   0
2021-07-20T15:41:30.115391700Z   436
2021-07-20T15:41:30.115393800Z   0
2021-07-20T15:41:30.115395800Z   1,904
2021-07-20T15:41:30.115397800Z   0
2021-07-20T15:41:30.115399700Z   295
2021-07-20T15:41:30.115401500Z   0
2021-07-20T15:41:30.115403400Z   13,600
2021-07-20T15:41:30.115405300Z   0
2021-07-20T15:41:30.115407300Z   16,235
2021-07-20T15:41:30.115409300Z   11,315
2021-07-20T15:41:30.115411300Z   436
2021-07-20T15:41:30.115413300Z   309
2021-07-20T15:41:30.115415200Z   1,904
2021-07-20T15:41:30.115417100Z   1,319
2021-07-20T15:41:30.115418900Z   295
2021-07-20T15:41:30.115420800Z   186
2021-07-20T15:41:30.115422800Z   13,600
2021-07-20T15:41:30.115424800Z   9,501
2021-07-20T15:41:30.115426900Z   16,235
2021-07-20T15:41:30.115429000Z   0
2021-07-20T15:41:30.115430900Z   436
2021-07-20T15:41:30.115432800Z   0
2021-07-20T15:41:30.172252700Z   1,904
2021-07-20T15:41:30.172275900Z   0
2021-07-20T15:41:30.172281100Z   295
2021-07-20T15:41:30.172284900Z   0
2021-07-20T15:41:30.172303900Z   13,600
2021-07-20T15:41:30.172308300Z   0
2021-07-20T15:41:30.172312200Z   16,235
2021-07-20T15:41:30.172315700Z   0
2021-07-20T15:41:30.172319200Z   436
2021-07-20T15:41:30.172322700Z   0
2021-07-20T15:41:30.172326000Z   1,904
2021-07-20T15:41:30.172329400Z   0
2021-07-20T15:41:30.172332800Z   295
2021-07-20T15:41:30.172336400Z   0
2021-07-20T15:41:30.172340000Z   13,600
2021-07-20T15:41:30.172343400Z   0
2021-07-20T15:41:30.172346800Z   16,235
2021-07-20T15:41:30.172350300Z   3,244
2021-07-20T15:41:30.172353800Z   436
2021-07-20T15:41:30.172357200Z   96
2021-07-20T15:41:30.172360700Z   1,904
2021-07-20T15:41:30.172364200Z   401
2021-07-20T15:41:30.172367800Z   295
2021-07-20T15:41:30.172371500Z   75
2021-07-20T15:41:30.172375100Z   13,600
2021-07-20T15:41:30.172378500Z   2,672
2021-07-20T15:41:30.172381900Z   16,235
2021-07-20T15:41:30.172385300Z   1,676
2021-07-20T15:41:30.172388800Z   436
2021-07-20T15:41:30.172392300Z   31
2021-07-20T15:41:30.172395900Z   1,904
2021-07-20T15:41:30.172400100Z   184
2021-07-20T15:41:30.172403900Z   295
2021-07-20T15:41:30.172407500Z   34
2021-07-20T15:41:30.172411000Z   13,600
2021-07-20T15:41:30.172414200Z   1,427
2021-07-20T15:41:30.172417400Z   16,235
2021-07-20T15:41:30.172420800Z   105
2021-07-20T15:41:30.172424400Z   436
2021-07-20T15:41:30.172428000Z   77
2021-07-20T15:41:30.172431500Z   1,904
2021-07-20T15:41:30.172434900Z   20
2021-07-20T15:41:30.172438300Z   295
2021-07-20T15:41:30.172441700Z   7
2021-07-20T15:41:30.172445100Z   13,600
2021-07-20T15:41:30.172448500Z   1
2021-07-20T15:41:30.172451900Z   16,235
2021-07-20T15:41:30.172455300Z   115
2021-07-20T15:41:30.172459000Z   436
2021-07-20T15:41:30.172462600Z   64
2021-07-20T15:41:30.172466000Z   1,904
2021-07-20T15:41:30.172469400Z   34
2021-07-20T15:41:30.172473200Z   295
2021-07-20T15:41:30.172476600Z   8
2021-07-20T15:41:30.172480300Z   13,600
2021-07-20T15:41:30.172484000Z   9
2021-07-20T15:41:30.172487300Z   16,235
2021-07-20T15:41:30.172490700Z   16,015
2021-07-20T15:41:30.172494000Z   436
2021-07-20T15:41:30.172517000Z   295
2021-07-20T15:41:30.172523300Z   1,904
2021-07-20T15:41:30.172527200Z   1,850
2021-07-20T15:41:30.172530500Z   295
2021-07-20T15:41:30.172533900Z   280
2021-07-20T15:41:30.172537100Z   13,600
2021-07-20T15:41:30.172540400Z   13,590
2021-07-20T15:41:30.172543900Z   16,235
2021-07-20T15:41:30.172547500Z   0
2021-07-20T15:41:30.172551000Z   436
2021-07-20T15:41:30.172554600Z   0
2021-07-20T15:41:30.172558000Z   1,904
2021-07-20T15:41:30.172561500Z   0
2021-07-20T15:41:30.172564800Z   295
2021-07-20T15:41:30.172567800Z   0
2021-07-20T15:41:30.172570900Z   13,600
2021-07-20T15:41:30.172573900Z   0
2021-07-20T15:41:30.172576800Z   16,235
2021-07-20T15:41:30.172579900Z   0
2021-07-20T15:41:30.172584100Z   436
2021-07-20T15:41:30.260922100Z   0
2021-07-20T15:41:30.260952600Z   1,904
2021-07-20T15:41:30.260957100Z   0
2021-07-20T15:41:30.260960400Z   295
2021-07-20T15:41:30.260963400Z   0
2021-07-20T15:41:30.260966500Z   13,600
2021-07-20T15:41:30.260969900Z   0
2021-07-20T15:41:30.260973400Z   16,235
2021-07-20T15:41:30.260976600Z   11
2021-07-20T15:41:30.260980000Z   436
2021-07-20T15:41:30.260985500Z   2
2021-07-20T15:41:30.260988600Z   1,904
2021-07-20T15:41:30.260991900Z   0
2021-07-20T15:41:30.260994900Z   295
2021-07-20T15:41:30.260998200Z   0
2021-07-20T15:41:30.261001900Z   13,600
2021-07-20T15:41:30.261005400Z   9
2021-07-20T15:41:30.261008600Z   16,235
2021-07-20T15:41:30.261012300Z   14,595
2021-07-20T15:41:30.261015500Z   436
2021-07-20T15:41:30.261018600Z   387
2021-07-20T15:41:30.261021900Z   1,904
2021-07-20T15:41:30.261025300Z   1,709
2021-07-20T15:41:30.261028500Z   295
2021-07-20T15:41:30.261033000Z   259
2021-07-20T15:41:30.261036600Z   13,600
2021-07-20T15:41:30.261039800Z   12,240
2021-07-20T15:41:30.261044100Z   16,235
2021-07-20T15:41:30.261048300Z   1,629
2021-07-20T15:41:30.261052600Z   436
2021-07-20T15:41:30.261055800Z   47
2021-07-20T15:41:30.261060000Z   1,904
2021-07-20T15:41:30.261063100Z   195
2021-07-20T15:41:30.261105500Z   295
2021-07-20T15:41:30.261124100Z   36
2021-07-20T15:41:30.261175800Z   13,600
2021-07-20T15:41:30.261181000Z   1,351
2021-07-20T15:41:30.261183000Z   16,235
2021-07-20T15:41:30.261184900Z   14,931
2021-07-20T15:41:30.261186800Z   436
2021-07-20T15:41:30.261188900Z   403
2021-07-20T15:41:30.261191000Z   1,904
2021-07-20T15:41:30.261193100Z   1,745
2021-07-20T15:41:30.261195300Z   295
2021-07-20T15:41:30.261197600Z   266
2021-07-20T15:41:30.261199600Z   13,600
2021-07-20T15:41:30.261201600Z   12,517
2021-07-20T15:41:30.261203400Z   16,235
2021-07-20T15:41:30.261205800Z   3,283
2021-07-20T15:41:30.261207900Z   436
2021-07-20T15:41:30.261209900Z   96
2021-07-20T15:41:30.261212000Z   1,904
2021-07-20T15:41:30.261213900Z   390
2021-07-20T15:41:30.261215800Z   295
2021-07-20T15:41:30.261217600Z   62
2021-07-20T15:41:30.261219500Z   13,600
2021-07-20T15:41:30.261221500Z   2,735
2021-07-20T15:41:30.261223700Z   16,235
2021-07-20T15:41:30.261225800Z   1,365
2021-07-20T15:41:30.261228500Z   436
2021-07-20T15:41:30.261230500Z   39
2021-07-20T15:41:30.261232400Z   1,904
2021-07-20T15:41:30.261234300Z   161
2021-07-20T15:41:30.261236100Z   295
2021-07-20T15:41:30.261238200Z   30
2021-07-20T15:41:30.261240200Z   13,600
2021-07-20T15:41:30.261242200Z   1,135
2021-07-20T15:41:30.261244300Z   16,235
2021-07-20T15:41:30.261246200Z   3,254
2021-07-20T15:41:30.261248200Z   436
2021-07-20T15:41:30.261250100Z   98
2021-07-20T15:41:30.261252100Z   1,904
2021-07-20T15:41:30.261254200Z   384
2021-07-20T15:41:30.261256300Z   295
2021-07-20T15:41:30.360195800Z   62
2021-07-20T15:41:30.360284700Z   13,600
2021-07-20T15:41:30.360290200Z   2,710
2021-07-20T15:41:30.360293600Z   16,235
2021-07-20T15:41:30.360296600Z   12,475
2021-07-20T15:41:30.360300500Z   436
2021-07-20T15:41:30.360306000Z   341
2021-07-20T15:41:30.360312600Z   1,904
2021-07-20T15:41:30.360317600Z   1,477
2021-07-20T15:41:30.360323300Z   295
2021-07-20T15:41:30.360328100Z   220
2021-07-20T15:41:30.360332800Z   13,600
2021-07-20T15:41:30.360337600Z   10,437
2021-07-20T15:41:30.360342400Z   16,235
2021-07-20T15:41:30.360346000Z   415
2021-07-20T15:41:30.360349500Z   436
2021-07-20T15:41:30.360463700Z   13
2021-07-20T15:41:30.360481200Z   1,904
2021-07-20T15:41:30.360489100Z   42
2021-07-20T15:41:30.360494900Z   295
2021-07-20T15:41:30.360500500Z   4
2021-07-20T15:41:30.360505300Z   13,600
2021-07-20T15:41:30.360509400Z   356
2021-07-20T15:41:30.360514800Z   16,235
2021-07-20T15:41:30.360524800Z   92
2021-07-20T15:41:30.360530100Z   436
2021-07-20T15:41:30.360533200Z   3
2021-07-20T15:41:30.360536700Z   1,904
2021-07-20T15:41:30.360540600Z   11
2021-07-20T15:41:30.360543900Z   295
2021-07-20T15:41:30.360547700Z   4
2021-07-20T15:41:30.360550900Z   13,600
2021-07-20T15:41:30.360555200Z   74
2021-07-20T15:41:30.360559200Z   16,235
2021-07-20T15:41:30.360565000Z   2,690
2021-07-20T15:41:30.360571200Z   436
2021-07-20T15:41:30.360576900Z   70
2021-07-20T15:41:30.360581700Z   1,904
2021-07-20T15:41:30.360586800Z   291
2021-07-20T15:41:30.360591100Z   295
2021-07-20T15:41:30.360595300Z   59
2021-07-20T15:41:30.360599300Z   13,600
2021-07-20T15:41:30.360607000Z   2,270
2021-07-20T15:41:30.360613400Z   16,235
2021-07-20T15:41:30.360621000Z   554
2021-07-20T15:41:30.360626400Z   436
2021-07-20T15:41:30.360631800Z   8
2021-07-20T15:41:30.360637500Z   1,904
2021-07-20T15:41:30.360641400Z   83
2021-07-20T15:41:30.360649100Z   295
2021-07-20T15:41:30.360657100Z   8
2021-07-20T15:41:30.360663500Z   13,600
2021-07-20T15:41:30.360675700Z   455
2021-07-20T15:41:30.360679800Z   16,235
2021-07-20T15:41:30.360683800Z   9
2021-07-20T15:41:30.360689000Z   436
2021-07-20T15:41:30.360694600Z   1
2021-07-20T15:41:30.360699400Z   1,904
2021-07-20T15:41:30.360703200Z   0
2021-07-20T15:41:30.360707200Z   295
2021-07-20T15:41:30.360713000Z   0
2021-07-20T15:41:30.360717700Z   13,600
2021-07-20T15:41:30.360722300Z   8
2021-07-20T15:41:30.360725600Z   16,235
2021-07-20T15:41:30.360728500Z   62
2021-07-20T15:41:30.360731500Z   436
2021-07-20T15:41:30.360734900Z   1
2021-07-20T15:41:30.360740300Z   1,904
2021-07-20T15:41:30.360746500Z   4
2021-07-20T15:41:30.360751400Z   295
2021-07-20T15:41:30.360756800Z   2
2021-07-20T15:41:30.360782500Z   13,600
2021-07-20T15:41:30.360790600Z   55
2021-07-20T15:41:30.360795300Z   16,235
2021-07-20T15:41:30.360800100Z   268
2021-07-20T15:41:30.360804400Z   436
2021-07-20T15:41:30.360807700Z   11
2021-07-20T15:41:30.360811900Z   1,904
2021-07-20T15:41:30.463279400Z   30
2021-07-20T15:41:30.463305000Z   295
2021-07-20T15:41:30.463309800Z   3
2021-07-20T15:41:30.463313500Z   13,600
2021-07-20T15:41:30.463317200Z   224
2021-07-20T15:41:30.463320700Z   16,235
2021-07-20T15:41:30.463324400Z   2,866
2021-07-20T15:41:30.463327800Z   436
2021-07-20T15:41:30.463331300Z   78
2021-07-20T15:41:30.463334700Z   1,904
2021-07-20T15:41:30.463338000Z   332
2021-07-20T15:41:30.463341100Z   295
2021-07-20T15:41:30.463344000Z   57
2021-07-20T15:41:30.463347000Z   13,600
2021-07-20T15:41:30.463350200Z   2,399
2021-07-20T15:41:30.463353600Z   16,235
2021-07-20T15:41:30.463356800Z   59
2021-07-20T15:41:30.463360100Z   436
2021-07-20T15:41:30.463363400Z   0
2021-07-20T15:41:30.463366800Z   1,904
2021-07-20T15:41:30.463370200Z   6
2021-07-20T15:41:30.463373400Z   295
2021-07-20T15:41:30.463376600Z   1
2021-07-20T15:41:30.463379900Z   13,600
2021-07-20T15:41:30.463383400Z   52
2021-07-20T15:41:30.463387000Z   16,235
2021-07-20T15:41:30.463390400Z   255
2021-07-20T15:41:30.463393500Z   436
2021-07-20T15:41:30.463396900Z   7
2021-07-20T15:41:30.463400200Z   1,904
2021-07-20T15:41:30.463404000Z   29
2021-07-20T15:41:30.463407800Z   295
2021-07-20T15:41:30.463411400Z   10
2021-07-20T15:41:30.463414900Z   13,600
2021-07-20T15:41:30.463418100Z   209
2021-07-20T15:41:30.463421300Z   16,235
2021-07-20T15:41:30.463425800Z   2,853
2021-07-20T15:41:30.463429200Z   436
2021-07-20T15:41:30.463432800Z   85
2021-07-20T15:41:30.463436100Z   1,904
2021-07-20T15:41:30.463453500Z   339
2021-07-20T15:41:30.463461000Z   295
2021-07-20T15:41:30.463464700Z   61
2021-07-20T15:41:30.463468200Z   13,600
2021-07-20T15:41:30.463471700Z   2,368
2021-07-20T15:41:30.463475000Z   16,235
2021-07-20T15:41:30.463478000Z   58
2021-07-20T15:41:30.463481600Z   436
2021-07-20T15:41:30.463499700Z   2
2021-07-20T15:41:30.463504000Z   1,904
2021-07-20T15:41:30.463507800Z   9
2021-07-20T15:41:30.463511300Z   295
2021-07-20T15:41:30.463514700Z   1
2021-07-20T15:41:30.463518000Z   13,600
2021-07-20T15:41:30.463521500Z   46
2021-07-20T15:41:30.463525100Z   16,235
2021-07-20T15:41:30.463529900Z   0
2021-07-20T15:41:30.463533400Z   436
2021-07-20T15:41:30.463537000Z   0
2021-07-20T15:41:30.463540400Z   1,904
2021-07-20T15:41:30.463543600Z   0
2021-07-20T15:41:30.463546800Z   295
2021-07-20T15:41:30.463550300Z   0
2021-07-20T15:41:30.463553600Z   13,600
2021-07-20T15:41:30.463557000Z   0
2021-07-20T15:41:30.463560400Z   16,235
2021-07-20T15:41:30.463563800Z   5,853
2021-07-20T15:41:30.463567200Z   436
2021-07-20T15:41:30.463570600Z   156
2021-07-20T15:41:30.463574000Z   1,904
2021-07-20T15:41:30.463577400Z   685
2021-07-20T15:41:30.463580900Z   295
2021-07-20T15:41:30.463584300Z   115
2021-07-20T15:41:30.463587900Z   13,600
2021-07-20T15:41:30.463591400Z   4,897
2021-07-20T15:41:30.463594800Z   16,235
2021-07-20T15:41:30.463598100Z   3,322
2021-07-20T15:41:30.463601600Z   436
2021-07-20T15:41:30.571601600Z   106
2021-07-20T15:41:30.571619300Z   1,904
2021-07-20T15:41:30.571622500Z   386
2021-07-20T15:41:30.571624700Z   295
2021-07-20T15:41:30.571626900Z   57
2021-07-20T15:41:30.571629100Z   13,600
2021-07-20T15:41:30.571631500Z   2,773
2021-07-20T15:41:30.571633600Z   16,235
2021-07-20T15:41:30.571635700Z   3,255
2021-07-20T15:41:30.571637700Z   436
2021-07-20T15:41:30.571639800Z   105
2021-07-20T15:41:30.571641800Z   1,904
2021-07-20T15:41:30.571643900Z   396
2021-07-20T15:41:30.571646000Z   295
2021-07-20T15:41:30.571648300Z   51
2021-07-20T15:41:30.571650500Z   13,600
2021-07-20T15:41:30.571652600Z   2,703
2021-07-20T15:41:30.571654800Z   16,235
2021-07-20T15:41:30.571656800Z   3,118
2021-07-20T15:41:30.571658900Z   436
2021-07-20T15:41:30.571660900Z   95
2021-07-20T15:41:30.571663000Z   1,904
2021-07-20T15:41:30.571665800Z   348
2021-07-20T15:41:30.571668100Z   295
2021-07-20T15:41:30.571670300Z   56
2021-07-20T15:41:30.571680300Z   13,600
2021-07-20T15:41:30.571682700Z   2,619
2021-07-20T15:41:30.571684800Z   16,235
2021-07-20T15:41:30.571686900Z   3,267
2021-07-20T15:41:30.571689000Z   436
2021-07-20T15:41:30.571691300Z   79
2021-07-20T15:41:30.571693500Z   1,904
2021-07-20T15:41:30.571695700Z   389
2021-07-20T15:41:30.571698000Z   295
2021-07-20T15:41:30.571700100Z   51
2021-07-20T15:41:30.571702100Z   13,600
2021-07-20T15:41:30.571704200Z   2,748
2021-07-20T15:41:30.571706200Z   16,235
2021-07-20T15:41:30.571708500Z   3,247
2021-07-20T15:41:30.571710700Z   436
2021-07-20T15:41:30.571713000Z   89
2021-07-20T15:41:30.571715200Z   1,904
2021-07-20T15:41:30.571717300Z   372
2021-07-20T15:41:30.571719300Z   295
2021-07-20T15:41:30.571721400Z   56
2021-07-20T15:41:30.571723500Z   13,600
2021-07-20T15:41:30.571725800Z   2,730
2021-07-20T15:41:30.571728000Z   16,235
2021-07-20T15:41:30.571730300Z   3,221
2021-07-20T15:41:30.571732500Z   436
2021-07-20T15:41:30.571734600Z   84
2021-07-20T15:41:30.571736700Z   1,904
2021-07-20T15:41:30.571738700Z   381
2021-07-20T15:41:30.571740800Z   295
2021-07-20T15:41:30.571743000Z   48
2021-07-20T15:41:30.571745300Z   13,600
2021-07-20T15:41:30.571747500Z   2,708
2021-07-20T15:41:30.571749800Z   16,235
2021-07-20T15:41:30.571751800Z   5,048
2021-07-20T15:41:30.571753900Z   436
2021-07-20T15:41:30.571756000Z   130
2021-07-20T15:41:30.571758000Z   1,904
2021-07-20T15:41:30.571760300Z   579
2021-07-20T15:41:30.571762600Z   295
2021-07-20T15:41:30.571764800Z   94
2021-07-20T15:41:30.571767000Z   13,600
2021-07-20T15:41:30.571769100Z   4,245
2021-07-20T15:41:30.571771100Z   16,235
2021-07-20T15:41:30.571773200Z   14,061
2021-07-20T15:41:30.571775300Z   436
2021-07-20T15:41:30.571777600Z   381
2021-07-20T15:41:30.571779900Z   1,904
2021-07-20T15:41:30.597644500Z   1,646
2021-07-20T15:41:30.597685800Z   295
2021-07-20T15:41:30.597688600Z   260
2021-07-20T15:41:30.597690600Z   13,600
2021-07-20T15:41:30.597692600Z   11,774
2021-07-20T15:41:30.597694600Z   16,235
2021-07-20T15:41:30.597696700Z   15,695
2021-07-20T15:41:30.597698600Z   436
2021-07-20T15:41:30.597710700Z   426
2021-07-20T15:41:30.597712900Z   1,904
2021-07-20T15:41:30.597714900Z   1,845
2021-07-20T15:41:30.597716700Z   295
2021-07-20T15:41:30.597718600Z   284
2021-07-20T15:41:30.597720400Z   13,600
2021-07-20T15:41:30.597723000Z   13,140
2021-07-20T15:41:30.597725200Z (note: file ./output/03b_an_descriptive_table_1_kids_cat4_ageband1W2.txt not fo
2021-07-20T15:41:30.597727500Z > und)
2021-07-20T15:41:30.597729700Z   4,496
2021-07-20T15:41:30.597731600Z   4,496
2021-07-20T15:41:30.597733400Z   123
2021-07-20T15:41:30.597735300Z   123
2021-07-20T15:41:30.597737100Z   509
2021-07-20T15:41:30.597739200Z   509
2021-07-20T15:41:30.597741200Z   71
2021-07-20T15:41:30.597743300Z   71
2021-07-20T15:41:30.597745300Z   3,793
2021-07-20T15:41:30.597747200Z   3,793
2021-07-20T15:41:30.597749000Z   4,496
2021-07-20T15:41:30.597750900Z   0
2021-07-20T15:41:30.597752800Z   123
2021-07-20T15:41:30.597754900Z   0
2021-07-20T15:41:30.597757000Z   509
2021-07-20T15:41:30.597759000Z   0
2021-07-20T15:41:30.597761000Z   71
2021-07-20T15:41:30.597762900Z   0
2021-07-20T15:41:30.597764800Z   3,793
2021-07-20T15:41:30.597766600Z   0
2021-07-20T15:41:30.597768500Z   4,496
2021-07-20T15:41:30.597770600Z   0
2021-07-20T15:41:30.597772600Z   123
2021-07-20T15:41:30.597774600Z   0
2021-07-20T15:41:30.597776600Z   509
2021-07-20T15:41:30.597778400Z   0
2021-07-20T15:41:30.597780300Z   71
2021-07-20T15:41:30.597782200Z   0
2021-07-20T15:41:30.597784100Z   3,793
2021-07-20T15:41:30.597786100Z   0
2021-07-20T15:41:30.597788200Z   4,496
2021-07-20T15:41:30.597790200Z   0
2021-07-20T15:41:30.597792200Z   123
2021-07-20T15:41:30.597794100Z   0
2021-07-20T15:41:30.597796000Z   509
2021-07-20T15:41:30.597797800Z   0
2021-07-20T15:41:30.597799700Z   71
2021-07-20T15:41:30.597801800Z   0
2021-07-20T15:41:30.597803800Z   3,793
2021-07-20T15:41:30.597805800Z   0
2021-07-20T15:41:30.597807800Z   4,496
2021-07-20T15:41:30.597809700Z   0
2021-07-20T15:41:30.597811600Z   123
2021-07-20T15:41:30.597813400Z   0
2021-07-20T15:41:30.597815300Z   509
2021-07-20T15:41:30.597819700Z   0
2021-07-20T15:41:30.597821700Z   71
2021-07-20T15:41:30.597823800Z   0
2021-07-20T15:41:30.597825700Z   3,793
2021-07-20T15:41:30.597827600Z   0
2021-07-20T15:41:30.597829500Z   4,496
2021-07-20T15:41:30.597831300Z   1,106
2021-07-20T15:41:30.597833200Z   123
2021-07-20T15:41:30.597835300Z   30
2021-07-20T15:41:30.617342400Z   509
2021-07-20T15:41:30.617360400Z   116
2021-07-20T15:41:30.617363400Z   71
2021-07-20T15:41:30.617365600Z   23
2021-07-20T15:41:30.617367900Z   3,793
2021-07-20T15:41:30.617370300Z   937
2021-07-20T15:41:30.617372400Z   4,496
2021-07-20T15:41:30.617374600Z   2,123
2021-07-20T15:41:30.617378100Z   123
2021-07-20T15:41:30.617380200Z   60
2021-07-20T15:41:30.617382200Z   509
2021-07-20T15:41:30.617384300Z   249
2021-07-20T15:41:30.617386300Z   71
2021-07-20T15:41:30.617388600Z   30
2021-07-20T15:41:30.617390800Z   3,793
2021-07-20T15:41:30.617393000Z   1,784
2021-07-20T15:41:30.617395200Z   4,496
2021-07-20T15:41:30.617397300Z   1,267
2021-07-20T15:41:30.617399300Z   123
2021-07-20T15:41:30.617401400Z   33
2021-07-20T15:41:30.617403400Z   509
2021-07-20T15:41:30.617405700Z   144
2021-07-20T15:41:30.617407900Z   71
2021-07-20T15:41:30.617410000Z   18
2021-07-20T15:41:30.617412200Z   3,793
2021-07-20T15:41:30.617414300Z   1,072
2021-07-20T15:41:30.617416300Z   4,496
2021-07-20T15:41:30.617418400Z   2,266
2021-07-20T15:41:30.617420500Z   123
2021-07-20T15:41:30.617422700Z   74
2021-07-20T15:41:30.617424900Z   509
2021-07-20T15:41:30.617427100Z   242
2021-07-20T15:41:30.617429300Z   71
2021-07-20T15:41:30.617431300Z   37
2021-07-20T15:41:30.617433400Z   3,793
2021-07-20T15:41:30.617435400Z   1,913
2021-07-20T15:41:30.617437500Z   4,496
2021-07-20T15:41:30.617439700Z   2,230
2021-07-20T15:41:30.617441900Z   123
2021-07-20T15:41:30.617444100Z   49
2021-07-20T15:41:30.617446300Z   509
2021-07-20T15:41:30.617448400Z   267
2021-07-20T15:41:30.617450400Z   71
2021-07-20T15:41:30.617452500Z   34
2021-07-20T15:41:30.617454500Z   3,793
2021-07-20T15:41:30.617456800Z   1,880
2021-07-20T15:41:30.617473500Z   4,496
2021-07-20T15:41:30.617475900Z   391
2021-07-20T15:41:30.617478000Z   123
2021-07-20T15:41:30.617480100Z   6
2021-07-20T15:41:30.617482200Z   509
2021-07-20T15:41:30.617484300Z   40
2021-07-20T15:41:30.617486400Z   71
2021-07-20T15:41:30.617488600Z   4
2021-07-20T15:41:30.617490800Z   3,793
2021-07-20T15:41:30.617493000Z   341
2021-07-20T15:41:30.617495200Z   4,496
2021-07-20T15:41:30.617497300Z   1,045
2021-07-20T15:41:30.617499300Z   123
2021-07-20T15:41:30.617501400Z   33
2021-07-20T15:41:30.617503400Z   509
2021-07-20T15:41:30.617505700Z   104
2021-07-20T15:41:30.617507900Z   71
2021-07-20T15:41:30.617510000Z   16
2021-07-20T15:41:30.617512200Z   3,793
2021-07-20T15:41:30.617514300Z   892
2021-07-20T15:41:30.617516300Z   4,496
2021-07-20T15:41:30.617518400Z   862
2021-07-20T15:41:30.617520400Z   123
2021-07-20T15:41:30.617522800Z   23
2021-07-20T15:41:30.617525000Z   509
2021-07-20T15:41:30.617527200Z   102
2021-07-20T15:41:30.617529400Z   71
2021-07-20T15:41:30.617531400Z   15
2021-07-20T15:41:30.617533400Z   3,793
2021-07-20T15:41:30.617535500Z   722
2021-07-20T15:41:30.617537600Z   4,496
2021-07-20T15:41:30.617539900Z   620
2021-07-20T15:41:30.617542100Z   123
2021-07-20T15:41:30.617544300Z   23
2021-07-20T15:41:30.617546500Z   509
2021-07-20T15:41:30.617548600Z   64
2021-07-20T15:41:30.636908200Z   71
2021-07-20T15:41:30.636938600Z   8
2021-07-20T15:41:30.636943600Z   3,793
2021-07-20T15:41:30.636947500Z   525
2021-07-20T15:41:30.636951100Z   4,496
2021-07-20T15:41:30.636954900Z   408
2021-07-20T15:41:30.636958700Z   123
2021-07-20T15:41:30.636960900Z   12
2021-07-20T15:41:30.636963000Z   509
2021-07-20T15:41:30.636965200Z   56
2021-07-20T15:41:30.636967300Z   71
2021-07-20T15:41:30.636969500Z   9
2021-07-20T15:41:30.636971600Z   3,793
2021-07-20T15:41:30.636973600Z   331
2021-07-20T15:41:30.636975900Z   4,496
2021-07-20T15:41:30.636978000Z   261
2021-07-20T15:41:30.636980200Z   123
2021-07-20T15:41:30.636982300Z   4
2021-07-20T15:41:30.636984400Z   509
2021-07-20T15:41:30.636986400Z   36
2021-07-20T15:41:30.636999300Z   71
2021-07-20T15:41:30.637001700Z   6
2021-07-20T15:41:30.637004000Z   3,793
2021-07-20T15:41:30.637006200Z   215
2021-07-20T15:41:30.637008400Z   4,496
2021-07-20T15:41:30.637010600Z   909
2021-07-20T15:41:30.637013000Z   123
2021-07-20T15:41:30.637015000Z   22
2021-07-20T15:41:30.637017100Z   509
2021-07-20T15:41:30.637019200Z   107
2021-07-20T15:41:30.637021400Z   71
2021-07-20T15:41:30.637023600Z   13
2021-07-20T15:41:30.637025800Z   3,793
2021-07-20T15:41:30.637028100Z   767
2021-07-20T15:41:30.637030100Z   4,496
2021-07-20T15:41:30.637032200Z   188
2021-07-20T15:41:30.637034900Z   123
2021-07-20T15:41:30.637037200Z   7
2021-07-20T15:41:30.637039500Z   509
2021-07-20T15:41:30.637041700Z   30
2021-07-20T15:41:30.637043900Z   71
2021-07-20T15:41:30.637046100Z   3
2021-07-20T15:41:30.637048200Z   3,793
2021-07-20T15:41:30.637050200Z   148
2021-07-20T15:41:30.637052300Z   4,496
2021-07-20T15:41:30.637054400Z   86
2021-07-20T15:41:30.637056700Z   123
2021-07-20T15:41:30.637058900Z   4
2021-07-20T15:41:30.637061100Z   509
2021-07-20T15:41:30.637063300Z   15
2021-07-20T15:41:30.637065400Z   71
2021-07-20T15:41:30.637067500Z   1
2021-07-20T15:41:30.637069500Z   3,793
2021-07-20T15:41:30.637071600Z   66
2021-07-20T15:41:30.637074000Z   4,496
2021-07-20T15:41:30.637076200Z   546
2021-07-20T15:41:30.637078400Z   123
2021-07-20T15:41:30.637080600Z   15
2021-07-20T15:41:30.637082700Z   509
2021-07-20T15:41:30.637084800Z   52
2021-07-20T15:41:30.637086800Z   71
2021-07-20T15:41:30.637088900Z   7
2021-07-20T15:41:30.637091200Z   3,793
2021-07-20T15:41:30.637093400Z   472
2021-07-20T15:41:30.637095600Z   4,496
2021-07-20T15:41:30.637097800Z   3,676
2021-07-20T15:41:30.637099900Z   123
2021-07-20T15:41:30.637101900Z   97
2021-07-20T15:41:30.637104000Z   509
2021-07-20T15:41:30.637106100Z   412
2021-07-20T15:41:30.637108300Z   71
2021-07-20T15:41:30.637110600Z   60
2021-07-20T15:41:30.637112800Z   3,793
2021-07-20T15:41:30.637115000Z   3,107
2021-07-20T15:41:30.637117100Z   4,496
2021-07-20T15:41:30.637121800Z   3,581
2021-07-20T15:41:30.637124000Z   123
2021-07-20T15:41:30.637126000Z   107
2021-07-20T15:41:30.637128400Z   509
2021-07-20T15:41:30.637130700Z   397
2021-07-20T15:41:30.637132900Z   71
2021-07-20T15:41:30.637135100Z   52
2021-07-20T15:41:30.637137200Z   3,793
2021-07-20T15:41:30.637139300Z   3,025
2021-07-20T15:41:30.653978600Z   4,496
2021-07-20T15:41:30.654000800Z   0
2021-07-20T15:41:30.654005600Z   123
2021-07-20T15:41:30.654009400Z   0
2021-07-20T15:41:30.654012700Z   509
2021-07-20T15:41:30.654015500Z   0
2021-07-20T15:41:30.654017600Z   71
2021-07-20T15:41:30.654019500Z   0
2021-07-20T15:41:30.654021400Z   3,793
2021-07-20T15:41:30.654023300Z   0
2021-07-20T15:41:30.654025100Z   4,496
2021-07-20T15:41:30.654026900Z   471
2021-07-20T15:41:30.654028700Z   123
2021-07-20T15:41:30.654030600Z   6
2021-07-20T15:41:30.654032600Z   509
2021-07-20T15:41:30.654034500Z   52
2021-07-20T15:41:30.654037000Z   71
2021-07-20T15:41:30.654039000Z   9
2021-07-20T15:41:30.654040800Z   3,793
2021-07-20T15:41:30.654042700Z   404
2021-07-20T15:41:30.654044400Z   4,496
2021-07-20T15:41:30.654046300Z   0
2021-07-20T15:41:30.654048300Z   123
2021-07-20T15:41:30.654050300Z   0
2021-07-20T15:41:30.654052200Z   509
2021-07-20T15:41:30.654054000Z   0
2021-07-20T15:41:30.654055800Z   71
2021-07-20T15:41:30.654057600Z   0
2021-07-20T15:41:30.654059400Z   3,793
2021-07-20T15:41:30.654061300Z   0
2021-07-20T15:41:30.654063300Z   4,496
2021-07-20T15:41:30.654065200Z   444
2021-07-20T15:41:30.654067100Z   123
2021-07-20T15:41:30.654069100Z   10
2021-07-20T15:41:30.654070900Z   509
2021-07-20T15:41:30.654072600Z   60
2021-07-20T15:41:30.654074500Z   71
2021-07-20T15:41:30.654076300Z   10
2021-07-20T15:41:30.654078200Z   3,793
2021-07-20T15:41:30.654080200Z   364
2021-07-20T15:41:30.654082100Z   4,496
2021-07-20T15:41:30.654084100Z   0
2021-07-20T15:41:30.654085900Z   123
2021-07-20T15:41:30.654087700Z   0
2021-07-20T15:41:30.654089500Z   509
2021-07-20T15:41:30.654091300Z   0
2021-07-20T15:41:30.654093300Z   71
2021-07-20T15:41:30.654106300Z   0
2021-07-20T15:41:30.654108500Z   3,793
2021-07-20T15:41:30.654110400Z   0
2021-07-20T15:41:30.654112300Z   4,496
2021-07-20T15:41:30.654114100Z   3,146
2021-07-20T15:41:30.654115900Z   123
2021-07-20T15:41:30.654117700Z   95
2021-07-20T15:41:30.654119700Z   509
2021-07-20T15:41:30.654121700Z   348
2021-07-20T15:41:30.654123600Z   71
2021-07-20T15:41:30.654125600Z   46
2021-07-20T15:41:30.654127400Z   3,793
2021-07-20T15:41:30.654129200Z   2,657
2021-07-20T15:41:30.654131100Z   4,496
2021-07-20T15:41:30.654132900Z   0
2021-07-20T15:41:30.654134900Z   123
2021-07-20T15:41:30.654136900Z   0
2021-07-20T15:41:30.654138800Z   509
2021-07-20T15:41:30.654140800Z   0
2021-07-20T15:41:30.654142600Z   71
2021-07-20T15:41:30.654144400Z   0
2021-07-20T15:41:30.654146200Z   3,793
2021-07-20T15:41:30.654148000Z   0
2021-07-20T15:41:30.654150000Z   4,496
2021-07-20T15:41:30.654152100Z   0
2021-07-20T15:41:30.654154000Z   123
2021-07-20T15:41:30.654156000Z   0
2021-07-20T15:41:30.654157800Z   509
2021-07-20T15:41:30.654161000Z   0
2021-07-20T15:41:30.654162800Z   71
2021-07-20T15:41:30.654164600Z   0
2021-07-20T15:41:30.654166600Z   3,793
2021-07-20T15:41:30.654168600Z   0
2021-07-20T15:41:30.654182400Z   4,496
2021-07-20T15:41:30.654184400Z   910
2021-07-20T15:41:30.654186200Z   123
2021-07-20T15:41:30.654188100Z   21
2021-07-20T15:41:30.654189900Z   509
2021-07-20T15:41:30.654191900Z   108
2021-07-20T15:41:30.654194000Z   71
2021-07-20T15:41:30.654196000Z   16
2021-07-20T15:41:30.654198000Z   3,793
2021-07-20T15:41:30.654200000Z   765
2021-07-20T15:41:30.669328700Z   4,496
2021-07-20T15:41:30.669353000Z   440
2021-07-20T15:41:30.669355800Z   123
2021-07-20T15:41:30.669357700Z   7
2021-07-20T15:41:30.669359700Z   509
2021-07-20T15:41:30.669361600Z   53
2021-07-20T15:41:30.669363500Z   71
2021-07-20T15:41:30.669365400Z   9
2021-07-20T15:41:30.669367300Z   3,793
2021-07-20T15:41:30.669369200Z   371
2021-07-20T15:41:30.669371000Z   4,496
2021-07-20T15:41:30.669372900Z   35
2021-07-20T15:41:30.669374800Z   123
2021-07-20T15:41:30.669385900Z   30
2021-07-20T15:41:30.669387900Z   509
2021-07-20T15:41:30.669389800Z   2
2021-07-20T15:41:30.669391800Z   71
2021-07-20T15:41:30.669393700Z   1
2021-07-20T15:41:30.669395600Z   3,793
2021-07-20T15:41:30.669397500Z   2
2021-07-20T15:41:30.669399300Z   4,496
2021-07-20T15:41:30.669401100Z   39
2021-07-20T15:41:30.669402900Z   123
2021-07-20T15:41:30.669404700Z   21
2021-07-20T15:41:30.669406700Z   509
2021-07-20T15:41:30.669408600Z   12
2021-07-20T15:41:30.669411100Z   71
2021-07-20T15:41:30.669413100Z   5
2021-07-20T15:41:30.669414900Z   3,793
2021-07-20T15:41:30.669416700Z   1
2021-07-20T15:41:30.669418600Z   4,496
2021-07-20T15:41:30.669420400Z   4,422
2021-07-20T15:41:30.669422400Z   123
2021-07-20T15:41:30.669424300Z   72
2021-07-20T15:41:30.669426200Z   509
2021-07-20T15:41:30.669428200Z   495
2021-07-20T15:41:30.669430000Z   71
2021-07-20T15:41:30.669431800Z   65
2021-07-20T15:41:30.669433600Z   3,793
2021-07-20T15:41:30.669435500Z   3,790
2021-07-20T15:41:30.669437400Z   4,496
2021-07-20T15:41:30.669439400Z   0
2021-07-20T15:41:30.669441400Z   123
2021-07-20T15:41:30.669443300Z   0
2021-07-20T15:41:30.669445100Z   509
2021-07-20T15:41:30.669447000Z   0
2021-07-20T15:41:30.669448800Z   71
2021-07-20T15:41:30.669450600Z   0
2021-07-20T15:41:30.669452600Z   3,793
2021-07-20T15:41:30.669454500Z   0
2021-07-20T15:41:30.669456500Z   4,496
2021-07-20T15:41:30.669458400Z   0
2021-07-20T15:41:30.669460200Z   123
2021-07-20T15:41:30.669462000Z   0
2021-07-20T15:41:30.669463900Z   509
2021-07-20T15:41:30.669465700Z   0
2021-07-20T15:41:30.669467700Z   71
2021-07-20T15:41:30.669469700Z   0
2021-07-20T15:41:30.669471700Z   3,793
2021-07-20T15:41:30.669473700Z   0
2021-07-20T15:41:30.669475500Z   4,496
2021-07-20T15:41:30.669477300Z   6
2021-07-20T15:41:30.669479100Z   123
2021-07-20T15:41:30.669481000Z   0
2021-07-20T15:41:30.669482900Z   509
2021-07-20T15:41:30.669484900Z   0
2021-07-20T15:41:30.669486800Z   71
2021-07-20T15:41:30.669488800Z   0
2021-07-20T15:41:30.669492700Z   3,793
2021-07-20T15:41:30.669494600Z   6
2021-07-20T15:41:30.669496400Z   4,496
2021-07-20T15:41:30.669498300Z   4,055
2021-07-20T15:41:30.669500200Z   123
2021-07-20T15:41:30.669502200Z   103
2021-07-20T15:41:30.669504100Z   509
2021-07-20T15:41:30.669506100Z   459
2021-07-20T15:41:30.669507900Z   71
2021-07-20T15:41:30.669509800Z   63
2021-07-20T15:41:30.669511600Z   3,793
2021-07-20T15:41:30.669513500Z   3,430
2021-07-20T15:41:30.669515500Z   4,496
2021-07-20T15:41:30.669517600Z   435
2021-07-20T15:41:30.669519600Z   123
2021-07-20T15:41:30.669521600Z   20
2021-07-20T15:41:30.669523400Z   509
2021-07-20T15:41:30.669525400Z   50
2021-07-20T15:41:30.669527200Z   71
2021-07-20T15:41:30.669529100Z   8
2021-07-20T15:41:30.687473200Z   3,793
2021-07-20T15:41:30.687490100Z   357
2021-07-20T15:41:30.687492900Z   4,496
2021-07-20T15:41:30.687494900Z   4,137
2021-07-20T15:41:30.687496800Z   123
2021-07-20T15:41:30.687498600Z   103
2021-07-20T15:41:30.687500600Z   509
2021-07-20T15:41:30.687502500Z   470
2021-07-20T15:41:30.687504400Z   71
2021-07-20T15:41:30.687506200Z   64
2021-07-20T15:41:30.687508000Z   3,793
2021-07-20T15:41:30.687510000Z   3,500
2021-07-20T15:41:30.687511800Z   4,496
2021-07-20T15:41:30.687513600Z   901
2021-07-20T15:41:30.687515600Z   123
2021-07-20T15:41:30.687517600Z   30
2021-07-20T15:41:30.687519500Z   509
2021-07-20T15:41:30.687521400Z   110
2021-07-20T15:41:30.687523200Z   71
2021-07-20T15:41:30.687525000Z   18
2021-07-20T15:41:30.687526900Z   3,793
2021-07-20T15:41:30.687528700Z   743
2021-07-20T15:41:30.687530700Z   4,496
2021-07-20T15:41:30.687548000Z   373
2021-07-20T15:41:30.687551400Z   123
2021-07-20T15:41:30.687553500Z   10
2021-07-20T15:41:30.687555400Z   509
2021-07-20T15:41:30.687557200Z   37
2021-07-20T15:41:30.687559000Z   71
2021-07-20T15:41:30.687561000Z   8
2021-07-20T15:41:30.687563100Z   3,793
2021-07-20T15:41:30.687566600Z   318
2021-07-20T15:41:30.687568800Z   4,496
2021-07-20T15:41:30.687570800Z   907
2021-07-20T15:41:30.687572600Z   123
2021-07-20T15:41:30.687574600Z   22
2021-07-20T15:41:30.687587300Z   509
2021-07-20T15:41:30.687589400Z   111
2021-07-20T15:41:30.687591400Z   71
2021-07-20T15:41:30.687593400Z   15
2021-07-20T15:41:30.687595300Z   3,793
2021-07-20T15:41:30.687597300Z   759
2021-07-20T15:41:30.687599100Z   4,496
2021-07-20T15:41:30.687601000Z   3,454
2021-07-20T15:41:30.687602800Z   123
2021-07-20T15:41:30.687604700Z   93
2021-07-20T15:41:30.687606600Z   509
2021-07-20T15:41:30.687608600Z   397
2021-07-20T15:41:30.687610500Z   71
2021-07-20T15:41:30.687612500Z   54
2021-07-20T15:41:30.687614300Z   3,793
2021-07-20T15:41:30.687616100Z   2,910
2021-07-20T15:41:30.687618100Z   4,496
2021-07-20T15:41:30.687620000Z   103
2021-07-20T15:41:30.687622000Z   123
2021-07-20T15:41:30.687624000Z   5
2021-07-20T15:41:30.687626000Z   509
2021-07-20T15:41:30.687628000Z   9
2021-07-20T15:41:30.687629800Z   71
2021-07-20T15:41:30.687631600Z   4
2021-07-20T15:41:30.687633500Z   3,793
2021-07-20T15:41:30.687635300Z   85
2021-07-20T15:41:30.687637300Z   4,496
2021-07-20T15:41:30.687639300Z   29
2021-07-20T15:41:30.687641200Z   123
2021-07-20T15:41:30.687643200Z   1
2021-07-20T15:41:30.687645000Z   509
2021-07-20T15:41:30.687646900Z   2
2021-07-20T15:41:30.687648700Z   71
2021-07-20T15:41:30.687650500Z   0
2021-07-20T15:41:30.687652500Z   3,793
2021-07-20T15:41:30.687654500Z   26
2021-07-20T15:41:30.687656500Z   4,496
2021-07-20T15:41:30.687658400Z   757
2021-07-20T15:41:30.687660200Z   123
2021-07-20T15:41:30.687662100Z   20
2021-07-20T15:41:30.687663900Z   509
2021-07-20T15:41:30.687665800Z   85
2021-07-20T15:41:30.687667700Z   71
2021-07-20T15:41:30.687669700Z   12
2021-07-20T15:41:30.687671700Z   3,793
2021-07-20T15:41:30.687673700Z   640
2021-07-20T15:41:30.687675500Z   4,496
2021-07-20T15:41:30.687677400Z   149
2021-07-20T15:41:30.687679200Z   123
2021-07-20T15:41:30.703640900Z   4
2021-07-20T15:41:30.703661600Z   509
2021-07-20T15:41:30.703665500Z   16
2021-07-20T15:41:30.703668700Z   71
2021-07-20T15:41:30.703671800Z   1
2021-07-20T15:41:30.703674800Z   3,793
2021-07-20T15:41:30.703688700Z   128
2021-07-20T15:41:30.703692100Z   4,496
2021-07-20T15:41:30.703695300Z   4
2021-07-20T15:41:30.703698400Z   123
2021-07-20T15:41:30.703701500Z   0
2021-07-20T15:41:30.703704500Z   509
2021-07-20T15:41:30.703707500Z   0
2021-07-20T15:41:30.703710500Z   71
2021-07-20T15:41:30.703713700Z   0
2021-07-20T15:41:30.703716800Z   3,793
2021-07-20T15:41:30.703720000Z   4
2021-07-20T15:41:30.703723800Z   4,496
2021-07-20T15:41:30.703726800Z   16
2021-07-20T15:41:30.703729900Z   123
2021-07-20T15:41:30.703732900Z   1
2021-07-20T15:41:30.703735900Z   509
2021-07-20T15:41:30.703739000Z   2
2021-07-20T15:41:30.703742300Z   71
2021-07-20T15:41:30.703746600Z   0
2021-07-20T15:41:30.703749800Z   3,793
2021-07-20T15:41:30.703752900Z   13
2021-07-20T15:41:30.703755900Z   4,496
2021-07-20T15:41:30.703758900Z   62
2021-07-20T15:41:30.703762000Z   123
2021-07-20T15:41:30.703765300Z   2
2021-07-20T15:41:30.703768600Z   509
2021-07-20T15:41:30.703771800Z   3
2021-07-20T15:41:30.703774900Z   71
2021-07-20T15:41:30.703778000Z   0
2021-07-20T15:41:30.703781000Z   3,793
2021-07-20T15:41:30.703784100Z   57
2021-07-20T15:41:30.703787100Z   4,496
2021-07-20T15:41:30.703790400Z   776
2021-07-20T15:41:30.703793600Z   123
2021-07-20T15:41:30.703796800Z   20
2021-07-20T15:41:30.703800000Z   509
2021-07-20T15:41:30.703803100Z   86
2021-07-20T15:41:30.703806200Z   71
2021-07-20T15:41:30.703809300Z   13
2021-07-20T15:41:30.703812400Z   3,793
2021-07-20T15:41:30.703815700Z   657
2021-07-20T15:41:30.703818900Z   4,496
2021-07-20T15:41:30.703822100Z   20
2021-07-20T15:41:30.703825300Z   123
2021-07-20T15:41:30.703828400Z   0
2021-07-20T15:41:30.703831500Z   509
2021-07-20T15:41:30.703834500Z   2
2021-07-20T15:41:30.703837600Z   71
2021-07-20T15:41:30.703840900Z   0
2021-07-20T15:41:30.703844100Z   3,793
2021-07-20T15:41:30.703847400Z   18
2021-07-20T15:41:30.703850500Z   4,496
2021-07-20T15:41:30.703853700Z   59
2021-07-20T15:41:30.703856700Z   123
2021-07-20T15:41:30.703859800Z   2
2021-07-20T15:41:30.703862900Z   509
2021-07-20T15:41:30.703874100Z   7
2021-07-20T15:41:30.703877500Z   71
2021-07-20T15:41:30.703883100Z   2
2021-07-20T15:41:30.703886400Z   3,793
2021-07-20T15:41:30.703889600Z   48
2021-07-20T15:41:30.703892700Z   4,496
2021-07-20T15:41:30.703895500Z   790
2021-07-20T15:41:30.703898500Z   123
2021-07-20T15:41:30.703901800Z   24
2021-07-20T15:41:30.703904600Z   509
2021-07-20T15:41:30.703907600Z   79
2021-07-20T15:41:30.703910500Z   71
2021-07-20T15:41:30.703913700Z   12
2021-07-20T15:41:30.703916800Z   3,793
2021-07-20T15:41:30.703919900Z   675
2021-07-20T15:41:30.703923200Z   4,496
2021-07-20T15:41:30.703926600Z   154
2021-07-20T15:41:30.703930000Z   123
2021-07-20T15:41:30.703933200Z   3
2021-07-20T15:41:30.703936300Z   509
2021-07-20T15:41:30.703939400Z   16
2021-07-20T15:41:30.703942500Z   71
2021-07-20T15:41:30.703945600Z   2
2021-07-20T15:41:30.703948700Z   3,793
2021-07-20T15:41:30.703952000Z   133
2021-07-20T15:41:30.703955300Z   4,496
2021-07-20T15:41:30.703958500Z   0
2021-07-20T15:41:30.703961700Z   123
2021-07-20T15:41:30.703964600Z   0
2021-07-20T15:41:30.718987600Z   509
2021-07-20T15:41:30.719003400Z   0
2021-07-20T15:41:30.719006300Z   71
2021-07-20T15:41:30.719008400Z   0
2021-07-20T15:41:30.719010300Z   3,793
2021-07-20T15:41:30.719012200Z   0
2021-07-20T15:41:30.719014200Z   4,496
2021-07-20T15:41:30.719016100Z   1,644
2021-07-20T15:41:30.719017900Z   123
2021-07-20T15:41:30.719019800Z   36
2021-07-20T15:41:30.719021600Z   509
2021-07-20T15:41:30.719023400Z   190
2021-07-20T15:41:30.719025300Z   71
2021-07-20T15:41:30.719027100Z   31
2021-07-20T15:41:30.719029100Z   3,793
2021-07-20T15:41:30.719031000Z   1,387
2021-07-20T15:41:30.719033000Z   4,496
2021-07-20T15:41:30.719034900Z   854
2021-07-20T15:41:30.719036800Z   123
2021-07-20T15:41:30.719038600Z   23
2021-07-20T15:41:30.719040400Z   509
2021-07-20T15:41:30.719042200Z   112
2021-07-20T15:41:30.719044200Z   71
2021-07-20T15:41:30.719046100Z   11
2021-07-20T15:41:30.719048100Z   3,793
2021-07-20T15:41:30.719050000Z   708
2021-07-20T15:41:30.719051900Z   4,496
2021-07-20T15:41:30.719060700Z   888
2021-07-20T15:41:30.719062800Z   123
2021-07-20T15:41:30.719066200Z   27
2021-07-20T15:41:30.719068300Z   509
2021-07-20T15:41:30.719070300Z   118
2021-07-20T15:41:30.719072300Z   71
2021-07-20T15:41:30.719074200Z   19
2021-07-20T15:41:30.719076100Z   3,793
2021-07-20T15:41:30.719077900Z   724
2021-07-20T15:41:30.719079800Z   4,496
2021-07-20T15:41:30.719081600Z   1,003
2021-07-20T15:41:30.719083700Z   123
2021-07-20T15:41:30.719085700Z   22
2021-07-20T15:41:30.719087600Z   509
2021-07-20T15:41:30.719089600Z   110
2021-07-20T15:41:30.719091400Z   71
2021-07-20T15:41:30.719093300Z   14
2021-07-20T15:41:30.719095100Z   3,793
2021-07-20T15:41:30.719096900Z   857
2021-07-20T15:41:30.719098900Z   4,496
2021-07-20T15:41:30.719100900Z   897
2021-07-20T15:41:30.719102900Z   123
2021-07-20T15:41:30.719104900Z   31
2021-07-20T15:41:30.719106700Z   509
2021-07-20T15:41:30.719108600Z   90
2021-07-20T15:41:30.719110400Z   71
2021-07-20T15:41:30.719112200Z   9
2021-07-20T15:41:30.719114200Z   3,793
2021-07-20T15:41:30.719116200Z   767
2021-07-20T15:41:30.719118200Z   4,496
2021-07-20T15:41:30.719120200Z   911
2021-07-20T15:41:30.719122100Z   123
2021-07-20T15:41:30.719123900Z   24
2021-07-20T15:41:30.719125800Z   509
2021-07-20T15:41:30.719127600Z   103
2021-07-20T15:41:30.719129600Z   71
2021-07-20T15:41:30.719131600Z   14
2021-07-20T15:41:30.719133600Z   3,793
2021-07-20T15:41:30.719135600Z   770
2021-07-20T15:41:30.719137400Z   4,496
2021-07-20T15:41:30.719139200Z   879
2021-07-20T15:41:30.719141000Z   123
2021-07-20T15:41:30.719142900Z   20
2021-07-20T15:41:30.719144900Z   509
2021-07-20T15:41:30.719146900Z   89
2021-07-20T15:41:30.719148900Z   71
2021-07-20T15:41:30.719150800Z   14
2021-07-20T15:41:30.719152600Z   3,793
2021-07-20T15:41:30.719154500Z   756
2021-07-20T15:41:30.719156300Z   4,496
2021-07-20T15:41:30.719158100Z   1,302
2021-07-20T15:41:30.719160200Z   123
2021-07-20T15:41:30.719162200Z   39
2021-07-20T15:41:30.719164200Z   509
2021-07-20T15:41:30.719166200Z   151
2021-07-20T15:41:30.719170400Z   71
2021-07-20T15:41:30.719172300Z   18
2021-07-20T15:41:30.722692700Z   3,793
2021-07-20T15:41:30.722708800Z   1,094
2021-07-20T15:41:30.722713500Z   4,496
2021-07-20T15:41:30.722717000Z   3,874
2021-07-20T15:41:30.722721000Z   123
2021-07-20T15:41:30.722724100Z   109
2021-07-20T15:41:30.722727400Z   509
2021-07-20T15:41:30.722730500Z   435
2021-07-20T15:41:30.722733600Z   71
2021-07-20T15:41:30.722736700Z   57
2021-07-20T15:41:30.722739600Z   3,793
2021-07-20T15:41:30.722742600Z   3,273
2021-07-20T15:41:30.722745600Z   4,496
2021-07-20T15:41:30.722748700Z   4,368
2021-07-20T15:41:30.722752300Z   123
2021-07-20T15:41:30.722754400Z   117
2021-07-20T15:41:30.722756200Z   509
2021-07-20T15:41:30.722758100Z   499
2021-07-20T15:41:30.722759900Z   71
2021-07-20T15:41:30.722762500Z   69
2021-07-20T15:41:30.722765300Z   3,793
2021-07-20T15:41:30.722768200Z   3,683
2021-07-20T15:41:30.722771600Z 
2021-07-20T15:41:30.722774700Z . 
2021-07-20T15:41:30.722777800Z . log close
2021-07-20T15:41:30.722781100Z       name:  <unnamed>
2021-07-20T15:41:30.722784900Z        log:  /workspace/log/03b_an_descriptive_table_1W2.log
2021-07-20T15:41:30.722788000Z   log type:  text
2021-07-20T15:41:30.722791100Z  closed on:  20 Jul 2021, 15:41:30
2021-07-20T15:41:30.722794400Z -------------------------------------------------------------------------------
2021-07-20T15:41:30.722797300Z 
2021-07-20T15:41:30.722799500Z . 
2021-07-20T15:41:30.722801400Z end of do-file
2021-07-20T15:41:30.722803400Z 
2021-07-20T15:41:30.722805200Z . . file open output using "/tmp/tmp.tgN2dmMK7f", write text replace
2021-07-20T15:41:30.722808700Z 
2021-07-20T15:41:30.722810700Z . . file write output "success" 
2021-07-20T15:41:30.722812600Z 
2021-07-20T15:41:30.722814600Z . . file close output
2021-07-20T15:41:30.722816600Z 
2021-07-20T15:41:30.722818500Z . 
2021-07-20T15:41:30.722820400Z end of do-file
2021-07-20T15:41:30.722822200Z 
2021-07-20T15:41:30.722824000Z 
2021-07-20T15:41:30.743188700Z . 

state: succeeded
commit: none
docker_image_id: sha256:11980aa720220a1b39bf523f5a8a33270214c13876c30ee364e16265766f7f60
exit_code: 0
job_id: z3o7lrg43vn2fidx
run_by_user: qc18278
created_at: 2021-07-20T15:38:48Z
started_at: 2021-07-20T15:41:29Z
completed_at: 2021-07-20T15:41:54Z

Completed successfully

outputs:
  log/03b_an_descriptive_table_1W2.log                        - moderately_sensitive
  output/03b_an_descriptive_table_1_kids_cat4_ageband0W2.txt  - moderately_sensitive
  output/03b_an_descriptive_table_1_kids_cat4_ageband1W2.txt  - moderately_sensitive