2021-07-14T12:06:59.735475200Z 
2021-07-14T12:06:59.735504800Z   ___  ____  ____  ____  ____ (R)
2021-07-14T12:06:59.735511500Z  /__    /   ____/   /   ____/
2021-07-14T12:06:59.735516000Z ___/   /   /___/   /   /___/   16.1   Copyright 1985-2019 StataCorp LLC
2021-07-14T12:06:59.735520600Z   Statistics/Data Analysis            StataCorp
2021-07-14T12:06:59.735524800Z                                       4905 Lakeway Drive
2021-07-14T12:06:59.735528900Z                                       College Station, Texas 77845 USA
2021-07-14T12:06:59.735533500Z                                       800-STATA-PC        http://www.stata.com
2021-07-14T12:06:59.735538500Z                                       979-696-4600        stata@stata.com
2021-07-14T12:06:59.735543400Z                                       979-696-4601 (fax)
2021-07-14T12:06:59.735548800Z 
2021-07-14T12:06:59.735554100Z 3-user Stata network license expires 11 May 2022:
2021-07-14T12:06:59.735557300Z        Serial number:  501709312237
2021-07-14T12:06:59.735560300Z          Licensed to:  The Bennett Institute
2021-07-14T12:06:59.735563300Z                        Oxford University
2021-07-14T12:06:59.737411000Z 
2021-07-14T12:06:59.737431900Z Notes:
2021-07-14T12:06:59.737438600Z       1.  Unicode is supported; see help unicode_advice.
2021-07-14T12:06:59.737443400Z 
2021-07-14T12:06:59.737447700Z . do "analysis/04b_an_descriptive_table_2.wrapper.do" MAIN 
2021-07-14T12:06:59.737452900Z 
2021-07-14T12:06:59.737457000Z . . do "analysis/04b_an_descriptive_table_2.do" "MAIN"
2021-07-14T12:06:59.737825800Z 
2021-07-14T12:06:59.737842400Z . *************************************************************************
2021-07-14T12:06:59.737848700Z . 
2021-07-14T12:06:59.737853400Z . *Exposure children and COVID risk
2021-07-14T12:06:59.737858400Z . 
2021-07-14T12:06:59.737863000Z . *DO file name:  04b_an_descriptive_table_2
2021-07-14T12:06:59.737868200Z . 
2021-07-14T12:06:59.737873000Z . *Purpose: Create content that is ready to paste into a pre-formatted Word
2021-07-14T12:06:59.737878300Z . * shell "Table 2" (main cohort descriptives by outcome status).
2021-07-14T12:06:59.737884000Z . *
2021-07-14T12:06:59.737888800Z . *Requires: final analysis dataset (analysis_dataset.dta)
2021-07-14T12:06:59.737893900Z . *
2021-07-14T12:06:59.737898500Z . *Coding: HFORBES, based on Krishnan Bhaskaran
2021-07-14T12:06:59.737903400Z . *
2021-07-14T12:06:59.737908300Z . *Date drafted: 30th June 2020
2021-07-14T12:06:59.737913300Z . *************************************************************************
2021-07-14T12:06:59.737918500Z . 
2021-07-14T12:06:59.737923200Z . 
2021-07-14T12:06:59.737942600Z . * Set globals that will print in programs and direct output
2021-07-14T12:06:59.737948400Z . global outdir     "output"
2021-07-14T12:06:59.737953200Z 
2021-07-14T12:06:59.737957600Z . global logdir     "log"
2021-07-14T12:06:59.737962900Z 
2021-07-14T12:06:59.737967700Z . global tempdir    "tempdata"
2021-07-14T12:06:59.737972600Z 
2021-07-14T12:06:59.737977300Z . 
2021-07-14T12:06:59.737981600Z . 
2021-07-14T12:06:59.737986200Z . local dataset `1'
2021-07-14T12:06:59.738033800Z 
2021-07-14T12:06:59.738045600Z . 
2021-07-14T12:06:59.738051300Z . * Open a log file
2021-07-14T12:06:59.738056400Z . capture log close
2021-07-14T12:06:59.738400900Z 
2021-07-14T12:06:59.738415400Z . log using "$logdir/04b_an_descriptive_table_2_`dataset'", text replace
2021-07-14T12:06:59.738649600Z (note: file /workspace/log/04b_an_descriptive_table_2_MAIN.log not found)
2021-07-14T12:06:59.738962500Z -------------------------------------------------------------------------------
2021-07-14T12:06:59.738979600Z       name:  <unnamed>
2021-07-14T12:06:59.738986700Z        log:  /workspace/log/04b_an_descriptive_table_2_MAIN.log
2021-07-14T12:06:59.738992000Z   log type:  text
2021-07-14T12:06:59.738996800Z  opened on:  14 Jul 2021, 12:06:59
2021-07-14T12:06:59.739001700Z 
2021-07-14T12:06:59.739006700Z . 
2021-07-14T12:06:59.740350800Z . 
2021-07-14T12:06:59.740367200Z . *****************************************************************************
2021-07-14T12:06:59.740373800Z > **
2021-07-14T12:06:59.740379400Z . *Generic code to output one row of table
2021-07-14T12:06:59.740385300Z . cap prog drop generaterow
2021-07-14T12:06:59.740390200Z 
2021-07-14T12:06:59.740395200Z . program define generaterow
2021-07-14T12:06:59.740579900Z   1. syntax, variable(varname) condition(string)
2021-07-14T12:06:59.740597100Z   2. 
2021-07-14T12:06:59.740603500Z .         *put the varname and condition to left so that alignment can be check
2021-07-14T12:06:59.740608700Z > ed vs shell
2021-07-14T12:06:59.740613900Z .         file write tablecontent ("`variable'") _tab ("`condition'") _tab
2021-07-14T12:06:59.740619900Z   3. 
2021-07-14T12:06:59.740624700Z .         cou
2021-07-14T12:06:59.740629700Z   4.         local overalldenom=r(N)
2021-07-14T12:06:59.740635000Z   5. 
2021-07-14T12:06:59.740677800Z .         cou if `variable' `condition'
2021-07-14T12:06:59.740730400Z   6.         local rowdenom = r(N)
2021-07-14T12:06:59.740737800Z   7.         local colpct = 100*(r(N)/`overalldenom')
2021-07-14T12:06:59.740894700Z   8.         file write tablecontent (`rowdenom')  (" (") %3.1f (`colpct') (")"
2021-07-14T12:06:59.740908000Z > ) _tab
2021-07-14T12:06:59.740914500Z   9.         
2021-07-14T12:06:59.740919700Z .         foreach outcome in covid_tpp_prob  covidadmission  covid_icu covid_de
2021-07-14T12:06:59.740924800Z > ath non_covid_death {
2021-07-14T12:06:59.740929900Z  10.         cou if `outcome'==1 & `variable' `condition'
2021-07-14T12:06:59.740934700Z  11.         local pct = 100*(r(N)/`rowdenom')
2021-07-14T12:06:59.740939400Z  12.         file write tablecontent (r(N)) (" (") %4.2f  (`pct') (")") _tab 
2021-07-14T12:06:59.740945400Z  13. 
2021-07-14T12:06:59.740950000Z . }
2021-07-14T12:06:59.741051800Z  14.         file write tablecontent _n 
2021-07-14T12:06:59.741066500Z  15. end
2021-07-14T12:06:59.741104700Z 
2021-07-14T12:06:59.741136100Z . 
2021-07-14T12:06:59.741144000Z . *****************************************************************************
2021-07-14T12:06:59.741149500Z > **
2021-07-14T12:06:59.741154100Z . *Generic code to output one section (varible) within table (calls above)
2021-07-14T12:06:59.741159100Z . cap prog drop tabulatevariable
2021-07-14T12:06:59.741369400Z 
2021-07-14T12:06:59.741381100Z . prog define tabulatevariable
2021-07-14T12:06:59.741384800Z   1. syntax, variable(varname) start(real) end(real) [missing] 
2021-07-14T12:06:59.741389300Z   2. 
2021-07-14T12:06:59.741393700Z .         foreach varlevel of numlist `start'/`end'{
2021-07-14T12:06:59.741398400Z   3.                 generaterow, variable(`variable') condition("==`varlevel'"
2021-07-14T12:06:59.741403900Z > ) 
2021-07-14T12:06:59.741597800Z   4.         }
2021-07-14T12:06:59.741795800Z   5.         if "`missing'"!="" generaterow, variable(`variable') condition(">=
2021-07-14T12:06:59.741808800Z > .") 
2021-07-14T12:06:59.741813800Z   6. 
2021-07-14T12:06:59.741817100Z . end
2021-07-14T12:06:59.741820400Z 
2021-07-14T12:06:59.741824600Z . 
2021-07-14T12:06:59.741828900Z . *****************************************************************************
2021-07-14T12:06:59.741833400Z > **
2021-07-14T12:06:59.741837500Z . 
2021-07-14T12:06:59.741841400Z . 
2021-07-14T12:06:59.741845500Z . forvalues x=0/1 {
2021-07-14T12:06:59.741850500Z   2. 
2021-07-14T12:06:59.741854400Z . *Set up output file
2021-07-14T12:06:59.742099600Z . cap file close tablecontent
2021-07-14T12:06:59.742109600Z   3. file open tablecontent using ./output/04b_an_descriptive_table_2_`dataset'
2021-07-14T12:06:59.742123400Z > _ageband`x'.txt, write text replace
2021-07-14T12:06:59.742128700Z   4. 
2021-07-14T12:06:59.742132900Z . 
2021-07-14T12:06:59.742137200Z . use $tempdir/analysis_dataset_ageband_`x'`dataset', clear
2021-07-14T12:06:59.742141800Z   5. 
2021-07-14T12:06:59.742146200Z . gen byte cons=1
2021-07-14T12:06:59.742150700Z   6. tabulatevariable, variable(cons) start(1) end(1) 
2021-07-14T12:06:59.742155100Z   7. file write tablecontent _n
2021-07-14T12:06:59.742159100Z   8. 
2021-07-14T12:06:59.742162700Z . tabulatevariable, variable(agegroup) start(1) end(7) 
2021-07-14T12:06:59.742166500Z   9. file write tablecontent _n
2021-07-14T12:06:59.742170800Z  10. 
2021-07-14T12:06:59.742175900Z . tabulatevariable, variable(male) start(0) end(1) 
2021-07-14T12:06:59.742180700Z  11. file write tablecontent _n
2021-07-14T12:06:59.742185100Z  12. 
2021-07-14T12:06:59.742189400Z . tabulatevariable, variable(bmicat) start(1) end(6) missing 
2021-07-14T12:06:59.742193800Z  13. file write tablecontent _n
2021-07-14T12:06:59.742198400Z  14. 
2021-07-14T12:06:59.742202900Z . tabulatevariable, variable(smoke) start(1) end(3) missing 
2021-07-14T12:06:59.742207700Z  15. file write tablecontent _n
2021-07-14T12:06:59.742212400Z  16. 
2021-07-14T12:06:59.742217200Z . tabulatevariable, variable(ethnicity) start(1) end(5) missing 
2021-07-14T12:06:59.742222100Z  17. file write tablecontent _n
2021-07-14T12:06:59.742226800Z  18. 
2021-07-14T12:06:59.742232500Z . tabulatevariable, variable(imd) start(1) end(5) 
2021-07-14T12:06:59.742237300Z  19. file write tablecontent _n
2021-07-14T12:06:59.742241500Z  20. 
2021-07-14T12:06:59.742245200Z . tabulatevariable, variable(tot_adults_hh) start(1) end(3) 
2021-07-14T12:06:59.742491400Z  21. file write tablecontent _n
2021-07-14T12:06:59.742502300Z  22. 
2021-07-14T12:06:59.742505400Z . tabulatevariable, variable(bpcat) start(1) end(4) missing 
2021-07-14T12:06:59.742508200Z  23. tabulatevariable, variable(htdiag_or_highbp) start(1) end(1) 
2021-07-14T12:06:59.742511000Z  24. file write tablecontent _n
2021-07-14T12:06:59.742513700Z  25. 
2021-07-14T12:06:59.742516200Z . **COMORBIDITIES
2021-07-14T12:06:59.742519900Z . *RESPIRATORY
2021-07-14T12:06:59.742523900Z . tabulatevariable, variable(chronic_respiratory_disease) start(1) end(1) 
2021-07-14T12:06:59.742528300Z  26. *ASTHMA
2021-07-14T12:06:59.742532600Z . tabulatevariable, variable(asthma) start(1) end(1)  /*ever asthma*/
2021-07-14T12:06:59.742537600Z  27. *CARDIAC
2021-07-14T12:06:59.742541800Z . tabulatevariable, variable(chronic_cardiac_disease) start(1) end(1) 
2021-07-14T12:06:59.742553900Z  28. file write tablecontent _n
2021-07-14T12:06:59.742559000Z  29. *DIABETES
2021-07-14T12:06:59.742563400Z . tabulatevariable, variable(diabcat) start(1) end(6) 
2021-07-14T12:06:59.742570000Z  30. file write tablecontent _n
2021-07-14T12:06:59.742574700Z  31. *CANCER EX HAEM
2021-07-14T12:06:59.742763400Z . tabulatevariable, variable(cancer_haem_cat) start(2) end(4)  /*<1, 1-4.9, 5+ 
2021-07-14T12:06:59.742777000Z > years ago*/
2021-07-14T12:06:59.742781100Z  32. file write tablecontent _n
2021-07-14T12:06:59.742784000Z  33. *CANCER HAEM
2021-07-14T12:06:59.742786800Z . tabulatevariable, variable(cancer_exhaem_cat) start(2) end(4)  /*<1, 1-4.9, 5
2021-07-14T12:06:59.742805100Z > + years ago*/
2021-07-14T12:06:59.742839800Z  34. file write tablecontent _n
2021-07-14T12:06:59.742846000Z  35. *REDUCED KIDNEY FUNCTION
2021-07-14T12:06:59.742850600Z . tabulatevariable, variable(reduced_kidney_function_cat) start(2) end(3) 
2021-07-14T12:06:59.742855300Z  36. *ESRD
2021-07-14T12:06:59.742859300Z . tabulatevariable, variable(esrd) start(1) end(1) 
2021-07-14T12:06:59.742863700Z  37. *LIVER
2021-07-14T12:06:59.742868200Z . tabulatevariable, variable(chronic_liver_disease) start(1) end(1) 
2021-07-14T12:06:59.743019100Z  38. *STROKE/DEMENTIA
2021-07-14T12:06:59.743031300Z . tabulatevariable, variable(stroke_dementia) start(1) end(1) 
2021-07-14T12:06:59.743037000Z  39. *OTHER NEURO
2021-07-14T12:06:59.743043100Z . tabulatevariable, variable(other_neuro) start(1) end(1) 
2021-07-14T12:06:59.743144300Z  40. *ORGAN TRANSPLANT
2021-07-14T12:06:59.743155500Z . tabulatevariable, variable(other_transplant) start(1) end(1) 
2021-07-14T12:06:59.743173300Z  41. *SPLEEN
2021-07-14T12:06:59.743176000Z . tabulatevariable, variable(asplenia) start(1) end(1) 
2021-07-14T12:06:59.743178800Z  42. *RA_SLE_PSORIASIS
2021-07-14T12:06:59.743181200Z . tabulatevariable, variable(ra_sle_psoriasis) start(1) end(1) 
2021-07-14T12:06:59.743184000Z  43. *OTHER IMMUNOSUPPRESSION
2021-07-14T12:06:59.743186600Z . tabulatevariable, variable(other_immuno) start(1) end(1) 
2021-07-14T12:06:59.743189200Z  44. 
2021-07-14T12:06:59.743191800Z . *OTHER IMMUNOSUPPRESSION
2021-07-14T12:06:59.743194500Z . tabulatevariable, variable(shield) start(1) end(1) 
2021-07-14T12:06:59.743216200Z  45. 
2021-07-14T12:06:59.743218700Z . file close tablecontent
2021-07-14T12:06:59.743221300Z  46. 
2021-07-14T12:06:59.743224000Z . }
2021-07-14T12:06:59.847965800Z (note: file ./output/04b_an_descriptive_table_2_MAIN_ageband0.txt not found)
2021-07-14T12:06:59.848003900Z   16,252
2021-07-14T12:06:59.848011200Z   16,252
2021-07-14T12:06:59.848016500Z   6,318
2021-07-14T12:06:59.848019500Z   4,315
2021-07-14T12:06:59.848022300Z   5,135
2021-07-14T12:06:59.848025300Z   3,163
2021-07-14T12:06:59.848028000Z   2,113
2021-07-14T12:06:59.848030800Z   16,252
2021-07-14T12:06:59.848033600Z   4,066
2021-07-14T12:06:59.848036300Z   1,564
2021-07-14T12:06:59.848039000Z   1,062
2021-07-14T12:06:59.848041700Z   1,320
2021-07-14T12:06:59.848044400Z   820
2021-07-14T12:06:59.848047300Z   503
2021-07-14T12:06:59.848050200Z   16,252
2021-07-14T12:06:59.848053600Z   3,463
2021-07-14T12:06:59.848056500Z   1,358
2021-07-14T12:06:59.848059200Z   878
2021-07-14T12:06:59.848061900Z   1,042
2021-07-14T12:06:59.848064500Z   668
2021-07-14T12:06:59.848067200Z   499
2021-07-14T12:06:59.848070200Z   16,252
2021-07-14T12:06:59.848073100Z   3,315
2021-07-14T12:06:59.848075900Z   1,295
2021-07-14T12:06:59.848078700Z   896
2021-07-14T12:06:59.848081400Z   1,077
2021-07-14T12:06:59.848084100Z   639
2021-07-14T12:06:59.848086800Z   406
2021-07-14T12:06:59.848089500Z   16,252
2021-07-14T12:06:59.848092400Z   3,619
2021-07-14T12:06:59.848095300Z   1,407
2021-07-14T12:06:59.848098100Z   1,005
2021-07-14T12:06:59.848100900Z   1,148
2021-07-14T12:06:59.848103700Z   705
2021-07-14T12:06:59.848106300Z   467
2021-07-14T12:06:59.848109000Z   16,252
2021-07-14T12:06:59.848111700Z   1,789
2021-07-14T12:06:59.848114600Z   694
2021-07-14T12:06:59.848117500Z   474
2021-07-14T12:06:59.848120300Z   548
2021-07-14T12:06:59.848123100Z   331
2021-07-14T12:06:59.848125800Z   238
2021-07-14T12:06:59.848128400Z   16,252
2021-07-14T12:06:59.848131200Z   0
2021-07-14T12:06:59.848133900Z   0
2021-07-14T12:06:59.848136800Z   0
2021-07-14T12:06:59.848139700Z   0
2021-07-14T12:06:59.848142600Z   0
2021-07-14T12:06:59.848145400Z   0
2021-07-14T12:06:59.848148100Z   16,252
2021-07-14T12:06:59.848150800Z   0
2021-07-14T12:06:59.848153500Z   0
2021-07-14T12:06:59.848156200Z   0
2021-07-14T12:06:59.848159000Z   0
2021-07-14T12:06:59.848161800Z   0
2021-07-14T12:06:59.848172400Z   0
2021-07-14T12:06:59.848175300Z   16,252
2021-07-14T12:06:59.848178100Z   8,430
2021-07-14T12:06:59.848180800Z   3,310
2021-07-14T12:06:59.848183500Z   2,252
2021-07-14T12:06:59.848186300Z   2,678
2021-07-14T12:06:59.848189300Z   1,646
2021-07-14T12:07:00.002510500Z   1,085
2021-07-14T12:07:00.002552600Z   16,252
2021-07-14T12:07:00.002560000Z   7,822
2021-07-14T12:07:00.002563100Z   3,008
2021-07-14T12:07:00.002565600Z   2,063
2021-07-14T12:07:00.002568100Z   2,457
2021-07-14T12:07:00.002570600Z   1,517
2021-07-14T12:07:00.002573000Z   1,028
2021-07-14T12:07:00.002575800Z   16,252
2021-07-14T12:07:00.002578400Z   1,602
2021-07-14T12:07:00.002580900Z   639
2021-07-14T12:07:00.002583400Z   418
2021-07-14T12:07:00.002585900Z   520
2021-07-14T12:07:00.002588300Z   313
2021-07-14T12:07:00.002590700Z   214
2021-07-14T12:07:00.002593200Z   16,252
2021-07-14T12:07:00.002595900Z   3,589
2021-07-14T12:07:00.002598500Z   1,405
2021-07-14T12:07:00.002601000Z   944
2021-07-14T12:07:00.002603600Z   1,145
2021-07-14T12:07:00.002606100Z   695
2021-07-14T12:07:00.002608500Z   478
2021-07-14T12:07:00.002611000Z   16,252
2021-07-14T12:07:00.002613400Z   2,903
2021-07-14T12:07:00.002616100Z   1,080
2021-07-14T12:07:00.002618700Z   801
2021-07-14T12:07:00.002621200Z   904
2021-07-14T12:07:00.002623800Z   594
2021-07-14T12:07:00.002626200Z   369
2021-07-14T12:07:00.002628600Z   16,252
2021-07-14T12:07:00.002631100Z   2,317
2021-07-14T12:07:00.002633500Z   905
2021-07-14T12:07:00.002636200Z   623
2021-07-14T12:07:00.002638800Z   770
2021-07-14T12:07:00.002641300Z   438
2021-07-14T12:07:00.002643900Z   322
2021-07-14T12:07:00.002646300Z   16,252
2021-07-14T12:07:00.002648800Z   1,395
2021-07-14T12:07:00.002651200Z   555
2021-07-14T12:07:00.002653600Z   355
2021-07-14T12:07:00.002656300Z   411
2021-07-14T12:07:00.002658800Z   266
2021-07-14T12:07:00.002661400Z   184
2021-07-14T12:07:00.002664000Z   16,252
2021-07-14T12:07:00.002666500Z   925
2021-07-14T12:07:00.002668900Z   360
2021-07-14T12:07:00.002671400Z   237
2021-07-14T12:07:00.002674000Z   267
2021-07-14T12:07:00.002691100Z   190
2021-07-14T12:07:00.002693900Z   116
2021-07-14T12:07:00.002696400Z   16,252
2021-07-14T12:07:00.002699000Z   3,521
2021-07-14T12:07:00.002701500Z   1,374
2021-07-14T12:07:00.002704000Z   937
2021-07-14T12:07:00.002706500Z   1,118
2021-07-14T12:07:00.002709100Z   667
2021-07-14T12:07:00.002711800Z   430
2021-07-14T12:07:00.002714300Z   16,252
2021-07-14T12:07:00.002716900Z   663
2021-07-14T12:07:00.002719500Z   264
2021-07-14T12:07:00.002722000Z   167
2021-07-14T12:07:00.002724500Z   201
2021-07-14T12:07:00.002726900Z   137
2021-07-14T12:07:00.002729400Z   78
2021-07-14T12:07:00.002732200Z   16,252
2021-07-14T12:07:00.002734800Z   345
2021-07-14T12:07:00.002737400Z   116
2021-07-14T12:07:00.002739900Z   100
2021-07-14T12:07:00.002742400Z   108
2021-07-14T12:07:00.002744900Z   67
2021-07-14T12:07:00.002747400Z   46
2021-07-14T12:07:00.002749900Z   16,252
2021-07-14T12:07:00.002752600Z   1,972
2021-07-14T12:07:00.151961200Z   770
2021-07-14T12:07:00.151986400Z   532
2021-07-14T12:07:00.151992300Z   631
2021-07-14T12:07:00.151996500Z   374
2021-07-14T12:07:00.152000400Z   256
2021-07-14T12:07:00.152004400Z   16,252
2021-07-14T12:07:00.152008700Z   13,272
2021-07-14T12:07:00.152013400Z   5,168
2021-07-14T12:07:00.152017400Z   3,516
2021-07-14T12:07:00.152021300Z   4,195
2021-07-14T12:07:00.152025100Z   2,585
2021-07-14T12:07:00.152028900Z   1,733
2021-07-14T12:07:00.152032700Z   16,252
2021-07-14T12:07:00.152036700Z   12,850
2021-07-14T12:07:00.152041300Z   4,975
2021-07-14T12:07:00.152046400Z   3,431
2021-07-14T12:07:00.152049100Z   4,046
2021-07-14T12:07:00.152051800Z   2,489
2021-07-14T12:07:00.152054400Z   1,689
2021-07-14T12:07:00.152057000Z   16,252
2021-07-14T12:07:00.152059600Z   0
2021-07-14T12:07:00.152062200Z   0
2021-07-14T12:07:00.152065000Z   0
2021-07-14T12:07:00.152067700Z   0
2021-07-14T12:07:00.152070400Z   0
2021-07-14T12:07:00.152073100Z   0
2021-07-14T12:07:00.152075700Z   16,252
2021-07-14T12:07:00.152078300Z   1,699
2021-07-14T12:07:00.152080900Z   669
2021-07-14T12:07:00.152083600Z   429
2021-07-14T12:07:00.152100300Z   559
2021-07-14T12:07:00.152103500Z   317
2021-07-14T12:07:00.152107500Z   222
2021-07-14T12:07:00.152111700Z   16,252
2021-07-14T12:07:00.152115400Z   0
2021-07-14T12:07:00.152119200Z   0
2021-07-14T12:07:00.152123200Z   0
2021-07-14T12:07:00.152127400Z   0
2021-07-14T12:07:00.152132300Z   0
2021-07-14T12:07:00.152135100Z   0
2021-07-14T12:07:00.152137800Z   16,252
2021-07-14T12:07:00.152140600Z   1,703
2021-07-14T12:07:00.152143200Z   674
2021-07-14T12:07:00.152145800Z   455
2021-07-14T12:07:00.152148300Z   530
2021-07-14T12:07:00.152150900Z   357
2021-07-14T12:07:00.152153700Z   202
2021-07-14T12:07:00.152156400Z   16,252
2021-07-14T12:07:00.152159100Z   0
2021-07-14T12:07:00.152161800Z   0
2021-07-14T12:07:00.152164400Z   0
2021-07-14T12:07:00.152166900Z   0
2021-07-14T12:07:00.152169500Z   0
2021-07-14T12:07:00.152172000Z   0
2021-07-14T12:07:00.152174800Z   16,252
2021-07-14T12:07:00.152177600Z   11,443
2021-07-14T12:07:00.152180300Z   4,495
2021-07-14T12:07:00.152183000Z   3,028
2021-07-14T12:07:00.152185800Z   3,615
2021-07-14T12:07:00.152188600Z   2,257
2021-07-14T12:07:00.152191100Z   1,488
2021-07-14T12:07:00.152193700Z   16,252
2021-07-14T12:07:00.152196500Z   0
2021-07-14T12:07:00.152199200Z   0
2021-07-14T12:07:00.152201900Z   0
2021-07-14T12:07:00.152204600Z   0
2021-07-14T12:07:00.152207200Z   0
2021-07-14T12:07:00.152209700Z   0
2021-07-14T12:07:00.152212200Z   16,252
2021-07-14T12:07:00.152214700Z   0
2021-07-14T12:07:00.152217500Z   0
2021-07-14T12:07:00.152220200Z   0
2021-07-14T12:07:00.152222900Z   0
2021-07-14T12:07:00.152225600Z   0
2021-07-14T12:07:00.152228100Z   0
2021-07-14T12:07:00.152230700Z   16,252
2021-07-14T12:07:00.152233200Z   3,177
2021-07-14T12:07:00.152262300Z   1,191
2021-07-14T12:07:00.152266800Z   867
2021-07-14T12:07:00.152269600Z   981
2021-07-14T12:07:00.152272500Z   610
2021-07-14T12:07:00.152275100Z   407
2021-07-14T12:07:00.278305300Z   16,252
2021-07-14T12:07:00.278328400Z   1,632
2021-07-14T12:07:00.278334000Z   632
2021-07-14T12:07:00.278346700Z   420
2021-07-14T12:07:00.278351300Z   539
2021-07-14T12:07:00.278355100Z   296
2021-07-14T12:07:00.278359300Z   218
2021-07-14T12:07:00.278363200Z   16,252
2021-07-14T12:07:00.278367400Z   106
2021-07-14T12:07:00.278371500Z   37
2021-07-14T12:07:00.278375500Z   34
2021-07-14T12:07:00.278379500Z   38
2021-07-14T12:07:00.278383500Z   22
2021-07-14T12:07:00.278387600Z   12
2021-07-14T12:07:00.278392200Z   16,252
2021-07-14T12:07:00.278396300Z   98
2021-07-14T12:07:00.278400500Z   40
2021-07-14T12:07:00.278404600Z   25
2021-07-14T12:07:00.278408500Z   35
2021-07-14T12:07:00.278412500Z   15
2021-07-14T12:07:00.278416400Z   20
2021-07-14T12:07:00.278420400Z   16,252
2021-07-14T12:07:00.278425400Z   16,048
2021-07-14T12:07:00.278429700Z   6,241
2021-07-14T12:07:00.278434500Z   4,256
2021-07-14T12:07:00.278439300Z   5,062
2021-07-14T12:07:00.278443500Z   3,126
2021-07-14T12:07:00.278447800Z   2,081
2021-07-14T12:07:00.278451800Z   16,252
2021-07-14T12:07:00.278455800Z   0
2021-07-14T12:07:00.278460500Z   0
2021-07-14T12:07:00.278464600Z   0
2021-07-14T12:07:00.278468800Z   0
2021-07-14T12:07:00.278472900Z   0
2021-07-14T12:07:00.278476900Z   0
2021-07-14T12:07:00.278480800Z   16,252
2021-07-14T12:07:00.278484900Z   0
2021-07-14T12:07:00.278488600Z   0
2021-07-14T12:07:00.278493000Z   0
2021-07-14T12:07:00.278497500Z   0
2021-07-14T12:07:00.278502000Z   0
2021-07-14T12:07:00.278506400Z   0
2021-07-14T12:07:00.278510300Z   16,252
2021-07-14T12:07:00.278514500Z   13
2021-07-14T12:07:00.278518400Z   5
2021-07-14T12:07:00.278522400Z   3
2021-07-14T12:07:00.278526800Z   2
2021-07-14T12:07:00.278530900Z   2
2021-07-14T12:07:00.278535100Z   2
2021-07-14T12:07:00.278539200Z   16,252
2021-07-14T12:07:00.278543200Z   14,685
2021-07-14T12:07:00.278547200Z   5,662
2021-07-14T12:07:00.278551200Z   3,891
2021-07-14T12:07:00.278555300Z   4,661
2021-07-14T12:07:00.278559600Z   2,869
2021-07-14T12:07:00.278564000Z   1,901
2021-07-14T12:07:00.278568300Z   16,252
2021-07-14T12:07:00.278572600Z   1,554
2021-07-14T12:07:00.278582600Z   651
2021-07-14T12:07:00.278587000Z   421
2021-07-14T12:07:00.278591000Z   472
2021-07-14T12:07:00.278595400Z   292
2021-07-14T12:07:00.278599600Z   210
2021-07-14T12:07:00.278603900Z   16,252
2021-07-14T12:07:00.278608300Z   15,004
2021-07-14T12:07:00.278612600Z   5,792
2021-07-14T12:07:00.278616700Z   3,970
2021-07-14T12:07:00.278621200Z   4,749
2021-07-14T12:07:00.278625100Z   2,922
2021-07-14T12:07:00.278627800Z   1,945
2021-07-14T12:07:00.278631700Z   16,252
2021-07-14T12:07:00.278635900Z   3,256
2021-07-14T12:07:00.278640500Z   1,282
2021-07-14T12:07:00.278645100Z   871
2021-07-14T12:07:00.278651900Z   1,058
2021-07-14T12:07:00.278656000Z   662
2021-07-14T12:07:00.278660100Z   419
2021-07-14T12:07:00.278663900Z   16,252
2021-07-14T12:07:00.414323400Z   1,290
2021-07-14T12:07:00.414364900Z   486
2021-07-14T12:07:00.414370600Z   330
2021-07-14T12:07:00.414373800Z   411
2021-07-14T12:07:00.414376900Z   251
2021-07-14T12:07:00.414379800Z   157
2021-07-14T12:07:00.414382700Z   16,252
2021-07-14T12:07:00.414385700Z   3,235
2021-07-14T12:07:00.414388800Z   1,261
2021-07-14T12:07:00.414391600Z   864
2021-07-14T12:07:00.414394400Z   1,035
2021-07-14T12:07:00.414397300Z   626
2021-07-14T12:07:00.414400100Z   425
2021-07-14T12:07:00.414402900Z   16,252
2021-07-14T12:07:00.414405800Z   12,470
2021-07-14T12:07:00.414408700Z   4,885
2021-07-14T12:07:00.414411800Z   3,267
2021-07-14T12:07:00.414414800Z   3,908
2021-07-14T12:07:00.414417700Z   2,407
2021-07-14T12:07:00.414420600Z   1,668
2021-07-14T12:07:00.414423400Z   16,252
2021-07-14T12:07:00.414426300Z   356
2021-07-14T12:07:00.414429100Z   131
2021-07-14T12:07:00.414432000Z   84
2021-07-14T12:07:00.414435200Z   111
2021-07-14T12:07:00.414438200Z   82
2021-07-14T12:07:00.414441200Z   46
2021-07-14T12:07:00.414444100Z   16,252
2021-07-14T12:07:00.414447000Z   89
2021-07-14T12:07:00.414449900Z   35
2021-07-14T12:07:00.414452700Z   22
2021-07-14T12:07:00.414455600Z   30
2021-07-14T12:07:00.414458500Z   21
2021-07-14T12:07:00.414461500Z   8
2021-07-14T12:07:00.414464600Z   16,252
2021-07-14T12:07:00.414516100Z   2,715
2021-07-14T12:07:00.414519300Z   1,029
2021-07-14T12:07:00.414522300Z   775
2021-07-14T12:07:00.414543400Z   884
2021-07-14T12:07:00.414545900Z   548
2021-07-14T12:07:00.414548500Z   319
2021-07-14T12:07:00.414551000Z   16,252
2021-07-14T12:07:00.414553500Z   600
2021-07-14T12:07:00.414556100Z   230
2021-07-14T12:07:00.414558500Z   160
2021-07-14T12:07:00.414560900Z   192
2021-07-14T12:07:00.414563200Z   103
2021-07-14T12:07:00.414565700Z   69
2021-07-14T12:07:00.414568300Z   16,252
2021-07-14T12:07:00.414570800Z   22
2021-07-14T12:07:00.414573400Z   8
2021-07-14T12:07:00.414575900Z   7
2021-07-14T12:07:00.414578300Z   10
2021-07-14T12:07:00.414580700Z   2
2021-07-14T12:07:00.414583100Z   3
2021-07-14T12:07:00.414585500Z   16,252
2021-07-14T12:07:00.414588000Z   64
2021-07-14T12:07:00.414590500Z   31
2021-07-14T12:07:00.414593000Z   14
2021-07-14T12:07:00.414595500Z   22
2021-07-14T12:07:00.414597900Z   12
2021-07-14T12:07:00.414622200Z   11
2021-07-14T12:07:00.414625100Z   16,252
2021-07-14T12:07:00.414628000Z   283
2021-07-14T12:07:00.414631000Z   107
2021-07-14T12:07:00.414634100Z   62
2021-07-14T12:07:00.414637000Z   93
2021-07-14T12:07:00.414640000Z   56
2021-07-14T12:07:00.414642900Z   32
2021-07-14T12:07:00.414645700Z   16,252
2021-07-14T12:07:00.414648500Z   2,852
2021-07-14T12:07:00.414651400Z   1,104
2021-07-14T12:07:00.414654400Z   768
2021-07-14T12:07:00.414657400Z   869
2021-07-14T12:07:00.414660400Z   575
2021-07-14T12:07:00.414663400Z   361
2021-07-14T12:07:00.414666300Z   16,252
2021-07-14T12:07:00.414669200Z   69
2021-07-14T12:07:00.414672000Z   23
2021-07-14T12:07:00.414674900Z   23
2021-07-14T12:07:00.527729200Z   24
2021-07-14T12:07:00.527770300Z   7
2021-07-14T12:07:00.527776400Z   13
2021-07-14T12:07:00.527781500Z   16,252
2021-07-14T12:07:00.527786500Z   269
2021-07-14T12:07:00.527791600Z   113
2021-07-14T12:07:00.527796500Z   64
2021-07-14T12:07:00.527801400Z   86
2021-07-14T12:07:00.527806300Z   57
2021-07-14T12:07:00.527828500Z   33
2021-07-14T12:07:00.527855700Z   16,252
2021-07-14T12:07:00.527872400Z   2,916
2021-07-14T12:07:00.527877000Z   1,116
2021-07-14T12:07:00.527881700Z   749
2021-07-14T12:07:00.527885800Z   904
2021-07-14T12:07:00.527907700Z   572
2021-07-14T12:07:00.527911500Z   344
2021-07-14T12:07:00.527915400Z   16,252
2021-07-14T12:07:00.527919200Z   77
2021-07-14T12:07:00.527923000Z   40
2021-07-14T12:07:00.527926700Z   23
2021-07-14T12:07:00.527930300Z   28
2021-07-14T12:07:00.527933900Z   14
2021-07-14T12:07:00.527937600Z   11
2021-07-14T12:07:00.527941500Z   16,252
2021-07-14T12:07:00.527945300Z   0
2021-07-14T12:07:00.527949400Z   0
2021-07-14T12:07:00.527953300Z   0
2021-07-14T12:07:00.527957000Z   0
2021-07-14T12:07:00.527960800Z   0
2021-07-14T12:07:00.527964600Z   0
2021-07-14T12:07:00.527968500Z   16,252
2021-07-14T12:07:00.527972500Z   5,845
2021-07-14T12:07:00.527976600Z   2,267
2021-07-14T12:07:00.527980500Z   1,570
2021-07-14T12:07:00.527984200Z   1,825
2021-07-14T12:07:00.527988000Z   1,136
2021-07-14T12:07:00.527991900Z   770
2021-07-14T12:07:00.527995600Z   16,252
2021-07-14T12:07:00.527999600Z   3,242
2021-07-14T12:07:00.528003300Z   1,249
2021-07-14T12:07:00.528007200Z   884
2021-07-14T12:07:00.528010600Z   1,000
2021-07-14T12:07:00.528014400Z   602
2021-07-14T12:07:00.528018200Z   422
2021-07-14T12:07:00.528022000Z   16,252
2021-07-14T12:07:00.528025700Z   3,257
2021-07-14T12:07:00.528029500Z   1,267
2021-07-14T12:07:00.528033400Z   845
2021-07-14T12:07:00.528037400Z   1,089
2021-07-14T12:07:00.528041400Z   647
2021-07-14T12:07:00.528045200Z   405
2021-07-14T12:07:00.528048800Z   16,252
2021-07-14T12:07:00.528052500Z   3,275
2021-07-14T12:07:00.528056000Z   1,282
2021-07-14T12:07:00.528059900Z   840
2021-07-14T12:07:00.528063800Z   1,017
2021-07-14T12:07:00.528067800Z   630
2021-07-14T12:07:00.528071600Z   451
2021-07-14T12:07:00.528075500Z   16,252
2021-07-14T12:07:00.528079100Z   3,278
2021-07-14T12:07:00.528082800Z   1,266
2021-07-14T12:07:00.528086600Z   857
2021-07-14T12:07:00.528090500Z   1,056
2021-07-14T12:07:00.528094500Z   608
2021-07-14T12:07:00.528103600Z   440
2021-07-14T12:07:00.528107900Z   16,252
2021-07-14T12:07:00.528111600Z   3,245
2021-07-14T12:07:00.528115400Z   1,247
2021-07-14T12:07:00.528119300Z   853
2021-07-14T12:07:00.528123000Z   1,034
2021-07-14T12:07:00.528128900Z   616
2021-07-14T12:07:00.528132800Z   421
2021-07-14T12:07:00.528136800Z   16,252
2021-07-14T12:07:00.528140700Z   3,233
2021-07-14T12:07:00.528144800Z   1,238
2021-07-14T12:07:00.563835200Z   874
2021-07-14T12:07:00.563867200Z   1,042
2021-07-14T12:07:00.563873700Z   607
2021-07-14T12:07:00.563878800Z   403
2021-07-14T12:07:00.563883600Z   16,252
2021-07-14T12:07:00.563888800Z   5,899
2021-07-14T12:07:00.563893600Z   2,334
2021-07-14T12:07:00.563898200Z   1,568
2021-07-14T12:07:00.563902600Z   1,880
2021-07-14T12:07:00.563907000Z   1,151
2021-07-14T12:07:00.563911900Z   746
2021-07-14T12:07:00.563916700Z   16,252
2021-07-14T12:07:00.563921500Z   14,265
2021-07-14T12:07:00.563926600Z   5,538
2021-07-14T12:07:00.563931700Z   3,802
2021-07-14T12:07:00.563936500Z   4,517
2021-07-14T12:07:00.563941100Z   2,764
2021-07-14T12:07:00.563945900Z   1,831
2021-07-14T12:07:00.563950800Z (note: file ./output/04b_an_descriptive_table_2_MAIN_ageband1.txt not found)
2021-07-14T12:07:00.563974200Z   4,436
2021-07-14T12:07:00.563978100Z   4,436
2021-07-14T12:07:00.563982400Z   1,723
2021-07-14T12:07:00.564010200Z   1,188
2021-07-14T12:07:00.564015200Z   1,381
2021-07-14T12:07:00.564020200Z   886
2021-07-14T12:07:00.564025000Z   587
2021-07-14T12:07:00.564029700Z   4,436
2021-07-14T12:07:00.564034600Z   0
2021-07-14T12:07:00.564039400Z   0
2021-07-14T12:07:00.564044500Z   0
2021-07-14T12:07:00.564049600Z   0
2021-07-14T12:07:00.564054500Z   0
2021-07-14T12:07:00.564059400Z   0
2021-07-14T12:07:00.564064100Z   4,436
2021-07-14T12:07:00.564069000Z   0
2021-07-14T12:07:00.564073800Z   0
2021-07-14T12:07:00.564078400Z   0
2021-07-14T12:07:00.564083400Z   0
2021-07-14T12:07:00.564088300Z   0
2021-07-14T12:07:00.564093100Z   0
2021-07-14T12:07:00.564098800Z   4,436
2021-07-14T12:07:00.564103500Z   0
2021-07-14T12:07:00.564108100Z   0
2021-07-14T12:07:00.564127600Z   0
2021-07-14T12:07:00.564132800Z   0
2021-07-14T12:07:00.564137800Z   0
2021-07-14T12:07:00.564142600Z   0
2021-07-14T12:07:00.564147400Z   4,436
2021-07-14T12:07:00.564152100Z   0
2021-07-14T12:07:00.564156700Z   0
2021-07-14T12:07:00.564161200Z   0
2021-07-14T12:07:00.564165800Z   0
2021-07-14T12:07:00.564170400Z   0
2021-07-14T12:07:00.564193500Z   0
2021-07-14T12:07:00.564219300Z   4,436
2021-07-14T12:07:00.564230900Z   1,058
2021-07-14T12:07:00.564236000Z   411
2021-07-14T12:07:00.564240800Z   284
2021-07-14T12:07:00.564245400Z   325
2021-07-14T12:07:00.564249900Z   220
2021-07-14T12:07:00.564254600Z   129
2021-07-14T12:07:00.564259300Z   4,436
2021-07-14T12:07:00.564264200Z   2,172
2021-07-14T12:07:00.564269000Z   842
2021-07-14T12:07:00.564273900Z   574
2021-07-14T12:07:00.564278700Z   658
2021-07-14T12:07:00.564283400Z   445
2021-07-14T12:07:00.564288100Z   293
2021-07-14T12:07:00.564292700Z   4,436
2021-07-14T12:07:00.564297400Z   1,206
2021-07-14T12:07:00.564302400Z   470
2021-07-14T12:07:00.589834400Z   330
2021-07-14T12:07:00.589855800Z   398
2021-07-14T12:07:00.589859800Z   221
2021-07-14T12:07:00.589862700Z   165
2021-07-14T12:07:00.589865600Z   4,436
2021-07-14T12:07:00.589868700Z   2,247
2021-07-14T12:07:00.589871500Z   855
2021-07-14T12:07:00.589874300Z   578
2021-07-14T12:07:00.589877100Z   693
2021-07-14T12:07:00.589879700Z   447
2021-07-14T12:07:00.589882500Z   309
2021-07-14T12:07:00.589885200Z   4,436
2021-07-14T12:07:00.589888000Z   2,189
2021-07-14T12:07:00.589891100Z   868
2021-07-14T12:07:00.589894000Z   610
2021-07-14T12:07:00.589896900Z   688
2021-07-14T12:07:00.589899800Z   439
2021-07-14T12:07:00.589902500Z   278
2021-07-14T12:07:00.589905200Z   4,436
2021-07-14T12:07:00.589907900Z   410
2021-07-14T12:07:00.589910600Z   152
2021-07-14T12:07:00.589913600Z   112
2021-07-14T12:07:00.589916500Z   108
2021-07-14T12:07:00.589919500Z   93
2021-07-14T12:07:00.589922400Z   56
2021-07-14T12:07:00.589925200Z   4,436
2021-07-14T12:07:00.589927900Z   1,020
2021-07-14T12:07:00.589930800Z   403
2021-07-14T12:07:00.589943900Z   268
2021-07-14T12:07:00.589947100Z   345
2021-07-14T12:07:00.589950000Z   192
2021-07-14T12:07:00.589953000Z   153
2021-07-14T12:07:00.589955800Z   4,436
2021-07-14T12:07:00.589959000Z   832
2021-07-14T12:07:00.589961800Z   318
2021-07-14T12:07:00.589964600Z   233
2021-07-14T12:07:00.589967300Z   242
2021-07-14T12:07:00.589970200Z   178
2021-07-14T12:07:00.589973100Z   92
2021-07-14T12:07:00.589976000Z   4,436
2021-07-14T12:07:00.589978900Z   647
2021-07-14T12:07:00.589981600Z   244
2021-07-14T12:07:00.589984400Z   153
2021-07-14T12:07:00.589987000Z   215
2021-07-14T12:07:00.589989700Z   112
2021-07-14T12:07:00.589992900Z   88
2021-07-14T12:07:00.589995900Z   4,436
2021-07-14T12:07:00.589998900Z   369
2021-07-14T12:07:00.590001800Z   132
2021-07-14T12:07:00.590004600Z   98
2021-07-14T12:07:00.590007200Z   115
2021-07-14T12:07:00.590009900Z   69
2021-07-14T12:07:00.590012600Z   53
2021-07-14T12:07:00.590015600Z   4,436
2021-07-14T12:07:00.590018400Z   250
2021-07-14T12:07:00.590021300Z   102
2021-07-14T12:07:00.590024100Z   67
2021-07-14T12:07:00.590026800Z   88
2021-07-14T12:07:00.590029900Z   70
2021-07-14T12:07:00.590032600Z   26
2021-07-14T12:07:00.590035300Z   4,436
2021-07-14T12:07:00.590038400Z   908
2021-07-14T12:07:00.590041400Z   372
2021-07-14T12:07:00.590044200Z   257
2021-07-14T12:07:00.590047100Z   268
2021-07-14T12:07:00.590049800Z   172
2021-07-14T12:07:00.590052500Z   119
2021-07-14T12:07:00.590055200Z   4,436
2021-07-14T12:07:00.590057900Z   174
2021-07-14T12:07:00.590060800Z   75
2021-07-14T12:07:00.590063700Z   53
2021-07-14T12:07:00.590066600Z   50
2021-07-14T12:07:00.590069400Z   24
2021-07-14T12:07:00.590072100Z   30
2021-07-14T12:07:00.590074800Z   4,436
2021-07-14T12:07:00.590077500Z   86
2021-07-14T12:07:00.590080300Z   38
2021-07-14T12:07:00.590083200Z   20
2021-07-14T12:07:00.590086100Z   26
2021-07-14T12:07:00.590089000Z   20
2021-07-14T12:07:00.590091900Z   4
2021-07-14T12:07:00.590094700Z   4,436
2021-07-14T12:07:00.590097500Z   528
2021-07-14T12:07:00.590103200Z   214
2021-07-14T12:07:00.612134100Z   140
2021-07-14T12:07:00.612154500Z   159
2021-07-14T12:07:00.612158000Z   123
2021-07-14T12:07:00.612160800Z   84
2021-07-14T12:07:00.612163500Z   4,436
2021-07-14T12:07:00.612166200Z   3,648
2021-07-14T12:07:00.612169000Z   1,396
2021-07-14T12:07:00.612171700Z   975
2021-07-14T12:07:00.612174200Z   1,146
2021-07-14T12:07:00.612176800Z   719
2021-07-14T12:07:00.612179400Z   469
2021-07-14T12:07:00.612181900Z   4,436
2021-07-14T12:07:00.612184500Z   3,561
2021-07-14T12:07:00.612187500Z   1,369
2021-07-14T12:07:00.612190300Z   940
2021-07-14T12:07:00.612193000Z   1,093
2021-07-14T12:07:00.612195600Z   709
2021-07-14T12:07:00.612198300Z   474
2021-07-14T12:07:00.612200800Z   4,436
2021-07-14T12:07:00.612203400Z   0
2021-07-14T12:07:00.612206000Z   0
2021-07-14T12:07:00.612208500Z   0
2021-07-14T12:07:00.612211300Z   0
2021-07-14T12:07:00.612231700Z   0
2021-07-14T12:07:00.612234200Z   0
2021-07-14T12:07:00.612236600Z   4,436
2021-07-14T12:07:00.612260900Z   416
2021-07-14T12:07:00.612263600Z   176
2021-07-14T12:07:00.612266200Z   120
2021-07-14T12:07:00.612268700Z   135
2021-07-14T12:07:00.612271500Z   78
2021-07-14T12:07:00.612274300Z   55
2021-07-14T12:07:00.612277000Z   4,436
2021-07-14T12:07:00.612279700Z   0
2021-07-14T12:07:00.612282300Z   0
2021-07-14T12:07:00.612284800Z   0
2021-07-14T12:07:00.612287400Z   0
2021-07-14T12:07:00.612290000Z   0
2021-07-14T12:07:00.612292800Z   0
2021-07-14T12:07:00.612295500Z   4,436
2021-07-14T12:07:00.612298300Z   459
2021-07-14T12:07:00.612301000Z   178
2021-07-14T12:07:00.612303600Z   128
2021-07-14T12:07:00.612306100Z   153
2021-07-14T12:07:00.612308700Z   99
2021-07-14T12:07:00.612311200Z   58
2021-07-14T12:07:00.612314000Z   4,436
2021-07-14T12:07:00.612316700Z   0
2021-07-14T12:07:00.612319400Z   0
2021-07-14T12:07:00.612322100Z   0
2021-07-14T12:07:00.612324700Z   0
2021-07-14T12:07:00.612327200Z   0
2021-07-14T12:07:00.612329800Z   0
2021-07-14T12:07:00.612332300Z   4,436
2021-07-14T12:07:00.612335100Z   3,201
2021-07-14T12:07:00.612349000Z   1,258
2021-07-14T12:07:00.612352100Z   863
2021-07-14T12:07:00.612354800Z   982
2021-07-14T12:07:00.612357500Z   641
2021-07-14T12:07:00.612360100Z   426
2021-07-14T12:07:00.612362700Z   4,436
2021-07-14T12:07:00.612365300Z   0
2021-07-14T12:07:00.612368300Z   0
2021-07-14T12:07:00.612371000Z   0
2021-07-14T12:07:00.612373700Z   0
2021-07-14T12:07:00.612376400Z   0
2021-07-14T12:07:00.612379000Z   0
2021-07-14T12:07:00.612381500Z   4,436
2021-07-14T12:07:00.612384100Z   0
2021-07-14T12:07:00.612386700Z   0
2021-07-14T12:07:00.612389500Z   0
2021-07-14T12:07:00.612392200Z   0
2021-07-14T12:07:00.612394900Z   0
2021-07-14T12:07:00.612397700Z   0
2021-07-14T12:07:00.612400200Z   4,436
2021-07-14T12:07:00.612402800Z   838
2021-07-14T12:07:00.612405400Z   329
2021-07-14T12:07:00.612408000Z   230
2021-07-14T12:07:00.612412500Z   273
2021-07-14T12:07:00.612415300Z   165
2021-07-14T12:07:00.612418000Z   107
2021-07-14T12:07:00.612420800Z   4,436
2021-07-14T12:07:00.612423400Z   397
2021-07-14T12:07:00.612425900Z   136
2021-07-14T12:07:00.612429300Z   95
2021-07-14T12:07:00.612431900Z   126
2021-07-14T12:07:00.612434800Z   80
2021-07-14T12:07:00.612437600Z   54
2021-07-14T12:07:00.612440400Z   4,436
2021-07-14T12:07:00.633660800Z   25
2021-07-14T12:07:00.633683900Z   14
2021-07-14T12:07:00.633690400Z   9
2021-07-14T12:07:00.633695600Z   6
2021-07-14T12:07:00.633719100Z   5
2021-07-14T12:07:00.633729500Z   1
2021-07-14T12:07:00.633735400Z   4,436
2021-07-14T12:07:00.633740300Z   35
2021-07-14T12:07:00.633745000Z   12
2021-07-14T12:07:00.633765400Z   5
2021-07-14T12:07:00.633777000Z   13
2021-07-14T12:07:00.633783700Z   5
2021-07-14T12:07:00.633789100Z   9
2021-07-14T12:07:00.633792900Z   4,436
2021-07-14T12:07:00.633796000Z   4,376
2021-07-14T12:07:00.633799000Z   1,697
2021-07-14T12:07:00.633802300Z   1,174
2021-07-14T12:07:00.633805300Z   1,362
2021-07-14T12:07:00.633808400Z   876
2021-07-14T12:07:00.633811600Z   577
2021-07-14T12:07:00.633814500Z   4,436
2021-07-14T12:07:00.633817700Z   0
2021-07-14T12:07:00.633831600Z   0
2021-07-14T12:07:00.633835000Z   0
2021-07-14T12:07:00.633838200Z   0
2021-07-14T12:07:00.633841300Z   0
2021-07-14T12:07:00.633844400Z   0
2021-07-14T12:07:00.633847400Z   4,436
2021-07-14T12:07:00.633850400Z   0
2021-07-14T12:07:00.633853800Z   0
2021-07-14T12:07:00.633856900Z   0
2021-07-14T12:07:00.633860000Z   0
2021-07-14T12:07:00.633863300Z   0
2021-07-14T12:07:00.633866400Z   0
2021-07-14T12:07:00.633869600Z   4,436
2021-07-14T12:07:00.633872900Z   6
2021-07-14T12:07:00.633875800Z   4
2021-07-14T12:07:00.633878800Z   2
2021-07-14T12:07:00.633881700Z   1
2021-07-14T12:07:00.633884700Z   2
2021-07-14T12:07:00.633887900Z   1
2021-07-14T12:07:00.633891000Z   4,436
2021-07-14T12:07:00.633894200Z   3,963
2021-07-14T12:07:00.633897300Z   1,533
2021-07-14T12:07:00.633900300Z   1,067
2021-07-14T12:07:00.633903300Z   1,232
2021-07-14T12:07:00.633906300Z   790
2021-07-14T12:07:00.633909300Z   525
2021-07-14T12:07:00.633912500Z   4,436
2021-07-14T12:07:00.633915600Z   467
2021-07-14T12:07:00.633918700Z   186
2021-07-14T12:07:00.633921900Z   119
2021-07-14T12:07:00.633924900Z   148
2021-07-14T12:07:00.633927800Z   94
2021-07-14T12:07:00.633930800Z   61
2021-07-14T12:07:00.633933800Z   4,436
2021-07-14T12:07:00.633937100Z   4,055
2021-07-14T12:07:00.633940300Z   1,570
2021-07-14T12:07:00.633943400Z   1,092
2021-07-14T12:07:00.633946500Z   1,257
2021-07-14T12:07:00.633949500Z   804
2021-07-14T12:07:00.633952500Z   542
2021-07-14T12:07:00.633955400Z   4,436
2021-07-14T12:07:00.633958400Z   868
2021-07-14T12:07:00.633961700Z   347
2021-07-14T12:07:00.633964800Z   253
2021-07-14T12:07:00.633967900Z   268
2021-07-14T12:07:00.633971000Z   164
2021-07-14T12:07:00.633974000Z   122
2021-07-14T12:07:00.633977000Z   4,436
2021-07-14T12:07:00.633980000Z   337
2021-07-14T12:07:00.633982900Z   130
2021-07-14T12:07:00.633986200Z   97
2021-07-14T12:07:00.633989300Z   104
2021-07-14T12:07:00.633992400Z   64
2021-07-14T12:07:00.633995500Z   54
2021-07-14T12:07:00.633998500Z   4,436
2021-07-14T12:07:00.634011400Z   895
2021-07-14T12:07:00.634014500Z   343
2021-07-14T12:07:00.634017500Z   249
2021-07-14T12:07:00.634020700Z   285
2021-07-14T12:07:00.634023900Z   175
2021-07-14T12:07:00.634027100Z   114
2021-07-14T12:07:00.634030200Z   4,436
2021-07-14T12:07:00.634033200Z   3,386
2021-07-14T12:07:00.634036300Z   1,316
2021-07-14T12:07:00.655859500Z   919
2021-07-14T12:07:00.655880500Z   1,073
2021-07-14T12:07:00.655886900Z   676
2021-07-14T12:07:00.655892100Z   456
2021-07-14T12:07:00.655896800Z   4,436
2021-07-14T12:07:00.655902000Z   106
2021-07-14T12:07:00.655927300Z   44
2021-07-14T12:07:00.655935600Z   24
2021-07-14T12:07:00.655941000Z   31
2021-07-14T12:07:00.655945800Z   24
2021-07-14T12:07:00.655966900Z   13
2021-07-14T12:07:00.655978600Z   4,436
2021-07-14T12:07:00.655985400Z   31
2021-07-14T12:07:00.655991200Z   12
2021-07-14T12:07:00.655994500Z   9
2021-07-14T12:07:00.655997700Z   9
2021-07-14T12:07:00.656000800Z   7
2021-07-14T12:07:00.656003900Z   3
2021-07-14T12:07:00.656007000Z   4,436
2021-07-14T12:07:00.656010200Z   727
2021-07-14T12:07:00.656013300Z   280
2021-07-14T12:07:00.656016200Z   196
2021-07-14T12:07:00.656019100Z   200
2021-07-14T12:07:00.656022000Z   143
2021-07-14T12:07:00.656025000Z   93
2021-07-14T12:07:00.656028200Z   4,436
2021-07-14T12:07:00.656031200Z   184
2021-07-14T12:07:00.656034300Z   70
2021-07-14T12:07:00.656037400Z   40
2021-07-14T12:07:00.656040500Z   67
2021-07-14T12:07:00.656043600Z   36
2021-07-14T12:07:00.656046600Z   22
2021-07-14T12:07:00.656049500Z   4,436
2021-07-14T12:07:00.656052800Z   2
2021-07-14T12:07:00.656055900Z   1
2021-07-14T12:07:00.656058900Z   0
2021-07-14T12:07:00.656062000Z   1
2021-07-14T12:07:00.656064900Z   0
2021-07-14T12:07:00.656067800Z   0
2021-07-14T12:07:00.656070800Z   4,436
2021-07-14T12:07:00.656073800Z   21
2021-07-14T12:07:00.656076900Z   8
2021-07-14T12:07:00.656079900Z   4
2021-07-14T12:07:00.656083000Z   8
2021-07-14T12:07:00.656086000Z   10
2021-07-14T12:07:00.656089000Z   3
2021-07-14T12:07:00.656091900Z   4,436
2021-07-14T12:07:00.656103500Z   73
2021-07-14T12:07:00.656106700Z   21
2021-07-14T12:07:00.656110000Z   24
2021-07-14T12:07:00.656113100Z   22
2021-07-14T12:07:00.656116200Z   16
2021-07-14T12:07:00.656119200Z   8
2021-07-14T12:07:00.656122200Z   4,436
2021-07-14T12:07:00.656125100Z   822
2021-07-14T12:07:00.656128100Z   315
2021-07-14T12:07:00.656131000Z   210
2021-07-14T12:07:00.656134200Z   253
2021-07-14T12:07:00.656137300Z   155
2021-07-14T12:07:00.656140500Z   110
2021-07-14T12:07:00.656143600Z   4,436
2021-07-14T12:07:00.656146500Z   11
2021-07-14T12:07:00.656149500Z   3
2021-07-14T12:07:00.656152400Z   4
2021-07-14T12:07:00.656155400Z   3
2021-07-14T12:07:00.656158600Z   2
2021-07-14T12:07:00.656161700Z   0
2021-07-14T12:07:00.656164800Z   4,436
2021-07-14T12:07:00.656167900Z   54
2021-07-14T12:07:00.656170900Z   15
2021-07-14T12:07:00.656173800Z   16
2021-07-14T12:07:00.656177000Z   14
2021-07-14T12:07:00.656179900Z   15
2021-07-14T12:07:00.656183200Z   7
2021-07-14T12:07:00.656186300Z   4,436
2021-07-14T12:07:00.656189400Z   818
2021-07-14T12:07:00.656192500Z   305
2021-07-14T12:07:00.656195400Z   228
2021-07-14T12:07:00.656198400Z   241
2021-07-14T12:07:00.656201300Z   170
2021-07-14T12:07:00.656204300Z   102
2021-07-14T12:07:00.656207400Z   4,436
2021-07-14T12:07:00.656210600Z   171
2021-07-14T12:07:00.656213700Z   70
2021-07-14T12:07:00.656216700Z   36
2021-07-14T12:07:00.656219700Z   45
2021-07-14T12:07:00.656222700Z   36
2021-07-14T12:07:00.656225600Z   23
2021-07-14T12:07:00.656228700Z   4,436
2021-07-14T12:07:00.656232000Z   0
2021-07-14T12:07:00.656235200Z   0
2021-07-14T12:07:00.656239100Z   0
2021-07-14T12:07:00.656242200Z   0
2021-07-14T12:07:00.656245200Z   0
2021-07-14T12:07:00.672497600Z   0
2021-07-14T12:07:00.672517600Z   4,436
2021-07-14T12:07:00.672523800Z   1,589
2021-07-14T12:07:00.672528500Z   624
2021-07-14T12:07:00.672533200Z   442
2021-07-14T12:07:00.672538100Z   500
2021-07-14T12:07:00.672542700Z   327
2021-07-14T12:07:00.672547300Z   201
2021-07-14T12:07:00.672551900Z   4,436
2021-07-14T12:07:00.672565000Z   879
2021-07-14T12:07:00.672570200Z   349
2021-07-14T12:07:00.672575400Z   231
2021-07-14T12:07:00.672580600Z   264
2021-07-14T12:07:00.672585900Z   176
2021-07-14T12:07:00.672590900Z   107
2021-07-14T12:07:00.672595800Z   4,436
2021-07-14T12:07:00.672600600Z   879
2021-07-14T12:07:00.672605400Z   358
2021-07-14T12:07:00.672610200Z   236
2021-07-14T12:07:00.672614400Z   284
2021-07-14T12:07:00.672619100Z   176
2021-07-14T12:07:00.672624100Z   117
2021-07-14T12:07:00.672629100Z   4,436
2021-07-14T12:07:00.672633900Z   882
2021-07-14T12:07:00.672638700Z   348
2021-07-14T12:07:00.672643100Z   236
2021-07-14T12:07:00.672647300Z   290
2021-07-14T12:07:00.672670100Z   174
2021-07-14T12:07:00.672674000Z   125
2021-07-14T12:07:00.672678000Z   4,436
2021-07-14T12:07:00.672682300Z   836
2021-07-14T12:07:00.672686600Z   340
2021-07-14T12:07:00.672691200Z   217
2021-07-14T12:07:00.672695500Z   265
2021-07-14T12:07:00.672700100Z   179
2021-07-14T12:07:00.672704500Z   107
2021-07-14T12:07:00.672709000Z   4,436
2021-07-14T12:07:00.672713700Z   867
2021-07-14T12:07:00.672718600Z   344
2021-07-14T12:07:00.672723200Z   238
2021-07-14T12:07:00.672728000Z   248
2021-07-14T12:07:00.672732000Z   172
2021-07-14T12:07:00.672738100Z   117
2021-07-14T12:07:00.672741900Z   4,436
2021-07-14T12:07:00.672745700Z   867
2021-07-14T12:07:00.672749600Z   349
2021-07-14T12:07:00.672753400Z   225
2021-07-14T12:07:00.672757100Z   275
2021-07-14T12:07:00.672761200Z   185
2021-07-14T12:07:00.672765400Z   116
2021-07-14T12:07:00.672769200Z   4,436
2021-07-14T12:07:00.672773100Z   1,612
2021-07-14T12:07:00.672776900Z   611
2021-07-14T12:07:00.672781100Z   422
2021-07-14T12:07:00.672785100Z   511
2021-07-14T12:07:00.672789000Z   329
2021-07-14T12:07:00.672792900Z   218
2021-07-14T12:07:00.672796700Z   4,436
2021-07-14T12:07:00.672800700Z   3,916
2021-07-14T12:07:00.672804700Z   1,543
2021-07-14T12:07:00.672808700Z   1,039
2021-07-14T12:07:00.672812900Z   1,219
2021-07-14T12:07:00.672816900Z   793
2021-07-14T12:07:00.672820700Z   523
2021-07-14T12:07:00.672829400Z 
2021-07-14T12:07:00.672834300Z . 
2021-07-14T12:07:00.672838200Z . log close
2021-07-14T12:07:00.672842300Z       name:  <unnamed>
2021-07-14T12:07:00.672846800Z        log:  /workspace/log/04b_an_descriptive_table_2_MAIN.log
2021-07-14T12:07:00.672851200Z   log type:  text
2021-07-14T12:07:00.672855200Z  closed on:  14 Jul 2021, 12:07:00
2021-07-14T12:07:00.672859600Z -------------------------------------------------------------------------------
2021-07-14T12:07:00.672864200Z 
2021-07-14T12:07:00.672868000Z . 
2021-07-14T12:07:00.672871900Z end of do-file
2021-07-14T12:07:00.672875900Z 
2021-07-14T12:07:00.672879700Z . . file open output using "/tmp/tmp.luf4jSSK1v", write text replace
2021-07-14T12:07:00.672884400Z 
2021-07-14T12:07:00.672888300Z . . file write output "success" 
2021-07-14T12:07:00.672892700Z 
2021-07-14T12:07:00.672896700Z . . file close output
2021-07-14T12:07:00.672900800Z 
2021-07-14T12:07:00.672904700Z . 
2021-07-14T12:07:00.672908600Z end of do-file
2021-07-14T12:07:00.672912600Z 
2021-07-14T12:07:00.672916700Z 
2021-07-14T12:07:00.705768300Z . 

state: succeeded
commit: none
docker_image_id: sha256:2cfae55f0ae53b85c43f26639279eb9d1deb03aff879163255761854461f4ca9
exit_code: 0
job_id: cmkabkq4ajylwbts
run_by_user: qc18278
created_at: 2021-07-14T12:02:51Z
started_at: 2021-07-14T12:06:59Z
completed_at: 2021-07-14T12:08:06Z

Completed successfully

outputs:
  log/04b_an_descriptive_table_2_MAIN.log              - moderately_sensitive
  output/04b_an_descriptive_table_2_MAIN_ageband0.txt  - moderately_sensitive
  output/04b_an_descriptive_table_2_MAIN_ageband1.txt  - moderately_sensitive