2021-07-14T10:05:49.580268100Z 
2021-07-14T10:05:49.580316500Z   ___  ____  ____  ____  ____ (R)
2021-07-14T10:05:49.580322700Z  /__    /   ____/   /   ____/
2021-07-14T10:05:49.580325400Z ___/   /   /___/   /   /___/   16.1   Copyright 1985-2019 StataCorp LLC
2021-07-14T10:05:49.580328600Z   Statistics/Data Analysis            StataCorp
2021-07-14T10:05:49.580331700Z                                       4905 Lakeway Drive
2021-07-14T10:05:49.580334700Z                                       College Station, Texas 77845 USA
2021-07-14T10:05:49.580338100Z                                       800-STATA-PC        http://www.stata.com
2021-07-14T10:05:49.580341100Z                                       979-696-4600        stata@stata.com
2021-07-14T10:05:49.580344200Z                                       979-696-4601 (fax)
2021-07-14T10:05:49.580347300Z 
2021-07-14T10:05:49.580350200Z 3-user Stata network license expires 11 May 2022:
2021-07-14T10:05:49.580353000Z        Serial number:  501709312237
2021-07-14T10:05:49.580355900Z          Licensed to:  The Bennett Institute
2021-07-14T10:05:49.580358900Z                        Oxford University
2021-07-14T10:05:49.580881600Z 
2021-07-14T10:05:49.580890500Z Notes:
2021-07-14T10:05:49.580893100Z       1.  Unicode is supported; see help unicode_advice.
2021-07-14T10:05:49.580895200Z 
2021-07-14T10:05:49.580897100Z . do "analysis/04b_an_descriptive_table_2.wrapper.do" covidadmission 
2021-07-14T10:05:49.580899500Z 
2021-07-14T10:05:49.580901300Z . . do "analysis/04b_an_descriptive_table_2.do" "covidadmission"
2021-07-14T10:05:49.580903400Z 
2021-07-14T10:05:49.580905200Z . *************************************************************************
2021-07-14T10:05:49.580907200Z . 
2021-07-14T10:05:49.580909000Z . *Exposure children and COVID risk
2021-07-14T10:05:49.580910900Z . 
2021-07-14T10:05:49.580912700Z . *DO file name:  04b_an_descriptive_table_2
2021-07-14T10:05:49.580914700Z . 
2021-07-14T10:05:49.580916500Z . *Purpose: Create content that is ready to paste into a pre-formatted Word
2021-07-14T10:05:49.580918500Z . * shell "Table 2" (main cohort descriptives by outcome status).
2021-07-14T10:05:49.580920900Z . *
2021-07-14T10:05:49.580923500Z . *Requires: final analysis dataset (analysis_dataset.dta)
2021-07-14T10:05:49.580926500Z . *
2021-07-14T10:05:49.580929500Z . *Coding: HFORBES, based on Krishnan Bhaskaran
2021-07-14T10:05:49.580932800Z . *
2021-07-14T10:05:49.580936200Z . *Date drafted: 30th June 2020
2021-07-14T10:05:49.580938300Z . *************************************************************************
2021-07-14T10:05:49.580940400Z . 
2021-07-14T10:05:49.580942300Z . 
2021-07-14T10:05:49.580951200Z . * Set globals that will print in programs and direct output
2021-07-14T10:05:49.580954700Z . global outdir     "output"
2021-07-14T10:05:49.581039700Z 
2021-07-14T10:05:49.581048800Z . global logdir     "log"
2021-07-14T10:05:49.581052500Z 
2021-07-14T10:05:49.581055500Z . global tempdir    "tempdata"
2021-07-14T10:05:49.581058700Z 
2021-07-14T10:05:49.581061700Z . 
2021-07-14T10:05:49.581064700Z . 
2021-07-14T10:05:49.581067900Z . local outcome `1'
2021-07-14T10:05:49.581070900Z 
2021-07-14T10:05:49.581073700Z . 
2021-07-14T10:05:49.581076500Z . * Open a log file
2021-07-14T10:05:49.581079400Z . capture log close
2021-07-14T10:05:49.581082200Z 
2021-07-14T10:05:49.581084800Z . log using "04b_an_descriptive_table_2_`outcome'.log", text replace
2021-07-14T10:05:49.581090300Z (note: file /workspace/04b_an_descriptive_table_2_covidadmission.log not found)
2021-07-14T10:05:49.581198700Z -------------------------------------------------------------------------------
2021-07-14T10:05:49.581207200Z       name:  <unnamed>
2021-07-14T10:05:49.581211300Z        log:  /workspace/04b_an_descriptive_table_2_covidadmission.log
2021-07-14T10:05:49.581215100Z   log type:  text
2021-07-14T10:05:49.581217400Z  opened on:  14 Jul 2021, 10:05:49
2021-07-14T10:05:49.581219400Z 
2021-07-14T10:05:49.581221400Z . 
2021-07-14T10:05:49.581223200Z . 
2021-07-14T10:05:49.581225000Z . *****************************************************************************
2021-07-14T10:05:49.581227200Z > **
2021-07-14T10:05:49.581229100Z . *Generic code to output one row of table
2021-07-14T10:05:49.581230900Z . cap prog drop generaterow
2021-07-14T10:05:49.581232800Z 
2021-07-14T10:05:49.581234600Z . program define generaterow
2021-07-14T10:05:49.581236800Z   1. syntax, variable(varname) condition(string) outcome(string)
2021-07-14T10:05:49.581240500Z   2. 
2021-07-14T10:05:49.581242600Z .         *put the varname and condition to left so that alignment can be check
2021-07-14T10:05:49.581245400Z > ed vs shell
2021-07-14T10:05:49.581248300Z .         file write tablecontent ("`variable'") _tab ("`condition'") _tab
2021-07-14T10:05:49.581329000Z   3. 
2021-07-14T10:05:49.581335900Z .         cou
2021-07-14T10:05:49.581339400Z   4.         local overalldenom=r(N)
2021-07-14T10:05:49.581342700Z   5. 
2021-07-14T10:05:49.581345900Z .         cou if `variable' `condition'
2021-07-14T10:05:49.581349000Z   6.         local rowdenom = r(N)
2021-07-14T10:05:49.581396900Z   7.         local colpct = 100*(r(N)/`overalldenom')
2021-07-14T10:05:49.581403400Z   8.         file write tablecontent (`rowdenom')  (" (") %3.1f (`colpct') (")"
2021-07-14T10:05:49.581429600Z > ) _tab
2021-07-14T10:05:49.581433100Z   9. 
2021-07-14T10:05:49.581435100Z .         cou if `outcome'==1 & `variable' `condition'
2021-07-14T10:05:49.581438300Z  10.         local pct = 100*(r(N)/`rowdenom')
2021-07-14T10:05:49.581441400Z  11.         file write tablecontent (r(N)) (" (") %4.2f  (`pct') (")") _n
2021-07-14T10:05:49.581525800Z  12. 
2021-07-14T10:05:49.581535900Z . 
2021-07-14T10:05:49.581539900Z . end
2021-07-14T10:05:49.581543200Z 
2021-07-14T10:05:49.581546100Z . 
2021-07-14T10:05:49.581549200Z . *****************************************************************************
2021-07-14T10:05:49.581552700Z > **
2021-07-14T10:05:49.581556100Z . *Generic code to output one section (varible) within table (calls above)
2021-07-14T10:05:49.581559200Z . cap prog drop tabulatevariable
2021-07-14T10:05:49.581562300Z 
2021-07-14T10:05:49.581565200Z . prog define tabulatevariable
2021-07-14T10:05:49.581570700Z   1. syntax, variable(varname) start(real) end(real) [missing] outcome(string)
2021-07-14T10:05:49.581574400Z   2. 
2021-07-14T10:05:49.581577100Z .         foreach varlevel of numlist `start'/`end'{
2021-07-14T10:05:49.581694500Z   3.                 generaterow, variable(`variable') condition("==`varlevel'"
2021-07-14T10:05:49.581703500Z > ) outcome(`outcome')
2021-07-14T10:05:49.581706000Z   4.         }
2021-07-14T10:05:49.581708100Z   5.         if "`missing'"!="" generaterow, variable(`variable') condition(">=
2021-07-14T10:05:49.581710400Z > .") outcome(`outcome')
2021-07-14T10:05:49.581712500Z   6. 
2021-07-14T10:05:49.581714500Z . end
2021-07-14T10:05:49.581716500Z 
2021-07-14T10:05:49.581810900Z . 
2021-07-14T10:05:49.581819100Z . *****************************************************************************
2021-07-14T10:05:49.581823800Z > **
2021-07-14T10:05:49.581826900Z . 
2021-07-14T10:05:49.581829900Z . 
2021-07-14T10:05:49.581832800Z . forvalues x=0/1 {
2021-07-14T10:05:49.581835600Z   2. 
2021-07-14T10:05:49.581838700Z . *Set up output file
2021-07-14T10:05:49.581841800Z . cap file close tablecontent
2021-07-14T10:05:49.581845000Z   3. file open tablecontent using ./output/04b_an_descriptive_table_2_`outcome'
2021-07-14T10:05:49.581848400Z > _ageband`x'.txt, write text replace
2021-07-14T10:05:49.581854000Z   4. 
2021-07-14T10:05:49.581863700Z . 
2021-07-14T10:05:49.581867100Z . use $tempdir/analysis_dataset_ageband_`x', clear
2021-07-14T10:05:49.581870100Z   5. 
2021-07-14T10:05:49.581873100Z . 
2021-07-14T10:05:49.581875900Z . gen byte cons=1
2021-07-14T10:05:49.581878900Z   6. tabulatevariable, variable(cons) start(1) end(1) outcome(`outcome')
2021-07-14T10:05:49.581882200Z   7. file write tablecontent _n
2021-07-14T10:05:49.581885600Z   8. 
2021-07-14T10:05:49.582036700Z . tabulatevariable, variable(agegroup) start(1) end(7) outcome(`outcome')
2021-07-14T10:05:49.582043500Z   9. file write tablecontent _n
2021-07-14T10:05:49.582047000Z  10. 
2021-07-14T10:05:49.582050200Z . tabulatevariable, variable(male) start(0) end(1) outcome(`outcome')
2021-07-14T10:05:49.582053300Z  11. file write tablecontent _n
2021-07-14T10:05:49.582056500Z  12. 
2021-07-14T10:05:49.582059600Z . tabulatevariable, variable(bmicat) start(1) end(6) missing outcome(`outcome')
2021-07-14T10:05:49.582062600Z  13. file write tablecontent _n
2021-07-14T10:05:49.582064500Z  14. 
2021-07-14T10:05:49.582066300Z . tabulatevariable, variable(smoke) start(1) end(3) missing outcome(`outcome')
2021-07-14T10:05:49.582068100Z  15. file write tablecontent _n
2021-07-14T10:05:49.582070000Z  16. 
2021-07-14T10:05:49.582164800Z . tabulatevariable, variable(ethnicity) start(1) end(5) missing outcome(`outcom
2021-07-14T10:05:49.582173100Z > e')
2021-07-14T10:05:49.582177100Z  17. file write tablecontent _n
2021-07-14T10:05:49.582180300Z  18. 
2021-07-14T10:05:49.582183200Z . tabulatevariable, variable(imd) start(1) end(5) outcome(`outcome')
2021-07-14T10:05:49.582186300Z  19. file write tablecontent _n
2021-07-14T10:05:49.582189600Z  20. 
2021-07-14T10:05:49.582194600Z . tabulatevariable, variable(tot_adults_hh) start(1) end(3) outcome(`outcome')
2021-07-14T10:05:49.582198200Z  21. file write tablecontent _n
2021-07-14T10:05:49.582201300Z  22. 
2021-07-14T10:05:49.582204200Z . tabulatevariable, variable(bpcat) start(1) end(4) missing outcome(`outcome')
2021-07-14T10:05:49.582206900Z  23. tabulatevariable, variable(htdiag_or_highbp) start(1) end(1) outcome(`outc
2021-07-14T10:05:49.582208900Z > ome')
2021-07-14T10:05:49.582210700Z  24. file write tablecontent _n
2021-07-14T10:05:49.582212700Z  25. 
2021-07-14T10:05:49.582214600Z . **COMORBIDITIES
2021-07-14T10:05:49.582277600Z . *RESPIRATORY
2021-07-14T10:05:49.582286100Z . tabulatevariable, variable(chronic_respiratory_disease) start(1) end(1) outco
2021-07-14T10:05:49.582289300Z > me(`outcome')
2021-07-14T10:05:49.582291300Z  26. *ASTHMA
2021-07-14T10:05:49.582357800Z . tabulatevariable, variable(asthma) start(1) end(1) outcome(`outcome') /*ever 
2021-07-14T10:05:49.582371100Z > asthma*/
2021-07-14T10:05:49.582375300Z  27. *CARDIAC
2021-07-14T10:05:49.582378400Z . tabulatevariable, variable(chronic_cardiac_disease) start(1) end(1) outcome(`
2021-07-14T10:05:49.582381700Z > outcome')
2021-07-14T10:05:49.582385000Z  28. file write tablecontent _n
2021-07-14T10:05:49.582387800Z  29. *DIABETES
2021-07-14T10:05:49.582390700Z . tabulatevariable, variable(diabcat) start(1) end(6) outcome(`outcome')
2021-07-14T10:05:49.582440100Z  30. file write tablecontent _n
2021-07-14T10:05:49.582450600Z  31. *CANCER EX HAEM
2021-07-14T10:05:49.582453900Z . tabulatevariable, variable(cancer_haem_cat) start(2) end(4) outcome(`outcome'
2021-07-14T10:05:49.582455900Z > ) /*<1, 1-4.9, 5+ years ago*/
2021-07-14T10:05:49.582458000Z  32. file write tablecontent _n
2021-07-14T10:05:49.582459800Z  33. *CANCER HAEM
2021-07-14T10:05:49.582461600Z . tabulatevariable, variable(cancer_exhaem_cat) start(2) end(4) outcome(`outcom
2021-07-14T10:05:49.582463700Z > e') /*<1, 1-4.9, 5+ years ago*/
2021-07-14T10:05:49.582466500Z  34. file write tablecontent _n
2021-07-14T10:05:49.582468500Z  35. *REDUCED KIDNEY FUNCTION
2021-07-14T10:05:49.582553700Z . tabulatevariable, variable(reduced_kidney_function_cat) start(2) end(3) outco
2021-07-14T10:05:49.582561900Z > me(`outcome')
2021-07-14T10:05:49.582565500Z  36. *ESRD
2021-07-14T10:05:49.582568500Z . tabulatevariable, variable(esrd) start(1) end(1) outcome(`outcome')
2021-07-14T10:05:49.582571500Z  37. *LIVER
2021-07-14T10:05:49.582574700Z . tabulatevariable, variable(chronic_liver_disease) start(1) end(1) outcome(`ou
2021-07-14T10:05:49.582577900Z > tcome')
2021-07-14T10:05:49.582580900Z  38. *STROKE/DEMENTIA
2021-07-14T10:05:49.582583700Z . tabulatevariable, variable(stroke_dementia) start(1) end(1) outcome(`outcome'
2021-07-14T10:05:49.582586700Z > )
2021-07-14T10:05:49.582589500Z  39. *OTHER NEURO
2021-07-14T10:05:49.582592400Z . tabulatevariable, variable(other_neuro) start(1) end(1) outcome(`outcome')
2021-07-14T10:05:49.582595400Z  40. *ORGAN TRANSPLANT
2021-07-14T10:05:49.582598300Z . tabulatevariable, variable(other_transplant) start(1) end(1) outcome(`outcome
2021-07-14T10:05:49.582601600Z > ')
2021-07-14T10:05:49.582604800Z  41. *SPLEEN
2021-07-14T10:05:49.582678100Z . tabulatevariable, variable(asplenia) start(1) end(1) outcome(`outcome')
2021-07-14T10:05:49.582687500Z  42. *RA_SLE_PSORIASIS
2021-07-14T10:05:49.582691600Z . tabulatevariable, variable(ra_sle_psoriasis) start(1) end(1) outcome(`outcome
2021-07-14T10:05:49.582694800Z > ')
2021-07-14T10:05:49.582704500Z  43. *OTHER IMMUNOSUPPRESSION
2021-07-14T10:05:49.582708800Z . tabulatevariable, variable(other_immuno) start(1) end(1) outcome(`outcome')
2021-07-14T10:05:49.582712200Z  44. 
2021-07-14T10:05:49.582715100Z . *OTHER IMMUNOSUPPRESSION
2021-07-14T10:05:49.582717300Z . tabulatevariable, variable(shield) start(1) end(1) outcome(`outcome')
2021-07-14T10:05:49.582719300Z  45. 
2021-07-14T10:05:49.582721200Z . file close tablecontent
2021-07-14T10:05:49.582723200Z  46. 
2021-07-14T10:05:49.582725200Z . }
2021-07-14T10:05:49.610240000Z (note: file ./output/04b_an_descriptive_table_2_covidadmission_ageband0.txt not
2021-07-14T10:05:49.610254500Z >  found)
2021-07-14T10:05:49.610257400Z   10,689
2021-07-14T10:05:49.610259400Z   10,689
2021-07-14T10:05:49.610261200Z   1,112
2021-07-14T10:05:49.610262900Z   10,689
2021-07-14T10:05:49.610264900Z   2,723
2021-07-14T10:05:49.610266600Z   275
2021-07-14T10:05:49.610268400Z   10,689
2021-07-14T10:05:49.610270200Z   2,293
2021-07-14T10:05:49.610271900Z   248
2021-07-14T10:05:49.610273600Z   10,689
2021-07-14T10:05:49.610275300Z   2,159
2021-07-14T10:05:49.610277100Z   224
2021-07-14T10:05:49.610279000Z   10,689
2021-07-14T10:05:49.610280700Z   2,351
2021-07-14T10:05:49.610282600Z   244
2021-07-14T10:05:49.610284400Z   10,689
2021-07-14T10:05:49.610286100Z   1,163
2021-07-14T10:05:49.610287800Z   121
2021-07-14T10:05:49.610289600Z   10,689
2021-07-14T10:05:49.610291400Z   0
2021-07-14T10:05:49.610293200Z   0
2021-07-14T10:05:49.610295000Z   10,689
2021-07-14T10:05:49.610296900Z   0
2021-07-14T10:05:49.610298700Z   0
2021-07-14T10:05:49.610300400Z   10,689
2021-07-14T10:05:49.610302200Z   5,388
2021-07-14T10:05:49.610303900Z   531
2021-07-14T10:05:49.610305700Z   10,689
2021-07-14T10:05:49.610307600Z   5,301
2021-07-14T10:05:49.610309400Z   581
2021-07-14T10:05:49.610311200Z   10,689
2021-07-14T10:05:49.610313000Z   987
2021-07-14T10:05:49.610314700Z   111
2021-07-14T10:05:49.610316700Z   10,689
2021-07-14T10:05:49.610318500Z   2,463
2021-07-14T10:05:49.610320200Z   260
2021-07-14T10:05:49.610322100Z   10,689
2021-07-14T10:05:49.610323900Z   1,920
2021-07-14T10:05:49.610325700Z   195
2021-07-14T10:05:49.610327600Z   10,689
2021-07-14T10:05:49.610337600Z   1,437
2021-07-14T10:05:49.610339500Z   156
2021-07-14T10:05:49.610341300Z   10,689
2021-07-14T10:05:49.610343000Z   940
2021-07-14T10:05:49.610344900Z   74
2021-07-14T10:05:49.610346800Z   10,689
2021-07-14T10:05:49.610348600Z   624
2021-07-14T10:05:49.610350500Z   63
2021-07-14T10:05:49.610352200Z   10,689
2021-07-14T10:05:49.610353900Z   2,318
2021-07-14T10:05:49.610355600Z   253
2021-07-14T10:05:49.610357300Z   10,689
2021-07-14T10:05:49.610359300Z   389
2021-07-14T10:05:49.610361100Z   35
2021-07-14T10:05:49.610363000Z   10,689
2021-07-14T10:05:49.610364900Z   213
2021-07-14T10:05:49.610366600Z   22
2021-07-14T10:05:49.666072500Z   10,689
2021-07-14T10:05:49.666089000Z   1,276
2021-07-14T10:05:49.666092600Z   142
2021-07-14T10:05:49.666095300Z   10,689
2021-07-14T10:05:49.666098100Z   8,811
2021-07-14T10:05:49.666100800Z   913
2021-07-14T10:05:49.666103600Z   10,689
2021-07-14T10:05:49.666106400Z   8,541
2021-07-14T10:05:49.666109200Z   884
2021-07-14T10:05:49.666112000Z   10,689
2021-07-14T10:05:49.666114700Z   0
2021-07-14T10:05:49.666117500Z   0
2021-07-14T10:05:49.666120100Z   10,689
2021-07-14T10:05:49.666122600Z   1,083
2021-07-14T10:05:49.666125400Z   116
2021-07-14T10:05:49.666128200Z   10,689
2021-07-14T10:05:49.666130900Z   0
2021-07-14T10:05:49.666133500Z   0
2021-07-14T10:05:49.666135900Z   10,689
2021-07-14T10:05:49.666138600Z   1,065
2021-07-14T10:05:49.666141100Z   112
2021-07-14T10:05:49.666143800Z   10,689
2021-07-14T10:05:49.666147700Z   0
2021-07-14T10:05:49.666150500Z   0
2021-07-14T10:05:49.666153200Z   10,689
2021-07-14T10:05:49.666155900Z   7,547
2021-07-14T10:05:49.666158700Z   777
2021-07-14T10:05:49.666161400Z   10,689
2021-07-14T10:05:49.666164300Z   0
2021-07-14T10:05:49.666167400Z   0
2021-07-14T10:05:49.666170400Z   10,689
2021-07-14T10:05:49.666173500Z   0
2021-07-14T10:05:49.666175900Z   0
2021-07-14T10:05:49.666177800Z   10,689
2021-07-14T10:05:49.666179700Z   2,086
2021-07-14T10:05:49.666181500Z   233
2021-07-14T10:05:49.666183300Z   10,689
2021-07-14T10:05:49.666185100Z   1,056
2021-07-14T10:05:49.666198600Z   102
2021-07-14T10:05:49.666200600Z   10,689
2021-07-14T10:05:49.666202600Z   101
2021-07-14T10:05:49.666205100Z   12
2021-07-14T10:05:49.666207900Z   10,689
2021-07-14T10:05:49.666210600Z   130
2021-07-14T10:05:49.666213400Z   7
2021-07-14T10:05:49.666216100Z   10,689
2021-07-14T10:05:49.666219200Z   10,458
2021-07-14T10:05:49.666223700Z   1,093
2021-07-14T10:05:49.666226600Z   10,689
2021-07-14T10:05:49.666229900Z   1
2021-07-14T10:05:49.666232800Z   0
2021-07-14T10:05:49.666235700Z   10,689
2021-07-14T10:05:49.666238600Z   0
2021-07-14T10:05:49.666241700Z   0
2021-07-14T10:05:49.666244500Z   10,689
2021-07-14T10:05:49.666246400Z   14
2021-07-14T10:05:49.666248400Z   2
2021-07-14T10:05:49.666250300Z   10,689
2021-07-14T10:05:49.666252000Z   9,624
2021-07-14T10:05:49.666254000Z   1,006
2021-07-14T10:05:49.666255800Z   10,689
2021-07-14T10:05:49.666257600Z   1,050
2021-07-14T10:05:49.666259600Z   104
2021-07-14T10:05:49.666261500Z   10,689
2021-07-14T10:05:49.666263400Z   9,840
2021-07-14T10:05:49.666265300Z   1,022
2021-07-14T10:05:49.666267200Z   10,689
2021-07-14T10:05:49.666269200Z   2,185
2021-07-14T10:05:49.666271200Z   235
2021-07-14T10:05:49.666273000Z   10,689
2021-07-14T10:05:49.666275000Z   861
2021-07-14T10:05:49.666277000Z   85
2021-07-14T10:05:49.666279000Z   10,689
2021-07-14T10:05:49.733267200Z   2,147
2021-07-14T10:05:49.733296600Z   244
2021-07-14T10:05:49.733300800Z   10,689
2021-07-14T10:05:49.733304100Z   8,183
2021-07-14T10:05:49.733321200Z   863
2021-07-14T10:05:49.733324400Z   10,689
2021-07-14T10:05:49.733327300Z   270
2021-07-14T10:05:49.733330200Z   24
2021-07-14T10:05:49.733333100Z   10,689
2021-07-14T10:05:49.733336100Z   60
2021-07-14T10:05:49.733339100Z   2
2021-07-14T10:05:49.733341900Z   10,689
2021-07-14T10:05:49.733344900Z   1,794
2021-07-14T10:05:49.733347900Z   187
2021-07-14T10:05:49.733350800Z   10,689
2021-07-14T10:05:49.733353700Z   375
2021-07-14T10:05:49.733356600Z   36
2021-07-14T10:05:49.733359500Z   10,689
2021-07-14T10:05:49.733362400Z   7
2021-07-14T10:05:49.733374900Z   0
2021-07-14T10:05:49.733378000Z   10,689
2021-07-14T10:05:49.733380800Z   47
2021-07-14T10:05:49.733383300Z   7
2021-07-14T10:05:49.733385900Z   10,689
2021-07-14T10:05:49.733388600Z   152
2021-07-14T10:05:49.733391500Z   16
2021-07-14T10:05:49.733394000Z   10,689
2021-07-14T10:05:49.733396600Z   1,936
2021-07-14T10:05:49.733399300Z   192
2021-07-14T10:05:49.733402400Z   10,689
2021-07-14T10:05:49.733405100Z   54
2021-07-14T10:05:49.733407500Z   6
2021-07-14T10:05:49.733410300Z   10,689
2021-07-14T10:05:49.733413000Z   155
2021-07-14T10:05:49.733415700Z   15
2021-07-14T10:05:49.733418700Z   10,689
2021-07-14T10:05:49.733421700Z   1,946
2021-07-14T10:05:49.733424800Z   223
2021-07-14T10:05:49.733427600Z   10,689
2021-07-14T10:05:49.733430400Z   45
2021-07-14T10:05:49.733433200Z   3
2021-07-14T10:05:49.733436100Z   10,689
2021-07-14T10:05:49.733439000Z   0
2021-07-14T10:05:49.733442000Z   0
2021-07-14T10:05:49.733445000Z   10,689
2021-07-14T10:05:49.733447900Z   3,880
2021-07-14T10:05:49.733450500Z   428
2021-07-14T10:05:49.733452900Z   10,689
2021-07-14T10:05:49.733455300Z   2,148
2021-07-14T10:05:49.733458100Z   228
2021-07-14T10:05:49.733460600Z   10,689
2021-07-14T10:05:49.733463200Z   2,182
2021-07-14T10:05:49.733465600Z   224
2021-07-14T10:05:49.733468000Z   10,689
2021-07-14T10:05:49.733470500Z   2,140
2021-07-14T10:05:49.733473100Z   218
2021-07-14T10:05:49.733475600Z   10,689
2021-07-14T10:05:49.733478000Z   2,107
2021-07-14T10:05:49.733480800Z   226
2021-07-14T10:05:49.733483500Z   10,689
2021-07-14T10:05:49.733485900Z   2,095
2021-07-14T10:05:49.733488500Z   220
2021-07-14T10:05:49.733490900Z   10,689
2021-07-14T10:05:49.733493300Z   2,139
2021-07-14T10:05:49.733495700Z   221
2021-07-14T10:05:49.733498500Z   10,689
2021-07-14T10:05:49.733501000Z   3,811
2021-07-14T10:05:49.733503800Z   379
2021-07-14T10:05:49.733506300Z   10,689
2021-07-14T10:05:49.733508800Z   9,351
2021-07-14T10:05:49.733511500Z   979
2021-07-14T10:05:49.743807500Z (note: file ./output/04b_an_descriptive_table_2_covidadmission_ageband1.txt not
2021-07-14T10:05:49.743821000Z >  found)
2021-07-14T10:05:49.743831600Z   2,981
2021-07-14T10:05:49.743833800Z   2,981
2021-07-14T10:05:49.743835700Z   323
2021-07-14T10:05:49.743837500Z   2,981
2021-07-14T10:05:49.743839500Z   0
2021-07-14T10:05:49.743841300Z   0
2021-07-14T10:05:49.743843400Z   2,981
2021-07-14T10:05:49.743846400Z   0
2021-07-14T10:05:49.743849300Z   0
2021-07-14T10:05:49.743852300Z   2,981
2021-07-14T10:05:49.743855300Z   0
2021-07-14T10:05:49.743858400Z   0
2021-07-14T10:05:49.743861500Z   2,981
2021-07-14T10:05:49.743864400Z   0
2021-07-14T10:05:49.743867200Z   0
2021-07-14T10:05:49.743869900Z   2,981
2021-07-14T10:05:49.743872600Z   723
2021-07-14T10:05:49.743875600Z   92
2021-07-14T10:05:49.743878500Z   2,981
2021-07-14T10:05:49.743881700Z   1,434
2021-07-14T10:05:49.743884800Z   150
2021-07-14T10:05:49.743887300Z   2,981
2021-07-14T10:05:49.743889200Z   824
2021-07-14T10:05:49.743891100Z   81
2021-07-14T10:05:49.743892900Z   2,981
2021-07-14T10:05:49.743894700Z   1,500
2021-07-14T10:05:49.743896500Z   166
2021-07-14T10:05:49.743898300Z   2,981
2021-07-14T10:05:49.743900300Z   1,481
2021-07-14T10:05:49.743902100Z   157
2021-07-14T10:05:49.743904000Z   2,981
2021-07-14T10:05:49.743905900Z   279
2021-07-14T10:05:49.743907700Z   29
2021-07-14T10:05:49.743909400Z   2,981
2021-07-14T10:05:49.743911600Z   708
2021-07-14T10:05:49.743913400Z   71
2021-07-14T10:05:49.743915300Z   2,981
2021-07-14T10:05:49.743917200Z   550
2021-07-14T10:05:49.743919100Z   72
2021-07-14T10:05:49.743920900Z   2,981
2021-07-14T10:05:49.743922700Z   440
2021-07-14T10:05:49.743924500Z   40
2021-07-14T10:05:49.743926300Z   2,981
2021-07-14T10:05:49.743928100Z   277
2021-07-14T10:05:49.743940700Z   33
2021-07-14T10:05:49.743966800Z   2,981
2021-07-14T10:05:49.743972700Z   150
2021-07-14T10:05:49.743975800Z   11
2021-07-14T10:05:49.743978500Z   2,981
2021-07-14T10:05:49.743980900Z   577
2021-07-14T10:05:49.743983500Z   67
2021-07-14T10:05:49.743985700Z   2,981
2021-07-14T10:05:49.743988100Z   123
2021-07-14T10:05:49.743990700Z   16
2021-07-14T10:05:49.743993100Z   2,981
2021-07-14T10:05:49.744019000Z   61
2021-07-14T10:05:49.744022100Z   8
2021-07-14T10:05:49.744024600Z   2,981
2021-07-14T10:05:49.744027200Z   380
2021-07-14T10:05:49.744029800Z   34
2021-07-14T10:05:49.744032700Z   2,981
2021-07-14T10:05:49.744035300Z   2,417
2021-07-14T10:05:49.744039000Z   265
2021-07-14T10:05:49.744041300Z   2,981
2021-07-14T10:05:49.744044000Z   2,396
2021-07-14T10:05:49.755227800Z   251
2021-07-14T10:05:49.755243000Z   2,981
2021-07-14T10:05:49.755245800Z   0
2021-07-14T10:05:49.755247700Z   0
2021-07-14T10:05:49.755249500Z   2,981
2021-07-14T10:05:49.755251300Z   281
2021-07-14T10:05:49.755253200Z   33
2021-07-14T10:05:49.755255000Z   2,981
2021-07-14T10:05:49.755256800Z   0
2021-07-14T10:05:49.755258600Z   0
2021-07-14T10:05:49.755260400Z   2,981
2021-07-14T10:05:49.755262300Z   304
2021-07-14T10:05:49.755264100Z   39
2021-07-14T10:05:49.755265900Z   2,981
2021-07-14T10:05:49.755267900Z   0
2021-07-14T10:05:49.755269700Z   0
2021-07-14T10:05:49.755271600Z   2,981
2021-07-14T10:05:49.755273400Z   2,054
2021-07-14T10:05:49.755275200Z   207
2021-07-14T10:05:49.755277500Z   2,981
2021-07-14T10:05:49.755279300Z   0
2021-07-14T10:05:49.755281100Z   0
2021-07-14T10:05:49.755283000Z   2,981
2021-07-14T10:05:49.755284900Z   0
2021-07-14T10:05:49.755286700Z   0
2021-07-14T10:05:49.755288600Z   2,981
2021-07-14T10:05:49.755290400Z   606
2021-07-14T10:05:49.755292100Z   72
2021-07-14T10:05:49.755293900Z   2,981
2021-07-14T10:05:49.755295700Z   321
2021-07-14T10:05:49.755297600Z   44
2021-07-14T10:05:49.755299400Z   2,981
2021-07-14T10:05:49.755301300Z   21
2021-07-14T10:05:49.755303100Z   3
2021-07-14T10:05:49.755304900Z   2,981
2021-07-14T10:05:49.755306700Z   25
2021-07-14T10:05:49.755308500Z   5
2021-07-14T10:05:49.755310200Z   2,981
2021-07-14T10:05:49.755312100Z   2,935
2021-07-14T10:05:49.755314000Z   315
2021-07-14T10:05:49.755315800Z   2,981
2021-07-14T10:05:49.755317700Z   0
2021-07-14T10:05:49.755319500Z   0
2021-07-14T10:05:49.755321200Z   2,981
2021-07-14T10:05:49.755323000Z   0
2021-07-14T10:05:49.755324800Z   0
2021-07-14T10:05:49.755337100Z   2,981
2021-07-14T10:05:49.755339300Z   5
2021-07-14T10:05:49.755341200Z   0
2021-07-14T10:05:49.755343000Z   2,981
2021-07-14T10:05:49.755344900Z   2,691
2021-07-14T10:05:49.755346700Z   292
2021-07-14T10:05:49.755348500Z   2,981
2021-07-14T10:05:49.755350200Z   285
2021-07-14T10:05:49.755352200Z   31
2021-07-14T10:05:49.755354100Z   2,981
2021-07-14T10:05:49.755356000Z   2,745
2021-07-14T10:05:49.755357800Z   296
2021-07-14T10:05:49.755359600Z   2,981
2021-07-14T10:05:49.755361500Z   577
2021-07-14T10:05:49.755363300Z   55
2021-07-14T10:05:49.755365000Z   2,981
2021-07-14T10:05:49.755367000Z   252
2021-07-14T10:05:49.755368900Z   24
2021-07-14T10:05:49.755370800Z   2,981
2021-07-14T10:05:49.755372700Z   615
2021-07-14T10:05:49.755374500Z   68
2021-07-14T10:05:49.755376300Z   2,981
2021-07-14T10:05:49.755379000Z   2,290
2021-07-14T10:05:49.755380800Z   250
2021-07-14T10:05:49.755382800Z   2,981
2021-07-14T10:05:49.755384700Z   91
2021-07-14T10:05:49.755386600Z   8
2021-07-14T10:05:49.755388500Z   2,981
2021-07-14T10:05:49.755390200Z   17
2021-07-14T10:05:49.755392000Z   2
2021-07-14T10:05:49.755393800Z   2,981
2021-07-14T10:05:49.755395600Z   482
2021-07-14T10:05:49.755397500Z   49
2021-07-14T10:05:49.755399400Z   2,981
2021-07-14T10:05:49.755401300Z   99
2021-07-14T10:05:49.755403200Z   14
2021-07-14T10:05:49.755405000Z   2,981
2021-07-14T10:05:49.755406900Z   2
2021-07-14T10:05:49.762433900Z   0
2021-07-14T10:05:49.762452800Z   2,981
2021-07-14T10:05:49.762458200Z   14
2021-07-14T10:05:49.762461700Z   2
2021-07-14T10:05:49.762464800Z   2,981
2021-07-14T10:05:49.762468200Z   41
2021-07-14T10:05:49.762470100Z   5
2021-07-14T10:05:49.762472100Z   2,981
2021-07-14T10:05:49.762473900Z   554
2021-07-14T10:05:49.762475700Z   64
2021-07-14T10:05:49.762477500Z   2,981
2021-07-14T10:05:49.762479300Z   11
2021-07-14T10:05:49.762481100Z   0
2021-07-14T10:05:49.762482900Z   2,981
2021-07-14T10:05:49.762484700Z   38
2021-07-14T10:05:49.762486600Z   6
2021-07-14T10:05:49.762488400Z   2,981
2021-07-14T10:05:49.762496300Z   565
2021-07-14T10:05:49.762498400Z   64
2021-07-14T10:05:49.762500200Z   2,981
2021-07-14T10:05:49.762502000Z   120
2021-07-14T10:05:49.762503900Z   12
2021-07-14T10:05:49.762505700Z   2,981
2021-07-14T10:05:49.762507700Z   0
2021-07-14T10:05:49.762509500Z   0
2021-07-14T10:05:49.762511400Z   2,981
2021-07-14T10:05:49.762513300Z   1,063
2021-07-14T10:05:49.762515100Z   123
2021-07-14T10:05:49.762516900Z   2,981
2021-07-14T10:05:49.762518700Z   627
2021-07-14T10:05:49.762520500Z   64
2021-07-14T10:05:49.762522400Z   2,981
2021-07-14T10:05:49.762524300Z   554
2021-07-14T10:05:49.762526200Z   71
2021-07-14T10:05:49.762528100Z   2,981
2021-07-14T10:05:49.762529900Z   588
2021-07-14T10:05:49.762531700Z   57
2021-07-14T10:05:49.762533500Z   2,981
2021-07-14T10:05:49.762535300Z   572
2021-07-14T10:05:49.762537200Z   62
2021-07-14T10:05:49.762539100Z   2,981
2021-07-14T10:05:49.762540900Z   613
2021-07-14T10:05:49.762542700Z   79
2021-07-14T10:05:49.762544500Z   2,981
2021-07-14T10:05:49.762546300Z   598
2021-07-14T10:05:49.762548100Z   74
2021-07-14T10:05:49.762549800Z   2,981
2021-07-14T10:05:49.762551800Z   1,073
2021-07-14T10:05:49.762553700Z   120
2021-07-14T10:05:49.762555500Z   2,981
2021-07-14T10:05:49.762557400Z   2,621
2021-07-14T10:05:49.762559200Z   278
2021-07-14T10:05:49.762561000Z 
2021-07-14T10:05:49.762562900Z . 
2021-07-14T10:05:49.762564700Z . log close
2021-07-14T10:05:49.762566800Z       name:  <unnamed>
2021-07-14T10:05:49.762570000Z        log:  /workspace/04b_an_descriptive_table_2_covidadmission.log
2021-07-14T10:05:49.762572200Z   log type:  text
2021-07-14T10:05:49.762574200Z  closed on:  14 Jul 2021, 10:05:49
2021-07-14T10:05:49.762576100Z -------------------------------------------------------------------------------
2021-07-14T10:05:49.762578100Z 
2021-07-14T10:05:49.762579900Z . 
2021-07-14T10:05:49.762581700Z end of do-file
2021-07-14T10:05:49.762583600Z 
2021-07-14T10:05:49.762585500Z . . file open output using "/tmp/tmp.69nbjSlos2", write text replace
2021-07-14T10:05:49.762587700Z 
2021-07-14T10:05:49.762589600Z . . file write output "success" 
2021-07-14T10:05:49.762591600Z 
2021-07-14T10:05:49.762595700Z . . file close output
2021-07-14T10:05:49.762597500Z 
2021-07-14T10:05:49.762599300Z . 
2021-07-14T10:05:49.762601300Z end of do-file
2021-07-14T10:05:49.762603300Z 
2021-07-14T10:05:49.762605100Z 
2021-07-14T10:05:49.781737000Z . 

state: succeeded
commit: none
docker_image_id: sha256:2cfae55f0ae53b85c43f26639279eb9d1deb03aff879163255761854461f4ca9
exit_code: 0
job_id: u4otadpzs22xmy4q
run_by_user: qc18278
created_at: 2021-07-14T10:05:02Z
started_at: 2021-07-14T10:05:49Z
completed_at: 2021-07-14T10:06:23Z

Completed successfully

outputs:
  04b_an_descriptive_table_2_covidadmission.log                  - moderately_sensitive
  output/04b_an_descriptive_table_2_covidadmission_ageband0.txt  - moderately_sensitive
  output/04b_an_descriptive_table_2_covidadmission_ageband1.txt  - moderately_sensitive