2021-07-14T10:15:52.038521500Z 
2021-07-14T10:15:52.038570600Z   ___  ____  ____  ____  ____ (R)
2021-07-14T10:15:52.038576000Z  /__    /   ____/   /   ____/
2021-07-14T10:15:52.038579200Z ___/   /   /___/   /   /___/   16.1   Copyright 1985-2019 StataCorp LLC
2021-07-14T10:15:52.038582300Z   Statistics/Data Analysis            StataCorp
2021-07-14T10:15:52.038585300Z                                       4905 Lakeway Drive
2021-07-14T10:15:52.038588200Z                                       College Station, Texas 77845 USA
2021-07-14T10:15:52.038591300Z                                       800-STATA-PC        http://www.stata.com
2021-07-14T10:15:52.038594400Z                                       979-696-4600        stata@stata.com
2021-07-14T10:15:52.038597300Z                                       979-696-4601 (fax)
2021-07-14T10:15:52.038600200Z 
2021-07-14T10:15:52.038602800Z 3-user Stata network license expires 11 May 2022:
2021-07-14T10:15:52.038605700Z        Serial number:  501709312237
2021-07-14T10:15:52.038608700Z          Licensed to:  The Bennett Institute
2021-07-14T10:15:52.038612100Z                        Oxford University
2021-07-14T10:15:52.039191600Z 
2021-07-14T10:15:52.039221900Z Notes:
2021-07-14T10:15:52.039229100Z       1.  Unicode is supported; see help unicode_advice.
2021-07-14T10:15:52.039232900Z 
2021-07-14T10:15:52.039235900Z . do "analysis/04b_an_descriptive_table_2.wrapper.do" non_covid_death 
2021-07-14T10:15:52.039239300Z 
2021-07-14T10:15:52.039242100Z . . do "analysis/04b_an_descriptive_table_2.do" "non_covid_death"
2021-07-14T10:15:52.039245400Z 
2021-07-14T10:15:52.039248200Z . *************************************************************************
2021-07-14T10:15:52.039251400Z . 
2021-07-14T10:15:52.039267800Z . *Exposure children and COVID risk
2021-07-14T10:15:52.039270800Z . 
2021-07-14T10:15:52.039273500Z . *DO file name:  04b_an_descriptive_table_2
2021-07-14T10:15:52.039294900Z . 
2021-07-14T10:15:52.039298000Z . *Purpose: Create content that is ready to paste into a pre-formatted Word
2021-07-14T10:15:52.039300200Z . * shell "Table 2" (main cohort descriptives by outcome status).
2021-07-14T10:15:52.039302400Z . *
2021-07-14T10:15:52.039304300Z . *Requires: final analysis dataset (analysis_dataset.dta)
2021-07-14T10:15:52.039307000Z . *
2021-07-14T10:15:52.039309800Z . *Coding: HFORBES, based on Krishnan Bhaskaran
2021-07-14T10:15:52.039312800Z . *
2021-07-14T10:15:52.039315600Z . *Date drafted: 30th June 2020
2021-07-14T10:15:52.039318600Z . *************************************************************************
2021-07-14T10:15:52.039321800Z . 
2021-07-14T10:15:52.039325000Z . 
2021-07-14T10:15:52.039333800Z . * Set globals that will print in programs and direct output
2021-07-14T10:15:52.039337600Z . global outdir     "output"
2021-07-14T10:15:52.039339700Z 
2021-07-14T10:15:52.039341700Z . global logdir     "log"
2021-07-14T10:15:52.039343800Z 
2021-07-14T10:15:52.039345600Z . global tempdir    "tempdata"
2021-07-14T10:15:52.039347900Z 
2021-07-14T10:15:52.039349800Z . 
2021-07-14T10:15:52.039351700Z . 
2021-07-14T10:15:52.039353600Z . local outcome `1'
2021-07-14T10:15:52.039357900Z 
2021-07-14T10:15:52.039359900Z . 
2021-07-14T10:15:52.039361700Z . * Open a log file
2021-07-14T10:15:52.039363500Z . capture log close
2021-07-14T10:15:52.039365400Z 
2021-07-14T10:15:52.039367300Z . log using "$logdir/04b_an_descriptive_table_2_`outcome'.log", text replace
2021-07-14T10:15:52.039466200Z (note: file /workspace/log/04b_an_descriptive_table_2_non_covid_death.log not f
2021-07-14T10:15:52.039477200Z > ound)
2021-07-14T10:15:52.039481600Z -------------------------------------------------------------------------------
2021-07-14T10:15:52.039484700Z       name:  <unnamed>
2021-07-14T10:15:52.039487800Z        log:  /workspace/log/04b_an_descriptive_table_2_non_covid_death.log
2021-07-14T10:15:52.039490700Z   log type:  text
2021-07-14T10:15:52.039493700Z  opened on:  14 Jul 2021, 10:15:52
2021-07-14T10:15:52.039496500Z 
2021-07-14T10:15:52.039499500Z . 
2021-07-14T10:15:52.039502100Z . 
2021-07-14T10:15:52.039504700Z . *****************************************************************************
2021-07-14T10:15:52.039507600Z > **
2021-07-14T10:15:52.039510600Z . *Generic code to output one row of table
2021-07-14T10:15:52.039513300Z . cap prog drop generaterow
2021-07-14T10:15:52.039515900Z 
2021-07-14T10:15:52.039521600Z . program define generaterow
2021-07-14T10:15:52.039618600Z   1. syntax, variable(varname) condition(string) outcome(string)
2021-07-14T10:15:52.039646900Z   2. 
2021-07-14T10:15:52.039651900Z .         *put the varname and condition to left so that alignment can be check
2021-07-14T10:15:52.039655600Z > ed vs shell
2021-07-14T10:15:52.039669600Z .         file write tablecontent ("`variable'") _tab ("`condition'") _tab
2021-07-14T10:15:52.039694800Z   3. 
2021-07-14T10:15:52.039700900Z .         cou
2021-07-14T10:15:52.039704300Z   4.         local overalldenom=r(N)
2021-07-14T10:15:52.039707300Z   5. 
2021-07-14T10:15:52.039710100Z .         cou if `variable' `condition'
2021-07-14T10:15:52.039720300Z   6.         local rowdenom = r(N)
2021-07-14T10:15:52.039724000Z   7.         local colpct = 100*(r(N)/`overalldenom')
2021-07-14T10:15:52.039729300Z   8.         file write tablecontent (`rowdenom')  (" (") %3.1f (`colpct') (")"
2021-07-14T10:15:52.039733300Z > ) _tab
2021-07-14T10:15:52.039736800Z   9. 
2021-07-14T10:15:52.039739700Z .         cou if `outcome'==1 & `variable' `condition'
2021-07-14T10:15:52.039776500Z  10.         local pct = 100*(r(N)/`rowdenom')
2021-07-14T10:15:52.039913500Z  11.         file write tablecontent (r(N)) (" (") %4.2f  (`pct') (")") _n
2021-07-14T10:15:52.039924700Z  12. 
2021-07-14T10:15:52.039928800Z . 
2021-07-14T10:15:52.039932200Z . end
2021-07-14T10:15:52.039935100Z 
2021-07-14T10:15:52.039937900Z . 
2021-07-14T10:15:52.039941000Z . *****************************************************************************
2021-07-14T10:15:52.039944700Z > **
2021-07-14T10:15:52.039948100Z . *Generic code to output one section (varible) within table (calls above)
2021-07-14T10:15:52.039951600Z . cap prog drop tabulatevariable
2021-07-14T10:15:52.039954800Z 
2021-07-14T10:15:52.039957900Z . prog define tabulatevariable
2021-07-14T10:15:52.039961100Z   1. syntax, variable(varname) start(real) end(real) [missing] outcome(string)
2021-07-14T10:15:52.039964500Z   2. 
2021-07-14T10:15:52.039968200Z .         foreach varlevel of numlist `start'/`end'{
2021-07-14T10:15:52.040046000Z   3.                 generaterow, variable(`variable') condition("==`varlevel'"
2021-07-14T10:15:52.040055600Z > ) outcome(`outcome')
2021-07-14T10:15:52.040059600Z   4.         }
2021-07-14T10:15:52.040062700Z   5.         if "`missing'"!="" generaterow, variable(`variable') condition(">=
2021-07-14T10:15:52.040066200Z > .") outcome(`outcome')
2021-07-14T10:15:52.040069300Z   6. 
2021-07-14T10:15:52.040072100Z . end
2021-07-14T10:15:52.040075000Z 
2021-07-14T10:15:52.040077900Z . 
2021-07-14T10:15:52.040137200Z . *****************************************************************************
2021-07-14T10:15:52.040146100Z > **
2021-07-14T10:15:52.040150200Z . 
2021-07-14T10:15:52.040153200Z . 
2021-07-14T10:15:52.040156300Z . forvalues x=0/1 {
2021-07-14T10:15:52.040159800Z   2. 
2021-07-14T10:15:52.040162700Z . *Set up output file
2021-07-14T10:15:52.040165800Z . cap file close tablecontent
2021-07-14T10:15:52.040299200Z   3. file open tablecontent using ./output/04b_an_descriptive_table_2_`outcome'
2021-07-14T10:15:52.040307800Z > _ageband`x'.txt, write text replace
2021-07-14T10:15:52.040319000Z   4. 
2021-07-14T10:15:52.040322700Z . 
2021-07-14T10:15:52.040325600Z . use $tempdir/analysis_dataset_ageband_`x', clear
2021-07-14T10:15:52.040328700Z   5. 
2021-07-14T10:15:52.040331500Z . 
2021-07-14T10:15:52.040334000Z . gen byte cons=1
2021-07-14T10:15:52.040336800Z   6. tabulatevariable, variable(cons) start(1) end(1) outcome(`outcome')
2021-07-14T10:15:52.040387500Z   7. file write tablecontent _n
2021-07-14T10:15:52.040395300Z   8. 
2021-07-14T10:15:52.040399300Z . tabulatevariable, variable(agegroup) start(1) end(7) outcome(`outcome')
2021-07-14T10:15:52.040402700Z   9. file write tablecontent _n
2021-07-14T10:15:52.040405900Z  10. 
2021-07-14T10:15:52.040409100Z . tabulatevariable, variable(male) start(0) end(1) outcome(`outcome')
2021-07-14T10:15:52.040412700Z  11. file write tablecontent _n
2021-07-14T10:15:52.040416100Z  12. 
2021-07-14T10:15:52.040461600Z . tabulatevariable, variable(bmicat) start(1) end(6) missing outcome(`outcome')
2021-07-14T10:15:52.040468600Z  13. file write tablecontent _n
2021-07-14T10:15:52.040472900Z  14. 
2021-07-14T10:15:52.040475800Z . tabulatevariable, variable(smoke) start(1) end(3) missing outcome(`outcome')
2021-07-14T10:15:52.040537800Z  15. file write tablecontent _n
2021-07-14T10:15:52.040546800Z  16. 
2021-07-14T10:15:52.040551300Z . tabulatevariable, variable(ethnicity) start(1) end(5) missing outcome(`outcom
2021-07-14T10:15:52.040555100Z > e')
2021-07-14T10:15:52.040558500Z  17. file write tablecontent _n
2021-07-14T10:15:52.040561600Z  18. 
2021-07-14T10:15:52.040636700Z . tabulatevariable, variable(imd) start(1) end(5) outcome(`outcome')
2021-07-14T10:15:52.040645000Z  19. file write tablecontent _n
2021-07-14T10:15:52.040648700Z  20. 
2021-07-14T10:15:52.040651900Z . tabulatevariable, variable(tot_adults_hh) start(1) end(3) outcome(`outcome')
2021-07-14T10:15:52.040655300Z  21. file write tablecontent _n
2021-07-14T10:15:52.040658400Z  22. 
2021-07-14T10:15:52.040661400Z . tabulatevariable, variable(bpcat) start(1) end(4) missing outcome(`outcome')
2021-07-14T10:15:52.040713500Z  23. tabulatevariable, variable(htdiag_or_highbp) start(1) end(1) outcome(`outc
2021-07-14T10:15:52.040721100Z > ome')
2021-07-14T10:15:52.040725100Z  24. file write tablecontent _n
2021-07-14T10:15:52.040772600Z  25. 
2021-07-14T10:15:52.040808700Z . **COMORBIDITIES
2021-07-14T10:15:52.040815300Z . *RESPIRATORY
2021-07-14T10:15:52.040817600Z . tabulatevariable, variable(chronic_respiratory_disease) start(1) end(1) outco
2021-07-14T10:15:52.040819800Z > me(`outcome')
2021-07-14T10:15:52.040826400Z  26. *ASTHMA
2021-07-14T10:15:52.040828600Z . tabulatevariable, variable(asthma) start(1) end(1) outcome(`outcome') /*ever 
2021-07-14T10:15:52.040831100Z > asthma*/
2021-07-14T10:15:52.040833100Z  27. *CARDIAC
2021-07-14T10:15:52.040835100Z . tabulatevariable, variable(chronic_cardiac_disease) start(1) end(1) outcome(`
2021-07-14T10:15:52.040838000Z > outcome')
2021-07-14T10:15:52.040944800Z  28. file write tablecontent _n
2021-07-14T10:15:52.040970000Z  29. *DIABETES
2021-07-14T10:15:52.040973700Z . tabulatevariable, variable(diabcat) start(1) end(6) outcome(`outcome')
2021-07-14T10:15:52.040977100Z  30. file write tablecontent _n
2021-07-14T10:15:52.040980300Z  31. *CANCER EX HAEM
2021-07-14T10:15:52.040982400Z . tabulatevariable, variable(cancer_haem_cat) start(2) end(4) outcome(`outcome'
2021-07-14T10:15:52.040984400Z > ) /*<1, 1-4.9, 5+ years ago*/
2021-07-14T10:15:52.040986500Z  32. file write tablecontent _n
2021-07-14T10:15:52.040989100Z  33. *CANCER HAEM
2021-07-14T10:15:52.040992000Z . tabulatevariable, variable(cancer_exhaem_cat) start(2) end(4) outcome(`outcom
2021-07-14T10:15:52.040995300Z > e') /*<1, 1-4.9, 5+ years ago*/
2021-07-14T10:15:52.041030900Z  34. file write tablecontent _n
2021-07-14T10:15:52.041038000Z  35. *REDUCED KIDNEY FUNCTION
2021-07-14T10:15:52.041041800Z . tabulatevariable, variable(reduced_kidney_function_cat) start(2) end(3) outco
2021-07-14T10:15:52.041044900Z > me(`outcome')
2021-07-14T10:15:52.041047900Z  36. *ESRD
2021-07-14T10:15:52.041051200Z . tabulatevariable, variable(esrd) start(1) end(1) outcome(`outcome')
2021-07-14T10:15:52.041179700Z  37. *LIVER
2021-07-14T10:15:52.041187000Z . tabulatevariable, variable(chronic_liver_disease) start(1) end(1) outcome(`ou
2021-07-14T10:15:52.041189300Z > tcome')
2021-07-14T10:15:52.041191300Z  38. *STROKE/DEMENTIA
2021-07-14T10:15:52.041193200Z . tabulatevariable, variable(stroke_dementia) start(1) end(1) outcome(`outcome'
2021-07-14T10:15:52.041195100Z > )
2021-07-14T10:15:52.041196900Z  39. *OTHER NEURO
2021-07-14T10:15:52.041198800Z . tabulatevariable, variable(other_neuro) start(1) end(1) outcome(`outcome')
2021-07-14T10:15:52.041200900Z  40. *ORGAN TRANSPLANT
2021-07-14T10:15:52.041202900Z . tabulatevariable, variable(other_transplant) start(1) end(1) outcome(`outcome
2021-07-14T10:15:52.041205000Z > ')
2021-07-14T10:15:52.041226500Z  41. *SPLEEN
2021-07-14T10:15:52.041230800Z . tabulatevariable, variable(asplenia) start(1) end(1) outcome(`outcome')
2021-07-14T10:15:52.041235600Z  42. *RA_SLE_PSORIASIS
2021-07-14T10:15:52.041239000Z . tabulatevariable, variable(ra_sle_psoriasis) start(1) end(1) outcome(`outcome
2021-07-14T10:15:52.041248000Z > ')
2021-07-14T10:15:52.041372400Z  43. *OTHER IMMUNOSUPPRESSION
2021-07-14T10:15:52.041381200Z . tabulatevariable, variable(other_immuno) start(1) end(1) outcome(`outcome')
2021-07-14T10:15:52.041384700Z  44. 
2021-07-14T10:15:52.041387400Z . *OTHER IMMUNOSUPPRESSION
2021-07-14T10:15:52.041390300Z . tabulatevariable, variable(shield) start(1) end(1) outcome(`outcome')
2021-07-14T10:15:52.041393300Z  45. 
2021-07-14T10:15:52.041396400Z . file close tablecontent
2021-07-14T10:15:52.041468400Z  46. 
2021-07-14T10:15:52.041476500Z . }
2021-07-14T10:15:52.068654000Z (note: file ./output/04b_an_descriptive_table_2_non_covid_death_ageband0.txt no
2021-07-14T10:15:52.068670300Z > t found)
2021-07-14T10:15:52.068673100Z   10,689
2021-07-14T10:15:52.068675100Z   10,689
2021-07-14T10:15:52.068676900Z   1,108
2021-07-14T10:15:52.068678700Z   10,689
2021-07-14T10:15:52.068680600Z   2,723
2021-07-14T10:15:52.068682400Z   278
2021-07-14T10:15:52.068684200Z   10,689
2021-07-14T10:15:52.068686000Z   2,293
2021-07-14T10:15:52.068687700Z   244
2021-07-14T10:15:52.068689700Z   10,689
2021-07-14T10:15:52.068691500Z   2,159
2021-07-14T10:15:52.068693300Z   230
2021-07-14T10:15:52.068695200Z   10,689
2021-07-14T10:15:52.068697000Z   2,351
2021-07-14T10:15:52.068698800Z   238
2021-07-14T10:15:52.068700600Z   10,689
2021-07-14T10:15:52.068702400Z   1,163
2021-07-14T10:15:52.068704100Z   118
2021-07-14T10:15:52.068705900Z   10,689
2021-07-14T10:15:52.068707600Z   0
2021-07-14T10:15:52.068709500Z   0
2021-07-14T10:15:52.068711400Z   10,689
2021-07-14T10:15:52.068713200Z   0
2021-07-14T10:15:52.068715000Z   0
2021-07-14T10:15:52.068716800Z   10,689
2021-07-14T10:15:52.068718500Z   5,388
2021-07-14T10:15:52.068720300Z   570
2021-07-14T10:15:52.068722000Z   10,689
2021-07-14T10:15:52.068723900Z   5,301
2021-07-14T10:15:52.068725800Z   538
2021-07-14T10:15:52.068727600Z   10,689
2021-07-14T10:15:52.068729400Z   987
2021-07-14T10:15:52.068731200Z   97
2021-07-14T10:15:52.068732900Z   10,689
2021-07-14T10:15:52.068734700Z   2,463
2021-07-14T10:15:52.068736400Z   253
2021-07-14T10:15:52.068738300Z   10,689
2021-07-14T10:15:52.068740100Z   1,920
2021-07-14T10:15:52.068742100Z   193
2021-07-14T10:15:52.068760300Z   10,689
2021-07-14T10:15:52.068762400Z   1,437
2021-07-14T10:15:52.068764100Z   155
2021-07-14T10:15:52.068765800Z   10,689
2021-07-14T10:15:52.068767500Z   940
2021-07-14T10:15:52.068769400Z   86
2021-07-14T10:15:52.068771200Z   10,689
2021-07-14T10:15:52.068773000Z   624
2021-07-14T10:15:52.068774800Z   73
2021-07-14T10:15:52.068776500Z   10,689
2021-07-14T10:15:52.068778200Z   2,318
2021-07-14T10:15:52.068780000Z   251
2021-07-14T10:15:52.068781700Z   10,689
2021-07-14T10:15:52.068783600Z   389
2021-07-14T10:15:52.068785400Z   48
2021-07-14T10:15:52.068787300Z   10,689
2021-07-14T10:15:52.068789100Z   213
2021-07-14T10:15:52.068790800Z   23
2021-07-14T10:15:52.117625300Z   10,689
2021-07-14T10:15:52.117642000Z   1,276
2021-07-14T10:15:52.117646200Z   133
2021-07-14T10:15:52.117649600Z   10,689
2021-07-14T10:15:52.117652800Z   8,811
2021-07-14T10:15:52.117655800Z   904
2021-07-14T10:15:52.117658900Z   10,689
2021-07-14T10:15:52.117662000Z   8,541
2021-07-14T10:15:52.117665000Z   895
2021-07-14T10:15:52.117667900Z   10,689
2021-07-14T10:15:52.117670800Z   0
2021-07-14T10:15:52.117673900Z   0
2021-07-14T10:15:52.117676800Z   10,689
2021-07-14T10:15:52.117679700Z   1,083
2021-07-14T10:15:52.117682900Z   104
2021-07-14T10:15:52.117686000Z   10,689
2021-07-14T10:15:52.117689100Z   0
2021-07-14T10:15:52.117692200Z   0
2021-07-14T10:15:52.117695000Z   10,689
2021-07-14T10:15:52.117697800Z   1,065
2021-07-14T10:15:52.117700900Z   109
2021-07-14T10:15:52.117703900Z   10,689
2021-07-14T10:15:52.117707000Z   0
2021-07-14T10:15:52.117710100Z   0
2021-07-14T10:15:52.117713200Z   10,689
2021-07-14T10:15:52.117716200Z   7,547
2021-07-14T10:15:52.117719200Z   764
2021-07-14T10:15:52.117722100Z   10,689
2021-07-14T10:15:52.117724900Z   0
2021-07-14T10:15:52.117727800Z   0
2021-07-14T10:15:52.117731000Z   10,689
2021-07-14T10:15:52.117734100Z   0
2021-07-14T10:15:52.117737100Z   0
2021-07-14T10:15:52.117740000Z   10,689
2021-07-14T10:15:52.117743000Z   2,086
2021-07-14T10:15:52.117746300Z   230
2021-07-14T10:15:52.117749400Z   10,689
2021-07-14T10:15:52.117762700Z   1,056
2021-07-14T10:15:52.117766500Z   114
2021-07-14T10:15:52.117769600Z   10,689
2021-07-14T10:15:52.117772800Z   101
2021-07-14T10:15:52.117775800Z   15
2021-07-14T10:15:52.117778800Z   10,689
2021-07-14T10:15:52.117781900Z   130
2021-07-14T10:15:52.117784800Z   12
2021-07-14T10:15:52.117787900Z   10,689
2021-07-14T10:15:52.117791200Z   10,458
2021-07-14T10:15:52.117794500Z   1,081
2021-07-14T10:15:52.117797800Z   10,689
2021-07-14T10:15:52.117800800Z   1
2021-07-14T10:15:52.117803500Z   0
2021-07-14T10:15:52.117806400Z   10,689
2021-07-14T10:15:52.117809400Z   0
2021-07-14T10:15:52.117812400Z   0
2021-07-14T10:15:52.117815500Z   10,689
2021-07-14T10:15:52.117818500Z   14
2021-07-14T10:15:52.117821500Z   2
2021-07-14T10:15:52.117824300Z   10,689
2021-07-14T10:15:52.117827300Z   9,624
2021-07-14T10:15:52.117830400Z   996
2021-07-14T10:15:52.117833200Z   10,689
2021-07-14T10:15:52.117835900Z   1,050
2021-07-14T10:15:52.117839200Z   110
2021-07-14T10:15:52.117842400Z   10,689
2021-07-14T10:15:52.117845400Z   9,840
2021-07-14T10:15:52.117848600Z   1,014
2021-07-14T10:15:52.117851600Z   10,689
2021-07-14T10:15:52.117854500Z   2,185
2021-07-14T10:15:52.117857300Z   231
2021-07-14T10:15:52.117860300Z   10,689
2021-07-14T10:15:52.117863700Z   861
2021-07-14T10:15:52.117867200Z   82
2021-07-14T10:15:52.117870400Z   10,689
2021-07-14T10:15:52.152132100Z   2,147
2021-07-14T10:15:52.152166300Z   200
2021-07-14T10:15:52.152192000Z   10,689
2021-07-14T10:15:52.152196000Z   8,183
2021-07-14T10:15:52.152212800Z   865
2021-07-14T10:15:52.152216400Z   10,689
2021-07-14T10:15:52.152219900Z   270
2021-07-14T10:15:52.152223600Z   16
2021-07-14T10:15:52.152227400Z   10,689
2021-07-14T10:15:52.152231400Z   60
2021-07-14T10:15:52.152234900Z   5
2021-07-14T10:15:52.152238400Z   10,689
2021-07-14T10:15:52.152242200Z   1,794
2021-07-14T10:15:52.152246000Z   190
2021-07-14T10:15:52.152249600Z   10,689
2021-07-14T10:15:52.152253700Z   375
2021-07-14T10:15:52.152257300Z   32
2021-07-14T10:15:52.152260900Z   10,689
2021-07-14T10:15:52.152273000Z   7
2021-07-14T10:15:52.152276900Z   0
2021-07-14T10:15:52.152319100Z   10,689
2021-07-14T10:15:52.152326200Z   47
2021-07-14T10:15:52.152343100Z   5
2021-07-14T10:15:52.152350000Z   10,689
2021-07-14T10:15:52.152367300Z   152
2021-07-14T10:15:52.152370700Z   17
2021-07-14T10:15:52.152376400Z   10,689
2021-07-14T10:15:52.152379200Z   1,936
2021-07-14T10:15:52.152382000Z   199
2021-07-14T10:15:52.152384800Z   10,689
2021-07-14T10:15:52.152387600Z   54
2021-07-14T10:15:52.152390400Z   3
2021-07-14T10:15:52.152393300Z   10,689
2021-07-14T10:15:52.152395900Z   155
2021-07-14T10:15:52.152398600Z   14
2021-07-14T10:15:52.152401100Z   10,689
2021-07-14T10:15:52.152403800Z   1,946
2021-07-14T10:15:52.152407000Z   212
2021-07-14T10:15:52.152410000Z   10,689
2021-07-14T10:15:52.152413000Z   45
2021-07-14T10:15:52.152416100Z   3
2021-07-14T10:15:52.152418900Z   10,689
2021-07-14T10:15:52.152421900Z   0
2021-07-14T10:15:52.152424800Z   0
2021-07-14T10:15:52.152427600Z   10,689
2021-07-14T10:15:52.152430700Z   3,880
2021-07-14T10:15:52.152433800Z   384
2021-07-14T10:15:52.152436900Z   10,689
2021-07-14T10:15:52.152439800Z   2,148
2021-07-14T10:15:52.152442700Z   205
2021-07-14T10:15:52.152445600Z   10,689
2021-07-14T10:15:52.152448500Z   2,182
2021-07-14T10:15:52.152451600Z   222
2021-07-14T10:15:52.152454700Z   10,689
2021-07-14T10:15:52.152457800Z   2,140
2021-07-14T10:15:52.152461000Z   237
2021-07-14T10:15:52.152464000Z   10,689
2021-07-14T10:15:52.152467000Z   2,107
2021-07-14T10:15:52.152469900Z   224
2021-07-14T10:15:52.152472800Z   10,689
2021-07-14T10:15:52.152475700Z   2,095
2021-07-14T10:15:52.152478800Z   223
2021-07-14T10:15:52.152481900Z   10,689
2021-07-14T10:15:52.152484900Z   2,139
2021-07-14T10:15:52.152488000Z   200
2021-07-14T10:15:52.152490900Z   10,689
2021-07-14T10:15:52.152493900Z   3,811
2021-07-14T10:15:52.152496600Z   383
2021-07-14T10:15:52.152499300Z   10,689
2021-07-14T10:15:52.152501800Z   9,351
2021-07-14T10:15:52.152504500Z   960
2021-07-14T10:15:52.164364500Z (note: file ./output/04b_an_descriptive_table_2_non_covid_death_ageband1.txt no
2021-07-14T10:15:52.164412200Z > t found)
2021-07-14T10:15:52.164417000Z   2,981
2021-07-14T10:15:52.164420300Z   2,981
2021-07-14T10:15:52.164423100Z   326
2021-07-14T10:15:52.164426100Z   2,981
2021-07-14T10:15:52.164429200Z   0
2021-07-14T10:15:52.164432400Z   0
2021-07-14T10:15:52.164435300Z   2,981
2021-07-14T10:15:52.164438300Z   0
2021-07-14T10:15:52.164441100Z   0
2021-07-14T10:15:52.164443900Z   2,981
2021-07-14T10:15:52.164447000Z   0
2021-07-14T10:15:52.164463300Z   0
2021-07-14T10:15:52.164466400Z   2,981
2021-07-14T10:15:52.164469500Z   0
2021-07-14T10:15:52.164472300Z   0
2021-07-14T10:15:52.164475000Z   2,981
2021-07-14T10:15:52.164478300Z   723
2021-07-14T10:15:52.164482000Z   72
2021-07-14T10:15:52.164485500Z   2,981
2021-07-14T10:15:52.164489100Z   1,434
2021-07-14T10:15:52.164492600Z   169
2021-07-14T10:15:52.164496000Z   2,981
2021-07-14T10:15:52.164499900Z   824
2021-07-14T10:15:52.164503500Z   85
2021-07-14T10:15:52.164507000Z   2,981
2021-07-14T10:15:52.164510500Z   1,500
2021-07-14T10:15:52.164513900Z   142
2021-07-14T10:15:52.164517000Z   2,981
2021-07-14T10:15:52.164520200Z   1,481
2021-07-14T10:15:52.164523100Z   184
2021-07-14T10:15:52.164526200Z   2,981
2021-07-14T10:15:52.164529200Z   279
2021-07-14T10:15:52.164532100Z   30
2021-07-14T10:15:52.164534900Z   2,981
2021-07-14T10:15:52.164537700Z   708
2021-07-14T10:15:52.164540700Z   66
2021-07-14T10:15:52.164543800Z   2,981
2021-07-14T10:15:52.164546900Z   550
2021-07-14T10:15:52.164550100Z   65
2021-07-14T10:15:52.164553200Z   2,981
2021-07-14T10:15:52.164556200Z   440
2021-07-14T10:15:52.164559200Z   47
2021-07-14T10:15:52.164562000Z   2,981
2021-07-14T10:15:52.164564800Z   277
2021-07-14T10:15:52.164567900Z   30
2021-07-14T10:15:52.164571100Z   2,981
2021-07-14T10:15:52.164574200Z   150
2021-07-14T10:15:52.164577400Z   21
2021-07-14T10:15:52.164580500Z   2,981
2021-07-14T10:15:52.164583600Z   577
2021-07-14T10:15:52.164586400Z   67
2021-07-14T10:15:52.164589300Z   2,981
2021-07-14T10:15:52.164592400Z   123
2021-07-14T10:15:52.164595600Z   14
2021-07-14T10:15:52.164610500Z   2,981
2021-07-14T10:15:52.164614200Z   61
2021-07-14T10:15:52.164617300Z   6
2021-07-14T10:15:52.164620200Z   2,981
2021-07-14T10:15:52.164623200Z   380
2021-07-14T10:15:52.164626400Z   51
2021-07-14T10:15:52.164629500Z   2,981
2021-07-14T10:15:52.164632600Z   2,417
2021-07-14T10:15:52.164635800Z   255
2021-07-14T10:15:52.164639000Z   2,981
2021-07-14T10:15:52.164641900Z   2,396
2021-07-14T10:15:52.176249800Z   256
2021-07-14T10:15:52.176266300Z   2,981
2021-07-14T10:15:52.176269000Z   0
2021-07-14T10:15:52.176271000Z   0
2021-07-14T10:15:52.176272800Z   2,981
2021-07-14T10:15:52.176274600Z   281
2021-07-14T10:15:52.176276500Z   44
2021-07-14T10:15:52.176278300Z   2,981
2021-07-14T10:15:52.176280100Z   0
2021-07-14T10:15:52.176281900Z   0
2021-07-14T10:15:52.176283600Z   2,981
2021-07-14T10:15:52.176285300Z   304
2021-07-14T10:15:52.176287100Z   26
2021-07-14T10:15:52.176288800Z   2,981
2021-07-14T10:15:52.176290700Z   0
2021-07-14T10:15:52.176292500Z   0
2021-07-14T10:15:52.176294300Z   2,981
2021-07-14T10:15:52.176296100Z   2,054
2021-07-14T10:15:52.176297800Z   230
2021-07-14T10:15:52.176299500Z   2,981
2021-07-14T10:15:52.176301200Z   0
2021-07-14T10:15:52.176302900Z   0
2021-07-14T10:15:52.176304800Z   2,981
2021-07-14T10:15:52.176306600Z   0
2021-07-14T10:15:52.176308400Z   0
2021-07-14T10:15:52.176310200Z   2,981
2021-07-14T10:15:52.176311900Z   606
2021-07-14T10:15:52.176313700Z   69
2021-07-14T10:15:52.176315500Z   2,981
2021-07-14T10:15:52.176317200Z   321
2021-07-14T10:15:52.176319100Z   27
2021-07-14T10:15:52.176320900Z   2,981
2021-07-14T10:15:52.176322700Z   21
2021-07-14T10:15:52.176325100Z   0
2021-07-14T10:15:52.176326900Z   2,981
2021-07-14T10:15:52.176328600Z   25
2021-07-14T10:15:52.176330300Z   3
2021-07-14T10:15:52.176332000Z   2,981
2021-07-14T10:15:52.176333900Z   2,935
2021-07-14T10:15:52.176335700Z   323
2021-07-14T10:15:52.176337500Z   2,981
2021-07-14T10:15:52.176339300Z   0
2021-07-14T10:15:52.176341100Z   0
2021-07-14T10:15:52.176342800Z   2,981
2021-07-14T10:15:52.176355700Z   0
2021-07-14T10:15:52.176357600Z   0
2021-07-14T10:15:52.176359500Z   2,981
2021-07-14T10:15:52.176361400Z   5
2021-07-14T10:15:52.176363200Z   1
2021-07-14T10:15:52.176365000Z   2,981
2021-07-14T10:15:52.176366800Z   2,691
2021-07-14T10:15:52.176368500Z   294
2021-07-14T10:15:52.176370200Z   2,981
2021-07-14T10:15:52.176371900Z   285
2021-07-14T10:15:52.176373800Z   31
2021-07-14T10:15:52.176375600Z   2,981
2021-07-14T10:15:52.176377400Z   2,745
2021-07-14T10:15:52.176379200Z   298
2021-07-14T10:15:52.176380900Z   2,981
2021-07-14T10:15:52.176382700Z   577
2021-07-14T10:15:52.176384400Z   73
2021-07-14T10:15:52.176386100Z   2,981
2021-07-14T10:15:52.176388000Z   252
2021-07-14T10:15:52.176389800Z   31
2021-07-14T10:15:52.176391600Z   2,981
2021-07-14T10:15:52.176393400Z   615
2021-07-14T10:15:52.176395300Z   73
2021-07-14T10:15:52.176397100Z   2,981
2021-07-14T10:15:52.176398800Z   2,290
2021-07-14T10:15:52.176400600Z   247
2021-07-14T10:15:52.176402600Z   2,981
2021-07-14T10:15:52.176405700Z   91
2021-07-14T10:15:52.176407500Z   9
2021-07-14T10:15:52.176409400Z   2,981
2021-07-14T10:15:52.176411100Z   17
2021-07-14T10:15:52.176412800Z   3
2021-07-14T10:15:52.176414600Z   2,981
2021-07-14T10:15:52.176416300Z   482
2021-07-14T10:15:52.176418200Z   54
2021-07-14T10:15:52.176420100Z   2,981
2021-07-14T10:15:52.176421900Z   99
2021-07-14T10:15:52.176423800Z   11
2021-07-14T10:15:52.176425500Z   2,981
2021-07-14T10:15:52.184627700Z   2
2021-07-14T10:15:52.184664000Z   2
2021-07-14T10:15:52.184683600Z   2,981
2021-07-14T10:15:52.184687000Z   14
2021-07-14T10:15:52.184708100Z   2
2021-07-14T10:15:52.184711200Z   2,981
2021-07-14T10:15:52.184713900Z   41
2021-07-14T10:15:52.184717000Z   3
2021-07-14T10:15:52.184720100Z   2,981
2021-07-14T10:15:52.184723100Z   554
2021-07-14T10:15:52.184726000Z   70
2021-07-14T10:15:52.184728700Z   2,981
2021-07-14T10:15:52.184731800Z   11
2021-07-14T10:15:52.184734600Z   0
2021-07-14T10:15:52.184737500Z   2,981
2021-07-14T10:15:52.184740500Z   38
2021-07-14T10:15:52.184743600Z   8
2021-07-14T10:15:52.184753300Z   2,981
2021-07-14T10:15:52.184756800Z   565
2021-07-14T10:15:52.184760000Z   70
2021-07-14T10:15:52.184762900Z   2,981
2021-07-14T10:15:52.184765700Z   120
2021-07-14T10:15:52.184768500Z   9
2021-07-14T10:15:52.184771500Z   2,981
2021-07-14T10:15:52.184774700Z   0
2021-07-14T10:15:52.184777900Z   0
2021-07-14T10:15:52.184780900Z   2,981
2021-07-14T10:15:52.184784100Z   1,063
2021-07-14T10:15:52.184787100Z   136
2021-07-14T10:15:52.184790000Z   2,981
2021-07-14T10:15:52.184793100Z   627
2021-07-14T10:15:52.184795900Z   78
2021-07-14T10:15:52.184799300Z   2,981
2021-07-14T10:15:52.184802200Z   554
2021-07-14T10:15:52.184805300Z   77
2021-07-14T10:15:52.184808400Z   2,981
2021-07-14T10:15:52.184811400Z   588
2021-07-14T10:15:52.184828400Z   72
2021-07-14T10:15:52.184831500Z   2,981
2021-07-14T10:15:52.184834500Z   572
2021-07-14T10:15:52.184837600Z   60
2021-07-14T10:15:52.184840600Z   2,981
2021-07-14T10:15:52.184843700Z   613
2021-07-14T10:15:52.184846700Z   62
2021-07-14T10:15:52.184849600Z   2,981
2021-07-14T10:15:52.184852600Z   598
2021-07-14T10:15:52.184855400Z   58
2021-07-14T10:15:52.184858300Z   2,981
2021-07-14T10:15:52.184861600Z   1,073
2021-07-14T10:15:52.184864600Z   128
2021-07-14T10:15:52.184867600Z   2,981
2021-07-14T10:15:52.184870800Z   2,621
2021-07-14T10:15:52.184873900Z   300
2021-07-14T10:15:52.184876700Z 
2021-07-14T10:15:52.184879700Z . 
2021-07-14T10:15:52.184882600Z . log close
2021-07-14T10:15:52.184885800Z       name:  <unnamed>
2021-07-14T10:15:52.184889500Z        log:  /workspace/log/04b_an_descriptive_table_2_non_covid_death.log
2021-07-14T10:15:52.184892900Z   log type:  text
2021-07-14T10:15:52.184896200Z  closed on:  14 Jul 2021, 10:15:52
2021-07-14T10:15:52.184899100Z -------------------------------------------------------------------------------
2021-07-14T10:15:52.184902400Z 
2021-07-14T10:15:52.184905200Z . 
2021-07-14T10:15:52.184908000Z end of do-file
2021-07-14T10:15:52.184911200Z 
2021-07-14T10:15:52.184914100Z . . file open output using "/tmp/tmp.JDRW68qlD2", write text replace
2021-07-14T10:15:52.184917300Z 
2021-07-14T10:15:52.184920200Z . . file write output "success" 
2021-07-14T10:15:52.184926700Z 
2021-07-14T10:15:52.184929900Z . . file close output
2021-07-14T10:15:52.184932800Z 
2021-07-14T10:15:52.184935700Z . 
2021-07-14T10:15:52.184938700Z end of do-file
2021-07-14T10:15:52.184941600Z 
2021-07-14T10:15:52.184944400Z 
2021-07-14T10:15:52.206784200Z . 

state: failed
commit: none
docker_image_id: sha256:2cfae55f0ae53b85c43f26639279eb9d1deb03aff879163255761854461f4ca9
exit_code: 0
job_id: yefvj3kj5hpucu6z
run_by_user: qc18278
created_at: 2021-07-14T10:15:30Z
started_at: 2021-07-14T10:15:52Z
completed_at: 2021-07-14T10:16:47Z

No outputs found matching patterns:
 - 04b_an_descriptive_table_2_non_covid_death.log

Did you mean to match one of these files instead?
 - 04b_an_descriptive_table_2.log
 - analysis/01_cr_analysis_dataset.do
 - analysis/04b_an_descriptive_table_2.do
 - analysis/06_univariate_analysis.do
 - analysis/10_an_interaction_cox_models_ethnicity_strat.do
 - analysis/11a_an_interaction_HR_tables_forest_eth_strat.do
 - analysis/covid_death.gph
 - analysis/covid_icu.gph
 - analysis/covid_tpp_prob.gph
 - analysis/covidadmission.gph
 - analysis/model.do
 - analysis/non_covid_death.gph
 - analysis/tempdata/analysis_dataset.dta
 - analysis/tempdata/analysis_dataset_ageband_0.dta
 - analysis/tempdata/analysis_dataset_ageband_1.dta
 - analysis/tempdata/analysis_dataset_with_missing_ethnicity.dta
 - analysis/tempdata/cr_create_analysis_dataset_STSET_covid_death_ageband_0.dta
 - analysis/tempdata/cr_create_analysis_dataset_STSET_covid_death_ageband_1.dta
 - analysis/tempdata/cr_create_analysis_dataset_STSET_covid_icu_ageband_0.dta
 - analysis/tempdata/cr_create_analysis_dataset_STSET_covid_icu_ageband_1.dta
 - analysis/tempdata/cr_create_analysis_dataset_STSET_covid_tpp_prob_ageband_0.dta
 - analysis/tempdata/cr_create_analysis_dataset_STSET_covid_tpp_prob_ageband_1.dta
 - analysis/tempdata/cr_create_analysis_dataset_STSET_covidadmission_ageband_0.dta
 - analysis/tempdata/cr_create_analysis_dataset_STSET_covidadmission_ageband_1.dta
 - analysis/tempdata/cr_create_analysis_dataset_STSET_non_covid_death_ageband_0.dta
 - analysis/tempdata/cr_create_analysis_dataset_STSET_non_covid_death_ageband_1.dta
 - log/01_cr_analysis_dataset.log
 - log/04b_an_descriptive_table_2_non_covid_death.log
 - tempdata/analysis_dataset.dta
 - tempdata/analysis_dataset_ageband_0.dta
 - tempdata/analysis_dataset_ageband_1.dta
 - tempdata/cr_create_analysis_dataset_STSET_covid_death_ageband_0.dta
 - tempdata/cr_create_analysis_dataset_STSET_covid_death_ageband_1.dta
 - tempdata/cr_create_analysis_dataset_STSET_covid_icu_ageband_0.dta
 - tempdata/cr_create_analysis_dataset_STSET_covid_icu_ageband_1.dta
 - tempdata/cr_create_analysis_dataset_STSET_covid_tpp_prob_ageband_0.dta
 - tempdata/cr_create_analysis_dataset_STSET_covid_tpp_prob_ageband_1.dta
 - tempdata/cr_create_analysis_dataset_STSET_covidadmission_ageband_0.dta
 - tempdata/cr_create_analysis_dataset_STSET_covidadmission_ageband_1.dta
 - tempdata/cr_create_analysis_dataset_STSET_non_covid_death_ageband_0.dta
 - tempdata/cr_create_analysis_dataset_STSET_non_covid_death_ageband_1.dta

outputs:
  output/04b_an_descriptive_table_2_non_covid_death_ageband0.txt  - moderately_sensitive
  output/04b_an_descriptive_table_2_non_covid_death_ageband1.txt  - moderately_sensitive