2021-07-14T10:05:22.444934200Z 
2021-07-14T10:05:22.444991600Z   ___  ____  ____  ____  ____ (R)
2021-07-14T10:05:22.444998400Z  /__    /   ____/   /   ____/
2021-07-14T10:05:22.445001600Z ___/   /   /___/   /   /___/   16.1   Copyright 1985-2019 StataCorp LLC
2021-07-14T10:05:22.445004600Z   Statistics/Data Analysis            StataCorp
2021-07-14T10:05:22.445007500Z                                       4905 Lakeway Drive
2021-07-14T10:05:22.445010600Z                                       College Station, Texas 77845 USA
2021-07-14T10:05:22.445013700Z                                       800-STATA-PC        http://www.stata.com
2021-07-14T10:05:22.445016900Z                                       979-696-4600        stata@stata.com
2021-07-14T10:05:22.445019800Z                                       979-696-4601 (fax)
2021-07-14T10:05:22.445022800Z 
2021-07-14T10:05:22.445025400Z 3-user Stata network license expires 11 May 2022:
2021-07-14T10:05:22.445028100Z        Serial number:  501709312237
2021-07-14T10:05:22.445030800Z          Licensed to:  The Bennett Institute
2021-07-14T10:05:22.445034400Z                        Oxford University
2021-07-14T10:05:22.445448800Z 
2021-07-14T10:05:22.445463700Z Notes:
2021-07-14T10:05:22.445468000Z       1.  Unicode is supported; see help unicode_advice.
2021-07-14T10:05:22.445471200Z 
2021-07-14T10:05:22.445474100Z . do "analysis/04b_an_descriptive_table_2.wrapper.do" covid_tpp_prob 
2021-07-14T10:05:22.445477500Z 
2021-07-14T10:05:22.445480400Z . . do "analysis/04b_an_descriptive_table_2.do" "covid_tpp_prob"
2021-07-14T10:05:22.445483600Z 
2021-07-14T10:05:22.445522400Z . *************************************************************************
2021-07-14T10:05:22.445528300Z . 
2021-07-14T10:05:22.445531400Z . *Exposure children and COVID risk
2021-07-14T10:05:22.445534100Z . 
2021-07-14T10:05:22.445536600Z . *DO file name:  04b_an_descriptive_table_2
2021-07-14T10:05:22.445539700Z . 
2021-07-14T10:05:22.445542500Z . *Purpose: Create content that is ready to paste into a pre-formatted Word
2021-07-14T10:05:22.445545900Z . * shell "Table 2" (main cohort descriptives by outcome status).
2021-07-14T10:05:22.445549100Z . *
2021-07-14T10:05:22.445551900Z . *Requires: final analysis dataset (analysis_dataset.dta)
2021-07-14T10:05:22.445554800Z . *
2021-07-14T10:05:22.445557500Z . *Coding: HFORBES, based on Krishnan Bhaskaran
2021-07-14T10:05:22.445560300Z . *
2021-07-14T10:05:22.445563400Z . *Date drafted: 30th June 2020
2021-07-14T10:05:22.445566500Z . *************************************************************************
2021-07-14T10:05:22.445569600Z . 
2021-07-14T10:05:22.445572700Z . 
2021-07-14T10:05:22.445583100Z . * Set globals that will print in programs and direct output
2021-07-14T10:05:22.445587200Z . global outdir     "output"
2021-07-14T10:05:22.445594000Z 
2021-07-14T10:05:22.445597500Z . global logdir     "log"
2021-07-14T10:05:22.445600700Z 
2021-07-14T10:05:22.445603400Z . global tempdir    "tempdata"
2021-07-14T10:05:22.445606400Z 
2021-07-14T10:05:22.445608900Z . 
2021-07-14T10:05:22.445611800Z . 
2021-07-14T10:05:22.445614700Z . local outcome `1'
2021-07-14T10:05:22.445671500Z 
2021-07-14T10:05:22.445681600Z . 
2021-07-14T10:05:22.445685200Z . * Open a log file
2021-07-14T10:05:22.445688200Z . capture log close
2021-07-14T10:05:22.445691200Z 
2021-07-14T10:05:22.445694300Z . log using "04b_an_descriptive_table_2_`outcome'.log", text replace
2021-07-14T10:05:22.445697900Z (note: file /workspace/04b_an_descriptive_table_2_covid_tpp_prob.log not found)
2021-07-14T10:05:22.445803000Z -------------------------------------------------------------------------------
2021-07-14T10:05:22.445810900Z       name:  <unnamed>
2021-07-14T10:05:22.445815000Z        log:  /workspace/04b_an_descriptive_table_2_covid_tpp_prob.log
2021-07-14T10:05:22.445818200Z   log type:  text
2021-07-14T10:05:22.445821300Z  opened on:  14 Jul 2021, 10:05:22
2021-07-14T10:05:22.445824400Z 
2021-07-14T10:05:22.445827300Z . 
2021-07-14T10:05:22.445830200Z . 
2021-07-14T10:05:22.445833100Z . *****************************************************************************
2021-07-14T10:05:22.445836100Z > **
2021-07-14T10:05:22.445838900Z . *Generic code to output one row of table
2021-07-14T10:05:22.445842100Z . cap prog drop generaterow
2021-07-14T10:05:22.445845200Z 
2021-07-14T10:05:22.445848200Z . program define generaterow
2021-07-14T10:05:22.445852500Z   1. syntax, variable(varname) condition(string) outcome(string)
2021-07-14T10:05:22.445855900Z   2. 
2021-07-14T10:05:22.445859000Z .         *put the varname and condition to left so that alignment can be check
2021-07-14T10:05:22.445862500Z > ed vs shell
2021-07-14T10:05:22.445865700Z .         file write tablecontent ("`variable'") _tab ("`condition'") _tab
2021-07-14T10:05:22.445869200Z   3. 
2021-07-14T10:05:22.445872300Z .         cou
2021-07-14T10:05:22.445937200Z   4.         local overalldenom=r(N)
2021-07-14T10:05:22.445946700Z   5. 
2021-07-14T10:05:22.445950700Z .         cou if `variable' `condition'
2021-07-14T10:05:22.445953900Z   6.         local rowdenom = r(N)
2021-07-14T10:05:22.445963500Z   7.         local colpct = 100*(r(N)/`overalldenom')
2021-07-14T10:05:22.445967400Z   8.         file write tablecontent (`rowdenom')  (" (") %3.1f (`colpct') (")"
2021-07-14T10:05:22.445970800Z > ) _tab
2021-07-14T10:05:22.445974200Z   9. 
2021-07-14T10:05:22.445977100Z .         cou if `outcome'==1 & `variable' `condition'
2021-07-14T10:05:22.445980500Z  10.         local pct = 100*(r(N)/`rowdenom')
2021-07-14T10:05:22.445983600Z  11.         file write tablecontent (r(N)) (" (") %4.2f  (`pct') (")") _n
2021-07-14T10:05:22.445986900Z  12. 
2021-07-14T10:05:22.445989600Z . 
2021-07-14T10:05:22.445992300Z . end
2021-07-14T10:05:22.445998100Z 
2021-07-14T10:05:22.446001700Z . 
2021-07-14T10:05:22.446004700Z . *****************************************************************************
2021-07-14T10:05:22.446008000Z > **
2021-07-14T10:05:22.446037500Z . *Generic code to output one section (varible) within table (calls above)
2021-07-14T10:05:22.446044100Z . cap prog drop tabulatevariable
2021-07-14T10:05:22.446048500Z 
2021-07-14T10:05:22.446051900Z . prog define tabulatevariable
2021-07-14T10:05:22.446055000Z   1. syntax, variable(varname) start(real) end(real) [missing] outcome(string)
2021-07-14T10:05:22.446058200Z   2. 
2021-07-14T10:05:22.446061800Z .         foreach varlevel of numlist `start'/`end'{
2021-07-14T10:05:22.446196800Z   3.                 generaterow, variable(`variable') condition("==`varlevel'"
2021-07-14T10:05:22.446205900Z > ) outcome(`outcome')
2021-07-14T10:05:22.446210200Z   4.         }
2021-07-14T10:05:22.446213800Z   5.         if "`missing'"!="" generaterow, variable(`variable') condition(">=
2021-07-14T10:05:22.446216400Z > .") outcome(`outcome')
2021-07-14T10:05:22.446218400Z   6. 
2021-07-14T10:05:22.446220500Z . end
2021-07-14T10:05:22.446222300Z 
2021-07-14T10:05:22.446224100Z . 
2021-07-14T10:05:22.446225900Z . *****************************************************************************
2021-07-14T10:05:22.446227900Z > **
2021-07-14T10:05:22.446229700Z . 
2021-07-14T10:05:22.446231400Z . 
2021-07-14T10:05:22.446233300Z . forvalues x=0/1 {
2021-07-14T10:05:22.446282600Z   2. 
2021-07-14T10:05:22.446289900Z . *Set up output file
2021-07-14T10:05:22.446292000Z . cap file close tablecontent
2021-07-14T10:05:22.446337600Z   3. file open tablecontent using ./output/04b_an_descriptive_table_2_`outcome'
2021-07-14T10:05:22.446345500Z > _ageband`x'.txt, write text replace
2021-07-14T10:05:22.446349400Z   4. 
2021-07-14T10:05:22.446358500Z . 
2021-07-14T10:05:22.446360800Z . use $tempdir/analysis_dataset_ageband_`x', clear
2021-07-14T10:05:22.446362600Z   5. 
2021-07-14T10:05:22.446364600Z . 
2021-07-14T10:05:22.446366500Z . gen byte cons=1
2021-07-14T10:05:22.446368400Z   6. tabulatevariable, variable(cons) start(1) end(1) outcome(`outcome')
2021-07-14T10:05:22.446423800Z   7. file write tablecontent _n
2021-07-14T10:05:22.446430300Z   8. 
2021-07-14T10:05:22.446432500Z . tabulatevariable, variable(agegroup) start(1) end(7) outcome(`outcome')
2021-07-14T10:05:22.446434500Z   9. file write tablecontent _n
2021-07-14T10:05:22.446436300Z  10. 
2021-07-14T10:05:22.446438200Z . tabulatevariable, variable(male) start(0) end(1) outcome(`outcome')
2021-07-14T10:05:22.446622100Z  11. file write tablecontent _n
2021-07-14T10:05:22.446629900Z  12. 
2021-07-14T10:05:22.446633600Z . tabulatevariable, variable(bmicat) start(1) end(6) missing outcome(`outcome')
2021-07-14T10:05:22.446637000Z  13. file write tablecontent _n
2021-07-14T10:05:22.446640300Z  14. 
2021-07-14T10:05:22.446643500Z . tabulatevariable, variable(smoke) start(1) end(3) missing outcome(`outcome')
2021-07-14T10:05:22.446646500Z  15. file write tablecontent _n
2021-07-14T10:05:22.446649300Z  16. 
2021-07-14T10:05:22.446652000Z . tabulatevariable, variable(ethnicity) start(1) end(5) missing outcome(`outcom
2021-07-14T10:05:22.446655500Z > e')
2021-07-14T10:05:22.446658500Z  17. file write tablecontent _n
2021-07-14T10:05:22.446661200Z  18. 
2021-07-14T10:05:22.446664000Z . tabulatevariable, variable(imd) start(1) end(5) outcome(`outcome')
2021-07-14T10:05:22.446667100Z  19. file write tablecontent _n
2021-07-14T10:05:22.446670000Z  20. 
2021-07-14T10:05:22.446673100Z . tabulatevariable, variable(tot_adults_hh) start(1) end(3) outcome(`outcome')
2021-07-14T10:05:22.446676200Z  21. file write tablecontent _n
2021-07-14T10:05:22.446679000Z  22. 
2021-07-14T10:05:22.446681600Z . tabulatevariable, variable(bpcat) start(1) end(4) missing outcome(`outcome')
2021-07-14T10:05:22.446684400Z  23. tabulatevariable, variable(htdiag_or_highbp) start(1) end(1) outcome(`outc
2021-07-14T10:05:22.446687300Z > ome')
2021-07-14T10:05:22.446690600Z  24. file write tablecontent _n
2021-07-14T10:05:22.446693900Z  25. 
2021-07-14T10:05:22.446697100Z . **COMORBIDITIES
2021-07-14T10:05:22.446700100Z . *RESPIRATORY
2021-07-14T10:05:22.446703300Z . tabulatevariable, variable(chronic_respiratory_disease) start(1) end(1) outco
2021-07-14T10:05:22.446706600Z > me(`outcome')
2021-07-14T10:05:22.446709800Z  26. *ASTHMA
2021-07-14T10:05:22.446713200Z . tabulatevariable, variable(asthma) start(1) end(1) outcome(`outcome') /*ever 
2021-07-14T10:05:22.446720500Z > asthma*/
2021-07-14T10:05:22.446724000Z  27. *CARDIAC
2021-07-14T10:05:22.446727100Z . tabulatevariable, variable(chronic_cardiac_disease) start(1) end(1) outcome(`
2021-07-14T10:05:22.446730100Z > outcome')
2021-07-14T10:05:22.446733000Z  28. file write tablecontent _n
2021-07-14T10:05:22.446736000Z  29. *DIABETES
2021-07-14T10:05:22.446738900Z . tabulatevariable, variable(diabcat) start(1) end(6) outcome(`outcome')
2021-07-14T10:05:22.446741900Z  30. file write tablecontent _n
2021-07-14T10:05:22.446747100Z  31. *CANCER EX HAEM
2021-07-14T10:05:22.446750700Z . tabulatevariable, variable(cancer_haem_cat) start(2) end(4) outcome(`outcome'
2021-07-14T10:05:22.446753700Z > ) /*<1, 1-4.9, 5+ years ago*/
2021-07-14T10:05:22.446756900Z  32. file write tablecontent _n
2021-07-14T10:05:22.446760000Z  33. *CANCER HAEM
2021-07-14T10:05:22.446763000Z . tabulatevariable, variable(cancer_exhaem_cat) start(2) end(4) outcome(`outcom
2021-07-14T10:05:22.446766200Z > e') /*<1, 1-4.9, 5+ years ago*/
2021-07-14T10:05:22.446769300Z  34. file write tablecontent _n
2021-07-14T10:05:22.446772600Z  35. *REDUCED KIDNEY FUNCTION
2021-07-14T10:05:22.446776000Z . tabulatevariable, variable(reduced_kidney_function_cat) start(2) end(3) outco
2021-07-14T10:05:22.446779500Z > me(`outcome')
2021-07-14T10:05:22.446903400Z  36. *ESRD
2021-07-14T10:05:22.446910900Z . tabulatevariable, variable(esrd) start(1) end(1) outcome(`outcome')
2021-07-14T10:05:22.446913800Z  37. *LIVER
2021-07-14T10:05:22.446916500Z . tabulatevariable, variable(chronic_liver_disease) start(1) end(1) outcome(`ou
2021-07-14T10:05:22.446919700Z > tcome')
2021-07-14T10:05:22.446923000Z  38. *STROKE/DEMENTIA
2021-07-14T10:05:22.446926400Z . tabulatevariable, variable(stroke_dementia) start(1) end(1) outcome(`outcome'
2021-07-14T10:05:22.446929400Z > )
2021-07-14T10:05:22.446932300Z  39. *OTHER NEURO
2021-07-14T10:05:22.446935700Z . tabulatevariable, variable(other_neuro) start(1) end(1) outcome(`outcome')
2021-07-14T10:05:22.446939000Z  40. *ORGAN TRANSPLANT
2021-07-14T10:05:22.446941900Z . tabulatevariable, variable(other_transplant) start(1) end(1) outcome(`outcome
2021-07-14T10:05:22.446945300Z > ')
2021-07-14T10:05:22.446951300Z  41. *SPLEEN
2021-07-14T10:05:22.446954900Z . tabulatevariable, variable(asplenia) start(1) end(1) outcome(`outcome')
2021-07-14T10:05:22.446958500Z  42. *RA_SLE_PSORIASIS
2021-07-14T10:05:22.447029900Z . tabulatevariable, variable(ra_sle_psoriasis) start(1) end(1) outcome(`outcome
2021-07-14T10:05:22.447038800Z > ')
2021-07-14T10:05:22.447047600Z  43. *OTHER IMMUNOSUPPRESSION
2021-07-14T10:05:22.447051200Z . tabulatevariable, variable(other_immuno) start(1) end(1) outcome(`outcome')
2021-07-14T10:05:22.447054600Z  44. 
2021-07-14T10:05:22.447057500Z . *OTHER IMMUNOSUPPRESSION
2021-07-14T10:05:22.447101900Z . tabulatevariable, variable(shield) start(1) end(1) outcome(`outcome')
2021-07-14T10:05:22.447106600Z  45. 
2021-07-14T10:05:22.447108800Z . file close tablecontent
2021-07-14T10:05:22.447111400Z  46. 
2021-07-14T10:05:22.447113400Z . }
2021-07-14T10:05:22.473331600Z (note: file ./output/04b_an_descriptive_table_2_covid_tpp_prob_ageband0.txt not
2021-07-14T10:05:22.473346200Z >  found)
2021-07-14T10:05:22.473348800Z   10,689
2021-07-14T10:05:22.473350900Z   10,689
2021-07-14T10:05:22.473352700Z   2,281
2021-07-14T10:05:22.473354500Z   10,689
2021-07-14T10:05:22.473356400Z   2,723
2021-07-14T10:05:22.473358200Z   605
2021-07-14T10:05:22.473360000Z   10,689
2021-07-14T10:05:22.473361800Z   2,293
2021-07-14T10:05:22.473363500Z   494
2021-07-14T10:05:22.473365300Z   10,689
2021-07-14T10:05:22.473367000Z   2,159
2021-07-14T10:05:22.473368800Z   454
2021-07-14T10:05:22.473370700Z   10,689
2021-07-14T10:05:22.473372500Z   2,351
2021-07-14T10:05:22.473374300Z   500
2021-07-14T10:05:22.473376100Z   10,689
2021-07-14T10:05:22.473377800Z   1,163
2021-07-14T10:05:22.473379600Z   228
2021-07-14T10:05:22.473381300Z   10,689
2021-07-14T10:05:22.473383100Z   0
2021-07-14T10:05:22.473385000Z   0
2021-07-14T10:05:22.473386800Z   10,689
2021-07-14T10:05:22.473388600Z   0
2021-07-14T10:05:22.473390500Z   0
2021-07-14T10:05:22.473392200Z   10,689
2021-07-14T10:05:22.473393900Z   5,388
2021-07-14T10:05:22.473395700Z   1,153
2021-07-14T10:05:22.473397400Z   10,689
2021-07-14T10:05:22.473399300Z   5,301
2021-07-14T10:05:22.473401200Z   1,128
2021-07-14T10:05:22.473403000Z   10,689
2021-07-14T10:05:22.473404900Z   987
2021-07-14T10:05:22.473406600Z   228
2021-07-14T10:05:22.473408400Z   10,689
2021-07-14T10:05:22.473410100Z   2,463
2021-07-14T10:05:22.473411900Z   550
2021-07-14T10:05:22.473413800Z   10,689
2021-07-14T10:05:22.473415600Z   1,920
2021-07-14T10:05:22.473417400Z   395
2021-07-14T10:05:22.473419200Z   10,689
2021-07-14T10:05:22.473429500Z   1,437
2021-07-14T10:05:22.473431500Z   302
2021-07-14T10:05:22.473433200Z   10,689
2021-07-14T10:05:22.473435000Z   940
2021-07-14T10:05:22.473436900Z   203
2021-07-14T10:05:22.473438800Z   10,689
2021-07-14T10:05:22.473440600Z   624
2021-07-14T10:05:22.473442500Z   140
2021-07-14T10:05:22.473444200Z   10,689
2021-07-14T10:05:22.473446000Z   2,318
2021-07-14T10:05:22.473447800Z   463
2021-07-14T10:05:22.473449500Z   10,689
2021-07-14T10:05:22.473451400Z   389
2021-07-14T10:05:22.473453300Z   74
2021-07-14T10:05:22.473455200Z   10,689
2021-07-14T10:05:22.473457000Z   213
2021-07-14T10:05:22.473458800Z   44
2021-07-14T10:05:22.506612200Z   10,689
2021-07-14T10:05:22.506638500Z   1,276
2021-07-14T10:05:22.506641200Z   265
2021-07-14T10:05:22.506643200Z   10,689
2021-07-14T10:05:22.506645100Z   8,811
2021-07-14T10:05:22.506647000Z   1,898
2021-07-14T10:05:22.506649100Z   10,689
2021-07-14T10:05:22.506651000Z   8,541
2021-07-14T10:05:22.506652900Z   1,808
2021-07-14T10:05:22.506654800Z   10,689
2021-07-14T10:05:22.506656700Z   0
2021-07-14T10:05:22.506658600Z   0
2021-07-14T10:05:22.506660500Z   10,689
2021-07-14T10:05:22.506662400Z   1,083
2021-07-14T10:05:22.506664400Z   246
2021-07-14T10:05:22.506666300Z   10,689
2021-07-14T10:05:22.506668300Z   0
2021-07-14T10:05:22.506670300Z   0
2021-07-14T10:05:22.506672200Z   10,689
2021-07-14T10:05:22.506674000Z   1,065
2021-07-14T10:05:22.506675900Z   227
2021-07-14T10:05:22.506700500Z   10,689
2021-07-14T10:05:22.506718100Z   0
2021-07-14T10:05:22.506721200Z   0
2021-07-14T10:05:22.506723300Z   10,689
2021-07-14T10:05:22.506725200Z   7,547
2021-07-14T10:05:22.506727100Z   1,628
2021-07-14T10:05:22.506729000Z   10,689
2021-07-14T10:05:22.506730900Z   0
2021-07-14T10:05:22.506732900Z   0
2021-07-14T10:05:22.506734900Z   10,689
2021-07-14T10:05:22.506736900Z   0
2021-07-14T10:05:22.506738800Z   0
2021-07-14T10:05:22.506740700Z   10,689
2021-07-14T10:05:22.506742600Z   2,086
2021-07-14T10:05:22.506744400Z   445
2021-07-14T10:05:22.506746400Z   10,689
2021-07-14T10:05:22.506748300Z   1,056
2021-07-14T10:05:22.506764100Z   208
2021-07-14T10:05:22.506766200Z   10,689
2021-07-14T10:05:22.506768200Z   101
2021-07-14T10:05:22.506770100Z   16
2021-07-14T10:05:22.506771900Z   10,689
2021-07-14T10:05:22.506773800Z   130
2021-07-14T10:05:22.506775700Z   23
2021-07-14T10:05:22.506777800Z   10,689
2021-07-14T10:05:22.506779700Z   10,458
2021-07-14T10:05:22.506781700Z   2,242
2021-07-14T10:05:22.506784900Z   10,689
2021-07-14T10:05:22.506786900Z   1
2021-07-14T10:05:22.506788700Z   0
2021-07-14T10:05:22.506790600Z   10,689
2021-07-14T10:05:22.506792500Z   0
2021-07-14T10:05:22.506794400Z   0
2021-07-14T10:05:22.506796400Z   10,689
2021-07-14T10:05:22.506798400Z   14
2021-07-14T10:05:22.506800400Z   2
2021-07-14T10:05:22.506802300Z   10,689
2021-07-14T10:05:22.506804100Z   9,624
2021-07-14T10:05:22.506806000Z   2,057
2021-07-14T10:05:22.506808000Z   10,689
2021-07-14T10:05:22.506810000Z   1,050
2021-07-14T10:05:22.506812000Z   222
2021-07-14T10:05:22.506814000Z   10,689
2021-07-14T10:05:22.506816000Z   9,840
2021-07-14T10:05:22.506817900Z   2,107
2021-07-14T10:05:22.506819700Z   10,689
2021-07-14T10:05:22.506821600Z   2,185
2021-07-14T10:05:22.506823600Z   458
2021-07-14T10:05:22.506825600Z   10,689
2021-07-14T10:05:22.506827600Z   861
2021-07-14T10:05:22.506829600Z   180
2021-07-14T10:05:22.550022700Z   10,689
2021-07-14T10:05:22.550041600Z   2,147
2021-07-14T10:05:22.550044100Z   467
2021-07-14T10:05:22.550046100Z   10,689
2021-07-14T10:05:22.550048000Z   8,183
2021-07-14T10:05:22.550050100Z   1,736
2021-07-14T10:05:22.550051900Z   10,689
2021-07-14T10:05:22.550053700Z   270
2021-07-14T10:05:22.550055500Z   60
2021-07-14T10:05:22.550057400Z   10,689
2021-07-14T10:05:22.550059200Z   60
2021-07-14T10:05:22.550061000Z   12
2021-07-14T10:05:22.550062800Z   10,689
2021-07-14T10:05:22.550064800Z   1,794
2021-07-14T10:05:22.550066600Z   375
2021-07-14T10:05:22.550068500Z   10,689
2021-07-14T10:05:22.550070400Z   375
2021-07-14T10:05:22.550072200Z   96
2021-07-14T10:05:22.550074000Z   10,689
2021-07-14T10:05:22.550076200Z   7
2021-07-14T10:05:22.550084500Z   2
2021-07-14T10:05:22.550086800Z   10,689
2021-07-14T10:05:22.550088700Z   47
2021-07-14T10:05:22.550090600Z   7
2021-07-14T10:05:22.550092500Z   10,689
2021-07-14T10:05:22.550094300Z   152
2021-07-14T10:05:22.550096100Z   29
2021-07-14T10:05:22.550097900Z   10,689
2021-07-14T10:05:22.550099800Z   1,936
2021-07-14T10:05:22.550101700Z   418
2021-07-14T10:05:22.550103700Z   10,689
2021-07-14T10:05:22.550105600Z   54
2021-07-14T10:05:22.550107500Z   11
2021-07-14T10:05:22.550109300Z   10,689
2021-07-14T10:05:22.550111100Z   155
2021-07-14T10:05:22.550112800Z   28
2021-07-14T10:05:22.550114700Z   10,689
2021-07-14T10:05:22.550116600Z   1,946
2021-07-14T10:05:22.550131700Z   417
2021-07-14T10:05:22.550136300Z   10,689
2021-07-14T10:05:22.550138500Z   45
2021-07-14T10:05:22.550140300Z   8
2021-07-14T10:05:22.550142100Z   10,689
2021-07-14T10:05:22.550144000Z   0
2021-07-14T10:05:22.550145700Z   0
2021-07-14T10:05:22.550147700Z   10,689
2021-07-14T10:05:22.550149600Z   3,880
2021-07-14T10:05:22.550151600Z   854
2021-07-14T10:05:22.550153500Z   10,689
2021-07-14T10:05:22.550155300Z   2,148
2021-07-14T10:05:22.550157100Z   478
2021-07-14T10:05:22.550158900Z   10,689
2021-07-14T10:05:22.550160700Z   2,182
2021-07-14T10:05:22.550162700Z   452
2021-07-14T10:05:22.550164600Z   10,689
2021-07-14T10:05:22.550166500Z   2,140
2021-07-14T10:05:22.550168400Z   440
2021-07-14T10:05:22.550170200Z   10,689
2021-07-14T10:05:22.550172000Z   2,107
2021-07-14T10:05:22.550173800Z   444
2021-07-14T10:05:22.550175600Z   10,689
2021-07-14T10:05:22.550177600Z   2,095
2021-07-14T10:05:22.550179500Z   419
2021-07-14T10:05:22.550181400Z   10,689
2021-07-14T10:05:22.550183300Z   2,139
2021-07-14T10:05:22.550185100Z   440
2021-07-14T10:05:22.550186900Z   10,689
2021-07-14T10:05:22.550188700Z   3,811
2021-07-14T10:05:22.550190500Z   788
2021-07-14T10:05:22.550192600Z   10,689
2021-07-14T10:05:22.550194600Z   9,351
2021-07-14T10:05:22.562803600Z   1,975
2021-07-14T10:05:22.562865600Z (note: file ./output/04b_an_descriptive_table_2_covid_tpp_prob_ageband1.txt not
2021-07-14T10:05:22.562872000Z >  found)
2021-07-14T10:05:22.562896500Z   2,981
2021-07-14T10:05:22.562898400Z   2,981
2021-07-14T10:05:22.562900200Z   675
2021-07-14T10:05:22.562902000Z   2,981
2021-07-14T10:05:22.562903800Z   0
2021-07-14T10:05:22.562905700Z   0
2021-07-14T10:05:22.562907600Z   2,981
2021-07-14T10:05:22.562909400Z   0
2021-07-14T10:05:22.562911200Z   0
2021-07-14T10:05:22.562912900Z   2,981
2021-07-14T10:05:22.562914700Z   0
2021-07-14T10:05:22.562916400Z   0
2021-07-14T10:05:22.562918100Z   2,981
2021-07-14T10:05:22.562920000Z   0
2021-07-14T10:05:22.562921900Z   0
2021-07-14T10:05:22.562923700Z   2,981
2021-07-14T10:05:22.562925600Z   723
2021-07-14T10:05:22.562927300Z   169
2021-07-14T10:05:22.562929100Z   2,981
2021-07-14T10:05:22.562930800Z   1,434
2021-07-14T10:05:22.562932500Z   306
2021-07-14T10:05:22.562934400Z   2,981
2021-07-14T10:05:22.562936300Z   824
2021-07-14T10:05:22.562938100Z   200
2021-07-14T10:05:22.562939900Z   2,981
2021-07-14T10:05:22.562941700Z   1,500
2021-07-14T10:05:22.562943400Z   361
2021-07-14T10:05:22.562945100Z   2,981
2021-07-14T10:05:22.562946900Z   1,481
2021-07-14T10:05:22.562948700Z   314
2021-07-14T10:05:22.562950600Z   2,981
2021-07-14T10:05:22.562952400Z   279
2021-07-14T10:05:22.562954200Z   69
2021-07-14T10:05:22.562956000Z   2,981
2021-07-14T10:05:22.562957800Z   708
2021-07-14T10:05:22.562959500Z   174
2021-07-14T10:05:22.562961200Z   2,981
2021-07-14T10:05:22.562963100Z   550
2021-07-14T10:05:22.562965000Z   132
2021-07-14T10:05:22.562966800Z   2,981
2021-07-14T10:05:22.562969100Z   440
2021-07-14T10:05:22.562970800Z   87
2021-07-14T10:05:22.562972600Z   2,981
2021-07-14T10:05:22.562974300Z   277
2021-07-14T10:05:22.562976000Z   51
2021-07-14T10:05:22.562977900Z   2,981
2021-07-14T10:05:22.562979800Z   150
2021-07-14T10:05:22.562981600Z   30
2021-07-14T10:05:22.562983400Z   2,981
2021-07-14T10:05:22.562985100Z   577
2021-07-14T10:05:22.562986900Z   132
2021-07-14T10:05:22.562988600Z   2,981
2021-07-14T10:05:22.562990300Z   123
2021-07-14T10:05:22.562992200Z   24
2021-07-14T10:05:22.562994000Z   2,981
2021-07-14T10:05:22.562997800Z   61
2021-07-14T10:05:22.563000000Z   12
2021-07-14T10:05:22.563001900Z   2,981
2021-07-14T10:05:22.563003600Z   380
2021-07-14T10:05:22.563005400Z   101
2021-07-14T10:05:22.563007100Z   2,981
2021-07-14T10:05:22.563009000Z   2,417
2021-07-14T10:05:22.563010800Z   538
2021-07-14T10:05:22.573251300Z   2,981
2021-07-14T10:05:22.573280100Z   2,396
2021-07-14T10:05:22.573284200Z   544
2021-07-14T10:05:22.573287200Z   2,981
2021-07-14T10:05:22.573290100Z   0
2021-07-14T10:05:22.573293000Z   0
2021-07-14T10:05:22.573296000Z   2,981
2021-07-14T10:05:22.573299000Z   281
2021-07-14T10:05:22.573301900Z   56
2021-07-14T10:05:22.573304700Z   2,981
2021-07-14T10:05:22.573307700Z   0
2021-07-14T10:05:22.573310500Z   0
2021-07-14T10:05:22.573313100Z   2,981
2021-07-14T10:05:22.573316000Z   304
2021-07-14T10:05:22.573319600Z   75
2021-07-14T10:05:22.573322100Z   2,981
2021-07-14T10:05:22.573323900Z   0
2021-07-14T10:05:22.573325700Z   0
2021-07-14T10:05:22.573327500Z   2,981
2021-07-14T10:05:22.573329300Z   2,054
2021-07-14T10:05:22.573331000Z   460
2021-07-14T10:05:22.573332800Z   2,981
2021-07-14T10:05:22.573338200Z   0
2021-07-14T10:05:22.573341100Z   0
2021-07-14T10:05:22.573344200Z   2,981
2021-07-14T10:05:22.573347800Z   0
2021-07-14T10:05:22.573350200Z   0
2021-07-14T10:05:22.573352900Z   2,981
2021-07-14T10:05:22.573355600Z   606
2021-07-14T10:05:22.573358000Z   140
2021-07-14T10:05:22.573360600Z   2,981
2021-07-14T10:05:22.573363400Z   321
2021-07-14T10:05:22.573366200Z   75
2021-07-14T10:05:22.573369200Z   2,981
2021-07-14T10:05:22.573372900Z   21
2021-07-14T10:05:22.573376000Z   4
2021-07-14T10:05:22.573378800Z   2,981
2021-07-14T10:05:22.573381500Z   25
2021-07-14T10:05:22.573386300Z   8
2021-07-14T10:05:22.573389600Z   2,981
2021-07-14T10:05:22.573393300Z   2,935
2021-07-14T10:05:22.573396300Z   663
2021-07-14T10:05:22.573399000Z   2,981
2021-07-14T10:05:22.573401700Z   0
2021-07-14T10:05:22.573404100Z   0
2021-07-14T10:05:22.573406500Z   2,981
2021-07-14T10:05:22.573409300Z   0
2021-07-14T10:05:22.573429400Z   0
2021-07-14T10:05:22.573433100Z   2,981
2021-07-14T10:05:22.573436000Z   5
2021-07-14T10:05:22.573438600Z   2
2021-07-14T10:05:22.573441400Z   2,981
2021-07-14T10:05:22.573444200Z   2,691
2021-07-14T10:05:22.573447300Z   604
2021-07-14T10:05:22.573449300Z   2,981
2021-07-14T10:05:22.573451200Z   285
2021-07-14T10:05:22.573453100Z   69
2021-07-14T10:05:22.573454900Z   2,981
2021-07-14T10:05:22.573456600Z   2,745
2021-07-14T10:05:22.573458300Z   620
2021-07-14T10:05:22.573460200Z   2,981
2021-07-14T10:05:22.573462100Z   577
2021-07-14T10:05:22.573464100Z   131
2021-07-14T10:05:22.573465900Z   2,981
2021-07-14T10:05:22.573467800Z   252
2021-07-14T10:05:22.573469600Z   55
2021-07-14T10:05:22.573471400Z   2,981
2021-07-14T10:05:22.573473100Z   615
2021-07-14T10:05:22.573474800Z   149
2021-07-14T10:05:22.573476600Z   2,981
2021-07-14T10:05:22.573478500Z   2,290
2021-07-14T10:05:22.573480300Z   522
2021-07-14T10:05:22.573482200Z   2,981
2021-07-14T10:05:22.573484000Z   91
2021-07-14T10:05:22.573485800Z   20
2021-07-14T10:05:22.573487500Z   2,981
2021-07-14T10:05:22.573489300Z   17
2021-07-14T10:05:22.573491100Z   2
2021-07-14T10:05:22.573493000Z   2,981
2021-07-14T10:05:22.573495000Z   482
2021-07-14T10:05:22.573496900Z   105
2021-07-14T10:05:22.583681800Z   2,981
2021-07-14T10:05:22.583696900Z   99
2021-07-14T10:05:22.583699400Z   25
2021-07-14T10:05:22.583701200Z   2,981
2021-07-14T10:05:22.583703100Z   2
2021-07-14T10:05:22.583704800Z   1
2021-07-14T10:05:22.583706700Z   2,981
2021-07-14T10:05:22.583708600Z   14
2021-07-14T10:05:22.583710400Z   2
2021-07-14T10:05:22.583712200Z   2,981
2021-07-14T10:05:22.583713900Z   41
2021-07-14T10:05:22.583715700Z   13
2021-07-14T10:05:22.583717400Z   2,981
2021-07-14T10:05:22.583719200Z   554
2021-07-14T10:05:22.583721100Z   135
2021-07-14T10:05:22.583722900Z   2,981
2021-07-14T10:05:22.583724700Z   11
2021-07-14T10:05:22.583726500Z   1
2021-07-14T10:05:22.583728300Z   2,981
2021-07-14T10:05:22.583730000Z   38
2021-07-14T10:05:22.583731900Z   6
2021-07-14T10:05:22.583733600Z   2,981
2021-07-14T10:05:22.583741100Z   565
2021-07-14T10:05:22.583743100Z   140
2021-07-14T10:05:22.583745000Z   2,981
2021-07-14T10:05:22.583746800Z   120
2021-07-14T10:05:22.583748600Z   32
2021-07-14T10:05:22.583750400Z   2,981
2021-07-14T10:05:22.583752100Z   0
2021-07-14T10:05:22.583753900Z   0
2021-07-14T10:05:22.583755800Z   2,981
2021-07-14T10:05:22.583757700Z   1,063
2021-07-14T10:05:22.583759600Z   258
2021-07-14T10:05:22.583761400Z   2,981
2021-07-14T10:05:22.583763200Z   627
2021-07-14T10:05:22.583764900Z   143
2021-07-14T10:05:22.583766600Z   2,981
2021-07-14T10:05:22.583768400Z   554
2021-07-14T10:05:22.583770300Z   144
2021-07-14T10:05:22.583772200Z   2,981
2021-07-14T10:05:22.583774100Z   588
2021-07-14T10:05:22.583775900Z   142
2021-07-14T10:05:22.583777700Z   2,981
2021-07-14T10:05:22.583779400Z   572
2021-07-14T10:05:22.583781200Z   125
2021-07-14T10:05:22.583782900Z   2,981
2021-07-14T10:05:22.583784800Z   613
2021-07-14T10:05:22.583786700Z   158
2021-07-14T10:05:22.583788900Z   2,981
2021-07-14T10:05:22.583790900Z   598
2021-07-14T10:05:22.583792600Z   136
2021-07-14T10:05:22.583794300Z   2,981
2021-07-14T10:05:22.583796100Z   1,073
2021-07-14T10:05:22.583797900Z   267
2021-07-14T10:05:22.583799800Z   2,981
2021-07-14T10:05:22.583801700Z   2,621
2021-07-14T10:05:22.583803500Z   608
2021-07-14T10:05:22.583805400Z 
2021-07-14T10:05:22.583807200Z . 
2021-07-14T10:05:22.583809000Z . log close
2021-07-14T10:05:22.583810900Z       name:  <unnamed>
2021-07-14T10:05:22.583813000Z        log:  /workspace/04b_an_descriptive_table_2_covid_tpp_prob.log
2021-07-14T10:05:22.583815100Z   log type:  text
2021-07-14T10:05:22.583817100Z  closed on:  14 Jul 2021, 10:05:22
2021-07-14T10:05:22.583819100Z -------------------------------------------------------------------------------
2021-07-14T10:05:22.583821200Z 
2021-07-14T10:05:22.583822900Z . 
2021-07-14T10:05:22.583824700Z end of do-file
2021-07-14T10:05:22.583826500Z 
2021-07-14T10:05:22.583828200Z . . file open output using "/tmp/tmp.HPWPXUtaA7", write text replace
2021-07-14T10:05:22.583830500Z 
2021-07-14T10:05:22.583832400Z . . file write output "success" 
2021-07-14T10:05:22.583834400Z 
2021-07-14T10:05:22.583838300Z . . file close output
2021-07-14T10:05:22.583840200Z 
2021-07-14T10:05:22.583841900Z . 
2021-07-14T10:05:22.583843700Z end of do-file
2021-07-14T10:05:22.583845500Z 
2021-07-14T10:05:22.583847400Z 
2021-07-14T10:05:22.602935100Z . 

state: succeeded
commit: none
docker_image_id: sha256:2cfae55f0ae53b85c43f26639279eb9d1deb03aff879163255761854461f4ca9
exit_code: 0
job_id: vj5xushcgae7hrh2
run_by_user: qc18278
created_at: 2021-07-14T10:05:02Z
started_at: 2021-07-14T10:05:22Z
completed_at: 2021-07-14T10:06:13Z

Completed successfully

outputs:
  04b_an_descriptive_table_2_covid_tpp_prob.log                  - moderately_sensitive
  output/04b_an_descriptive_table_2_covid_tpp_prob_ageband0.txt  - moderately_sensitive
  output/04b_an_descriptive_table_2_covid_tpp_prob_ageband1.txt  - moderately_sensitive