2021-07-20T15:43:10.083200300Z 
2021-07-20T15:43:10.083232100Z   ___  ____  ____  ____  ____ (R)
2021-07-20T15:43:10.083238000Z  /__    /   ____/   /   ____/
2021-07-20T15:43:10.083242100Z ___/   /   /___/   /   /___/   16.1   Copyright 1985-2019 StataCorp LLC
2021-07-20T15:43:10.083245900Z   Statistics/Data Analysis            StataCorp
2021-07-20T15:43:10.083249400Z                                       4905 Lakeway Drive
2021-07-20T15:43:10.083253100Z                                       College Station, Texas 77845 USA
2021-07-20T15:43:10.083256600Z                                       800-STATA-PC        http://www.stata.com
2021-07-20T15:43:10.083260000Z                                       979-696-4600        stata@stata.com
2021-07-20T15:43:10.083263200Z                                       979-696-4601 (fax)
2021-07-20T15:43:10.083266200Z 
2021-07-20T15:43:10.083269000Z 3-user Stata network license expires 11 May 2022:
2021-07-20T15:43:10.083272100Z        Serial number:  501709312237
2021-07-20T15:43:10.083275300Z          Licensed to:  The Bennett Institute
2021-07-20T15:43:10.083278700Z                        Oxford University
2021-07-20T15:43:10.084016100Z 
2021-07-20T15:43:10.084037300Z Notes:
2021-07-20T15:43:10.084042200Z       1.  Unicode is supported; see help unicode_advice.
2021-07-20T15:43:10.084045900Z 
2021-07-20T15:43:10.084049000Z . do "analysis/06_univariate_analysis.wrapper.do" W2 
2021-07-20T15:43:10.084052700Z 
2021-07-20T15:43:10.084056400Z . . do "analysis/06_univariate_analysis.do" W2
2021-07-20T15:43:10.084059800Z 
2021-07-20T15:43:10.084063000Z . *****************************************************************************
2021-07-20T15:43:10.084066400Z > ***
2021-07-20T15:43:10.084069700Z . *
2021-07-20T15:43:10.084072600Z . *       Do-file:                06_univariate_analysis.do
2021-07-20T15:43:10.084075700Z . *
2021-07-20T15:43:10.084078300Z . *       Project:                Exposure children and COVID risk
2021-07-20T15:43:10.084081700Z . *
2021-07-20T15:43:10.084084800Z . *       Programmed by:  Hforbes, based on files from Fizz & Krishnan
2021-07-20T15:43:10.084088500Z . *
2021-07-20T15:43:10.084091600Z . *       Data used:              analysis_dataset.dta
2021-07-20T15:43:10.084095200Z . *
2021-07-20T15:43:10.084098300Z . *       Data created:   None
2021-07-20T15:43:10.084101600Z . *
2021-07-20T15:43:10.084104800Z . *       Other output:   Log file: an_univariable_cox_models.log 
2021-07-20T15:43:10.084108400Z . *
2021-07-20T15:43:10.084111800Z . *****************************************************************************
2021-07-20T15:43:10.084115200Z > ***
2021-07-20T15:43:10.084131000Z . *
2021-07-20T15:43:10.084135200Z . *       Purpose:                Fit age/sex adjusted Cox models, stratified b
2021-07-20T15:43:10.084139000Z > y STP and 
2021-07-20T15:43:10.084142300Z . *with hh size as random effect
2021-07-20T15:43:10.084145700Z . *  
2021-07-20T15:43:10.084149100Z . *****************************************************************************
2021-07-20T15:43:10.084152600Z > ***
2021-07-20T15:43:10.084155600Z . 
2021-07-20T15:43:10.084158400Z . * Set globals that will print in programs and direct output
2021-07-20T15:43:10.084161500Z . global outdir     "output" 
2021-07-20T15:43:10.084168200Z 
2021-07-20T15:43:10.084171100Z . global logdir     "log"
2021-07-20T15:43:10.084174500Z 
2021-07-20T15:43:10.084177800Z . global tempdir    "tempdata"
2021-07-20T15:43:10.084181200Z 
2021-07-20T15:43:10.084184200Z . 
2021-07-20T15:43:10.084187400Z . local dataset `1'
2021-07-20T15:43:10.084190600Z 
2021-07-20T15:43:10.084193700Z . pwd
2021-07-20T15:43:10.084196700Z /workspace
2021-07-20T15:43:10.084199800Z 
2021-07-20T15:43:10.084203100Z . 
2021-07-20T15:43:10.084206500Z . *PARSE DO-FILE ARGUMENTS (first should be outcome, rest should be variables)
2021-07-20T15:43:10.084210200Z . local arguments = wordcount("`0'") 
2021-07-20T15:43:10.084214000Z 
2021-07-20T15:43:10.084217300Z . local outcome `1'
2021-07-20T15:43:10.084220400Z 
2021-07-20T15:43:10.084225000Z . local varlist
2021-07-20T15:43:10.084228200Z 
2021-07-20T15:43:10.084231500Z . forvalues i=2/`arguments'{
2021-07-20T15:43:10.084235000Z   2.         local varlist = "`varlist' " + word("`0'", `i')
2021-07-20T15:43:10.084238700Z   3.         }
2021-07-20T15:43:10.084242900Z 
2021-07-20T15:43:10.084246200Z . local firstvar = word("`0'", 2)
2021-07-20T15:43:10.084249500Z 
2021-07-20T15:43:10.084252700Z . local lastvar = word("`0'", `arguments')
2021-07-20T15:43:10.084256400Z 
2021-07-20T15:43:10.084259800Z . 
2021-07-20T15:43:10.084263000Z .         
2021-07-20T15:43:10.084266300Z . 
2021-07-20T15:43:10.084269500Z . * Open a log file
2021-07-20T15:43:10.084272800Z . capture log close
2021-07-20T15:43:10.084349200Z 
2021-07-20T15:43:10.084362100Z . log using "$logdir/06_univariate_analysis_`dataset'", replace t
2021-07-20T15:43:10.084489800Z (note: file /workspace/log/06_univariate_analysis_W2.log not found)
2021-07-20T15:43:10.084501900Z -------------------------------------------------------------------------------
2021-07-20T15:43:10.084513300Z       name:  <unnamed>
2021-07-20T15:43:10.084517300Z        log:  /workspace/log/06_univariate_analysis_W2.log
2021-07-20T15:43:10.084520700Z   log type:  text
2021-07-20T15:43:10.084524000Z  opened on:  20 Jul 2021, 15:43:10
2021-07-20T15:43:10.084527300Z 
2021-07-20T15:43:10.084530300Z . 
2021-07-20T15:43:10.084533600Z . * Open dataset and fit specified model(s)
2021-07-20T15:43:10.084536900Z . foreach outcome in covid_tpp_prob  covidadmission  covid_icu covid_death non_
2021-07-20T15:43:10.084540300Z > covid_death {
2021-07-20T15:43:10.084543800Z   2. forvalues x=0/1 {
2021-07-20T15:43:10.084547300Z   3. 
2021-07-20T15:43:10.084550600Z . use "$tempdir/cr_create_analysis_dataset_STSET_`outcome'_ageband_`x'`dataset'
2021-07-20T15:43:10.084554200Z > .dta", clear
2021-07-20T15:43:10.084557800Z   4. 
2021-07-20T15:43:10.084633100Z . foreach exposure_type in kids_cat4  ///
2021-07-20T15:43:10.084641500Z >                 gp_number_kids {
2021-07-20T15:43:10.084645700Z   5. 
2021-07-20T15:43:10.084649000Z .         *Fit and save model
2021-07-20T15:43:10.084652700Z .         cap erase ./output/an_univariable_cox_models_`outcome'_AGESEX_ageband
2021-07-20T15:43:10.084656100Z > _`x'`dataset'.ster
2021-07-20T15:43:10.084659500Z   6.         capture stcox i.`exposure_type' age1 age2 age3 i.male , strata(stp
2021-07-20T15:43:10.084662700Z > ) vce(cluster household_id)
2021-07-20T15:43:10.084665600Z   7.         if _rc==0 {
2021-07-20T15:43:10.084668800Z   8.                 estimates
2021-07-20T15:43:10.084701700Z   9.                 estimates save ./output/an_univariable_cox_models_`exposur
2021-07-20T15:43:10.084711900Z > e_type'_`outcome'_AGESEX_ageband_`x'`dataset'.ster, replace
2021-07-20T15:43:10.084715600Z  10.                 }
2021-07-20T15:43:10.084718800Z  11.         else di "WARNING - `var' vs `outcome' MODEL DID NOT SUCCESSFULLY F
2021-07-20T15:43:10.084722500Z > IT"
2021-07-20T15:43:10.084725700Z  12. 
2021-07-20T15:43:10.084729000Z . }
2021-07-20T15:43:10.084732400Z  13. }
2021-07-20T15:43:10.084922500Z  14. }
2021-07-20T15:43:10.899967200Z 
2021-07-20T15:43:10.899986400Z -------------------------------------------------------------------------------
2021-07-20T15:43:10.899990500Z active results
2021-07-20T15:43:10.899993800Z -------------------------------------------------------------------------------
2021-07-20T15:43:10.901491400Z 
2021-07-20T15:43:10.901505600Z Stratified Cox regr. -- Breslow method for ties
2021-07-20T15:43:10.901542200Z 
2021-07-20T15:43:10.901549700Z No. of subjects      =       16,235             Number of obs    =      16,235
2021-07-20T15:43:10.901554500Z No. of failures      =        5,152
2021-07-20T15:43:10.901558600Z Time at risk         =      1293704
2021-07-20T15:43:10.901608300Z                                                 Wald chi2(7)     =        6.53
2021-07-20T15:43:10.901623900Z Log pseudolikelihood =   -36580.941             Prob > chi2      =      0.4797
2021-07-20T15:43:10.901628600Z 
2021-07-20T15:43:10.947159700Z                        (Std. Err. adjusted for 1,121 clusters in household_id)
2021-07-20T15:43:10.947176800Z ------------------------------------------------------------------------------
2021-07-20T15:43:10.947179800Z              |               Robust
2021-07-20T15:43:10.947181800Z           _t | Haz. Ratio   Std. Err.      z    P>|z|     [95% Conf. Interval]
2021-07-20T15:43:10.947184200Z -------------+----------------------------------------------------------------
2021-07-20T15:43:10.947186900Z    kids_cat4 |
2021-07-20T15:43:10.954134900Z only <12 ..  |   .8735882   .0754904    -1.56   0.118     .7374811    1.034815
2021-07-20T15:43:10.954157500Z  only 12-18  |   .9050159   .1072048    -0.84   0.399     .7175068    1.141527
2021-07-20T15:43:10.954666700Z       mixed  |   .8849796   .0679586    -1.59   0.112     .7613222    1.028722
2021-07-20T15:43:10.954680300Z              |
2021-07-20T15:43:10.954844700Z         age1 |   .9937771   .0050015    -1.24   0.215     .9840226    1.003628
2021-07-20T15:43:10.955037200Z         age2 |   1.016609   .0156534     1.07   0.285      .986387    1.047757
2021-07-20T15:43:10.955263000Z         age3 |   .9643098   .0414324    -0.85   0.398      .886429    1.049033
2021-07-20T15:43:10.960828200Z       1.male |   .9702228   .0270933    -1.08   0.279     .9185479    1.024805
2021-07-20T15:43:10.960850100Z ------------------------------------------------------------------------------
2021-07-20T15:43:10.960855300Z                                                              Stratified by stp
2021-07-20T15:43:10.978333500Z (note: file ./output/an_univariable_cox_models_kids_cat4_covid_tpp_prob_AGESEX_
2021-07-20T15:43:10.978353500Z > ageband_0W2.ster not found)
2021-07-20T15:43:10.978357900Z file ./output/an_univariable_cox_models_kids_cat4_covid_tpp_prob_AGESEX_ageband
2021-07-20T15:43:10.978361500Z > _0W2.ster saved
2021-07-20T15:43:11.077745500Z 
2021-07-20T15:43:11.077762600Z -------------------------------------------------------------------------------
2021-07-20T15:43:11.077765700Z active results
2021-07-20T15:43:11.077767700Z -------------------------------------------------------------------------------
2021-07-20T15:43:11.079009700Z 
2021-07-20T15:43:11.079023400Z Stratified Cox regr. -- Breslow method for ties
2021-07-20T15:43:11.079039300Z 
2021-07-20T15:43:11.079043100Z No. of subjects      =        1,904             Number of obs    =       1,904
2021-07-20T15:43:11.079046600Z No. of failures      =          596
2021-07-20T15:43:11.079050600Z Time at risk         =       151908
2021-07-20T15:43:11.079128500Z                                                 Wald chi2(7)     =        1.25
2021-07-20T15:43:11.079138100Z Log pseudolikelihood =   -2963.2897             Prob > chi2      =      0.9898
2021-07-20T15:43:11.079141300Z 
2021-07-20T15:43:11.084190800Z                          (Std. Err. adjusted for 226 clusters in household_id)
2021-07-20T15:43:11.084204200Z ------------------------------------------------------------------------------
2021-07-20T15:43:11.084208300Z              |               Robust
2021-07-20T15:43:11.084211600Z           _t | Haz. Ratio   Std. Err.      z    P>|z|     [95% Conf. Interval]
2021-07-20T15:43:11.084215200Z -------------+----------------------------------------------------------------
2021-07-20T15:43:11.084219100Z gp_number_~s |
2021-07-20T15:43:11.084222800Z 2 childre..  |   1.090212   .1292185     0.73   0.466     .8642142     1.37531
2021-07-20T15:43:11.084569200Z 3 childre..  |   .9529583   .1428239    -0.32   0.748     .7103963    1.278342
2021-07-20T15:43:11.084582400Z 4+ childr..  |   1.035277   .1185706     0.30   0.762     .8271192    1.295821
2021-07-20T15:43:11.084586900Z              |
2021-07-20T15:43:11.084935300Z         age1 |    1.00064   .0135724     0.05   0.962     .9743893    1.027598
2021-07-20T15:43:11.084950300Z         age2 |    1.00242    .040947     0.06   0.953     .9252944    1.085975
2021-07-20T15:43:11.085272800Z         age3 |   .9900493   .1134227    -0.09   0.930     .7909352    1.239289
2021-07-20T15:43:11.085807100Z       1.male |   1.008296   .0798984     0.10   0.917     .8632528    1.177709
2021-07-20T15:43:11.085818300Z ------------------------------------------------------------------------------
2021-07-20T15:43:11.085822300Z                                                              Stratified by stp
2021-07-20T15:43:11.090772700Z (note: file ./output/an_univariable_cox_models_gp_number_kids_covid_tpp_prob_AG
2021-07-20T15:43:11.090795600Z > ESEX_ageband_0W2.ster not found)
2021-07-20T15:43:11.090799900Z file ./output/an_univariable_cox_models_gp_number_kids_covid_tpp_prob_AGESEX_ag
2021-07-20T15:43:11.090803700Z > eband_0W2.ster saved
2021-07-20T15:43:11.240259100Z 
2021-07-20T15:43:11.240277400Z -------------------------------------------------------------------------------
2021-07-20T15:43:11.240280500Z active results
2021-07-20T15:43:11.240282500Z -------------------------------------------------------------------------------
2021-07-20T15:43:11.241507600Z 
2021-07-20T15:43:11.241519300Z Stratified Cox regr. -- Breslow method for ties
2021-07-20T15:43:11.241532400Z 
2021-07-20T15:43:11.241534800Z No. of subjects      =        4,496             Number of obs    =       4,496
2021-07-20T15:43:11.241536900Z No. of failures      =        1,466
2021-07-20T15:43:11.241538900Z Time at risk         =       355784
2021-07-20T15:43:11.241540800Z                                                 Wald chi2(7)     =        9.43
2021-07-20T15:43:11.241543000Z Log pseudolikelihood =   -8507.3443             Prob > chi2      =      0.2235
2021-07-20T15:43:11.241545300Z 
2021-07-20T15:43:11.247041300Z                          (Std. Err. adjusted for 912 clusters in household_id)
2021-07-20T15:43:11.247061300Z ------------------------------------------------------------------------------
2021-07-20T15:43:11.247065800Z              |               Robust
2021-07-20T15:43:11.247069400Z           _t | Haz. Ratio   Std. Err.      z    P>|z|     [95% Conf. Interval]
2021-07-20T15:43:11.247073100Z -------------+----------------------------------------------------------------
2021-07-20T15:43:11.247076700Z    kids_cat4 |
2021-07-20T15:43:11.247252600Z only <12 ..  |     .68046   .1130388    -2.32   0.020     .4913602    .9423347
2021-07-20T15:43:11.247266600Z  only 12-18  |   .7681169   .1609642    -1.26   0.208     .5093921     1.15825
2021-07-20T15:43:11.247571900Z       mixed  |   .8537731   .1212884    -1.11   0.266      .646278    1.127887
2021-07-20T15:43:11.247584700Z              |
2021-07-20T15:43:11.247714500Z         age1 |   1.021018   .0220349     0.96   0.335     .9787313    1.065132
2021-07-20T15:43:11.247908400Z         age2 |   .8748259   .1004194    -1.17   0.244     .6985766    1.095543
2021-07-20T15:43:11.248239400Z         age3 |    1.31888   .2999276     1.22   0.224     .8445646    2.059576
2021-07-20T15:43:11.248681800Z       1.male |   1.012084   .0528937     0.23   0.818     .9135468    1.121249
2021-07-20T15:43:11.248691500Z ------------------------------------------------------------------------------
2021-07-20T15:43:11.248957800Z                                                              Stratified by stp
2021-07-20T15:43:11.255490600Z (note: file ./output/an_univariable_cox_models_kids_cat4_covid_tpp_prob_AGESEX_
2021-07-20T15:43:11.255508800Z > ageband_1W2.ster not found)
2021-07-20T15:43:11.255513900Z file ./output/an_univariable_cox_models_kids_cat4_covid_tpp_prob_AGESEX_ageband
2021-07-20T15:43:11.255517300Z > _1W2.ster saved
2021-07-20T15:43:11.287202000Z 
2021-07-20T15:43:11.287225300Z -------------------------------------------------------------------------------
2021-07-20T15:43:11.287231300Z active results
2021-07-20T15:43:11.287235700Z -------------------------------------------------------------------------------
2021-07-20T15:43:11.289068200Z 
2021-07-20T15:43:11.289088700Z Stratified Cox regr. -- Breslow method for ties
2021-07-20T15:43:11.289160000Z 
2021-07-20T15:43:11.289171100Z No. of subjects      =          509             Number of obs    =         509
2021-07-20T15:43:11.289174200Z No. of failures      =          137
2021-07-20T15:43:11.289176300Z Time at risk         =        40930
2021-07-20T15:43:11.289337200Z                                                 Wald chi2(7)     =       18.31
2021-07-20T15:43:11.289347400Z Log pseudolikelihood =   -498.54482             Prob > chi2      =      0.0106
2021-07-20T15:43:11.289350800Z 
2021-07-20T15:43:11.296666800Z                          (Std. Err. adjusted for 162 clusters in household_id)
2021-07-20T15:43:11.296686000Z ------------------------------------------------------------------------------
2021-07-20T15:43:11.296688500Z              |               Robust
2021-07-20T15:43:11.296690700Z           _t | Haz. Ratio   Std. Err.      z    P>|z|     [95% Conf. Interval]
2021-07-20T15:43:11.296693000Z -------------+----------------------------------------------------------------
2021-07-20T15:43:11.296695300Z gp_number_~s |
2021-07-20T15:43:11.296892500Z 2 childre..  |   .9279506   .2250926    -0.31   0.758     .5768319    1.492796
2021-07-20T15:43:11.296987600Z 3 childre..  |   1.104449    .314192     0.35   0.727     .6324077    1.928831
2021-07-20T15:43:11.297235200Z 4+ childr..  |   .7571873   .1759384    -1.20   0.231     .4801976    1.193951
2021-07-20T15:43:11.297243800Z              |
2021-07-20T15:43:11.297362500Z         age1 |   1.033812   .0795983     0.43   0.666     .8890033    1.202209
2021-07-20T15:43:11.297587000Z         age2 |   .8706738   .3217189    -0.37   0.708     .4220187    1.796301
2021-07-20T15:43:11.297843200Z         age3 |   1.396083    .991008     0.47   0.638     .3472859    5.612232
2021-07-20T15:43:11.298331700Z       1.male |   .9169499   .1407249    -0.56   0.572      .678752     1.23874
2021-07-20T15:43:11.298343100Z ------------------------------------------------------------------------------
2021-07-20T15:43:11.298414000Z                                                              Stratified by stp
2021-07-20T15:43:11.303187900Z (note: file ./output/an_univariable_cox_models_gp_number_kids_covid_tpp_prob_AG
2021-07-20T15:43:11.303201800Z > ESEX_ageband_1W2.ster not found)
2021-07-20T15:43:11.303204500Z file ./output/an_univariable_cox_models_gp_number_kids_covid_tpp_prob_AGESEX_ag
2021-07-20T15:43:11.303206600Z > eband_1W2.ster saved
2021-07-20T15:43:12.099083800Z 
2021-07-20T15:43:12.099111300Z -------------------------------------------------------------------------------
2021-07-20T15:43:12.099117500Z active results
2021-07-20T15:43:12.099121800Z -------------------------------------------------------------------------------
2021-07-20T15:43:12.100995600Z 
2021-07-20T15:43:12.101013400Z Stratified Cox regr. -- Breslow method for ties
2021-07-20T15:43:12.101026500Z 
2021-07-20T15:43:12.101031200Z No. of subjects      =       16,213             Number of obs    =      16,213
2021-07-20T15:43:12.106539300Z No. of failures      =        2,394
2021-07-20T15:43:12.106561700Z Time at risk         =      1194952
2021-07-20T15:43:12.106566900Z                                                 Wald chi2(7)     =        7.07
2021-07-20T15:43:12.106570900Z Log pseudolikelihood =   -17225.976             Prob > chi2      =      0.4219
2021-07-20T15:43:12.106575500Z 
2021-07-20T15:43:12.108873400Z                        (Std. Err. adjusted for 1,121 clusters in household_id)
2021-07-20T15:43:12.108890800Z ------------------------------------------------------------------------------
2021-07-20T15:43:12.108896900Z              |               Robust
2021-07-20T15:43:12.108900700Z           _t | Haz. Ratio   Std. Err.      z    P>|z|     [95% Conf. Interval]
2021-07-20T15:43:12.108904800Z -------------+----------------------------------------------------------------
2021-07-20T15:43:12.108908400Z    kids_cat4 |
2021-07-20T15:43:12.109347200Z only <12 ..  |   1.034303   .1498811     0.23   0.816     .7785743    1.374028
2021-07-20T15:43:12.109693900Z  only 12-18  |   .7840934   .1511341    -1.26   0.207     .5374011    1.144029
2021-07-20T15:43:12.110041100Z       mixed  |   .9454561   .1263615    -0.42   0.675     .7275739    1.228586
2021-07-20T15:43:12.110053400Z              |
2021-07-20T15:43:12.110478900Z         age1 |   1.009422   .0079911     1.18   0.236     .9938807    1.025207
2021-07-20T15:43:12.110492400Z         age2 |   .9809798    .023708    -0.79   0.427     .9355964    1.028565
2021-07-20T15:43:12.110961100Z         age3 |   1.045817   .0694601     0.67   0.500     .9181667    1.191215
2021-07-20T15:43:12.111738200Z       1.male |   .9709265   .0399706    -0.72   0.474     .8956629    1.052515
2021-07-20T15:43:12.111752700Z ------------------------------------------------------------------------------
2021-07-20T15:43:12.111904800Z                                                              Stratified by stp
2021-07-20T15:43:12.119290000Z (note: file ./output/an_univariable_cox_models_kids_cat4_covidadmission_AGESEX_
2021-07-20T15:43:12.119338800Z > ageband_0W2.ster not found)
2021-07-20T15:43:12.119348300Z file ./output/an_univariable_cox_models_kids_cat4_covidadmission_AGESEX_ageband
2021-07-20T15:43:12.119353300Z > _0W2.ster saved
2021-07-20T15:43:12.289766000Z 
2021-07-20T15:43:12.289798500Z -------------------------------------------------------------------------------
2021-07-20T15:43:12.289804400Z active results
2021-07-20T15:43:12.289808700Z -------------------------------------------------------------------------------
2021-07-20T15:43:12.291620300Z 
2021-07-20T15:43:12.291638400Z Stratified Cox regr. -- Breslow method for ties
2021-07-20T15:43:12.291651700Z 
2021-07-20T15:43:12.291656200Z No. of subjects      =        1,903             Number of obs    =       1,903
2021-07-20T15:43:12.291664800Z No. of failures      =          304
2021-07-20T15:43:12.291669600Z Time at risk         =       139857
2021-07-20T15:43:12.291980500Z                                                 Wald chi2(7)     =        8.07
2021-07-20T15:43:12.291993300Z Log pseudolikelihood =   -1532.9802             Prob > chi2      =      0.3266
2021-07-20T15:43:12.291999000Z 
2021-07-20T15:43:12.300568100Z                          (Std. Err. adjusted for 226 clusters in household_id)
2021-07-20T15:43:12.300590000Z ------------------------------------------------------------------------------
2021-07-20T15:43:12.300596300Z              |               Robust
2021-07-20T15:43:12.300601300Z           _t | Haz. Ratio   Std. Err.      z    P>|z|     [95% Conf. Interval]
2021-07-20T15:43:12.300605600Z -------------+----------------------------------------------------------------
2021-07-20T15:43:12.300609500Z gp_number_~s |
2021-07-20T15:43:12.301132100Z 2 childre..  |   .7818889   .1375982    -1.40   0.162      .553795    1.103929
2021-07-20T15:43:12.301247700Z 3 childre..  |   .8343283    .169476    -0.89   0.373     .5603166     1.24234
2021-07-20T15:43:12.301786700Z 4+ childr..  |   .8627933   .1323033    -0.96   0.336     .6388237    1.165286
2021-07-20T15:43:12.301801600Z              |
2021-07-20T15:43:12.302043800Z         age1 |   1.013049   .0202705     0.65   0.517     .9740886    1.053568
2021-07-20T15:43:12.302344800Z         age2 |   .9893729   .0599117    -0.18   0.860     .8786488     1.11405
2021-07-20T15:43:12.302700000Z         age3 |   1.025206   .1690641     0.15   0.880     .7420648    1.416383
2021-07-20T15:43:12.303454600Z       1.male |    1.11105   .1194844     0.98   0.327     .8998995    1.371745
2021-07-20T15:43:12.303468100Z ------------------------------------------------------------------------------
2021-07-20T15:43:12.306496200Z                                                              Stratified by stp
2021-07-20T15:43:12.310970500Z (note: file ./output/an_univariable_cox_models_gp_number_kids_covidadmission_AG
2021-07-20T15:43:12.310990000Z > ESEX_ageband_0W2.ster not found)
2021-07-20T15:43:12.310993800Z file ./output/an_univariable_cox_models_gp_number_kids_covidadmission_AGESEX_ag
2021-07-20T15:43:12.310996400Z > eband_0W2.ster saved
2021-07-20T15:43:12.527535300Z 
2021-07-20T15:43:12.527596200Z -------------------------------------------------------------------------------
2021-07-20T15:43:12.527603800Z active results
2021-07-20T15:43:12.527607900Z -------------------------------------------------------------------------------
2021-07-20T15:43:12.529991600Z 
2021-07-20T15:43:12.530032500Z Stratified Cox regr. -- Breslow method for ties
2021-07-20T15:43:12.530047600Z 
2021-07-20T15:43:12.530053000Z No. of subjects      =        4,489             Number of obs    =       4,489
2021-07-20T15:43:12.530161400Z No. of failures      =          636
2021-07-20T15:43:12.530176700Z Time at risk         =       331396
2021-07-20T15:43:12.530457600Z                                                 Wald chi2(7)     =       10.85
2021-07-20T15:43:12.530546700Z Log pseudolikelihood =   -3763.8571             Prob > chi2      =      0.1451
2021-07-20T15:43:12.530559700Z 
2021-07-20T15:43:12.538413700Z                          (Std. Err. adjusted for 912 clusters in household_id)
2021-07-20T15:43:12.538436600Z ------------------------------------------------------------------------------
2021-07-20T15:43:12.538441900Z              |               Robust
2021-07-20T15:43:12.538446000Z           _t | Haz. Ratio   Std. Err.      z    P>|z|     [95% Conf. Interval]
2021-07-20T15:43:12.538450200Z -------------+----------------------------------------------------------------
2021-07-20T15:43:12.538454100Z    kids_cat4 |
2021-07-20T15:43:12.538761300Z only <12 ..  |   .8955357   .2321149    -0.43   0.670     .5388391    1.488356
2021-07-20T15:43:12.539030000Z  only 12-18  |   1.585948   .5077514     1.44   0.150     .8467813    2.970343
2021-07-20T15:43:12.539301700Z       mixed  |   .9100328   .2141724    -0.40   0.689       .57376     1.44339
2021-07-20T15:43:12.539314600Z              |
2021-07-20T15:43:12.539704800Z         age1 |   .9564048   .0337047    -1.26   0.206     .8925746      1.0248
2021-07-20T15:43:12.539952900Z         age2 |   1.329521   .2448912     1.55   0.122     .9266337    1.907578
2021-07-20T15:43:12.540376500Z         age3 |   .5640893   .2048045    -1.58   0.115     .2768861    1.149197
2021-07-20T15:43:12.541245900Z       1.male |   1.114164   .0884453     1.36   0.173     .9536265    1.301726
2021-07-20T15:43:12.541259700Z ------------------------------------------------------------------------------
2021-07-20T15:43:12.541543900Z                                                              Stratified by stp
2021-07-20T15:43:12.549267700Z (note: file ./output/an_univariable_cox_models_kids_cat4_covidadmission_AGESEX_
2021-07-20T15:43:12.549295100Z > ageband_1W2.ster not found)
2021-07-20T15:43:12.549299500Z file ./output/an_univariable_cox_models_kids_cat4_covidadmission_AGESEX_ageband
2021-07-20T15:43:12.549302000Z > _1W2.ster saved
2021-07-20T15:43:12.597623000Z 
2021-07-20T15:43:12.597642800Z -------------------------------------------------------------------------------
2021-07-20T15:43:12.597646600Z active results
2021-07-20T15:43:12.597650400Z -------------------------------------------------------------------------------
2021-07-20T15:43:12.599753100Z 
2021-07-20T15:43:12.599773800Z Stratified Cox regr. -- Breslow method for ties
2021-07-20T15:43:12.599906800Z 
2021-07-20T15:43:12.599920800Z No. of subjects      =          509             Number of obs    =         509
2021-07-20T15:43:12.600005100Z No. of failures      =           71
2021-07-20T15:43:12.600153600Z Time at risk         =        37721
2021-07-20T15:43:12.600171900Z                                                 Wald chi2(7)     =        5.04
2021-07-20T15:43:12.600523900Z Log pseudolikelihood =   -265.32937             Prob > chi2      =      0.6551
2021-07-20T15:43:12.600538800Z 
2021-07-20T15:43:12.609295000Z                          (Std. Err. adjusted for 162 clusters in household_id)
2021-07-20T15:43:12.609316300Z ------------------------------------------------------------------------------
2021-07-20T15:43:12.609322300Z              |               Robust
2021-07-20T15:43:12.609326900Z           _t | Haz. Ratio   Std. Err.      z    P>|z|     [95% Conf. Interval]
2021-07-20T15:43:12.609331800Z -------------+----------------------------------------------------------------
2021-07-20T15:43:12.609336500Z gp_number_~s |
2021-07-20T15:43:12.609695000Z 2 childre..  |   1.393673   .5534754     0.84   0.403     .6399106    3.035304
2021-07-20T15:43:12.610115100Z 3 childre..  |   2.344436   1.073794     1.86   0.063     .9553721    5.753128
2021-07-20T15:43:12.610306000Z 4+ childr..  |   1.439152   .5383742     0.97   0.330     .6913208    2.995944
2021-07-20T15:43:12.610318700Z              |
2021-07-20T15:43:12.610654000Z         age1 |   1.028135   .1128837     0.25   0.800      .829073    1.274992
2021-07-20T15:43:12.611051200Z         age2 |   .9685926   .5378211    -0.06   0.954      .326214    2.875939
2021-07-20T15:43:12.611388600Z         age3 |   1.004237   1.086723     0.00   0.997     .1204256    8.374397
2021-07-20T15:43:12.612400700Z       1.male |   1.310056   .3081938     1.15   0.251     .8261195    2.077481
2021-07-20T15:43:12.612415400Z ------------------------------------------------------------------------------
2021-07-20T15:43:12.612792100Z                                                              Stratified by stp
2021-07-20T15:43:12.621880100Z (note: file ./output/an_univariable_cox_models_gp_number_kids_covidadmission_AG
2021-07-20T15:43:12.621908800Z > ESEX_ageband_1W2.ster not found)
2021-07-20T15:43:12.622150700Z file ./output/an_univariable_cox_models_gp_number_kids_covidadmission_AGESEX_ag
2021-07-20T15:43:12.622166600Z > eband_1W2.ster saved
2021-07-20T15:43:13.783384100Z 
2021-07-20T15:43:13.783410300Z -------------------------------------------------------------------------------
2021-07-20T15:43:13.783417000Z active results
2021-07-20T15:43:13.783421900Z -------------------------------------------------------------------------------
2021-07-20T15:43:13.785155100Z 
2021-07-20T15:43:13.785168500Z Stratified Cox regr. -- Breslow method for ties
2021-07-20T15:43:13.785182000Z 
2021-07-20T15:43:13.785186900Z No. of subjects      =       16,235             Number of obs    =      16,235
2021-07-20T15:43:13.785191400Z No. of failures      =        4,374
2021-07-20T15:43:13.785195700Z Time at risk         =      1325984
2021-07-20T15:43:13.785199900Z                                                 Wald chi2(7)     =        5.58
2021-07-20T15:43:13.785362200Z Log pseudolikelihood =   -31165.622             Prob > chi2      =      0.5895
2021-07-20T15:43:13.785375100Z 
2021-07-20T15:43:13.793090800Z                        (Std. Err. adjusted for 1,121 clusters in household_id)
2021-07-20T15:43:13.793115800Z ------------------------------------------------------------------------------
2021-07-20T15:43:13.793121500Z              |               Robust
2021-07-20T15:43:13.793126000Z           _t | Haz. Ratio   Std. Err.      z    P>|z|     [95% Conf. Interval]
2021-07-20T15:43:13.793130600Z -------------+----------------------------------------------------------------
2021-07-20T15:43:13.793134800Z    kids_cat4 |
2021-07-20T15:43:13.793297300Z only <12 ..  |    1.07619   .1111506     0.71   0.477     .8789728    1.317657
2021-07-20T15:43:13.793513300Z  only 12-18  |   .9801731   .1484937    -0.13   0.895     .7283632    1.319039
2021-07-20T15:43:13.793845600Z       mixed  |   1.013157   .0954603     0.14   0.890     .8423179    1.218646
2021-07-20T15:43:13.793860800Z              |
2021-07-20T15:43:13.794105000Z         age1 |   1.001037   .0059197     0.18   0.861     .9895018    1.012707
2021-07-20T15:43:13.794323000Z         age2 |   1.006382   .0182439     0.35   0.726     .9712527    1.042782
2021-07-20T15:43:13.794681100Z         age3 |   .9788692   .0487431    -0.43   0.668     .8878485    1.079221
2021-07-20T15:43:13.795456400Z       1.male |   .9983784   .0304238    -0.05   0.958     .9404947    1.059825
2021-07-20T15:43:13.795471700Z ------------------------------------------------------------------------------
2021-07-20T15:43:13.795623400Z                                                              Stratified by stp
2021-07-20T15:43:13.802456200Z (note: file ./output/an_univariable_cox_models_kids_cat4_covid_icu_AGESEX_ageba
2021-07-20T15:43:13.802485600Z > nd_0W2.ster not found)
2021-07-20T15:43:13.802489500Z file ./output/an_univariable_cox_models_kids_cat4_covid_icu_AGESEX_ageband_0W2.
2021-07-20T15:43:13.802492400Z > ster saved
2021-07-20T15:43:13.970786800Z 
2021-07-20T15:43:13.970810400Z -------------------------------------------------------------------------------
2021-07-20T15:43:13.970815100Z active results
2021-07-20T15:43:13.970818200Z -------------------------------------------------------------------------------
2021-07-20T15:43:13.972574300Z 
2021-07-20T15:43:13.972593100Z Stratified Cox regr. -- Breslow method for ties
2021-07-20T15:43:13.972615200Z 
2021-07-20T15:43:13.972621100Z No. of subjects      =        1,904             Number of obs    =       1,904
2021-07-20T15:43:13.972642200Z No. of failures      =          538
2021-07-20T15:43:13.972647300Z Time at risk         =       154407
2021-07-20T15:43:13.972840100Z                                                 Wald chi2(7)     =        6.20
2021-07-20T15:43:13.972856500Z Log pseudolikelihood =    -2683.902             Prob > chi2      =      0.5170
2021-07-20T15:43:13.972862800Z 
2021-07-20T15:43:13.979628500Z                          (Std. Err. adjusted for 226 clusters in household_id)
2021-07-20T15:43:13.979644900Z ------------------------------------------------------------------------------
2021-07-20T15:43:13.979648700Z              |               Robust
2021-07-20T15:43:13.979651500Z           _t | Haz. Ratio   Std. Err.      z    P>|z|     [95% Conf. Interval]
2021-07-20T15:43:13.979654300Z -------------+----------------------------------------------------------------
2021-07-20T15:43:13.979656900Z gp_number_~s |
2021-07-20T15:43:13.979851300Z 2 childre..  |   1.037402   .1329974     0.29   0.775     .8069028    1.333746
2021-07-20T15:43:13.980072500Z 3 childre..  |    .852359   .1195049    -1.14   0.255       .64756    1.121928
2021-07-20T15:43:13.980320900Z 4+ childr..  |    1.02912   .1234251     0.24   0.811     .8135408    1.301826
2021-07-20T15:43:13.980334200Z              |
2021-07-20T15:43:13.980531000Z         age1 |   1.023657   .0161649     1.48   0.139     .9924599    1.055835
2021-07-20T15:43:13.980778000Z         age2 |   .9182341   .0473426    -1.65   0.098     .8299786    1.015874
2021-07-20T15:43:13.980976000Z         age3 |   1.282972   .1876062     1.70   0.088     .9632694    1.708781
2021-07-20T15:43:13.981595900Z       1.male |   1.003843   .0880996     0.04   0.965     .8452057    1.192255
2021-07-20T15:43:13.981656900Z ------------------------------------------------------------------------------
2021-07-20T15:43:13.981757000Z                                                              Stratified by stp
2021-07-20T15:43:13.988218200Z (note: file ./output/an_univariable_cox_models_gp_number_kids_covid_icu_AGESEX_
2021-07-20T15:43:13.988240300Z > ageband_0W2.ster not found)
2021-07-20T15:43:13.988245900Z file ./output/an_univariable_cox_models_gp_number_kids_covid_icu_AGESEX_ageband
2021-07-20T15:43:13.988250300Z > _0W2.ster saved
2021-07-20T15:43:14.197504300Z 
2021-07-20T15:43:14.197527400Z -------------------------------------------------------------------------------
2021-07-20T15:43:14.197533000Z active results
2021-07-20T15:43:14.197537800Z -------------------------------------------------------------------------------
2021-07-20T15:43:14.199403400Z 
2021-07-20T15:43:14.199417900Z Stratified Cox regr. -- Breslow method for ties
2021-07-20T15:43:14.199441600Z 
2021-07-20T15:43:14.199447000Z No. of subjects      =        4,496             Number of obs    =       4,496
2021-07-20T15:43:14.199564700Z No. of failures      =        1,224
2021-07-20T15:43:14.202911400Z Time at risk         =       367117
2021-07-20T15:43:14.202932500Z                                                 Wald chi2(7)     =        5.35
2021-07-20T15:43:14.202938300Z Log pseudolikelihood =   -7154.2785             Prob > chi2      =      0.6170
2021-07-20T15:43:14.202943000Z 
2021-07-20T15:43:14.207182800Z                          (Std. Err. adjusted for 912 clusters in household_id)
2021-07-20T15:43:14.207207100Z ------------------------------------------------------------------------------
2021-07-20T15:43:14.207212600Z              |               Robust
2021-07-20T15:43:14.207217000Z           _t | Haz. Ratio   Std. Err.      z    P>|z|     [95% Conf. Interval]
2021-07-20T15:43:14.207221500Z -------------+----------------------------------------------------------------
2021-07-20T15:43:14.207225800Z    kids_cat4 |
2021-07-20T15:43:14.207419100Z only <12 ..  |   .8317379   .1616581    -0.95   0.343     .5682577    1.217384
2021-07-20T15:43:14.207786800Z  only 12-18  |   .6892237   .1988658    -1.29   0.197     .3915237    1.213284
2021-07-20T15:43:14.208098300Z       mixed  |   .8356052   .1480042    -1.01   0.311     .5905198    1.182409
2021-07-20T15:43:14.208112900Z              |
2021-07-20T15:43:14.208353500Z         age1 |   1.001011   .0253809     0.04   0.968     .9524813    1.052013
2021-07-20T15:43:14.208641900Z         age2 |   1.048024   .1423199     0.35   0.730     .8031179    1.367612
2021-07-20T15:43:14.209044100Z         age3 |   .8912711   .2405634    -0.43   0.670     .5251238    1.512718
2021-07-20T15:43:14.209818500Z       1.male |   1.098075   .0637219     1.61   0.107     .9800227    1.230347
2021-07-20T15:43:14.209834300Z ------------------------------------------------------------------------------
2021-07-20T15:43:14.210059300Z                                                              Stratified by stp
2021-07-20T15:43:14.217244800Z (note: file ./output/an_univariable_cox_models_kids_cat4_covid_icu_AGESEX_ageba
2021-07-20T15:43:14.217263300Z > nd_1W2.ster not found)
2021-07-20T15:43:14.217266800Z file ./output/an_univariable_cox_models_kids_cat4_covid_icu_AGESEX_ageband_1W2.
2021-07-20T15:43:14.217270500Z > ster saved
2021-07-20T15:43:14.268517300Z 
2021-07-20T15:43:14.268543400Z -------------------------------------------------------------------------------
2021-07-20T15:43:14.268550000Z active results
2021-07-20T15:43:14.268554800Z -------------------------------------------------------------------------------
2021-07-20T15:43:14.270405400Z 
2021-07-20T15:43:14.270429200Z Stratified Cox regr. -- Breslow method for ties
2021-07-20T15:43:14.270466500Z 
2021-07-20T15:43:14.270474200Z No. of subjects      =          509             Number of obs    =         509
2021-07-20T15:43:14.270479000Z No. of failures      =          137
2021-07-20T15:43:14.270483100Z Time at risk         =        41368
2021-07-20T15:43:14.270490300Z                                                 Wald chi2(7)     =       15.59
2021-07-20T15:43:14.270608000Z Log pseudolikelihood =   -494.97312             Prob > chi2      =      0.0291
2021-07-20T15:43:14.270624600Z 
2021-07-20T15:43:14.279058900Z                          (Std. Err. adjusted for 162 clusters in household_id)
2021-07-20T15:43:14.279082100Z ------------------------------------------------------------------------------
2021-07-20T15:43:14.279086200Z              |               Robust
2021-07-20T15:43:14.279088700Z           _t | Haz. Ratio   Std. Err.      z    P>|z|     [95% Conf. Interval]
2021-07-20T15:43:14.279091700Z -------------+----------------------------------------------------------------
2021-07-20T15:43:14.279094200Z gp_number_~s |
2021-07-20T15:43:14.279463000Z 2 childre..  |   .8120558   .2238756    -0.76   0.450     .4730622    1.393971
2021-07-20T15:43:14.279939000Z 3 childre..  |   1.549329   .3959905     1.71   0.087     .9388284    2.556824
2021-07-20T15:43:14.280308600Z 4+ childr..  |   1.117704    .255247     0.49   0.626     .7143976    1.748692
2021-07-20T15:43:14.280320200Z              |
2021-07-20T15:43:14.280611300Z         age1 |   1.149812   .0910585     1.76   0.078     .9845021     1.34288
2021-07-20T15:43:14.280851500Z         age2 |   .6490016   .2640982    -1.06   0.288     .2923252    1.440871
2021-07-20T15:43:14.281276400Z         age3 |   2.095727   1.678763     0.92   0.356     .4360013    10.07353
2021-07-20T15:43:14.282273100Z       1.male |   1.475856   .2606675     2.20   0.028     1.044008    2.086336
2021-07-20T15:43:14.282290900Z ------------------------------------------------------------------------------
2021-07-20T15:43:14.282451800Z                                                              Stratified by stp
2021-07-20T15:43:14.290203600Z (note: file ./output/an_univariable_cox_models_gp_number_kids_covid_icu_AGESEX_
2021-07-20T15:43:14.290233400Z > ageband_1W2.ster not found)
2021-07-20T15:43:14.290240400Z file ./output/an_univariable_cox_models_gp_number_kids_covid_icu_AGESEX_ageband
2021-07-20T15:43:14.290245500Z > _1W2.ster saved
2021-07-20T15:43:15.346352900Z 
2021-07-20T15:43:15.346371500Z -------------------------------------------------------------------------------
2021-07-20T15:43:15.346375200Z active results
2021-07-20T15:43:15.346378000Z -------------------------------------------------------------------------------
2021-07-20T15:43:15.347780500Z 
2021-07-20T15:43:15.347797800Z Stratified Cox regr. -- Breslow method for ties
2021-07-20T15:43:15.347817300Z 
2021-07-20T15:43:15.347821800Z No. of subjects      =       16,235             Number of obs    =      16,235
2021-07-20T15:43:15.347825500Z No. of failures      =        2,597
2021-07-20T15:43:15.347936000Z Time at risk         =      1520863
2021-07-20T15:43:15.347945700Z                                                 Wald chi2(7)     =        1.65
2021-07-20T15:43:15.348106700Z Log pseudolikelihood =   -18812.651             Prob > chi2      =      0.9766
2021-07-20T15:43:15.348120300Z 
2021-07-20T15:43:15.354320600Z                        (Std. Err. adjusted for 1,121 clusters in household_id)
2021-07-20T15:43:15.354342800Z ------------------------------------------------------------------------------
2021-07-20T15:43:15.354348100Z              |               Robust
2021-07-20T15:43:15.354352200Z           _t | Haz. Ratio   Std. Err.      z    P>|z|     [95% Conf. Interval]
2021-07-20T15:43:15.354356800Z -------------+----------------------------------------------------------------
2021-07-20T15:43:15.354360700Z    kids_cat4 |
2021-07-20T15:43:15.354512600Z only <12 ..  |   1.098804   .1471115     0.70   0.482     .8451986    1.428506
2021-07-20T15:43:15.354747500Z  only 12-18  |   .9784463   .1843255    -0.12   0.908     .6763673     1.41544
2021-07-20T15:43:15.354986000Z       mixed  |   1.070323   .1328536     0.55   0.584     .8391883    1.365117
2021-07-20T15:43:15.354997200Z              |
2021-07-20T15:43:15.355240300Z         age1 |   1.005712   .0074525     0.77   0.442     .9912114    1.020426
2021-07-20T15:43:15.355553400Z         age2 |   .9865507   .0224487    -0.60   0.552     .9435188    1.031545
2021-07-20T15:43:15.355811200Z         age3 |   1.032257   .0654317     0.50   0.616     .9116599    1.168808
2021-07-20T15:43:15.356537900Z       1.male |   .9952825   .0394968    -0.12   0.905     .9208042    1.075785
2021-07-20T15:43:15.356556000Z ------------------------------------------------------------------------------
2021-07-20T15:43:15.356561100Z                                                              Stratified by stp
2021-07-20T15:43:15.362645700Z (note: file ./output/an_univariable_cox_models_kids_cat4_covid_death_AGESEX_age
2021-07-20T15:43:15.362679900Z > band_0W2.ster not found)
2021-07-20T15:43:15.362686000Z file ./output/an_univariable_cox_models_kids_cat4_covid_death_AGESEX_ageband_0W
2021-07-20T15:43:15.362690500Z > 2.ster saved
2021-07-20T15:43:15.479749200Z 
2021-07-20T15:43:15.479771700Z -------------------------------------------------------------------------------
2021-07-20T15:43:15.479775900Z active results
2021-07-20T15:43:15.479778800Z -------------------------------------------------------------------------------
2021-07-20T15:43:15.481175800Z 
2021-07-20T15:43:15.481191400Z Stratified Cox regr. -- Breslow method for ties
2021-07-20T15:43:15.481322400Z 
2021-07-20T15:43:15.481335700Z No. of subjects      =        1,904             Number of obs    =       1,904
2021-07-20T15:43:15.481341300Z No. of failures      =          313
2021-07-20T15:43:15.481434500Z Time at risk         =       178730
2021-07-20T15:43:15.481445100Z                                                 Wald chi2(7)     =        9.27
2021-07-20T15:43:15.483525600Z Log pseudolikelihood =   -1592.0574             Prob > chi2      =      0.2338
2021-07-20T15:43:15.483561600Z 
2021-07-20T15:43:15.488193600Z                          (Std. Err. adjusted for 226 clusters in household_id)
2021-07-20T15:43:15.488217900Z ------------------------------------------------------------------------------
2021-07-20T15:43:15.488224300Z              |               Robust
2021-07-20T15:43:15.488228800Z           _t | Haz. Ratio   Std. Err.      z    P>|z|     [95% Conf. Interval]
2021-07-20T15:43:15.488233400Z -------------+----------------------------------------------------------------
2021-07-20T15:43:15.488238000Z gp_number_~s |
2021-07-20T15:43:15.488371400Z 2 childre..  |   1.131607   .2129838     0.66   0.511     .7825062    1.636452
2021-07-20T15:43:15.488653900Z 3 childre..  |    .928704   .1925227    -0.36   0.721      .618616    1.394227
2021-07-20T15:43:15.488886300Z 4+ childr..  |   1.015687   .1779345     0.09   0.929     .7205118    1.431788
2021-07-20T15:43:15.488901000Z              |
2021-07-20T15:43:15.489231000Z         age1 |   1.005984   .0212884     0.28   0.778     .9651125    1.048585
2021-07-20T15:43:15.489478700Z         age2 |   .9525634   .0612392    -0.76   0.450     .8397908     1.08048
2021-07-20T15:43:15.489809300Z         age3 |   1.189596   .2099515     0.98   0.325     .8417266    1.681232
2021-07-20T15:43:15.490580100Z       1.male |   1.247549   .1460354     1.89   0.059     .9917859     1.56927
2021-07-20T15:43:15.490597200Z ------------------------------------------------------------------------------
2021-07-20T15:43:15.490826600Z                                                              Stratified by stp
2021-07-20T15:43:15.496746000Z (note: file ./output/an_univariable_cox_models_gp_number_kids_covid_death_AGESE
2021-07-20T15:43:15.496762700Z > X_ageband_0W2.ster not found)
2021-07-20T15:43:15.496766300Z file ./output/an_univariable_cox_models_gp_number_kids_covid_death_AGESEX_ageba
2021-07-20T15:43:15.496769200Z > nd_0W2.ster saved
2021-07-20T15:43:15.660743800Z 
2021-07-20T15:43:15.660764100Z -------------------------------------------------------------------------------
2021-07-20T15:43:15.660769900Z active results
2021-07-20T15:43:15.660774700Z -------------------------------------------------------------------------------
2021-07-20T15:43:15.662355400Z 
2021-07-20T15:43:15.663589100Z Stratified Cox regr. -- Breslow method for ties
2021-07-20T15:43:15.663819200Z 
2021-07-20T15:43:15.663831100Z No. of subjects      =        4,496             Number of obs    =       4,496
2021-07-20T15:43:15.663834300Z No. of failures      =          713
2021-07-20T15:43:15.663836400Z Time at risk         =       420295
2021-07-20T15:43:15.663895500Z                                                 Wald chi2(7)     =        8.67
2021-07-20T15:43:15.663965600Z Log pseudolikelihood =   -4245.1054             Prob > chi2      =      0.2771
2021-07-20T15:43:15.663976400Z 
2021-07-20T15:43:15.669893400Z                          (Std. Err. adjusted for 912 clusters in household_id)
2021-07-20T15:43:15.669911800Z ------------------------------------------------------------------------------
2021-07-20T15:43:15.669916600Z              |               Robust
2021-07-20T15:43:15.669920300Z           _t | Haz. Ratio   Std. Err.      z    P>|z|     [95% Conf. Interval]
2021-07-20T15:43:15.669924000Z -------------+----------------------------------------------------------------
2021-07-20T15:43:15.669927700Z    kids_cat4 |
2021-07-20T15:43:15.670247300Z only <12 ..  |   .7817566   .1819872    -1.06   0.290     .4953567    1.233744
2021-07-20T15:43:15.670564100Z  only 12-18  |   .6410462   .2408317    -1.18   0.237     .3069767    1.338669
2021-07-20T15:43:15.670816800Z       mixed  |   .7538181   .1552453    -1.37   0.170     .5034608    1.128671
2021-07-20T15:43:15.670829100Z              |
2021-07-20T15:43:15.671048000Z         age1 |   .9770979   .0338496    -0.67   0.504     .9129561    1.045746
2021-07-20T15:43:15.671213200Z         age2 |    1.26387   .2318796     1.28   0.202     .8821331      1.8108
2021-07-20T15:43:15.671541600Z         age3 |   .6029496    .218691    -1.39   0.163     .2961751    1.227477
2021-07-20T15:43:15.672273800Z       1.male |   1.080192   .0823536     1.01   0.312     .9302627    1.254285
2021-07-20T15:43:15.672288900Z ------------------------------------------------------------------------------
2021-07-20T15:43:15.672381500Z                                                              Stratified by stp
2021-07-20T15:43:15.679934000Z (note: file ./output/an_univariable_cox_models_kids_cat4_covid_death_AGESEX_age
2021-07-20T15:43:15.679963500Z > band_1W2.ster not found)
2021-07-20T15:43:15.679969200Z file ./output/an_univariable_cox_models_kids_cat4_covid_death_AGESEX_ageband_1W
2021-07-20T15:43:15.679973500Z > 2.ster saved
2021-07-20T15:43:15.715727800Z 
2021-07-20T15:43:15.715749200Z -------------------------------------------------------------------------------
2021-07-20T15:43:15.715752800Z active results
2021-07-20T15:43:15.715755100Z -------------------------------------------------------------------------------
2021-07-20T15:43:15.716778500Z 
2021-07-20T15:43:15.716792900Z Stratified Cox regr. -- Breslow method for ties
2021-07-20T15:43:15.716808700Z 
2021-07-20T15:43:15.716813400Z No. of subjects      =          509             Number of obs    =         509
2021-07-20T15:43:15.716913900Z No. of failures      =           83
2021-07-20T15:43:15.716924800Z Time at risk         =        47440
2021-07-20T15:43:15.716928000Z                                                 Wald chi2(7)     =        2.33
2021-07-20T15:43:15.717022600Z Log pseudolikelihood =   -312.38297             Prob > chi2      =      0.9393
2021-07-20T15:43:15.717032600Z 
2021-07-20T15:43:15.724808700Z                          (Std. Err. adjusted for 162 clusters in household_id)
2021-07-20T15:43:15.724826900Z ------------------------------------------------------------------------------
2021-07-20T15:43:15.724832300Z              |               Robust
2021-07-20T15:43:15.724836400Z           _t | Haz. Ratio   Std. Err.      z    P>|z|     [95% Conf. Interval]
2021-07-20T15:43:15.724840400Z -------------+----------------------------------------------------------------
2021-07-20T15:43:15.724844300Z gp_number_~s |
2021-07-20T15:43:15.725234200Z 2 childre..  |   .8448556    .298539    -0.48   0.633     .4226696    1.688744
2021-07-20T15:43:15.725528000Z 3 childre..  |   1.023167   .4574795     0.05   0.959     .4259481    2.457744
2021-07-20T15:43:15.725743200Z 4+ childr..  |   .8262901   .2641725    -0.60   0.551     .4415661    1.546213
2021-07-20T15:43:15.725755200Z              |
2021-07-20T15:43:15.725930800Z         age1 |   1.057711   .1148173     0.52   0.605     .8550013     1.30848
2021-07-20T15:43:15.727021700Z         age2 |   .9185735    .501725    -0.16   0.876     .3149108    2.679417
2021-07-20T15:43:15.727799500Z         age3 |    1.06666   1.132212     0.06   0.952     .1332029    8.541583
2021-07-20T15:43:15.728612200Z       1.male |   1.024974   .2164517     0.12   0.907     .6775765    1.550486
2021-07-20T15:43:15.728627900Z ------------------------------------------------------------------------------
2021-07-20T15:43:15.728914400Z                                                              Stratified by stp
2021-07-20T15:43:15.735891000Z (note: file ./output/an_univariable_cox_models_gp_number_kids_covid_death_AGESE
2021-07-20T15:43:15.735916300Z > X_ageband_1W2.ster not found)
2021-07-20T15:43:15.735921700Z file ./output/an_univariable_cox_models_gp_number_kids_covid_death_AGESEX_ageba
2021-07-20T15:43:15.735925900Z > nd_1W2.ster saved
2021-07-20T15:43:16.642827900Z 
2021-07-20T15:43:16.642853100Z -------------------------------------------------------------------------------
2021-07-20T15:43:16.642859200Z active results
2021-07-20T15:43:16.642864300Z -------------------------------------------------------------------------------
2021-07-20T15:43:16.644298200Z 
2021-07-20T15:43:16.644318000Z Stratified Cox regr. -- Breslow method for ties
2021-07-20T15:43:16.644336000Z 
2021-07-20T15:43:16.644340400Z No. of subjects      =       16,235             Number of obs    =      16,235
2021-07-20T15:43:16.644344600Z No. of failures      =        1,766
2021-07-20T15:43:16.644348600Z Time at risk         =      1520863
2021-07-20T15:43:16.644352300Z                                                 Wald chi2(7)     =        1.59
2021-07-20T15:43:16.644529300Z Log pseudolikelihood =   -12797.879             Prob > chi2      =      0.9790
2021-07-20T15:43:16.644546100Z 
2021-07-20T15:43:16.650541100Z                        (Std. Err. adjusted for 1,121 clusters in household_id)
2021-07-20T15:43:16.650565500Z ------------------------------------------------------------------------------
2021-07-20T15:43:16.650571000Z              |               Robust
2021-07-20T15:43:16.650574000Z           _t | Haz. Ratio   Std. Err.      z    P>|z|     [95% Conf. Interval]
2021-07-20T15:43:16.650577000Z -------------+----------------------------------------------------------------
2021-07-20T15:43:16.650579300Z    kids_cat4 |
2021-07-20T15:43:16.650749000Z only <12 ..  |   .9818275   .1472999    -0.12   0.903     .7316992    1.317461
2021-07-20T15:43:16.650999600Z  only 12-18  |   .9506892   .2135064    -0.23   0.822     .6121744    1.476393
2021-07-20T15:43:16.651120500Z       mixed  |   .9906319   .1315683    -0.07   0.944     .7635933    1.285176
2021-07-20T15:43:16.651133100Z              |
2021-07-20T15:43:16.651448600Z         age1 |   1.000623    .008929     0.07   0.944     .9832748    1.018278
2021-07-20T15:43:16.651563000Z         age2 |   1.001953   .0272828     0.07   0.943     .9498812    1.056879
2021-07-20T15:43:16.651911900Z         age3 |   .9832834   .0742223    -0.22   0.823     .8480598    1.140068
2021-07-20T15:43:16.652523600Z       1.male |   .9702053   .0455946    -0.64   0.520     .8848335    1.063814
2021-07-20T15:43:16.652535900Z ------------------------------------------------------------------------------
2021-07-20T15:43:16.652540600Z                                                              Stratified by stp
2021-07-20T15:43:16.658331900Z (note: file ./output/an_univariable_cox_models_kids_cat4_non_covid_death_AGESEX
2021-07-20T15:43:16.658363800Z > _ageband_0W2.ster not found)
2021-07-20T15:43:16.658367800Z file ./output/an_univariable_cox_models_kids_cat4_non_covid_death_AGESEX_ageban
2021-07-20T15:43:16.658370200Z > d_0W2.ster saved
2021-07-20T15:43:16.777585900Z 
2021-07-20T15:43:16.777612900Z -------------------------------------------------------------------------------
2021-07-20T15:43:16.777616800Z active results
2021-07-20T15:43:16.777619500Z -------------------------------------------------------------------------------
2021-07-20T15:43:16.779402300Z 
2021-07-20T15:43:16.779417900Z Stratified Cox regr. -- Breslow method for ties
2021-07-20T15:43:16.779432500Z 
2021-07-20T15:43:16.779435100Z No. of subjects      =        1,904             Number of obs    =       1,904
2021-07-20T15:43:16.779598200Z No. of failures      =          206
2021-07-20T15:43:16.779612700Z Time at risk         =       178730
2021-07-20T15:43:16.779617700Z                                                 Wald chi2(7)     =       12.94
2021-07-20T15:43:16.779621600Z Log pseudolikelihood =   -1048.9563             Prob > chi2      =      0.0735
2021-07-20T15:43:16.779625700Z 
2021-07-20T15:43:16.785722600Z                          (Std. Err. adjusted for 226 clusters in household_id)
2021-07-20T15:43:16.785741100Z ------------------------------------------------------------------------------
2021-07-20T15:43:16.785746000Z              |               Robust
2021-07-20T15:43:16.785749800Z           _t | Haz. Ratio   Std. Err.      z    P>|z|     [95% Conf. Interval]
2021-07-20T15:43:16.785754000Z -------------+----------------------------------------------------------------
2021-07-20T15:43:16.785758300Z gp_number_~s |
2021-07-20T15:43:16.785889900Z 2 childre..  |   .7474886   .1662594    -1.31   0.191     .4833669    1.155932
2021-07-20T15:43:16.786067600Z 3 childre..  |   .8023067   .2322849    -0.76   0.447     .4548827    1.415081
2021-07-20T15:43:16.786325400Z 4+ childr..  |   .9760221   .1760592    -0.13   0.893     .6853559    1.389963
2021-07-20T15:43:16.786337900Z              |
2021-07-20T15:43:16.786513100Z         age1 |   1.011479   .0224121     0.52   0.606     .9684924    1.056374
2021-07-20T15:43:16.786740200Z         age2 |   .9493058   .0677347    -0.73   0.466     .8254131    1.091795
2021-07-20T15:43:16.786997300Z         age3 |   1.131944    .240605     0.58   0.560     .7462669    1.716942
2021-07-20T15:43:16.788140400Z       1.male |   .7454515    .108275    -2.02   0.043     .5607696    .9909558
2021-07-20T15:43:16.788158500Z ------------------------------------------------------------------------------
2021-07-20T15:43:16.789901500Z                                                              Stratified by stp
2021-07-20T15:43:16.794834600Z (note: file ./output/an_univariable_cox_models_gp_number_kids_non_covid_death_A
2021-07-20T15:43:16.794851500Z > GESEX_ageband_0W2.ster not found)
2021-07-20T15:43:16.794854800Z file ./output/an_univariable_cox_models_gp_number_kids_non_covid_death_AGESEX_a
2021-07-20T15:43:16.794857300Z > geband_0W2.ster saved
2021-07-20T15:43:16.937541400Z 
2021-07-20T15:43:16.937567700Z -------------------------------------------------------------------------------
2021-07-20T15:43:16.937574000Z active results
2021-07-20T15:43:16.937578600Z -------------------------------------------------------------------------------
2021-07-20T15:43:16.939051700Z 
2021-07-20T15:43:16.939080000Z Stratified Cox regr. -- Breslow method for ties
2021-07-20T15:43:16.939084900Z 
2021-07-20T15:43:16.939088500Z No. of subjects      =        4,496             Number of obs    =       4,496
2021-07-20T15:43:16.939092200Z No. of failures      =          539
2021-07-20T15:43:16.939095800Z Time at risk         =       420295
2021-07-20T15:43:16.939103200Z                                                 Wald chi2(7)     =        5.29
2021-07-20T15:43:16.939107300Z Log pseudolikelihood =   -3209.0071             Prob > chi2      =      0.6249
2021-07-20T15:43:16.939222300Z 
2021-07-20T15:43:16.946117100Z                          (Std. Err. adjusted for 912 clusters in household_id)
2021-07-20T15:43:16.946135000Z ------------------------------------------------------------------------------
2021-07-20T15:43:16.946138300Z              |               Robust
2021-07-20T15:43:16.946140700Z           _t | Haz. Ratio   Std. Err.      z    P>|z|     [95% Conf. Interval]
2021-07-20T15:43:16.946143300Z -------------+----------------------------------------------------------------
2021-07-20T15:43:16.946145600Z    kids_cat4 |
2021-07-20T15:43:16.946339200Z only <12 ..  |   1.170935   .3317091     0.56   0.577     .6720466    2.040168
2021-07-20T15:43:16.946699900Z  only 12-18  |   1.116267   .4554988     0.27   0.788     .5016845    2.483736
2021-07-20T15:43:16.946864600Z       mixed  |   .9305922    .241865    -0.28   0.782     .5591501    1.548783
2021-07-20T15:43:16.946877400Z              |
2021-07-20T15:43:16.947216200Z         age1 |   1.033627   .0376093     0.91   0.363     .9624806    1.110032
2021-07-20T15:43:16.947379100Z         age2 |   .8101452   .1544051    -1.10   0.269     .5576129    1.177044
2021-07-20T15:43:16.947774500Z         age3 |   1.537853   .5780035     1.15   0.252     .7361901    3.212475
2021-07-20T15:43:16.948580700Z       1.male |   1.054334   .0903559     0.62   0.537     .8913138     1.24717
2021-07-20T15:43:16.948597200Z ------------------------------------------------------------------------------
2021-07-20T15:43:16.948842400Z                                                              Stratified by stp
2021-07-20T15:43:16.954506200Z (note: file ./output/an_univariable_cox_models_kids_cat4_non_covid_death_AGESEX
2021-07-20T15:43:16.954524900Z > _ageband_1W2.ster not found)
2021-07-20T15:43:16.954528500Z file ./output/an_univariable_cox_models_kids_cat4_non_covid_death_AGESEX_ageban
2021-07-20T15:43:16.954531700Z > d_1W2.ster saved
2021-07-20T15:43:16.988653000Z 
2021-07-20T15:43:16.988676400Z -------------------------------------------------------------------------------
2021-07-20T15:43:16.988682100Z active results
2021-07-20T15:43:16.988685800Z -------------------------------------------------------------------------------
2021-07-20T15:43:16.990206600Z 
2021-07-20T15:43:16.990240200Z Stratified Cox regr. -- Breslow method for ties
2021-07-20T15:43:16.990362900Z 
2021-07-20T15:43:16.990375500Z No. of subjects      =          509             Number of obs    =         509
2021-07-20T15:43:16.990381200Z No. of failures      =           74
2021-07-20T15:43:16.990385200Z Time at risk         =        47440
2021-07-20T15:43:16.990587500Z                                                 Wald chi2(7)     =       15.17
2021-07-20T15:43:16.990603200Z Log pseudolikelihood =    -271.5862             Prob > chi2      =      0.0338
2021-07-20T15:43:16.990609500Z 
2021-07-20T15:43:16.997373100Z                          (Std. Err. adjusted for 162 clusters in household_id)
2021-07-20T15:43:16.997390600Z ------------------------------------------------------------------------------
2021-07-20T15:43:16.997394400Z              |               Robust
2021-07-20T15:43:16.997397300Z           _t | Haz. Ratio   Std. Err.      z    P>|z|     [95% Conf. Interval]
2021-07-20T15:43:16.997400200Z -------------+----------------------------------------------------------------
2021-07-20T15:43:16.997403000Z gp_number_~s |
2021-07-20T15:43:16.997589100Z 2 childre..  |   .5369476   .1878627    -1.78   0.076      .270471    1.065966
2021-07-20T15:43:16.997957000Z 3 childre..  |   .4086959   .2291579    -1.60   0.111     .1361843    1.226517
2021-07-20T15:43:16.998439200Z 4+ childr..  |   .8559634   .2472909    -0.54   0.590     .4858923    1.507892
2021-07-20T15:43:16.998453400Z              |
2021-07-20T15:43:16.998814500Z         age1 |   1.278369   .1448995     2.17   0.030     1.023705    1.596384
2021-07-20T15:43:16.999075600Z         age2 |   .3403368   .1784081    -2.06   0.040     .1218148    .9508624
2021-07-20T15:43:16.999501600Z         age3 |    7.75992   7.746988     2.05   0.040     1.096666    54.90859
2021-07-20T15:43:17.000840200Z       1.male |   1.156812   .2839028     0.59   0.553      .715093    1.871385
2021-07-20T15:43:17.000860200Z ------------------------------------------------------------------------------
2021-07-20T15:43:17.002444600Z                                                              Stratified by stp
2021-07-20T15:43:17.008515300Z (note: file ./output/an_univariable_cox_models_gp_number_kids_non_covid_death_A
2021-07-20T15:43:17.008539400Z > GESEX_ageband_1W2.ster not found)
2021-07-20T15:43:17.008543600Z file ./output/an_univariable_cox_models_gp_number_kids_non_covid_death_AGESEX_a
2021-07-20T15:43:17.008546600Z > geband_1W2.ster saved
2021-07-20T15:43:17.008549500Z 
2021-07-20T15:43:17.008552000Z . * Close log file
2021-07-20T15:43:17.008554900Z . log close
2021-07-20T15:43:17.008696600Z       name:  <unnamed>
2021-07-20T15:43:17.008711800Z        log:  /workspace/log/06_univariate_analysis_W2.log
2021-07-20T15:43:17.008718000Z   log type:  text
2021-07-20T15:43:17.008734000Z  closed on:  20 Jul 2021, 15:43:17
2021-07-20T15:43:17.008738700Z -------------------------------------------------------------------------------
2021-07-20T15:43:17.008743000Z 
2021-07-20T15:43:17.008747400Z . 
2021-07-20T15:43:17.008751800Z . exit, clear 
2021-07-20T15:43:17.008756000Z 
2021-07-20T15:43:17.008760000Z end of do-file
2021-07-20T15:43:17.008764200Z 
2021-07-20T15:43:17.008768200Z . . file open output using "/tmp/tmp.5Wvwgxeegq", write text replace
2021-07-20T15:43:17.008838500Z 
2021-07-20T15:43:17.008850400Z . . file write output "success" 
2021-07-20T15:43:17.008853600Z 
2021-07-20T15:43:17.008855800Z . . file close output
2021-07-20T15:43:17.008858000Z 
2021-07-20T15:43:17.008860200Z . 
2021-07-20T15:43:17.008862500Z end of do-file
2021-07-20T15:43:17.008864700Z 
2021-07-20T15:43:17.008867000Z 
2021-07-20T15:43:17.031523300Z . 

state: succeeded
commit: none
docker_image_id: sha256:11980aa720220a1b39bf523f5a8a33270214c13876c30ee364e16265766f7f60
exit_code: 0
job_id: bickhfws77dxhlkq
run_by_user: qc18278
created_at: 2021-07-20T15:38:48Z
started_at: 2021-07-20T15:43:10Z
completed_at: 2021-07-20T15:43:42Z

Completed successfully

outputs:
  log/06_univariate_analysis_W2.log                                                        - moderately_sensitive
  output/an_univariable_cox_models_gp_number_kids_covid_death_AGESEX_ageband_0W2.ster      - moderately_sensitive
  output/an_univariable_cox_models_gp_number_kids_covid_death_AGESEX_ageband_1W2.ster      - moderately_sensitive
  output/an_univariable_cox_models_gp_number_kids_covid_icu_AGESEX_ageband_0W2.ster        - moderately_sensitive
  output/an_univariable_cox_models_gp_number_kids_covid_icu_AGESEX_ageband_1W2.ster        - moderately_sensitive
  output/an_univariable_cox_models_gp_number_kids_covid_tpp_prob_AGESEX_ageband_0W2.ster   - moderately_sensitive
  output/an_univariable_cox_models_gp_number_kids_covid_tpp_prob_AGESEX_ageband_1W2.ster   - moderately_sensitive
  output/an_univariable_cox_models_gp_number_kids_covidadmission_AGESEX_ageband_0W2.ster   - moderately_sensitive
  output/an_univariable_cox_models_gp_number_kids_covidadmission_AGESEX_ageband_1W2.ster   - moderately_sensitive
  output/an_univariable_cox_models_gp_number_kids_non_covid_death_AGESEX_ageband_0W2.ster  - moderately_sensitive
  output/an_univariable_cox_models_gp_number_kids_non_covid_death_AGESEX_ageband_1W2.ster  - moderately_sensitive
  output/an_univariable_cox_models_kids_cat4_covid_death_AGESEX_ageband_0W2.ster           - moderately_sensitive
  output/an_univariable_cox_models_kids_cat4_covid_death_AGESEX_ageband_1W2.ster           - moderately_sensitive
  output/an_univariable_cox_models_kids_cat4_covid_icu_AGESEX_ageband_0W2.ster             - moderately_sensitive
  output/an_univariable_cox_models_kids_cat4_covid_icu_AGESEX_ageband_1W2.ster             - moderately_sensitive
  output/an_univariable_cox_models_kids_cat4_covid_tpp_prob_AGESEX_ageband_0W2.ster        - moderately_sensitive
  output/an_univariable_cox_models_kids_cat4_covid_tpp_prob_AGESEX_ageband_1W2.ster        - moderately_sensitive
  output/an_univariable_cox_models_kids_cat4_covidadmission_AGESEX_ageband_0W2.ster        - moderately_sensitive
  output/an_univariable_cox_models_kids_cat4_covidadmission_AGESEX_ageband_1W2.ster        - moderately_sensitive
  output/an_univariable_cox_models_kids_cat4_non_covid_death_AGESEX_ageband_0W2.ster       - moderately_sensitive
  output/an_univariable_cox_models_kids_cat4_non_covid_death_AGESEX_ageband_1W2.ster       - moderately_sensitive