2021-07-20T15:42:58.373090400Z 
2021-07-20T15:42:58.373118600Z   ___  ____  ____  ____  ____ (R)
2021-07-20T15:42:58.373123900Z  /__    /   ____/   /   ____/
2021-07-20T15:42:58.373127400Z ___/   /   /___/   /   /___/   16.1   Copyright 1985-2019 StataCorp LLC
2021-07-20T15:42:58.373130700Z   Statistics/Data Analysis            StataCorp
2021-07-20T15:42:58.373133800Z                                       4905 Lakeway Drive
2021-07-20T15:42:58.373137300Z                                       College Station, Texas 77845 USA
2021-07-20T15:42:58.373141000Z                                       800-STATA-PC        http://www.stata.com
2021-07-20T15:42:58.373144400Z                                       979-696-4600        stata@stata.com
2021-07-20T15:42:58.373147800Z                                       979-696-4601 (fax)
2021-07-20T15:42:58.373151300Z 
2021-07-20T15:42:58.373154600Z 3-user Stata network license expires 11 May 2022:
2021-07-20T15:42:58.373157800Z        Serial number:  501709312237
2021-07-20T15:42:58.373160900Z          Licensed to:  The Bennett Institute
2021-07-20T15:42:58.373164400Z                        Oxford University
2021-07-20T15:42:58.374039900Z 
2021-07-20T15:42:58.374055700Z Notes:
2021-07-20T15:42:58.374060400Z       1.  Unicode is supported; see help unicode_advice.
2021-07-20T15:42:58.374063800Z 
2021-07-20T15:42:58.374065800Z . do "analysis/06_univariate_analysis.wrapper.do" MAIN 
2021-07-20T15:42:58.374067900Z 
2021-07-20T15:42:58.374071000Z . . do "analysis/06_univariate_analysis.do" MAIN
2021-07-20T15:42:58.374073600Z 
2021-07-20T15:42:58.374075500Z . *****************************************************************************
2021-07-20T15:42:58.374077700Z > ***
2021-07-20T15:42:58.374079800Z . *
2021-07-20T15:42:58.374082600Z . *       Do-file:                06_univariate_analysis.do
2021-07-20T15:42:58.374086000Z . *
2021-07-20T15:42:58.374089200Z . *       Project:                Exposure children and COVID risk
2021-07-20T15:42:58.374092900Z . *
2021-07-20T15:42:58.374096200Z . *       Programmed by:  Hforbes, based on files from Fizz & Krishnan
2021-07-20T15:42:58.374099800Z . *
2021-07-20T15:42:58.374103400Z . *       Data used:              analysis_dataset.dta
2021-07-20T15:42:58.374106700Z . *
2021-07-20T15:42:58.374111100Z . *       Data created:   None
2021-07-20T15:42:58.374114400Z . *
2021-07-20T15:42:58.374117600Z . *       Other output:   Log file: an_univariable_cox_models.log 
2021-07-20T15:42:58.374121200Z . *
2021-07-20T15:42:58.374124600Z . *****************************************************************************
2021-07-20T15:42:58.374128700Z > ***
2021-07-20T15:42:58.374143000Z . *
2021-07-20T15:42:58.374237100Z . *       Purpose:                Fit age/sex adjusted Cox models, stratified b
2021-07-20T15:42:58.374249400Z > y STP and 
2021-07-20T15:42:58.374254000Z . *with hh size as random effect
2021-07-20T15:42:58.374257900Z . *  
2021-07-20T15:42:58.374261500Z . *****************************************************************************
2021-07-20T15:42:58.374265200Z > ***
2021-07-20T15:42:58.374268800Z . 
2021-07-20T15:42:58.374271800Z . * Set globals that will print in programs and direct output
2021-07-20T15:42:58.374295100Z . global outdir     "output" 
2021-07-20T15:42:58.374301900Z 
2021-07-20T15:42:58.374305400Z . global logdir     "log"
2021-07-20T15:42:58.374308700Z 
2021-07-20T15:42:58.374311700Z . global tempdir    "tempdata"
2021-07-20T15:42:58.374314900Z 
2021-07-20T15:42:58.374318100Z . 
2021-07-20T15:42:58.374321000Z . local dataset `1'
2021-07-20T15:42:58.374323100Z 
2021-07-20T15:42:58.374325100Z . pwd
2021-07-20T15:42:58.374327100Z /workspace
2021-07-20T15:42:58.374329100Z 
2021-07-20T15:42:58.374334000Z . 
2021-07-20T15:42:58.374336200Z . *PARSE DO-FILE ARGUMENTS (first should be outcome, rest should be variables)
2021-07-20T15:42:58.374338300Z . local arguments = wordcount("`0'") 
2021-07-20T15:42:58.374513500Z 
2021-07-20T15:42:58.374525000Z . local outcome `1'
2021-07-20T15:42:58.374529400Z 
2021-07-20T15:42:58.374532700Z . local varlist
2021-07-20T15:42:58.374536100Z 
2021-07-20T15:42:58.374540000Z . forvalues i=2/`arguments'{
2021-07-20T15:42:58.374543700Z   2.         local varlist = "`varlist' " + word("`0'", `i')
2021-07-20T15:42:58.374547700Z   3.         }
2021-07-20T15:42:58.374551000Z 
2021-07-20T15:42:58.374554000Z . local firstvar = word("`0'", 2)
2021-07-20T15:42:58.374564100Z 
2021-07-20T15:42:58.374568500Z . local lastvar = word("`0'", `arguments')
2021-07-20T15:42:58.374572300Z 
2021-07-20T15:42:58.374575400Z . 
2021-07-20T15:42:58.374578500Z .         
2021-07-20T15:42:58.374581700Z . 
2021-07-20T15:42:58.374584700Z . * Open a log file
2021-07-20T15:42:58.374587800Z . capture log close
2021-07-20T15:42:58.374596200Z 
2021-07-20T15:42:58.374600500Z . log using "$logdir/06_univariate_analysis_`dataset'", replace t
2021-07-20T15:42:58.374813400Z (note: file /workspace/log/06_univariate_analysis_MAIN.log not found)
2021-07-20T15:42:58.374839400Z -------------------------------------------------------------------------------
2021-07-20T15:42:58.374852700Z       name:  <unnamed>
2021-07-20T15:42:58.374856900Z        log:  /workspace/log/06_univariate_analysis_MAIN.log
2021-07-20T15:42:58.374860300Z   log type:  text
2021-07-20T15:42:58.374863400Z  opened on:  20 Jul 2021, 15:42:58
2021-07-20T15:42:58.374866600Z 
2021-07-20T15:42:58.374869900Z . 
2021-07-20T15:42:58.374972800Z . * Open dataset and fit specified model(s)
2021-07-20T15:42:58.375118500Z . foreach outcome in covid_tpp_prob  covidadmission  covid_icu covid_death non_
2021-07-20T15:42:58.375129300Z > covid_death {
2021-07-20T15:42:58.375133600Z   2. forvalues x=0/1 {
2021-07-20T15:42:58.375154500Z   3. 
2021-07-20T15:42:58.375160500Z . use "$tempdir/cr_create_analysis_dataset_STSET_`outcome'_ageband_`x'`dataset'
2021-07-20T15:42:58.375164700Z > .dta", clear
2021-07-20T15:42:58.375254800Z   4. 
2021-07-20T15:42:58.375265700Z . foreach exposure_type in kids_cat4  ///
2021-07-20T15:42:58.375270700Z >                 gp_number_kids {
2021-07-20T15:42:58.375274400Z   5. 
2021-07-20T15:42:58.375277500Z .         *Fit and save model
2021-07-20T15:42:58.375448600Z .         cap erase ./output/an_univariable_cox_models_`outcome'_AGESEX_ageband
2021-07-20T15:42:58.375460600Z > _`x'`dataset'.ster
2021-07-20T15:42:58.375465100Z   6.         capture stcox i.`exposure_type' age1 age2 age3 i.male , strata(stp
2021-07-20T15:42:58.375468400Z > ) vce(cluster household_id)
2021-07-20T15:42:58.375471600Z   7.         if _rc==0 {
2021-07-20T15:42:58.375474900Z   8.                 estimates
2021-07-20T15:42:58.375520200Z   9.                 estimates save ./output/an_univariable_cox_models_`exposur
2021-07-20T15:42:58.375530100Z > e_type'_`outcome'_AGESEX_ageband_`x'`dataset'.ster, replace
2021-07-20T15:42:58.375535500Z  10.                 }
2021-07-20T15:42:58.375538900Z  11.         else di "WARNING - `var' vs `outcome' MODEL DID NOT SUCCESSFULLY F
2021-07-20T15:42:58.375542100Z > IT"
2021-07-20T15:42:58.375545300Z  12. 
2021-07-20T15:42:58.375627300Z . }
2021-07-20T15:42:58.375765200Z  13. }
2021-07-20T15:42:58.375775300Z  14. }
2021-07-20T15:42:59.860244000Z 
2021-07-20T15:42:59.860290700Z -------------------------------------------------------------------------------
2021-07-20T15:42:59.860296600Z active results
2021-07-20T15:42:59.860301800Z -------------------------------------------------------------------------------
2021-07-20T15:42:59.862143200Z 
2021-07-20T15:42:59.862161500Z Stratified Cox regr. -- Breslow method for ties
2021-07-20T15:42:59.862179800Z 
2021-07-20T15:42:59.862184000Z No. of subjects      =       16,206             Number of obs    =      16,206
2021-07-20T15:42:59.862187900Z No. of failures      =        6,075
2021-07-20T15:42:59.862191500Z Time at risk         =      2393093
2021-07-20T15:42:59.862308900Z                                                 Wald chi2(7)     =        6.67
2021-07-20T15:42:59.862324600Z Log pseudolikelihood =   -42770.294             Prob > chi2      =      0.4640
2021-07-20T15:42:59.862330300Z 
2021-07-20T15:42:59.925393800Z                        (Std. Err. adjusted for 1,106 clusters in household_id)
2021-07-20T15:42:59.925414100Z ------------------------------------------------------------------------------
2021-07-20T15:42:59.925417200Z              |               Robust
2021-07-20T15:42:59.925419500Z           _t | Haz. Ratio   Std. Err.      z    P>|z|     [95% Conf. Interval]
2021-07-20T15:42:59.925421800Z -------------+----------------------------------------------------------------
2021-07-20T15:42:59.925424600Z    kids_cat4 |
2021-07-20T15:42:59.935803900Z only <12 ..  |   1.043227   .0896211     0.49   0.622     .8815642    1.234535
2021-07-20T15:42:59.936021800Z  only 12-18  |    1.15281    .126601     1.29   0.195     .9295639    1.429672
2021-07-20T15:42:59.936364100Z       mixed  |   1.036847   .0798105     0.47   0.638     .8916496    1.205689
2021-07-20T15:42:59.936375300Z              |
2021-07-20T15:42:59.936613700Z         age1 |   .9925555    .004633    -1.60   0.109     .9835165    1.001678
2021-07-20T15:42:59.936905300Z         age2 |    1.01501    .014737     1.03   0.305     .9865327    1.044309
2021-07-20T15:42:59.937201300Z         age3 |   .9712037   .0396594    -0.72   0.474     .8965019     1.05213
2021-07-20T15:42:59.943852500Z       1.male |   1.019362   .0269714     0.72   0.469     .9678468     1.07362
2021-07-20T15:42:59.943884300Z ------------------------------------------------------------------------------
2021-07-20T15:42:59.943887600Z                                                              Stratified by stp
2021-07-20T15:42:59.968480300Z (note: file ./output/an_univariable_cox_models_kids_cat4_covid_tpp_prob_AGESEX_
2021-07-20T15:42:59.968508200Z > ageband_0MAIN.ster not found)
2021-07-20T15:42:59.968511400Z file ./output/an_univariable_cox_models_kids_cat4_covid_tpp_prob_AGESEX_ageband
2021-07-20T15:42:59.968513700Z > _0MAIN.ster saved
2021-07-20T15:43:00.096467000Z 
2021-07-20T15:43:00.096488300Z -------------------------------------------------------------------------------
2021-07-20T15:43:00.096491900Z active results
2021-07-20T15:43:00.096494400Z -------------------------------------------------------------------------------
2021-07-20T15:43:00.097864700Z 
2021-07-20T15:43:00.097898000Z Stratified Cox regr. -- Breslow method for ties
2021-07-20T15:43:00.097919800Z 
2021-07-20T15:43:00.097924500Z No. of subjects      =        1,546             Number of obs    =       1,546
2021-07-20T15:43:00.097928800Z No. of failures      =          582
2021-07-20T15:43:00.097932600Z Time at risk         =       227963
2021-07-20T15:43:00.098015300Z                                                 Wald chi2(7)     =        3.66
2021-07-20T15:43:00.098024700Z Log pseudolikelihood =     -2725.31             Prob > chi2      =      0.8178
2021-07-20T15:43:00.098027600Z 
2021-07-20T15:43:00.103984000Z                          (Std. Err. adjusted for 179 clusters in household_id)
2021-07-20T15:43:00.104004900Z ------------------------------------------------------------------------------
2021-07-20T15:43:00.104008400Z              |               Robust
2021-07-20T15:43:00.104010700Z           _t | Haz. Ratio   Std. Err.      z    P>|z|     [95% Conf. Interval]
2021-07-20T15:43:00.104013100Z -------------+----------------------------------------------------------------
2021-07-20T15:43:00.104015300Z gp_number_~s |
2021-07-20T15:43:00.104017400Z 2 childre..  |   1.045458   .1193218     0.39   0.697     .8359036    1.307547
2021-07-20T15:43:00.104277800Z 3 childre..  |   .8923035   .1380669    -0.74   0.461     .6588786    1.208425
2021-07-20T15:43:00.104611500Z 4+ childr..  |   1.074679   .1045241     0.74   0.459     .8881584    1.300371
2021-07-20T15:43:00.104624000Z              |
2021-07-20T15:43:00.104904000Z         age1 |   1.003417   .0164584     0.21   0.835     .9716717    1.036199
2021-07-20T15:43:00.105121800Z         age2 |   1.010566   .0489863     0.22   0.828     .9189746    1.111286
2021-07-20T15:43:00.105515200Z         age3 |   .9542386   .1253699    -0.36   0.721     .7376058    1.234496
2021-07-20T15:43:00.106164200Z       1.male |   .9349442   .0815518    -0.77   0.441     .7880222    1.109259
2021-07-20T15:43:00.106176600Z ------------------------------------------------------------------------------
2021-07-20T15:43:00.106361300Z                                                              Stratified by stp
2021-07-20T15:43:00.114316200Z (note: file ./output/an_univariable_cox_models_gp_number_kids_covid_tpp_prob_AG
2021-07-20T15:43:00.114340300Z > ESEX_ageband_0MAIN.ster not found)
2021-07-20T15:43:00.114345200Z file ./output/an_univariable_cox_models_gp_number_kids_covid_tpp_prob_AGESEX_ag
2021-07-20T15:43:00.114349200Z > eband_0MAIN.ster saved
2021-07-20T15:43:00.330777300Z 
2021-07-20T15:43:00.330801000Z -------------------------------------------------------------------------------
2021-07-20T15:43:00.330804600Z active results
2021-07-20T15:43:00.330807200Z -------------------------------------------------------------------------------
2021-07-20T15:43:00.332067000Z 
2021-07-20T15:43:00.332084100Z Stratified Cox regr. -- Breslow method for ties
2021-07-20T15:43:00.332103800Z 
2021-07-20T15:43:00.332108500Z No. of subjects      =        4,494             Number of obs    =       4,494
2021-07-20T15:43:00.332111200Z No. of failures      =        1,733
2021-07-20T15:43:00.332113200Z Time at risk         =       654880
2021-07-20T15:43:00.332192900Z                                                 Wald chi2(7)     =        3.49
2021-07-20T15:43:00.332204800Z Log pseudolikelihood =   -9952.3461             Prob > chi2      =      0.8358
2021-07-20T15:43:00.332208000Z 
2021-07-20T15:43:00.337969400Z                          (Std. Err. adjusted for 914 clusters in household_id)
2021-07-20T15:43:00.338004300Z ------------------------------------------------------------------------------
2021-07-20T15:43:00.338010900Z              |               Robust
2021-07-20T15:43:00.338014800Z           _t | Haz. Ratio   Std. Err.      z    P>|z|     [95% Conf. Interval]
2021-07-20T15:43:00.338018700Z -------------+----------------------------------------------------------------
2021-07-20T15:43:00.338022000Z    kids_cat4 |
2021-07-20T15:43:00.338054800Z only <12 ..  |    .801137   .1259835    -1.41   0.159     .5886408    1.090343
2021-07-20T15:43:00.338283000Z  only 12-18  |   .7627205   .1528615    -1.35   0.177     .5149569    1.129692
2021-07-20T15:43:00.338568100Z       mixed  |   .8210399   .1120963    -1.44   0.149     .6282754    1.072948
2021-07-20T15:43:00.338581400Z              |
2021-07-20T15:43:00.338984000Z         age1 |   .9947335   .0196036    -0.27   0.789     .9570438    1.033907
2021-07-20T15:43:00.339556400Z         age2 |   1.041673   .0860558     0.49   0.621     .8859539    1.224762
2021-07-20T15:43:00.339882100Z         age3 |   .8937687   .1792517    -0.56   0.575     .6032684    1.324158
2021-07-20T15:43:00.340636900Z       1.male |   .9656162   .0463744    -0.73   0.466     .8788707    1.060924
2021-07-20T15:43:00.340657500Z ------------------------------------------------------------------------------
2021-07-20T15:43:00.340921900Z                                                              Stratified by stp
2021-07-20T15:43:00.346466200Z (note: file ./output/an_univariable_cox_models_kids_cat4_covid_tpp_prob_AGESEX_
2021-07-20T15:43:00.346494800Z > ageband_1MAIN.ster not found)
2021-07-20T15:43:00.346498200Z file ./output/an_univariable_cox_models_kids_cat4_covid_tpp_prob_AGESEX_ageband
2021-07-20T15:43:00.346500400Z > _1MAIN.ster saved
2021-07-20T15:43:00.376288200Z 
2021-07-20T15:43:00.376306400Z -------------------------------------------------------------------------------
2021-07-20T15:43:00.376309400Z active results
2021-07-20T15:43:00.376311600Z -------------------------------------------------------------------------------
2021-07-20T15:43:00.377562800Z 
2021-07-20T15:43:00.377577100Z Stratified Cox regr. -- Breslow method for ties
2021-07-20T15:43:00.377593700Z 
2021-07-20T15:43:00.377598100Z No. of subjects      =          400             Number of obs    =         400
2021-07-20T15:43:00.377604000Z No. of failures      =          151
2021-07-20T15:43:00.377666500Z Time at risk         =        58658
2021-07-20T15:43:00.377677500Z                                                 Wald chi2(7)     =       13.66
2021-07-20T15:43:00.377790400Z Log pseudolikelihood =   -500.91013             Prob > chi2      =      0.0576
2021-07-20T15:43:00.377799500Z 
2021-07-20T15:43:00.384221000Z                          (Std. Err. adjusted for 128 clusters in household_id)
2021-07-20T15:43:00.384249300Z ------------------------------------------------------------------------------
2021-07-20T15:43:00.384254400Z              |               Robust
2021-07-20T15:43:00.384258000Z           _t | Haz. Ratio   Std. Err.      z    P>|z|     [95% Conf. Interval]
2021-07-20T15:43:00.384261400Z -------------+----------------------------------------------------------------
2021-07-20T15:43:00.384264800Z gp_number_~s |
2021-07-20T15:43:00.384372200Z 2 childre..  |    .928262   .2530436    -0.27   0.785     .5440435    1.583826
2021-07-20T15:43:00.384656200Z 3 childre..  |   .8787713   .2638447    -0.43   0.667     .4878752    1.582862
2021-07-20T15:43:00.384894800Z 4+ childr..  |   .8764168   .1905786    -0.61   0.544     .5722888    1.342166
2021-07-20T15:43:00.384905200Z              |
2021-07-20T15:43:00.385184400Z         age1 |   1.055457   .0777454     0.73   0.464     .9135674    1.219383
2021-07-20T15:43:00.385325700Z         age2 |   .9596704   .2819035    -0.14   0.889     .5396117    1.706722
2021-07-20T15:43:00.385677000Z         age3 |   1.059631   .7383722     0.08   0.934     .2704088    4.152302
2021-07-20T15:43:00.386338900Z       1.male |   1.070457   .1632295     0.45   0.655     .7939134    1.443329
2021-07-20T15:43:00.386350500Z ------------------------------------------------------------------------------
2021-07-20T15:43:00.386566300Z                                                              Stratified by stp
2021-07-20T15:43:00.393282500Z (note: file ./output/an_univariable_cox_models_gp_number_kids_covid_tpp_prob_AG
2021-07-20T15:43:00.393302000Z > ESEX_ageband_1MAIN.ster not found)
2021-07-20T15:43:00.393306900Z file ./output/an_univariable_cox_models_gp_number_kids_covid_tpp_prob_AGESEX_ag
2021-07-20T15:43:00.393310600Z > eband_1MAIN.ster saved
2021-07-20T15:43:01.798698300Z 
2021-07-20T15:43:01.798743500Z -------------------------------------------------------------------------------
2021-07-20T15:43:01.798752600Z active results
2021-07-20T15:43:01.798812000Z -------------------------------------------------------------------------------
2021-07-20T15:43:01.801767200Z 
2021-07-20T15:43:01.801790600Z Stratified Cox regr. -- Breslow method for ties
2021-07-20T15:43:01.801804500Z 
2021-07-20T15:43:01.801808700Z No. of subjects      =       16,206             Number of obs    =      16,206
2021-07-20T15:43:01.802005200Z No. of failures      =        4,348
2021-07-20T15:43:01.802019500Z Time at risk         =      2522495
2021-07-20T15:43:01.802207300Z                                                 Wald chi2(7)     =       14.29
2021-07-20T15:43:01.802381900Z Log pseudolikelihood =   -30532.853             Prob > chi2      =      0.0463
2021-07-20T15:43:01.802557300Z 
2021-07-20T15:43:01.811166800Z                        (Std. Err. adjusted for 1,106 clusters in household_id)
2021-07-20T15:43:01.811187400Z ------------------------------------------------------------------------------
2021-07-20T15:43:01.811192300Z              |               Robust
2021-07-20T15:43:01.811196400Z           _t | Haz. Ratio   Std. Err.      z    P>|z|     [95% Conf. Interval]
2021-07-20T15:43:01.811200900Z -------------+----------------------------------------------------------------
2021-07-20T15:43:01.811204800Z    kids_cat4 |
2021-07-20T15:43:01.811574600Z only <12 ..  |   .9849476   .0918371    -0.16   0.871     .8204396    1.182442
2021-07-20T15:43:01.811797400Z  only 12-18  |   .8397255   .1312487    -1.12   0.264     .6181515    1.140722
2021-07-20T15:43:01.812226100Z       mixed  |   .8633188   .0730371    -1.74   0.082     .7314071    1.019021
2021-07-20T15:43:01.812237600Z              |
2021-07-20T15:43:01.812547300Z         age1 |   1.002952    .005481     0.54   0.590     .9922671    1.013753
2021-07-20T15:43:01.812684700Z         age2 |   .9944636   .0167836    -0.33   0.742     .9621065    1.027909
2021-07-20T15:43:01.813099800Z         age3 |   1.007464   .0473906     0.16   0.874     .9187336    1.104764
2021-07-20T15:43:01.813818500Z       1.male |   1.050662   .0326611     1.59   0.112     .9885581    1.116666
2021-07-20T15:43:01.813831400Z ------------------------------------------------------------------------------
2021-07-20T15:43:01.814033500Z                                                              Stratified by stp
2021-07-20T15:43:01.821216300Z (note: file ./output/an_univariable_cox_models_kids_cat4_covidadmission_AGESEX_
2021-07-20T15:43:01.821269300Z > ageband_0MAIN.ster not found)
2021-07-20T15:43:01.821274100Z file ./output/an_univariable_cox_models_kids_cat4_covidadmission_AGESEX_ageband
2021-07-20T15:43:01.821277500Z > _0MAIN.ster saved
2021-07-20T15:43:01.937936900Z 
2021-07-20T15:43:01.937971800Z -------------------------------------------------------------------------------
2021-07-20T15:43:01.937977100Z active results
2021-07-20T15:43:01.937983800Z -------------------------------------------------------------------------------
2021-07-20T15:43:01.939254100Z 
2021-07-20T15:43:01.939265900Z Stratified Cox regr. -- Breslow method for ties
2021-07-20T15:43:01.939293600Z 
2021-07-20T15:43:01.939300500Z No. of subjects      =        1,546             Number of obs    =       1,546
2021-07-20T15:43:01.939304400Z No. of failures      =          460
2021-07-20T15:43:01.939307800Z Time at risk         =       238588
2021-07-20T15:43:01.939462000Z                                                 Wald chi2(7)     =        4.65
2021-07-20T15:43:01.939473700Z Log pseudolikelihood =   -2141.9478             Prob > chi2      =      0.7028
2021-07-20T15:43:01.939477100Z 
2021-07-20T15:43:01.944622600Z                          (Std. Err. adjusted for 179 clusters in household_id)
2021-07-20T15:43:01.944640800Z ------------------------------------------------------------------------------
2021-07-20T15:43:01.944645900Z              |               Robust
2021-07-20T15:43:01.944649900Z           _t | Haz. Ratio   Std. Err.      z    P>|z|     [95% Conf. Interval]
2021-07-20T15:43:01.944653500Z -------------+----------------------------------------------------------------
2021-07-20T15:43:01.944657000Z gp_number_~s |
2021-07-20T15:43:01.944781700Z 2 childre..  |   1.019135   .1357509     0.14   0.887     .7849642    1.323163
2021-07-20T15:43:01.944983100Z 3 childre..  |   .9994086   .1170487    -0.01   0.996     .7944235    1.257286
2021-07-20T15:43:01.945155200Z 4+ childr..  |   1.029403   .1164562     0.26   0.798     .8246866    1.284937
2021-07-20T15:43:01.945163600Z              |
2021-07-20T15:43:01.945347700Z         age1 |   1.032161   .0169172     1.93   0.053      .999531    1.065857
2021-07-20T15:43:01.945502700Z         age2 |   .9204418   .0473086    -1.61   0.107     .8322361    1.017996
2021-07-20T15:43:01.945821600Z         age3 |    1.21129   .1758999     1.32   0.187     .9112532    1.610115
2021-07-20T15:43:01.946286600Z       1.male |     .95764   .1008231    -0.41   0.681     .7790858    1.177116
2021-07-20T15:43:01.946298000Z ------------------------------------------------------------------------------
2021-07-20T15:43:01.946437500Z                                                              Stratified by stp
2021-07-20T15:43:01.952524100Z (note: file ./output/an_univariable_cox_models_gp_number_kids_covidadmission_AG
2021-07-20T15:43:01.952552400Z > ESEX_ageband_0MAIN.ster not found)
2021-07-20T15:43:01.952558400Z file ./output/an_univariable_cox_models_gp_number_kids_covidadmission_AGESEX_ag
2021-07-20T15:43:01.952562600Z > eband_0MAIN.ster saved
2021-07-20T15:43:02.113979400Z 
2021-07-20T15:43:02.114000000Z -------------------------------------------------------------------------------
2021-07-20T15:43:02.114004900Z active results
2021-07-20T15:43:02.114008500Z -------------------------------------------------------------------------------
2021-07-20T15:43:02.115077900Z 
2021-07-20T15:43:02.115090300Z Stratified Cox regr. -- Breslow method for ties
2021-07-20T15:43:02.115102800Z 
2021-07-20T15:43:02.115106100Z No. of subjects      =        4,494             Number of obs    =       4,494
2021-07-20T15:43:02.115109200Z No. of failures      =        1,185
2021-07-20T15:43:02.115112100Z Time at risk         =       694299
2021-07-20T15:43:02.115115100Z                                                 Wald chi2(7)     =        5.58
2021-07-20T15:43:02.115117900Z Log pseudolikelihood =   -6798.1821             Prob > chi2      =      0.5891
2021-07-20T15:43:02.115121000Z 
2021-07-20T15:43:02.120388900Z                          (Std. Err. adjusted for 914 clusters in household_id)
2021-07-20T15:43:02.120419800Z ------------------------------------------------------------------------------
2021-07-20T15:43:02.120429300Z              |               Robust
2021-07-20T15:43:02.120432100Z           _t | Haz. Ratio   Std. Err.      z    P>|z|     [95% Conf. Interval]
2021-07-20T15:43:02.120434600Z -------------+----------------------------------------------------------------
2021-07-20T15:43:02.120436800Z    kids_cat4 |
2021-07-20T15:43:02.120438800Z only <12 ..  |   .8085082   .1445515    -1.19   0.234      .569508    1.147807
2021-07-20T15:43:02.120827100Z  only 12-18  |   .8226766   .1796192    -0.89   0.371     .5362681    1.262049
2021-07-20T15:43:02.121079500Z       mixed  |   .8899856    .130968    -0.79   0.428     .6669947    1.187527
2021-07-20T15:43:02.121092700Z              |
2021-07-20T15:43:02.121102300Z         age1 |   .9878944   .0252832    -0.48   0.634     .9395625    1.038712
2021-07-20T15:43:02.121492200Z         age2 |     1.0878   .1177527     0.78   0.437     .8798486    1.344901
2021-07-20T15:43:02.121713800Z         age3 |   .8047912    .211896    -0.82   0.409     .4803609    1.348338
2021-07-20T15:43:02.122366300Z       1.male |   .9156242   .0523265    -1.54   0.123     .8186012    1.024147
2021-07-20T15:43:02.122377000Z ------------------------------------------------------------------------------
2021-07-20T15:43:02.122387000Z                                                              Stratified by stp
2021-07-20T15:43:02.129159400Z (note: file ./output/an_univariable_cox_models_kids_cat4_covidadmission_AGESEX_
2021-07-20T15:43:02.129176300Z > ageband_1MAIN.ster not found)
2021-07-20T15:43:02.129179400Z file ./output/an_univariable_cox_models_kids_cat4_covidadmission_AGESEX_ageband
2021-07-20T15:43:02.129181700Z > _1MAIN.ster saved
2021-07-20T15:43:02.164118000Z 
2021-07-20T15:43:02.164139200Z -------------------------------------------------------------------------------
2021-07-20T15:43:02.164142500Z active results
2021-07-20T15:43:02.164144700Z -------------------------------------------------------------------------------
2021-07-20T15:43:02.165901100Z 
2021-07-20T15:43:02.165928500Z Stratified Cox regr. -- Breslow method for ties
2021-07-20T15:43:02.165933000Z 
2021-07-20T15:43:02.165936600Z No. of subjects      =          400             Number of obs    =         400
2021-07-20T15:43:02.165939900Z No. of failures      =          101
2021-07-20T15:43:02.165943700Z Time at risk         =        64224
2021-07-20T15:43:02.165947400Z                                                 Wald chi2(7)     =       11.26
2021-07-20T15:43:02.166063300Z Log pseudolikelihood =   -338.45264             Prob > chi2      =      0.1277
2021-07-20T15:43:02.166075800Z 
2021-07-20T15:43:02.172219500Z                          (Std. Err. adjusted for 128 clusters in household_id)
2021-07-20T15:43:02.172241800Z ------------------------------------------------------------------------------
2021-07-20T15:43:02.172246500Z              |               Robust
2021-07-20T15:43:02.172250000Z           _t | Haz. Ratio   Std. Err.      z    P>|z|     [95% Conf. Interval]
2021-07-20T15:43:02.172253800Z -------------+----------------------------------------------------------------
2021-07-20T15:43:02.172257200Z gp_number_~s |
2021-07-20T15:43:02.172398300Z 2 childre..  |   .9898491   .3061201    -0.03   0.974     .5399169    1.814726
2021-07-20T15:43:02.172639500Z 3 childre..  |   1.041515   .4441096     0.10   0.924     .4515516    2.402283
2021-07-20T15:43:02.172835800Z 4+ childr..  |   1.080635   .2961204     0.28   0.777     .6315809    1.848966
2021-07-20T15:43:02.172847700Z              |
2021-07-20T15:43:02.173045100Z         age1 |   1.223423   .1026983     2.40   0.016     1.037825    1.442213
2021-07-20T15:43:02.173235000Z         age2 |   .5535195   .2066016    -1.58   0.113     .2663308    1.150388
2021-07-20T15:43:02.173540400Z         age3 |   3.508972   3.234776     1.36   0.173      .576093    21.37309
2021-07-20T15:43:02.174345700Z       1.male |   1.134476   .2170193     0.66   0.510     .7797668    1.650538
2021-07-20T15:43:02.174361600Z ------------------------------------------------------------------------------
2021-07-20T15:43:02.174439600Z                                                              Stratified by stp
2021-07-20T15:43:02.179484100Z (note: file ./output/an_univariable_cox_models_gp_number_kids_covidadmission_AG
2021-07-20T15:43:02.179554700Z > ESEX_ageband_1MAIN.ster not found)
2021-07-20T15:43:02.179601400Z file ./output/an_univariable_cox_models_gp_number_kids_covidadmission_AGESEX_ag
2021-07-20T15:43:02.179607900Z > eband_1MAIN.ster saved
2021-07-20T15:43:03.395538300Z 
2021-07-20T15:43:03.395571600Z -------------------------------------------------------------------------------
2021-07-20T15:43:03.395575500Z active results
2021-07-20T15:43:03.395580000Z -------------------------------------------------------------------------------
2021-07-20T15:43:03.397745000Z 
2021-07-20T15:43:03.397784300Z Stratified Cox regr. -- Breslow method for ties
2021-07-20T15:43:03.397880900Z 
2021-07-20T15:43:03.397890200Z No. of subjects      =       16,206             Number of obs    =      16,206
2021-07-20T15:43:03.397893000Z No. of failures      =        5,094
2021-07-20T15:43:03.397895100Z Time at risk         =      2466488
2021-07-20T15:43:03.398029700Z                                                 Wald chi2(7)     =        6.40
2021-07-20T15:43:03.398040800Z Log pseudolikelihood =   -36053.408             Prob > chi2      =      0.4940
2021-07-20T15:43:03.398045700Z 
2021-07-20T15:43:03.404442200Z                        (Std. Err. adjusted for 1,106 clusters in household_id)
2021-07-20T15:43:03.404461400Z ------------------------------------------------------------------------------
2021-07-20T15:43:03.404466600Z              |               Robust
2021-07-20T15:43:03.404470500Z           _t | Haz. Ratio   Std. Err.      z    P>|z|     [95% Conf. Interval]
2021-07-20T15:43:03.404474500Z -------------+----------------------------------------------------------------
2021-07-20T15:43:03.404478000Z    kids_cat4 |
2021-07-20T15:43:03.404604400Z only <12 ..  |   .9860771   .0899506    -0.15   0.878     .8246387     1.17912
2021-07-20T15:43:03.404813100Z  only 12-18  |   .9054659   .1249115    -0.72   0.472     .6909498    1.186582
2021-07-20T15:43:03.405060500Z       mixed  |   .9552094   .0768619    -0.57   0.569     .8158414    1.118385
2021-07-20T15:43:03.405071600Z              |
2021-07-20T15:43:03.405223900Z         age1 |   1.005891   .0050653     1.17   0.243     .9960123    1.015868
2021-07-20T15:43:03.405541200Z         age2 |    .975573   .0154334    -1.56   0.118     .9457881    1.006296
2021-07-20T15:43:03.405780100Z         age3 |   1.068948   .0470459     1.51   0.130      .980605     1.16525
2021-07-20T15:43:03.406872000Z       1.male |   .9727746   .0270986    -0.99   0.322     .9210863    1.027364
2021-07-20T15:43:03.406903900Z ------------------------------------------------------------------------------
2021-07-20T15:43:03.407252200Z                                                              Stratified by stp
2021-07-20T15:43:03.412388400Z (note: file ./output/an_univariable_cox_models_kids_cat4_covid_icu_AGESEX_ageba
2021-07-20T15:43:03.412426000Z > nd_0MAIN.ster not found)
2021-07-20T15:43:03.412430400Z file ./output/an_univariable_cox_models_kids_cat4_covid_icu_AGESEX_ageband_0MAI
2021-07-20T15:43:03.412432800Z > N.ster saved
2021-07-20T15:43:03.524985800Z 
2021-07-20T15:43:03.525009600Z -------------------------------------------------------------------------------
2021-07-20T15:43:03.525015600Z active results
2021-07-20T15:43:03.525020100Z -------------------------------------------------------------------------------
2021-07-20T15:43:03.526264900Z 
2021-07-20T15:43:03.526287400Z Stratified Cox regr. -- Breslow method for ties
2021-07-20T15:43:03.526304600Z 
2021-07-20T15:43:03.526311300Z No. of subjects      =        1,546             Number of obs    =       1,546
2021-07-20T15:43:03.526315700Z No. of failures      =          502
2021-07-20T15:43:03.526319100Z Time at risk         =       236855
2021-07-20T15:43:03.526502300Z                                                 Wald chi2(7)     =        9.33
2021-07-20T15:43:03.526513600Z Log pseudolikelihood =    -2372.617             Prob > chi2      =      0.2300
2021-07-20T15:43:03.526516700Z 
2021-07-20T15:43:03.531800900Z                          (Std. Err. adjusted for 179 clusters in household_id)
2021-07-20T15:43:03.531817100Z ------------------------------------------------------------------------------
2021-07-20T15:43:03.531822100Z              |               Robust
2021-07-20T15:43:03.531825900Z           _t | Haz. Ratio   Std. Err.      z    P>|z|     [95% Conf. Interval]
2021-07-20T15:43:03.531830000Z -------------+----------------------------------------------------------------
2021-07-20T15:43:03.531833900Z gp_number_~s |
2021-07-20T15:43:03.531935600Z 2 childre..  |   .9270448    .125194    -0.56   0.575     .7114577     1.20796
2021-07-20T15:43:03.532132200Z 3 childre..  |   .8063567   .1243594    -1.40   0.163     .5960073    1.090945
2021-07-20T15:43:03.532345700Z 4+ childr..  |   .8216862   .0937405    -1.72   0.085     .6570499    1.027575
2021-07-20T15:43:03.532358300Z              |
2021-07-20T15:43:03.532550600Z         age1 |   .9887087   .0162438    -0.69   0.489     .9573786    1.021064
2021-07-20T15:43:03.532576300Z         age2 |   1.015202   .0515774     0.30   0.766     .9189821    1.121496
2021-07-20T15:43:03.532860200Z         age3 |   .9579823   .1345213    -0.31   0.760     .7274959    1.261492
2021-07-20T15:43:03.533376800Z       1.male |   1.083194   .1014795     0.85   0.394     .9014901    1.301522
2021-07-20T15:43:03.533387100Z ------------------------------------------------------------------------------
2021-07-20T15:43:03.533391500Z                                                              Stratified by stp
2021-07-20T15:43:03.538638500Z (note: file ./output/an_univariable_cox_models_gp_number_kids_covid_icu_AGESEX_
2021-07-20T15:43:03.538656400Z > ageband_0MAIN.ster not found)
2021-07-20T15:43:03.538659900Z file ./output/an_univariable_cox_models_gp_number_kids_covid_icu_AGESEX_ageband
2021-07-20T15:43:03.538662100Z > _0MAIN.ster saved
2021-07-20T15:43:03.738566800Z 
2021-07-20T15:43:03.738587700Z -------------------------------------------------------------------------------
2021-07-20T15:43:03.738591500Z active results
2021-07-20T15:43:03.738594000Z -------------------------------------------------------------------------------
2021-07-20T15:43:03.739987200Z 
2021-07-20T15:43:03.740011700Z Stratified Cox regr. -- Breslow method for ties
2021-07-20T15:43:03.740014700Z 
2021-07-20T15:43:03.740016700Z No. of subjects      =        4,494             Number of obs    =       4,494
2021-07-20T15:43:03.740018800Z No. of failures      =        1,389
2021-07-20T15:43:03.740020800Z Time at risk         =       680442
2021-07-20T15:43:03.740022700Z                                                 Wald chi2(7)     =        8.72
2021-07-20T15:43:03.740024900Z Log pseudolikelihood =   -8038.1426             Prob > chi2      =      0.2735
2021-07-20T15:43:03.740027200Z 
2021-07-20T15:43:03.745560300Z                          (Std. Err. adjusted for 914 clusters in household_id)
2021-07-20T15:43:03.745589700Z ------------------------------------------------------------------------------
2021-07-20T15:43:03.745595000Z              |               Robust
2021-07-20T15:43:03.745597300Z           _t | Haz. Ratio   Std. Err.      z    P>|z|     [95% Conf. Interval]
2021-07-20T15:43:03.745599700Z -------------+----------------------------------------------------------------
2021-07-20T15:43:03.745601800Z    kids_cat4 |
2021-07-20T15:43:03.745603700Z only <12 ..  |   .7319026    .125008    -1.83   0.068     .5236839     1.02291
2021-07-20T15:43:03.745869900Z  only 12-18  |   .8511878   .1922949    -0.71   0.476     .5466727    1.325328
2021-07-20T15:43:03.746017100Z       mixed  |   .8136825   .1196168    -1.40   0.161     .6099899    1.085394
2021-07-20T15:43:03.746029700Z              |
2021-07-20T15:43:03.746213500Z         age1 |   1.041562   .0225192     1.88   0.060     .9983477    1.086648
2021-07-20T15:43:03.746419200Z         age2 |   .8571759   .0780391    -1.69   0.091     .7170919    1.024625
2021-07-20T15:43:03.746733300Z         age3 |    1.43493   .3200142     1.62   0.105      .926826    2.221588
2021-07-20T15:43:03.747274600Z       1.male |   .9426008   .0523733    -1.06   0.287     .8453428    1.051049
2021-07-20T15:43:03.747285700Z ------------------------------------------------------------------------------
2021-07-20T15:43:03.747289400Z                                                              Stratified by stp
2021-07-20T15:43:03.752131300Z (note: file ./output/an_univariable_cox_models_kids_cat4_covid_icu_AGESEX_ageba
2021-07-20T15:43:03.752149800Z > nd_1MAIN.ster not found)
2021-07-20T15:43:03.752153800Z file ./output/an_univariable_cox_models_kids_cat4_covid_icu_AGESEX_ageband_1MAI
2021-07-20T15:43:03.752156000Z > N.ster saved
2021-07-20T15:43:03.792735000Z 
2021-07-20T15:43:03.792763500Z -------------------------------------------------------------------------------
2021-07-20T15:43:03.792769000Z active results
2021-07-20T15:43:03.792772600Z -------------------------------------------------------------------------------
2021-07-20T15:43:03.794466800Z 
2021-07-20T15:43:03.794498700Z Stratified Cox regr. -- Breslow method for ties
2021-07-20T15:43:03.794503900Z 
2021-07-20T15:43:03.794506800Z No. of subjects      =          400             Number of obs    =         400
2021-07-20T15:43:03.794510200Z No. of failures      =          114
2021-07-20T15:43:03.794513600Z Time at risk         =        62495
2021-07-20T15:43:03.794647700Z                                                 Wald chi2(7)     =        4.35
2021-07-20T15:43:03.794677100Z Log pseudolikelihood =   -381.19439             Prob > chi2      =      0.7389
2021-07-20T15:43:03.794734800Z 
2021-07-20T15:43:03.801910800Z                          (Std. Err. adjusted for 128 clusters in household_id)
2021-07-20T15:43:03.801946000Z ------------------------------------------------------------------------------
2021-07-20T15:43:03.801950800Z              |               Robust
2021-07-20T15:43:03.801954000Z           _t | Haz. Ratio   Std. Err.      z    P>|z|     [95% Conf. Interval]
2021-07-20T15:43:03.801957600Z -------------+----------------------------------------------------------------
2021-07-20T15:43:03.801960800Z gp_number_~s |
2021-07-20T15:43:03.802165700Z 2 childre..  |    1.37944   .4360926     1.02   0.309     .7423452      2.5633
2021-07-20T15:43:03.802412000Z 3 childre..  |   1.514253   .5515923     1.14   0.255     .7415388    3.092167
2021-07-20T15:43:03.802646900Z 4+ childr..  |   1.279477   .3586722     0.88   0.379     .7386141    2.216397
2021-07-20T15:43:03.802657000Z              |
2021-07-20T15:43:03.802902600Z         age1 |    1.04945   .0755875     0.67   0.503     .9112829    1.208566
2021-07-20T15:43:03.803164600Z         age2 |   .7985831   .2588092    -0.69   0.488     .4231146    1.507239
2021-07-20T15:43:03.803452800Z         age3 |   1.610817   1.301691     0.59   0.555     .3305183    7.850487
2021-07-20T15:43:03.804236400Z       1.male |   .8138964   .1682335    -1.00   0.319     .5427809    1.220432
2021-07-20T15:43:03.804251600Z ------------------------------------------------------------------------------
2021-07-20T15:43:03.804397500Z                                                              Stratified by stp
2021-07-20T15:43:03.809989000Z (note: file ./output/an_univariable_cox_models_gp_number_kids_covid_icu_AGESEX_
2021-07-20T15:43:03.810014900Z > ageband_1MAIN.ster not found)
2021-07-20T15:43:03.810018800Z file ./output/an_univariable_cox_models_gp_number_kids_covid_icu_AGESEX_ageband
2021-07-20T15:43:03.810023700Z > _1MAIN.ster saved
2021-07-20T15:43:05.017618200Z 
2021-07-20T15:43:05.017646100Z -------------------------------------------------------------------------------
2021-07-20T15:43:05.017652700Z active results
2021-07-20T15:43:05.017657700Z -------------------------------------------------------------------------------
2021-07-20T15:43:05.019116000Z 
2021-07-20T15:43:05.019142200Z Stratified Cox regr. -- Breslow method for ties
2021-07-20T15:43:05.019148000Z 
2021-07-20T15:43:05.019151700Z No. of subjects      =       16,206             Number of obs    =      16,206
2021-07-20T15:43:05.019155600Z No. of failures      =        3,077
2021-07-20T15:43:05.019159100Z Time at risk         =      2893531
2021-07-20T15:43:05.019162600Z                                                 Wald chi2(7)     =        5.21
2021-07-20T15:43:05.019239800Z Log pseudolikelihood =   -22195.995             Prob > chi2      =      0.6349
2021-07-20T15:43:05.019252200Z 
2021-07-20T15:43:05.025001700Z                        (Std. Err. adjusted for 1,106 clusters in household_id)
2021-07-20T15:43:05.025018500Z ------------------------------------------------------------------------------
2021-07-20T15:43:05.025024200Z              |               Robust
2021-07-20T15:43:05.025028300Z           _t | Haz. Ratio   Std. Err.      z    P>|z|     [95% Conf. Interval]
2021-07-20T15:43:05.025031900Z -------------+----------------------------------------------------------------
2021-07-20T15:43:05.025034400Z    kids_cat4 |
2021-07-20T15:43:05.025259800Z only <12 ..  |   .9482351   .1089685    -0.46   0.644     .7570043    1.187774
2021-07-20T15:43:05.025598600Z  only 12-18  |   1.011121   .1536031     0.07   0.942     .7507477    1.361797
2021-07-20T15:43:05.025815300Z       mixed  |   .9418998   .0927616    -0.61   0.543     .7765608    1.142442
2021-07-20T15:43:05.025828500Z              |
2021-07-20T15:43:05.026161500Z         age1 |   .9890565   .0066834    -1.63   0.103     .9760435    1.002243
2021-07-20T15:43:05.026384700Z         age2 |   1.038211   .0219642     1.77   0.076     .9960417    1.082165
2021-07-20T15:43:05.026634800Z         age3 |   .8995039   .0530356    -1.80   0.072     .8013374    1.009696
2021-07-20T15:43:05.027281200Z       1.male |   .9622242   .0352152    -1.05   0.293     .8956209     1.03378
2021-07-20T15:43:05.027294500Z ------------------------------------------------------------------------------
2021-07-20T15:43:05.027300300Z                                                              Stratified by stp
2021-07-20T15:43:05.034392700Z (note: file ./output/an_univariable_cox_models_kids_cat4_covid_death_AGESEX_age
2021-07-20T15:43:05.034425700Z > band_0MAIN.ster not found)
2021-07-20T15:43:05.034431500Z file ./output/an_univariable_cox_models_kids_cat4_covid_death_AGESEX_ageband_0M
2021-07-20T15:43:05.034435400Z > AIN.ster saved
2021-07-20T15:43:05.176139300Z 
2021-07-20T15:43:05.176194900Z -------------------------------------------------------------------------------
2021-07-20T15:43:05.176201700Z active results
2021-07-20T15:43:05.176206800Z -------------------------------------------------------------------------------
2021-07-20T15:43:05.178605400Z 
2021-07-20T15:43:05.178637000Z Stratified Cox regr. -- Breslow method for ties
2021-07-20T15:43:05.178643300Z 
2021-07-20T15:43:05.178647500Z No. of subjects      =        1,546             Number of obs    =       1,546
2021-07-20T15:43:05.178682500Z No. of failures      =          296
2021-07-20T15:43:05.178809600Z Time at risk         =       277303
2021-07-20T15:43:05.178822300Z                                                 Wald chi2(7)     =        7.35
2021-07-20T15:43:05.178943600Z Log pseudolikelihood =   -1436.0409             Prob > chi2      =      0.3931
2021-07-20T15:43:05.178955000Z 
2021-07-20T15:43:05.191209500Z                          (Std. Err. adjusted for 179 clusters in household_id)
2021-07-20T15:43:05.191233100Z ------------------------------------------------------------------------------
2021-07-20T15:43:05.191369800Z              |               Robust
2021-07-20T15:43:05.191384800Z           _t | Haz. Ratio   Std. Err.      z    P>|z|     [95% Conf. Interval]
2021-07-20T15:43:05.191391100Z -------------+----------------------------------------------------------------
2021-07-20T15:43:05.191395800Z gp_number_~s |
2021-07-20T15:43:05.191451100Z 2 childre..  |   .6333951   .1509282    -1.92   0.055     .3970513    1.010422
2021-07-20T15:43:05.191765800Z 3 childre..  |   1.091866   .2056614     0.47   0.641     .7548123    1.579428
2021-07-20T15:43:05.192043900Z 4+ childr..  |   .9678837   .1427577    -0.22   0.825     .7248956    1.292322
2021-07-20T15:43:05.192077600Z              |
2021-07-20T15:43:05.192357800Z         age1 |   .9935736   .0231489    -0.28   0.782      .949223    1.039996
2021-07-20T15:43:05.192652100Z         age2 |   1.027024   .0713949     0.38   0.701     .8962067    1.176936
2021-07-20T15:43:05.192842800Z         age3 |   .9126879   .1696108    -0.49   0.623     .6340709    1.313732
2021-07-20T15:43:05.193708500Z       1.male |   .8909843   .0980435    -1.05   0.294     .7181319    1.105442
2021-07-20T15:43:05.193723400Z ------------------------------------------------------------------------------
2021-07-20T15:43:05.193965600Z                                                              Stratified by stp
2021-07-20T15:43:05.205544200Z (note: file ./output/an_univariable_cox_models_gp_number_kids_covid_death_AGESE
2021-07-20T15:43:05.205567700Z > X_ageband_0MAIN.ster not found)
2021-07-20T15:43:05.205573700Z file ./output/an_univariable_cox_models_gp_number_kids_covid_death_AGESEX_ageba
2021-07-20T15:43:05.205577600Z > nd_0MAIN.ster saved
2021-07-20T15:43:05.436119100Z 
2021-07-20T15:43:05.436140000Z -------------------------------------------------------------------------------
2021-07-20T15:43:05.436144200Z active results
2021-07-20T15:43:05.436147100Z -------------------------------------------------------------------------------
2021-07-20T15:43:05.437580000Z 
2021-07-20T15:43:05.437612900Z Stratified Cox regr. -- Breslow method for ties
2021-07-20T15:43:05.437619800Z 
2021-07-20T15:43:05.437624300Z No. of subjects      =        4,494             Number of obs    =       4,494
2021-07-20T15:43:05.437628800Z No. of failures      =          852
2021-07-20T15:43:05.437633100Z Time at risk         =       797461
2021-07-20T15:43:05.437735700Z                                                 Wald chi2(7)     =        8.40
2021-07-20T15:43:05.437746600Z Log pseudolikelihood =   -5045.1771             Prob > chi2      =      0.2990
2021-07-20T15:43:05.437749800Z 
2021-07-20T15:43:05.444510400Z                          (Std. Err. adjusted for 914 clusters in household_id)
2021-07-20T15:43:05.444528300Z ------------------------------------------------------------------------------
2021-07-20T15:43:05.444532300Z              |               Robust
2021-07-20T15:43:05.444535200Z           _t | Haz. Ratio   Std. Err.      z    P>|z|     [95% Conf. Interval]
2021-07-20T15:43:05.444538300Z -------------+----------------------------------------------------------------
2021-07-20T15:43:05.444541200Z    kids_cat4 |
2021-07-20T15:43:05.444768800Z only <12 ..  |   1.227369     .29302     0.86   0.391     .7687064      1.9597
2021-07-20T15:43:05.445032100Z  only 12-18  |   .5879648    .218211    -1.43   0.152     .2840831    1.216906
2021-07-20T15:43:05.445339500Z       mixed  |   1.070915   .2313701     0.32   0.751      .701219    1.635521
2021-07-20T15:43:05.445353000Z              |
2021-07-20T15:43:05.445542300Z         age1 |   .9608415   .0278906    -1.38   0.169     .9077029    1.017091
2021-07-20T15:43:05.445810700Z         age2 |   1.155412   .1401475     1.19   0.234      .910939    1.465497
2021-07-20T15:43:05.446138000Z         age3 |   .7200822   .2126006    -1.11   0.266     .4037097    1.284384
2021-07-20T15:43:05.447056900Z       1.male |   1.038604   .0712613     0.55   0.581     .9079183      1.1881
2021-07-20T15:43:05.447073100Z ------------------------------------------------------------------------------
2021-07-20T15:43:05.447295900Z                                                              Stratified by stp
2021-07-20T15:43:05.455590100Z (note: file ./output/an_univariable_cox_models_kids_cat4_covid_death_AGESEX_age
2021-07-20T15:43:05.455617400Z > band_1MAIN.ster not found)
2021-07-20T15:43:05.455621400Z file ./output/an_univariable_cox_models_kids_cat4_covid_death_AGESEX_ageband_1M
2021-07-20T15:43:05.455624400Z > AIN.ster saved
2021-07-20T15:43:05.491231700Z 
2021-07-20T15:43:05.491284000Z -------------------------------------------------------------------------------
2021-07-20T15:43:05.491290400Z active results
2021-07-20T15:43:05.491295100Z -------------------------------------------------------------------------------
2021-07-20T15:43:05.492747500Z 
2021-07-20T15:43:05.492773100Z Stratified Cox regr. -- Breslow method for ties
2021-07-20T15:43:05.492778800Z 
2021-07-20T15:43:05.492782900Z No. of subjects      =          400             Number of obs    =         400
2021-07-20T15:43:05.492856600Z No. of failures      =           88
2021-07-20T15:43:05.492871400Z Time at risk         =        72182
2021-07-20T15:43:05.492917700Z                                                 Wald chi2(7)     =       13.89
2021-07-20T15:43:05.495513000Z Log pseudolikelihood =   -306.59501             Prob > chi2      =      0.0532
2021-07-20T15:43:05.495526600Z 
2021-07-20T15:43:05.500348800Z                          (Std. Err. adjusted for 128 clusters in household_id)
2021-07-20T15:43:05.500367800Z ------------------------------------------------------------------------------
2021-07-20T15:43:05.500373800Z              |               Robust
2021-07-20T15:43:05.500378200Z           _t | Haz. Ratio   Std. Err.      z    P>|z|     [95% Conf. Interval]
2021-07-20T15:43:05.500382500Z -------------+----------------------------------------------------------------
2021-07-20T15:43:05.500386500Z gp_number_~s |
2021-07-20T15:43:05.500550000Z 2 childre..  |   .8712593   .3122511    -0.38   0.701     .4316034    1.758774
2021-07-20T15:43:05.500820800Z 3 childre..  |   1.022126     .36518     0.06   0.951     .5074483    2.058816
2021-07-20T15:43:05.501085600Z 4+ childr..  |   1.595444   .4165473     1.79   0.074      .956412    2.661447
2021-07-20T15:43:05.501099800Z              |
2021-07-20T15:43:05.501411500Z         age1 |   1.035394   .0928411     0.39   0.698     .8685214    1.234328
2021-07-20T15:43:05.501656200Z         age2 |   .8022567    .285261    -0.62   0.535     .3996215    1.610563
2021-07-20T15:43:05.501961000Z         age3 |   1.852967   1.567224     0.73   0.466      .353125    9.723147
2021-07-20T15:43:05.502767800Z       1.male |   1.308351   .2993836     1.17   0.240     .8355025    2.048804
2021-07-20T15:43:05.502781600Z ------------------------------------------------------------------------------
2021-07-20T15:43:05.502922200Z                                                              Stratified by stp
2021-07-20T15:43:05.510395700Z (note: file ./output/an_univariable_cox_models_gp_number_kids_covid_death_AGESE
2021-07-20T15:43:05.510419200Z > X_ageband_1MAIN.ster not found)
2021-07-20T15:43:05.510425600Z file ./output/an_univariable_cox_models_gp_number_kids_covid_death_AGESEX_ageba
2021-07-20T15:43:05.510430200Z > nd_1MAIN.ster saved
2021-07-20T15:43:06.815392000Z 
2021-07-20T15:43:06.815509900Z -------------------------------------------------------------------------------
2021-07-20T15:43:06.815522100Z active results
2021-07-20T15:43:06.815525600Z -------------------------------------------------------------------------------
2021-07-20T15:43:06.818403800Z 
2021-07-20T15:43:06.818437400Z Stratified Cox regr. -- Breslow method for ties
2021-07-20T15:43:06.818503700Z 
2021-07-20T15:43:06.818523800Z No. of subjects      =       16,206             Number of obs    =      16,206
2021-07-20T15:43:06.818561600Z No. of failures      =        2,030
2021-07-20T15:43:06.818570200Z Time at risk         =      2893531
2021-07-20T15:43:06.818658100Z                                                 Wald chi2(7)     =        4.99
2021-07-20T15:43:06.818669200Z Log pseudolikelihood =   -14637.593             Prob > chi2      =      0.6612
2021-07-20T15:43:06.818674600Z 
2021-07-20T15:43:06.825240400Z                        (Std. Err. adjusted for 1,106 clusters in household_id)
2021-07-20T15:43:06.825256700Z ------------------------------------------------------------------------------
2021-07-20T15:43:06.825261800Z              |               Robust
2021-07-20T15:43:06.825266200Z           _t | Haz. Ratio   Std. Err.      z    P>|z|     [95% Conf. Interval]
2021-07-20T15:43:06.825270600Z -------------+----------------------------------------------------------------
2021-07-20T15:43:06.825275300Z    kids_cat4 |
2021-07-20T15:43:06.825540900Z only <12 ..  |   .9124442   .1378093    -0.61   0.544     .6786513    1.226778
2021-07-20T15:43:06.825796700Z  only 12-18  |   .9458128   .1877543    -0.28   0.779     .6409619    1.395655
2021-07-20T15:43:06.826030900Z       mixed  |   .9464566   .1253769    -0.42   0.678     .7300325    1.227041
2021-07-20T15:43:06.826044700Z              |
2021-07-20T15:43:06.826350200Z         age1 |    1.00068   .0081061     0.08   0.933     .9849183    1.016695
2021-07-20T15:43:06.826595200Z         age2 |   .9889722    .024713    -0.44   0.657     .9417027    1.038614
2021-07-20T15:43:06.826938800Z         age3 |    1.03149   .0723907     0.44   0.659     .8989329    1.183595
2021-07-20T15:43:06.827471900Z       1.male |   .9411768   .0404859    -1.41   0.159     .8650788    1.023969
2021-07-20T15:43:06.827485000Z ------------------------------------------------------------------------------
2021-07-20T15:43:06.827698200Z                                                              Stratified by stp
2021-07-20T15:43:06.835950000Z (note: file ./output/an_univariable_cox_models_kids_cat4_non_covid_death_AGESEX
2021-07-20T15:43:06.835971000Z > _ageband_0MAIN.ster not found)
2021-07-20T15:43:06.835976000Z file ./output/an_univariable_cox_models_kids_cat4_non_covid_death_AGESEX_ageban
2021-07-20T15:43:06.835979900Z > d_0MAIN.ster saved
2021-07-20T15:43:06.964891100Z 
2021-07-20T15:43:06.964916200Z -------------------------------------------------------------------------------
2021-07-20T15:43:06.964920500Z active results
2021-07-20T15:43:06.964923300Z -------------------------------------------------------------------------------
2021-07-20T15:43:06.966532600Z 
2021-07-20T15:43:06.966559600Z Stratified Cox regr. -- Breslow method for ties
2021-07-20T15:43:06.966565500Z 
2021-07-20T15:43:06.966569800Z No. of subjects      =        1,546             Number of obs    =       1,546
2021-07-20T15:43:06.966574100Z No. of failures      =          188
2021-07-20T15:43:06.966696500Z Time at risk         =       277303
2021-07-20T15:43:06.966710400Z                                                 Wald chi2(7)     =       16.85
2021-07-20T15:43:06.966835300Z Log pseudolikelihood =   -905.74388             Prob > chi2      =      0.0184
2021-07-20T15:43:06.966847800Z 
2021-07-20T15:43:06.973548000Z                          (Std. Err. adjusted for 179 clusters in household_id)
2021-07-20T15:43:06.973567800Z ------------------------------------------------------------------------------
2021-07-20T15:43:06.973571500Z              |               Robust
2021-07-20T15:43:06.973573900Z           _t | Haz. Ratio   Std. Err.      z    P>|z|     [95% Conf. Interval]
2021-07-20T15:43:06.973576700Z -------------+----------------------------------------------------------------
2021-07-20T15:43:06.973579200Z gp_number_~s |
2021-07-20T15:43:06.973756200Z 2 childre..  |   1.091342    .241609     0.39   0.693     .7071567    1.684247
2021-07-20T15:43:06.973984000Z 3 childre..  |   .6799398   .1613535    -1.63   0.104     .4270469    1.082593
2021-07-20T15:43:06.974229900Z 4+ childr..  |   .9589028   .1722482    -0.23   0.815     .6743305    1.363567
2021-07-20T15:43:06.974244700Z              |
2021-07-20T15:43:06.974499400Z         age1 |   .9964659   .0272895    -0.13   0.897     .9443895    1.051414
2021-07-20T15:43:06.974753700Z         age2 |    1.10046    .097835     1.08   0.282     .9244839    1.309934
2021-07-20T15:43:06.975033800Z         age3 |   .6599237    .168536    -1.63   0.104      .400044    1.088628
2021-07-20T15:43:06.975666100Z       1.male |   .9695862     .15543    -0.19   0.847     .7081645    1.327513
2021-07-20T15:43:06.975678200Z ------------------------------------------------------------------------------
2021-07-20T15:43:06.975768900Z                                                              Stratified by stp
2021-07-20T15:43:06.981998900Z (note: file ./output/an_univariable_cox_models_gp_number_kids_non_covid_death_A
2021-07-20T15:43:06.982026100Z > GESEX_ageband_0MAIN.ster not found)
2021-07-20T15:43:06.982032800Z file ./output/an_univariable_cox_models_gp_number_kids_non_covid_death_AGESEX_a
2021-07-20T15:43:06.982037900Z > geband_0MAIN.ster saved
2021-07-20T15:43:07.164779900Z 
2021-07-20T15:43:07.164803600Z -------------------------------------------------------------------------------
2021-07-20T15:43:07.164809800Z active results
2021-07-20T15:43:07.164814600Z -------------------------------------------------------------------------------
2021-07-20T15:43:07.166812700Z 
2021-07-20T15:43:07.166833300Z Stratified Cox regr. -- Breslow method for ties
2021-07-20T15:43:07.167216000Z 
2021-07-20T15:43:07.167229900Z No. of subjects      =        4,494             Number of obs    =       4,494
2021-07-20T15:43:07.167235700Z No. of failures      =          582
2021-07-20T15:43:07.167240300Z Time at risk         =       797461
2021-07-20T15:43:07.167357400Z                                                 Wald chi2(7)     =        5.67
2021-07-20T15:43:07.176533500Z Log pseudolikelihood =   -3449.7211             Prob > chi2      =      0.5784
2021-07-20T15:43:07.176553700Z 
2021-07-20T15:43:07.176559500Z                          (Std. Err. adjusted for 914 clusters in household_id)
2021-07-20T15:43:07.176563800Z ------------------------------------------------------------------------------
2021-07-20T15:43:07.176568100Z              |               Robust
2021-07-20T15:43:07.176572600Z           _t | Haz. Ratio   Std. Err.      z    P>|z|     [95% Conf. Interval]
2021-07-20T15:43:07.176576800Z -------------+----------------------------------------------------------------
2021-07-20T15:43:07.176613700Z    kids_cat4 |
2021-07-20T15:43:07.176621000Z only <12 ..  |   .7129507    .199538    -1.21   0.227     .4119346     1.23393
2021-07-20T15:43:07.176625800Z  only 12-18  |   1.254761   .4095553     0.70   0.487     .6618016    2.378998
2021-07-20T15:43:07.176630000Z       mixed  |   .9303352   .2205649    -0.30   0.761     .5845688    1.480619
2021-07-20T15:43:07.176751600Z              |
2021-07-20T15:43:07.177216800Z         age1 |   1.008332   .0340124     0.25   0.806     .9438252    1.077249
2021-07-20T15:43:07.177901800Z         age2 |   .9803174   .1358517    -0.14   0.886       .74715    1.286251
2021-07-20T15:43:07.178199100Z         age3 |   1.048301    .349371     0.14   0.887     .5455106    2.014508
2021-07-20T15:43:07.179340100Z       1.male |   1.061252   .0877355     0.72   0.472     .9025017    1.247925
2021-07-20T15:43:07.179356800Z ------------------------------------------------------------------------------
2021-07-20T15:43:07.179643100Z                                                              Stratified by stp
2021-07-20T15:43:07.188782400Z (note: file ./output/an_univariable_cox_models_kids_cat4_non_covid_death_AGESEX
2021-07-20T15:43:07.188801000Z > _ageband_1MAIN.ster not found)
2021-07-20T15:43:07.188804400Z file ./output/an_univariable_cox_models_kids_cat4_non_covid_death_AGESEX_ageban
2021-07-20T15:43:07.188806900Z > d_1MAIN.ster saved
2021-07-20T15:43:07.224361900Z 
2021-07-20T15:43:07.224384200Z -------------------------------------------------------------------------------
2021-07-20T15:43:07.224388500Z active results
2021-07-20T15:43:07.224391300Z -------------------------------------------------------------------------------
2021-07-20T15:43:07.225729300Z 
2021-07-20T15:43:07.225742100Z Stratified Cox regr. -- no ties
2021-07-20T15:43:07.225745600Z 
2021-07-20T15:43:07.225748000Z No. of subjects      =          400             Number of obs    =         400
2021-07-20T15:43:07.225750600Z No. of failures      =           41
2021-07-20T15:43:07.225753000Z Time at risk         =        72182
2021-07-20T15:43:07.225918700Z                                                 Wald chi2(7)     =        5.82
2021-07-20T15:43:07.225930400Z Log pseudolikelihood =   -143.23379             Prob > chi2      =      0.5604
2021-07-20T15:43:07.225934200Z 
2021-07-20T15:43:07.232255600Z                          (Std. Err. adjusted for 128 clusters in household_id)
2021-07-20T15:43:07.232274200Z ------------------------------------------------------------------------------
2021-07-20T15:43:07.232277400Z              |               Robust
2021-07-20T15:43:07.232280700Z           _t | Haz. Ratio   Std. Err.      z    P>|z|     [95% Conf. Interval]
2021-07-20T15:43:07.232283500Z -------------+----------------------------------------------------------------
2021-07-20T15:43:07.232286000Z gp_number_~s |
2021-07-20T15:43:07.232530200Z 2 childre..  |   .6950426   .3361112    -0.75   0.452     .2693918    1.793241
2021-07-20T15:43:07.232854700Z 3 childre..  |    .348235   .2507352    -1.47   0.143     .0849166    1.428079
2021-07-20T15:43:07.233026000Z 4+ childr..  |   1.361024   .4488497     0.93   0.350     .7130981    2.597658
2021-07-20T15:43:07.233039300Z              |
2021-07-20T15:43:07.233352000Z         age1 |   1.012944   .1248487     0.10   0.917     .7955585     1.28973
2021-07-20T15:43:07.233661000Z         age2 |   1.027388   .5354895     0.05   0.959     .3698926      2.8536
2021-07-20T15:43:07.234034400Z         age3 |   .9066076   1.136027    -0.08   0.938     .0777713    10.56865
2021-07-20T15:43:07.234746400Z       1.male |   1.064819   .3407978     0.20   0.844     .5686523    1.993907
2021-07-20T15:43:07.234759200Z ------------------------------------------------------------------------------
2021-07-20T15:43:07.234922900Z                                                              Stratified by stp
2021-07-20T15:43:07.240793500Z (note: file ./output/an_univariable_cox_models_gp_number_kids_non_covid_death_A
2021-07-20T15:43:07.240810200Z > GESEX_ageband_1MAIN.ster not found)
2021-07-20T15:43:07.240815600Z file ./output/an_univariable_cox_models_gp_number_kids_non_covid_death_AGESEX_a
2021-07-20T15:43:07.240847400Z > geband_1MAIN.ster saved
2021-07-20T15:43:07.240913300Z 
2021-07-20T15:43:07.240924400Z . * Close log file
2021-07-20T15:43:07.240930000Z . log close
2021-07-20T15:43:07.240934100Z       name:  <unnamed>
2021-07-20T15:43:07.240938600Z        log:  /workspace/log/06_univariate_analysis_MAIN.log
2021-07-20T15:43:07.240952600Z   log type:  text
2021-07-20T15:43:07.240957100Z  closed on:  20 Jul 2021, 15:43:07
2021-07-20T15:43:07.240961200Z -------------------------------------------------------------------------------
2021-07-20T15:43:07.240965800Z 
2021-07-20T15:43:07.240969800Z . 
2021-07-20T15:43:07.240973600Z . exit, clear 
2021-07-20T15:43:07.240977600Z 
2021-07-20T15:43:07.240981400Z end of do-file
2021-07-20T15:43:07.240985500Z 
2021-07-20T15:43:07.240989700Z . . file open output using "/tmp/tmp.4zmtiUTMkC", write text replace
2021-07-20T15:43:07.241106500Z 
2021-07-20T15:43:07.241120000Z . . file write output "success" 
2021-07-20T15:43:07.241124200Z 
2021-07-20T15:43:07.241126600Z . . file close output
2021-07-20T15:43:07.241129000Z 
2021-07-20T15:43:07.241131200Z . 
2021-07-20T15:43:07.241133600Z end of do-file
2021-07-20T15:43:07.241136000Z 
2021-07-20T15:43:07.241138200Z 
2021-07-20T15:43:07.264801400Z . 

state: succeeded
commit: none
docker_image_id: sha256:11980aa720220a1b39bf523f5a8a33270214c13876c30ee364e16265766f7f60
exit_code: 0
job_id: oxiju7bg6urfqrte
run_by_user: qc18278
created_at: 2021-07-20T15:38:48Z
started_at: 2021-07-20T15:42:58Z
completed_at: 2021-07-20T15:43:35Z

Completed successfully

outputs:
  log/06_univariate_analysis_MAIN.log                                                        - moderately_sensitive
  output/an_univariable_cox_models_gp_number_kids_covid_death_AGESEX_ageband_0MAIN.ster      - moderately_sensitive
  output/an_univariable_cox_models_gp_number_kids_covid_death_AGESEX_ageband_1MAIN.ster      - moderately_sensitive
  output/an_univariable_cox_models_gp_number_kids_covid_icu_AGESEX_ageband_0MAIN.ster        - moderately_sensitive
  output/an_univariable_cox_models_gp_number_kids_covid_icu_AGESEX_ageband_1MAIN.ster        - moderately_sensitive
  output/an_univariable_cox_models_gp_number_kids_covid_tpp_prob_AGESEX_ageband_0MAIN.ster   - moderately_sensitive
  output/an_univariable_cox_models_gp_number_kids_covid_tpp_prob_AGESEX_ageband_1MAIN.ster   - moderately_sensitive
  output/an_univariable_cox_models_gp_number_kids_covidadmission_AGESEX_ageband_0MAIN.ster   - moderately_sensitive
  output/an_univariable_cox_models_gp_number_kids_covidadmission_AGESEX_ageband_1MAIN.ster   - moderately_sensitive
  output/an_univariable_cox_models_gp_number_kids_non_covid_death_AGESEX_ageband_0MAIN.ster  - moderately_sensitive
  output/an_univariable_cox_models_gp_number_kids_non_covid_death_AGESEX_ageband_1MAIN.ster  - moderately_sensitive
  output/an_univariable_cox_models_kids_cat4_covid_death_AGESEX_ageband_0MAIN.ster           - moderately_sensitive
  output/an_univariable_cox_models_kids_cat4_covid_death_AGESEX_ageband_1MAIN.ster           - moderately_sensitive
  output/an_univariable_cox_models_kids_cat4_covid_icu_AGESEX_ageband_0MAIN.ster             - moderately_sensitive
  output/an_univariable_cox_models_kids_cat4_covid_icu_AGESEX_ageband_1MAIN.ster             - moderately_sensitive
  output/an_univariable_cox_models_kids_cat4_covid_tpp_prob_AGESEX_ageband_0MAIN.ster        - moderately_sensitive
  output/an_univariable_cox_models_kids_cat4_covid_tpp_prob_AGESEX_ageband_1MAIN.ster        - moderately_sensitive
  output/an_univariable_cox_models_kids_cat4_covidadmission_AGESEX_ageband_0MAIN.ster        - moderately_sensitive
  output/an_univariable_cox_models_kids_cat4_covidadmission_AGESEX_ageband_1MAIN.ster        - moderately_sensitive
  output/an_univariable_cox_models_kids_cat4_non_covid_death_AGESEX_ageband_0MAIN.ster       - moderately_sensitive
  output/an_univariable_cox_models_kids_cat4_non_covid_death_AGESEX_ageband_1MAIN.ster       - moderately_sensitive