2021-07-20T15:44:19.528381000Z 
2021-07-20T15:44:19.528436000Z   ___  ____  ____  ____  ____ (R)
2021-07-20T15:44:19.528442300Z  /__    /   ____/   /   ____/
2021-07-20T15:44:19.528444900Z ___/   /   /___/   /   /___/   16.1   Copyright 1985-2019 StataCorp LLC
2021-07-20T15:44:19.528447200Z   Statistics/Data Analysis            StataCorp
2021-07-20T15:44:19.528449400Z                                       4905 Lakeway Drive
2021-07-20T15:44:19.528451600Z                                       College Station, Texas 77845 USA
2021-07-20T15:44:19.528453800Z                                       800-STATA-PC        http://www.stata.com
2021-07-20T15:44:19.528456100Z                                       979-696-4600        stata@stata.com
2021-07-20T15:44:19.528458400Z                                       979-696-4601 (fax)
2021-07-20T15:44:19.528460600Z 
2021-07-20T15:44:19.528462600Z 3-user Stata network license expires 11 May 2022:
2021-07-20T15:44:19.528464700Z        Serial number:  501709312237
2021-07-20T15:44:19.528466800Z          Licensed to:  The Bennett Institute
2021-07-20T15:44:19.528468900Z                        Oxford University
2021-07-20T15:44:19.529399900Z 
2021-07-20T15:44:19.529437700Z Notes:
2021-07-20T15:44:19.529444700Z       1.  Unicode is supported; see help unicode_advice.
2021-07-20T15:44:19.529449000Z 
2021-07-20T15:44:19.529452700Z . do "analysis/07b_an_multivariable_cox_models_FULL.wrapper.do" non_covid_death
2021-07-20T15:44:19.529456600Z >  MAIN 
2021-07-20T15:44:19.529460500Z 
2021-07-20T15:44:19.529463800Z . . do "analysis/07b_an_multivariable_cox_models_FULL.do" non_covid_death MAIN
2021-07-20T15:44:19.529468000Z 
2021-07-20T15:44:19.529471700Z . *****************************************************************************
2021-07-20T15:44:19.529475300Z > ***
2021-07-20T15:44:19.529478700Z . *
2021-07-20T15:44:19.529481800Z . *       Do-file:                07b_an_multivariable_cox_models.do
2021-07-20T15:44:19.529485300Z . *
2021-07-20T15:44:19.529488600Z . *       Project:                Exposure children and COVID risk
2021-07-20T15:44:19.529492500Z . *
2021-07-20T15:44:19.529497200Z . *       Programmed by:  Hforbes, based on files from Fizz & Krishnan
2021-07-20T15:44:19.529501600Z . *
2021-07-20T15:44:19.529505400Z . *       Data used:              analysis_dataset.dta
2021-07-20T15:44:19.529509500Z . *
2021-07-20T15:44:19.529513200Z . *       Data created:   None
2021-07-20T15:44:19.529745700Z . *
2021-07-20T15:44:19.529759800Z . *       Other output:   Log file:  an_multivariable_cox_models.log
2021-07-20T15:44:19.529764600Z . *
2021-07-20T15:44:19.529768400Z . *****************************************************************************
2021-07-20T15:44:19.529782600Z > ***
2021-07-20T15:44:19.529786500Z . *
2021-07-20T15:44:19.529789900Z . *       Purpose:                This do-file performs multivariable (fully ad
2021-07-20T15:44:19.529793800Z > justed) 
2021-07-20T15:44:19.529797300Z . *                                       Cox models. 
2021-07-20T15:44:19.529800900Z . *  
2021-07-20T15:44:19.529804700Z . *****************************************************************************
2021-07-20T15:44:19.529808300Z > ***
2021-07-20T15:44:19.529811800Z . *       
2021-07-20T15:44:19.529815200Z . *       Stata routines needed:  stbrier   
2021-07-20T15:44:19.529818800Z . *
2021-07-20T15:44:19.529822300Z . *****************************************************************************
2021-07-20T15:44:19.529825900Z > ***
2021-07-20T15:44:19.529829400Z . 
2021-07-20T15:44:19.529832700Z . * Set globals that will print in programs and direct output
2021-07-20T15:44:19.529836300Z . global outdir     "output" 
2021-07-20T15:44:19.529915600Z 
2021-07-20T15:44:19.529930500Z . global logdir     "log"
2021-07-20T15:44:19.529935800Z 
2021-07-20T15:44:19.529939400Z . global tempdir    "tempdata"
2021-07-20T15:44:19.529943000Z 
2021-07-20T15:44:19.529946600Z . global demogadjlist  age1 age2 age3 i.male i.obese4cat i.smoke_nomiss i.imd i
2021-07-20T15:44:19.529950400Z > .tot_adults_hh i.ethnicity
2021-07-20T15:44:19.529954400Z 
2021-07-20T15:44:19.529957900Z . global comordidadjlist  i.htdiag_or_highbp                              ///
2021-07-20T15:44:19.529961800Z >                         i.chronic_respiratory_disease   ///
2021-07-20T15:44:19.529965500Z >                         i.asthma                                             
2021-07-20T15:44:19.529969400Z >    ///
2021-07-20T15:44:19.529973000Z >                         i.chronic_cardiac_disease               ///
2021-07-20T15:44:19.529976700Z >                         i.diabcat                                            
2021-07-20T15:44:19.529980500Z >    ///
2021-07-20T15:44:19.529984200Z >                         i.cancer_exhaem_cat                             ///
2021-07-20T15:44:19.529988400Z >                         i.cancer_haem_cat                               ///
2021-07-20T15:44:19.529992200Z >                         i.chronic_liver_disease                 ///
2021-07-20T15:44:19.529996200Z >                         i.stroke_dementia                               ///
2021-07-20T15:44:19.529999800Z >                         i.other_neuro                                   ///
2021-07-20T15:44:19.530002700Z >                         i.reduced_kidney_function_cat   ///
2021-07-20T15:44:19.530011700Z >                         i.esrd                                               
2021-07-20T15:44:19.530014200Z >    ///
2021-07-20T15:44:19.530016500Z >                         i.other_transplant                              ///
2021-07-20T15:44:19.530018900Z >                         i.asplenia                                           
2021-07-20T15:44:19.530021300Z >    ///
2021-07-20T15:44:19.530023400Z >                         i.ra_sle_psoriasis                      ///
2021-07-20T15:44:19.530026000Z >                         i.other_immuno          
2021-07-20T15:44:19.530029500Z 
2021-07-20T15:44:19.530033000Z . 
2021-07-20T15:44:19.530036500Z . local outcome `1'
2021-07-20T15:44:19.530040400Z 
2021-07-20T15:44:19.530044100Z . local dataset `2'
2021-07-20T15:44:19.530047900Z 
2021-07-20T15:44:19.530051500Z . 
2021-07-20T15:44:19.530055200Z . *****************************************************************************
2021-07-20T15:44:19.530059100Z > *******
2021-07-20T15:44:19.530062700Z . *First clean up all old saved estimates for this outcome
2021-07-20T15:44:19.530066500Z . *This is to guard against accidentally displaying left-behind results from ol
2021-07-20T15:44:19.530070700Z > d runs
2021-07-20T15:44:19.530074600Z . *****************************************************************************
2021-07-20T15:44:19.530078400Z > *******
2021-07-20T15:44:19.530082200Z . 
2021-07-20T15:44:19.530085500Z . * Open a log file
2021-07-20T15:44:19.530089100Z . capture log close
2021-07-20T15:44:19.530116300Z 
2021-07-20T15:44:19.530136200Z . log using "$logdir/07b_an_multivariable_cox_models_`outcome'_`dataset'", text
2021-07-20T15:44:19.530143200Z >  replace
2021-07-20T15:44:19.530153800Z (note: file /workspace/log/07b_an_multivariable_cox_models_non_covid_death_MAIN
2021-07-20T15:44:19.530158700Z > .log not found)
2021-07-20T15:44:19.530192700Z -------------------------------------------------------------------------------
2021-07-20T15:44:19.530200700Z       name:  <unnamed>
2021-07-20T15:44:19.530205500Z        log:  /workspace/log/07b_an_multivariable_cox_models_non_covid_death_MAI
2021-07-20T15:44:19.530209700Z > N.log
2021-07-20T15:44:19.530213600Z   log type:  text
2021-07-20T15:44:19.530217200Z  opened on:  20 Jul 2021, 15:44:19
2021-07-20T15:44:19.530221200Z 
2021-07-20T15:44:19.530311300Z . 
2021-07-20T15:44:19.530325100Z . 
2021-07-20T15:44:19.530330200Z . *****************************************************************************
2021-07-20T15:44:19.530342300Z > ********
2021-07-20T15:44:19.530346900Z . *PROG TO DEFINE THE BASIC COX MODEL WITH OPTIONS FOR HANDLING OF AGE, BMI, ET
2021-07-20T15:44:19.530351000Z > HNICITY:
2021-07-20T15:44:19.530354800Z . cap prog drop basecoxmodel
2021-07-20T15:44:19.530358700Z 
2021-07-20T15:44:19.530364100Z . prog define basecoxmodel
2021-07-20T15:44:19.530368100Z   1.         syntax , exposure(string) age(string) 
2021-07-20T15:44:19.530372100Z   2. 
2021-07-20T15:44:19.530375800Z . timer clear
2021-07-20T15:44:19.530379500Z   3. timer on 1
2021-07-20T15:44:19.530553200Z   4.         capture stcox   `exposure'                              ///
2021-07-20T15:44:19.530564500Z >                         $demogadjlist                                   ///
2021-07-20T15:44:19.530569900Z >                         $comordidadjlist                                ///
2021-07-20T15:44:19.530574000Z >                         `if'                                                 
2021-07-20T15:44:19.530578200Z >    ///
2021-07-20T15:44:19.530582000Z >                         , strata(stp) vce(cluster household_id)
2021-07-20T15:44:19.530586100Z   5. timer off 1
2021-07-20T15:44:19.530589800Z   6. timer list
2021-07-20T15:44:19.530593400Z   7. end
2021-07-20T15:44:19.530597100Z 
2021-07-20T15:44:19.530600700Z . *****************************************************************************
2021-07-20T15:44:19.530604700Z > ********
2021-07-20T15:44:19.530608300Z . 
2021-07-20T15:44:19.530612000Z . 
2021-07-20T15:44:19.530615600Z . * Open dataset and fit specified model(s)
2021-07-20T15:44:19.530619200Z . forvalues x=0/1 {
2021-07-20T15:44:19.530664300Z   2. 
2021-07-20T15:44:19.530671000Z . use "$tempdir/cr_create_analysis_dataset_STSET_`outcome'_ageband_`x'`dataset'
2021-07-20T15:44:19.530674100Z > .dta", clear
2021-07-20T15:44:19.530676500Z   3. 
2021-07-20T15:44:19.530679100Z . ******************************
2021-07-20T15:44:19.530682600Z . *  Multivariable Cox models  *
2021-07-20T15:44:19.530686100Z . ******************************
2021-07-20T15:44:19.530761100Z . 
2021-07-20T15:44:19.530773400Z . 
2021-07-20T15:44:19.530778000Z . 
2021-07-20T15:44:19.530782100Z . foreach exposure_type in kids_cat4  {
2021-07-20T15:44:19.530786100Z   4. 
2021-07-20T15:44:19.530790000Z . *Age spline model (not adj ethnicity)
2021-07-20T15:44:19.530909500Z . cap erase "./output/an_multivariate_cox_models_`outcome'_`exposure_type'_MAIN
2021-07-20T15:44:19.530920000Z > FULLYADJMODEL_ageband_`x'`dataset'"
2021-07-20T15:44:19.530931900Z   5. basecoxmodel, exposure("i.`exposure_type'") age("age1 age2 age3") 
2021-07-20T15:44:19.530937000Z   6. if _rc==0{
2021-07-20T15:44:19.530940700Z   7. estimates
2021-07-20T15:44:19.530944500Z   8. estimates save "./output/an_multivariate_cox_models_`outcome'_`exposure_ty
2021-07-20T15:44:19.530948600Z > pe'_MAINFULLYADJMODEL_ageband_`x'`dataset'", replace
2021-07-20T15:44:19.530952600Z   9.         *  Proportional Hazards test 
2021-07-20T15:44:19.530956300Z .         * Based on Schoenfeld residuals
2021-07-20T15:44:19.530960200Z .         timer clear 
2021-07-20T15:44:19.530964100Z  10.         timer on 1
2021-07-20T15:44:19.530967900Z  11.         if e(N_fail)>0 estat phtest, d
2021-07-20T15:44:19.530972000Z  12.         timer off 1
2021-07-20T15:44:19.530976200Z  13.         timer list 
2021-07-20T15:44:19.530979900Z  14.         
2021-07-20T15:44:19.530984700Z . }
2021-07-20T15:44:19.531124900Z  15. else di "WARNING AGE SPLINE MODEL DID NOT FIT (OUTCOME `outcome')"
2021-07-20T15:44:19.531135300Z  16. 
2021-07-20T15:44:19.531140300Z . }
2021-07-20T15:44:19.531144100Z  17. 
2021-07-20T15:44:19.531147500Z . foreach exposure_type in  gp_number_kids {
2021-07-20T15:44:19.531151600Z  18. *Age spline model (not adj ethnicity)
2021-07-20T15:44:19.531155200Z . cap erase "./output/an_multivariate_cox_models_`outcome'_`exposure_type'_MAIN
2021-07-20T15:44:19.531173600Z > FULLYADJMODEL_ageband_`x'`dataset'"
2021-07-20T15:44:19.531179500Z  19. basecoxmodel, exposure("i.`exposure_type'") age("age1 age2 age3") 
2021-07-20T15:44:19.531183100Z  20. if _rc==0{
2021-07-20T15:44:19.531186400Z  21. estimates
2021-07-20T15:44:19.531204800Z  22. estimates save "./output/an_multivariate_cox_models_`outcome'_`exposure_ty
2021-07-20T15:44:19.531210100Z > pe'_MAINFULLYADJMODEL_ageband_`x'`dataset'", replace
2021-07-20T15:44:19.531214200Z  23. }
2021-07-20T15:44:19.531217300Z  24. else di "WARNING AGE SPLINE MODEL DID NOT FIT (OUTCOME `outcome')"
2021-07-20T15:44:19.531220900Z  25. 
2021-07-20T15:44:19.531224000Z . }
2021-07-20T15:44:19.531227000Z  26. 
2021-07-20T15:44:19.531230500Z . 
2021-07-20T15:44:19.531234100Z . *SENSITIVITY ANALYSIS: 12 months FUP
2021-07-20T15:44:19.531240800Z . keep if has_12_m_follow_up == 1
2021-07-20T15:44:19.531245000Z  27. foreach exposure_type in kids_cat4   {
2021-07-20T15:44:19.531248500Z  28. 
2021-07-20T15:44:19.531251300Z . *Age spline model (not adj ethnicity)
2021-07-20T15:44:19.531526200Z . cap erase ./output/an_sense_`outcome'_plus_eth_12mo_ageband_`x'`dataset'
2021-07-20T15:44:19.531551900Z  29. basecoxmodel, exposure("i.`exposure_type'") age("age1 age2 age3")  
2021-07-20T15:44:19.531556800Z  30. if _rc==0{
2021-07-20T15:44:19.531560300Z  31. estimates
2021-07-20T15:44:19.531563700Z  32. estimates save ./output/an_sense_`outcome'_plus_eth_12mo_ageband_`x'`datas
2021-07-20T15:44:19.531567300Z > et', replace
2021-07-20T15:44:19.531634700Z  33. *estat concordance /*c-statistic*/
2021-07-20T15:44:19.531646800Z . }
2021-07-20T15:44:19.531651600Z  34. else di "WARNING 12 MO FUP MODEL W/ AGE SPLINE  DID NOT FIT (OUTCOME `outc
2021-07-20T15:44:19.531654300Z > ome')"
2021-07-20T15:44:19.531657100Z  35. }       
2021-07-20T15:44:19.531659300Z  36. }
2021-07-20T15:44:28.293342700Z    1:      8.76 /        1 =       8.7570
2021-07-20T15:44:28.295500700Z 
2021-07-20T15:44:28.295516000Z -------------------------------------------------------------------------------
2021-07-20T15:44:28.295519900Z active results
2021-07-20T15:44:28.295522600Z -------------------------------------------------------------------------------
2021-07-20T15:44:28.297038500Z 
2021-07-20T15:44:28.297053300Z Stratified Cox regr. -- Breslow method for ties
2021-07-20T15:44:28.297057000Z 
2021-07-20T15:44:28.297060900Z No. of subjects      =       16,206             Number of obs    =      16,206
2021-07-20T15:44:28.297065500Z No. of failures      =        2,030
2021-07-20T15:44:28.297069700Z Time at risk         =      2893531
2021-07-20T15:44:28.297136200Z                                                 Wald chi2(42)    =       34.33
2021-07-20T15:44:28.297153600Z Log pseudolikelihood =   -14624.214             Prob > chi2      =      0.7940
2021-07-20T15:44:28.297160100Z 
2021-07-20T15:44:28.355997500Z                        (Std. Err. adjusted for 1,106 clusters in household_id)
2021-07-20T15:44:28.356023600Z ------------------------------------------------------------------------------
2021-07-20T15:44:28.356029400Z              |               Robust
2021-07-20T15:44:28.356034000Z           _t | Haz. Ratio   Std. Err.      z    P>|z|     [95% Conf. Interval]
2021-07-20T15:44:28.356038800Z -------------+----------------------------------------------------------------
2021-07-20T15:44:28.356043600Z    kids_cat4 |
2021-07-20T15:44:28.366099500Z only <12 ..  |   .9532277   .1560369    -0.29   0.770     .6916091     1.31381
2021-07-20T15:44:28.366848300Z  only 12-18  |    .991501   .2081905    -0.04   0.968      .656995    1.496319
2021-07-20T15:44:28.367077900Z       mixed  |   .9944656   .1490302    -0.04   0.970     .7413598    1.333984
2021-07-20T15:44:28.367093000Z              |
2021-07-20T15:44:28.367629500Z         age1 |   1.000621   .0081213     0.08   0.939     .9848291    1.016665
2021-07-20T15:44:28.368061200Z         age2 |   .9887754     .02475    -0.45   0.652      .941437    1.038494
2021-07-20T15:44:28.368417200Z         age3 |   1.032765   .0726025     0.46   0.647      .899835    1.185333
2021-07-20T15:44:28.368959000Z       1.male |   .9409166   .0407047    -1.41   0.159     .8644255    1.024176
2021-07-20T15:44:28.368973300Z              |
2021-07-20T15:44:28.368978600Z    obese4cat |
2021-07-20T15:44:28.369442500Z Obese I ..)  |    1.03877   .0663819     0.60   0.552     .9164817    1.177375
2021-07-20T15:44:28.369763000Z Obese II..)  |   .9807654   .0836845    -0.23   0.820     .8297281    1.159296
2021-07-20T15:44:28.370159500Z Obese II..)  |   .9687467   .0951219    -0.32   0.746     .7991535     1.17433
2021-07-20T15:44:28.370172500Z              |
2021-07-20T15:44:28.370177600Z smoke_nomiss |
2021-07-20T15:44:28.370466400Z      Former  |    1.19205   .1731454     1.21   0.226     .8967213    1.584644
2021-07-20T15:44:28.370685300Z     Current  |   .9461712   .0673138    -0.78   0.437     .8230238    1.087745
2021-07-20T15:44:28.370696800Z              |
2021-07-20T15:44:28.370701500Z          imd |
2021-07-20T15:44:28.370954900Z           4  |   1.030507   .0555998     0.56   0.578     .9270978    1.145451
2021-07-20T15:44:28.371219400Z 5 most de..  |   .9712085   .0755742    -0.38   0.707     .8338282    1.131223
2021-07-20T15:44:28.371249200Z              |
2021-07-20T15:44:28.371254500Z tot_adults~h |
2021-07-20T15:44:28.371508800Z           2  |   .4922799   .1990746    -1.75   0.080     .2228394    1.087507
2021-07-20T15:44:28.371777800Z           3  |   .6416484   .1748729    -1.63   0.104     .3761086    1.094664
2021-07-20T15:44:28.371788700Z              |
2021-07-20T15:44:28.371793000Z    ethnicity |
2021-07-20T15:44:28.372031800Z Asian or ..  |   1.021537   .0781983     0.28   0.781     .8792145    1.186897
2021-07-20T15:44:28.372315600Z       Other  |   .9522174   .0743171    -0.63   0.530      .817152    1.109607
2021-07-20T15:44:28.372351000Z              |
2021-07-20T15:44:28.372670100Z 1.htdiag_o~p |   .9373922    .075149    -0.81   0.420     .8010915    1.096884
2021-07-20T15:44:28.372923500Z 1.~y_disease |   .9826767   .0543151    -0.32   0.752     .8817847    1.095113
2021-07-20T15:44:28.373184800Z     1.asthma |   .9941854   .0806042    -0.07   0.943     .8481168    1.165411
2021-07-20T15:44:28.373455100Z 1.~c_disease |   .9445072   .0516903    -1.04   0.297     .8484405    1.051451
2021-07-20T15:44:28.373484100Z              |
2021-07-20T15:44:28.373528500Z      diabcat |
2021-07-20T15:44:28.373775900Z T1DM, con..  |   .9116215   .1304886    -0.65   0.518     .6886118    1.206854
2021-07-20T15:44:28.373960900Z T1DM, unc..  |   1.095384    .321965     0.31   0.757     .6157068    1.948764
2021-07-20T15:44:28.374168400Z T2DM, con..  |   .9421929   .0562081    -1.00   0.318     .8382237    1.059058
2021-07-20T15:44:28.374353400Z T2DM, unc..  |   1.016099   .1303825     0.12   0.901     .7901553     1.30665
2021-07-20T15:44:28.374629100Z Diabetes,..  |   .6545993   .6280831    -0.44   0.659     .0998284    4.292368
2021-07-20T15:44:28.374640300Z              |
2021-07-20T15:44:28.374644800Z cancer_exh~t |
2021-07-20T15:44:28.374908200Z   Last year  |   1.222512   .4065317     0.60   0.546     .6370831    2.345902
2021-07-20T15:44:28.375094700Z 2-5 years..  |   .8285596   .1528897    -1.02   0.308     .5771065    1.189574
2021-07-20T15:44:28.375367100Z    5+ years  |   .9459256   .0555371    -0.95   0.344     .8431042    1.061287
2021-07-20T15:44:28.375378200Z              |
2021-07-20T15:44:28.375382600Z cancer_hae~t |
2021-07-20T15:44:28.375602500Z   Last year  |   .4163638   .2079232    -1.75   0.079     .1564591    1.108013
2021-07-20T15:44:28.375823100Z 2-5 years..  |   .9794273   .1712654    -0.12   0.905     .6952303    1.379799
2021-07-20T15:44:28.376063600Z    5+ years  |   1.017834   .0600019     0.30   0.764     .9067716    1.142499
2021-07-20T15:44:28.376073800Z              |
2021-07-20T15:44:28.376364400Z 1.~r_disease |   1.100158   .0597034     1.76   0.079     .9891494    1.223624
2021-07-20T15:44:28.376617300Z 1.stroke_d~a |   1.037154   .0551879     0.69   0.493     .9344367    1.151162
2021-07-20T15:44:28.376884200Z 1.other_ne~o |   .9433203   .0532499    -1.03   0.301     .8445189    1.053681
2021-07-20T15:44:28.376895400Z              |
2021-07-20T15:44:28.376899800Z reduced_ki~t |
2021-07-20T15:44:28.377271500Z Stage 3a/..  |   1.010342   .3554037     0.03   0.977     .5070433    2.013224
2021-07-20T15:44:28.377561200Z       1.esrd |   .9511607   .0449092    -1.06   0.289     .8670902    1.043382
2021-07-20T15:44:28.377787200Z 1.other_tr~t |   1.000412   .0546952     0.01   0.994     .8987549    1.113567
2021-07-20T15:44:28.378139800Z   1.asplenia |   1.004416   .0558431     0.08   0.937     .9007183    1.120053
2021-07-20T15:44:28.378374500Z 1.ra_sle_p~s |   1.008488   .0555375     0.15   0.878     .9053049    1.123431
2021-07-20T15:44:28.386653900Z 1.other_im~o |   1.090965   .0516937     1.84   0.066     .9942093    1.197136
2021-07-20T15:44:28.386673700Z ------------------------------------------------------------------------------
2021-07-20T15:44:28.386860100Z                                                              Stratified by stp
2021-07-20T15:44:28.411247500Z (note: file ./output/an_multivariate_cox_models_non_covid_death_kids_cat4_MAINF
2021-07-20T15:44:28.411300500Z > ULLYADJMODEL_ageband_0MAIN.ster not found)
2021-07-20T15:44:28.411310400Z file ./output/an_multivariate_cox_models_non_covid_death_kids_cat4_MAINFULLYADJ
2021-07-20T15:44:28.411315700Z > MODEL_ageband_0MAIN.ster saved
2021-07-20T15:44:45.334081500Z 
2021-07-20T15:44:45.334110100Z       Test of proportional-hazards assumption
2021-07-20T15:44:45.334121100Z 
2021-07-20T15:44:45.334123500Z       Time:  Time
2021-07-20T15:44:45.334125800Z       ----------------------------------------------------------------
2021-07-20T15:44:45.334128000Z                   |       rho            chi2       df       Prob>chi2
2021-07-20T15:44:45.334130900Z       ------------+---------------------------------------------------
2021-07-20T15:44:45.349283000Z       0b.kids_cat4|            .            .        1             .
2021-07-20T15:44:45.354497500Z       1.kids_cat4 |     -0.00233         0.01        1         0.9106
2021-07-20T15:44:45.360660700Z       2.kids_cat4 |     -0.00074         0.00        1         0.9710
2021-07-20T15:44:45.367707900Z       3.kids_cat4 |     -0.00892         0.19        1         0.6650
2021-07-20T15:44:45.375966600Z       age1        |      0.03714         3.02        1         0.0820
2021-07-20T15:44:45.383370500Z       age2        |     -0.03448         2.63        1         0.1046
2021-07-20T15:44:45.388425600Z       age3        |      0.03063         2.14        1         0.1436
2021-07-20T15:44:45.393219000Z       0b.male     |            .            .        1             .
2021-07-20T15:44:45.398026700Z       1.male      |      0.01227         0.33        1         0.5654
2021-07-20T15:44:45.403163100Z       1b.obese4cat|            .            .        1             .
2021-07-20T15:44:45.409831800Z       2.obese4cat |      0.00872         0.17        1         0.6828
2021-07-20T15:44:45.416192100Z       3.obese4cat |     -0.02191         1.19        1         0.2749
2021-07-20T15:44:45.423378100Z       4.obese4cat |      0.00211         0.01        1         0.9222
2021-07-20T15:44:45.431996000Z       1b.smoke_n~s|            .            .        1             .
2021-07-20T15:44:45.441610000Z       2.smoke_no~s|     -0.02411         1.23        1         0.2669
2021-07-20T15:44:45.451788100Z       3.smoke_no~s|     -0.00931         0.20        1         0.6516
2021-07-20T15:44:45.461731000Z       1b.imd      |            .            .        1             .
2021-07-20T15:44:45.470618100Z       4.imd       |      0.04813         4.75        1         0.0293
2021-07-20T15:44:45.480599900Z       5.imd       |      0.00495         0.06        1         0.8139
2021-07-20T15:44:45.492530500Z       1b.tot_adu~h|            .            .        1             .
2021-07-20T15:44:45.500751200Z       2.tot_adul~h|     -0.00585         0.08        1         0.7830
2021-07-20T15:44:45.508889900Z       3.tot_adul~h|      0.01212         0.34        1         0.5627
2021-07-20T15:44:45.517972600Z       1b.ethnicity|            .            .        1             .
2021-07-20T15:44:45.528080000Z       3.ethnicity |      0.00558         0.07        1         0.7908
2021-07-20T15:44:45.537938400Z       5.ethnicity |     -0.01991         0.96        1         0.3261
2021-07-20T15:44:45.545029800Z       0b.htdiag_~p|            .            .        1             .
2021-07-20T15:44:45.552484700Z       1.htdiag_o~p|      0.00543         0.06        1         0.8034
2021-07-20T15:44:45.560319500Z       0b.chronic..|            .            .        1             .
2021-07-20T15:44:45.569339300Z       1.~y_disease|      0.01043         0.23        1         0.6279
2021-07-20T15:44:45.576188900Z       0b.asthma   |            .            .        1             .
2021-07-20T15:44:45.586722400Z       1.asthma    |     -0.02200         1.06        1         0.3043
2021-07-20T15:44:45.595466500Z       0b.chronic..|            .            .        1             .
2021-07-20T15:44:45.603809500Z       1.~c_disease|     -0.01812         0.69        1         0.4046
2021-07-20T15:44:45.613287000Z       1b.diabcat  |            .            .        1             .
2021-07-20T15:44:45.620419000Z       2.diabcat   |     -0.01147         0.29        1         0.5912
2021-07-20T15:44:45.632901900Z       3.diabcat   |     -0.02675         1.69        1         0.1937
2021-07-20T15:44:45.640639800Z       4.diabcat   |     -0.01825         0.71        1         0.3994
2021-07-20T15:44:45.647187400Z       5.diabcat   |     -0.02177         1.20        1         0.2733
2021-07-20T15:44:45.654633500Z       6.diabcat   |      0.03041         1.78        1         0.1822
2021-07-20T15:44:45.661717400Z       1b.c~exhae~t|            .            .        1             .
2021-07-20T15:44:45.668814700Z       2.cancer_e~t|     -0.01940         1.00        1         0.3166
2021-07-20T15:44:45.675211200Z       3.cancer_e~t|     -0.00037         0.00        1         0.9861
2021-07-20T15:44:45.682478700Z       4.cancer_e~t|      0.00083         0.00        1         0.9687
2021-07-20T15:44:45.690159300Z       1b.cancer_..|            .            .        1             .
2021-07-20T15:44:45.701429800Z       2.cancer_h~t|     -0.00930         0.20        1         0.6578
2021-07-20T15:44:45.711120300Z       3.cancer_h~t|      0.00786         0.13        1         0.7169
2021-07-20T15:44:45.719065400Z       4.cancer_h~t|      0.00386         0.03        1         0.8546
2021-07-20T15:44:45.726674100Z       0b.chronic..|            .            .        1             .
2021-07-20T15:44:45.736324800Z       1.~r_disease|     -0.00693         0.11        1         0.7435
2021-07-20T15:44:45.747719900Z       0b.stroke_~a|            .            .        1             .
2021-07-20T15:44:45.755629000Z       1.stroke_d~a|     -0.00268         0.01        1         0.9039
2021-07-20T15:44:45.762362600Z       0b.other_n~o|            .            .        1             .
2021-07-20T15:44:45.769056200Z       1.other_ne~o|     -0.01191         0.31        1         0.5772
2021-07-20T15:44:45.778954900Z       1b.reduced~t|            .            .        1             .
2021-07-20T15:44:45.792084600Z       2.reduced_~t|      0.02333         1.18        1         0.2773
2021-07-20T15:44:45.800254300Z       0b.esrd     |            .            .        1             .
2021-07-20T15:44:45.806550300Z       1.esrd      |     -0.02250         1.14        1         0.2865
2021-07-20T15:44:45.815556600Z       0b.other_t~t|            .            .        1             .
2021-07-20T15:44:45.822094600Z       1.other_tr~t|      0.00245         0.01        1         0.9095
2021-07-20T15:44:45.828505500Z       0b.asplenia |            .            .        1             .
2021-07-20T15:44:45.835010400Z       1.asplenia  |      0.00411         0.04        1         0.8459
2021-07-20T15:44:45.842742800Z       0b.ra_sle_~s|            .            .        1             .
2021-07-20T15:44:45.849258200Z       1.ra_sle_p~s|     -0.01486         0.48        1         0.4866
2021-07-20T15:44:45.857595800Z       0b.other_i~o|            .            .        1             .
2021-07-20T15:44:45.865588700Z       1.other_im~o|     -0.02941         2.03        1         0.1539
2021-07-20T15:44:45.866191600Z       ------------+---------------------------------------------------
2021-07-20T15:44:46.068409200Z       global test |                     26.67       42         0.9686
2021-07-20T15:44:46.068434900Z       ----------------------------------------------------------------
2021-07-20T15:44:46.068440100Z 
2021-07-20T15:44:46.068445900Z note: robust variance-covariance matrix used.
2021-07-20T15:44:46.075403800Z    1:     17.66 /        1 =      17.6600
2021-07-20T15:44:47.150660000Z    1:      1.08 /        1 =       1.0780
2021-07-20T15:44:47.150684200Z 
2021-07-20T15:44:47.150690600Z -------------------------------------------------------------------------------
2021-07-20T15:44:47.150696200Z active results
2021-07-20T15:44:47.150701100Z -------------------------------------------------------------------------------
2021-07-20T15:44:47.152186700Z 
2021-07-20T15:44:47.152203500Z Stratified Cox regr. -- Breslow method for ties
2021-07-20T15:44:47.152210300Z 
2021-07-20T15:44:47.152214800Z No. of subjects      =        1,546             Number of obs    =       1,546
2021-07-20T15:44:47.152347400Z No. of failures      =          188
2021-07-20T15:44:47.152364400Z Time at risk         =       277303
2021-07-20T15:44:47.152371800Z                                                 Wald chi2(42)    =     4112.50
2021-07-20T15:44:47.152477600Z Log pseudolikelihood =   -889.14683             Prob > chi2      =      0.0000
2021-07-20T15:44:47.152490500Z 
2021-07-20T15:44:47.167572000Z                          (Std. Err. adjusted for 179 clusters in household_id)
2021-07-20T15:44:47.169370200Z ------------------------------------------------------------------------------
2021-07-20T15:44:47.169380200Z              |               Robust
2021-07-20T15:44:47.169385800Z           _t | Haz. Ratio   Std. Err.      z    P>|z|     [95% Conf. Interval]
2021-07-20T15:44:47.169401300Z -------------+----------------------------------------------------------------
2021-07-20T15:44:47.169557800Z gp_number_~s |
2021-07-20T15:44:47.169791000Z 2 childre..  |   1.075351     .23404     0.33   0.739     .7019305    1.647427
2021-07-20T15:44:47.170011800Z 3 childre..  |   .6723134   .1580589    -1.69   0.091     .4240888    1.065827
2021-07-20T15:44:47.170249400Z 4+ childr..  |   .9499739    .173489    -0.28   0.779     .6641421    1.358821
2021-07-20T15:44:47.170259700Z              |
2021-07-20T15:44:47.170460000Z         age1 |    .993275   .0278918    -0.24   0.810     .9400852    1.049474
2021-07-20T15:44:47.170682300Z         age2 |   1.099998   .1003924     1.04   0.296     .9198267     1.31546
2021-07-20T15:44:47.170941900Z         age3 |   .6645659   .1741744    -1.56   0.119     .3976022    1.110778
2021-07-20T15:44:47.171216200Z       1.male |   1.026206   .1651531     0.16   0.872      .748593     1.40677
2021-07-20T15:44:47.171228100Z              |
2021-07-20T15:44:47.171233100Z    obese4cat |
2021-07-20T15:44:47.171468700Z Obese I ..)  |   1.069386   .2511367     0.29   0.775     .6748953    1.694464
2021-07-20T15:44:47.171701700Z Obese II..)  |   .8614821   .2329975    -0.55   0.581     .5070249    1.463738
2021-07-20T15:44:47.171975700Z Obese II..)  |   .7908141   .2618444    -0.71   0.478     .4132714     1.51326
2021-07-20T15:44:47.171988300Z              |
2021-07-20T15:44:47.171992600Z smoke_nomiss |
2021-07-20T15:44:47.172187700Z      Former  |   1.791975   .6612515     1.58   0.114     .8694258    3.693443
2021-07-20T15:44:47.172474100Z     Current  |   1.287917   .2791275     1.17   0.243     .8421877     1.96955
2021-07-20T15:44:47.172485600Z              |
2021-07-20T15:44:47.172489700Z          imd |
2021-07-20T15:44:47.172712600Z           4  |   1.103237   .2088459     0.52   0.604     .7612614    1.598835
2021-07-20T15:44:47.173056100Z 5 most de..  |   1.021127   .2535882     0.08   0.933     .6276117    1.661378
2021-07-20T15:44:47.173068700Z              |
2021-07-20T15:44:47.173073800Z tot_adults~h |
2021-07-20T15:44:47.173316500Z           2  |   .2921337   .3562924    -1.01   0.313     .0267571    3.189518
2021-07-20T15:44:47.173548300Z           3  |   .9231477   .6889543    -0.11   0.915     .2138016    3.985946
2021-07-20T15:44:47.173558600Z              |
2021-07-20T15:44:47.173563500Z    ethnicity |
2021-07-20T15:44:47.173798700Z Asian or ..  |    .737631   .2050089    -1.09   0.274     .4278245    1.271782
2021-07-20T15:44:47.174078300Z       Other  |   .6317759      .1878    -1.54   0.122     .3528071    1.131329
2021-07-20T15:44:47.174091300Z              |
2021-07-20T15:44:47.174551100Z 1.htdiag_o~p |   1.115029   .2997265     0.41   0.685     .6583825    1.888402
2021-07-20T15:44:47.174874900Z 1.~y_disease |   1.155197   .2137942     0.78   0.436     .8037534     1.66031
2021-07-20T15:44:47.175281200Z     1.asthma |   .6714509   .2411443    -1.11   0.267     .3321349    1.357419
2021-07-20T15:44:47.175630100Z 1.~c_disease |   .8555519   .1659292    -0.80   0.421     .5850068    1.251215
2021-07-20T15:44:47.175641800Z              |
2021-07-20T15:44:47.175645900Z      diabcat |
2021-07-20T15:44:47.175959800Z T1DM, con..  |   1.424582    .543252     0.93   0.353     .6746664    3.008055
2021-07-20T15:44:47.176365300Z T1DM, unc..  |   .4591537   .5603081    -0.64   0.524     .0419983    5.019779
2021-07-20T15:44:47.176622400Z T2DM, con..  |   .9301158   .1957277    -0.34   0.731     .6157658    1.404942
2021-07-20T15:44:47.176894900Z T2DM, unc..  |   1.956773   .5714265     2.30   0.022     1.103998    3.468267
2021-07-20T15:44:47.177264800Z Diabetes,..  |   2.53e-14   2.34e-14   -33.84   0.000     4.12e-15    1.55e-13
2021-07-20T15:44:47.177277100Z              |
2021-07-20T15:44:47.177281400Z cancer_exh~t |
2021-07-20T15:44:47.177659500Z   Last year  |   .9504206   1.083002    -0.04   0.964      .101853    8.868657
2021-07-20T15:44:47.177970600Z 2-5 years..  |   .2991412    .301782    -1.20   0.232     .0414153    2.160688
2021-07-20T15:44:47.178349300Z    5+ years  |   .7875246   .1678545    -1.12   0.262     .5186058    1.195889
2021-07-20T15:44:47.178363300Z              |
2021-07-20T15:44:47.178367900Z cancer_hae~t |
2021-07-20T15:44:47.178605900Z   Last year  |   8.43e-15   7.31e-15   -37.38   0.000     1.54e-15    4.61e-14
2021-07-20T15:44:47.178945100Z 2-5 years..  |   .4277414   .4290483    -0.85   0.397     .0598934    3.054805
2021-07-20T15:44:47.179263300Z    5+ years  |   1.058583   .1983015     0.30   0.761     .7332827    1.528193
2021-07-20T15:44:47.179275200Z              |
2021-07-20T15:44:47.179749300Z 1.~r_disease |   1.472219   .2489094     2.29   0.022     1.056961    2.050623
2021-07-20T15:44:47.180104700Z 1.stroke_d~a |   1.174556   .1900569     0.99   0.320     .8553414    1.612903
2021-07-20T15:44:47.180410100Z 1.other_ne~o |   1.177183   .2170952     0.88   0.376     .8200986    1.689748
2021-07-20T15:44:47.180423600Z              |
2021-07-20T15:44:47.180428800Z reduced_ki~t |
2021-07-20T15:44:47.180783800Z Stage 3a/..  |    1.75463   1.746735     0.56   0.572     .2493526    12.34688
2021-07-20T15:44:47.181105300Z       1.esrd |    1.11543   .1523101     0.80   0.424     .8535169    1.457714
2021-07-20T15:44:47.181536000Z 1.other_tr~t |   1.057773   .2059547     0.29   0.773     .7222016    1.549268
2021-07-20T15:44:47.182245300Z   1.asplenia |   1.415545   .2541271     1.94   0.053     .9956593    2.012502
2021-07-20T15:44:47.182258200Z 1.ra_sle_p~s |   1.088746   .1824522     0.51   0.612     .7839391    1.512068
2021-07-20T15:44:47.184306600Z 1.other_im~o |   .9178686   .1616557    -0.49   0.627     .6499295    1.296268
2021-07-20T15:44:47.184336900Z ------------------------------------------------------------------------------
2021-07-20T15:44:47.184583600Z                                                              Stratified by stp
2021-07-20T15:44:47.195694300Z (note: file ./output/an_multivariate_cox_models_non_covid_death_gp_number_kids_
2021-07-20T15:44:47.195734500Z > MAINFULLYADJMODEL_ageband_0MAIN.ster not found)
2021-07-20T15:44:47.195738400Z file ./output/an_multivariate_cox_models_non_covid_death_gp_number_kids_MAINFUL
2021-07-20T15:44:47.195741100Z > LYADJMODEL_ageband_0MAIN.ster saved
2021-07-20T15:44:47.205796300Z (804 observations deleted)
2021-07-20T15:44:57.671675600Z    1:     10.47 /        1 =      10.4670
2021-07-20T15:44:57.671710500Z 
2021-07-20T15:44:57.671717500Z -------------------------------------------------------------------------------
2021-07-20T15:44:57.671721000Z active results
2021-07-20T15:44:57.671724100Z -------------------------------------------------------------------------------
2021-07-20T15:44:57.674088400Z 
2021-07-20T15:44:57.674126500Z Stratified Cox regr. -- Breslow method for ties
2021-07-20T15:44:57.676523300Z 
2021-07-20T15:44:57.676549300Z No. of subjects      =       15,402             Number of obs    =      15,402
2021-07-20T15:44:57.676556600Z No. of failures      =        1,929
2021-07-20T15:44:57.676561800Z Time at risk         =      2750452
2021-07-20T15:44:57.676566700Z                                                 Wald chi2(42)    =       32.49
2021-07-20T15:44:57.676571800Z Log pseudolikelihood =   -13801.199             Prob > chi2      =      0.8542
2021-07-20T15:44:57.676576900Z 
2021-07-20T15:44:57.692365600Z                        (Std. Err. adjusted for 1,101 clusters in household_id)
2021-07-20T15:44:57.692391600Z ------------------------------------------------------------------------------
2021-07-20T15:44:57.692397300Z              |               Robust
2021-07-20T15:44:57.692402000Z           _t | Haz. Ratio   Std. Err.      z    P>|z|     [95% Conf. Interval]
2021-07-20T15:44:57.692407500Z -------------+----------------------------------------------------------------
2021-07-20T15:44:57.692443200Z    kids_cat4 |
2021-07-20T15:44:57.692653500Z only <12 ..  |   .9478343   .1594159    -0.32   0.750      .681662     1.31794
2021-07-20T15:44:57.693001200Z  only 12-18  |   .9775512   .2009709    -0.11   0.912     .6533476    1.462631
2021-07-20T15:44:57.693223300Z       mixed  |   .9876033   .1509246    -0.08   0.935     .7319858    1.332485
2021-07-20T15:44:57.693326000Z              |
2021-07-20T15:44:57.693643900Z         age1 |   1.000884   .0083104     0.11   0.915     .9847274    1.017305
2021-07-20T15:44:57.694088600Z         age2 |   .9880907   .0254022    -0.47   0.641     .9395368    1.039154
2021-07-20T15:44:57.694400400Z         age3 |   1.035357   .0747491     0.48   0.630     .8987445    1.192734
2021-07-20T15:44:57.694754800Z       1.male |   .9251929   .0410014    -1.75   0.079     .8482228    1.009147
2021-07-20T15:44:57.694768700Z              |
2021-07-20T15:44:57.694773900Z    obese4cat |
2021-07-20T15:44:57.695131500Z Obese I ..)  |   1.032852   .0674063     0.50   0.620     .9088388    1.173788
2021-07-20T15:44:57.695439500Z Obese II..)  |   .9654099   .0844796    -0.40   0.687     .8132538    1.146034
2021-07-20T15:44:57.695693200Z Obese II..)  |   .9710554   .0978334    -0.29   0.771     .7970506    1.183047
2021-07-20T15:44:57.695705900Z              |
2021-07-20T15:44:57.695710600Z smoke_nomiss |
2021-07-20T15:44:57.695969500Z      Former  |     1.1868   .1798189     1.13   0.258     .8818753    1.597159
2021-07-20T15:44:57.696294300Z     Current  |   .9448935   .0685657    -0.78   0.435     .8196262    1.089306
2021-07-20T15:44:57.696308800Z              |
2021-07-20T15:44:57.696314400Z          imd |
2021-07-20T15:44:57.696617100Z           4  |   1.023385   .0569221     0.42   0.678     .9176863    1.141259
2021-07-20T15:44:57.696979300Z 5 most de..  |   .9758031   .0770058    -0.31   0.756     .8359674     1.13903
2021-07-20T15:44:57.696993900Z              |
2021-07-20T15:44:57.696999400Z tot_adults~h |
2021-07-20T15:44:57.697244600Z           2  |   .5488648    .226043    -1.46   0.145      .244855    1.230331
2021-07-20T15:44:57.697609100Z           3  |   .6604551   .1853726    -1.48   0.139     .3810072    1.144863
2021-07-20T15:44:57.697620700Z              |
2021-07-20T15:44:57.697624100Z    ethnicity |
2021-07-20T15:44:57.697887800Z Asian or ..  |   1.022765   .0802362     0.29   0.774     .8769983    1.192759
2021-07-20T15:44:57.698260400Z       Other  |   .9516004   .0768058    -0.61   0.539      .812367    1.114697
2021-07-20T15:44:57.698274200Z              |
2021-07-20T15:44:57.698861000Z 1.htdiag_o~p |   .9204957   .0740992    -1.03   0.303     .7861414    1.077812
2021-07-20T15:44:57.699134600Z 1.~y_disease |   .9939155   .0553004    -0.11   0.913     .8912295    1.108433
2021-07-20T15:44:57.699513800Z     1.asthma |   1.001888   .0831521     0.02   0.982     .8514776    1.178867
2021-07-20T15:44:57.699891700Z 1.~c_disease |   .9308819    .052825    -1.26   0.207     .8328969    1.040394
2021-07-20T15:44:57.699903800Z              |
2021-07-20T15:44:57.699908900Z      diabcat |
2021-07-20T15:44:57.700237700Z T1DM, con..  |   .9490851   .1379469    -0.36   0.719     .7138146      1.2619
2021-07-20T15:44:57.700484600Z T1DM, unc..  |   1.108799   .3259837     0.35   0.725     .6231637    1.972894
2021-07-20T15:44:57.700716300Z T2DM, con..  |   .9718673    .059271    -0.47   0.640     .8623726    1.095264
2021-07-20T15:44:57.700978500Z T2DM, unc..  |   1.071694   .1398756     0.53   0.596     .8297998    1.384102
2021-07-20T15:44:57.701297700Z Diabetes,..  |   .6556068   .6292861    -0.44   0.660     .0999114    4.302013
2021-07-20T15:44:57.701308800Z              |
2021-07-20T15:44:57.701313900Z cancer_exh~t |
2021-07-20T15:44:57.701649900Z   Last year  |   1.222623   .4000884     0.61   0.539     .6437949     2.32187
2021-07-20T15:44:57.701914100Z 2-5 years..  |   .7996171    .152928    -1.17   0.242     .5496528    1.163257
2021-07-20T15:44:57.702284100Z    5+ years  |   .9336483   .0565114    -1.13   0.257     .8292057    1.051246
2021-07-20T15:44:57.702295100Z              |
2021-07-20T15:44:57.702300100Z cancer_hae~t |
2021-07-20T15:44:57.702624900Z   Last year  |   .4523355   .2252059    -1.59   0.111     .1704786    1.200194
2021-07-20T15:44:57.702911700Z 2-5 years..  |   1.054735   .1839561     0.31   0.760     .7493511    1.484571
2021-07-20T15:44:57.703285800Z    5+ years  |   1.010837   .0613871     0.18   0.859      .897405    1.138606
2021-07-20T15:44:57.703296700Z              |
2021-07-20T15:44:57.703638200Z 1.~r_disease |   1.080035   .0609425     1.36   0.172     .9669581    1.206336
2021-07-20T15:44:57.703951700Z 1.stroke_d~a |   1.046581   .0572789     0.83   0.405      .940128    1.165088
2021-07-20T15:44:57.704327400Z 1.other_ne~o |   .9442506   .0541823    -1.00   0.317     .8438092    1.056648
2021-07-20T15:44:57.704339100Z              |
2021-07-20T15:44:57.704344100Z reduced_ki~t |
2021-07-20T15:44:57.704762200Z Stage 3a/..  |   .9268568   .3515103    -0.20   0.841     .4407523    1.949085
2021-07-20T15:44:57.705079800Z       1.esrd |   .9488282    .045995    -1.08   0.279     .8628297    1.043398
2021-07-20T15:44:57.706025800Z 1.other_tr~t |   1.010399   .0560874     0.19   0.852     .9062383    1.126531
2021-07-20T15:44:57.706040100Z   1.asplenia |     1.0069   .0575526     0.12   0.904     .9001882    1.126262
2021-07-20T15:44:57.706399200Z 1.ra_sle_p~s |   .9907499   .0559039    -0.16   0.869     .8870218    1.106608
2021-07-20T15:44:57.707700800Z 1.other_im~o |   1.081848   .0534548     1.59   0.111     .9819914    1.191858
2021-07-20T15:44:57.707713400Z ------------------------------------------------------------------------------
2021-07-20T15:44:57.707934500Z                                                              Stratified by stp
2021-07-20T15:44:57.717123100Z (note: file ./output/an_sense_non_covid_death_plus_eth_12mo_ageband_0MAIN.ster 
2021-07-20T15:44:57.717146500Z > not found)
2021-07-20T15:44:57.717151300Z file ./output/an_sense_non_covid_death_plus_eth_12mo_ageband_0MAIN.ster saved
2021-07-20T15:45:02.154382400Z    1:      4.44 /        1 =       4.4350
2021-07-20T15:45:02.154419100Z 
2021-07-20T15:45:02.154426000Z -------------------------------------------------------------------------------
2021-07-20T15:45:02.154431700Z active results
2021-07-20T15:45:02.154436800Z -------------------------------------------------------------------------------
2021-07-20T15:45:02.156299100Z 
2021-07-20T15:45:02.156352800Z Stratified Cox regr. -- Breslow method for ties
2021-07-20T15:45:02.156362200Z 
2021-07-20T15:45:02.156398700Z No. of subjects      =        4,494             Number of obs    =       4,494
2021-07-20T15:45:02.156407900Z No. of failures      =          582
2021-07-20T15:45:02.156551200Z Time at risk         =       797461
2021-07-20T15:45:02.156568600Z                                                 Wald chi2(42)    =     1337.90
2021-07-20T15:45:02.156776300Z Log pseudolikelihood =   -3439.1702             Prob > chi2      =      0.0000
2021-07-20T15:45:02.156791600Z 
2021-07-20T15:45:02.172802800Z                          (Std. Err. adjusted for 914 clusters in household_id)
2021-07-20T15:45:02.172842600Z ------------------------------------------------------------------------------
2021-07-20T15:45:02.172851500Z              |               Robust
2021-07-20T15:45:02.172856500Z           _t | Haz. Ratio   Std. Err.      z    P>|z|     [95% Conf. Interval]
2021-07-20T15:45:02.172861300Z -------------+----------------------------------------------------------------
2021-07-20T15:45:02.172866000Z    kids_cat4 |
2021-07-20T15:45:02.173069600Z only <12 ..  |   .8168228   .2818957    -0.59   0.558     .4153055    1.606527
2021-07-20T15:45:02.173307700Z  only 12-18  |   1.440999   .5536814     0.95   0.342     .6785828    3.060023
2021-07-20T15:45:02.173706600Z       mixed  |    1.08091   .3432967     0.24   0.806     .5800269    2.014331
2021-07-20T15:45:02.173721000Z              |
2021-07-20T15:45:02.174007300Z         age1 |   1.012785     .03433     0.37   0.708     .9476862    1.082356
2021-07-20T15:45:02.174292700Z         age2 |   .9573659   .1335585    -0.31   0.755     .7283331    1.258421
2021-07-20T15:45:02.174711600Z         age3 |   1.113148   .3739025     0.32   0.750     .5762848    2.150149
2021-07-20T15:45:02.175013900Z       1.male |   1.073456   .0914621     0.83   0.405     .9083622    1.268556
2021-07-20T15:45:02.175027600Z              |
2021-07-20T15:45:02.175033700Z    obese4cat |
2021-07-20T15:45:02.175340300Z Obese I ..)  |   1.058577   .1274738     0.47   0.636     .8360283    1.340369
2021-07-20T15:45:02.175639500Z Obese II..)  |   1.168524    .164603     1.11   0.269     .8866125    1.540073
2021-07-20T15:45:02.175987600Z Obese II..)  |   1.046373   .1928762     0.25   0.806     .7290976    1.501713
2021-07-20T15:45:02.176001500Z              |
2021-07-20T15:45:02.176007400Z smoke_nomiss |
2021-07-20T15:45:02.176310100Z      Former  |   1.020587   .2894934     0.07   0.943     .5853336    1.779494
2021-07-20T15:45:02.176758800Z     Current  |   1.114476   .1373435     0.88   0.379     .8753311    1.418958
2021-07-20T15:45:02.176770500Z              |
2021-07-20T15:45:02.176786500Z          imd |
2021-07-20T15:45:02.177172800Z           4  |    1.17678   .1148996     1.67   0.095     .9718175     1.42497
2021-07-20T15:45:02.177620400Z 5 most de..  |   .7298898   .1145817    -2.01   0.045     .5365762    .9928488
2021-07-20T15:45:02.177631700Z              |
2021-07-20T15:45:02.177636200Z tot_adults~h |
2021-07-20T15:45:02.177983400Z           2  |   1.566983   .9950831     0.71   0.479     .4513619    5.440062
2021-07-20T15:45:02.178367500Z           3  |   .9239672   .5500306    -0.13   0.894     .2877019     2.96736
2021-07-20T15:45:02.178380300Z              |
2021-07-20T15:45:02.178384800Z    ethnicity |
2021-07-20T15:45:02.178741600Z Asian or ..  |   .9202819   .1296129    -0.59   0.555     .6982924    1.212843
2021-07-20T15:45:02.179011100Z       Other  |   .9459475    .123593    -0.43   0.671     .7322394    1.222028
2021-07-20T15:45:02.179022200Z              |
2021-07-20T15:45:02.179500700Z 1.htdiag_o~p |   .8966788   .1178915    -0.83   0.407     .6929862    1.160244
2021-07-20T15:45:02.179849400Z 1.~y_disease |   .9693637   .0985671    -0.31   0.760     .7942087    1.183147
2021-07-20T15:45:02.180190700Z     1.asthma |   .9154653   .1451646    -0.56   0.578     .6709151    1.249155
2021-07-20T15:45:02.180558800Z 1.~c_disease |   .9960054   .0970733    -0.04   0.967     .8228134    1.205652
2021-07-20T15:45:02.180570000Z              |
2021-07-20T15:45:02.180574600Z      diabcat |
2021-07-20T15:45:02.180863800Z T1DM, con..  |   1.050351   .3205094     0.16   0.872     .5775563     1.91018
2021-07-20T15:45:02.181162500Z T1DM, unc..  |   .7425854   .5205848    -0.42   0.671      .187939    2.934107
2021-07-20T15:45:02.181525800Z T2DM, con..  |   1.090458   .1201865     0.79   0.432     .8786022    1.353398
2021-07-20T15:45:02.181880600Z T2DM, unc..  |   1.271122   .2465084     1.24   0.216     .8691884    1.858919
2021-07-20T15:45:02.182584700Z Diabetes,..  |   2.02e-16   2.08e-16   -35.06   0.000     2.67e-17    1.52e-15
2021-07-20T15:45:02.182598500Z              |
2021-07-20T15:45:02.182603500Z cancer_exh~t |
2021-07-20T15:45:02.183115400Z   Last year  |   .5571552   .5706411    -0.57   0.568     .0748465    4.147448
2021-07-20T15:45:02.183500700Z 2-5 years..  |   1.043119   .3411672     0.13   0.897       .54946    1.980303
2021-07-20T15:45:02.183964800Z    5+ years  |   .8792013   .0966148    -1.17   0.241     .7088435    1.090501
2021-07-20T15:45:02.183979500Z              |
2021-07-20T15:45:02.183984900Z cancer_hae~t |
2021-07-20T15:45:02.184453800Z   Last year  |   .8843327   .8119269    -0.13   0.893     .1462538    5.347171
2021-07-20T15:45:02.184760600Z 2-5 years..  |   .9292476   .3315038    -0.21   0.837     .4618172     1.86979
2021-07-20T15:45:02.185251800Z    5+ years  |   1.050097   .1099383     0.47   0.641     .8552911    1.289272
2021-07-20T15:45:02.185280000Z              |
2021-07-20T15:45:02.185758400Z 1.~r_disease |   1.003693   .1058675     0.03   0.972     .8162398    1.234195
2021-07-20T15:45:02.186154800Z 1.stroke_d~a |   .9056072   .0971171    -0.92   0.355     .7339343    1.117436
2021-07-20T15:45:02.186583200Z 1.other_ne~o |   .9710643   .1060136    -0.27   0.788     .7840073    1.202751
2021-07-20T15:45:02.186623300Z              |
2021-07-20T15:45:02.186629800Z reduced_ki~t |
2021-07-20T15:45:02.187023600Z Stage 3a/..  |    1.04509   .2241296     0.21   0.837     .6864448    1.591117
2021-07-20T15:45:02.187521800Z       1.esrd |   .9389989   .0806568    -0.73   0.464     .7935052     1.11117
2021-07-20T15:45:02.187911700Z 1.other_tr~t |   .9553122   .1062697    -0.41   0.681     .7681694    1.188047
2021-07-20T15:45:02.188285500Z   1.asplenia |   1.081665   .1128093     0.75   0.452     .8816962    1.326986
2021-07-20T15:45:02.188697500Z 1.ra_sle_p~s |   .9589973   .1005749    -0.40   0.690      .780814    1.177843
2021-07-20T15:45:02.190200300Z 1.other_im~o |   1.069781   .0883892     0.82   0.414     .9098415    1.257837
2021-07-20T15:45:02.190217000Z ------------------------------------------------------------------------------
2021-07-20T15:45:02.190439500Z                                                              Stratified by stp
2021-07-20T15:45:02.203528300Z (note: file ./output/an_multivariate_cox_models_non_covid_death_kids_cat4_MAINF
2021-07-20T15:45:02.203554900Z > ULLYADJMODEL_ageband_1MAIN.ster not found)
2021-07-20T15:45:02.203560800Z file ./output/an_multivariate_cox_models_non_covid_death_kids_cat4_MAINFULLYADJ
2021-07-20T15:45:02.203565100Z > MODEL_ageband_1MAIN.ster saved
2021-07-20T15:45:05.560604700Z 
2021-07-20T15:45:05.560681300Z       Test of proportional-hazards assumption
2021-07-20T15:45:05.560693300Z 
2021-07-20T15:45:05.560698500Z       Time:  Time
2021-07-20T15:45:05.560703200Z       ----------------------------------------------------------------
2021-07-20T15:45:05.560708200Z                   |       rho            chi2       df       Prob>chi2
2021-07-20T15:45:05.560713400Z       ------------+---------------------------------------------------
2021-07-20T15:45:05.563983900Z       0b.kids_cat4|            .            .        1             .
2021-07-20T15:45:05.565502900Z       1.kids_cat4 |      0.05113         2.58        1         0.1082
2021-07-20T15:45:05.568349100Z       2.kids_cat4 |      0.02907         0.77        1         0.3798
2021-07-20T15:45:05.570703700Z       3.kids_cat4 |      0.04114         1.78        1         0.1816
2021-07-20T15:45:05.573026200Z       age1        |     -0.02484         0.36        1         0.5481
2021-07-20T15:45:05.575110600Z       age2        |      0.02917         0.51        1         0.4768
2021-07-20T15:45:05.577118600Z       age3        |     -0.02712         0.43        1         0.5099
2021-07-20T15:45:05.578534900Z       0b.male     |            .            .        1             .
2021-07-20T15:45:05.582893800Z       1.male      |      0.02702         0.52        1         0.4710
2021-07-20T15:45:05.582915600Z       1b.obese4cat|            .            .        1             .
2021-07-20T15:45:05.584443900Z       2.obese4cat |      0.01624         0.18        1         0.6753
2021-07-20T15:45:05.586685400Z       3.obese4cat |      0.05338         2.09        1         0.1487
2021-07-20T15:45:05.589043700Z       4.obese4cat |      0.00934         0.07        1         0.7963
2021-07-20T15:45:05.595932300Z       1b.smoke_n~s|            .            .        1             .
2021-07-20T15:45:05.595953200Z       2.smoke_no~s|     -0.00930         0.06        1         0.8038
2021-07-20T15:45:05.595957000Z       3.smoke_no~s|      0.00931         0.06        1         0.8050
2021-07-20T15:45:05.602821600Z       1b.imd      |            .            .        1             .
2021-07-20T15:45:05.602844700Z       4.imd       |     -0.00383         0.01        1         0.9203
2021-07-20T15:45:05.602850700Z       5.imd       |      0.04295         1.31        1         0.2522
2021-07-20T15:45:05.604276100Z       1b.tot_adu~h|            .            .        1             .
2021-07-20T15:45:05.612117900Z       2.tot_adul~h|      0.01239         0.10        1         0.7471
2021-07-20T15:45:05.612140100Z       3.tot_adul~h|     -0.01637         0.22        1         0.6393
2021-07-20T15:45:05.612145800Z       1b.ethnicity|            .            .        1             .
2021-07-20T15:45:05.613524400Z       3.ethnicity |      0.01237         0.11        1         0.7381
2021-07-20T15:45:05.615127000Z       5.ethnicity |      0.09316         5.44        1         0.0197
2021-07-20T15:45:05.618667500Z       0b.htdiag_~p|            .            .        1             .
2021-07-20T15:45:05.621489700Z       1.htdiag_o~p|      0.00252         0.00        1         0.9495
2021-07-20T15:45:05.625685900Z       0b.chronic..|            .            .        1             .
2021-07-20T15:45:05.627707800Z       1.~y_disease|      0.02427         0.39        1         0.5347
2021-07-20T15:45:05.630281100Z       0b.asthma   |            .            .        1             .
2021-07-20T15:45:05.632522300Z       1.asthma    |     -0.01166         0.09        1         0.7676
2021-07-20T15:45:05.634982000Z       0b.chronic..|            .            .        1             .
2021-07-20T15:45:05.637214700Z       1.~c_disease|     -0.01214         0.09        1         0.7664
2021-07-20T15:45:05.639467500Z       1b.diabcat  |            .            .        1             .
2021-07-20T15:45:05.641764700Z       2.diabcat   |     -0.05303         2.13        1         0.1449
2021-07-20T15:45:05.644657300Z       3.diabcat   |      0.00381         0.01        1         0.9227
2021-07-20T15:45:05.647787300Z       4.diabcat   |     -0.00802         0.05        1         0.8273
2021-07-20T15:45:05.649658800Z       5.diabcat   |      0.05925         2.36        1         0.1243
2021-07-20T15:45:05.651376800Z       6.diabcat   |      0.01936         0.02        1         0.8972
2021-07-20T15:45:05.653562600Z       1b.c~exhae~t|            .            .        1             .
2021-07-20T15:45:05.655999900Z       2.cancer_e~t|     -0.01281         0.12        1         0.7299
2021-07-20T15:45:05.658267200Z       3.cancer_e~t|      0.00110         0.00        1         0.9773
2021-07-20T15:45:05.661152600Z       4.cancer_e~t|      0.03453         0.80        1         0.3721
2021-07-20T15:45:05.663264200Z       1b.cancer_..|            .            .        1             .
2021-07-20T15:45:05.665302900Z       2.cancer_h~t|      0.06937         2.60        1         0.1066
2021-07-20T15:45:05.667286600Z       3.cancer_h~t|      0.01386         0.13        1         0.7197
2021-07-20T15:45:05.669468800Z       4.cancer_h~t|     -0.01311         0.11        1         0.7412
2021-07-20T15:45:05.671741100Z       0b.chronic..|            .            .        1             .
2021-07-20T15:45:05.675805700Z       1.~r_disease|     -0.06433         2.94        1         0.0862
2021-07-20T15:45:05.679247700Z       0b.stroke_~a|            .            .        1             .
2021-07-20T15:45:05.682265100Z       1.stroke_d~a|     -0.06961         3.42        1         0.0645
2021-07-20T15:45:05.685604900Z       0b.other_n~o|            .            .        1             .
2021-07-20T15:45:05.688658500Z       1.other_ne~o|      0.01064         0.09        1         0.7676
2021-07-20T15:45:05.691135100Z       1b.reduced~t|            .            .        1             .
2021-07-20T15:45:05.693829900Z       2.reduced_~t|      0.00271         0.01        1         0.9412
2021-07-20T15:45:05.696310500Z       0b.esrd     |            .            .        1             .
2021-07-20T15:45:05.698566900Z       1.esrd      |     -0.01763         0.22        1         0.6422
2021-07-20T15:45:05.701374400Z       0b.other_t~t|            .            .        1             .
2021-07-20T15:45:05.703060700Z       1.other_tr~t|     -0.02210         0.37        1         0.5428
2021-07-20T15:45:05.704821000Z       0b.asplenia |            .            .        1             .
2021-07-20T15:45:05.706400300Z       1.asplenia  |     -0.07233         3.52        1         0.0608
2021-07-20T15:45:05.709061900Z       0b.ra_sle_~s|            .            .        1             .
2021-07-20T15:45:05.711662300Z       1.ra_sle_p~s|     -0.02341         0.37        1         0.5428
2021-07-20T15:45:05.714057200Z       0b.other_i~o|            .            .        1             .
2021-07-20T15:45:05.716539500Z       1.other_im~o|     -0.01391         0.12        1         0.7264
2021-07-20T15:45:05.717429600Z       ------------+---------------------------------------------------
2021-07-20T15:45:05.751176400Z       global test |                     30.98       42         0.8948
2021-07-20T15:45:05.751218200Z       ----------------------------------------------------------------
2021-07-20T15:45:05.751224100Z 
2021-07-20T15:45:05.751228500Z note: robust variance-covariance matrix used.
2021-07-20T15:45:05.757637800Z    1:      3.55 /        1 =       3.5490
2021-07-20T15:45:06.307365000Z    1:      0.55 /        1 =       0.5540
2021-07-20T15:45:06.307398800Z 
2021-07-20T15:45:06.307423700Z -------------------------------------------------------------------------------
2021-07-20T15:45:06.307430300Z active results
2021-07-20T15:45:06.307435200Z -------------------------------------------------------------------------------
2021-07-20T15:45:06.309951900Z 
2021-07-20T15:45:06.309971300Z Stratified Cox regr. -- no ties
2021-07-20T15:45:06.310009700Z 
2021-07-20T15:45:06.310018000Z No. of subjects      =          400             Number of obs    =         400
2021-07-20T15:45:06.310023800Z No. of failures      =           41
2021-07-20T15:45:06.310029100Z Time at risk         =        72182
2021-07-20T15:45:06.310199400Z                                                 Wald chi2(38)    =    39748.10
2021-07-20T15:45:06.310213900Z Log pseudolikelihood =    -118.1092             Prob > chi2      =      0.0000
2021-07-20T15:45:06.310220800Z 
2021-07-20T15:45:06.324972000Z                          (Std. Err. adjusted for 128 clusters in household_id)
2021-07-20T15:45:06.325002500Z ------------------------------------------------------------------------------
2021-07-20T15:45:06.325009300Z              |               Robust
2021-07-20T15:45:06.325014100Z           _t | Haz. Ratio   Std. Err.      z    P>|z|     [95% Conf. Interval]
2021-07-20T15:45:06.325019300Z -------------+----------------------------------------------------------------
2021-07-20T15:45:06.325024100Z gp_number_~s |
2021-07-20T15:45:06.326011200Z 2 childre..  |   .7470784   .4242029    -0.51   0.608     .2454938    2.273484
2021-07-20T15:45:06.326386100Z 3 childre..  |   .4005271   .3459844    -1.06   0.290     .0736792    2.177304
2021-07-20T15:45:06.326842400Z 4+ childr..  |   1.808514   .7063583     1.52   0.129      .841133    3.888472
2021-07-20T15:45:06.326857900Z              |
2021-07-20T15:45:06.327203100Z         age1 |   1.128485   .1617986     0.84   0.399     .8520263    1.494646
2021-07-20T15:45:06.327523600Z         age2 |   .6837476    .416934    -0.62   0.533     .2069437    2.259121
2021-07-20T15:45:06.327913800Z         age3 |   2.257166   3.332009     0.55   0.581     .1250337     40.7474
2021-07-20T15:45:06.328331900Z       1.male |   1.082793   .3822985     0.23   0.822     .5420183      2.1631
2021-07-20T15:45:06.328346300Z              |
2021-07-20T15:45:06.328352400Z    obese4cat |
2021-07-20T15:45:06.328656900Z Obese I ..)  |   1.518995   .8270428     0.77   0.443     .5225226    4.415781
2021-07-20T15:45:06.328967200Z Obese II..)  |   5.407677   2.722966     3.35   0.001     2.015576    14.50849
2021-07-20T15:45:06.329325600Z Obese II..)  |   2.118751   1.320554     1.20   0.228     .6245278    7.188002
2021-07-20T15:45:06.329341200Z              |
2021-07-20T15:45:06.329347000Z smoke_nomiss |
2021-07-20T15:45:06.329686700Z      Former  |   6.43e-18   8.99e-18   -28.31   0.000     4.15e-19    9.97e-17
2021-07-20T15:45:06.330037700Z     Current  |    2.57932   1.119983     2.18   0.029     1.101284    6.041029
2021-07-20T15:45:06.330051100Z              |
2021-07-20T15:45:06.330055600Z          imd |
2021-07-20T15:45:06.330403200Z           4  |    .966081   .3536106    -0.09   0.925     .4714676     1.97959
2021-07-20T15:45:06.330824400Z 5 most de..  |   .7786261   .4962921    -0.39   0.695     .2232429     2.71569
2021-07-20T15:45:06.330862900Z              |
2021-07-20T15:45:06.330872800Z tot_adults~h |
2021-07-20T15:45:06.331270500Z           2  |     .05563   .0799527    -2.01   0.044     .0033262    .9304121
2021-07-20T15:45:06.331667200Z           3  |   .0177723    .019065    -3.76   0.000     .0021709    .1454985
2021-07-20T15:45:06.331678000Z              |
2021-07-20T15:45:06.331681100Z    ethnicity |
2021-07-20T15:45:06.332136400Z Asian or ..  |   1.79e-19   7.80e-20   -99.26   0.000     7.65e-20    4.21e-19
2021-07-20T15:45:06.332549800Z       Other  |   1.129306   .6503668     0.21   0.833     .3652625     3.49155
2021-07-20T15:45:06.332562700Z              |
2021-07-20T15:45:06.333059500Z 1.htdiag_o~p |   2.656508   3.767328     0.69   0.491     .1648844     42.7999
2021-07-20T15:45:06.333418600Z 1.~y_disease |   1.293673   .5538937     0.60   0.548     .5589563    2.994136
2021-07-20T15:45:06.333790800Z     1.asthma |   1.568759   .6560713     1.08   0.282      .691154    3.560718
2021-07-20T15:45:06.334179500Z 1.~c_disease |   .6828784   .3229767    -0.81   0.420     .2702439    1.725563
2021-07-20T15:45:06.334194000Z              |
2021-07-20T15:45:06.334199500Z      diabcat |
2021-07-20T15:45:06.334608000Z T1DM, con..  |   4.868115   6.343747     1.21   0.225     .3785659    62.60084
2021-07-20T15:45:06.334918300Z T1DM, unc..  |   1.32e-19          .        .       .            .           .
2021-07-20T15:45:06.335287500Z T2DM, con..  |   .5484181   .2752557    -1.20   0.231     .2050626    1.466686
2021-07-20T15:45:06.335705500Z T2DM, unc..  |   1.66e-19   1.27e-19   -56.32   0.000     3.68e-20    7.47e-19
2021-07-20T15:45:06.335719600Z              |
2021-07-20T15:45:06.335725400Z cancer_exh~t |
2021-07-20T15:45:06.336119200Z   Last year  |   2.80e-19          .        .       .            .           .
2021-07-20T15:45:06.336461100Z 2-5 years..  |   .9479636   1.028527    -0.05   0.961     .1130446    7.949386
2021-07-20T15:45:06.336889200Z    5+ years  |   .3809367   .3062038    -1.20   0.230     .0788209    1.841043
2021-07-20T15:45:06.336903800Z              |
2021-07-20T15:45:06.336909700Z cancer_hae~t |
2021-07-20T15:45:06.337310000Z   Last year  |   5.56e-20          .        .       .            .           .
2021-07-20T15:45:06.337609400Z 2-5 years..  |   7.61e-20   1.31e-19   -25.67   0.000     2.64e-21    2.19e-18
2021-07-20T15:45:06.337977600Z    5+ years  |   1.128683   .4993211     0.27   0.784     .4742495    2.686194
2021-07-20T15:45:06.337991700Z              |
2021-07-20T15:45:06.338501900Z 1.~r_disease |   1.186583   .5539211     0.37   0.714     .4752696    2.962486
2021-07-20T15:45:06.338846400Z 1.stroke_d~a |   .5058825   .2931773    -1.18   0.240     .1624604    1.575259
2021-07-20T15:45:06.339260700Z 1.other_ne~o |   1.850871   .9703508     1.17   0.240     .6623985    5.171698
2021-07-20T15:45:06.339274500Z              |
2021-07-20T15:45:06.339280200Z reduced_ki~t |
2021-07-20T15:45:06.339692200Z Stage 3a/..  |   2.003565   1.074931     1.30   0.195     .7000454    5.734305
2021-07-20T15:45:06.340066300Z       1.esrd |   .8955551   .3419354    -0.29   0.773     .4237325    1.892748
2021-07-20T15:45:06.340656100Z 1.other_tr~t |    .554746   .2397672    -1.36   0.173     .2377911    1.294174
2021-07-20T15:45:06.340997200Z   1.asplenia |   .6406427    .395117    -0.72   0.470     .1912655    2.145829
2021-07-20T15:45:06.341370600Z 1.ra_sle_p~s |   .5812774   .3654933    -0.86   0.388     .1694995    1.993419
2021-07-20T15:45:06.343284400Z 1.other_im~o |   1.084339   .4455625     0.20   0.844     .4846189    2.426218
2021-07-20T15:45:06.343299200Z ------------------------------------------------------------------------------
2021-07-20T15:45:06.343590000Z                                                              Stratified by stp
2021-07-20T15:45:06.355116100Z (note: file ./output/an_multivariate_cox_models_non_covid_death_gp_number_kids_
2021-07-20T15:45:06.355184700Z > MAINFULLYADJMODEL_ageband_1MAIN.ster not found)
2021-07-20T15:45:06.355192700Z file ./output/an_multivariate_cox_models_non_covid_death_gp_number_kids_MAINFUL
2021-07-20T15:45:06.355198000Z > LYADJMODEL_ageband_1MAIN.ster saved
2021-07-20T15:45:06.361341600Z (229 observations deleted)
2021-07-20T15:45:11.195901400Z    1:      4.84 /        1 =       4.8370
2021-07-20T15:45:11.195929600Z 
2021-07-20T15:45:11.195936200Z -------------------------------------------------------------------------------
2021-07-20T15:45:11.195941700Z active results
2021-07-20T15:45:11.195946500Z -------------------------------------------------------------------------------
2021-07-20T15:45:11.198267600Z 
2021-07-20T15:45:11.198284400Z Stratified Cox regr. -- Breslow method for ties
2021-07-20T15:45:11.198411900Z 
2021-07-20T15:45:11.198444600Z No. of subjects      =        4,265             Number of obs    =       4,265
2021-07-20T15:45:11.198451100Z No. of failures      =          557
2021-07-20T15:45:11.198455200Z Time at risk         =       755876
2021-07-20T15:45:11.198629000Z                                                 Wald chi2(41)    =       30.87
2021-07-20T15:45:11.198795400Z Log pseudolikelihood =   -3260.4026             Prob > chi2      =      0.8753
2021-07-20T15:45:11.198833600Z 
2021-07-20T15:45:11.210824500Z                          (Std. Err. adjusted for 903 clusters in household_id)
2021-07-20T15:45:11.210848300Z ------------------------------------------------------------------------------
2021-07-20T15:45:11.210854500Z              |               Robust
2021-07-20T15:45:11.210859100Z           _t | Haz. Ratio   Std. Err.      z    P>|z|     [95% Conf. Interval]
2021-07-20T15:45:11.210863800Z -------------+----------------------------------------------------------------
2021-07-20T15:45:11.210868600Z    kids_cat4 |
2021-07-20T15:45:11.211069100Z only <12 ..  |   .7993543   .2755003    -0.65   0.516     .4067894    1.570757
2021-07-20T15:45:11.211248700Z  only 12-18  |   1.375408   .5361684     0.82   0.414     .6406371    2.952916
2021-07-20T15:45:11.212671000Z       mixed  |    1.02311   .3249953     0.07   0.943     .5489522    1.906822
2021-07-20T15:45:11.212686400Z              |
2021-07-20T15:45:11.213050700Z         age1 |   1.013781   .0350192     0.40   0.692     .9474165    1.084794
2021-07-20T15:45:11.213331400Z         age2 |   .9508421   .1361426    -0.35   0.725     .7181786     1.25888
2021-07-20T15:45:11.213787500Z         age3 |   1.124114    .389466     0.34   0.736     .5700313    2.216776
2021-07-20T15:45:11.214082700Z       1.male |   1.090721   .0964726     0.98   0.326     .9171201    1.297183
2021-07-20T15:45:11.214095000Z              |
2021-07-20T15:45:11.214099900Z    obese4cat |
2021-07-20T15:45:11.214419700Z Obese I ..)  |   1.100427   .1340875     0.79   0.432     .8666466    1.397271
2021-07-20T15:45:11.214731100Z Obese II..)  |   1.181708   .1719752     1.15   0.251     .8884515     1.57176
2021-07-20T15:45:11.215028900Z Obese II..)  |   1.032481   .1948032     0.17   0.865     .7133154    1.494453
2021-07-20T15:45:11.215042900Z              |
2021-07-20T15:45:11.215048100Z smoke_nomiss |
2021-07-20T15:45:11.215336500Z      Former  |    .995976   .2917059    -0.01   0.989     .5609771    1.768286
2021-07-20T15:45:11.215675100Z     Current  |   1.145982    .142656     1.09   0.274     .8978774    1.462643
2021-07-20T15:45:11.215689500Z              |
2021-07-20T15:45:11.215695300Z          imd |
2021-07-20T15:45:11.215994400Z           4  |   1.135797   .1127688     1.28   0.200     .9349502    1.379791
2021-07-20T15:45:11.216605800Z 5 most de..  |   .6382882   .1091483    -2.63   0.009     .4565202     .892429
2021-07-20T15:45:11.216634600Z              |
2021-07-20T15:45:11.216638600Z tot_adults~h |
2021-07-20T15:45:11.216976200Z           2  |   1.515813    .976839     0.65   0.519     .4286508     5.36028
2021-07-20T15:45:11.217475400Z           3  |   .9064991    .537433    -0.17   0.868      .283608    2.897452
2021-07-20T15:45:11.217490300Z              |
2021-07-20T15:45:11.217495600Z    ethnicity |
2021-07-20T15:45:11.217819100Z Asian or ..  |   .8824604    .130852    -0.84   0.399     .6599002    1.180082
2021-07-20T15:45:11.218309000Z       Other  |   .9223571   .1258368    -0.59   0.554     .7059437    1.205114
2021-07-20T15:45:11.218321100Z              |
2021-07-20T15:45:11.218901900Z 1.htdiag_o~p |   .9375277   .1282599    -0.47   0.637     .7170247    1.225841
2021-07-20T15:45:11.219294800Z 1.~y_disease |   .9730285   .0989444    -0.27   0.788     .7972038    1.187631
2021-07-20T15:45:11.219710400Z     1.asthma |   .9099517   .1473628    -0.58   0.560     .6624757    1.249876
2021-07-20T15:45:11.220176100Z 1.~c_disease |   1.045066   .1032163     0.45   0.655     .8611417    1.268274
2021-07-20T15:45:11.220192500Z              |
2021-07-20T15:45:11.220197700Z      diabcat |
2021-07-20T15:45:11.220453500Z T1DM, con..  |   1.003967   .3204703     0.01   0.990     .5370472    1.876836
2021-07-20T15:45:11.220807300Z T1DM, unc..  |    .720541    .505406    -0.47   0.640     .1822234    2.849137
2021-07-20T15:45:11.221113500Z T2DM, con..  |   1.099089   .1251028     0.83   0.407     .8793172    1.373789
2021-07-20T15:45:11.221351800Z T2DM, unc..  |   1.250206   .2431898     1.15   0.251     .8538977    1.830447
2021-07-20T15:45:11.221743400Z Diabetes,..  |   5.15e-19          .        .       .            .           .
2021-07-20T15:45:11.221756900Z              |
2021-07-20T15:45:11.221762100Z cancer_exh~t |
2021-07-20T15:45:11.222091500Z   Last year  |   .5470851   .5603072    -0.59   0.556      .073499    4.072194
2021-07-20T15:45:11.222345400Z 2-5 years..  |   1.074797   .3504778     0.22   0.825     .5672318    2.036538
2021-07-20T15:45:11.222669400Z    5+ years  |   .8816037   .0996517    -1.11   0.265     .7064122    1.100243
2021-07-20T15:45:11.222682700Z              |
2021-07-20T15:45:11.222688300Z cancer_hae~t |
2021-07-20T15:45:11.223007600Z   Last year  |   1.007678   .9134093     0.01   0.993     .1705104    5.955154
2021-07-20T15:45:11.223276600Z 2-5 years..  |   .8382954    .321197    -0.46   0.645     .3955988    1.776394
2021-07-20T15:45:11.223779900Z    5+ years  |   .9855526   .1086091    -0.13   0.895     .7941021     1.22316
2021-07-20T15:45:11.223793400Z              |
2021-07-20T15:45:11.224185500Z 1.~r_disease |   1.012765   .1096089     0.12   0.907     .8191914     1.25208
2021-07-20T15:45:11.224563900Z 1.stroke_d~a |   .8983357   .1003949    -0.96   0.337     .7216245     1.11832
2021-07-20T15:45:11.225060900Z 1.other_ne~o |   .9814362   .1089695    -0.17   0.866     .7895009    1.220033
2021-07-20T15:45:11.225073100Z              |
2021-07-20T15:45:11.225076400Z reduced_ki~t |
2021-07-20T15:45:11.225411600Z Stage 3a/..  |   1.039947    .229884     0.18   0.859     .6742948    1.603881
2021-07-20T15:45:11.225801900Z       1.esrd |   .9602833    .085526    -0.46   0.649     .8064707    1.143432
2021-07-20T15:45:11.226164200Z 1.other_tr~t |    .958277   .1086143    -0.38   0.707     .7673846    1.196655
2021-07-20T15:45:11.226471400Z   1.asplenia |   1.125558   .1205786     1.10   0.270     .9123904     1.38853
2021-07-20T15:45:11.226855500Z 1.ra_sle_p~s |   .9475132   .1019453    -0.50   0.616     .7673656    1.169952
2021-07-20T15:45:11.228775900Z 1.other_im~o |   1.042381   .0894137     0.48   0.628     .8810731    1.233222
2021-07-20T15:45:11.228788800Z ------------------------------------------------------------------------------
2021-07-20T15:45:11.229010800Z                                                              Stratified by stp
2021-07-20T15:45:11.239735300Z (note: file ./output/an_sense_non_covid_death_plus_eth_12mo_ageband_1MAIN.ster 
2021-07-20T15:45:11.239759800Z > not found)
2021-07-20T15:45:11.239765900Z file ./output/an_sense_non_covid_death_plus_eth_12mo_ageband_1MAIN.ster saved
2021-07-20T15:45:11.239925000Z 
2021-07-20T15:45:11.239939400Z . 
2021-07-20T15:45:11.239944500Z . log close
2021-07-20T15:45:11.239948700Z       name:  <unnamed>
2021-07-20T15:45:11.239968000Z        log:  /workspace/log/07b_an_multivariable_cox_models_non_covid_death_MAI
2021-07-20T15:45:11.239989300Z > N.log
2021-07-20T15:45:11.239994700Z   log type:  text
2021-07-20T15:45:11.239998800Z  closed on:  20 Jul 2021, 15:45:11
2021-07-20T15:45:11.240002700Z -------------------------------------------------------------------------------
2021-07-20T15:45:11.240007100Z 
2021-07-20T15:45:11.240010900Z . exit, clear
2021-07-20T15:45:11.240167700Z 
2021-07-20T15:45:11.240179300Z end of do-file
2021-07-20T15:45:11.240184000Z 
2021-07-20T15:45:11.240188300Z . . file open output using "/tmp/tmp.rigD62I3te", write text replace
2021-07-20T15:45:11.240436700Z 
2021-07-20T15:45:11.240450500Z . . file write output "success" 
2021-07-20T15:45:11.240455700Z 
2021-07-20T15:45:11.240459800Z . . file close output
2021-07-20T15:45:11.240649400Z 
2021-07-20T15:45:11.240663100Z . 
2021-07-20T15:45:11.240668500Z end of do-file
2021-07-20T15:45:11.240672800Z 
2021-07-20T15:45:11.240676600Z 
2021-07-20T15:45:11.271782600Z . 

state: succeeded
commit: none
docker_image_id: sha256:11980aa720220a1b39bf523f5a8a33270214c13876c30ee364e16265766f7f60
exit_code: 0
job_id: r2un2u5x5jew73s3
run_by_user: qc18278
created_at: 2021-07-20T15:38:48Z
started_at: 2021-07-20T15:44:19Z
completed_at: 2021-07-20T15:45:41Z

Completed successfully

outputs:
  log/07b_an_multivariable_cox_models_non_covid_death_MAIN.log                                           - moderately_sensitive
  output/an_multivariate_cox_models_non_covid_death_gp_number_kids_MAINFULLYADJMODEL_ageband_0MAIN.ster  - moderately_sensitive
  output/an_multivariate_cox_models_non_covid_death_gp_number_kids_MAINFULLYADJMODEL_ageband_1MAIN.ster  - moderately_sensitive
  output/an_multivariate_cox_models_non_covid_death_kids_cat4_MAINFULLYADJMODEL_ageband_0MAIN.ster       - moderately_sensitive
  output/an_multivariate_cox_models_non_covid_death_kids_cat4_MAINFULLYADJMODEL_ageband_1MAIN.ster       - moderately_sensitive
  output/an_sense_non_covid_death_plus_eth_12mo_ageband_0MAIN.ster                                       - moderately_sensitive
  output/an_sense_non_covid_death_plus_eth_12mo_ageband_1MAIN.ster                                       - moderately_sensitive