2021-07-20T15:46:34.315700000Z 
2021-07-20T15:46:34.315737000Z   ___  ____  ____  ____  ____ (R)
2021-07-20T15:46:34.315744100Z  /__    /   ____/   /   ____/
2021-07-20T15:46:34.315747300Z ___/   /   /___/   /   /___/   16.1   Copyright 1985-2019 StataCorp LLC
2021-07-20T15:46:34.315750300Z   Statistics/Data Analysis            StataCorp
2021-07-20T15:46:34.315752700Z                                       4905 Lakeway Drive
2021-07-20T15:46:34.315755400Z                                       College Station, Texas 77845 USA
2021-07-20T15:46:34.315757800Z                                       800-STATA-PC        http://www.stata.com
2021-07-20T15:46:34.315760300Z                                       979-696-4600        stata@stata.com
2021-07-20T15:46:34.315762800Z                                       979-696-4601 (fax)
2021-07-20T15:46:34.315765100Z 
2021-07-20T15:46:34.315767400Z 3-user Stata network license expires 11 May 2022:
2021-07-20T15:46:34.315770300Z        Serial number:  501709312237
2021-07-20T15:46:34.315772600Z          Licensed to:  The Bennett Institute
2021-07-20T15:46:34.315775200Z                        Oxford University
2021-07-20T15:46:34.316908800Z 
2021-07-20T15:46:34.316934400Z Notes:
2021-07-20T15:46:34.316939800Z       1.  Unicode is supported; see help unicode_advice.
2021-07-20T15:46:34.316944100Z 
2021-07-20T15:46:34.316947900Z . do "analysis/07b_an_multivariable_cox_models_FULL.wrapper.do" covidadmission 
2021-07-20T15:46:34.316952100Z > MAIN 
2021-07-20T15:46:34.316956800Z 
2021-07-20T15:46:34.316961100Z . . do "analysis/07b_an_multivariable_cox_models_FULL.do" covidadmission MAIN
2021-07-20T15:46:34.316965700Z 
2021-07-20T15:46:34.316969500Z . *****************************************************************************
2021-07-20T15:46:34.316973800Z > ***
2021-07-20T15:46:34.316977500Z . *
2021-07-20T15:46:34.316981200Z . *       Do-file:                07b_an_multivariable_cox_models.do
2021-07-20T15:46:34.316985100Z . *
2021-07-20T15:46:34.316988800Z . *       Project:                Exposure children and COVID risk
2021-07-20T15:46:34.316993000Z . *
2021-07-20T15:46:34.316996900Z . *       Programmed by:  Hforbes, based on files from Fizz & Krishnan
2021-07-20T15:46:34.317001100Z . *
2021-07-20T15:46:34.317004800Z . *       Data used:              analysis_dataset.dta
2021-07-20T15:46:34.317008600Z . *
2021-07-20T15:46:34.317012300Z . *       Data created:   None
2021-07-20T15:46:34.317016400Z . *
2021-07-20T15:46:34.317020100Z . *       Other output:   Log file:  an_multivariable_cox_models.log
2021-07-20T15:46:34.317024000Z . *
2021-07-20T15:46:34.317027800Z . *****************************************************************************
2021-07-20T15:46:34.317044200Z > ***
2021-07-20T15:46:34.317048600Z . *
2021-07-20T15:46:34.317052500Z . *       Purpose:                This do-file performs multivariable (fully ad
2021-07-20T15:46:34.317056600Z > justed) 
2021-07-20T15:46:34.317060400Z . *                                       Cox models. 
2021-07-20T15:46:34.317064300Z . *  
2021-07-20T15:46:34.317068000Z . *****************************************************************************
2021-07-20T15:46:34.317072400Z > ***
2021-07-20T15:46:34.317076200Z . *       
2021-07-20T15:46:34.317079900Z . *       Stata routines needed:  stbrier   
2021-07-20T15:46:34.317083700Z . *
2021-07-20T15:46:34.317087400Z . *****************************************************************************
2021-07-20T15:46:34.317091100Z > ***
2021-07-20T15:46:34.317094700Z . 
2021-07-20T15:46:34.317128000Z . * Set globals that will print in programs and direct output
2021-07-20T15:46:34.317133500Z . global outdir     "output" 
2021-07-20T15:46:34.317137600Z 
2021-07-20T15:46:34.317141800Z . global logdir     "log"
2021-07-20T15:46:34.317145600Z 
2021-07-20T15:46:34.317149200Z . global tempdir    "tempdata"
2021-07-20T15:46:34.317153100Z 
2021-07-20T15:46:34.317157100Z . global demogadjlist  age1 age2 age3 i.male i.obese4cat i.smoke_nomiss i.imd i
2021-07-20T15:46:34.317161500Z > .tot_adults_hh i.ethnicity
2021-07-20T15:46:34.317165900Z 
2021-07-20T15:46:34.317178200Z . global comordidadjlist  i.htdiag_or_highbp                              ///
2021-07-20T15:46:34.317287900Z >                         i.chronic_respiratory_disease   ///
2021-07-20T15:46:34.317298500Z >                         i.asthma                                             
2021-07-20T15:46:34.317303000Z >    ///
2021-07-20T15:46:34.317306800Z >                         i.chronic_cardiac_disease               ///
2021-07-20T15:46:34.317310700Z >                         i.diabcat                                            
2021-07-20T15:46:34.317314800Z >    ///
2021-07-20T15:46:34.317318500Z >                         i.cancer_exhaem_cat                             ///
2021-07-20T15:46:34.317322600Z >                         i.cancer_haem_cat                               ///
2021-07-20T15:46:34.317326900Z >                         i.chronic_liver_disease                 ///
2021-07-20T15:46:34.317331200Z >                         i.stroke_dementia                               ///
2021-07-20T15:46:34.317338400Z >                         i.other_neuro                                   ///
2021-07-20T15:46:34.317342900Z >                         i.reduced_kidney_function_cat   ///
2021-07-20T15:46:34.317354300Z >                         i.esrd                                               
2021-07-20T15:46:34.317358700Z >    ///
2021-07-20T15:46:34.317362400Z >                         i.other_transplant                              ///
2021-07-20T15:46:34.317366600Z >                         i.asplenia                                           
2021-07-20T15:46:34.317370900Z >    ///
2021-07-20T15:46:34.317374800Z >                         i.ra_sle_psoriasis                      ///
2021-07-20T15:46:34.317379300Z >                         i.other_immuno          
2021-07-20T15:46:34.317383500Z 
2021-07-20T15:46:34.317387200Z . 
2021-07-20T15:46:34.317390800Z . local outcome `1'
2021-07-20T15:46:34.317394600Z 
2021-07-20T15:46:34.317398300Z . local dataset `2'
2021-07-20T15:46:34.317402200Z 
2021-07-20T15:46:34.317406100Z . 
2021-07-20T15:46:34.317409900Z . *****************************************************************************
2021-07-20T15:46:34.317414800Z > *******
2021-07-20T15:46:34.317419200Z . *First clean up all old saved estimates for this outcome
2021-07-20T15:46:34.317423800Z . *This is to guard against accidentally displaying left-behind results from ol
2021-07-20T15:46:34.317427800Z > d runs
2021-07-20T15:46:34.317431800Z . *****************************************************************************
2021-07-20T15:46:34.317436200Z > *******
2021-07-20T15:46:34.317440200Z . 
2021-07-20T15:46:34.317444000Z . * Open a log file
2021-07-20T15:46:34.317447900Z . capture log close
2021-07-20T15:46:34.317451500Z 
2021-07-20T15:46:34.317455300Z . log using "$logdir/07b_an_multivariable_cox_models_`outcome'_`dataset'", text
2021-07-20T15:46:34.317459400Z >  replace
2021-07-20T15:46:34.317613000Z (note: file /workspace/log/07b_an_multivariable_cox_models_covidadmission_MAIN.
2021-07-20T15:46:34.317626900Z > log not found)
2021-07-20T15:46:34.317632500Z -------------------------------------------------------------------------------
2021-07-20T15:46:34.317637200Z       name:  <unnamed>
2021-07-20T15:46:34.317641400Z        log:  /workspace/log/07b_an_multivariable_cox_models_covidadmission_MAIN
2021-07-20T15:46:34.317646000Z > .log
2021-07-20T15:46:34.317650600Z   log type:  text
2021-07-20T15:46:34.317655900Z  opened on:  20 Jul 2021, 15:46:34
2021-07-20T15:46:34.317660800Z 
2021-07-20T15:46:34.317664900Z . 
2021-07-20T15:46:34.317669300Z . 
2021-07-20T15:46:34.317673200Z . *****************************************************************************
2021-07-20T15:46:34.317686600Z > ********
2021-07-20T15:46:34.317691200Z . *PROG TO DEFINE THE BASIC COX MODEL WITH OPTIONS FOR HANDLING OF AGE, BMI, ET
2021-07-20T15:46:34.317700100Z > HNICITY:
2021-07-20T15:46:34.317704600Z . cap prog drop basecoxmodel
2021-07-20T15:46:34.317708800Z 
2021-07-20T15:46:34.317712900Z . prog define basecoxmodel
2021-07-20T15:46:34.320648700Z   1.         syntax , exposure(string) age(string) 
2021-07-20T15:46:34.320686000Z   2. 
2021-07-20T15:46:34.320692300Z . timer clear
2021-07-20T15:46:34.320696100Z   3. timer on 1
2021-07-20T15:46:34.320699800Z   4.         capture stcox   `exposure'                              ///
2021-07-20T15:46:34.320703700Z >                         $demogadjlist                                   ///
2021-07-20T15:46:34.320708500Z >                         $comordidadjlist                                ///
2021-07-20T15:46:34.320712600Z >                         `if'                                                 
2021-07-20T15:46:34.320716900Z >    ///
2021-07-20T15:46:34.320720800Z >                         , strata(stp) vce(cluster household_id)
2021-07-20T15:46:34.320724400Z   5. timer off 1
2021-07-20T15:46:34.320728400Z   6. timer list
2021-07-20T15:46:34.320731900Z   7. end
2021-07-20T15:46:34.320735400Z 
2021-07-20T15:46:34.320739000Z . *****************************************************************************
2021-07-20T15:46:34.320742600Z > ********
2021-07-20T15:46:34.320746300Z . 
2021-07-20T15:46:34.320749500Z . 
2021-07-20T15:46:34.320752800Z . * Open dataset and fit specified model(s)
2021-07-20T15:46:34.320756100Z . forvalues x=0/1 {
2021-07-20T15:46:34.320759500Z   2. 
2021-07-20T15:46:34.320763100Z . use "$tempdir/cr_create_analysis_dataset_STSET_`outcome'_ageband_`x'`dataset'
2021-07-20T15:46:34.320767500Z > .dta", clear
2021-07-20T15:46:34.320771500Z   3. 
2021-07-20T15:46:34.320775300Z . ******************************
2021-07-20T15:46:34.320779300Z . *  Multivariable Cox models  *
2021-07-20T15:46:34.320785200Z . ******************************
2021-07-20T15:46:34.320789200Z . 
2021-07-20T15:46:34.320792700Z . 
2021-07-20T15:46:34.321009500Z . 
2021-07-20T15:46:34.321024100Z . foreach exposure_type in kids_cat4  {
2021-07-20T15:46:34.321057500Z   4. 
2021-07-20T15:46:34.321066700Z . *Age spline model (not adj ethnicity)
2021-07-20T15:46:34.321225500Z . cap erase "./output/an_multivariate_cox_models_`outcome'_`exposure_type'_MAIN
2021-07-20T15:46:34.321243500Z > FULLYADJMODEL_ageband_`x'`dataset'"
2021-07-20T15:46:34.321308200Z   5. basecoxmodel, exposure("i.`exposure_type'") age("age1 age2 age3") 
2021-07-20T15:46:34.321318100Z   6. if _rc==0{
2021-07-20T15:46:34.321322000Z   7. estimates
2021-07-20T15:46:34.321325800Z   8. estimates save "./output/an_multivariate_cox_models_`outcome'_`exposure_ty
2021-07-20T15:46:34.321330000Z > pe'_MAINFULLYADJMODEL_ageband_`x'`dataset'", replace
2021-07-20T15:46:34.321334300Z   9.         *  Proportional Hazards test 
2021-07-20T15:46:34.321338000Z .         * Based on Schoenfeld residuals
2021-07-20T15:46:34.321341800Z .         timer clear 
2021-07-20T15:46:34.321345700Z  10.         timer on 1
2021-07-20T15:46:34.321349600Z  11.         if e(N_fail)>0 estat phtest, d
2021-07-20T15:46:34.321353700Z  12.         timer off 1
2021-07-20T15:46:34.321357800Z  13.         timer list 
2021-07-20T15:46:34.321362700Z  14.         
2021-07-20T15:46:34.321366900Z . }
2021-07-20T15:46:34.321370700Z  15. else di "WARNING AGE SPLINE MODEL DID NOT FIT (OUTCOME `outcome')"
2021-07-20T15:46:34.321375200Z  16. 
2021-07-20T15:46:34.321379200Z . }
2021-07-20T15:46:34.321382900Z  17. 
2021-07-20T15:46:34.321387000Z . foreach exposure_type in  gp_number_kids {
2021-07-20T15:46:34.321391200Z  18. *Age spline model (not adj ethnicity)
2021-07-20T15:46:34.321395300Z . cap erase "./output/an_multivariate_cox_models_`outcome'_`exposure_type'_MAIN
2021-07-20T15:46:34.321401300Z > FULLYADJMODEL_ageband_`x'`dataset'"
2021-07-20T15:46:34.321405400Z  19. basecoxmodel, exposure("i.`exposure_type'") age("age1 age2 age3") 
2021-07-20T15:46:34.321409200Z  20. if _rc==0{
2021-07-20T15:46:34.321413000Z  21. estimates
2021-07-20T15:46:34.321417000Z  22. estimates save "./output/an_multivariate_cox_models_`outcome'_`exposure_ty
2021-07-20T15:46:34.321421300Z > pe'_MAINFULLYADJMODEL_ageband_`x'`dataset'", replace
2021-07-20T15:46:34.321425600Z  23. }
2021-07-20T15:46:34.321429600Z  24. else di "WARNING AGE SPLINE MODEL DID NOT FIT (OUTCOME `outcome')"
2021-07-20T15:46:34.321433800Z  25. 
2021-07-20T15:46:34.321437500Z . }
2021-07-20T15:46:34.321441200Z  26. 
2021-07-20T15:46:34.321445300Z . 
2021-07-20T15:46:34.321449200Z . *SENSITIVITY ANALYSIS: 12 months FUP
2021-07-20T15:46:34.321453300Z . keep if has_12_m_follow_up == 1
2021-07-20T15:46:34.321457400Z  27. foreach exposure_type in kids_cat4   {
2021-07-20T15:46:34.321461300Z  28. 
2021-07-20T15:46:34.321465000Z . *Age spline model (not adj ethnicity)
2021-07-20T15:46:34.321469000Z . cap erase ./output/an_sense_`outcome'_plus_eth_12mo_ageband_`x'`dataset'
2021-07-20T15:46:34.321482100Z  29. basecoxmodel, exposure("i.`exposure_type'") age("age1 age2 age3")  
2021-07-20T15:46:34.321562600Z  30. if _rc==0{
2021-07-20T15:46:34.321580500Z  31. estimates
2021-07-20T15:46:34.321602200Z  32. estimates save ./output/an_sense_`outcome'_plus_eth_12mo_ageband_`x'`datas
2021-07-20T15:46:34.321640400Z > et', replace
2021-07-20T15:46:34.321663000Z  33. *estat concordance /*c-statistic*/
2021-07-20T15:46:34.321669600Z . }
2021-07-20T15:46:34.321674200Z  34. else di "WARNING 12 MO FUP MODEL W/ AGE SPLINE  DID NOT FIT (OUTCOME `outc
2021-07-20T15:46:34.321678600Z > ome')"
2021-07-20T15:46:34.321682900Z  35. }       
2021-07-20T15:46:34.321687800Z  36. }
2021-07-20T15:46:45.590071800Z    1:     11.27 /        1 =      11.2670
2021-07-20T15:46:45.592444500Z 
2021-07-20T15:46:45.592463700Z -------------------------------------------------------------------------------
2021-07-20T15:46:45.592470600Z active results
2021-07-20T15:46:45.592475600Z -------------------------------------------------------------------------------
2021-07-20T15:46:45.594750400Z 
2021-07-20T15:46:45.594770900Z Stratified Cox regr. -- Breslow method for ties
2021-07-20T15:46:45.594777000Z 
2021-07-20T15:46:45.594781800Z No. of subjects      =       16,206             Number of obs    =      16,206
2021-07-20T15:46:45.594786800Z No. of failures      =        4,348
2021-07-20T15:46:45.596464900Z Time at risk         =      2522495
2021-07-20T15:46:45.596479300Z                                                 Wald chi2(42)    =       50.40
2021-07-20T15:46:45.596484800Z Log pseudolikelihood =    -30516.06             Prob > chi2      =      0.1752
2021-07-20T15:46:45.596490400Z 
2021-07-20T15:46:45.662228500Z                        (Std. Err. adjusted for 1,106 clusters in household_id)
2021-07-20T15:46:45.662259300Z ------------------------------------------------------------------------------
2021-07-20T15:46:45.662267000Z              |               Robust
2021-07-20T15:46:45.662272900Z           _t | Haz. Ratio   Std. Err.      z    P>|z|     [95% Conf. Interval]
2021-07-20T15:46:45.662279400Z -------------+----------------------------------------------------------------
2021-07-20T15:46:45.662284800Z    kids_cat4 |
2021-07-20T15:46:45.675240700Z only <12 ..  |   .9558832   .0960958    -0.45   0.654     .7849333    1.164064
2021-07-20T15:46:45.675540100Z  only 12-18  |   .8117146   .1286312    -1.32   0.188     .5949969    1.107368
2021-07-20T15:46:45.675863100Z       mixed  |   .8349896   .0774567    -1.94   0.052     .6961784    1.001479
2021-07-20T15:46:45.675882200Z              |
2021-07-20T15:46:45.676152100Z         age1 |   1.003416    .005496     0.62   0.534     .9927015    1.014246
2021-07-20T15:46:45.676457200Z         age2 |   .9930964   .0167999    -0.41   0.682      .960709    1.026576
2021-07-20T15:46:45.676779200Z         age3 |   1.011517   .0477543     0.24   0.808     .9221204    1.109581
2021-07-20T15:46:45.677195600Z       1.male |   1.050596   .0327442     1.58   0.113     .9883393    1.116774
2021-07-20T15:46:45.677211900Z              |
2021-07-20T15:46:45.677216900Z    obese4cat |
2021-07-20T15:46:45.677519400Z Obese I ..)  |   .9817829   .0433587    -0.42   0.677     .9003755    1.070551
2021-07-20T15:46:45.677856500Z Obese II..)  |   .8849197   .0518867    -2.09   0.037     .7888496    .9926898
2021-07-20T15:46:45.678220200Z Obese II..)  |    .926254   .0637565    -1.11   0.266     .8093562    1.060036
2021-07-20T15:46:45.678233700Z              |
2021-07-20T15:46:45.678238400Z smoke_nomiss |
2021-07-20T15:46:45.678572300Z      Former  |   1.060076    .111337     0.56   0.579     .8628539    1.302376
2021-07-20T15:46:45.679003200Z     Current  |   1.035205   .0471258     0.76   0.447     .9468413    1.131816
2021-07-20T15:46:45.679018400Z              |
2021-07-20T15:46:45.679022900Z          imd |
2021-07-20T15:46:45.679342200Z           4  |   .9924165   .0385205    -0.20   0.845     .9197181    1.070861
2021-07-20T15:46:45.679838600Z 5 most de..  |   1.019041   .0513558     0.37   0.708     .9231968    1.124835
2021-07-20T15:46:45.679849800Z              |
2021-07-20T15:46:45.679853300Z tot_adults~h |
2021-07-20T15:46:45.680269100Z           2  |   1.092094   .3218521     0.30   0.765     .6129168    1.945891
2021-07-20T15:46:45.680681000Z           3  |    1.19328   .2810172     0.75   0.453     .7521159    1.893216
2021-07-20T15:46:45.680693500Z              |
2021-07-20T15:46:45.680698600Z    ethnicity |
2021-07-20T15:46:45.681071200Z Asian or ..  |    .898156   .0482759    -2.00   0.046     .8083505    .9979387
2021-07-20T15:46:45.681501400Z       Other  |   .9578863   .0497195    -0.83   0.407     .8652308    1.060464
2021-07-20T15:46:45.681513500Z              |
2021-07-20T15:46:45.682008800Z 1.htdiag_o~p |   1.022973   .0582368     0.40   0.690     .9149686    1.143727
2021-07-20T15:46:45.682393400Z 1.~y_disease |   .9918266    .037813    -0.22   0.830     .9204158    1.068778
2021-07-20T15:46:45.682768200Z     1.asthma |   1.000739   .0566738     0.01   0.990      .895603    1.118217
2021-07-20T15:46:45.683094700Z 1.~c_disease |   1.056705   .0406024     1.44   0.151     .9800489    1.139358
2021-07-20T15:46:45.683105800Z              |
2021-07-20T15:46:45.683108900Z      diabcat |
2021-07-20T15:46:45.683427000Z T1DM, con..  |   1.049087   .0963828     0.52   0.602     .8762119     1.25607
2021-07-20T15:46:45.683692200Z T1DM, unc..  |   1.070368   .2112343     0.34   0.730     .7270275    1.575852
2021-07-20T15:46:45.683962900Z T2DM, con..  |   1.036201   .0417986     0.88   0.378     .9574316     1.12145
2021-07-20T15:46:45.684248400Z T2DM, unc..  |    .946832   .0784953    -0.66   0.510     .8048328    1.113885
2021-07-20T15:46:45.684614600Z Diabetes,..  |   1.977347   .7924485     1.70   0.089     .9014726     4.33724
2021-07-20T15:46:45.684638400Z              |
2021-07-20T15:46:45.684646000Z cancer_exh~t |
2021-07-20T15:46:45.684985800Z   Last year  |   1.032523    .228633     0.14   0.885     .6689855    1.593611
2021-07-20T15:46:45.685268700Z 2-5 years..  |   .8370572   .1073061    -1.39   0.165     .6510822    1.076154
2021-07-20T15:46:45.685664700Z    5+ years  |   .9457832   .0374291    -1.41   0.159     .8751965    1.022063
2021-07-20T15:46:45.685701000Z              |
2021-07-20T15:46:45.685709900Z cancer_hae~t |
2021-07-20T15:46:45.686083800Z   Last year  |   .9007245   .2067246    -0.46   0.649      .574425    1.412377
2021-07-20T15:46:45.686446900Z 2-5 years..  |   .8317647    .106371    -1.44   0.150     .6473569    1.068703
2021-07-20T15:46:45.686936100Z    5+ years  |   .9737485   .0387116    -0.67   0.503     .9007559    1.052656
2021-07-20T15:46:45.686950200Z              |
2021-07-20T15:46:45.687402900Z 1.~r_disease |   .9749573   .0375695    -0.66   0.510     .9040344    1.051444
2021-07-20T15:46:45.687759500Z 1.stroke_d~a |   .9829001   .0374749    -0.45   0.651     .9121279    1.059163
2021-07-20T15:46:45.688191600Z 1.other_ne~o |   .9958498   .0373501    -0.11   0.912     .9252709    1.071812
2021-07-20T15:46:45.688205600Z              |
2021-07-20T15:46:45.688210200Z reduced_ki~t |
2021-07-20T15:46:45.688724500Z Stage 3a/..  |   .8944573   .2301671    -0.43   0.665     .5401611    1.481139
2021-07-20T15:46:45.689437600Z       1.esrd |   .9467868   .0301774    -1.72   0.086     .8894499     1.00782
2021-07-20T15:46:45.689887700Z 1.other_tr~t |   1.082888   .0392922     2.19   0.028     1.008551    1.162704
2021-07-20T15:46:45.690330800Z   1.asplenia |   .9692869   .0377552    -0.80   0.423     .8980421    1.046184
2021-07-20T15:46:45.690913900Z 1.ra_sle_p~s |   .9791027   .0374646    -0.55   0.581     .9083594    1.055356
2021-07-20T15:46:45.700339500Z 1.other_im~o |   1.001559   .0322603     0.05   0.961     .9402842    1.066826
2021-07-20T15:46:45.700364800Z ------------------------------------------------------------------------------
2021-07-20T15:46:45.700556700Z                                                              Stratified by stp
2021-07-20T15:46:45.732488600Z (note: file ./output/an_multivariate_cox_models_covidadmission_kids_cat4_MAINFU
2021-07-20T15:46:45.732511900Z > LLYADJMODEL_ageband_0MAIN.ster not found)
2021-07-20T15:46:45.732518000Z file ./output/an_multivariate_cox_models_covidadmission_kids_cat4_MAINFULLYADJM
2021-07-20T15:46:45.732523000Z > ODEL_ageband_0MAIN.ster saved
2021-07-20T15:47:05.703051100Z 
2021-07-20T15:47:05.703076200Z       Test of proportional-hazards assumption
2021-07-20T15:47:05.703089900Z 
2021-07-20T15:47:05.703094100Z       Time:  Time
2021-07-20T15:47:05.703098100Z       ----------------------------------------------------------------
2021-07-20T15:47:05.703101900Z                   |       rho            chi2       df       Prob>chi2
2021-07-20T15:47:05.703106400Z       ------------+---------------------------------------------------
2021-07-20T15:47:05.721187800Z       0b.kids_cat4|            .            .        1             .
2021-07-20T15:47:05.726958500Z       1.kids_cat4 |      0.00768         0.27        1         0.6025
2021-07-20T15:47:05.732988900Z       2.kids_cat4 |      0.00950         0.57        1         0.4498
2021-07-20T15:47:05.740279400Z       3.kids_cat4 |      0.00485         0.11        1         0.7412
2021-07-20T15:47:05.745541500Z       age1        |      0.00024         0.00        1         0.9874
2021-07-20T15:47:05.751036000Z       age2        |     -0.00783         0.27        1         0.6016
2021-07-20T15:47:05.757337900Z       age3        |      0.01275         0.73        1         0.3935
2021-07-20T15:47:05.762774800Z       0b.male     |            .            .        1             .
2021-07-20T15:47:05.773427100Z       1.male      |     -0.00250         0.03        1         0.8626
2021-07-20T15:47:05.784111200Z       1b.obese4cat|            .            .        1             .
2021-07-20T15:47:05.794617900Z       2.obese4cat |      0.02895         4.03        1         0.0447
2021-07-20T15:47:05.804368500Z       3.obese4cat |     -0.02126         2.14        1         0.1434
2021-07-20T15:47:05.810484000Z       4.obese4cat |      0.03182         4.71        1         0.0300
2021-07-20T15:47:05.816731000Z       1b.smoke_n~s|            .            .        1             .
2021-07-20T15:47:05.822611000Z       2.smoke_no~s|      0.00406         0.07        1         0.7873
2021-07-20T15:47:05.831418000Z       3.smoke_no~s|      0.02528         2.90        1         0.0885
2021-07-20T15:47:05.843346000Z       1b.imd      |            .            .        1             .
2021-07-20T15:47:05.853527100Z       4.imd       |      0.01526         1.13        1         0.2887
2021-07-20T15:47:05.861287300Z       5.imd       |      0.01889         1.60        1         0.2062
2021-07-20T15:47:05.871272500Z       1b.tot_adu~h|            .            .        1             .
2021-07-20T15:47:05.880516700Z       2.tot_adul~h|      0.00903         0.39        1         0.5328
2021-07-20T15:47:05.889710800Z       3.tot_adul~h|      0.02109         2.24        1         0.1343
2021-07-20T15:47:05.900048900Z       1b.ethnicity|            .            .        1             .
2021-07-20T15:47:05.909915800Z       3.ethnicity |      0.00614         0.18        1         0.6690
2021-07-20T15:47:05.917538900Z       5.ethnicity |     -0.01182         0.70        1         0.4020
2021-07-20T15:47:05.928121600Z       0b.htdiag_~p|            .            .        1             .
2021-07-20T15:47:05.934150000Z       1.htdiag_o~p|     -0.02587         3.04        1         0.0813
2021-07-20T15:47:05.941739700Z       0b.chronic..|            .            .        1             .
2021-07-20T15:47:05.949046200Z       1.~y_disease|      0.00385         0.07        1         0.7915
2021-07-20T15:47:05.955896400Z       0b.asthma   |            .            .        1             .
2021-07-20T15:47:05.965447300Z       1.asthma    |      0.02741         3.51        1         0.0609
2021-07-20T15:47:05.974926600Z       0b.chronic..|            .            .        1             .
2021-07-20T15:47:05.985204000Z       1.~c_disease|     -0.01408         0.97        1         0.3244
2021-07-20T15:47:05.997112900Z       1b.diabcat  |            .            .        1             .
2021-07-20T15:47:06.007882000Z       2.diabcat   |     -0.00291         0.04        1         0.8412
2021-07-20T15:47:06.018864100Z       3.diabcat   |     -0.00213         0.02        1         0.8856
2021-07-20T15:47:06.025867900Z       4.diabcat   |      0.00501         0.12        1         0.7330
2021-07-20T15:47:06.041604500Z       5.diabcat   |     -0.00311         0.04        1         0.8338
2021-07-20T15:47:06.050146400Z       6.diabcat   |     -0.00097         0.00        1         0.9486
2021-07-20T15:47:06.056575700Z       1b.c~exhae~t|            .            .        1             .
2021-07-20T15:47:06.064548100Z       2.cancer_e~t|      0.01739         1.38        1         0.2400
2021-07-20T15:47:06.074299900Z       3.cancer_e~t|     -0.01999         1.93        1         0.1644
2021-07-20T15:47:06.084077100Z       4.cancer_e~t|     -0.02751         3.49        1         0.0618
2021-07-20T15:47:06.096124000Z       1b.cancer_..|            .            .        1             .
2021-07-20T15:47:06.109348500Z       2.cancer_h~t|      0.00991         0.47        1         0.4950
2021-07-20T15:47:06.120981900Z       3.cancer_h~t|      0.02494         2.80        1         0.0941
2021-07-20T15:47:06.134226100Z       4.cancer_h~t|     -0.00649         0.19        1         0.6627
2021-07-20T15:47:06.142904400Z       0b.chronic..|            .            .        1             .
2021-07-20T15:47:06.152851900Z       1.~r_disease|     -0.01329         0.84        1         0.3588
2021-07-20T15:47:06.163611300Z       0b.stroke_~a|            .            .        1             .
2021-07-20T15:47:06.173841200Z       1.stroke_d~a|      0.00707         0.24        1         0.6252
2021-07-20T15:47:06.186359500Z       0b.other_n~o|            .            .        1             .
2021-07-20T15:47:06.195490600Z       1.other_ne~o|      0.00250         0.03        1         0.8649
2021-07-20T15:47:06.208441800Z       1b.reduced~t|            .            .        1             .
2021-07-20T15:47:06.220896000Z       2.reduced_~t|      0.00360         0.06        1         0.8082
2021-07-20T15:47:06.234046200Z       0b.esrd     |            .            .        1             .
2021-07-20T15:47:06.246706700Z       1.esrd      |      0.00093         0.00        1         0.9492
2021-07-20T15:47:06.260047800Z       0b.other_t~t|            .            .        1             .
2021-07-20T15:47:06.271824700Z       1.other_tr~t|     -0.01827         1.50        1         0.2209
2021-07-20T15:47:06.282018000Z       0b.asplenia |            .            .        1             .
2021-07-20T15:47:06.289957600Z       1.asplenia  |      0.01752         1.51        1         0.2192
2021-07-20T15:47:06.300092300Z       0b.ra_sle_~s|            .            .        1             .
2021-07-20T15:47:06.316100000Z       1.ra_sle_p~s|      0.01575         1.19        1         0.2756
2021-07-20T15:47:06.324601000Z       0b.other_i~o|            .            .        1             .
2021-07-20T15:47:06.331662000Z       1.other_im~o|     -0.01636         1.31        1         0.2523
2021-07-20T15:47:06.332406700Z       ------------+---------------------------------------------------
2021-07-20T15:47:06.550512900Z       global test |                     46.52       42         0.2914
2021-07-20T15:47:06.550536800Z       ----------------------------------------------------------------
2021-07-20T15:47:06.550542400Z 
2021-07-20T15:47:06.550546900Z note: robust variance-covariance matrix used.
2021-07-20T15:47:06.558681700Z    1:     20.82 /        1 =      20.8220
2021-07-20T15:47:08.103379300Z    1:      1.55 /        1 =       1.5470
2021-07-20T15:47:08.103413600Z 
2021-07-20T15:47:08.103419800Z -------------------------------------------------------------------------------
2021-07-20T15:47:08.103424200Z active results
2021-07-20T15:47:08.103428200Z -------------------------------------------------------------------------------
2021-07-20T15:47:08.105854700Z 
2021-07-20T15:47:08.105875400Z Stratified Cox regr. -- Breslow method for ties
2021-07-20T15:47:08.106084600Z 
2021-07-20T15:47:08.106120500Z No. of subjects      =        1,546             Number of obs    =       1,546
2021-07-20T15:47:08.106126000Z No. of failures      =          460
2021-07-20T15:47:08.106130000Z Time at risk         =       238588
2021-07-20T15:47:08.106133800Z                                                 Wald chi2(42)    =     4391.11
2021-07-20T15:47:08.106224700Z Log pseudolikelihood =   -2120.4543             Prob > chi2      =      0.0000
2021-07-20T15:47:08.106276300Z 
2021-07-20T15:47:08.121413700Z                          (Std. Err. adjusted for 179 clusters in household_id)
2021-07-20T15:47:08.121438700Z ------------------------------------------------------------------------------
2021-07-20T15:47:08.121444500Z              |               Robust
2021-07-20T15:47:08.121449100Z           _t | Haz. Ratio   Std. Err.      z    P>|z|     [95% Conf. Interval]
2021-07-20T15:47:08.121467900Z -------------+----------------------------------------------------------------
2021-07-20T15:47:08.121473600Z gp_number_~s |
2021-07-20T15:47:08.121720300Z 2 childre..  |   1.050801   .1423031     0.37   0.714     .8058377    1.370228
2021-07-20T15:47:08.121966200Z 3 childre..  |   1.028001   .1308958     0.22   0.828     .8009578    1.319403
2021-07-20T15:47:08.122236200Z 4+ childr..  |   1.077388    .132605     0.61   0.545     .8464591    1.371317
2021-07-20T15:47:08.122249200Z              |
2021-07-20T15:47:08.122490200Z         age1 |   1.029896   .0164759     1.84   0.066     .9981047      1.0627
2021-07-20T15:47:08.122722600Z         age2 |   .9242341   .0475939    -1.53   0.126     .8355049    1.022386
2021-07-20T15:47:08.123029200Z         age3 |   1.200017   .1771325     1.24   0.217     .8985515    1.602625
2021-07-20T15:47:08.123327300Z       1.male |   .9433673   .1016438    -0.54   0.588     .7637787    1.165183
2021-07-20T15:47:08.123339900Z              |
2021-07-20T15:47:08.123343000Z    obese4cat |
2021-07-20T15:47:08.123627100Z Obese I ..)  |    1.18219   .1480772     1.34   0.181     .9248444    1.511145
2021-07-20T15:47:08.123913600Z Obese II..)  |    .620362   .1365276    -2.17   0.030     .4030093    .9549383
2021-07-20T15:47:08.124213300Z Obese II..)  |   1.279376    .241392     1.31   0.192     .8838817    1.851836
2021-07-20T15:47:08.124225900Z              |
2021-07-20T15:47:08.124230400Z smoke_nomiss |
2021-07-20T15:47:08.124464200Z      Former  |   .9739418   .3269726    -0.08   0.937     .5043905    1.880612
2021-07-20T15:47:08.124784100Z     Current  |   1.049882   .1491555     0.34   0.732     .7947147    1.386978
2021-07-20T15:47:08.124795300Z              |
2021-07-20T15:47:08.124800100Z          imd |
2021-07-20T15:47:08.125050300Z           4  |   .9957984   .1173161    -0.04   0.971     .7904793    1.254447
2021-07-20T15:47:08.125385100Z 5 most de..  |   1.112529   .1850383     0.64   0.521     .8030408    1.541293
2021-07-20T15:47:08.125397500Z              |
2021-07-20T15:47:08.125402000Z tot_adults~h |
2021-07-20T15:47:08.125817600Z           2  |   .7926585   .5003274    -0.37   0.713     .2300416    2.731278
2021-07-20T15:47:08.126165700Z           3  |   .5728076   .3078355    -1.04   0.300     .1997838    1.642318
2021-07-20T15:47:08.126180200Z              |
2021-07-20T15:47:08.126185100Z    ethnicity |
2021-07-20T15:47:08.126575300Z Asian or ..  |   .9302459   .1487742    -0.45   0.651     .6799315    1.272713
2021-07-20T15:47:08.126978900Z       Other  |    .724303   .1208893    -1.93   0.053      .522217    1.004592
2021-07-20T15:47:08.126993100Z              |
2021-07-20T15:47:08.127330400Z 1.htdiag_o~p |   1.200521   .2104229     1.04   0.297     .8514793    1.692642
2021-07-20T15:47:08.127740600Z 1.~y_disease |   1.003188   .1220031     0.03   0.979     .7904299    1.273215
2021-07-20T15:47:08.128102500Z     1.asthma |   .9371484   .1744457    -0.35   0.727     .6506707    1.349757
2021-07-20T15:47:08.128453400Z 1.~c_disease |   1.112101   .1288147     0.92   0.359     .8862361    1.395529
2021-07-20T15:47:08.128464000Z              |
2021-07-20T15:47:08.128467200Z      diabcat |
2021-07-20T15:47:08.128827800Z T1DM, con..  |   1.233026   .3445773     0.75   0.454     .7130141    2.132289
2021-07-20T15:47:08.129097400Z T1DM, unc..  |   1.037467   .6013534     0.06   0.949     .3331098    3.231182
2021-07-20T15:47:08.129412300Z T2DM, con..  |   .9813608   .1453035    -0.13   0.899     .7341706    1.311778
2021-07-20T15:47:08.129682000Z T2DM, unc..  |   .9854221   .2405142    -0.06   0.952     .6107559    1.589926
2021-07-20T15:47:08.130053300Z Diabetes,..  |   1.054288   .7099543     0.08   0.937     .2816846    3.945988
2021-07-20T15:47:08.130063500Z              |
2021-07-20T15:47:08.130066600Z cancer_exh~t |
2021-07-20T15:47:08.130433400Z   Last year  |   .4722854   .5051131    -0.70   0.483     .0580547    3.842125
2021-07-20T15:47:08.130711200Z 2-5 years..  |   .9346284   .4188327    -0.15   0.880     .3883221    2.249499
2021-07-20T15:47:08.131104100Z    5+ years  |   .7278623   .0969358    -2.39   0.017     .5606442     .944955
2021-07-20T15:47:08.131117500Z              |
2021-07-20T15:47:08.131123000Z cancer_hae~t |
2021-07-20T15:47:08.131490900Z   Last year  |   1.70e-15   1.04e-15   -55.36   0.000     5.10e-16    5.67e-15
2021-07-20T15:47:08.131795500Z 2-5 years..  |   .6740911   .3066814    -0.87   0.386     .2763503    1.644286
2021-07-20T15:47:08.132204600Z    5+ years  |   1.101365   .1538055     0.69   0.489     .8376468     1.44811
2021-07-20T15:47:08.132218100Z              |
2021-07-20T15:47:08.132619400Z 1.~r_disease |   1.037879   .1083326     0.36   0.722     .8458618    1.273486
2021-07-20T15:47:08.132970200Z 1.stroke_d~a |   1.180449    .137961     1.42   0.156     .9387842    1.484323
2021-07-20T15:47:08.133363700Z 1.other_ne~o |   .9370379   .1160831    -0.52   0.600     .7350345    1.194556
2021-07-20T15:47:08.133374700Z              |
2021-07-20T15:47:08.133379300Z reduced_ki~t |
2021-07-20T15:47:08.133808900Z Stage 3a/..  |   .4928904   .4972245    -0.70   0.483     .0682439    3.559891
2021-07-20T15:47:08.134217100Z       1.esrd |    1.04643   .0852881     0.56   0.578     .8919369    1.227684
2021-07-20T15:47:08.134560400Z 1.other_tr~t |   1.020939   .1099656     0.19   0.847       .82664    1.260906
2021-07-20T15:47:08.134925000Z   1.asplenia |   .8178951   .0985172    -1.67   0.095     .6459049    1.035683
2021-07-20T15:47:08.135334000Z 1.ra_sle_p~s |   .9643462   .1272382    -0.28   0.783     .7446005    1.248943
2021-07-20T15:47:08.137049600Z 1.other_im~o |   .8085395   .0869784    -1.98   0.048     .6548374    .9983181
2021-07-20T15:47:08.137074600Z ------------------------------------------------------------------------------
2021-07-20T15:47:08.137370300Z                                                              Stratified by stp
2021-07-20T15:47:08.148069300Z (note: file ./output/an_multivariate_cox_models_covidadmission_gp_number_kids_M
2021-07-20T15:47:08.148110800Z > AINFULLYADJMODEL_ageband_0MAIN.ster not found)
2021-07-20T15:47:08.148115300Z file ./output/an_multivariate_cox_models_covidadmission_gp_number_kids_MAINFULL
2021-07-20T15:47:08.148118100Z > YADJMODEL_ageband_0MAIN.ster saved
2021-07-20T15:47:08.158761600Z (804 observations deleted)
2021-07-20T15:47:17.578406600Z    1:      9.42 /        1 =       9.4220
2021-07-20T15:47:17.578440700Z 
2021-07-20T15:47:17.578446800Z -------------------------------------------------------------------------------
2021-07-20T15:47:17.578451200Z active results
2021-07-20T15:47:17.578455600Z -------------------------------------------------------------------------------
2021-07-20T15:47:17.580075300Z 
2021-07-20T15:47:17.580095600Z Stratified Cox regr. -- Breslow method for ties
2021-07-20T15:47:17.580102900Z 
2021-07-20T15:47:17.580108000Z No. of subjects      =       15,402             Number of obs    =      15,402
2021-07-20T15:47:17.580112900Z No. of failures      =        4,143
2021-07-20T15:47:17.580242700Z Time at risk         =      2396246
2021-07-20T15:47:17.580446600Z                                                 Wald chi2(42)    =       56.18
2021-07-20T15:47:17.580463200Z Log pseudolikelihood =   -28861.806             Prob > chi2      =      0.0706
2021-07-20T15:47:17.580469100Z 
2021-07-20T15:47:17.591759000Z                        (Std. Err. adjusted for 1,101 clusters in household_id)
2021-07-20T15:47:17.591784800Z ------------------------------------------------------------------------------
2021-07-20T15:47:17.591791100Z              |               Robust
2021-07-20T15:47:17.591796300Z           _t | Haz. Ratio   Std. Err.      z    P>|z|     [95% Conf. Interval]
2021-07-20T15:47:17.591801700Z -------------+----------------------------------------------------------------
2021-07-20T15:47:17.591806900Z    kids_cat4 |
2021-07-20T15:47:17.592179100Z only <12 ..  |   .9690533   .1023667    -0.30   0.766      .787826    1.191969
2021-07-20T15:47:17.592386400Z  only 12-18  |   .7920333   .1302549    -1.42   0.156     .5737966    1.093274
2021-07-20T15:47:17.592562000Z       mixed  |   .8342135   .0815026    -1.86   0.064     .6888345    1.010275
2021-07-20T15:47:17.592575100Z              |
2021-07-20T15:47:17.592773700Z         age1 |    1.00169   .0055446     0.31   0.760     .9908818    1.012617
2021-07-20T15:47:17.592987800Z         age2 |   1.000922   .0171358     0.05   0.957     .9678942    1.035078
2021-07-20T15:47:17.593304700Z         age3 |   .9871086   .0472606    -0.27   0.786     .8986927    1.084223
2021-07-20T15:47:17.593567500Z       1.male |   1.050948   .0337325     1.55   0.122     .9868702    1.119187
2021-07-20T15:47:17.593580000Z              |
2021-07-20T15:47:17.593583300Z    obese4cat |
2021-07-20T15:47:17.593786700Z Obese I ..)  |   .9886929    .044833    -0.25   0.802     .9046134    1.080587
2021-07-20T15:47:17.593977800Z Obese II..)  |   .9017467   .0542223    -1.72   0.085     .8014964    1.014536
2021-07-20T15:47:17.594421800Z Obese II..)  |   .9265853   .0657522    -1.07   0.283      .806274    1.064849
2021-07-20T15:47:17.594436300Z              |
2021-07-20T15:47:17.594441200Z smoke_nomiss |
2021-07-20T15:47:17.594723700Z      Former  |   1.053165    .113086     0.48   0.630     .8532899    1.299858
2021-07-20T15:47:17.595116900Z     Current  |   1.026485   .0491016     0.55   0.585     .9346207    1.127378
2021-07-20T15:47:17.595129000Z              |
2021-07-20T15:47:17.595133200Z          imd |
2021-07-20T15:47:17.595481400Z           4  |   .9780138   .0398449    -0.55   0.585     .9029559    1.059311
2021-07-20T15:47:17.595916300Z 5 most de..  |   1.014551    .051796     0.28   0.777     .9179468    1.121322
2021-07-20T15:47:17.595929500Z              |
2021-07-20T15:47:17.595934000Z tot_adults~h |
2021-07-20T15:47:17.596301600Z           2  |   1.126002   .3333348     0.40   0.689     .6303105    2.011517
2021-07-20T15:47:17.596697000Z           3  |   1.153648   .2731139     0.60   0.546     .7253711    1.834789
2021-07-20T15:47:17.596711200Z              |
2021-07-20T15:47:17.596716000Z    ethnicity |
2021-07-20T15:47:17.597056500Z Asian or ..  |   .9005098   .0492243    -1.92   0.055     .8090204    1.002345
2021-07-20T15:47:17.597444700Z       Other  |   .9615972   .0507245    -0.74   0.458     .8671458    1.066336
2021-07-20T15:47:17.597458000Z              |
2021-07-20T15:47:17.597888000Z 1.htdiag_o~p |   1.014628   .0590534     0.25   0.803     .9052435    1.137231
2021-07-20T15:47:17.598281500Z 1.~y_disease |   .9824786   .0388232    -0.45   0.655     .9092586    1.061595
2021-07-20T15:47:17.598588900Z     1.asthma |   1.014208   .0585856     0.24   0.807     .9056444    1.135786
2021-07-20T15:47:17.598837700Z 1.~c_disease |   1.068786   .0423995     1.68   0.094     .9888336    1.155204
2021-07-20T15:47:17.598848100Z              |
2021-07-20T15:47:17.598852700Z      diabcat |
2021-07-20T15:47:17.599093700Z T1DM, con..  |   1.051907   .0979144     0.54   0.587     .8764862    1.262436
2021-07-20T15:47:17.599351600Z T1DM, unc..  |   1.067034   .2111661     0.33   0.743     .7239778    1.572646
2021-07-20T15:47:17.599650100Z T2DM, con..  |   1.052656   .0438414     1.23   0.218     .9701415    1.142188
2021-07-20T15:47:17.599836600Z T2DM, unc..  |   .9253246   .0796601    -0.90   0.367     .7816551    1.095401
2021-07-20T15:47:17.600089400Z Diabetes,..  |   1.957782   .7798261     1.69   0.092     .8968352    4.273817
2021-07-20T15:47:17.600101600Z              |
2021-07-20T15:47:17.600106000Z cancer_exh~t |
2021-07-20T15:47:17.600308900Z   Last year  |   1.157538   .2525936     0.67   0.503     .7547258    1.775339
2021-07-20T15:47:17.600618900Z 2-5 years..  |   .8346004   .1065177    -1.42   0.157     .6498934    1.071803
2021-07-20T15:47:17.600962500Z    5+ years  |   .9362174   .0377234    -1.64   0.102     .8651252    1.013152
2021-07-20T15:47:17.600974000Z              |
2021-07-20T15:47:17.600977300Z cancer_hae~t |
2021-07-20T15:47:17.601263700Z   Last year  |   .9355127   .2192952    -0.28   0.776     .5909054     1.48109
2021-07-20T15:47:17.601511500Z 2-5 years..  |   .8549329   .1123816    -1.19   0.233     .6607557    1.106173
2021-07-20T15:47:17.601838700Z    5+ years  |   .9735561   .0394319    -0.66   0.508      .899259    1.053992
2021-07-20T15:47:17.601849000Z              |
2021-07-20T15:47:17.602202600Z 1.~r_disease |   .9730846   .0380039    -0.70   0.485     .9013779    1.050496
2021-07-20T15:47:17.602456100Z 1.stroke_d~a |    .973425   .0381512    -0.69   0.492     .9014498    1.051147
2021-07-20T15:47:17.602782200Z 1.other_ne~o |   .9929184   .0386678    -0.18   0.855      .919951    1.071673
2021-07-20T15:47:17.602792200Z              |
2021-07-20T15:47:17.602794900Z reduced_ki~t |
2021-07-20T15:47:17.603148500Z Stage 3a/..  |   .9602939    .247007    -0.16   0.875       .58004    1.589829
2021-07-20T15:47:17.603453900Z       1.esrd |   .9377026   .0309853    -1.95   0.052     .8788973    1.000442
2021-07-20T15:47:17.603713000Z 1.other_tr~t |   1.094489   .0399967     2.47   0.013     1.018838    1.175757
2021-07-20T15:47:17.604011700Z   1.asplenia |   .9569515   .0383424    -1.10   0.272     .8846769    1.035131
2021-07-20T15:47:17.604321100Z 1.ra_sle_p~s |   .9807909   .0382979    -0.50   0.619     .9085288      1.0588
2021-07-20T15:47:17.605602900Z 1.other_im~o |     1.0063   .0336638     0.19   0.851     .9424372    1.074491
2021-07-20T15:47:17.605619700Z ------------------------------------------------------------------------------
2021-07-20T15:47:17.605861900Z                                                              Stratified by stp
2021-07-20T15:47:17.614504000Z (note: file ./output/an_sense_covidadmission_plus_eth_12mo_ageband_0MAIN.ster n
2021-07-20T15:47:17.614531800Z > ot found)
2021-07-20T15:47:17.614535700Z file ./output/an_sense_covidadmission_plus_eth_12mo_ageband_0MAIN.ster saved
2021-07-20T15:47:21.280720000Z    1:      3.66 /        1 =       3.6640
2021-07-20T15:47:21.280742200Z 
2021-07-20T15:47:21.280746300Z -------------------------------------------------------------------------------
2021-07-20T15:47:21.280749500Z active results
2021-07-20T15:47:21.280752200Z -------------------------------------------------------------------------------
2021-07-20T15:47:21.282876600Z 
2021-07-20T15:47:21.282894300Z Stratified Cox regr. -- Breslow method for ties
2021-07-20T15:47:21.283043100Z 
2021-07-20T15:47:21.283061000Z No. of subjects      =        4,494             Number of obs    =       4,494
2021-07-20T15:47:21.283066000Z No. of failures      =        1,185
2021-07-20T15:47:21.283116300Z Time at risk         =       694299
2021-07-20T15:47:21.283125800Z                                                 Wald chi2(42)    =      971.18
2021-07-20T15:47:21.283300800Z Log pseudolikelihood =   -6773.5803             Prob > chi2      =      0.0000
2021-07-20T15:47:21.283314200Z 
2021-07-20T15:47:21.294511400Z                          (Std. Err. adjusted for 914 clusters in household_id)
2021-07-20T15:47:21.294529900Z ------------------------------------------------------------------------------
2021-07-20T15:47:21.294535800Z              |               Robust
2021-07-20T15:47:21.294540000Z           _t | Haz. Ratio   Std. Err.      z    P>|z|     [95% Conf. Interval]
2021-07-20T15:47:21.294544500Z -------------+----------------------------------------------------------------
2021-07-20T15:47:21.294549100Z    kids_cat4 |
2021-07-20T15:47:21.294685200Z only <12 ..  |   .7957673   .1525279    -1.19   0.233     .5465538    1.158615
2021-07-20T15:47:21.294964200Z  only 12-18  |    .815658   .1869696    -0.89   0.374     .5204644    1.278277
2021-07-20T15:47:21.295140600Z       mixed  |   .8852494   .1470003    -0.73   0.463     .6393212    1.225779
2021-07-20T15:47:21.295153200Z              |
2021-07-20T15:47:21.295363500Z         age1 |   .9860263   .0255767    -0.54   0.587     .9371498    1.037452
2021-07-20T15:47:21.295589300Z         age2 |   1.096847   .1200871     0.84   0.398     .8850206    1.359374
2021-07-20T15:47:21.295940100Z         age3 |    .785064   .2090442    -0.91   0.363     .4658542    1.323001
2021-07-20T15:47:21.296093300Z       1.male |   .9139534   .0545378    -1.51   0.132     .8130753    1.027347
2021-07-20T15:47:21.296103800Z              |
2021-07-20T15:47:21.296106800Z    obese4cat |
2021-07-20T15:47:21.296340800Z Obese I ..)  |    .993036   .0841018    -0.08   0.934     .8411537    1.172343
2021-07-20T15:47:21.296651300Z Obese II..)  |   1.011229   .1112422     0.10   0.919     .8151009    1.254549
2021-07-20T15:47:21.296852400Z Obese II..)  |   .9424517   .1217893    -0.46   0.646     .7315798    1.214106
2021-07-20T15:47:21.296864700Z              |
2021-07-20T15:47:21.296868100Z smoke_nomiss |
2021-07-20T15:47:21.297164700Z      Former  |   .9521558   .1968108    -0.24   0.813     .6349866    1.427748
2021-07-20T15:47:21.297372000Z     Current  |   1.010798   .0893821     0.12   0.903     .8499536    1.202082
2021-07-20T15:47:21.297382200Z              |
2021-07-20T15:47:21.297394600Z          imd |
2021-07-20T15:47:21.297641900Z           4  |   1.036195    .075754     0.49   0.627     .8978668    1.195834
2021-07-20T15:47:21.297917200Z 5 most de..  |   1.284323   .1163537     2.76   0.006     1.075374    1.533872
2021-07-20T15:47:21.297930500Z              |
2021-07-20T15:47:21.297935800Z tot_adults~h |
2021-07-20T15:47:21.298236700Z           2  |   1.735858   .7861767     1.22   0.223     .7144996    4.217224
2021-07-20T15:47:21.298570600Z           3  |   1.334497   .5125248     0.75   0.452     .6286467    2.832884
2021-07-20T15:47:21.298584500Z              |
2021-07-20T15:47:21.298589500Z    ethnicity |
2021-07-20T15:47:21.298872300Z Asian or ..  |   .8816571   .0932842    -1.19   0.234     .7165358     1.08483
2021-07-20T15:47:21.299224100Z       Other  |   1.020823   .0925618     0.23   0.820     .8546122    1.219361
2021-07-20T15:47:21.299234600Z              |
2021-07-20T15:47:21.299583700Z 1.htdiag_o~p |    1.02678   .1102401     0.25   0.806     .8319325    1.267262
2021-07-20T15:47:21.299861900Z 1.~y_disease |   .8047128   .0621805    -2.81   0.005      .691621    .9362969
2021-07-20T15:47:21.300127500Z     1.asthma |   1.183329   .1253999     1.59   0.112     .9613949    1.456495
2021-07-20T15:47:21.300394100Z 1.~c_disease |   .9709718   .0689987    -0.41   0.678      .844732    1.116077
2021-07-20T15:47:21.300405500Z              |
2021-07-20T15:47:21.300410600Z      diabcat |
2021-07-20T15:47:21.300635900Z T1DM, con..  |   1.246757   .2254805     1.22   0.223     .8746593    1.777152
2021-07-20T15:47:21.300884500Z T1DM, unc..  |   .3550023   .2574736    -1.43   0.153     .0856796    1.470906
2021-07-20T15:47:21.301108800Z T2DM, con..  |   .8389782   .0689774    -2.14   0.033     .7141152    .9856734
2021-07-20T15:47:21.301363500Z T2DM, unc..  |   .7792043   .1357324    -1.43   0.152     .5538313    1.096289
2021-07-20T15:47:21.301693600Z Diabetes,..  |   7.83e-14   7.95e-14   -29.73   0.000     1.07e-14    5.73e-13
2021-07-20T15:47:21.301706900Z              |
2021-07-20T15:47:21.301712300Z cancer_exh~t |
2021-07-20T15:47:21.301995400Z   Last year  |   .9092943   .4542028    -0.19   0.849     .3416014    2.420412
2021-07-20T15:47:21.302215700Z 2-5 years..  |   1.484346   .3001048     1.95   0.051     .9987097    2.206129
2021-07-20T15:47:21.302534400Z    5+ years  |   .8994953   .0693878    -1.37   0.170     .7732795    1.046312
2021-07-20T15:47:21.302544600Z              |
2021-07-20T15:47:21.302547500Z cancer_hae~t |
2021-07-20T15:47:21.302812900Z   Last year  |   1.425799   .9078108     0.56   0.577     .4093508    4.966164
2021-07-20T15:47:21.303045800Z 2-5 years..  |   1.015512   .2442275     0.06   0.949     .6338313    1.627033
2021-07-20T15:47:21.303338600Z    5+ years  |   1.047814   .0766458     0.64   0.523     .9078627    1.209339
2021-07-20T15:47:21.303349100Z              |
2021-07-20T15:47:21.303648400Z 1.~r_disease |   1.005251   .0747312     0.07   0.944     .8689511     1.16293
2021-07-20T15:47:21.303946100Z 1.stroke_d~a |   1.037744   .0791378     0.49   0.627     .8936717    1.205042
2021-07-20T15:47:21.304288200Z 1.other_ne~o |   1.082608   .0779127     1.10   0.270      .940183    1.246609
2021-07-20T15:47:21.304300700Z              |
2021-07-20T15:47:21.304306100Z reduced_ki~t |
2021-07-20T15:47:21.304715300Z Stage 3a/..  |   1.120315    .153064     0.83   0.406     .8571242    1.464321
2021-07-20T15:47:21.304940600Z       1.esrd |   1.030214   .0634198     0.48   0.629     .9131197    1.162324
2021-07-20T15:47:21.305271600Z 1.other_tr~t |   .9325754   .0719247    -0.91   0.365      .801743    1.084758
2021-07-20T15:47:21.305552800Z   1.asplenia |   1.017435    .078968     0.22   0.824     .8738582    1.184602
2021-07-20T15:47:21.305912200Z 1.ra_sle_p~s |    .972622   .0722018    -0.37   0.708     .8409223    1.124948
2021-07-20T15:47:21.307194900Z 1.other_im~o |   .8571273   .0528573    -2.50   0.012     .7595448    .9672467
2021-07-20T15:47:21.307241400Z ------------------------------------------------------------------------------
2021-07-20T15:47:21.307434000Z                                                              Stratified by stp
2021-07-20T15:47:21.314689900Z (note: file ./output/an_multivariate_cox_models_covidadmission_kids_cat4_MAINFU
2021-07-20T15:47:21.314715500Z > LLYADJMODEL_ageband_1MAIN.ster not found)
2021-07-20T15:47:21.314721000Z file ./output/an_multivariate_cox_models_covidadmission_kids_cat4_MAINFULLYADJM
2021-07-20T15:47:21.314725600Z > ODEL_ageband_1MAIN.ster saved
2021-07-20T15:47:23.796042900Z 
2021-07-20T15:47:23.796077000Z       Test of proportional-hazards assumption
2021-07-20T15:47:23.796082900Z 
2021-07-20T15:47:23.796087100Z       Time:  Time
2021-07-20T15:47:23.796091300Z       ----------------------------------------------------------------
2021-07-20T15:47:23.796095700Z                   |       rho            chi2       df       Prob>chi2
2021-07-20T15:47:23.796100600Z       ------------+---------------------------------------------------
2021-07-20T15:47:23.800820800Z       0b.kids_cat4|            .            .        1             .
2021-07-20T15:47:23.802245300Z       1.kids_cat4 |     -0.01681         0.30        1         0.5834
2021-07-20T15:47:23.803700900Z       2.kids_cat4 |     -0.04742         2.11        1         0.1468
2021-07-20T15:47:23.805159100Z       3.kids_cat4 |     -0.03677         1.23        1         0.2675
2021-07-20T15:47:23.806591300Z       age1        |      0.05837         4.96        1         0.0260
2021-07-20T15:47:23.808501300Z       age2        |     -0.05573         4.60        1         0.0320
2021-07-20T15:47:23.810244100Z       age3        |      0.05342         4.18        1         0.0410
2021-07-20T15:47:23.812349600Z       0b.male     |            .            .        1             .
2021-07-20T15:47:23.814086200Z       1.male      |      0.01006         0.14        1         0.7105
2021-07-20T15:47:23.815697200Z       1b.obese4cat|            .            .        1             .
2021-07-20T15:47:23.817768400Z       2.obese4cat |     -0.02594         0.85        1         0.3567
2021-07-20T15:47:23.819670000Z       3.obese4cat |     -0.00940         0.12        1         0.7281
2021-07-20T15:47:23.821602000Z       4.obese4cat |      0.00611         0.05        1         0.8254
2021-07-20T15:47:23.823200600Z       1b.smoke_n~s|            .            .        1             .
2021-07-20T15:47:23.824510000Z       2.smoke_no~s|     -0.02204         0.72        1         0.3956
2021-07-20T15:47:23.832768800Z       3.smoke_no~s|      0.02153         0.61        1         0.4356
2021-07-20T15:47:23.832792400Z       1b.imd      |            .            .        1             .
2021-07-20T15:47:23.832798200Z       4.imd       |     -0.01570         0.29        1         0.5873
2021-07-20T15:47:23.833757300Z       5.imd       |     -0.01305         0.22        1         0.6364
2021-07-20T15:47:23.835192500Z       1b.tot_adu~h|            .            .        1             .
2021-07-20T15:47:23.836604600Z       2.tot_adul~h|     -0.00437         0.02        1         0.8841
2021-07-20T15:47:23.838209100Z       3.tot_adul~h|     -0.01902         0.39        1         0.5346
2021-07-20T15:47:23.839597600Z       1b.ethnicity|            .            .        1             .
2021-07-20T15:47:23.844041500Z       3.ethnicity |     -0.05513         4.51        1         0.0336
2021-07-20T15:47:23.844062500Z       5.ethnicity |      0.01000         0.12        1         0.7256
2021-07-20T15:47:23.845513500Z       0b.htdiag_~p|            .            .        1             .
2021-07-20T15:47:23.847227000Z       1.htdiag_o~p|     -0.01013         0.15        1         0.6989
2021-07-20T15:47:23.848971000Z       0b.chronic..|            .            .        1             .
2021-07-20T15:47:23.850643400Z       1.~y_disease|      0.04757         3.03        1         0.0819
2021-07-20T15:47:23.851935200Z       0b.asthma   |            .            .        1             .
2021-07-20T15:47:23.853644000Z       1.asthma    |     -0.00239         0.01        1         0.9278
2021-07-20T15:47:23.855133300Z       0b.chronic..|            .            .        1             .
2021-07-20T15:47:23.856712700Z       1.~c_disease|      0.00860         0.09        1         0.7601
2021-07-20T15:47:23.858953500Z       1b.diabcat  |            .            .        1             .
2021-07-20T15:47:23.861020400Z       2.diabcat   |     -0.00971         0.12        1         0.7305
2021-07-20T15:47:23.863279700Z       3.diabcat   |     -0.02143         0.62        1         0.4298
2021-07-20T15:47:23.865177900Z       4.diabcat   |      0.00250         0.01        1         0.9272
2021-07-20T15:47:23.866885900Z       5.diabcat   |     -0.04397         2.69        1         0.1007
2021-07-20T15:47:23.868472100Z       6.diabcat   |      0.00879         0.01        1         0.9378
2021-07-20T15:47:23.870516800Z       1b.c~exhae~t|            .            .        1             .
2021-07-20T15:47:23.872455200Z       2.cancer_e~t|      0.00181         0.00        1         0.9461
2021-07-20T15:47:23.873863500Z       3.cancer_e~t|      0.01318         0.24        1         0.6253
2021-07-20T15:47:23.875675600Z       4.cancer_e~t|      0.01076         0.15        1         0.6950
2021-07-20T15:47:23.877845900Z       1b.cancer_..|            .            .        1             .
2021-07-20T15:47:23.880081300Z       2.cancer_h~t|     -0.03584         1.97        1         0.1602
2021-07-20T15:47:23.881523800Z       3.cancer_h~t|      0.01046         0.15        1         0.6979
2021-07-20T15:47:23.883923200Z       4.cancer_h~t|      0.06252         4.84        1         0.0278
2021-07-20T15:47:23.886179800Z       0b.chronic..|            .            .        1             .
2021-07-20T15:47:23.888536700Z       1.~r_disease|      0.00082         0.00        1         0.9757
2021-07-20T15:47:23.890938200Z       0b.stroke_~a|            .            .        1             .
2021-07-20T15:47:23.892908200Z       1.stroke_d~a|     -0.04758         3.29        1         0.0696
2021-07-20T15:47:23.895550400Z       0b.other_n~o|            .            .        1             .
2021-07-20T15:47:23.898191100Z       1.other_ne~o|     -0.00632         0.05        1         0.8173
2021-07-20T15:47:23.901584700Z       1b.reduced~t|            .            .        1             .
2021-07-20T15:47:23.904200800Z       2.reduced_~t|      0.00227         0.01        1         0.9364
2021-07-20T15:47:23.906632700Z       0b.esrd     |            .            .        1             .
2021-07-20T15:47:23.908985400Z       1.esrd      |     -0.04633         2.81        1         0.0936
2021-07-20T15:47:23.912469000Z       0b.other_t~t|            .            .        1             .
2021-07-20T15:47:23.916275000Z       1.other_tr~t|      0.01446         0.29        1         0.5921
2021-07-20T15:47:23.920697200Z       0b.asplenia |            .            .        1             .
2021-07-20T15:47:23.925215300Z       1.asplenia  |     -0.01452         0.30        1         0.5820
2021-07-20T15:47:23.929025600Z       0b.ra_sle_~s|            .            .        1             .
2021-07-20T15:47:23.933363800Z       1.ra_sle_p~s|      0.01111         0.16        1         0.6902
2021-07-20T15:47:23.939660400Z       0b.other_i~o|            .            .        1             .
2021-07-20T15:47:23.942862900Z       1.other_im~o|      0.00638         0.06        1         0.8123
2021-07-20T15:47:23.943584500Z       ------------+---------------------------------------------------
2021-07-20T15:47:23.995007900Z       global test |                     35.34       42         0.7566
2021-07-20T15:47:23.995050400Z       ----------------------------------------------------------------
2021-07-20T15:47:23.995055200Z 
2021-07-20T15:47:23.995057800Z note: robust variance-covariance matrix used.
2021-07-20T15:47:23.999970600Z    1:      2.68 /        1 =       2.6820
2021-07-20T15:47:24.433904400Z    1:      0.44 /        1 =       0.4360
2021-07-20T15:47:24.433935100Z 
2021-07-20T15:47:24.433941300Z -------------------------------------------------------------------------------
2021-07-20T15:47:24.433946300Z active results
2021-07-20T15:47:24.433950900Z -------------------------------------------------------------------------------
2021-07-20T15:47:24.436451700Z 
2021-07-20T15:47:24.436472500Z Stratified Cox regr. -- Breslow method for ties
2021-07-20T15:47:24.436478300Z 
2021-07-20T15:47:24.436482500Z No. of subjects      =          400             Number of obs    =         400
2021-07-20T15:47:24.436487000Z No. of failures      =          101
2021-07-20T15:47:24.436583200Z Time at risk         =        64224
2021-07-20T15:47:24.436860100Z                                                 Wald chi2(41)    =    27805.81
2021-07-20T15:47:24.436931500Z Log pseudolikelihood =    -314.9429             Prob > chi2      =      0.0000
2021-07-20T15:47:24.436960300Z 
2021-07-20T15:47:24.452430500Z                          (Std. Err. adjusted for 128 clusters in household_id)
2021-07-20T15:47:24.452458400Z ------------------------------------------------------------------------------
2021-07-20T15:47:24.452464700Z              |               Robust
2021-07-20T15:47:24.452469400Z           _t | Haz. Ratio   Std. Err.      z    P>|z|     [95% Conf. Interval]
2021-07-20T15:47:24.452475000Z -------------+----------------------------------------------------------------
2021-07-20T15:47:24.452479900Z gp_number_~s |
2021-07-20T15:47:24.452755600Z 2 childre..  |   .8613289   .3314141    -0.39   0.698     .4051834    1.830992
2021-07-20T15:47:24.453014800Z 3 childre..  |   .8287411   .3641635    -0.43   0.669     .3502563    1.960884
2021-07-20T15:47:24.453278900Z 4+ childr..  |   .9622816   .3279917    -0.11   0.910      .493369    1.876863
2021-07-20T15:47:24.453290500Z              |
2021-07-20T15:47:24.453599400Z         age1 |   1.197758   .1190533     1.82   0.069     .9857401    1.455378
2021-07-20T15:47:24.453870600Z         age2 |   .6253024   .2705959    -1.08   0.278      .267755    1.460302
2021-07-20T15:47:24.454195400Z         age3 |    2.52291   2.707697     0.86   0.389     .3078614    20.67514
2021-07-20T15:47:24.454599500Z       1.male |   1.298325   .2969309     1.14   0.254     .8292986    2.032618
2021-07-20T15:47:24.454614300Z              |
2021-07-20T15:47:24.454619400Z    obese4cat |
2021-07-20T15:47:24.454933700Z Obese I ..)  |   1.028527    .316395     0.09   0.927     .5628198    1.879585
2021-07-20T15:47:24.455196000Z Obese II..)  |   1.744411   .8296716     1.17   0.242     .6867564    4.430929
2021-07-20T15:47:24.455594300Z Obese II..)  |   1.148192   .5638753     0.28   0.778     .4385215    3.006341
2021-07-20T15:47:24.455608400Z              |
2021-07-20T15:47:24.455614200Z smoke_nomiss |
2021-07-20T15:47:24.455907300Z      Former  |   1.495852   2.039862     0.30   0.768     .1033054    21.65978
2021-07-20T15:47:24.456268800Z     Current  |    .959181   .3557392    -0.11   0.911     .4636695    1.984233
2021-07-20T15:47:24.456283400Z              |
2021-07-20T15:47:24.456288600Z          imd |
2021-07-20T15:47:24.456673300Z           4  |   1.218138    .355143     0.68   0.499     .6879113    2.157053
2021-07-20T15:47:24.457088100Z 5 most de..  |   1.132714   .5469521     0.26   0.796     .4396446     2.91836
2021-07-20T15:47:24.457104100Z              |
2021-07-20T15:47:24.457110500Z tot_adults~h |
2021-07-20T15:47:24.457428800Z           2  |    .014178   .0384044    -1.57   0.116     .0000701    2.866088
2021-07-20T15:47:24.457811300Z           3  |   7.82e+15   2.04e+16    14.06   0.000     4.77e+13    1.28e+18
2021-07-20T15:47:24.457823100Z              |
2021-07-20T15:47:24.457828400Z    ethnicity |
2021-07-20T15:47:24.458164300Z Asian or ..  |   .2700691   .1415722    -2.50   0.013     .0966649    .7545379
2021-07-20T15:47:24.458553700Z       Other  |   .8428678   .3179463    -0.45   0.650     .4024107    1.765426
2021-07-20T15:47:24.458565400Z              |
2021-07-20T15:47:24.458970100Z 1.htdiag_o~p |   .4632361   .1793981    -1.99   0.047     .2168484    .9895743
2021-07-20T15:47:24.459343500Z 1.~y_disease |    .652151   .1930782    -1.44   0.149     .3650382    1.165086
2021-07-20T15:47:24.459762900Z     1.asthma |   1.162738   .4306843     0.41   0.684     .5625907    2.403098
2021-07-20T15:47:24.460118700Z 1.~c_disease |   1.021258   .2893189     0.07   0.941     .5861291    1.779418
2021-07-20T15:47:24.460133400Z              |
2021-07-20T15:47:24.460137200Z      diabcat |
2021-07-20T15:47:24.460487600Z T1DM, con..  |   1.07e-18   5.91e-19   -75.09   0.000     3.64e-19    3.16e-18
2021-07-20T15:47:24.460800600Z T1DM, unc..  |   1.87e-18   1.36e-18   -56.22   0.000     4.51e-19    7.77e-18
2021-07-20T15:47:24.461139700Z T2DM, con..  |   .8062155   .2077831    -0.84   0.403       .48649    1.336067
2021-07-20T15:47:24.461529600Z T2DM, unc..  |   .4236405   .3058534    -1.19   0.234     .1029106    1.743953
2021-07-20T15:47:24.461543800Z              |
2021-07-20T15:47:24.461549500Z cancer_exh~t |
2021-07-20T15:47:24.461930000Z   Last year  |   4.23e-19   4.22e-19   -42.37   0.000     5.98e-20    2.99e-18
2021-07-20T15:47:24.462240200Z 2-5 years..  |   3.230955   2.450065     1.55   0.122     .7308972    14.28254
2021-07-20T15:47:24.462598800Z    5+ years  |    .510554   .1891342    -1.81   0.070     .2470102    1.055282
2021-07-20T15:47:24.462611900Z              |
2021-07-20T15:47:24.462620500Z cancer_hae~t |
2021-07-20T15:47:24.463029800Z   Last year  |   .8020492   1.520107    -0.12   0.907     .0195406    32.92039
2021-07-20T15:47:24.463603900Z 2-5 years..  |   2.172179   2.122282     0.79   0.427     .3200716    14.74159
2021-07-20T15:47:24.464158400Z    5+ years  |     .82374   .2423764    -0.66   0.510     .4627362    1.466381
2021-07-20T15:47:24.464174800Z              |
2021-07-20T15:47:24.464698400Z 1.~r_disease |   1.100167   .3268779     0.32   0.748     .6145437     1.96954
2021-07-20T15:47:24.465208500Z 1.stroke_d~a |   1.092316   .3311855     0.29   0.771     .6029306    1.978923
2021-07-20T15:47:24.465691700Z 1.other_ne~o |   1.189424    .314804     0.66   0.512     .7080267    1.998129
2021-07-20T15:47:24.465709500Z              |
2021-07-20T15:47:24.465715600Z reduced_ki~t |
2021-07-20T15:47:24.466213200Z Stage 3a/..  |    .907422   .4449336    -0.20   0.843       .34709    2.372338
2021-07-20T15:47:24.466710400Z       1.esrd |   1.173488   .2400393     0.78   0.434     .7858935     1.75224
2021-07-20T15:47:24.467157300Z 1.other_tr~t |   .6834884   .2263487    -1.15   0.251     .3571423     1.30804
2021-07-20T15:47:24.467568200Z   1.asplenia |   .7923481   .2844798    -0.65   0.517     .3920178    1.601497
2021-07-20T15:47:24.467979000Z 1.ra_sle_p~s |   .6703159   .2110692    -1.27   0.204     .3616205    1.242527
2021-07-20T15:47:24.469609400Z 1.other_im~o |   .7598373   .1991327    -1.05   0.295     .4546151    1.269981
2021-07-20T15:47:24.469624000Z ------------------------------------------------------------------------------
2021-07-20T15:47:24.469981700Z                                                              Stratified by stp
2021-07-20T15:47:24.482269800Z (note: file ./output/an_multivariate_cox_models_covidadmission_gp_number_kids_M
2021-07-20T15:47:24.482313800Z > AINFULLYADJMODEL_ageband_1MAIN.ster not found)
2021-07-20T15:47:24.482320200Z file ./output/an_multivariate_cox_models_covidadmission_gp_number_kids_MAINFULL
2021-07-20T15:47:24.482325300Z > YADJMODEL_ageband_1MAIN.ster saved
2021-07-20T15:47:24.487590200Z (229 observations deleted)
2021-07-20T15:47:28.816679900Z    1:      4.33 /        1 =       4.3310
2021-07-20T15:47:28.816721200Z 
2021-07-20T15:47:28.816728700Z -------------------------------------------------------------------------------
2021-07-20T15:47:28.816733800Z active results
2021-07-20T15:47:28.816738300Z -------------------------------------------------------------------------------
2021-07-20T15:47:28.819008000Z 
2021-07-20T15:47:28.819030600Z Stratified Cox regr. -- Breslow method for ties
2021-07-20T15:47:28.819266600Z 
2021-07-20T15:47:28.819289100Z No. of subjects      =        4,265             Number of obs    =       4,265
2021-07-20T15:47:28.819293300Z No. of failures      =        1,132
2021-07-20T15:47:28.819299200Z Time at risk         =       657472
2021-07-20T15:47:28.819535900Z                                                 Wald chi2(42)    =     1578.53
2021-07-20T15:47:28.819548800Z Log pseudolikelihood =   -6409.4449             Prob > chi2      =      0.0000
2021-07-20T15:47:28.819554500Z 
2021-07-20T15:47:28.834324300Z                          (Std. Err. adjusted for 903 clusters in household_id)
2021-07-20T15:47:28.834351900Z ------------------------------------------------------------------------------
2021-07-20T15:47:28.834358500Z              |               Robust
2021-07-20T15:47:28.834363500Z           _t | Haz. Ratio   Std. Err.      z    P>|z|     [95% Conf. Interval]
2021-07-20T15:47:28.834368400Z -------------+----------------------------------------------------------------
2021-07-20T15:47:28.834371500Z    kids_cat4 |
2021-07-20T15:47:28.834769400Z only <12 ..  |    .786443   .1514873    -1.25   0.212     .5391455    1.147172
2021-07-20T15:47:28.835010200Z  only 12-18  |    .810962   .1935814    -0.88   0.380     .5079415    1.294754
2021-07-20T15:47:28.835239700Z       mixed  |   .8750658   .1455213    -0.80   0.422     .6316668    1.212253
2021-07-20T15:47:28.835253000Z              |
2021-07-20T15:47:28.835760300Z         age1 |   .9853462   .0264055    -0.55   0.582     .9349281    1.038483
2021-07-20T15:47:28.836028500Z         age2 |    1.09801   .1241898     0.83   0.408     .8796936    1.370506
2021-07-20T15:47:28.836487300Z         age3 |   .7816985   .2154435    -0.89   0.372     .4554494    1.341647
2021-07-20T15:47:28.836985100Z       1.male |   .9180775   .0566865    -1.38   0.166     .8134335    1.036183
2021-07-20T15:47:28.836999500Z              |
2021-07-20T15:47:28.837005000Z    obese4cat |
2021-07-20T15:47:28.837353700Z Obese I ..)  |   1.024253   .0870723     0.28   0.778     .8670538    1.209952
2021-07-20T15:47:28.837789300Z Obese II..)  |   1.010949   .1129839     0.10   0.922     .8120804    1.258519
2021-07-20T15:47:28.838044400Z Obese II..)  |   .9445463   .1240197    -0.43   0.664     .7302303    1.221762
2021-07-20T15:47:28.838057700Z              |
2021-07-20T15:47:28.838062900Z smoke_nomiss |
2021-07-20T15:47:28.838533100Z      Former  |   .9725716   .2051644    -0.13   0.895      .643221     1.47056
2021-07-20T15:47:28.838847700Z     Current  |   1.030088   .0931317     0.33   0.743     .8628112    1.229794
2021-07-20T15:47:28.838862000Z              |
2021-07-20T15:47:28.838867500Z          imd |
2021-07-20T15:47:28.839588800Z           4  |   1.038301   .0775245     0.50   0.615     .8969503    1.201927
2021-07-20T15:47:28.839738600Z 5 most de..  |   1.278228   .1177748     2.66   0.008     1.067037    1.531219
2021-07-20T15:47:28.839777900Z              |
2021-07-20T15:47:28.839785400Z tot_adults~h |
2021-07-20T15:47:28.840187500Z           2  |   2.383165   1.269022     1.63   0.103     .8392549    6.767282
2021-07-20T15:47:28.840508700Z           3  |   1.765492   .8175404     1.23   0.220     .7123654    4.375511
2021-07-20T15:47:28.840521400Z              |
2021-07-20T15:47:28.840526200Z    ethnicity |
2021-07-20T15:47:28.846515400Z Asian or ..  |   .8698193     .09414    -1.29   0.198     .7035646    1.075361
2021-07-20T15:47:28.846582600Z       Other  |   1.012449   .0955275     0.13   0.896     .8415114     1.21811
2021-07-20T15:47:28.846591700Z              |
2021-07-20T15:47:28.846596500Z 1.htdiag_o~p |   1.006264   .1095911     0.06   0.954     .8128462    1.245705
2021-07-20T15:47:28.846601700Z 1.~y_disease |   .8199301   .0637229    -2.55   0.011     .7040826    .9548388
2021-07-20T15:47:28.846606100Z     1.asthma |   1.200507   .1291895     1.70   0.089     .9722209    1.482397
2021-07-20T15:47:28.846610100Z 1.~c_disease |   .9435511    .068932    -0.80   0.426     .8176737    1.088807
2021-07-20T15:47:28.846614100Z              |
2021-07-20T15:47:28.846618300Z      diabcat |
2021-07-20T15:47:28.846622200Z T1DM, con..  |     1.1959   .2241638     0.95   0.340     .8282141    1.726821
2021-07-20T15:47:28.846626200Z T1DM, unc..  |   .3468537   .2519092    -1.46   0.145     .0835497    1.439952
2021-07-20T15:47:28.846630100Z T2DM, con..  |    .852627    .071643    -1.90   0.058     .7231625    1.005269
2021-07-20T15:47:28.846634100Z T2DM, unc..  |   .7829154   .1364195    -1.40   0.160     .5564124    1.101623
2021-07-20T15:47:28.846638000Z Diabetes,..  |   9.68e-18   9.87e-18   -38.43   0.000     1.31e-18    7.14e-17
2021-07-20T15:47:28.846642600Z              |
2021-07-20T15:47:28.846646600Z cancer_exh~t |
2021-07-20T15:47:28.846651600Z   Last year  |   .9098321   .4572117    -0.19   0.851     .3397917    2.436182
2021-07-20T15:47:28.846657700Z 2-5 years..  |   1.346197   .2888857     1.39   0.166     .8839875    2.050083
2021-07-20T15:47:28.846662100Z    5+ years  |   .8707168   .0691996    -1.74   0.082     .7451235    1.017479
2021-07-20T15:47:28.846666600Z              |
2021-07-20T15:47:28.846670700Z cancer_hae~t |
2021-07-20T15:47:28.846674500Z   Last year  |    .949812   .6873032    -0.07   0.943     .2299805    3.922693
2021-07-20T15:47:28.846678500Z 2-5 years..  |   1.064409   .2565804     0.26   0.796     .6636251    1.707239
2021-07-20T15:47:28.846682700Z    5+ years  |   .9937313   .0755475    -0.08   0.934     .8561644    1.153402
2021-07-20T15:47:28.846687400Z              |
2021-07-20T15:47:28.846692400Z 1.~r_disease |   1.045806   .0777373     0.60   0.547     .9040221    1.209826
2021-07-20T15:47:28.846838400Z 1.stroke_d~a |   1.057809   .0828138     0.72   0.473     .9073363    1.233236
2021-07-20T15:47:28.847185800Z 1.other_ne~o |   1.089734   .0796131     1.18   0.239     .9443525    1.257498
2021-07-20T15:47:28.847200000Z              |
2021-07-20T15:47:28.847205400Z reduced_ki~t |
2021-07-20T15:47:28.847849000Z Stage 3a/..  |    1.10487    .155442     0.71   0.478     .8386044    1.455677
2021-07-20T15:47:28.848159000Z       1.esrd |   1.021751   .0641422     0.34   0.732     .9034608    1.155529
2021-07-20T15:47:28.848568500Z 1.other_tr~t |   .9275905   .0730945    -0.95   0.340     .7948428    1.082509
2021-07-20T15:47:28.849034600Z   1.asplenia |   1.024706   .0811977     0.31   0.758     .8773035    1.196874
2021-07-20T15:47:28.849395500Z 1.ra_sle_p~s |   .9499451   .0720003    -0.68   0.498     .8188086    1.102084
2021-07-20T15:47:28.851714000Z 1.other_im~o |    .873822   .0548447    -2.15   0.032     .7726771    .9882069
2021-07-20T15:47:28.851735800Z ------------------------------------------------------------------------------
2021-07-20T15:47:28.852162800Z                                                              Stratified by stp
2021-07-20T15:47:28.863294400Z (note: file ./output/an_sense_covidadmission_plus_eth_12mo_ageband_1MAIN.ster n
2021-07-20T15:47:28.863317400Z > ot found)
2021-07-20T15:47:28.863323600Z file ./output/an_sense_covidadmission_plus_eth_12mo_ageband_1MAIN.ster saved
2021-07-20T15:47:28.863328400Z 
2021-07-20T15:47:28.863332800Z . 
2021-07-20T15:47:28.863337100Z . log close
2021-07-20T15:47:28.863581700Z       name:  <unnamed>
2021-07-20T15:47:28.863651100Z        log:  /workspace/log/07b_an_multivariable_cox_models_covidadmission_MAIN
2021-07-20T15:47:28.863661000Z > .log
2021-07-20T15:47:28.863666600Z   log type:  text
2021-07-20T15:47:28.863669500Z  closed on:  20 Jul 2021, 15:47:28
2021-07-20T15:47:28.863673400Z -------------------------------------------------------------------------------
2021-07-20T15:47:28.863677600Z 
2021-07-20T15:47:28.863681700Z . exit, clear
2021-07-20T15:47:28.863686100Z 
2021-07-20T15:47:28.863690200Z end of do-file
2021-07-20T15:47:28.863694400Z 
2021-07-20T15:47:28.863698400Z . . file open output using "/tmp/tmp.j4JlVIFEaa", write text replace
2021-07-20T15:47:28.863885300Z 
2021-07-20T15:47:28.863897300Z . . file write output "success" 
2021-07-20T15:47:28.863902300Z 
2021-07-20T15:47:28.863906300Z . . file close output
2021-07-20T15:47:28.863910500Z 
2021-07-20T15:47:28.863914400Z . 
2021-07-20T15:47:28.863918500Z end of do-file
2021-07-20T15:47:28.863922700Z 
2021-07-20T15:47:28.863925400Z 
2021-07-20T15:47:28.894196600Z . 

state: succeeded
commit: none
docker_image_id: sha256:11980aa720220a1b39bf523f5a8a33270214c13876c30ee364e16265766f7f60
exit_code: 0
job_id: d3ionvpmsh2ktnfj
run_by_user: qc18278
created_at: 2021-07-20T15:38:48Z
started_at: 2021-07-20T15:46:34Z
completed_at: 2021-07-20T15:48:07Z

Completed successfully

outputs:
  log/07b_an_multivariable_cox_models_covidadmission_MAIN.log                                           - moderately_sensitive
  output/an_multivariate_cox_models_covidadmission_gp_number_kids_MAINFULLYADJMODEL_ageband_0MAIN.ster  - moderately_sensitive
  output/an_multivariate_cox_models_covidadmission_gp_number_kids_MAINFULLYADJMODEL_ageband_1MAIN.ster  - moderately_sensitive
  output/an_multivariate_cox_models_covidadmission_kids_cat4_MAINFULLYADJMODEL_ageband_0MAIN.ster       - moderately_sensitive
  output/an_multivariate_cox_models_covidadmission_kids_cat4_MAINFULLYADJMODEL_ageband_1MAIN.ster       - moderately_sensitive
  output/an_sense_covidadmission_plus_eth_12mo_ageband_0MAIN.ster                                       - moderately_sensitive
  output/an_sense_covidadmission_plus_eth_12mo_ageband_1MAIN.ster                                       - moderately_sensitive