2021-07-20T15:45:30.016359900Z 
2021-07-20T15:45:30.016396100Z   ___  ____  ____  ____  ____ (R)
2021-07-20T15:45:30.016403600Z  /__    /   ____/   /   ____/
2021-07-20T15:45:30.016408300Z ___/   /   /___/   /   /___/   16.1   Copyright 1985-2019 StataCorp LLC
2021-07-20T15:45:30.016413000Z   Statistics/Data Analysis            StataCorp
2021-07-20T15:45:30.016417600Z                                       4905 Lakeway Drive
2021-07-20T15:45:30.016422800Z                                       College Station, Texas 77845 USA
2021-07-20T15:45:30.016427900Z                                       800-STATA-PC        http://www.stata.com
2021-07-20T15:45:30.016432900Z                                       979-696-4600        stata@stata.com
2021-07-20T15:45:30.016437600Z                                       979-696-4601 (fax)
2021-07-20T15:45:30.016442400Z 
2021-07-20T15:45:30.016446000Z 3-user Stata network license expires 11 May 2022:
2021-07-20T15:45:30.016449700Z        Serial number:  501709312237
2021-07-20T15:45:30.016453300Z          Licensed to:  The Bennett Institute
2021-07-20T15:45:30.016457200Z                        Oxford University
2021-07-20T15:45:30.017242900Z 
2021-07-20T15:45:30.017258800Z Notes:
2021-07-20T15:45:30.017290100Z       1.  Unicode is supported; see help unicode_advice.
2021-07-20T15:45:30.017298900Z 
2021-07-20T15:45:30.017303100Z . do "analysis/07b_an_multivariable_cox_models_FULL.wrapper.do" covid_tpp_prob 
2021-07-20T15:45:30.017307700Z > W2 
2021-07-20T15:45:30.017311900Z 
2021-07-20T15:45:30.017315800Z . . do "analysis/07b_an_multivariable_cox_models_FULL.do" covid_tpp_prob W2
2021-07-20T15:45:30.017320100Z 
2021-07-20T15:45:30.017324000Z . *****************************************************************************
2021-07-20T15:45:30.017328400Z > ***
2021-07-20T15:45:30.017332500Z . *
2021-07-20T15:45:30.017336400Z . *       Do-file:                07b_an_multivariable_cox_models.do
2021-07-20T15:45:30.017340600Z . *
2021-07-20T15:45:30.017344400Z . *       Project:                Exposure children and COVID risk
2021-07-20T15:45:30.017348500Z . *
2021-07-20T15:45:30.017389000Z . *       Programmed by:  Hforbes, based on files from Fizz & Krishnan
2021-07-20T15:45:30.017398100Z . *
2021-07-20T15:45:30.017402300Z . *       Data used:              analysis_dataset.dta
2021-07-20T15:45:30.017406700Z . *
2021-07-20T15:45:30.017410800Z . *       Data created:   None
2021-07-20T15:45:30.017414800Z . *
2021-07-20T15:45:30.017418600Z . *       Other output:   Log file:  an_multivariable_cox_models.log
2021-07-20T15:45:30.017423000Z . *
2021-07-20T15:45:30.017428500Z . *****************************************************************************
2021-07-20T15:45:30.017444400Z > ***
2021-07-20T15:45:30.017448900Z . *
2021-07-20T15:45:30.017452900Z . *       Purpose:                This do-file performs multivariable (fully ad
2021-07-20T15:45:30.017457100Z > justed) 
2021-07-20T15:45:30.017461400Z . *                                       Cox models. 
2021-07-20T15:45:30.017501800Z . *  
2021-07-20T15:45:30.017510700Z . *****************************************************************************
2021-07-20T15:45:30.017515400Z > ***
2021-07-20T15:45:30.017519800Z . *       
2021-07-20T15:45:30.017523900Z . *       Stata routines needed:  stbrier   
2021-07-20T15:45:30.017527900Z . *
2021-07-20T15:45:30.017537400Z . *****************************************************************************
2021-07-20T15:45:30.017542300Z > ***
2021-07-20T15:45:30.017546400Z . 
2021-07-20T15:45:30.017550600Z . * Set globals that will print in programs and direct output
2021-07-20T15:45:30.017555000Z . global outdir     "output" 
2021-07-20T15:45:30.017559200Z 
2021-07-20T15:45:30.017563000Z . global logdir     "log"
2021-07-20T15:45:30.017567100Z 
2021-07-20T15:45:30.017571000Z . global tempdir    "tempdata"
2021-07-20T15:45:30.017575300Z 
2021-07-20T15:45:30.017579300Z . global demogadjlist  age1 age2 age3 i.male i.obese4cat i.smoke_nomiss i.imd i
2021-07-20T15:45:30.017583900Z > .tot_adults_hh i.ethnicity
2021-07-20T15:45:30.017588100Z 
2021-07-20T15:45:30.017592100Z . global comordidadjlist  i.htdiag_or_highbp                              ///
2021-07-20T15:45:30.017596500Z >                         i.chronic_respiratory_disease   ///
2021-07-20T15:45:30.017600900Z >                         i.asthma                                             
2021-07-20T15:45:30.017605200Z >    ///
2021-07-20T15:45:30.017609600Z >                         i.chronic_cardiac_disease               ///
2021-07-20T15:45:30.017614000Z >                         i.diabcat                                            
2021-07-20T15:45:30.017618500Z >    ///
2021-07-20T15:45:30.017622800Z >                         i.cancer_exhaem_cat                             ///
2021-07-20T15:45:30.017626900Z >                         i.cancer_haem_cat                               ///
2021-07-20T15:45:30.017631100Z >                         i.chronic_liver_disease                 ///
2021-07-20T15:45:30.017635200Z >                         i.stroke_dementia                               ///
2021-07-20T15:45:30.017639400Z >                         i.other_neuro                                   ///
2021-07-20T15:45:30.017644000Z >                         i.reduced_kidney_function_cat   ///
2021-07-20T15:45:30.017655400Z >                         i.esrd                                               
2021-07-20T15:45:30.017660100Z >    ///
2021-07-20T15:45:30.017664000Z >                         i.other_transplant                              ///
2021-07-20T15:45:30.017668300Z >                         i.asplenia                                           
2021-07-20T15:45:30.017672500Z >    ///
2021-07-20T15:45:30.017676400Z >                         i.ra_sle_psoriasis                      ///
2021-07-20T15:45:30.017680700Z >                         i.other_immuno          
2021-07-20T15:45:30.017685200Z 
2021-07-20T15:45:30.017689300Z . 
2021-07-20T15:45:30.017693400Z . local outcome `1'
2021-07-20T15:45:30.017697500Z 
2021-07-20T15:45:30.017701200Z . local dataset `2'
2021-07-20T15:45:30.017705000Z 
2021-07-20T15:45:30.017708800Z . 
2021-07-20T15:45:30.017712900Z . *****************************************************************************
2021-07-20T15:45:30.017717400Z > *******
2021-07-20T15:45:30.017721800Z . *First clean up all old saved estimates for this outcome
2021-07-20T15:45:30.017727500Z . *This is to guard against accidentally displaying left-behind results from ol
2021-07-20T15:45:30.017732100Z > d runs
2021-07-20T15:45:30.017735900Z . *****************************************************************************
2021-07-20T15:45:30.017740200Z > *******
2021-07-20T15:45:30.017744200Z . 
2021-07-20T15:45:30.017748100Z . * Open a log file
2021-07-20T15:45:30.017752300Z . capture log close
2021-07-20T15:45:30.017756600Z 
2021-07-20T15:45:30.017760700Z . log using "$logdir/07b_an_multivariable_cox_models_`outcome'_`dataset'", text
2021-07-20T15:45:30.017765400Z >  replace
2021-07-20T15:45:30.017864900Z (note: file /workspace/log/07b_an_multivariable_cox_models_covid_tpp_prob_W2.lo
2021-07-20T15:45:30.017881400Z > g not found)
2021-07-20T15:45:30.017887800Z -------------------------------------------------------------------------------
2021-07-20T15:45:30.017892800Z       name:  <unnamed>
2021-07-20T15:45:30.017897100Z        log:  /workspace/log/07b_an_multivariable_cox_models_covid_tpp_prob_W2.l
2021-07-20T15:45:30.017901400Z > og
2021-07-20T15:45:30.017905700Z   log type:  text
2021-07-20T15:45:30.017909800Z  opened on:  20 Jul 2021, 15:45:30
2021-07-20T15:45:30.017913800Z 
2021-07-20T15:45:30.017917800Z . 
2021-07-20T15:45:30.017921700Z . 
2021-07-20T15:45:30.018129400Z . *****************************************************************************
2021-07-20T15:45:30.018152200Z > ********
2021-07-20T15:45:30.018158500Z . *PROG TO DEFINE THE BASIC COX MODEL WITH OPTIONS FOR HANDLING OF AGE, BMI, ET
2021-07-20T15:45:30.018163500Z > HNICITY:
2021-07-20T15:45:30.018168100Z . cap prog drop basecoxmodel
2021-07-20T15:45:30.018173100Z 
2021-07-20T15:45:30.018177600Z . prog define basecoxmodel
2021-07-20T15:45:30.018182100Z   1.         syntax , exposure(string) age(string) 
2021-07-20T15:45:30.018186800Z   2. 
2021-07-20T15:45:30.018191100Z . timer clear
2021-07-20T15:45:30.018195800Z   3. timer on 1
2021-07-20T15:45:30.018200600Z   4.         capture stcox   `exposure'                              ///
2021-07-20T15:45:30.018205400Z >                         $demogadjlist                                   ///
2021-07-20T15:45:30.018210200Z >                         $comordidadjlist                                ///
2021-07-20T15:45:30.018266400Z >                         `if'                                                 
2021-07-20T15:45:30.018275500Z >    ///
2021-07-20T15:45:30.018279900Z >                         , strata(stp) vce(cluster household_id)
2021-07-20T15:45:30.018284400Z   5. timer off 1
2021-07-20T15:45:30.018288500Z   6. timer list
2021-07-20T15:45:30.018292500Z   7. end
2021-07-20T15:45:30.018296600Z 
2021-07-20T15:45:30.018300500Z . *****************************************************************************
2021-07-20T15:45:30.018304800Z > ********
2021-07-20T15:45:30.018308700Z . 
2021-07-20T15:45:30.018312600Z . 
2021-07-20T15:45:30.018318000Z . * Open dataset and fit specified model(s)
2021-07-20T15:45:30.018324400Z . forvalues x=0/1 {
2021-07-20T15:45:30.018328900Z   2. 
2021-07-20T15:45:30.018333000Z . use "$tempdir/cr_create_analysis_dataset_STSET_`outcome'_ageband_`x'`dataset'
2021-07-20T15:45:30.018337500Z > .dta", clear
2021-07-20T15:45:30.018341600Z   3. 
2021-07-20T15:45:30.018345600Z . ******************************
2021-07-20T15:45:30.018349600Z . *  Multivariable Cox models  *
2021-07-20T15:45:30.018353600Z . ******************************
2021-07-20T15:45:30.018357700Z . 
2021-07-20T15:45:30.018361800Z . 
2021-07-20T15:45:30.018367000Z . 
2021-07-20T15:45:30.018371300Z . foreach exposure_type in kids_cat4  {
2021-07-20T15:45:30.018375700Z   4. 
2021-07-20T15:45:30.018379700Z . *Age spline model (not adj ethnicity)
2021-07-20T15:45:30.018383700Z . cap erase "./output/an_multivariate_cox_models_`outcome'_`exposure_type'_MAIN
2021-07-20T15:45:30.018388400Z > FULLYADJMODEL_ageband_`x'`dataset'"
2021-07-20T15:45:30.018400600Z   5. basecoxmodel, exposure("i.`exposure_type'") age("age1 age2 age3") 
2021-07-20T15:45:30.018488000Z   6. if _rc==0{
2021-07-20T15:45:30.018500300Z   7. estimates
2021-07-20T15:45:30.018505700Z   8. estimates save "./output/an_multivariate_cox_models_`outcome'_`exposure_ty
2021-07-20T15:45:30.018510400Z > pe'_MAINFULLYADJMODEL_ageband_`x'`dataset'", replace
2021-07-20T15:45:30.018515000Z   9.         *  Proportional Hazards test 
2021-07-20T15:45:30.018519700Z .         * Based on Schoenfeld residuals
2021-07-20T15:45:30.018524100Z .         timer clear 
2021-07-20T15:45:30.018528300Z  10.         timer on 1
2021-07-20T15:45:30.018532700Z  11.         if e(N_fail)>0 estat phtest, d
2021-07-20T15:45:30.018655700Z  12.         timer off 1
2021-07-20T15:45:30.018670900Z  13.         timer list 
2021-07-20T15:45:30.018676400Z  14.         
2021-07-20T15:45:30.018680200Z . }
2021-07-20T15:45:30.018684000Z  15. else di "WARNING AGE SPLINE MODEL DID NOT FIT (OUTCOME `outcome')"
2021-07-20T15:45:30.018688600Z  16. 
2021-07-20T15:45:30.018774100Z . }
2021-07-20T15:45:30.018787700Z  17. 
2021-07-20T15:45:30.018792200Z . foreach exposure_type in  gp_number_kids {
2021-07-20T15:45:30.018796600Z  18. *Age spline model (not adj ethnicity)
2021-07-20T15:45:30.018835700Z . cap erase "./output/an_multivariate_cox_models_`outcome'_`exposure_type'_MAIN
2021-07-20T15:45:30.018845500Z > FULLYADJMODEL_ageband_`x'`dataset'"
2021-07-20T15:45:30.018851300Z  19. basecoxmodel, exposure("i.`exposure_type'") age("age1 age2 age3") 
2021-07-20T15:45:30.018856300Z  20. if _rc==0{
2021-07-20T15:45:30.018860400Z  21. estimates
2021-07-20T15:45:30.018953000Z  22. estimates save "./output/an_multivariate_cox_models_`outcome'_`exposure_ty
2021-07-20T15:45:30.018966200Z > pe'_MAINFULLYADJMODEL_ageband_`x'`dataset'", replace
2021-07-20T15:45:30.018971500Z  23. }
2021-07-20T15:45:30.018976000Z  24. else di "WARNING AGE SPLINE MODEL DID NOT FIT (OUTCOME `outcome')"
2021-07-20T15:45:30.018980500Z  25. 
2021-07-20T15:45:30.018984600Z . }
2021-07-20T15:45:30.018989300Z  26. 
2021-07-20T15:45:30.018993900Z . 
2021-07-20T15:45:30.019029800Z . *SENSITIVITY ANALYSIS: 12 months FUP
2021-07-20T15:45:30.019040500Z . keep if has_12_m_follow_up == 1
2021-07-20T15:45:30.019046700Z  27. foreach exposure_type in kids_cat4   {
2021-07-20T15:45:30.019238200Z  28. 
2021-07-20T15:45:30.019248600Z . *Age spline model (not adj ethnicity)
2021-07-20T15:45:30.019253800Z . cap erase ./output/an_sense_`outcome'_plus_eth_12mo_ageband_`x'`dataset'
2021-07-20T15:45:30.019258400Z  29. basecoxmodel, exposure("i.`exposure_type'") age("age1 age2 age3")  
2021-07-20T15:45:30.019275000Z  30. if _rc==0{
2021-07-20T15:45:30.019280700Z  31. estimates
2021-07-20T15:45:30.019285200Z  32. estimates save ./output/an_sense_`outcome'_plus_eth_12mo_ageband_`x'`datas
2021-07-20T15:45:30.019290000Z > et', replace
2021-07-20T15:45:30.019329000Z  33. *estat concordance /*c-statistic*/
2021-07-20T15:45:30.019339800Z . }
2021-07-20T15:45:30.019344600Z  34. else di "WARNING 12 MO FUP MODEL W/ AGE SPLINE  DID NOT FIT (OUTCOME `outc
2021-07-20T15:45:30.019348700Z > ome')"
2021-07-20T15:45:30.019352800Z  35. }       
2021-07-20T15:45:30.019357200Z  36. }
2021-07-20T15:45:38.959193800Z    1:      8.93 /        1 =       8.9340
2021-07-20T15:45:38.961593400Z 
2021-07-20T15:45:38.961636800Z -------------------------------------------------------------------------------
2021-07-20T15:45:38.961683000Z active results
2021-07-20T15:45:38.961691300Z -------------------------------------------------------------------------------
2021-07-20T15:45:38.963491300Z 
2021-07-20T15:45:38.963507300Z Stratified Cox regr. -- Breslow method for ties
2021-07-20T15:45:38.963671100Z 
2021-07-20T15:45:38.963688000Z No. of subjects      =       16,235             Number of obs    =      16,235
2021-07-20T15:45:38.963694500Z No. of failures      =        5,152
2021-07-20T15:45:38.963699100Z Time at risk         =      1293704
2021-07-20T15:45:38.963954900Z                                                 Wald chi2(42)    =       42.81
2021-07-20T15:45:38.963966600Z Log pseudolikelihood =   -36565.158             Prob > chi2      =      0.4361
2021-07-20T15:45:38.963971700Z 
2021-07-20T15:45:39.043967600Z                        (Std. Err. adjusted for 1,121 clusters in household_id)
2021-07-20T15:45:39.043994300Z ------------------------------------------------------------------------------
2021-07-20T15:45:39.044000700Z              |               Robust
2021-07-20T15:45:39.044006500Z           _t | Haz. Ratio   Std. Err.      z    P>|z|     [95% Conf. Interval]
2021-07-20T15:45:39.044011700Z -------------+----------------------------------------------------------------
2021-07-20T15:45:39.044016700Z    kids_cat4 |
2021-07-20T15:45:39.055373600Z only <12 ..  |   .8394926   .0766471    -1.92   0.055     .7019412    1.003998
2021-07-20T15:45:39.055706500Z  only 12-18  |   .8747857   .1075034    -1.09   0.276     .6875378     1.11303
2021-07-20T15:45:39.055952000Z       mixed  |   .8466038   .0705384    -2.00   0.046     .7190495    .9967855
2021-07-20T15:45:39.055966800Z              |
2021-07-20T15:45:39.056228300Z         age1 |   .9935615   .0050204    -1.28   0.201     .9837702     1.00345
2021-07-20T15:45:39.056556400Z         age2 |   1.016969   .0156836     1.09   0.275     .9866895    1.048177
2021-07-20T15:45:39.056918000Z         age3 |   .9640435   .0413912    -0.85   0.394     .8862378     1.04868
2021-07-20T15:45:39.057264600Z       1.male |   .9701042   .0272576    -1.08   0.280     .9181247    1.025026
2021-07-20T15:45:39.057279400Z              |
2021-07-20T15:45:39.057285200Z    obese4cat |
2021-07-20T15:45:39.057574500Z Obese I ..)  |   1.041577   .0420136     1.01   0.313     .9624027    1.127265
2021-07-20T15:45:39.057858200Z Obese II..)  |    1.01626   .0525798     0.31   0.755     .9182583    1.124721
2021-07-20T15:45:39.058236200Z Obese II..)  |   .9322484   .0566083    -1.16   0.248     .8276462    1.050071
2021-07-20T15:45:39.058250700Z              |
2021-07-20T15:45:39.058256300Z smoke_nomiss |
2021-07-20T15:45:39.058530800Z      Former  |   1.120528   .1128871     1.13   0.259     .9197475    1.365138
2021-07-20T15:45:39.058917400Z     Current  |   1.005063   .0443931     0.11   0.909     .9217136    1.095949
2021-07-20T15:45:39.058931700Z              |
2021-07-20T15:45:39.058937600Z          imd |
2021-07-20T15:45:39.059258400Z           4  |   1.016924   .0355065     0.48   0.631     .9496599    1.088952
2021-07-20T15:45:39.059623300Z 5 most de..  |   1.025543   .0476883     0.54   0.588     .9362081    1.123402
2021-07-20T15:45:39.059636700Z              |
2021-07-20T15:45:39.059641400Z tot_adults~h |
2021-07-20T15:45:39.059981000Z           2  |   1.292758   .3207656     1.03   0.301     .7949011    2.102431
2021-07-20T15:45:39.060364000Z           3  |     1.3267    .255258     1.47   0.142     .9099148    1.934392
2021-07-20T15:45:39.060378700Z              |
2021-07-20T15:45:39.060384000Z    ethnicity |
2021-07-20T15:45:39.060775000Z Asian or ..  |   .9135341   .0428643    -1.93   0.054     .8332688    1.001531
2021-07-20T15:45:39.061129600Z       Other  |   .9965956   .0458899    -0.07   0.941     .9105923    1.090722
2021-07-20T15:45:39.061143000Z              |
2021-07-20T15:45:39.061511400Z 1.htdiag_o~p |   .9698821   .0495156    -0.60   0.549     .8775308    1.071952
2021-07-20T15:45:39.061936600Z 1.~y_disease |    1.01719   .0359113     0.48   0.629      .949185    1.090067
2021-07-20T15:45:39.062296700Z     1.asthma |   .9597191   .0516098    -0.76   0.445      .863714    1.066395
2021-07-20T15:45:39.062651600Z 1.~c_disease |   1.005677    .034432     0.17   0.869     .9404062    1.075478
2021-07-20T15:45:39.062688600Z              |
2021-07-20T15:45:39.062699500Z      diabcat |
2021-07-20T15:45:39.063091300Z T1DM, con..  |   1.101715   .0884632     1.21   0.228     .9412848    1.289488
2021-07-20T15:45:39.063403500Z T1DM, unc..  |   .8325759   .1677854    -0.91   0.363     .5608994    1.235841
2021-07-20T15:45:39.063694400Z T2DM, con..  |   1.033688   .0384546     0.89   0.373     .9610005    1.111874
2021-07-20T15:45:39.064106800Z T2DM, unc..  |   1.033516   .0778838     0.44   0.662     .8916046    1.198015
2021-07-20T15:45:39.064477500Z Diabetes,..  |   2.255014   1.009291     1.82   0.069     .9379319    5.421594
2021-07-20T15:45:39.064487200Z              |
2021-07-20T15:45:39.064490400Z cancer_exh~t |
2021-07-20T15:45:39.064960400Z   Last year  |   .7559123   .2009252    -1.05   0.292     .4489706    1.272697
2021-07-20T15:45:39.065291700Z 2-5 years..  |   1.060539   .1123058     0.56   0.579     .8617646    1.305163
2021-07-20T15:45:39.065691600Z    5+ years  |   1.048847   .0371068     1.35   0.178     .9785828    1.124155
2021-07-20T15:45:39.065705200Z              |
2021-07-20T15:45:39.065710800Z cancer_hae~t |
2021-07-20T15:45:39.066208400Z   Last year  |   .4686815    .146934    -2.42   0.016     .2535256    .8664306
2021-07-20T15:45:39.066763300Z 2-5 years..  |   1.116511   .1194297     1.03   0.303     .9053421    1.376935
2021-07-20T15:45:39.067214600Z    5+ years  |   .9912663   .0369538    -0.24   0.814     .9214209    1.066406
2021-07-20T15:45:39.067226200Z              |
2021-07-20T15:45:39.067684000Z 1.~r_disease |   1.040675   .0363843     1.14   0.254     .9717515    1.114487
2021-07-20T15:45:39.068093900Z 1.stroke_d~a |   .9989836   .0344177    -0.03   0.976     .9337532    1.068771
2021-07-20T15:45:39.068645700Z 1.other_ne~o |   .9955938   .0356742    -0.12   0.902     .9280725    1.068028
2021-07-20T15:45:39.068659400Z              |
2021-07-20T15:45:39.068664900Z reduced_ki~t |
2021-07-20T15:45:39.069130300Z Stage 3a/..  |   .8619514   .2061661    -0.62   0.535     .5393714    1.377456
2021-07-20T15:45:39.069505700Z       1.esrd |   .9935478   .0291005    -0.22   0.825      .938118    1.052253
2021-07-20T15:45:39.069953600Z 1.other_tr~t |   .9969542   .0336874    -0.09   0.928      .933067    1.065216
2021-07-20T15:45:39.070347700Z   1.asplenia |   1.024599   .0352344     0.71   0.480      .957817    1.096038
2021-07-20T15:45:39.070744200Z 1.ra_sle_p~s |   .9872092   .0341219    -0.37   0.710     .9225465    1.056404
2021-07-20T15:45:39.080882400Z 1.other_im~o |   .9937742   .0304789    -0.20   0.839     .9357966    1.055344
2021-07-20T15:45:39.080906500Z ------------------------------------------------------------------------------
2021-07-20T15:45:39.081235500Z                                                              Stratified by stp
2021-07-20T15:45:39.125340000Z (note: file ./output/an_multivariate_cox_models_covid_tpp_prob_kids_cat4_MAINFU
2021-07-20T15:45:39.125400100Z > LLYADJMODEL_ageband_0W2.ster not found)
2021-07-20T15:45:39.125433700Z file ./output/an_multivariate_cox_models_covid_tpp_prob_kids_cat4_MAINFULLYADJM
2021-07-20T15:45:39.125440200Z > ODEL_ageband_0W2.ster saved
2021-07-20T15:45:54.751604000Z 
2021-07-20T15:45:54.751623200Z       Test of proportional-hazards assumption
2021-07-20T15:45:54.751633000Z 
2021-07-20T15:45:54.751635900Z       Time:  Time
2021-07-20T15:45:54.751639500Z       ----------------------------------------------------------------
2021-07-20T15:45:54.751643700Z                   |       rho            chi2       df       Prob>chi2
2021-07-20T15:45:54.751648200Z       ------------+---------------------------------------------------
2021-07-20T15:45:54.763072900Z       0b.kids_cat4|            .            .        1             .
2021-07-20T15:45:54.768653300Z       1.kids_cat4 |     -0.00955         0.43        1         0.5143
2021-07-20T15:45:54.773381600Z       2.kids_cat4 |     -0.00267         0.03        1         0.8587
2021-07-20T15:45:54.779260300Z       3.kids_cat4 |      0.00235         0.02        1         0.8769
2021-07-20T15:45:54.788025600Z       age1        |      0.02046         2.25        1         0.1332
2021-07-20T15:45:54.795784300Z       age2        |     -0.02205         2.52        1         0.1127
2021-07-20T15:45:54.802735900Z       age3        |      0.02014         2.11        1         0.1467
2021-07-20T15:45:54.807972400Z       0b.male     |            .            .        1             .
2021-07-20T15:45:54.814198300Z       1.male      |     -0.01050         0.61        1         0.4366
2021-07-20T15:45:54.819725800Z       1b.obese4cat|            .            .        1             .
2021-07-20T15:45:54.824810700Z       2.obese4cat |     -0.02174         2.57        1         0.1088
2021-07-20T15:45:54.830910400Z       3.obese4cat |     -0.00874         0.45        1         0.5022
2021-07-20T15:45:54.836206900Z       4.obese4cat |      0.01533         1.24        1         0.2660
2021-07-20T15:45:54.843548100Z       1b.smoke_n~s|            .            .        1             .
2021-07-20T15:45:54.852863000Z       2.smoke_no~s|     -0.02985         5.20        1         0.0225
2021-07-20T15:45:54.861124300Z       3.smoke_no~s|     -0.01740         1.71        1         0.1910
2021-07-20T15:45:54.868254200Z       1b.imd      |            .            .        1             .
2021-07-20T15:45:54.877844900Z       4.imd       |      0.01752         1.67        1         0.1962
2021-07-20T15:45:54.883961000Z       5.imd       |      0.00134         0.01        1         0.9205
2021-07-20T15:45:54.890030300Z       1b.tot_adu~h|            .            .        1             .
2021-07-20T15:45:54.897092700Z       2.tot_adul~h|      0.00847         0.39        1         0.5315
2021-07-20T15:45:54.903778200Z       3.tot_adul~h|     -0.00281         0.04        1         0.8426
2021-07-20T15:45:54.911031400Z       1b.ethnicity|            .            .        1             .
2021-07-20T15:45:54.916638800Z       3.ethnicity |      0.01125         0.71        1         0.4003
2021-07-20T15:45:54.925247600Z       5.ethnicity |      0.01289         0.88        1         0.3472
2021-07-20T15:45:54.934354900Z       0b.htdiag_~p|            .            .        1             .
2021-07-20T15:45:54.941563000Z       1.htdiag_o~p|     -0.00611         0.21        1         0.6490
2021-07-20T15:45:54.948057700Z       0b.chronic..|            .            .        1             .
2021-07-20T15:45:54.957573800Z       1.~y_disease|     -0.00870         0.44        1         0.5073
2021-07-20T15:45:54.965643800Z       0b.asthma   |            .            .        1             .
2021-07-20T15:45:54.971780500Z       1.asthma    |     -0.00263         0.04        1         0.8376
2021-07-20T15:45:54.978288600Z       0b.chronic..|            .            .        1             .
2021-07-20T15:45:54.986132600Z       1.~c_disease|      0.00078         0.00        1         0.9548
2021-07-20T15:45:54.993044700Z       1b.diabcat  |            .            .        1             .
2021-07-20T15:45:54.999553700Z       2.diabcat   |      0.00114         0.01        1         0.9362
2021-07-20T15:45:55.004895400Z       3.diabcat   |     -0.01255         0.87        1         0.3501
2021-07-20T15:45:55.011969800Z       4.diabcat   |      0.00416         0.09        1         0.7586
2021-07-20T15:45:55.017152600Z       5.diabcat   |      0.00825         0.35        1         0.5521
2021-07-20T15:45:55.022461100Z       6.diabcat   |      0.00463         0.12        1         0.7308
2021-07-20T15:45:55.031563700Z       1b.c~exhae~t|            .            .        1             .
2021-07-20T15:45:55.040495100Z       2.cancer_e~t|     -0.00633         0.23        1         0.6310
2021-07-20T15:45:55.047565700Z       3.cancer_e~t|     -0.00257         0.03        1         0.8552
2021-07-20T15:45:55.054346200Z       4.cancer_e~t|     -0.00426         0.09        1         0.7588
2021-07-20T15:45:55.061907000Z       1b.cancer_..|            .            .        1             .
2021-07-20T15:45:55.070317900Z       2.cancer_h~t|     -0.00551         0.16        1         0.6849
2021-07-20T15:45:55.076449500Z       3.cancer_h~t|     -0.00390         0.09        1         0.7677
2021-07-20T15:45:55.083626200Z       4.cancer_h~t|      0.01675         1.61        1         0.2046
2021-07-20T15:45:55.090827400Z       0b.chronic..|            .            .        1             .
2021-07-20T15:45:55.097311300Z       1.~r_disease|      0.00210         0.03        1         0.8739
2021-07-20T15:45:55.102873400Z       0b.stroke_~a|            .            .        1             .
2021-07-20T15:45:55.111783900Z       1.stroke_d~a|     -0.03614         7.12        1         0.0076
2021-07-20T15:45:55.118778000Z       0b.other_n~o|            .            .        1             .
2021-07-20T15:45:55.125245500Z       1.other_ne~o|      0.02027         2.34        1         0.1265
2021-07-20T15:45:55.131744800Z       1b.reduced~t|            .            .        1             .
2021-07-20T15:45:55.139835400Z       2.reduced_~t|      0.00900         0.42        1         0.5163
2021-07-20T15:45:55.150407900Z       0b.esrd     |            .            .        1             .
2021-07-20T15:45:55.157609000Z       1.esrd      |      0.03129         5.54        1         0.0186
2021-07-20T15:45:55.166345900Z       0b.other_t~t|            .            .        1             .
2021-07-20T15:45:55.172703700Z       1.other_tr~t|      0.00105         0.01        1         0.9400
2021-07-20T15:45:55.178199300Z       0b.asplenia |            .            .        1             .
2021-07-20T15:45:55.184847100Z       1.asplenia  |     -0.01152         0.72        1         0.3966
2021-07-20T15:45:55.191214700Z       0b.ra_sle_~s|            .            .        1             .
2021-07-20T15:45:55.197300100Z       1.ra_sle_p~s|     -0.00391         0.08        1         0.7768
2021-07-20T15:45:55.205273100Z       0b.other_i~o|            .            .        1             .
2021-07-20T15:45:55.214796800Z       1.other_im~o|      0.02555         3.75        1         0.0529
2021-07-20T15:45:55.215608700Z       ------------+---------------------------------------------------
2021-07-20T15:45:55.384098600Z       global test |                     43.70       42         0.3991
2021-07-20T15:45:55.384120900Z       ----------------------------------------------------------------
2021-07-20T15:45:55.384125400Z 
2021-07-20T15:45:55.384128700Z note: robust variance-covariance matrix used.
2021-07-20T15:45:55.389925800Z    1:     16.26 /        1 =      16.2610
2021-07-20T15:45:56.028722300Z    1:      0.64 /        1 =       0.6400
2021-07-20T15:45:56.028746800Z 
2021-07-20T15:45:56.028752700Z -------------------------------------------------------------------------------
2021-07-20T15:45:56.028757700Z active results
2021-07-20T15:45:56.028760500Z -------------------------------------------------------------------------------
2021-07-20T15:45:56.030195800Z 
2021-07-20T15:45:56.030210600Z Stratified Cox regr. -- Breslow method for ties
2021-07-20T15:45:56.030216300Z 
2021-07-20T15:45:56.030220700Z No. of subjects      =        1,904             Number of obs    =       1,904
2021-07-20T15:45:56.030226000Z No. of failures      =          596
2021-07-20T15:45:56.030232300Z Time at risk         =       151908
2021-07-20T15:45:56.030318300Z                                                 Wald chi2(41)    =       34.80
2021-07-20T15:45:56.030334200Z Log pseudolikelihood =    -2950.619             Prob > chi2      =      0.7414
2021-07-20T15:45:56.030340000Z 
2021-07-20T15:45:56.040613900Z                          (Std. Err. adjusted for 226 clusters in household_id)
2021-07-20T15:45:56.040637500Z ------------------------------------------------------------------------------
2021-07-20T15:45:56.040643400Z              |               Robust
2021-07-20T15:45:56.040648000Z           _t | Haz. Ratio   Std. Err.      z    P>|z|     [95% Conf. Interval]
2021-07-20T15:45:56.040668000Z -------------+----------------------------------------------------------------
2021-07-20T15:45:56.040672900Z gp_number_~s |
2021-07-20T15:45:56.040802000Z 2 childre..  |   1.088642   .1366683     0.68   0.499     .8511869    1.392339
2021-07-20T15:45:56.041071600Z 3 childre..  |   .9431736   .1470644    -0.38   0.708     .6948131     1.28031
2021-07-20T15:45:56.041281400Z 4+ childr..  |   1.034222   .1273449     0.27   0.785     .8124641    1.316507
2021-07-20T15:45:56.041293700Z              |
2021-07-20T15:45:56.041669300Z         age1 |   .9999579   .0141061    -0.00   0.998     .9726892    1.027991
2021-07-20T15:45:56.041942300Z         age2 |   1.008014   .0424204     0.19   0.850     .9282085    1.094682
2021-07-20T15:45:56.042275700Z         age3 |   .9733697   .1140999    -0.23   0.818     .7735683    1.224777
2021-07-20T15:45:56.042629600Z       1.male |   1.011288   .0826574     0.14   0.891     .8615926    1.186991
2021-07-20T15:45:56.042641900Z              |
2021-07-20T15:45:56.042646800Z    obese4cat |
2021-07-20T15:45:56.042966800Z Obese I ..)  |   1.087102   .1194184     0.76   0.447     .8765275    1.348264
2021-07-20T15:45:56.043295800Z Obese II..)  |   .7678829   .1392728    -1.46   0.145     .5381589    1.095669
2021-07-20T15:45:56.043613500Z Obese II..)  |   .8464145   .1555187    -0.91   0.364     .5904523    1.213337
2021-07-20T15:45:56.043625400Z              |
2021-07-20T15:45:56.043629800Z smoke_nomiss |
2021-07-20T15:45:56.043928600Z      Former  |   1.648546   .4287258     1.92   0.055     .9902278    2.744525
2021-07-20T15:45:56.044292500Z     Current  |   1.107238   .1421959     0.79   0.428     .8608473    1.424149
2021-07-20T15:45:56.044305200Z              |
2021-07-20T15:45:56.044310400Z          imd |
2021-07-20T15:45:56.044671200Z           4  |   .9744203   .1034155    -0.24   0.807     .7914219    1.199733
2021-07-20T15:45:56.045001500Z 5 most de..  |   1.036296   .1559235     0.24   0.813     .7716318    1.391738
2021-07-20T15:45:56.045013700Z              |
2021-07-20T15:45:56.045018300Z tot_adults~h |
2021-07-20T15:45:56.045383000Z           2  |     1.7691   .9821434     1.03   0.304     .5959288    5.251824
2021-07-20T15:45:56.045758100Z           3  |   1.468646   .7047368     0.80   0.423     .5734084    3.761579
2021-07-20T15:45:56.045770500Z              |
2021-07-20T15:45:56.045774800Z    ethnicity |
2021-07-20T15:45:56.046089200Z Asian or ..  |   .9052974   .1153927    -0.78   0.435       .70517    1.162221
2021-07-20T15:45:56.046450800Z       Other  |   1.082854   .1558294     0.55   0.580     .8167263    1.435698
2021-07-20T15:45:56.046463700Z              |
2021-07-20T15:45:56.046901400Z 1.htdiag_o~p |   1.094638   .1778268     0.56   0.578     .7961416    1.505048
2021-07-20T15:45:56.047288300Z 1.~y_disease |    1.19507    .124373     1.71   0.087     .9745573    1.465478
2021-07-20T15:45:56.047705300Z     1.asthma |   1.030377    .161985     0.19   0.849     .7571456     1.40221
2021-07-20T15:45:56.048081400Z 1.~c_disease |   .9448638   .1032045    -0.52   0.604     .7627727    1.170424
2021-07-20T15:45:56.048093000Z              |
2021-07-20T15:45:56.048097700Z      diabcat |
2021-07-20T15:45:56.048424900Z T1DM, con..  |   1.041207   .2916657     0.14   0.885     .6013068    1.802926
2021-07-20T15:45:56.048724900Z T1DM, unc..  |   1.400721   .7685322     0.61   0.539     .4778853    4.105627
2021-07-20T15:45:56.049028000Z T2DM, con..  |   1.007765   .1244016     0.06   0.950     .7911962    1.283613
2021-07-20T15:45:56.049423500Z T2DM, unc..  |   1.087527   .2092787     0.44   0.663     .7458279    1.585774
2021-07-20T15:45:56.049435400Z              |
2021-07-20T15:45:56.049439700Z cancer_exh~t |
2021-07-20T15:45:56.049723200Z   Last year  |   .9064991   .5826777    -0.15   0.879      .257178    3.195222
2021-07-20T15:45:56.050010600Z 2-5 years..  |   .7889678   .2763898    -0.68   0.499     .3970708    1.567656
2021-07-20T15:45:56.050286500Z    5+ years  |    .989968    .103186    -0.10   0.923     .8070474    1.214348
2021-07-20T15:45:56.050299300Z              |
2021-07-20T15:45:56.050304000Z cancer_hae~t |
2021-07-20T15:45:56.050579300Z   Last year  |   .5613534   .5009827    -0.65   0.518     .0976286    3.227718
2021-07-20T15:45:56.050801700Z 2-5 years..  |   .8134149   .2797002    -0.60   0.548     .4145899      1.5959
2021-07-20T15:45:56.051084800Z    5+ years  |   1.282859   .1405919     2.27   0.023     1.034888    1.590246
2021-07-20T15:45:56.051098000Z              |
2021-07-20T15:45:56.051380400Z 1.~r_disease |   .9463402    .099694    -0.52   0.601     .7697964    1.163372
2021-07-20T15:45:56.051669500Z 1.stroke_d~a |   .9356209   .1054224    -0.59   0.555     .7502217    1.166837
2021-07-20T15:45:56.051963700Z 1.other_ne~o |   1.082923    .124411     0.69   0.488     .8645852    1.356399
2021-07-20T15:45:56.051975200Z              |
2021-07-20T15:45:56.051979300Z reduced_ki~t |
2021-07-20T15:45:56.052333700Z Stage 3a/..  |   .4079924   .3373473    -1.08   0.278     .0806935     2.06284
2021-07-20T15:45:56.052574500Z       1.esrd |   1.019739   .0901876     0.22   0.825     .8574472    1.212749
2021-07-20T15:45:56.052920100Z 1.other_tr~t |     .87509   .0966458    -1.21   0.227     .7047663    1.086577
2021-07-20T15:45:56.053206000Z   1.asplenia |     1.0686   .1078294     0.66   0.511     .8768447    1.302289
2021-07-20T15:45:56.053413200Z 1.ra_sle_p~s |   1.009284   .1122582     0.08   0.934     .8115929    1.255131
2021-07-20T15:45:56.054547100Z 1.other_im~o |   .9270466   .0891749    -0.79   0.431     .7677545    1.119388
2021-07-20T15:45:56.054560500Z ------------------------------------------------------------------------------
2021-07-20T15:45:56.054702700Z                                                              Stratified by stp
2021-07-20T15:45:56.062222900Z (note: file ./output/an_multivariate_cox_models_covid_tpp_prob_gp_number_kids_M
2021-07-20T15:45:56.062243500Z > AINFULLYADJMODEL_ageband_0W2.ster not found)
2021-07-20T15:45:56.062249900Z file ./output/an_multivariate_cox_models_covid_tpp_prob_gp_number_kids_MAINFULL
2021-07-20T15:45:56.062254500Z > YADJMODEL_ageband_0W2.ster saved
2021-07-20T15:45:56.070477500Z (832 observations deleted)
2021-07-20T15:46:03.423184600Z    1:      7.36 /        1 =       7.3550
2021-07-20T15:46:03.423218300Z 
2021-07-20T15:46:03.423223700Z -------------------------------------------------------------------------------
2021-07-20T15:46:03.423227100Z active results
2021-07-20T15:46:03.423230000Z -------------------------------------------------------------------------------
2021-07-20T15:46:03.425646100Z 
2021-07-20T15:46:03.425673500Z Stratified Cox regr. -- Breslow method for ties
2021-07-20T15:46:03.425680300Z 
2021-07-20T15:46:03.425685300Z No. of subjects      =       15,403             Number of obs    =      15,403
2021-07-20T15:46:03.425983900Z No. of failures      =        4,855
2021-07-20T15:46:03.426003600Z Time at risk         =      1229148
2021-07-20T15:46:03.426300400Z                                                 Wald chi2(42)    =       41.95
2021-07-20T15:46:03.426317700Z Log pseudolikelihood =    -34210.81             Prob > chi2      =      0.4733
2021-07-20T15:46:03.426324000Z 
2021-07-20T15:46:03.440491000Z                        (Std. Err. adjusted for 1,112 clusters in household_id)
2021-07-20T15:46:03.440559600Z ------------------------------------------------------------------------------
2021-07-20T15:46:03.440568900Z              |               Robust
2021-07-20T15:46:03.440574000Z           _t | Haz. Ratio   Std. Err.      z    P>|z|     [95% Conf. Interval]
2021-07-20T15:46:03.440579100Z -------------+----------------------------------------------------------------
2021-07-20T15:46:03.440583800Z    kids_cat4 |
2021-07-20T15:46:03.440789900Z only <12 ..  |   .8245525   .0757252    -2.10   0.036     .6887248    .9871675
2021-07-20T15:46:03.441063100Z  only 12-18  |   .8680568   .1089475    -1.13   0.260     .6787598    1.110146
2021-07-20T15:46:03.441318000Z       mixed  |   .8280994   .0688847    -2.27   0.023     .7035193    .9747404
2021-07-20T15:46:03.441333300Z              |
2021-07-20T15:46:03.441626900Z         age1 |   .9924692   .0051877    -1.45   0.148     .9823535    1.002689
2021-07-20T15:46:03.441974000Z         age2 |   1.020978   .0163803     1.29   0.196     .9893727    1.053593
2021-07-20T15:46:03.442423800Z         age3 |   .9544141   .0426878    -1.04   0.297     .8743099    1.041857
2021-07-20T15:46:03.442813300Z       1.male |   .9722078   .0281849    -0.97   0.331     .9185066    1.029049
2021-07-20T15:46:03.442843700Z              |
2021-07-20T15:46:03.442848300Z    obese4cat |
2021-07-20T15:46:03.443130100Z Obese I ..)  |   1.053311   .0435587     1.26   0.209     .9713061     1.14224
2021-07-20T15:46:03.443392000Z Obese II..)  |   1.033839   .0553916     0.62   0.535     .9307793     1.14831
2021-07-20T15:46:03.443709000Z Obese II..)  |   .9261583   .0590336    -1.20   0.229     .8173902      1.0494
2021-07-20T15:46:03.443719400Z              |
2021-07-20T15:46:03.443722400Z smoke_nomiss |
2021-07-20T15:46:03.444049800Z      Former  |   1.090256   .1163308     0.81   0.418     .8845147    1.343854
2021-07-20T15:46:03.444526300Z     Current  |   1.009976   .0462777     0.22   0.828     .9232267    1.104876
2021-07-20T15:46:03.444539200Z              |
2021-07-20T15:46:03.444544400Z          imd |
2021-07-20T15:46:03.444903500Z           4  |   1.003427   .0360489     0.10   0.924      .935203    1.076629
2021-07-20T15:46:03.445285600Z 5 most de..  |     1.0183   .0489066     0.38   0.706     .9268183    1.118812
2021-07-20T15:46:03.445297000Z              |
2021-07-20T15:46:03.445300400Z tot_adults~h |
2021-07-20T15:46:03.445514400Z           2  |   1.321527   .3366136     1.09   0.274      .802161     2.17716
2021-07-20T15:46:03.445839600Z           3  |    1.33804   .2635023     1.48   0.139     .9095796    1.968328
2021-07-20T15:46:03.445850600Z              |
2021-07-20T15:46:03.445853600Z    ethnicity |
2021-07-20T15:46:03.446066000Z Asian or ..  |   .9173532    .044496    -1.78   0.075     .8341598    1.008844
2021-07-20T15:46:03.446423200Z       Other  |    1.01577   .0480382     0.33   0.741     .9258482    1.114424
2021-07-20T15:46:03.446435500Z              |
2021-07-20T15:46:03.446745500Z 1.htdiag_o~p |   .9812874   .0515048    -0.36   0.719     .8853587     1.08761
2021-07-20T15:46:03.447128200Z 1.~y_disease |   1.018708   .0372278     0.51   0.612     .9482951     1.09435
2021-07-20T15:46:03.447483800Z     1.asthma |   .9709822   .0532811    -0.54   0.592     .8719728    1.081234
2021-07-20T15:46:03.447807400Z 1.~c_disease |   1.007244   .0351033     0.21   0.836     .9407395    1.078449
2021-07-20T15:46:03.447821100Z              |
2021-07-20T15:46:03.447826400Z      diabcat |
2021-07-20T15:46:03.448116300Z T1DM, con..  |   1.088511   .0901654     1.02   0.306     .9253891    1.280386
2021-07-20T15:46:03.448380700Z T1DM, unc..  |   .8254161   .1693155    -0.94   0.350     .5521641    1.233894
2021-07-20T15:46:03.448655200Z T2DM, con..  |   1.021019    .039462     0.54   0.590     .9465323    1.101368
2021-07-20T15:46:03.448917500Z T2DM, unc..  |   1.042199   .0809844     0.53   0.595     .8949682     1.21365
2021-07-20T15:46:03.449261400Z Diabetes,..  |   2.271857   1.006004     1.85   0.064     .9538049    5.411312
2021-07-20T15:46:03.449285800Z              |
2021-07-20T15:46:03.449290600Z cancer_exh~t |
2021-07-20T15:46:03.449598000Z   Last year  |   .7248694   .1980846    -1.18   0.239     .4242799    1.238418
2021-07-20T15:46:03.449881000Z 2-5 years..  |   1.050556   .1139297     0.45   0.649     .8493939    1.299361
2021-07-20T15:46:03.450173600Z    5+ years  |   1.037158    .037817     1.00   0.317     .9656249    1.113991
2021-07-20T15:46:03.450186300Z              |
2021-07-20T15:46:03.450191200Z cancer_hae~t |
2021-07-20T15:46:03.450523200Z   Last year  |   .5172292   .1620689    -2.10   0.035      .279877    .9558704
2021-07-20T15:46:03.450801900Z 2-5 years..  |   1.183901   .1295256     1.54   0.123      .955408    1.467039
2021-07-20T15:46:03.451204300Z    5+ years  |   .9877471   .0380241    -0.32   0.749     .9159634    1.065156
2021-07-20T15:46:03.451219100Z              |
2021-07-20T15:46:03.451506400Z 1.~r_disease |   1.040955    .037501     1.11   0.265     .9699891    1.117112
2021-07-20T15:46:03.451859000Z 1.stroke_d~a |   .9965809   .0355667    -0.10   0.924     .9292537    1.068786
2021-07-20T15:46:03.452243400Z 1.other_ne~o |   .9959311   .0363337    -0.11   0.911     .9272048    1.069752
2021-07-20T15:46:03.452255600Z              |
2021-07-20T15:46:03.452261700Z reduced_ki~t |
2021-07-20T15:46:03.452637400Z Stage 3a/..  |   .9066772   .2160861    -0.41   0.681     .5683135    1.446497
2021-07-20T15:46:03.452966600Z       1.esrd |   .9935865   .0295351    -0.22   0.829     .9373528    1.053194
2021-07-20T15:46:03.453302500Z 1.other_tr~t |   1.000793   .0345109     0.02   0.982     .9353884    1.070772
2021-07-20T15:46:03.453618600Z   1.asplenia |   1.028859   .0361055     0.81   0.418     .9604719    1.102115
2021-07-20T15:46:03.453973500Z 1.ra_sle_p~s |   .9825132   .0351619    -0.49   0.622     .9159586    1.053904
2021-07-20T15:46:03.455418800Z 1.other_im~o |   .9901315   .0309835    -0.32   0.751     .9312297    1.052759
2021-07-20T15:46:03.455435800Z ------------------------------------------------------------------------------
2021-07-20T15:46:03.455699300Z                                                              Stratified by stp
2021-07-20T15:46:03.468344700Z (note: file ./output/an_sense_covid_tpp_prob_plus_eth_12mo_ageband_0W2.ster not
2021-07-20T15:46:03.468363900Z >  found)
2021-07-20T15:46:03.468367300Z file ./output/an_sense_covid_tpp_prob_plus_eth_12mo_ageband_0W2.ster saved
2021-07-20T15:46:05.249825100Z    1:      1.78 /        1 =       1.7800
2021-07-20T15:46:05.249853900Z 
2021-07-20T15:46:05.249858700Z -------------------------------------------------------------------------------
2021-07-20T15:46:05.249861700Z active results
2021-07-20T15:46:05.249864500Z -------------------------------------------------------------------------------
2021-07-20T15:46:05.251403900Z 
2021-07-20T15:46:05.251422200Z Stratified Cox regr. -- Breslow method for ties
2021-07-20T15:46:05.251439000Z 
2021-07-20T15:46:05.251442100Z No. of subjects      =        4,496             Number of obs    =       4,496
2021-07-20T15:46:05.251515100Z No. of failures      =        1,466
2021-07-20T15:46:05.251528400Z Time at risk         =       355784
2021-07-20T15:46:05.251632000Z                                                 Wald chi2(42)    =       44.73
2021-07-20T15:46:05.251646600Z Log pseudolikelihood =   -8492.3552             Prob > chi2      =      0.3580
2021-07-20T15:46:05.251724900Z 
2021-07-20T15:46:05.262952200Z                          (Std. Err. adjusted for 912 clusters in household_id)
2021-07-20T15:46:05.262973600Z ------------------------------------------------------------------------------
2021-07-20T15:46:05.262977700Z              |               Robust
2021-07-20T15:46:05.262980200Z           _t | Haz. Ratio   Std. Err.      z    P>|z|     [95% Conf. Interval]
2021-07-20T15:46:05.262982800Z -------------+----------------------------------------------------------------
2021-07-20T15:46:05.262985200Z    kids_cat4 |
2021-07-20T15:46:05.263172800Z only <12 ..  |   .6320848   .1221103    -2.37   0.018     .4328472    .9230306
2021-07-20T15:46:05.263400100Z  only 12-18  |   .7139041   .1665911    -1.44   0.149     .4518665    1.127897
2021-07-20T15:46:05.263643800Z       mixed  |   .7909636   .1380814    -1.34   0.179     .5617708    1.113663
2021-07-20T15:46:05.263655500Z              |
2021-07-20T15:46:05.263919600Z         age1 |   1.022426   .0219754     1.03   0.302     .9802491    1.066417
2021-07-20T15:46:05.264158100Z         age2 |   .8668595    .099548    -1.24   0.213     .6921478    1.085672
2021-07-20T15:46:05.264417300Z         age3 |   1.341621   .3058563     1.29   0.197     .8581776    2.097407
2021-07-20T15:46:05.264697900Z       1.male |   1.023929   .0554147     0.44   0.662     .9208799    1.138509
2021-07-20T15:46:05.264708100Z              |
2021-07-20T15:46:05.264710900Z    obese4cat |
2021-07-20T15:46:05.264968900Z Obese I ..)  |   1.012611   .0769267     0.16   0.869     .8725253    1.175188
2021-07-20T15:46:05.265223000Z Obese II..)  |   1.019348    .094687     0.21   0.837     .8496785    1.222899
2021-07-20T15:46:05.265530800Z Obese II..)  |   .8739871   .1011847    -1.16   0.245     .6965597    1.096609
2021-07-20T15:46:05.265542100Z              |
2021-07-20T15:46:05.265545000Z smoke_nomiss |
2021-07-20T15:46:05.265777400Z      Former  |   .8797741   .1839128    -0.61   0.540     .5840249     1.32529
2021-07-20T15:46:05.266052700Z     Current  |   .8865195      .0736    -1.45   0.147      .753391    1.043173
2021-07-20T15:46:05.266066700Z              |
2021-07-20T15:46:05.266072300Z          imd |
2021-07-20T15:46:05.266348100Z           4  |   1.047292   .0703867     0.69   0.492     .9180366    1.194746
2021-07-20T15:46:05.266674100Z 5 most de..  |    1.01398   .0895413     0.16   0.875     .8528304    1.205581
2021-07-20T15:46:05.266686800Z              |
2021-07-20T15:46:05.266691500Z tot_adults~h |
2021-07-20T15:46:05.266933700Z           2  |   1.085706    .452031     0.20   0.843     .4800836    2.455319
2021-07-20T15:46:05.267223400Z           3  |   1.269743   .4574793     0.66   0.507     .6266629     2.57275
2021-07-20T15:46:05.267236300Z              |
2021-07-20T15:46:05.267241400Z    ethnicity |
2021-07-20T15:46:05.267476700Z Asian or ..  |   1.023306   .0866901     0.27   0.786      .866753    1.208136
2021-07-20T15:46:05.267750300Z       Other  |   1.053225   .0949336     0.58   0.565     .8826671    1.256739
2021-07-20T15:46:05.267760900Z              |
2021-07-20T15:46:05.268171900Z 1.htdiag_o~p |   1.033016   .1024231     0.33   0.743     .8505713    1.254594
2021-07-20T15:46:05.268456900Z 1.~y_disease |   .9740121   .0668657    -0.38   0.701     .8513921    1.114292
2021-07-20T15:46:05.268806800Z     1.asthma |   1.010129   .0918209     0.11   0.912     .8452837    1.207122
2021-07-20T15:46:05.269107600Z 1.~c_disease |   1.003823   .0643867     0.06   0.953     .8852374    1.138294
2021-07-20T15:46:05.269119200Z              |
2021-07-20T15:46:05.269124200Z      diabcat |
2021-07-20T15:46:05.269417600Z T1DM, con..  |   1.116595   .1816801     0.68   0.498     .8117035    1.536009
2021-07-20T15:46:05.269677900Z T1DM, unc..  |   1.653411   .4843522     1.72   0.086     .9311696    2.935843
2021-07-20T15:46:05.269903700Z T2DM, con..  |   .8976901   .0645149    -1.50   0.133     .7797449    1.033476
2021-07-20T15:46:05.270132700Z T2DM, unc..  |   .7571455   .1268525    -1.66   0.097     .5452161    1.051453
2021-07-20T15:46:05.270409000Z Diabetes,..  |   1.713826   1.034891     0.89   0.372     .5247713    5.597102
2021-07-20T15:46:05.270419900Z              |
2021-07-20T15:46:05.270423200Z cancer_exh~t |
2021-07-20T15:46:05.270713400Z   Last year  |   1.267086   .4608961     0.65   0.515     .6211347    2.584796
2021-07-20T15:46:05.270916100Z 2-5 years..  |    1.47771   .3063245     1.88   0.060     .9843238    2.218404
2021-07-20T15:46:05.271229300Z    5+ years  |   .9095899   .0641113    -1.34   0.179     .7922271    1.044339
2021-07-20T15:46:05.271241300Z              |
2021-07-20T15:46:05.271245900Z cancer_hae~t |
2021-07-20T15:46:05.271852700Z   Last year  |   .8881971    .373398    -0.28   0.778     .3896406    2.024671
2021-07-20T15:46:05.272181600Z 2-5 years..  |    .848062   .2038227    -0.69   0.493      .529481    1.358329
2021-07-20T15:46:05.272624800Z    5+ years  |   .9299219   .0615644    -1.10   0.272     .8167585    1.058764
2021-07-20T15:46:05.272637100Z              |
2021-07-20T15:46:05.273131900Z 1.~r_disease |   1.077915   .0680857     1.19   0.235     .9523994    1.219973
2021-07-20T15:46:05.273503400Z 1.stroke_d~a |   1.024677   .0682554     0.37   0.714     .8992638    1.167581
2021-07-20T15:46:05.273801100Z 1.other_ne~o |   1.004812   .0636728     0.08   0.940     .8874543    1.137689
2021-07-20T15:46:05.273813700Z              |
2021-07-20T15:46:05.273819100Z reduced_ki~t |
2021-07-20T15:46:05.274230900Z Stage 3a/..  |    1.21316   .1639703     1.43   0.153     .9308295    1.581125
2021-07-20T15:46:05.274553000Z       1.esrd |   1.029637   .0565093     0.53   0.595     .9246295    1.146569
2021-07-20T15:46:05.274855500Z 1.other_tr~t |   1.056234    .067766     0.85   0.394     .9314267    1.197765
2021-07-20T15:46:05.275236100Z   1.asplenia |   1.117075   .0718487     1.72   0.085     .9847686    1.267157
2021-07-20T15:46:05.275632600Z 1.ra_sle_p~s |    1.05184   .0719701     0.74   0.460     .9198304    1.202794
2021-07-20T15:46:05.277183700Z 1.other_im~o |   1.009142   .0570993     0.16   0.872     .9032117    1.127496
2021-07-20T15:46:05.277195400Z ------------------------------------------------------------------------------
2021-07-20T15:46:05.277462300Z                                                              Stratified by stp
2021-07-20T15:46:05.287397100Z (note: file ./output/an_multivariate_cox_models_covid_tpp_prob_kids_cat4_MAINFU
2021-07-20T15:46:05.287431600Z > LLYADJMODEL_ageband_1W2.ster not found)
2021-07-20T15:46:05.287438300Z file ./output/an_multivariate_cox_models_covid_tpp_prob_kids_cat4_MAINFULLYADJM
2021-07-20T15:46:05.287442800Z > ODEL_ageband_1W2.ster saved
2021-07-20T15:46:07.994524400Z 
2021-07-20T15:46:07.994553100Z       Test of proportional-hazards assumption
2021-07-20T15:46:07.994559300Z 
2021-07-20T15:46:07.994563700Z       Time:  Time
2021-07-20T15:46:07.994568300Z       ----------------------------------------------------------------
2021-07-20T15:46:07.994573000Z                   |       rho            chi2       df       Prob>chi2
2021-07-20T15:46:07.994577800Z       ------------+---------------------------------------------------
2021-07-20T15:46:07.998489000Z       0b.kids_cat4|            .            .        1             .
2021-07-20T15:46:08.000072300Z       1.kids_cat4 |     -0.01148         0.22        1         0.6394
2021-07-20T15:46:08.001414100Z       2.kids_cat4 |     -0.00204         0.01        1         0.9407
2021-07-20T15:46:08.002746400Z       3.kids_cat4 |     -0.00062         0.00        1         0.9802
2021-07-20T15:46:08.004115700Z       age1        |     -0.00827         0.09        1         0.7692
2021-07-20T15:46:08.005427700Z       age2        |      0.00881         0.10        1         0.7494
2021-07-20T15:46:08.006813300Z       age3        |     -0.00933         0.12        1         0.7330
2021-07-20T15:46:08.008223400Z       0b.male     |            .            .        1             .
2021-07-20T15:46:08.009636700Z       1.male      |      0.02430         0.97        1         0.3237
2021-07-20T15:46:08.011200000Z       1b.obese4cat|            .            .        1             .
2021-07-20T15:46:08.013544700Z       2.obese4cat |      0.00072         0.00        1         0.9775
2021-07-20T15:46:08.015760200Z       3.obese4cat |     -0.03928         2.57        1         0.1089
2021-07-20T15:46:08.017870100Z       4.obese4cat |      0.04422         3.02        1         0.0820
2021-07-20T15:46:08.019481900Z       1b.smoke_n~s|            .            .        1             .
2021-07-20T15:46:08.020993000Z       2.smoke_no~s|     -0.02260         0.89        1         0.3451
2021-07-20T15:46:08.022463800Z       3.smoke_no~s|      0.00647         0.07        1         0.7963
2021-07-20T15:46:08.024166700Z       1b.imd      |            .            .        1             .
2021-07-20T15:46:08.025475700Z       4.imd       |     -0.00696         0.08        1         0.7750
2021-07-20T15:46:08.026864000Z       5.imd       |     -0.00224         0.01        1         0.9288
2021-07-20T15:46:08.028490000Z       1b.tot_adu~h|            .            .        1             .
2021-07-20T15:46:08.029857400Z       2.tot_adul~h|      0.00663         0.06        1         0.8014
2021-07-20T15:46:08.036481600Z       3.tot_adul~h|     -0.01487         0.38        1         0.5393
2021-07-20T15:46:08.036520600Z       1b.ethnicity|            .            .        1             .
2021-07-20T15:46:08.036526700Z       3.ethnicity |     -0.01591         0.40        1         0.5281
2021-07-20T15:46:08.038149200Z       5.ethnicity |     -0.01982         0.68        1         0.4094
2021-07-20T15:46:08.039666900Z       0b.htdiag_~p|            .            .        1             .
2021-07-20T15:46:08.041171200Z       1.htdiag_o~p|      0.02548         1.07        1         0.3001
2021-07-20T15:46:08.042704200Z       0b.chronic..|            .            .        1             .
2021-07-20T15:46:08.051487400Z       1.~y_disease|      0.00624         0.07        1         0.7950
2021-07-20T15:46:08.051508100Z       0b.asthma   |            .            .        1             .
2021-07-20T15:46:08.051513200Z       1.asthma    |      0.02186         0.72        1         0.3973
2021-07-20T15:46:08.051517300Z       0b.chronic..|            .            .        1             .
2021-07-20T15:46:08.051521100Z       1.~c_disease|     -0.00234         0.01        1         0.9275
2021-07-20T15:46:08.052892500Z       1b.diabcat  |            .            .        1             .
2021-07-20T15:46:08.054370500Z       2.diabcat   |      0.00464         0.03        1         0.8539
2021-07-20T15:46:08.055722200Z       3.diabcat   |     -0.02770         1.30        1         0.2547
2021-07-20T15:46:08.057017300Z       4.diabcat   |     -0.01857         0.56        1         0.4561
2021-07-20T15:46:08.058620800Z       5.diabcat   |     -0.01172         0.23        1         0.6293
2021-07-20T15:46:08.060165600Z       6.diabcat   |      0.02382         0.66        1         0.4162
2021-07-20T15:46:08.061712800Z       1b.c~exhae~t|            .            .        1             .
2021-07-20T15:46:08.063140000Z       2.cancer_e~t|     -0.00452         0.03        1         0.8566
2021-07-20T15:46:08.064477700Z       3.cancer_e~t|     -0.02699         1.26        1         0.2626
2021-07-20T15:46:08.065702500Z       4.cancer_e~t|     -0.01031         0.18        1         0.6715
2021-07-20T15:46:08.067013500Z       1b.cancer_..|            .            .        1             .
2021-07-20T15:46:08.068311400Z       2.cancer_h~t|      0.01233         0.21        1         0.6457
2021-07-20T15:46:08.070252600Z       3.cancer_h~t|      0.01413         0.34        1         0.5613
2021-07-20T15:46:08.072277100Z       4.cancer_h~t|      0.02368         0.85        1         0.3558
2021-07-20T15:46:08.074321300Z       0b.chronic..|            .            .        1             .
2021-07-20T15:46:08.076305700Z       1.~r_disease|      0.00032         0.00        1         0.9901
2021-07-20T15:46:08.078167200Z       0b.stroke_~a|            .            .        1             .
2021-07-20T15:46:08.079996000Z       1.stroke_d~a|     -0.03153         1.62        1         0.2034
2021-07-20T15:46:08.082226600Z       0b.other_n~o|            .            .        1             .
2021-07-20T15:46:08.084091700Z       1.other_ne~o|     -0.01246         0.26        1         0.6117
2021-07-20T15:46:08.086823200Z       1b.reduced~t|            .            .        1             .
2021-07-20T15:46:08.089814700Z       2.reduced_~t|      0.02974         1.34        1         0.2465
2021-07-20T15:46:08.092118100Z       0b.esrd     |            .            .        1             .
2021-07-20T15:46:08.094112600Z       1.esrd      |      0.02172         0.76        1         0.3821
2021-07-20T15:46:08.096206600Z       0b.other_t~t|            .            .        1             .
2021-07-20T15:46:08.098773100Z       1.other_tr~t|      0.01874         0.57        1         0.4503
2021-07-20T15:46:08.101051500Z       0b.asplenia |            .            .        1             .
2021-07-20T15:46:08.102969500Z       1.asplenia  |     -0.04351         3.17        1         0.0748
2021-07-20T15:46:08.105079900Z       0b.ra_sle_~s|            .            .        1             .
2021-07-20T15:46:08.111887300Z       1.ra_sle_p~s|     -0.00620         0.07        1         0.7940
2021-07-20T15:46:08.114998600Z       0b.other_i~o|            .            .        1             .
2021-07-20T15:46:08.121871800Z       1.other_im~o|      0.02930         1.29        1         0.2562
2021-07-20T15:46:08.122624300Z       ------------+---------------------------------------------------
2021-07-20T15:46:08.156744400Z       global test |                     27.28       42         0.9616
2021-07-20T15:46:08.156770000Z       ----------------------------------------------------------------
2021-07-20T15:46:08.156789900Z 
2021-07-20T15:46:08.156795200Z note: robust variance-covariance matrix used.
2021-07-20T15:46:08.162193300Z    1:      2.87 /        1 =       2.8710
2021-07-20T15:46:08.601977300Z    1:      0.44 /        1 =       0.4430
2021-07-20T15:46:08.602002300Z 
2021-07-20T15:46:08.602008200Z -------------------------------------------------------------------------------
2021-07-20T15:46:08.602014900Z active results
2021-07-20T15:46:08.602018900Z -------------------------------------------------------------------------------
2021-07-20T15:46:08.603703400Z 
2021-07-20T15:46:08.603718500Z Stratified Cox regr. -- Breslow method for ties
2021-07-20T15:46:08.603725500Z 
2021-07-20T15:46:08.603730200Z No. of subjects      =          509             Number of obs    =         509
2021-07-20T15:46:08.603734500Z No. of failures      =          137
2021-07-20T15:46:08.603968800Z Time at risk         =        40930
2021-07-20T15:46:08.603985500Z                                                 Wald chi2(41)    =     4818.49
2021-07-20T15:46:08.604116200Z Log pseudolikelihood =   -476.85465             Prob > chi2      =      0.0000
2021-07-20T15:46:08.604134000Z 
2021-07-20T15:46:08.618800800Z                          (Std. Err. adjusted for 162 clusters in household_id)
2021-07-20T15:46:08.618823700Z ------------------------------------------------------------------------------
2021-07-20T15:46:08.618828800Z              |               Robust
2021-07-20T15:46:08.618833100Z           _t | Haz. Ratio   Std. Err.      z    P>|z|     [95% Conf. Interval]
2021-07-20T15:46:08.618838000Z -------------+----------------------------------------------------------------
2021-07-20T15:46:08.618842300Z gp_number_~s |
2021-07-20T15:46:08.619071200Z 2 childre..  |   1.010833   .2831671     0.04   0.969     .5837547    1.750365
2021-07-20T15:46:08.619291100Z 3 childre..  |   1.295912   .4589564     0.73   0.464     .6473161    2.594386
2021-07-20T15:46:08.619563700Z 4+ childr..  |   .7732168      .2151    -0.92   0.355     .4482361    1.333815
2021-07-20T15:46:08.619576700Z              |
2021-07-20T15:46:08.619811500Z         age1 |   .9899978   .0780005    -0.13   0.898     .8483387    1.155312
2021-07-20T15:46:08.620082800Z         age2 |   1.137243   .4389343     0.33   0.739     .5337291    2.423182
2021-07-20T15:46:08.620382500Z         age3 |   .8250449   .6146267    -0.26   0.796     .1915867    3.552957
2021-07-20T15:46:08.620681900Z       1.male |   1.034053   .1769124     0.20   0.845     .7394584    1.446011
2021-07-20T15:46:08.620695100Z              |
2021-07-20T15:46:08.620699800Z    obese4cat |
2021-07-20T15:46:08.620946100Z Obese I ..)  |   1.654162   .4379598     1.90   0.057     .9844915    2.779356
2021-07-20T15:46:08.621246000Z Obese II..)  |   2.387372   .6390006     3.25   0.001     1.412826    4.034145
2021-07-20T15:46:08.621615800Z Obese II..)  |   .6226022   .2573128    -1.15   0.252     .2769624    1.399589
2021-07-20T15:46:08.621629200Z              |
2021-07-20T15:46:08.621634500Z smoke_nomiss |
2021-07-20T15:46:08.621932200Z      Former  |   1.502864   .5671046     1.08   0.280     .7173307    3.148618
2021-07-20T15:46:08.622220200Z     Current  |   .6597367   .2741049    -1.00   0.317     .2922245    1.489445
2021-07-20T15:46:08.622233200Z              |
2021-07-20T15:46:08.622238500Z          imd |
2021-07-20T15:46:08.622668400Z           4  |   .9798849   .2075216    -0.10   0.924     .6470029    1.484034
2021-07-20T15:46:08.623590800Z 5 most de..  |   1.124834   .3842117     0.34   0.731     .5758927    2.197025
2021-07-20T15:46:08.623606400Z              |
2021-07-20T15:46:08.623611800Z tot_adults~h |
2021-07-20T15:46:08.623986900Z           2  |   .2144022   .3546325    -0.93   0.352      .008381     5.48481
2021-07-20T15:46:08.624314500Z           3  |   .2666637   .4171073    -0.85   0.398      .012432    5.719887
2021-07-20T15:46:08.624328700Z              |
2021-07-20T15:46:08.624334700Z    ethnicity |
2021-07-20T15:46:08.624630100Z Asian or ..  |   1.589658   .5191546     1.42   0.156     .8381388    3.015027
2021-07-20T15:46:08.624936500Z       Other  |   1.437451   .3725664     1.40   0.161     .8649163    2.388978
2021-07-20T15:46:08.624950800Z              |
2021-07-20T15:46:08.625315900Z 1.htdiag_o~p |   1.286255   .5484243     0.59   0.555     .5576963    2.966582
2021-07-20T15:46:08.625645600Z 1.~y_disease |   .9607342   .2098258    -0.18   0.854     .6261805    1.474032
2021-07-20T15:46:08.625971500Z     1.asthma |   1.659428   .5173851     1.62   0.104     .9006717    3.057388
2021-07-20T15:46:08.626292000Z 1.~c_disease |   1.026102   .2570875     0.10   0.918     .6279483    1.676707
2021-07-20T15:46:08.626307300Z              |
2021-07-20T15:46:08.626312400Z      diabcat |
2021-07-20T15:46:08.626636300Z T1DM, con..  |   .7513467   .4685698    -0.46   0.647      .221308    2.550843
2021-07-20T15:46:08.626896500Z T1DM, unc..  |   2.830164   2.036778     1.45   0.148     .6906042    11.59829
2021-07-20T15:46:08.627156100Z T2DM, con..  |   .6199214   .1865658    -1.59   0.112     .3436899    1.118166
2021-07-20T15:46:08.627505600Z T2DM, unc..  |    1.18552   .5141451     0.39   0.695     .5067028    2.773731
2021-07-20T15:46:08.627519600Z              |
2021-07-20T15:46:08.627525200Z cancer_exh~t |
2021-07-20T15:46:08.627885300Z   Last year  |    2.61812   2.543976     0.99   0.322     .3898465     17.5827
2021-07-20T15:46:08.628132500Z 2-5 years..  |   .4515544   .5318913    -0.67   0.500     .0448817    4.543081
2021-07-20T15:46:08.628609800Z    5+ years  |   .6818426   .1711817    -1.53   0.127     .4168536    1.115282
2021-07-20T15:46:08.628637800Z              |
2021-07-20T15:46:08.628641100Z cancer_hae~t |
2021-07-20T15:46:08.628976500Z   Last year  |   1.62e-14   1.51e-14   -34.13   0.000     2.62e-15    1.01e-13
2021-07-20T15:46:08.629324900Z 2-5 years..  |   14.18858   10.03607     3.75   0.000     3.546951    56.75745
2021-07-20T15:46:08.629726400Z    5+ years  |   1.402105   .3219186     1.47   0.141     .8940208    2.198941
2021-07-20T15:46:08.629738900Z              |
2021-07-20T15:46:08.630181500Z 1.~r_disease |   1.108443     .25635     0.45   0.656     .7044592    1.744099
2021-07-20T15:46:08.630522800Z 1.stroke_d~a |   .9286986   .2083166    -0.33   0.742     .5983311    1.441478
2021-07-20T15:46:08.630897000Z 1.other_ne~o |   1.261623   .2688384     1.09   0.275     .8308978     1.91563
2021-07-20T15:46:08.630911100Z              |
2021-07-20T15:46:08.630916500Z reduced_ki~t |
2021-07-20T15:46:08.631360400Z Stage 3a/..  |   1.281048   .7688488     0.41   0.680     .3950922    4.153675
2021-07-20T15:46:08.631739900Z       1.esrd |   1.104836    .235493     0.47   0.640     .7275555    1.677758
2021-07-20T15:46:08.632144200Z 1.other_tr~t |   .9823261    .249973    -0.07   0.944     .5965544    1.617564
2021-07-20T15:46:08.632548600Z   1.asplenia |   1.202377   .2787051     0.80   0.427     .7633724    1.893848
2021-07-20T15:46:08.632934800Z 1.ra_sle_p~s |   1.043859   .2327003     0.19   0.847     .6743563    1.615825
2021-07-20T15:46:08.634893900Z 1.other_im~o |   .7875586   .1842112    -1.02   0.307     .4979498    1.245605
2021-07-20T15:46:08.634910200Z ------------------------------------------------------------------------------
2021-07-20T15:46:08.635168200Z                                                              Stratified by stp
2021-07-20T15:46:08.646051600Z (note: file ./output/an_multivariate_cox_models_covid_tpp_prob_gp_number_kids_M
2021-07-20T15:46:08.646075900Z > AINFULLYADJMODEL_ageband_1W2.ster not found)
2021-07-20T15:46:08.646081900Z file ./output/an_multivariate_cox_models_covid_tpp_prob_gp_number_kids_MAINFULL
2021-07-20T15:46:08.646086400Z > YADJMODEL_ageband_1W2.ster saved
2021-07-20T15:46:08.650719300Z (203 observations deleted)
2021-07-20T15:46:10.364655300Z    1:      1.72 /        1 =       1.7160
2021-07-20T15:46:10.364687000Z 
2021-07-20T15:46:10.364693800Z -------------------------------------------------------------------------------
2021-07-20T15:46:10.364699000Z active results
2021-07-20T15:46:10.364703500Z -------------------------------------------------------------------------------
2021-07-20T15:46:10.366316000Z 
2021-07-20T15:46:10.366334700Z Stratified Cox regr. -- Breslow method for ties
2021-07-20T15:46:10.366341200Z 
2021-07-20T15:46:10.366346500Z No. of subjects      =        4,293             Number of obs    =       4,293
2021-07-20T15:46:10.366472500Z No. of failures      =        1,401
2021-07-20T15:46:10.366501200Z Time at risk         =       339613
2021-07-20T15:46:10.366506800Z                                                 Wald chi2(42)    =       44.82
2021-07-20T15:46:10.366631600Z Log pseudolikelihood =   -8050.9436             Prob > chi2      =      0.3542
2021-07-20T15:46:10.366686600Z 
2021-07-20T15:46:10.382960400Z                          (Std. Err. adjusted for 903 clusters in household_id)
2021-07-20T15:46:10.382984200Z ------------------------------------------------------------------------------
2021-07-20T15:46:10.382988000Z              |               Robust
2021-07-20T15:46:10.382990900Z           _t | Haz. Ratio   Std. Err.      z    P>|z|     [95% Conf. Interval]
2021-07-20T15:46:10.382993800Z -------------+----------------------------------------------------------------
2021-07-20T15:46:10.382996400Z    kids_cat4 |
2021-07-20T15:46:10.383295900Z only <12 ..  |   .6662903   .1363125    -1.98   0.047     .4461912    .9949608
2021-07-20T15:46:10.383570500Z  only 12-18  |   .7558633   .1829511    -1.16   0.248     .4703447    1.214703
2021-07-20T15:46:10.383868200Z       mixed  |   .8358399   .1562198    -0.96   0.337     .5794717     1.20563
2021-07-20T15:46:10.383882200Z              |
2021-07-20T15:46:10.384191500Z         age1 |   1.022769   .0227123     1.01   0.311     .9792086    1.068267
2021-07-20T15:46:10.384507100Z         age2 |   .8732297   .1024153    -1.16   0.248     .6938997    1.098905
2021-07-20T15:46:10.384877000Z         age3 |    1.32164    .306806     1.20   0.230     .8385224    2.083106
2021-07-20T15:46:10.385255200Z       1.male |   1.015844   .0565275     0.28   0.778     .9108803    1.132904
2021-07-20T15:46:10.385268900Z              |
2021-07-20T15:46:10.385274400Z    obese4cat |
2021-07-20T15:46:10.385681800Z Obese I ..)  |   1.004561   .0783692     0.06   0.953     .8621265    1.170527
2021-07-20T15:46:10.385989600Z Obese II..)  |   1.018193   .0960497     0.19   0.848     .8463179    1.224974
2021-07-20T15:46:10.386436900Z Obese II..)  |   .8716306   .1011118    -1.18   0.236     .6943693    1.094144
2021-07-20T15:46:10.386453900Z              |
2021-07-20T15:46:10.386459300Z smoke_nomiss |
2021-07-20T15:46:10.386698600Z      Former  |   .8903415   .1902047    -0.54   0.587     .5857515    1.353318
2021-07-20T15:46:10.387063000Z     Current  |   .8641155   .0751994    -1.68   0.093     .7286119    1.024819
2021-07-20T15:46:10.387078900Z              |
2021-07-20T15:46:10.387083900Z          imd |
2021-07-20T15:46:10.387448700Z           4  |   1.054751   .0721315     0.78   0.436     .9224411    1.206039
2021-07-20T15:46:10.387774800Z 5 most de..  |   1.001342   .0922373     0.01   0.988     .8359403    1.199471
2021-07-20T15:46:10.387790500Z              |
2021-07-20T15:46:10.387796800Z tot_adults~h |
2021-07-20T15:46:10.388032700Z           2  |   .9418351   .3940856    -0.14   0.886     .4147749    2.138638
2021-07-20T15:46:10.388471100Z           3  |   1.037524   .3852402     0.10   0.921     .5011188    2.148105
2021-07-20T15:46:10.388488500Z              |
2021-07-20T15:46:10.388494400Z    ethnicity |
2021-07-20T15:46:10.388743300Z Asian or ..  |   1.003822   .0881974     0.04   0.965     .8450234    1.192462
2021-07-20T15:46:10.389115900Z       Other  |   1.062213   .0970011     0.66   0.509     .8881368    1.270408
2021-07-20T15:46:10.389130300Z              |
2021-07-20T15:46:10.389525100Z 1.htdiag_o~p |   .9854218    .097967    -0.15   0.883     .8109589    1.197417
2021-07-20T15:46:10.389925600Z 1.~y_disease |   .9654471   .0672485    -0.50   0.614     .8422437    1.106673
2021-07-20T15:46:10.390349200Z     1.asthma |   .9984064   .0937941    -0.02   0.986      .830505    1.200252
2021-07-20T15:46:10.390753600Z 1.~c_disease |   1.009276    .065556     0.14   0.887     .8886307      1.1463
2021-07-20T15:46:10.390764800Z              |
2021-07-20T15:46:10.390769100Z      diabcat |
2021-07-20T15:46:10.391151500Z T1DM, con..  |   1.098599   .1836313     0.56   0.574        .7917    1.524467
2021-07-20T15:46:10.391484900Z T1DM, unc..  |   1.650767   .4852558     1.71   0.088     .9278302    2.936994
2021-07-20T15:46:10.391792600Z T2DM, con..  |     .89321   .0662252    -1.52   0.128     .7724013    1.032914
2021-07-20T15:46:10.392122700Z T2DM, unc..  |   .6767277   .1205648    -2.19   0.028     .4772711    .9595392
2021-07-20T15:46:10.392564600Z Diabetes,..  |   1.706529   1.035797     0.88   0.379     .5193586    5.607383
2021-07-20T15:46:10.392579400Z              |
2021-07-20T15:46:10.392585900Z cancer_exh~t |
2021-07-20T15:46:10.392940000Z   Last year  |   1.321297   .4839164     0.76   0.447     .6445452    2.708616
2021-07-20T15:46:10.393261800Z 2-5 years..  |   1.426259   .3045389     1.66   0.096     .9385283    2.167451
2021-07-20T15:46:10.393682500Z    5+ years  |   .9013826   .0649471    -1.44   0.150     .7826684    1.038103
2021-07-20T15:46:10.393694900Z              |
2021-07-20T15:46:10.393699400Z cancer_hae~t |
2021-07-20T15:46:10.394292800Z   Last year  |   .9005027   .3790043    -0.25   0.803     .3946668    2.054657
2021-07-20T15:46:10.394809300Z 2-5 years..  |   .8850855   .2132722    -0.51   0.612     .5519221     1.41936
2021-07-20T15:46:10.395291200Z    5+ years  |   .9504111   .0645246    -0.75   0.454     .8319981    1.085677
2021-07-20T15:46:10.395307600Z              |
2021-07-20T15:46:10.395796900Z 1.~r_disease |   1.091553   .0700288     1.37   0.172     .9625776    1.237809
2021-07-20T15:46:10.396275600Z 1.stroke_d~a |   1.019871   .0700547     0.29   0.775     .8914078    1.166847
2021-07-20T15:46:10.396757800Z 1.other_ne~o |   1.015321   .0660103     0.23   0.815     .8938471    1.153303
2021-07-20T15:46:10.396788100Z              |
2021-07-20T15:46:10.396794800Z reduced_ki~t |
2021-07-20T15:46:10.397163400Z Stage 3a/..  |    1.19545   .1632831     1.31   0.191     .9146775    1.562408
2021-07-20T15:46:10.397489500Z       1.esrd |   1.037244   .0584087     0.65   0.516     .9288559    1.158279
2021-07-20T15:46:10.397895800Z 1.other_tr~t |   1.033001   .0692038     0.48   0.628     .9058912    1.177945
2021-07-20T15:46:10.398224800Z   1.asplenia |   1.122526   .0725284     1.79   0.074     .9890054    1.274072
2021-07-20T15:46:10.398551800Z 1.ra_sle_p~s |   1.030784   .0730185     0.43   0.669     .8971614    1.184309
2021-07-20T15:46:10.399952500Z 1.other_im~o |   1.012684   .0590074     0.22   0.829     .9033916    1.135199
2021-07-20T15:46:10.399969100Z ------------------------------------------------------------------------------
2021-07-20T15:46:10.400232700Z                                                              Stratified by stp
2021-07-20T15:46:10.408374200Z (note: file ./output/an_sense_covid_tpp_prob_plus_eth_12mo_ageband_1W2.ster not
2021-07-20T15:46:10.408396200Z >  found)
2021-07-20T15:46:10.408402200Z file ./output/an_sense_covid_tpp_prob_plus_eth_12mo_ageband_1W2.ster saved
2021-07-20T15:46:10.408407000Z 
2021-07-20T15:46:10.408411400Z . 
2021-07-20T15:46:10.408415500Z . log close
2021-07-20T15:46:10.408604000Z       name:  <unnamed>
2021-07-20T15:46:10.408618700Z        log:  /workspace/log/07b_an_multivariable_cox_models_covid_tpp_prob_W2.l
2021-07-20T15:46:10.408624200Z > og
2021-07-20T15:46:10.408628500Z   log type:  text
2021-07-20T15:46:10.408632500Z  closed on:  20 Jul 2021, 15:46:10
2021-07-20T15:46:10.408636600Z -------------------------------------------------------------------------------
2021-07-20T15:46:10.408641000Z 
2021-07-20T15:46:10.408645200Z . exit, clear
2021-07-20T15:46:10.408649800Z 
2021-07-20T15:46:10.408653900Z end of do-file
2021-07-20T15:46:10.408657700Z 
2021-07-20T15:46:10.408661400Z . . file open output using "/tmp/tmp.R0lEca3l3K", write text replace
2021-07-20T15:46:10.408670600Z 
2021-07-20T15:46:10.408675400Z . . file write output "success" 
2021-07-20T15:46:10.408680100Z 
2021-07-20T15:46:10.408684300Z . . file close output
2021-07-20T15:46:10.408688500Z 
2021-07-20T15:46:10.408783200Z . 
2021-07-20T15:46:10.408797800Z end of do-file
2021-07-20T15:46:10.408803100Z 
2021-07-20T15:46:10.408807400Z 
2021-07-20T15:46:10.437155300Z . 

state: succeeded
commit: none
docker_image_id: sha256:11980aa720220a1b39bf523f5a8a33270214c13876c30ee364e16265766f7f60
exit_code: 0
job_id: 24bu66fzslmfdte4
run_by_user: qc18278
created_at: 2021-07-20T15:38:48Z
started_at: 2021-07-20T15:45:30Z
completed_at: 2021-07-20T15:47:00Z

Completed successfully

outputs:
  log/07b_an_multivariable_cox_models_covid_tpp_prob_W2.log                                           - moderately_sensitive
  output/an_multivariate_cox_models_covid_tpp_prob_gp_number_kids_MAINFULLYADJMODEL_ageband_0W2.ster  - moderately_sensitive
  output/an_multivariate_cox_models_covid_tpp_prob_gp_number_kids_MAINFULLYADJMODEL_ageband_1W2.ster  - moderately_sensitive
  output/an_multivariate_cox_models_covid_tpp_prob_kids_cat4_MAINFULLYADJMODEL_ageband_0W2.ster       - moderately_sensitive
  output/an_multivariate_cox_models_covid_tpp_prob_kids_cat4_MAINFULLYADJMODEL_ageband_1W2.ster       - moderately_sensitive
  output/an_sense_covid_tpp_prob_plus_eth_12mo_ageband_0W2.ster                                       - moderately_sensitive
  output/an_sense_covid_tpp_prob_plus_eth_12mo_ageband_1W2.ster                                       - moderately_sensitive