2021-07-20T15:46:48.338556800Z 
2021-07-20T15:46:48.338590800Z   ___  ____  ____  ____  ____ (R)
2021-07-20T15:46:48.338596800Z  /__    /   ____/   /   ____/
2021-07-20T15:46:48.338600800Z ___/   /   /___/   /   /___/   16.1   Copyright 1985-2019 StataCorp LLC
2021-07-20T15:46:48.338604900Z   Statistics/Data Analysis            StataCorp
2021-07-20T15:46:48.338609000Z                                       4905 Lakeway Drive
2021-07-20T15:46:48.338613100Z                                       College Station, Texas 77845 USA
2021-07-20T15:46:48.338617100Z                                       800-STATA-PC        http://www.stata.com
2021-07-20T15:46:48.338621200Z                                       979-696-4600        stata@stata.com
2021-07-20T15:46:48.338625200Z                                       979-696-4601 (fax)
2021-07-20T15:46:48.338628900Z 
2021-07-20T15:46:48.338632500Z 3-user Stata network license expires 11 May 2022:
2021-07-20T15:46:48.338636400Z        Serial number:  501709312237
2021-07-20T15:46:48.338640400Z          Licensed to:  The Bennett Institute
2021-07-20T15:46:48.338644300Z                        Oxford University
2021-07-20T15:46:48.340035300Z 
2021-07-20T15:46:48.340055800Z Notes:
2021-07-20T15:46:48.340060900Z       1.  Unicode is supported; see help unicode_advice.
2021-07-20T15:46:48.340065100Z 
2021-07-20T15:46:48.340068800Z . do "analysis/07b_an_multivariable_cox_models_FULL.wrapper.do" covidadmission 
2021-07-20T15:46:48.340073300Z > W2 
2021-07-20T15:46:48.340077500Z 
2021-07-20T15:46:48.340081100Z . . do "analysis/07b_an_multivariable_cox_models_FULL.do" covidadmission W2
2021-07-20T15:46:48.340085500Z 
2021-07-20T15:46:48.340089200Z . *****************************************************************************
2021-07-20T15:46:48.340126100Z > ***
2021-07-20T15:46:48.340186600Z . *
2021-07-20T15:46:48.340196300Z . *       Do-file:                07b_an_multivariable_cox_models.do
2021-07-20T15:46:48.340200900Z . *
2021-07-20T15:46:48.340204600Z . *       Project:                Exposure children and COVID risk
2021-07-20T15:46:48.340208500Z . *
2021-07-20T15:46:48.340212200Z . *       Programmed by:  Hforbes, based on files from Fizz & Krishnan
2021-07-20T15:46:48.340216800Z . *
2021-07-20T15:46:48.340220600Z . *       Data used:              analysis_dataset.dta
2021-07-20T15:46:48.340224600Z . *
2021-07-20T15:46:48.340228400Z . *       Data created:   None
2021-07-20T15:46:48.340232100Z . *
2021-07-20T15:46:48.340235700Z . *       Other output:   Log file:  an_multivariable_cox_models.log
2021-07-20T15:46:48.340239900Z . *
2021-07-20T15:46:48.340243800Z . *****************************************************************************
2021-07-20T15:46:48.340260200Z > ***
2021-07-20T15:46:48.340264800Z . *
2021-07-20T15:46:48.340273600Z . *       Purpose:                This do-file performs multivariable (fully ad
2021-07-20T15:46:48.340278000Z > justed) 
2021-07-20T15:46:48.340282100Z . *                                       Cox models. 
2021-07-20T15:46:48.340286200Z . *  
2021-07-20T15:46:48.340498400Z . *****************************************************************************
2021-07-20T15:46:48.340514200Z > ***
2021-07-20T15:46:48.340519800Z . *       
2021-07-20T15:46:48.340524000Z . *       Stata routines needed:  stbrier   
2021-07-20T15:46:48.340528300Z . *
2021-07-20T15:46:48.340532300Z . *****************************************************************************
2021-07-20T15:46:48.340536600Z > ***
2021-07-20T15:46:48.340540400Z . 
2021-07-20T15:46:48.340544300Z . * Set globals that will print in programs and direct output
2021-07-20T15:46:48.340548400Z . global outdir     "output" 
2021-07-20T15:46:48.340552400Z 
2021-07-20T15:46:48.340717200Z . global logdir     "log"
2021-07-20T15:46:48.340753700Z 
2021-07-20T15:46:48.340760100Z . global tempdir    "tempdata"
2021-07-20T15:46:48.340764300Z 
2021-07-20T15:46:48.340768200Z . global demogadjlist  age1 age2 age3 i.male i.obese4cat i.smoke_nomiss i.imd i
2021-07-20T15:46:48.340772400Z > .tot_adults_hh i.ethnicity
2021-07-20T15:46:48.340776600Z 
2021-07-20T15:46:48.340780300Z . global comordidadjlist  i.htdiag_or_highbp                              ///
2021-07-20T15:46:48.340784400Z >                         i.chronic_respiratory_disease   ///
2021-07-20T15:46:48.340788600Z >                         i.asthma                                             
2021-07-20T15:46:48.340793000Z >    ///
2021-07-20T15:46:48.340797100Z >                         i.chronic_cardiac_disease               ///
2021-07-20T15:46:48.340801400Z >                         i.diabcat                                            
2021-07-20T15:46:48.340805600Z >    ///
2021-07-20T15:46:48.340809400Z >                         i.cancer_exhaem_cat                             ///
2021-07-20T15:46:48.340813400Z >                         i.cancer_haem_cat                               ///
2021-07-20T15:46:48.340817700Z >                         i.chronic_liver_disease                 ///
2021-07-20T15:46:48.340822000Z >                         i.stroke_dementia                               ///
2021-07-20T15:46:48.340826400Z >                         i.other_neuro                                   ///
2021-07-20T15:46:48.340831400Z >                         i.reduced_kidney_function_cat   ///
2021-07-20T15:46:48.340843600Z >                         i.esrd                                               
2021-07-20T15:46:48.340848200Z >    ///
2021-07-20T15:46:48.340852000Z >                         i.other_transplant                              ///
2021-07-20T15:46:48.340856000Z >                         i.asplenia                                           
2021-07-20T15:46:48.340860200Z >    ///
2021-07-20T15:46:48.340864200Z >                         i.ra_sle_psoriasis                      ///
2021-07-20T15:46:48.340868600Z >                         i.other_immuno          
2021-07-20T15:46:48.340872600Z 
2021-07-20T15:46:48.340875100Z . 
2021-07-20T15:46:48.340877500Z . local outcome `1'
2021-07-20T15:46:48.340879800Z 
2021-07-20T15:46:48.340882100Z . local dataset `2'
2021-07-20T15:46:48.340884500Z 
2021-07-20T15:46:48.340886900Z . 
2021-07-20T15:46:48.340889300Z . *****************************************************************************
2021-07-20T15:46:48.340892000Z > *******
2021-07-20T15:46:48.340894400Z . *First clean up all old saved estimates for this outcome
2021-07-20T15:46:48.340896900Z . *This is to guard against accidentally displaying left-behind results from ol
2021-07-20T15:46:48.340899400Z > d runs
2021-07-20T15:46:48.340902700Z . *****************************************************************************
2021-07-20T15:46:48.340906900Z > *******
2021-07-20T15:46:48.340910800Z . 
2021-07-20T15:46:48.340914700Z . * Open a log file
2021-07-20T15:46:48.340918500Z . capture log close
2021-07-20T15:46:48.340925600Z 
2021-07-20T15:46:48.340930200Z . log using "$logdir/07b_an_multivariable_cox_models_`outcome'_`dataset'", text
2021-07-20T15:46:48.340936300Z >  replace
2021-07-20T15:46:48.341038100Z (note: file /workspace/log/07b_an_multivariable_cox_models_covidadmission_W2.lo
2021-07-20T15:46:48.341048900Z > g not found)
2021-07-20T15:46:48.341052800Z -------------------------------------------------------------------------------
2021-07-20T15:46:48.341056300Z       name:  <unnamed>
2021-07-20T15:46:48.341060100Z        log:  /workspace/log/07b_an_multivariable_cox_models_covidadmission_W2.l
2021-07-20T15:46:48.341064000Z > og
2021-07-20T15:46:48.341068200Z   log type:  text
2021-07-20T15:46:48.341072300Z  opened on:  20 Jul 2021, 15:46:48
2021-07-20T15:46:48.341076300Z 
2021-07-20T15:46:48.341086700Z . 
2021-07-20T15:46:48.341091600Z . 
2021-07-20T15:46:48.341095900Z . *****************************************************************************
2021-07-20T15:46:48.341107300Z > ********
2021-07-20T15:46:48.341112200Z . *PROG TO DEFINE THE BASIC COX MODEL WITH OPTIONS FOR HANDLING OF AGE, BMI, ET
2021-07-20T15:46:48.341116600Z > HNICITY:
2021-07-20T15:46:48.341120400Z . cap prog drop basecoxmodel
2021-07-20T15:46:48.341193000Z 
2021-07-20T15:46:48.341203200Z . prog define basecoxmodel
2021-07-20T15:46:48.341300300Z   1.         syntax , exposure(string) age(string) 
2021-07-20T15:46:48.341426600Z   2. 
2021-07-20T15:46:48.341435900Z . timer clear
2021-07-20T15:46:48.341440600Z   3. timer on 1
2021-07-20T15:46:48.341444800Z   4.         capture stcox   `exposure'                              ///
2021-07-20T15:46:48.341449100Z >                         $demogadjlist                                   ///
2021-07-20T15:46:48.341453200Z >                         $comordidadjlist                                ///
2021-07-20T15:46:48.341458100Z >                         `if'                                                 
2021-07-20T15:46:48.341462500Z >    ///
2021-07-20T15:46:48.341466500Z >                         , strata(stp) vce(cluster household_id)
2021-07-20T15:46:48.341470700Z   5. timer off 1
2021-07-20T15:46:48.341474800Z   6. timer list
2021-07-20T15:46:48.341479000Z   7. end
2021-07-20T15:46:48.341559700Z 
2021-07-20T15:46:48.341569500Z . *****************************************************************************
2021-07-20T15:46:48.341574600Z > ********
2021-07-20T15:46:48.341579000Z . 
2021-07-20T15:46:48.341583300Z . 
2021-07-20T15:46:48.341587500Z . * Open dataset and fit specified model(s)
2021-07-20T15:46:48.341591600Z . forvalues x=0/1 {
2021-07-20T15:46:48.341595700Z   2. 
2021-07-20T15:46:48.341685500Z . use "$tempdir/cr_create_analysis_dataset_STSET_`outcome'_ageband_`x'`dataset'
2021-07-20T15:46:48.341696400Z > .dta", clear
2021-07-20T15:46:48.341701400Z   3. 
2021-07-20T15:46:48.341705300Z . ******************************
2021-07-20T15:46:48.341709200Z . *  Multivariable Cox models  *
2021-07-20T15:46:48.341712900Z . ******************************
2021-07-20T15:46:48.341717000Z . 
2021-07-20T15:46:48.341721200Z . 
2021-07-20T15:46:48.341725200Z . 
2021-07-20T15:46:48.341729000Z . foreach exposure_type in kids_cat4  {
2021-07-20T15:46:48.341732700Z   4. 
2021-07-20T15:46:48.341736300Z . *Age spline model (not adj ethnicity)
2021-07-20T15:46:48.341743400Z . cap erase "./output/an_multivariate_cox_models_`outcome'_`exposure_type'_MAIN
2021-07-20T15:46:48.341748500Z > FULLYADJMODEL_ageband_`x'`dataset'"
2021-07-20T15:46:48.341761300Z   5. basecoxmodel, exposure("i.`exposure_type'") age("age1 age2 age3") 
2021-07-20T15:46:48.341766400Z   6. if _rc==0{
2021-07-20T15:46:48.341770800Z   7. estimates
2021-07-20T15:46:48.341775100Z   8. estimates save "./output/an_multivariate_cox_models_`outcome'_`exposure_ty
2021-07-20T15:46:48.341780000Z > pe'_MAINFULLYADJMODEL_ageband_`x'`dataset'", replace
2021-07-20T15:46:48.341784100Z   9.         *  Proportional Hazards test 
2021-07-20T15:46:48.341801800Z .         * Based on Schoenfeld residuals
2021-07-20T15:46:48.341810700Z .         timer clear 
2021-07-20T15:46:48.341815200Z  10.         timer on 1
2021-07-20T15:46:48.341949700Z  11.         if e(N_fail)>0 estat phtest, d
2021-07-20T15:46:48.341962900Z  12.         timer off 1
2021-07-20T15:46:48.341967600Z  13.         timer list 
2021-07-20T15:46:48.341971400Z  14.         
2021-07-20T15:46:48.341975200Z . }
2021-07-20T15:46:48.342383300Z  15. else di "WARNING AGE SPLINE MODEL DID NOT FIT (OUTCOME `outcome')"
2021-07-20T15:46:48.342403600Z  16. 
2021-07-20T15:46:48.342409100Z . }
2021-07-20T15:46:48.342413400Z  17. 
2021-07-20T15:46:48.342417900Z . foreach exposure_type in  gp_number_kids {
2021-07-20T15:46:48.342422000Z  18. *Age spline model (not adj ethnicity)
2021-07-20T15:46:48.342426000Z . cap erase "./output/an_multivariate_cox_models_`outcome'_`exposure_type'_MAIN
2021-07-20T15:46:48.342430400Z > FULLYADJMODEL_ageband_`x'`dataset'"
2021-07-20T15:46:48.342434700Z  19. basecoxmodel, exposure("i.`exposure_type'") age("age1 age2 age3") 
2021-07-20T15:46:48.342438700Z  20. if _rc==0{
2021-07-20T15:46:48.342442300Z  21. estimates
2021-07-20T15:46:48.342446300Z  22. estimates save "./output/an_multivariate_cox_models_`outcome'_`exposure_ty
2021-07-20T15:46:48.342450700Z > pe'_MAINFULLYADJMODEL_ageband_`x'`dataset'", replace
2021-07-20T15:46:48.342455900Z  23. }
2021-07-20T15:46:48.342777900Z  24. else di "WARNING AGE SPLINE MODEL DID NOT FIT (OUTCOME `outcome')"
2021-07-20T15:46:48.342792300Z  25. 
2021-07-20T15:46:48.342797300Z . }
2021-07-20T15:46:48.342801300Z  26. 
2021-07-20T15:46:48.342853600Z . 
2021-07-20T15:46:48.342862800Z . *SENSITIVITY ANALYSIS: 12 months FUP
2021-07-20T15:46:48.342867500Z . keep if has_12_m_follow_up == 1
2021-07-20T15:46:48.342871500Z  27. foreach exposure_type in kids_cat4   {
2021-07-20T15:46:48.342875600Z  28. 
2021-07-20T15:46:48.342879400Z . *Age spline model (not adj ethnicity)
2021-07-20T15:46:48.342883400Z . cap erase ./output/an_sense_`outcome'_plus_eth_12mo_ageband_`x'`dataset'
2021-07-20T15:46:48.342888100Z  29. basecoxmodel, exposure("i.`exposure_type'") age("age1 age2 age3")  
2021-07-20T15:46:48.342904000Z  30. if _rc==0{
2021-07-20T15:46:48.342908700Z  31. estimates
2021-07-20T15:46:48.342912600Z  32. estimates save ./output/an_sense_`outcome'_plus_eth_12mo_ageband_`x'`datas
2021-07-20T15:46:48.342917400Z > et', replace
2021-07-20T15:46:48.342921500Z  33. *estat concordance /*c-statistic*/
2021-07-20T15:46:48.342925400Z . }
2021-07-20T15:46:48.342929100Z  34. else di "WARNING 12 MO FUP MODEL W/ AGE SPLINE  DID NOT FIT (OUTCOME `outc
2021-07-20T15:46:48.342933500Z > ome')"
2021-07-20T15:46:48.342937500Z  35. }       
2021-07-20T15:46:48.342941500Z  36. }
2021-07-20T15:46:56.396229100Z    1:      8.05 /        1 =       8.0480
2021-07-20T15:46:56.400378700Z 
2021-07-20T15:46:56.400410000Z -------------------------------------------------------------------------------
2021-07-20T15:46:56.400415800Z active results
2021-07-20T15:46:56.400419000Z -------------------------------------------------------------------------------
2021-07-20T15:46:56.402441500Z 
2021-07-20T15:46:56.402461200Z Stratified Cox regr. -- Breslow method for ties
2021-07-20T15:46:56.402895100Z 
2021-07-20T15:46:56.402911100Z No. of subjects      =       16,213             Number of obs    =      16,213
2021-07-20T15:46:56.403190200Z No. of failures      =        2,394
2021-07-20T15:46:56.403205600Z Time at risk         =      1194952
2021-07-20T15:46:56.403619000Z                                                 Wald chi2(42)    =       50.67
2021-07-20T15:46:56.403635200Z Log pseudolikelihood =   -17204.387             Prob > chi2      =      0.1686
2021-07-20T15:46:56.403642000Z 
2021-07-20T15:46:56.473234300Z                        (Std. Err. adjusted for 1,121 clusters in household_id)
2021-07-20T15:46:56.473263100Z ------------------------------------------------------------------------------
2021-07-20T15:46:56.473270300Z              |               Robust
2021-07-20T15:46:56.473275400Z           _t | Haz. Ratio   Std. Err.      z    P>|z|     [95% Conf. Interval]
2021-07-20T15:46:56.473280500Z -------------+----------------------------------------------------------------
2021-07-20T15:46:56.473285600Z    kids_cat4 |
2021-07-20T15:46:56.485638900Z only <12 ..  |   1.060761    .172837     0.36   0.717     .7707709    1.459854
2021-07-20T15:46:56.485923600Z  only 12-18  |   .8173456   .1687589    -0.98   0.329     .5453264    1.225053
2021-07-20T15:46:56.486375500Z       mixed  |   .9722668   .1512309    -0.18   0.857     .7167796    1.318819
2021-07-20T15:46:56.486394200Z              |
2021-07-20T15:46:56.486626500Z         age1 |   1.009121   .0079945     1.15   0.252      .993573    1.024912
2021-07-20T15:46:56.486925700Z         age2 |   .9809161    .023727    -0.80   0.426     .9354971     1.02854
2021-07-20T15:46:56.487320100Z         age3 |   1.046125    .069543     0.68   0.498     .9183298    1.191705
2021-07-20T15:46:56.487797300Z       1.male |   .9715113   .0401668    -0.70   0.485      .895891    1.053515
2021-07-20T15:46:56.487809600Z              |
2021-07-20T15:46:56.487814400Z    obese4cat |
2021-07-20T15:46:56.488187100Z Obese I ..)  |   1.090312   .0632589     1.49   0.136     .9731166    1.221622
2021-07-20T15:46:56.488494400Z Obese II..)  |   1.137395   .0804104     1.82   0.069     .9902247    1.306437
2021-07-20T15:46:56.488911300Z Obese II..)  |   1.042971   .0916985     0.48   0.632     .8778783    1.239111
2021-07-20T15:46:56.488924100Z              |
2021-07-20T15:46:56.488928700Z smoke_nomiss |
2021-07-20T15:46:56.489337800Z      Former  |   1.112671   .1503432     0.79   0.429     .8537937    1.450041
2021-07-20T15:46:56.489688200Z     Current  |   .9785283   .0631967    -0.34   0.737     .8621838    1.110572
2021-07-20T15:46:56.489702600Z              |
2021-07-20T15:46:56.489708400Z          imd |
2021-07-20T15:46:56.490103600Z           4  |    1.00333   .0522997     0.06   0.949     .9058864    1.111254
2021-07-20T15:46:56.490481000Z 5 most de..  |   1.054186   .0709347     0.78   0.433     .9239338      1.2028
2021-07-20T15:46:56.490493700Z              |
2021-07-20T15:46:56.490499100Z tot_adults~h |
2021-07-20T15:46:56.490806900Z           2  |   1.087942   .3711502     0.25   0.805     .5574671    2.123206
2021-07-20T15:46:56.491123300Z           3  |   .9579577   .2637251    -0.16   0.876     .5584845    1.643166
2021-07-20T15:46:56.491136600Z              |
2021-07-20T15:46:56.491142100Z    ethnicity |
2021-07-20T15:46:56.491441600Z Asian or ..  |   1.015191   .0659682     0.23   0.817     .8937907    1.153081
2021-07-20T15:46:56.491786900Z       Other  |   .9538282   .0677073    -0.67   0.505      .829942    1.096207
2021-07-20T15:46:56.491799900Z              |
2021-07-20T15:46:56.492222800Z 1.htdiag_o~p |   .9565975   .0748249    -0.57   0.571     .8206319    1.115091
2021-07-20T15:46:56.492653600Z 1.~y_disease |   .9972224   .0496953    -0.06   0.955     .9044268    1.099539
2021-07-20T15:46:56.493036500Z     1.asthma |   1.010025   .0727092     0.14   0.890     .8771145    1.163076
2021-07-20T15:46:56.493484700Z 1.~c_disease |   .9326247   .0491456    -1.32   0.186     .8411085    1.034098
2021-07-20T15:46:56.493497000Z              |
2021-07-20T15:46:56.493502200Z      diabcat |
2021-07-20T15:46:56.494039900Z T1DM, con..  |   .9405026   .1282103    -0.45   0.653     .7199848    1.228561
2021-07-20T15:46:56.494392900Z T1DM, unc..  |   1.386274   .3321945     1.36   0.173      .866712    2.217296
2021-07-20T15:46:56.494669500Z T2DM, con..  |   1.025643   .0559907     0.46   0.643     .9215706    1.141469
2021-07-20T15:46:56.494948000Z T2DM, unc..  |   1.169129   .1270819     1.44   0.151      .944797    1.446726
2021-07-20T15:46:56.495302500Z Diabetes,..  |   1.921771   1.519065     0.83   0.409     .4081964    9.047618
2021-07-20T15:46:56.495317000Z              |
2021-07-20T15:46:56.495322800Z cancer_exh~t |
2021-07-20T15:46:56.495695200Z   Last year  |   .9629883    .317873    -0.11   0.909     .5042521    1.839053
2021-07-20T15:46:56.495956300Z 2-5 years..  |   .5420338    .114527    -2.90   0.004     .3582408    .8201206
2021-07-20T15:46:56.496325200Z    5+ years  |   1.113828    .060152     2.00   0.046     1.001957    1.238189
2021-07-20T15:46:56.496380200Z              |
2021-07-20T15:46:56.496390400Z cancer_hae~t |
2021-07-20T15:46:56.496712400Z   Last year  |   1.244911   .3785248     0.72   0.471     .6859998     2.25919
2021-07-20T15:46:56.497025000Z 2-5 years..  |   1.069703   .1703625     0.42   0.672     .7828877    1.461594
2021-07-20T15:46:56.497400200Z    5+ years  |   1.009317   .0561063     0.17   0.868     .9051293    1.125497
2021-07-20T15:46:56.497411200Z              |
2021-07-20T15:46:56.497765400Z 1.~r_disease |   .9601424   .0503454    -0.78   0.438     .8663683    1.064066
2021-07-20T15:46:56.498108800Z 1.stroke_d~a |   1.138924   .0568792     2.60   0.009     1.032725    1.256043
2021-07-20T15:46:56.498435000Z 1.other_ne~o |   .9226186   .0482654    -1.54   0.124     .8327083    1.022237
2021-07-20T15:46:56.498448400Z              |
2021-07-20T15:46:56.498453300Z reduced_ki~t |
2021-07-20T15:46:56.498809200Z Stage 3a/..  |   1.195467   .3440089     0.62   0.535     .6801349    2.101262
2021-07-20T15:46:56.499177100Z       1.esrd |   .9684928    .041905    -0.74   0.459     .8897468    1.054208
2021-07-20T15:46:56.499512700Z 1.other_tr~t |    1.01325   .0515331     0.26   0.796     .9171179    1.119459
2021-07-20T15:46:56.499809500Z   1.asplenia |   1.077112    .050051     1.60   0.110     .9833488    1.179816
2021-07-20T15:46:56.500156500Z 1.ra_sle_p~s |   1.048314   .0555506     0.89   0.373     .9448999    1.163046
2021-07-20T15:46:56.511840400Z 1.other_im~o |   .9541064   .0422035    -1.06   0.288     .8748732    1.040515
2021-07-20T15:46:56.511866900Z ------------------------------------------------------------------------------
2021-07-20T15:46:56.512115200Z                                                              Stratified by stp
2021-07-20T15:46:56.545647700Z (note: file ./output/an_multivariate_cox_models_covidadmission_kids_cat4_MAINFU
2021-07-20T15:46:56.545672300Z > LLYADJMODEL_ageband_0W2.ster not found)
2021-07-20T15:46:56.545678000Z file ./output/an_multivariate_cox_models_covidadmission_kids_cat4_MAINFULLYADJM
2021-07-20T15:46:56.545682800Z > ODEL_ageband_0W2.ster saved
2021-07-20T15:47:08.957660600Z 
2021-07-20T15:47:08.957685800Z       Test of proportional-hazards assumption
2021-07-20T15:47:08.957698500Z 
2021-07-20T15:47:08.957702200Z       Time:  Time
2021-07-20T15:47:08.957705500Z       ----------------------------------------------------------------
2021-07-20T15:47:08.957709100Z                   |       rho            chi2       df       Prob>chi2
2021-07-20T15:47:08.957713400Z       ------------+---------------------------------------------------
2021-07-20T15:47:08.970176600Z       0b.kids_cat4|            .            .        1             .
2021-07-20T15:47:08.975266400Z       1.kids_cat4 |     -0.02131         1.41        1         0.2346
2021-07-20T15:47:08.979370900Z       2.kids_cat4 |     -0.00826         0.17        1         0.6773
2021-07-20T15:47:08.983216500Z       3.kids_cat4 |     -0.02721         2.31        1         0.1289
2021-07-20T15:47:08.987251800Z       age1        |      0.02276         1.36        1         0.2427
2021-07-20T15:47:08.992448300Z       age2        |     -0.02556         1.72        1         0.1901
2021-07-20T15:47:08.998440600Z       age3        |      0.02690         1.88        1         0.1704
2021-07-20T15:47:09.004210800Z       0b.male     |            .            .        1             .
2021-07-20T15:47:09.010323900Z       1.male      |      0.02896         2.21        1         0.1374
2021-07-20T15:47:09.016027000Z       1b.obese4cat|            .            .        1             .
2021-07-20T15:47:09.021539700Z       2.obese4cat |      0.00682         0.12        1         0.7281
2021-07-20T15:47:09.025668000Z       3.obese4cat |     -0.04909         6.07        1         0.0138
2021-07-20T15:47:09.029720500Z       4.obese4cat |     -0.02479         1.59        1         0.2067
2021-07-20T15:47:09.033731400Z       1b.smoke_n~s|            .            .        1             .
2021-07-20T15:47:09.038271100Z       2.smoke_no~s|      0.02063         1.04        1         0.3069
2021-07-20T15:47:09.042639300Z       3.smoke_no~s|     -0.00289         0.02        1         0.8799
2021-07-20T15:47:09.046802800Z       1b.imd      |            .            .        1             .
2021-07-20T15:47:09.050813200Z       4.imd       |     -0.02424         1.50        1         0.2209
2021-07-20T15:47:09.055526200Z       5.imd       |      0.01917         0.96        1         0.3275
2021-07-20T15:47:09.059844200Z       1b.tot_adu~h|            .            .        1             .
2021-07-20T15:47:09.064035700Z       2.tot_adul~h|      0.01666         0.71        1         0.3991
2021-07-20T15:47:09.070804600Z       3.tot_adul~h|      0.02718         1.88        1         0.1702
2021-07-20T15:47:09.079065200Z       1b.ethnicity|            .            .        1             .
2021-07-20T15:47:09.090649600Z       3.ethnicity |      0.04177         4.39        1         0.0361
2021-07-20T15:47:09.096840800Z       5.ethnicity |      0.01856         0.92        1         0.3363
2021-07-20T15:47:09.101988800Z       0b.htdiag_~p|            .            .        1             .
2021-07-20T15:47:09.106827000Z       1.htdiag_o~p|      0.03379         3.38        1         0.0659
2021-07-20T15:47:09.111333600Z       0b.chronic..|            .            .        1             .
2021-07-20T15:47:09.119382500Z       1.~y_disease|     -0.01128         0.32        1         0.5712
2021-07-20T15:47:09.128723400Z       0b.asthma   |            .            .        1             .
2021-07-20T15:47:09.138827600Z       1.asthma    |     -0.01288         0.42        1         0.5188
2021-07-20T15:47:09.150356900Z       0b.chronic..|            .            .        1             .
2021-07-20T15:47:09.156382100Z       1.~c_disease|     -0.03309         2.94        1         0.0863
2021-07-20T15:47:09.162661600Z       1b.diabcat  |            .            .        1             .
2021-07-20T15:47:09.169227100Z       2.diabcat   |     -0.02050         1.08        1         0.2984
2021-07-20T15:47:09.174434500Z       3.diabcat   |     -0.01889         0.96        1         0.3260
2021-07-20T15:47:09.184108100Z       4.diabcat   |     -0.01574         0.63        1         0.4266
2021-07-20T15:47:09.194284700Z       5.diabcat   |     -0.00009         0.00        1         0.9963
2021-07-20T15:47:09.204799300Z       6.diabcat   |     -0.03369         3.63        1         0.0566
2021-07-20T15:47:09.212680800Z       1b.c~exhae~t|            .            .        1             .
2021-07-20T15:47:09.224064100Z       2.cancer_e~t|      0.02854         2.09        1         0.1482
2021-07-20T15:47:09.232841000Z       3.cancer_e~t|      0.00760         0.14        1         0.7059
2021-07-20T15:47:09.239882600Z       4.cancer_e~t|      0.01260         0.43        1         0.5097
2021-07-20T15:47:09.247622500Z       1b.cancer_..|            .            .        1             .
2021-07-20T15:47:09.256141900Z       2.cancer_h~t|     -0.00555         0.08        1         0.7739
2021-07-20T15:47:09.262722800Z       3.cancer_h~t|     -0.02864         2.12        1         0.1454
2021-07-20T15:47:09.273251300Z       4.cancer_h~t|      0.01546         0.69        1         0.4072
2021-07-20T15:47:09.288448100Z       0b.chronic..|            .            .        1             .
2021-07-20T15:47:09.299783300Z       1.~r_disease|     -0.02731         2.16        1         0.1421
2021-07-20T15:47:09.310091300Z       0b.stroke_~a|            .            .        1             .
2021-07-20T15:47:09.320257900Z       1.stroke_d~a|      0.02519         1.67        1         0.1962
2021-07-20T15:47:09.330998500Z       0b.other_n~o|            .            .        1             .
2021-07-20T15:47:09.343069800Z       1.other_ne~o|      0.00155         0.01        1         0.9381
2021-07-20T15:47:09.351154400Z       1b.reduced~t|            .            .        1             .
2021-07-20T15:47:09.358256800Z       2.reduced_~t|      0.03015         2.20        1         0.1384
2021-07-20T15:47:09.365637000Z       0b.esrd     |            .            .        1             .
2021-07-20T15:47:09.371272000Z       1.esrd      |      0.03044         2.47        1         0.1163
2021-07-20T15:47:09.376425100Z       0b.other_t~t|            .            .        1             .
2021-07-20T15:47:09.382046000Z       1.other_tr~t|      0.02548         1.67        1         0.1967
2021-07-20T15:47:09.388181500Z       0b.asplenia |            .            .        1             .
2021-07-20T15:47:09.397805600Z       1.asplenia  |     -0.00740         0.12        1         0.7287
2021-07-20T15:47:09.409664800Z       0b.ra_sle_~s|            .            .        1             .
2021-07-20T15:47:09.419245800Z       1.ra_sle_p~s|     -0.02253         1.43        1         0.2318
2021-07-20T15:47:09.434391000Z       0b.other_i~o|            .            .        1             .
2021-07-20T15:47:09.437860300Z       1.other_im~o|      0.01896         0.91        1         0.3406
2021-07-20T15:47:09.438624600Z       ------------+---------------------------------------------------
2021-07-20T15:47:09.587183000Z       global test |                     50.14       42         0.1818
2021-07-20T15:47:09.587227000Z       ----------------------------------------------------------------
2021-07-20T15:47:09.587231800Z 
2021-07-20T15:47:09.587234900Z note: robust variance-covariance matrix used.
2021-07-20T15:47:09.594145200Z    1:     13.04 /        1 =      13.0450
2021-07-20T15:47:10.221253700Z    1:      0.63 /        1 =       0.6300
2021-07-20T15:47:10.221276800Z 
2021-07-20T15:47:10.221280900Z -------------------------------------------------------------------------------
2021-07-20T15:47:10.221284100Z active results
2021-07-20T15:47:10.221287600Z -------------------------------------------------------------------------------
2021-07-20T15:47:10.222944900Z 
2021-07-20T15:47:10.222961200Z Stratified Cox regr. -- Breslow method for ties
2021-07-20T15:47:10.222967600Z 
2021-07-20T15:47:10.222972700Z No. of subjects      =        1,903             Number of obs    =       1,903
2021-07-20T15:47:10.222978000Z No. of failures      =          304
2021-07-20T15:47:10.222983000Z Time at risk         =       139857
2021-07-20T15:47:10.223222700Z                                                 Wald chi2(41)    =       71.48
2021-07-20T15:47:10.223236800Z Log pseudolikelihood =   -1512.4292             Prob > chi2      =      0.0022
2021-07-20T15:47:10.223243400Z 
2021-07-20T15:47:10.238330800Z                          (Std. Err. adjusted for 226 clusters in household_id)
2021-07-20T15:47:10.238356200Z ------------------------------------------------------------------------------
2021-07-20T15:47:10.238362900Z              |               Robust
2021-07-20T15:47:10.238367900Z           _t | Haz. Ratio   Std. Err.      z    P>|z|     [95% Conf. Interval]
2021-07-20T15:47:10.238435800Z -------------+----------------------------------------------------------------
2021-07-20T15:47:10.238444900Z gp_number_~s |
2021-07-20T15:47:10.238658400Z 2 childre..  |   .8229518   .1537961    -1.04   0.297     .5705567    1.186998
2021-07-20T15:47:10.238921400Z 3 childre..  |   .8695372   .1911253    -0.64   0.525     .5651881    1.337776
2021-07-20T15:47:10.239231300Z 4+ childr..  |   .8869602   .1470846    -0.72   0.469     .6408397    1.227606
2021-07-20T15:47:10.239244300Z              |
2021-07-20T15:47:10.239519700Z         age1 |   1.011625   .0205047     0.57   0.569     .9722238    1.052622
2021-07-20T15:47:10.239835000Z         age2 |   .9919212   .0612978    -0.13   0.896     .8787704    1.119641
2021-07-20T15:47:10.240174400Z         age3 |   1.019097   .1720813     0.11   0.911     .7319551    1.418883
2021-07-20T15:47:10.240536700Z       1.male |   1.122099   .1265147     1.02   0.307      .899621    1.399596
2021-07-20T15:47:10.240548200Z              |
2021-07-20T15:47:10.240552900Z    obese4cat |
2021-07-20T15:47:10.240861300Z Obese I ..)  |   1.076003   .1577768     0.50   0.617     .8072347    1.434257
2021-07-20T15:47:10.241214900Z Obese II..)  |   1.123348   .2418437     0.54   0.589     .7366487    1.713042
2021-07-20T15:47:10.241603800Z Obese II..)  |   .7899289   .2160679    -0.86   0.389     .4621259    1.350255
2021-07-20T15:47:10.241617500Z              |
2021-07-20T15:47:10.241622700Z smoke_nomiss |
2021-07-20T15:47:10.241940700Z      Former  |   1.279284   .5811832     0.54   0.588     .5251257    3.116527
2021-07-20T15:47:10.242235300Z     Current  |   1.226328   .2142269     1.17   0.243      .870784    1.727042
2021-07-20T15:47:10.242249400Z              |
2021-07-20T15:47:10.242254900Z          imd |
2021-07-20T15:47:10.242547400Z           4  |   .9542416   .1392836    -0.32   0.748     .7168277    1.270287
2021-07-20T15:47:10.243050700Z 5 most de..  |   .9059839   .1792746    -0.50   0.618     .6147323    1.335226
2021-07-20T15:47:10.243064000Z              |
2021-07-20T15:47:10.243069000Z tot_adults~h |
2021-07-20T15:47:10.243568700Z           2  |   1.437042    .925409     0.56   0.573     .4067456    5.077103
2021-07-20T15:47:10.244076900Z           3  |    1.06745   .5637331     0.12   0.902     .3791559    3.005227
2021-07-20T15:47:10.244091400Z              |
2021-07-20T15:47:10.244096400Z    ethnicity |
2021-07-20T15:47:10.244544900Z Asian or ..  |   1.051902   .1934121     0.28   0.783     .7336112     1.50829
2021-07-20T15:47:10.245199400Z       Other  |   .9891802   .2055585    -0.05   0.958     .6582485    1.486487
2021-07-20T15:47:10.245214600Z              |
2021-07-20T15:47:10.245701100Z 1.htdiag_o~p |   .9051052   .2031652    -0.44   0.657     .5829528    1.405286
2021-07-20T15:47:10.246111900Z 1.~y_disease |   1.059985   .1487903     0.42   0.678     .8050378    1.395671
2021-07-20T15:47:10.246456800Z     1.asthma |    1.29563   .2230828     1.50   0.133     .9245281     1.81569
2021-07-20T15:47:10.246961200Z 1.~c_disease |   .9129165   .1302191    -0.64   0.523     .6902637    1.207389
2021-07-20T15:47:10.246977100Z              |
2021-07-20T15:47:10.246982400Z      diabcat |
2021-07-20T15:47:10.247510400Z T1DM, con..  |   .9464441    .370772    -0.14   0.888     .4391719    2.039649
2021-07-20T15:47:10.247827200Z T1DM, unc..  |   4.079382   2.128654     2.69   0.007     1.467002    11.34379
2021-07-20T15:47:10.248152400Z T2DM, con..  |   1.148187    .174159     0.91   0.362     .8529056    1.545697
2021-07-20T15:47:10.248572300Z T2DM, unc..  |   2.186133   .4946808     3.46   0.001     1.403026    3.406336
2021-07-20T15:47:10.248583400Z              |
2021-07-20T15:47:10.248586400Z cancer_exh~t |
2021-07-20T15:47:10.248909500Z   Last year  |   1.058969   .7713269     0.08   0.937     .2540321     4.41446
2021-07-20T15:47:10.249198400Z 2-5 years..  |   .4230247   .2966177    -1.23   0.220      .107033    1.671913
2021-07-20T15:47:10.249581600Z    5+ years  |   1.225071   .1813493     1.37   0.170     .9165506    1.637442
2021-07-20T15:47:10.249594500Z              |
2021-07-20T15:47:10.249599600Z cancer_hae~t |
2021-07-20T15:47:10.249967700Z   Last year  |   2.991954   1.985157     1.65   0.099     .8150495    10.98312
2021-07-20T15:47:10.250272000Z 2-5 years..  |   .9465678    .512972    -0.10   0.919     .3272362    2.738054
2021-07-20T15:47:10.250718300Z    5+ years  |   1.231345   .1877036     1.37   0.172     .9133229    1.660103
2021-07-20T15:47:10.250731200Z              |
2021-07-20T15:47:10.251152300Z 1.~r_disease |   .8994554   .1452179    -0.66   0.512     .6554693    1.234261
2021-07-20T15:47:10.251588900Z 1.stroke_d~a |   1.155991      .1506     1.11   0.266     .8954923    1.492269
2021-07-20T15:47:10.251995700Z 1.other_ne~o |   .7951533   .1272563    -1.43   0.152     .5810649    1.088121
2021-07-20T15:47:10.252008600Z              |
2021-07-20T15:47:10.252013100Z reduced_ki~t |
2021-07-20T15:47:10.252472800Z Stage 3a/..  |    2.48019   1.170523     1.92   0.054     .9834704    6.254731
2021-07-20T15:47:10.252884900Z       1.esrd |    1.07602   .1235185     0.64   0.523     .8592295    1.347509
2021-07-20T15:47:10.253301000Z 1.other_tr~t |   .7900739   .1305377    -1.43   0.154     .5715186    1.092207
2021-07-20T15:47:10.253712600Z   1.asplenia |   1.125372   .1653877     0.80   0.422     .8437258    1.501036
2021-07-20T15:47:10.254204600Z 1.ra_sle_p~s |   1.050576   .1447934     0.36   0.720     .8018855    1.376393
2021-07-20T15:47:10.256057400Z 1.other_im~o |   1.009627   .1310725     0.07   0.941     .7828085    1.302165
2021-07-20T15:47:10.256069500Z ------------------------------------------------------------------------------
2021-07-20T15:47:10.256380400Z                                                              Stratified by stp
2021-07-20T15:47:10.268856400Z (note: file ./output/an_multivariate_cox_models_covidadmission_gp_number_kids_M
2021-07-20T15:47:10.268888700Z > AINFULLYADJMODEL_ageband_0W2.ster not found)
2021-07-20T15:47:10.268893900Z file ./output/an_multivariate_cox_models_covidadmission_gp_number_kids_MAINFULL
2021-07-20T15:47:10.268898200Z > YADJMODEL_ageband_0W2.ster saved
2021-07-20T15:47:10.279913400Z (832 observations deleted)
2021-07-20T15:47:17.154408300Z    1:      6.88 /        1 =       6.8770
2021-07-20T15:47:17.154432000Z 
2021-07-20T15:47:17.154435700Z -------------------------------------------------------------------------------
2021-07-20T15:47:17.154438800Z active results
2021-07-20T15:47:17.154441600Z -------------------------------------------------------------------------------
2021-07-20T15:47:17.156187200Z 
2021-07-20T15:47:17.156207500Z Stratified Cox regr. -- Breslow method for ties
2021-07-20T15:47:17.156213800Z 
2021-07-20T15:47:17.156218600Z No. of subjects      =       15,383             Number of obs    =      15,383
2021-07-20T15:47:17.156222900Z No. of failures      =        2,285
2021-07-20T15:47:17.156227600Z Time at risk         =      1133883
2021-07-20T15:47:17.156390500Z                                                 Wald chi2(42)    =       52.40
2021-07-20T15:47:17.156403800Z Log pseudolikelihood =   -16300.792             Prob > chi2      =      0.1305
2021-07-20T15:47:17.156408100Z 
2021-07-20T15:47:17.168417200Z                        (Std. Err. adjusted for 1,112 clusters in household_id)
2021-07-20T15:47:17.168439600Z ------------------------------------------------------------------------------
2021-07-20T15:47:17.168444700Z              |               Robust
2021-07-20T15:47:17.168449000Z           _t | Haz. Ratio   Std. Err.      z    P>|z|     [95% Conf. Interval]
2021-07-20T15:47:17.168454100Z -------------+----------------------------------------------------------------
2021-07-20T15:47:17.168458900Z    kids_cat4 |
2021-07-20T15:47:17.168548100Z only <12 ..  |   1.096237   .1788749     0.56   0.573     .7961824    1.509373
2021-07-20T15:47:17.168821300Z  only 12-18  |   .8477492   .1720151    -0.81   0.416     .5695761    1.261778
2021-07-20T15:47:17.169039500Z       mixed  |   1.022132   .1586602     0.14   0.888     .7540144     1.38559
2021-07-20T15:47:17.169053900Z              |
2021-07-20T15:47:17.169427400Z         age1 |   1.007903   .0081308     0.98   0.329     .9920927    1.023966
2021-07-20T15:47:17.169733800Z         age2 |   .9855999   .0243261    -0.59   0.557     .9390564     1.03445
2021-07-20T15:47:17.170005600Z         age3 |   1.031552   .0699965     0.46   0.647     .9030927    1.178283
2021-07-20T15:47:17.170359500Z       1.male |   .9733583   .0413411    -0.64   0.525     .8956122    1.057853
2021-07-20T15:47:17.170386400Z              |
2021-07-20T15:47:17.170392100Z    obese4cat |
2021-07-20T15:47:17.170764600Z Obese I ..)  |    1.09303   .0658338     1.48   0.140      .971323    1.229986
2021-07-20T15:47:17.171435100Z Obese II..)  |   1.140648   .0827883     1.81   0.070     .9893985    1.315018
2021-07-20T15:47:17.171814800Z Obese II..)  |    1.04921   .0937875     0.54   0.591     .8805919    1.250116
2021-07-20T15:47:17.171829000Z              |
2021-07-20T15:47:17.171833900Z smoke_nomiss |
2021-07-20T15:47:17.172067700Z      Former  |   1.087165   .1531568     0.59   0.553     .8248603    1.432881
2021-07-20T15:47:17.172491300Z     Current  |   .9802783   .0650397    -0.30   0.764     .8607435    1.116413
2021-07-20T15:47:17.172505000Z              |
2021-07-20T15:47:17.172510200Z          imd |
2021-07-20T15:47:17.172865100Z           4  |    .987666    .052476    -0.23   0.815     .8899891    1.096063
2021-07-20T15:47:17.173191700Z 5 most de..  |   1.076571   .0738436     1.08   0.282     .9411476    1.231482
2021-07-20T15:47:17.173207100Z              |
2021-07-20T15:47:17.173212400Z tot_adults~h |
2021-07-20T15:47:17.173541200Z           2  |    1.25045   .4422517     0.63   0.527      .625199    2.501003
2021-07-20T15:47:17.174039800Z           3  |   1.005855   .2923786     0.02   0.984     .5689985    1.778115
2021-07-20T15:47:17.174076800Z              |
2021-07-20T15:47:17.174086900Z    ethnicity |
2021-07-20T15:47:17.174436100Z Asian or ..  |   1.008618   .0673262     0.13   0.898     .8849289    1.149596
2021-07-20T15:47:17.174452700Z       Other  |    .952822    .069074    -0.67   0.505     .8266177    1.098295
2021-07-20T15:47:17.174458100Z              |
2021-07-20T15:47:17.174759900Z 1.htdiag_o~p |   .9409052   .0744342    -0.77   0.441     .8057643    1.098712
2021-07-20T15:47:17.175158500Z 1.~y_disease |   .9940673   .0508513    -0.12   0.907      .899234    1.098902
2021-07-20T15:47:17.175569200Z     1.asthma |   1.040647   .0766095     0.54   0.588     .9008245    1.202171
2021-07-20T15:47:17.175974900Z 1.~c_disease |    .931593   .0507181    -1.30   0.193     .8373072    1.036496
2021-07-20T15:47:17.175989800Z              |
2021-07-20T15:47:17.175995000Z      diabcat |
2021-07-20T15:47:17.176317000Z T1DM, con..  |   .9354439   .1316959    -0.47   0.635     .7098749    1.232689
2021-07-20T15:47:17.176738800Z T1DM, unc..  |   1.434168   .3438018     1.50   0.133     .8964953    2.294308
2021-07-20T15:47:17.176992800Z T2DM, con..  |   1.032644   .0573373     0.58   0.563     .9261638    1.151366
2021-07-20T15:47:17.177271800Z T2DM, unc..  |   1.147291   .1295785     1.22   0.224     .9194675    1.431564
2021-07-20T15:47:17.177721400Z Diabetes,..  |   1.864494   1.477824     0.79   0.432     .3943543    8.815263
2021-07-20T15:47:17.177748100Z              |
2021-07-20T15:47:17.177752800Z cancer_exh~t |
2021-07-20T15:47:17.178090200Z   Last year  |   .9737575   .3214041    -0.08   0.936     .5099156    1.859531
2021-07-20T15:47:17.178391600Z 2-5 years..  |    .531064   .1146927    -2.93   0.003     .3477882    .8109217
2021-07-20T15:47:17.178774100Z    5+ years  |   1.105974   .0615288     1.81   0.070     .9917215    1.233388
2021-07-20T15:47:17.178786700Z              |
2021-07-20T15:47:17.178791400Z cancer_hae~t |
2021-07-20T15:47:17.179177600Z   Last year  |   1.330407   .4054173     0.94   0.349     .7321434    2.417534
2021-07-20T15:47:17.179461800Z 2-5 years..  |   1.102382   .1769327     0.61   0.544      .804848    1.509907
2021-07-20T15:47:17.179857300Z    5+ years  |   1.017603   .0573975     0.31   0.757     .9111017    1.136554
2021-07-20T15:47:17.179870700Z              |
2021-07-20T15:47:17.180279200Z 1.~r_disease |   .9735795   .0519327    -0.50   0.616     .8769333    1.080877
2021-07-20T15:47:17.180667700Z 1.stroke_d~a |   1.148861    .059049     2.70   0.007     1.038766    1.270625
2021-07-20T15:47:17.181073500Z 1.other_ne~o |   .9237577   .0503145    -1.46   0.145     .8302244    1.027828
2021-07-20T15:47:17.181086100Z              |
2021-07-20T15:47:17.181091000Z reduced_ki~t |
2021-07-20T15:47:17.181483200Z Stage 3a/..  |   1.120227   .3397289     0.37   0.708       .61825    2.029777
2021-07-20T15:47:17.181816300Z       1.esrd |   .9570007   .0421957    -1.00   0.319     .8777714    1.043381
2021-07-20T15:47:17.182133300Z 1.other_tr~t |   1.009167   .0525299     0.18   0.861     .9112884    1.117559
2021-07-20T15:47:17.182447600Z   1.asplenia |   1.074788    .051125     1.52   0.129     .9791138    1.179811
2021-07-20T15:47:17.182743600Z 1.ra_sle_p~s |    1.04818   .0566955     0.87   0.384     .9427468    1.165406
2021-07-20T15:47:17.183954300Z 1.other_im~o |   .9507227   .0431284    -1.11   0.265     .8698414    1.039125
2021-07-20T15:47:17.183970900Z ------------------------------------------------------------------------------
2021-07-20T15:47:17.184213400Z                                                              Stratified by stp
2021-07-20T15:47:17.196033900Z (note: file ./output/an_sense_covidadmission_plus_eth_12mo_ageband_0W2.ster not
2021-07-20T15:47:17.196299100Z >  found)
2021-07-20T15:47:17.196311200Z file ./output/an_sense_covidadmission_plus_eth_12mo_ageband_0W2.ster saved
2021-07-20T15:47:20.655930600Z    1:      3.46 /        1 =       3.4580
2021-07-20T15:47:20.655955900Z 
2021-07-20T15:47:20.655959800Z -------------------------------------------------------------------------------
2021-07-20T15:47:20.655962800Z active results
2021-07-20T15:47:20.655965500Z -------------------------------------------------------------------------------
2021-07-20T15:47:20.657995200Z 
2021-07-20T15:47:20.658025900Z Stratified Cox regr. -- Breslow method for ties
2021-07-20T15:47:20.658031800Z 
2021-07-20T15:47:20.658036100Z No. of subjects      =        4,489             Number of obs    =       4,489
2021-07-20T15:47:20.658041700Z No. of failures      =          636
2021-07-20T15:47:20.658046400Z Time at risk         =       331396
2021-07-20T15:47:20.658120000Z                                                 Wald chi2(42)    =    27778.08
2021-07-20T15:47:20.658230800Z Log pseudolikelihood =   -3738.6649             Prob > chi2      =      0.0000
2021-07-20T15:47:20.658243500Z 
2021-07-20T15:47:20.670773300Z                          (Std. Err. adjusted for 912 clusters in household_id)
2021-07-20T15:47:20.670790600Z ------------------------------------------------------------------------------
2021-07-20T15:47:20.670795700Z              |               Robust
2021-07-20T15:47:20.670799700Z           _t | Haz. Ratio   Std. Err.      z    P>|z|     [95% Conf. Interval]
2021-07-20T15:47:20.670804000Z -------------+----------------------------------------------------------------
2021-07-20T15:47:20.670808200Z    kids_cat4 |
2021-07-20T15:47:20.670980700Z only <12 ..  |   1.106037   .3332985     0.33   0.738     .6127232    1.996525
2021-07-20T15:47:20.671147300Z  only 12-18  |   1.926047   .6540887     1.93   0.054     .9899135    3.747454
2021-07-20T15:47:20.671409500Z       mixed  |   1.129135   .3219322     0.43   0.670     .6457379    1.974401
2021-07-20T15:47:20.671424100Z              |
2021-07-20T15:47:20.671672900Z         age1 |   .9553452   .0340377    -1.28   0.200     .8909086    1.024442
2021-07-20T15:47:20.671867800Z         age2 |   1.341683    .249748     1.58   0.114     .9315429    1.932401
2021-07-20T15:47:20.672153800Z         age3 |   .5521929   .2025534    -1.62   0.105     .2690643    1.133249
2021-07-20T15:47:20.672443800Z       1.male |   1.150328     .09335     1.73   0.084     .9811741    1.348644
2021-07-20T15:47:20.672454400Z              |
2021-07-20T15:47:20.672458500Z    obese4cat |
2021-07-20T15:47:20.672713000Z Obese I ..)  |   1.183704   .1382523     1.44   0.149     .9415122    1.488197
2021-07-20T15:47:20.672726300Z Obese II..)  |   1.168016   .1639483     1.11   0.269     .8870946    1.537897
2021-07-20T15:47:20.673138300Z Obese II..)  |   1.050189   .1800613     0.29   0.775     .7504531     1.46964
2021-07-20T15:47:20.673153300Z              |
2021-07-20T15:47:20.673158600Z smoke_nomiss |
2021-07-20T15:47:20.673339000Z      Former  |   .4845126   .1978065    -1.77   0.076      .217668    1.078488
2021-07-20T15:47:20.673539000Z     Current  |   .9211269   .1200828    -0.63   0.529     .7134319    1.189286
2021-07-20T15:47:20.673550400Z              |
2021-07-20T15:47:20.673553700Z          imd |
2021-07-20T15:47:20.673814100Z           4  |   1.147139   .1176279     1.34   0.181     .9382828    1.402486
2021-07-20T15:47:20.674224600Z 5 most de..  |    1.17566   .1489903     1.28   0.202     .9170857    1.507141
2021-07-20T15:47:20.674238400Z              |
2021-07-20T15:47:20.674244000Z tot_adults~h |
2021-07-20T15:47:20.674350500Z           2  |   .7397312   .3744993    -0.60   0.552     .2742466    1.995293
2021-07-20T15:47:20.674701900Z           3  |   .5193267   .2253507    -1.51   0.131     .2218605     1.21563
2021-07-20T15:47:20.674712000Z              |
2021-07-20T15:47:20.674716000Z    ethnicity |
2021-07-20T15:47:20.674838100Z Asian or ..  |   1.015133   .1320171     0.12   0.908     .7867284    1.309848
2021-07-20T15:47:20.675148500Z       Other  |   .7001984   .1093855    -2.28   0.023     .5155202    .9510349
2021-07-20T15:47:20.675161000Z              |
2021-07-20T15:47:20.675540100Z 1.htdiag_o~p |   1.086574   .1723381     0.52   0.601     .7962566    1.482743
2021-07-20T15:47:20.675776400Z 1.~y_disease |   1.016082   .0961056     0.17   0.866     .8441469    1.223036
2021-07-20T15:47:20.676176700Z     1.asthma |   .7542644    .119743    -1.78   0.076     .5525752     1.02957
2021-07-20T15:47:20.676303100Z 1.~c_disease |   1.024592    .101195     0.25   0.806     .8442695    1.243429
2021-07-20T15:47:20.676316900Z              |
2021-07-20T15:47:20.676322300Z      diabcat |
2021-07-20T15:47:20.676748600Z T1DM, con..  |   .9209202   .2557765    -0.30   0.767     .5343295    1.587212
2021-07-20T15:47:20.676761300Z T1DM, unc..  |   2.079777   .6727872     2.26   0.024     1.103219    3.920776
2021-07-20T15:47:20.677058100Z T2DM, con..  |   .8646379   .0956713    -1.31   0.189     .6960648    1.074036
2021-07-20T15:47:20.677289400Z T2DM, unc..  |   .9954345   .2184593    -0.02   0.983      .647451    1.530448
2021-07-20T15:47:20.677598600Z Diabetes,..  |   5.59e-16   2.97e-16   -66.01   0.000     1.97e-16    1.59e-15
2021-07-20T15:47:20.677609900Z              |
2021-07-20T15:47:20.677614000Z cancer_exh~t |
2021-07-20T15:47:20.677879800Z   Last year  |   6.13e-16   1.48e-16  -145.64   0.000     3.83e-16    9.83e-16
2021-07-20T15:47:20.678108400Z 2-5 years..  |   1.245893   .3923096     0.70   0.485     .6721287    2.309452
2021-07-20T15:47:20.678373800Z    5+ years  |   1.080303   .1075992     0.78   0.438     .8887208    1.313186
2021-07-20T15:47:20.678384200Z              |
2021-07-20T15:47:20.678388200Z cancer_hae~t |
2021-07-20T15:47:20.678694700Z   Last year  |   2.401847   .9936574     2.12   0.034     1.067575    5.403711
2021-07-20T15:47:20.678919100Z 2-5 years..  |   1.962764   .5271988     2.51   0.012     1.159405    3.322775
2021-07-20T15:47:20.679179800Z    5+ years  |   1.042846   .1090744     0.40   0.688     .8495526    1.280117
2021-07-20T15:47:20.679190300Z              |
2021-07-20T15:47:20.679480400Z 1.~r_disease |   1.064743   .1090909     0.61   0.540     .8710294    1.301538
2021-07-20T15:47:20.679731200Z 1.stroke_d~a |   1.026364   .0986858     0.27   0.787     .8500756    1.239211
2021-07-20T15:47:20.679978900Z 1.other_ne~o |     1.0123    .098601     0.13   0.900     .8363722    1.225233
2021-07-20T15:47:20.679989000Z              |
2021-07-20T15:47:20.679992900Z reduced_ki~t |
2021-07-20T15:47:20.680282800Z Stage 3a/..  |   1.180725   .2423021     0.81   0.418     .7897141    1.765338
2021-07-20T15:47:20.680734200Z       1.esrd |   .9472505   .0789042    -0.65   0.515     .8045653     1.11524
2021-07-20T15:47:20.681154800Z 1.other_tr~t |    1.00416   .1003076     0.04   0.967     .8256095    1.221325
2021-07-20T15:47:20.681685600Z   1.asplenia |    1.11618   .1006872     1.22   0.223     .9352979    1.332044
2021-07-20T15:47:20.682117200Z 1.ra_sle_p~s |   1.025278   .1013921     0.25   0.801     .8446258    1.244569
2021-07-20T15:47:20.683333400Z 1.other_im~o |   .8584793   .0761928    -1.72   0.086     .7214113     1.02159
2021-07-20T15:47:20.683347100Z ------------------------------------------------------------------------------
2021-07-20T15:47:20.683563400Z                                                              Stratified by stp
2021-07-20T15:47:20.692396100Z (note: file ./output/an_multivariate_cox_models_covidadmission_kids_cat4_MAINFU
2021-07-20T15:47:20.692426100Z > LLYADJMODEL_ageband_1W2.ster not found)
2021-07-20T15:47:20.692430100Z file ./output/an_multivariate_cox_models_covidadmission_kids_cat4_MAINFULLYADJM
2021-07-20T15:47:20.692432700Z > ODEL_ageband_1W2.ster saved
2021-07-20T15:47:22.352841200Z 
2021-07-20T15:47:22.352871500Z       Test of proportional-hazards assumption
2021-07-20T15:47:22.352878500Z 
2021-07-20T15:47:22.352883300Z       Time:  Time
2021-07-20T15:47:22.353141800Z       ----------------------------------------------------------------
2021-07-20T15:47:22.353159000Z                   |       rho            chi2       df       Prob>chi2
2021-07-20T15:47:22.353247500Z       ------------+---------------------------------------------------
2021-07-20T15:47:22.356227400Z       0b.kids_cat4|            .            .        1             .
2021-07-20T15:47:22.357675700Z       1.kids_cat4 |      0.01045         0.08        1         0.7787
2021-07-20T15:47:22.358946100Z       2.kids_cat4 |      0.00198         0.00        1         0.9613
2021-07-20T15:47:22.360219700Z       3.kids_cat4 |      0.01362         0.14        1         0.7131
2021-07-20T15:47:22.361537700Z       age1        |      0.00034         0.00        1         0.9925
2021-07-20T15:47:22.362668100Z       age2        |     -0.01491         0.17        1         0.6834
2021-07-20T15:47:22.363811500Z       age3        |      0.02169         0.35        1         0.5563
2021-07-20T15:47:22.365080700Z       0b.male     |            .            .        1             .
2021-07-20T15:47:22.366376300Z       1.male      |     -0.02381         0.41        1         0.5227
2021-07-20T15:47:22.367659800Z       1b.obese4cat|            .            .        1             .
2021-07-20T15:47:22.368861900Z       2.obese4cat |      0.10158         8.42        1         0.0037
2021-07-20T15:47:22.370086500Z       3.obese4cat |     -0.04309         1.55        1         0.2129
2021-07-20T15:47:22.371158200Z       4.obese4cat |     -0.00037         0.00        1         0.9917
2021-07-20T15:47:22.372304000Z       1b.smoke_n~s|            .            .        1             .
2021-07-20T15:47:22.373466300Z       2.smoke_no~s|     -0.01519         0.18        1         0.6749
2021-07-20T15:47:22.374822600Z       3.smoke_no~s|     -0.03309         0.88        1         0.3477
2021-07-20T15:47:22.375932600Z       1b.imd      |            .            .        1             .
2021-07-20T15:47:22.377043800Z       4.imd       |     -0.01971         0.36        1         0.5495
2021-07-20T15:47:22.378294600Z       5.imd       |      0.00667         0.03        1         0.8563
2021-07-20T15:47:22.379524400Z       1b.tot_adu~h|            .            .        1             .
2021-07-20T15:47:22.381075400Z       2.tot_adul~h|     -0.00109         0.00        1         0.9788
2021-07-20T15:47:22.382400500Z       3.tot_adul~h|     -0.00460         0.01        1         0.9088
2021-07-20T15:47:22.383698300Z       1b.ethnicity|            .            .        1             .
2021-07-20T15:47:22.386685200Z       3.ethnicity |     -0.02344         0.43        1         0.5129
2021-07-20T15:47:22.389064700Z       5.ethnicity |      0.00441         0.02        1         0.8984
2021-07-20T15:47:22.391168200Z       0b.htdiag_~p|            .            .        1             .
2021-07-20T15:47:22.392902900Z       1.htdiag_o~p|      0.02993         0.77        1         0.3788
2021-07-20T15:47:22.395116500Z       0b.chronic..|            .            .        1             .
2021-07-20T15:47:22.397199900Z       1.~y_disease|     -0.05166         1.71        1         0.1914
2021-07-20T15:47:22.398741400Z       0b.asthma   |            .            .        1             .
2021-07-20T15:47:22.400003300Z       1.asthma    |      0.01138         0.10        1         0.7538
2021-07-20T15:47:22.401226900Z       0b.chronic..|            .            .        1             .
2021-07-20T15:47:22.402514600Z       1.~c_disease|     -0.03396         0.85        1         0.3565
2021-07-20T15:47:22.403694800Z       1b.diabcat  |            .            .        1             .
2021-07-20T15:47:22.404899100Z       2.diabcat   |     -0.02742         0.58        1         0.4481
2021-07-20T15:47:22.406499900Z       3.diabcat   |      0.08013         3.86        1         0.0495
2021-07-20T15:47:22.407845400Z       4.diabcat   |     -0.00023         0.00        1         0.9948
2021-07-20T15:47:22.409189900Z       5.diabcat   |     -0.00941         0.06        1         0.8046
2021-07-20T15:47:22.410560900Z       6.diabcat   |      0.01925         0.03        1         0.8701
2021-07-20T15:47:22.412057000Z       1b.c~exhae~t|            .            .        1             .
2021-07-20T15:47:22.413343300Z       2.cancer_e~t|     -0.00331         0.00        1         0.9780
2021-07-20T15:47:22.414619100Z       3.cancer_e~t|      0.05142         2.11        1         0.1464
2021-07-20T15:47:22.416999900Z       4.cancer_e~t|      0.00060         0.00        1         0.9867
2021-07-20T15:47:22.418959600Z       1b.cancer_..|            .            .        1             .
2021-07-20T15:47:22.420781700Z       2.cancer_h~t|      0.04093         1.05        1         0.3057
2021-07-20T15:47:22.422486600Z       3.cancer_h~t|     -0.03271         0.81        1         0.3689
2021-07-20T15:47:22.424056600Z       4.cancer_h~t|     -0.00668         0.03        1         0.8600
2021-07-20T15:47:22.425487900Z       0b.chronic..|            .            .        1             .
2021-07-20T15:47:22.426766200Z       1.~r_disease|     -0.03367         0.94        1         0.3314
2021-07-20T15:47:22.427995900Z       0b.stroke_~a|            .            .        1             .
2021-07-20T15:47:22.429289500Z       1.stroke_d~a|     -0.04355         1.45        1         0.2289
2021-07-20T15:47:22.430610400Z       0b.other_n~o|            .            .        1             .
2021-07-20T15:47:22.431821100Z       1.other_ne~o|      0.01595         0.23        1         0.6307
2021-07-20T15:47:22.433266600Z       1b.reduced~t|            .            .        1             .
2021-07-20T15:47:22.434646700Z       2.reduced_~t|     -0.01457         0.16        1         0.6925
2021-07-20T15:47:22.435783100Z       0b.esrd     |            .            .        1             .
2021-07-20T15:47:22.437017800Z       1.esrd      |     -0.07597         4.31        1         0.0378
2021-07-20T15:47:22.438248400Z       0b.other_t~t|            .            .        1             .
2021-07-20T15:47:22.439737500Z       1.other_tr~t|     -0.06552         3.09        1         0.0788
2021-07-20T15:47:22.441561100Z       0b.asplenia |            .            .        1             .
2021-07-20T15:47:22.443640900Z       1.asplenia  |      0.02048         0.30        1         0.5861
2021-07-20T15:47:22.445399300Z       0b.ra_sle_~s|            .            .        1             .
2021-07-20T15:47:22.446943800Z       1.ra_sle_p~s|      0.03935         1.26        1         0.2616
2021-07-20T15:47:22.448273900Z       0b.other_i~o|            .            .        1             .
2021-07-20T15:47:22.449633400Z       1.other_im~o|     -0.00388         0.01        1         0.9182
2021-07-20T15:47:22.450285100Z       ------------+---------------------------------------------------
2021-07-20T15:47:22.493336300Z       global test |                     44.16       42         0.3804
2021-07-20T15:47:22.493361500Z       ----------------------------------------------------------------
2021-07-20T15:47:22.493380300Z 
2021-07-20T15:47:22.493385100Z note: robust variance-covariance matrix used.
2021-07-20T15:47:22.497209200Z    1:      1.80 /        1 =       1.8020
2021-07-20T15:47:22.888120100Z    1:      0.39 /        1 =       0.3930
2021-07-20T15:47:22.888141800Z 
2021-07-20T15:47:22.888145900Z -------------------------------------------------------------------------------
2021-07-20T15:47:22.888149000Z active results
2021-07-20T15:47:22.888151900Z -------------------------------------------------------------------------------
2021-07-20T15:47:22.889647000Z 
2021-07-20T15:47:22.889665300Z Stratified Cox regr. -- Breslow method for ties
2021-07-20T15:47:22.889774800Z 
2021-07-20T15:47:22.889790600Z No. of subjects      =          509             Number of obs    =         509
2021-07-20T15:47:22.889797900Z No. of failures      =           71
2021-07-20T15:47:22.889801200Z Time at risk         =        37721
2021-07-20T15:47:22.889961100Z                                                 Wald chi2(40)    =    10508.79
2021-07-20T15:47:22.889977100Z Log pseudolikelihood =   -248.93483             Prob > chi2      =      0.0000
2021-07-20T15:47:22.889983900Z 
2021-07-20T15:47:22.902126900Z                          (Std. Err. adjusted for 162 clusters in household_id)
2021-07-20T15:47:22.902152900Z ------------------------------------------------------------------------------
2021-07-20T15:47:22.902159500Z              |               Robust
2021-07-20T15:47:22.902164900Z           _t | Haz. Ratio   Std. Err.      z    P>|z|     [95% Conf. Interval]
2021-07-20T15:47:22.902170200Z -------------+----------------------------------------------------------------
2021-07-20T15:47:22.902175600Z gp_number_~s |
2021-07-20T15:47:22.902401800Z 2 childre..  |   1.553973   .6877564     1.00   0.319     .6527084     3.69971
2021-07-20T15:47:22.902683900Z 3 childre..  |   2.591539   1.352878     1.82   0.068     .9315355    7.209681
2021-07-20T15:47:22.902953400Z 4+ childr..  |    1.44396    .631829     0.84   0.401     .6124881    3.404182
2021-07-20T15:47:22.902970100Z              |
2021-07-20T15:47:22.903222100Z         age1 |   1.074742   .1288235     0.60   0.548     .8497191    1.359356
2021-07-20T15:47:22.903486800Z         age2 |   .8420981   .5203411    -0.28   0.781     .2508398     2.82702
2021-07-20T15:47:22.903831200Z         age3 |    1.28439   1.553133     0.21   0.836     .1200583    13.74048
2021-07-20T15:47:22.904094900Z       1.male |   1.225858   .2964202     0.84   0.400     .7631574    1.969092
2021-07-20T15:47:22.904109500Z              |
2021-07-20T15:47:22.904115700Z    obese4cat |
2021-07-20T15:47:22.904392700Z Obese I ..)  |     1.8149   .5184914     2.09   0.037     1.036756    3.177086
2021-07-20T15:47:22.904595900Z Obese II..)  |   1.140999   .4808028     0.31   0.754     .4995736    2.605979
2021-07-20T15:47:22.904929900Z Obese II..)  |   .5943179   .3798615    -0.81   0.416     .1698122    2.080026
2021-07-20T15:47:22.904943400Z              |
2021-07-20T15:47:22.904948200Z smoke_nomiss |
2021-07-20T15:47:22.905182400Z      Former  |   .4105102   .3873389    -0.94   0.345     .0645905    2.609031
2021-07-20T15:47:22.905645100Z     Current  |   .8581576   .3478968    -0.38   0.706      .387695     1.89952
2021-07-20T15:47:22.905659200Z              |
2021-07-20T15:47:22.905664900Z          imd |
2021-07-20T15:47:22.905960700Z           4  |   1.000428   .3255374     0.00   0.999     .5286964    1.893064
2021-07-20T15:47:22.906298900Z 5 most de..  |   .6421807   .2653651    -1.07   0.284     .2857061    1.443428
2021-07-20T15:47:22.906314200Z              |
2021-07-20T15:47:22.906319500Z tot_adults~h |
2021-07-20T15:47:22.906633500Z           2  |   5.21e+08          .        .       .            .           .
2021-07-20T15:47:22.906921800Z           3  |   1.17e+08   5.23e+07    41.58   0.000     4.87e+07    2.81e+08
2021-07-20T15:47:22.906935400Z              |
2021-07-20T15:47:22.906943300Z    ethnicity |
2021-07-20T15:47:22.907227800Z Asian or ..  |   1.552623   .5554619     1.23   0.219     .7700919    3.130325
2021-07-20T15:47:22.907558600Z       Other  |   1.004061   .4607366     0.01   0.993     .4084759    2.468048
2021-07-20T15:47:22.907571500Z              |
2021-07-20T15:47:22.907870200Z 1.htdiag_o~p |   1.131471   .6123711     0.23   0.819     .3917048    3.268346
2021-07-20T15:47:22.908242700Z 1.~y_disease |    1.27039   .3757454     0.81   0.418      .711501    2.268289
2021-07-20T15:47:22.908508100Z     1.asthma |   .3380382    .241824    -1.52   0.129     .0831836    1.373707
2021-07-20T15:47:22.908807800Z 1.~c_disease |   1.080929   .3032465     0.28   0.781      .623733    1.873248
2021-07-20T15:47:22.908821300Z              |
2021-07-20T15:47:22.908843200Z      diabcat |
2021-07-20T15:47:22.909140500Z T1DM, con..  |   1.651349   1.073371     0.77   0.440     .4619136    5.903598
2021-07-20T15:47:22.909416800Z T1DM, unc..  |   7.00e-16   6.15e-16   -39.74   0.000     1.25e-16    3.92e-15
2021-07-20T15:47:22.909639200Z T2DM, con..  |     1.3267   .4742791     0.79   0.429     .6583827    2.673418
2021-07-20T15:47:22.910004600Z T2DM, unc..  |   1.128422   .7555557     0.18   0.857     .3037626    4.191883
2021-07-20T15:47:22.910015800Z              |
2021-07-20T15:47:22.910021000Z cancer_exh~t |
2021-07-20T15:47:22.910346000Z   Last year  |   4.53e-16   3.81e-16   -42.03   0.000     8.72e-17    2.35e-15
2021-07-20T15:47:22.910655900Z 2-5 years..  |     2.5285   1.513958     1.55   0.121     .7819875    8.175724
2021-07-20T15:47:22.911007000Z    5+ years  |   1.750898   .5073719     1.93   0.053     .9922047    3.089729
2021-07-20T15:47:22.911033200Z              |
2021-07-20T15:47:22.911037100Z cancer_hae~t |
2021-07-20T15:47:22.911363200Z   Last year  |   3.78e-16   3.99e-16   -33.65   0.000     4.77e-17    2.99e-15
2021-07-20T15:47:22.911663400Z 2-5 years..  |   2.392092   1.726697     1.21   0.227     .5812334    9.844765
2021-07-20T15:47:22.912064800Z    5+ years  |   1.603301   .5243249     1.44   0.149     .8445939    3.043561
2021-07-20T15:47:22.912078800Z              |
2021-07-20T15:47:22.912458600Z 1.~r_disease |   .7758927   .2395759    -0.82   0.411      .423616    1.421121
2021-07-20T15:47:22.912835800Z 1.stroke_d~a |   1.979438   .5316007     2.54   0.011     1.169343    3.350748
2021-07-20T15:47:22.913230500Z 1.other_ne~o |   .9761355   .3068239    -0.08   0.939     .5271765    1.807441
2021-07-20T15:47:22.913242700Z              |
2021-07-20T15:47:22.913245800Z reduced_ki~t |
2021-07-20T15:47:22.913615400Z Stage 3a/..  |   .8656798   .6719197    -0.19   0.853     .1890929    3.963139
2021-07-20T15:47:22.913934200Z       1.esrd |   1.546468   .3865653     1.74   0.081      .947478    2.524137
2021-07-20T15:47:22.914252500Z 1.other_tr~t |   1.072063    .371891     0.20   0.841     .5431813    2.115905
2021-07-20T15:47:22.914541600Z   1.asplenia |   1.282615   .3574177     0.89   0.372     .7428445    2.214598
2021-07-20T15:47:22.914818400Z 1.ra_sle_p~s |   .9754737   .2993476    -0.08   0.936     .5345691     1.78003
2021-07-20T15:47:22.916101100Z 1.other_im~o |   .9005083   .2365653    -0.40   0.690     .5381154    1.506954
2021-07-20T15:47:22.916114300Z ------------------------------------------------------------------------------
2021-07-20T15:47:22.916382600Z                                                              Stratified by stp
2021-07-20T15:47:22.924632400Z (note: file ./output/an_multivariate_cox_models_covidadmission_gp_number_kids_M
2021-07-20T15:47:22.924653100Z > AINFULLYADJMODEL_ageband_1W2.ster not found)
2021-07-20T15:47:22.924656600Z file ./output/an_multivariate_cox_models_covidadmission_gp_number_kids_MAINFULL
2021-07-20T15:47:22.924660100Z > YADJMODEL_ageband_1W2.ster saved
2021-07-20T15:47:22.930338500Z (203 observations deleted)
2021-07-20T15:47:26.940712800Z    1:      4.01 /        1 =       4.0130
2021-07-20T15:47:26.940742800Z 
2021-07-20T15:47:26.940749400Z -------------------------------------------------------------------------------
2021-07-20T15:47:26.940755200Z active results
2021-07-20T15:47:26.940760600Z -------------------------------------------------------------------------------
2021-07-20T15:47:26.942823900Z 
2021-07-20T15:47:26.942848800Z Stratified Cox regr. -- Breslow method for ties
2021-07-20T15:47:26.942856400Z 
2021-07-20T15:47:26.942861900Z No. of subjects      =        4,286             Number of obs    =       4,286
2021-07-20T15:47:26.942991900Z No. of failures      =          607
2021-07-20T15:47:26.943006500Z Time at risk         =       316471
2021-07-20T15:47:26.943012000Z                                                 Wald chi2(42)    =    34626.08
2021-07-20T15:47:26.943116300Z Log pseudolikelihood =   -3541.4193             Prob > chi2      =      0.0000
2021-07-20T15:47:26.943130200Z 
2021-07-20T15:47:26.959062800Z                          (Std. Err. adjusted for 903 clusters in household_id)
2021-07-20T15:47:26.959087100Z ------------------------------------------------------------------------------
2021-07-20T15:47:26.959096500Z              |               Robust
2021-07-20T15:47:26.959101200Z           _t | Haz. Ratio   Std. Err.      z    P>|z|     [95% Conf. Interval]
2021-07-20T15:47:26.959106100Z -------------+----------------------------------------------------------------
2021-07-20T15:47:26.959110600Z    kids_cat4 |
2021-07-20T15:47:26.959387000Z only <12 ..  |   1.113009   .3536272     0.34   0.736     .5971087    2.074646
2021-07-20T15:47:26.959645900Z  only 12-18  |   1.964524   .6857286     1.93   0.053     .9911525    3.893805
2021-07-20T15:47:26.959900000Z       mixed  |   1.160509   .3488964     0.50   0.621     .6437878    2.091966
2021-07-20T15:47:26.959913700Z              |
2021-07-20T15:47:26.960173000Z         age1 |   .9500847    .034549    -1.41   0.159     .8847266    1.020271
2021-07-20T15:47:26.960433000Z         age2 |   1.386433   .2624196     1.73   0.084     .9567228    2.009146
2021-07-20T15:47:26.960747300Z         age3 |   .5179968   .1930131    -1.77   0.078     .2495497     1.07522
2021-07-20T15:47:26.961109800Z       1.male |   1.139695   .0944811     1.58   0.115     .9687766    1.340768
2021-07-20T15:47:26.961123000Z              |
2021-07-20T15:47:26.961127900Z    obese4cat |
2021-07-20T15:47:26.961438700Z Obese I ..)  |   1.196814   .1435165     1.50   0.134     .9461382    1.513906
2021-07-20T15:47:26.961697600Z Obese II..)  |     1.2192   .1735546     1.39   0.164     .9223707    1.611553
2021-07-20T15:47:26.962059600Z Obese II..)  |   1.078083   .1874478     0.43   0.665     .7667478    1.515834
2021-07-20T15:47:26.962072600Z              |
2021-07-20T15:47:26.962077300Z smoke_nomiss |
2021-07-20T15:47:26.962396200Z      Former  |   .5145629   .2104354    -1.62   0.104     .2308509    1.146953
2021-07-20T15:47:26.962730400Z     Current  |   .9350312   .1260046    -0.50   0.618     .7179899    1.217682
2021-07-20T15:47:26.962744100Z              |
2021-07-20T15:47:26.962748900Z          imd |
2021-07-20T15:47:26.963031500Z           4  |   1.152912   .1223174     1.34   0.180     .9364587    1.419397
2021-07-20T15:47:26.963425100Z 5 most de..  |   1.157189   .1519623     1.11   0.266     .8945906    1.496871
2021-07-20T15:47:26.963438600Z              |
2021-07-20T15:47:26.963443600Z tot_adults~h |
2021-07-20T15:47:26.963770000Z           2  |   .9389475   .5270127    -0.11   0.911     .3125206    2.821006
2021-07-20T15:47:26.964093600Z           3  |   .6378365   .3230059    -0.89   0.375     .2364033    1.720938
2021-07-20T15:47:26.964104400Z              |
2021-07-20T15:47:26.964107400Z    ethnicity |
2021-07-20T15:47:26.964445600Z Asian or ..  |   1.028044   .1364557     0.21   0.835     .7925544    1.333505
2021-07-20T15:47:26.964825100Z       Other  |   .7112184   .1130005    -2.14   0.032     .5209086    .9710565
2021-07-20T15:47:26.964836000Z              |
2021-07-20T15:47:26.965249100Z 1.htdiag_o~p |   1.069123   .1732411     0.41   0.680     .7782132     1.46878
2021-07-20T15:47:26.965582500Z 1.~y_disease |    1.02622   .0993055     0.27   0.789     .8489284    1.240537
2021-07-20T15:47:26.965958400Z     1.asthma |    .767412   .1240232    -1.64   0.101     .5590671      1.0534
2021-07-20T15:47:26.966394600Z 1.~c_disease |   1.065682   .1072764     0.63   0.527     .8748666    1.298116
2021-07-20T15:47:26.966411300Z              |
2021-07-20T15:47:26.966416900Z      diabcat |
2021-07-20T15:47:26.966778900Z T1DM, con..  |   .9148539   .2622542    -0.31   0.756     .5216081    1.604572
2021-07-20T15:47:26.967075000Z T1DM, unc..  |   2.069966   .6727324     2.24   0.025     1.094776    3.913821
2021-07-20T15:47:26.967490800Z T2DM, con..  |   .8856927   .0988077    -1.09   0.277      .711743    1.102156
2021-07-20T15:47:26.967803100Z T2DM, unc..  |   .9859441   .2233882    -0.06   0.950     .6324018    1.537133
2021-07-20T15:47:26.968186000Z Diabetes,..  |   3.71e-18   1.99e-18   -74.86   0.000     1.30e-18    1.06e-17
2021-07-20T15:47:26.968200900Z              |
2021-07-20T15:47:26.968206100Z cancer_exh~t |
2021-07-20T15:47:26.968614900Z   Last year  |   4.09e-18   1.02e-18  -161.12   0.000     2.51e-18    6.65e-18
2021-07-20T15:47:26.968905800Z 2-5 years..  |   1.257425   .3961382     0.73   0.467     .6781416    2.331546
2021-07-20T15:47:26.969250700Z    5+ years  |   1.073098    .110012     0.69   0.491       .87776    1.311907
2021-07-20T15:47:26.969265200Z              |
2021-07-20T15:47:26.969270800Z cancer_hae~t |
2021-07-20T15:47:26.969694600Z   Last year  |    2.42135   .9996991     2.14   0.032     1.078011    5.438659
2021-07-20T15:47:26.970043100Z 2-5 years..  |   1.920963    .537999     2.33   0.020     1.109495    3.325927
2021-07-20T15:47:26.970520000Z    5+ years  |   1.050135    .111211     0.46   0.644     .8532991    1.292375
2021-07-20T15:47:26.970530600Z              |
2021-07-20T15:47:26.971036600Z 1.~r_disease |   1.083096   .1128885     0.77   0.444     .8829746    1.328573
2021-07-20T15:47:26.971396200Z 1.stroke_d~a |   1.046827   .1031144     0.46   0.642     .8630387    1.269755
2021-07-20T15:47:26.971723700Z 1.other_ne~o |   1.001559    .099082     0.02   0.987     .8250283    1.215861
2021-07-20T15:47:26.971751600Z              |
2021-07-20T15:47:26.971757100Z reduced_ki~t |
2021-07-20T15:47:26.972078900Z Stage 3a/..  |   1.193426   .2436501     0.87   0.386     .7998601    1.780643
2021-07-20T15:47:26.972386300Z       1.esrd |   .9468058    .079534    -0.65   0.515     .8030783    1.116256
2021-07-20T15:47:26.972656900Z 1.other_tr~t |   1.004234   .1045751     0.04   0.968     .8188336    1.231612
2021-07-20T15:47:26.972961500Z   1.asplenia |   1.112862   .1029848     1.16   0.248     .9282626    1.334173
2021-07-20T15:47:26.973326200Z 1.ra_sle_p~s |   1.003171   .1022871     0.03   0.975     .8214541    1.225086
2021-07-20T15:47:26.975022400Z 1.other_im~o |   .8792673   .0796279    -1.42   0.155     .7362659    1.050043
2021-07-20T15:47:26.975035000Z ------------------------------------------------------------------------------
2021-07-20T15:47:26.975302500Z                                                              Stratified by stp
2021-07-20T15:47:26.986519300Z (note: file ./output/an_sense_covidadmission_plus_eth_12mo_ageband_1W2.ster not
2021-07-20T15:47:26.986544000Z >  found)
2021-07-20T15:47:26.986549500Z file ./output/an_sense_covidadmission_plus_eth_12mo_ageband_1W2.ster saved
2021-07-20T15:47:26.986553800Z 
2021-07-20T15:47:26.986557800Z . 
2021-07-20T15:47:26.986561500Z . log close
2021-07-20T15:47:26.986755900Z       name:  <unnamed>
2021-07-20T15:47:26.986769100Z        log:  /workspace/log/07b_an_multivariable_cox_models_covidadmission_W2.l
2021-07-20T15:47:26.986772700Z > og
2021-07-20T15:47:26.986775400Z   log type:  text
2021-07-20T15:47:26.986777900Z  closed on:  20 Jul 2021, 15:47:26
2021-07-20T15:47:26.986780400Z -------------------------------------------------------------------------------
2021-07-20T15:47:26.986783200Z 
2021-07-20T15:47:26.986785500Z . exit, clear
2021-07-20T15:47:26.986788000Z 
2021-07-20T15:47:26.986790300Z end of do-file
2021-07-20T15:47:26.986792700Z 
2021-07-20T15:47:26.986795000Z . . file open output using "/tmp/tmp.x6OlqajNrd", write text replace
2021-07-20T15:47:26.986995300Z 
2021-07-20T15:47:26.987012700Z . . file write output "success" 
2021-07-20T15:47:26.987019000Z 
2021-07-20T15:47:26.987023500Z . . file close output
2021-07-20T15:47:26.987027900Z 
2021-07-20T15:47:26.987032000Z . 
2021-07-20T15:47:26.987036400Z end of do-file
2021-07-20T15:47:26.987040700Z 
2021-07-20T15:47:26.987044800Z 
2021-07-20T15:47:27.014895700Z . 

state: succeeded
commit: none
docker_image_id: sha256:11980aa720220a1b39bf523f5a8a33270214c13876c30ee364e16265766f7f60
exit_code: 0
job_id: d64clom2qmxjibfx
run_by_user: qc18278
created_at: 2021-07-20T15:38:48Z
started_at: 2021-07-20T15:46:48Z
completed_at: 2021-07-20T15:48:11Z

Completed successfully

outputs:
  log/07b_an_multivariable_cox_models_covidadmission_W2.log                                           - moderately_sensitive
  output/an_multivariate_cox_models_covidadmission_gp_number_kids_MAINFULLYADJMODEL_ageband_0W2.ster  - moderately_sensitive
  output/an_multivariate_cox_models_covidadmission_gp_number_kids_MAINFULLYADJMODEL_ageband_1W2.ster  - moderately_sensitive
  output/an_multivariate_cox_models_covidadmission_kids_cat4_MAINFULLYADJMODEL_ageband_0W2.ster       - moderately_sensitive
  output/an_multivariate_cox_models_covidadmission_kids_cat4_MAINFULLYADJMODEL_ageband_1W2.ster       - moderately_sensitive
  output/an_sense_covidadmission_plus_eth_12mo_ageband_0W2.ster                                       - moderately_sensitive
  output/an_sense_covidadmission_plus_eth_12mo_ageband_1W2.ster                                       - moderately_sensitive