2021-07-20T15:44:31.588748200Z 
2021-07-20T15:44:31.588781100Z   ___  ____  ____  ____  ____ (R)
2021-07-20T15:44:31.588786100Z  /__    /   ____/   /   ____/
2021-07-20T15:44:31.588790000Z ___/   /   /___/   /   /___/   16.1   Copyright 1985-2019 StataCorp LLC
2021-07-20T15:44:31.588793600Z   Statistics/Data Analysis            StataCorp
2021-07-20T15:44:31.588797100Z                                       4905 Lakeway Drive
2021-07-20T15:44:31.588800500Z                                       College Station, Texas 77845 USA
2021-07-20T15:44:31.588804000Z                                       800-STATA-PC        http://www.stata.com
2021-07-20T15:44:31.588807400Z                                       979-696-4600        stata@stata.com
2021-07-20T15:44:31.588810800Z                                       979-696-4601 (fax)
2021-07-20T15:44:31.588814200Z 
2021-07-20T15:44:31.588817300Z 3-user Stata network license expires 11 May 2022:
2021-07-20T15:44:31.588820500Z        Serial number:  501709312237
2021-07-20T15:44:31.588824200Z          Licensed to:  The Bennett Institute
2021-07-20T15:44:31.588827900Z                        Oxford University
2021-07-20T15:44:31.589787300Z 
2021-07-20T15:44:31.589803400Z Notes:
2021-07-20T15:44:31.589808200Z       1.  Unicode is supported; see help unicode_advice.
2021-07-20T15:44:31.589812200Z 
2021-07-20T15:44:31.589815500Z . do "analysis/07b_an_multivariable_cox_models_FULL.wrapper.do" non_covid_death
2021-07-20T15:44:31.589819200Z >  W2 
2021-07-20T15:44:31.589823000Z 
2021-07-20T15:44:31.589826300Z . . do "analysis/07b_an_multivariable_cox_models_FULL.do" non_covid_death W2
2021-07-20T15:44:31.589830000Z 
2021-07-20T15:44:31.589833100Z . *****************************************************************************
2021-07-20T15:44:31.589836700Z > ***
2021-07-20T15:44:31.589840300Z . *
2021-07-20T15:44:31.589843700Z . *       Do-file:                07b_an_multivariable_cox_models.do
2021-07-20T15:44:31.589847400Z . *
2021-07-20T15:44:31.589850900Z . *       Project:                Exposure children and COVID risk
2021-07-20T15:44:31.589854400Z . *
2021-07-20T15:44:31.589857800Z . *       Programmed by:  Hforbes, based on files from Fizz & Krishnan
2021-07-20T15:44:31.589861500Z . *
2021-07-20T15:44:31.589864800Z . *       Data used:              analysis_dataset.dta
2021-07-20T15:44:31.589868000Z . *
2021-07-20T15:44:31.589870800Z . *       Data created:   None
2021-07-20T15:44:31.589873900Z . *
2021-07-20T15:44:31.589877200Z . *       Other output:   Log file:  an_multivariable_cox_models.log
2021-07-20T15:44:31.589881000Z . *
2021-07-20T15:44:31.589884400Z . *****************************************************************************
2021-07-20T15:44:31.589933200Z > ***
2021-07-20T15:44:31.589940700Z . *
2021-07-20T15:44:31.589944300Z . *       Purpose:                This do-file performs multivariable (fully ad
2021-07-20T15:44:31.589947900Z > justed) 
2021-07-20T15:44:31.589951800Z . *                                       Cox models. 
2021-07-20T15:44:31.589956000Z . *  
2021-07-20T15:44:31.589959400Z . *****************************************************************************
2021-07-20T15:44:31.589963200Z > ***
2021-07-20T15:44:31.589967000Z . *       
2021-07-20T15:44:31.589970800Z . *       Stata routines needed:  stbrier   
2021-07-20T15:44:31.589974700Z . *
2021-07-20T15:44:31.589978100Z . *****************************************************************************
2021-07-20T15:44:31.589982200Z > ***
2021-07-20T15:44:31.589985900Z . 
2021-07-20T15:44:31.590013800Z . * Set globals that will print in programs and direct output
2021-07-20T15:44:31.590023300Z . global outdir     "output" 
2021-07-20T15:44:31.590028200Z 
2021-07-20T15:44:31.590031700Z . global logdir     "log"
2021-07-20T15:44:31.590035500Z 
2021-07-20T15:44:31.590038900Z . global tempdir    "tempdata"
2021-07-20T15:44:31.590043700Z 
2021-07-20T15:44:31.590047200Z . global demogadjlist  age1 age2 age3 i.male i.obese4cat i.smoke_nomiss i.imd i
2021-07-20T15:44:31.590051100Z > .tot_adults_hh i.ethnicity
2021-07-20T15:44:31.590054800Z 
2021-07-20T15:44:31.590058200Z . global comordidadjlist  i.htdiag_or_highbp                              ///
2021-07-20T15:44:31.590063300Z >                         i.chronic_respiratory_disease   ///
2021-07-20T15:44:31.590067000Z >                         i.asthma                                             
2021-07-20T15:44:31.590071300Z >    ///
2021-07-20T15:44:31.590074500Z >                         i.chronic_cardiac_disease               ///
2021-07-20T15:44:31.590078200Z >                         i.diabcat                                            
2021-07-20T15:44:31.590081400Z >    ///
2021-07-20T15:44:31.590084600Z >                         i.cancer_exhaem_cat                             ///
2021-07-20T15:44:31.590088300Z >                         i.cancer_haem_cat                               ///
2021-07-20T15:44:31.590091800Z >                         i.chronic_liver_disease                 ///
2021-07-20T15:44:31.590095300Z >                         i.stroke_dementia                               ///
2021-07-20T15:44:31.590098700Z >                         i.other_neuro                                   ///
2021-07-20T15:44:31.590103200Z >                         i.reduced_kidney_function_cat   ///
2021-07-20T15:44:31.590113200Z >                         i.esrd                                               
2021-07-20T15:44:31.590117000Z >    ///
2021-07-20T15:44:31.590120400Z >                         i.other_transplant                              ///
2021-07-20T15:44:31.590124100Z >                         i.asplenia                                           
2021-07-20T15:44:31.590127500Z >    ///
2021-07-20T15:44:31.590130800Z >                         i.ra_sle_psoriasis                      ///
2021-07-20T15:44:31.590134100Z >                         i.other_immuno          
2021-07-20T15:44:31.590139200Z 
2021-07-20T15:44:31.590143300Z . 
2021-07-20T15:44:31.590147000Z . local outcome `1'
2021-07-20T15:44:31.590150600Z 
2021-07-20T15:44:31.590154000Z . local dataset `2'
2021-07-20T15:44:31.590157600Z 
2021-07-20T15:44:31.590160900Z . 
2021-07-20T15:44:31.590164300Z . *****************************************************************************
2021-07-20T15:44:31.590168100Z > *******
2021-07-20T15:44:31.590171600Z . *First clean up all old saved estimates for this outcome
2021-07-20T15:44:31.590175200Z . *This is to guard against accidentally displaying left-behind results from ol
2021-07-20T15:44:31.590178800Z > d runs
2021-07-20T15:44:31.590182200Z . *****************************************************************************
2021-07-20T15:44:31.590185800Z > *******
2021-07-20T15:44:31.590189100Z . 
2021-07-20T15:44:31.590192200Z . * Open a log file
2021-07-20T15:44:31.590195200Z . capture log close
2021-07-20T15:44:31.590199800Z 
2021-07-20T15:44:31.590203400Z . log using "$logdir/07b_an_multivariable_cox_models_`outcome'_`dataset'", text
2021-07-20T15:44:31.590207300Z >  replace
2021-07-20T15:44:31.590326800Z (note: file /workspace/log/07b_an_multivariable_cox_models_non_covid_death_W2.l
2021-07-20T15:44:31.590340400Z > og not found)
2021-07-20T15:44:31.590345700Z -------------------------------------------------------------------------------
2021-07-20T15:44:31.590349700Z       name:  <unnamed>
2021-07-20T15:44:31.590353400Z        log:  /workspace/log/07b_an_multivariable_cox_models_non_covid_death_W2.
2021-07-20T15:44:31.590357300Z > log
2021-07-20T15:44:31.590360800Z   log type:  text
2021-07-20T15:44:31.590364300Z  opened on:  20 Jul 2021, 15:44:31
2021-07-20T15:44:31.590367800Z 
2021-07-20T15:44:31.590456300Z . 
2021-07-20T15:44:31.590467100Z . 
2021-07-20T15:44:31.590471300Z . *****************************************************************************
2021-07-20T15:44:31.590482200Z > ********
2021-07-20T15:44:31.590486200Z . *PROG TO DEFINE THE BASIC COX MODEL WITH OPTIONS FOR HANDLING OF AGE, BMI, ET
2021-07-20T15:44:31.590490100Z > HNICITY:
2021-07-20T15:44:31.590493600Z . cap prog drop basecoxmodel
2021-07-20T15:44:31.590512000Z 
2021-07-20T15:44:31.590516600Z . prog define basecoxmodel
2021-07-20T15:44:31.590522900Z   1.         syntax , exposure(string) age(string) 
2021-07-20T15:44:31.590527300Z   2. 
2021-07-20T15:44:31.590531100Z . timer clear
2021-07-20T15:44:31.590534900Z   3. timer on 1
2021-07-20T15:44:31.590641700Z   4.         capture stcox   `exposure'                              ///
2021-07-20T15:44:31.590654500Z >                         $demogadjlist                                   ///
2021-07-20T15:44:31.590660000Z >                         $comordidadjlist                                ///
2021-07-20T15:44:31.590664200Z >                         `if'                                                 
2021-07-20T15:44:31.590667900Z >    ///
2021-07-20T15:44:31.590671500Z >                         , strata(stp) vce(cluster household_id)
2021-07-20T15:44:31.590675700Z   5. timer off 1
2021-07-20T15:44:31.590679100Z   6. timer list
2021-07-20T15:44:31.590682600Z   7. end
2021-07-20T15:44:31.590686000Z 
2021-07-20T15:44:31.590689400Z . *****************************************************************************
2021-07-20T15:44:31.590693100Z > ********
2021-07-20T15:44:31.590696400Z . 
2021-07-20T15:44:31.590699600Z . 
2021-07-20T15:44:31.590711100Z . * Open dataset and fit specified model(s)
2021-07-20T15:44:31.590723900Z . forvalues x=0/1 {
2021-07-20T15:44:31.590728400Z   2. 
2021-07-20T15:44:31.590875900Z . use "$tempdir/cr_create_analysis_dataset_STSET_`outcome'_ageband_`x'`dataset'
2021-07-20T15:44:31.590887100Z > .dta", clear
2021-07-20T15:44:31.590891100Z   3. 
2021-07-20T15:44:31.590894100Z . ******************************
2021-07-20T15:44:31.590896900Z . *  Multivariable Cox models  *
2021-07-20T15:44:31.590899700Z . ******************************
2021-07-20T15:44:31.590902800Z . 
2021-07-20T15:44:31.590905600Z . 
2021-07-20T15:44:31.590908500Z . 
2021-07-20T15:44:31.590911800Z . foreach exposure_type in kids_cat4  {
2021-07-20T15:44:31.590915300Z   4. 
2021-07-20T15:44:31.590918500Z . *Age spline model (not adj ethnicity)
2021-07-20T15:44:31.590921900Z . cap erase "./output/an_multivariate_cox_models_`outcome'_`exposure_type'_MAIN
2021-07-20T15:44:31.590925600Z > FULLYADJMODEL_ageband_`x'`dataset'"
2021-07-20T15:44:31.590938900Z   5. basecoxmodel, exposure("i.`exposure_type'") age("age1 age2 age3") 
2021-07-20T15:44:31.590943900Z   6. if _rc==0{
2021-07-20T15:44:31.590947600Z   7. estimates
2021-07-20T15:44:31.590951200Z   8. estimates save "./output/an_multivariate_cox_models_`outcome'_`exposure_ty
2021-07-20T15:44:31.590955200Z > pe'_MAINFULLYADJMODEL_ageband_`x'`dataset'", replace
2021-07-20T15:44:31.590958800Z   9.         *  Proportional Hazards test 
2021-07-20T15:44:31.590962300Z .         * Based on Schoenfeld residuals
2021-07-20T15:44:31.590965600Z .         timer clear 
2021-07-20T15:44:31.590969000Z  10.         timer on 1
2021-07-20T15:44:31.590972200Z  11.         if e(N_fail)>0 estat phtest, d
2021-07-20T15:44:31.591023800Z  12.         timer off 1
2021-07-20T15:44:31.591034600Z  13.         timer list 
2021-07-20T15:44:31.591039100Z  14.         
2021-07-20T15:44:31.591042800Z . }
2021-07-20T15:44:31.591046200Z  15. else di "WARNING AGE SPLINE MODEL DID NOT FIT (OUTCOME `outcome')"
2021-07-20T15:44:31.591050600Z  16. 
2021-07-20T15:44:31.591054700Z . }
2021-07-20T15:44:31.591085500Z  17. 
2021-07-20T15:44:31.591092800Z . foreach exposure_type in  gp_number_kids {
2021-07-20T15:44:31.591096800Z  18. *Age spline model (not adj ethnicity)
2021-07-20T15:44:31.591100100Z . cap erase "./output/an_multivariate_cox_models_`outcome'_`exposure_type'_MAIN
2021-07-20T15:44:31.591103600Z > FULLYADJMODEL_ageband_`x'`dataset'"
2021-07-20T15:44:31.591107000Z  19. basecoxmodel, exposure("i.`exposure_type'") age("age1 age2 age3") 
2021-07-20T15:44:31.591187000Z  20. if _rc==0{
2021-07-20T15:44:31.591197800Z  21. estimates
2021-07-20T15:44:31.591201800Z  22. estimates save "./output/an_multivariate_cox_models_`outcome'_`exposure_ty
2021-07-20T15:44:31.591205400Z > pe'_MAINFULLYADJMODEL_ageband_`x'`dataset'", replace
2021-07-20T15:44:31.591209300Z  23. }
2021-07-20T15:44:31.591212500Z  24. else di "WARNING AGE SPLINE MODEL DID NOT FIT (OUTCOME `outcome')"
2021-07-20T15:44:31.591216100Z  25. 
2021-07-20T15:44:31.591219200Z . }
2021-07-20T15:44:31.591222400Z  26. 
2021-07-20T15:44:31.591226100Z . 
2021-07-20T15:44:31.591229400Z . *SENSITIVITY ANALYSIS: 12 months FUP
2021-07-20T15:44:31.591233000Z . keep if has_12_m_follow_up == 1
2021-07-20T15:44:31.591319300Z  27. foreach exposure_type in kids_cat4   {
2021-07-20T15:44:31.591360300Z  28. 
2021-07-20T15:44:31.591365200Z . *Age spline model (not adj ethnicity)
2021-07-20T15:44:31.591368700Z . cap erase ./output/an_sense_`outcome'_plus_eth_12mo_ageband_`x'`dataset'
2021-07-20T15:44:31.591372300Z  29. basecoxmodel, exposure("i.`exposure_type'") age("age1 age2 age3")  
2021-07-20T15:44:31.591383000Z  30. if _rc==0{
2021-07-20T15:44:31.591386700Z  31. estimates
2021-07-20T15:44:31.591493000Z  32. estimates save ./output/an_sense_`outcome'_plus_eth_12mo_ageband_`x'`datas
2021-07-20T15:44:31.591504000Z > et', replace
2021-07-20T15:44:31.591508400Z  33. *estat concordance /*c-statistic*/
2021-07-20T15:44:31.591579300Z . }
2021-07-20T15:44:31.591615700Z  34. else di "WARNING 12 MO FUP MODEL W/ AGE SPLINE  DID NOT FIT (OUTCOME `outc
2021-07-20T15:44:31.591623000Z > ome')"
2021-07-20T15:44:31.591625700Z  35. }       
2021-07-20T15:44:31.591628900Z  36. }
2021-07-20T15:44:45.607961100Z    1:     14.01 /        1 =      14.0120
2021-07-20T15:44:45.610384800Z 
2021-07-20T15:44:45.610413600Z -------------------------------------------------------------------------------
2021-07-20T15:44:45.610420100Z active results
2021-07-20T15:44:45.610424900Z -------------------------------------------------------------------------------
2021-07-20T15:44:45.612473300Z 
2021-07-20T15:44:45.612492900Z Stratified Cox regr. -- Breslow method for ties
2021-07-20T15:44:45.612499100Z 
2021-07-20T15:44:45.612503800Z No. of subjects      =       16,235             Number of obs    =      16,235
2021-07-20T15:44:45.612769000Z No. of failures      =        1,766
2021-07-20T15:44:45.612783900Z Time at risk         =      1520863
2021-07-20T15:44:45.612885000Z                                                 Wald chi2(42)    =     7030.18
2021-07-20T15:44:45.612919400Z Log pseudolikelihood =   -12783.348             Prob > chi2      =      0.0000
2021-07-20T15:44:45.612928000Z 
2021-07-20T15:44:45.678560900Z                        (Std. Err. adjusted for 1,121 clusters in household_id)
2021-07-20T15:44:45.678582200Z ------------------------------------------------------------------------------
2021-07-20T15:44:45.678587600Z              |               Robust
2021-07-20T15:44:45.678592000Z           _t | Haz. Ratio   Std. Err.      z    P>|z|     [95% Conf. Interval]
2021-07-20T15:44:45.678596500Z -------------+----------------------------------------------------------------
2021-07-20T15:44:45.678600800Z    kids_cat4 |
2021-07-20T15:44:45.689846600Z only <12 ..  |   .9618653   .1560853    -0.24   0.811     .6998207    1.322031
2021-07-20T15:44:45.690135400Z  only 12-18  |   .9292474   .2170177    -0.31   0.753     .5879503    1.468663
2021-07-20T15:44:45.690393000Z       mixed  |   .9671582   .1437964    -0.22   0.822     .7226724    1.294355
2021-07-20T15:44:45.690410100Z              |
2021-07-20T15:44:45.690718800Z         age1 |   1.000863   .0089211     0.10   0.923     .9835297    1.018501
2021-07-20T15:44:45.690968200Z         age2 |   1.001616   .0273264     0.06   0.953     .9494639    1.056632
2021-07-20T15:44:45.691261300Z         age3 |   .9839428   .0744847    -0.21   0.831     .8482692    1.141316
2021-07-20T15:44:45.691606600Z       1.male |   .9701859   .0456077    -0.64   0.520     .8847909    1.063823
2021-07-20T15:44:45.691618900Z              |
2021-07-20T15:44:45.691623700Z    obese4cat |
2021-07-20T15:44:45.691908100Z Obese I ..)  |   1.003395   .0699575     0.05   0.961     .8752369     1.15032
2021-07-20T15:44:45.692209400Z Obese II..)  |   1.061973   .0927065     0.69   0.491     .8949663    1.260145
2021-07-20T15:44:45.692503100Z Obese II..)  |   .9299932   .1021978    -0.66   0.509     .7497914    1.153504
2021-07-20T15:44:45.692516800Z              |
2021-07-20T15:44:45.692521700Z smoke_nomiss |
2021-07-20T15:44:45.692827800Z      Former  |   1.173179   .1807566     1.04   0.300     .8673931    1.586764
2021-07-20T15:44:45.693202000Z     Current  |   .9197244   .0679633    -1.13   0.257     .7957157    1.063059
2021-07-20T15:44:45.693219700Z              |
2021-07-20T15:44:45.693225200Z          imd |
2021-07-20T15:44:45.693625600Z           4  |   1.101259   .0671353     1.58   0.114     .9772329    1.241025
2021-07-20T15:44:45.693971600Z 5 most de..  |   1.047405   .0840429     0.58   0.564     .8949833    1.225785
2021-07-20T15:44:45.693987500Z              |
2021-07-20T15:44:45.693992600Z tot_adults~h |
2021-07-20T15:44:45.694591300Z           2  |   1.216641   .5007933     0.48   0.634     .5429889    2.726049
2021-07-20T15:44:45.694962300Z           3  |   1.205979   .4141542     0.55   0.585     .6152087    2.364053
2021-07-20T15:44:45.694978800Z              |
2021-07-20T15:44:45.694983900Z    ethnicity |
2021-07-20T15:44:45.695446600Z Asian or ..  |   .9913212   .0753085    -0.11   0.909     .8541821    1.150478
2021-07-20T15:44:45.695842900Z       Other  |   .9933294   .0763876    -0.09   0.931     .8543492    1.154918
2021-07-20T15:44:45.695857600Z              |
2021-07-20T15:44:45.696379100Z 1.htdiag_o~p |   .8753711    .071611    -1.63   0.104     .7456902    1.027605
2021-07-20T15:44:45.696688400Z 1.~y_disease |   .9093953   .0570373    -1.51   0.130     .8042023    1.028348
2021-07-20T15:44:45.697443200Z     1.asthma |   .8271951   .0781628    -2.01   0.045     .6873482    .9954951
2021-07-20T15:44:45.698052400Z 1.~c_disease |   .9778504   .0566084    -0.39   0.699      .872963     1.09534
2021-07-20T15:44:45.698068600Z              |
2021-07-20T15:44:45.698073700Z      diabcat |
2021-07-20T15:44:45.698304000Z T1DM, con..  |   1.067814    .168853     0.41   0.678     .7832413     1.45578
2021-07-20T15:44:45.698570000Z T1DM, unc..  |   .6699564   .2519991    -1.06   0.287     .3205335    1.400295
2021-07-20T15:44:45.698810400Z T2DM, con..  |   1.032379   .0648459     0.51   0.612     .9127952    1.167629
2021-07-20T15:44:45.699089300Z T2DM, unc..  |   .9028424     .12661    -0.73   0.466     .6858731    1.188448
2021-07-20T15:44:45.699468900Z Diabetes,..  |   9.23e-14   3.43e-14   -80.80   0.000     4.46e-14    1.91e-13
2021-07-20T15:44:45.699482900Z              |
2021-07-20T15:44:45.699488000Z cancer_exh~t |
2021-07-20T15:44:45.699787400Z   Last year  |   .7731705   .3498651    -0.57   0.570     .3184935    1.876938
2021-07-20T15:44:45.700051200Z 2-5 years..  |   .8617036   .1735326    -0.74   0.460     .5806845     1.27872
2021-07-20T15:44:45.700366700Z    5+ years  |   .9888567   .0617195    -0.18   0.858      .874995    1.117535
2021-07-20T15:44:45.700375300Z              |
2021-07-20T15:44:45.700378100Z cancer_hae~t |
2021-07-20T15:44:45.700736100Z   Last year  |   1.000135   .3811397     0.00   1.000     .4738881    2.110773
2021-07-20T15:44:45.700959400Z 2-5 years..  |   1.135829   .2001976     0.72   0.470     .8040494    1.604512
2021-07-20T15:44:45.701291900Z    5+ years  |   1.007604   .0652095     0.12   0.907     .8875697    1.143872
2021-07-20T15:44:45.701304700Z              |
2021-07-20T15:44:45.701578700Z 1.~r_disease |   1.028135   .0606683     0.47   0.638     .9158459    1.154192
2021-07-20T15:44:45.701912200Z 1.stroke_d~a |   1.049979   .0642915     0.80   0.426     .9312375    1.183861
2021-07-20T15:44:45.702187800Z 1.other_ne~o |   1.038807   .0626419     0.63   0.528     .9230092    1.169133
2021-07-20T15:44:45.702207700Z              |
2021-07-20T15:44:45.702212400Z reduced_ki~t |
2021-07-20T15:44:45.702621100Z Stage 3a/..  |    .773539   .3466271    -0.57   0.567     .3214061    1.861703
2021-07-20T15:44:45.703147600Z       1.esrd |   1.014558   .0472417     0.31   0.756     .9260654    1.111506
2021-07-20T15:44:45.703549700Z 1.other_tr~t |   .9754952    .057631    -0.42   0.675     .8688349    1.095249
2021-07-20T15:44:45.703887900Z   1.asplenia |   .9201615   .0591708    -1.29   0.196     .8111995    1.043759
2021-07-20T15:44:45.704321400Z 1.ra_sle_p~s |   .8885377   .0529291    -1.98   0.047     .7906256    .9985754
2021-07-20T15:44:45.714337700Z 1.other_im~o |   .9940115   .0513388    -0.12   0.907     .8983147    1.099903
2021-07-20T15:44:45.714359600Z ------------------------------------------------------------------------------
2021-07-20T15:44:45.714499700Z                                                              Stratified by stp
2021-07-20T15:44:45.744393600Z (note: file ./output/an_multivariate_cox_models_non_covid_death_kids_cat4_MAINF
2021-07-20T15:44:45.744415100Z > ULLYADJMODEL_ageband_0W2.ster not found)
2021-07-20T15:44:45.744418600Z file ./output/an_multivariate_cox_models_non_covid_death_kids_cat4_MAINFULLYADJ
2021-07-20T15:44:45.744421300Z > MODEL_ageband_0W2.ster saved
2021-07-20T15:44:59.375485600Z 
2021-07-20T15:44:59.375518200Z       Test of proportional-hazards assumption
2021-07-20T15:44:59.375536300Z 
2021-07-20T15:44:59.375541600Z       Time:  Time
2021-07-20T15:44:59.375546500Z       ----------------------------------------------------------------
2021-07-20T15:44:59.375551100Z                   |       rho            chi2       df       Prob>chi2
2021-07-20T15:44:59.375752500Z       ------------+---------------------------------------------------
2021-07-20T15:44:59.394888900Z       0b.kids_cat4|            .            .        1             .
2021-07-20T15:44:59.401675200Z       1.kids_cat4 |      0.01868         0.60        1         0.4372
2021-07-20T15:44:59.408766500Z       2.kids_cat4 |      0.00657         0.08        1         0.7797
2021-07-20T15:44:59.416018300Z       3.kids_cat4 |      0.02083         0.68        1         0.4105
2021-07-20T15:44:59.424328800Z       age1        |     -0.00835         0.14        1         0.7102
2021-07-20T15:44:59.433836400Z       age2        |     -0.00531         0.05        1         0.8165
2021-07-20T15:44:59.443409300Z       age3        |      0.01516         0.43        1         0.5116
2021-07-20T15:44:59.451283700Z       0b.male     |            .            .        1             .
2021-07-20T15:44:59.457750400Z       1.male      |      0.05081         4.93        1         0.0264
2021-07-20T15:44:59.463550900Z       1b.obese4cat|            .            .        1             .
2021-07-20T15:44:59.471800900Z       2.obese4cat |     -0.03976         3.19        1         0.0740
2021-07-20T15:44:59.477947200Z       3.obese4cat |      0.00079         0.00        1         0.9714
2021-07-20T15:44:59.484750500Z       4.obese4cat |     -0.00497         0.05        1         0.8237
2021-07-20T15:44:59.491991500Z       1b.smoke_n~s|            .            .        1             .
2021-07-20T15:44:59.497881100Z       2.smoke_no~s|      0.00552         0.06        1         0.8114
2021-07-20T15:44:59.505153100Z       3.smoke_no~s|     -0.05818         6.18        1         0.0129
2021-07-20T15:44:59.513042700Z       1b.imd      |            .            .        1             .
2021-07-20T15:44:59.519831100Z       4.imd       |      0.00539         0.06        1         0.8080
2021-07-20T15:44:59.524946100Z       5.imd       |      0.02883         1.71        1         0.1907
2021-07-20T15:44:59.530260500Z       1b.tot_adu~h|            .            .        1             .
2021-07-20T15:44:59.537176000Z       2.tot_adul~h|      0.01001         0.19        1         0.6660
2021-07-20T15:44:59.543880300Z       3.tot_adul~h|     -0.00791         0.12        1         0.7244
2021-07-20T15:44:59.549628900Z       1b.ethnicity|            .            .        1             .
2021-07-20T15:44:59.558855800Z       3.ethnicity |      0.01930         0.70        1         0.4019
2021-07-20T15:44:59.568475700Z       5.ethnicity |     -0.04407         3.53        1         0.0604
2021-07-20T15:44:59.583405700Z       0b.htdiag_~p|            .            .        1             .
2021-07-20T15:44:59.592418300Z       1.htdiag_o~p|      0.00875         0.15        1         0.6977
2021-07-20T15:44:59.601290400Z       0b.chronic..|            .            .        1             .
2021-07-20T15:44:59.607238800Z       1.~y_disease|      0.01960         0.81        1         0.3685
2021-07-20T15:44:59.617252100Z       0b.asthma   |            .            .        1             .
2021-07-20T15:44:59.627434800Z       1.asthma    |     -0.05731         6.31        1         0.0120
2021-07-20T15:44:59.638294800Z       0b.chronic..|            .            .        1             .
2021-07-20T15:44:59.647408100Z       1.~c_disease|      0.00354         0.02        1         0.8796
2021-07-20T15:44:59.655347900Z       1b.diabcat  |            .            .        1             .
2021-07-20T15:44:59.662269100Z       2.diabcat   |     -0.02086         0.96        1         0.3268
2021-07-20T15:44:59.673676800Z       3.diabcat   |      0.00129         0.00        1         0.9560
2021-07-20T15:44:59.680343300Z       4.diabcat   |     -0.02457         1.14        1         0.2860
2021-07-20T15:44:59.690644900Z       5.diabcat   |     -0.02687         1.37        1         0.2417
2021-07-20T15:44:59.696913400Z       6.diabcat   |     -0.02246         0.07        1         0.7884
2021-07-20T15:44:59.706863000Z       1b.c~exhae~t|            .            .        1             .
2021-07-20T15:44:59.718612400Z       2.cancer_e~t|     -0.01555         0.46        1         0.4958
2021-07-20T15:44:59.727972800Z       3.cancer_e~t|     -0.01913         0.68        1         0.4084
2021-07-20T15:44:59.739061900Z       4.cancer_e~t|     -0.02427         1.10        1         0.2943
2021-07-20T15:44:59.746507900Z       1b.cancer_..|            .            .        1             .
2021-07-20T15:44:59.756470300Z       2.cancer_h~t|      0.01888         0.68        1         0.4100
2021-07-20T15:44:59.766508700Z       3.cancer_h~t|     -0.02071         0.80        1         0.3718
2021-07-20T15:44:59.777292900Z       4.cancer_h~t|     -0.00603         0.07        1         0.7849
2021-07-20T15:44:59.788918900Z       0b.chronic..|            .            .        1             .
2021-07-20T15:44:59.800441800Z       1.~r_disease|     -0.00874         0.15        1         0.6976
2021-07-20T15:44:59.810539600Z       0b.stroke_~a|            .            .        1             .
2021-07-20T15:44:59.818370300Z       1.stroke_d~a|     -0.01461         0.46        1         0.4963
2021-07-20T15:44:59.828575300Z       0b.other_n~o|            .            .        1             .
2021-07-20T15:44:59.836681600Z       1.other_ne~o|     -0.01054         0.21        1         0.6462
2021-07-20T15:44:59.847841700Z       1b.reduced~t|            .            .        1             .
2021-07-20T15:44:59.859761100Z       2.reduced_~t|      0.01045         0.22        1         0.6419
2021-07-20T15:44:59.866378900Z       0b.esrd     |            .            .        1             .
2021-07-20T15:44:59.875350400Z       1.esrd      |     -0.00839         0.12        1         0.7247
2021-07-20T15:44:59.883713000Z       0b.other_t~t|            .            .        1             .
2021-07-20T15:44:59.894686600Z       1.other_tr~t|      0.00309         0.02        1         0.8926
2021-07-20T15:44:59.901390800Z       0b.asplenia |            .            .        1             .
2021-07-20T15:44:59.908309400Z       1.asplenia  |      0.00690         0.10        1         0.7482
2021-07-20T15:44:59.914391800Z       0b.ra_sle_~s|            .            .        1             .
2021-07-20T15:44:59.926738800Z       1.ra_sle_p~s|     -0.00823         0.12        1         0.7277
2021-07-20T15:44:59.935770900Z       0b.other_i~o|            .            .        1             .
2021-07-20T15:44:59.948329500Z       1.other_im~o|     -0.00689         0.09        1         0.7583
2021-07-20T15:44:59.949233000Z       ------------+---------------------------------------------------
2021-07-20T15:45:00.217243700Z       global test |                     44.69       42         0.3594
2021-07-20T15:45:00.217273200Z       ----------------------------------------------------------------
2021-07-20T15:45:00.217279100Z 
2021-07-20T15:45:00.217283400Z note: robust variance-covariance matrix used.
2021-07-20T15:45:00.226010800Z    1:     14.48 /        1 =      14.4770
2021-07-20T15:45:01.874701900Z    1:      1.65 /        1 =       1.6520
2021-07-20T15:45:01.874734000Z 
2021-07-20T15:45:01.874741600Z -------------------------------------------------------------------------------
2021-07-20T15:45:01.874747200Z active results
2021-07-20T15:45:01.874752100Z -------------------------------------------------------------------------------
2021-07-20T15:45:01.876495700Z 
2021-07-20T15:45:01.876521200Z Stratified Cox regr. -- Breslow method for ties
2021-07-20T15:45:01.876533200Z 
2021-07-20T15:45:01.876539000Z No. of subjects      =        1,904             Number of obs    =       1,904
2021-07-20T15:45:01.876560800Z No. of failures      =          206
2021-07-20T15:45:01.876769300Z Time at risk         =       178730
2021-07-20T15:45:01.876823100Z                                                 Wald chi2(41)    =    14186.76
2021-07-20T15:45:01.877029300Z Log pseudolikelihood =    -1029.985             Prob > chi2      =      0.0000
2021-07-20T15:45:01.877043600Z 
2021-07-20T15:45:01.895543300Z                          (Std. Err. adjusted for 226 clusters in household_id)
2021-07-20T15:45:01.895568100Z ------------------------------------------------------------------------------
2021-07-20T15:45:01.895574300Z              |               Robust
2021-07-20T15:45:01.895579100Z           _t | Haz. Ratio   Std. Err.      z    P>|z|     [95% Conf. Interval]
2021-07-20T15:45:01.895600200Z -------------+----------------------------------------------------------------
2021-07-20T15:45:01.895605400Z gp_number_~s |
2021-07-20T15:45:01.895902100Z 2 childre..  |   .7768121   .1774078    -1.11   0.269     .4964999    1.215382
2021-07-20T15:45:01.896687100Z 3 childre..  |   .8696165   .2589121    -0.47   0.639      .485175    1.558681
2021-07-20T15:45:01.897077800Z 4+ childr..  |   .9860667   .1870726    -0.07   0.941     .6798604    1.430187
2021-07-20T15:45:01.897094200Z              |
2021-07-20T15:45:01.897429700Z         age1 |   1.010802   .0239902     0.45   0.651     .9648593    1.058933
2021-07-20T15:45:01.897730800Z         age2 |   .9472459   .0706362    -0.73   0.467     .8184432    1.096319
2021-07-20T15:45:01.898133100Z         age3 |   1.140169   .2527676     0.59   0.554     .7383522    1.760657
2021-07-20T15:45:01.898697700Z       1.male |   .7383138   .1059698    -2.11   0.035     .5572735    .9781682
2021-07-20T15:45:01.898715800Z              |
2021-07-20T15:45:01.898721500Z    obese4cat |
2021-07-20T15:45:01.899237100Z Obese I ..)  |   1.382003   .2399275     1.86   0.062     .9834063    1.942159
2021-07-20T15:45:01.899535700Z Obese II..)  |   .7903088   .2475429    -0.75   0.452      .427741    1.460201
2021-07-20T15:45:01.900027900Z Obese II..)  |   .8020035   .2386232    -0.74   0.458     .4476257    1.436936
2021-07-20T15:45:01.900044300Z              |
2021-07-20T15:45:01.900050300Z smoke_nomiss |
2021-07-20T15:45:01.900405800Z      Former  |   1.342667   .6903552     0.57   0.567     .4901267    3.678139
2021-07-20T15:45:01.900852700Z     Current  |   .9132142   .2047996    -0.40   0.686     .5884101    1.417311
2021-07-20T15:45:01.900866500Z              |
2021-07-20T15:45:01.900871900Z          imd |
2021-07-20T15:45:01.901264600Z           4  |   1.138425   .2100819     0.70   0.482     .7929135    1.634492
2021-07-20T15:45:01.901664000Z 5 most de..  |   .8923236   .2142948    -0.47   0.635     .5573182    1.428702
2021-07-20T15:45:01.901678000Z              |
2021-07-20T15:45:01.901683500Z tot_adults~h |
2021-07-20T15:45:01.902013500Z           2  |   .8400354   .6454856    -0.23   0.821     .1863081    3.787593
2021-07-20T15:45:01.902518500Z           3  |   .7423139   .4530224    -0.49   0.625     .2244464    2.455062
2021-07-20T15:45:01.902533400Z              |
2021-07-20T15:45:01.902538600Z    ethnicity |
2021-07-20T15:45:01.903031400Z Asian or ..  |   .8976726   .2133601    -0.45   0.650     .5633823    1.430318
2021-07-20T15:45:01.903491100Z       Other  |   1.340132   .2881251     1.36   0.173     .8793091    2.042461
2021-07-20T15:45:01.903506300Z              |
2021-07-20T15:45:01.904001900Z 1.htdiag_o~p |   .8743434   .2300652    -0.51   0.610     .5220429    1.464394
2021-07-20T15:45:01.904372600Z 1.~y_disease |   .8165992   .1439867    -1.15   0.251     .5779909    1.153711
2021-07-20T15:45:01.904800700Z     1.asthma |    .831896   .2608252    -0.59   0.557     .4499776    1.537968
2021-07-20T15:45:01.905352400Z 1.~c_disease |   .8735873   .1598762    -0.74   0.460     .6102769    1.250506
2021-07-20T15:45:01.905368000Z              |
2021-07-20T15:45:01.905373400Z      diabcat |
2021-07-20T15:45:01.905610800Z T1DM, con..  |   1.101868   .5118281     0.21   0.835     .4433417     2.73855
2021-07-20T15:45:01.905951400Z T1DM, unc..  |   2.336728   1.861686     1.07   0.287     .4902869    11.13694
2021-07-20T15:45:01.906319000Z T2DM, con..  |   .6391616   .1496815    -1.91   0.056      .403899     1.01146
2021-07-20T15:45:01.906766300Z T2DM, unc..  |    1.16649   .3616125     0.50   0.619      .635343    2.141677
2021-07-20T15:45:01.906779000Z              |
2021-07-20T15:45:01.906784000Z cancer_exh~t |
2021-07-20T15:45:01.907175600Z   Last year  |   2.57e-15   1.28e-15   -67.49   0.000     9.69e-16    6.82e-15
2021-07-20T15:45:01.907413200Z 2-5 years..  |   .5390963   .3961671    -0.84   0.400     .1276856    2.276098
2021-07-20T15:45:01.907904400Z    5+ years  |   1.270667   .2216815     1.37   0.170     .9026731    1.788681
2021-07-20T15:45:01.907919100Z              |
2021-07-20T15:45:01.907924900Z cancer_hae~t |
2021-07-20T15:45:01.908361100Z   Last year  |   1.43e-15   8.48e-16   -57.53   0.000     4.46e-16    4.58e-15
2021-07-20T15:45:01.908701300Z 2-5 years..  |   1.044855   .6138326     0.07   0.940     .3303625    3.304615
2021-07-20T15:45:01.909124200Z    5+ years  |   1.263988   .2177624     1.36   0.174     .9017713    1.771698
2021-07-20T15:45:01.909138000Z              |
2021-07-20T15:45:01.909594800Z 1.~r_disease |   .8944698   .1538872    -0.65   0.517     .6384435    1.253167
2021-07-20T15:45:01.910102200Z 1.stroke_d~a |   .8216963   .1399281    -1.15   0.249     .5885167    1.147265
2021-07-20T15:45:01.910554900Z 1.other_ne~o |    .959903   .1817029    -0.22   0.829     .6623703    1.391086
2021-07-20T15:45:01.910569000Z              |
2021-07-20T15:45:01.910574700Z reduced_ki~t |
2021-07-20T15:45:01.911146300Z Stage 3a/..  |     1.1501   1.234681     0.13   0.896     .1402605     9.43053
2021-07-20T15:45:01.911598400Z       1.esrd |   .6090261   .0956264    -3.16   0.002     .4476971    .8284904
2021-07-20T15:45:01.912001400Z 1.other_tr~t |   1.211669   .2060584     1.13   0.259     .8682151    1.690989
2021-07-20T15:45:01.912445200Z   1.asplenia |    .746006   .1594957    -1.37   0.171      .490632    1.134302
2021-07-20T15:45:01.912834900Z 1.ra_sle_p~s |   .8719605   .1679891    -0.71   0.477     .5977328    1.271998
2021-07-20T15:45:01.914858200Z 1.other_im~o |   .9391295   .1560607    -0.38   0.705     .6780728    1.300693
2021-07-20T15:45:01.914873400Z ------------------------------------------------------------------------------
2021-07-20T15:45:01.915189400Z                                                              Stratified by stp
2021-07-20T15:45:01.927772600Z (note: file ./output/an_multivariate_cox_models_non_covid_death_gp_number_kids_
2021-07-20T15:45:01.927813300Z > MAINFULLYADJMODEL_ageband_0W2.ster not found)
2021-07-20T15:45:01.927823500Z file ./output/an_multivariate_cox_models_non_covid_death_gp_number_kids_MAINFUL
2021-07-20T15:45:01.927828600Z > LYADJMODEL_ageband_0W2.ster saved
2021-07-20T15:45:01.941090700Z (832 observations deleted)
2021-07-20T15:45:17.311814500Z    1:     15.37 /        1 =      15.3720
2021-07-20T15:45:17.311842400Z 
2021-07-20T15:45:17.311848800Z -------------------------------------------------------------------------------
2021-07-20T15:45:17.311854300Z active results
2021-07-20T15:45:17.311859200Z -------------------------------------------------------------------------------
2021-07-20T15:45:17.318516100Z 
2021-07-20T15:45:17.318559300Z Stratified Cox regr. -- Breslow method for ties
2021-07-20T15:45:17.319022200Z 
2021-07-20T15:45:17.319038400Z No. of subjects      =       15,403             Number of obs    =      15,403
2021-07-20T15:45:17.319044700Z No. of failures      =        1,662
2021-07-20T15:45:17.319049800Z Time at risk         =      1443720
2021-07-20T15:45:17.319054700Z                                                 Wald chi2(42)    =     6101.30
2021-07-20T15:45:17.319297400Z Log pseudolikelihood =   -11940.415             Prob > chi2      =      0.0000
2021-07-20T15:45:17.319311400Z 
2021-07-20T15:45:17.340142600Z                        (Std. Err. adjusted for 1,112 clusters in household_id)
2021-07-20T15:45:17.340163900Z ------------------------------------------------------------------------------
2021-07-20T15:45:17.340169800Z              |               Robust
2021-07-20T15:45:17.340174700Z           _t | Haz. Ratio   Std. Err.      z    P>|z|     [95% Conf. Interval]
2021-07-20T15:45:17.340180000Z -------------+----------------------------------------------------------------
2021-07-20T15:45:17.340185200Z    kids_cat4 |
2021-07-20T15:45:17.340454000Z only <12 ..  |   .8982741   .1490583    -0.65   0.518      .648876    1.243529
2021-07-20T15:45:17.341041700Z  only 12-18  |   .8778084   .2116226    -0.54   0.589     .5472573    1.408017
2021-07-20T15:45:17.341402100Z       mixed  |   .9078744   .1370907    -0.64   0.522     .6752939    1.220559
2021-07-20T15:45:17.341415600Z              |
2021-07-20T15:45:17.341716700Z         age1 |   1.001549   .0091772     0.17   0.866     .9837224    1.019698
2021-07-20T15:45:17.342076200Z         age2 |    .995745   .0279394    -0.15   0.879     .9424633    1.052039
2021-07-20T15:45:17.342402100Z         age3 |   1.000527   .0781443     0.01   0.995     .8585135    1.166031
2021-07-20T15:45:17.342747900Z       1.male |   .9953961   .0473492    -0.10   0.923     .9067881    1.092663
2021-07-20T15:45:17.342775000Z              |
2021-07-20T15:45:17.342781800Z    obese4cat |
2021-07-20T15:45:17.343441000Z Obese I ..)  |   1.002533   .0720197     0.04   0.972     .8708635    1.154109
2021-07-20T15:45:17.343456800Z Obese II..)  |   1.084803   .0970665     0.91   0.363     .9103047    1.292752
2021-07-20T15:45:17.343796000Z Obese II..)  |   .9101381   .1054757    -0.81   0.417     .7252066    1.142228
2021-07-20T15:45:17.343843000Z              |
2021-07-20T15:45:17.343849800Z smoke_nomiss |
2021-07-20T15:45:17.344241200Z      Former  |   1.193819   .1901415     1.11   0.266     .8737076    1.631213
2021-07-20T15:45:17.344461800Z     Current  |   .8895503   .0687289    -1.51   0.130     .7645476    1.034991
2021-07-20T15:45:17.344519600Z              |
2021-07-20T15:45:17.344530500Z          imd |
2021-07-20T15:45:17.344768000Z           4  |   1.083978   .0677117     1.29   0.197     .9590678    1.225157
2021-07-20T15:45:17.345252400Z 5 most de..  |   1.059428   .0866692     0.71   0.480      .902478    1.243673
2021-07-20T15:45:17.345263200Z              |
2021-07-20T15:45:17.345267500Z tot_adults~h |
2021-07-20T15:45:17.345529500Z           2  |   1.235545   .5121897     0.51   0.610     .5482726    2.784328
2021-07-20T15:45:17.346093800Z           3  |   1.182334   .4073725     0.49   0.627     .6018094     2.32285
2021-07-20T15:45:17.346107700Z              |
2021-07-20T15:45:17.346112500Z    ethnicity |
2021-07-20T15:45:17.346598700Z Asian or ..  |    .970676   .0775754    -0.37   0.710      .829941    1.135276
2021-07-20T15:45:17.346910700Z       Other  |    1.00147   .0789688     0.02   0.985     .8580615    1.168847
2021-07-20T15:45:17.346923100Z              |
2021-07-20T15:45:17.347412100Z 1.htdiag_o~p |   .8871887   .0739701    -1.44   0.151      .753436    1.044686
2021-07-20T15:45:17.347910800Z 1.~y_disease |   .8998368   .0589946    -1.61   0.107     .7913303    1.023222
2021-07-20T15:45:17.348463900Z     1.asthma |   .7906282   .0796593    -2.33   0.020     .6489481    .9632403
2021-07-20T15:45:17.349002400Z 1.~c_disease |   .9787983   .0587283    -0.36   0.721     .8702034    1.100945
2021-07-20T15:45:17.349016500Z              |
2021-07-20T15:45:17.349021400Z      diabcat |
2021-07-20T15:45:17.349215200Z T1DM, con..  |   1.066112   .1743899     0.39   0.696     .7736902    1.469057
2021-07-20T15:45:17.349545700Z T1DM, unc..  |   .5997503   .2441458    -1.26   0.209     .2700624    1.331916
2021-07-20T15:45:17.349906700Z T2DM, con..  |   1.029753   .0664454     0.45   0.650     .9074215    1.168577
2021-07-20T15:45:17.350206400Z T2DM, unc..  |   .9341952   .1330128    -0.48   0.633     .7067106    1.234905
2021-07-20T15:45:17.350927800Z Diabetes,..  |   6.83e-13   2.55e-13   -75.19   0.000     3.29e-13    1.42e-12
2021-07-20T15:45:17.350951600Z              |
2021-07-20T15:45:17.350957100Z cancer_exh~t |
2021-07-20T15:45:17.351818500Z   Last year  |   .8010247   .3635032    -0.49   0.625     .3291339    1.949482
2021-07-20T15:45:17.352256800Z 2-5 years..  |   .8650883   .1780743    -0.70   0.481     .5778894    1.295019
2021-07-20T15:45:17.352706500Z    5+ years  |   .9850237    .063197    -0.24   0.814     .8686311    1.117012
2021-07-20T15:45:17.352718900Z              |
2021-07-20T15:45:17.352723600Z cancer_hae~t |
2021-07-20T15:45:17.353443400Z   Last year  |   1.090037   .4164872     0.23   0.821     .5154775     2.30501
2021-07-20T15:45:17.354185000Z 2-5 years..  |   1.212257   .2147387     1.09   0.277     .8566693    1.715443
2021-07-20T15:45:17.354829200Z    5+ years  |   .9811413   .0648877    -0.29   0.773     .8618614    1.116929
2021-07-20T15:45:17.354870900Z              |
2021-07-20T15:45:17.355690100Z 1.~r_disease |   1.050755   .0631427     0.82   0.410     .9340075    1.182095
2021-07-20T15:45:17.356519900Z 1.stroke_d~a |   1.044491    .066834     0.68   0.496     .9213794    1.184051
2021-07-20T15:45:17.357258400Z 1.other_ne~o |   1.044728   .0649254     0.70   0.481      .924921    1.180054
2021-07-20T15:45:17.357273300Z              |
2021-07-20T15:45:17.357278300Z reduced_ki~t |
2021-07-20T15:45:17.358038600Z Stage 3a/..  |   .8285001   .3721867    -0.42   0.675     .3434849    1.998377
2021-07-20T15:45:17.358377400Z       1.esrd |   1.011652   .0486106     0.24   0.809     .9207255    1.111557
2021-07-20T15:45:17.359437500Z 1.other_tr~t |   .9721203   .0594977    -0.46   0.644     .8622298    1.096016
2021-07-20T15:45:17.359987700Z   1.asplenia |   .9000812   .0588565    -1.61   0.107     .7918109    1.023156
2021-07-20T15:45:17.360930700Z 1.ra_sle_p~s |   .8986682   .0548302    -1.75   0.080     .7973799    1.012823
2021-07-20T15:45:17.362856900Z 1.other_im~o |   .9862704   .0517178    -0.26   0.792     .8899403    1.093028
2021-07-20T15:45:17.362873900Z ------------------------------------------------------------------------------
2021-07-20T15:45:17.363142000Z                                                              Stratified by stp
2021-07-20T15:45:17.377901000Z (note: file ./output/an_sense_non_covid_death_plus_eth_12mo_ageband_0W2.ster no
2021-07-20T15:45:17.377931000Z > t found)
2021-07-20T15:45:17.377938500Z file ./output/an_sense_non_covid_death_plus_eth_12mo_ageband_0W2.ster saved
2021-07-20T15:45:21.858204200Z    1:      4.48 /        1 =       4.4790
2021-07-20T15:45:21.858228900Z 
2021-07-20T15:45:21.858234400Z -------------------------------------------------------------------------------
2021-07-20T15:45:21.858239300Z active results
2021-07-20T15:45:21.858243800Z -------------------------------------------------------------------------------
2021-07-20T15:45:21.860069100Z 
2021-07-20T15:45:21.860105000Z Stratified Cox regr. -- Breslow method for ties
2021-07-20T15:45:21.860111600Z 
2021-07-20T15:45:21.860115700Z No. of subjects      =        4,496             Number of obs    =       4,496
2021-07-20T15:45:21.860210500Z No. of failures      =          539
2021-07-20T15:45:21.860224100Z Time at risk         =       420295
2021-07-20T15:45:21.860230300Z                                                 Wald chi2(42)    =     4023.22
2021-07-20T15:45:21.860235100Z Log pseudolikelihood =   -3188.2901             Prob > chi2      =      0.0000
2021-07-20T15:45:21.860466500Z 
2021-07-20T15:45:21.874834600Z                          (Std. Err. adjusted for 912 clusters in household_id)
2021-07-20T15:45:21.874860800Z ------------------------------------------------------------------------------
2021-07-20T15:45:21.874866300Z              |               Robust
2021-07-20T15:45:21.874870500Z           _t | Haz. Ratio   Std. Err.      z    P>|z|     [95% Conf. Interval]
2021-07-20T15:45:21.874874900Z -------------+----------------------------------------------------------------
2021-07-20T15:45:21.874879000Z    kids_cat4 |
2021-07-20T15:45:21.875196700Z only <12 ..  |   1.354165   .4216754     0.97   0.330     .7355543    2.493035
2021-07-20T15:45:21.875568900Z  only 12-18  |   1.244551    .537092     0.51   0.612     .5341613    2.899698
2021-07-20T15:45:21.875850200Z       mixed  |   1.117805   .3303213     0.38   0.706     .6263662     1.99482
2021-07-20T15:45:21.875886700Z              |
2021-07-20T15:45:21.876135200Z         age1 |   1.025733   .0375686     0.69   0.488     .9546802    1.102073
2021-07-20T15:45:21.876383900Z         age2 |    .837591   .1607717    -0.92   0.356     .5749735    1.220158
2021-07-20T15:45:21.876901600Z         age3 |   1.444761   .5472832     0.97   0.331      .687632    3.035538
2021-07-20T15:45:21.877598400Z       1.male |   1.021588   .0894199     0.24   0.807     .8605374    1.212779
2021-07-20T15:45:21.877624400Z              |
2021-07-20T15:45:21.877631800Z    obese4cat |
2021-07-20T15:45:21.877959900Z Obese I ..)  |   1.009457   .1245433     0.08   0.939     .7926279      1.2856
2021-07-20T15:45:21.878281500Z Obese II..)  |   .9253384   .1386145    -0.52   0.604     .6899089    1.241108
2021-07-20T15:45:21.878596300Z Obese II..)  |   .7096341   .1536819    -1.58   0.113     .4641881    1.084863
2021-07-20T15:45:21.878635300Z              |
2021-07-20T15:45:21.878641000Z smoke_nomiss |
2021-07-20T15:45:21.879003100Z      Former  |    1.40987   .3477558     1.39   0.164     .8694075    2.286308
2021-07-20T15:45:21.879329100Z     Current  |   .8517094   .1242223    -1.10   0.271     .6399458    1.133548
2021-07-20T15:45:21.879341500Z              |
2021-07-20T15:45:21.879346600Z          imd |
2021-07-20T15:45:21.879725700Z           4  |   .9068046   .0997792    -0.89   0.374     .7308912    1.125057
2021-07-20T15:45:21.880058600Z 5 most de..  |   .9745502   .1449897    -0.17   0.862     .7280577    1.304496
2021-07-20T15:45:21.880071800Z              |
2021-07-20T15:45:21.880076600Z tot_adults~h |
2021-07-20T15:45:21.880432200Z           2  |   .9622124   .6351665    -0.06   0.953     .2638663    3.508795
2021-07-20T15:45:21.880826300Z           3  |   .6851615   .3709029    -0.70   0.485     .2371409    1.979609
2021-07-20T15:45:21.880867100Z              |
2021-07-20T15:45:21.880873600Z    ethnicity |
2021-07-20T15:45:21.881177000Z Asian or ..  |   1.081279   .1456134     0.58   0.562     .8304405    1.407885
2021-07-20T15:45:21.881536900Z       Other  |    1.32125   .1798243     2.05   0.041     1.011894    1.725182
2021-07-20T15:45:21.881549500Z              |
2021-07-20T15:45:21.881993100Z 1.htdiag_o~p |   1.136567   .1902982     0.76   0.445      .818609    1.578025
2021-07-20T15:45:21.882392900Z 1.~y_disease |    1.23075   .1273665     2.01   0.045     1.004805    1.507503
2021-07-20T15:45:21.882775500Z     1.asthma |   .8667803   .1424044    -0.87   0.384     .6281511    1.196063
2021-07-20T15:45:21.883268700Z 1.~c_disease |   .8980865   .1010156    -0.96   0.339      .720404    1.119593
2021-07-20T15:45:21.883282300Z              |
2021-07-20T15:45:21.883303900Z      diabcat |
2021-07-20T15:45:21.883704600Z T1DM, con..  |   .6933201   .2350186    -1.08   0.280     .3567773    1.347319
2021-07-20T15:45:21.884017400Z T1DM, unc..  |   .5440476   .4015523    -0.82   0.410       .12805    2.311502
2021-07-20T15:45:21.884334000Z T2DM, con..  |   .9641954   .1149139    -0.31   0.760     .7633398    1.217902
2021-07-20T15:45:21.884650300Z T2DM, unc..  |   .8426358   .2241711    -0.64   0.520     .5002534    1.419351
2021-07-20T15:45:21.885040600Z Diabetes,..  |   3.54e-14   1.82e-14   -60.15   0.000     1.29e-14    9.72e-14
2021-07-20T15:45:21.885051300Z              |
2021-07-20T15:45:21.885056600Z cancer_exh~t |
2021-07-20T15:45:21.885446500Z   Last year  |   .7320776     .51397    -0.44   0.657     .1849072    2.898415
2021-07-20T15:45:21.885749500Z 2-5 years..  |   1.680844   .4908282     1.78   0.075      .948343    2.979128
2021-07-20T15:45:21.886164400Z    5+ years  |   1.031087   .1184829     0.27   0.790     .8231576    1.291539
2021-07-20T15:45:21.886178900Z              |
2021-07-20T15:45:21.886325300Z cancer_hae~t |
2021-07-20T15:45:21.886664000Z   Last year  |   .3782195   .3813838    -0.96   0.335     .0524108    2.729398
2021-07-20T15:45:21.886959000Z 2-5 years..  |   .6611506   .2915841    -0.94   0.348     .2785474    1.569285
2021-07-20T15:45:21.887313900Z    5+ years  |   .8070455   .1004779    -1.72   0.085     .6322993    1.030086
2021-07-20T15:45:21.887326900Z              |
2021-07-20T15:45:21.887702300Z 1.~r_disease |   .8808722   .1015836    -1.10   0.271     .7026693    1.104269
2021-07-20T15:45:21.888066200Z 1.stroke_d~a |   1.329131   .1376877     2.75   0.006       1.0849    1.628342
2021-07-20T15:45:21.888448700Z 1.other_ne~o |   1.058348   .1044473     0.57   0.566     .8722163      1.2842
2021-07-20T15:45:21.888461700Z              |
2021-07-20T15:45:21.888466800Z reduced_ki~t |
2021-07-20T15:45:21.888900700Z Stage 3a/..  |   .6942251   .2109436    -1.20   0.230     .3827002    1.259337
2021-07-20T15:45:21.889369700Z       1.esrd |   .9518471   .0881305    -0.53   0.594     .7938808    1.141245
2021-07-20T15:45:21.889710600Z 1.other_tr~t |    .949122   .1073758    -0.46   0.644     .7603685    1.184732
2021-07-20T15:45:21.890104300Z   1.asplenia |   .9532262   .1056707    -0.43   0.666     .7670705    1.184559
2021-07-20T15:45:21.890481500Z 1.ra_sle_p~s |   1.068787    .110551     0.64   0.520     .8726627    1.308989
2021-07-20T15:45:21.892327800Z 1.other_im~o |   .9795243   .0955994    -0.21   0.832     .8089837    1.186016
2021-07-20T15:45:21.892340900Z ------------------------------------------------------------------------------
2021-07-20T15:45:21.892608600Z                                                              Stratified by stp
2021-07-20T15:45:21.904472500Z (note: file ./output/an_multivariate_cox_models_non_covid_death_kids_cat4_MAINF
2021-07-20T15:45:21.904496700Z > ULLYADJMODEL_ageband_1W2.ster not found)
2021-07-20T15:45:21.904502800Z file ./output/an_multivariate_cox_models_non_covid_death_kids_cat4_MAINFULLYADJ
2021-07-20T15:45:21.904508000Z > MODEL_ageband_1W2.ster saved
2021-07-20T15:45:24.104884900Z 
2021-07-20T15:45:24.104912000Z       Test of proportional-hazards assumption
2021-07-20T15:45:24.104916700Z 
2021-07-20T15:45:24.104919700Z       Time:  Time
2021-07-20T15:45:24.104922700Z       ----------------------------------------------------------------
2021-07-20T15:45:24.104925900Z                   |       rho            chi2       df       Prob>chi2
2021-07-20T15:45:24.104931200Z       ------------+---------------------------------------------------
2021-07-20T15:45:24.108872800Z       0b.kids_cat4|            .            .        1             .
2021-07-20T15:45:24.110109300Z       1.kids_cat4 |     -0.03815         0.87        1         0.3497
2021-07-20T15:45:24.111402700Z       2.kids_cat4 |     -0.09669         6.32        1         0.0119
2021-07-20T15:45:24.114291000Z       3.kids_cat4 |     -0.08233         3.72        1         0.0537
2021-07-20T15:45:24.117931100Z       age1        |      0.04671         1.36        1         0.2443
2021-07-20T15:45:24.119440900Z       age2        |     -0.01944         0.23        1         0.6296
2021-07-20T15:45:24.120786400Z       age3        |      0.01488         0.14        1         0.7125
2021-07-20T15:45:24.123040400Z       0b.male     |            .            .        1             .
2021-07-20T15:45:24.128000000Z       1.male      |      0.04243         1.07        1         0.3002
2021-07-20T15:45:24.130739200Z       1b.obese4cat|            .            .        1             .
2021-07-20T15:45:24.132862500Z       2.obese4cat |     -0.00545         0.02        1         0.8856
2021-07-20T15:45:24.134599800Z       3.obese4cat |     -0.02765         0.48        1         0.4862
2021-07-20T15:45:24.136099400Z       4.obese4cat |     -0.07483         3.91        1         0.0480
2021-07-20T15:45:24.138284900Z       1b.smoke_n~s|            .            .        1             .
2021-07-20T15:45:24.140735400Z       2.smoke_no~s|      0.01608         0.16        1         0.6918
2021-07-20T15:45:24.143562000Z       3.smoke_no~s|      0.06684         3.29        1         0.0696
2021-07-20T15:45:24.145422600Z       1b.imd      |            .            .        1             .
2021-07-20T15:45:24.147234400Z       4.imd       |     -0.03733         0.89        1         0.3451
2021-07-20T15:45:24.149826200Z       5.imd       |      0.02001         0.29        1         0.5885
2021-07-20T15:45:24.152567500Z       1b.tot_adu~h|            .            .        1             .
2021-07-20T15:45:24.154888300Z       2.tot_adul~h|      0.10011         7.88        1         0.0050
2021-07-20T15:45:24.157244700Z       3.tot_adul~h|      0.09982         7.28        1         0.0070
2021-07-20T15:45:24.159402700Z       1b.ethnicity|            .            .        1             .
2021-07-20T15:45:24.161294600Z       3.ethnicity |     -0.01376         0.11        1         0.7394
2021-07-20T15:45:24.163116200Z       5.ethnicity |     -0.02521         0.48        1         0.4901
2021-07-20T15:45:24.164944600Z       0b.htdiag_~p|            .            .        1             .
2021-07-20T15:45:24.166612500Z       1.htdiag_o~p|      0.03642         0.97        1         0.3250
2021-07-20T15:45:24.168523300Z       0b.chronic..|            .            .        1             .
2021-07-20T15:45:24.170115500Z       1.~y_disease|     -0.05217         1.89        1         0.1690
2021-07-20T15:45:24.171507800Z       0b.asthma   |            .            .        1             .
2021-07-20T15:45:24.173450800Z       1.asthma    |      0.00047         0.00        1         0.9904
2021-07-20T15:45:24.174790700Z       0b.chronic..|            .            .        1             .
2021-07-20T15:45:24.176170400Z       1.~c_disease|     -0.03166         0.69        1         0.4048
2021-07-20T15:45:24.177897400Z       1b.diabcat  |            .            .        1             .
2021-07-20T15:45:24.180228200Z       2.diabcat   |      0.03211         0.63        1         0.4266
2021-07-20T15:45:24.182294700Z       3.diabcat   |     -0.07614         3.90        1         0.0482
2021-07-20T15:45:24.184401400Z       4.diabcat   |     -0.03067         0.61        1         0.4356
2021-07-20T15:45:24.186298200Z       5.diabcat   |     -0.04717         1.65        1         0.1990
2021-07-20T15:45:24.188333800Z       6.diabcat   |      0.02137         0.02        1         0.8787
2021-07-20T15:45:24.190076000Z       1b.c~exhae~t|            .            .        1             .
2021-07-20T15:45:24.191624500Z       2.cancer_e~t|      0.02618         0.43        1         0.5113
2021-07-20T15:45:24.193603400Z       3.cancer_e~t|      0.05117         1.65        1         0.1994
2021-07-20T15:45:24.196424100Z       4.cancer_e~t|      0.04100         1.11        1         0.2929
2021-07-20T15:45:24.200545200Z       1b.cancer_..|            .            .        1             .
2021-07-20T15:45:24.204150100Z       2.cancer_h~t|      0.02177         0.30        1         0.5848
2021-07-20T15:45:24.206897600Z       3.cancer_h~t|      0.05896         2.21        1         0.1371
2021-07-20T15:45:24.209445400Z       4.cancer_h~t|      0.05530         2.00        1         0.1578
2021-07-20T15:45:24.211934100Z       0b.chronic..|            .            .        1             .
2021-07-20T15:45:24.217288000Z       1.~r_disease|     -0.05666         2.28        1         0.1314
2021-07-20T15:45:24.223218800Z       0b.stroke_~a|            .            .        1             .
2021-07-20T15:45:24.225176900Z       1.stroke_d~a|     -0.05959         2.37        1         0.1240
2021-07-20T15:45:24.227855100Z       0b.other_n~o|            .            .        1             .
2021-07-20T15:45:24.231402000Z       1.other_ne~o|     -0.04155         1.06        1         0.3035
2021-07-20T15:45:24.234446200Z       1b.reduced~t|            .            .        1             .
2021-07-20T15:45:24.239188000Z       2.reduced_~t|     -0.01891         0.26        1         0.6080
2021-07-20T15:45:24.241943500Z       0b.esrd     |            .            .        1             .
2021-07-20T15:45:24.244251200Z       1.esrd      |     -0.04296         1.26        1         0.2616
2021-07-20T15:45:24.247291600Z       0b.other_t~t|            .            .        1             .
2021-07-20T15:45:24.250683900Z       1.other_tr~t|     -0.01017         0.07        1         0.7878
2021-07-20T15:45:24.253684600Z       0b.asplenia |            .            .        1             .
2021-07-20T15:45:24.257177100Z       1.asplenia  |      0.00152         0.00        1         0.9683
2021-07-20T15:45:24.260291300Z       0b.ra_sle_~s|            .            .        1             .
2021-07-20T15:45:24.263736400Z       1.ra_sle_p~s|      0.00781         0.04        1         0.8409
2021-07-20T15:45:24.266501200Z       0b.other_i~o|            .            .        1             .
2021-07-20T15:45:24.287727700Z       1.other_im~o|      0.05082         1.81        1         0.1787
2021-07-20T15:45:24.288546300Z       ------------+---------------------------------------------------
2021-07-20T15:45:24.333331000Z       global test |                     46.55       42         0.2906
2021-07-20T15:45:24.333365000Z       ----------------------------------------------------------------
2021-07-20T15:45:24.333389800Z 
2021-07-20T15:45:24.333393200Z note: robust variance-covariance matrix used.
2021-07-20T15:45:24.337906300Z    1:      2.43 /        1 =       2.4300
2021-07-20T15:45:25.009162600Z    1:      0.67 /        1 =       0.6740
2021-07-20T15:45:25.009214800Z 
2021-07-20T15:45:25.009222400Z -------------------------------------------------------------------------------
2021-07-20T15:45:25.009227300Z active results
2021-07-20T15:45:25.009231600Z -------------------------------------------------------------------------------
2021-07-20T15:45:25.011237100Z 
2021-07-20T15:45:25.011257500Z Stratified Cox regr. -- Breslow method for ties
2021-07-20T15:45:25.011445100Z 
2021-07-20T15:45:25.011460300Z No. of subjects      =          509             Number of obs    =         509
2021-07-20T15:45:25.011465800Z No. of failures      =           74
2021-07-20T15:45:25.011472700Z Time at risk         =        47440
2021-07-20T15:45:25.011477100Z                                                 Wald chi2(36)    =      476.69
2021-07-20T15:45:25.011672900Z Log pseudolikelihood =   -253.68557             Prob > chi2      =      0.0000
2021-07-20T15:45:25.011688700Z 
2021-07-20T15:45:25.041225800Z                          (Std. Err. adjusted for 162 clusters in household_id)
2021-07-20T15:45:25.041251300Z ------------------------------------------------------------------------------
2021-07-20T15:45:25.041258000Z              |               Robust
2021-07-20T15:45:25.041263300Z           _t | Haz. Ratio   Std. Err.      z    P>|z|     [95% Conf. Interval]
2021-07-20T15:45:25.041285000Z -------------+----------------------------------------------------------------
2021-07-20T15:45:25.041290600Z gp_number_~s |
2021-07-20T15:45:25.041941000Z 2 childre..  |   .6138146   .2522016    -1.19   0.235     .2743463    1.373331
2021-07-20T15:45:25.042538800Z 3 childre..  |     .38106   .2328188    -1.58   0.114     .1150612    1.261995
2021-07-20T15:45:25.042944200Z 4+ childr..  |   .8784279   .2713402    -0.42   0.675      .479486    1.609297
2021-07-20T15:45:25.042959500Z              |
2021-07-20T15:45:25.043381900Z         age1 |   1.229101   .1487488     1.70   0.088     .9695567    1.558124
2021-07-20T15:45:25.043963500Z         age2 |   .4171503   .2431077    -1.50   0.134     .1331152    1.307247
2021-07-20T15:45:25.044324300Z         age3 |   5.258809   5.904376     1.48   0.139     .5823621    47.48777
2021-07-20T15:45:25.044923400Z       1.male |   1.027787   .2741584     0.10   0.918     .6093241    1.733636
2021-07-20T15:45:25.044939700Z              |
2021-07-20T15:45:25.044944900Z    obese4cat |
2021-07-20T15:45:25.045334900Z Obese I ..)  |   1.095664   .4317365     0.23   0.817     .5061383    2.371842
2021-07-20T15:45:25.046061800Z Obese II..)  |   1.537447   .5616739     1.18   0.239     .7513316    3.146072
2021-07-20T15:45:25.046256600Z Obese II..)  |   .2067749    .220126    -1.48   0.139     .0256647    1.665942
2021-07-20T15:45:25.046382000Z              |
2021-07-20T15:45:25.046393800Z smoke_nomiss |
2021-07-20T15:45:25.046677100Z      Former  |   .5466086   .3964651    -0.83   0.405      .131912    2.265001
2021-07-20T15:45:25.047276800Z     Current  |   .5104772   .2893125    -1.19   0.235     .1680965    1.550222
2021-07-20T15:45:25.047291300Z              |
2021-07-20T15:45:25.047296200Z          imd |
2021-07-20T15:45:25.047605200Z           4  |   .6626183   .2401052    -1.14   0.256     .3257043    1.348042
2021-07-20T15:45:25.047988700Z 5 most de..  |   .6805102   .2939683    -0.89   0.373     .2918305     1.58686
2021-07-20T15:45:25.048003200Z              |
2021-07-20T15:45:25.048008600Z tot_adults~h |
2021-07-20T15:45:25.048350100Z           2  |   6.32e+07          .        .       .            .           .
2021-07-20T15:45:25.048825500Z           3  |   1.58e+08   1.82e+08    16.33   0.000     1.63e+07    1.52e+09
2021-07-20T15:45:25.048841900Z              |
2021-07-20T15:45:25.048847900Z    ethnicity |
2021-07-20T15:45:25.049193500Z Asian or ..  |   1.388058   .6101356     0.75   0.456     .5864799    3.285203
2021-07-20T15:45:25.049537700Z       Other  |   1.946186   .5938781     2.18   0.029      1.07014    3.539389
2021-07-20T15:45:25.049551400Z              |
2021-07-20T15:45:25.049919700Z 1.htdiag_o~p |   .7476392   .3266923    -0.67   0.506     .3175021    1.760506
2021-07-20T15:45:25.050362400Z 1.~y_disease |   1.560266   .5044884     1.38   0.169     .8278957    2.940504
2021-07-20T15:45:25.050773800Z     1.asthma |   .7189546   .3787971    -0.63   0.531     .2559925    2.019184
2021-07-20T15:45:25.051183900Z 1.~c_disease |   .8951679   .3070501    -0.32   0.747     .4570201    1.753371
2021-07-20T15:45:25.051198200Z              |
2021-07-20T15:45:25.051204000Z      diabcat |
2021-07-20T15:45:25.051531900Z T1DM, con..  |    .820666   .8334068    -0.19   0.846     .1121373    6.005965
2021-07-20T15:45:25.051894200Z T1DM, unc..  |   9.64e-20          .        .       .            .           .
2021-07-20T15:45:25.052271700Z T2DM, con..  |   1.144669   .3602793     0.43   0.668     .6176864    2.121249
2021-07-20T15:45:25.052721800Z T2DM, unc..  |   3.20e-20          .        .       .            .           .
2021-07-20T15:45:25.052737600Z              |
2021-07-20T15:45:25.052743900Z cancer_exh~t |
2021-07-20T15:45:25.053056700Z   Last year  |   2.708037   2.018102     1.34   0.181     .6285157    11.66791
2021-07-20T15:45:25.053370000Z 2-5 years..  |   .9356279    1.28032    -0.05   0.961     .0640195    13.67395
2021-07-20T15:45:25.053716100Z    5+ years  |   .9345707   .3231363    -0.20   0.845     .4745714    1.840445
2021-07-20T15:45:25.053783300Z              |
2021-07-20T15:45:25.053791600Z cancer_hae~t |
2021-07-20T15:45:25.054188700Z   Last year  |   3.18e-19          .        .       .            .           .
2021-07-20T15:45:25.054556300Z 2-5 years..  |   2.102435   1.917411     0.81   0.415     .3519094    12.56071
2021-07-20T15:45:25.055025400Z    5+ years  |   .9853624    .312813    -0.05   0.963     .5289002     1.83577
2021-07-20T15:45:25.055039800Z              |
2021-07-20T15:45:25.055582600Z 1.~r_disease |   .8609811   .3003505    -0.43   0.668     .4345649    1.705817
2021-07-20T15:45:25.055985600Z 1.stroke_d~a |   .9958175   .2807549    -0.01   0.988     .5730559    1.730464
2021-07-20T15:45:25.056468000Z 1.other_ne~o |   1.493465   .3692106     1.62   0.105     .9199476    2.424526
2021-07-20T15:45:25.056485500Z              |
2021-07-20T15:45:25.056491400Z reduced_ki~t |
2021-07-20T15:45:25.058005000Z Stage 3a/..  |   2.54e-20          .        .       .            .           .
2021-07-20T15:45:25.058997000Z       1.esrd |   1.523694   .4054755     1.58   0.114     .9044438     2.56693
2021-07-20T15:45:25.061985100Z 1.other_tr~t |   1.034803   .3661377     0.10   0.923     .5172285    2.070298
2021-07-20T15:45:25.062010600Z   1.asplenia |   1.046188   .3779396     0.12   0.901     .5153593    2.123781
2021-07-20T15:45:25.062016900Z 1.ra_sle_p~s |    1.09302   .3003071     0.32   0.746      .637912    1.872818
2021-07-20T15:45:25.064206000Z 1.other_im~o |   1.258917   .3312061     0.88   0.381     .7517203    2.108328
2021-07-20T15:45:25.064227300Z ------------------------------------------------------------------------------
2021-07-20T15:45:25.064609000Z                                                              Stratified by stp
2021-07-20T15:45:25.082387300Z (note: file ./output/an_multivariate_cox_models_non_covid_death_gp_number_kids_
2021-07-20T15:45:25.082416800Z > MAINFULLYADJMODEL_ageband_1W2.ster not found)
2021-07-20T15:45:25.082423000Z file ./output/an_multivariate_cox_models_non_covid_death_gp_number_kids_MAINFUL
2021-07-20T15:45:25.082427700Z > LYADJMODEL_ageband_1W2.ster saved
2021-07-20T15:45:25.091744400Z (203 observations deleted)
2021-07-20T15:45:29.688087700Z    1:      4.60 /        1 =       4.6020
2021-07-20T15:45:29.688110400Z 
2021-07-20T15:45:29.688116800Z -------------------------------------------------------------------------------
2021-07-20T15:45:29.688122100Z active results
2021-07-20T15:45:29.688127300Z -------------------------------------------------------------------------------
2021-07-20T15:45:29.690137300Z 
2021-07-20T15:45:29.690151800Z Stratified Cox regr. -- Breslow method for ties
2021-07-20T15:45:29.690168700Z 
2021-07-20T15:45:29.690175300Z No. of subjects      =        4,293             Number of obs    =       4,293
2021-07-20T15:45:29.690258300Z No. of failures      =          514
2021-07-20T15:45:29.690274100Z Time at risk         =       401385
2021-07-20T15:45:29.690467200Z                                                 Wald chi2(41)    =       55.33
2021-07-20T15:45:29.690705000Z Log pseudolikelihood =   -3013.4066             Prob > chi2      =      0.0667
2021-07-20T15:45:29.690719200Z 
2021-07-20T15:45:29.713905500Z                          (Std. Err. adjusted for 903 clusters in household_id)
2021-07-20T15:45:29.713930200Z ------------------------------------------------------------------------------
2021-07-20T15:45:29.713934200Z              |               Robust
2021-07-20T15:45:29.713937000Z           _t | Haz. Ratio   Std. Err.      z    P>|z|     [95% Conf. Interval]
2021-07-20T15:45:29.713940100Z -------------+----------------------------------------------------------------
2021-07-20T15:45:29.713942800Z    kids_cat4 |
2021-07-20T15:45:29.714255100Z only <12 ..  |   1.378726   .4456672     0.99   0.320     .7316965    2.597917
2021-07-20T15:45:29.714579500Z  only 12-18  |   1.122843   .5299409     0.25   0.806     .4452286    2.831751
2021-07-20T15:45:29.715148500Z       mixed  |   1.121048   .3475155     0.37   0.712     .6106031     2.05821
2021-07-20T15:45:29.715163600Z              |
2021-07-20T15:45:29.715561100Z         age1 |   1.015571   .0376364     0.42   0.677     .9444205    1.092082
2021-07-20T15:45:29.715863900Z         age2 |   .8769272   .1708062    -0.67   0.500     .5986433    1.284573
2021-07-20T15:45:29.716202900Z         age3 |   1.329094   .5105415     0.74   0.459     .6260165    2.821796
2021-07-20T15:45:29.716680900Z       1.male |   1.005907   .0902951     0.07   0.948     .8436256    1.199405
2021-07-20T15:45:29.716864200Z              |
2021-07-20T15:45:29.716878700Z    obese4cat |
2021-07-20T15:45:29.717243000Z Obese I ..)  |   1.002967   .1255616     0.02   0.981      .784738    1.281884
2021-07-20T15:45:29.717572300Z Obese II..)  |   .9233525   .1410236    -0.52   0.602     .6844843     1.24558
2021-07-20T15:45:29.718086700Z Obese II..)  |   .7120966   .1579745    -1.53   0.126     .4610041     1.09995
2021-07-20T15:45:29.718173700Z              |
2021-07-20T15:45:29.718182400Z smoke_nomiss |
2021-07-20T15:45:29.718535200Z      Former  |   1.510708   .3707692     1.68   0.093     .9338394     2.44393
2021-07-20T15:45:29.719263700Z     Current  |   .8445425   .1282748    -1.11   0.266     .6270978    1.137386
2021-07-20T15:45:29.719278400Z              |
2021-07-20T15:45:29.719283500Z          imd |
2021-07-20T15:45:29.719631100Z           4  |   .9200628   .1040886    -0.74   0.461      .737088    1.148459
2021-07-20T15:45:29.720336000Z 5 most de..  |   .9332051   .1445676    -0.45   0.655     .6888317    1.264274
2021-07-20T15:45:29.720355300Z              |
2021-07-20T15:45:29.720363800Z tot_adults~h |
2021-07-20T15:45:29.720970700Z           2  |   1.109753   .7814816     0.15   0.882     .2791355     4.41202
2021-07-20T15:45:29.721520600Z           3  |   .7663183   .4638173    -0.44   0.660         .234    2.509588
2021-07-20T15:45:29.721558000Z              |
2021-07-20T15:45:29.721567500Z    ethnicity |
2021-07-20T15:45:29.722085100Z Asian or ..  |   1.119961   .1529179     0.83   0.407     .8570001    1.463608
2021-07-20T15:45:29.722676400Z       Other  |   1.355878   .1871509     2.21   0.027     1.034498    1.777098
2021-07-20T15:45:29.722689900Z              |
2021-07-20T15:45:29.723209800Z 1.htdiag_o~p |   1.168231   .2032871     0.89   0.372     .8306321    1.643042
2021-07-20T15:45:29.723703300Z 1.~y_disease |   1.233376   .1299606     1.99   0.047      1.00324    1.516305
2021-07-20T15:45:29.724244200Z     1.asthma |   .8708397   .1451758    -0.83   0.407     .6281108     1.20737
2021-07-20T15:45:29.724597100Z 1.~c_disease |   .9119972   .1053567    -0.80   0.425     .7272103    1.143739
2021-07-20T15:45:29.724611800Z              |
2021-07-20T15:45:29.724617200Z      diabcat |
2021-07-20T15:45:29.725043200Z T1DM, con..  |    .740574   .2519461    -0.88   0.377     .3801775    1.442615
2021-07-20T15:45:29.725361300Z T1DM, unc..  |    .543438   .4005693    -0.83   0.408     .1281527    2.304477
2021-07-20T15:45:29.725736400Z T2DM, con..  |   .9134911   .1144082    -0.72   0.470     .7146567    1.167646
2021-07-20T15:45:29.726029300Z T2DM, unc..  |   .8724413   .2332853    -0.51   0.610     .5165714    1.473473
2021-07-20T15:45:29.726682600Z Diabetes,..  |   7.95e-20          .        .       .            .           .
2021-07-20T15:45:29.726699900Z              |
2021-07-20T15:45:29.726705600Z cancer_exh~t |
2021-07-20T15:45:29.727077300Z   Last year  |   .3895446   .3991091    -0.92   0.357     .0522945    2.901739
2021-07-20T15:45:29.727513300Z 2-5 years..  |   1.727107   .5026145     1.88   0.060     .9763527    3.055146
2021-07-20T15:45:29.728021600Z    5+ years  |   1.045171   .1226214     0.38   0.706     .8304676    1.315382
2021-07-20T15:45:29.728027900Z              |
2021-07-20T15:45:29.728032100Z cancer_hae~t |
2021-07-20T15:45:29.728759200Z   Last year  |     .37183   .3761245    -0.98   0.328     .0512049    2.700083
2021-07-20T15:45:29.729270800Z 2-5 years..  |   .5432202   .2691218    -1.23   0.218     .2057189    1.434424
2021-07-20T15:45:29.729886000Z    5+ years  |   .8154103   .1044633    -1.59   0.111      .634348    1.048153
2021-07-20T15:45:29.729900700Z              |
2021-07-20T15:45:29.730303700Z 1.~r_disease |   .9021453   .1060964    -0.88   0.381     .7164259    1.136009
2021-07-20T15:45:29.730607300Z 1.stroke_d~a |   1.347604   .1435987     2.80   0.005     1.093603      1.6606
2021-07-20T15:45:29.731118800Z 1.other_ne~o |   1.060892   .1073724     0.58   0.559     .8700041    1.293662
2021-07-20T15:45:29.731186800Z              |
2021-07-20T15:45:29.731195900Z reduced_ki~t |
2021-07-20T15:45:29.731828600Z Stage 3a/..  |   .6957799   .2117571    -1.19   0.233     .3831889    1.263371
2021-07-20T15:45:29.732068800Z       1.esrd |   .9391595   .0900915    -0.65   0.513     .7781897    1.133426
2021-07-20T15:45:29.732553800Z 1.other_tr~t |   .9403736   .1103145    -0.52   0.600     .7472167    1.183462
2021-07-20T15:45:29.732976900Z   1.asplenia |   .9431505   .1071802    -0.52   0.607     .7548314    1.178452
2021-07-20T15:45:29.733493400Z 1.ra_sle_p~s |   1.092118   .1153637     0.83   0.404     .8878804    1.343335
2021-07-20T15:45:29.735952900Z 1.other_im~o |   .9500805    .095155    -0.51   0.609     .7807438    1.156145
2021-07-20T15:45:29.735968100Z ------------------------------------------------------------------------------
2021-07-20T15:45:29.736391900Z                                                              Stratified by stp
2021-07-20T15:45:29.747615600Z (note: file ./output/an_sense_non_covid_death_plus_eth_12mo_ageband_1W2.ster no
2021-07-20T15:45:29.747631200Z > t found)
2021-07-20T15:45:29.747636200Z file ./output/an_sense_non_covid_death_plus_eth_12mo_ageband_1W2.ster saved
2021-07-20T15:45:29.747848100Z 
2021-07-20T15:45:29.747860100Z . 
2021-07-20T15:45:29.747976700Z . log close
2021-07-20T15:45:29.748018500Z       name:  <unnamed>
2021-07-20T15:45:29.748026000Z        log:  /workspace/log/07b_an_multivariable_cox_models_non_covid_death_W2.
2021-07-20T15:45:29.748031300Z > log
2021-07-20T15:45:29.748035800Z   log type:  text
2021-07-20T15:45:29.748041000Z  closed on:  20 Jul 2021, 15:45:29
2021-07-20T15:45:29.748045800Z -------------------------------------------------------------------------------
2021-07-20T15:45:29.748051000Z 
2021-07-20T15:45:29.748055500Z . exit, clear
2021-07-20T15:45:29.748095000Z 
2021-07-20T15:45:29.748105200Z end of do-file
2021-07-20T15:45:29.748110900Z 
2021-07-20T15:45:29.748115400Z . . file open output using "/tmp/tmp.VHpNbYYe5p", write text replace
2021-07-20T15:45:29.748254200Z 
2021-07-20T15:45:29.748266900Z . . file write output "success" 
2021-07-20T15:45:29.748272700Z 
2021-07-20T15:45:29.748277400Z . . file close output
2021-07-20T15:45:29.748281900Z 
2021-07-20T15:45:29.748286300Z . 
2021-07-20T15:45:29.748326000Z end of do-file
2021-07-20T15:45:29.748333400Z 
2021-07-20T15:45:29.748337400Z 
2021-07-20T15:45:29.780798900Z . 

state: succeeded
commit: none
docker_image_id: sha256:11980aa720220a1b39bf523f5a8a33270214c13876c30ee364e16265766f7f60
exit_code: 0
job_id: eamv5vm3ncr265vb
run_by_user: qc18278
created_at: 2021-07-20T15:38:48Z
started_at: 2021-07-20T15:44:31Z
completed_at: 2021-07-20T15:45:46Z

Completed successfully

outputs:
  log/07b_an_multivariable_cox_models_non_covid_death_W2.log                                           - moderately_sensitive
  output/an_multivariate_cox_models_non_covid_death_gp_number_kids_MAINFULLYADJMODEL_ageband_0W2.ster  - moderately_sensitive
  output/an_multivariate_cox_models_non_covid_death_gp_number_kids_MAINFULLYADJMODEL_ageband_1W2.ster  - moderately_sensitive
  output/an_multivariate_cox_models_non_covid_death_kids_cat4_MAINFULLYADJMODEL_ageband_0W2.ster       - moderately_sensitive
  output/an_multivariate_cox_models_non_covid_death_kids_cat4_MAINFULLYADJMODEL_ageband_1W2.ster       - moderately_sensitive
  output/an_sense_non_covid_death_plus_eth_12mo_ageband_0W2.ster                                       - moderately_sensitive
  output/an_sense_non_covid_death_plus_eth_12mo_ageband_1W2.ster                                       - moderately_sensitive