2021-07-20T15:44:59.567881500Z 
2021-07-20T15:44:59.567914600Z   ___  ____  ____  ____  ____ (R)
2021-07-20T15:44:59.567919200Z  /__    /   ____/   /   ____/
2021-07-20T15:44:59.567921900Z ___/   /   /___/   /   /___/   16.1   Copyright 1985-2019 StataCorp LLC
2021-07-20T15:44:59.567925400Z   Statistics/Data Analysis            StataCorp
2021-07-20T15:44:59.567928000Z                                       4905 Lakeway Drive
2021-07-20T15:44:59.567931600Z                                       College Station, Texas 77845 USA
2021-07-20T15:44:59.567935900Z                                       800-STATA-PC        http://www.stata.com
2021-07-20T15:44:59.567940200Z                                       979-696-4600        stata@stata.com
2021-07-20T15:44:59.567944500Z                                       979-696-4601 (fax)
2021-07-20T15:44:59.567948700Z 
2021-07-20T15:44:59.567952400Z 3-user Stata network license expires 11 May 2022:
2021-07-20T15:44:59.567956700Z        Serial number:  501709312237
2021-07-20T15:44:59.567960700Z          Licensed to:  The Bennett Institute
2021-07-20T15:44:59.567965100Z                        Oxford University
2021-07-20T15:44:59.568933300Z 
2021-07-20T15:44:59.568946000Z Notes:
2021-07-20T15:44:59.568950600Z       1.  Unicode is supported; see help unicode_advice.
2021-07-20T15:44:59.568954600Z 
2021-07-20T15:44:59.568958600Z . do "analysis/07b_an_multivariable_cox_models_FULL.wrapper.do" covid_death W2 
2021-07-20T15:44:59.568962600Z 
2021-07-20T15:44:59.568966100Z . . do "analysis/07b_an_multivariable_cox_models_FULL.do" covid_death W2
2021-07-20T15:44:59.568970100Z 
2021-07-20T15:44:59.568973600Z . *****************************************************************************
2021-07-20T15:44:59.568977600Z > ***
2021-07-20T15:44:59.568981800Z . *
2021-07-20T15:44:59.568985800Z . *       Do-file:                07b_an_multivariable_cox_models.do
2021-07-20T15:44:59.568990600Z . *
2021-07-20T15:44:59.568994800Z . *       Project:                Exposure children and COVID risk
2021-07-20T15:44:59.568999000Z . *
2021-07-20T15:44:59.569002900Z . *       Programmed by:  Hforbes, based on files from Fizz & Krishnan
2021-07-20T15:44:59.569007300Z . *
2021-07-20T15:44:59.569011000Z . *       Data used:              analysis_dataset.dta
2021-07-20T15:44:59.569014800Z . *
2021-07-20T15:44:59.569018400Z . *       Data created:   None
2021-07-20T15:44:59.569022100Z . *
2021-07-20T15:44:59.569025700Z . *       Other output:   Log file:  an_multivariable_cox_models.log
2021-07-20T15:44:59.569029400Z . *
2021-07-20T15:44:59.569032900Z . *****************************************************************************
2021-07-20T15:44:59.569049200Z > ***
2021-07-20T15:44:59.569053400Z . *
2021-07-20T15:44:59.569056800Z . *       Purpose:                This do-file performs multivariable (fully ad
2021-07-20T15:44:59.569060500Z > justed) 
2021-07-20T15:44:59.569064700Z . *                                       Cox models. 
2021-07-20T15:44:59.569069100Z . *  
2021-07-20T15:44:59.569073200Z . *****************************************************************************
2021-07-20T15:44:59.569077600Z > ***
2021-07-20T15:44:59.569081500Z . *       
2021-07-20T15:44:59.569085700Z . *       Stata routines needed:  stbrier   
2021-07-20T15:44:59.569090000Z . *
2021-07-20T15:44:59.569094300Z . *****************************************************************************
2021-07-20T15:44:59.569098700Z > ***
2021-07-20T15:44:59.569102900Z . 
2021-07-20T15:44:59.569106800Z . * Set globals that will print in programs and direct output
2021-07-20T15:44:59.569176800Z . global outdir     "output" 
2021-07-20T15:44:59.569186100Z 
2021-07-20T15:44:59.569190900Z . global logdir     "log"
2021-07-20T15:44:59.569195300Z 
2021-07-20T15:44:59.569199200Z . global tempdir    "tempdata"
2021-07-20T15:44:59.569203800Z 
2021-07-20T15:44:59.569207800Z . global demogadjlist  age1 age2 age3 i.male i.obese4cat i.smoke_nomiss i.imd i
2021-07-20T15:44:59.569210800Z > .tot_adults_hh i.ethnicity
2021-07-20T15:44:59.569248500Z 
2021-07-20T15:44:59.569258500Z . global comordidadjlist  i.htdiag_or_highbp                              ///
2021-07-20T15:44:59.569264100Z >                         i.chronic_respiratory_disease   ///
2021-07-20T15:44:59.569268600Z >                         i.asthma                                             
2021-07-20T15:44:59.569273100Z >    ///
2021-07-20T15:44:59.569277100Z >                         i.chronic_cardiac_disease               ///
2021-07-20T15:44:59.569281500Z >                         i.diabcat                                            
2021-07-20T15:44:59.569287800Z >    ///
2021-07-20T15:44:59.569291900Z >                         i.cancer_exhaem_cat                             ///
2021-07-20T15:44:59.569296200Z >                         i.cancer_haem_cat                               ///
2021-07-20T15:44:59.569300600Z >                         i.chronic_liver_disease                 ///
2021-07-20T15:44:59.569304700Z >                         i.stroke_dementia                               ///
2021-07-20T15:44:59.569308800Z >                         i.other_neuro                                   ///
2021-07-20T15:44:59.569312900Z >                         i.reduced_kidney_function_cat   ///
2021-07-20T15:44:59.569324600Z >                         i.esrd                                               
2021-07-20T15:44:59.569329600Z >    ///
2021-07-20T15:44:59.569333800Z >                         i.other_transplant                              ///
2021-07-20T15:44:59.569338100Z >                         i.asplenia                                           
2021-07-20T15:44:59.569341800Z >    ///
2021-07-20T15:44:59.569345600Z >                         i.ra_sle_psoriasis                      ///
2021-07-20T15:44:59.569349300Z >                         i.other_immuno          
2021-07-20T15:44:59.569353100Z 
2021-07-20T15:44:59.569356800Z . 
2021-07-20T15:44:59.569360700Z . local outcome `1'
2021-07-20T15:44:59.569364300Z 
2021-07-20T15:44:59.569367900Z . local dataset `2'
2021-07-20T15:44:59.569372100Z 
2021-07-20T15:44:59.569375900Z . 
2021-07-20T15:44:59.569379900Z . *****************************************************************************
2021-07-20T15:44:59.569384100Z > *******
2021-07-20T15:44:59.569388400Z . *First clean up all old saved estimates for this outcome
2021-07-20T15:44:59.569392900Z . *This is to guard against accidentally displaying left-behind results from ol
2021-07-20T15:44:59.569397200Z > d runs
2021-07-20T15:44:59.569401200Z . *****************************************************************************
2021-07-20T15:44:59.569405500Z > *******
2021-07-20T15:44:59.569409700Z . 
2021-07-20T15:44:59.569413600Z . * Open a log file
2021-07-20T15:44:59.569417500Z . capture log close
2021-07-20T15:44:59.569421900Z 
2021-07-20T15:44:59.569426000Z . log using "$logdir/07b_an_multivariable_cox_models_`outcome'_`dataset'", text
2021-07-20T15:44:59.569431100Z >  replace
2021-07-20T15:44:59.569444600Z (note: file /workspace/log/07b_an_multivariable_cox_models_covid_death_W2.log n
2021-07-20T15:44:59.569449900Z > ot found)
2021-07-20T15:44:59.569454300Z -------------------------------------------------------------------------------
2021-07-20T15:44:59.569458700Z       name:  <unnamed>
2021-07-20T15:44:59.569463000Z        log:  /workspace/log/07b_an_multivariable_cox_models_covid_death_W2.log
2021-07-20T15:44:59.569467100Z   log type:  text
2021-07-20T15:44:59.569471200Z  opened on:  20 Jul 2021, 15:44:59
2021-07-20T15:44:59.569475200Z 
2021-07-20T15:44:59.569511900Z . 
2021-07-20T15:44:59.569521800Z . 
2021-07-20T15:44:59.569526800Z . *****************************************************************************
2021-07-20T15:44:59.569531800Z > ********
2021-07-20T15:44:59.569536300Z . *PROG TO DEFINE THE BASIC COX MODEL WITH OPTIONS FOR HANDLING OF AGE, BMI, ET
2021-07-20T15:44:59.569613400Z > HNICITY:
2021-07-20T15:44:59.569622300Z . cap prog drop basecoxmodel
2021-07-20T15:44:59.569628900Z 
2021-07-20T15:44:59.569633200Z . prog define basecoxmodel
2021-07-20T15:44:59.569637100Z   1.         syntax , exposure(string) age(string) 
2021-07-20T15:44:59.569641300Z   2. 
2021-07-20T15:44:59.569751100Z . timer clear
2021-07-20T15:44:59.569761000Z   3. timer on 1
2021-07-20T15:44:59.569765900Z   4.         capture stcox   `exposure'                              ///
2021-07-20T15:44:59.569770400Z >                         $demogadjlist                                   ///
2021-07-20T15:44:59.569775500Z >                         $comordidadjlist                                ///
2021-07-20T15:44:59.569779900Z >                         `if'                                                 
2021-07-20T15:44:59.569784300Z >    ///
2021-07-20T15:44:59.569788100Z >                         , strata(stp) vce(cluster household_id)
2021-07-20T15:44:59.569792300Z   5. timer off 1
2021-07-20T15:44:59.569796200Z   6. timer list
2021-07-20T15:44:59.569800200Z   7. end
2021-07-20T15:44:59.569804300Z 
2021-07-20T15:44:59.569809000Z . *****************************************************************************
2021-07-20T15:44:59.569813800Z > ********
2021-07-20T15:44:59.569819200Z . 
2021-07-20T15:44:59.569823600Z . 
2021-07-20T15:44:59.569835300Z . * Open dataset and fit specified model(s)
2021-07-20T15:44:59.569927100Z . forvalues x=0/1 {
2021-07-20T15:44:59.569936900Z   2. 
2021-07-20T15:44:59.569941500Z . use "$tempdir/cr_create_analysis_dataset_STSET_`outcome'_ageband_`x'`dataset'
2021-07-20T15:44:59.569946100Z > .dta", clear
2021-07-20T15:44:59.569950700Z   3. 
2021-07-20T15:44:59.569954900Z . ******************************
2021-07-20T15:44:59.569990800Z . *  Multivariable Cox models  *
2021-07-20T15:44:59.570000200Z . ******************************
2021-07-20T15:44:59.570004600Z . 
2021-07-20T15:44:59.570008300Z . 
2021-07-20T15:44:59.570012200Z . 
2021-07-20T15:44:59.570016000Z . foreach exposure_type in kids_cat4  {
2021-07-20T15:44:59.570120100Z   4. 
2021-07-20T15:44:59.570132800Z . *Age spline model (not adj ethnicity)
2021-07-20T15:44:59.570138300Z . cap erase "./output/an_multivariate_cox_models_`outcome'_`exposure_type'_MAIN
2021-07-20T15:44:59.570142800Z > FULLYADJMODEL_ageband_`x'`dataset'"
2021-07-20T15:44:59.570147400Z   5. basecoxmodel, exposure("i.`exposure_type'") age("age1 age2 age3") 
2021-07-20T15:44:59.570160900Z   6. if _rc==0{
2021-07-20T15:44:59.570165900Z   7. estimates
2021-07-20T15:44:59.570180200Z   8. estimates save "./output/an_multivariate_cox_models_`outcome'_`exposure_ty
2021-07-20T15:44:59.570185600Z > pe'_MAINFULLYADJMODEL_ageband_`x'`dataset'", replace
2021-07-20T15:44:59.570190000Z   9.         *  Proportional Hazards test 
2021-07-20T15:44:59.570193800Z .         * Based on Schoenfeld residuals
2021-07-20T15:44:59.570535200Z .         timer clear 
2021-07-20T15:44:59.570549400Z  10.         timer on 1
2021-07-20T15:44:59.570554600Z  11.         if e(N_fail)>0 estat phtest, d
2021-07-20T15:44:59.570559600Z  12.         timer off 1
2021-07-20T15:44:59.570564200Z  13.         timer list 
2021-07-20T15:44:59.570568400Z  14.         
2021-07-20T15:44:59.570572600Z . }
2021-07-20T15:44:59.570576700Z  15. else di "WARNING AGE SPLINE MODEL DID NOT FIT (OUTCOME `outcome')"
2021-07-20T15:44:59.570619500Z  16. 
2021-07-20T15:44:59.570628300Z . }
2021-07-20T15:44:59.570632300Z  17. 
2021-07-20T15:44:59.570704100Z . foreach exposure_type in  gp_number_kids {
2021-07-20T15:44:59.570717400Z  18. *Age spline model (not adj ethnicity)
2021-07-20T15:44:59.570785500Z . cap erase "./output/an_multivariate_cox_models_`outcome'_`exposure_type'_MAIN
2021-07-20T15:44:59.570796800Z > FULLYADJMODEL_ageband_`x'`dataset'"
2021-07-20T15:44:59.570802500Z  19. basecoxmodel, exposure("i.`exposure_type'") age("age1 age2 age3") 
2021-07-20T15:44:59.570807300Z  20. if _rc==0{
2021-07-20T15:44:59.570811300Z  21. estimates
2021-07-20T15:44:59.570815400Z  22. estimates save "./output/an_multivariate_cox_models_`outcome'_`exposure_ty
2021-07-20T15:44:59.570819800Z > pe'_MAINFULLYADJMODEL_ageband_`x'`dataset'", replace
2021-07-20T15:44:59.570956200Z  23. }
2021-07-20T15:44:59.570964200Z  24. else di "WARNING AGE SPLINE MODEL DID NOT FIT (OUTCOME `outcome')"
2021-07-20T15:44:59.571000400Z  25. 
2021-07-20T15:44:59.571009700Z . }
2021-07-20T15:44:59.571014700Z  26. 
2021-07-20T15:44:59.571018700Z . 
2021-07-20T15:44:59.571053600Z . *SENSITIVITY ANALYSIS: 12 months FUP
2021-07-20T15:44:59.571062700Z . keep if has_12_m_follow_up == 1
2021-07-20T15:44:59.571227500Z  27. foreach exposure_type in kids_cat4   {
2021-07-20T15:44:59.571240500Z  28. 
2021-07-20T15:44:59.571245100Z . *Age spline model (not adj ethnicity)
2021-07-20T15:44:59.571249300Z . cap erase ./output/an_sense_`outcome'_plus_eth_12mo_ageband_`x'`dataset'
2021-07-20T15:44:59.571253500Z  29. basecoxmodel, exposure("i.`exposure_type'") age("age1 age2 age3")  
2021-07-20T15:44:59.571257900Z  30. if _rc==0{
2021-07-20T15:44:59.571273400Z  31. estimates
2021-07-20T15:44:59.571306500Z  32. estimates save ./output/an_sense_`outcome'_plus_eth_12mo_ageband_`x'`datas
2021-07-20T15:44:59.571346300Z > et', replace
2021-07-20T15:44:59.571355500Z  33. *estat concordance /*c-statistic*/
2021-07-20T15:44:59.571358500Z . }
2021-07-20T15:44:59.571497900Z  34. else di "WARNING 12 MO FUP MODEL W/ AGE SPLINE  DID NOT FIT (OUTCOME `outc
2021-07-20T15:44:59.571511800Z > ome')"
2021-07-20T15:44:59.571516600Z  35. }       
2021-07-20T15:44:59.571520500Z  36. }
2021-07-20T15:45:09.781800400Z    1:     10.21 /        1 =      10.2050
2021-07-20T15:45:09.785614500Z 
2021-07-20T15:45:09.785653100Z -------------------------------------------------------------------------------
2021-07-20T15:45:09.785660000Z active results
2021-07-20T15:45:09.785665200Z -------------------------------------------------------------------------------
2021-07-20T15:45:09.787847100Z 
2021-07-20T15:45:09.787864800Z Stratified Cox regr. -- Breslow method for ties
2021-07-20T15:45:09.787994000Z 
2021-07-20T15:45:09.788011500Z No. of subjects      =       16,235             Number of obs    =      16,235
2021-07-20T15:45:09.788018200Z No. of failures      =        2,597
2021-07-20T15:45:09.788023200Z Time at risk         =      1520863
2021-07-20T15:45:09.788224700Z                                                 Wald chi2(42)    =       38.12
2021-07-20T15:45:09.788238000Z Log pseudolikelihood =   -18794.717             Prob > chi2      =      0.6420
2021-07-20T15:45:09.788244300Z 
2021-07-20T15:45:09.867028400Z                        (Std. Err. adjusted for 1,121 clusters in household_id)
2021-07-20T15:45:09.867103600Z ------------------------------------------------------------------------------
2021-07-20T15:45:09.867138300Z              |               Robust
2021-07-20T15:45:09.867144000Z           _t | Haz. Ratio   Std. Err.      z    P>|z|     [95% Conf. Interval]
2021-07-20T15:45:09.867149600Z -------------+----------------------------------------------------------------
2021-07-20T15:45:09.867154600Z    kids_cat4 |
2021-07-20T15:45:09.881978100Z only <12 ..  |   1.208406     .17687     1.29   0.196      .907038    1.609905
2021-07-20T15:45:09.882333000Z  only 12-18  |   1.087797   .2127832     0.43   0.667      .741387    1.596066
2021-07-20T15:45:09.882618900Z       mixed  |   1.185563   .1653827     1.22   0.222     .9019536    1.558349
2021-07-20T15:45:09.886727700Z              |
2021-07-20T15:45:09.886750800Z         age1 |   1.006278   .0074807     0.84   0.400      .991722    1.021047
2021-07-20T15:45:09.886768500Z         age2 |   .9850689   .0224742    -0.66   0.510     .9419906    1.030117
2021-07-20T15:45:09.886775800Z         age3 |   1.035915   .0658342     0.56   0.579     .9145945    1.173328
2021-07-20T15:45:09.886790400Z       1.male |   1.000086   .0398295     0.00   0.998     .9249906    1.081278
2021-07-20T15:45:09.886796100Z              |
2021-07-20T15:45:09.886800300Z    obese4cat |
2021-07-20T15:45:09.886804200Z Obese I ..)  |   .9806459   .0564601    -0.34   0.734     .8760013    1.097791
2021-07-20T15:45:09.886808400Z Obese II..)  |    .966026   .0728062    -0.46   0.647     .8333675    1.119801
2021-07-20T15:45:09.886815900Z Obese II..)  |   .9727225   .0811783    -0.33   0.740     .8259469    1.145581
2021-07-20T15:45:09.886820800Z              |
2021-07-20T15:45:09.886825100Z smoke_nomiss |
2021-07-20T15:45:09.886829400Z      Former  |   .9356684    .134579    -0.46   0.644     .7058167    1.240372
2021-07-20T15:45:09.886834000Z     Current  |   .9200733   .0554918    -1.38   0.167     .8174937    1.035525
2021-07-20T15:45:09.886838800Z              |
2021-07-20T15:45:09.886843100Z          imd |
2021-07-20T15:45:09.886847300Z           4  |   .9057579   .0448103    -2.00   0.045      .822055    .9979836
2021-07-20T15:45:09.886930700Z 5 most de..  |   .9679324   .0635351    -0.50   0.620     .8510835    1.100824
2021-07-20T15:45:09.887171500Z              |
2021-07-20T15:45:09.887187300Z tot_adults~h |
2021-07-20T15:45:09.887560600Z           2  |   .9263499   .2892866    -0.24   0.806     .5022921    1.708417
2021-07-20T15:45:09.888493400Z           3  |   .7210162   .1733052    -1.36   0.174     .4501406    1.154893
2021-07-20T15:45:09.888530200Z              |
2021-07-20T15:45:09.888544900Z    ethnicity |
2021-07-20T15:45:09.906537600Z Asian or ..  |   .9176188    .064132    -1.23   0.219     .8001515    1.052331
2021-07-20T15:45:09.906561500Z       Other  |   1.029018   .0689925     0.43   0.670     .9023031    1.173528
2021-07-20T15:45:09.906567000Z              |
2021-07-20T15:45:09.906571700Z 1.htdiag_o~p |    .951075    .068615    -0.70   0.487     .8256673     1.09553
2021-07-20T15:45:09.906587000Z 1.~y_disease |   .9051665   .0455971    -1.98   0.048      .820068    .9990957
2021-07-20T15:45:09.906593300Z     1.asthma |   1.017106   .0736727     0.23   0.815     .8824915    1.172254
2021-07-20T15:45:09.906597800Z 1.~c_disease |   .9666791    .047549    -0.69   0.491      .877836    1.064514
2021-07-20T15:45:09.906602000Z              |
2021-07-20T15:45:09.906606300Z      diabcat |
2021-07-20T15:45:09.906610200Z T1DM, con..  |   1.164995   .1382464     1.29   0.198     .9232398    1.470055
2021-07-20T15:45:09.906614800Z T1DM, unc..  |   .9261004   .2385686    -0.30   0.766      .558964    1.534378
2021-07-20T15:45:09.906619500Z T2DM, con..  |   .8955057   .0481097    -2.05   0.040      .806007    .9949423
2021-07-20T15:45:09.906624100Z T2DM, unc..  |   1.187537   .1210152     1.69   0.092     .9725362    1.450067
2021-07-20T15:45:09.906686500Z Diabetes,..  |   1.441724   1.108267     0.48   0.634     .3195621    6.504426
2021-07-20T15:45:09.906698100Z              |
2021-07-20T15:45:09.906703600Z cancer_exh~t |
2021-07-20T15:45:09.906707900Z   Last year  |   .9385451   .3093578    -0.19   0.847     .4919115    1.790702
2021-07-20T15:45:09.906712500Z 2-5 years..  |   .8734648   .1453881    -0.81   0.416     .6303228    1.210397
2021-07-20T15:45:09.906716800Z    5+ years  |   1.025188   .0527216     0.48   0.629     .9268929    1.133908
2021-07-20T15:45:09.906721300Z              |
2021-07-20T15:45:09.906726500Z cancer_hae~t |
2021-07-20T15:45:09.906731700Z   Last year  |   .9961896   .3121656    -0.01   0.990     .5390261    1.841087
2021-07-20T15:45:09.906736700Z 2-5 years..  |   1.162466   .1664862     1.05   0.293     .8779562    1.539174
2021-07-20T15:45:09.906741100Z    5+ years  |   .9936716   .0501896    -0.13   0.900     .9000142    1.097075
2021-07-20T15:45:09.906745500Z              |
2021-07-20T15:45:09.906749800Z 1.~r_disease |   1.054146    .051318     1.08   0.279     .9582134    1.159682
2021-07-20T15:45:09.906755200Z 1.stroke_d~a |   .9649834   .0478888    -0.72   0.473     .8755433     1.06356
2021-07-20T15:45:09.906760100Z 1.other_ne~o |   .9818359   .0515211    -0.35   0.727     .8858755    1.088191
2021-07-20T15:45:09.906765200Z              |
2021-07-20T15:45:09.906769700Z reduced_ki~t |
2021-07-20T15:45:09.906774000Z Stage 3a/..  |   1.151843   .3440989     0.47   0.636     .6413684    2.068613
2021-07-20T15:45:09.906779200Z       1.esrd |   .9324771   .0387476    -1.68   0.092     .8595434    1.011599
2021-07-20T15:45:09.906784000Z 1.other_tr~t |    1.00915   .0485763     0.19   0.850      .918295    1.108993
2021-07-20T15:45:09.906788500Z   1.asplenia |   .9921198   .0486119    -0.16   0.872     .9012742    1.092122
2021-07-20T15:45:09.906795100Z 1.ra_sle_p~s |   1.051632   .0526034     1.01   0.314      .953424    1.159956
2021-07-20T15:45:09.913625800Z 1.other_im~o |     1.0656   .0433341     1.56   0.118     .9839631    1.154009
2021-07-20T15:45:09.913650200Z ------------------------------------------------------------------------------
2021-07-20T15:45:09.914847000Z                                                              Stratified by stp
2021-07-20T15:45:09.956253100Z (note: file ./output/an_multivariate_cox_models_covid_death_kids_cat4_MAINFULLY
2021-07-20T15:45:09.956274800Z > ADJMODEL_ageband_0W2.ster not found)
2021-07-20T15:45:09.956280100Z file ./output/an_multivariate_cox_models_covid_death_kids_cat4_MAINFULLYADJMODE
2021-07-20T15:45:09.956284900Z > L_ageband_0W2.ster saved
2021-07-20T15:45:26.658331900Z 
2021-07-20T15:45:26.658362000Z       Test of proportional-hazards assumption
2021-07-20T15:45:26.658369100Z 
2021-07-20T15:45:26.658373700Z       Time:  Time
2021-07-20T15:45:26.658389100Z       ----------------------------------------------------------------
2021-07-20T15:45:26.658394400Z                   |       rho            chi2       df       Prob>chi2
2021-07-20T15:45:26.658420300Z       ------------+---------------------------------------------------
2021-07-20T15:45:26.676421900Z       0b.kids_cat4|            .            .        1             .
2021-07-20T15:45:26.683375300Z       1.kids_cat4 |      0.03800         3.57        1         0.0588
2021-07-20T15:45:26.690062600Z       2.kids_cat4 |      0.03944         3.85        1         0.0497
2021-07-20T15:45:26.696811300Z       3.kids_cat4 |      0.02879         2.01        1         0.1558
2021-07-20T15:45:26.704256900Z       age1        |     -0.00069         0.00        1         0.9707
2021-07-20T15:45:26.711478400Z       age2        |     -0.00245         0.02        1         0.8967
2021-07-20T15:45:26.722125900Z       age3        |      0.00332         0.03        1         0.8590
2021-07-20T15:45:26.731386900Z       0b.male     |            .            .        1             .
2021-07-20T15:45:26.739627500Z       1.male      |      0.04300         5.20        1         0.0225
2021-07-20T15:45:26.746839200Z       1b.obese4cat|            .            .        1             .
2021-07-20T15:45:26.753846900Z       2.obese4cat |      0.02308         1.52        1         0.2179
2021-07-20T15:45:26.761133100Z       3.obese4cat |     -0.00071         0.00        1         0.9686
2021-07-20T15:45:26.769835200Z       4.obese4cat |     -0.01798         0.88        1         0.3492
2021-07-20T15:45:26.780133000Z       1b.smoke_n~s|            .            .        1             .
2021-07-20T15:45:26.789642600Z       2.smoke_no~s|     -0.00355         0.03        1         0.8519
2021-07-20T15:45:26.798573000Z       3.smoke_no~s|     -0.00981         0.26        1         0.6106
2021-07-20T15:45:26.805415900Z       1b.imd      |            .            .        1             .
2021-07-20T15:45:26.814967100Z       4.imd       |      0.01658         0.74        1         0.3910
2021-07-20T15:45:26.825190800Z       5.imd       |     -0.00818         0.19        1         0.6596
2021-07-20T15:45:26.833571000Z       1b.tot_adu~h|            .            .        1             .
2021-07-20T15:45:26.842884700Z       2.tot_adul~h|      0.01394         0.53        1         0.4675
2021-07-20T15:45:26.851317000Z       3.tot_adul~h|     -0.01803         0.81        1         0.3681
2021-07-20T15:45:26.863105500Z       1b.ethnicity|            .            .        1             .
2021-07-20T15:45:26.872485900Z       3.ethnicity |     -0.00097         0.00        1         0.9577
2021-07-20T15:45:26.886134200Z       5.ethnicity |      0.02579         2.05        1         0.1525
2021-07-20T15:45:26.897668500Z       0b.htdiag_~p|            .            .        1             .
2021-07-20T15:45:26.908827100Z       1.htdiag_o~p|     -0.00326         0.03        1         0.8607
2021-07-20T15:45:26.916402800Z       0b.chronic..|            .            .        1             .
2021-07-20T15:45:26.927054300Z       1.~y_disease|     -0.03108         2.75        1         0.0971
2021-07-20T15:45:26.936296100Z       0b.asthma   |            .            .        1             .
2021-07-20T15:45:26.945603500Z       1.asthma    |     -0.03143         2.97        1         0.0848
2021-07-20T15:45:26.957053000Z       0b.chronic..|            .            .        1             .
2021-07-20T15:45:26.969887500Z       1.~c_disease|     -0.01153         0.38        1         0.5368
2021-07-20T15:45:26.983850300Z       1b.diabcat  |            .            .        1             .
2021-07-20T15:45:26.994648800Z       2.diabcat   |      0.01277         0.48        1         0.4887
2021-07-20T15:45:27.005783600Z       3.diabcat   |      0.01816         0.90        1         0.3420
2021-07-20T15:45:27.018919500Z       4.diabcat   |      0.01632         0.72        1         0.3969
2021-07-20T15:45:27.029311400Z       5.diabcat   |      0.01009         0.31        1         0.5789
2021-07-20T15:45:27.041693900Z       6.diabcat   |     -0.02564         2.18        1         0.1396
2021-07-20T15:45:27.052874600Z       1b.c~exhae~t|            .            .        1             .
2021-07-20T15:45:27.064107400Z       2.cancer_e~t|      0.02597         1.81        1         0.1791
2021-07-20T15:45:27.072206700Z       3.cancer_e~t|     -0.00912         0.23        1         0.6339
2021-07-20T15:45:27.081706200Z       4.cancer_e~t|      0.01554         0.69        1         0.4069
2021-07-20T15:45:27.091513500Z       1b.cancer_..|            .            .        1             .
2021-07-20T15:45:27.100143200Z       2.cancer_h~t|      0.00148         0.01        1         0.9380
2021-07-20T15:45:27.112312400Z       3.cancer_h~t|     -0.00573         0.09        1         0.7639
2021-07-20T15:45:27.124102000Z       4.cancer_h~t|      0.00167         0.01        1         0.9306
2021-07-20T15:45:27.136330800Z       0b.chronic..|            .            .        1             .
2021-07-20T15:45:27.147561900Z       1.~r_disease|      0.00007         0.00        1         0.9970
2021-07-20T15:45:27.154831400Z       0b.stroke_~a|            .            .        1             .
2021-07-20T15:45:27.162440700Z       1.stroke_d~a|     -0.02135         1.34        1         0.2470
2021-07-20T15:45:27.173782500Z       0b.other_n~o|            .            .        1             .
2021-07-20T15:45:27.182519500Z       1.other_ne~o|      0.00487         0.07        1         0.7856
2021-07-20T15:45:27.193927800Z       1b.reduced~t|            .            .        1             .
2021-07-20T15:45:27.204722000Z       2.reduced_~t|      0.02736         2.10        1         0.1468
2021-07-20T15:45:27.215285600Z       0b.esrd     |            .            .        1             .
2021-07-20T15:45:27.223178000Z       1.esrd      |      0.03278         3.13        1         0.0769
2021-07-20T15:45:27.234710900Z       0b.other_t~t|            .            .        1             .
2021-07-20T15:45:27.241063700Z       1.other_tr~t|      0.03838         4.21        1         0.0403
2021-07-20T15:45:27.249888300Z       0b.asplenia |            .            .        1             .
2021-07-20T15:45:27.260724500Z       1.asplenia  |     -0.01982         1.09        1         0.2974
2021-07-20T15:45:27.272350900Z       0b.ra_sle_~s|            .            .        1             .
2021-07-20T15:45:27.281358100Z       1.ra_sle_p~s|      0.00031         0.00        1         0.9863
2021-07-20T15:45:27.288497500Z       0b.other_i~o|            .            .        1             .
2021-07-20T15:45:27.296525200Z       1.other_im~o|     -0.00092         0.00        1         0.9623
2021-07-20T15:45:27.297278000Z       ------------+---------------------------------------------------
2021-07-20T15:45:27.560107700Z       global test |                     44.08       42         0.3836
2021-07-20T15:45:27.560160500Z       ----------------------------------------------------------------
2021-07-20T15:45:27.560169400Z 
2021-07-20T15:45:27.560174900Z note: robust variance-covariance matrix used.
2021-07-20T15:45:27.568655300Z    1:     17.61 /        1 =      17.6070
2021-07-20T15:45:29.699586700Z    1:      2.13 /        1 =       2.1310
2021-07-20T15:45:29.699617100Z 
2021-07-20T15:45:29.699624200Z -------------------------------------------------------------------------------
2021-07-20T15:45:29.699629700Z active results
2021-07-20T15:45:29.699634700Z -------------------------------------------------------------------------------
2021-07-20T15:45:29.702149900Z 
2021-07-20T15:45:29.702172900Z Stratified Cox regr. -- Breslow method for ties
2021-07-20T15:45:29.702249600Z 
2021-07-20T15:45:29.702265900Z No. of subjects      =        1,904             Number of obs    =       1,904
2021-07-20T15:45:29.702272800Z No. of failures      =          313
2021-07-20T15:45:29.702278700Z Time at risk         =       178730
2021-07-20T15:45:29.702503600Z                                                 Wald chi2(41)    =     5403.65
2021-07-20T15:45:29.702518800Z Log pseudolikelihood =   -1574.6561             Prob > chi2      =      0.0000
2021-07-20T15:45:29.702524700Z 
2021-07-20T15:45:29.722754100Z                          (Std. Err. adjusted for 226 clusters in household_id)
2021-07-20T15:45:29.722770400Z ------------------------------------------------------------------------------
2021-07-20T15:45:29.722777100Z              |               Robust
2021-07-20T15:45:29.722782700Z           _t | Haz. Ratio   Std. Err.      z    P>|z|     [95% Conf. Interval]
2021-07-20T15:45:29.722788600Z -------------+----------------------------------------------------------------
2021-07-20T15:45:29.722804900Z gp_number_~s |
2021-07-20T15:45:29.723116400Z 2 childre..  |   1.195856   .2389857     0.90   0.371     .8082965    1.769242
2021-07-20T15:45:29.723474700Z 3 childre..  |   .9513259   .2062993    -0.23   0.818     .6219313    1.455178
2021-07-20T15:45:29.723703300Z 4+ childr..  |   1.066179   .1957034     0.35   0.727     .7440243    1.527823
2021-07-20T15:45:29.723717100Z              |
2021-07-20T15:45:29.724100300Z         age1 |   1.004334    .021458     0.20   0.840     .9631457    1.047284
2021-07-20T15:45:29.724341700Z         age2 |   .9534332   .0610239    -0.75   0.456     .8410265    1.080863
2021-07-20T15:45:29.724779200Z         age3 |   1.188748    .207054     0.99   0.321     .8449459     1.67244
2021-07-20T15:45:29.725308600Z       1.male |   1.302008   .1569418     2.19   0.029     1.028043    1.648983
2021-07-20T15:45:29.725336500Z              |
2021-07-20T15:45:29.725348500Z    obese4cat |
2021-07-20T15:45:29.726850700Z Obese I ..)  |   1.019482   .1699292     0.12   0.908     .7353597    1.413382
2021-07-20T15:45:29.727447700Z Obese II..)  |   1.298412   .2383655     1.42   0.155     .9060394    1.860708
2021-07-20T15:45:29.727987700Z Obese II..)  |   .9217135   .2592567    -0.29   0.772     .5310955    1.599629
2021-07-20T15:45:29.728001600Z              |
2021-07-20T15:45:29.728006400Z smoke_nomiss |
2021-07-20T15:45:29.728577000Z      Former  |   1.066288   .4295692     0.16   0.873      .484123    2.348513
2021-07-20T15:45:29.728991300Z     Current  |   1.017611    .170824     0.10   0.917     .7323064    1.414071
2021-07-20T15:45:29.729033300Z              |
2021-07-20T15:45:29.729041300Z          imd |
2021-07-20T15:45:29.729316700Z           4  |   .7897212   .1184008    -1.57   0.115     .5886476    1.059479
2021-07-20T15:45:29.730502200Z 5 most de..  |   .9409763   .1810492    -0.32   0.752      .645361    1.372002
2021-07-20T15:45:29.730514700Z              |
2021-07-20T15:45:29.730520100Z tot_adults~h |
2021-07-20T15:45:29.730971000Z           2  |   1.189001   .7730199     0.27   0.790      .332491    4.251913
2021-07-20T15:45:29.731461600Z           3  |    .819231   .4262062    -0.38   0.702     .2955068    2.271147
2021-07-20T15:45:29.731475100Z              |
2021-07-20T15:45:29.731480700Z    ethnicity |
2021-07-20T15:45:29.731856500Z Asian or ..  |     .93399    .182851    -0.35   0.727     .6363544    1.370836
2021-07-20T15:45:29.732288300Z       Other  |   1.079114   .2241034     0.37   0.714     .7182821     1.62121
2021-07-20T15:45:29.732302000Z              |
2021-07-20T15:45:29.732647800Z 1.htdiag_o~p |   .9872268    .210593    -0.06   0.952      .649891    1.499662
2021-07-20T15:45:29.733011000Z 1.~y_disease |   .8809867   .1419497    -0.79   0.432     .6424196    1.208147
2021-07-20T15:45:29.733367100Z     1.asthma |   .9955409   .2008839    -0.02   0.982     .6703483    1.478488
2021-07-20T15:45:29.733906600Z 1.~c_disease |   .8921131    .123363    -0.83   0.409     .6803216    1.169838
2021-07-20T15:45:29.734008200Z              |
2021-07-20T15:45:29.734022800Z      diabcat |
2021-07-20T15:45:29.734715800Z T1DM, con..  |   .4477299   .2614227    -1.38   0.169     .1425648    1.406112
2021-07-20T15:45:29.735041500Z T1DM, unc..  |   1.213531   .9127392     0.26   0.797     .2778639    5.299921
2021-07-20T15:45:29.735423100Z T2DM, con..  |   .9472461   .1440284    -0.36   0.722     .7031337    1.276109
2021-07-20T15:45:29.735931900Z T2DM, unc..  |   1.255565   .3509636     0.81   0.416     .7259487    2.171564
2021-07-20T15:45:29.735946200Z              |
2021-07-20T15:45:29.735951700Z cancer_exh~t |
2021-07-20T15:45:29.736294200Z   Last year  |   1.066129   1.025243     0.07   0.947     .1619019     7.02049
2021-07-20T15:45:29.736626900Z 2-5 years..  |   .4012544   .2815166    -1.30   0.193     .1014435    1.587141
2021-07-20T15:45:29.737204700Z    5+ years  |     1.2436   .1763259     1.54   0.124     .9418716    1.641987
2021-07-20T15:45:29.737219000Z              |
2021-07-20T15:45:29.737224800Z cancer_hae~t |
2021-07-20T15:45:29.737534100Z   Last year  |   1.67e-15   9.65e-16   -59.04   0.000     5.41e-16    5.18e-15
2021-07-20T15:45:29.737818200Z 2-5 years..  |     1.6951    .662635     1.35   0.177     .7878623    3.647038
2021-07-20T15:45:29.738301900Z    5+ years  |   1.153843   .1564503     1.06   0.291     .8845694    1.505088
2021-07-20T15:45:29.738330800Z              |
2021-07-20T15:45:29.738825100Z 1.~r_disease |   .9609015   .1377768    -0.28   0.781     .7254895    1.272702
2021-07-20T15:45:29.739156000Z 1.stroke_d~a |   .7575143   .1150115    -1.83   0.067     .5625421    1.020062
2021-07-20T15:45:29.739623400Z 1.other_ne~o |   .9167961   .1284386    -0.62   0.535     .6966644    1.206485
2021-07-20T15:45:29.739635200Z              |
2021-07-20T15:45:29.739638500Z reduced_ki~t |
2021-07-20T15:45:29.740125400Z Stage 3a/..  |    3.66378   1.617734     2.94   0.003     1.541996    8.705137
2021-07-20T15:45:29.740491500Z       1.esrd |   1.239425   .1343699     1.98   0.048     1.002164    1.532857
2021-07-20T15:45:29.740939100Z 1.other_tr~t |   .7780807   .1160454    -1.68   0.092      .580863    1.042259
2021-07-20T15:45:29.741354300Z   1.asplenia |   .8547793   .1266018    -1.06   0.289     .6394139    1.142683
2021-07-20T15:45:29.741970300Z 1.ra_sle_p~s |   1.104622   .1605665     0.68   0.494     .8307763    1.468735
2021-07-20T15:45:29.743959700Z 1.other_im~o |   1.026611   .1179595     0.23   0.819     .8195991     1.28591
2021-07-20T15:45:29.743976500Z ------------------------------------------------------------------------------
2021-07-20T15:45:29.744203700Z                                                              Stratified by stp
2021-07-20T15:45:29.757146500Z (note: file ./output/an_multivariate_cox_models_covid_death_gp_number_kids_MAIN
2021-07-20T15:45:29.757191800Z > FULLYADJMODEL_ageband_0W2.ster not found)
2021-07-20T15:45:29.757199900Z file ./output/an_multivariate_cox_models_covid_death_gp_number_kids_MAINFULLYAD
2021-07-20T15:45:29.757204600Z > JMODEL_ageband_0W2.ster saved
2021-07-20T15:45:29.770746300Z (832 observations deleted)
2021-07-20T15:45:38.605343800Z    1:      8.84 /        1 =       8.8370
2021-07-20T15:45:38.605379900Z 
2021-07-20T15:45:38.605385900Z -------------------------------------------------------------------------------
2021-07-20T15:45:38.605390600Z active results
2021-07-20T15:45:38.605394700Z -------------------------------------------------------------------------------
2021-07-20T15:45:38.607295400Z 
2021-07-20T15:45:38.607316000Z Stratified Cox regr. -- Breslow method for ties
2021-07-20T15:45:38.607321100Z 
2021-07-20T15:45:38.607325300Z No. of subjects      =       15,403             Number of obs    =      15,403
2021-07-20T15:45:38.607596800Z No. of failures      =        2,468
2021-07-20T15:45:38.607613700Z Time at risk         =      1443720
2021-07-20T15:45:38.607756400Z                                                 Wald chi2(42)    =       44.16
2021-07-20T15:45:38.607874900Z Log pseudolikelihood =   -17730.346             Prob > chi2      =      0.3803
2021-07-20T15:45:38.607887100Z 
2021-07-20T15:45:38.624644400Z                        (Std. Err. adjusted for 1,112 clusters in household_id)
2021-07-20T15:45:38.624665800Z ------------------------------------------------------------------------------
2021-07-20T15:45:38.624669900Z              |               Robust
2021-07-20T15:45:38.624672900Z           _t | Haz. Ratio   Std. Err.      z    P>|z|     [95% Conf. Interval]
2021-07-20T15:45:38.624677700Z -------------+----------------------------------------------------------------
2021-07-20T15:45:38.624682900Z    kids_cat4 |
2021-07-20T15:45:38.624900200Z only <12 ..  |   1.228866   .1869525     1.35   0.176     .9120265    1.655775
2021-07-20T15:45:38.625289800Z  only 12-18  |   1.104077   .2233895     0.49   0.625     .7426339    1.641437
2021-07-20T15:45:38.625601400Z       mixed  |   1.202949   .1743857     1.27   0.202     .9054257    1.598239
2021-07-20T15:45:38.625618500Z              |
2021-07-20T15:45:38.625864700Z         age1 |   1.006649   .0077062     0.87   0.387     .9916581    1.021867
2021-07-20T15:45:38.626127100Z         age2 |   .9867591   .0231103    -0.57   0.569     .9424877     1.03311
2021-07-20T15:45:38.626713400Z         age3 |   1.026377   .0669582     0.40   0.690     .9031848    1.166372
2021-07-20T15:45:38.627395200Z       1.male |   .9974156   .0408427    -0.06   0.950     .9204934    1.080766
2021-07-20T15:45:38.627483800Z              |
2021-07-20T15:45:38.627508000Z    obese4cat |
2021-07-20T15:45:38.628344800Z Obese I ..)  |    .957371    .056803    -0.73   0.463     .8522687    1.075435
2021-07-20T15:45:38.628729300Z Obese II..)  |   .9791029   .0755709    -0.27   0.784     .8416457     1.13901
2021-07-20T15:45:38.629089600Z Obese II..)  |   .9896017   .0844461    -0.12   0.903     .8371908    1.169759
2021-07-20T15:45:38.629103800Z              |
2021-07-20T15:45:38.629109100Z smoke_nomiss |
2021-07-20T15:45:38.629481700Z      Former  |   .8699418   .1328354    -0.91   0.362     .6449355    1.173449
2021-07-20T15:45:38.630011500Z     Current  |   .9119793   .0564045    -1.49   0.136     .8078664     1.02951
2021-07-20T15:45:38.630024800Z              |
2021-07-20T15:45:38.630030200Z          imd |
2021-07-20T15:45:38.630626800Z           4  |   .9017796    .044778    -2.08   0.037     .8181517    .9939555
2021-07-20T15:45:38.631380700Z 5 most de..  |   .9688802   .0660903    -0.46   0.643     .8476313    1.107473
2021-07-20T15:45:38.631418300Z              |
2021-07-20T15:45:38.631423500Z tot_adults~h |
2021-07-20T15:45:38.631760400Z           2  |   1.037347   .3423288     0.11   0.912     .5432806    1.980724
2021-07-20T15:45:38.632235900Z           3  |   .7939994    .205393    -0.89   0.373     .4782226    1.318288
2021-07-20T15:45:38.632249100Z              |
2021-07-20T15:45:38.632252600Z    ethnicity |
2021-07-20T15:45:38.632662400Z Asian or ..  |   .9018667   .0647445    -1.44   0.150      .783493    1.038125
2021-07-20T15:45:38.633087600Z       Other  |   1.044042   .0715202     0.63   0.529     .9128682    1.194065
2021-07-20T15:45:38.633100000Z              |
2021-07-20T15:45:38.633575100Z 1.htdiag_o~p |   .9591659   .0709125    -0.56   0.573     .8297805    1.108726
2021-07-20T15:45:38.634061800Z 1.~y_disease |   .9046585   .0475571    -1.91   0.057     .8160894     1.00284
2021-07-20T15:45:38.634464600Z     1.asthma |   1.023823   .0759671     0.32   0.751     .8852508    1.184087
2021-07-20T15:45:38.634838300Z 1.~c_disease |   .9712054   .0493073    -0.58   0.565     .8792174    1.072818
2021-07-20T15:45:38.634851600Z              |
2021-07-20T15:45:38.634857100Z      diabcat |
2021-07-20T15:45:38.635178900Z T1DM, con..  |    1.19727   .1452043     1.48   0.138      .943971    1.518537
2021-07-20T15:45:38.635443100Z T1DM, unc..  |   .8855128   .2373144    -0.45   0.650     .5236917    1.497318
2021-07-20T15:45:38.635787500Z T2DM, con..  |   .8904871   .0488744    -2.11   0.035     .7996675    .9916212
2021-07-20T15:45:38.636178700Z T2DM, unc..  |   1.178887   .1237304     1.57   0.117      .959697    1.448139
2021-07-20T15:45:38.636678000Z Diabetes,..  |   1.432659   1.103003     0.47   0.641     .3168132    6.478616
2021-07-20T15:45:38.636692400Z              |
2021-07-20T15:45:38.636697000Z cancer_exh~t |
2021-07-20T15:45:38.637129800Z   Last year  |   .7400819   .2747589    -0.81   0.418     .3574927    1.532119
2021-07-20T15:45:38.637453900Z 2-5 years..  |   .8258765   .1439398    -1.10   0.272     .5868965    1.162168
2021-07-20T15:45:38.637867700Z    5+ years  |   1.029476   .0545206     0.55   0.583     .9279766    1.142077
2021-07-20T15:45:38.637881700Z              |
2021-07-20T15:45:38.637887200Z cancer_hae~t |
2021-07-20T15:45:38.638325200Z   Last year  |   .9755414    .320472    -0.08   0.940      .512413    1.857254
2021-07-20T15:45:38.638693200Z 2-5 years..  |   1.233129   .1757792     1.47   0.142     .9325496    1.630591
2021-07-20T15:45:38.639112500Z    5+ years  |   1.005282   .0523533     0.10   0.919     .9077345    1.113312
2021-07-20T15:45:38.639123200Z              |
2021-07-20T15:45:38.639573700Z 1.~r_disease |   1.063419   .0528236     1.24   0.216     .9647667    1.172159
2021-07-20T15:45:38.640026500Z 1.stroke_d~a |    .966089   .0498159    -0.67   0.503     .8732234    1.068831
2021-07-20T15:45:38.640516700Z 1.other_ne~o |   .9757313   .0526946    -0.45   0.649       .87773    1.084675
2021-07-20T15:45:38.640529200Z              |
2021-07-20T15:45:38.640532400Z reduced_ki~t |
2021-07-20T15:45:38.641115400Z Stage 3a/..  |   1.199795   .3578015     0.61   0.541      .668748    2.152541
2021-07-20T15:45:38.641444000Z       1.esrd |   .9391321    .039688    -1.49   0.137     .8644794    1.020231
2021-07-20T15:45:38.641867200Z 1.other_tr~t |   1.007323   .0497263     0.15   0.882     .9144279    1.109656
2021-07-20T15:45:38.642253300Z   1.asplenia |   .9867407   .0495194    -0.27   0.790     .8943049    1.088731
2021-07-20T15:45:38.642710800Z 1.ra_sle_p~s |   1.034166   .0539702     0.64   0.520     .9336166    1.145545
2021-07-20T15:45:38.644568100Z 1.other_im~o |    1.05044   .0439269     1.18   0.239     .9677785    1.140161
2021-07-20T15:45:38.644583000Z ------------------------------------------------------------------------------
2021-07-20T15:45:38.644838700Z                                                              Stratified by stp
2021-07-20T15:45:38.654535200Z (note: file ./output/an_sense_covid_death_plus_eth_12mo_ageband_0W2.ster not fo
2021-07-20T15:45:38.654559900Z > und)
2021-07-20T15:45:38.654566300Z file ./output/an_sense_covid_death_plus_eth_12mo_ageband_0W2.ster saved
2021-07-20T15:45:40.468179400Z    1:      1.81 /        1 =       1.8110
2021-07-20T15:45:40.468219600Z 
2021-07-20T15:45:40.468226400Z -------------------------------------------------------------------------------
2021-07-20T15:45:40.468231700Z active results
2021-07-20T15:45:40.468236100Z -------------------------------------------------------------------------------
2021-07-20T15:45:40.470583700Z 
2021-07-20T15:45:40.470605600Z Stratified Cox regr. -- Breslow method for ties
2021-07-20T15:45:40.470796800Z 
2021-07-20T15:45:40.470831400Z No. of subjects      =        4,496             Number of obs    =       4,496
2021-07-20T15:45:40.470837000Z No. of failures      =          713
2021-07-20T15:45:40.471174100Z Time at risk         =       420295
2021-07-20T15:45:40.471188900Z                                                 Wald chi2(42)    =       38.38
2021-07-20T15:45:40.471194400Z Log pseudolikelihood =   -4231.0997             Prob > chi2      =      0.6307
2021-07-20T15:45:40.471199500Z 
2021-07-20T15:45:40.488693200Z                          (Std. Err. adjusted for 912 clusters in household_id)
2021-07-20T15:45:40.488715900Z ------------------------------------------------------------------------------
2021-07-20T15:45:40.488721000Z              |               Robust
2021-07-20T15:45:40.488725200Z           _t | Haz. Ratio   Std. Err.      z    P>|z|     [95% Conf. Interval]
2021-07-20T15:45:40.488729600Z -------------+----------------------------------------------------------------
2021-07-20T15:45:40.488733500Z    kids_cat4 |
2021-07-20T15:45:40.489008500Z only <12 ..  |   .9416353   .2506123    -0.23   0.821     .5589063     1.58645
2021-07-20T15:45:40.489323600Z  only 12-18  |   .7300669   .2883206    -0.80   0.426     .3366689    1.583151
2021-07-20T15:45:40.489613700Z       mixed  |   .9323638   .2303816    -0.28   0.777     .5744583    1.513255
2021-07-20T15:45:40.489627200Z              |
2021-07-20T15:45:40.489928600Z         age1 |   .9775291   .0341575    -0.65   0.515     .9128227    1.046822
2021-07-20T15:45:40.490236300Z         age2 |    1.26334    .233618     1.26   0.206      .879256    1.815203
2021-07-20T15:45:40.490614800Z         age3 |   .6016724   .2199663    -1.39   0.165     .2938787    1.231834
2021-07-20T15:45:40.490980500Z       1.male |   1.081573   .0849619     1.00   0.318     .9272366    1.261599
2021-07-20T15:45:40.490991900Z              |
2021-07-20T15:45:40.490996400Z    obese4cat |
2021-07-20T15:45:40.491280900Z Obese I ..)  |   .8341295   .1028211    -1.47   0.141     .6551006    1.062084
2021-07-20T15:45:40.491554500Z Obese II..)  |   .9476804   .1222339    -0.42   0.677     .7359903    1.220258
2021-07-20T15:45:40.491935600Z Obese II..)  |   1.080529   .1612069     0.52   0.604     .8065725    1.447536
2021-07-20T15:45:40.491948000Z              |
2021-07-20T15:45:40.491952500Z smoke_nomiss |
2021-07-20T15:45:40.492271000Z      Former  |    1.05366   .2789342     0.20   0.843     .6271373    1.770264
2021-07-20T15:45:40.492633800Z     Current  |   .9579283   .1108366    -0.37   0.710     .7635634    1.201769
2021-07-20T15:45:40.492645700Z              |
2021-07-20T15:45:40.492648700Z          imd |
2021-07-20T15:45:40.492965900Z           4  |    1.16821     .10691     1.70   0.089     .9763876    1.397718
2021-07-20T15:45:40.493382000Z 5 most de..  |   1.036146   .1374594     0.27   0.789     .7989088    1.343832
2021-07-20T15:45:40.493405400Z              |
2021-07-20T15:45:40.493448800Z tot_adults~h |
2021-07-20T15:45:40.493785000Z           2  |   1.086739   .5565756     0.16   0.871     .3982731    2.965308
2021-07-20T15:45:40.494113400Z           3  |   .6277053   .2648355    -1.10   0.270     .2745522    1.435115
2021-07-20T15:45:40.494126300Z              |
2021-07-20T15:45:40.494131400Z    ethnicity |
2021-07-20T15:45:40.494514600Z Asian or ..  |   .9383227   .1193518    -0.50   0.617      .731277    1.203989
2021-07-20T15:45:40.494921800Z       Other  |   .9171558   .1244737    -0.64   0.524     .7029436    1.196646
2021-07-20T15:45:40.494933600Z              |
2021-07-20T15:45:40.495354100Z 1.htdiag_o~p |    .975899   .1354244    -0.18   0.860     .7435063    1.280929
2021-07-20T15:45:40.495728000Z 1.~y_disease |   1.157334   .1059029     1.60   0.110     .9673172    1.384678
2021-07-20T15:45:40.496168900Z     1.asthma |   1.194999   .1521658     1.40   0.162     .9310638    1.533754
2021-07-20T15:45:40.496615900Z 1.~c_disease |   .9580555   .0865757    -0.47   0.635     .8025479    1.143695
2021-07-20T15:45:40.496628600Z              |
2021-07-20T15:45:40.496633200Z      diabcat |
2021-07-20T15:45:40.496981500Z T1DM, con..  |   1.075124   .2600535     0.30   0.765     .6692183    1.727226
2021-07-20T15:45:40.497277600Z T1DM, unc..  |   1.158602   .5188552     0.33   0.742     .4816614    2.786934
2021-07-20T15:45:40.497634900Z T2DM, con..  |   1.014095   .1048327     0.14   0.892     .8281043    1.241858
2021-07-20T15:45:40.497938400Z T2DM, unc..  |   .8295189   .1970046    -0.79   0.431     .5208015    1.321236
2021-07-20T15:45:40.498306800Z Diabetes,..  |    1.56639   1.466433     0.48   0.632     .2500442    9.812576
2021-07-20T15:45:40.498320300Z              |
2021-07-20T15:45:40.498325800Z cancer_exh~t |
2021-07-20T15:45:40.498711600Z   Last year  |   .5483783   .3695285    -0.89   0.373     .1463835    2.054321
2021-07-20T15:45:40.499030900Z 2-5 years..  |   .9006044   .3258899    -0.29   0.772     .4431196    1.830405
2021-07-20T15:45:40.499446900Z    5+ years  |   .9708275   .0962666    -0.30   0.765      .799351    1.179089
2021-07-20T15:45:40.499460000Z              |
2021-07-20T15:45:40.499465000Z cancer_hae~t |
2021-07-20T15:45:40.499969000Z   Last year  |     .70536   .4964415    -0.50   0.620     .1775514    2.802189
2021-07-20T15:45:40.500336200Z 2-5 years..  |   1.116657   .3618118     0.34   0.733     .5917238    2.107271
2021-07-20T15:45:40.500767400Z    5+ years  |   .9629395     .10072    -0.36   0.718      .784452    1.182039
2021-07-20T15:45:40.500778200Z              |
2021-07-20T15:45:40.501179400Z 1.~r_disease |   1.066388   .1020899     0.67   0.502     .8839471    1.286484
2021-07-20T15:45:40.501584000Z 1.stroke_d~a |   1.105503   .1015441     1.09   0.275     .9233664    1.323566
2021-07-20T15:45:40.503333800Z 1.other_ne~o |   1.041909   .0930443     0.46   0.646      .874613    1.241205
2021-07-20T15:45:40.503348900Z              |
2021-07-20T15:45:40.503353600Z reduced_ki~t |
2021-07-20T15:45:40.503854100Z Stage 3a/..  |   1.011877   .2153911     0.06   0.956     .6667122    1.535737
2021-07-20T15:45:40.504516500Z       1.esrd |   .9813696   .0789413    -0.23   0.815     .8382277    1.148955
2021-07-20T15:45:40.505020800Z 1.other_tr~t |   1.043469   .0992026     0.45   0.654     .8660756    1.257197
2021-07-20T15:45:40.505794200Z   1.asplenia |   1.144967   .1006706     1.54   0.124      .963721    1.360299
2021-07-20T15:45:40.506303300Z 1.ra_sle_p~s |   .8961036   .0828371    -1.19   0.235     .7476045      1.0741
2021-07-20T15:45:40.507627600Z 1.other_im~o |    .818325   .0732554    -2.24   0.025     .6866373    .9752686
2021-07-20T15:45:40.507642200Z ------------------------------------------------------------------------------
2021-07-20T15:45:40.507908400Z                                                              Stratified by stp
2021-07-20T15:45:40.515891900Z (note: file ./output/an_multivariate_cox_models_covid_death_kids_cat4_MAINFULLY
2021-07-20T15:45:40.515908200Z > ADJMODEL_ageband_1W2.ster not found)
2021-07-20T15:45:40.515913000Z file ./output/an_multivariate_cox_models_covid_death_kids_cat4_MAINFULLYADJMODE
2021-07-20T15:45:40.515917400Z > L_ageband_1W2.ster saved
2021-07-20T15:45:43.147974400Z 
2021-07-20T15:45:43.148016500Z       Test of proportional-hazards assumption
2021-07-20T15:45:43.148020400Z 
2021-07-20T15:45:43.148023100Z       Time:  Time
2021-07-20T15:45:43.148025800Z       ----------------------------------------------------------------
2021-07-20T15:45:43.148028500Z                   |       rho            chi2       df       Prob>chi2
2021-07-20T15:45:43.148031400Z       ------------+---------------------------------------------------
2021-07-20T15:45:43.152496500Z       0b.kids_cat4|            .            .        1             .
2021-07-20T15:45:43.153836800Z       1.kids_cat4 |      0.02145         0.35        1         0.5548
2021-07-20T15:45:43.155560500Z       2.kids_cat4 |      0.00733         0.04        1         0.8390
2021-07-20T15:45:43.157470200Z       3.kids_cat4 |     -0.01033         0.08        1         0.7773
2021-07-20T15:45:43.159440900Z       age1        |      0.00259         0.01        1         0.9357
2021-07-20T15:45:43.161286500Z       age2        |     -0.00497         0.02        1         0.8764
2021-07-20T15:45:43.163086800Z       age3        |      0.00534         0.03        1         0.8674
2021-07-20T15:45:43.164933000Z       0b.male     |            .            .        1             .
2021-07-20T15:45:43.166824400Z       1.male      |      0.01576         0.23        1         0.6335
2021-07-20T15:45:43.168821900Z       1b.obese4cat|            .            .        1             .
2021-07-20T15:45:43.170977500Z       2.obese4cat |     -0.00927         0.08        1         0.7714
2021-07-20T15:45:43.173491000Z       3.obese4cat |     -0.01300         0.15        1         0.7033
2021-07-20T15:45:43.176750600Z       4.obese4cat |      0.07273         4.35        1         0.0370
2021-07-20T15:45:43.180196000Z       1b.smoke_n~s|            .            .        1             .
2021-07-20T15:45:43.183194000Z       2.smoke_no~s|     -0.01049         0.08        1         0.7714
2021-07-20T15:45:43.187833700Z       3.smoke_no~s|     -0.01163         0.11        1         0.7365
2021-07-20T15:45:43.190858500Z       1b.imd      |            .            .        1             .
2021-07-20T15:45:43.193665000Z       4.imd       |      0.05461         2.60        1         0.1067
2021-07-20T15:45:43.196154400Z       5.imd       |      0.02549         0.62        1         0.4304
2021-07-20T15:45:43.198661100Z       1b.tot_adu~h|            .            .        1             .
2021-07-20T15:45:43.201143200Z       2.tot_adul~h|     -0.01942         0.35        1         0.5527
2021-07-20T15:45:43.204658600Z       3.tot_adul~h|      0.00820         0.06        1         0.8136
2021-07-20T15:45:43.207226500Z       1b.ethnicity|            .            .        1             .
2021-07-20T15:45:43.209948100Z       3.ethnicity |      0.00718         0.05        1         0.8233
2021-07-20T15:45:43.212037900Z       5.ethnicity |     -0.04997         2.28        1         0.1314
2021-07-20T15:45:43.214375800Z       0b.htdiag_~p|            .            .        1             .
2021-07-20T15:45:43.216727300Z       1.htdiag_o~p|     -0.00051         0.00        1         0.9881
2021-07-20T15:45:43.221692500Z       0b.chronic..|            .            .        1             .
2021-07-20T15:45:43.225421600Z       1.~y_disease|      0.00868         0.06        1         0.7998
2021-07-20T15:45:43.228740600Z       0b.asthma   |            .            .        1             .
2021-07-20T15:45:43.231688800Z       1.asthma    |      0.02406         0.51        1         0.4742
2021-07-20T15:45:43.234819500Z       0b.chronic..|            .            .        1             .
2021-07-20T15:45:43.238964900Z       1.~c_disease|      0.03296         0.81        1         0.3691
2021-07-20T15:45:43.242858600Z       1b.diabcat  |            .            .        1             .
2021-07-20T15:45:43.250190400Z       2.diabcat   |      0.00774         0.05        1         0.8296
2021-07-20T15:45:43.254320300Z       3.diabcat   |     -0.00901         0.07        1         0.7888
2021-07-20T15:45:43.257261700Z       4.diabcat   |     -0.01617         0.25        1         0.6177
2021-07-20T15:45:43.261115700Z       5.diabcat   |     -0.02168         0.41        1         0.5244
2021-07-20T15:45:43.265349300Z       6.diabcat   |      0.02313         0.37        1         0.5439
2021-07-20T15:45:43.269228600Z       1b.c~exhae~t|            .            .        1             .
2021-07-20T15:45:43.273073800Z       2.cancer_e~t|      0.03285         0.86        1         0.3540
2021-07-20T15:45:43.278239300Z       3.cancer_e~t|      0.01965         0.34        1         0.5576
2021-07-20T15:45:43.282282300Z       4.cancer_e~t|      0.00602         0.03        1         0.8622
2021-07-20T15:45:43.285996800Z       1b.cancer_..|            .            .        1             .
2021-07-20T15:45:43.289462700Z       2.cancer_h~t|      0.01583         0.22        1         0.6397
2021-07-20T15:45:43.292996900Z       3.cancer_h~t|     -0.02224         0.48        1         0.4865
2021-07-20T15:45:43.298783900Z       4.cancer_h~t|     -0.00756         0.05        1         0.8149
2021-07-20T15:45:43.300635500Z       0b.chronic..|            .            .        1             .
2021-07-20T15:45:43.305225700Z       1.~r_disease|      0.03537         1.18        1         0.2776
2021-07-20T15:45:43.312763500Z       0b.stroke_~a|            .            .        1             .
2021-07-20T15:45:43.312995000Z       1.stroke_d~a|      0.00621         0.03        1         0.8598
2021-07-20T15:45:43.321764600Z       0b.other_n~o|            .            .        1             .
2021-07-20T15:45:43.325356200Z       1.other_ne~o|      0.03090         0.79        1         0.3733
2021-07-20T15:45:43.329233000Z       1b.reduced~t|            .            .        1             .
2021-07-20T15:45:43.336279600Z       2.reduced_~t|     -0.05218         2.50        1         0.1141
2021-07-20T15:45:43.339700800Z       0b.esrd     |            .            .        1             .
2021-07-20T15:45:43.343021900Z       1.esrd      |      0.01937         0.32        1         0.5713
2021-07-20T15:45:43.346434300Z       0b.other_t~t|            .            .        1             .
2021-07-20T15:45:43.349340700Z       1.other_tr~t|      0.01928         0.34        1         0.5573
2021-07-20T15:45:43.355585900Z       0b.asplenia |            .            .        1             .
2021-07-20T15:45:43.363023200Z       1.asplenia  |     -0.03007         0.72        1         0.3972
2021-07-20T15:45:43.366498400Z       0b.ra_sle_~s|            .            .        1             .
2021-07-20T15:45:43.370651600Z       1.ra_sle_p~s|      0.06252         3.09        1         0.0789
2021-07-20T15:45:43.379199900Z       0b.other_i~o|            .            .        1             .
2021-07-20T15:45:43.383326300Z       1.other_im~o|      0.00849         0.07        1         0.7970
2021-07-20T15:45:43.383937000Z       ------------+---------------------------------------------------
2021-07-20T15:45:43.469470800Z       global test |                     27.27       42         0.9617
2021-07-20T15:45:43.469496200Z       ----------------------------------------------------------------
2021-07-20T15:45:43.469501800Z 
2021-07-20T15:45:43.469506000Z note: robust variance-covariance matrix used.
2021-07-20T15:45:43.475801300Z    1:      2.96 /        1 =       2.9560
2021-07-20T15:45:44.130204800Z    1:      0.66 /        1 =       0.6570
2021-07-20T15:45:44.130230800Z 
2021-07-20T15:45:44.130237300Z -------------------------------------------------------------------------------
2021-07-20T15:45:44.130242700Z active results
2021-07-20T15:45:44.130247600Z -------------------------------------------------------------------------------
2021-07-20T15:45:44.132581400Z 
2021-07-20T15:45:44.132600300Z Stratified Cox regr. -- Breslow method for ties
2021-07-20T15:45:44.132684500Z 
2021-07-20T15:45:44.132700800Z No. of subjects      =          509             Number of obs    =         509
2021-07-20T15:45:44.132707800Z No. of failures      =           83
2021-07-20T15:45:44.132712900Z Time at risk         =        47440
2021-07-20T15:45:44.132866600Z                                                 Wald chi2(41)    =     7158.39
2021-07-20T15:45:44.132879200Z Log pseudolikelihood =   -293.65589             Prob > chi2      =      0.0000
2021-07-20T15:45:44.133066100Z 
2021-07-20T15:45:44.153202800Z                          (Std. Err. adjusted for 162 clusters in household_id)
2021-07-20T15:45:44.153253400Z ------------------------------------------------------------------------------
2021-07-20T15:45:44.153265000Z              |               Robust
2021-07-20T15:45:44.153270700Z           _t | Haz. Ratio   Std. Err.      z    P>|z|     [95% Conf. Interval]
2021-07-20T15:45:44.153276000Z -------------+----------------------------------------------------------------
2021-07-20T15:45:44.153280700Z gp_number_~s |
2021-07-20T15:45:44.153678600Z 2 childre..  |   .8033791   .2886712    -0.61   0.542     .3972516    1.624708
2021-07-20T15:45:44.154121000Z 3 childre..  |   1.206949   .6374601     0.36   0.722     .4286667    3.398271
2021-07-20T15:45:44.154753800Z 4+ childr..  |   .7968162   .2591802    -0.70   0.485     .4211996    1.507399
2021-07-20T15:45:44.154769200Z              |
2021-07-20T15:45:44.155199000Z         age1 |   1.089178   .1332684     0.70   0.485      .856936     1.38436
2021-07-20T15:45:44.155543900Z         age2 |   .7948528      .4857    -0.38   0.707     .2399686    2.632807
2021-07-20T15:45:44.156091300Z         age3 |   1.417034   1.677227     0.29   0.768     .1392779    14.41711
2021-07-20T15:45:44.156698500Z       1.male |   1.242271    .289258     0.93   0.351     .7870776    1.960719
2021-07-20T15:45:44.156714600Z              |
2021-07-20T15:45:44.156720300Z    obese4cat |
2021-07-20T15:45:44.157230100Z Obese I ..)  |   1.390019    .516706     0.89   0.376     .6708222    2.880278
2021-07-20T15:45:44.157667000Z Obese II..)  |    1.90488   .6111998     2.01   0.045     1.015666    3.572598
2021-07-20T15:45:44.158296600Z Obese II..)  |   3.123076    1.04864     3.39   0.001     1.617235    6.031035
2021-07-20T15:45:44.158323700Z              |
2021-07-20T15:45:44.158328800Z smoke_nomiss |
2021-07-20T15:45:44.158797800Z      Former  |    .908883    .604708    -0.14   0.886     .2467046    3.348411
2021-07-20T15:45:44.159269300Z     Current  |   1.339496   .5670627     0.69   0.490     .5842431    3.071068
2021-07-20T15:45:44.159285300Z              |
2021-07-20T15:45:44.159290700Z          imd |
2021-07-20T15:45:44.159802300Z           4  |   1.718528   .4645549     2.00   0.045     1.011716    2.919138
2021-07-20T15:45:44.161073900Z 5 most de..  |   2.380373   .9843708     2.10   0.036     1.058382    5.353623
2021-07-20T15:45:44.161090100Z              |
2021-07-20T15:45:44.161095900Z tot_adults~h |
2021-07-20T15:45:44.161474300Z           2  |   .1762076   .3322512    -0.92   0.357     .0043755    7.096141
2021-07-20T15:45:44.162127900Z           3  |    .219898   .3852744    -0.86   0.387     .0070936    6.816751
2021-07-20T15:45:44.162301900Z              |
2021-07-20T15:45:44.162315900Z    ethnicity |
2021-07-20T15:45:44.162862800Z Asian or ..  |   1.386826   .4951183     0.92   0.360     .6888579    2.791991
2021-07-20T15:45:44.163405200Z       Other  |   .7034206   .2987441    -0.83   0.407     .3059906    1.617045
2021-07-20T15:45:44.163421100Z              |
2021-07-20T15:45:44.163890800Z 1.htdiag_o~p |   .9389994   .4291345    -0.14   0.890     .3834031     2.29972
2021-07-20T15:45:44.164282600Z 1.~y_disease |   .8119048   .2276281    -0.74   0.457      .468662    1.406535
2021-07-20T15:45:44.164682500Z     1.asthma |   1.375901   .5240629     0.84   0.402     .6521917    2.902678
2021-07-20T15:45:44.165143400Z 1.~c_disease |   .8581743   .2220952    -0.59   0.555     .5167553    1.425168
2021-07-20T15:45:44.165157400Z              |
2021-07-20T15:45:44.165163900Z      diabcat |
2021-07-20T15:45:44.165545700Z T1DM, con..  |   1.187309   .9894966     0.21   0.837     .2318338    6.080656
2021-07-20T15:45:44.165843200Z T1DM, unc..  |   7.57e-16   8.87e-16   -29.72   0.000     7.62e-17    7.52e-15
2021-07-20T15:45:44.166233000Z T2DM, con..  |   .7636449   .2422121    -0.85   0.395     .4101175    1.421918
2021-07-20T15:45:44.166675000Z T2DM, unc..  |   .4217675   .3859307    -0.94   0.345     .0701773    2.534835
2021-07-20T15:45:44.166688300Z              |
2021-07-20T15:45:44.166693700Z cancer_exh~t |
2021-07-20T15:45:44.167148000Z   Last year  |   1.29e-15   1.04e-15   -42.55   0.000     2.65e-16    6.25e-15
2021-07-20T15:45:44.167408800Z 2-5 years..  |   1.986996   1.789615     0.76   0.446     .3400559     11.6103
2021-07-20T15:45:44.167801200Z    5+ years  |   .9408816   .3072709    -0.19   0.852     .4960798    1.784507
2021-07-20T15:45:44.167813800Z              |
2021-07-20T15:45:44.167819400Z cancer_hae~t |
2021-07-20T15:45:44.168325200Z   Last year  |   2.026468   1.663769     0.86   0.390     .4054028    10.12961
2021-07-20T15:45:44.168638500Z 2-5 years..  |   2.47e-15   2.50e-15   -33.30   0.000     3.41e-16    1.79e-14
2021-07-20T15:45:44.169075500Z    5+ years  |   .6304482   .2360779    -1.23   0.218     .3026273    1.313381
2021-07-20T15:45:44.169088300Z              |
2021-07-20T15:45:44.169771000Z 1.~r_disease |   1.514787   .4419332     1.42   0.155     .8550999    2.683406
2021-07-20T15:45:44.170119000Z 1.stroke_d~a |   1.322012   .4308683     0.86   0.392     .6979322    2.504136
2021-07-20T15:45:44.170622400Z 1.other_ne~o |   .9032655   .2700282    -0.34   0.734     .5027494    1.622853
2021-07-20T15:45:44.170636900Z              |
2021-07-20T15:45:44.170642400Z reduced_ki~t |
2021-07-20T15:45:44.171040100Z Stage 3a/..  |   .5267808    .398895    -0.85   0.397      .119419    2.323734
2021-07-20T15:45:44.171439400Z       1.esrd |   .8951617   .2310246    -0.43   0.668     .5397868    1.484502
2021-07-20T15:45:44.171796500Z 1.other_tr~t |   .7666005   .2616241    -0.78   0.436     .3927105    1.496462
2021-07-20T15:45:44.172315900Z   1.asplenia |   1.212388   .2993214     0.78   0.435      .747295    1.966941
2021-07-20T15:45:44.172825700Z 1.ra_sle_p~s |    1.36842   .3281116     1.31   0.191     .8553097    2.189351
2021-07-20T15:45:44.175165900Z 1.other_im~o |   .8944486   .2672361    -0.37   0.709     .4980126    1.606462
2021-07-20T15:45:44.175182400Z ------------------------------------------------------------------------------
2021-07-20T15:45:44.175460900Z                                                              Stratified by stp
2021-07-20T15:45:44.183601700Z (note: file ./output/an_multivariate_cox_models_covid_death_gp_number_kids_MAIN
2021-07-20T15:45:44.183623800Z > FULLYADJMODEL_ageband_1W2.ster not found)
2021-07-20T15:45:44.183628800Z file ./output/an_multivariate_cox_models_covid_death_gp_number_kids_MAINFULLYAD
2021-07-20T15:45:44.183632900Z > JMODEL_ageband_1W2.ster saved
2021-07-20T15:45:44.189910600Z (203 observations deleted)
2021-07-20T15:45:45.864915100Z    1:      1.68 /        1 =       1.6780
2021-07-20T15:45:45.864944400Z 
2021-07-20T15:45:45.864950400Z -------------------------------------------------------------------------------
2021-07-20T15:45:45.864955600Z active results
2021-07-20T15:45:45.864960300Z -------------------------------------------------------------------------------
2021-07-20T15:45:45.867048200Z 
2021-07-20T15:45:45.867065900Z Stratified Cox regr. -- Breslow method for ties
2021-07-20T15:45:45.867193900Z 
2021-07-20T15:45:45.867207500Z No. of subjects      =        4,293             Number of obs    =       4,293
2021-07-20T15:45:45.867212800Z No. of failures      =          683
2021-07-20T15:45:45.867216800Z Time at risk         =       401385
2021-07-20T15:45:45.867356200Z                                                 Wald chi2(42)    =       42.48
2021-07-20T15:45:45.867369700Z Log pseudolikelihood =    -4020.329             Prob > chi2      =      0.4504
2021-07-20T15:45:45.867375400Z 
2021-07-20T15:45:45.884124400Z                          (Std. Err. adjusted for 903 clusters in household_id)
2021-07-20T15:45:45.884149600Z ------------------------------------------------------------------------------
2021-07-20T15:45:45.884154700Z              |               Robust
2021-07-20T15:45:45.884158900Z           _t | Haz. Ratio   Std. Err.      z    P>|z|     [95% Conf. Interval]
2021-07-20T15:45:45.884163500Z -------------+----------------------------------------------------------------
2021-07-20T15:45:45.884167700Z    kids_cat4 |
2021-07-20T15:45:45.884428800Z only <12 ..  |   .9872551   .2715578    -0.05   0.963     .5758309    1.692637
2021-07-20T15:45:45.884791600Z  only 12-18  |   .7747242   .3106997    -0.64   0.524     .3530014    1.700269
2021-07-20T15:45:45.885305600Z       mixed  |   1.020828   .2626587     0.08   0.936     .6165078     1.69031
2021-07-20T15:45:45.885320400Z              |
2021-07-20T15:45:45.885648900Z         age1 |   .9726589    .034316    -0.79   0.432     .9076736    1.042297
2021-07-20T15:45:45.886038100Z         age2 |    1.30192   .2451533     1.40   0.161     .9001235    1.883071
2021-07-20T15:45:45.886510600Z         age3 |   .5661125   .2111018    -1.53   0.127     .2725788    1.175746
2021-07-20T15:45:45.886957800Z       1.male |   1.066552   .0854304     0.80   0.421     .9115934    1.247852
2021-07-20T15:45:45.886971600Z              |
2021-07-20T15:45:45.886977300Z    obese4cat |
2021-07-20T15:45:45.887371400Z Obese I ..)  |   .8119589   .1024208    -1.65   0.099     .6341079    1.039692
2021-07-20T15:45:45.887731800Z Obese II..)  |   .9491545    .125186    -0.40   0.692     .7329428    1.229147
2021-07-20T15:45:45.888270800Z Obese II..)  |   1.025721   .1555573     0.17   0.867     .7619716    1.380764
2021-07-20T15:45:45.888284900Z              |
2021-07-20T15:45:45.888290700Z smoke_nomiss |
2021-07-20T15:45:45.888670600Z      Former  |   1.028556   .2802821     0.10   0.918     .6029411    1.754611
2021-07-20T15:45:45.889155500Z     Current  |   .9554501   .1149973    -0.38   0.705     .7546717    1.209645
2021-07-20T15:45:45.889169800Z              |
2021-07-20T15:45:45.889175600Z          imd |
2021-07-20T15:45:45.889555700Z           4  |   1.145679   .1066124     1.46   0.144     .9546705    1.374904
2021-07-20T15:45:45.889991400Z 5 most de..  |   1.061956   .1429287     0.45   0.655     .8157243    1.382515
2021-07-20T15:45:45.890004100Z              |
2021-07-20T15:45:45.890008600Z tot_adults~h |
2021-07-20T15:45:45.890326600Z           2  |    .985794   .5077604    -0.03   0.978     .3592124    2.705335
2021-07-20T15:45:45.890779500Z           3  |   .5112525   .2211457    -1.55   0.121     .2189992    1.193517
2021-07-20T15:45:45.890792400Z              |
2021-07-20T15:45:45.890796700Z    ethnicity |
2021-07-20T15:45:45.891121600Z Asian or ..  |   .9449813   .1223247    -0.44   0.662     .7332263    1.217891
2021-07-20T15:45:45.891558100Z       Other  |   .9015969   .1269865    -0.74   0.462     .6841069    1.188231
2021-07-20T15:45:45.891573400Z              |
2021-07-20T15:45:45.892014600Z 1.htdiag_o~p |   .9136804   .1265732    -0.65   0.515     .6964283    1.198705
2021-07-20T15:45:45.892508900Z 1.~y_disease |   1.160726    .107951     1.60   0.109     .9673097    1.392817
2021-07-20T15:45:45.892958500Z     1.asthma |   1.187668   .1549945     1.32   0.188     .9196249    1.533839
2021-07-20T15:45:45.893348200Z 1.~c_disease |   .9807776   .0915869    -0.21   0.835     .8167397    1.177762
2021-07-20T15:45:45.893360700Z              |
2021-07-20T15:45:45.893365100Z      diabcat |
2021-07-20T15:45:45.893773900Z T1DM, con..  |   1.163195    .280894     0.63   0.531     .7246036    1.867261
2021-07-20T15:45:45.894079300Z T1DM, unc..  |    1.14227   .5124324     0.30   0.767     .4741462    2.751853
2021-07-20T15:45:45.894376200Z T2DM, con..  |   1.012909   .1085803     0.12   0.905     .8209646     1.24973
2021-07-20T15:45:45.894696300Z T2DM, unc..  |    .868237   .2091381    -0.59   0.557     .5415065    1.392108
2021-07-20T15:45:45.895112000Z Diabetes,..  |   1.550002   1.457266     0.47   0.641     .2455036    9.786037
2021-07-20T15:45:45.895125700Z              |
2021-07-20T15:45:45.895131000Z cancer_exh~t |
2021-07-20T15:45:45.895499100Z   Last year  |   .5732993   .3861582    -0.83   0.409     .1531215    2.146479
2021-07-20T15:45:45.895837300Z 2-5 years..  |   .9165118   .3327286    -0.24   0.810     .4499037    1.867053
2021-07-20T15:45:45.896225100Z    5+ years  |   1.003123   .1029447     0.03   0.976      .820352    1.226614
2021-07-20T15:45:45.896256600Z              |
2021-07-20T15:45:45.896263500Z cancer_hae~t |
2021-07-20T15:45:45.896708800Z   Last year  |   .6979673   .4918341    -0.51   0.610     .1753969    2.777462
2021-07-20T15:45:45.897007900Z 2-5 years..  |   1.150047   .3734711     0.43   0.667     .6085454    2.173394
2021-07-20T15:45:45.897415700Z    5+ years  |   .9734958    .101912    -0.26   0.797     .7929114    1.195208
2021-07-20T15:45:45.897427000Z              |
2021-07-20T15:45:45.897840600Z 1.~r_disease |   1.041239   .1033856     0.41   0.684     .8571043    1.264931
2021-07-20T15:45:45.898243000Z 1.stroke_d~a |   1.096123   .1007224     1.00   0.318     .9154666    1.312429
2021-07-20T15:45:45.898659200Z 1.other_ne~o |   1.057231   .0966993     0.61   0.543     .8837211    1.264809
2021-07-20T15:45:45.898673100Z              |
2021-07-20T15:45:45.898678800Z reduced_ki~t |
2021-07-20T15:45:45.899145300Z Stage 3a/..  |   .9213949   .2038945    -0.37   0.711     .5971512    1.421698
2021-07-20T15:45:45.899524100Z       1.esrd |   .9771549   .0803843    -0.28   0.779     .8316499    1.148117
2021-07-20T15:45:45.899987200Z 1.other_tr~t |   1.041575   .0999351     0.42   0.671     .8630204    1.257072
2021-07-20T15:45:45.900452200Z   1.asplenia |   1.125423   .1010533     1.32   0.188      .943811    1.341981
2021-07-20T15:45:45.900861000Z 1.ra_sle_p~s |   .8564046   .0825622    -1.61   0.108     .7089546    1.034522
2021-07-20T15:45:45.902730400Z 1.other_im~o |   .7865916   .0723498    -2.61   0.009     .6568357    .9419803
2021-07-20T15:45:45.902745000Z ------------------------------------------------------------------------------
2021-07-20T15:45:45.903086200Z                                                              Stratified by stp
2021-07-20T15:45:45.914046000Z (note: file ./output/an_sense_covid_death_plus_eth_12mo_ageband_1W2.ster not fo
2021-07-20T15:45:45.914081300Z > und)
2021-07-20T15:45:45.914087300Z file ./output/an_sense_covid_death_plus_eth_12mo_ageband_1W2.ster saved
2021-07-20T15:45:45.916449100Z 
2021-07-20T15:45:45.916465100Z . 
2021-07-20T15:45:45.916468500Z . log close
2021-07-20T15:45:45.916471100Z       name:  <unnamed>
2021-07-20T15:45:45.916474000Z        log:  /workspace/log/07b_an_multivariable_cox_models_covid_death_W2.log
2021-07-20T15:45:45.916476800Z   log type:  text
2021-07-20T15:45:45.916479500Z  closed on:  20 Jul 2021, 15:45:45
2021-07-20T15:45:45.916482000Z -------------------------------------------------------------------------------
2021-07-20T15:45:45.916484600Z 
2021-07-20T15:45:45.916487000Z . exit, clear
2021-07-20T15:45:45.916489400Z 
2021-07-20T15:45:45.916491800Z end of do-file
2021-07-20T15:45:45.916494200Z 
2021-07-20T15:45:45.916496400Z . . file open output using "/tmp/tmp.7cbwoulyFV", write text replace
2021-07-20T15:45:45.916499300Z 
2021-07-20T15:45:45.916502100Z . . file write output "success" 
2021-07-20T15:45:45.916504900Z 
2021-07-20T15:45:45.916507300Z . . file close output
2021-07-20T15:45:45.916509800Z 
2021-07-20T15:45:45.916512100Z . 
2021-07-20T15:45:45.916514400Z end of do-file
2021-07-20T15:45:45.916516800Z 
2021-07-20T15:45:45.916519400Z 
2021-07-20T15:45:45.942268100Z . 

state: succeeded
commit: none
docker_image_id: sha256:11980aa720220a1b39bf523f5a8a33270214c13876c30ee364e16265766f7f60
exit_code: 0
job_id: wkip3qv4rhcgtehh
run_by_user: qc18278
created_at: 2021-07-20T15:38:48Z
started_at: 2021-07-20T15:44:59Z
completed_at: 2021-07-20T15:45:51Z

Completed successfully

outputs:
  log/07b_an_multivariable_cox_models_covid_death_W2.log                                           - moderately_sensitive
  output/an_multivariate_cox_models_covid_death_gp_number_kids_MAINFULLYADJMODEL_ageband_0W2.ster  - moderately_sensitive
  output/an_multivariate_cox_models_covid_death_gp_number_kids_MAINFULLYADJMODEL_ageband_1W2.ster  - moderately_sensitive
  output/an_multivariate_cox_models_covid_death_kids_cat4_MAINFULLYADJMODEL_ageband_0W2.ster       - moderately_sensitive
  output/an_multivariate_cox_models_covid_death_kids_cat4_MAINFULLYADJMODEL_ageband_1W2.ster       - moderately_sensitive
  output/an_sense_covid_death_plus_eth_12mo_ageband_0W2.ster                                       - moderately_sensitive
  output/an_sense_covid_death_plus_eth_12mo_ageband_1W2.ster                                       - moderately_sensitive