2021-07-20T15:45:14.545531000Z 
2021-07-20T15:45:14.545566900Z   ___  ____  ____  ____  ____ (R)
2021-07-20T15:45:14.545574500Z  /__    /   ____/   /   ____/
2021-07-20T15:45:14.545578900Z ___/   /   /___/   /   /___/   16.1   Copyright 1985-2019 StataCorp LLC
2021-07-20T15:45:14.545583100Z   Statistics/Data Analysis            StataCorp
2021-07-20T15:45:14.545586900Z                                       4905 Lakeway Drive
2021-07-20T15:45:14.545591300Z                                       College Station, Texas 77845 USA
2021-07-20T15:45:14.545595500Z                                       800-STATA-PC        http://www.stata.com
2021-07-20T15:45:14.545599700Z                                       979-696-4600        stata@stata.com
2021-07-20T15:45:14.545603800Z                                       979-696-4601 (fax)
2021-07-20T15:45:14.545607700Z 
2021-07-20T15:45:14.545611500Z 3-user Stata network license expires 11 May 2022:
2021-07-20T15:45:14.545615500Z        Serial number:  501709312237
2021-07-20T15:45:14.545619300Z          Licensed to:  The Bennett Institute
2021-07-20T15:45:14.545623500Z                        Oxford University
2021-07-20T15:45:14.546727100Z 
2021-07-20T15:45:14.546750900Z Notes:
2021-07-20T15:45:14.546757100Z       1.  Unicode is supported; see help unicode_advice.
2021-07-20T15:45:14.546762100Z 
2021-07-20T15:45:14.546766400Z . do "analysis/07b_an_multivariable_cox_models_FULL.wrapper.do" covid_tpp_prob 
2021-07-20T15:45:14.546771300Z > MAIN 
2021-07-20T15:45:14.546776200Z 
2021-07-20T15:45:14.546780200Z . . do "analysis/07b_an_multivariable_cox_models_FULL.do" covid_tpp_prob MAIN
2021-07-20T15:45:14.546784800Z 
2021-07-20T15:45:14.546788800Z . *****************************************************************************
2021-07-20T15:45:14.546793200Z > ***
2021-07-20T15:45:14.546797500Z . *
2021-07-20T15:45:14.546801500Z . *       Do-file:                07b_an_multivariable_cox_models.do
2021-07-20T15:45:14.546805700Z . *
2021-07-20T15:45:14.546810100Z . *       Project:                Exposure children and COVID risk
2021-07-20T15:45:14.546814400Z . *
2021-07-20T15:45:14.546818600Z . *       Programmed by:  Hforbes, based on files from Fizz & Krishnan
2021-07-20T15:45:14.546823300Z . *
2021-07-20T15:45:14.546827500Z . *       Data used:              analysis_dataset.dta
2021-07-20T15:45:14.546832000Z . *
2021-07-20T15:45:14.546880500Z . *       Data created:   None
2021-07-20T15:45:14.546886700Z . *
2021-07-20T15:45:14.546891800Z . *       Other output:   Log file:  an_multivariable_cox_models.log
2021-07-20T15:45:14.546896600Z . *
2021-07-20T15:45:14.546900600Z . *****************************************************************************
2021-07-20T15:45:14.546919600Z > ***
2021-07-20T15:45:14.546925500Z . *
2021-07-20T15:45:14.546929800Z . *       Purpose:                This do-file performs multivariable (fully ad
2021-07-20T15:45:14.546934300Z > justed) 
2021-07-20T15:45:14.546938900Z . *                                       Cox models. 
2021-07-20T15:45:14.546943800Z . *  
2021-07-20T15:45:14.546948300Z . *****************************************************************************
2021-07-20T15:45:14.546953000Z > ***
2021-07-20T15:45:14.546957500Z . *       
2021-07-20T15:45:14.546961800Z . *       Stata routines needed:  stbrier   
2021-07-20T15:45:14.546966700Z . *
2021-07-20T15:45:14.546971300Z . *****************************************************************************
2021-07-20T15:45:14.546976300Z > ***
2021-07-20T15:45:14.546980700Z . 
2021-07-20T15:45:14.546984500Z . * Set globals that will print in programs and direct output
2021-07-20T15:45:14.546988400Z . global outdir     "output" 
2021-07-20T15:45:14.546993200Z 
2021-07-20T15:45:14.546997900Z . global logdir     "log"
2021-07-20T15:45:14.547002700Z 
2021-07-20T15:45:14.547007200Z . global tempdir    "tempdata"
2021-07-20T15:45:14.547011900Z 
2021-07-20T15:45:14.547062300Z . global demogadjlist  age1 age2 age3 i.male i.obese4cat i.smoke_nomiss i.imd i
2021-07-20T15:45:14.547073600Z > .tot_adults_hh i.ethnicity
2021-07-20T15:45:14.547079300Z 
2021-07-20T15:45:14.547084000Z . global comordidadjlist  i.htdiag_or_highbp                              ///
2021-07-20T15:45:14.547088900Z >                         i.chronic_respiratory_disease   ///
2021-07-20T15:45:14.547093600Z >                         i.asthma                                             
2021-07-20T15:45:14.547098600Z >    ///
2021-07-20T15:45:14.547103200Z >                         i.chronic_cardiac_disease               ///
2021-07-20T15:45:14.547108000Z >                         i.diabcat                                            
2021-07-20T15:45:14.547112900Z >    ///
2021-07-20T15:45:14.547117100Z >                         i.cancer_exhaem_cat                             ///
2021-07-20T15:45:14.547121700Z >                         i.cancer_haem_cat                               ///
2021-07-20T15:45:14.547126500Z >                         i.chronic_liver_disease                 ///
2021-07-20T15:45:14.547131200Z >                         i.stroke_dementia                               ///
2021-07-20T15:45:14.547136500Z >                         i.other_neuro                                   ///
2021-07-20T15:45:14.547141400Z >                         i.reduced_kidney_function_cat   ///
2021-07-20T15:45:14.547155400Z >                         i.esrd                                               
2021-07-20T15:45:14.547161300Z >    ///
2021-07-20T15:45:14.547165700Z >                         i.other_transplant                              ///
2021-07-20T15:45:14.547172100Z >                         i.asplenia                                           
2021-07-20T15:45:14.547176900Z >    ///
2021-07-20T15:45:14.547181700Z >                         i.ra_sle_psoriasis                      ///
2021-07-20T15:45:14.547187000Z >                         i.other_immuno          
2021-07-20T15:45:14.547191800Z 
2021-07-20T15:45:14.547196500Z . 
2021-07-20T15:45:14.547201300Z . local outcome `1'
2021-07-20T15:45:14.547205900Z 
2021-07-20T15:45:14.547210200Z . local dataset `2'
2021-07-20T15:45:14.547214500Z 
2021-07-20T15:45:14.547219000Z . 
2021-07-20T15:45:14.547223700Z . *****************************************************************************
2021-07-20T15:45:14.547228700Z > *******
2021-07-20T15:45:14.547233500Z . *First clean up all old saved estimates for this outcome
2021-07-20T15:45:14.547238800Z . *This is to guard against accidentally displaying left-behind results from ol
2021-07-20T15:45:14.547243900Z > d runs
2021-07-20T15:45:14.547248500Z . *****************************************************************************
2021-07-20T15:45:14.547253300Z > *******
2021-07-20T15:45:14.547257700Z . 
2021-07-20T15:45:14.547262600Z . * Open a log file
2021-07-20T15:45:14.547267400Z . capture log close
2021-07-20T15:45:14.547272000Z 
2021-07-20T15:45:14.547276800Z . log using "$logdir/07b_an_multivariable_cox_models_`outcome'_`dataset'", text
2021-07-20T15:45:14.547281800Z >  replace
2021-07-20T15:45:14.547334800Z (note: file /workspace/log/07b_an_multivariable_cox_models_covid_tpp_prob_MAIN.
2021-07-20T15:45:14.547346000Z > log not found)
2021-07-20T15:45:14.547351800Z -------------------------------------------------------------------------------
2021-07-20T15:45:14.547356900Z       name:  <unnamed>
2021-07-20T15:45:14.547361600Z        log:  /workspace/log/07b_an_multivariable_cox_models_covid_tpp_prob_MAIN
2021-07-20T15:45:14.547366300Z > .log
2021-07-20T15:45:14.547389000Z   log type:  text
2021-07-20T15:45:14.547436500Z  opened on:  20 Jul 2021, 15:45:14
2021-07-20T15:45:14.547443000Z 
2021-07-20T15:45:14.547447900Z . 
2021-07-20T15:45:14.547452400Z . 
2021-07-20T15:45:14.547456700Z . *****************************************************************************
2021-07-20T15:45:14.547469400Z > ********
2021-07-20T15:45:14.547474700Z . *PROG TO DEFINE THE BASIC COX MODEL WITH OPTIONS FOR HANDLING OF AGE, BMI, ET
2021-07-20T15:45:14.547479800Z > HNICITY:
2021-07-20T15:45:14.547484700Z . cap prog drop basecoxmodel
2021-07-20T15:45:14.547489800Z 
2021-07-20T15:45:14.547494700Z . prog define basecoxmodel
2021-07-20T15:45:14.547499500Z   1.         syntax , exposure(string) age(string) 
2021-07-20T15:45:14.547504400Z   2. 
2021-07-20T15:45:14.547509300Z . timer clear
2021-07-20T15:45:14.547514000Z   3. timer on 1
2021-07-20T15:45:14.547531200Z   4.         capture stcox   `exposure'                              ///
2021-07-20T15:45:14.547538300Z >                         $demogadjlist                                   ///
2021-07-20T15:45:14.547543600Z >                         $comordidadjlist                                ///
2021-07-20T15:45:14.547548500Z >                         `if'                                                 
2021-07-20T15:45:14.547553900Z >    ///
2021-07-20T15:45:14.547558600Z >                         , strata(stp) vce(cluster household_id)
2021-07-20T15:45:14.547563500Z   5. timer off 1
2021-07-20T15:45:14.547568100Z   6. timer list
2021-07-20T15:45:14.547572200Z   7. end
2021-07-20T15:45:14.547576200Z 
2021-07-20T15:45:14.547580400Z . *****************************************************************************
2021-07-20T15:45:14.547585100Z > ********
2021-07-20T15:45:14.547589800Z . 
2021-07-20T15:45:14.547594500Z . 
2021-07-20T15:45:14.547607500Z . * Open dataset and fit specified model(s)
2021-07-20T15:45:14.547613400Z . forvalues x=0/1 {
2021-07-20T15:45:14.547617800Z   2. 
2021-07-20T15:45:14.547622300Z . use "$tempdir/cr_create_analysis_dataset_STSET_`outcome'_ageband_`x'`dataset'
2021-07-20T15:45:14.547627300Z > .dta", clear
2021-07-20T15:45:14.547632200Z   3. 
2021-07-20T15:45:14.547636700Z . ******************************
2021-07-20T15:45:14.547667700Z . *  Multivariable Cox models  *
2021-07-20T15:45:14.547674500Z . ******************************
2021-07-20T15:45:14.547679800Z . 
2021-07-20T15:45:14.547684700Z . 
2021-07-20T15:45:14.547689500Z . 
2021-07-20T15:45:14.547695500Z . foreach exposure_type in kids_cat4  {
2021-07-20T15:45:14.547700100Z   4. 
2021-07-20T15:45:14.547734700Z . *Age spline model (not adj ethnicity)
2021-07-20T15:45:14.547744900Z . cap erase "./output/an_multivariate_cox_models_`outcome'_`exposure_type'_MAIN
2021-07-20T15:45:14.547750100Z > FULLYADJMODEL_ageband_`x'`dataset'"
2021-07-20T15:45:14.547762100Z   5. basecoxmodel, exposure("i.`exposure_type'") age("age1 age2 age3") 
2021-07-20T15:45:14.547766900Z   6. if _rc==0{
2021-07-20T15:45:14.547770800Z   7. estimates
2021-07-20T15:45:14.547796700Z   8. estimates save "./output/an_multivariate_cox_models_`outcome'_`exposure_ty
2021-07-20T15:45:14.547803500Z > pe'_MAINFULLYADJMODEL_ageband_`x'`dataset'", replace
2021-07-20T15:45:14.547808300Z   9.         *  Proportional Hazards test 
2021-07-20T15:45:14.547813100Z .         * Based on Schoenfeld residuals
2021-07-20T15:45:14.547817700Z .         timer clear 
2021-07-20T15:45:14.547822100Z  10.         timer on 1
2021-07-20T15:45:14.547826800Z  11.         if e(N_fail)>0 estat phtest, d
2021-07-20T15:45:14.547844600Z  12.         timer off 1
2021-07-20T15:45:14.547850500Z  13.         timer list 
2021-07-20T15:45:14.547855300Z  14.         
2021-07-20T15:45:14.547860200Z . }
2021-07-20T15:45:14.547865300Z  15. else di "WARNING AGE SPLINE MODEL DID NOT FIT (OUTCOME `outcome')"
2021-07-20T15:45:14.547870800Z  16. 
2021-07-20T15:45:14.548039500Z . }
2021-07-20T15:45:14.548052700Z  17. 
2021-07-20T15:45:14.548057300Z . foreach exposure_type in  gp_number_kids {
2021-07-20T15:45:14.548061600Z  18. *Age spline model (not adj ethnicity)
2021-07-20T15:45:14.548065600Z . cap erase "./output/an_multivariate_cox_models_`outcome'_`exposure_type'_MAIN
2021-07-20T15:45:14.548070300Z > FULLYADJMODEL_ageband_`x'`dataset'"
2021-07-20T15:45:14.548074800Z  19. basecoxmodel, exposure("i.`exposure_type'") age("age1 age2 age3") 
2021-07-20T15:45:14.548079400Z  20. if _rc==0{
2021-07-20T15:45:14.548136800Z  21. estimates
2021-07-20T15:45:14.548147500Z  22. estimates save "./output/an_multivariate_cox_models_`outcome'_`exposure_ty
2021-07-20T15:45:14.548152600Z > pe'_MAINFULLYADJMODEL_ageband_`x'`dataset'", replace
2021-07-20T15:45:14.548280400Z  23. }
2021-07-20T15:45:14.548294900Z  24. else di "WARNING AGE SPLINE MODEL DID NOT FIT (OUTCOME `outcome')"
2021-07-20T15:45:14.548300300Z  25. 
2021-07-20T15:45:14.548432800Z . }
2021-07-20T15:45:14.548444900Z  26. 
2021-07-20T15:45:14.548449200Z . 
2021-07-20T15:45:14.548453400Z . *SENSITIVITY ANALYSIS: 12 months FUP
2021-07-20T15:45:14.548457500Z . keep if has_12_m_follow_up == 1
2021-07-20T15:45:14.548647700Z  27. foreach exposure_type in kids_cat4   {
2021-07-20T15:45:14.548660900Z  28. 
2021-07-20T15:45:14.548666200Z . *Age spline model (not adj ethnicity)
2021-07-20T15:45:14.548670500Z . cap erase ./output/an_sense_`outcome'_plus_eth_12mo_ageband_`x'`dataset'
2021-07-20T15:45:14.548682900Z  29. basecoxmodel, exposure("i.`exposure_type'") age("age1 age2 age3")  
2021-07-20T15:45:14.548688300Z  30. if _rc==0{
2021-07-20T15:45:14.548692100Z  31. estimates
2021-07-20T15:45:14.548695900Z  32. estimates save ./output/an_sense_`outcome'_plus_eth_12mo_ageband_`x'`datas
2021-07-20T15:45:14.548700400Z > et', replace
2021-07-20T15:45:14.548792000Z  33. *estat concordance /*c-statistic*/
2021-07-20T15:45:14.548806800Z . }
2021-07-20T15:45:14.548812600Z  34. else di "WARNING 12 MO FUP MODEL W/ AGE SPLINE  DID NOT FIT (OUTCOME `outc
2021-07-20T15:45:14.548817600Z > ome')"
2021-07-20T15:45:14.548822400Z  35. }       
2021-07-20T15:45:14.548827000Z  36. }
2021-07-20T15:45:28.996492300Z    1:     14.44 /        1 =      14.4410
2021-07-20T15:45:29.000173300Z 
2021-07-20T15:45:29.000241300Z -------------------------------------------------------------------------------
2021-07-20T15:45:29.000251300Z active results
2021-07-20T15:45:29.000256300Z -------------------------------------------------------------------------------
2021-07-20T15:45:29.002910200Z 
2021-07-20T15:45:29.002925600Z Stratified Cox regr. -- Breslow method for ties
2021-07-20T15:45:29.003096000Z 
2021-07-20T15:45:29.003115300Z No. of subjects      =       16,206             Number of obs    =      16,206
2021-07-20T15:45:29.003122400Z No. of failures      =        6,075
2021-07-20T15:45:29.003127900Z Time at risk         =      2393093
2021-07-20T15:45:29.003233400Z                                                 Wald chi2(42)    =       44.02
2021-07-20T15:45:29.003249800Z Log pseudolikelihood =   -42753.734             Prob > chi2      =      0.3860
2021-07-20T15:45:29.003257200Z 
2021-07-20T15:45:29.074537400Z                        (Std. Err. adjusted for 1,106 clusters in household_id)
2021-07-20T15:45:29.074599200Z ------------------------------------------------------------------------------
2021-07-20T15:45:29.074610100Z              |               Robust
2021-07-20T15:45:29.074615800Z           _t | Haz. Ratio   Std. Err.      z    P>|z|     [95% Conf. Interval]
2021-07-20T15:45:29.074621400Z -------------+----------------------------------------------------------------
2021-07-20T15:45:29.075434700Z    kids_cat4 |
2021-07-20T15:45:29.087524700Z only <12 ..  |   1.108641   .1009032     1.13   0.257     .9275101    1.325145
2021-07-20T15:45:29.087824600Z  only 12-18  |   1.215059    .138181     1.71   0.087     .9722895    1.518445
2021-07-20T15:45:29.088091600Z       mixed  |   1.106761   .0928658     1.21   0.227     .9389262    1.304597
2021-07-20T15:45:29.088110400Z              |
2021-07-20T15:45:29.088436900Z         age1 |   .9925178    .004655    -1.60   0.109      .983436    1.001683
2021-07-20T15:45:29.088730100Z         age2 |   1.015036   .0148115     1.02   0.306     .9864174    1.044485
2021-07-20T15:45:29.089048200Z         age3 |   .9712252   .0398584    -0.71   0.477     .8961634    1.052574
2021-07-20T15:45:29.089443800Z       1.male |    1.01755   .0269677     0.66   0.512     .9660437    1.071803
2021-07-20T15:45:29.089457400Z              |
2021-07-20T15:45:29.089462600Z    obese4cat |
2021-07-20T15:45:29.089784000Z Obese I ..)  |   1.037761   .0370032     1.04   0.299     .9677118     1.11288
2021-07-20T15:45:29.090015600Z Obese II..)  |   .9538645   .0476761    -0.95   0.345     .8648521    1.052038
2021-07-20T15:45:29.090407200Z Obese II..)  |   1.013296   .0598338     0.22   0.823     .9025552    1.137623
2021-07-20T15:45:29.090418200Z              |
2021-07-20T15:45:29.090422700Z smoke_nomiss |
2021-07-20T15:45:29.090745200Z      Former  |   1.200034   .1076863     2.03   0.042     1.006492    1.430794
2021-07-20T15:45:29.091172900Z     Current  |   1.025715   .0396242     0.66   0.511     .9509206    1.106393
2021-07-20T15:45:29.091186700Z              |
2021-07-20T15:45:29.091191600Z          imd |
2021-07-20T15:45:29.091553900Z           4  |   1.064058   .0325914     2.03   0.043      1.00206    1.129893
2021-07-20T15:45:29.091900000Z 5 most de..  |   1.003276   .0434176     0.08   0.940     .9216883    1.092086
2021-07-20T15:45:29.091911300Z              |
2021-07-20T15:45:29.091915700Z tot_adults~h |
2021-07-20T15:45:29.092207400Z           2  |   1.320114   .2978063     1.23   0.218     .8483749    2.054164
2021-07-20T15:45:29.092616200Z           3  |    .912912   .1720031    -0.48   0.629     .6310341    1.320703
2021-07-20T15:45:29.092631100Z              |
2021-07-20T15:45:29.092636700Z    ethnicity |
2021-07-20T15:45:29.092884200Z Asian or ..  |   1.035305   .0460977     0.78   0.436     .9487855    1.129715
2021-07-20T15:45:29.093346600Z       Other  |   .9903757   .0420964    -0.23   0.820     .9112116    1.076417
2021-07-20T15:45:29.093359800Z              |
2021-07-20T15:45:29.093811000Z 1.htdiag_o~p |   .9433956   .0478778    -1.15   0.251     .8540729     1.04206
2021-07-20T15:45:29.094203000Z 1.~y_disease |   1.042172   .0345182     1.25   0.212      .976667    1.112071
2021-07-20T15:45:29.094628000Z     1.asthma |     .98195   .0456601    -0.39   0.695     .8964147    1.075647
2021-07-20T15:45:29.094968300Z 1.~c_disease |   .9720466   .0314898    -0.88   0.381     .9122463    1.035767
2021-07-20T15:45:29.094978000Z              |
2021-07-20T15:45:29.094981200Z      diabcat |
2021-07-20T15:45:29.095355000Z T1DM, con..  |   1.153508   .0849738     1.94   0.053     .9984272    1.332677
2021-07-20T15:45:29.095648400Z T1DM, unc..  |   .8875305   .1605287    -0.66   0.509     .6226234    1.265148
2021-07-20T15:45:29.095958700Z T2DM, con..  |   1.013355   .0328524     0.41   0.682     .9509686    1.079834
2021-07-20T15:45:29.096254300Z T2DM, unc..  |   .9677962   .0696188    -0.46   0.649     .8405285    1.114334
2021-07-20T15:45:29.096633900Z Diabetes,..  |   .9602573   .5048203    -0.08   0.939     .3426884    2.690765
2021-07-20T15:45:29.096649300Z              |
2021-07-20T15:45:29.096655600Z cancer_exh~t |
2021-07-20T15:45:29.096953200Z   Last year  |    .799874   .1688884    -1.06   0.290     .5288051    1.209894
2021-07-20T15:45:29.097292300Z 2-5 years..  |   .8445599   .0943323    -1.51   0.130       .67851    1.051247
2021-07-20T15:45:29.097794000Z    5+ years  |    1.01012   .0323974     0.31   0.754     .9485765    1.075656
2021-07-20T15:45:29.097808700Z              |
2021-07-20T15:45:29.097815100Z cancer_hae~t |
2021-07-20T15:45:29.098260200Z   Last year  |   1.073118   .1846755     0.41   0.682     .7658822    1.503602
2021-07-20T15:45:29.098547300Z 2-5 years..  |   .9273028   .1003141    -0.70   0.485      .750136    1.146313
2021-07-20T15:45:29.098965900Z    5+ years  |   .9942408   .0333172    -0.17   0.863     .9310385    1.061734
2021-07-20T15:45:29.098979800Z              |
2021-07-20T15:45:29.099429900Z 1.~r_disease |   .9807981   .0322409    -0.59   0.555     .9195997    1.046069
2021-07-20T15:45:29.099838500Z 1.stroke_d~a |   1.010496   .0313605     0.34   0.737     .9508629     1.07387
2021-07-20T15:45:29.100254200Z 1.other_ne~o |   .9994353   .0316942    -0.02   0.986      .939207    1.063526
2021-07-20T15:45:29.100267800Z              |
2021-07-20T15:45:29.100273300Z reduced_ki~t |
2021-07-20T15:45:29.100727500Z Stage 3a/..  |   .9184795   .1786304    -0.44   0.662     .6273698    1.344669
2021-07-20T15:45:29.101095600Z       1.esrd |   1.032267   .0271752     1.21   0.228     .9803555    1.086928
2021-07-20T15:45:29.101517200Z 1.other_tr~t |   .9820894   .0323457    -0.55   0.583     .9206959    1.047577
2021-07-20T15:45:29.101982600Z   1.asplenia |   .9830648   .0310472    -0.54   0.589     .9240585    1.045839
2021-07-20T15:45:29.102367600Z 1.ra_sle_p~s |   .9757393   .0313054    -0.77   0.444     .9162712    1.039067
2021-07-20T15:45:29.112553900Z 1.other_im~o |   .9939614   .0267179    -0.23   0.822     .9429508    1.047731
2021-07-20T15:45:29.112577100Z ------------------------------------------------------------------------------
2021-07-20T15:45:29.112914100Z                                                              Stratified by stp
2021-07-20T15:45:29.144874600Z (note: file ./output/an_multivariate_cox_models_covid_tpp_prob_kids_cat4_MAINFU
2021-07-20T15:45:29.144906100Z > LLYADJMODEL_ageband_0MAIN.ster not found)
2021-07-20T15:45:29.144912800Z file ./output/an_multivariate_cox_models_covid_tpp_prob_kids_cat4_MAINFULLYADJM
2021-07-20T15:45:29.144918600Z > ODEL_ageband_0MAIN.ster saved
2021-07-20T15:45:53.557293200Z 
2021-07-20T15:45:53.557319300Z       Test of proportional-hazards assumption
2021-07-20T15:45:53.557331000Z 
2021-07-20T15:45:53.557333900Z       Time:  Time
2021-07-20T15:45:53.557336400Z       ----------------------------------------------------------------
2021-07-20T15:45:53.557338900Z                   |       rho            chi2       df       Prob>chi2
2021-07-20T15:45:53.557341900Z       ------------+---------------------------------------------------
2021-07-20T15:45:53.582137400Z       0b.kids_cat4|            .            .        1             .
2021-07-20T15:45:53.591815100Z       1.kids_cat4 |     -0.00676         0.26        1         0.6114
2021-07-20T15:45:53.600770200Z       2.kids_cat4 |     -0.01670         1.58        1         0.2093
2021-07-20T15:45:53.606869700Z       3.kids_cat4 |     -0.01103         0.68        1         0.4097
2021-07-20T15:45:53.614551900Z       age1        |      0.01841         2.19        1         0.1392
2021-07-20T15:45:53.621533900Z       age2        |     -0.01942         2.46        1         0.1171
2021-07-20T15:45:53.630805900Z       age3        |      0.01847         2.27        1         0.1316
2021-07-20T15:45:53.642861100Z       0b.male     |            .            .        1             .
2021-07-20T15:45:53.652249700Z       1.male      |     -0.00145         0.01        1         0.9059
2021-07-20T15:45:53.660867200Z       1b.obese4cat|            .            .        1             .
2021-07-20T15:45:53.669235400Z       2.obese4cat |      0.01196         0.89        1         0.3464
2021-07-20T15:45:53.677363300Z       3.obese4cat |     -0.00087         0.01        1         0.9416
2021-07-20T15:45:53.688562800Z       4.obese4cat |     -0.00387         0.10        1         0.7466
2021-07-20T15:45:53.699287400Z       1b.smoke_n~s|            .            .        1             .
2021-07-20T15:45:53.708185800Z       2.smoke_no~s|      0.00287         0.06        1         0.8134
2021-07-20T15:45:53.715444800Z       3.smoke_no~s|      0.02024         2.56        1         0.1095
2021-07-20T15:45:53.726636400Z       1b.imd      |            .            .        1             .
2021-07-20T15:45:53.736140000Z       4.imd       |     -0.00489         0.15        1         0.6991
2021-07-20T15:45:53.745092900Z       5.imd       |      0.02296         3.31        1         0.0687
2021-07-20T15:45:53.752721900Z       1b.tot_adu~h|            .            .        1             .
2021-07-20T15:45:53.764068400Z       2.tot_adul~h|      0.01647         1.71        1         0.1914
2021-07-20T15:45:53.776211400Z       3.tot_adul~h|      0.01858         2.18        1         0.1396
2021-07-20T15:45:53.787729900Z       1b.ethnicity|            .            .        1             .
2021-07-20T15:45:53.797413100Z       3.ethnicity |     -0.02987         6.15        1         0.0131
2021-07-20T15:45:53.808854100Z       5.ethnicity |     -0.00503         0.16        1         0.6884
2021-07-20T15:45:53.819618500Z       0b.htdiag_~p|            .            .        1             .
2021-07-20T15:45:53.831042200Z       1.htdiag_o~p|      0.03398         8.33        1         0.0039
2021-07-20T15:45:53.847691600Z       0b.chronic..|            .            .        1             .
2021-07-20T15:45:53.856406000Z       1.~y_disease|     -0.02153         3.14        1         0.0766
2021-07-20T15:45:53.864171700Z       0b.asthma   |            .            .        1             .
2021-07-20T15:45:53.870477200Z       1.asthma    |      0.02099         2.70        1         0.1002
2021-07-20T15:45:53.878800500Z       0b.chronic..|            .            .        1             .
2021-07-20T15:45:53.889716800Z       1.~c_disease|     -0.01720         1.99        1         0.1583
2021-07-20T15:45:53.897666400Z       1b.diabcat  |            .            .        1             .
2021-07-20T15:45:53.906598900Z       2.diabcat   |      0.00970         0.56        1         0.4528
2021-07-20T15:45:53.916497600Z       3.diabcat   |     -0.00861         0.47        1         0.4925
2021-07-20T15:45:53.929206400Z       4.diabcat   |     -0.00441         0.11        1         0.7393
2021-07-20T15:45:53.943032900Z       5.diabcat   |      0.01429         1.33        1         0.2483
2021-07-20T15:45:53.952151900Z       6.diabcat   |     -0.01350         1.29        1         0.2563
2021-07-20T15:45:53.959956400Z       1b.c~exhae~t|            .            .        1             .
2021-07-20T15:45:53.970822900Z       2.cancer_e~t|      0.00024         0.00        1         0.9846
2021-07-20T15:45:53.978775800Z       3.cancer_e~t|     -0.01586         1.71        1         0.1904
2021-07-20T15:45:53.988536500Z       4.cancer_e~t|      0.00654         0.26        1         0.6130
2021-07-20T15:45:54.001428300Z       1b.cancer_..|            .            .        1             .
2021-07-20T15:45:54.010329900Z       2.cancer_h~t|      0.01810         1.97        1         0.1602
2021-07-20T15:45:54.020575700Z       3.cancer_h~t|      0.02466         4.09        1         0.0432
2021-07-20T15:45:54.032995700Z       4.cancer_h~t|     -0.01672         1.82        1         0.1778
2021-07-20T15:45:54.043176400Z       0b.chronic..|            .            .        1             .
2021-07-20T15:45:54.054720500Z       1.~r_disease|      0.00839         0.47        1         0.4927
2021-07-20T15:45:54.063208500Z       0b.stroke_~a|            .            .        1             .
2021-07-20T15:45:54.071883600Z       1.stroke_d~a|     -0.01988         2.42        1         0.1201
2021-07-20T15:45:54.078941400Z       0b.other_n~o|            .            .        1             .
2021-07-20T15:45:54.084629000Z       1.other_ne~o|     -0.01198         0.89        1         0.3442
2021-07-20T15:45:54.090204900Z       1b.reduced~t|            .            .        1             .
2021-07-20T15:45:54.096069300Z       2.reduced_~t|      0.01913         2.03        1         0.1541
2021-07-20T15:45:54.102609500Z       0b.esrd     |            .            .        1             .
2021-07-20T15:45:54.111648200Z       1.esrd      |     -0.00122         0.01        1         0.9230
2021-07-20T15:45:54.121711800Z       0b.other_t~t|            .            .        1             .
2021-07-20T15:45:54.129921400Z       1.other_tr~t|     -0.02078         2.96        1         0.0852
2021-07-20T15:45:54.136300500Z       0b.asplenia |            .            .        1             .
2021-07-20T15:45:54.148993500Z       1.asplenia  |      0.01868         2.13        1         0.1440
2021-07-20T15:45:54.156650700Z       0b.ra_sle_~s|            .            .        1             .
2021-07-20T15:45:54.162551400Z       1.ra_sle_p~s|     -0.02004         2.56        1         0.1095
2021-07-20T15:45:54.171549100Z       0b.other_i~o|            .            .        1             .
2021-07-20T15:45:54.181063300Z       1.other_im~o|     -0.01009         0.66        1         0.4179
2021-07-20T15:45:54.181729300Z       ------------+---------------------------------------------------
2021-07-20T15:45:54.358256100Z       global test |                     61.68       42         0.0255
2021-07-20T15:45:54.358274500Z       ----------------------------------------------------------------
2021-07-20T15:45:54.358278000Z 
2021-07-20T15:45:54.358280500Z note: robust variance-covariance matrix used.
2021-07-20T15:45:54.364367200Z    1:     25.22 /        1 =      25.2170
2021-07-20T15:45:55.723180200Z    1:      1.36 /        1 =       1.3610
2021-07-20T15:45:55.723206800Z 
2021-07-20T15:45:55.723212300Z -------------------------------------------------------------------------------
2021-07-20T15:45:55.723216900Z active results
2021-07-20T15:45:55.723221000Z -------------------------------------------------------------------------------
2021-07-20T15:45:55.724650600Z 
2021-07-20T15:45:55.724665400Z Stratified Cox regr. -- Breslow method for ties
2021-07-20T15:45:55.724670900Z 
2021-07-20T15:45:55.724673700Z No. of subjects      =        1,546             Number of obs    =       1,546
2021-07-20T15:45:55.724676500Z No. of failures      =          582
2021-07-20T15:45:55.724679100Z Time at risk         =       227963
2021-07-20T15:45:55.724808700Z                                                 Wald chi2(42)    =     5202.74
2021-07-20T15:45:55.724823600Z Log pseudolikelihood =   -2703.0727             Prob > chi2      =      0.0000
2021-07-20T15:45:55.724829500Z 
2021-07-20T15:45:55.735247700Z                          (Std. Err. adjusted for 179 clusters in household_id)
2021-07-20T15:45:55.735272500Z ------------------------------------------------------------------------------
2021-07-20T15:45:55.735279100Z              |               Robust
2021-07-20T15:45:55.735310400Z           _t | Haz. Ratio   Std. Err.      z    P>|z|     [95% Conf. Interval]
2021-07-20T15:45:55.735326300Z -------------+----------------------------------------------------------------
2021-07-20T15:45:55.735329100Z gp_number_~s |
2021-07-20T15:45:55.735408300Z 2 childre..  |   1.071112   .1227528     0.60   0.549     .8556266    1.340865
2021-07-20T15:45:55.735744600Z 3 childre..  |   .8994946   .1365514    -0.70   0.485     .6680032    1.211208
2021-07-20T15:45:55.735980500Z 4+ childr..  |   1.114802   .1111686     1.09   0.276     .9168861    1.355439
2021-07-20T15:45:55.735999900Z              |
2021-07-20T15:45:55.736375700Z         age1 |   1.000407   .0172178     0.02   0.981     .9672237    1.034729
2021-07-20T15:45:55.736401100Z         age2 |   1.019268   .0518101     0.38   0.707     .9226166    1.126044
2021-07-20T15:45:55.736785600Z         age3 |   .9309247   .1285168    -0.52   0.604     .7102379    1.220184
2021-07-20T15:45:55.737041800Z       1.male |   .9318205   .0811825    -0.81   0.418     .7855493    1.105328
2021-07-20T15:45:55.737053800Z              |
2021-07-20T15:45:55.737057000Z    obese4cat |
2021-07-20T15:45:55.737378600Z Obese I ..)  |   1.439918   .1560294     3.36   0.001     1.164399    1.780631
2021-07-20T15:45:55.737389700Z Obese II..)  |   1.150027   .1997105     0.80   0.421     .8182589    1.616313
2021-07-20T15:45:55.737792400Z Obese II..)  |   .9741251   .2163277    -0.12   0.906     .6303549    1.505374
2021-07-20T15:45:55.737803400Z              |
2021-07-20T15:45:55.737807400Z smoke_nomiss |
2021-07-20T15:45:55.738029500Z      Former  |   .8830495   .2633429    -0.42   0.677      .492198    1.584274
2021-07-20T15:45:55.738294900Z     Current  |     .90629   .1296815    -0.69   0.492     .6846495    1.199682
2021-07-20T15:45:55.738305800Z              |
2021-07-20T15:45:55.738310400Z          imd |
2021-07-20T15:45:55.738586000Z           4  |   .9658232   .0979223    -0.34   0.732     .7917654    1.178145
2021-07-20T15:45:55.738884700Z 5 most de..  |   1.059554   .1368814     0.45   0.654     .8225425     1.36486
2021-07-20T15:45:55.738897200Z              |
2021-07-20T15:45:55.738900400Z tot_adults~h |
2021-07-20T15:45:55.739149300Z           2  |   5.912602   4.833868     2.17   0.030     1.190902    29.35495
2021-07-20T15:45:55.739510300Z           3  |   2.737091   2.130162     1.29   0.196     .5954358    12.58182
2021-07-20T15:45:55.739523200Z              |
2021-07-20T15:45:55.739528100Z    ethnicity |
2021-07-20T15:45:55.739786800Z Asian or ..  |   .8070306   .1268311    -1.36   0.173     .5930852    1.098153
2021-07-20T15:45:55.740108000Z       Other  |   .9199675   .1255965    -0.61   0.541     .7039862    1.202211
2021-07-20T15:45:55.740132500Z              |
2021-07-20T15:45:55.740363700Z 1.htdiag_o~p |   1.056048   .1773835     0.32   0.745     .7598153    1.467774
2021-07-20T15:45:55.740616600Z 1.~y_disease |   1.044378   .1097161     0.41   0.679     .8500326    1.283157
2021-07-20T15:45:55.740969300Z     1.asthma |   .9255011   .1337821    -0.54   0.592     .6971639    1.228624
2021-07-20T15:45:55.741112500Z 1.~c_disease |     .93744   .1039396    -0.58   0.560     .7543374    1.164988
2021-07-20T15:45:55.741136900Z              |
2021-07-20T15:45:55.741144400Z      diabcat |
2021-07-20T15:45:55.741443700Z T1DM, con..  |   1.320005   .3607259     1.02   0.310     .7726137    2.255219
2021-07-20T15:45:55.741729900Z T1DM, unc..  |   .4405928   .2392195    -1.51   0.131     .1520122    1.277017
2021-07-20T15:45:55.741910700Z T2DM, con..  |   1.122665   .1216339     1.07   0.286      .907878    1.388265
2021-07-20T15:45:55.742217000Z T2DM, unc..  |   .9741414   .2092958    -0.12   0.903      .639352    1.484239
2021-07-20T15:45:55.742441800Z Diabetes,..  |   6.973662   6.229541     2.17   0.030     1.210839    40.16385
2021-07-20T15:45:55.742454700Z              |
2021-07-20T15:45:55.742459000Z cancer_exh~t |
2021-07-20T15:45:55.742689100Z   Last year  |   .6069572   .4498508    -0.67   0.501     .1419985    2.594373
2021-07-20T15:45:55.742918300Z 2-5 years..  |   .6339185   .2733891    -1.06   0.291     .2722306    1.476148
2021-07-20T15:45:55.743264200Z    5+ years  |   .9757494   .1023288    -0.23   0.815     .7944583     1.19841
2021-07-20T15:45:55.743276800Z              |
2021-07-20T15:45:55.743282100Z cancer_hae~t |
2021-07-20T15:45:55.743680900Z   Last year  |   2.86e-15   1.65e-15   -58.03   0.000     9.23e-16    8.86e-15
2021-07-20T15:45:55.743696000Z 2-5 years..  |   .6531575    .228438    -1.22   0.223     .3290903    1.296345
2021-07-20T15:45:55.744126500Z    5+ years  |   1.011518   .0990529     0.12   0.907      .834872     1.22554
2021-07-20T15:45:55.744137900Z              |
2021-07-20T15:45:55.744348100Z 1.~r_disease |    .842648   .1072412    -1.35   0.179     .6566235    1.081374
2021-07-20T15:45:55.744635000Z 1.stroke_d~a |   1.074696   .1136457     0.68   0.496     .8735224    1.322201
2021-07-20T15:45:55.744948200Z 1.other_ne~o |   .9794769   .0954787    -0.21   0.832     .8091326    1.185683
2021-07-20T15:45:55.744959800Z              |
2021-07-20T15:45:55.744963900Z reduced_ki~t |
2021-07-20T15:45:55.745408700Z Stage 3a/..  |   1.486896   .5950668     0.99   0.322     .6786147      3.2579
2021-07-20T15:45:55.745615700Z       1.esrd |   1.085736   .0935623     0.95   0.340     .9170071    1.285511
2021-07-20T15:45:55.745908200Z 1.other_tr~t |   1.042393   .1045619     0.41   0.679     .8563433    1.268864
2021-07-20T15:45:55.746206000Z   1.asplenia |   .8967804   .1099019    -0.89   0.374     .7052936    1.140256
2021-07-20T15:45:55.746553500Z 1.ra_sle_p~s |   .9042465   .0966736    -0.94   0.346     .7333044    1.115037
2021-07-20T15:45:55.747682600Z 1.other_im~o |   .9493547   .0800675    -0.62   0.538     .8047096        1.12
2021-07-20T15:45:55.747701900Z ------------------------------------------------------------------------------
2021-07-20T15:45:55.747853700Z                                                              Stratified by stp
2021-07-20T15:45:55.755369600Z (note: file ./output/an_multivariate_cox_models_covid_tpp_prob_gp_number_kids_M
2021-07-20T15:45:55.755439400Z > AINFULLYADJMODEL_ageband_0MAIN.ster not found)
2021-07-20T15:45:55.755447700Z file ./output/an_multivariate_cox_models_covid_tpp_prob_gp_number_kids_MAINFULL
2021-07-20T15:45:55.755452500Z > YADJMODEL_ageband_0MAIN.ster saved
2021-07-20T15:45:55.764752400Z (804 observations deleted)
2021-07-20T15:46:06.831608700Z    1:     11.07 /        1 =      11.0690
2021-07-20T15:46:06.831634900Z 
2021-07-20T15:46:06.831641400Z -------------------------------------------------------------------------------
2021-07-20T15:46:06.831646600Z active results
2021-07-20T15:46:06.831651200Z -------------------------------------------------------------------------------
2021-07-20T15:46:06.833341200Z 
2021-07-20T15:46:06.833363600Z Stratified Cox regr. -- Breslow method for ties
2021-07-20T15:46:06.833486900Z 
2021-07-20T15:46:06.833503600Z No. of subjects      =       15,402             Number of obs    =      15,402
2021-07-20T15:46:06.833509100Z No. of failures      =        5,789
2021-07-20T15:46:06.833585900Z Time at risk         =      2272572
2021-07-20T15:46:06.833853200Z                                                 Wald chi2(42)    =       48.40
2021-07-20T15:46:06.833870100Z Log pseudolikelihood =   -40445.598             Prob > chi2      =      0.2304
2021-07-20T15:46:06.833876300Z 
2021-07-20T15:46:06.849384200Z                        (Std. Err. adjusted for 1,101 clusters in household_id)
2021-07-20T15:46:06.849408500Z ------------------------------------------------------------------------------
2021-07-20T15:46:06.849415500Z              |               Robust
2021-07-20T15:46:06.849420600Z           _t | Haz. Ratio   Std. Err.      z    P>|z|     [95% Conf. Interval]
2021-07-20T15:46:06.849425800Z -------------+----------------------------------------------------------------
2021-07-20T15:46:06.849430900Z    kids_cat4 |
2021-07-20T15:46:06.849691800Z only <12 ..  |   1.113298   .1049143     1.14   0.255     .9255422    1.339141
2021-07-20T15:46:06.849975400Z  only 12-18  |   1.214545   .1445769     1.63   0.103     .9618079    1.533695
2021-07-20T15:46:06.850222800Z       mixed  |   1.097921    .095866     1.07   0.285     .9252256     1.30285
2021-07-20T15:46:06.850239700Z              |
2021-07-20T15:46:06.850531800Z         age1 |   .9917832    .004722    -1.73   0.083     .9825713    1.001081
2021-07-20T15:46:06.850856600Z         age2 |   1.019746   .0151787     1.31   0.189     .9904259    1.049934
2021-07-20T15:46:06.851257800Z         age3 |    .957628   .0400779    -1.03   0.301     .8822122    1.039491
2021-07-20T15:46:06.851573600Z       1.male |   1.022036   .0275629     0.81   0.419     .9694171    1.077512
2021-07-20T15:46:06.851584300Z              |
2021-07-20T15:46:06.851588700Z    obese4cat |
2021-07-20T15:46:06.851930000Z Obese I ..)  |    1.04165   .0378034     1.12   0.261     .9701306    1.118442
2021-07-20T15:46:06.852268400Z Obese II..)  |   .9585066   .0486751    -0.83   0.404     .8676992    1.058817
2021-07-20T15:46:06.852640300Z Obese II..)  |   1.019158    .060926     0.32   0.751     .9064754    1.145848
2021-07-20T15:46:06.852653700Z              |
2021-07-20T15:46:06.852661100Z smoke_nomiss |
2021-07-20T15:46:06.853082100Z      Former  |   1.246656   .1132723     2.43   0.015     1.043292    1.489662
2021-07-20T15:46:06.853559000Z     Current  |    1.02156   .0407203     0.54   0.593     .9447878    1.104571
2021-07-20T15:46:06.853573700Z              |
2021-07-20T15:46:06.853579200Z          imd |
2021-07-20T15:46:06.853956300Z           4  |   1.070083   .0333623     2.17   0.030     1.006652    1.137511
2021-07-20T15:46:06.854405300Z 5 most de..  |   .9991464   .0444872    -0.02   0.985     .9156494    1.090257
2021-07-20T15:46:06.854418700Z              |
2021-07-20T15:46:06.854423300Z tot_adults~h |
2021-07-20T15:46:06.854769600Z           2  |   1.399859   .3267531     1.44   0.150     .8859268    2.211925
2021-07-20T15:46:06.855217600Z           3  |   .9525734   .1856559    -0.25   0.803     .6501294    1.395716
2021-07-20T15:46:06.855233400Z              |
2021-07-20T15:46:06.855237800Z    ethnicity |
2021-07-20T15:46:06.855563200Z Asian or ..  |   1.014873   .0473324     0.32   0.752     .9262168    1.112015
2021-07-20T15:46:06.856223900Z       Other  |   .9794874   .0430601    -0.47   0.637     .8986249    1.067626
2021-07-20T15:46:06.856278000Z              |
2021-07-20T15:46:06.856872100Z 1.htdiag_o~p |   .9339019   .0489813    -1.30   0.192     .8426697    1.035011
2021-07-20T15:46:06.857445200Z 1.~y_disease |   1.044952    .035383     1.30   0.194     .9778537    1.116654
2021-07-20T15:46:06.857996700Z     1.asthma |   .9850135   .0467398    -0.32   0.750     .8975359    1.081017
2021-07-20T15:46:06.858334500Z 1.~c_disease |   .9740947   .0320005    -0.80   0.424     .9133514    1.038878
2021-07-20T15:46:06.858350400Z              |
2021-07-20T15:46:06.858355700Z      diabcat |
2021-07-20T15:46:06.858868000Z T1DM, con..  |    1.16331   .0874533     2.01   0.044     1.003934    1.347987
2021-07-20T15:46:06.859604900Z T1DM, unc..  |   .8839968   .1599317    -0.68   0.496     .6200865    1.260228
2021-07-20T15:46:06.859889500Z T2DM, con..  |   1.016092   .0338039     0.48   0.631      .951951    1.084554
2021-07-20T15:46:06.860242900Z T2DM, unc..  |   .9587492   .0704266    -0.57   0.566     .8301919    1.107214
2021-07-20T15:46:06.860657100Z Diabetes,..  |   .9522566   .5004478    -0.09   0.926     .3399496    2.667433
2021-07-20T15:46:06.860669900Z              |
2021-07-20T15:46:06.860673100Z cancer_exh~t |
2021-07-20T15:46:06.861104900Z   Last year  |   .8423642   .1816254    -0.80   0.426     .5520381    1.285378
2021-07-20T15:46:06.861508500Z 2-5 years..  |    .831027   .0954065    -1.61   0.107     .6635789    1.040729
2021-07-20T15:46:06.861965300Z    5+ years  |   1.017047    .033697     0.51   0.610     .9531009    1.085283
2021-07-20T15:46:06.861981100Z              |
2021-07-20T15:46:06.861986600Z cancer_hae~t |
2021-07-20T15:46:06.862340400Z   Last year  |   1.135101   .1987551     0.72   0.469     .8053594    1.599849
2021-07-20T15:46:06.862716200Z 2-5 years..  |   .9125618    .102076    -0.82   0.413     .7329085    1.136252
2021-07-20T15:46:06.863188000Z    5+ years  |   .9926125   .0339286    -0.22   0.828     .9282922     1.06139
2021-07-20T15:46:06.863205000Z              |
2021-07-20T15:46:06.863605900Z 1.~r_disease |   .9769937   .0328334    -0.69   0.489      .914715    1.043513
2021-07-20T15:46:06.863967600Z 1.stroke_d~a |   1.008503   .0322542     0.26   0.791     .9472263    1.073743
2021-07-20T15:46:06.864314000Z 1.other_ne~o |   1.002078   .0327633     0.06   0.949     .9398771    1.068395
2021-07-20T15:46:06.864327800Z              |
2021-07-20T15:46:06.864333000Z reduced_ki~t |
2021-07-20T15:46:06.864747300Z Stage 3a/..  |   .8237783   .1721368    -0.93   0.354     .5469445    1.240731
2021-07-20T15:46:06.865164100Z       1.esrd |   1.030591   .0277909     1.12   0.264     .9775363    1.086525
2021-07-20T15:46:06.865526400Z 1.other_tr~t |   .9831683   .0331036    -0.50   0.614     .9203809    1.050239
2021-07-20T15:46:06.865976300Z   1.asplenia |   .9818132   .0316954    -0.57   0.570     .9216158    1.045942
2021-07-20T15:46:06.866316400Z 1.ra_sle_p~s |   .9727018    .031988    -0.84   0.400     .9119843    1.037462
2021-07-20T15:46:06.867674900Z 1.other_im~o |   .9892713   .0274573    -0.39   0.698     .9368935    1.044577
2021-07-20T15:46:06.867690000Z ------------------------------------------------------------------------------
2021-07-20T15:46:06.867996400Z                                                              Stratified by stp
2021-07-20T15:46:06.876204200Z (note: file ./output/an_sense_covid_tpp_prob_plus_eth_12mo_ageband_0MAIN.ster n
2021-07-20T15:46:06.876228600Z > ot found)
2021-07-20T15:46:06.876234400Z file ./output/an_sense_covid_tpp_prob_plus_eth_12mo_ageband_0MAIN.ster saved
2021-07-20T15:46:12.816372400Z    1:      5.94 /        1 =       5.9380
2021-07-20T15:46:12.816399300Z 
2021-07-20T15:46:12.816405500Z -------------------------------------------------------------------------------
2021-07-20T15:46:12.816410800Z active results
2021-07-20T15:46:12.816415700Z -------------------------------------------------------------------------------
2021-07-20T15:46:12.818814300Z 
2021-07-20T15:46:12.818832500Z Stratified Cox regr. -- Breslow method for ties
2021-07-20T15:46:12.818837900Z 
2021-07-20T15:46:12.818842100Z No. of subjects      =        4,494             Number of obs    =       4,494
2021-07-20T15:46:12.818846400Z No. of failures      =        1,733
2021-07-20T15:46:12.818850200Z Time at risk         =       654880
2021-07-20T15:46:12.819097700Z                                                 Wald chi2(42)    =     1538.24
2021-07-20T15:46:12.819111700Z Log pseudolikelihood =   -9936.8409             Prob > chi2      =      0.0000
2021-07-20T15:46:12.819117800Z 
2021-07-20T15:46:12.833222400Z                          (Std. Err. adjusted for 914 clusters in household_id)
2021-07-20T15:46:12.833248300Z ------------------------------------------------------------------------------
2021-07-20T15:46:12.833253700Z              |               Robust
2021-07-20T15:46:12.833258000Z           _t | Haz. Ratio   Std. Err.      z    P>|z|     [95% Conf. Interval]
2021-07-20T15:46:12.833262700Z -------------+----------------------------------------------------------------
2021-07-20T15:46:12.833266700Z    kids_cat4 |
2021-07-20T15:46:12.833516100Z only <12 ..  |   .8368537   .1424571    -1.05   0.295     .5994459    1.168286
2021-07-20T15:46:12.833817400Z  only 12-18  |   .7893373   .1671982    -1.12   0.264     .5211471    1.195542
2021-07-20T15:46:12.834153900Z       mixed  |   .8510323   .1323876    -1.04   0.300      .627382     1.15441
2021-07-20T15:46:12.834168900Z              |
2021-07-20T15:46:12.834482100Z         age1 |   .9932294   .0195663    -0.34   0.730     .9556111    1.032329
2021-07-20T15:46:12.834771700Z         age2 |   1.048579   .0865962     0.57   0.566     .8918779    1.232813
2021-07-20T15:46:12.835195500Z         age3 |   .8763423   .1757717    -0.66   0.510     .5914862    1.298383
2021-07-20T15:46:12.835515000Z       1.male |   .9814045   .0493333    -0.37   0.709     .8893235     1.08302
2021-07-20T15:46:12.835531300Z              |
2021-07-20T15:46:12.835574800Z    obese4cat |
2021-07-20T15:46:12.835896900Z Obese I ..)  |    1.00172   .0692328     0.02   0.980     .8748153    1.147034
2021-07-20T15:46:12.836194300Z Obese II..)  |   .9118498   .0838477    -1.00   0.316     .7614693    1.091929
2021-07-20T15:46:12.836582800Z Obese II..)  |   1.079905   .1169938     0.71   0.478     .8733105    1.335372
2021-07-20T15:46:12.836597000Z              |
2021-07-20T15:46:12.836602100Z smoke_nomiss |
2021-07-20T15:46:12.836940600Z      Former  |    .892451   .1536662    -0.66   0.509     .6368259    1.250685
2021-07-20T15:46:12.837334700Z     Current  |   .9925214    .071663    -0.10   0.917     .8615502    1.143403
2021-07-20T15:46:12.837369100Z              |
2021-07-20T15:46:12.837389600Z          imd |
2021-07-20T15:46:12.837661200Z           4  |   1.003611   .0618755     0.06   0.953     .8893783    1.132516
2021-07-20T15:46:12.838058600Z 5 most de..  |   .9474326   .0747622    -0.68   0.494     .8116704    1.105903
2021-07-20T15:46:12.838071700Z              |
2021-07-20T15:46:12.838076700Z tot_adults~h |
2021-07-20T15:46:12.838415800Z           2  |   1.174833   .4654284     0.41   0.684     .5404546    2.553835
2021-07-20T15:46:12.838840700Z           3  |   .9240415   .3247405    -0.22   0.822     .4640336    1.840066
2021-07-20T15:46:12.838852500Z              |
2021-07-20T15:46:12.838855700Z    ethnicity |
2021-07-20T15:46:12.839196500Z Asian or ..  |   1.095236   .0820183     1.21   0.224     .9457237    1.268385
2021-07-20T15:46:12.839577900Z       Other  |   1.067417   .0844661     0.82   0.410     .9140654    1.246495
2021-07-20T15:46:12.839591600Z              |
2021-07-20T15:46:12.840015200Z 1.htdiag_o~p |   1.056969   .0912862     0.64   0.521     .8923751    1.251922
2021-07-20T15:46:12.840413300Z 1.~y_disease |    1.04422   .0627749     0.72   0.472     .9281558    1.174799
2021-07-20T15:46:12.840829500Z     1.asthma |   .8649355   .0808658    -1.55   0.121     .7201151     1.03888
2021-07-20T15:46:12.841203400Z 1.~c_disease |   1.001278    .061352     0.02   0.983     .8879703    1.129044
2021-07-20T15:46:12.841216400Z              |
2021-07-20T15:46:12.841221400Z      diabcat |
2021-07-20T15:46:12.841602200Z T1DM, con..  |   .7272766   .1448964    -1.60   0.110     .4921682    1.074696
2021-07-20T15:46:12.841887900Z T1DM, unc..  |   1.081771   .3499031     0.24   0.808     .5738664      2.0392
2021-07-20T15:46:12.842177300Z T2DM, con..  |   .9427288   .0637804    -0.87   0.383     .8256551    1.076403
2021-07-20T15:46:12.842504000Z T2DM, unc..  |   1.139128   .1428323     1.04   0.299     .8909279    1.456473
2021-07-20T15:46:12.842886900Z Diabetes,..  |   3.20e-17   3.24e-17   -37.58   0.000     4.42e-18    2.32e-16
2021-07-20T15:46:12.842900300Z              |
2021-07-20T15:46:12.842906200Z cancer_exh~t |
2021-07-20T15:46:12.843302000Z   Last year  |   .5786512   .2588097    -1.22   0.221     .2408271    1.390364
2021-07-20T15:46:12.843625900Z 2-5 years..  |   .7735215   .1718385    -1.16   0.248     .5004691    1.195549
2021-07-20T15:46:12.844372200Z    5+ years  |   1.023601   .0631414     0.38   0.705     .9070342    1.155147
2021-07-20T15:46:12.844388400Z              |
2021-07-20T15:46:12.844394200Z cancer_hae~t |
2021-07-20T15:46:12.845160300Z   Last year  |   .4803207   .3443154    -1.02   0.306     .1178561     1.95754
2021-07-20T15:46:12.845498000Z 2-5 years..  |   .8680157    .178467    -0.69   0.491     .5801197    1.298786
2021-07-20T15:46:12.845930300Z    5+ years  |   .9781731   .0604455    -0.36   0.721     .8665954    1.104117
2021-07-20T15:46:12.845960700Z              |
2021-07-20T15:46:12.846363600Z 1.~r_disease |   .9890687   .0619429    -0.18   0.861     .8748182     1.11824
2021-07-20T15:46:12.846799600Z 1.stroke_d~a |   1.047128   .0614623     0.78   0.433     .9333352    1.174795
2021-07-20T15:46:12.847282300Z 1.other_ne~o |    1.07297   .0648085     1.17   0.244     .9531782    1.207817
2021-07-20T15:46:12.847297100Z              |
2021-07-20T15:46:12.847302800Z reduced_ki~t |
2021-07-20T15:46:12.847750300Z Stage 3a/..  |   1.274643   .1358988     2.28   0.023     1.034275    1.570874
2021-07-20T15:46:12.848260500Z       1.esrd |   .9677593   .0462145    -0.69   0.493     .8812903    1.062712
2021-07-20T15:46:12.848719800Z 1.other_tr~t |   .9832868   .0592453    -0.28   0.780     .8737623     1.10654
2021-07-20T15:46:12.849187100Z   1.asplenia |   1.073969   .0659862     1.16   0.245      .952122    1.211409
2021-07-20T15:46:12.849744600Z 1.ra_sle_p~s |   1.006687    .061701     0.11   0.913     .8927369    1.135182
2021-07-20T15:46:12.851718000Z 1.other_im~o |   .9363934    .047514    -1.30   0.195     .8477487    1.034307
2021-07-20T15:46:12.851733000Z ------------------------------------------------------------------------------
2021-07-20T15:46:12.851967000Z                                                              Stratified by stp
2021-07-20T15:46:12.863278800Z (note: file ./output/an_multivariate_cox_models_covid_tpp_prob_kids_cat4_MAINFU
2021-07-20T15:46:12.863341200Z > LLYADJMODEL_ageband_1MAIN.ster not found)
2021-07-20T15:46:12.863347300Z file ./output/an_multivariate_cox_models_covid_tpp_prob_kids_cat4_MAINFULLYADJM
2021-07-20T15:46:12.863351600Z > ODEL_ageband_1MAIN.ster saved
2021-07-20T15:46:16.150981200Z 
2021-07-20T15:46:16.151006200Z       Test of proportional-hazards assumption
2021-07-20T15:46:16.151010300Z 
2021-07-20T15:46:16.151013100Z       Time:  Time
2021-07-20T15:46:16.151015900Z       ----------------------------------------------------------------
2021-07-20T15:46:16.151018700Z                   |       rho            chi2       df       Prob>chi2
2021-07-20T15:46:16.151022000Z       ------------+---------------------------------------------------
2021-07-20T15:46:16.154790600Z       0b.kids_cat4|            .            .        1             .
2021-07-20T15:46:16.156426700Z       1.kids_cat4 |      0.00978         0.17        1         0.6823
2021-07-20T15:46:16.157785400Z       2.kids_cat4 |      0.00535         0.05        1         0.8285
2021-07-20T15:46:16.159557800Z       3.kids_cat4 |      0.01398         0.34        1         0.5596
2021-07-20T15:46:16.161118300Z       age1        |     -0.01532         0.40        1         0.5250
2021-07-20T15:46:16.162952400Z       age2        |      0.00479         0.04        1         0.8411
2021-07-20T15:46:16.164820500Z       age3        |      0.00034         0.00        1         0.9886
2021-07-20T15:46:16.166400700Z       0b.male     |            .            .        1             .
2021-07-20T15:46:16.168354700Z       1.male      |      0.01819         0.63        1         0.4263
2021-07-20T15:46:16.170621600Z       1b.obese4cat|            .            .        1             .
2021-07-20T15:46:16.172865300Z       2.obese4cat |      0.03457         2.15        1         0.1427
2021-07-20T15:46:16.175130800Z       3.obese4cat |     -0.00005         0.00        1         0.9982
2021-07-20T15:46:16.177361200Z       4.obese4cat |     -0.04257         3.65        1         0.0562
2021-07-20T15:46:16.179366900Z       1b.smoke_n~s|            .            .        1             .
2021-07-20T15:46:16.181250100Z       2.smoke_no~s|     -0.02845         1.63        1         0.2014
2021-07-20T15:46:16.183333900Z       3.smoke_no~s|      0.00381         0.03        1         0.8720
2021-07-20T15:46:16.187158300Z       1b.imd      |            .            .        1             .
2021-07-20T15:46:16.188816200Z       4.imd       |     -0.02194         0.91        1         0.3395
2021-07-20T15:46:16.190346900Z       5.imd       |      0.05524         5.44        1         0.0196
2021-07-20T15:46:16.192031300Z       1b.tot_adu~h|            .            .        1             .
2021-07-20T15:46:16.195390000Z       2.tot_adul~h|      0.05490         6.17        1         0.0130
2021-07-20T15:46:16.199788000Z       3.tot_adul~h|      0.04875         5.14        1         0.0234
2021-07-20T15:46:16.202689100Z       1b.ethnicity|            .            .        1             .
2021-07-20T15:46:16.204713300Z       3.ethnicity |     -0.03552         2.27        1         0.1323
2021-07-20T15:46:16.206384600Z       5.ethnicity |     -0.00898         0.16        1         0.6875
2021-07-20T15:46:16.207939200Z       0b.htdiag_~p|            .            .        1             .
2021-07-20T15:46:16.209505400Z       1.htdiag_o~p|     -0.00191         0.01        1         0.9343
2021-07-20T15:46:16.210972900Z       0b.chronic..|            .            .        1             .
2021-07-20T15:46:16.212572900Z       1.~y_disease|     -0.02287         0.95        1         0.3308
2021-07-20T15:46:16.214195500Z       0b.asthma   |            .            .        1             .
2021-07-20T15:46:16.215855700Z       1.asthma    |      0.02855         1.51        1         0.2191
2021-07-20T15:46:16.217621800Z       0b.chronic..|            .            .        1             .
2021-07-20T15:46:16.219308300Z       1.~c_disease|     -0.00373         0.03        1         0.8663
2021-07-20T15:46:16.220738900Z       1b.diabcat  |            .            .        1             .
2021-07-20T15:46:16.222261100Z       2.diabcat   |     -0.02725         1.61        1         0.2040
2021-07-20T15:46:16.224085200Z       3.diabcat   |      0.02506         1.10        1         0.2939
2021-07-20T15:46:16.225649100Z       4.diabcat   |     -0.01851         0.66        1         0.4162
2021-07-20T15:46:16.227043000Z       5.diabcat   |     -0.00370         0.03        1         0.8666
2021-07-20T15:46:16.228408700Z       6.diabcat   |     -0.01564         0.02        1         0.8793
2021-07-20T15:46:16.229891700Z       1b.c~exhae~t|            .            .        1             .
2021-07-20T15:46:16.232398800Z       2.cancer_e~t|      0.04965         3.79        1         0.0516
2021-07-20T15:46:16.233865100Z       3.cancer_e~t|     -0.02182         0.95        1         0.3298
2021-07-20T15:46:16.235311600Z       4.cancer_e~t|      0.01882         0.66        1         0.4168
2021-07-20T15:46:16.236677900Z       1b.cancer_..|            .            .        1             .
2021-07-20T15:46:16.238074500Z       2.cancer_h~t|     -0.01264         0.32        1         0.5740
2021-07-20T15:46:16.239515200Z       3.cancer_h~t|      0.02086         0.80        1         0.3697
2021-07-20T15:46:16.240888100Z       4.cancer_h~t|     -0.00786         0.11        1         0.7418
2021-07-20T15:46:16.242446000Z       0b.chronic..|            .            .        1             .
2021-07-20T15:46:16.243955900Z       1.~r_disease|      0.01744         0.61        1         0.4355
2021-07-20T15:46:16.245620400Z       0b.stroke_~a|            .            .        1             .
2021-07-20T15:46:16.247973200Z       1.stroke_d~a|      0.00008         0.00        1         0.9973
2021-07-20T15:46:16.249644500Z       0b.other_n~o|            .            .        1             .
2021-07-20T15:46:16.251650100Z       1.other_ne~o|     -0.00886         0.16        1         0.6909
2021-07-20T15:46:16.254655600Z       1b.reduced~t|            .            .        1             .
2021-07-20T15:46:16.257522900Z       2.reduced_~t|      0.03203         1.86        1         0.1729
2021-07-20T15:46:16.260228800Z       0b.esrd     |            .            .        1             .
2021-07-20T15:46:16.264032700Z       1.esrd      |     -0.00139         0.00        1         0.9537
2021-07-20T15:46:16.267796400Z       0b.other_t~t|            .            .        1             .
2021-07-20T15:46:16.270794400Z       1.other_tr~t|      0.00038         0.00        1         0.9871
2021-07-20T15:46:16.273943100Z       0b.asplenia |            .            .        1             .
2021-07-20T15:46:16.276879100Z       1.asplenia  |     -0.01640         0.52        1         0.4706
2021-07-20T15:46:16.280185000Z       0b.ra_sle_~s|            .            .        1             .
2021-07-20T15:46:16.283226300Z       1.ra_sle_p~s|      0.00444         0.04        1         0.8447
2021-07-20T15:46:16.285972600Z       0b.other_i~o|            .            .        1             .
2021-07-20T15:46:16.288757300Z       1.other_im~o|      0.00525         0.05        1         0.8189
2021-07-20T15:46:16.289539500Z       ------------+---------------------------------------------------
2021-07-20T15:46:16.352008800Z       global test |                     40.28       42         0.5465
2021-07-20T15:46:16.353162300Z       ----------------------------------------------------------------
2021-07-20T15:46:16.353178900Z 
2021-07-20T15:46:16.353183300Z note: robust variance-covariance matrix used.
2021-07-20T15:46:16.357704100Z    1:      3.49 /        1 =       3.4910
2021-07-20T15:46:16.804180000Z    1:      0.45 /        1 =       0.4490
2021-07-20T15:46:16.804206500Z 
2021-07-20T15:46:16.804213000Z -------------------------------------------------------------------------------
2021-07-20T15:46:16.804218600Z active results
2021-07-20T15:46:16.804223200Z -------------------------------------------------------------------------------
2021-07-20T15:46:16.805699400Z 
2021-07-20T15:46:16.805716800Z Stratified Cox regr. -- Breslow method for ties
2021-07-20T15:46:16.805723300Z 
2021-07-20T15:46:16.805728600Z No. of subjects      =          400             Number of obs    =         400
2021-07-20T15:46:16.805733700Z No. of failures      =          151
2021-07-20T15:46:16.805882500Z Time at risk         =        58658
2021-07-20T15:46:16.805903600Z                                                 Wald chi2(41)    =     6761.91
2021-07-20T15:46:16.805952700Z Log pseudolikelihood =   -473.72006             Prob > chi2      =      0.0000
2021-07-20T15:46:16.805968300Z 
2021-07-20T15:46:16.818415000Z                          (Std. Err. adjusted for 128 clusters in household_id)
2021-07-20T15:46:16.818434000Z ------------------------------------------------------------------------------
2021-07-20T15:46:16.818437800Z              |               Robust
2021-07-20T15:46:16.818440900Z           _t | Haz. Ratio   Std. Err.      z    P>|z|     [95% Conf. Interval]
2021-07-20T15:46:16.818444100Z -------------+----------------------------------------------------------------
2021-07-20T15:46:16.818447000Z gp_number_~s |
2021-07-20T15:46:16.818705000Z 2 childre..  |   .9450917   .2882717    -0.19   0.853     .5198052    1.718333
2021-07-20T15:46:16.818998500Z 3 childre..  |   .8526997   .2941404    -0.46   0.644     .4336832    1.676562
2021-07-20T15:46:16.819311100Z 4+ childr..  |   .8035108    .185098    -0.95   0.342      .511573    1.262048
2021-07-20T15:46:16.819324800Z              |
2021-07-20T15:46:16.819620900Z         age1 |   1.013414   .0745211     0.18   0.856     .8773923    1.170522
2021-07-20T15:46:16.819962500Z         age2 |   1.171204   .3592907     0.52   0.606     .6419621    2.136762
2021-07-20T15:46:16.820336000Z         age3 |   .6444848   .4774952    -0.59   0.553     .1508558    2.753361
2021-07-20T15:46:16.820672700Z       1.male |   1.179036   .1973042     0.98   0.325     .8493448    1.636705
2021-07-20T15:46:16.820686000Z              |
2021-07-20T15:46:16.820703000Z    obese4cat |
2021-07-20T15:46:16.821012200Z Obese I ..)  |   .7570987   .1926261    -1.09   0.274     .4598161    1.246582
2021-07-20T15:46:16.821296300Z Obese II..)  |   .4833092   .2269191    -1.55   0.121     .1925646    1.213036
2021-07-20T15:46:16.821621700Z Obese II..)  |   .5834346   .2765553    -1.14   0.256     .2304156    1.477313
2021-07-20T15:46:16.821634500Z              |
2021-07-20T15:46:16.821639800Z smoke_nomiss |
2021-07-20T15:46:16.821927900Z      Former  |   .2827891   .2099967    -1.70   0.089     .0659732    1.212153
2021-07-20T15:46:16.822205800Z     Current  |   1.154865   .3092378     0.54   0.591     .6832902    1.951898
2021-07-20T15:46:16.822218900Z              |
2021-07-20T15:46:16.822224000Z          imd |
2021-07-20T15:46:16.822509000Z           4  |   .7243137   .1854911    -1.26   0.208     .4384707      1.1965
2021-07-20T15:46:16.822863000Z 5 most de..  |   .3859256   .1328466    -2.77   0.006     .1965602    .7577247
2021-07-20T15:46:16.822876600Z              |
2021-07-20T15:46:16.822881300Z tot_adults~h |
2021-07-20T15:46:16.823173700Z           2  |   .1448953   .1901151    -1.47   0.141     .0110715    1.896286
2021-07-20T15:46:16.823443300Z           3  |   .9291438   .9570152    -0.07   0.943     .1234093    6.995486
2021-07-20T15:46:16.823455200Z              |
2021-07-20T15:46:16.823459400Z    ethnicity |
2021-07-20T15:46:16.823762700Z Asian or ..  |   .9275547   .2944379    -0.24   0.813     .4978962    1.727986
2021-07-20T15:46:16.824113200Z       Other  |   1.563167   .4197031     1.66   0.096     .9235531    2.645752
2021-07-20T15:46:16.824126700Z              |
2021-07-20T15:46:16.824488300Z 1.htdiag_o~p |   .8014131   .3127939    -0.57   0.571     .3729322    1.722197
2021-07-20T15:46:16.824847900Z 1.~y_disease |   .7158021   .1722221    -1.39   0.165     .4466772    1.147076
2021-07-20T15:46:16.825176400Z     1.asthma |   1.100617   .3116887     0.34   0.735     .6318012    1.917308
2021-07-20T15:46:16.825448900Z 1.~c_disease |   .7061475   .1765627    -1.39   0.164     .4325774    1.152728
2021-07-20T15:46:16.825461400Z              |
2021-07-20T15:46:16.825466300Z      diabcat |
2021-07-20T15:46:16.825836000Z T1DM, con..  |   1.843842   1.119453     1.01   0.314     .5609616    6.060579
2021-07-20T15:46:16.826075000Z T1DM, unc..  |   3.291374   2.296979     1.71   0.088     .8381892    12.92446
2021-07-20T15:46:16.826347900Z T2DM, con..  |   1.021402   .2241035     0.10   0.923     .6644108    1.570207
2021-07-20T15:46:16.826693600Z T2DM, unc..  |   2.178767   .8771383     1.93   0.053     .9897607    4.796136
2021-07-20T15:46:16.826704100Z              |
2021-07-20T15:46:16.826707000Z cancer_exh~t |
2021-07-20T15:46:16.827049300Z   Last year  |    .451438   .5125126    -0.70   0.484     .0487796    4.177899
2021-07-20T15:46:16.827318100Z 2-5 years..  |   1.022896   .6376753     0.04   0.971     .3014333     3.47114
2021-07-20T15:46:16.827582800Z    5+ years  |   .7772348   .1953122    -1.00   0.316     .4749554    1.271896
2021-07-20T15:46:16.827593100Z              |
2021-07-20T15:46:16.827595800Z cancer_hae~t |
2021-07-20T15:46:16.828001400Z   Last year  |   1.01e-16   7.35e-17   -50.45   0.000     2.41e-17    4.21e-16
2021-07-20T15:46:16.828264600Z 2-5 years..  |   .8275445   .6572604    -0.24   0.812     .1744785    3.925011
2021-07-20T15:46:16.828653900Z    5+ years  |   .7744428   .2234824    -0.89   0.376     .4399026    1.363397
2021-07-20T15:46:16.828666000Z              |
2021-07-20T15:46:16.829163800Z 1.~r_disease |   1.251247   .2797167     1.00   0.316     .8073402     1.93923
2021-07-20T15:46:16.829589600Z 1.stroke_d~a |   .8478777   .1939174    -0.72   0.471     .5415713    1.327427
2021-07-20T15:46:16.830085700Z 1.other_ne~o |   1.664331   .3345429     2.53   0.011     1.122385    2.467957
2021-07-20T15:46:16.830099500Z              |
2021-07-20T15:46:16.830104700Z reduced_ki~t |
2021-07-20T15:46:16.830598600Z Stage 3a/..  |   1.356847    .489461     0.85   0.398      .669073    2.751619
2021-07-20T15:46:16.831033800Z       1.esrd |   1.616706   .2680393     2.90   0.004     1.168174    2.237457
2021-07-20T15:46:16.831594600Z 1.other_tr~t |   1.080744   .2344512     0.36   0.720     .7064268    1.653401
2021-07-20T15:46:16.831996200Z   1.asplenia |   1.141226   .2924928     0.52   0.606     .6905753    1.885958
2021-07-20T15:46:16.832324500Z 1.ra_sle_p~s |   .6787983   .1914563    -1.37   0.170     .3905331    1.179842
2021-07-20T15:46:16.833636200Z 1.other_im~o |   1.126313   .2274684     0.59   0.556     .7581445    1.673272
2021-07-20T15:46:16.833685100Z ------------------------------------------------------------------------------
2021-07-20T15:46:16.833881100Z                                                              Stratified by stp
2021-07-20T15:46:16.842279400Z (note: file ./output/an_multivariate_cox_models_covid_tpp_prob_gp_number_kids_M
2021-07-20T15:46:16.842318700Z > AINFULLYADJMODEL_ageband_1MAIN.ster not found)
2021-07-20T15:46:16.842325100Z file ./output/an_multivariate_cox_models_covid_tpp_prob_gp_number_kids_MAINFULL
2021-07-20T15:46:16.842327900Z > YADJMODEL_ageband_1MAIN.ster saved
2021-07-20T15:46:16.847676000Z (229 observations deleted)
2021-07-20T15:46:20.923929400Z    1:      4.08 /        1 =       4.0790
2021-07-20T15:46:20.923959400Z 
2021-07-20T15:46:20.923963700Z -------------------------------------------------------------------------------
2021-07-20T15:46:20.923966800Z active results
2021-07-20T15:46:20.923969600Z -------------------------------------------------------------------------------
2021-07-20T15:46:20.925412500Z 
2021-07-20T15:46:20.925430400Z Stratified Cox regr. -- Breslow method for ties
2021-07-20T15:46:20.925436500Z 
2021-07-20T15:46:20.925456200Z No. of subjects      =        4,265             Number of obs    =       4,265
2021-07-20T15:46:20.925461200Z No. of failures      =        1,651
2021-07-20T15:46:20.925465100Z Time at risk         =       620178
2021-07-20T15:46:20.925631300Z                                                 Wald chi2(42)    =      796.24
2021-07-20T15:46:20.925644900Z Log pseudolikelihood =   -9381.1835             Prob > chi2      =      0.0000
2021-07-20T15:46:20.925648700Z 
2021-07-20T15:46:20.937812000Z                          (Std. Err. adjusted for 903 clusters in household_id)
2021-07-20T15:46:20.937841500Z ------------------------------------------------------------------------------
2021-07-20T15:46:20.937848300Z              |               Robust
2021-07-20T15:46:20.937852800Z           _t | Haz. Ratio   Std. Err.      z    P>|z|     [95% Conf. Interval]
2021-07-20T15:46:20.937860200Z -------------+----------------------------------------------------------------
2021-07-20T15:46:20.937864800Z    kids_cat4 |
2021-07-20T15:46:20.937993700Z only <12 ..  |   .8338306   .1467158    -1.03   0.302     .5906164      1.1772
2021-07-20T15:46:20.938266300Z  only 12-18  |   .7293075   .1632094    -1.41   0.158      .470352    1.130833
2021-07-20T15:46:20.938505600Z       mixed  |   .8457139    .136457    -1.04   0.299      .616426    1.160288
2021-07-20T15:46:20.938519400Z              |
2021-07-20T15:46:20.938714600Z         age1 |   .9947938   .0200001    -0.26   0.795     .9563566    1.034776
2021-07-20T15:46:20.938940000Z         age2 |   1.039301   .0881033     0.45   0.649      .880204    1.227154
2021-07-20T15:46:20.939185700Z         age3 |   .8940684   .1844887    -0.54   0.587     .5966608     1.33972
2021-07-20T15:46:20.939477300Z       1.male |   .9813207   .0504135    -0.37   0.714     .8873236    1.085275
2021-07-20T15:46:20.939488000Z              |
2021-07-20T15:46:20.939490900Z    obese4cat |
2021-07-20T15:46:20.939777800Z Obese I ..)  |   1.003894   .0698327     0.06   0.955      .875945    1.150533
2021-07-20T15:46:20.940101900Z Obese II..)  |   .9208651   .0862606    -0.88   0.379     .7664098    1.106448
2021-07-20T15:46:20.940416800Z Obese II..)  |    1.08585   .1197325     0.75   0.455     .8748047    1.347809
2021-07-20T15:46:20.940430800Z              |
2021-07-20T15:46:20.940436100Z smoke_nomiss |
2021-07-20T15:46:20.940771000Z      Former  |    .932132   .1601464    -0.41   0.682     .6656339    1.305327
2021-07-20T15:46:20.941118500Z     Current  |   .9649388   .0721512    -0.48   0.633     .8333991     1.11724
2021-07-20T15:46:20.941132700Z              |
2021-07-20T15:46:20.941138500Z          imd |
2021-07-20T15:46:20.941490400Z           4  |   1.015891    .063509     0.25   0.801     .8987393    1.148313
2021-07-20T15:46:20.941916500Z 5 most de..  |   .9687635   .0787202    -0.39   0.696      .826134    1.136018
2021-07-20T15:46:20.941949800Z              |
2021-07-20T15:46:20.941955400Z tot_adults~h |
2021-07-20T15:46:20.942453500Z           2  |   .9443671   .3825921    -0.14   0.888     .4268674    2.089242
2021-07-20T15:46:20.943045300Z           3  |   .7966819   .2818902    -0.64   0.521     .3982025    1.593918
2021-07-20T15:46:20.943057800Z              |
2021-07-20T15:46:20.943061000Z    ethnicity |
2021-07-20T15:46:20.943418700Z Asian or ..  |   1.083834   .0827627     1.05   0.292     .9331773    1.258814
2021-07-20T15:46:20.943953000Z       Other  |   1.042456   .0858613     0.50   0.614      .887052    1.225086
2021-07-20T15:46:20.943966600Z              |
2021-07-20T15:46:20.944413200Z 1.htdiag_o~p |   1.074114   .0949391     0.81   0.419     .9032624    1.277281
2021-07-20T15:46:20.944993400Z 1.~y_disease |    1.06124   .0661532     0.95   0.340     .9391898    1.199151
2021-07-20T15:46:20.945501800Z     1.asthma |   .8928081   .0842032    -1.20   0.229     .7421282    1.074082
2021-07-20T15:46:20.945790100Z 1.~c_disease |   1.010112   .0634237     0.16   0.873     .8931485    1.142393
2021-07-20T15:46:20.945804200Z              |
2021-07-20T15:46:20.945810200Z      diabcat |
2021-07-20T15:46:20.946086900Z T1DM, con..  |   .6955075   .1442003    -1.75   0.080     .4632562    1.044197
2021-07-20T15:46:20.946471600Z T1DM, unc..  |   1.057379   .3426231     0.17   0.863     .5602935    1.995474
2021-07-20T15:46:20.946812100Z T2DM, con..  |   .9268339   .0639702    -1.10   0.271     .8095653    1.061089
2021-07-20T15:46:20.947153600Z T2DM, unc..  |   1.139687   .1435786     1.04   0.299     .8903295    1.458884
2021-07-20T15:46:20.947653000Z Diabetes,..  |   1.84e-12   1.86e-12   -26.83   0.000     2.56e-13    1.33e-11
2021-07-20T15:46:20.947669500Z              |
2021-07-20T15:46:20.947674500Z cancer_exh~t |
2021-07-20T15:46:20.948027900Z   Last year  |   .5707625   .2563352    -1.25   0.212     .2366859    1.376381
2021-07-20T15:46:20.948348200Z 2-5 years..  |   .7668837   .1762503    -1.15   0.248     .4887657    1.203257
2021-07-20T15:46:20.948585800Z    5+ years  |   1.019097   .0643989     0.30   0.765      .900381    1.153466
2021-07-20T15:46:20.948596100Z              |
2021-07-20T15:46:20.948599000Z cancer_hae~t |
2021-07-20T15:46:20.948878100Z   Last year  |   .5471396    .396185    -0.83   0.405     .1323553    2.261804
2021-07-20T15:46:20.949087400Z 2-5 years..  |   .7722385   .1713766    -1.16   0.244     .4998633    1.193031
2021-07-20T15:46:20.949416400Z    5+ years  |   .9893763    .063328    -0.17   0.867     .8727257    1.121619
2021-07-20T15:46:20.949428400Z              |
2021-07-20T15:46:20.949718700Z 1.~r_disease |   .9694589   .0628689    -0.48   0.632     .8537474    1.100853
2021-07-20T15:46:20.949997600Z 1.stroke_d~a |   1.049334   .0629488     0.80   0.422     .9329333    1.180257
2021-07-20T15:46:20.950565700Z 1.other_ne~o |   1.072575   .0660758     1.14   0.255     .9505816    1.210224
2021-07-20T15:46:20.950580300Z              |
2021-07-20T15:46:20.950586400Z reduced_ki~t |
2021-07-20T15:46:20.951025100Z Stage 3a/..  |   1.260791   .1374808     2.13   0.034     1.018181    1.561208
2021-07-20T15:46:20.951417700Z       1.esrd |   .9668504   .0470745    -0.69   0.489     .8788516     1.06366
2021-07-20T15:46:20.951693600Z 1.other_tr~t |   .9977461   .0618179    -0.04   0.971     .8836528    1.126571
2021-07-20T15:46:20.952117300Z   1.asplenia |   1.035172   .0669369     0.53   0.593     .9119516    1.175042
2021-07-20T15:46:20.952489800Z 1.ra_sle_p~s |   1.006462   .0614701     0.11   0.916      .892914    1.134448
2021-07-20T15:46:20.954192200Z 1.other_im~o |    .936917   .0490538    -1.24   0.213     .8455419    1.038167
2021-07-20T15:46:20.954206700Z ------------------------------------------------------------------------------
2021-07-20T15:46:20.954436200Z                                                              Stratified by stp
2021-07-20T15:46:20.962050200Z (note: file ./output/an_sense_covid_tpp_prob_plus_eth_12mo_ageband_1MAIN.ster n
2021-07-20T15:46:20.962072800Z > ot found)
2021-07-20T15:46:20.962078600Z file ./output/an_sense_covid_tpp_prob_plus_eth_12mo_ageband_1MAIN.ster saved
2021-07-20T15:46:20.962082900Z 
2021-07-20T15:46:20.962086600Z . 
2021-07-20T15:46:20.962090200Z . log close
2021-07-20T15:46:20.962217000Z       name:  <unnamed>
2021-07-20T15:46:20.962229900Z        log:  /workspace/log/07b_an_multivariable_cox_models_covid_tpp_prob_MAIN
2021-07-20T15:46:20.962235100Z > .log
2021-07-20T15:46:20.962239300Z   log type:  text
2021-07-20T15:46:20.962243200Z  closed on:  20 Jul 2021, 15:46:20
2021-07-20T15:46:20.962247100Z -------------------------------------------------------------------------------
2021-07-20T15:46:20.962251800Z 
2021-07-20T15:46:20.962255500Z . exit, clear
2021-07-20T15:46:20.962259200Z 
2021-07-20T15:46:20.962262900Z end of do-file
2021-07-20T15:46:20.962266700Z 
2021-07-20T15:46:20.962270800Z . . file open output using "/tmp/tmp.QfrD5zU5Bj", write text replace
2021-07-20T15:46:20.962434600Z 
2021-07-20T15:46:20.962447500Z . . file write output "success" 
2021-07-20T15:46:20.962450900Z 
2021-07-20T15:46:20.962453300Z . . file close output
2021-07-20T15:46:20.962455700Z 
2021-07-20T15:46:20.962457900Z . 
2021-07-20T15:46:20.962460300Z end of do-file
2021-07-20T15:46:20.962462500Z 
2021-07-20T15:46:20.962464700Z 
2021-07-20T15:46:20.987011800Z . 

state: succeeded
commit: none
docker_image_id: sha256:11980aa720220a1b39bf523f5a8a33270214c13876c30ee364e16265766f7f60
exit_code: 0
job_id: jgde4bm5h2uyvrvy
run_by_user: qc18278
created_at: 2021-07-20T15:38:48Z
started_at: 2021-07-20T15:45:14Z
completed_at: 2021-07-20T15:46:55Z

Completed successfully

outputs:
  log/07b_an_multivariable_cox_models_covid_tpp_prob_MAIN.log                                           - moderately_sensitive
  output/an_multivariate_cox_models_covid_tpp_prob_gp_number_kids_MAINFULLYADJMODEL_ageband_0MAIN.ster  - moderately_sensitive
  output/an_multivariate_cox_models_covid_tpp_prob_gp_number_kids_MAINFULLYADJMODEL_ageband_1MAIN.ster  - moderately_sensitive
  output/an_multivariate_cox_models_covid_tpp_prob_kids_cat4_MAINFULLYADJMODEL_ageband_0MAIN.ster       - moderately_sensitive
  output/an_multivariate_cox_models_covid_tpp_prob_kids_cat4_MAINFULLYADJMODEL_ageband_1MAIN.ster       - moderately_sensitive
  output/an_sense_covid_tpp_prob_plus_eth_12mo_ageband_0MAIN.ster                                       - moderately_sensitive
  output/an_sense_covid_tpp_prob_plus_eth_12mo_ageband_1MAIN.ster                                       - moderately_sensitive