2021-07-20T15:57:40.877066000Z 
2021-07-20T15:57:40.877099700Z   ___  ____  ____  ____  ____ (R)
2021-07-20T15:57:40.877105500Z  /__    /   ____/   /   ____/
2021-07-20T15:57:40.877109200Z ___/   /   /___/   /   /___/   16.1   Copyright 1985-2019 StataCorp LLC
2021-07-20T15:57:40.877112500Z   Statistics/Data Analysis            StataCorp
2021-07-20T15:57:40.877115600Z                                       4905 Lakeway Drive
2021-07-20T15:57:40.877119100Z                                       College Station, Texas 77845 USA
2021-07-20T15:57:40.877122500Z                                       800-STATA-PC        http://www.stata.com
2021-07-20T15:57:40.877125900Z                                       979-696-4600        stata@stata.com
2021-07-20T15:57:40.877129100Z                                       979-696-4601 (fax)
2021-07-20T15:57:40.877132400Z 
2021-07-20T15:57:40.877135300Z 3-user Stata network license expires 11 May 2022:
2021-07-20T15:57:40.877138300Z        Serial number:  501709312237
2021-07-20T15:57:40.877163700Z          Licensed to:  The Bennett Institute
2021-07-20T15:57:40.877168200Z                        Oxford University
2021-07-20T15:57:40.877781900Z 
2021-07-20T15:57:40.877793800Z Notes:
2021-07-20T15:57:40.877832600Z       1.  Unicode is supported; see help unicode_advice.
2021-07-20T15:57:40.877852100Z 
2021-07-20T15:57:40.877857200Z . do "analysis/07d_an_multivariable_cox_models_FULL_Sense7.wrapper.do" covidadm
2021-07-20T15:57:40.877861000Z > ission W2 
2021-07-20T15:57:40.877864400Z 
2021-07-20T15:57:40.877867500Z . . do "analysis/07d_an_multivariable_cox_models_FULL_Sense7.do" covidadmission
2021-07-20T15:57:40.877883500Z >  W2
2021-07-20T15:57:40.877923300Z 
2021-07-20T15:57:40.877930500Z . *****************************************************************************
2021-07-20T15:57:40.877935000Z > ***
2021-07-20T15:57:40.877938700Z . *
2021-07-20T15:57:40.877942000Z . *       Do-file:                07d_an_multivariable_cox_models_Sense4.do
2021-07-20T15:57:40.877945200Z . *
2021-07-20T15:57:40.877948500Z . *       Project:                Exposure children and COVID risk
2021-07-20T15:57:40.877952200Z . *
2021-07-20T15:57:40.877955600Z . *       Programmed by:  Hforbes, based on files from Fizz & Krishnan
2021-07-20T15:57:40.877959400Z . *
2021-07-20T15:57:40.877963300Z . *       Data used:              analysis_dataset.dta
2021-07-20T15:57:40.877966700Z . *
2021-07-20T15:57:40.877970100Z . *       Data created:   None
2021-07-20T15:57:40.877973500Z . *
2021-07-20T15:57:40.877976800Z . *       Other output:   Log file:  07b_an_multivariable_cox_models_`outcome'.
2021-07-20T15:57:40.877992300Z > log
2021-07-20T15:57:40.877996500Z . *
2021-07-20T15:57:40.877999900Z . *****************************************************************************
2021-07-20T15:57:40.878003200Z > ***
2021-07-20T15:57:40.878006300Z . *
2021-07-20T15:57:40.878009700Z . *       Purpose:                This do-file performs multivariable (fully ad
2021-07-20T15:57:40.878013000Z > justed) 
2021-07-20T15:57:40.878016100Z . *                                       Cox models, with SUS censored 1st Nov
2021-07-20T15:57:40.878019600Z > ember
2021-07-20T15:57:40.878022900Z . *  
2021-07-20T15:57:40.878026500Z . *****************************************************************************
2021-07-20T15:57:40.878029800Z > ***
2021-07-20T15:57:40.878033000Z . *       
2021-07-20T15:57:40.878036100Z . *       Stata routines needed:  stbrier   
2021-07-20T15:57:40.878039100Z . *
2021-07-20T15:57:40.878042000Z . *****************************************************************************
2021-07-20T15:57:40.878045300Z > ***
2021-07-20T15:57:40.878048700Z . 
2021-07-20T15:57:40.878051800Z . * Set globals that will print in programs and direct output
2021-07-20T15:57:40.878055000Z . global outdir     "output" 
2021-07-20T15:57:40.878058200Z 
2021-07-20T15:57:40.878061000Z . global logdir     "log"
2021-07-20T15:57:40.878064300Z 
2021-07-20T15:57:40.878067400Z . global tempdir    "tempdata"
2021-07-20T15:57:40.878070900Z 
2021-07-20T15:57:40.878079200Z . global demogadjlist  age1 age2 age3 i.male i.obese4cat i.smoke_nomiss i.imd i
2021-07-20T15:57:40.878083500Z > .tot_adults_hh i.ethnicity
2021-07-20T15:57:40.878087200Z 
2021-07-20T15:57:40.878090400Z . global comordidadjlist  i.htdiag_or_highbp                              ///
2021-07-20T15:57:40.878093700Z >                         i.chronic_respiratory_disease   ///
2021-07-20T15:57:40.878096900Z >                         i.asthma                                             
2021-07-20T15:57:40.878100500Z >    ///
2021-07-20T15:57:40.878104100Z >                         i.chronic_cardiac_disease               ///
2021-07-20T15:57:40.878107700Z >                         i.diabcat                                            
2021-07-20T15:57:40.878111200Z >    ///
2021-07-20T15:57:40.878114300Z >                         i.cancer_exhaem_cat                             ///
2021-07-20T15:57:40.878117200Z >                         i.cancer_haem_cat                               ///
2021-07-20T15:57:40.878119900Z >                         i.chronic_liver_disease                 ///
2021-07-20T15:57:40.878122600Z >                         i.stroke_dementia                               ///
2021-07-20T15:57:40.878130800Z >                         i.other_neuro                                   ///
2021-07-20T15:57:40.878135000Z >                         i.reduced_kidney_function_cat   ///
2021-07-20T15:57:40.878138700Z >                         i.esrd                                               
2021-07-20T15:57:40.878142200Z >    ///
2021-07-20T15:57:40.878145600Z >                         i.other_transplant                              ///
2021-07-20T15:57:40.878148900Z >                         i.asplenia                                           
2021-07-20T15:57:40.878152100Z >    ///
2021-07-20T15:57:40.878154900Z >                         i.ra_sle_psoriasis                      ///
2021-07-20T15:57:40.878158100Z >                         i.other_immuno          
2021-07-20T15:57:40.878162200Z 
2021-07-20T15:57:40.878164900Z . 
2021-07-20T15:57:40.878167600Z . local outcome `1' 
2021-07-20T15:57:40.878170500Z 
2021-07-20T15:57:40.878173100Z . local dataset `2'
2021-07-20T15:57:40.878175600Z 
2021-07-20T15:57:40.878178600Z . 
2021-07-20T15:57:40.878181500Z . 
2021-07-20T15:57:40.878184800Z . *****************************************************************************
2021-07-20T15:57:40.878188400Z > *******
2021-07-20T15:57:40.878191900Z . *First clean up all old saved estimates for this outcome
2021-07-20T15:57:40.878195300Z . *This is to guard against accidentally displaying left-behind results from ol
2021-07-20T15:57:40.878198800Z > d runs
2021-07-20T15:57:40.878202100Z . *****************************************************************************
2021-07-20T15:57:40.878205500Z > *******
2021-07-20T15:57:40.878208800Z . 
2021-07-20T15:57:40.878212300Z . * Open a log file
2021-07-20T15:57:40.878215800Z . capture log close
2021-07-20T15:57:40.878220400Z 
2021-07-20T15:57:40.878224000Z . log using "$logdir/07d_an_multivariable_cox_models_`outcome'_Sense7_SUS_censo
2021-07-20T15:57:40.878227500Z > r`dataset'", text replace
2021-07-20T15:57:40.878230800Z (note: file /workspace/log/07d_an_multivariable_cox_models_covidadmission_Sense
2021-07-20T15:57:40.878233900Z > 7_SUS_censorW2.log not found)
2021-07-20T15:57:40.878299400Z -------------------------------------------------------------------------------
2021-07-20T15:57:40.878308700Z       name:  <unnamed>
2021-07-20T15:57:40.878313400Z        log:  /workspace/log/07d_an_multivariable_cox_models_covidadmission_Sens
2021-07-20T15:57:40.878317300Z > e7_SUS_censorW2.log
2021-07-20T15:57:40.878320600Z   log type:  text
2021-07-20T15:57:40.878330000Z  opened on:  20 Jul 2021, 15:57:40
2021-07-20T15:57:40.878333700Z 
2021-07-20T15:57:40.878337100Z . 
2021-07-20T15:57:40.878340300Z . 
2021-07-20T15:57:40.878343500Z . *****************************************************************************
2021-07-20T15:57:40.878347000Z > ********
2021-07-20T15:57:40.878350200Z . *PROG TO DEFINE THE BASIC COX MODEL WITH OPTIONS FOR HANDLING OF AGE, BMI, ET
2021-07-20T15:57:40.878353500Z > HNICITY:
2021-07-20T15:57:40.878356600Z . cap prog drop basecoxmodel
2021-07-20T15:57:40.878359700Z 
2021-07-20T15:57:40.878363100Z . prog define basecoxmodel
2021-07-20T15:57:40.878552000Z   1.         syntax , exposure(string) age(string)
2021-07-20T15:57:40.878561800Z   2. timer clear
2021-07-20T15:57:40.878565800Z   3. timer on 1
2021-07-20T15:57:40.878569300Z   4.         capture stcox   `exposure'                      ///
2021-07-20T15:57:40.878572700Z >                         $demogadjlist                           ///
2021-07-20T15:57:40.878576400Z >                         $comordidadjlist                ///
2021-07-20T15:57:40.878579900Z >                         , strata(stp) vce(cluster household_id)
2021-07-20T15:57:40.878583400Z   5. timer off 1
2021-07-20T15:57:40.878586400Z   6. timer list
2021-07-20T15:57:40.878589400Z   7. end
2021-07-20T15:57:40.878592600Z 
2021-07-20T15:57:40.878595800Z . *****************************************************************************
2021-07-20T15:57:40.878599100Z > ********
2021-07-20T15:57:40.878602900Z . 
2021-07-20T15:57:40.878605700Z . 
2021-07-20T15:57:40.878608400Z . * Open dataset and fit specified model(s)
2021-07-20T15:57:40.878611200Z . forvalues x=0/1 {
2021-07-20T15:57:40.878613800Z   2. 
2021-07-20T15:57:40.878616400Z . use "$tempdir/cr_create_analysis_dataset_STSET_`outcome'_ageband_`x'`dataset'
2021-07-20T15:57:40.878619700Z > .dta", clear
2021-07-20T15:57:40.878623100Z   3. 
2021-07-20T15:57:40.878688700Z . *reset underlying timescale to age
2021-07-20T15:57:40.878697900Z . stset
2021-07-20T15:57:40.878701700Z   4. replace study_end_censor=d(01nove2020)
2021-07-20T15:57:40.878705100Z   5. drop stime_covidadmission
2021-07-20T15:57:40.878708300Z   6. gen stime_covidadmission        = min(study_end_censor   , date_covidadmis
2021-07-20T15:57:40.878711500Z > sion, died_date_ons, dereg_date)
2021-07-20T15:57:40.878714700Z   7. replace covidadmission  = 0 if (date_covidadmission > study_end_censor  | 
2021-07-20T15:57:40.878718300Z > date_covidadmission > died_date_ons) 
2021-07-20T15:57:40.878721700Z   8. stset stime_covidadmission, fail(covidadmission)                          
2021-07-20T15:57:40.878731500Z >       ///
2021-07-20T15:57:40.878735200Z >         id(patient_id) enter(enter_date) origin(enter_date)
2021-07-20T15:57:40.878738800Z   9. ******************************
2021-07-20T15:57:40.878742000Z . *  Multivariable Cox models  *
2021-07-20T15:57:40.878746200Z . ******************************
2021-07-20T15:57:40.878749600Z . 
2021-07-20T15:57:40.878753000Z . foreach exposure_type in kids_cat4  {
2021-07-20T15:57:40.878756300Z  10. 
2021-07-20T15:57:40.878759800Z . *Age spline model (not adj ethnicity)
2021-07-20T15:57:40.878763300Z . basecoxmodel, exposure("i.`exposure_type'") age("age1 age2 age3")
2021-07-20T15:57:40.878766700Z  11. if _rc==0{
2021-07-20T15:57:40.878769900Z  12. estimates
2021-07-20T15:57:40.878773200Z  13. estimates save ./output/an_sense_`outcome'_SUS_censor_ageband_`x'`dataset'
2021-07-20T15:57:40.878776500Z > , replace
2021-07-20T15:57:40.878780100Z  14. *estat concordance /*c-statistic*/
2021-07-20T15:57:40.878862300Z .         /*  Proportional Hazards test  
2021-07-20T15:57:40.878874700Z >         * Based on Schoenfeld residuals
2021-07-20T15:57:40.878879200Z >         timer clear 
2021-07-20T15:57:40.878883000Z >         timer on 1
2021-07-20T15:57:40.878886500Z >         if e(N_fail)>0 estat phtest, d
2021-07-20T15:57:40.878892400Z >         timer off 1
2021-07-20T15:57:40.878896000Z >         timer list*/
2021-07-20T15:57:40.878899600Z . }
2021-07-20T15:57:40.878902200Z  15. else di "WARNING AGE SPLINE MODEL DID NOT FIT (OUTCOME `outcome')"
2021-07-20T15:57:40.878904400Z  16. 
2021-07-20T15:57:40.878906300Z . }
2021-07-20T15:57:40.878908100Z  17. }
2021-07-20T15:57:41.104841900Z -> stset stime_covidadmission, id(patient_id) failure(covidadmission)
2021-07-20T15:57:41.104864500Z                                enter(time enter_date) origin(time enter_date)
2021-07-20T15:57:41.104867900Z 
2021-07-20T15:57:41.104870400Z                 id:  patient_id
2021-07-20T15:57:41.104873000Z      failure event:  covidadmission != 0 & covidadmission < .
2021-07-20T15:57:41.104875800Z obs. time interval:  (stime_covidadmission[_n-1], stime_covidadmission]
2021-07-20T15:57:41.104878300Z  enter on or after:  time enter_date
2021-07-20T15:57:41.104880700Z  exit on or before:  failure
2021-07-20T15:57:41.104883000Z     t for analysis:  (time-origin)
2021-07-20T15:57:41.104885200Z             origin:  time enter_date
2021-07-20T15:57:41.104887500Z 
2021-07-20T15:57:41.104889600Z ------------------------------------------------------------------------------
2021-07-20T15:57:41.104902900Z      16,235  total observations
2021-07-20T15:57:41.105787000Z          22  observations end on or before enter()
2021-07-20T15:57:41.105801700Z ------------------------------------------------------------------------------
2021-07-20T15:57:41.105807100Z      16,213  observations remaining, representing
2021-07-20T15:57:41.142768400Z      16,213  subjects
2021-07-20T15:57:41.165896500Z       2,394  failures in single-failure-per-subject data
2021-07-20T15:57:41.214368200Z   1,194,952  total analysis time at risk and under observation
2021-07-20T15:57:41.214395500Z                                                 at risk from t =         0
2021-07-20T15:57:41.215540600Z                                      earliest observed entry t =         0
2021-07-20T15:57:41.216650400Z                                           last observed exit t =        90
2021-07-20T15:57:41.492043100Z (16,235 real changes made)
2021-07-20T15:57:41.492085200Z (687 real changes made)
2021-07-20T15:57:41.492091500Z 
2021-07-20T15:57:41.492095300Z                 id:  patient_id
2021-07-20T15:57:41.492099400Z      failure event:  covidadmission != 0 & covidadmission < .
2021-07-20T15:57:41.492105300Z obs. time interval:  (stime_covidadmission[_n-1], stime_covidadmission]
2021-07-20T15:57:41.492110400Z  enter on or after:  time enter_date
2021-07-20T15:57:41.492114100Z  exit on or before:  failure
2021-07-20T15:57:41.492116800Z     t for analysis:  (time-origin)
2021-07-20T15:57:41.492119400Z             origin:  time enter_date
2021-07-20T15:57:41.492122000Z 
2021-07-20T15:57:41.492124500Z ------------------------------------------------------------------------------
2021-07-20T15:57:41.492419900Z      16,235  total observations
2021-07-20T15:57:41.493488900Z          22  observations end on or before enter()
2021-07-20T15:57:41.493504900Z ------------------------------------------------------------------------------
2021-07-20T15:57:41.493510400Z      16,213  observations remaining, representing
2021-07-20T15:57:41.549493200Z      16,213  subjects
2021-07-20T15:57:41.578865100Z       1,707  failures in single-failure-per-subject data
2021-07-20T15:57:41.633484600Z     864,849  total analysis time at risk and under observation
2021-07-20T15:57:41.633508000Z                                                 at risk from t =         0
2021-07-20T15:57:41.634214100Z                                      earliest observed entry t =         0
2021-07-20T15:57:41.634912400Z                                           last observed exit t =        61
2021-07-20T15:57:45.863991300Z    1:      4.22 /        1 =       4.2240
2021-07-20T15:57:45.865818200Z 
2021-07-20T15:57:45.865837100Z -------------------------------------------------------------------------------
2021-07-20T15:57:45.865853900Z active results
2021-07-20T15:57:45.865857700Z -------------------------------------------------------------------------------
2021-07-20T15:57:45.867520700Z 
2021-07-20T15:57:45.867539500Z Stratified Cox regr. -- Breslow method for ties
2021-07-20T15:57:45.867544100Z 
2021-07-20T15:57:45.867547700Z No. of subjects      =       16,213             Number of obs    =      16,213
2021-07-20T15:57:45.867551200Z No. of failures      =        1,707
2021-07-20T15:57:45.867554300Z Time at risk         =       864849
2021-07-20T15:57:45.867721000Z                                                 Wald chi2(42)    =       62.95
2021-07-20T15:57:45.867733000Z Log pseudolikelihood =   -12364.738             Prob > chi2      =      0.0198
2021-07-20T15:57:45.867736100Z 
2021-07-20T15:57:45.924770400Z                        (Std. Err. adjusted for 1,121 clusters in household_id)
2021-07-20T15:57:45.924798900Z ------------------------------------------------------------------------------
2021-07-20T15:57:45.924803800Z              |               Robust
2021-07-20T15:57:45.924808100Z           _t | Haz. Ratio   Std. Err.      z    P>|z|     [95% Conf. Interval]
2021-07-20T15:57:45.924813000Z -------------+----------------------------------------------------------------
2021-07-20T15:57:45.924817500Z    kids_cat4 |
2021-07-20T15:57:45.932808000Z only <12 ..  |   1.207625   .2250177     1.01   0.311     .8381599    1.739951
2021-07-20T15:57:45.932844500Z  only 12-18  |   .7736962   .1912408    -1.04   0.299     .4766198     1.25594
2021-07-20T15:57:45.933107800Z       mixed  |    1.10931   .1970239     0.58   0.559     .7831977     1.57121
2021-07-20T15:57:45.933123000Z              |
2021-07-20T15:57:45.933128000Z         age1 |   1.002994   .0086704     0.35   0.729     .9861432    1.020132
2021-07-20T15:57:45.933466200Z         age2 |   .9961411   .0264432    -0.15   0.884     .9456386    1.049341
2021-07-20T15:57:45.933583000Z         age3 |   1.005781   .0739069     0.08   0.937     .8708743    1.161587
2021-07-20T15:57:45.933880400Z       1.male |   .9562245   .0470086    -0.91   0.363     .8683889    1.052944
2021-07-20T15:57:45.933933500Z              |
2021-07-20T15:57:45.933939900Z    obese4cat |
2021-07-20T15:57:45.934120300Z Obese I ..)  |   1.135119   .0776756     1.85   0.064      .992645    1.298041
2021-07-20T15:57:45.934378800Z Obese II..)  |   1.313055   .1048134     3.41   0.001     1.122888    1.535427
2021-07-20T15:57:45.934621300Z Obese II..)  |   1.089744   .1099368     0.85   0.394     .8942368    1.327995
2021-07-20T15:57:45.934632800Z              |
2021-07-20T15:57:45.934637300Z smoke_nomiss |
2021-07-20T15:57:45.934996000Z      Former  |   1.031469   .1760485     0.18   0.856     .7382021    1.441243
2021-07-20T15:57:45.935021300Z     Current  |    1.01326   .0770743     0.17   0.863     .8729181    1.176164
2021-07-20T15:57:45.935152500Z              |
2021-07-20T15:57:45.935164000Z          imd |
2021-07-20T15:57:45.935339300Z           4  |   1.024294   .0641047     0.38   0.701     .9060512    1.157968
2021-07-20T15:57:45.935661900Z 5 most de..  |   1.055763   .0813247     0.70   0.481     .9078178    1.227817
2021-07-20T15:57:45.935672100Z              |
2021-07-20T15:57:45.935674900Z tot_adults~h |
2021-07-20T15:57:45.936056900Z           2  |   .9082803   .3185288    -0.27   0.784     .4567813    1.806057
2021-07-20T15:57:45.936086000Z           3  |   .6654673   .1872978    -1.45   0.148      .383313    1.155314
2021-07-20T15:57:45.936089300Z              |
2021-07-20T15:57:45.936091600Z    ethnicity |
2021-07-20T15:57:45.936399200Z Asian or ..  |   .9220379   .0742793    -1.01   0.314     .7873649    1.079746
2021-07-20T15:57:45.936752200Z       Other  |   .8997426   .0773276    -1.23   0.219     .7602606    1.064815
2021-07-20T15:57:45.936763000Z              |
2021-07-20T15:57:45.937027200Z 1.htdiag_o~p |   .8942606   .0801358    -1.25   0.212     .7502168    1.065961
2021-07-20T15:57:45.937262600Z 1.~y_disease |   1.010854   .0596539     0.18   0.855     .9004433    1.134804
2021-07-20T15:57:45.937468500Z     1.asthma |       1.04   .0901434     0.45   0.651     .8775147    1.232572
2021-07-20T15:57:45.937681500Z 1.~c_disease |   .9599161     .06038    -0.65   0.515     .8485776    1.085863
2021-07-20T15:57:45.937692400Z              |
2021-07-20T15:57:45.937695300Z      diabcat |
2021-07-20T15:57:45.937940000Z T1DM, con..  |   1.047035   .1598428     0.30   0.763     .7762738    1.412237
2021-07-20T15:57:45.938137300Z T1DM, unc..  |   1.721705   .4273103     2.19   0.029     1.058519     2.80039
2021-07-20T15:57:45.938359000Z T2DM, con..  |   1.058783   .0668258     0.91   0.365     .9355843    1.198205
2021-07-20T15:57:45.938564800Z T2DM, unc..  |   1.072266   .1439622     0.52   0.603     .8241767    1.395033
2021-07-20T15:57:45.938830700Z Diabetes,..  |   2.685668   2.068409     1.28   0.200     .5935895    12.15118
2021-07-20T15:57:45.938840500Z              |
2021-07-20T15:57:45.938844800Z cancer_exh~t |
2021-07-20T15:57:45.939112400Z   Last year  |   .6028568   .3012001    -1.01   0.311     .2264309    1.605065
2021-07-20T15:57:45.939299100Z 2-5 years..  |   .5104991   .1348369    -2.55   0.011      .304207    .8566841
2021-07-20T15:57:45.939618900Z    5+ years  |   1.083702   .0712704     1.22   0.222     .9526423    1.232792
2021-07-20T15:57:45.939631400Z              |
2021-07-20T15:57:45.939636100Z cancer_hae~t |
2021-07-20T15:57:45.939853500Z   Last year  |   1.440241   .4706116     1.12   0.264     .7590973     2.73258
2021-07-20T15:57:45.940042900Z 2-5 years..  |   1.129149    .203747     0.67   0.501     .7927896    1.608217
2021-07-20T15:57:45.940330500Z    5+ years  |   1.036001   .0659335     0.56   0.578     .9145086    1.173634
2021-07-20T15:57:45.940341900Z              |
2021-07-20T15:57:45.940614100Z 1.~r_disease |    1.00102   .0605879     0.02   0.987     .8890434    1.127101
2021-07-20T15:57:45.940847300Z 1.stroke_d~a |   1.104698   .0667704     1.65   0.099     .9812846    1.243633
2021-07-20T15:57:45.941124100Z 1.other_ne~o |   .9195393    .058164    -1.33   0.185     .8123232    1.040906
2021-07-20T15:57:45.941134600Z              |
2021-07-20T15:57:45.941138800Z reduced_ki~t |
2021-07-20T15:57:45.941385900Z Stage 3a/..  |   1.041844   .3826362     0.11   0.911     .5072046     2.14004
2021-07-20T15:57:45.941599800Z       1.esrd |   .9371136   .0499258    -1.22   0.223     .8441965    1.040258
2021-07-20T15:57:45.941838900Z 1.other_tr~t |   .9950632   .0601146    -0.08   0.935     .8839489    1.120145
2021-07-20T15:57:45.942087400Z   1.asplenia |   1.077824   .0610603     1.32   0.186     .9645528    1.204397
2021-07-20T15:57:45.942347900Z 1.ra_sle_p~s |   1.111027   .0694695     1.68   0.092     .9828822     1.25588
2021-07-20T15:57:45.948761200Z 1.other_im~o |   .9202415   .0490806    -1.56   0.119     .8289024    1.021646
2021-07-20T15:57:45.948779900Z ------------------------------------------------------------------------------
2021-07-20T15:57:45.948968100Z                                                              Stratified by stp
2021-07-20T15:57:45.968724300Z (note: file ./output/an_sense_covidadmission_SUS_censor_ageband_0W2.ster not fo
2021-07-20T15:57:45.968751400Z > und)
2021-07-20T15:57:45.968754900Z file ./output/an_sense_covidadmission_SUS_censor_ageband_0W2.ster saved
2021-07-20T15:57:46.033460500Z -> stset stime_covidadmission, id(patient_id) failure(covidadmission)
2021-07-20T15:57:46.033498700Z                                enter(time enter_date) origin(time enter_date)
2021-07-20T15:57:46.033503600Z 
2021-07-20T15:57:46.033505800Z                 id:  patient_id
2021-07-20T15:57:46.033507900Z      failure event:  covidadmission != 0 & covidadmission < .
2021-07-20T15:57:46.033510200Z obs. time interval:  (stime_covidadmission[_n-1], stime_covidadmission]
2021-07-20T15:57:46.033512200Z  enter on or after:  time enter_date
2021-07-20T15:57:46.033695300Z  exit on or before:  failure
2021-07-20T15:57:46.033708300Z     t for analysis:  (time-origin)
2021-07-20T15:57:46.033712800Z             origin:  time enter_date
2021-07-20T15:57:46.033715100Z 
2021-07-20T15:57:46.033717100Z ------------------------------------------------------------------------------
2021-07-20T15:57:46.033719200Z       4,496  total observations
2021-07-20T15:57:46.034083800Z           7  observations end on or before enter()
2021-07-20T15:57:46.034095400Z ------------------------------------------------------------------------------
2021-07-20T15:57:46.034112800Z       4,489  observations remaining, representing
2021-07-20T15:57:46.044839500Z       4,489  subjects
2021-07-20T15:57:46.052695900Z         636  failures in single-failure-per-subject data
2021-07-20T15:57:46.067459900Z     331,396  total analysis time at risk and under observation
2021-07-20T15:57:46.067483600Z                                                 at risk from t =         0
2021-07-20T15:57:46.068041500Z                                      earliest observed entry t =         0
2021-07-20T15:57:46.068429600Z                                           last observed exit t =        90
2021-07-20T15:57:46.137345900Z (4,496 real changes made)
2021-07-20T15:57:46.137366200Z (167 real changes made)
2021-07-20T15:57:46.137371000Z 
2021-07-20T15:57:46.137374400Z                 id:  patient_id
2021-07-20T15:57:46.137377900Z      failure event:  covidadmission != 0 & covidadmission < .
2021-07-20T15:57:46.137381900Z obs. time interval:  (stime_covidadmission[_n-1], stime_covidadmission]
2021-07-20T15:57:46.137385300Z  enter on or after:  time enter_date
2021-07-20T15:57:46.137389300Z  exit on or before:  failure
2021-07-20T15:57:46.137392500Z     t for analysis:  (time-origin)
2021-07-20T15:57:46.137395700Z             origin:  time enter_date
2021-07-20T15:57:46.137527800Z 
2021-07-20T15:57:46.137537700Z ------------------------------------------------------------------------------
2021-07-20T15:57:46.137541500Z       4,496  total observations
2021-07-20T15:57:46.137838100Z           7  observations end on or before enter()
2021-07-20T15:57:46.137848800Z ------------------------------------------------------------------------------
2021-07-20T15:57:46.137852700Z       4,489  observations remaining, representing
2021-07-20T15:57:46.148672300Z       4,489  subjects
2021-07-20T15:57:46.155424300Z         469  failures in single-failure-per-subject data
2021-07-20T15:57:46.167896700Z     239,977  total analysis time at risk and under observation
2021-07-20T15:57:46.167922200Z                                                 at risk from t =         0
2021-07-20T15:57:46.167993700Z                                      earliest observed entry t =         0
2021-07-20T15:57:46.168309500Z                                           last observed exit t =        61
2021-07-20T15:57:48.561456000Z    1:      2.39 /        1 =       2.3920
2021-07-20T15:57:48.561472200Z 
2021-07-20T15:57:48.561475500Z -------------------------------------------------------------------------------
2021-07-20T15:57:48.561478100Z active results
2021-07-20T15:57:48.561480400Z -------------------------------------------------------------------------------
2021-07-20T15:57:48.563008000Z 
2021-07-20T15:57:48.563040700Z Stratified Cox regr. -- Breslow method for ties
2021-07-20T15:57:48.563046100Z 
2021-07-20T15:57:48.563049800Z No. of subjects      =        4,489             Number of obs    =       4,489
2021-07-20T15:57:48.563053400Z No. of failures      =          469
2021-07-20T15:57:48.563056700Z Time at risk         =       239977
2021-07-20T15:57:48.563130900Z                                                 Wald chi2(42)    =    25535.65
2021-07-20T15:57:48.563145300Z Log pseudolikelihood =   -2780.6184             Prob > chi2      =      0.0000
2021-07-20T15:57:48.563150500Z 
2021-07-20T15:57:48.575403100Z                          (Std. Err. adjusted for 912 clusters in household_id)
2021-07-20T15:57:48.575422200Z ------------------------------------------------------------------------------
2021-07-20T15:57:48.575425000Z              |               Robust
2021-07-20T15:57:48.575427600Z           _t | Haz. Ratio   Std. Err.      z    P>|z|     [95% Conf. Interval]
2021-07-20T15:57:48.575429900Z -------------+----------------------------------------------------------------
2021-07-20T15:57:48.575433600Z    kids_cat4 |
2021-07-20T15:57:48.575559700Z only <12 ..  |    .938777   .3216525    -0.18   0.854     .4796405    1.837422
2021-07-20T15:57:48.575965100Z  only 12-18  |   1.857897   .7080036     1.63   0.104     .8803337     3.92099
2021-07-20T15:57:48.576107300Z       mixed  |   1.028651    .328802     0.09   0.930     .5497774     1.92464
2021-07-20T15:57:48.576119000Z              |
2021-07-20T15:57:48.576523200Z         age1 |   .9485725   .0390645    -1.28   0.200      .875016    1.028312
2021-07-20T15:57:48.576759900Z         age2 |   1.404735   .3087895     1.55   0.122     .9130257    2.161255
2021-07-20T15:57:48.577047500Z         age3 |   .4941532   .2158963    -1.61   0.107     .2098796    1.163464
2021-07-20T15:57:48.577162500Z       1.male |   1.214816   .1150518     2.05   0.040      1.00901      1.4626
2021-07-20T15:57:48.577173000Z              |
2021-07-20T15:57:48.577177200Z    obese4cat |
2021-07-20T15:57:48.577495900Z Obese I ..)  |   1.038439    .145413     0.27   0.788     .7891993    1.366391
2021-07-20T15:57:48.577582700Z Obese II..)  |   1.322599   .1984394     1.86   0.062      .985635    1.774763
2021-07-20T15:57:48.577934500Z Obese II..)  |   1.030574   .2095102     0.15   0.882      .691886    1.535055
2021-07-20T15:57:48.577947500Z              |
2021-07-20T15:57:48.577952500Z smoke_nomiss |
2021-07-20T15:57:48.578142300Z      Former  |   .5498397   .2462856    -1.34   0.182     .2285408    1.322843
2021-07-20T15:57:48.578426000Z     Current  |   .9115552   .1415877    -0.60   0.551     .6723103    1.235937
2021-07-20T15:57:48.578437500Z              |
2021-07-20T15:57:48.578441700Z          imd |
2021-07-20T15:57:48.578593600Z           4  |   1.134532   .1315693     1.09   0.276     .9038672    1.424062
2021-07-20T15:57:48.578859900Z 5 most de..  |   1.203434   .1779741     1.25   0.211     .9006151    1.608071
2021-07-20T15:57:48.578881900Z              |
2021-07-20T15:57:48.578897600Z tot_adults~h |
2021-07-20T15:57:48.579088100Z           2  |   .6732536   .3420788    -0.78   0.436     .2487052    1.822521
2021-07-20T15:57:48.579307100Z           3  |   .4490558   .1959129    -1.84   0.066     .1909591    1.055991
2021-07-20T15:57:48.579317200Z              |
2021-07-20T15:57:48.579320000Z    ethnicity |
2021-07-20T15:57:48.579522300Z Asian or ..  |   1.005554    .152267     0.04   0.971     .7473287    1.353005
2021-07-20T15:57:48.579841900Z       Other  |   .7526423   .1284465    -1.67   0.096      .538669    1.051611
2021-07-20T15:57:48.579852100Z              |
2021-07-20T15:57:48.580071400Z 1.htdiag_o~p |   1.010884   .1796163     0.06   0.951      .713605    1.432006
2021-07-20T15:57:48.580437400Z 1.~y_disease |   1.007599   .1146546     0.07   0.947     .8061759    1.259349
2021-07-20T15:57:48.580447400Z     1.asthma |   .7872092   .1431459    -1.32   0.188     .5511984    1.124275
2021-07-20T15:57:48.580894800Z 1.~c_disease |   1.075067   .1212277     0.64   0.521     .8618893    1.340971
2021-07-20T15:57:48.580919300Z              |
2021-07-20T15:57:48.580923900Z      diabcat |
2021-07-20T15:57:48.580926100Z T1DM, con..  |   1.050148   .3132806     0.16   0.870     .5852211    1.884436
2021-07-20T15:57:48.581315900Z T1DM, unc..  |   1.325118   .6637814     0.56   0.574     .4964423    3.537045
2021-07-20T15:57:48.581327600Z T2DM, con..  |   .8222539   .1043304    -1.54   0.123     .6412134     1.05441
2021-07-20T15:57:48.581638900Z T2DM, unc..  |   .9223154    .247099    -0.30   0.763     .5455477    1.559288
2021-07-20T15:57:48.581864600Z Diabetes,..  |   1.59e-15   8.31e-16   -65.26   0.000     5.72e-16    4.43e-15
2021-07-20T15:57:48.581874900Z              |
2021-07-20T15:57:48.581877800Z cancer_exh~t |
2021-07-20T15:57:48.582163400Z   Last year  |   1.61e-15   3.99e-16  -137.28   0.000     9.88e-16    2.61e-15
2021-07-20T15:57:48.582344000Z 2-5 years..  |   .8322694    .378048    -0.40   0.686     .3416775     2.02727
2021-07-20T15:57:48.582536200Z    5+ years  |   1.040903   .1209138     0.35   0.730     .8289586    1.307038
2021-07-20T15:57:48.582548300Z              |
2021-07-20T15:57:48.582552900Z cancer_hae~t |
2021-07-20T15:57:48.582830800Z   Last year  |   1.965238   1.095705     1.21   0.226     .6589209    5.861339
2021-07-20T15:57:48.583042700Z 2-5 years..  |   2.228684    .643365     2.78   0.006     1.265692    3.924361
2021-07-20T15:57:48.583285200Z    5+ years  |   1.083736   .1312681     0.66   0.507      .854715    1.374124
2021-07-20T15:57:48.583293800Z              |
2021-07-20T15:57:48.583602100Z 1.~r_disease |    1.05962   .1285367     0.48   0.633     .8354019    1.344017
2021-07-20T15:57:48.583822600Z 1.stroke_d~a |   1.026335   .1189388     0.22   0.823     .8177979    1.288049
2021-07-20T15:57:48.584066200Z 1.other_ne~o |   1.021283    .118835     0.18   0.856     .8130201    1.282893
2021-07-20T15:57:48.584074800Z              |
2021-07-20T15:57:48.584077100Z reduced_ki~t |
2021-07-20T15:57:48.584379800Z Stage 3a/..  |   1.301449   .3081475     1.11   0.266     .8182498    2.069991
2021-07-20T15:57:48.584649100Z       1.esrd |   .9854674   .0996713    -0.14   0.885     .8082593    1.201528
2021-07-20T15:57:48.584853900Z 1.other_tr~t |   1.092218   .1217194     0.79   0.429     .8779089    1.358843
2021-07-20T15:57:48.585098600Z   1.asplenia |   1.031802   .1099837     0.29   0.769     .8372659    1.271537
2021-07-20T15:57:48.585338800Z 1.ra_sle_p~s |   .9013333   .1065332    -0.88   0.379     .7149532    1.136301
2021-07-20T15:57:48.586356000Z 1.other_im~o |    .825124   .0904524    -1.75   0.080      .665592    1.022893
2021-07-20T15:57:48.586368000Z ------------------------------------------------------------------------------
2021-07-20T15:57:48.586606000Z                                                              Stratified by stp
2021-07-20T15:57:48.593154400Z (note: file ./output/an_sense_covidadmission_SUS_censor_ageband_1W2.ster not fo
2021-07-20T15:57:48.593172300Z > und)
2021-07-20T15:57:48.593177400Z file ./output/an_sense_covidadmission_SUS_censor_ageband_1W2.ster saved
2021-07-20T15:57:48.593181200Z 
2021-07-20T15:57:48.593184600Z . 
2021-07-20T15:57:48.593188300Z . log close
2021-07-20T15:57:48.593312600Z       name:  <unnamed>
2021-07-20T15:57:48.593326600Z        log:  /workspace/log/07d_an_multivariable_cox_models_covidadmission_Sens
2021-07-20T15:57:48.593331300Z > e7_SUS_censorW2.log
2021-07-20T15:57:48.593334900Z   log type:  text
2021-07-20T15:57:48.593338300Z  closed on:  20 Jul 2021, 15:57:48
2021-07-20T15:57:48.593341900Z -------------------------------------------------------------------------------
2021-07-20T15:57:48.593345800Z 
2021-07-20T15:57:48.593349400Z . 
2021-07-20T15:57:48.593352700Z . 
2021-07-20T15:57:48.593356000Z . 
2021-07-20T15:57:48.593359300Z . exit, clear 
2021-07-20T15:57:48.593362600Z 
2021-07-20T15:57:48.593365900Z end of do-file
2021-07-20T15:57:48.593369200Z 
2021-07-20T15:57:48.593372700Z . . file open output using "/tmp/tmp.vyCUH50bWw", write text replace
2021-07-20T15:57:48.593557400Z 
2021-07-20T15:57:48.593594000Z . . file write output "success" 
2021-07-20T15:57:48.593601400Z 
2021-07-20T15:57:48.593605300Z . . file close output
2021-07-20T15:57:48.593608700Z 
2021-07-20T15:57:48.593670000Z . 
2021-07-20T15:57:48.593682300Z end of do-file
2021-07-20T15:57:48.593686600Z 
2021-07-20T15:57:48.593690100Z 
2021-07-20T15:57:48.613954100Z . 

state: succeeded
commit: none
docker_image_id: sha256:11980aa720220a1b39bf523f5a8a33270214c13876c30ee364e16265766f7f60
exit_code: 0
job_id: eqitmlrlxqgofblt
run_by_user: qc18278
created_at: 2021-07-20T15:38:48Z
started_at: 2021-07-20T15:57:40Z
completed_at: 2021-07-20T15:58:04Z

Completed successfully

outputs:
  log/07d_an_multivariable_cox_models_covidadmission_Sense7_SUS_censorW2.log  - moderately_sensitive
  output/an_sense_covidadmission_SUS_censor_ageband_0W2.ster                  - moderately_sensitive
  output/an_sense_covidadmission_SUS_censor_ageband_1W2.ster                  - moderately_sensitive