2021-07-20T15:50:33.623455600Z 
2021-07-20T15:50:33.623490300Z   ___  ____  ____  ____  ____ (R)
2021-07-20T15:50:33.623495800Z  /__    /   ____/   /   ____/
2021-07-20T15:50:33.623499500Z ___/   /   /___/   /   /___/   16.1   Copyright 1985-2019 StataCorp LLC
2021-07-20T15:50:33.623503300Z   Statistics/Data Analysis            StataCorp
2021-07-20T15:50:33.623505800Z                                       4905 Lakeway Drive
2021-07-20T15:50:33.623508100Z                                       College Station, Texas 77845 USA
2021-07-20T15:50:33.623510100Z                                       800-STATA-PC        http://www.stata.com
2021-07-20T15:50:33.623512200Z                                       979-696-4600        stata@stata.com
2021-07-20T15:50:33.623514200Z                                       979-696-4601 (fax)
2021-07-20T15:50:33.623516200Z 
2021-07-20T15:50:33.623518000Z 3-user Stata network license expires 11 May 2022:
2021-07-20T15:50:33.623520000Z        Serial number:  501709312237
2021-07-20T15:50:33.623522000Z          Licensed to:  The Bennett Institute
2021-07-20T15:50:33.623524100Z                        Oxford University
2021-07-20T15:50:33.624427700Z 
2021-07-20T15:50:33.624444700Z Notes:
2021-07-20T15:50:33.624449900Z       1.  Unicode is supported; see help unicode_advice.
2021-07-20T15:50:33.624453600Z 
2021-07-20T15:50:33.624457000Z . do "analysis/07d_an_multivariable_cox_models_FULL_Sense4.wrapper.do" covid_ic
2021-07-20T15:50:33.624460600Z > u MAIN 
2021-07-20T15:50:33.624464100Z 
2021-07-20T15:50:33.624467900Z . . do "analysis/07d_an_multivariable_cox_models_FULL_Sense4.do" covid_icu MAIN
2021-07-20T15:50:33.624471400Z 
2021-07-20T15:50:33.624474500Z . *****************************************************************************
2021-07-20T15:50:33.624477900Z > ***
2021-07-20T15:50:33.624481100Z . *
2021-07-20T15:50:33.624484300Z . *       Do-file:                07d_an_multivariable_cox_models_Sense4.do
2021-07-20T15:50:33.624487800Z . *
2021-07-20T15:50:33.624491100Z . *       Project:                Exposure children and COVID risk
2021-07-20T15:50:33.624495000Z . *
2021-07-20T15:50:33.624498100Z . *       Programmed by:  Hforbes, based on files from Fizz & Krishnan
2021-07-20T15:50:33.624501700Z . *
2021-07-20T15:50:33.624504900Z . *       Data used:              analysis_dataset.dta
2021-07-20T15:50:33.624508200Z . *
2021-07-20T15:50:33.624511400Z . *       Data created:   None
2021-07-20T15:50:33.624514600Z . *
2021-07-20T15:50:33.624517700Z . *       Other output:   Log file:  07b_an_multivariable_cox_models_`outcome'.
2021-07-20T15:50:33.624521300Z > log
2021-07-20T15:50:33.624535700Z . *
2021-07-20T15:50:33.624539800Z . *****************************************************************************
2021-07-20T15:50:33.624543500Z > ***
2021-07-20T15:50:33.624546700Z . *
2021-07-20T15:50:33.624549800Z . *       Purpose:                This do-file performs multivariable (fully ad
2021-07-20T15:50:33.624553200Z > justed) 
2021-07-20T15:50:33.624556700Z . *                                       Cox models, with age as the underlyin
2021-07-20T15:50:33.624559100Z > g timescale
2021-07-20T15:50:33.624561100Z . *  
2021-07-20T15:50:33.624563100Z . *****************************************************************************
2021-07-20T15:50:33.624566400Z > ***
2021-07-20T15:50:33.624569500Z . *       
2021-07-20T15:50:33.624572600Z . *       Stata routines needed:  stbrier   
2021-07-20T15:50:33.624575700Z . *
2021-07-20T15:50:33.624578600Z . *****************************************************************************
2021-07-20T15:50:33.624582100Z > ***
2021-07-20T15:50:33.624585600Z . 
2021-07-20T15:50:33.624589300Z . * Set globals that will print in programs and direct output
2021-07-20T15:50:33.624593200Z . global outdir     "output" 
2021-07-20T15:50:33.624598100Z 
2021-07-20T15:50:33.624601600Z . global logdir     "log"
2021-07-20T15:50:33.624605300Z 
2021-07-20T15:50:33.624608200Z . global tempdir    "tempdata"
2021-07-20T15:50:33.624611500Z 
2021-07-20T15:50:33.624614600Z . global demogadjlist  age1 age2 age3 i.male i.obese4cat i.smoke_nomiss i.imd i
2021-07-20T15:50:33.624617700Z > .tot_adults_hh i.ethnicity
2021-07-20T15:50:33.624620800Z 
2021-07-20T15:50:33.624710800Z . global comordidadjlist  i.htdiag_or_highbp                              ///
2021-07-20T15:50:33.624723100Z >                         i.chronic_respiratory_disease   ///
2021-07-20T15:50:33.624727600Z >                         i.asthma                                             
2021-07-20T15:50:33.624731600Z >    ///
2021-07-20T15:50:33.624734800Z >                         i.chronic_cardiac_disease               ///
2021-07-20T15:50:33.624738500Z >                         i.diabcat                                            
2021-07-20T15:50:33.624741600Z >    ///
2021-07-20T15:50:33.624744600Z >                         i.cancer_exhaem_cat                             ///
2021-07-20T15:50:33.624749600Z >                         i.cancer_haem_cat                               ///
2021-07-20T15:50:33.624753300Z >                         i.chronic_liver_disease                 ///
2021-07-20T15:50:33.624756800Z >                         i.stroke_dementia                               ///
2021-07-20T15:50:33.624768300Z >                         i.other_neuro                                   ///
2021-07-20T15:50:33.624772400Z >                         i.reduced_kidney_function_cat   ///
2021-07-20T15:50:33.624776200Z >                         i.esrd                                               
2021-07-20T15:50:33.624779700Z >    ///
2021-07-20T15:50:33.624783000Z >                         i.other_transplant                              ///
2021-07-20T15:50:33.624786300Z >                         i.asplenia                                           
2021-07-20T15:50:33.624789700Z >    ///
2021-07-20T15:50:33.624792800Z >                         i.ra_sle_psoriasis                      ///
2021-07-20T15:50:33.624796100Z >                         i.other_immuno          
2021-07-20T15:50:33.624802600Z 
2021-07-20T15:50:33.624806600Z . 
2021-07-20T15:50:33.624810300Z . local outcome `1' 
2021-07-20T15:50:33.624813700Z 
2021-07-20T15:50:33.625024900Z . local dataset `2'
2021-07-20T15:50:33.625035400Z 
2021-07-20T15:50:33.625039700Z . 
2021-07-20T15:50:33.625042900Z . 
2021-07-20T15:50:33.625045800Z . *****************************************************************************
2021-07-20T15:50:33.625049100Z > *******
2021-07-20T15:50:33.625052700Z . *First clean up all old saved estimates for this outcome
2021-07-20T15:50:33.625056000Z . *This is to guard against accidentally displaying left-behind results from ol
2021-07-20T15:50:33.625059400Z > d runs
2021-07-20T15:50:33.625063100Z . *****************************************************************************
2021-07-20T15:50:33.625066700Z > *******
2021-07-20T15:50:33.625069800Z . 
2021-07-20T15:50:33.625072900Z . * Open a log file
2021-07-20T15:50:33.625076000Z . capture log close
2021-07-20T15:50:33.625079500Z 
2021-07-20T15:50:33.625082700Z . log using "$logdir/07d_an_multivariable_cox_models_`outcome'_Sense4_agetimesc
2021-07-20T15:50:33.625086500Z > ale`dataset'", text replace
2021-07-20T15:50:33.625188000Z (note: file /workspace/log/07d_an_multivariable_cox_models_covid_icu_Sense4_age
2021-07-20T15:50:33.625199900Z > timescaleMAIN.log not found)
2021-07-20T15:50:33.625467600Z -------------------------------------------------------------------------------
2021-07-20T15:50:33.625481400Z       name:  <unnamed>
2021-07-20T15:50:33.625486300Z        log:  /workspace/log/07d_an_multivariable_cox_models_covid_icu_Sense4_ag
2021-07-20T15:50:33.625490700Z > etimescaleMAIN.log
2021-07-20T15:50:33.625494100Z   log type:  text
2021-07-20T15:50:33.625497600Z  opened on:  20 Jul 2021, 15:50:33
2021-07-20T15:50:33.625511400Z 
2021-07-20T15:50:33.625515200Z . 
2021-07-20T15:50:33.625518300Z . 
2021-07-20T15:50:33.625521300Z . *****************************************************************************
2021-07-20T15:50:33.625524500Z > ********
2021-07-20T15:50:33.625527600Z . *PROG TO DEFINE THE BASIC COX MODEL WITH OPTIONS FOR HANDLING OF AGE, BMI, ET
2021-07-20T15:50:33.625531000Z > HNICITY:
2021-07-20T15:50:33.625534700Z . cap prog drop basecoxmodel
2021-07-20T15:50:33.625538200Z 
2021-07-20T15:50:33.625542100Z . prog define basecoxmodel
2021-07-20T15:50:33.625545800Z   1.         syntax , exposure(string) age(string)
2021-07-20T15:50:33.625710400Z   2. timer clear
2021-07-20T15:50:33.625722000Z   3. timer on 1
2021-07-20T15:50:33.625726100Z   4.         capture stcox   `exposure'                      ///
2021-07-20T15:50:33.625729900Z >                         $demogadjlist                           ///
2021-07-20T15:50:33.625733700Z >                         $comordidadjlist                ///
2021-07-20T15:50:33.625737300Z >                         , strata(stp) vce(cluster household_id)
2021-07-20T15:50:33.625740400Z   5. timer off 1
2021-07-20T15:50:33.625743800Z   6. timer list
2021-07-20T15:50:33.625747000Z   7. end
2021-07-20T15:50:33.625788500Z 
2021-07-20T15:50:33.625795100Z . *****************************************************************************
2021-07-20T15:50:33.625797800Z > ********
2021-07-20T15:50:33.625801800Z . 
2021-07-20T15:50:33.625805200Z . 
2021-07-20T15:50:33.625901100Z . * Open dataset and fit specified model(s)
2021-07-20T15:50:33.625911900Z . forvalues x=0/1 {
2021-07-20T15:50:33.625916100Z   2. 
2021-07-20T15:50:33.625919500Z . use "$tempdir/cr_create_analysis_dataset_STSET_`outcome'_ageband_`x'`dataset'
2021-07-20T15:50:33.625923200Z > .dta", clear
2021-07-20T15:50:33.625926700Z   3. 
2021-07-20T15:50:33.625930000Z . *reset underlying timescale to age
2021-07-20T15:50:33.625933700Z . gen dob=d(01feb2020)-(age*365.25)
2021-07-20T15:50:33.625935800Z   4. format dob %td
2021-07-20T15:50:33.625937800Z   5. *list age dob in 1/20
2021-07-20T15:50:33.625939900Z . streset, origin(dob) scale(365.25) 
2021-07-20T15:50:33.625941800Z   6. 
2021-07-20T15:50:33.625943600Z . 
2021-07-20T15:50:33.625945600Z . ******************************
2021-07-20T15:50:33.625948200Z . *  Multivariable Cox models  *
2021-07-20T15:50:33.625950400Z . ******************************
2021-07-20T15:50:33.625952400Z . 
2021-07-20T15:50:33.625960900Z . 
2021-07-20T15:50:33.625963200Z . 
2021-07-20T15:50:33.625965200Z . foreach exposure_type in kids_cat4  {
2021-07-20T15:50:33.626068800Z   7. 
2021-07-20T15:50:33.626080900Z . *Age spline model (not adj ethnicity)
2021-07-20T15:50:33.626086100Z . basecoxmodel, exposure("i.`exposure_type'") age("age1 age2 age3")
2021-07-20T15:50:33.626090400Z   8. if _rc==0{
2021-07-20T15:50:33.626092500Z   9. estimates
2021-07-20T15:50:33.626094500Z  10. estimates save ./output/an_sense_`outcome'_age_underlying_timescale_ageban
2021-07-20T15:50:33.626096600Z > d_`x'`dataset', replace
2021-07-20T15:50:33.626098800Z  11. *estat concordance /*c-statistic*/
2021-07-20T15:50:33.626100800Z .         /*  Proportional Hazards test  
2021-07-20T15:50:33.626102800Z >         * Based on Schoenfeld residuals
2021-07-20T15:50:33.626104800Z >         timer clear 
2021-07-20T15:50:33.626106700Z >         timer on 1
2021-07-20T15:50:33.626108600Z >         if e(N_fail)>0 estat phtest, d
2021-07-20T15:50:33.626110600Z >         timer off 1
2021-07-20T15:50:33.626112600Z >         timer list*/
2021-07-20T15:50:33.626114700Z . }
2021-07-20T15:50:33.626116900Z  12. else di "WARNING AGE SPLINE MODEL DID NOT FIT (OUTCOME `outcome')"
2021-07-20T15:50:33.626119300Z  13. 
2021-07-20T15:50:33.626121400Z . }
2021-07-20T15:50:33.626123200Z  14. }
2021-07-20T15:50:33.866212900Z -> stset stime_covid_icu, id(patient_id) failure(covid_icu) enter(time
2021-07-20T15:50:33.866234400Z                           enter_date) origin(time dob) scale(365.25)
2021-07-20T15:50:33.866274900Z 
2021-07-20T15:50:33.866283000Z                 id:  patient_id
2021-07-20T15:50:33.866287200Z      failure event:  covid_icu != 0 & covid_icu < .
2021-07-20T15:50:33.866290900Z obs. time interval:  (stime_covid_icu[_n-1], stime_covid_icu]
2021-07-20T15:50:33.866294500Z  enter on or after:  time enter_date
2021-07-20T15:50:33.866297900Z  exit on or before:  failure
2021-07-20T15:50:33.866301400Z     t for analysis:  (time-origin)/365.25
2021-07-20T15:50:33.866305000Z             origin:  time dob
2021-07-20T15:50:33.866308500Z 
2021-07-20T15:50:33.866312100Z ------------------------------------------------------------------------------
2021-07-20T15:50:33.866316000Z      16,206  total observations
2021-07-20T15:50:33.867042300Z           0  exclusions
2021-07-20T15:50:33.867054600Z ------------------------------------------------------------------------------
2021-07-20T15:50:33.867058800Z      16,206  observations remaining, representing
2021-07-20T15:50:33.896149800Z      16,206  subjects
2021-07-20T15:50:33.922169900Z       5,094  failures in single-failure-per-subject data
2021-07-20T15:50:33.974415500Z   6,752.876  total analysis time at risk and under observation
2021-07-20T15:50:33.974432200Z                                                 at risk from t =         0
2021-07-20T15:50:33.975896200Z                                      earliest observed entry t =        18
2021-07-20T15:50:33.976851900Z                                           last observed exit t =  65.58042
2021-07-20T15:50:37.615219700Z    1:      3.64 /        1 =       3.6380
2021-07-20T15:50:37.618049000Z 
2021-07-20T15:50:37.618088000Z -------------------------------------------------------------------------------
2021-07-20T15:50:37.618091800Z active results
2021-07-20T15:50:37.618094500Z -------------------------------------------------------------------------------
2021-07-20T15:50:37.619931700Z 
2021-07-20T15:50:37.619954800Z Stratified Cox regr. -- Breslow method for ties
2021-07-20T15:50:37.619960200Z 
2021-07-20T15:50:37.619964500Z No. of subjects      =       16,206             Number of obs    =      16,206
2021-07-20T15:50:37.619968500Z No. of failures      =        5,094
2021-07-20T15:50:37.619972500Z Time at risk         =  6752.876112
2021-07-20T15:50:37.620079300Z                                                 Wald chi2(42)    =       97.41
2021-07-20T15:50:37.620090700Z Log pseudolikelihood =   -16420.364             Prob > chi2      =      0.0000
2021-07-20T15:50:37.620096000Z 
2021-07-20T15:50:37.680855500Z                        (Std. Err. adjusted for 1,106 clusters in household_id)
2021-07-20T15:50:37.680882300Z ------------------------------------------------------------------------------
2021-07-20T15:50:37.680888400Z              |               Robust
2021-07-20T15:50:37.680891300Z           _t | Haz. Ratio   Std. Err.      z    P>|z|     [95% Conf. Interval]
2021-07-20T15:50:37.680894400Z -------------+----------------------------------------------------------------
2021-07-20T15:50:37.680897100Z    kids_cat4 |
2021-07-20T15:50:37.690509600Z only <12 ..  |    .963522   .0880912    -0.41   0.684     .8054516    1.152614
2021-07-20T15:50:37.690795300Z  only 12-18  |    .879175   .1194441    -0.95   0.343     .6736459    1.147411
2021-07-20T15:50:37.690993300Z       mixed  |   .9411037   .0770804    -0.74   0.459     .8015312     1.10498
2021-07-20T15:50:37.691006300Z              |
2021-07-20T15:50:37.691300500Z         age1 |   .9344682   .0281103    -2.25   0.024     .8809659    .9912199
2021-07-20T15:50:37.691502100Z         age2 |   .9713395    .019158    -1.47   0.140      .934507    1.009624
2021-07-20T15:50:37.691844000Z         age3 |   1.000052   .0725144     0.00   0.999      .867564    1.152773
2021-07-20T15:50:37.692087000Z       1.male |   .9616449   .0268877    -1.40   0.162      .910364    1.015814
2021-07-20T15:50:37.692110500Z              |
2021-07-20T15:50:37.692114200Z    obese4cat |
2021-07-20T15:50:37.692448000Z Obese I ..)  |   1.013107   .0404787     0.33   0.744     .9367973    1.095633
2021-07-20T15:50:37.692607100Z Obese II..)  |    .954124   .0494246    -0.91   0.365     .8620088    1.056083
2021-07-20T15:50:37.693006500Z Obese II..)  |   1.002704   .0638879     0.04   0.966     .8849887    1.136076
2021-07-20T15:50:37.693016900Z              |
2021-07-20T15:50:37.693020700Z smoke_nomiss |
2021-07-20T15:50:37.693250800Z      Former  |    1.18674   .1077962     1.88   0.059     .9932025    1.417991
2021-07-20T15:50:37.693505900Z     Current  |   .9615489   .0417026    -0.90   0.366     .8831909    1.046859
2021-07-20T15:50:37.693516800Z              |
2021-07-20T15:50:37.693520600Z          imd |
2021-07-20T15:50:37.693848700Z           4  |   .9851702   .0330092    -0.45   0.656     .9225521    1.052039
2021-07-20T15:50:37.694091100Z 5 most de..  |   .8950364   .0455448    -2.18   0.029     .8100774    .9889058
2021-07-20T15:50:37.694102500Z              |
2021-07-20T15:50:37.694105500Z tot_adults~h |
2021-07-20T15:50:37.694458500Z           2  |   1.224776   .3452059     0.72   0.472     .7049259    2.127991
2021-07-20T15:50:37.694760700Z           3  |   1.135438   .2307033     0.63   0.532     .7624518    1.690886
2021-07-20T15:50:37.694772200Z              |
2021-07-20T15:50:37.694775900Z    ethnicity |
2021-07-20T15:50:37.695023900Z Asian or ..  |   1.085745   .0488388     1.83   0.067     .9941214    1.185814
2021-07-20T15:50:37.695379200Z       Other  |   1.072316   .0494428     1.51   0.130     .9796599    1.173736
2021-07-20T15:50:37.695391500Z              |
2021-07-20T15:50:37.695772600Z 1.htdiag_o~p |   1.075329   .0555873     1.40   0.160     .9717172    1.189988
2021-07-20T15:50:37.696086500Z 1.~y_disease |   1.008084   .0338362     0.24   0.810     .9439005    1.076632
2021-07-20T15:50:37.696400500Z     1.asthma |   .9949598   .0520336    -0.10   0.923     .8980284    1.102354
2021-07-20T15:50:37.696939500Z 1.~c_disease |   .9078347   .0306099    -2.87   0.004     .8497798    .9698557
2021-07-20T15:50:37.696951300Z              |
2021-07-20T15:50:37.696955900Z      diabcat |
2021-07-20T15:50:37.697222700Z T1DM, con..  |   1.068935   .0903459     0.79   0.430     .9057499    1.261521
2021-07-20T15:50:37.697462600Z T1DM, unc..  |   1.181379   .1999852     0.98   0.325     .8478072    1.646197
2021-07-20T15:50:37.697760000Z T2DM, con..  |   .9663904   .0370368    -0.89   0.372     .8964589    1.041777
2021-07-20T15:50:37.698004200Z T2DM, unc..  |   1.188158   .0826223     2.48   0.013     1.036772    1.361649
2021-07-20T15:50:37.698341300Z Diabetes,..  |   1.206504   .6711424     0.34   0.736     .4055371    3.589442
2021-07-20T15:50:37.698350400Z              |
2021-07-20T15:50:37.698361500Z cancer_exh~t |
2021-07-20T15:50:37.698662500Z   Last year  |   1.512796   .2590481     2.42   0.016      1.08149     2.11611
2021-07-20T15:50:37.698895200Z 2-5 years..  |   .8449758    .097074    -1.47   0.143     .6746136     1.05836
2021-07-20T15:50:37.699269000Z    5+ years  |   1.043574    .036001     1.24   0.216     .9753457    1.116574
2021-07-20T15:50:37.699278600Z              |
2021-07-20T15:50:37.699281200Z cancer_hae~t |
2021-07-20T15:50:37.699596000Z   Last year  |   1.153582   .2241253     0.74   0.462     .7882639    1.688206
2021-07-20T15:50:37.699866600Z 2-5 years..  |   .9017988   .1049111    -0.89   0.374     .7179345    1.132751
2021-07-20T15:50:37.700163400Z    5+ years  |   .9445694   .0362318    -1.49   0.137     .8761601     1.01832
2021-07-20T15:50:37.700174100Z              |
2021-07-20T15:50:37.700567400Z 1.~r_disease |   1.053822   .0347248     1.59   0.112     .9879134    1.124127
2021-07-20T15:50:37.700834100Z 1.stroke_d~a |   .9496029   .0337535    -1.45   0.146     .8856992    1.018117
2021-07-20T15:50:37.701176700Z 1.other_ne~o |   .9843521    .034851    -0.45   0.656     .9183615    1.055085
2021-07-20T15:50:37.701189700Z              |
2021-07-20T15:50:37.701194300Z reduced_ki~t |
2021-07-20T15:50:37.701558000Z Stage 3a/..  |   .8436806   .2158672    -0.66   0.506     .5109596    1.393059
2021-07-20T15:50:37.701867900Z       1.esrd |   1.016096    .028684     0.57   0.572     .9614032      1.0739
2021-07-20T15:50:37.702098800Z 1.other_tr~t |   .9809334     .03456    -0.55   0.585     .9154829    1.051063
2021-07-20T15:50:37.702426500Z   1.asplenia |   .9390942   .0336117    -1.76   0.079      .875474    1.007338
2021-07-20T15:50:37.702673000Z 1.ra_sle_p~s |   1.021903   .0351615     0.63   0.529       .95526    1.093195
2021-07-20T15:50:37.711324600Z 1.other_im~o |    1.05887   .0318746     1.90   0.057      .998204    1.123223
2021-07-20T15:50:37.711345400Z ------------------------------------------------------------------------------
2021-07-20T15:50:37.711519200Z                                                              Stratified by stp
2021-07-20T15:50:37.736859000Z (note: file ./output/an_sense_covid_icu_age_underlying_timescale_ageband_0MAIN.
2021-07-20T15:50:37.737055500Z > ster not found)
2021-07-20T15:50:37.737066900Z file ./output/an_sense_covid_icu_age_underlying_timescale_ageband_0MAIN.ster sa
2021-07-20T15:50:37.737070500Z > ved
2021-07-20T15:50:37.810604900Z -> stset stime_covid_icu, id(patient_id) failure(covid_icu) enter(time
2021-07-20T15:50:37.810626800Z                           enter_date) origin(time dob) scale(365.25)
2021-07-20T15:50:37.810890300Z 
2021-07-20T15:50:37.810905900Z                 id:  patient_id
2021-07-20T15:50:37.810911600Z      failure event:  covid_icu != 0 & covid_icu < .
2021-07-20T15:50:37.810926700Z obs. time interval:  (stime_covid_icu[_n-1], stime_covid_icu]
2021-07-20T15:50:37.810929700Z  enter on or after:  time enter_date
2021-07-20T15:50:37.811069900Z  exit on or before:  failure
2021-07-20T15:50:37.811086600Z     t for analysis:  (time-origin)/365.25
2021-07-20T15:50:37.811092400Z             origin:  time dob
2021-07-20T15:50:37.811174000Z 
2021-07-20T15:50:37.811186500Z ------------------------------------------------------------------------------
2021-07-20T15:50:37.811190400Z       4,494  total observations
2021-07-20T15:50:37.811583300Z           0  exclusions
2021-07-20T15:50:37.811596200Z ------------------------------------------------------------------------------
2021-07-20T15:50:37.811600900Z       4,494  observations remaining, representing
2021-07-20T15:50:37.819866300Z       4,494  subjects
2021-07-20T15:50:37.827943700Z       1,389  failures in single-failure-per-subject data
2021-07-20T15:50:37.845603800Z   1,862.949  total analysis time at risk and under observation
2021-07-20T15:50:37.845641200Z                                                 at risk from t =         0
2021-07-20T15:50:37.845927400Z                                      earliest observed entry t =        66
2021-07-20T15:50:37.846283100Z                                           last observed exit t =  109.5804
2021-07-20T15:50:43.526622100Z    1:      5.68 /        1 =       5.6780
2021-07-20T15:50:43.526668300Z 
2021-07-20T15:50:43.526674400Z -------------------------------------------------------------------------------
2021-07-20T15:50:43.526679000Z active results
2021-07-20T15:50:43.526689000Z -------------------------------------------------------------------------------
2021-07-20T15:50:43.528432500Z 
2021-07-20T15:50:43.528457000Z Stratified Cox regr. -- Breslow method for ties
2021-07-20T15:50:43.528490000Z 
2021-07-20T15:50:43.528496900Z No. of subjects      =        4,494             Number of obs    =       4,494
2021-07-20T15:50:43.528501900Z No. of failures      =        1,389
2021-07-20T15:50:43.528506200Z Time at risk         =  1862.948665
2021-07-20T15:50:43.528514300Z                                                 Wald chi2(40)    =     2036.17
2021-07-20T15:50:43.528519200Z Log pseudolikelihood =   -3579.9598             Prob > chi2      =      0.0000
2021-07-20T15:50:43.528710800Z 
2021-07-20T15:50:43.539455300Z                          (Std. Err. adjusted for 914 clusters in household_id)
2021-07-20T15:50:43.539497300Z ------------------------------------------------------------------------------
2021-07-20T15:50:43.539502500Z              |               Robust
2021-07-20T15:50:43.539505400Z           _t | Haz. Ratio   Std. Err.      z    P>|z|     [95% Conf. Interval]
2021-07-20T15:50:43.539508500Z -------------+----------------------------------------------------------------
2021-07-20T15:50:43.539521500Z    kids_cat4 |
2021-07-20T15:50:43.539523900Z only <12 ..  |    .843515   .1518228    -0.95   0.344     .5927704    1.200326
2021-07-20T15:50:43.539853400Z  only 12-18  |   .9229351   .2142178    -0.35   0.730     .5856028    1.454585
2021-07-20T15:50:43.539867100Z       mixed  |   .9105755   .1451659    -0.59   0.557     .6662169    1.244561
2021-07-20T15:50:43.539872200Z              |
2021-07-20T15:50:43.540279900Z         age1 |   1.094641          .        .       .            .           .
2021-07-20T15:50:43.540293000Z         age2 |   1.805444          .        .       .            .           .
2021-07-20T15:50:43.540694400Z         age3 |   .1501197   .0088227   -32.27   0.000     .1337864    .1684472
2021-07-20T15:50:43.540897700Z       1.male |    .967636   .0552099    -0.58   0.564     .8652577    1.082128
2021-07-20T15:50:43.540910100Z              |
2021-07-20T15:50:43.540914700Z    obese4cat |
2021-07-20T15:50:43.541158200Z Obese I ..)  |   .9666502   .0798192    -0.41   0.681     .8222106    1.136464
2021-07-20T15:50:43.541636900Z Obese II..)  |   1.164361   .1173106     1.51   0.131     .9557145    1.418558
2021-07-20T15:50:43.542059100Z Obese II..)  |   .9125306   .1089858    -0.77   0.443     .7220816     1.15321
2021-07-20T15:50:43.542070300Z              |
2021-07-20T15:50:43.542074900Z smoke_nomiss |
2021-07-20T15:50:43.542401100Z      Former  |   1.598424   .2754822     2.72   0.007     1.140225    2.240749
2021-07-20T15:50:43.542770600Z     Current  |    1.10992   .0891821     1.30   0.194      .948195    1.299229
2021-07-20T15:50:43.542784100Z              |
2021-07-20T15:50:43.542789100Z          imd |
2021-07-20T15:50:43.542937300Z           4  |   1.005574   .0710984     0.08   0.937     .8754478    1.155041
2021-07-20T15:50:43.543313300Z 5 most de..  |   .9124877   .0809981    -1.03   0.302      .766777    1.085888
2021-07-20T15:50:43.543325100Z              |
2021-07-20T15:50:43.543329600Z tot_adults~h |
2021-07-20T15:50:43.543579200Z           2  |   .7369051   .3147931    -0.71   0.475     .3190017    1.702277
2021-07-20T15:50:43.543906300Z           3  |   .6920228   .2171616    -1.17   0.241      .374117    1.280069
2021-07-20T15:50:43.543919100Z              |
2021-07-20T15:50:43.543923400Z    ethnicity |
2021-07-20T15:50:43.544183000Z Asian or ..  |   1.016347    .084307     0.20   0.845     .8638419    1.195777
2021-07-20T15:50:43.544501900Z       Other  |   .9372756   .0821949    -0.74   0.460     .7892611    1.113048
2021-07-20T15:50:43.544513800Z              |
2021-07-20T15:50:43.544772100Z 1.htdiag_o~p |    1.09695    .112071     0.91   0.365     .8978897    1.340142
2021-07-20T15:50:43.545204600Z 1.~y_disease |    .938165   .0668668    -0.90   0.370     .8158507    1.078817
2021-07-20T15:50:43.545585200Z     1.asthma |   1.168155   .1166697     1.56   0.120     .9604758    1.420739
2021-07-20T15:50:43.545893600Z 1.~c_disease |   1.073056    .067579     1.12   0.263     .9484523     1.21403
2021-07-20T15:50:43.545902100Z              |
2021-07-20T15:50:43.545904800Z      diabcat |
2021-07-20T15:50:43.546307000Z T1DM, con..  |   .7265402   .1593111    -1.46   0.145     .4727305    1.116621
2021-07-20T15:50:43.546579300Z T1DM, unc..  |    .757437   .3928304    -0.54   0.592      .274086    2.093178
2021-07-20T15:50:43.546863600Z T2DM, con..  |   1.001017   .0730927     0.01   0.989      .867537    1.155034
2021-07-20T15:50:43.547068700Z T2DM, unc..  |   1.229884   .1731854     1.47   0.142     .9332601    1.620786
2021-07-20T15:50:43.547654000Z Diabetes,..  |   6.51e-14   6.89e-14   -28.67   0.000     8.17e-15    5.19e-13
2021-07-20T15:50:43.547685800Z              |
2021-07-20T15:50:43.547691500Z cancer_exh~t |
2021-07-20T15:50:43.548150600Z   Last year  |   .6043725   .3651959    -0.83   0.405     .1849102    1.975371
2021-07-20T15:50:43.548475200Z 2-5 years..  |   .8799712   .1887826    -0.60   0.551      .577907     1.33992
2021-07-20T15:50:43.548705300Z    5+ years  |   1.021243   .0700769     0.31   0.759     .8927307    1.168256
2021-07-20T15:50:43.548717100Z              |
2021-07-20T15:50:43.548722100Z cancer_hae~t |
2021-07-20T15:50:43.548935800Z   Last year  |   1.429553   .8357948     0.61   0.541     .4545074    4.496341
2021-07-20T15:50:43.549150100Z 2-5 years..  |   1.065561   .2462176     0.27   0.783     .6774742    1.675962
2021-07-20T15:50:43.549484700Z    5+ years  |   .9801878   .0713282    -0.27   0.783     .8498992    1.130449
2021-07-20T15:50:43.549496700Z              |
2021-07-20T15:50:43.549761000Z 1.~r_disease |   .9554243   .0660232    -0.66   0.509     .8344019       1.094
2021-07-20T15:50:43.549974100Z 1.stroke_d~a |   .9326892   .0666365    -0.98   0.329     .8108161    1.072881
2021-07-20T15:50:43.550232100Z 1.other_ne~o |   .9919406   .0684422    -0.12   0.907     .8664714    1.135578
2021-07-20T15:50:43.550242900Z              |
2021-07-20T15:50:43.550247300Z reduced_ki~t |
2021-07-20T15:50:43.550545300Z Stage 3a/..  |   1.182773   .1528617     1.30   0.194     .9181039    1.523739
2021-07-20T15:50:43.550871500Z       1.esrd |   .9335256   .0526447    -1.22   0.223     .8358418    1.042626
2021-07-20T15:50:43.551076700Z 1.other_tr~t |   1.004777   .0686166     0.07   0.944      .878903    1.148679
2021-07-20T15:50:43.551423100Z   1.asplenia |   1.119232   .0712773     1.77   0.077      .987898    1.268026
2021-07-20T15:50:43.551719400Z 1.ra_sle_p~s |   .9944223   .0708511    -0.08   0.937     .8648166    1.143451
2021-07-20T15:50:43.552875700Z 1.other_im~o |   .9666444   .0570355    -0.57   0.565     .8610786    1.085152
2021-07-20T15:50:43.552888500Z ------------------------------------------------------------------------------
2021-07-20T15:50:43.553078000Z                                                              Stratified by stp
2021-07-20T15:50:43.560822700Z (note: file ./output/an_sense_covid_icu_age_underlying_timescale_ageband_1MAIN.
2021-07-20T15:50:43.560848600Z > ster not found)
2021-07-20T15:50:43.560852700Z file ./output/an_sense_covid_icu_age_underlying_timescale_ageband_1MAIN.ster sa
2021-07-20T15:50:43.560855300Z > ved
2021-07-20T15:50:43.560890600Z 
2021-07-20T15:50:43.560902600Z . 
2021-07-20T15:50:43.560907400Z . log close
2021-07-20T15:50:43.561103800Z       name:  <unnamed>
2021-07-20T15:50:43.561115800Z        log:  /workspace/log/07d_an_multivariable_cox_models_covid_icu_Sense4_ag
2021-07-20T15:50:43.561120700Z > etimescaleMAIN.log
2021-07-20T15:50:43.561124400Z   log type:  text
2021-07-20T15:50:43.561128000Z  closed on:  20 Jul 2021, 15:50:43
2021-07-20T15:50:43.561131600Z -------------------------------------------------------------------------------
2021-07-20T15:50:43.561135800Z 
2021-07-20T15:50:43.561138900Z . 
2021-07-20T15:50:43.561141300Z . 
2021-07-20T15:50:43.561143300Z . 
2021-07-20T15:50:43.561145300Z . exit, clear
2021-07-20T15:50:43.561147500Z 
2021-07-20T15:50:43.561150400Z end of do-file
2021-07-20T15:50:43.561154000Z 
2021-07-20T15:50:43.561157900Z . . file open output using "/tmp/tmp.JwA1DAUHBC", write text replace
2021-07-20T15:50:43.561300600Z 
2021-07-20T15:50:43.561311200Z . . file write output "success" 
2021-07-20T15:50:43.561314500Z 
2021-07-20T15:50:43.561317700Z . . file close output
2021-07-20T15:50:43.561322400Z 
2021-07-20T15:50:43.561326000Z . 
2021-07-20T15:50:43.561329900Z end of do-file
2021-07-20T15:50:43.561333900Z 
2021-07-20T15:50:43.561337600Z 
2021-07-20T15:50:43.584220300Z . 

state: succeeded
commit: none
docker_image_id: sha256:11980aa720220a1b39bf523f5a8a33270214c13876c30ee364e16265766f7f60
exit_code: 0
job_id: lnnojs7cxhwl7h4q
run_by_user: qc18278
created_at: 2021-07-20T15:38:48Z
started_at: 2021-07-20T15:50:33Z
completed_at: 2021-07-20T15:51:37Z

Completed successfully

outputs:
  log/07d_an_multivariable_cox_models_covid_icu_Sense4_agetimescaleMAIN.log  - moderately_sensitive
  output/an_sense_covid_icu_age_underlying_timescale_ageband_0MAIN.ster      - moderately_sensitive
  output/an_sense_covid_icu_age_underlying_timescale_ageband_1MAIN.ster      - moderately_sensitive