2021-07-20T15:57:04.338163500Z 
2021-07-20T15:57:04.338189900Z   ___  ____  ____  ____  ____ (R)
2021-07-20T15:57:04.338194200Z  /__    /   ____/   /   ____/
2021-07-20T15:57:04.338196500Z ___/   /   /___/   /   /___/   16.1   Copyright 1985-2019 StataCorp LLC
2021-07-20T15:57:04.338198900Z   Statistics/Data Analysis            StataCorp
2021-07-20T15:57:04.338201100Z                                       4905 Lakeway Drive
2021-07-20T15:57:04.338203500Z                                       College Station, Texas 77845 USA
2021-07-20T15:57:04.338205700Z                                       800-STATA-PC        http://www.stata.com
2021-07-20T15:57:04.338207900Z                                       979-696-4600        stata@stata.com
2021-07-20T15:57:04.338210100Z                                       979-696-4601 (fax)
2021-07-20T15:57:04.338212200Z 
2021-07-20T15:57:04.338214200Z 3-user Stata network license expires 11 May 2022:
2021-07-20T15:57:04.338216700Z        Serial number:  501709312237
2021-07-20T15:57:04.338218900Z          Licensed to:  The Bennett Institute
2021-07-20T15:57:04.338221300Z                        Oxford University
2021-07-20T15:57:04.338922600Z 
2021-07-20T15:57:04.338937500Z Notes:
2021-07-20T15:57:04.338942400Z       1.  Unicode is supported; see help unicode_advice.
2021-07-20T15:57:04.338946600Z 
2021-07-20T15:57:04.338950400Z . do "analysis/07d_an_multivariable_cox_models_FULL_Sense6.wrapper.do" covid_ic
2021-07-20T15:57:04.338954800Z > u W2 
2021-07-20T15:57:04.338958500Z 
2021-07-20T15:57:04.338961700Z . . do "analysis/07d_an_multivariable_cox_models_FULL_Sense6.do" covid_icu W2
2021-07-20T15:57:04.338965500Z 
2021-07-20T15:57:04.338968900Z . *****************************************************************************
2021-07-20T15:57:04.338973600Z > ***
2021-07-20T15:57:04.338977400Z . *
2021-07-20T15:57:04.338980800Z . *       Do-file:                07d_an_multivariable_cox_models_Sense4.do
2021-07-20T15:57:04.338985000Z . *
2021-07-20T15:57:04.338988800Z . *       Project:                Exposure children and COVID risk
2021-07-20T15:57:04.338992800Z . *
2021-07-20T15:57:04.338996300Z . *       Programmed by:  Hforbes, based on files from Fizz & Krishnan
2021-07-20T15:57:04.339000200Z . *
2021-07-20T15:57:04.339003700Z . *       Data used:              analysis_dataset.dta
2021-07-20T15:57:04.339007300Z . *
2021-07-20T15:57:04.339010800Z . *       Data created:   None
2021-07-20T15:57:04.339014500Z . *
2021-07-20T15:57:04.339018100Z . *       Other output:   Log file:  07b_an_multivariable_cox_models_`outcome'.
2021-07-20T15:57:04.339022100Z > log
2021-07-20T15:57:04.339038300Z . *
2021-07-20T15:57:04.339042500Z . *****************************************************************************
2021-07-20T15:57:04.339046200Z > ***
2021-07-20T15:57:04.339049800Z . *
2021-07-20T15:57:04.339059500Z . *       Purpose:                This do-file performs multivariable (fully ad
2021-07-20T15:57:04.339064500Z > justed) 
2021-07-20T15:57:04.339068500Z . *                                       Cox models, with exposure variable id
2021-07-20T15:57:04.339072300Z > entifying nursery school kids
2021-07-20T15:57:04.339075700Z . *  
2021-07-20T15:57:04.339079100Z . *****************************************************************************
2021-07-20T15:57:04.339082900Z > ***
2021-07-20T15:57:04.339086300Z . *       
2021-07-20T15:57:04.339089600Z . *       Stata routines needed:  stbrier   
2021-07-20T15:57:04.339093200Z . *
2021-07-20T15:57:04.339097000Z . *****************************************************************************
2021-07-20T15:57:04.339101000Z > ***
2021-07-20T15:57:04.339104900Z . 
2021-07-20T15:57:04.339108500Z . * Set globals that will print in programs and direct output
2021-07-20T15:57:04.339112200Z . global outdir     "output" 
2021-07-20T15:57:04.339115800Z 
2021-07-20T15:57:04.339119200Z . global logdir     "log"
2021-07-20T15:57:04.339629200Z 
2021-07-20T15:57:04.339643700Z . global tempdir    "tempdata"
2021-07-20T15:57:04.339649500Z 
2021-07-20T15:57:04.339654000Z . global demogadjlist  age1 age2 age3 i.male i.obese4cat i.smoke_nomiss i.imd i
2021-07-20T15:57:04.339658200Z > .tot_adults_hh i.ethnicity
2021-07-20T15:57:04.339662300Z 
2021-07-20T15:57:04.339665900Z . global comordidadjlist  i.htdiag_or_highbp                              ///
2021-07-20T15:57:04.339669600Z >                         i.chronic_respiratory_disease   ///
2021-07-20T15:57:04.339673200Z >                         i.asthma                                             
2021-07-20T15:57:04.339676700Z >    ///
2021-07-20T15:57:04.339680200Z >                         i.chronic_cardiac_disease               ///
2021-07-20T15:57:04.339683800Z >                         i.diabcat                                            
2021-07-20T15:57:04.339687400Z >    ///
2021-07-20T15:57:04.339690900Z >                         i.cancer_exhaem_cat                             ///
2021-07-20T15:57:04.339694400Z >                         i.cancer_haem_cat                               ///
2021-07-20T15:57:04.339697700Z >                         i.chronic_liver_disease                 ///
2021-07-20T15:57:04.339701800Z >                         i.stroke_dementia                               ///
2021-07-20T15:57:04.339715400Z >                         i.other_neuro                                   ///
2021-07-20T15:57:04.339719800Z >                         i.reduced_kidney_function_cat   ///
2021-07-20T15:57:04.339724400Z >                         i.esrd                                               
2021-07-20T15:57:04.339727900Z >    ///
2021-07-20T15:57:04.339731500Z >                         i.other_transplant                              ///
2021-07-20T15:57:04.339735000Z >                         i.asplenia                                           
2021-07-20T15:57:04.339738600Z >    ///
2021-07-20T15:57:04.339741900Z >                         i.ra_sle_psoriasis                      ///
2021-07-20T15:57:04.339745200Z >                         i.other_immuno          
2021-07-20T15:57:04.339748300Z 
2021-07-20T15:57:04.339752100Z . 
2021-07-20T15:57:04.339755300Z . local outcome `1' 
2021-07-20T15:57:04.339758700Z 
2021-07-20T15:57:04.339762200Z . local dataset `2'
2021-07-20T15:57:04.339765500Z 
2021-07-20T15:57:04.339768700Z . 
2021-07-20T15:57:04.339771600Z . 
2021-07-20T15:57:04.339774500Z . *****************************************************************************
2021-07-20T15:57:04.339778300Z > *******
2021-07-20T15:57:04.339781900Z . *First clean up all old saved estimates for this outcome
2021-07-20T15:57:04.339785600Z . *This is to guard against accidentally displaying left-behind results from ol
2021-07-20T15:57:04.339789300Z > d runs
2021-07-20T15:57:04.339792700Z . *****************************************************************************
2021-07-20T15:57:04.339796200Z > *******
2021-07-20T15:57:04.339799800Z . 
2021-07-20T15:57:04.339803100Z . * Open a log file
2021-07-20T15:57:04.339806800Z . capture log close
2021-07-20T15:57:04.339810800Z 
2021-07-20T15:57:04.339814400Z . log using "$logdir/07d_an_multivariable_cox_models_`outcome'_Sense6_nursery_c
2021-07-20T15:57:04.339818500Z > at`dataset'", text replace
2021-07-20T15:57:04.339822400Z (note: file /workspace/log/07d_an_multivariable_cox_models_covid_icu_Sense6_nur
2021-07-20T15:57:04.339825700Z > sery_catW2.log not found)
2021-07-20T15:57:04.339830900Z -------------------------------------------------------------------------------
2021-07-20T15:57:04.339834900Z       name:  <unnamed>
2021-07-20T15:57:04.339838800Z        log:  /workspace/log/07d_an_multivariable_cox_models_covid_icu_Sense6_nu
2021-07-20T15:57:04.339843500Z > rsery_catW2.log
2021-07-20T15:57:04.339847400Z   log type:  text
2021-07-20T15:57:04.339851200Z  opened on:  20 Jul 2021, 15:57:04
2021-07-20T15:57:04.339861100Z 
2021-07-20T15:57:04.339879300Z . 
2021-07-20T15:57:04.339898400Z . 
2021-07-20T15:57:04.339903200Z . *****************************************************************************
2021-07-20T15:57:04.339907100Z > ********
2021-07-20T15:57:04.339910700Z . *PROG TO DEFINE THE BASIC COX MODEL WITH OPTIONS FOR HANDLING OF AGE, BMI, ET
2021-07-20T15:57:04.339914100Z > HNICITY:
2021-07-20T15:57:04.339917500Z . cap prog drop basecoxmodel
2021-07-20T15:57:04.339920800Z 
2021-07-20T15:57:04.339923900Z . prog define basecoxmodel
2021-07-20T15:57:04.339927200Z   1.         syntax , exposure(string) age(string)
2021-07-20T15:57:04.339930600Z   2. timer clear
2021-07-20T15:57:04.339933900Z   3. timer on 1
2021-07-20T15:57:04.339937000Z   4.         capture stcox   `exposure'                      ///
2021-07-20T15:57:04.339940000Z >                         $demogadjlist                           ///
2021-07-20T15:57:04.339943500Z >                         $comordidadjlist                ///
2021-07-20T15:57:04.339947100Z >                         , strata(stp) vce(cluster household_id)
2021-07-20T15:57:04.339950600Z   5. timer off 1
2021-07-20T15:57:04.339953800Z   6. timer list
2021-07-20T15:57:04.339957200Z   7. end
2021-07-20T15:57:04.339960200Z 
2021-07-20T15:57:04.339963500Z . *****************************************************************************
2021-07-20T15:57:04.339966700Z > ********
2021-07-20T15:57:04.339969700Z . 
2021-07-20T15:57:04.339972900Z . 
2021-07-20T15:57:04.339977700Z . * Open dataset and fit specified model(s)
2021-07-20T15:57:04.339981300Z . forvalues x=0/1 {
2021-07-20T15:57:04.339987400Z   2. 
2021-07-20T15:57:04.339991200Z . use "$tempdir/cr_create_analysis_dataset_STSET_`outcome'_ageband_`x'`dataset'
2021-07-20T15:57:04.339994900Z > .dta", clear
2021-07-20T15:57:04.339998100Z   3. 
2021-07-20T15:57:04.340001100Z . 
2021-07-20T15:57:04.340004000Z . ******************************
2021-07-20T15:57:04.340007600Z . *  Multivariable Cox models  *
2021-07-20T15:57:04.340010700Z . ******************************
2021-07-20T15:57:04.340014000Z . 
2021-07-20T15:57:04.340017200Z . foreach exposure_type in kids_cat5  {
2021-07-20T15:57:04.340020300Z   4. 
2021-07-20T15:57:04.340023700Z . *Age spline model (not adj ethnicity)
2021-07-20T15:57:04.340027000Z . basecoxmodel, exposure("i.`exposure_type'") age("age1 age2 age3")
2021-07-20T15:57:04.340030700Z   5. if _rc==0{
2021-07-20T15:57:04.340034400Z   6. estimates
2021-07-20T15:57:04.340045500Z   7. estimates save ./output/an_sense_`outcome'_nursery_cat_ageband_`x'`dataset
2021-07-20T15:57:04.340049500Z > ', replace
2021-07-20T15:57:04.340052900Z   8. *estat concordance /*c-statistic*/
2021-07-20T15:57:04.340056000Z .         /*  Proportional Hazards test  
2021-07-20T15:57:04.340059100Z >         * Based on Schoenfeld residuals
2021-07-20T15:57:04.340062600Z >         timer clear 
2021-07-20T15:57:04.340065900Z >         timer on 1
2021-07-20T15:57:04.340069300Z >         if e(N_fail)>0 estat phtest, d
2021-07-20T15:57:04.340072600Z >         timer off 1
2021-07-20T15:57:04.340076100Z >         timer list*/
2021-07-20T15:57:04.340079800Z . }
2021-07-20T15:57:04.340083300Z   9. else di "WARNING AGE SPLINE MODEL DID NOT FIT (OUTCOME `outcome')"
2021-07-20T15:57:04.340087000Z  10. 
2021-07-20T15:57:04.340090600Z . }
2021-07-20T15:57:04.340179700Z  11. }
2021-07-20T15:57:12.022972400Z    1:      7.68 /        1 =       7.6770
2021-07-20T15:57:12.026037800Z 
2021-07-20T15:57:12.026057400Z -------------------------------------------------------------------------------
2021-07-20T15:57:12.026061600Z active results
2021-07-20T15:57:12.026064400Z -------------------------------------------------------------------------------
2021-07-20T15:57:12.027968100Z 
2021-07-20T15:57:12.027995700Z Stratified Cox regr. -- Breslow method for ties
2021-07-20T15:57:12.028002200Z 
2021-07-20T15:57:12.028006700Z No. of subjects      =       16,235             Number of obs    =      16,235
2021-07-20T15:57:12.028011500Z No. of failures      =        4,374
2021-07-20T15:57:12.028173300Z Time at risk         =      1325984
2021-07-20T15:57:12.028230300Z                                                 Wald chi2(43)    =       40.66
2021-07-20T15:57:12.028334300Z Log pseudolikelihood =   -31147.554             Prob > chi2      =      0.5731
2021-07-20T15:57:12.028349000Z 
2021-07-20T15:57:12.089929800Z                        (Std. Err. adjusted for 1,121 clusters in household_id)
2021-07-20T15:57:12.089957400Z ------------------------------------------------------------------------------
2021-07-20T15:57:12.089964000Z              |               Robust
2021-07-20T15:57:12.089969200Z           _t | Haz. Ratio   Std. Err.      z    P>|z|     [95% Conf. Interval]
2021-07-20T15:57:12.089974500Z -------------+----------------------------------------------------------------
2021-07-20T15:57:12.089979200Z    kids_cat5 |
2021-07-20T15:57:12.098410400Z only <5 y..  |   1.095776   .1629707     0.61   0.539     .8187017    1.466621
2021-07-20T15:57:12.098591700Z   only 5-11  |   1.042328   .1403051     0.31   0.758     .8006193    1.357008
2021-07-20T15:57:12.098763400Z      12-<18  |   .9780259   .1555579    -0.14   0.889     .7160844    1.335785
2021-07-20T15:57:12.099049300Z       mixed  |   1.009059   .1086814     0.08   0.933     .8170286    1.246223
2021-07-20T15:57:12.099063100Z              |
2021-07-20T15:57:12.099239200Z         age1 |    1.00098   .0059317     0.17   0.869     .9894209    1.012673
2021-07-20T15:57:12.099481200Z         age2 |   1.006591   .0182643     0.36   0.717     .9714223    1.043032
2021-07-20T15:57:12.099745700Z         age3 |   .9784498   .0487071    -0.44   0.662     .8874949    1.078726
2021-07-20T15:57:12.099975400Z       1.male |   .9972442   .0305635    -0.09   0.928     .9391045    1.058983
2021-07-20T15:57:12.099987200Z              |
2021-07-20T15:57:12.099990300Z    obese4cat |
2021-07-20T15:57:12.100179400Z Obese I ..)  |   .9285362   .0421146    -1.63   0.102     .8495555    1.014859
2021-07-20T15:57:12.100386100Z Obese II..)  |    1.00303   .0536433     0.06   0.955      .903214    1.113877
2021-07-20T15:57:12.100717900Z Obese II..)  |   .9919865   .0630182    -0.13   0.899      .875853    1.123519
2021-07-20T15:57:12.100729600Z              |
2021-07-20T15:57:12.100732600Z smoke_nomiss |
2021-07-20T15:57:12.100926200Z      Former  |   .8599551   .1002295    -1.29   0.195     .6843314     1.08065
2021-07-20T15:57:12.101264600Z     Current  |   .9493621   .0470191    -1.05   0.294     .8615379    1.046139
2021-07-20T15:57:12.101277800Z              |
2021-07-20T15:57:12.101282600Z          imd |
2021-07-20T15:57:12.101411800Z           4  |   .9788231    .038157    -0.55   0.583     .9068223    1.056541
2021-07-20T15:57:12.101696700Z 5 most de..  |   .9718767   .0512269    -0.54   0.588     .8764859    1.077649
2021-07-20T15:57:12.101710900Z              |
2021-07-20T15:57:12.101715900Z tot_adults~h |
2021-07-20T15:57:12.101903100Z           2  |   1.346341   .3282631     1.22   0.223     .8348647     2.17117
2021-07-20T15:57:12.102143400Z           3  |   1.204652   .2593115     0.86   0.387     .7900109    1.836918
2021-07-20T15:57:12.102156300Z              |
2021-07-20T15:57:12.102161200Z    ethnicity |
2021-07-20T15:57:12.102406700Z Asian or ..  |   1.036563   .0521252     0.71   0.475     .9392728    1.143931
2021-07-20T15:57:12.102757600Z       Other  |    1.00189   .0512445     0.04   0.971      .906323    1.107534
2021-07-20T15:57:12.102773400Z              |
2021-07-20T15:57:12.103157500Z 1.htdiag_o~p |   1.036069   .0583115     0.63   0.529     .9278587    1.156899
2021-07-20T15:57:12.103419100Z 1.~y_disease |   .9998694   .0366305    -0.00   0.997     .9305919    1.074304
2021-07-20T15:57:12.103734900Z     1.asthma |   1.004523   .0555664     0.08   0.935     .9013109    1.119554
2021-07-20T15:57:12.104006500Z 1.~c_disease |   .9418411   .0361258    -1.56   0.118     .8736318    1.015376
2021-07-20T15:57:12.104025200Z              |
2021-07-20T15:57:12.104028000Z      diabcat |
2021-07-20T15:57:12.104281400Z T1DM, con..  |   1.089996   .1035528     0.91   0.364      .904812    1.313081
2021-07-20T15:57:12.104628900Z T1DM, unc..  |   .8050115   .1661095    -1.05   0.293     .5372316    1.206265
2021-07-20T15:57:12.104951100Z T2DM, con..  |      1.068   .0416677     1.69   0.092     .9893772    1.152871
2021-07-20T15:57:12.105124000Z T2DM, unc..  |   .9636704   .0814259    -0.44   0.661     .8165931    1.137238
2021-07-20T15:57:12.105480700Z Diabetes,..  |   2.728241   1.239868     2.21   0.027     1.119563    6.648399
2021-07-20T15:57:12.105492200Z              |
2021-07-20T15:57:12.105495100Z cancer_exh~t |
2021-07-20T15:57:12.105802600Z   Last year  |   .5138054     .17636    -1.94   0.052     .2621983    1.006856
2021-07-20T15:57:12.105921900Z 2-5 years..  |   1.104237   .1285536     0.85   0.394     .8789548     1.38726
2021-07-20T15:57:12.106266700Z    5+ years  |   .9410639   .0412242    -1.39   0.166     .8636374    1.025432
2021-07-20T15:57:12.106281200Z              |
2021-07-20T15:57:12.106286500Z cancer_hae~t |
2021-07-20T15:57:12.106539800Z   Last year  |   .6619235   .1866625    -1.46   0.143     .3808631    1.150394
2021-07-20T15:57:12.106868500Z 2-5 years..  |   1.226087   .1377708     1.81   0.070     .9837277    1.528156
2021-07-20T15:57:12.107210800Z    5+ years  |   .9787887   .0387766    -0.54   0.588     .9056637    1.057818
2021-07-20T15:57:12.107221900Z              |
2021-07-20T15:57:12.107507000Z 1.~r_disease |   .9853476   .0372732    -0.39   0.696     .9149359    1.061178
2021-07-20T15:57:12.107748700Z 1.stroke_d~a |   .9865373   .0372472    -0.36   0.720     .9161699    1.062309
2021-07-20T15:57:12.108036900Z 1.other_ne~o |   .9873155    .036151    -0.35   0.727     .9189435    1.060775
2021-07-20T15:57:12.108047600Z              |
2021-07-20T15:57:12.108050500Z reduced_ki~t |
2021-07-20T15:57:12.108391400Z Stage 3a/..  |   1.017304   .2605269     0.07   0.947     .6158313    1.680504
2021-07-20T15:57:12.108615100Z       1.esrd |   1.005588   .0318584     0.18   0.860     .9450459    1.070009
2021-07-20T15:57:12.108912100Z 1.other_tr~t |   1.004719   .0381758     0.12   0.901     .9326146    1.082399
2021-07-20T15:57:12.109180400Z   1.asplenia |   .9863928   .0361973    -0.37   0.709     .9179387    1.059952
2021-07-20T15:57:12.109447900Z 1.ra_sle_p~s |   1.033223   .0413019     0.82   0.414     .9553623    1.117428
2021-07-20T15:57:12.118695400Z 1.other_im~o |   1.062226   .0343655     1.87   0.062      .996962    1.131762
2021-07-20T15:57:12.118723300Z ------------------------------------------------------------------------------
2021-07-20T15:57:12.118890800Z                                                              Stratified by stp
2021-07-20T15:57:12.143284900Z (note: file ./output/an_sense_covid_icu_nursery_cat_ageband_0W2.ster not found)
2021-07-20T15:57:12.143325100Z file ./output/an_sense_covid_icu_nursery_cat_ageband_0W2.ster saved
2021-07-20T15:57:13.735169400Z    1:      1.59 /        1 =       1.5900
2021-07-20T15:57:13.735236800Z 
2021-07-20T15:57:13.735243500Z -------------------------------------------------------------------------------
2021-07-20T15:57:13.735247900Z active results
2021-07-20T15:57:13.735251800Z -------------------------------------------------------------------------------
2021-07-20T15:57:13.737479200Z 
2021-07-20T15:57:13.737500700Z Stratified Cox regr. -- Breslow method for ties
2021-07-20T15:57:13.737778600Z 
2021-07-20T15:57:13.737793600Z No. of subjects      =        4,496             Number of obs    =       4,496
2021-07-20T15:57:13.737799800Z No. of failures      =        1,224
2021-07-20T15:57:13.737805000Z Time at risk         =       367117
2021-07-20T15:57:13.737809600Z                                                 Wald chi2(43)    =       35.98
2021-07-20T15:57:13.737814200Z Log pseudolikelihood =   -7140.6918             Prob > chi2      =      0.7670
2021-07-20T15:57:13.737869200Z 
2021-07-20T15:57:13.752106600Z                          (Std. Err. adjusted for 912 clusters in household_id)
2021-07-20T15:57:13.752141000Z ------------------------------------------------------------------------------
2021-07-20T15:57:13.752147200Z              |               Robust
2021-07-20T15:57:13.752152000Z           _t | Haz. Ratio   Std. Err.      z    P>|z|     [95% Conf. Interval]
2021-07-20T15:57:13.752157000Z -------------+----------------------------------------------------------------
2021-07-20T15:57:13.752161300Z    kids_cat5 |
2021-07-20T15:57:13.752425700Z only <5 y..  |   .8884891   .2994978    -0.35   0.726     .4589057    1.720207
2021-07-20T15:57:13.752744200Z   only 5-11  |   .8755171   .2251884    -0.52   0.605     .5288473    1.449436
2021-07-20T15:57:13.753367900Z      12-<18  |   .8120323   .2492705    -0.68   0.498     .4449169    1.482066
2021-07-20T15:57:13.753383400Z       mixed  |   .9886773   .2148918    -0.05   0.958     .6457189     1.51379
2021-07-20T15:57:13.753389600Z              |
2021-07-20T15:57:13.753579800Z         age1 |   .9995522   .0253654    -0.02   0.986     .9510529    1.050525
2021-07-20T15:57:13.753772700Z         age2 |    1.05556   .1431725     0.40   0.690     .8091497     1.37701
2021-07-20T15:57:13.754114100Z         age3 |   .8793202   .2368926    -0.48   0.633     .5185967    1.490954
2021-07-20T15:57:13.754960800Z       1.male |    1.10489   .0663117     1.66   0.097     .9822742    1.242811
2021-07-20T15:57:13.754977400Z              |
2021-07-20T15:57:13.754983100Z    obese4cat |
2021-07-20T15:57:13.755150600Z Obese I ..)  |   .8806566   .0773553    -1.45   0.148     .7413761    1.046103
2021-07-20T15:57:13.756062600Z Obese II..)  |   .9377297   .0922912    -0.65   0.514     .7732191    1.137242
2021-07-20T15:57:13.756077100Z Obese II..)  |   .9160347   .1133599    -0.71   0.479     .7187455    1.167478
2021-07-20T15:57:13.756082400Z              |
2021-07-20T15:57:13.756158300Z smoke_nomiss |
2021-07-20T15:57:13.756654500Z      Former  |   1.503435   .2717109     2.26   0.024     1.054994    2.142494
2021-07-20T15:57:13.756958900Z     Current  |   .9341717   .0835596    -0.76   0.446     .7839505    1.113178
2021-07-20T15:57:13.756979500Z              |
2021-07-20T15:57:13.756984300Z          imd |
2021-07-20T15:57:13.757904400Z           4  |    .946054   .0699423    -0.75   0.453     .8184385    1.093568
2021-07-20T15:57:13.757917100Z 5 most de..  |   1.009891   .0969443     0.10   0.918     .8366882    1.218949
2021-07-20T15:57:13.757922100Z              |
2021-07-20T15:57:13.757926500Z tot_adults~h |
2021-07-20T15:57:13.757985000Z           2  |   .5990209   .2481289    -1.24   0.216     .2659829    1.349057
2021-07-20T15:57:13.758374200Z           3  |   .5584716   .1782579    -1.83   0.068     .2987494    1.043987
2021-07-20T15:57:13.758385500Z              |
2021-07-20T15:57:13.758390200Z    ethnicity |
2021-07-20T15:57:13.758826500Z Asian or ..  |   1.165479   .1074335     1.66   0.097     .9728386    1.396265
2021-07-20T15:57:13.759128500Z       Other  |   .9837858   .0958821    -0.17   0.867      .812719     1.19086
2021-07-20T15:57:13.759138900Z              |
2021-07-20T15:57:13.759578300Z 1.htdiag_o~p |   1.001078   .1060482     0.01   0.992     .8133857     1.23208
2021-07-20T15:57:13.760231600Z 1.~y_disease |   1.003554   .0736914     0.05   0.961      .869034    1.158897
2021-07-20T15:57:13.760374100Z     1.asthma |   1.089448   .1124476     0.83   0.407     .8899174    1.333716
2021-07-20T15:57:13.760763000Z 1.~c_disease |   .9679901   .0655564    -0.48   0.631     .8476644    1.105396
2021-07-20T15:57:13.760776700Z              |
2021-07-20T15:57:13.760781600Z      diabcat |
2021-07-20T15:57:13.761114700Z T1DM, con..  |   .8589555   .1717104    -0.76   0.447     .5805108    1.270957
2021-07-20T15:57:13.761241500Z T1DM, unc..  |   .7506906   .3347147    -0.64   0.520     .3132787    1.798834
2021-07-20T15:57:13.761968400Z T2DM, con..  |   .9717251   .0724962    -0.38   0.701     .8395354    1.124729
2021-07-20T15:57:13.761981500Z T2DM, unc..  |   .9513983   .1589625    -0.30   0.766     .6857109     1.32003
2021-07-20T15:57:13.762213300Z Diabetes,..  |   1.909132   1.183703     1.04   0.297     .5663335    6.435754
2021-07-20T15:57:13.762225000Z              |
2021-07-20T15:57:13.762230100Z cancer_exh~t |
2021-07-20T15:57:13.762649900Z   Last year  |   1.051591   .3966879     0.13   0.894     .5020548    2.202635
2021-07-20T15:57:13.762757200Z 2-5 years..  |   1.179006   .2788366     0.70   0.486     .7416617    1.874245
2021-07-20T15:57:13.763201300Z    5+ years  |   1.056223   .0790021     0.73   0.465     .9121969     1.22299
2021-07-20T15:57:13.763215100Z              |
2021-07-20T15:57:13.763220500Z cancer_hae~t |
2021-07-20T15:57:13.763566300Z   Last year  |   .6284253   .3636109    -0.80   0.422     .2021822    1.953279
2021-07-20T15:57:13.763820700Z 2-5 years..  |   1.058353   .2347249     0.26   0.798     .6852492    1.634605
2021-07-20T15:57:13.764280300Z    5+ years  |    .993548   .0739703    -0.09   0.931     .8586503    1.149639
2021-07-20T15:57:13.764292300Z              |
2021-07-20T15:57:13.764643100Z 1.~r_disease |   .9996408   .0712998    -0.01   0.996     .8692239    1.149625
2021-07-20T15:57:13.764993800Z 1.stroke_d~a |    .956121   .0702702    -0.61   0.542     .8278539    1.104262
2021-07-20T15:57:13.765549900Z 1.other_ne~o |   .9791665    .070128    -0.29   0.769     .8509291     1.12673
2021-07-20T15:57:13.765583200Z              |
2021-07-20T15:57:13.765591300Z reduced_ki~t |
2021-07-20T15:57:13.765985300Z Stage 3a/..  |   1.046427   .1672132     0.28   0.776     .7650535    1.431285
2021-07-20T15:57:13.766387000Z       1.esrd |   .8915668   .0547011    -1.87   0.061       .79055    1.005491
2021-07-20T15:57:13.766821200Z 1.other_tr~t |   1.099201   .0787626     1.32   0.187     .9551788    1.264938
2021-07-20T15:57:13.776462800Z   1.asplenia |   .9902388   .0735375    -0.13   0.895     .8561062    1.145387
2021-07-20T15:57:13.776485600Z 1.ra_sle_p~s |   1.033298   .0763197     0.44   0.657     .8940368     1.19425
2021-07-20T15:57:13.776491400Z 1.other_im~o |   .9475062   .0590897    -0.86   0.387     .8384907    1.070695
2021-07-20T15:57:13.776495400Z ------------------------------------------------------------------------------
2021-07-20T15:57:13.776499900Z                                                              Stratified by stp
2021-07-20T15:57:13.780701500Z (note: file ./output/an_sense_covid_icu_nursery_cat_ageband_1W2.ster not found)
2021-07-20T15:57:13.780718600Z file ./output/an_sense_covid_icu_nursery_cat_ageband_1W2.ster saved
2021-07-20T15:57:13.780913700Z 
2021-07-20T15:57:13.780927700Z . 
2021-07-20T15:57:13.780932800Z . log close
2021-07-20T15:57:13.780988900Z       name:  <unnamed>
2021-07-20T15:57:13.781002800Z        log:  /workspace/log/07d_an_multivariable_cox_models_covid_icu_Sense6_nu
2021-07-20T15:57:13.781008100Z > rsery_catW2.log
2021-07-20T15:57:13.781012100Z   log type:  text
2021-07-20T15:57:13.781016000Z  closed on:  20 Jul 2021, 15:57:13
2021-07-20T15:57:13.781020300Z -------------------------------------------------------------------------------
2021-07-20T15:57:13.781024900Z 
2021-07-20T15:57:13.781028800Z . 
2021-07-20T15:57:13.781032500Z . 
2021-07-20T15:57:13.781036700Z . 
2021-07-20T15:57:13.781046200Z . exit, clear 
2021-07-20T15:57:13.781050200Z 
2021-07-20T15:57:13.781053800Z end of do-file
2021-07-20T15:57:13.781057400Z 
2021-07-20T15:57:13.781061100Z . . file open output using "/tmp/tmp.cKfsg2UtLv", write text replace
2021-07-20T15:57:13.781272000Z 
2021-07-20T15:57:13.781283700Z . . file write output "success" 
2021-07-20T15:57:13.781286700Z 
2021-07-20T15:57:13.781289500Z . . file close output
2021-07-20T15:57:13.781362900Z 
2021-07-20T15:57:13.781375800Z . 
2021-07-20T15:57:13.781378800Z end of do-file
2021-07-20T15:57:13.781381200Z 
2021-07-20T15:57:13.781383500Z 
2021-07-20T15:57:13.807318700Z . 

state: succeeded
commit: none
docker_image_id: sha256:11980aa720220a1b39bf523f5a8a33270214c13876c30ee364e16265766f7f60
exit_code: 0
job_id: hw4qgoees5dwxfue
run_by_user: qc18278
created_at: 2021-07-20T15:38:48Z
started_at: 2021-07-20T15:57:04Z
completed_at: 2021-07-20T15:57:53Z

Completed successfully

outputs:
  log/07d_an_multivariable_cox_models_covid_icu_Sense6_nursery_catW2.log  - moderately_sensitive
  output/an_sense_covid_icu_nursery_cat_ageband_0W2.ster                  - moderately_sensitive
  output/an_sense_covid_icu_nursery_cat_ageband_1W2.ster                  - moderately_sensitive