2021-07-20T15:55:52.788586300Z 
2021-07-20T15:55:52.788620200Z   ___  ____  ____  ____  ____ (R)
2021-07-20T15:55:52.788625400Z  /__    /   ____/   /   ____/
2021-07-20T15:55:52.788629100Z ___/   /   /___/   /   /___/   16.1   Copyright 1985-2019 StataCorp LLC
2021-07-20T15:55:52.788632700Z   Statistics/Data Analysis            StataCorp
2021-07-20T15:55:52.788636200Z                                       4905 Lakeway Drive
2021-07-20T15:55:52.788640000Z                                       College Station, Texas 77845 USA
2021-07-20T15:55:52.788643600Z                                       800-STATA-PC        http://www.stata.com
2021-07-20T15:55:52.788647200Z                                       979-696-4600        stata@stata.com
2021-07-20T15:55:52.788650800Z                                       979-696-4601 (fax)
2021-07-20T15:55:52.788654300Z 
2021-07-20T15:55:52.788657700Z 3-user Stata network license expires 11 May 2022:
2021-07-20T15:55:52.788661200Z        Serial number:  501709312237
2021-07-20T15:55:52.788664600Z          Licensed to:  The Bennett Institute
2021-07-20T15:55:52.788668300Z                        Oxford University
2021-07-20T15:55:52.789290600Z 
2021-07-20T15:55:52.789304900Z Notes:
2021-07-20T15:55:52.789309700Z       1.  Unicode is supported; see help unicode_advice.
2021-07-20T15:55:52.789313600Z 
2021-07-20T15:55:52.789317300Z . do "analysis/07d_an_multivariable_cox_models_FULL_Sense6.wrapper.do" covid_tp
2021-07-20T15:55:52.789321300Z > p_prob W2 
2021-07-20T15:55:52.789325200Z 
2021-07-20T15:55:52.789328400Z . . do "analysis/07d_an_multivariable_cox_models_FULL_Sense6.do" covid_tpp_prob
2021-07-20T15:55:52.789332200Z >  W2
2021-07-20T15:55:52.789335900Z 
2021-07-20T15:55:52.789339200Z . *****************************************************************************
2021-07-20T15:55:52.789342800Z > ***
2021-07-20T15:55:52.789346100Z . *
2021-07-20T15:55:52.789350100Z . *       Do-file:                07d_an_multivariable_cox_models_Sense4.do
2021-07-20T15:55:52.789354200Z . *
2021-07-20T15:55:52.789357900Z . *       Project:                Exposure children and COVID risk
2021-07-20T15:55:52.789361800Z . *
2021-07-20T15:55:52.789365400Z . *       Programmed by:  Hforbes, based on files from Fizz & Krishnan
2021-07-20T15:55:52.789369300Z . *
2021-07-20T15:55:52.789373000Z . *       Data used:              analysis_dataset.dta
2021-07-20T15:55:52.789376800Z . *
2021-07-20T15:55:52.789380300Z . *       Data created:   None
2021-07-20T15:55:52.789384100Z . *
2021-07-20T15:55:52.789387700Z . *       Other output:   Log file:  07b_an_multivariable_cox_models_`outcome'.
2021-07-20T15:55:52.789401100Z > log
2021-07-20T15:55:52.789405500Z . *
2021-07-20T15:55:52.789408900Z . *****************************************************************************
2021-07-20T15:55:52.789412200Z > ***
2021-07-20T15:55:52.789415400Z . *
2021-07-20T15:55:52.789418900Z . *       Purpose:                This do-file performs multivariable (fully ad
2021-07-20T15:55:52.789422800Z > justed) 
2021-07-20T15:55:52.789426600Z . *                                       Cox models, with exposure variable id
2021-07-20T15:55:52.789430500Z > entifying nursery school kids
2021-07-20T15:55:52.789434600Z . *  
2021-07-20T15:55:52.789438600Z . *****************************************************************************
2021-07-20T15:55:52.789442600Z > ***
2021-07-20T15:55:52.789446200Z . *       
2021-07-20T15:55:52.789450100Z . *       Stata routines needed:  stbrier   
2021-07-20T15:55:52.789454100Z . *
2021-07-20T15:55:52.789457900Z . *****************************************************************************
2021-07-20T15:55:52.789462100Z > ***
2021-07-20T15:55:52.789465600Z . 
2021-07-20T15:55:52.789469000Z . * Set globals that will print in programs and direct output
2021-07-20T15:55:52.789477700Z . global outdir     "output" 
2021-07-20T15:55:52.789482300Z 
2021-07-20T15:55:52.789485700Z . global logdir     "log"
2021-07-20T15:55:52.789489400Z 
2021-07-20T15:55:52.789493000Z . global tempdir    "tempdata"
2021-07-20T15:55:52.789497000Z 
2021-07-20T15:55:52.789500400Z . global demogadjlist  age1 age2 age3 i.male i.obese4cat i.smoke_nomiss i.imd i
2021-07-20T15:55:52.789503800Z > .tot_adults_hh i.ethnicity
2021-07-20T15:55:52.789507200Z 
2021-07-20T15:55:52.789510500Z . global comordidadjlist  i.htdiag_or_highbp                              ///
2021-07-20T15:55:52.789514400Z >                         i.chronic_respiratory_disease   ///
2021-07-20T15:55:52.789518500Z >                         i.asthma                                             
2021-07-20T15:55:52.789522400Z >    ///
2021-07-20T15:55:52.789525900Z >                         i.chronic_cardiac_disease               ///
2021-07-20T15:55:52.789529700Z >                         i.diabcat                                            
2021-07-20T15:55:52.789533500Z >    ///
2021-07-20T15:55:52.789536900Z >                         i.cancer_exhaem_cat                             ///
2021-07-20T15:55:52.789540400Z >                         i.cancer_haem_cat                               ///
2021-07-20T15:55:52.789544000Z >                         i.chronic_liver_disease                 ///
2021-07-20T15:55:52.789547900Z >                         i.stroke_dementia                               ///
2021-07-20T15:55:52.789555500Z >                         i.other_neuro                                   ///
2021-07-20T15:55:52.789559500Z >                         i.reduced_kidney_function_cat   ///
2021-07-20T15:55:52.789563200Z >                         i.esrd                                               
2021-07-20T15:55:52.789566900Z >    ///
2021-07-20T15:55:52.789571900Z >                         i.other_transplant                              ///
2021-07-20T15:55:52.789575700Z >                         i.asplenia                                           
2021-07-20T15:55:52.789579200Z >    ///
2021-07-20T15:55:52.789582900Z >                         i.ra_sle_psoriasis                      ///
2021-07-20T15:55:52.789586800Z >                         i.other_immuno          
2021-07-20T15:55:52.789590600Z 
2021-07-20T15:55:52.789594100Z . 
2021-07-20T15:55:52.789597300Z . local outcome `1' 
2021-07-20T15:55:52.789601300Z 
2021-07-20T15:55:52.789604800Z . local dataset `2'
2021-07-20T15:55:52.789608400Z 
2021-07-20T15:55:52.789612000Z . 
2021-07-20T15:55:52.789615400Z . 
2021-07-20T15:55:52.789618900Z . *****************************************************************************
2021-07-20T15:55:52.789624000Z > *******
2021-07-20T15:55:52.789627300Z . *First clean up all old saved estimates for this outcome
2021-07-20T15:55:52.789630900Z . *This is to guard against accidentally displaying left-behind results from ol
2021-07-20T15:55:52.789634200Z > d runs
2021-07-20T15:55:52.789638900Z . *****************************************************************************
2021-07-20T15:55:52.789643100Z > *******
2021-07-20T15:55:52.789646600Z . 
2021-07-20T15:55:52.789650100Z . * Open a log file
2021-07-20T15:55:52.789653400Z . capture log close
2021-07-20T15:55:52.789656500Z 
2021-07-20T15:55:52.789659800Z . log using "$logdir/07d_an_multivariable_cox_models_`outcome'_Sense6_nursery_c
2021-07-20T15:55:52.789663500Z > at`dataset'", text replace
2021-07-20T15:55:52.796406400Z (note: file /workspace/log/07d_an_multivariable_cox_models_covid_tpp_prob_Sense
2021-07-20T15:55:52.796432400Z > 6_nursery_catW2.log not found)
2021-07-20T15:55:52.796437400Z -------------------------------------------------------------------------------
2021-07-20T15:55:52.796441800Z       name:  <unnamed>
2021-07-20T15:55:52.796445500Z        log:  /workspace/log/07d_an_multivariable_cox_models_covid_tpp_prob_Sens
2021-07-20T15:55:52.796449000Z > e6_nursery_catW2.log
2021-07-20T15:55:52.796452600Z   log type:  text
2021-07-20T15:55:52.796466500Z  opened on:  20 Jul 2021, 15:55:52
2021-07-20T15:55:52.796470600Z 
2021-07-20T15:55:52.796474000Z . 
2021-07-20T15:55:52.796477500Z . 
2021-07-20T15:55:52.796482400Z . *****************************************************************************
2021-07-20T15:55:52.796486100Z > ********
2021-07-20T15:55:52.796489900Z . *PROG TO DEFINE THE BASIC COX MODEL WITH OPTIONS FOR HANDLING OF AGE, BMI, ET
2021-07-20T15:55:52.796493800Z > HNICITY:
2021-07-20T15:55:52.796497600Z . cap prog drop basecoxmodel
2021-07-20T15:55:52.796501300Z 
2021-07-20T15:55:52.796504700Z . prog define basecoxmodel
2021-07-20T15:55:52.796508000Z   1.         syntax , exposure(string) age(string)
2021-07-20T15:55:52.796511400Z   2. timer clear
2021-07-20T15:55:52.796514700Z   3. timer on 1
2021-07-20T15:55:52.796518100Z   4.         capture stcox   `exposure'                      ///
2021-07-20T15:55:52.796522000Z >                         $demogadjlist                           ///
2021-07-20T15:55:52.796525700Z >                         $comordidadjlist                ///
2021-07-20T15:55:52.796529500Z >                         , strata(stp) vce(cluster household_id)
2021-07-20T15:55:52.796533000Z   5. timer off 1
2021-07-20T15:55:52.796536300Z   6. timer list
2021-07-20T15:55:52.796539600Z   7. end
2021-07-20T15:55:52.796542900Z 
2021-07-20T15:55:52.796546200Z . *****************************************************************************
2021-07-20T15:55:52.796550200Z > ********
2021-07-20T15:55:52.796553700Z . 
2021-07-20T15:55:52.796557300Z . 
2021-07-20T15:55:52.796560800Z . * Open dataset and fit specified model(s)
2021-07-20T15:55:52.796564300Z . forvalues x=0/1 {
2021-07-20T15:55:52.796567700Z   2. 
2021-07-20T15:55:52.796571200Z . use "$tempdir/cr_create_analysis_dataset_STSET_`outcome'_ageband_`x'`dataset'
2021-07-20T15:55:52.796575100Z > .dta", clear
2021-07-20T15:55:52.796579100Z   3. 
2021-07-20T15:55:52.796582800Z . 
2021-07-20T15:55:52.796586400Z . ******************************
2021-07-20T15:55:52.796590000Z . *  Multivariable Cox models  *
2021-07-20T15:55:52.796593600Z . ******************************
2021-07-20T15:55:52.796597000Z . 
2021-07-20T15:55:52.796600500Z . foreach exposure_type in kids_cat5  {
2021-07-20T15:55:52.796604100Z   4. 
2021-07-20T15:55:52.796607600Z . *Age spline model (not adj ethnicity)
2021-07-20T15:55:52.796610900Z . basecoxmodel, exposure("i.`exposure_type'") age("age1 age2 age3")
2021-07-20T15:55:52.796614400Z   5. if _rc==0{
2021-07-20T15:55:52.796622400Z   6. estimates
2021-07-20T15:55:52.796625800Z   7. estimates save ./output/an_sense_`outcome'_nursery_cat_ageband_`x'`dataset
2021-07-20T15:55:52.796628900Z > ', replace
2021-07-20T15:55:52.796634700Z   8. *estat concordance /*c-statistic*/
2021-07-20T15:55:52.796638200Z .         /*  Proportional Hazards test  
2021-07-20T15:55:52.796642000Z >         * Based on Schoenfeld residuals
2021-07-20T15:55:52.796645500Z >         timer clear 
2021-07-20T15:55:52.796649200Z >         timer on 1
2021-07-20T15:55:52.796652900Z >         if e(N_fail)>0 estat phtest, d
2021-07-20T15:55:52.796656700Z >         timer off 1
2021-07-20T15:55:52.796660000Z >         timer list*/
2021-07-20T15:55:52.796663600Z . }
2021-07-20T15:55:52.796666800Z   9. else di "WARNING AGE SPLINE MODEL DID NOT FIT (OUTCOME `outcome')"
2021-07-20T15:55:52.796671100Z  10. 
2021-07-20T15:55:52.796674900Z . }
2021-07-20T15:55:52.796678500Z  11. }
2021-07-20T15:55:59.077859000Z    1:      6.28 /        1 =       6.2760
2021-07-20T15:55:59.079589500Z 
2021-07-20T15:55:59.079606700Z -------------------------------------------------------------------------------
2021-07-20T15:55:59.079610400Z active results
2021-07-20T15:55:59.079613200Z -------------------------------------------------------------------------------
2021-07-20T15:55:59.081129600Z 
2021-07-20T15:55:59.081146000Z Stratified Cox regr. -- Breslow method for ties
2021-07-20T15:55:59.081154300Z 
2021-07-20T15:55:59.081159200Z No. of subjects      =       16,235             Number of obs    =      16,235
2021-07-20T15:55:59.081163800Z No. of failures      =        5,152
2021-07-20T15:55:59.081243700Z Time at risk         =      1293704
2021-07-20T15:55:59.081256200Z                                                 Wald chi2(43)    =       43.28
2021-07-20T15:55:59.081347400Z Log pseudolikelihood =   -36565.029             Prob > chi2      =      0.4593
2021-07-20T15:55:59.081362800Z 
2021-07-20T15:55:59.141504800Z                        (Std. Err. adjusted for 1,121 clusters in household_id)
2021-07-20T15:55:59.141529000Z ------------------------------------------------------------------------------
2021-07-20T15:55:59.141532800Z              |               Robust
2021-07-20T15:55:59.141535500Z           _t | Haz. Ratio   Std. Err.      z    P>|z|     [95% Conf. Interval]
2021-07-20T15:55:59.141538400Z -------------+----------------------------------------------------------------
2021-07-20T15:55:59.141541100Z    kids_cat5 |
2021-07-20T15:55:59.152662900Z only <5 y..  |   .8428693   .1394513    -1.03   0.302     .6094392    1.165709
2021-07-20T15:55:59.152807600Z   only 5-11  |   .8132142   .0884313    -1.90   0.057     .6571171    1.006392
2021-07-20T15:55:59.152974200Z      12-<18  |   .8754783   .1076439    -1.08   0.279     .6879968    1.114049
2021-07-20T15:55:59.153179300Z       mixed  |     .84781   .0706572    -1.98   0.048     .7200434    .9982479
2021-07-20T15:55:59.153189300Z              |
2021-07-20T15:55:59.153393000Z         age1 |   .9935477   .0050227    -1.28   0.200     .9837521    1.003441
2021-07-20T15:55:59.153550300Z         age2 |   1.017018   .0156937     1.09   0.274     .9867197    1.048247
2021-07-20T15:55:59.153909800Z         age3 |   .9639302   .0414089    -0.86   0.392     .8860931    1.048605
2021-07-20T15:55:59.154141500Z       1.male |   .9699178   .0272475    -1.09   0.277     .9179573    1.024819
2021-07-20T15:55:59.154154700Z              |
2021-07-20T15:55:59.154179100Z    obese4cat |
2021-07-20T15:55:59.154370500Z Obese I ..)  |    1.04163    .042014     1.01   0.312     .9624545    1.127318
2021-07-20T15:55:59.154547200Z Obese II..)  |   1.016148    .052586     0.31   0.757     .9181364    1.124623
2021-07-20T15:55:59.154807900Z Obese II..)  |   .9326761    .056637    -1.15   0.251     .8280212    1.050559
2021-07-20T15:55:59.154821800Z              |
2021-07-20T15:55:59.154826900Z smoke_nomiss |
2021-07-20T15:55:59.155052100Z      Former  |   1.120721   .1129194     1.13   0.258     .9198858    1.365404
2021-07-20T15:55:59.155767500Z     Current  |    1.00506   .0443925     0.11   0.909     .9217117    1.095945
2021-07-20T15:55:59.155780400Z              |
2021-07-20T15:55:59.155785500Z          imd |
2021-07-20T15:55:59.156173900Z           4  |    1.01694   .0355151     0.48   0.631     .9496608    1.088986
2021-07-20T15:55:59.156615400Z 5 most de..  |   1.025459   .0476654     0.54   0.589      .936166    1.123269
2021-07-20T15:55:59.156629300Z              |
2021-07-20T15:55:59.156634000Z tot_adults~h |
2021-07-20T15:55:59.157189800Z           2  |   1.293838   .3210632     1.04   0.299     .7955291    2.104282
2021-07-20T15:55:59.157512500Z           3  |   1.323163   .2549737     1.45   0.146     .9069574    1.930368
2021-07-20T15:55:59.157525200Z              |
2021-07-20T15:55:59.157530100Z    ethnicity |
2021-07-20T15:55:59.157758200Z Asian or ..  |   .9134246    .042862    -1.93   0.054     .8331639    1.001417
2021-07-20T15:55:59.158050600Z       Other  |   .9960963   .0458668    -0.08   0.932     .9101363    1.090175
2021-07-20T15:55:59.158063200Z              |
2021-07-20T15:55:59.158353500Z 1.htdiag_o~p |   .9697945   .0495094    -0.60   0.548     .8774547    1.071852
2021-07-20T15:55:59.158594300Z 1.~y_disease |   1.017019   .0359291     0.48   0.633     .9489818    1.089934
2021-07-20T15:55:59.158886400Z     1.asthma |   .9595134   .0515749    -0.77   0.442     .8635709    1.066115
2021-07-20T15:55:59.159113300Z 1.~c_disease |   1.005816    .034431     0.17   0.865     .9405466    1.075615
2021-07-20T15:55:59.159131900Z              |
2021-07-20T15:55:59.159135000Z      diabcat |
2021-07-20T15:55:59.159404400Z T1DM, con..  |   1.101823    .088462     1.21   0.227     .9413939    1.289592
2021-07-20T15:55:59.159638700Z T1DM, unc..  |   .8318857   .1676553    -0.91   0.361     .5604224    1.234843
2021-07-20T15:55:59.159911300Z T2DM, con..  |   1.033794   .0384757     0.89   0.372     .9610683    1.112024
2021-07-20T15:55:59.160167000Z T2DM, unc..  |   1.033851   .0779195     0.44   0.659     .8918761    1.198427
2021-07-20T15:55:59.160463600Z Diabetes,..  |   2.253537    1.00863     1.82   0.069      .937318    5.418042
2021-07-20T15:55:59.160477900Z              |
2021-07-20T15:55:59.160483100Z cancer_exh~t |
2021-07-20T15:55:59.160722600Z   Last year  |   .7558275   .2009464    -1.05   0.292     .4488693    1.272698
2021-07-20T15:55:59.160936600Z 2-5 years..  |   1.060457   .1122911     0.55   0.579     .8617078    1.305048
2021-07-20T15:55:59.161188200Z    5+ years  |   1.048755   .0371385     1.34   0.179     .9784339    1.124131
2021-07-20T15:55:59.161199100Z              |
2021-07-20T15:55:59.161203800Z cancer_hae~t |
2021-07-20T15:55:59.161454100Z   Last year  |   .4685773   .1468755    -2.42   0.016     .2534967    .8661445
2021-07-20T15:55:59.161686600Z 2-5 years..  |   1.116137   .1194503     1.03   0.305     .9049419     1.37662
2021-07-20T15:55:59.161962600Z    5+ years  |    .991025   .0369714    -0.24   0.809     .9211482    1.066203
2021-07-20T15:55:59.161972400Z              |
2021-07-20T15:55:59.162318200Z 1.~r_disease |    1.04084   .0363838     1.15   0.252     .9719174    1.114651
2021-07-20T15:55:59.162670300Z 1.stroke_d~a |   .9989249   .0344066    -0.03   0.975     .9337151    1.068689
2021-07-20T15:55:59.162909300Z 1.other_ne~o |   .9955507   .0356747    -0.12   0.901     .9280286    1.067986
2021-07-20T15:55:59.162919100Z              |
2021-07-20T15:55:59.162921900Z reduced_ki~t |
2021-07-20T15:55:59.163345900Z Stage 3a/..  |    .862219   .2062653    -0.62   0.535     .5394956    1.377994
2021-07-20T15:55:59.163656700Z       1.esrd |   .9935651    .029105    -0.22   0.826      .938127    1.052279
2021-07-20T15:55:59.163885200Z 1.other_tr~t |   .9967759   .0337085    -0.10   0.924     .9328504    1.065082
2021-07-20T15:55:59.164197300Z   1.asplenia |   1.024614   .0352381     0.71   0.480     .9578249     1.09606
2021-07-20T15:55:59.164453500Z 1.ra_sle_p~s |   .9871927   .0341251    -0.37   0.709     .9225243    1.056394
2021-07-20T15:55:59.173634700Z 1.other_im~o |   .9937473   .0304708    -0.20   0.838     .9357848      1.0553
2021-07-20T15:55:59.173656300Z ------------------------------------------------------------------------------
2021-07-20T15:55:59.173826700Z                                                              Stratified by stp
2021-07-20T15:55:59.200277600Z (note: file ./output/an_sense_covid_tpp_prob_nursery_cat_ageband_0W2.ster not f
2021-07-20T15:55:59.200307300Z > ound)
2021-07-20T15:55:59.200313600Z file ./output/an_sense_covid_tpp_prob_nursery_cat_ageband_0W2.ster saved
2021-07-20T15:56:00.615779000Z    1:      1.42 /        1 =       1.4150
2021-07-20T15:56:00.615823000Z 
2021-07-20T15:56:00.615828700Z -------------------------------------------------------------------------------
2021-07-20T15:56:00.615831800Z active results
2021-07-20T15:56:00.615834200Z -------------------------------------------------------------------------------
2021-07-20T15:56:00.617087100Z 
2021-07-20T15:56:00.617098700Z Stratified Cox regr. -- Breslow method for ties
2021-07-20T15:56:00.617101600Z 
2021-07-20T15:56:00.617104000Z No. of subjects      =        4,496             Number of obs    =       4,496
2021-07-20T15:56:00.617214200Z No. of failures      =        1,466
2021-07-20T15:56:00.617227100Z Time at risk         =       355784
2021-07-20T15:56:00.617232300Z                                                 Wald chi2(43)    =       46.25
2021-07-20T15:56:00.617309000Z Log pseudolikelihood =    -8491.753             Prob > chi2      =      0.3395
2021-07-20T15:56:00.617323300Z 
2021-07-20T15:56:00.628241800Z                          (Std. Err. adjusted for 912 clusters in household_id)
2021-07-20T15:56:00.628260100Z ------------------------------------------------------------------------------
2021-07-20T15:56:00.628263400Z              |               Robust
2021-07-20T15:56:00.628266000Z           _t | Haz. Ratio   Std. Err.      z    P>|z|     [95% Conf. Interval]
2021-07-20T15:56:00.628268800Z -------------+----------------------------------------------------------------
2021-07-20T15:56:00.628271400Z    kids_cat5 |
2021-07-20T15:56:00.628511900Z only <5 y..  |   1.255662   .3529938     0.81   0.418     .7237379    2.178532
2021-07-20T15:56:00.628778800Z   only 5-11  |   .5478239   .1280779    -2.57   0.010     .3464458    .8662568
2021-07-20T15:56:00.629061300Z      12-<18  |   .7102952   .1656476    -1.47   0.142      .449708    1.121882
2021-07-20T15:56:00.629266500Z       mixed  |   .7686772   .1331647    -1.52   0.129     .5473724    1.079456
2021-07-20T15:56:00.629277100Z              |
2021-07-20T15:56:00.629516700Z         age1 |   1.025162   .0222124     1.15   0.251     .9825377    1.069635
2021-07-20T15:56:00.629776600Z         age2 |   .8528163   .0985357    -1.38   0.168     .6799959    1.069559
2021-07-20T15:56:00.630119200Z         age3 |   1.387174    .317947     1.43   0.153     .8851799    2.173855
2021-07-20T15:56:00.630433800Z       1.male |    1.01957   .0552123     0.36   0.720     .9169005    1.133735
2021-07-20T15:56:00.630445200Z              |
2021-07-20T15:56:00.630448500Z    obese4cat |
2021-07-20T15:56:00.630722700Z Obese I ..)  |   1.009512   .0764864     0.12   0.901     .8702005    1.171125
2021-07-20T15:56:00.630950300Z Obese II..)  |    1.01533   .0939978     0.16   0.869     .8468452    1.217335
2021-07-20T15:56:00.631266300Z Obese II..)  |   .8631149   .1000866    -1.27   0.204     .6876437    1.083363
2021-07-20T15:56:00.631277200Z              |
2021-07-20T15:56:00.631280200Z smoke_nomiss |
2021-07-20T15:56:00.631551800Z      Former  |   .8772376   .1824355    -0.63   0.529     .5835746    1.318676
2021-07-20T15:56:00.631832100Z     Current  |   .8906576   .0738795    -1.40   0.163     .7570143    1.047894
2021-07-20T15:56:00.631844500Z              |
2021-07-20T15:56:00.631849300Z          imd |
2021-07-20T15:56:00.632090700Z           4  |   1.048131   .0704065     0.70   0.484     .9188344    1.195621
2021-07-20T15:56:00.632365000Z 5 most de..  |    1.01365    .089903     0.15   0.879     .8519085    1.206099
2021-07-20T15:56:00.632376600Z              |
2021-07-20T15:56:00.632381200Z tot_adults~h |
2021-07-20T15:56:00.632616600Z           2  |   1.022633   .4302319     0.05   0.958     .4483437    2.332539
2021-07-20T15:56:00.632874200Z           3  |   1.276715   .4580935     0.68   0.496     .6319425    2.579352
2021-07-20T15:56:00.632885300Z              |
2021-07-20T15:56:00.632890000Z    ethnicity |
2021-07-20T15:56:00.633082800Z Asian or ..  |   1.031216   .0876118     0.36   0.718     .8730351    1.218056
2021-07-20T15:56:00.633315000Z       Other  |   1.054817   .0950947     0.59   0.554     .8839727     1.25868
2021-07-20T15:56:00.633326400Z              |
2021-07-20T15:56:00.633566300Z 1.htdiag_o~p |   1.028968   .1022236     0.29   0.774     .8469126    1.250159
2021-07-20T15:56:00.633802800Z 1.~y_disease |   .9752794   .0668204    -0.37   0.715     .8527265    1.115445
2021-07-20T15:56:00.634087400Z     1.asthma |   1.017215   .0924562     0.19   0.851     .8512277     1.21557
2021-07-20T15:56:00.634326400Z 1.~c_disease |    .991642   .0637964    -0.13   0.896     .8741655    1.124906
2021-07-20T15:56:00.634336400Z              |
2021-07-20T15:56:00.634338900Z      diabcat |
2021-07-20T15:56:00.634587600Z T1DM, con..  |   1.133035   .1848901     0.77   0.444     .8228929    1.560068
2021-07-20T15:56:00.634804700Z T1DM, unc..  |    1.67909   .4932645     1.76   0.078      .944099     2.98628
2021-07-20T15:56:00.635020600Z T2DM, con..  |   .8988599   .0647013    -1.48   0.139     .7805868    1.035054
2021-07-20T15:56:00.635202500Z T2DM, unc..  |   .7564401   .1271987    -1.66   0.097     .5440531    1.051738
2021-07-20T15:56:00.635429800Z Diabetes,..  |   1.756845   1.062077     0.93   0.351     .5372183    5.745345
2021-07-20T15:56:00.635439500Z              |
2021-07-20T15:56:00.635444600Z cancer_exh~t |
2021-07-20T15:56:00.635631300Z   Last year  |   1.268781   .4607564     0.66   0.512     .6226926    2.585232
2021-07-20T15:56:00.635872400Z 2-5 years..  |   1.463324   .3045931     1.83   0.067     .9731094     2.20049
2021-07-20T15:56:00.636143500Z    5+ years  |   .9092056   .0640362    -1.35   0.177     .7919744     1.04379
2021-07-20T15:56:00.636156800Z              |
2021-07-20T15:56:00.636161400Z cancer_hae~t |
2021-07-20T15:56:00.636459700Z   Last year  |   .8991399   .3792112    -0.25   0.801     .3933997    2.055041
2021-07-20T15:56:00.636692300Z 2-5 years..  |    .861283   .2069774    -0.62   0.534     .5377633    1.379433
2021-07-20T15:56:00.636922500Z    5+ years  |   .9291844    .061686    -1.11   0.269     .8158174    1.058305
2021-07-20T15:56:00.636934700Z              |
2021-07-20T15:56:00.637197400Z 1.~r_disease |   1.080015   .0683276     1.22   0.224     .9540656    1.222592
2021-07-20T15:56:00.637531400Z 1.stroke_d~a |   1.020491   .0680296     0.30   0.761     .8954989    1.162929
2021-07-20T15:56:00.637840400Z 1.other_ne~o |   1.014068   .0644303     0.22   0.826     .8953329    1.148548
2021-07-20T15:56:00.637849900Z              |
2021-07-20T15:56:00.637854100Z reduced_ki~t |
2021-07-20T15:56:00.638262500Z Stage 3a/..  |   1.206352   .1632382     1.39   0.166     .9253227    1.572732
2021-07-20T15:56:00.638594300Z       1.esrd |   1.033512   .0566069     0.60   0.547     .9283125    1.150634
2021-07-20T15:56:00.638937200Z 1.other_tr~t |   1.056619    .067758     0.86   0.390     .9318227    1.198129
2021-07-20T15:56:00.639287400Z   1.asplenia |   1.116454   .0717109     1.72   0.086     .9843907    1.266236
2021-07-20T15:56:00.639635700Z 1.ra_sle_p~s |    1.05432   .0721203     0.77   0.439     .9220329    1.205587
2021-07-20T15:56:00.641166000Z 1.other_im~o |   1.012078   .0575278     0.21   0.833     .9053798    1.131351
2021-07-20T15:56:00.641176800Z ------------------------------------------------------------------------------
2021-07-20T15:56:00.641394300Z                                                              Stratified by stp
2021-07-20T15:56:00.649320100Z (note: file ./output/an_sense_covid_tpp_prob_nursery_cat_ageband_1W2.ster not f
2021-07-20T15:56:00.649345900Z > ound)
2021-07-20T15:56:00.649351000Z file ./output/an_sense_covid_tpp_prob_nursery_cat_ageband_1W2.ster saved
2021-07-20T15:56:00.649559500Z 
2021-07-20T15:56:00.649573400Z . 
2021-07-20T15:56:00.649578100Z . log close
2021-07-20T15:56:00.649582000Z       name:  <unnamed>
2021-07-20T15:56:00.649585900Z        log:  /workspace/log/07d_an_multivariable_cox_models_covid_tpp_prob_Sens
2021-07-20T15:56:00.649589500Z > e6_nursery_catW2.log
2021-07-20T15:56:00.649592900Z   log type:  text
2021-07-20T15:56:00.649596400Z  closed on:  20 Jul 2021, 15:56:00
2021-07-20T15:56:00.649599900Z -------------------------------------------------------------------------------
2021-07-20T15:56:00.649613400Z 
2021-07-20T15:56:00.649617500Z . 
2021-07-20T15:56:00.649621300Z . 
2021-07-20T15:56:00.649624600Z . 
2021-07-20T15:56:00.649628000Z . exit, clear 
2021-07-20T15:56:00.649631900Z 
2021-07-20T15:56:00.649635100Z end of do-file
2021-07-20T15:56:00.649639200Z 
2021-07-20T15:56:00.649642400Z . . file open output using "/tmp/tmp.cjcZu3ROmB", write text replace
2021-07-20T15:56:00.649646000Z 
2021-07-20T15:56:00.649649400Z . . file write output "success" 
2021-07-20T15:56:00.649653100Z 
2021-07-20T15:56:00.649656500Z . . file close output
2021-07-20T15:56:00.649693300Z 
2021-07-20T15:56:00.649701800Z . 
2021-07-20T15:56:00.649706500Z end of do-file
2021-07-20T15:56:00.649710200Z 
2021-07-20T15:56:00.649713500Z 
2021-07-20T15:56:00.671479100Z . 

state: succeeded
commit: none
docker_image_id: sha256:11980aa720220a1b39bf523f5a8a33270214c13876c30ee364e16265766f7f60
exit_code: 0
job_id: e6n6erjsegkep2vv
run_by_user: qc18278
created_at: 2021-07-20T15:38:48Z
started_at: 2021-07-20T15:55:52Z
completed_at: 2021-07-20T15:56:15Z

Completed successfully

outputs:
  log/07d_an_multivariable_cox_models_covid_tpp_prob_Sense6_nursery_catW2.log  - moderately_sensitive
  output/an_sense_covid_tpp_prob_nursery_cat_ageband_0W2.ster                  - moderately_sensitive
  output/an_sense_covid_tpp_prob_nursery_cat_ageband_1W2.ster                  - moderately_sensitive