2021-07-20T15:49:13.835494200Z 
2021-07-20T15:49:13.835540100Z   ___  ____  ____  ____  ____ (R)
2021-07-20T15:49:13.835548200Z  /__    /   ____/   /   ____/
2021-07-20T15:49:13.835552000Z ___/   /   /___/   /   /___/   16.1   Copyright 1985-2019 StataCorp LLC
2021-07-20T15:49:13.835554200Z   Statistics/Data Analysis            StataCorp
2021-07-20T15:49:13.835556200Z                                       4905 Lakeway Drive
2021-07-20T15:49:13.835559100Z                                       College Station, Texas 77845 USA
2021-07-20T15:49:13.835562400Z                                       800-STATA-PC        http://www.stata.com
2021-07-20T15:49:13.835565800Z                                       979-696-4600        stata@stata.com
2021-07-20T15:49:13.835569000Z                                       979-696-4601 (fax)
2021-07-20T15:49:13.835572400Z 
2021-07-20T15:49:13.835575300Z 3-user Stata network license expires 11 May 2022:
2021-07-20T15:49:13.835578500Z        Serial number:  501709312237
2021-07-20T15:49:13.835581300Z          Licensed to:  The Bennett Institute
2021-07-20T15:49:13.835584300Z                        Oxford University
2021-07-20T15:49:13.836134100Z 
2021-07-20T15:49:13.836149300Z Notes:
2021-07-20T15:49:13.836153500Z       1.  Unicode is supported; see help unicode_advice.
2021-07-20T15:49:13.836156800Z 
2021-07-20T15:49:13.836160000Z . do "analysis/07d_an_multivariable_cox_models_FULL_Sense3.wrapper.do" covid_tp
2021-07-20T15:49:13.836164000Z > p_prob W2 
2021-07-20T15:49:13.836168100Z 
2021-07-20T15:49:13.836171400Z . . do "analysis/07d_an_multivariable_cox_models_FULL_Sense3.do" covid_tpp_prob
2021-07-20T15:49:13.836174700Z >  W2
2021-07-20T15:49:13.836177800Z 
2021-07-20T15:49:13.836180700Z . *****************************************************************************
2021-07-20T15:49:13.836183600Z > ***
2021-07-20T15:49:13.836186200Z . *
2021-07-20T15:49:13.836188700Z . *       Do-file:                07d_an_multivariable_cox_models_FULL_Sense3.d
2021-07-20T15:49:13.836191500Z > o
2021-07-20T15:49:13.836194100Z . *
2021-07-20T15:49:13.836196700Z . *       Project:                Exposure children and COVID risk
2021-07-20T15:49:13.836199400Z . *
2021-07-20T15:49:13.836202300Z . *       Programmed by:  Hforbes, based on files from Fizz & Krishnan
2021-07-20T15:49:13.836205100Z . *
2021-07-20T15:49:13.836208200Z . *       Data used:              analysis_dataset.dta
2021-07-20T15:49:13.836211600Z . *
2021-07-20T15:49:13.836215300Z . *       Data created:   None
2021-07-20T15:49:13.836218800Z . *
2021-07-20T15:49:13.836222300Z . *       Other output:   Log file:  an_multivariable_cox_models.log
2021-07-20T15:49:13.836237600Z . *
2021-07-20T15:49:13.836252900Z . *****************************************************************************
2021-07-20T15:49:13.836256500Z > ***
2021-07-20T15:49:13.836259900Z . *
2021-07-20T15:49:13.836263300Z . *       Purpose:                This do-file performs multivariable (fully ad
2021-07-20T15:49:13.836266900Z > justed) 
2021-07-20T15:49:13.836335000Z . *                                       Cox models for a sense analysis on th
2021-07-20T15:49:13.836347900Z > ose with complete data on 
2021-07-20T15:49:13.836351100Z . *                                       bmi and smoking
2021-07-20T15:49:13.836353400Z . *  
2021-07-20T15:49:13.836355500Z . *****************************************************************************
2021-07-20T15:49:13.836357700Z > ***
2021-07-20T15:49:13.836359700Z . *       
2021-07-20T15:49:13.836361700Z . *       Stata routines needed:  stbrier   
2021-07-20T15:49:13.836363600Z . *
2021-07-20T15:49:13.836365500Z . *****************************************************************************
2021-07-20T15:49:13.836367500Z > ***
2021-07-20T15:49:13.836370400Z . 
2021-07-20T15:49:13.836373500Z . * Set globals that will print in programs and direct output
2021-07-20T15:49:13.836377200Z . global outdir     "output" 
2021-07-20T15:49:13.836380600Z 
2021-07-20T15:49:13.836383800Z . global logdir     "log"
2021-07-20T15:49:13.836387000Z 
2021-07-20T15:49:13.836390100Z . global tempdir    "tempdata"
2021-07-20T15:49:13.836393500Z 
2021-07-20T15:49:13.836396600Z . global demogadjlist  age1 age2 age3 i.male i.bmicat i.smoke     i.imd i.tot_a
2021-07-20T15:49:13.836400000Z > dults_hh i.ethnicity
2021-07-20T15:49:13.836404300Z 
2021-07-20T15:49:13.836407500Z . global comordidadjlist  i.htdiag_or_highbp                              ///
2021-07-20T15:49:13.836410900Z >                         i.chronic_respiratory_disease   ///
2021-07-20T15:49:13.836415000Z >                         i.asthma                                             
2021-07-20T15:49:13.836418700Z >    ///
2021-07-20T15:49:13.836421900Z >                         i.chronic_cardiac_disease               ///
2021-07-20T15:49:13.836425500Z >                         i.diabcat                                            
2021-07-20T15:49:13.836428800Z >    ///
2021-07-20T15:49:13.836432000Z >                         i.cancer_exhaem_cat                             ///
2021-07-20T15:49:13.836435500Z >                         i.cancer_haem_cat                               ///
2021-07-20T15:49:13.836439000Z >                         i.chronic_liver_disease                 ///
2021-07-20T15:49:13.836450200Z >                         i.stroke_dementia                               ///
2021-07-20T15:49:13.836452700Z >                         i.other_neuro                                   ///
2021-07-20T15:49:13.836454800Z >                         i.reduced_kidney_function_cat   ///
2021-07-20T15:49:13.836456800Z >                         i.esrd                                               
2021-07-20T15:49:13.836458800Z >    ///
2021-07-20T15:49:13.836460900Z >                         i.other_transplant                              ///
2021-07-20T15:49:13.836463900Z >                         i.asplenia                                           
2021-07-20T15:49:13.836467400Z >    ///
2021-07-20T15:49:13.836470600Z >                         i.ra_sle_psoriasis                      ///
2021-07-20T15:49:13.836494100Z >                         i.other_immuno          
2021-07-20T15:49:13.836502000Z 
2021-07-20T15:49:13.836516200Z .                         
2021-07-20T15:49:13.836523800Z . local outcome `1' 
2021-07-20T15:49:13.836528500Z 
2021-07-20T15:49:13.836530800Z . local dataset `2'
2021-07-20T15:49:13.836532700Z 
2021-07-20T15:49:13.836534600Z .  
2021-07-20T15:49:13.836536700Z . 
2021-07-20T15:49:13.836538700Z . *****************************************************************************
2021-07-20T15:49:13.836540900Z > *******
2021-07-20T15:49:13.836544700Z . *First clean up all old saved estimates for this outcome
2021-07-20T15:49:13.836547000Z . *This is to guard against accidentally displaying left-behind results from ol
2021-07-20T15:49:13.836549400Z > d runs
2021-07-20T15:49:13.836551300Z . *****************************************************************************
2021-07-20T15:49:13.836553700Z > *******
2021-07-20T15:49:13.836556700Z . cap erase ./output/an_multivariate_cox_models_`outcome'_MAINFULLYADJMODEL_age
2021-07-20T15:49:13.836560200Z > spline_bmicat_noeth.ster
2021-07-20T15:49:13.836609100Z 
2021-07-20T15:49:13.836620000Z . cap erase ./output/an_multivariate_cox_models_`outcome'_MAINFULLYADJMODEL_age
2021-07-20T15:49:13.836624800Z > group_bmicat_noeth.ster
2021-07-20T15:49:13.836840700Z 
2021-07-20T15:49:13.836850000Z . cap erase ./output/an_multivariate_cox_models_`outcome'_MAINFULLYADJMODEL_age
2021-07-20T15:49:13.836854300Z > spline_bmicat_CCeth.ster
2021-07-20T15:49:13.836857800Z 
2021-07-20T15:49:13.836861000Z . cap erase ./output/an_multivariate_cox_models_`outcome'_MAINFULLYADJMODEL_age
2021-07-20T15:49:13.836864500Z > spline_bmicat_CCnoeth.ster
2021-07-20T15:49:13.836868300Z 
2021-07-20T15:49:13.836879700Z . 
2021-07-20T15:49:13.836883700Z . 
2021-07-20T15:49:13.836887200Z . * Open a log file
2021-07-20T15:49:13.836890600Z . capture log close
2021-07-20T15:49:13.836893800Z 
2021-07-20T15:49:13.836896900Z . log using "$logdir/07d_an_multivariable_cox_models_FULL_Sense3_`outcome'`data
2021-07-20T15:49:13.836900500Z > set'", text replace
2021-07-20T15:49:13.836904300Z (note: file /workspace/log/07d_an_multivariable_cox_models_FULL_Sense3_covid_tp
2021-07-20T15:49:13.836907900Z > p_probW2.log not found)
2021-07-20T15:49:13.836911400Z -------------------------------------------------------------------------------
2021-07-20T15:49:13.836914800Z       name:  <unnamed>
2021-07-20T15:49:13.836918200Z        log:  /workspace/log/07d_an_multivariable_cox_models_FULL_Sense3_covid_t
2021-07-20T15:49:13.836921600Z > pp_probW2.log
2021-07-20T15:49:13.836924800Z   log type:  text
2021-07-20T15:49:13.836927800Z  opened on:  20 Jul 2021, 15:49:13
2021-07-20T15:49:13.836931200Z 
2021-07-20T15:49:13.836934600Z . 
2021-07-20T15:49:13.836937800Z . * Open dataset and fit specified model(s)
2021-07-20T15:49:13.836941100Z . forvalues x=0/1 {
2021-07-20T15:49:13.836944400Z   2. 
2021-07-20T15:49:13.836947600Z . use "$tempdir/cr_create_analysis_dataset_STSET_`outcome'_ageband_`x'`dataset'
2021-07-20T15:49:13.836950900Z > .dta", clear
2021-07-20T15:49:13.836954100Z   3. 
2021-07-20T15:49:13.836957600Z . ******************************
2021-07-20T15:49:13.836961100Z . *  Multivariable Cox models  *
2021-07-20T15:49:13.836964600Z . ******************************
2021-07-20T15:49:13.836968200Z . 
2021-07-20T15:49:13.836971200Z . 
2021-07-20T15:49:13.836974200Z . foreach exposure_type in        kids_cat4   {
2021-07-20T15:49:13.836977300Z   4.  
2021-07-20T15:49:13.836979800Z . *Complete case ethnicity model
2021-07-20T15:49:13.836982700Z . stcox   i.`exposure_type'                       ///
2021-07-20T15:49:13.836985500Z >                         $demogadjlist                           ///
2021-07-20T15:49:13.836988400Z >                         $comordidadjlist                        ///
2021-07-20T15:49:13.836991200Z >                         , strata(stp) vce(cluster household_id)
2021-07-20T15:49:13.836997400Z   5. if _rc==0{
2021-07-20T15:49:13.837001200Z   6. estimates
2021-07-20T15:49:13.837004400Z   7. estimates save ./output/an_sense_`outcome'_CCeth_bmi_smok_ageband_`x'`data
2021-07-20T15:49:13.837007800Z > set', replace
2021-07-20T15:49:13.837011800Z   8. *estat concordance /*c-statistic*/
2021-07-20T15:49:13.837181800Z .  }
2021-07-20T15:49:13.837194000Z   9.  else di "WARNING CC BMI SMOK MODEL WITH AGESPLINE DID NOT FIT (OUTCOME `o
2021-07-20T15:49:13.837199000Z > utcome')" 
2021-07-20T15:49:13.837202900Z  10.  }
2021-07-20T15:49:13.837326300Z  11. 
2021-07-20T15:49:13.837489100Z . }
2021-07-20T15:49:13.851091000Z 
2021-07-20T15:49:13.851111300Z          failure _d:  covid_tpp_prob
2021-07-20T15:49:13.851114100Z    analysis time _t:  (stime_covid_tpp_prob-origin)
2021-07-20T15:49:13.851116200Z              origin:  time enter_date
2021-07-20T15:49:13.851118200Z   enter on or after:  time enter_date
2021-07-20T15:49:13.851120200Z                  id:  patient_id
2021-07-20T15:49:13.928686100Z 
2021-07-20T15:49:13.928712000Z Iteration 0:   log pseudolikelihood = -3644.6711
2021-07-20T15:49:13.969500600Z Iteration 1:   log pseudolikelihood = -3624.3403
2021-07-20T15:49:13.995809700Z Iteration 2:   log pseudolikelihood = -3624.0822
2021-07-20T15:49:14.021491400Z Iteration 3:   log pseudolikelihood =   -3624.08
2021-07-20T15:49:14.046010000Z Iteration 4:   log pseudolikelihood =   -3624.08
2021-07-20T15:49:14.046031500Z Refining estimates:
2021-07-20T15:49:14.127476600Z Iteration 0:   log pseudolikelihood =   -3624.08
2021-07-20T15:49:14.442652300Z 
2021-07-20T15:49:14.442676900Z Stratified Cox regr. -- Breslow method for ties
2021-07-20T15:49:14.442682300Z 
2021-07-20T15:49:14.442686600Z No. of subjects      =        2,261             Number of obs    =       2,261
2021-07-20T15:49:14.442785700Z No. of failures      =          710
2021-07-20T15:49:14.442800500Z Time at risk         =       180235
2021-07-20T15:49:14.442806100Z                                                 Wald chi2(44)    =       44.62
2021-07-20T15:49:14.442920800Z Log pseudolikelihood =     -3624.08             Prob > chi2      =      0.4456
2021-07-20T15:49:14.442931200Z 
2021-07-20T15:49:14.554176500Z                          (Std. Err. adjusted for 783 clusters in household_id)
2021-07-20T15:49:14.554198500Z ------------------------------------------------------------------------------
2021-07-20T15:49:14.554203400Z              |               Robust
2021-07-20T15:49:14.554206200Z           _t | Haz. Ratio   Std. Err.      z    P>|z|     [95% Conf. Interval]
2021-07-20T15:49:14.554208800Z -------------+----------------------------------------------------------------
2021-07-20T15:49:14.554211300Z    kids_cat4 |
2021-07-20T15:49:14.560533500Z only <12 ..  |   .7013829   .1859926    -1.34   0.181     .4170937    1.179442
2021-07-20T15:49:14.560552600Z  only 12-18  |   .4141996   .1638857    -2.23   0.026     .1907288    .8995041
2021-07-20T15:49:14.560797900Z       mixed  |   .6446458   .1571519    -1.80   0.072     .3997745    1.039507
2021-07-20T15:49:14.560822700Z              |
2021-07-20T15:49:14.560835100Z         age1 |   .9698693   .0151992    -1.95   0.051     .9405324    1.000121
2021-07-20T15:49:14.561105800Z         age2 |   1.098955   .0507439     2.04   0.041     1.003866     1.20305
2021-07-20T15:49:14.561218700Z         age3 |   .7688622   .0967038    -2.09   0.037     .6008811    .9838039
2021-07-20T15:49:14.561588700Z       1.male |   .8785326   .0670737    -1.70   0.090     .7564336     1.02034
2021-07-20T15:49:14.561599600Z              |
2021-07-20T15:49:14.561603700Z       bmicat |
2021-07-20T15:49:14.561607100Z Normal (..)  |   .9342042   .1218009    -0.52   0.602     .7235404    1.206204
2021-07-20T15:49:14.561980800Z Overweig..)  |   .7543094   .1055179    -2.02   0.044     .5734264    .9922506
2021-07-20T15:49:14.561994400Z Obese I ..)  |   .8882712   .1221257    -0.86   0.389     .6784479    1.162986
2021-07-20T15:49:14.562320400Z Obese II..)  |    1.00869   .1528722     0.06   0.954     .7494694    1.357569
2021-07-20T15:49:14.562477600Z Obese II..)  |   .8407231   .1470943    -0.99   0.321     .5966578    1.184624
2021-07-20T15:49:14.562487700Z              |
2021-07-20T15:49:14.562492100Z        smoke |
2021-07-20T15:49:14.562607300Z      Former  |   1.096712   .1611858     0.63   0.530     .8222241    1.462835
2021-07-20T15:49:14.562930200Z     Current  |   1.062732   .1042726     0.62   0.535     .8768112    1.288076
2021-07-20T15:49:14.562943300Z              |
2021-07-20T15:49:14.562948500Z          imd |
2021-07-20T15:49:14.562952400Z           4  |   1.053379    .102444     0.53   0.593     .8705689    1.274578
2021-07-20T15:49:14.563352500Z 5 most de..  |   1.116737   .1365598     0.90   0.367     .8787431    1.419187
2021-07-20T15:49:14.563364800Z              |
2021-07-20T15:49:14.563369400Z tot_adults~h |
2021-07-20T15:49:14.563373300Z           2  |   .6151606   .4419449    -0.68   0.499     .1504757    2.514841
2021-07-20T15:49:14.563789100Z           3  |   1.675469   .7653347     1.13   0.259     .6844118    4.101619
2021-07-20T15:49:14.563802000Z              |
2021-07-20T15:49:14.563806400Z    ethnicity |
2021-07-20T15:49:14.564100400Z Asian or ..  |   1.148482   .1408992     1.13   0.259     .9030176     1.46067
2021-07-20T15:49:14.564232400Z       Other  |   1.085945   .1389299     0.64   0.519      .845103    1.395423
2021-07-20T15:49:14.564242900Z              |
2021-07-20T15:49:14.564596300Z 1.htdiag_o~p |   1.084728   .1562123     0.56   0.572     .8179727    1.438477
2021-07-20T15:49:14.564786800Z 1.~y_disease |   .9949407   .0922984    -0.05   0.956      .829532    1.193332
2021-07-20T15:49:14.565030200Z     1.asthma |   .8774932   .1280861    -0.90   0.371     .6591669    1.168132
2021-07-20T15:49:14.565289300Z 1.~c_disease |   .9962273   .0926854    -0.04   0.968     .8301675    1.195504
2021-07-20T15:49:14.565308900Z              |
2021-07-20T15:49:14.565313600Z      diabcat |
2021-07-20T15:49:14.565435400Z T1DM, con..  |   .9487852   .2177762    -0.23   0.819     .6050486    1.487803
2021-07-20T15:49:14.565622000Z T1DM, unc..  |   .9945999   .5787675    -0.01   0.993     .3179258    3.111509
2021-07-20T15:49:14.565787600Z T2DM, con..  |   1.108075   .1135497     1.00   0.317     .9064474    1.354553
2021-07-20T15:49:14.565979400Z T2DM, unc..  |   1.220415   .2477672     0.98   0.327     .8197801    1.816843
2021-07-20T15:49:14.566306200Z Diabetes,..  |    2.56201   2.825412     0.85   0.394     .2950302    22.24821
2021-07-20T15:49:14.566318600Z              |
2021-07-20T15:49:14.566323000Z cancer_exh~t |
2021-07-20T15:49:14.566462900Z   Last year  |    1.21372   .7224133     0.33   0.745     .3779882    3.897254
2021-07-20T15:49:14.566698600Z 2-5 years..  |   1.220485   .3969558     0.61   0.540     .6451849    2.308771
2021-07-20T15:49:14.567015000Z    5+ years  |   1.099436   .1116511     0.93   0.351     .9010065    1.341566
2021-07-20T15:49:14.567026500Z              |
2021-07-20T15:49:14.567030800Z cancer_hae~t |
2021-07-20T15:49:14.567184700Z   Last year  |   .5179101   .5751266    -0.59   0.554     .0587511    4.565549
2021-07-20T15:49:14.567317600Z 2-5 years..  |   .9898764   .2958582    -0.03   0.973     .5510239    1.778245
2021-07-20T15:49:14.567615000Z    5+ years  |   .8891196     .09146    -1.14   0.253     .7267761    1.087726
2021-07-20T15:49:14.567623500Z              |
2021-07-20T15:49:14.567837100Z 1.~r_disease |   .9202102   .0892686    -0.86   0.391     .7608742    1.112913
2021-07-20T15:49:14.568009600Z 1.stroke_d~a |    .842395   .0812198    -1.78   0.075     .6973437    1.017618
2021-07-20T15:49:14.568298700Z 1.other_ne~o |    .952496   .0903712    -0.51   0.608     .7908655    1.147159
2021-07-20T15:49:14.568307400Z              |
2021-07-20T15:49:14.568310200Z reduced_ki~t |
2021-07-20T15:49:14.568525500Z Stage 3a/..  |   1.640442   .8484469     0.96   0.339     .5952704     4.52072
2021-07-20T15:49:14.568768400Z       1.esrd |   1.086291    .084787     1.06   0.289     .9321986    1.265855
2021-07-20T15:49:14.569045600Z 1.other_tr~t |   1.059637   .0961609     0.64   0.523      .886975    1.265909
2021-07-20T15:49:14.569228400Z   1.asplenia |   .9576967   .0939778    -0.44   0.660     .7901336    1.160795
2021-07-20T15:49:14.569570500Z 1.ra_sle_p~s |   .8593852   .0832964    -1.56   0.118     .7106974    1.039181
2021-07-20T15:49:14.578280200Z 1.other_im~o |    1.04863   .0862929     0.58   0.564     .8924336    1.232164
2021-07-20T15:49:14.578301000Z ------------------------------------------------------------------------------
2021-07-20T15:49:14.578460400Z                                                              Stratified by stp
2021-07-20T15:49:14.581553500Z 
2021-07-20T15:49:14.581578900Z -------------------------------------------------------------------------------
2021-07-20T15:49:14.581584000Z active results
2021-07-20T15:49:14.581587600Z -------------------------------------------------------------------------------
2021-07-20T15:49:14.582865200Z 
2021-07-20T15:49:14.582876600Z Stratified Cox regr. -- Breslow method for ties
2021-07-20T15:49:14.582879400Z 
2021-07-20T15:49:14.582881400Z No. of subjects      =        2,261             Number of obs    =       2,261
2021-07-20T15:49:14.582883500Z No. of failures      =          710
2021-07-20T15:49:14.582885600Z Time at risk         =       180235
2021-07-20T15:49:14.582887600Z                                                 Wald chi2(44)    =       44.62
2021-07-20T15:49:14.582889600Z Log pseudolikelihood =     -3624.08             Prob > chi2      =      0.4456
2021-07-20T15:49:14.582891800Z 
2021-07-20T15:49:14.591654800Z                          (Std. Err. adjusted for 783 clusters in household_id)
2021-07-20T15:49:14.591671200Z ------------------------------------------------------------------------------
2021-07-20T15:49:14.591675500Z              |               Robust
2021-07-20T15:49:14.591678900Z           _t | Haz. Ratio   Std. Err.      z    P>|z|     [95% Conf. Interval]
2021-07-20T15:49:14.591682500Z -------------+----------------------------------------------------------------
2021-07-20T15:49:14.591686100Z    kids_cat4 |
2021-07-20T15:49:14.591691100Z only <12 ..  |   .7013829   .1859926    -1.34   0.181     .4170937    1.179442
2021-07-20T15:49:14.592050000Z  only 12-18  |   .4141996   .1638857    -2.23   0.026     .1907288    .8995041
2021-07-20T15:49:14.592144600Z       mixed  |   .6446458   .1571519    -1.80   0.072     .3997745    1.039507
2021-07-20T15:49:14.592155700Z              |
2021-07-20T15:49:14.592282000Z         age1 |   .9698693   .0151992    -1.95   0.051     .9405324    1.000121
2021-07-20T15:49:14.592541400Z         age2 |   1.098955   .0507439     2.04   0.041     1.003866     1.20305
2021-07-20T15:49:14.592749700Z         age3 |   .7688622   .0967038    -2.09   0.037     .6008811    .9838039
2021-07-20T15:49:14.593053300Z       1.male |   .8785326   .0670737    -1.70   0.090     .7564336     1.02034
2021-07-20T15:49:14.593063500Z              |
2021-07-20T15:49:14.593067400Z       bmicat |
2021-07-20T15:49:14.593070900Z Normal (..)  |   .9342042   .1218009    -0.52   0.602     .7235404    1.206204
2021-07-20T15:49:14.593427000Z Overweig..)  |   .7543094   .1055179    -2.02   0.044     .5734264    .9922506
2021-07-20T15:49:14.593438000Z Obese I ..)  |   .8882712   .1221257    -0.86   0.389     .6784479    1.162986
2021-07-20T15:49:14.593804000Z Obese II..)  |    1.00869   .1528722     0.06   0.954     .7494694    1.357569
2021-07-20T15:49:14.593814400Z Obese II..)  |   .8407231   .1470943    -0.99   0.321     .5966578    1.184624
2021-07-20T15:49:14.593825400Z              |
2021-07-20T15:49:14.593829500Z        smoke |
2021-07-20T15:49:14.594208200Z      Former  |   1.096712   .1611858     0.63   0.530     .8222241    1.462835
2021-07-20T15:49:14.594221300Z     Current  |   1.062732   .1042726     0.62   0.535     .8768112    1.288076
2021-07-20T15:49:14.594225900Z              |
2021-07-20T15:49:14.594229200Z          imd |
2021-07-20T15:49:14.594559200Z           4  |   1.053379    .102444     0.53   0.593     .8705689    1.274578
2021-07-20T15:49:14.594679800Z 5 most de..  |   1.116737   .1365598     0.90   0.367     .8787431    1.419187
2021-07-20T15:49:14.594691400Z              |
2021-07-20T15:49:14.594695600Z tot_adults~h |
2021-07-20T15:49:14.595100100Z           2  |   .6151606   .4419449    -0.68   0.499     .1504757    2.514841
2021-07-20T15:49:14.595111200Z           3  |   1.675469   .7653347     1.13   0.259     .6844118    4.101619
2021-07-20T15:49:14.595115800Z              |
2021-07-20T15:49:14.595119300Z    ethnicity |
2021-07-20T15:49:14.595468700Z Asian or ..  |   1.148482   .1408992     1.13   0.259     .9030176     1.46067
2021-07-20T15:49:14.595676400Z       Other  |   1.085945   .1389299     0.64   0.519      .845103    1.395423
2021-07-20T15:49:14.595686800Z              |
2021-07-20T15:49:14.596023200Z 1.htdiag_o~p |   1.084728   .1562123     0.56   0.572     .8179727    1.438477
2021-07-20T15:49:14.596032600Z 1.~y_disease |   .9949407   .0922984    -0.05   0.956      .829532    1.193332
2021-07-20T15:49:14.596392400Z     1.asthma |   .8774932   .1280861    -0.90   0.371     .6591669    1.168132
2021-07-20T15:49:14.596633100Z 1.~c_disease |   .9962273   .0926854    -0.04   0.968     .8301675    1.195504
2021-07-20T15:49:14.596642700Z              |
2021-07-20T15:49:14.596646700Z      diabcat |
2021-07-20T15:49:14.596928100Z T1DM, con..  |   .9487852   .2177762    -0.23   0.819     .6050486    1.487803
2021-07-20T15:49:14.596938600Z T1DM, unc..  |   .9945999   .5787675    -0.01   0.993     .3179258    3.111509
2021-07-20T15:49:14.597267700Z T2DM, con..  |   1.108075   .1135497     1.00   0.317     .9064474    1.354553
2021-07-20T15:49:14.597359800Z T2DM, unc..  |   1.220415   .2477672     0.98   0.327     .8197801    1.816843
2021-07-20T15:49:14.597614500Z Diabetes,..  |    2.56201   2.825412     0.85   0.394     .2950302    22.24821
2021-07-20T15:49:14.597626700Z              |
2021-07-20T15:49:14.597631200Z cancer_exh~t |
2021-07-20T15:49:14.597844000Z   Last year  |    1.21372   .7224133     0.33   0.745     .3779882    3.897254
2021-07-20T15:49:14.597856400Z 2-5 years..  |   1.220485   .3969558     0.61   0.540     .6451849    2.308771
2021-07-20T15:49:14.598220500Z    5+ years  |   1.099436   .1116511     0.93   0.351     .9010065    1.341566
2021-07-20T15:49:14.598250800Z              |
2021-07-20T15:49:14.598257400Z cancer_hae~t |
2021-07-20T15:49:14.598321500Z   Last year  |   .5179101   .5751266    -0.59   0.554     .0587511    4.565549
2021-07-20T15:49:14.598621000Z 2-5 years..  |   .9898764   .2958582    -0.03   0.973     .5510239    1.778245
2021-07-20T15:49:14.598874000Z    5+ years  |   .8891196     .09146    -1.14   0.253     .7267761    1.087726
2021-07-20T15:49:14.598883100Z              |
2021-07-20T15:49:14.599112200Z 1.~r_disease |   .9202102   .0892686    -0.86   0.391     .7608742    1.112913
2021-07-20T15:49:14.599328800Z 1.stroke_d~a |    .842395   .0812198    -1.78   0.075     .6973437    1.017618
2021-07-20T15:49:14.599598900Z 1.other_ne~o |    .952496   .0903712    -0.51   0.608     .7908655    1.147159
2021-07-20T15:49:14.599623300Z              |
2021-07-20T15:49:14.599627600Z reduced_ki~t |
2021-07-20T15:49:14.599822100Z Stage 3a/..  |   1.640442   .8484469     0.96   0.339     .5952704     4.52072
2021-07-20T15:49:14.600037100Z       1.esrd |   1.086291    .084787     1.06   0.289     .9321986    1.265855
2021-07-20T15:49:14.600243100Z 1.other_tr~t |   1.059637   .0961609     0.64   0.523      .886975    1.265909
2021-07-20T15:49:14.600471800Z   1.asplenia |   .9576967   .0939778    -0.44   0.660     .7901336    1.160795
2021-07-20T15:49:14.600691000Z 1.ra_sle_p~s |   .8593852   .0832964    -1.56   0.118     .7106974    1.039181
2021-07-20T15:49:14.601548700Z 1.other_im~o |    1.04863   .0862929     0.58   0.564     .8924336    1.232164
2021-07-20T15:49:14.601555500Z ------------------------------------------------------------------------------
2021-07-20T15:49:14.601725500Z                                                              Stratified by stp
2021-07-20T15:49:14.620784600Z (note: file ./output/an_sense_covid_tpp_prob_CCeth_bmi_smok_ageband_0W2.ster no
2021-07-20T15:49:14.620815300Z > t found)
2021-07-20T15:49:14.620821000Z file ./output/an_sense_covid_tpp_prob_CCeth_bmi_smok_ageband_0W2.ster saved
2021-07-20T15:49:14.624927400Z 
2021-07-20T15:49:14.624940100Z          failure _d:  covid_tpp_prob
2021-07-20T15:49:14.624942900Z    analysis time _t:  (stime_covid_tpp_prob-origin)
2021-07-20T15:49:14.624944900Z              origin:  time enter_date
2021-07-20T15:49:14.624946900Z   enter on or after:  time enter_date
2021-07-20T15:49:14.624948800Z                  id:  patient_id
2021-07-20T15:49:14.641183100Z 
2021-07-20T15:49:14.641219900Z Iteration 0:   log pseudolikelihood = -820.06726
2021-07-20T15:49:14.647570100Z Iteration 1:   log pseudolikelihood =  -790.1472
2021-07-20T15:49:14.654000600Z Iteration 2:   log pseudolikelihood = -787.46838
2021-07-20T15:49:14.660256100Z Iteration 3:   log pseudolikelihood = -787.40254
2021-07-20T15:49:14.666867100Z Iteration 4:   log pseudolikelihood = -787.40225
2021-07-20T15:49:14.673590900Z Iteration 5:   log pseudolikelihood = -787.40225
2021-07-20T15:49:14.673604600Z Refining estimates:
2021-07-20T15:49:14.693125800Z Iteration 0:   log pseudolikelihood = -787.40225
2021-07-20T15:49:14.734434900Z 
2021-07-20T15:49:14.734452100Z Stratified Cox regr. -- Breslow method for ties
2021-07-20T15:49:14.734456000Z 
2021-07-20T15:49:14.734457800Z No. of subjects      =          655             Number of obs    =         655
2021-07-20T15:49:14.734459700Z No. of failures      =          211
2021-07-20T15:49:14.734461300Z Time at risk         =        52008
2021-07-20T15:49:14.734464900Z                                                 Wald chi2(43)    =       91.42
2021-07-20T15:49:14.734466600Z Log pseudolikelihood =   -787.40225             Prob > chi2      =      0.0000
2021-07-20T15:49:14.734468700Z 
2021-07-20T15:49:14.741979200Z                          (Std. Err. adjusted for 441 clusters in household_id)
2021-07-20T15:49:14.741993400Z ------------------------------------------------------------------------------
2021-07-20T15:49:14.741996000Z              |               Robust
2021-07-20T15:49:14.741997900Z           _t | Haz. Ratio   Std. Err.      z    P>|z|     [95% Conf. Interval]
2021-07-20T15:49:14.741999800Z -------------+----------------------------------------------------------------
2021-07-20T15:49:14.742001600Z    kids_cat4 |
2021-07-20T15:49:14.742003400Z only <12 ..  |   .7597972   .4864567    -0.43   0.668     .2166306    2.664867
2021-07-20T15:49:14.742287500Z  only 12-18  |   1.776734   1.429307     0.71   0.475     .3671699    8.597608
2021-07-20T15:49:14.742299000Z       mixed  |   .9584871   .5844861    -0.07   0.945     .2900835    3.167011
2021-07-20T15:49:14.742302300Z              |
2021-07-20T15:49:14.742677100Z         age1 |   .9787552   .0627616    -0.33   0.738     .8631607     1.10983
2021-07-20T15:49:14.742833600Z         age2 |    .983422   .3319225    -0.05   0.960     .5075095    1.905617
2021-07-20T15:49:14.742842600Z         age3 |   1.115777   .7477345     0.16   0.870     .3000182    4.149612
2021-07-20T15:49:14.743139900Z       1.male |   1.028527   .1526153     0.19   0.850      .768975    1.375685
2021-07-20T15:49:14.743162200Z              |
2021-07-20T15:49:14.743168200Z       bmicat |
2021-07-20T15:49:14.743170400Z Normal (..)  |   .9017134   .2162531    -0.43   0.666      .563546    1.442805
2021-07-20T15:49:14.743445200Z Overweig..)  |   .8453285   .2224127    -0.64   0.523     .5047398     1.41574
2021-07-20T15:49:14.743454000Z Obese I ..)  |   .9947626   .2517016    -0.02   0.983     .6058186    1.633414
2021-07-20T15:49:14.743670200Z Obese II..)  |   .3538134   .1325232    -2.77   0.006     .1698052    .7372209
2021-07-20T15:49:14.743782200Z Obese II..)  |    .388857    .152289    -2.41   0.016     .1804812    .8378148
2021-07-20T15:49:14.743802500Z              |
2021-07-20T15:49:14.743805400Z        smoke |
2021-07-20T15:49:14.744017800Z      Former  |   .8407477   .2311311    -0.63   0.528     .4905246    1.441022
2021-07-20T15:49:14.744208900Z     Current  |   .8048995   .1363733    -1.28   0.200      .577462    1.121915
2021-07-20T15:49:14.744218000Z              |
2021-07-20T15:49:14.744220400Z          imd |
2021-07-20T15:49:14.744302300Z           4  |   .9626895   .1887974    -0.19   0.846     .6554706    1.413902
2021-07-20T15:49:14.744637100Z 5 most de..  |   1.093194   .2996516     0.33   0.745     .6388185    1.870756
2021-07-20T15:49:14.744646400Z              |
2021-07-20T15:49:14.744648700Z tot_adults~h |
2021-07-20T15:49:14.744650300Z           2  |   .3417038   .3851309    -0.95   0.341     .0375206    3.111933
2021-07-20T15:49:14.744984500Z           3  |   .7186585   .5402856    -0.44   0.660     .1646612    3.136561
2021-07-20T15:49:14.744993700Z              |
2021-07-20T15:49:14.744996100Z    ethnicity |
2021-07-20T15:49:14.744997800Z Asian or ..  |   .7591934    .189906    -1.10   0.271     .4649768    1.239577
2021-07-20T15:49:14.745344000Z       Other  |   .8863303   .2317359    -0.46   0.644     .5309386    1.479609
2021-07-20T15:49:14.745354800Z              |
2021-07-20T15:49:14.745358500Z 1.htdiag_o~p |   2.364583   .9150878     2.22   0.026     1.107495    5.048559
2021-07-20T15:49:14.745649600Z 1.~y_disease |   .7887132   .1508117    -1.24   0.214     .5421992    1.147306
2021-07-20T15:49:14.745814200Z     1.asthma |   1.195005   .2929394     0.73   0.467     .7391096    1.932103
2021-07-20T15:49:14.746008400Z 1.~c_disease |   .8767103   .1648196    -0.70   0.484     .6065018    1.267302
2021-07-20T15:49:14.746017000Z              |
2021-07-20T15:49:14.746020500Z      diabcat |
2021-07-20T15:49:14.746194700Z T1DM, con..  |   .8281641   .4041209    -0.39   0.699     .3182394    2.155157
2021-07-20T15:49:14.746363600Z T1DM, unc..  |   3.205746   1.889139     1.98   0.048     1.009992    10.17514
2021-07-20T15:49:14.746525800Z T2DM, con..  |   .8474636   .1863877    -0.75   0.452     .5506951     1.30416
2021-07-20T15:49:14.746665600Z T2DM, unc..  |   .6543963   .2616127    -1.06   0.289     .2989166    1.432622
2021-07-20T15:49:14.746674900Z              |
2021-07-20T15:49:14.746698100Z cancer_exh~t |
2021-07-20T15:49:14.747012700Z   Last year  |    2.22713   1.746599     1.02   0.307      .478852    10.35833
2021-07-20T15:49:14.747125200Z 2-5 years..  |   1.585003   .8499564     0.86   0.390     .5540817    4.534048
2021-07-20T15:49:14.747451400Z    5+ years  |   .6872551   .1550418    -1.66   0.096     .4416625    1.069413
2021-07-20T15:49:14.747460400Z              |
2021-07-20T15:49:14.747464100Z cancer_hae~t |
2021-07-20T15:49:14.747716400Z   Last year  |   2.287714   1.285479     1.47   0.141     .7605136     6.88171
2021-07-20T15:49:14.747871500Z 2-5 years..  |    .187025   .1773201    -1.77   0.077     .0291654    1.199311
2021-07-20T15:49:14.748269200Z    5+ years  |   .6189641   .1307654    -2.27   0.023     .4091066    .9364712
2021-07-20T15:49:14.748281000Z              |
2021-07-20T15:49:14.749059000Z 1.~r_disease |    .926192   .1649082    -0.43   0.667     .6533485    1.312977
2021-07-20T15:49:14.749238800Z 1.stroke_d~a |   .8095848   .1576729    -1.08   0.278     .5526934    1.185879
2021-07-20T15:49:14.749539300Z 1.other_ne~o |   1.230236     .20219     1.26   0.207     .8914416     1.69779
2021-07-20T15:49:14.749547000Z              |
2021-07-20T15:49:14.749549100Z reduced_ki~t |
2021-07-20T15:49:14.749725400Z Stage 3a/..  |   1.205317   .4331085     0.52   0.603     .5959881    2.437614
2021-07-20T15:49:14.750032800Z       1.esrd |   .9833221   .1414555    -0.12   0.907     .7417311    1.303602
2021-07-20T15:49:14.750039600Z 1.other_tr~t |   1.543959   .2516466     2.66   0.008     1.121761     2.12506
2021-07-20T15:49:14.750391000Z   1.asplenia |   1.300815   .2467856     1.39   0.166     .8968688    1.886697
2021-07-20T15:49:14.750580700Z 1.ra_sle_p~s |   .8394077   .1713147    -0.86   0.391     .5626667    1.252261
2021-07-20T15:49:14.751550700Z 1.other_im~o |   1.125673   .1711987     0.78   0.436     .8355198    1.516589
2021-07-20T15:49:14.751561700Z ------------------------------------------------------------------------------
2021-07-20T15:49:14.751727300Z                                                              Stratified by stp
2021-07-20T15:49:14.752617000Z 
2021-07-20T15:49:14.752636300Z -------------------------------------------------------------------------------
2021-07-20T15:49:14.752640800Z active results
2021-07-20T15:49:14.752644000Z -------------------------------------------------------------------------------
2021-07-20T15:49:14.753673400Z 
2021-07-20T15:49:14.753686200Z Stratified Cox regr. -- Breslow method for ties
2021-07-20T15:49:14.753713700Z 
2021-07-20T15:49:14.753718400Z No. of subjects      =          655             Number of obs    =         655
2021-07-20T15:49:14.753722000Z No. of failures      =          211
2021-07-20T15:49:14.753725000Z Time at risk         =        52008
2021-07-20T15:49:14.753844400Z                                                 Wald chi2(43)    =       91.42
2021-07-20T15:49:14.753855100Z Log pseudolikelihood =   -787.40225             Prob > chi2      =      0.0000
2021-07-20T15:49:14.753859400Z 
2021-07-20T15:49:14.761844300Z                          (Std. Err. adjusted for 441 clusters in household_id)
2021-07-20T15:49:14.761863600Z ------------------------------------------------------------------------------
2021-07-20T15:49:14.761867200Z              |               Robust
2021-07-20T15:49:14.761870100Z           _t | Haz. Ratio   Std. Err.      z    P>|z|     [95% Conf. Interval]
2021-07-20T15:49:14.761888500Z -------------+----------------------------------------------------------------
2021-07-20T15:49:14.761892000Z    kids_cat4 |
2021-07-20T15:49:14.761895200Z only <12 ..  |   .7597972   .4864567    -0.43   0.668     .2166306    2.664867
2021-07-20T15:49:14.762086000Z  only 12-18  |   1.776734   1.429307     0.71   0.475     .3671699    8.597608
2021-07-20T15:49:14.762183500Z       mixed  |   .9584871   .5844861    -0.07   0.945     .2900835    3.167011
2021-07-20T15:49:14.762192100Z              |
2021-07-20T15:49:14.762467700Z         age1 |   .9787552   .0627616    -0.33   0.738     .8631607     1.10983
2021-07-20T15:49:14.762476800Z         age2 |    .983422   .3319225    -0.05   0.960     .5075095    1.905617
2021-07-20T15:49:14.762798200Z         age3 |   1.115777   .7477345     0.16   0.870     .3000182    4.149612
2021-07-20T15:49:14.762808200Z       1.male |   1.028527   .1526153     0.19   0.850      .768975    1.375685
2021-07-20T15:49:14.762832700Z              |
2021-07-20T15:49:14.762836900Z       bmicat |
2021-07-20T15:49:14.763048800Z Normal (..)  |   .9017134   .2162531    -0.43   0.666      .563546    1.442805
2021-07-20T15:49:14.763248200Z Overweig..)  |   .8453285   .2224127    -0.64   0.523     .5047398     1.41574
2021-07-20T15:49:14.763362900Z Obese I ..)  |   .9947626   .2517016    -0.02   0.983     .6058186    1.633414
2021-07-20T15:49:14.763641400Z Obese II..)  |   .3538134   .1325232    -2.77   0.006     .1698052    .7372209
2021-07-20T15:49:14.763978900Z Obese II..)  |    .388857    .152289    -2.41   0.016     .1804812    .8378148
2021-07-20T15:49:14.763998300Z              |
2021-07-20T15:49:14.764002300Z        smoke |
2021-07-20T15:49:14.764157800Z      Former  |   .8407477   .2311311    -0.63   0.528     .4905246    1.441022
2021-07-20T15:49:14.764411500Z     Current  |   .8048995   .1363733    -1.28   0.200      .577462    1.121915
2021-07-20T15:49:14.764421600Z              |
2021-07-20T15:49:14.764425600Z          imd |
2021-07-20T15:49:14.764620000Z           4  |   .9626895   .1887974    -0.19   0.846     .6554706    1.413902
2021-07-20T15:49:14.764879300Z 5 most de..  |   1.093194   .2996516     0.33   0.745     .6388185    1.870756
2021-07-20T15:49:14.764888900Z              |
2021-07-20T15:49:14.764892300Z tot_adults~h |
2021-07-20T15:49:14.765175100Z           2  |   .3417038   .3851309    -0.95   0.341     .0375206    3.111933
2021-07-20T15:49:14.765420900Z           3  |   .7186585   .5402856    -0.44   0.660     .1646612    3.136561
2021-07-20T15:49:14.765430200Z              |
2021-07-20T15:49:14.765433700Z    ethnicity |
2021-07-20T15:49:14.765656100Z Asian or ..  |   .7591934    .189906    -1.10   0.271     .4649768    1.239577
2021-07-20T15:49:14.765981000Z       Other  |   .8863303   .2317359    -0.46   0.644     .5309386    1.479609
2021-07-20T15:49:14.766000300Z              |
2021-07-20T15:49:14.766209200Z 1.htdiag_o~p |   2.364583   .9150878     2.22   0.026     1.107495    5.048559
2021-07-20T15:49:14.766498000Z 1.~y_disease |   .7887132   .1508117    -1.24   0.214     .5421992    1.147306
2021-07-20T15:49:14.766741300Z     1.asthma |   1.195005   .2929394     0.73   0.467     .7391096    1.932103
2021-07-20T15:49:14.766958300Z 1.~c_disease |   .8767103   .1648196    -0.70   0.484     .6065018    1.267302
2021-07-20T15:49:14.766965900Z              |
2021-07-20T15:49:14.766968100Z      diabcat |
2021-07-20T15:49:14.767151300Z T1DM, con..  |   .8281641   .4041209    -0.39   0.699     .3182394    2.155157
2021-07-20T15:49:14.767339900Z T1DM, unc..  |   3.205746   1.889139     1.98   0.048     1.009992    10.17514
2021-07-20T15:49:14.767531100Z T2DM, con..  |   .8474636   .1863877    -0.75   0.452     .5506951     1.30416
2021-07-20T15:49:14.767745700Z T2DM, unc..  |   .6543963   .2616127    -1.06   0.289     .2989166    1.432622
2021-07-20T15:49:14.767754900Z              |
2021-07-20T15:49:14.767758300Z cancer_exh~t |
2021-07-20T15:49:14.767913300Z   Last year  |    2.22713   1.746599     1.02   0.307      .478852    10.35833
2021-07-20T15:49:14.768124500Z 2-5 years..  |   1.585003   .8499564     0.86   0.390     .5540817    4.534048
2021-07-20T15:49:14.768425700Z    5+ years  |   .6872551   .1550418    -1.66   0.096     .4416625    1.069413
2021-07-20T15:49:14.768435200Z              |
2021-07-20T15:49:14.768439100Z cancer_hae~t |
2021-07-20T15:49:14.768605000Z   Last year  |   2.287714   1.285479     1.47   0.141     .7605136     6.88171
2021-07-20T15:49:14.768743800Z 2-5 years..  |    .187025   .1773201    -1.77   0.077     .0291654    1.199311
2021-07-20T15:49:14.769008700Z    5+ years  |   .6189641   .1307654    -2.27   0.023     .4091066    .9364712
2021-07-20T15:49:14.769018100Z              |
2021-07-20T15:49:14.769194000Z 1.~r_disease |    .926192   .1649082    -0.43   0.667     .6533485    1.312977
2021-07-20T15:49:14.769406500Z 1.stroke_d~a |   .8095848   .1576729    -1.08   0.278     .5526934    1.185879
2021-07-20T15:49:14.769617200Z 1.other_ne~o |   1.230236     .20219     1.26   0.207     .8914416     1.69779
2021-07-20T15:49:14.769624700Z              |
2021-07-20T15:49:14.769626800Z reduced_ki~t |
2021-07-20T15:49:14.769889600Z Stage 3a/..  |   1.205317   .4331085     0.52   0.603     .5959881    2.437614
2021-07-20T15:49:14.770134000Z       1.esrd |   .9833221   .1414555    -0.12   0.907     .7417311    1.303602
2021-07-20T15:49:14.770336500Z 1.other_tr~t |   1.543959   .2516466     2.66   0.008     1.121761     2.12506
2021-07-20T15:49:14.770579800Z   1.asplenia |   1.300815   .2467856     1.39   0.166     .8968688    1.886697
2021-07-20T15:49:14.770783800Z 1.ra_sle_p~s |   .8394077   .1713147    -0.86   0.391     .5626667    1.252261
2021-07-20T15:49:14.771693100Z 1.other_im~o |   1.125673   .1711987     0.78   0.436     .8355198    1.516589
2021-07-20T15:49:14.771703200Z ------------------------------------------------------------------------------
2021-07-20T15:49:14.771845600Z                                                              Stratified by stp
2021-07-20T15:49:14.777113200Z (note: file ./output/an_sense_covid_tpp_prob_CCeth_bmi_smok_ageband_1W2.ster no
2021-07-20T15:49:14.777149000Z > t found)
2021-07-20T15:49:14.777153400Z file ./output/an_sense_covid_tpp_prob_CCeth_bmi_smok_ageband_1W2.ster saved
2021-07-20T15:49:14.777156800Z 
2021-07-20T15:49:14.777159600Z . 
2021-07-20T15:49:14.777162300Z . 
2021-07-20T15:49:14.777165100Z . 
2021-07-20T15:49:14.777168100Z . 
2021-07-20T15:49:14.777170800Z . log close
2021-07-20T15:49:14.777287200Z       name:  <unnamed>
2021-07-20T15:49:14.777298400Z        log:  /workspace/log/07d_an_multivariable_cox_models_FULL_Sense3_covid_t
2021-07-20T15:49:14.777302400Z > pp_probW2.log
2021-07-20T15:49:14.777305200Z   log type:  text
2021-07-20T15:49:14.777309000Z  closed on:  20 Jul 2021, 15:49:14
2021-07-20T15:49:14.777311900Z -------------------------------------------------------------------------------
2021-07-20T15:49:14.777315200Z 
2021-07-20T15:49:14.777318000Z . 
2021-07-20T15:49:14.777320600Z . 
2021-07-20T15:49:14.777323500Z . exit, clear
2021-07-20T15:49:14.777326300Z 
2021-07-20T15:49:14.777329100Z end of do-file
2021-07-20T15:49:14.777331500Z 
2021-07-20T15:49:14.777334000Z . . file open output using "/tmp/tmp.baDGQJuWbd", write text replace
2021-07-20T15:49:14.777424100Z 
2021-07-20T15:49:14.777432300Z . . file write output "success" 
2021-07-20T15:49:14.777435400Z 
2021-07-20T15:49:14.777438000Z . . file close output
2021-07-20T15:49:14.777440600Z 
2021-07-20T15:49:14.777442900Z . 
2021-07-20T15:49:14.777445400Z end of do-file
2021-07-20T15:49:14.777447900Z 
2021-07-20T15:49:14.777450200Z 
2021-07-20T15:49:14.798642500Z . 

state: succeeded
commit: none
docker_image_id: sha256:11980aa720220a1b39bf523f5a8a33270214c13876c30ee364e16265766f7f60
exit_code: 0
job_id: ck4vkxxtmhcpikzu
run_by_user: qc18278
created_at: 2021-07-20T15:38:48Z
started_at: 2021-07-20T15:49:13Z
completed_at: 2021-07-20T15:49:59Z

Completed successfully

outputs:
  log/07d_an_multivariable_cox_models_FULL_Sense3_covid_tpp_probW2.log  - moderately_sensitive
  output/an_sense_covid_tpp_prob_CCeth_bmi_smok_ageband_0W2.ster        - moderately_sensitive
  output/an_sense_covid_tpp_prob_CCeth_bmi_smok_ageband_1W2.ster        - moderately_sensitive