2021-07-20T15:48:00.084328200Z 
2021-07-20T15:48:00.084363000Z   ___  ____  ____  ____  ____ (R)
2021-07-20T15:48:00.084367200Z  /__    /   ____/   /   ____/
2021-07-20T15:48:00.084369500Z ___/   /   /___/   /   /___/   16.1   Copyright 1985-2019 StataCorp LLC
2021-07-20T15:48:00.084371700Z   Statistics/Data Analysis            StataCorp
2021-07-20T15:48:00.084373900Z                                       4905 Lakeway Drive
2021-07-20T15:48:00.084376300Z                                       College Station, Texas 77845 USA
2021-07-20T15:48:00.084378500Z                                       800-STATA-PC        http://www.stata.com
2021-07-20T15:48:00.084380700Z                                       979-696-4600        stata@stata.com
2021-07-20T15:48:00.084382900Z                                       979-696-4601 (fax)
2021-07-20T15:48:00.084385100Z 
2021-07-20T15:48:00.084387100Z 3-user Stata network license expires 11 May 2022:
2021-07-20T15:48:00.084389300Z        Serial number:  501709312237
2021-07-20T15:48:00.084391300Z          Licensed to:  The Bennett Institute
2021-07-20T15:48:00.084393600Z                        Oxford University
2021-07-20T15:48:00.084881400Z 
2021-07-20T15:48:00.084895800Z Notes:
2021-07-20T15:48:00.084938900Z       1.  Unicode is supported; see help unicode_advice.
2021-07-20T15:48:00.084945800Z 
2021-07-20T15:48:00.084950700Z . do "analysis/07d_an_multivariable_cox_models_FULL_Sense3.wrapper.do" covid_ic
2021-07-20T15:48:00.084954800Z > u W2 
2021-07-20T15:48:00.084958800Z 
2021-07-20T15:48:00.084961900Z . . do "analysis/07d_an_multivariable_cox_models_FULL_Sense3.do" covid_icu W2
2021-07-20T15:48:00.084965700Z 
2021-07-20T15:48:00.084968900Z . *****************************************************************************
2021-07-20T15:48:00.084972700Z > ***
2021-07-20T15:48:00.084976400Z . *
2021-07-20T15:48:00.084979800Z . *       Do-file:                07d_an_multivariable_cox_models_FULL_Sense3.d
2021-07-20T15:48:00.084983700Z > o
2021-07-20T15:48:00.084987600Z . *
2021-07-20T15:48:00.084991400Z . *       Project:                Exposure children and COVID risk
2021-07-20T15:48:00.084995600Z . *
2021-07-20T15:48:00.084999500Z . *       Programmed by:  Hforbes, based on files from Fizz & Krishnan
2021-07-20T15:48:00.085003100Z . *
2021-07-20T15:48:00.085006600Z . *       Data used:              analysis_dataset.dta
2021-07-20T15:48:00.085010300Z . *
2021-07-20T15:48:00.085013600Z . *       Data created:   None
2021-07-20T15:48:00.085017000Z . *
2021-07-20T15:48:00.085020900Z . *       Other output:   Log file:  an_multivariable_cox_models.log
2021-07-20T15:48:00.085025300Z . *
2021-07-20T15:48:00.085058400Z . *****************************************************************************
2021-07-20T15:48:00.085063600Z > ***
2021-07-20T15:48:00.085067400Z . *
2021-07-20T15:48:00.085070700Z . *       Purpose:                This do-file performs multivariable (fully ad
2021-07-20T15:48:00.085074400Z > justed) 
2021-07-20T15:48:00.085077800Z . *                                       Cox models for a sense analysis on th
2021-07-20T15:48:00.085081600Z > ose with complete data on 
2021-07-20T15:48:00.085085300Z . *                                       bmi and smoking
2021-07-20T15:48:00.085089100Z . *  
2021-07-20T15:48:00.085092500Z . *****************************************************************************
2021-07-20T15:48:00.085096500Z > ***
2021-07-20T15:48:00.085100100Z . *       
2021-07-20T15:48:00.085103600Z . *       Stata routines needed:  stbrier   
2021-07-20T15:48:00.085107200Z . *
2021-07-20T15:48:00.085110700Z . *****************************************************************************
2021-07-20T15:48:00.085114400Z > ***
2021-07-20T15:48:00.085117700Z . 
2021-07-20T15:48:00.085121200Z . * Set globals that will print in programs and direct output
2021-07-20T15:48:00.085125000Z . global outdir     "output" 
2021-07-20T15:48:00.085133900Z 
2021-07-20T15:48:00.085138100Z . global logdir     "log"
2021-07-20T15:48:00.085141600Z 
2021-07-20T15:48:00.085144700Z . global tempdir    "tempdata"
2021-07-20T15:48:00.085148300Z 
2021-07-20T15:48:00.085151900Z . global demogadjlist  age1 age2 age3 i.male i.bmicat i.smoke     i.imd i.tot_a
2021-07-20T15:48:00.085155800Z > dults_hh i.ethnicity
2021-07-20T15:48:00.085159600Z 
2021-07-20T15:48:00.085163300Z . global comordidadjlist  i.htdiag_or_highbp                              ///
2021-07-20T15:48:00.085166900Z >                         i.chronic_respiratory_disease   ///
2021-07-20T15:48:00.085170600Z >                         i.asthma                                             
2021-07-20T15:48:00.085174700Z >    ///
2021-07-20T15:48:00.085178300Z >                         i.chronic_cardiac_disease               ///
2021-07-20T15:48:00.085182100Z >                         i.diabcat                                            
2021-07-20T15:48:00.085185600Z >    ///
2021-07-20T15:48:00.085189100Z >                         i.cancer_exhaem_cat                             ///
2021-07-20T15:48:00.085192700Z >                         i.cancer_haem_cat                               ///
2021-07-20T15:48:00.085196200Z >                         i.chronic_liver_disease                 ///
2021-07-20T15:48:00.085206000Z >                         i.stroke_dementia                               ///
2021-07-20T15:48:00.085210400Z >                         i.other_neuro                                   ///
2021-07-20T15:48:00.085214800Z >                         i.reduced_kidney_function_cat   ///
2021-07-20T15:48:00.085219200Z >                         i.esrd                                               
2021-07-20T15:48:00.085223600Z >    ///
2021-07-20T15:48:00.085226900Z >                         i.other_transplant                              ///
2021-07-20T15:48:00.085230800Z >                         i.asplenia                                           
2021-07-20T15:48:00.085234700Z >    ///
2021-07-20T15:48:00.085238500Z >                         i.ra_sle_psoriasis                      ///
2021-07-20T15:48:00.085242500Z >                         i.other_immuno          
2021-07-20T15:48:00.085247600Z 
2021-07-20T15:48:00.085251000Z .                         
2021-07-20T15:48:00.085254800Z . local outcome `1' 
2021-07-20T15:48:00.085258700Z 
2021-07-20T15:48:00.085262600Z . local dataset `2'
2021-07-20T15:48:00.085266100Z 
2021-07-20T15:48:00.085269700Z .  
2021-07-20T15:48:00.085273100Z . 
2021-07-20T15:48:00.085277800Z . *****************************************************************************
2021-07-20T15:48:00.085281800Z > *******
2021-07-20T15:48:00.085285400Z . *First clean up all old saved estimates for this outcome
2021-07-20T15:48:00.085289100Z . *This is to guard against accidentally displaying left-behind results from ol
2021-07-20T15:48:00.085293400Z > d runs
2021-07-20T15:48:00.085296700Z . *****************************************************************************
2021-07-20T15:48:00.085300300Z > *******
2021-07-20T15:48:00.085303900Z . cap erase ./output/an_multivariate_cox_models_`outcome'_MAINFULLYADJMODEL_age
2021-07-20T15:48:00.085307600Z > spline_bmicat_noeth.ster
2021-07-20T15:48:00.085312300Z 
2021-07-20T15:48:00.085316000Z . cap erase ./output/an_multivariate_cox_models_`outcome'_MAINFULLYADJMODEL_age
2021-07-20T15:48:00.085319600Z > group_bmicat_noeth.ster
2021-07-20T15:48:00.085323000Z 
2021-07-20T15:48:00.085326300Z . cap erase ./output/an_multivariate_cox_models_`outcome'_MAINFULLYADJMODEL_age
2021-07-20T15:48:00.085329600Z > spline_bmicat_CCeth.ster
2021-07-20T15:48:00.085332800Z 
2021-07-20T15:48:00.085336000Z . cap erase ./output/an_multivariate_cox_models_`outcome'_MAINFULLYADJMODEL_age
2021-07-20T15:48:00.085340000Z > spline_bmicat_CCnoeth.ster
2021-07-20T15:48:00.085343800Z 
2021-07-20T15:48:00.085347300Z . 
2021-07-20T15:48:00.085357000Z . 
2021-07-20T15:48:00.085360800Z . * Open a log file
2021-07-20T15:48:00.085364200Z . capture log close
2021-07-20T15:48:00.085367600Z 
2021-07-20T15:48:00.085371100Z . log using "$logdir/07d_an_multivariable_cox_models_FULL_Sense3_`outcome'`data
2021-07-20T15:48:00.085374500Z > set'", text replace
2021-07-20T15:48:00.085514300Z (note: file /workspace/log/07d_an_multivariable_cox_models_FULL_Sense3_covid_ic
2021-07-20T15:48:00.085542600Z > uW2.log not found)
2021-07-20T15:48:00.085553400Z -------------------------------------------------------------------------------
2021-07-20T15:48:00.085558600Z       name:  <unnamed>
2021-07-20T15:48:00.085562900Z        log:  /workspace/log/07d_an_multivariable_cox_models_FULL_Sense3_covid_i
2021-07-20T15:48:00.085567400Z > cuW2.log
2021-07-20T15:48:00.085571000Z   log type:  text
2021-07-20T15:48:00.085574700Z  opened on:  20 Jul 2021, 15:48:00
2021-07-20T15:48:00.085578400Z 
2021-07-20T15:48:00.085581900Z . 
2021-07-20T15:48:00.085585700Z . * Open dataset and fit specified model(s)
2021-07-20T15:48:00.085589300Z . forvalues x=0/1 {
2021-07-20T15:48:00.085595800Z   2. 
2021-07-20T15:48:00.085725900Z . use "$tempdir/cr_create_analysis_dataset_STSET_`outcome'_ageband_`x'`dataset'
2021-07-20T15:48:00.085740000Z > .dta", clear
2021-07-20T15:48:00.085745100Z   3. 
2021-07-20T15:48:00.085748900Z . ******************************
2021-07-20T15:48:00.085752500Z . *  Multivariable Cox models  *
2021-07-20T15:48:00.085756200Z . ******************************
2021-07-20T15:48:00.085759900Z . 
2021-07-20T15:48:00.085763700Z . 
2021-07-20T15:48:00.085767200Z . foreach exposure_type in        kids_cat4   {
2021-07-20T15:48:00.085896800Z   4.  
2021-07-20T15:48:00.085907600Z . *Complete case ethnicity model
2021-07-20T15:48:00.085911900Z . stcox   i.`exposure_type'                       ///
2021-07-20T15:48:00.085916000Z >                         $demogadjlist                           ///
2021-07-20T15:48:00.085920100Z >                         $comordidadjlist                        ///
2021-07-20T15:48:00.085924100Z >                         , strata(stp) vce(cluster household_id)
2021-07-20T15:48:00.085928300Z   5. if _rc==0{
2021-07-20T15:48:00.085997000Z   6. estimates
2021-07-20T15:48:00.086114500Z   7. estimates save ./output/an_sense_`outcome'_CCeth_bmi_smok_ageband_`x'`data
2021-07-20T15:48:00.086155500Z > set', replace
2021-07-20T15:48:00.086311200Z   8. *estat concordance /*c-statistic*/
2021-07-20T15:48:00.087706700Z .  }
2021-07-20T15:48:00.088759900Z   9.  else di "WARNING CC BMI SMOK MODEL WITH AGESPLINE DID NOT FIT (OUTCOME `o
2021-07-20T15:48:00.088816500Z > utcome')" 
2021-07-20T15:48:00.088824700Z  10.  }
2021-07-20T15:48:00.089037300Z  11. 
2021-07-20T15:48:00.089050300Z . }
2021-07-20T15:48:00.112922100Z 
2021-07-20T15:48:00.112941000Z          failure _d:  covid_icu
2021-07-20T15:48:00.112944400Z    analysis time _t:  (stime_covid_icu-origin)
2021-07-20T15:48:00.112946900Z              origin:  time enter_date
2021-07-20T15:48:00.112949200Z   enter on or after:  time enter_date
2021-07-20T15:48:00.112951400Z                  id:  patient_id
2021-07-20T15:48:00.190161100Z 
2021-07-20T15:48:00.190181200Z Iteration 0:   log pseudolikelihood =  -2959.075
2021-07-20T15:48:00.217442800Z Iteration 1:   log pseudolikelihood = -2934.7006
2021-07-20T15:48:00.242163400Z Iteration 2:   log pseudolikelihood = -2933.8235
2021-07-20T15:48:00.265747700Z Iteration 3:   log pseudolikelihood =  -2933.641
2021-07-20T15:48:00.288723700Z Iteration 4:   log pseudolikelihood = -2933.5753
2021-07-20T15:48:00.311218600Z Iteration 5:   log pseudolikelihood = -2933.5511
2021-07-20T15:48:00.338739400Z Iteration 6:   log pseudolikelihood = -2933.5423
2021-07-20T15:48:00.365228100Z Iteration 7:   log pseudolikelihood =  -2933.539
2021-07-20T15:48:00.385859400Z Iteration 8:   log pseudolikelihood = -2933.5378
2021-07-20T15:48:00.407577700Z Iteration 9:   log pseudolikelihood = -2933.5373
2021-07-20T15:48:00.435936100Z Iteration 10:  log pseudolikelihood = -2933.5372
2021-07-20T15:48:00.460958200Z Iteration 11:  log pseudolikelihood = -2933.5371
2021-07-20T15:48:00.486906400Z Iteration 12:  log pseudolikelihood = -2933.5371
2021-07-20T15:48:00.511338800Z Iteration 13:  log pseudolikelihood = -2933.5371
2021-07-20T15:48:00.538007700Z Iteration 14:  log pseudolikelihood = -2933.5371
2021-07-20T15:48:00.565215600Z Iteration 15:  log pseudolikelihood = -2933.5371
2021-07-20T15:48:00.590395400Z Iteration 16:  log pseudolikelihood = -2933.5371
2021-07-20T15:48:00.615034700Z Iteration 17:  log pseudolikelihood = -2933.5371
2021-07-20T15:48:00.635894500Z Iteration 18:  log pseudolikelihood = -2933.5371
2021-07-20T15:48:00.659851200Z Iteration 19:  log pseudolikelihood = -2933.5371
2021-07-20T15:48:00.685382500Z Iteration 20:  log pseudolikelihood = -2933.5371
2021-07-20T15:48:00.706234200Z Iteration 21:  log pseudolikelihood = -2933.5371
2021-07-20T15:48:00.724845300Z Iteration 22:  log pseudolikelihood = -2933.5371
2021-07-20T15:48:00.743614800Z Iteration 23:  log pseudolikelihood = -2933.5371
2021-07-20T15:48:00.764418100Z Iteration 24:  log pseudolikelihood = -2933.5371
2021-07-20T15:48:00.784139100Z Iteration 25:  log pseudolikelihood = -2933.5371
2021-07-20T15:48:00.803223200Z Iteration 26:  log pseudolikelihood = -2933.5371
2021-07-20T15:48:00.822301500Z Iteration 27:  log pseudolikelihood = -2933.5371
2021-07-20T15:48:00.844175400Z Iteration 28:  log pseudolikelihood = -2933.5371
2021-07-20T15:48:00.867553400Z Iteration 29:  log pseudolikelihood = -2933.5371
2021-07-20T15:48:00.892732900Z Iteration 30:  log pseudolikelihood = -2933.5371
2021-07-20T15:48:00.892756600Z Refining estimates:
2021-07-20T15:48:00.969353600Z Iteration 0:   log pseudolikelihood = -2933.5371
2021-07-20T15:48:01.040920100Z Iteration 1:   log pseudolikelihood = -2933.5371
2021-07-20T15:48:01.329541800Z 
2021-07-20T15:48:01.329561300Z Stratified Cox regr. -- Breslow method for ties
2021-07-20T15:48:01.329684800Z 
2021-07-20T15:48:01.329696600Z No. of subjects      =        2,261             Number of obs    =       2,261
2021-07-20T15:48:01.329699800Z No. of failures      =          573
2021-07-20T15:48:01.329702000Z Time at risk         =       186937
2021-07-20T15:48:01.329865900Z                                                 Wald chi2(44)    =     6000.39
2021-07-20T15:48:01.329877700Z Log pseudolikelihood =   -2933.5371             Prob > chi2      =      0.0000
2021-07-20T15:48:01.329882100Z 
2021-07-20T15:48:01.482409700Z                          (Std. Err. adjusted for 783 clusters in household_id)
2021-07-20T15:48:01.482427600Z ------------------------------------------------------------------------------
2021-07-20T15:48:01.482430400Z              |               Robust
2021-07-20T15:48:01.482432600Z           _t | Haz. Ratio   Std. Err.      z    P>|z|     [95% Conf. Interval]
2021-07-20T15:48:01.482435000Z -------------+----------------------------------------------------------------
2021-07-20T15:48:01.482437400Z    kids_cat4 |
2021-07-20T15:48:01.489144400Z only <12 ..  |   .6970352   .2074668    -1.21   0.225      .388957    1.249131
2021-07-20T15:48:01.489192100Z  only 12-18  |    .621499   .2711772    -1.09   0.276     .2642638    1.461649
2021-07-20T15:48:01.489417000Z       mixed  |   .6470596   .1791868    -1.57   0.116     .3760326     1.11343
2021-07-20T15:48:01.489427900Z              |
2021-07-20T15:48:01.489469900Z         age1 |   1.002875   .0186526     0.15   0.877     .9669746    1.040108
2021-07-20T15:48:01.489802200Z         age2 |   .9816826   .0528103    -0.34   0.731     .8834461    1.090843
2021-07-20T15:48:01.489890000Z         age3 |   1.080431   .1556942     0.54   0.591     .8145838    1.433041
2021-07-20T15:48:01.490270700Z       1.male |   .9929358   .0834699    -0.08   0.933     .8421046    1.170783
2021-07-20T15:48:01.490281600Z              |
2021-07-20T15:48:01.490284300Z       bmicat |
2021-07-20T15:48:01.490474900Z Normal (..)  |   1.072689   .1618034     0.47   0.642     .7981409    1.441678
2021-07-20T15:48:01.490493400Z Overweig..)  |   1.106914     .17928     0.63   0.531     .8058427     1.52047
2021-07-20T15:48:01.490823400Z Obese I ..)  |   1.014521   .1701264     0.09   0.931     .7303346    1.409289
2021-07-20T15:48:01.490979900Z Obese II..)  |   1.100502   .1988924     0.53   0.596     .7722431    1.568294
2021-07-20T15:48:01.491115000Z Obese II..)  |   1.212095   .2337556     1.00   0.319     .8305774    1.768858
2021-07-20T15:48:01.491125700Z              |
2021-07-20T15:48:01.491144500Z        smoke |
2021-07-20T15:48:01.491387400Z      Former  |   .9292954   .1466265    -0.46   0.642     .6821017    1.266072
2021-07-20T15:48:01.491480400Z     Current  |    1.06073   .1119443     0.56   0.576     .8625279    1.304477
2021-07-20T15:48:01.491491400Z              |
2021-07-20T15:48:01.491496000Z          imd |
2021-07-20T15:48:01.491761300Z           4  |   .9683803   .1019726    -0.31   0.760     .7877937    1.190363
2021-07-20T15:48:01.491877000Z 5 most de..  |    .820196   .1180053    -1.38   0.168     .6186592    1.087386
2021-07-20T15:48:01.491886200Z              |
2021-07-20T15:48:01.491888800Z tot_adults~h |
2021-07-20T15:48:01.492089800Z           2  |   .7739962    .699817    -0.28   0.777     .1315575    4.553674
2021-07-20T15:48:01.492294800Z           3  |   2.672285   1.566709     1.68   0.094     .8469153    8.431904
2021-07-20T15:48:01.492303800Z              |
2021-07-20T15:48:01.492306300Z    ethnicity |
2021-07-20T15:48:01.492485600Z Asian or ..  |   .7438184   .1167142    -1.89   0.059     .5468937    1.011651
2021-07-20T15:48:01.492699100Z       Other  |   1.219936    .165176     1.47   0.142      .935592    1.590696
2021-07-20T15:48:01.492708500Z              |
2021-07-20T15:48:01.492948700Z 1.htdiag_o~p |   1.475942   .2648112     2.17   0.030     1.038361    2.097928
2021-07-20T15:48:01.493158500Z 1.~y_disease |   1.024609   .1045813     0.24   0.812     .8388353    1.251526
2021-07-20T15:48:01.493410600Z     1.asthma |   1.111996   .1606549     0.73   0.462     .8377732    1.475978
2021-07-20T15:48:01.493688600Z 1.~c_disease |   .8169003   .0911038    -1.81   0.070     .6565078    1.016479
2021-07-20T15:48:01.493697000Z              |
2021-07-20T15:48:01.493699400Z      diabcat |
2021-07-20T15:48:01.493826300Z T1DM, con..  |   1.010001   .2314307     0.04   0.965     .6445823    1.582579
2021-07-20T15:48:01.493981000Z T1DM, unc..  |   1.397485   .7373445     0.63   0.526     .4968604    3.930613
2021-07-20T15:48:01.494179900Z T2DM, con..  |   1.066537   .1155328     0.59   0.552     .8625204    1.318811
2021-07-20T15:48:01.494418100Z T2DM, unc..  |   1.325618   .3055818     1.22   0.221     .8437212    2.082752
2021-07-20T15:48:01.494726000Z Diabetes,..  |   3.63e-14   3.37e-14   -33.38   0.000     5.90e-15    2.23e-13
2021-07-20T15:48:01.494737700Z              |
2021-07-20T15:48:01.494768000Z cancer_exh~t |
2021-07-20T15:48:01.495041600Z   Last year  |   3.23e-14   1.55e-14   -64.57   0.000     1.26e-14    8.28e-14
2021-07-20T15:48:01.495280900Z 2-5 years..  |   1.202456   .4347454     0.51   0.610     .5919967    2.442414
2021-07-20T15:48:01.495564000Z    5+ years  |   1.114396   .1260061     0.96   0.338     .8928806    1.390868
2021-07-20T15:48:01.495575800Z              |
2021-07-20T15:48:01.495580500Z cancer_hae~t |
2021-07-20T15:48:01.495863200Z   Last year  |   .7423591   .8224644    -0.27   0.788     .0846374     6.51127
2021-07-20T15:48:01.496076800Z 2-5 years..  |   1.341776   .3309057     1.19   0.233     .8274821    2.175712
2021-07-20T15:48:01.496370400Z    5+ years  |   1.027296   .1135259     0.24   0.807     .8272367    1.275738
2021-07-20T15:48:01.496382700Z              |
2021-07-20T15:48:01.496683100Z 1.~r_disease |   1.109632   .1153424     1.00   0.317     .9051064    1.360375
2021-07-20T15:48:01.496962100Z 1.stroke_d~a |   .8834347   .0986859    -1.11   0.267     .7097236    1.099663
2021-07-20T15:48:01.497231700Z 1.other_ne~o |   1.065701   .1103711     0.61   0.539     .8699194    1.305544
2021-07-20T15:48:01.497239900Z              |
2021-07-20T15:48:01.497242300Z reduced_ki~t |
2021-07-20T15:48:01.497639300Z Stage 3a/..  |   .4415238   .4205328    -0.86   0.391     .0682685    2.855537
2021-07-20T15:48:01.497884900Z       1.esrd |   1.181876   .1022203     1.93   0.053      .997589    1.400207
2021-07-20T15:48:01.498112600Z 1.other_tr~t |   1.002057   .1080712     0.02   0.985     .8111309    1.237924
2021-07-20T15:48:01.498358500Z   1.asplenia |   .9720423   .0998946    -0.28   0.783     .7947107    1.188944
2021-07-20T15:48:01.498569300Z 1.ra_sle_p~s |   1.113606   .1140464     1.05   0.293     .9110844    1.361146
2021-07-20T15:48:01.508152900Z 1.other_im~o |   1.203602    .109517     2.04   0.042     1.007004    1.438582
2021-07-20T15:48:01.508168500Z ------------------------------------------------------------------------------
2021-07-20T15:48:01.508525100Z                                                              Stratified by stp
2021-07-20T15:48:01.511912700Z 
2021-07-20T15:48:01.511929100Z -------------------------------------------------------------------------------
2021-07-20T15:48:01.511934100Z active results
2021-07-20T15:48:01.511937800Z -------------------------------------------------------------------------------
2021-07-20T15:48:01.513283200Z 
2021-07-20T15:48:01.513294800Z Stratified Cox regr. -- Breslow method for ties
2021-07-20T15:48:01.513299900Z 
2021-07-20T15:48:01.513303400Z No. of subjects      =        2,261             Number of obs    =       2,261
2021-07-20T15:48:01.513307000Z No. of failures      =          573
2021-07-20T15:48:01.513310400Z Time at risk         =       186937
2021-07-20T15:48:01.513393400Z                                                 Wald chi2(44)    =     6000.39
2021-07-20T15:48:01.513416600Z Log pseudolikelihood =   -2933.5371             Prob > chi2      =      0.0000
2021-07-20T15:48:01.513421500Z 
2021-07-20T15:48:01.524720200Z                          (Std. Err. adjusted for 783 clusters in household_id)
2021-07-20T15:48:01.524742800Z ------------------------------------------------------------------------------
2021-07-20T15:48:01.524747800Z              |               Robust
2021-07-20T15:48:01.524751200Z           _t | Haz. Ratio   Std. Err.      z    P>|z|     [95% Conf. Interval]
2021-07-20T15:48:01.524753700Z -------------+----------------------------------------------------------------
2021-07-20T15:48:01.524755800Z    kids_cat4 |
2021-07-20T15:48:01.524816500Z only <12 ..  |   .6970352   .2074668    -1.21   0.225      .388957    1.249131
2021-07-20T15:48:01.524961600Z  only 12-18  |    .621499   .2711772    -1.09   0.276     .2642638    1.461649
2021-07-20T15:48:01.525237500Z       mixed  |   .6470596   .1791868    -1.57   0.116     .3760326     1.11343
2021-07-20T15:48:01.525248400Z              |
2021-07-20T15:48:01.525379500Z         age1 |   1.002875   .0186526     0.15   0.877     .9669746    1.040108
2021-07-20T15:48:01.525585100Z         age2 |   .9816826   .0528103    -0.34   0.731     .8834461    1.090843
2021-07-20T15:48:01.526090500Z         age3 |   1.080431   .1556942     0.54   0.591     .8145838    1.433041
2021-07-20T15:48:01.526336300Z       1.male |   .9929358   .0834699    -0.08   0.933     .8421046    1.170783
2021-07-20T15:48:01.526351500Z              |
2021-07-20T15:48:01.526355800Z       bmicat |
2021-07-20T15:48:01.527051000Z Normal (..)  |   1.072689   .1618034     0.47   0.642     .7981409    1.441678
2021-07-20T15:48:01.527063300Z Overweig..)  |   1.106914     .17928     0.63   0.531     .8058427     1.52047
2021-07-20T15:48:01.527404900Z Obese I ..)  |   1.014521   .1701264     0.09   0.931     .7303346    1.409289
2021-07-20T15:48:01.527606300Z Obese II..)  |   1.100502   .1988924     0.53   0.596     .7722431    1.568294
2021-07-20T15:48:01.527897800Z Obese II..)  |   1.212095   .2337556     1.00   0.319     .8305774    1.768858
2021-07-20T15:48:01.527908100Z              |
2021-07-20T15:48:01.527912700Z        smoke |
2021-07-20T15:48:01.528179100Z      Former  |   .9292954   .1466265    -0.46   0.642     .6821017    1.266072
2021-07-20T15:48:01.528469200Z     Current  |    1.06073   .1119443     0.56   0.576     .8625279    1.304477
2021-07-20T15:48:01.528481400Z              |
2021-07-20T15:48:01.528485800Z          imd |
2021-07-20T15:48:01.528682700Z           4  |   .9683803   .1019726    -0.31   0.760     .7877937    1.190363
2021-07-20T15:48:01.529086700Z 5 most de..  |    .820196   .1180053    -1.38   0.168     .6186592    1.087386
2021-07-20T15:48:01.529098500Z              |
2021-07-20T15:48:01.529122000Z tot_adults~h |
2021-07-20T15:48:01.529408400Z           2  |   .7739962    .699817    -0.28   0.777     .1315575    4.553674
2021-07-20T15:48:01.529928500Z           3  |   2.672285   1.566709     1.68   0.094     .8469153    8.431904
2021-07-20T15:48:01.529973900Z              |
2021-07-20T15:48:01.529978600Z    ethnicity |
2021-07-20T15:48:01.530340100Z Asian or ..  |   .7438184   .1167142    -1.89   0.059     .5468937    1.011651
2021-07-20T15:48:01.530818700Z       Other  |   1.219936    .165176     1.47   0.142      .935592    1.590696
2021-07-20T15:48:01.530833800Z              |
2021-07-20T15:48:01.531095400Z 1.htdiag_o~p |   1.475942   .2648112     2.17   0.030     1.038361    2.097928
2021-07-20T15:48:01.531509300Z 1.~y_disease |   1.024609   .1045813     0.24   0.812     .8388353    1.251526
2021-07-20T15:48:01.531775700Z     1.asthma |   1.111996   .1606549     0.73   0.462     .8377732    1.475978
2021-07-20T15:48:01.531995800Z 1.~c_disease |   .8169003   .0911038    -1.81   0.070     .6565078    1.016479
2021-07-20T15:48:01.532011900Z              |
2021-07-20T15:48:01.532017400Z      diabcat |
2021-07-20T15:48:01.532296400Z T1DM, con..  |   1.010001   .2314307     0.04   0.965     .6445823    1.582579
2021-07-20T15:48:01.532552000Z T1DM, unc..  |   1.397485   .7373445     0.63   0.526     .4968604    3.930613
2021-07-20T15:48:01.532904800Z T2DM, con..  |   1.066537   .1155328     0.59   0.552     .8625204    1.318811
2021-07-20T15:48:01.533256700Z T2DM, unc..  |   1.325618   .3055818     1.22   0.221     .8437212    2.082752
2021-07-20T15:48:01.533679900Z Diabetes,..  |   3.63e-14   3.37e-14   -33.38   0.000     5.90e-15    2.23e-13
2021-07-20T15:48:01.533694800Z              |
2021-07-20T15:48:01.533699300Z cancer_exh~t |
2021-07-20T15:48:01.533903000Z   Last year  |   3.23e-14   1.55e-14   -64.57   0.000     1.26e-14    8.28e-14
2021-07-20T15:48:01.534122400Z 2-5 years..  |   1.202456   .4347454     0.51   0.610     .5919967    2.442414
2021-07-20T15:48:01.534408500Z    5+ years  |   1.114396   .1260061     0.96   0.338     .8928806    1.390868
2021-07-20T15:48:01.534420300Z              |
2021-07-20T15:48:01.534422900Z cancer_hae~t |
2021-07-20T15:48:01.534659000Z   Last year  |   .7423591   .8224644    -0.27   0.788     .0846374     6.51127
2021-07-20T15:48:01.534843100Z 2-5 years..  |   1.341776   .3309057     1.19   0.233     .8274821    2.175712
2021-07-20T15:48:01.535070300Z    5+ years  |   1.027296   .1135259     0.24   0.807     .8272367    1.275738
2021-07-20T15:48:01.535080900Z              |
2021-07-20T15:48:01.535476300Z 1.~r_disease |   1.109632   .1153424     1.00   0.317     .9051064    1.360375
2021-07-20T15:48:01.535653700Z 1.stroke_d~a |   .8834347   .0986859    -1.11   0.267     .7097236    1.099663
2021-07-20T15:48:01.535947400Z 1.other_ne~o |   1.065701   .1103711     0.61   0.539     .8699194    1.305544
2021-07-20T15:48:01.535966900Z              |
2021-07-20T15:48:01.535971100Z reduced_ki~t |
2021-07-20T15:48:01.536222800Z Stage 3a/..  |   .4415238   .4205328    -0.86   0.391     .0682685    2.855537
2021-07-20T15:48:01.536498400Z       1.esrd |   1.181876   .1022203     1.93   0.053      .997589    1.400207
2021-07-20T15:48:01.536737700Z 1.other_tr~t |   1.002057   .1080712     0.02   0.985     .8111309    1.237924
2021-07-20T15:48:01.537045100Z   1.asplenia |   .9720423   .0998946    -0.28   0.783     .7947107    1.188944
2021-07-20T15:48:01.537335500Z 1.ra_sle_p~s |   1.113606   .1140464     1.05   0.293     .9110844    1.361146
2021-07-20T15:48:01.538584300Z 1.other_im~o |   1.203602    .109517     2.04   0.042     1.007004    1.438582
2021-07-20T15:48:01.538597600Z ------------------------------------------------------------------------------
2021-07-20T15:48:01.538774000Z                                                              Stratified by stp
2021-07-20T15:48:01.560789300Z (note: file ./output/an_sense_covid_icu_CCeth_bmi_smok_ageband_0W2.ster not fou
2021-07-20T15:48:01.560816900Z > nd)
2021-07-20T15:48:01.560821900Z file ./output/an_sense_covid_icu_CCeth_bmi_smok_ageband_0W2.ster saved
2021-07-20T15:48:01.566340300Z 
2021-07-20T15:48:01.566358100Z          failure _d:  covid_icu
2021-07-20T15:48:01.566361100Z    analysis time _t:  (stime_covid_icu-origin)
2021-07-20T15:48:01.566363400Z              origin:  time enter_date
2021-07-20T15:48:01.566365500Z   enter on or after:  time enter_date
2021-07-20T15:48:01.566367500Z                  id:  patient_id
2021-07-20T15:48:01.586819000Z 
2021-07-20T15:48:01.586836600Z Iteration 0:   log pseudolikelihood =  -662.2006
2021-07-20T15:48:01.594991100Z Iteration 1:   log pseudolikelihood =  -645.2798
2021-07-20T15:48:01.603764100Z Iteration 2:   log pseudolikelihood = -643.59752
2021-07-20T15:48:01.611517900Z Iteration 3:   log pseudolikelihood = -643.53156
2021-07-20T15:48:01.619396200Z Iteration 4:   log pseudolikelihood = -643.52538
2021-07-20T15:48:01.628123000Z Iteration 5:   log pseudolikelihood = -643.52316
2021-07-20T15:48:01.635836300Z Iteration 6:   log pseudolikelihood = -643.52235
2021-07-20T15:48:01.643688800Z Iteration 7:   log pseudolikelihood = -643.52205
2021-07-20T15:48:01.651214100Z Iteration 8:   log pseudolikelihood = -643.52194
2021-07-20T15:48:01.658326000Z Iteration 9:   log pseudolikelihood =  -643.5219
2021-07-20T15:48:01.665773200Z Iteration 10:  log pseudolikelihood = -643.52188
2021-07-20T15:48:01.673551100Z Iteration 11:  log pseudolikelihood = -643.52188
2021-07-20T15:48:01.681096500Z Iteration 12:  log pseudolikelihood = -643.52188
2021-07-20T15:48:01.690084400Z Iteration 13:  log pseudolikelihood = -643.52188
2021-07-20T15:48:01.698874800Z Iteration 14:  log pseudolikelihood = -643.52187
2021-07-20T15:48:01.706992700Z Iteration 15:  log pseudolikelihood = -643.52187
2021-07-20T15:48:01.714862100Z Iteration 16:  log pseudolikelihood = -643.52187
2021-07-20T15:48:01.723509000Z Iteration 17:  log pseudolikelihood = -643.52187
2021-07-20T15:48:01.732316400Z Iteration 18:  log pseudolikelihood = -643.52187
2021-07-20T15:48:01.741549700Z Iteration 19:  log pseudolikelihood = -643.52187
2021-07-20T15:48:01.750713800Z Iteration 20:  log pseudolikelihood = -643.52187
2021-07-20T15:48:01.759093500Z Iteration 21:  log pseudolikelihood = -643.52187
2021-07-20T15:48:01.767706900Z Iteration 22:  log pseudolikelihood = -643.52187
2021-07-20T15:48:01.775772900Z Iteration 23:  log pseudolikelihood = -643.52187
2021-07-20T15:48:01.784009200Z Iteration 24:  log pseudolikelihood = -643.52187
2021-07-20T15:48:01.792782400Z Iteration 25:  log pseudolikelihood = -643.52187
2021-07-20T15:48:01.802180100Z Iteration 26:  log pseudolikelihood = -643.52187
2021-07-20T15:48:01.810342200Z Iteration 27:  log pseudolikelihood = -643.52187
2021-07-20T15:48:01.818138800Z Iteration 28:  log pseudolikelihood = -643.52187
2021-07-20T15:48:01.826376700Z Iteration 29:  log pseudolikelihood = -643.52187
2021-07-20T15:48:01.834149900Z Iteration 30:  log pseudolikelihood = -643.52187
2021-07-20T15:48:01.842288200Z Iteration 31:  log pseudolikelihood = -643.52187
2021-07-20T15:48:01.850131900Z Iteration 32:  log pseudolikelihood = -643.52187
2021-07-20T15:48:01.850152600Z Refining estimates:
2021-07-20T15:48:01.878649300Z Iteration 0:   log pseudolikelihood = -643.52187
2021-07-20T15:48:01.906406200Z Iteration 1:   log pseudolikelihood = -643.52187
2021-07-20T15:48:01.931532400Z Iteration 2:   log pseudolikelihood = -643.52187
2021-07-20T15:48:01.957784900Z Iteration 3:   log pseudolikelihood = -643.52187
2021-07-20T15:48:02.025011200Z 
2021-07-20T15:48:02.025033800Z Stratified Cox regr. -- Breslow method for ties
2021-07-20T15:48:02.025039100Z 
2021-07-20T15:48:02.025042600Z No. of subjects      =          655             Number of obs    =         655
2021-07-20T15:48:02.025045900Z No. of failures      =          169
2021-07-20T15:48:02.025049100Z Time at risk         =        53437
2021-07-20T15:48:02.025081600Z                                                 Wald chi2(43)    =     1234.02
2021-07-20T15:48:02.025159600Z Log pseudolikelihood =   -643.52187             Prob > chi2      =      0.0000
2021-07-20T15:48:02.025171000Z 
2021-07-20T15:48:02.038304900Z                          (Std. Err. adjusted for 441 clusters in household_id)
2021-07-20T15:48:02.038324600Z ------------------------------------------------------------------------------
2021-07-20T15:48:02.038329400Z              |               Robust
2021-07-20T15:48:02.038354100Z           _t | Haz. Ratio   Std. Err.      z    P>|z|     [95% Conf. Interval]
2021-07-20T15:48:02.038359300Z -------------+----------------------------------------------------------------
2021-07-20T15:48:02.038363200Z    kids_cat4 |
2021-07-20T15:48:02.038423500Z only <12 ..  |   2.808373   1.625286     1.78   0.074     .9033161    8.731114
2021-07-20T15:48:02.038878600Z  only 12-18  |   1.312409   1.181141     0.30   0.763     .2249084    7.658312
2021-07-20T15:48:02.039113900Z       mixed  |   3.672125   1.967868     2.43   0.015     1.284589    10.49713
2021-07-20T15:48:02.039127700Z              |
2021-07-20T15:48:02.039314100Z         age1 |   1.058957   .0827368     0.73   0.463     .9086013    1.234193
2021-07-20T15:48:02.039626400Z         age2 |   .7629034   .3085188    -0.67   0.503     .3453369    1.685374
2021-07-20T15:48:02.039939700Z         age3 |   1.653376    1.31436     0.63   0.527     .3481002    7.853059
2021-07-20T15:48:02.040493900Z       1.male |    1.27163   .2122881     1.44   0.150     .9167683     1.76385
2021-07-20T15:48:02.040531400Z              |
2021-07-20T15:48:02.040536400Z       bmicat |
2021-07-20T15:48:02.040945500Z Normal (..)  |   .6071698     .16703    -1.81   0.070      .354118    1.041052
2021-07-20T15:48:02.041178100Z Overweig..)  |    .675231   .2063727    -1.28   0.199     .3709345    1.229157
2021-07-20T15:48:02.041449100Z Obese I ..)  |   .5691278   .1763644    -1.82   0.069     .3100523    1.044684
2021-07-20T15:48:02.041600700Z Obese II..)  |   .6176655   .2235637    -1.33   0.183     .3038516    1.255582
2021-07-20T15:48:02.041878300Z Obese II..)  |   .6348048   .2261547    -1.28   0.202     .3157856     1.27611
2021-07-20T15:48:02.041891500Z              |
2021-07-20T15:48:02.041896300Z        smoke |
2021-07-20T15:48:02.042125500Z      Former  |   1.706177   .4608571     1.98   0.048     1.004859    2.896963
2021-07-20T15:48:02.042448200Z     Current  |   1.133772   .2461409     0.58   0.563     .7408508    1.735086
2021-07-20T15:48:02.042462500Z              |
2021-07-20T15:48:02.042467900Z          imd |
2021-07-20T15:48:02.042635100Z           4  |    1.01155   .2143624     0.05   0.957      .667737    1.532391
2021-07-20T15:48:02.043015100Z 5 most de..  |   1.472136   .3893958     1.46   0.144     .8765893    2.472293
2021-07-20T15:48:02.043029400Z              |
2021-07-20T15:48:02.043033600Z tot_adults~h |
2021-07-20T15:48:02.043313300Z           2  |   .1931416   .2611129    -1.22   0.224     .0136495    2.732977
2021-07-20T15:48:02.043650500Z           3  |   .0993314   .0720951    -3.18   0.001     .0239487    .4119946
2021-07-20T15:48:02.043666600Z              |
2021-07-20T15:48:02.043671700Z    ethnicity |
2021-07-20T15:48:02.044027400Z Asian or ..  |   1.563197   .4031962     1.73   0.083     .9428941     2.59158
2021-07-20T15:48:02.044431800Z       Other  |   1.140713   .3209684     0.47   0.640     .6571569    1.980083
2021-07-20T15:48:02.044446100Z              |
2021-07-20T15:48:02.044744700Z 1.htdiag_o~p |     .55749   .1576001    -2.07   0.039     .3203361    .9702156
2021-07-20T15:48:02.045328700Z 1.~y_disease |   1.648335   .2900062     2.84   0.005     1.167578    2.327046
2021-07-20T15:48:02.045904900Z     1.asthma |   1.088596   .3228134     0.29   0.775     .6087664    1.946628
2021-07-20T15:48:02.046330600Z 1.~c_disease |   1.041474   .2125853     0.20   0.842     .6980741    1.553801
2021-07-20T15:48:02.046363100Z              |
2021-07-20T15:48:02.046368100Z      diabcat |
2021-07-20T15:48:02.046988800Z T1DM, con..  |   1.019609   .6541818     0.03   0.976     .2899357    3.585628
2021-07-20T15:48:02.047235000Z T1DM, unc..  |   2.064496   1.927263     0.78   0.437     .3312792    12.86571
2021-07-20T15:48:02.047613600Z T2DM, con..  |   .8794126    .205142    -0.55   0.582     .5567132    1.389165
2021-07-20T15:48:02.048320600Z T2DM, unc..  |   1.002127   .3160026     0.01   0.995     .5401465    1.859232
2021-07-20T15:48:02.048336700Z              |
2021-07-20T15:48:02.048341200Z cancer_exh~t |
2021-07-20T15:48:02.048643700Z   Last year  |   .8090785   .9998195    -0.17   0.864     .0717989    9.117248
2021-07-20T15:48:02.049024500Z 2-5 years..  |   1.155317   .6569568     0.25   0.800     .3790321     3.52149
2021-07-20T15:48:02.049313400Z    5+ years  |   1.202596   .2531692     0.88   0.381     .7960228    1.816827
2021-07-20T15:48:02.049326000Z              |
2021-07-20T15:48:02.049330500Z cancer_hae~t |
2021-07-20T15:48:02.049645500Z   Last year  |   3.79e-16   4.49e-16   -30.02   0.000     3.73e-17    3.85e-15
2021-07-20T15:48:02.049849000Z 2-5 years..  |   .7557727   .6344365    -0.33   0.739     .1458299     3.91684
2021-07-20T15:48:02.050299500Z    5+ years  |    .888816   .2071653    -0.51   0.613     .5628773    1.403492
2021-07-20T15:48:02.050453300Z              |
2021-07-20T15:48:02.051161100Z 1.~r_disease |   .9016256   .1902997    -0.49   0.624     .5961687    1.363589
2021-07-20T15:48:02.051504100Z 1.stroke_d~a |   .9303389   .1928903    -0.35   0.728     .6196675    1.396766
2021-07-20T15:48:02.051814000Z 1.other_ne~o |   .8870532   .1762317    -0.60   0.546     .6009531    1.309359
2021-07-20T15:48:02.051825700Z              |
2021-07-20T15:48:02.051830000Z reduced_ki~t |
2021-07-20T15:48:02.052216500Z Stage 3a/..  |   1.224258   .5720415     0.43   0.665     .4899414    3.059157
2021-07-20T15:48:02.052454000Z       1.esrd |   .9964443    .169656    -0.02   0.983     .7137173    1.391169
2021-07-20T15:48:02.052765300Z 1.other_tr~t |   1.200064   .2354767     0.93   0.353     .8169236    1.762898
2021-07-20T15:48:02.053161300Z   1.asplenia |   .8697656   .1941627    -0.63   0.532     .5615439    1.347165
2021-07-20T15:48:02.053573300Z 1.ra_sle_p~s |    1.03036   .2076453     0.15   0.882      .694143    1.529428
2021-07-20T15:48:02.055392200Z 1.other_im~o |   .9362073   .1726556    -0.36   0.721     .6522187     1.34385
2021-07-20T15:48:02.055431100Z ------------------------------------------------------------------------------
2021-07-20T15:48:02.055730200Z                                                              Stratified by stp
2021-07-20T15:48:02.057433700Z 
2021-07-20T15:48:02.057456400Z -------------------------------------------------------------------------------
2021-07-20T15:48:02.057461500Z active results
2021-07-20T15:48:02.057464900Z -------------------------------------------------------------------------------
2021-07-20T15:48:02.061108900Z 
2021-07-20T15:48:02.061130500Z Stratified Cox regr. -- Breslow method for ties
2021-07-20T15:48:02.061135900Z 
2021-07-20T15:48:02.061139600Z No. of subjects      =          655             Number of obs    =         655
2021-07-20T15:48:02.061143200Z No. of failures      =          169
2021-07-20T15:48:02.061146700Z Time at risk         =        53437
2021-07-20T15:48:02.061261600Z                                                 Wald chi2(43)    =     1234.02
2021-07-20T15:48:02.061272700Z Log pseudolikelihood =   -643.52187             Prob > chi2      =      0.0000
2021-07-20T15:48:02.061277100Z 
2021-07-20T15:48:02.077267600Z                          (Std. Err. adjusted for 441 clusters in household_id)
2021-07-20T15:48:02.077289800Z ------------------------------------------------------------------------------
2021-07-20T15:48:02.077293600Z              |               Robust
2021-07-20T15:48:02.077296500Z           _t | Haz. Ratio   Std. Err.      z    P>|z|     [95% Conf. Interval]
2021-07-20T15:48:02.077299500Z -------------+----------------------------------------------------------------
2021-07-20T15:48:02.077587000Z    kids_cat4 |
2021-07-20T15:48:02.078884600Z only <12 ..  |   2.808373   1.625286     1.78   0.074     .9033161    8.731114
2021-07-20T15:48:02.079502200Z  only 12-18  |   1.312409   1.181141     0.30   0.763     .2249084    7.658312
2021-07-20T15:48:02.079939900Z       mixed  |   3.672125   1.967868     2.43   0.015     1.284589    10.49713
2021-07-20T15:48:02.079971200Z              |
2021-07-20T15:48:02.080520100Z         age1 |   1.058957   .0827368     0.73   0.463     .9086013    1.234193
2021-07-20T15:48:02.080984300Z         age2 |   .7629034   .3085188    -0.67   0.503     .3453369    1.685374
2021-07-20T15:48:02.081671300Z         age3 |   1.653376    1.31436     0.63   0.527     .3481002    7.853059
2021-07-20T15:48:02.081972100Z       1.male |    1.27163   .2122881     1.44   0.150     .9167683     1.76385
2021-07-20T15:48:02.082020100Z              |
2021-07-20T15:48:02.082027900Z       bmicat |
2021-07-20T15:48:02.082431300Z Normal (..)  |   .6071698     .16703    -1.81   0.070      .354118    1.041052
2021-07-20T15:48:02.082611200Z Overweig..)  |    .675231   .2063727    -1.28   0.199     .3709345    1.229157
2021-07-20T15:48:02.082829100Z Obese I ..)  |   .5691278   .1763644    -1.82   0.069     .3100523    1.044684
2021-07-20T15:48:02.083057000Z Obese II..)  |   .6176655   .2235637    -1.33   0.183     .3038516    1.255582
2021-07-20T15:48:02.083379900Z Obese II..)  |   .6348048   .2261547    -1.28   0.202     .3157856     1.27611
2021-07-20T15:48:02.083391500Z              |
2021-07-20T15:48:02.083395900Z        smoke |
2021-07-20T15:48:02.083602100Z      Former  |   1.706177   .4608571     1.98   0.048     1.004859    2.896963
2021-07-20T15:48:02.084038400Z     Current  |   1.133772   .2461409     0.58   0.563     .7408508    1.735086
2021-07-20T15:48:02.084053400Z              |
2021-07-20T15:48:02.084058100Z          imd |
2021-07-20T15:48:02.084273800Z           4  |    1.01155   .2143624     0.05   0.957      .667737    1.532391
2021-07-20T15:48:02.084751000Z 5 most de..  |   1.472136   .3893958     1.46   0.144     .8765893    2.472293
2021-07-20T15:48:02.084781700Z              |
2021-07-20T15:48:02.084787000Z tot_adults~h |
2021-07-20T15:48:02.085046500Z           2  |   .1931416   .2611129    -1.22   0.224     .0136495    2.732977
2021-07-20T15:48:02.085299100Z           3  |   .0993314   .0720951    -3.18   0.001     .0239487    .4119946
2021-07-20T15:48:02.085330100Z              |
2021-07-20T15:48:02.085334800Z    ethnicity |
2021-07-20T15:48:02.085674400Z Asian or ..  |   1.563197   .4031962     1.73   0.083     .9428941     2.59158
2021-07-20T15:48:02.086028600Z       Other  |   1.140713   .3209684     0.47   0.640     .6571569    1.980083
2021-07-20T15:48:02.086042300Z              |
2021-07-20T15:48:02.086359300Z 1.htdiag_o~p |     .55749   .1576001    -2.07   0.039     .3203361    .9702156
2021-07-20T15:48:02.086791500Z 1.~y_disease |   1.648335   .2900062     2.84   0.005     1.167578    2.327046
2021-07-20T15:48:02.087149500Z     1.asthma |   1.088596   .3228134     0.29   0.775     .6087664    1.946628
2021-07-20T15:48:02.087476600Z 1.~c_disease |   1.041474   .2125853     0.20   0.842     .6980741    1.553801
2021-07-20T15:48:02.087489800Z              |
2021-07-20T15:48:02.087494400Z      diabcat |
2021-07-20T15:48:02.087851700Z T1DM, con..  |   1.019609   .6541818     0.03   0.976     .2899357    3.585628
2021-07-20T15:48:02.088129400Z T1DM, unc..  |   2.064496   1.927263     0.78   0.437     .3312792    12.86571
2021-07-20T15:48:02.088322700Z T2DM, con..  |   .8794126    .205142    -0.55   0.582     .5567132    1.389165
2021-07-20T15:48:02.088606200Z T2DM, unc..  |   1.002127   .3160026     0.01   0.995     .5401465    1.859232
2021-07-20T15:48:02.088619200Z              |
2021-07-20T15:48:02.088637100Z cancer_exh~t |
2021-07-20T15:48:02.088954900Z   Last year  |   .8090785   .9998195    -0.17   0.864     .0717989    9.117248
2021-07-20T15:48:02.089169600Z 2-5 years..  |   1.155317   .6569568     0.25   0.800     .3790321     3.52149
2021-07-20T15:48:02.089799200Z    5+ years  |   1.202596   .2531692     0.88   0.381     .7960228    1.816827
2021-07-20T15:48:02.089813000Z              |
2021-07-20T15:48:02.089817400Z cancer_hae~t |
2021-07-20T15:48:02.090097600Z   Last year  |   3.79e-16   4.49e-16   -30.02   0.000     3.73e-17    3.85e-15
2021-07-20T15:48:02.090372500Z 2-5 years..  |   .7557727   .6344365    -0.33   0.739     .1458299     3.91684
2021-07-20T15:48:02.090764900Z    5+ years  |    .888816   .2071653    -0.51   0.613     .5628773    1.403492
2021-07-20T15:48:02.090777600Z              |
2021-07-20T15:48:02.091110800Z 1.~r_disease |   .9016256   .1902997    -0.49   0.624     .5961687    1.363589
2021-07-20T15:48:02.091437100Z 1.stroke_d~a |   .9303389   .1928903    -0.35   0.728     .6196675    1.396766
2021-07-20T15:48:02.091740100Z 1.other_ne~o |   .8870532   .1762317    -0.60   0.546     .6009531    1.309359
2021-07-20T15:48:02.091753100Z              |
2021-07-20T15:48:02.091757700Z reduced_ki~t |
2021-07-20T15:48:02.092113400Z Stage 3a/..  |   1.224258   .5720415     0.43   0.665     .4899414    3.059157
2021-07-20T15:48:02.092530900Z       1.esrd |   .9964443    .169656    -0.02   0.983     .7137173    1.391169
2021-07-20T15:48:02.093039400Z 1.other_tr~t |   1.200064   .2354767     0.93   0.353     .8169236    1.762898
2021-07-20T15:48:02.093606000Z   1.asplenia |   .8697656   .1941627    -0.63   0.532     .5615439    1.347165
2021-07-20T15:48:02.094927800Z 1.ra_sle_p~s |    1.03036   .2076453     0.15   0.882      .694143    1.529428
2021-07-20T15:48:02.096427400Z 1.other_im~o |   .9362073   .1726556    -0.36   0.721     .6522187     1.34385
2021-07-20T15:48:02.096450700Z ------------------------------------------------------------------------------
2021-07-20T15:48:02.096874900Z                                                              Stratified by stp
2021-07-20T15:48:02.105850500Z (note: file ./output/an_sense_covid_icu_CCeth_bmi_smok_ageband_1W2.ster not fou
2021-07-20T15:48:02.105874100Z > nd)
2021-07-20T15:48:02.105879600Z file ./output/an_sense_covid_icu_CCeth_bmi_smok_ageband_1W2.ster saved
2021-07-20T15:48:02.105883500Z 
2021-07-20T15:48:02.105886800Z . 
2021-07-20T15:48:02.105890000Z . 
2021-07-20T15:48:02.105893300Z . 
2021-07-20T15:48:02.105896500Z . 
2021-07-20T15:48:02.105899800Z . log close
2021-07-20T15:48:02.106031100Z       name:  <unnamed>
2021-07-20T15:48:02.106041800Z        log:  /workspace/log/07d_an_multivariable_cox_models_FULL_Sense3_covid_i
2021-07-20T15:48:02.106046400Z > cuW2.log
2021-07-20T15:48:02.106057500Z   log type:  text
2021-07-20T15:48:02.106061400Z  closed on:  20 Jul 2021, 15:48:02
2021-07-20T15:48:02.106064900Z -------------------------------------------------------------------------------
2021-07-20T15:48:02.106068800Z 
2021-07-20T15:48:02.106072400Z . 
2021-07-20T15:48:02.106075800Z . 
2021-07-20T15:48:02.106079100Z . exit, clear
2021-07-20T15:48:02.106082200Z 
2021-07-20T15:48:02.106085900Z end of do-file
2021-07-20T15:48:02.106089400Z 
2021-07-20T15:48:02.106092700Z . . file open output using "/tmp/tmp.yMDQCKGPdK", write text replace
2021-07-20T15:48:02.106206100Z 
2021-07-20T15:48:02.106219800Z . . file write output "success" 
2021-07-20T15:48:02.106225000Z 
2021-07-20T15:48:02.106228600Z . . file close output
2021-07-20T15:48:02.106232100Z 
2021-07-20T15:48:02.106235500Z . 
2021-07-20T15:48:02.106252600Z end of do-file
2021-07-20T15:48:02.106258800Z 
2021-07-20T15:48:02.106262600Z 
2021-07-20T15:48:02.132172900Z . 

state: succeeded
commit: none
docker_image_id: sha256:11980aa720220a1b39bf523f5a8a33270214c13876c30ee364e16265766f7f60
exit_code: 0
job_id: lhe5kpepbxitvorw
run_by_user: qc18278
created_at: 2021-07-20T15:38:48Z
started_at: 2021-07-20T15:48:00Z
completed_at: 2021-07-20T15:48:27Z

Completed successfully

outputs:
  log/07d_an_multivariable_cox_models_FULL_Sense3_covid_icuW2.log  - moderately_sensitive
  output/an_sense_covid_icu_CCeth_bmi_smok_ageband_0W2.ster        - moderately_sensitive
  output/an_sense_covid_icu_CCeth_bmi_smok_ageband_1W2.ster        - moderately_sensitive