2021-07-20T15:56:40.746223600Z 
2021-07-20T15:56:40.746292500Z   ___  ____  ____  ____  ____ (R)
2021-07-20T15:56:40.746302500Z  /__    /   ____/   /   ____/
2021-07-20T15:56:40.746307000Z ___/   /   /___/   /   /___/   16.1   Copyright 1985-2019 StataCorp LLC
2021-07-20T15:56:40.746311200Z   Statistics/Data Analysis            StataCorp
2021-07-20T15:56:40.746314900Z                                       4905 Lakeway Drive
2021-07-20T15:56:40.746318500Z                                       College Station, Texas 77845 USA
2021-07-20T15:56:40.746322200Z                                       800-STATA-PC        http://www.stata.com
2021-07-20T15:56:40.746326100Z                                       979-696-4600        stata@stata.com
2021-07-20T15:56:40.746329900Z                                       979-696-4601 (fax)
2021-07-20T15:56:40.746333700Z 
2021-07-20T15:56:40.746337200Z 3-user Stata network license expires 11 May 2022:
2021-07-20T15:56:40.746341100Z        Serial number:  501709312237
2021-07-20T15:56:40.746344900Z          Licensed to:  The Bennett Institute
2021-07-20T15:56:40.746348500Z                        Oxford University
2021-07-20T15:56:40.747326100Z 
2021-07-20T15:56:40.747342800Z Notes:
2021-07-20T15:56:40.747347600Z       1.  Unicode is supported; see help unicode_advice.
2021-07-20T15:56:40.747351500Z 
2021-07-20T15:56:40.747355100Z . do "analysis/07d_an_multivariable_cox_models_FULL_Sense6.wrapper.do" covid_de
2021-07-20T15:56:40.747359500Z > ath W2 
2021-07-20T15:56:40.747363600Z 
2021-07-20T15:56:40.747367300Z . . do "analysis/07d_an_multivariable_cox_models_FULL_Sense6.do" covid_death W2
2021-07-20T15:56:40.747371300Z 
2021-07-20T15:56:40.747375000Z . *****************************************************************************
2021-07-20T15:56:40.747379200Z > ***
2021-07-20T15:56:40.747383100Z . *
2021-07-20T15:56:40.747386600Z . *       Do-file:                07d_an_multivariable_cox_models_Sense4.do
2021-07-20T15:56:40.747390600Z . *
2021-07-20T15:56:40.747394200Z . *       Project:                Exposure children and COVID risk
2021-07-20T15:56:40.747398100Z . *
2021-07-20T15:56:40.747401800Z . *       Programmed by:  Hforbes, based on files from Fizz & Krishnan
2021-07-20T15:56:40.747405900Z . *
2021-07-20T15:56:40.747409700Z . *       Data used:              analysis_dataset.dta
2021-07-20T15:56:40.747413400Z . *
2021-07-20T15:56:40.747417000Z . *       Data created:   None
2021-07-20T15:56:40.747421000Z . *
2021-07-20T15:56:40.747424800Z . *       Other output:   Log file:  07b_an_multivariable_cox_models_`outcome'.
2021-07-20T15:56:40.747428800Z > log
2021-07-20T15:56:40.747445600Z . *
2021-07-20T15:56:40.747450200Z . *****************************************************************************
2021-07-20T15:56:40.747454200Z > ***
2021-07-20T15:56:40.747457900Z . *
2021-07-20T15:56:40.747461000Z . *       Purpose:                This do-file performs multivariable (fully ad
2021-07-20T15:56:40.747464000Z > justed) 
2021-07-20T15:56:40.747467600Z . *                                       Cox models, with exposure variable id
2021-07-20T15:56:40.747471600Z > entifying nursery school kids
2021-07-20T15:56:40.747475600Z . *  
2021-07-20T15:56:40.747478900Z . *****************************************************************************
2021-07-20T15:56:40.747482400Z > ***
2021-07-20T15:56:40.747485800Z . *       
2021-07-20T15:56:40.747489500Z . *       Stata routines needed:  stbrier   
2021-07-20T15:56:40.747493800Z . *
2021-07-20T15:56:40.747497800Z . *****************************************************************************
2021-07-20T15:56:40.747501700Z > ***
2021-07-20T15:56:40.747505400Z . 
2021-07-20T15:56:40.747508800Z . * Set globals that will print in programs and direct output
2021-07-20T15:56:40.747512700Z . global outdir     "output" 
2021-07-20T15:56:40.747516600Z 
2021-07-20T15:56:40.747520000Z . global logdir     "log"
2021-07-20T15:56:40.747524100Z 
2021-07-20T15:56:40.747528100Z . global tempdir    "tempdata"
2021-07-20T15:56:40.747532200Z 
2021-07-20T15:56:40.747541700Z . global demogadjlist  age1 age2 age3 i.male i.obese4cat i.smoke_nomiss i.imd i
2021-07-20T15:56:40.747546500Z > .tot_adults_hh i.ethnicity
2021-07-20T15:56:40.747550600Z 
2021-07-20T15:56:40.747554400Z . global comordidadjlist  i.htdiag_or_highbp                              ///
2021-07-20T15:56:40.747557600Z >                         i.chronic_respiratory_disease   ///
2021-07-20T15:56:40.747561400Z >                         i.asthma                                             
2021-07-20T15:56:40.747565400Z >    ///
2021-07-20T15:56:40.747569300Z >                         i.chronic_cardiac_disease               ///
2021-07-20T15:56:40.747573000Z >                         i.diabcat                                            
2021-07-20T15:56:40.747576600Z >    ///
2021-07-20T15:56:40.747579500Z >                         i.cancer_exhaem_cat                             ///
2021-07-20T15:56:40.747582500Z >                         i.cancer_haem_cat                               ///
2021-07-20T15:56:40.747587300Z >                         i.chronic_liver_disease                 ///
2021-07-20T15:56:40.747591600Z >                         i.stroke_dementia                               ///
2021-07-20T15:56:40.747602200Z >                         i.other_neuro                                   ///
2021-07-20T15:56:40.747607100Z >                         i.reduced_kidney_function_cat   ///
2021-07-20T15:56:40.747609800Z >                         i.esrd                                               
2021-07-20T15:56:40.747612100Z >    ///
2021-07-20T15:56:40.747614300Z >                         i.other_transplant                              ///
2021-07-20T15:56:40.747616500Z >                         i.asplenia                                           
2021-07-20T15:56:40.747618800Z >    ///
2021-07-20T15:56:40.747621200Z >                         i.ra_sle_psoriasis                      ///
2021-07-20T15:56:40.747623600Z >                         i.other_immuno          
2021-07-20T15:56:40.747626100Z 
2021-07-20T15:56:40.747628300Z . 
2021-07-20T15:56:40.747630500Z . local outcome `1' 
2021-07-20T15:56:40.747632700Z 
2021-07-20T15:56:40.747634800Z . local dataset `2'
2021-07-20T15:56:40.747637100Z 
2021-07-20T15:56:40.747640300Z . 
2021-07-20T15:56:40.747642600Z . 
2021-07-20T15:56:40.747645200Z . *****************************************************************************
2021-07-20T15:56:40.747647700Z > *******
2021-07-20T15:56:40.747649800Z . *First clean up all old saved estimates for this outcome
2021-07-20T15:56:40.747652000Z . *This is to guard against accidentally displaying left-behind results from ol
2021-07-20T15:56:40.747654300Z > d runs
2021-07-20T15:56:40.747656400Z . *****************************************************************************
2021-07-20T15:56:40.747658900Z > *******
2021-07-20T15:56:40.747661200Z . 
2021-07-20T15:56:40.747663400Z . * Open a log file
2021-07-20T15:56:40.747667000Z . capture log close
2021-07-20T15:56:40.747797500Z 
2021-07-20T15:56:40.747819500Z . log using "$logdir/07d_an_multivariable_cox_models_`outcome'_Sense6_nursery_c
2021-07-20T15:56:40.747825500Z > at`dataset'", text replace
2021-07-20T15:56:40.747830700Z (note: file /workspace/log/07d_an_multivariable_cox_models_covid_death_Sense6_n
2021-07-20T15:56:40.747834500Z > ursery_catW2.log not found)
2021-07-20T15:56:40.747906100Z -------------------------------------------------------------------------------
2021-07-20T15:56:40.747919800Z       name:  <unnamed>
2021-07-20T15:56:40.747925300Z        log:  /workspace/log/07d_an_multivariable_cox_models_covid_death_Sense6_
2021-07-20T15:56:40.747929900Z > nursery_catW2.log
2021-07-20T15:56:40.747934200Z   log type:  text
2021-07-20T15:56:40.747937800Z  opened on:  20 Jul 2021, 15:56:40
2021-07-20T15:56:40.747950100Z 
2021-07-20T15:56:40.748038900Z . 
2021-07-20T15:56:40.748053100Z . 
2021-07-20T15:56:40.748056400Z . *****************************************************************************
2021-07-20T15:56:40.748059100Z > ********
2021-07-20T15:56:40.748061400Z . *PROG TO DEFINE THE BASIC COX MODEL WITH OPTIONS FOR HANDLING OF AGE, BMI, ET
2021-07-20T15:56:40.748063800Z > HNICITY:
2021-07-20T15:56:40.748065900Z . cap prog drop basecoxmodel
2021-07-20T15:56:40.748069500Z 
2021-07-20T15:56:40.748073000Z . prog define basecoxmodel
2021-07-20T15:56:40.748077200Z   1.         syntax , exposure(string) age(string)
2021-07-20T15:56:40.748081100Z   2. timer clear
2021-07-20T15:56:40.748084600Z   3. timer on 1
2021-07-20T15:56:40.748088300Z   4.         capture stcox   `exposure'                      ///
2021-07-20T15:56:40.748092400Z >                         $demogadjlist                           ///
2021-07-20T15:56:40.748096200Z >                         $comordidadjlist                ///
2021-07-20T15:56:40.748100600Z >                         , strata(stp) vce(cluster household_id)
2021-07-20T15:56:40.748104800Z   5. timer off 1
2021-07-20T15:56:40.748167600Z   6. timer list
2021-07-20T15:56:40.748177100Z   7. end
2021-07-20T15:56:40.748180100Z 
2021-07-20T15:56:40.748182300Z . *****************************************************************************
2021-07-20T15:56:40.748184800Z > ********
2021-07-20T15:56:40.748187100Z . 
2021-07-20T15:56:40.748189600Z . 
2021-07-20T15:56:40.748191800Z . * Open dataset and fit specified model(s)
2021-07-20T15:56:40.748194300Z . forvalues x=0/1 {
2021-07-20T15:56:40.748266200Z   2. 
2021-07-20T15:56:40.748298500Z . use "$tempdir/cr_create_analysis_dataset_STSET_`outcome'_ageband_`x'`dataset'
2021-07-20T15:56:40.748325900Z > .dta", clear
2021-07-20T15:56:40.748334200Z   3. 
2021-07-20T15:56:40.748338700Z . 
2021-07-20T15:56:40.748342400Z . ******************************
2021-07-20T15:56:40.748346300Z . *  Multivariable Cox models  *
2021-07-20T15:56:40.748350300Z . ******************************
2021-07-20T15:56:40.748355000Z . 
2021-07-20T15:56:40.748359100Z . foreach exposure_type in kids_cat5  {
2021-07-20T15:56:40.748363300Z   4. 
2021-07-20T15:56:40.748448500Z . *Age spline model (not adj ethnicity)
2021-07-20T15:56:40.748510000Z . basecoxmodel, exposure("i.`exposure_type'") age("age1 age2 age3")
2021-07-20T15:56:40.748520000Z   5. if _rc==0{
2021-07-20T15:56:40.748522600Z   6. estimates
2021-07-20T15:56:40.748539200Z   7. estimates save ./output/an_sense_`outcome'_nursery_cat_ageband_`x'`dataset
2021-07-20T15:56:40.748541800Z > ', replace
2021-07-20T15:56:40.748544100Z   8. *estat concordance /*c-statistic*/
2021-07-20T15:56:40.748546600Z .         /*  Proportional Hazards test  
2021-07-20T15:56:40.748548900Z >         * Based on Schoenfeld residuals
2021-07-20T15:56:40.748551200Z >         timer clear 
2021-07-20T15:56:40.748553600Z >         timer on 1
2021-07-20T15:56:40.748555700Z >         if e(N_fail)>0 estat phtest, d
2021-07-20T15:56:40.748558000Z >         timer off 1
2021-07-20T15:56:40.748560200Z >         timer list*/
2021-07-20T15:56:40.748562400Z . }
2021-07-20T15:56:40.748564800Z   9. else di "WARNING AGE SPLINE MODEL DID NOT FIT (OUTCOME `outcome')"
2021-07-20T15:56:40.748567300Z  10. 
2021-07-20T15:56:40.748569600Z . }
2021-07-20T15:56:40.748571800Z  11. }
2021-07-20T15:56:47.971746200Z    1:      7.22 /        1 =       7.2190
2021-07-20T15:56:47.973531800Z 
2021-07-20T15:56:47.973545000Z -------------------------------------------------------------------------------
2021-07-20T15:56:47.973548400Z active results
2021-07-20T15:56:47.973551000Z -------------------------------------------------------------------------------
2021-07-20T15:56:47.975024500Z 
2021-07-20T15:56:47.975039700Z Stratified Cox regr. -- Breslow method for ties
2021-07-20T15:56:47.975104000Z 
2021-07-20T15:56:47.975117900Z No. of subjects      =       16,235             Number of obs    =      16,235
2021-07-20T15:56:47.975123200Z No. of failures      =        2,597
2021-07-20T15:56:47.975127400Z Time at risk         =      1520863
2021-07-20T15:56:47.976266700Z                                                 Wald chi2(43)    =       39.89
2021-07-20T15:56:47.976279700Z Log pseudolikelihood =   -18793.818             Prob > chi2      =      0.6068
2021-07-20T15:56:47.976284700Z 
2021-07-20T15:56:48.047481600Z                        (Std. Err. adjusted for 1,121 clusters in household_id)
2021-07-20T15:56:48.047502800Z ------------------------------------------------------------------------------
2021-07-20T15:56:48.047506600Z              |               Robust
2021-07-20T15:56:48.047509500Z           _t | Haz. Ratio   Std. Err.      z    P>|z|     [95% Conf. Interval]
2021-07-20T15:56:48.047512800Z -------------+----------------------------------------------------------------
2021-07-20T15:56:48.047515600Z    kids_cat5 |
2021-07-20T15:56:48.059460600Z only <5 y..  |   1.493477   .3301318     1.81   0.070     .9683693    2.303328
2021-07-20T15:56:48.059734800Z   only 5-11  |   1.182673   .1990599     1.00   0.319      .850347    1.644877
2021-07-20T15:56:48.059963200Z      12-<18  |   1.077843   .2102035     0.38   0.701     .7354487    1.579643
2021-07-20T15:56:48.060182400Z       mixed  |   1.171641   .1617516     1.15   0.251     .8938842    1.535704
2021-07-20T15:56:48.060194900Z              |
2021-07-20T15:56:48.060412400Z         age1 |   1.006115   .0074805     0.82   0.412     .9915599    1.020884
2021-07-20T15:56:48.060641700Z         age2 |   .9855727   .0224805    -0.64   0.524     .9424821    1.030634
2021-07-20T15:56:48.060879900Z         age3 |   1.034461   .0657204     0.53   0.594     .9133479    1.171634
2021-07-20T15:56:48.061172200Z       1.male |    .999788   .0398382    -0.01   0.996     .9246777    1.080999
2021-07-20T15:56:48.061183300Z              |
2021-07-20T15:56:48.061188100Z    obese4cat |
2021-07-20T15:56:48.061421100Z Obese I ..)  |   .9803806   .0564602    -0.34   0.731     .8757375    1.097528
2021-07-20T15:56:48.061676900Z Obese II..)  |   .9659419   .0728051    -0.46   0.646     .8332862    1.119716
2021-07-20T15:56:48.062018300Z Obese II..)  |   .9712991   .0810413    -0.35   0.727     .8247686    1.143862
2021-07-20T15:56:48.062029800Z              |
2021-07-20T15:56:48.062034100Z smoke_nomiss |
2021-07-20T15:56:48.062324100Z      Former  |   .9319701   .1340696    -0.49   0.624     .7029937    1.235528
2021-07-20T15:56:48.062630000Z     Current  |   .9194945   .0554614    -1.39   0.164     .8169717    1.034883
2021-07-20T15:56:48.062652700Z              |
2021-07-20T15:56:48.062659600Z          imd |
2021-07-20T15:56:48.062928000Z           4  |   .9054987   .0448086    -2.01   0.045        .8218    .9977221
2021-07-20T15:56:48.063219200Z 5 most de..  |   .9670607    .063553    -0.51   0.610     .8501875         1.1
2021-07-20T15:56:48.063229300Z              |
2021-07-20T15:56:48.063232200Z tot_adults~h |
2021-07-20T15:56:48.063481900Z           2  |   .9365488   .2919828    -0.21   0.833     .5083419     1.72546
2021-07-20T15:56:48.063737000Z           3  |   .7453315   .1785735    -1.23   0.220     .4660265    1.192033
2021-07-20T15:56:48.063746800Z              |
2021-07-20T15:56:48.063749700Z    ethnicity |
2021-07-20T15:56:48.063944800Z Asian or ..  |   .9182597   .0641244    -1.22   0.222     .8007998    1.052949
2021-07-20T15:56:48.064181300Z       Other  |   1.029141   .0689783     0.43   0.668     .9024498    1.173618
2021-07-20T15:56:48.064190700Z              |
2021-07-20T15:56:48.064483900Z 1.htdiag_o~p |   .9506686   .0685664    -0.70   0.483     .8253474    1.095019
2021-07-20T15:56:48.064708300Z 1.~y_disease |   .9046713   .0455709    -1.99   0.047     .8196215    .9985465
2021-07-20T15:56:48.065009600Z     1.asthma |   1.016091   .0736317     0.22   0.826     .8815558    1.171158
2021-07-20T15:56:48.065237500Z 1.~c_disease |   .9672681   .0475543    -0.68   0.498     .8784131    1.065111
2021-07-20T15:56:48.065254500Z              |
2021-07-20T15:56:48.065257300Z      diabcat |
2021-07-20T15:56:48.065565300Z T1DM, con..  |   1.167202    .138584     1.30   0.193      .924871    1.473027
2021-07-20T15:56:48.065731200Z T1DM, unc..  |   .9287176   .2392945    -0.29   0.774     .5604825    1.538882
2021-07-20T15:56:48.065960600Z T2DM, con..  |   .8966538   .0482346    -2.03   0.043     .8069288    .9963555
2021-07-20T15:56:48.066190100Z T2DM, unc..  |   1.188293    .120937     1.70   0.090     .9734052     1.45062
2021-07-20T15:56:48.066624200Z Diabetes,..  |   1.444146   1.109924     0.48   0.633     .3201883    6.513539
2021-07-20T15:56:48.066635100Z              |
2021-07-20T15:56:48.066637800Z cancer_exh~t |
2021-07-20T15:56:48.066873500Z   Last year  |   .9409488     .31021    -0.18   0.854     .4931098    1.795512
2021-07-20T15:56:48.067128000Z 2-5 years..  |   .8752168   .1456586    -0.80   0.423      .631617    1.212767
2021-07-20T15:56:48.067415900Z    5+ years  |   1.024129   .0526113     0.46   0.643     .9260343    1.132616
2021-07-20T15:56:48.067426800Z              |
2021-07-20T15:56:48.067431100Z cancer_hae~t |
2021-07-20T15:56:48.067656000Z   Last year  |   .9938917     .31151    -0.02   0.984     .5377144    1.837073
2021-07-20T15:56:48.067848000Z 2-5 years..  |   1.158507   .1660054     1.03   0.305     .8748383    1.534156
2021-07-20T15:56:48.068144600Z    5+ years  |   .9938542   .0501677    -0.12   0.903     .9002347     1.09721
2021-07-20T15:56:48.068155900Z              |
2021-07-20T15:56:48.068423200Z 1.~r_disease |   1.055417   .0514618     1.11   0.269     .9592234    1.161257
2021-07-20T15:56:48.068681100Z 1.stroke_d~a |   .9653978   .0478931    -0.71   0.478     .8759481    1.063982
2021-07-20T15:56:48.068925000Z 1.other_ne~o |   .9816851   .0515292    -0.35   0.725     .8857111    1.088059
2021-07-20T15:56:48.068935300Z              |
2021-07-20T15:56:48.068938100Z reduced_ki~t |
2021-07-20T15:56:48.069244000Z Stage 3a/..  |   1.152849    .343414     0.48   0.633     .6430044    2.066954
2021-07-20T15:56:48.069490900Z       1.esrd |   .9327924   .0387746    -1.67   0.094     .8598091    1.011971
2021-07-20T15:56:48.069905400Z 1.other_tr~t |   1.008893    .048567     0.18   0.854     .9180562    1.108718
2021-07-20T15:56:48.070230600Z   1.asplenia |   .9915703   .0486019    -0.17   0.863     .9007449    1.091554
2021-07-20T15:56:48.070540000Z 1.ra_sle_p~s |   1.051898    .052629     1.01   0.312     .9536434    1.160276
2021-07-20T15:56:48.080099700Z 1.other_im~o |   1.066196    .043366     1.58   0.115     .9844999    1.154671
2021-07-20T15:56:48.080121500Z ------------------------------------------------------------------------------
2021-07-20T15:56:48.080277600Z                                                              Stratified by stp
2021-07-20T15:56:48.103581100Z (note: file ./output/an_sense_covid_death_nursery_cat_ageband_0W2.ster not foun
2021-07-20T15:56:48.103610600Z > d)
2021-07-20T15:56:48.103614200Z file ./output/an_sense_covid_death_nursery_cat_ageband_0W2.ster saved
2021-07-20T15:56:49.439803000Z    1:      1.33 /        1 =       1.3340
2021-07-20T15:56:49.439832800Z 
2021-07-20T15:56:49.439839400Z -------------------------------------------------------------------------------
2021-07-20T15:56:49.439844800Z active results
2021-07-20T15:56:49.439849800Z -------------------------------------------------------------------------------
2021-07-20T15:56:49.441555800Z 
2021-07-20T15:56:49.441577600Z Stratified Cox regr. -- Breslow method for ties
2021-07-20T15:56:49.441583900Z 
2021-07-20T15:56:49.441588400Z No. of subjects      =        4,496             Number of obs    =       4,496
2021-07-20T15:56:49.441593400Z No. of failures      =          713
2021-07-20T15:56:49.441598000Z Time at risk         =       420295
2021-07-20T15:56:49.441692000Z                                                 Wald chi2(43)    =       44.57
2021-07-20T15:56:49.441709200Z Log pseudolikelihood =   -4228.3265             Prob > chi2      =      0.4054
2021-07-20T15:56:49.441715500Z 
2021-07-20T15:56:49.454405200Z                          (Std. Err. adjusted for 912 clusters in household_id)
2021-07-20T15:56:49.454423500Z ------------------------------------------------------------------------------
2021-07-20T15:56:49.454427100Z              |               Robust
2021-07-20T15:56:49.454429900Z           _t | Haz. Ratio   Std. Err.      z    P>|z|     [95% Conf. Interval]
2021-07-20T15:56:49.454433000Z -------------+----------------------------------------------------------------
2021-07-20T15:56:49.454435900Z    kids_cat5 |
2021-07-20T15:56:49.454438500Z only <5 y..  |   1.916277   .7130597     1.75   0.080     .9241032     3.97371
2021-07-20T15:56:49.454824600Z   only 5-11  |   .7862265   .2762532    -0.68   0.494     .3948794     1.56542
2021-07-20T15:56:49.455060100Z      12-<18  |   .7222598   .2840881    -0.83   0.408     .3341091    1.561344
2021-07-20T15:56:49.455343100Z       mixed  |   .9126564   .2225652    -0.37   0.708     .5658858    1.471925
2021-07-20T15:56:49.455358100Z              |
2021-07-20T15:56:49.455672800Z         age1 |   .9805175   .0344241    -0.56   0.575     .9153166    1.050363
2021-07-20T15:56:49.455878200Z         age2 |   1.243697   .2306544     1.18   0.240     .8646728    1.788864
2021-07-20T15:56:49.456268400Z         age3 |   .6201004   .2272463    -1.30   0.192     .3023603    1.271743
2021-07-20T15:56:49.456517200Z       1.male |   1.077232   .0846506     0.95   0.344     .9234651    1.256603
2021-07-20T15:56:49.456530300Z              |
2021-07-20T15:56:49.456536000Z    obese4cat |
2021-07-20T15:56:49.456847300Z Obese I ..)  |   .8304599    .102959    -1.50   0.134     .6513106    1.058886
2021-07-20T15:56:49.457250700Z Obese II..)  |   .9497159   .1225795    -0.40   0.689     .7374446    1.223089
2021-07-20T15:56:49.457408200Z Obese II..)  |   1.073486   .1601052     0.48   0.634     .8013896    1.437967
2021-07-20T15:56:49.457420800Z              |
2021-07-20T15:56:49.457425900Z smoke_nomiss |
2021-07-20T15:56:49.457759400Z      Former  |   1.067798   .2824595     0.25   0.804     .6358063    1.793302
2021-07-20T15:56:49.458050300Z     Current  |   .9557478   .1103056    -0.39   0.695      .762261    1.198348
2021-07-20T15:56:49.458061500Z              |
2021-07-20T15:56:49.458064800Z          imd |
2021-07-20T15:56:49.458335800Z           4  |   1.172559   .1075707     1.74   0.083     .9795926    1.403538
2021-07-20T15:56:49.458584400Z 5 most de..  |   1.037621   .1380519     0.28   0.781     .7994461    1.346753
2021-07-20T15:56:49.458597800Z              |
2021-07-20T15:56:49.458603400Z tot_adults~h |
2021-07-20T15:56:49.458821700Z           2  |   1.031134   .5349955     0.06   0.953     .3729719    2.850717
2021-07-20T15:56:49.459141000Z           3  |   .6377892   .2662818    -1.08   0.281     .2813806     1.44564
2021-07-20T15:56:49.459152400Z              |
2021-07-20T15:56:49.459157400Z    ethnicity |
2021-07-20T15:56:49.459362600Z Asian or ..  |   .9384532   .1193595    -0.50   0.617     .7313925    1.204134
2021-07-20T15:56:49.459637300Z       Other  |   .9216689   .1255916    -0.60   0.549     .7056438    1.203828
2021-07-20T15:56:49.459649300Z              |
2021-07-20T15:56:49.459901400Z 1.htdiag_o~p |   .9733944   .1346697    -0.19   0.845     .7422062    1.276595
2021-07-20T15:56:49.460130300Z 1.~y_disease |   1.162394    .106165     1.65   0.099     .9718757    1.390261
2021-07-20T15:56:49.460380600Z     1.asthma |   1.202129   .1530521     1.45   0.148      .936652    1.542851
2021-07-20T15:56:49.460619600Z 1.~c_disease |   .9462007   .0862066    -0.61   0.544     .7914653    1.131188
2021-07-20T15:56:49.460630000Z              |
2021-07-20T15:56:49.460635200Z      diabcat |
2021-07-20T15:56:49.460858600Z T1DM, con..  |   1.088254   .2635689     0.35   0.727     .6769771    1.749389
2021-07-20T15:56:49.461069700Z T1DM, unc..  |   1.172689    .525592     0.36   0.722     .4871692     2.82284
2021-07-20T15:56:49.461265900Z T2DM, con..  |   1.015332   .1052973     0.15   0.883     .8285757    1.244182
2021-07-20T15:56:49.461474300Z T2DM, unc..  |    .822014   .1964484    -0.82   0.412     .5145831    1.313116
2021-07-20T15:56:49.461734300Z Diabetes,..  |   1.574072   1.472011     0.49   0.628     .2517757    9.840914
2021-07-20T15:56:49.461746500Z              |
2021-07-20T15:56:49.461751200Z cancer_exh~t |
2021-07-20T15:56:49.461975900Z   Last year  |   .5513041   .3716027    -0.88   0.377     .1471109    2.066035
2021-07-20T15:56:49.462171300Z 2-5 years..  |   .9025815   .3265613    -0.28   0.777     .4441348    1.834248
2021-07-20T15:56:49.462430000Z    5+ years  |   .9721609   .0964345    -0.28   0.776     .8003913    1.180794
2021-07-20T15:56:49.462441500Z              |
2021-07-20T15:56:49.462445900Z cancer_hae~t |
2021-07-20T15:56:49.462676100Z   Last year  |   .7135408   .5023167    -0.48   0.632     .1795528    2.835604
2021-07-20T15:56:49.462898200Z 2-5 years..  |   1.121274   .3634447     0.35   0.724     .5940286    2.116491
2021-07-20T15:56:49.463146900Z    5+ years  |   .9599674   .1006773    -0.39   0.697     .7816027    1.179035
2021-07-20T15:56:49.463158100Z              |
2021-07-20T15:56:49.463452200Z 1.~r_disease |   1.069312   .1025356     0.70   0.485     .8861016    1.290404
2021-07-20T15:56:49.463732200Z 1.stroke_d~a |   1.106291   .1014469     1.10   0.271      .924303    1.324112
2021-07-20T15:56:49.464012300Z 1.other_ne~o |   1.051671   .0942346     0.56   0.574     .8822836    1.253578
2021-07-20T15:56:49.464023400Z              |
2021-07-20T15:56:49.464028100Z reduced_ki~t |
2021-07-20T15:56:49.464350900Z Stage 3a/..  |   1.006469   .2143112     0.03   0.976     .6630573    1.527742
2021-07-20T15:56:49.464615200Z       1.esrd |   .9821071   .0790734    -0.22   0.823     .8387358    1.149986
2021-07-20T15:56:49.464986900Z 1.other_tr~t |   1.043256   .0993494     0.44   0.657     .8656266    1.257334
2021-07-20T15:56:49.465306000Z   1.asplenia |   1.145526   .1005332     1.55   0.122     .9644997    1.360529
2021-07-20T15:56:49.465613700Z 1.ra_sle_p~s |   .8920003   .0824488    -1.24   0.216     .7441959     1.06916
2021-07-20T15:56:49.467322400Z 1.other_im~o |   .8204798   .0733221    -2.21   0.027     .6886528     .977542
2021-07-20T15:56:49.467338200Z ------------------------------------------------------------------------------
2021-07-20T15:56:49.467606800Z                                                              Stratified by stp
2021-07-20T15:56:49.478198700Z (note: file ./output/an_sense_covid_death_nursery_cat_ageband_1W2.ster not foun
2021-07-20T15:56:49.478220000Z > d)
2021-07-20T15:56:49.478226100Z file ./output/an_sense_covid_death_nursery_cat_ageband_1W2.ster saved
2021-07-20T15:56:49.478230800Z 
2021-07-20T15:56:49.478234900Z . 
2021-07-20T15:56:49.478239000Z . log close
2021-07-20T15:56:49.478470400Z       name:  <unnamed>
2021-07-20T15:56:49.478483800Z        log:  /workspace/log/07d_an_multivariable_cox_models_covid_death_Sense6_
2021-07-20T15:56:49.478487400Z > nursery_catW2.log
2021-07-20T15:56:49.478490200Z   log type:  text
2021-07-20T15:56:49.478493600Z  closed on:  20 Jul 2021, 15:56:49
2021-07-20T15:56:49.478496200Z -------------------------------------------------------------------------------
2021-07-20T15:56:49.478498900Z 
2021-07-20T15:56:49.478513300Z . 
2021-07-20T15:56:49.478515600Z . 
2021-07-20T15:56:49.478517700Z . 
2021-07-20T15:56:49.478519700Z . exit, clear 
2021-07-20T15:56:49.478521800Z 
2021-07-20T15:56:49.478523800Z end of do-file
2021-07-20T15:56:49.478526100Z 
2021-07-20T15:56:49.478528100Z . . file open output using "/tmp/tmp.WClUXz7q6i", write text replace
2021-07-20T15:56:49.478530600Z 
2021-07-20T15:56:49.478532700Z . . file write output "success" 
2021-07-20T15:56:49.478535100Z 
2021-07-20T15:56:49.478537200Z . . file close output
2021-07-20T15:56:49.478539300Z 
2021-07-20T15:56:49.478542700Z . 
2021-07-20T15:56:49.478544800Z end of do-file
2021-07-20T15:56:49.478547000Z 
2021-07-20T15:56:49.478549200Z 
2021-07-20T15:56:49.503262500Z . 

state: succeeded
commit: none
docker_image_id: sha256:11980aa720220a1b39bf523f5a8a33270214c13876c30ee364e16265766f7f60
exit_code: 0
job_id: 7oypbb6g5vx7cme4
run_by_user: qc18278
created_at: 2021-07-20T15:38:48Z
started_at: 2021-07-20T15:56:40Z
completed_at: 2021-07-20T15:57:46Z

Completed successfully

outputs:
  log/07d_an_multivariable_cox_models_covid_death_Sense6_nursery_catW2.log  - moderately_sensitive
  output/an_sense_covid_death_nursery_cat_ageband_0W2.ster                  - moderately_sensitive
  output/an_sense_covid_death_nursery_cat_ageband_1W2.ster                  - moderately_sensitive