2021-07-20T15:49:24.592324000Z 
2021-07-20T15:49:24.592372500Z   ___  ____  ____  ____  ____ (R)
2021-07-20T15:49:24.592381700Z  /__    /   ____/   /   ____/
2021-07-20T15:49:24.592386100Z ___/   /   /___/   /   /___/   16.1   Copyright 1985-2019 StataCorp LLC
2021-07-20T15:49:24.592389600Z   Statistics/Data Analysis            StataCorp
2021-07-20T15:49:24.592392600Z                                       4905 Lakeway Drive
2021-07-20T15:49:24.592395900Z                                       College Station, Texas 77845 USA
2021-07-20T15:49:24.592399400Z                                       800-STATA-PC        http://www.stata.com
2021-07-20T15:49:24.592403100Z                                       979-696-4600        stata@stata.com
2021-07-20T15:49:24.592416900Z                                       979-696-4601 (fax)
2021-07-20T15:49:24.592450300Z 
2021-07-20T15:49:24.592456500Z 3-user Stata network license expires 11 May 2022:
2021-07-20T15:49:24.592459900Z        Serial number:  501709312237
2021-07-20T15:49:24.592463100Z          Licensed to:  The Bennett Institute
2021-07-20T15:49:24.592467000Z                        Oxford University
2021-07-20T15:49:24.593162900Z 
2021-07-20T15:49:24.593178600Z Notes:
2021-07-20T15:49:24.593183300Z       1.  Unicode is supported; see help unicode_advice.
2021-07-20T15:49:24.593187200Z 
2021-07-20T15:49:24.593190700Z . do "analysis/07d_an_multivariable_cox_models_FULL_Sense4.wrapper.do" covid_tp
2021-07-20T15:49:24.593194400Z > p_prob MAIN 
2021-07-20T15:49:24.593198200Z 
2021-07-20T15:49:24.593201800Z . . do "analysis/07d_an_multivariable_cox_models_FULL_Sense4.do" covid_tpp_prob
2021-07-20T15:49:24.593205300Z >  MAIN
2021-07-20T15:49:24.593208500Z 
2021-07-20T15:49:24.593211600Z . *****************************************************************************
2021-07-20T15:49:24.593214900Z > ***
2021-07-20T15:49:24.593218000Z . *
2021-07-20T15:49:24.593221500Z . *       Do-file:                07d_an_multivariable_cox_models_Sense4.do
2021-07-20T15:49:24.593225200Z . *
2021-07-20T15:49:24.593228600Z . *       Project:                Exposure children and COVID risk
2021-07-20T15:49:24.593232200Z . *
2021-07-20T15:49:24.593235700Z . *       Programmed by:  Hforbes, based on files from Fizz & Krishnan
2021-07-20T15:49:24.593239100Z . *
2021-07-20T15:49:24.593242100Z . *       Data used:              analysis_dataset.dta
2021-07-20T15:49:24.593245400Z . *
2021-07-20T15:49:24.593248500Z . *       Data created:   None
2021-07-20T15:49:24.593251900Z . *
2021-07-20T15:49:24.593255100Z . *       Other output:   Log file:  07b_an_multivariable_cox_models_`outcome'.
2021-07-20T15:49:24.593284200Z > log
2021-07-20T15:49:24.593289200Z . *
2021-07-20T15:49:24.593293700Z . *****************************************************************************
2021-07-20T15:49:24.593297900Z > ***
2021-07-20T15:49:24.593301400Z . *
2021-07-20T15:49:24.593355900Z . *       Purpose:                This do-file performs multivariable (fully ad
2021-07-20T15:49:24.593368000Z > justed) 
2021-07-20T15:49:24.593372300Z . *                                       Cox models, with age as the underlyin
2021-07-20T15:49:24.593375500Z > g timescale
2021-07-20T15:49:24.593378500Z . *  
2021-07-20T15:49:24.593381400Z . *****************************************************************************
2021-07-20T15:49:24.593384700Z > ***
2021-07-20T15:49:24.593387700Z . *       
2021-07-20T15:49:24.593390500Z . *       Stata routines needed:  stbrier   
2021-07-20T15:49:24.593393500Z . *
2021-07-20T15:49:24.593396700Z . *****************************************************************************
2021-07-20T15:49:24.593400000Z > ***
2021-07-20T15:49:24.593403200Z . 
2021-07-20T15:49:24.593406400Z . * Set globals that will print in programs and direct output
2021-07-20T15:49:24.593410000Z . global outdir     "output" 
2021-07-20T15:49:24.593413400Z 
2021-07-20T15:49:24.593417000Z . global logdir     "log"
2021-07-20T15:49:24.593420200Z 
2021-07-20T15:49:24.593422900Z . global tempdir    "tempdata"
2021-07-20T15:49:24.593425800Z 
2021-07-20T15:49:24.593428600Z . global demogadjlist  age1 age2 age3 i.male i.obese4cat i.smoke_nomiss i.imd i
2021-07-20T15:49:24.593431600Z > .tot_adults_hh i.ethnicity
2021-07-20T15:49:24.593434700Z 
2021-07-20T15:49:24.593497300Z . global comordidadjlist  i.htdiag_or_highbp                              ///
2021-07-20T15:49:24.593506600Z >                         i.chronic_respiratory_disease   ///
2021-07-20T15:49:24.593523500Z >                         i.asthma                                             
2021-07-20T15:49:24.593530300Z >    ///
2021-07-20T15:49:24.593533900Z >                         i.chronic_cardiac_disease               ///
2021-07-20T15:49:24.593537600Z >                         i.diabcat                                            
2021-07-20T15:49:24.593541200Z >    ///
2021-07-20T15:49:24.593544500Z >                         i.cancer_exhaem_cat                             ///
2021-07-20T15:49:24.593548300Z >                         i.cancer_haem_cat                               ///
2021-07-20T15:49:24.593552100Z >                         i.chronic_liver_disease                 ///
2021-07-20T15:49:24.593555800Z >                         i.stroke_dementia                               ///
2021-07-20T15:49:24.593567100Z >                         i.other_neuro                                   ///
2021-07-20T15:49:24.593571500Z >                         i.reduced_kidney_function_cat   ///
2021-07-20T15:49:24.593575400Z >                         i.esrd                                               
2021-07-20T15:49:24.593578900Z >    ///
2021-07-20T15:49:24.593582200Z >                         i.other_transplant                              ///
2021-07-20T15:49:24.593586000Z >                         i.asplenia                                           
2021-07-20T15:49:24.593589900Z >    ///
2021-07-20T15:49:24.593593300Z >                         i.ra_sle_psoriasis                      ///
2021-07-20T15:49:24.593597100Z >                         i.other_immuno          
2021-07-20T15:49:24.593600900Z 
2021-07-20T15:49:24.593604500Z . 
2021-07-20T15:49:24.593608100Z . local outcome `1' 
2021-07-20T15:49:24.593611600Z 
2021-07-20T15:49:24.593614700Z . local dataset `2'
2021-07-20T15:49:24.593618100Z 
2021-07-20T15:49:24.593621700Z . 
2021-07-20T15:49:24.593625100Z . 
2021-07-20T15:49:24.593628400Z . *****************************************************************************
2021-07-20T15:49:24.593632000Z > *******
2021-07-20T15:49:24.593635400Z . *First clean up all old saved estimates for this outcome
2021-07-20T15:49:24.593638800Z . *This is to guard against accidentally displaying left-behind results from ol
2021-07-20T15:49:24.593642200Z > d runs
2021-07-20T15:49:24.593645800Z . *****************************************************************************
2021-07-20T15:49:24.593650000Z > *******
2021-07-20T15:49:24.593653300Z . 
2021-07-20T15:49:24.593656600Z . * Open a log file
2021-07-20T15:49:24.593660100Z . capture log close
2021-07-20T15:49:24.593663300Z 
2021-07-20T15:49:24.593666300Z . log using "$logdir/07d_an_multivariable_cox_models_`outcome'_Sense4_agetimesc
2021-07-20T15:49:24.593670100Z > ale`dataset'", text replace
2021-07-20T15:49:24.593675600Z (note: file /workspace/log/07d_an_multivariable_cox_models_covid_tpp_prob_Sense
2021-07-20T15:49:24.593679500Z > 4_agetimescaleMAIN.log not found)
2021-07-20T15:49:24.593683100Z -------------------------------------------------------------------------------
2021-07-20T15:49:24.593686900Z       name:  <unnamed>
2021-07-20T15:49:24.593690400Z        log:  /workspace/log/07d_an_multivariable_cox_models_covid_tpp_prob_Sens
2021-07-20T15:49:24.593693500Z > e4_agetimescaleMAIN.log
2021-07-20T15:49:24.593696500Z   log type:  text
2021-07-20T15:49:24.593704000Z  opened on:  20 Jul 2021, 15:49:24
2021-07-20T15:49:24.593708000Z 
2021-07-20T15:49:24.593712500Z . 
2021-07-20T15:49:24.593716000Z . 
2021-07-20T15:49:24.593719600Z . *****************************************************************************
2021-07-20T15:49:24.593723200Z > ********
2021-07-20T15:49:24.593726300Z . *PROG TO DEFINE THE BASIC COX MODEL WITH OPTIONS FOR HANDLING OF AGE, BMI, ET
2021-07-20T15:49:24.593729500Z > HNICITY:
2021-07-20T15:49:24.593734100Z . cap prog drop basecoxmodel
2021-07-20T15:49:24.593737600Z 
2021-07-20T15:49:24.593740600Z . prog define basecoxmodel
2021-07-20T15:49:24.593744200Z   1.         syntax , exposure(string) age(string)
2021-07-20T15:49:24.593825100Z   2. timer clear
2021-07-20T15:49:24.593839000Z   3. timer on 1
2021-07-20T15:49:24.593847600Z   4.         capture stcox   `exposure'                      ///
2021-07-20T15:49:24.593851800Z >                         $demogadjlist                           ///
2021-07-20T15:49:24.593855700Z >                         $comordidadjlist                ///
2021-07-20T15:49:24.593859100Z >                         , strata(stp) vce(cluster household_id)
2021-07-20T15:49:24.593862400Z   5. timer off 1
2021-07-20T15:49:24.593866100Z   6. timer list
2021-07-20T15:49:24.593869600Z   7. end
2021-07-20T15:49:24.593873000Z 
2021-07-20T15:49:24.593975400Z . *****************************************************************************
2021-07-20T15:49:24.593987000Z > ********
2021-07-20T15:49:24.593991600Z . 
2021-07-20T15:49:24.593995000Z . 
2021-07-20T15:49:24.593998100Z . * Open dataset and fit specified model(s)
2021-07-20T15:49:24.594001500Z . forvalues x=0/1 {
2021-07-20T15:49:24.594004900Z   2. 
2021-07-20T15:49:24.594008400Z . use "$tempdir/cr_create_analysis_dataset_STSET_`outcome'_ageband_`x'`dataset'
2021-07-20T15:49:24.594011700Z > .dta", clear
2021-07-20T15:49:24.594037100Z   3. 
2021-07-20T15:49:24.594043700Z . *reset underlying timescale to age
2021-07-20T15:49:24.594047900Z . gen dob=d(01feb2020)-(age*365.25)
2021-07-20T15:49:24.594051800Z   4. format dob %td
2021-07-20T15:49:24.594059500Z   5. *list age dob in 1/20
2021-07-20T15:49:24.594063600Z . streset, origin(dob) scale(365.25) 
2021-07-20T15:49:24.594067000Z   6. 
2021-07-20T15:49:24.594070300Z . 
2021-07-20T15:49:24.594073600Z . ******************************
2021-07-20T15:49:24.594077000Z . *  Multivariable Cox models  *
2021-07-20T15:49:24.594080100Z . ******************************
2021-07-20T15:49:24.594105600Z . 
2021-07-20T15:49:24.594110000Z . 
2021-07-20T15:49:24.594163800Z . 
2021-07-20T15:49:24.594171900Z . foreach exposure_type in kids_cat4  {
2021-07-20T15:49:24.594176200Z   7. 
2021-07-20T15:49:24.594179400Z . *Age spline model (not adj ethnicity)
2021-07-20T15:49:24.594183400Z . basecoxmodel, exposure("i.`exposure_type'") age("age1 age2 age3")
2021-07-20T15:49:24.594260500Z   8. if _rc==0{
2021-07-20T15:49:24.594272700Z   9. estimates
2021-07-20T15:49:24.594277500Z  10. estimates save ./output/an_sense_`outcome'_age_underlying_timescale_ageban
2021-07-20T15:49:24.594281400Z > d_`x'`dataset', replace
2021-07-20T15:49:24.594284800Z  11. *estat concordance /*c-statistic*/
2021-07-20T15:49:24.594288000Z .         /*  Proportional Hazards test  
2021-07-20T15:49:24.594291500Z >         * Based on Schoenfeld residuals
2021-07-20T15:49:24.594295200Z >         timer clear 
2021-07-20T15:49:24.594298700Z >         timer on 1
2021-07-20T15:49:24.594302300Z >         if e(N_fail)>0 estat phtest, d
2021-07-20T15:49:24.594305700Z >         timer off 1
2021-07-20T15:49:24.594309000Z >         timer list*/
2021-07-20T15:49:24.594312300Z . }
2021-07-20T15:49:24.594389800Z  12. else di "WARNING AGE SPLINE MODEL DID NOT FIT (OUTCOME `outcome')"
2021-07-20T15:49:24.594401900Z  13. 
2021-07-20T15:49:24.594406300Z . }
2021-07-20T15:49:24.594409600Z  14. }
2021-07-20T15:49:24.838863300Z -> stset stime_covid_tpp_prob, id(patient_id) failure(covid_tpp_prob)
2021-07-20T15:49:24.838882500Z                                enter(time enter_date) origin(time dob)
2021-07-20T15:49:24.838887800Z                                scale(365.25)
2021-07-20T15:49:24.838891500Z 
2021-07-20T15:49:24.838894700Z                 id:  patient_id
2021-07-20T15:49:24.838898200Z      failure event:  covid_tpp_prob != 0 & covid_tpp_prob < .
2021-07-20T15:49:24.838902000Z obs. time interval:  (stime_covid_tpp_prob[_n-1], stime_covid_tpp_prob]
2021-07-20T15:49:24.838905600Z  enter on or after:  time enter_date
2021-07-20T15:49:24.838909600Z  exit on or before:  failure
2021-07-20T15:49:24.838912900Z     t for analysis:  (time-origin)/365.25
2021-07-20T15:49:24.838916200Z             origin:  time dob
2021-07-20T15:49:24.838919500Z 
2021-07-20T15:49:24.838922700Z ------------------------------------------------------------------------------
2021-07-20T15:49:24.838995200Z      16,206  total observations
2021-07-20T15:49:24.839626800Z           0  exclusions
2021-07-20T15:49:24.839638100Z ------------------------------------------------------------------------------
2021-07-20T15:49:24.839655300Z      16,206  observations remaining, representing
2021-07-20T15:49:24.868174000Z      16,206  subjects
2021-07-20T15:49:24.894745600Z       6,075  failures in single-failure-per-subject data
2021-07-20T15:49:24.942143600Z   6,551.932  total analysis time at risk and under observation
2021-07-20T15:49:24.942165300Z                                                 at risk from t =         0
2021-07-20T15:49:24.943003200Z                                      earliest observed entry t =        18
2021-07-20T15:49:24.943646700Z                                           last observed exit t =  65.58042
2021-07-20T15:49:31.773106400Z    1:      6.83 /        1 =       6.8290
2021-07-20T15:49:31.775822400Z 
2021-07-20T15:49:31.775850100Z -------------------------------------------------------------------------------
2021-07-20T15:49:31.775854500Z active results
2021-07-20T15:49:31.775857300Z -------------------------------------------------------------------------------
2021-07-20T15:49:31.777617500Z 
2021-07-20T15:49:31.777637600Z Stratified Cox regr. -- Breslow method for ties
2021-07-20T15:49:31.777643700Z 
2021-07-20T15:49:31.777648400Z No. of subjects      =       16,206             Number of obs    =      16,206
2021-07-20T15:49:31.777653200Z No. of failures      =        6,075
2021-07-20T15:49:31.777815200Z Time at risk         =  6551.931554
2021-07-20T15:49:31.777829700Z                                                 Wald chi2(41)    =       74.00
2021-07-20T15:49:31.778049000Z Log pseudolikelihood =   -19391.663             Prob > chi2      =      0.0012
2021-07-20T15:49:31.778063300Z 
2021-07-20T15:49:31.838685700Z                        (Std. Err. adjusted for 1,106 clusters in household_id)
2021-07-20T15:49:31.838710800Z ------------------------------------------------------------------------------
2021-07-20T15:49:31.838715400Z              |               Robust
2021-07-20T15:49:31.838718400Z           _t | Haz. Ratio   Std. Err.      z    P>|z|     [95% Conf. Interval]
2021-07-20T15:49:31.838721700Z -------------+----------------------------------------------------------------
2021-07-20T15:49:31.838724600Z    kids_cat4 |
2021-07-20T15:49:31.848171600Z only <12 ..  |   1.131396   .1047333     1.33   0.182     .9436672     1.35647
2021-07-20T15:49:31.848375400Z  only 12-18  |   1.217967   .1373754     1.75   0.080     .9764005    1.519299
2021-07-20T15:49:31.848669500Z       mixed  |   1.124124   .0964236     1.36   0.173     .9501694    1.329926
2021-07-20T15:49:31.848683900Z              |
2021-07-20T15:49:31.848937600Z         age1 |   1.321608    .085674     4.30   0.000     1.163919     1.50066
2021-07-20T15:49:31.849169200Z         age2 |    1.07383   .3428255     0.22   0.823     .5743613     2.00764
2021-07-20T15:49:31.849557400Z         age3 |   .9958341          .        .       .            .           .
2021-07-20T15:49:31.849676600Z       1.male |   1.004605   .0265206     0.17   0.862     .9539473    1.057953
2021-07-20T15:49:31.849691900Z              |
2021-07-20T15:49:31.849697300Z    obese4cat |
2021-07-20T15:49:31.850075300Z Obese I ..)  |   1.031794   .0371392     0.87   0.385     .9615109    1.107215
2021-07-20T15:49:31.850119400Z Obese II..)  |   .9487845   .0466764    -1.07   0.285     .8615725    1.044824
2021-07-20T15:49:31.850510900Z Obese II..)  |   1.010949   .0595643     0.18   0.853     .9006941    1.134701
2021-07-20T15:49:31.850524000Z              |
2021-07-20T15:49:31.850529600Z smoke_nomiss |
2021-07-20T15:49:31.850645500Z      Former  |   1.197769   .1059336     2.04   0.041     1.007142    1.424477
2021-07-20T15:49:31.851097300Z     Current  |   1.026732    .039527     0.69   0.493     .9521114    1.107202
2021-07-20T15:49:31.851112900Z              |
2021-07-20T15:49:31.851118100Z          imd |
2021-07-20T15:49:31.851122100Z           4  |   1.068785   .0326827     2.18   0.030      1.00661      1.1348
2021-07-20T15:49:31.851637400Z 5 most de..  |    .982993   .0425814    -0.40   0.692     .9029796    1.070096
2021-07-20T15:49:31.851650800Z              |
2021-07-20T15:49:31.851654100Z tot_adults~h |
2021-07-20T15:49:31.851656500Z           2  |   1.357522   .3104022     1.34   0.181     .8671943    2.125089
2021-07-20T15:49:31.852092100Z           3  |     .87611   .1643719    -0.70   0.481     .6065407    1.265486
2021-07-20T15:49:31.852104100Z              |
2021-07-20T15:49:31.852109200Z    ethnicity |
2021-07-20T15:49:31.852417700Z Asian or ..  |   1.036535   .0454302     0.82   0.413     .9512104    1.129513
2021-07-20T15:49:31.852553000Z       Other  |   .9810283   .0418441    -0.45   0.653     .9023499    1.066567
2021-07-20T15:49:31.852565900Z              |
2021-07-20T15:49:31.852957200Z 1.htdiag_o~p |   .9369662   .0476555    -1.28   0.201     .8480677    1.035183
2021-07-20T15:49:31.853214300Z 1.~y_disease |   1.040958    .034143     1.22   0.221     .9761446    1.110075
2021-07-20T15:49:31.853586500Z     1.asthma |   .9922984   .0461494    -0.17   0.868     .9058472       1.087
2021-07-20T15:49:31.853823500Z 1.~c_disease |   .9748143    .031242    -0.80   0.426     .9154647    1.038011
2021-07-20T15:49:31.853836800Z              |
2021-07-20T15:49:31.853842100Z      diabcat |
2021-07-20T15:49:31.854189300Z T1DM, con..  |   1.139678   .0849677     1.75   0.079     .9847403    1.318994
2021-07-20T15:49:31.854202700Z T1DM, unc..  |   .9196463   .1626318    -0.47   0.636     .6502688    1.300615
2021-07-20T15:49:31.854518400Z T2DM, con..  |   1.002541   .0323028     0.08   0.937     .9411866    1.067895
2021-07-20T15:49:31.854760200Z T2DM, unc..  |   .9737127   .0687867    -0.38   0.706     .8478105    1.118312
2021-07-20T15:49:31.855064500Z Diabetes,..  |   .8021146   .4266302    -0.41   0.678      .282812    2.274967
2021-07-20T15:49:31.855077400Z              |
2021-07-20T15:49:31.855082500Z cancer_exh~t |
2021-07-20T15:49:31.855389500Z   Last year  |   .8068579   .1778353    -0.97   0.330     .5238273    1.242813
2021-07-20T15:49:31.855595000Z 2-5 years..  |   .8496509   .0943904    -1.47   0.142     .6834045    1.056339
2021-07-20T15:49:31.855874900Z    5+ years  |    .986508   .0314472    -0.43   0.670     .9267587    1.050109
2021-07-20T15:49:31.855887800Z              |
2021-07-20T15:49:31.855892700Z cancer_hae~t |
2021-07-20T15:49:31.856380500Z   Last year  |   1.045473   .1809873     0.26   0.797     .7446584    1.467807
2021-07-20T15:49:31.856844200Z 2-5 years..  |   .9245696   .1000014    -0.73   0.468      .747952    1.142893
2021-07-20T15:49:31.857177400Z    5+ years  |   .9973976   .0335256    -0.08   0.938     .9338063    1.065319
2021-07-20T15:49:31.857193200Z              |
2021-07-20T15:49:31.858256400Z 1.~r_disease |   .9834608   .0318762    -0.51   0.607     .9229278    1.047964
2021-07-20T15:49:31.858587300Z 1.stroke_d~a |   1.011631   .0311941     0.38   0.708     .9523029    1.074656
2021-07-20T15:49:31.858893300Z 1.other_ne~o |   1.000096   .0319228     0.00   0.998     .9394452    1.064662
2021-07-20T15:49:31.858904400Z              |
2021-07-20T15:49:31.858907300Z reduced_ki~t |
2021-07-20T15:49:31.859257200Z Stage 3a/..  |   .9843773   .1862903    -0.08   0.934     .6793199    1.426425
2021-07-20T15:49:31.859620500Z       1.esrd |   1.028719   .0270181     1.08   0.281     .9771044     1.08306
2021-07-20T15:49:31.859870200Z 1.other_tr~t |   .9853381   .0324137    -0.45   0.653      .923813    1.050961
2021-07-20T15:49:31.860203800Z   1.asplenia |   .9891053   .0313263    -0.35   0.729     .9295737    1.052449
2021-07-20T15:49:31.860640600Z 1.ra_sle_p~s |   .9690779   .0317655    -0.96   0.338     .9087765    1.033381
2021-07-20T15:49:31.869595000Z 1.other_im~o |   1.000446   .0269246     0.02   0.987     .9490425    1.054634
2021-07-20T15:49:31.869618200Z ------------------------------------------------------------------------------
2021-07-20T15:49:31.869753800Z                                                              Stratified by stp
2021-07-20T15:49:31.898109300Z (note: file ./output/an_sense_covid_tpp_prob_age_underlying_timescale_ageband_0
2021-07-20T15:49:31.898133600Z > MAIN.ster not found)
2021-07-20T15:49:31.898137700Z file ./output/an_sense_covid_tpp_prob_age_underlying_timescale_ageband_0MAIN.st
2021-07-20T15:49:31.898140600Z > er saved
2021-07-20T15:49:31.988137300Z -> stset stime_covid_tpp_prob, id(patient_id) failure(covid_tpp_prob)
2021-07-20T15:49:31.988159700Z                                enter(time enter_date) origin(time dob)
2021-07-20T15:49:31.988163600Z                                scale(365.25)
2021-07-20T15:49:31.988174000Z 
2021-07-20T15:49:31.988329800Z                 id:  patient_id
2021-07-20T15:49:31.988343300Z      failure event:  covid_tpp_prob != 0 & covid_tpp_prob < .
2021-07-20T15:49:31.988347200Z obs. time interval:  (stime_covid_tpp_prob[_n-1], stime_covid_tpp_prob]
2021-07-20T15:49:31.988349800Z  enter on or after:  time enter_date
2021-07-20T15:49:31.988352200Z  exit on or before:  failure
2021-07-20T15:49:31.988354400Z     t for analysis:  (time-origin)/365.25
2021-07-20T15:49:31.988356900Z             origin:  time dob
2021-07-20T15:49:31.988359100Z 
2021-07-20T15:49:31.988361200Z ------------------------------------------------------------------------------
2021-07-20T15:49:31.988363700Z       4,494  total observations
2021-07-20T15:49:31.988618100Z           0  exclusions
2021-07-20T15:49:31.988628300Z ------------------------------------------------------------------------------
2021-07-20T15:49:31.988631700Z       4,494  observations remaining, representing
2021-07-20T15:49:31.996608300Z       4,494  subjects
2021-07-20T15:49:32.004257900Z       1,733  failures in single-failure-per-subject data
2021-07-20T15:49:32.018159200Z   1,792.964  total analysis time at risk and under observation
2021-07-20T15:49:32.018176900Z                                                 at risk from t =         0
2021-07-20T15:49:32.018444300Z                                      earliest observed entry t =        66
2021-07-20T15:49:32.018744000Z                                           last observed exit t =  109.4517
2021-07-20T15:49:35.424264200Z    1:      3.41 /        1 =       3.4050
2021-07-20T15:49:35.424288300Z 
2021-07-20T15:49:35.424294100Z -------------------------------------------------------------------------------
2021-07-20T15:49:35.424298600Z active results
2021-07-20T15:49:35.424302900Z -------------------------------------------------------------------------------
2021-07-20T15:49:35.426794500Z 
2021-07-20T15:49:35.426820200Z Stratified Cox regr. -- Breslow method for ties
2021-07-20T15:49:35.426835600Z 
2021-07-20T15:49:35.426841900Z No. of subjects      =        4,494             Number of obs    =       4,494
2021-07-20T15:49:35.426846700Z No. of failures      =        1,733
2021-07-20T15:49:35.426948300Z Time at risk         =  1792.963723
2021-07-20T15:49:35.426966300Z                                                 Wald chi2(39)    =     1335.60
2021-07-20T15:49:35.427040500Z Log pseudolikelihood =   -4413.1802             Prob > chi2      =      0.0000
2021-07-20T15:49:35.427054100Z 
2021-07-20T15:49:35.438373000Z                          (Std. Err. adjusted for 914 clusters in household_id)
2021-07-20T15:49:35.438392900Z ------------------------------------------------------------------------------
2021-07-20T15:49:35.438407300Z              |               Robust
2021-07-20T15:49:35.438410000Z           _t | Haz. Ratio   Std. Err.      z    P>|z|     [95% Conf. Interval]
2021-07-20T15:49:35.438412700Z -------------+----------------------------------------------------------------
2021-07-20T15:49:35.438415100Z    kids_cat4 |
2021-07-20T15:49:35.438511200Z only <12 ..  |   .8318105   .1442504    -1.06   0.288     .5921221    1.168524
2021-07-20T15:49:35.438685700Z  only 12-18  |   .8045128   .1734773    -1.01   0.313     .5272155    1.227659
2021-07-20T15:49:35.438902700Z       mixed  |   .8661051   .1361276    -0.91   0.360      .636481    1.178571
2021-07-20T15:49:35.438911200Z              |
2021-07-20T15:49:35.439082100Z         age1 |   1.224349          .        .       .            .           .
2021-07-20T15:49:35.439282300Z         age2 |   .7445815          .        .       .            .           .
2021-07-20T15:49:35.439493700Z         age3 |   1.471953          .        .       .            .           .
2021-07-20T15:49:35.439716000Z       1.male |   .9852673   .0492935    -0.30   0.767     .8932396    1.086776
2021-07-20T15:49:35.439726100Z              |
2021-07-20T15:49:35.439729000Z    obese4cat |
2021-07-20T15:49:35.439950500Z Obese I ..)  |   .9951675   .0681802    -0.07   0.944     .8701203    1.138186
2021-07-20T15:49:35.440129900Z Obese II..)  |   .8953135   .0832179    -1.19   0.234     .7462038    1.074219
2021-07-20T15:49:35.440348900Z Obese II..)  |   1.106231   .1227858     0.91   0.363     .8899527     1.37507
2021-07-20T15:49:35.440358300Z              |
2021-07-20T15:49:35.440361000Z smoke_nomiss |
2021-07-20T15:49:35.440686100Z      Former  |   .8617142   .1546577    -0.83   0.407      .606167    1.224995
2021-07-20T15:49:35.440939200Z     Current  |   .9517671   .0698175    -0.67   0.500     .8243095    1.098933
2021-07-20T15:49:35.440948300Z              |
2021-07-20T15:49:35.440950900Z          imd |
2021-07-20T15:49:35.441146700Z           4  |    1.00437   .0628282     0.07   0.944     .8884786    1.135378
2021-07-20T15:49:35.441523900Z 5 most de..  |   .9919306   .0807735    -0.10   0.921     .8456048    1.163577
2021-07-20T15:49:35.441535800Z              |
2021-07-20T15:49:35.441540400Z tot_adults~h |
2021-07-20T15:49:35.441908500Z           2  |   1.069574    .425939     0.17   0.866     .4900441    2.334462
2021-07-20T15:49:35.442271400Z           3  |   .8735699   .3163201    -0.37   0.709     .4296127    1.776308
2021-07-20T15:49:35.442314200Z              |
2021-07-20T15:49:35.442319500Z    ethnicity |
2021-07-20T15:49:35.442593200Z Asian or ..  |   1.062424   .0809655     0.79   0.427     .9150169    1.233577
2021-07-20T15:49:35.442877800Z       Other  |   1.035584    .081934     0.44   0.659     .8868284    1.209293
2021-07-20T15:49:35.442898200Z              |
2021-07-20T15:49:35.443175800Z 1.htdiag_o~p |   1.038714    .090328     0.44   0.662     .8759399    1.231736
2021-07-20T15:49:35.443440100Z 1.~y_disease |   .9923984   .0609427    -0.12   0.901     .8798612    1.119329
2021-07-20T15:49:35.443733100Z     1.asthma |   .8758955   .0853737    -1.36   0.174     .7235783    1.060276
2021-07-20T15:49:35.444014500Z 1.~c_disease |   1.010923   .0622913     0.18   0.860     .8959185     1.14069
2021-07-20T15:49:35.444026700Z              |
2021-07-20T15:49:35.444031600Z      diabcat |
2021-07-20T15:49:35.444255600Z T1DM, con..  |   .8456038   .1676232    -0.85   0.398     .5733688    1.247096
2021-07-20T15:49:35.444446500Z T1DM, unc..  |   .9307974   .3266822    -0.20   0.838     .4678522    1.851832
2021-07-20T15:49:35.444691900Z T2DM, con..  |   .9534727   .0652317    -0.70   0.486     .8338222    1.090293
2021-07-20T15:49:35.444881000Z T2DM, unc..  |   1.043396    .129389     0.34   0.732     .8182643    1.330468
2021-07-20T15:49:35.445213500Z Diabetes,..  |   8.05e-17   8.52e-17   -35.00   0.000     1.01e-17    6.41e-16
2021-07-20T15:49:35.445225800Z              |
2021-07-20T15:49:35.445230800Z cancer_exh~t |
2021-07-20T15:49:35.445463800Z   Last year  |    .629607   .2780079    -1.05   0.295      .264981    1.495975
2021-07-20T15:49:35.445726100Z 2-5 years..  |   .7289781   .1660534    -1.39   0.165      .466466    1.139224
2021-07-20T15:49:35.446003400Z    5+ years  |   1.036715   .0642637     0.58   0.561     .9181109     1.17064
2021-07-20T15:49:35.446032200Z              |
2021-07-20T15:49:35.446038900Z cancer_hae~t |
2021-07-20T15:49:35.446277700Z   Last year  |   .3626674   .2578074    -1.43   0.154     .0900367    1.460823
2021-07-20T15:49:35.446502200Z 2-5 years..  |   .8677368   .1793929    -0.69   0.493     .5786467    1.301255
2021-07-20T15:49:35.446819700Z    5+ years  |   1.022949   .0638611     0.36   0.716     .9051376    1.156093
2021-07-20T15:49:35.446831900Z              |
2021-07-20T15:49:35.447128700Z 1.~r_disease |   .9804649   .0620831    -0.31   0.755     .8660319    1.110018
2021-07-20T15:49:35.447437500Z 1.stroke_d~a |    1.04705   .0627515     0.77   0.443     .9310081    1.177555
2021-07-20T15:49:35.447724200Z 1.other_ne~o |   1.070786   .0656852     1.11   0.265     .9494833    1.207585
2021-07-20T15:49:35.447736900Z              |
2021-07-20T15:49:35.447741700Z reduced_ki~t |
2021-07-20T15:49:35.448026600Z Stage 3a/..  |   1.197163   .1357839     1.59   0.113     .9585372    1.495195
2021-07-20T15:49:35.448286200Z       1.esrd |   .9822304   .0482206    -0.37   0.715     .8921244    1.081437
2021-07-20T15:49:35.448537000Z 1.other_tr~t |   .9796219   .0601795    -0.34   0.738     .8684965    1.104966
2021-07-20T15:49:35.448790000Z   1.asplenia |   1.088256   .0675922     1.36   0.173     .9635242    1.229136
2021-07-20T15:49:35.449058700Z 1.ra_sle_p~s |   1.027185   .0631701     0.44   0.663     .9105448    1.158767
2021-07-20T15:49:35.450181300Z 1.other_im~o |   .9350462   .0472189    -1.33   0.184     .8469313    1.032329
2021-07-20T15:49:35.450192600Z ------------------------------------------------------------------------------
2021-07-20T15:49:35.450374100Z                                                              Stratified by stp
2021-07-20T15:49:35.457516500Z (note: file ./output/an_sense_covid_tpp_prob_age_underlying_timescale_ageband_1
2021-07-20T15:49:35.457535300Z > MAIN.ster not found)
2021-07-20T15:49:35.457540800Z file ./output/an_sense_covid_tpp_prob_age_underlying_timescale_ageband_1MAIN.st
2021-07-20T15:49:35.457545800Z > er saved
2021-07-20T15:49:35.457760500Z 
2021-07-20T15:49:35.457773800Z . 
2021-07-20T15:49:35.457778600Z . log close
2021-07-20T15:49:35.457782500Z       name:  <unnamed>
2021-07-20T15:49:35.457787200Z        log:  /workspace/log/07d_an_multivariable_cox_models_covid_tpp_prob_Sens
2021-07-20T15:49:35.457791000Z > e4_agetimescaleMAIN.log
2021-07-20T15:49:35.457794700Z   log type:  text
2021-07-20T15:49:35.457798600Z  closed on:  20 Jul 2021, 15:49:35
2021-07-20T15:49:35.457802200Z -------------------------------------------------------------------------------
2021-07-20T15:49:35.457806200Z 
2021-07-20T15:49:35.457809600Z . 
2021-07-20T15:49:35.457813200Z . 
2021-07-20T15:49:35.457816900Z . 
2021-07-20T15:49:35.457819200Z . exit, clear
2021-07-20T15:49:35.457955200Z 
2021-07-20T15:49:35.457966900Z end of do-file
2021-07-20T15:49:35.457971800Z 
2021-07-20T15:49:35.457975600Z . . file open output using "/tmp/tmp.ten96ehces", write text replace
2021-07-20T15:49:35.457979700Z 
2021-07-20T15:49:35.457983000Z . . file write output "success" 
2021-07-20T15:49:35.457987100Z 
2021-07-20T15:49:35.457990800Z . . file close output
2021-07-20T15:49:35.458129300Z 
2021-07-20T15:49:35.458141200Z . 
2021-07-20T15:49:35.458146100Z end of do-file
2021-07-20T15:49:35.458150400Z 
2021-07-20T15:49:35.458153200Z 
2021-07-20T15:49:35.480269400Z . 

state: succeeded
commit: none
docker_image_id: sha256:11980aa720220a1b39bf523f5a8a33270214c13876c30ee364e16265766f7f60
exit_code: 0
job_id: ynbhuibbecjlmwjd
run_by_user: qc18278
created_at: 2021-07-20T15:38:48Z
started_at: 2021-07-20T15:49:24Z
completed_at: 2021-07-20T15:50:02Z

Completed successfully

outputs:
  log/07d_an_multivariable_cox_models_covid_tpp_prob_Sense4_agetimescaleMAIN.log  - moderately_sensitive
  output/an_sense_covid_tpp_prob_age_underlying_timescale_ageband_0MAIN.ster      - moderately_sensitive
  output/an_sense_covid_tpp_prob_age_underlying_timescale_ageband_1MAIN.ster      - moderately_sensitive