2021-07-20T15:50:22.970979100Z 
2021-07-20T15:50:22.971002200Z   ___  ____  ____  ____  ____ (R)
2021-07-20T15:50:22.971005500Z  /__    /   ____/   /   ____/
2021-07-20T15:50:22.971007700Z ___/   /   /___/   /   /___/   16.1   Copyright 1985-2019 StataCorp LLC
2021-07-20T15:50:22.971009800Z   Statistics/Data Analysis            StataCorp
2021-07-20T15:50:22.971011700Z                                       4905 Lakeway Drive
2021-07-20T15:50:22.971014400Z                                       College Station, Texas 77845 USA
2021-07-20T15:50:22.971016600Z                                       800-STATA-PC        http://www.stata.com
2021-07-20T15:50:22.971018700Z                                       979-696-4600        stata@stata.com
2021-07-20T15:50:22.971020700Z                                       979-696-4601 (fax)
2021-07-20T15:50:22.971022700Z 
2021-07-20T15:50:22.971024500Z 3-user Stata network license expires 11 May 2022:
2021-07-20T15:50:22.971026500Z        Serial number:  501709312237
2021-07-20T15:50:22.971028400Z          Licensed to:  The Bennett Institute
2021-07-20T15:50:22.971030500Z                        Oxford University
2021-07-20T15:50:22.971480700Z 
2021-07-20T15:50:22.971489400Z Notes:
2021-07-20T15:50:22.971491900Z       1.  Unicode is supported; see help unicode_advice.
2021-07-20T15:50:22.971493900Z 
2021-07-20T15:50:22.971496100Z . do "analysis/07d_an_multivariable_cox_models_FULL_Sense4.wrapper.do" covid_de
2021-07-20T15:50:22.971498500Z > ath W2 
2021-07-20T15:50:22.971500700Z 
2021-07-20T15:50:22.971502700Z . . do "analysis/07d_an_multivariable_cox_models_FULL_Sense4.do" covid_death W2
2021-07-20T15:50:22.971504900Z 
2021-07-20T15:50:22.971506700Z . *****************************************************************************
2021-07-20T15:50:22.971508800Z > ***
2021-07-20T15:50:22.971510700Z . *
2021-07-20T15:50:22.971512600Z . *       Do-file:                07d_an_multivariable_cox_models_Sense4.do
2021-07-20T15:50:22.971514900Z . *
2021-07-20T15:50:22.971516900Z . *       Project:                Exposure children and COVID risk
2021-07-20T15:50:22.971519000Z . *
2021-07-20T15:50:22.971521100Z . *       Programmed by:  Hforbes, based on files from Fizz & Krishnan
2021-07-20T15:50:22.971523200Z . *
2021-07-20T15:50:22.971525100Z . *       Data used:              analysis_dataset.dta
2021-07-20T15:50:22.971527000Z . *
2021-07-20T15:50:22.971529000Z . *       Data created:   None
2021-07-20T15:50:22.971531100Z . *
2021-07-20T15:50:22.971533000Z . *       Other output:   Log file:  07b_an_multivariable_cox_models_`outcome'.
2021-07-20T15:50:22.971535300Z > log
2021-07-20T15:50:22.971543200Z . *
2021-07-20T15:50:22.971545400Z . *****************************************************************************
2021-07-20T15:50:22.971547600Z > ***
2021-07-20T15:50:22.971549800Z . *
2021-07-20T15:50:22.971551800Z . *       Purpose:                This do-file performs multivariable (fully ad
2021-07-20T15:50:22.971554100Z > justed) 
2021-07-20T15:50:22.971556300Z . *                                       Cox models, with age as the underlyin
2021-07-20T15:50:22.971558500Z > g timescale
2021-07-20T15:50:22.971560700Z . *  
2021-07-20T15:50:22.971562900Z . *****************************************************************************
2021-07-20T15:50:22.971565100Z > ***
2021-07-20T15:50:22.971567200Z . *       
2021-07-20T15:50:22.971569100Z . *       Stata routines needed:  stbrier   
2021-07-20T15:50:22.971571300Z . *
2021-07-20T15:50:22.971573300Z . *****************************************************************************
2021-07-20T15:50:22.971575400Z > ***
2021-07-20T15:50:22.971577400Z . 
2021-07-20T15:50:22.971579300Z . * Set globals that will print in programs and direct output
2021-07-20T15:50:22.971581300Z . global outdir     "output" 
2021-07-20T15:50:22.971585400Z 
2021-07-20T15:50:22.971587400Z . global logdir     "log"
2021-07-20T15:50:22.971589600Z 
2021-07-20T15:50:22.971591500Z . global tempdir    "tempdata"
2021-07-20T15:50:22.971593600Z 
2021-07-20T15:50:22.971595600Z . global demogadjlist  age1 age2 age3 i.male i.obese4cat i.smoke_nomiss i.imd i
2021-07-20T15:50:22.971597700Z > .tot_adults_hh i.ethnicity
2021-07-20T15:50:22.971599700Z 
2021-07-20T15:50:22.971650600Z . global comordidadjlist  i.htdiag_or_highbp                              ///
2021-07-20T15:50:22.971662500Z >                         i.chronic_respiratory_disease   ///
2021-07-20T15:50:22.971665700Z >                         i.asthma                                             
2021-07-20T15:50:22.971667900Z >    ///
2021-07-20T15:50:22.971669900Z >                         i.chronic_cardiac_disease               ///
2021-07-20T15:50:22.971671900Z >                         i.diabcat                                            
2021-07-20T15:50:22.971673900Z >    ///
2021-07-20T15:50:22.971676000Z >                         i.cancer_exhaem_cat                             ///
2021-07-20T15:50:22.971678200Z >                         i.cancer_haem_cat                               ///
2021-07-20T15:50:22.971680300Z >                         i.chronic_liver_disease                 ///
2021-07-20T15:50:22.971682500Z >                         i.stroke_dementia                               ///
2021-07-20T15:50:22.971690900Z >                         i.other_neuro                                   ///
2021-07-20T15:50:22.971693300Z >                         i.reduced_kidney_function_cat   ///
2021-07-20T15:50:22.971695400Z >                         i.esrd                                               
2021-07-20T15:50:22.971697500Z >    ///
2021-07-20T15:50:22.971699600Z >                         i.other_transplant                              ///
2021-07-20T15:50:22.971701700Z >                         i.asplenia                                           
2021-07-20T15:50:22.971703900Z >    ///
2021-07-20T15:50:22.971705900Z >                         i.ra_sle_psoriasis                      ///
2021-07-20T15:50:22.971708100Z >                         i.other_immuno          
2021-07-20T15:50:22.971710300Z 
2021-07-20T15:50:22.971712200Z . 
2021-07-20T15:50:22.971714200Z . local outcome `1' 
2021-07-20T15:50:22.971716500Z 
2021-07-20T15:50:22.971718500Z . local dataset `2'
2021-07-20T15:50:22.971720700Z 
2021-07-20T15:50:22.971722700Z . 
2021-07-20T15:50:22.971724500Z . 
2021-07-20T15:50:22.971726500Z . *****************************************************************************
2021-07-20T15:50:22.971728600Z > *******
2021-07-20T15:50:22.971730500Z . *First clean up all old saved estimates for this outcome
2021-07-20T15:50:22.971732600Z . *This is to guard against accidentally displaying left-behind results from ol
2021-07-20T15:50:22.971734800Z > d runs
2021-07-20T15:50:22.971736900Z . *****************************************************************************
2021-07-20T15:50:22.971739100Z > *******
2021-07-20T15:50:22.971740900Z . 
2021-07-20T15:50:22.971742700Z . * Open a log file
2021-07-20T15:50:22.971744600Z . capture log close
2021-07-20T15:50:22.971746500Z 
2021-07-20T15:50:22.971748600Z . log using "$logdir/07d_an_multivariable_cox_models_`outcome'_Sense4_agetimesc
2021-07-20T15:50:22.971750900Z > ale`dataset'", text replace
2021-07-20T15:50:22.971794200Z (note: file /workspace/log/07d_an_multivariable_cox_models_covid_death_Sense4_a
2021-07-20T15:50:22.971806000Z > getimescaleW2.log not found)
2021-07-20T15:50:22.971810600Z -------------------------------------------------------------------------------
2021-07-20T15:50:22.971814100Z       name:  <unnamed>
2021-07-20T15:50:22.971817600Z        log:  /workspace/log/07d_an_multivariable_cox_models_covid_death_Sense4_
2021-07-20T15:50:22.971821400Z > agetimescaleW2.log
2021-07-20T15:50:22.971824900Z   log type:  text
2021-07-20T15:50:22.971828500Z  opened on:  20 Jul 2021, 15:50:22
2021-07-20T15:50:22.971852700Z 
2021-07-20T15:50:22.971857700Z . 
2021-07-20T15:50:22.971861000Z . 
2021-07-20T15:50:22.971864400Z . *****************************************************************************
2021-07-20T15:50:22.971867800Z > ********
2021-07-20T15:50:22.971871100Z . *PROG TO DEFINE THE BASIC COX MODEL WITH OPTIONS FOR HANDLING OF AGE, BMI, ET
2021-07-20T15:50:22.971874700Z > HNICITY:
2021-07-20T15:50:22.971878500Z . cap prog drop basecoxmodel
2021-07-20T15:50:22.971882000Z 
2021-07-20T15:50:22.971885100Z . prog define basecoxmodel
2021-07-20T15:50:22.971956700Z   1.         syntax , exposure(string) age(string)
2021-07-20T15:50:22.971968100Z   2. timer clear
2021-07-20T15:50:22.971972600Z   3. timer on 1
2021-07-20T15:50:22.971976300Z   4.         capture stcox   `exposure'                      ///
2021-07-20T15:50:22.971979500Z >                         $demogadjlist                           ///
2021-07-20T15:50:22.971983100Z >                         $comordidadjlist                ///
2021-07-20T15:50:22.971986500Z >                         , strata(stp) vce(cluster household_id)
2021-07-20T15:50:22.971990600Z   5. timer off 1
2021-07-20T15:50:22.971993800Z   6. timer list
2021-07-20T15:50:22.971996800Z   7. end
2021-07-20T15:50:22.971999600Z 
2021-07-20T15:50:22.972062400Z . *****************************************************************************
2021-07-20T15:50:22.972073000Z > ********
2021-07-20T15:50:22.972077700Z . 
2021-07-20T15:50:22.972081000Z . 
2021-07-20T15:50:22.972084200Z . * Open dataset and fit specified model(s)
2021-07-20T15:50:22.972087900Z . forvalues x=0/1 {
2021-07-20T15:50:22.972091300Z   2. 
2021-07-20T15:50:22.972094500Z . use "$tempdir/cr_create_analysis_dataset_STSET_`outcome'_ageband_`x'`dataset'
2021-07-20T15:50:22.972098000Z > .dta", clear
2021-07-20T15:50:22.972101200Z   3. 
2021-07-20T15:50:22.972104300Z . *reset underlying timescale to age
2021-07-20T15:50:22.972107700Z . gen dob=d(01feb2020)-(age*365.25)
2021-07-20T15:50:22.972111300Z   4. format dob %td
2021-07-20T15:50:22.972114600Z   5. *list age dob in 1/20
2021-07-20T15:50:22.972117900Z . streset, origin(dob) scale(365.25) 
2021-07-20T15:50:22.972124000Z   6. 
2021-07-20T15:50:22.972128400Z . 
2021-07-20T15:50:22.972131700Z . ******************************
2021-07-20T15:50:22.972134800Z . *  Multivariable Cox models  *
2021-07-20T15:50:22.972139200Z . ******************************
2021-07-20T15:50:22.972142400Z . 
2021-07-20T15:50:22.972153100Z . 
2021-07-20T15:50:22.972157300Z . 
2021-07-20T15:50:22.972160800Z . foreach exposure_type in kids_cat4  {
2021-07-20T15:50:22.972164200Z   7. 
2021-07-20T15:50:22.972230500Z . *Age spline model (not adj ethnicity)
2021-07-20T15:50:22.972241400Z . basecoxmodel, exposure("i.`exposure_type'") age("age1 age2 age3")
2021-07-20T15:50:22.972245900Z   8. if _rc==0{
2021-07-20T15:50:22.972249400Z   9. estimates
2021-07-20T15:50:22.972252900Z  10. estimates save ./output/an_sense_`outcome'_age_underlying_timescale_ageban
2021-07-20T15:50:22.972255300Z > d_`x'`dataset', replace
2021-07-20T15:50:22.972257400Z  11. *estat concordance /*c-statistic*/
2021-07-20T15:50:22.972259500Z .         /*  Proportional Hazards test  
2021-07-20T15:50:22.972261500Z >         * Based on Schoenfeld residuals
2021-07-20T15:50:22.972263400Z >         timer clear 
2021-07-20T15:50:22.972265400Z >         timer on 1
2021-07-20T15:50:22.972267400Z >         if e(N_fail)>0 estat phtest, d
2021-07-20T15:50:22.972269400Z >         timer off 1
2021-07-20T15:50:22.972271500Z >         timer list*/
2021-07-20T15:50:22.972273500Z . }
2021-07-20T15:50:22.972275500Z  12. else di "WARNING AGE SPLINE MODEL DID NOT FIT (OUTCOME `outcome')"
2021-07-20T15:50:22.972277700Z  13. 
2021-07-20T15:50:22.972279800Z . }
2021-07-20T15:50:22.972281600Z  14. }
2021-07-20T15:50:23.221651700Z -> stset stime_covid_death, id(patient_id) failure(covid_death) enter(time
2021-07-20T15:50:23.221672700Z                             enter_date) origin(time dob) scale(365.25)
2021-07-20T15:50:23.221675500Z 
2021-07-20T15:50:23.221677600Z                 id:  patient_id
2021-07-20T15:50:23.221679700Z      failure event:  covid_death != 0 & covid_death < .
2021-07-20T15:50:23.221681800Z obs. time interval:  (stime_covid_death[_n-1], stime_covid_death]
2021-07-20T15:50:23.221705200Z  enter on or after:  time enter_date
2021-07-20T15:50:23.221712400Z  exit on or before:  failure
2021-07-20T15:50:23.221716300Z     t for analysis:  (time-origin)/365.25
2021-07-20T15:50:23.221719400Z             origin:  time dob
2021-07-20T15:50:23.221762900Z 
2021-07-20T15:50:23.221775200Z ------------------------------------------------------------------------------
2021-07-20T15:50:23.221779600Z      16,235  total observations
2021-07-20T15:50:23.222504300Z           0  exclusions
2021-07-20T15:50:23.222517500Z ------------------------------------------------------------------------------
2021-07-20T15:50:23.222520500Z      16,235  observations remaining, representing
2021-07-20T15:50:23.252437400Z      16,235  subjects
2021-07-20T15:50:23.279377300Z       2,597  failures in single-failure-per-subject data
2021-07-20T15:50:23.326411200Z   4,163.896  total analysis time at risk and under observation
2021-07-20T15:50:23.326429900Z                                                 at risk from t =         0
2021-07-20T15:50:23.327359200Z                                      earliest observed entry t =  18.58316
2021-07-20T15:50:23.328188100Z                                           last observed exit t =  65.87885
2021-07-20T15:50:26.392181600Z    1:      3.06 /        1 =       3.0630
2021-07-20T15:50:26.394046700Z 
2021-07-20T15:50:26.394064000Z -------------------------------------------------------------------------------
2021-07-20T15:50:26.394088000Z active results
2021-07-20T15:50:26.394096200Z -------------------------------------------------------------------------------
2021-07-20T15:50:26.395436100Z 
2021-07-20T15:50:26.395449100Z Stratified Cox regr. -- Breslow method for ties
2021-07-20T15:50:26.395452700Z 
2021-07-20T15:50:26.395455200Z No. of subjects      =       16,235             Number of obs    =      16,235
2021-07-20T15:50:26.395457700Z No. of failures      =        2,597
2021-07-20T15:50:26.395460200Z Time at risk         =  4163.895962
2021-07-20T15:50:26.395462700Z                                                 Wald chi2(41)    =       83.45
2021-07-20T15:50:26.395608200Z Log pseudolikelihood =   -8805.9676             Prob > chi2      =      0.0001
2021-07-20T15:50:26.395620500Z 
2021-07-20T15:50:26.451310700Z                        (Std. Err. adjusted for 1,121 clusters in household_id)
2021-07-20T15:50:26.451336200Z ------------------------------------------------------------------------------
2021-07-20T15:50:26.451340700Z              |               Robust
2021-07-20T15:50:26.451343300Z           _t | Haz. Ratio   Std. Err.      z    P>|z|     [95% Conf. Interval]
2021-07-20T15:50:26.451346100Z -------------+----------------------------------------------------------------
2021-07-20T15:50:26.451348600Z    kids_cat4 |
2021-07-20T15:50:26.459937200Z only <12 ..  |   1.234438   .1773992     1.47   0.143     .9314179    1.636041
2021-07-20T15:50:26.460208500Z  only 12-18  |   1.132093   .2229158     0.63   0.529     .7696187    1.665286
2021-07-20T15:50:26.460564200Z       mixed  |   1.204937   .1641441     1.37   0.171     .9225886    1.573694
2021-07-20T15:50:26.460575800Z              |
2021-07-20T15:50:26.460713900Z         age1 |   1.031995          .        .       .            .           .
2021-07-20T15:50:26.460895200Z         age2 |   1.051236   .0251041     2.09   0.036     1.003167    1.101609
2021-07-20T15:50:26.461233300Z         age3 |   1.218742   .3073361     0.78   0.433      .743464    1.997852
2021-07-20T15:50:26.461384100Z       1.male |   1.001238   .0400538     0.03   0.975     .9257328    1.082902
2021-07-20T15:50:26.461406800Z              |
2021-07-20T15:50:26.461410600Z    obese4cat |
2021-07-20T15:50:26.461713300Z Obese I ..)  |   .9751362   .0562829    -0.44   0.663     .8708345     1.09193
2021-07-20T15:50:26.461728000Z Obese II..)  |   .9665311   .0725986    -0.45   0.650     .8342187    1.119829
2021-07-20T15:50:26.462055800Z Obese II..)  |   .9882411   .0823342    -0.14   0.887     .8393556    1.163536
2021-07-20T15:50:26.462068900Z              |
2021-07-20T15:50:26.462073600Z smoke_nomiss |
2021-07-20T15:50:26.462290300Z      Former  |   .9411849   .1353615    -0.42   0.673     .7099943    1.247657
2021-07-20T15:50:26.462621400Z     Current  |   .9208602   .0558962    -1.36   0.174     .8175715    1.037198
2021-07-20T15:50:26.462632600Z              |
2021-07-20T15:50:26.462637100Z          imd |
2021-07-20T15:50:26.462905000Z           4  |   .9160465   .0445652    -1.80   0.071     .8327355    1.007692
2021-07-20T15:50:26.463106200Z 5 most de..  |   .9731361   .0638901    -0.41   0.678     .8556358    1.106772
2021-07-20T15:50:26.463115000Z              |
2021-07-20T15:50:26.463117400Z tot_adults~h |
2021-07-20T15:50:26.463332300Z           2  |    .988578   .3044002    -0.04   0.970     .5406439    1.807634
2021-07-20T15:50:26.463540900Z           3  |   .7167338   .1692617    -1.41   0.158     .4511704     1.13861
2021-07-20T15:50:26.463550300Z              |
2021-07-20T15:50:26.463552800Z    ethnicity |
2021-07-20T15:50:26.463803300Z Asian or ..  |   .9040809   .0636711    -1.43   0.152     .7875176    1.037897
2021-07-20T15:50:26.464026100Z       Other  |   1.021607   .0676051     0.32   0.747     .8973366    1.163088
2021-07-20T15:50:26.464034800Z              |
2021-07-20T15:50:26.464285200Z 1.htdiag_o~p |   .9637829   .0699859    -0.51   0.611     .8359273    1.111194
2021-07-20T15:50:26.464475700Z 1.~y_disease |   .8907362   .0448068    -2.30   0.021     .8071068     .983031
2021-07-20T15:50:26.464729900Z     1.asthma |   1.009381   .0722512     0.13   0.896     .8772557    1.161405
2021-07-20T15:50:26.464979200Z 1.~c_disease |   .9686385   .0461762    -0.67   0.504     .8822343    1.063505
2021-07-20T15:50:26.464987900Z              |
2021-07-20T15:50:26.464990300Z      diabcat |
2021-07-20T15:50:26.465247600Z T1DM, con..  |   1.189276   .1394474     1.48   0.139      .945096    1.496544
2021-07-20T15:50:26.465446400Z T1DM, unc..  |   .8495384   .2182919    -0.63   0.526     .5134094    1.405731
2021-07-20T15:50:26.465634800Z T2DM, con..  |   .9140111   .0498545    -1.65   0.099     .8213399    1.017138
2021-07-20T15:50:26.465852700Z T2DM, unc..  |   1.197285   .1216689     1.77   0.076     .9810656    1.461158
2021-07-20T15:50:26.466097100Z Diabetes,..  |   1.185546   .8782789     0.23   0.818     .2775427     5.06416
2021-07-20T15:50:26.466116600Z              |
2021-07-20T15:50:26.466120300Z cancer_exh~t |
2021-07-20T15:50:26.466326600Z   Last year  |   .9598857   .3092625    -0.13   0.899      .510474    1.804951
2021-07-20T15:50:26.466608600Z 2-5 years..  |   .8767803   .1480725    -0.78   0.436     .6297063    1.220797
2021-07-20T15:50:26.466841300Z    5+ years  |   1.024165   .0523176     0.47   0.640     .9265909    1.132015
2021-07-20T15:50:26.466852400Z              |
2021-07-20T15:50:26.466856500Z cancer_hae~t |
2021-07-20T15:50:26.467069500Z   Last year  |    1.14413   .3597432     0.43   0.668     .6177835     2.11892
2021-07-20T15:50:26.467258500Z 2-5 years..  |   1.178024   .1684732     1.15   0.252     .8900639    1.559148
2021-07-20T15:50:26.467532000Z    5+ years  |   .9962649   .0505489    -0.07   0.941     .9019577    1.100433
2021-07-20T15:50:26.467542700Z              |
2021-07-20T15:50:26.467773800Z 1.~r_disease |   1.033279   .0504949     0.67   0.503     .9389024    1.137142
2021-07-20T15:50:26.468053200Z 1.stroke_d~a |   .9569416   .0469421    -0.90   0.370     .8692212    1.053515
2021-07-20T15:50:26.468321500Z 1.other_ne~o |   .9748169   .0507889    -0.49   0.624     .8801865    1.079621
2021-07-20T15:50:26.468332500Z              |
2021-07-20T15:50:26.468336700Z reduced_ki~t |
2021-07-20T15:50:26.468592700Z Stage 3a/..  |   1.141928    .346531     0.44   0.662     .6299875    2.069882
2021-07-20T15:50:26.468816500Z       1.esrd |   .9329748   .0387098    -1.67   0.095     .8601079    1.012015
2021-07-20T15:50:26.469037500Z 1.other_tr~t |   1.011912   .0489494     0.24   0.807     .9203802    1.112546
2021-07-20T15:50:26.469271900Z   1.asplenia |   .9893059    .047486    -0.22   0.823     .9004788    1.086895
2021-07-20T15:50:26.469525300Z 1.ra_sle_p~s |   1.036512   .0521259     0.71   0.476     .9392209    1.143882
2021-07-20T15:50:26.477707400Z 1.other_im~o |   1.076683   .0428818     1.86   0.064     .9958327    1.164097
2021-07-20T15:50:26.477726200Z ------------------------------------------------------------------------------
2021-07-20T15:50:26.477919800Z                                                              Stratified by stp
2021-07-20T15:50:26.501854800Z (note: file ./output/an_sense_covid_death_age_underlying_timescale_ageband_0W2.
2021-07-20T15:50:26.501872600Z > ster not found)
2021-07-20T15:50:26.501877200Z file ./output/an_sense_covid_death_age_underlying_timescale_ageband_0W2.ster sa
2021-07-20T15:50:26.501880000Z > ved
2021-07-20T15:50:26.573201900Z -> stset stime_covid_death, id(patient_id) failure(covid_death) enter(time
2021-07-20T15:50:26.573220900Z                             enter_date) origin(time dob) scale(365.25)
2021-07-20T15:50:26.573224200Z 
2021-07-20T15:50:26.573226700Z                 id:  patient_id
2021-07-20T15:50:26.573229100Z      failure event:  covid_death != 0 & covid_death < .
2021-07-20T15:50:26.573237700Z obs. time interval:  (stime_covid_death[_n-1], stime_covid_death]
2021-07-20T15:50:26.573240100Z  enter on or after:  time enter_date
2021-07-20T15:50:26.573242300Z  exit on or before:  failure
2021-07-20T15:50:26.573353900Z     t for analysis:  (time-origin)/365.25
2021-07-20T15:50:26.573365800Z             origin:  time dob
2021-07-20T15:50:26.573369900Z 
2021-07-20T15:50:26.573373200Z ------------------------------------------------------------------------------
2021-07-20T15:50:26.573376800Z       4,496  total observations
2021-07-20T15:50:26.573798100Z           0  exclusions
2021-07-20T15:50:26.573809100Z ------------------------------------------------------------------------------
2021-07-20T15:50:26.573812200Z       4,496  observations remaining, representing
2021-07-20T15:50:26.581047400Z       4,496  subjects
2021-07-20T15:50:26.588141800Z         713  failures in single-failure-per-subject data
2021-07-20T15:50:26.601795700Z   1,150.705  total analysis time at risk and under observation
2021-07-20T15:50:26.601823700Z                                                 at risk from t =         0
2021-07-20T15:50:26.602134100Z                                      earliest observed entry t =  66.58316
2021-07-20T15:50:26.602437100Z                                           last observed exit t =  107.8789
2021-07-20T15:50:27.226507300Z    1:      0.62 /        1 =       0.6230
2021-07-20T15:50:27.226530800Z 
2021-07-20T15:50:27.226534100Z -------------------------------------------------------------------------------
2021-07-20T15:50:27.226536700Z active results
2021-07-20T15:50:27.226539000Z -------------------------------------------------------------------------------
2021-07-20T15:50:27.227769400Z 
2021-07-20T15:50:27.227781900Z Stratified Cox regr. -- Breslow method for ties
2021-07-20T15:50:27.227787100Z 
2021-07-20T15:50:27.227791300Z No. of subjects      =        4,496             Number of obs    =       4,496
2021-07-20T15:50:27.227795800Z No. of failures      =          713
2021-07-20T15:50:27.227848900Z Time at risk         =  1150.704997
2021-07-20T15:50:27.227857800Z                                                 Wald chi2(39)    =       42.58
2021-07-20T15:50:27.227967000Z Log pseudolikelihood =   -1923.5387             Prob > chi2      =      0.3197
2021-07-20T15:50:27.227981800Z 
2021-07-20T15:50:27.237213500Z                          (Std. Err. adjusted for 912 clusters in household_id)
2021-07-20T15:50:27.237226000Z ------------------------------------------------------------------------------
2021-07-20T15:50:27.237229100Z              |               Robust
2021-07-20T15:50:27.237231500Z           _t | Haz. Ratio   Std. Err.      z    P>|z|     [95% Conf. Interval]
2021-07-20T15:50:27.237244600Z -------------+----------------------------------------------------------------
2021-07-20T15:50:27.237246900Z    kids_cat4 |
2021-07-20T15:50:27.237385200Z only <12 ..  |   .8306012   .2124984    -0.73   0.468     .5030647    1.371391
2021-07-20T15:50:27.237595100Z  only 12-18  |   .6534503   .2465195    -1.13   0.259     .3119535    1.368785
2021-07-20T15:50:27.237753100Z       mixed  |    .862045   .2057161    -0.62   0.534     .5400096    1.376127
2021-07-20T15:50:27.237761300Z              |
2021-07-20T15:50:27.237944200Z         age1 |   1.042033          .        .       .            .           .
2021-07-20T15:50:27.238144500Z         age2 |    .750658          .        .       .            .           .
2021-07-20T15:50:27.239823400Z         age3 |          1  (omitted)
2021-07-20T15:50:27.240051100Z       1.male |   1.035801   .0812994     0.45   0.654     .8881086    1.208055
2021-07-20T15:50:27.240060600Z              |
2021-07-20T15:50:27.240063100Z    obese4cat |
2021-07-20T15:50:27.240298300Z Obese I ..)  |   .8079479   .1004797    -1.71   0.086      .633176    1.030961
2021-07-20T15:50:27.240488300Z Obese II..)  |   .9479978   .1261878    -0.40   0.688     .7303047    1.230582
2021-07-20T15:50:27.240708000Z Obese II..)  |   1.078998   .1676893     0.49   0.625     .7956715    1.463213
2021-07-20T15:50:27.240721100Z              |
2021-07-20T15:50:27.240723800Z smoke_nomiss |
2021-07-20T15:50:27.240916000Z      Former  |   1.073159   .2939511     0.26   0.797     .6273495     1.83577
2021-07-20T15:50:27.241124400Z     Current  |   .9081951   .1041673    -0.84   0.401     .7253521    1.137128
2021-07-20T15:50:27.241134300Z              |
2021-07-20T15:50:27.241137200Z          imd |
2021-07-20T15:50:27.241328200Z           4  |   1.179334   .1060627     1.83   0.067     .9887456     1.40666
2021-07-20T15:50:27.241596900Z 5 most de..  |   1.003291   .1337817     0.02   0.980     .7725478    1.302952
2021-07-20T15:50:27.241607900Z              |
2021-07-20T15:50:27.241612600Z tot_adults~h |
2021-07-20T15:50:27.241811700Z           2  |   .8935435   .4204533    -0.24   0.811     .3552927    2.247218
2021-07-20T15:50:27.242063100Z           3  |   .6514721   .2296604    -1.22   0.224     .3264568    1.300067
2021-07-20T15:50:27.242073800Z              |
2021-07-20T15:50:27.242078200Z    ethnicity |
2021-07-20T15:50:27.242283300Z Asian or ..  |    .897252   .1138305    -0.85   0.393      .699723    1.150543
2021-07-20T15:50:27.242560900Z       Other  |   .9709104   .1332377    -0.22   0.830     .7419405    1.270543
2021-07-20T15:50:27.242571200Z              |
2021-07-20T15:50:27.242825800Z 1.htdiag_o~p |   .9384555   .1297374    -0.46   0.646     .7157127     1.23052
2021-07-20T15:50:27.243052800Z 1.~y_disease |   1.135069   .1009267     1.42   0.154     .9535336    1.351165
2021-07-20T15:50:27.243331600Z     1.asthma |   1.321371   .1733647     2.12   0.034     1.021755    1.708846
2021-07-20T15:50:27.243577500Z 1.~c_disease |    .957582   .0898205    -0.46   0.644     .7967716    1.150848
2021-07-20T15:50:27.243597900Z              |
2021-07-20T15:50:27.243601100Z      diabcat |
2021-07-20T15:50:27.243836200Z T1DM, con..  |   .9729052   .2352775    -0.11   0.910      .605654    1.562847
2021-07-20T15:50:27.244041100Z T1DM, unc..  |   1.434568   .6168169     0.84   0.401     .6176363    3.332036
2021-07-20T15:50:27.244259500Z T2DM, con..  |   1.010416   .1003194     0.10   0.917     .8317416    1.227473
2021-07-20T15:50:27.244426400Z T2DM, unc..  |   .8301953    .201432    -0.77   0.443     .5160021    1.335701
2021-07-20T15:50:27.244684000Z Diabetes,..  |   1.254652   1.027805     0.28   0.782      .251897    6.249185
2021-07-20T15:50:27.244692100Z              |
2021-07-20T15:50:27.244694900Z cancer_exh~t |
2021-07-20T15:50:27.244893500Z   Last year  |   .3834207   .2307593    -1.59   0.111     .1178651    1.247285
2021-07-20T15:50:27.245102800Z 2-5 years..  |   .9498238   .3703368    -0.13   0.895      .442343    2.039515
2021-07-20T15:50:27.245346200Z    5+ years  |   1.004506   .1029127     0.04   0.965      .821762    1.227889
2021-07-20T15:50:27.245356500Z              |
2021-07-20T15:50:27.245360900Z cancer_hae~t |
2021-07-20T15:50:27.245642500Z   Last year  |   .5266529   .3606781    -0.94   0.349     .1375876    2.015903
2021-07-20T15:50:27.245843300Z 2-5 years..  |   1.114761    .372991     0.32   0.745     .5785965    2.147769
2021-07-20T15:50:27.246121700Z    5+ years  |   .9137491   .0938238    -0.88   0.380     .7471806    1.117451
2021-07-20T15:50:27.246129700Z              |
2021-07-20T15:50:27.246424100Z 1.~r_disease |   1.075339   .1050944     0.74   0.457     .8878843    1.302371
2021-07-20T15:50:27.246678900Z 1.stroke_d~a |    1.11131   .1034103     1.13   0.257     .9260382     1.33365
2021-07-20T15:50:27.246947100Z 1.other_ne~o |   1.063371   .0947907     0.69   0.491     .8929091    1.266375
2021-07-20T15:50:27.246957600Z              |
2021-07-20T15:50:27.246961700Z reduced_ki~t |
2021-07-20T15:50:27.247236600Z Stage 3a/..  |   1.000055   .2180452     0.00   1.000     .6522797    1.533254
2021-07-20T15:50:27.247475000Z       1.esrd |   .9689057   .0780271    -0.39   0.695     .8274337    1.134566
2021-07-20T15:50:27.247758800Z 1.other_tr~t |   1.032557   .0980831     0.34   0.736     .8571526    1.243856
2021-07-20T15:50:27.248102200Z   1.asplenia |   1.148528   .1033661     1.54   0.124     .9627964    1.370089
2021-07-20T15:50:27.248390300Z 1.ra_sle_p~s |   .8881708   .0863769    -1.22   0.223     .7340319    1.074677
2021-07-20T15:50:27.249775200Z 1.other_im~o |   .7831546   .0715679    -2.67   0.007     .6547283    .9367719
2021-07-20T15:50:27.249788900Z ------------------------------------------------------------------------------
2021-07-20T15:50:27.250006000Z                                                              Stratified by stp
2021-07-20T15:50:27.257290000Z (note: file ./output/an_sense_covid_death_age_underlying_timescale_ageband_1W2.
2021-07-20T15:50:27.257314700Z > ster not found)
2021-07-20T15:50:27.257319100Z file ./output/an_sense_covid_death_age_underlying_timescale_ageband_1W2.ster sa
2021-07-20T15:50:27.257322600Z > ved
2021-07-20T15:50:27.257326300Z 
2021-07-20T15:50:27.257329200Z . 
2021-07-20T15:50:27.257332100Z . log close
2021-07-20T15:50:27.257495800Z       name:  <unnamed>
2021-07-20T15:50:27.257509900Z        log:  /workspace/log/07d_an_multivariable_cox_models_covid_death_Sense4_
2021-07-20T15:50:27.257514900Z > agetimescaleW2.log
2021-07-20T15:50:27.257518800Z   log type:  text
2021-07-20T15:50:27.257522200Z  closed on:  20 Jul 2021, 15:50:27
2021-07-20T15:50:27.257524400Z -------------------------------------------------------------------------------
2021-07-20T15:50:27.257526700Z 
2021-07-20T15:50:27.257528500Z . 
2021-07-20T15:50:27.257530300Z . 
2021-07-20T15:50:27.257532100Z . 
2021-07-20T15:50:27.257534000Z . exit, clear
2021-07-20T15:50:27.257589500Z 
2021-07-20T15:50:27.257596400Z end of do-file
2021-07-20T15:50:27.257600400Z 
2021-07-20T15:50:27.257603700Z . . file open output using "/tmp/tmp.rvwysTdqgx", write text replace
2021-07-20T15:50:27.257654400Z 
2021-07-20T15:50:27.257667100Z . . file write output "success" 
2021-07-20T15:50:27.257671500Z 
2021-07-20T15:50:27.257674700Z . . file close output
2021-07-20T15:50:27.257677900Z 
2021-07-20T15:50:27.257681100Z . 
2021-07-20T15:50:27.257684100Z end of do-file
2021-07-20T15:50:27.257687100Z 
2021-07-20T15:50:27.257690000Z 
2021-07-20T15:50:27.279026300Z . 

state: succeeded
commit: none
docker_image_id: sha256:11980aa720220a1b39bf523f5a8a33270214c13876c30ee364e16265766f7f60
exit_code: 0
job_id: pjdwfn2riqshnx5z
run_by_user: qc18278
created_at: 2021-07-20T15:38:48Z
started_at: 2021-07-20T15:50:23Z
completed_at: 2021-07-20T15:51:34Z

Completed successfully

outputs:
  log/07d_an_multivariable_cox_models_covid_death_Sense4_agetimescaleW2.log  - moderately_sensitive
  output/an_sense_covid_death_age_underlying_timescale_ageband_0W2.ster      - moderately_sensitive
  output/an_sense_covid_death_age_underlying_timescale_ageband_1W2.ster      - moderately_sensitive