2021-07-20T15:55:22.992703100Z 
2021-07-20T15:55:22.992736300Z   ___  ____  ____  ____  ____ (R)
2021-07-20T15:55:22.992741600Z  /__    /   ____/   /   ____/
2021-07-20T15:55:22.992745300Z ___/   /   /___/   /   /___/   16.1   Copyright 1985-2019 StataCorp LLC
2021-07-20T15:55:22.992749000Z   Statistics/Data Analysis            StataCorp
2021-07-20T15:55:22.992752700Z                                       4905 Lakeway Drive
2021-07-20T15:55:22.992756200Z                                       College Station, Texas 77845 USA
2021-07-20T15:55:22.992760000Z                                       800-STATA-PC        http://www.stata.com
2021-07-20T15:55:22.992763700Z                                       979-696-4600        stata@stata.com
2021-07-20T15:55:22.992767400Z                                       979-696-4601 (fax)
2021-07-20T15:55:22.992800500Z 
2021-07-20T15:55:22.992805200Z 3-user Stata network license expires 11 May 2022:
2021-07-20T15:55:22.992808800Z        Serial number:  501709312237
2021-07-20T15:55:22.992812800Z          Licensed to:  The Bennett Institute
2021-07-20T15:55:22.992816300Z                        Oxford University
2021-07-20T15:55:22.993579900Z 
2021-07-20T15:55:22.993597200Z Notes:
2021-07-20T15:55:22.993602000Z       1.  Unicode is supported; see help unicode_advice.
2021-07-20T15:55:22.993606000Z 
2021-07-20T15:55:22.993609500Z . do "analysis/07d_an_multivariable_cox_models_FULL_Sense5.wrapper.do" covid_de
2021-07-20T15:55:22.993613200Z > ath W2 
2021-07-20T15:55:22.993617100Z 
2021-07-20T15:55:22.993620600Z . . do "analysis/07d_an_multivariable_cox_models_FULL_Sense5.do" covid_death W2
2021-07-20T15:55:22.993624200Z 
2021-07-20T15:55:22.993627500Z . *****************************************************************************
2021-07-20T15:55:22.993631200Z > ***
2021-07-20T15:55:22.993635000Z . *
2021-07-20T15:55:22.993638700Z . *       Do-file:                07d_an_multivariable_cox_models_Sense5.do
2021-07-20T15:55:22.993642500Z . *
2021-07-20T15:55:22.993646000Z . *       Project:                Exposure children and COVID risk
2021-07-20T15:55:22.993650200Z . *
2021-07-20T15:55:22.993653900Z . *       Programmed by:  Hforbes, based on files from Fizz & Krishnan
2021-07-20T15:55:22.993657700Z . *
2021-07-20T15:55:22.993661100Z . *       Data used:              analysis_dataset.dta
2021-07-20T15:55:22.993667400Z . *
2021-07-20T15:55:22.993670700Z . *       Data created:   None
2021-07-20T15:55:22.993674000Z . *
2021-07-20T15:55:22.993677300Z . *       Other output:   Log file:  07b_an_multivariable_cox_models_`outcome'.
2021-07-20T15:55:22.993681100Z > log
2021-07-20T15:55:22.993700100Z . *
2021-07-20T15:55:22.993704100Z . *****************************************************************************
2021-07-20T15:55:22.993707900Z > ***
2021-07-20T15:55:22.993715900Z . *
2021-07-20T15:55:22.993719700Z . *       Purpose:                This do-file performs multivariable (fully ad
2021-07-20T15:55:22.993723000Z > justed) 
2021-07-20T15:55:22.993726000Z . *                                       Cox models, with time interactions
2021-07-20T15:55:22.993729700Z . *  
2021-07-20T15:55:22.993892300Z . *****************************************************************************
2021-07-20T15:55:22.993908400Z > ***
2021-07-20T15:55:22.993914300Z . *       
2021-07-20T15:55:22.993918500Z . *       Stata routines needed:  stbrier   
2021-07-20T15:55:22.993922400Z . *
2021-07-20T15:55:22.993925900Z . *****************************************************************************
2021-07-20T15:55:22.993929700Z > ***
2021-07-20T15:55:22.993933200Z . 
2021-07-20T15:55:22.993937100Z . * Set globals that will print in programs and direct output
2021-07-20T15:55:22.993940900Z . global outdir     "output" 
2021-07-20T15:55:22.993944700Z 
2021-07-20T15:55:22.993976200Z . global logdir     "log"
2021-07-20T15:55:22.993984700Z 
2021-07-20T15:55:22.993988600Z . global tempdir    "tempdata"
2021-07-20T15:55:22.993992100Z 
2021-07-20T15:55:22.993995800Z . 
2021-07-20T15:55:22.994034300Z . local comordidadjlist  i.htdiag_or_highbp                               ///
2021-07-20T15:55:22.994043300Z >                         i.chronic_respiratory_disease   ///
2021-07-20T15:55:22.994047700Z >                         i.asthma                                             
2021-07-20T15:55:22.994051500Z >    ///
2021-07-20T15:55:22.994054800Z >                         i.chronic_cardiac_disease               ///
2021-07-20T15:55:22.994058800Z >                         i.diabcat                                            
2021-07-20T15:55:22.994063100Z >    ///
2021-07-20T15:55:22.994067100Z >                         i.cancer_exhaem_cat                             ///
2021-07-20T15:55:22.994071300Z >                         i.cancer_haem_cat                               ///
2021-07-20T15:55:22.994075300Z >                         i.chronic_liver_disease                 ///
2021-07-20T15:55:22.994079100Z >                         i.stroke_dementia                               ///
2021-07-20T15:55:22.994082500Z >                         i.other_neuro                                   ///
2021-07-20T15:55:22.994085900Z >                         i.reduced_kidney_function_cat   ///
2021-07-20T15:55:22.994089300Z >                         i.esrd                                               
2021-07-20T15:55:22.994102100Z >    ///
2021-07-20T15:55:22.994106700Z >                         i.other_transplant                              ///
2021-07-20T15:55:22.994110600Z >                         i.asplenia                                           
2021-07-20T15:55:22.994114700Z >    ///
2021-07-20T15:55:22.994118400Z >                         i.ra_sle_psoriasis                      ///
2021-07-20T15:55:22.994122000Z >                         i.other_immuno          
2021-07-20T15:55:22.994153100Z 
2021-07-20T15:55:22.994162000Z . 
2021-07-20T15:55:22.994166500Z . *****************************************************************************
2021-07-20T15:55:22.994170300Z > *******
2021-07-20T15:55:22.994173900Z . *First clean up all old saved estimates for this outcome
2021-07-20T15:55:22.994177900Z . *This is to guard against accidentally displaying left-behind results from ol
2021-07-20T15:55:22.994181900Z > d runs
2021-07-20T15:55:22.994185500Z . *****************************************************************************
2021-07-20T15:55:22.994189400Z > *******
2021-07-20T15:55:22.994193100Z . local outcome `1' 
2021-07-20T15:55:22.994196500Z 
2021-07-20T15:55:22.994199700Z . local dataset `2'
2021-07-20T15:55:22.994203200Z 
2021-07-20T15:55:22.994206400Z . 
2021-07-20T15:55:22.994209600Z . 
2021-07-20T15:55:22.994212500Z . if "`outcome'"=="covid_tpp_prob" & "`dataset'"=="MAIN" {
2021-07-20T15:55:22.994340500Z . * Open a log file
2021-07-20T15:55:22.994351800Z . capture log close
2021-07-20T15:55:22.994355900Z . log using "$logdir/07d_an_multivariable_cox_models_`outcome'_Sense5_time_ints
2021-07-20T15:55:22.994359700Z > `dataset'", text replace
2021-07-20T15:55:22.994363300Z . 
2021-07-20T15:55:22.994367000Z . 
2021-07-20T15:55:22.994370500Z . foreach x in 0 {
2021-07-20T15:55:22.994374000Z   2. ******************************
2021-07-20T15:55:22.994377600Z . *  Multivariable Cox models  *
2021-07-20T15:55:22.994380900Z . ******************************
2021-07-20T15:55:22.994384100Z . use "$tempdir/cr_create_analysis_dataset_STSET_covid_tpp_prob_ageband_`x'`dat
2021-07-20T15:55:22.994409600Z > aset'.dta", clear
2021-07-20T15:55:22.994437300Z   3. stsplit timeperiod, at(60 90)
2021-07-20T15:55:22.994497000Z   4. 
2021-07-20T15:55:22.994506600Z . *make vars binary
2021-07-20T15:55:22.994509400Z . gen anyreduced_kidney_function = reduced_kidney_function_cat>=2
2021-07-20T15:55:22.994511800Z   5. gen anyobesity = obese4cat>=2
2021-07-20T15:55:22.994519500Z   6. gen highimd = imd>=3
2021-07-20T15:55:22.994522000Z   7. gen anydiab= diabcat>=2
2021-07-20T15:55:22.994524300Z   8. gen any_nonwhite=ethnicity>=2
2021-07-20T15:55:22.994526600Z   9.    
2021-07-20T15:55:22.994528800Z . *Fully adjusted
2021-07-20T15:55:22.994530900Z . stcox   i.kids_cat4      ///
2021-07-20T15:55:22.994533100Z >                         age1 age2 age3          ///
2021-07-20T15:55:22.994536300Z >                         i.tot_adults_hh ///
2021-07-20T15:55:22.994540000Z >                         i.male                                               
2021-07-20T15:55:22.994543700Z >    ///
2021-07-20T15:55:22.994547700Z >                         i.obese4cat                                     ///
2021-07-20T15:55:22.994551700Z >                         i.smoke_nomiss                                  ///
2021-07-20T15:55:22.994555400Z >                         i.imd                                           ///
2021-07-20T15:55:22.994559400Z >                         i.ethnicity ///
2021-07-20T15:55:22.996537400Z >                         `comordidadjlist'       ///     
2021-07-20T15:55:22.996583100Z >                         60.timeperiod#1.male                                 
2021-07-20T15:55:22.996590400Z >                    ///
2021-07-20T15:55:22.996594900Z >                         90.timeperiod#1.male                                 
2021-07-20T15:55:22.996599100Z >            ///
2021-07-20T15:55:22.996602600Z >                         60.timeperiod#1.tot_adults_hh                        
2021-07-20T15:55:22.996606500Z >                            ///
2021-07-20T15:55:22.996609800Z >                         90.timeperiod#1.tot_adults_hh                        
2021-07-20T15:55:22.996613800Z >                    ///
2021-07-20T15:55:22.996617400Z >                         60.timeperiod#1.anyobesity                           
2021-07-20T15:55:22.996621200Z >                            ///
2021-07-20T15:55:22.996624900Z >                         90.timeperiod#1.anyobesity                           
2021-07-20T15:55:22.996628600Z >                    ///
2021-07-20T15:55:22.996632200Z >                         60.timeperiod#1.any_nonwhite                         
2021-07-20T15:55:22.996635900Z >                            ///
2021-07-20T15:55:22.996639600Z >                         90.timeperiod#1.any_nonwhite                         
2021-07-20T15:55:22.996643600Z >                    ///
2021-07-20T15:55:22.996647500Z >                         60.timeperiod#3.smoke_nomiss                         
2021-07-20T15:55:22.996651300Z >                    ///
2021-07-20T15:55:22.996655000Z >                         90.timeperiod#3.smoke_nomiss                         
2021-07-20T15:55:22.996667100Z >            ///
2021-07-20T15:55:22.996671300Z >                         60.timeperiod#1.highimd                              
2021-07-20T15:55:22.996675100Z >                            ///
2021-07-20T15:55:22.996679500Z >                         90.timeperiod#1.highimd                              
2021-07-20T15:55:22.996684000Z >                    ///
2021-07-20T15:55:22.996687800Z >                         60.timeperiod#1.htdiag_or_highbp                     
2021-07-20T15:55:22.996692100Z >                            ///
2021-07-20T15:55:22.996695900Z >                         90.timeperiod#1.htdiag_or_highbp                     
2021-07-20T15:55:22.996699700Z >                    ///
2021-07-20T15:55:22.996703300Z >                         60.timeperiod#1.chronic_respiratory_disease          
2021-07-20T15:55:22.996707300Z >                            ///
2021-07-20T15:55:22.996711500Z >                         90.timeperiod#1.chronic_respiratory_disease          
2021-07-20T15:55:22.996715100Z >                            ///             
2021-07-20T15:55:22.996718500Z >                         60.timeperiod#1.asthma                          ///
2021-07-20T15:55:22.996722300Z >                         90.timeperiod#1.asthma                  ///
2021-07-20T15:55:22.996726400Z >                         60.timeperiod#1.chronic_cardiac_disease              
2021-07-20T15:55:22.996730400Z >                    ///
2021-07-20T15:55:22.996736100Z >                         90.timeperiod#1.chronic_cardiac_disease              
2021-07-20T15:55:22.996740200Z >                    ///             
2021-07-20T15:55:22.996744000Z >                         60.timeperiod#1.cancer_haem_cat                      
2021-07-20T15:55:22.996748000Z >                    ///
2021-07-20T15:55:22.996751800Z >                         90.timeperiod#1.cancer_haem_cat                      
2021-07-20T15:55:22.996755800Z >            ///
2021-07-20T15:55:22.996759300Z >                         60.timeperiod#1.anydiab                              
2021-07-20T15:55:22.996763100Z >    ///
2021-07-20T15:55:22.996767400Z >                         90.timeperiod#1.anydiab                              
2021-07-20T15:55:22.996771700Z >    ///     
2021-07-20T15:55:22.996775700Z >                         60.timeperiod#1.stroke_dementia                      
2021-07-20T15:55:22.996779900Z >                    ///
2021-07-20T15:55:22.996783700Z >                         90.timeperiod#1.stroke_dementia                      
2021-07-20T15:55:22.996787500Z >            ///
2021-07-20T15:55:22.996791100Z >                         60.timeperiod#1.other_neuro                          
2021-07-20T15:55:22.996798900Z >                    ///
2021-07-20T15:55:22.996802800Z >                         90.timeperiod#1.other_neuro                          
2021-07-20T15:55:22.996806700Z >            ///
2021-07-20T15:55:22.996810400Z >                         60.timeperiod#1.esrd                                 
2021-07-20T15:55:22.996814700Z >            ///
2021-07-20T15:55:22.996818400Z >                         90.timeperiod#1.esrd                                 
2021-07-20T15:55:22.996821900Z >    ///
2021-07-20T15:55:22.996824800Z >                         60.timeperiod#1.other_immuno                         
2021-07-20T15:55:22.996828500Z >                    ///
2021-07-20T15:55:22.996832000Z >                         90.timeperiod#1.other_immuno                         
2021-07-20T15:55:22.996836000Z >            ///
2021-07-20T15:55:22.996839700Z >                         60.timeperiod#1.reduced_kidney_function_cat          
2021-07-20T15:55:22.996843600Z >                                    ///
2021-07-20T15:55:22.996847500Z >                         90.timeperiod#1.reduced_kidney_function_cat          
2021-07-20T15:55:22.996851500Z >                            ///
2021-07-20T15:55:22.996855200Z >                         , strata(stp) vce(cluster household_id)
2021-07-20T15:55:22.996859600Z  10. estimates
2021-07-20T15:55:22.996863800Z  11. estimates save "./output/an_sense_covid_tpp_prob_time_int_ageband_`x'`data
2021-07-20T15:55:22.996868100Z > set'", replace
2021-07-20T15:55:22.996872200Z  12. }
2021-07-20T15:55:22.996876100Z . }
2021-07-20T15:55:22.996879800Z 
2021-07-20T15:55:22.996883400Z . 
2021-07-20T15:55:22.996887100Z . if "`outcome'"=="covid_tpp_prob" & "`dataset'"=="W2" {
2021-07-20T15:55:22.996891200Z . * Open a log file
2021-07-20T15:55:22.996894800Z . capture log close
2021-07-20T15:55:22.996898300Z . log using "$logdir/07d_an_multivariable_cox_models_`outcome'_Sense5_time_ints
2021-07-20T15:55:22.996903600Z > `dataset'", text replace
2021-07-20T15:55:22.996907600Z . 
2021-07-20T15:55:22.996911500Z . 
2021-07-20T15:55:22.996915300Z . foreach x in 0 {
2021-07-20T15:55:22.996919300Z   2. ******************************
2021-07-20T15:55:22.996923100Z . *  Multivariable Cox models  *
2021-07-20T15:55:22.996927900Z . ******************************
2021-07-20T15:55:22.996931800Z . use "$tempdir/cr_create_analysis_dataset_STSET_covid_tpp_prob_ageband_`x'`dat
2021-07-20T15:55:22.996936200Z > aset'.dta", clear
2021-07-20T15:55:22.996940900Z   3. stsplit timeperiod, at(60 90)
2021-07-20T15:55:22.996957700Z   4. 
2021-07-20T15:55:22.996962300Z . *make vars binary
2021-07-20T15:55:22.996966000Z . gen anyreduced_kidney_function = reduced_kidney_function_cat>=2
2021-07-20T15:55:22.996970100Z   5. gen anyobesity = obese4cat>=2
2021-07-20T15:55:22.996974600Z   6. gen highimd = imd>=3
2021-07-20T15:55:22.996978700Z   7. gen anydiab= diabcat>=2
2021-07-20T15:55:22.996983100Z   8. gen any_nonwhite=ethnicity>=2
2021-07-20T15:55:22.996986900Z   9.    
2021-07-20T15:55:22.996991100Z . *Fully adjusted
2021-07-20T15:55:22.996994500Z . stcox   i.kids_cat4      ///
2021-07-20T15:55:22.996998400Z >                         age1 age2 age3          ///
2021-07-20T15:55:22.997002000Z >                         i.tot_adults_hh ///
2021-07-20T15:55:22.997005700Z >                         i.male                                               
2021-07-20T15:55:22.997009400Z >    ///
2021-07-20T15:55:22.997014000Z >                         i.obese4cat                                     ///
2021-07-20T15:55:22.997018200Z >                         i.smoke_nomiss                                  ///
2021-07-20T15:55:22.997022000Z >                         i.imd                                           ///
2021-07-20T15:55:22.997026500Z >                         i.ethnicity ///
2021-07-20T15:55:22.997030700Z >                         `comordidadjlist'       ///     
2021-07-20T15:55:22.997035100Z >                         60.timeperiod#1.tot_adults_hh                        
2021-07-20T15:55:22.997039300Z >                            ///
2021-07-20T15:55:22.997043200Z >                         90.timeperiod#1.tot_adults_hh                        
2021-07-20T15:55:22.997047800Z >                    ///
2021-07-20T15:55:22.997052300Z >                         60.timeperiod#1.anyobesity                           
2021-07-20T15:55:22.997057000Z >                            ///
2021-07-20T15:55:22.997061200Z >                         90.timeperiod#1.anyobesity                           
2021-07-20T15:55:22.997066300Z >                    ///
2021-07-20T15:55:22.997070900Z >                         60.timeperiod#1.any_nonwhite                         
2021-07-20T15:55:22.997074500Z >                            ///
2021-07-20T15:55:22.997078700Z >                         90.timeperiod#1.any_nonwhite                         
2021-07-20T15:55:22.997130000Z >                    ///
2021-07-20T15:55:22.997137600Z >                         60.timeperiod#3.smoke_nomiss                         
2021-07-20T15:55:22.997142000Z >                    ///
2021-07-20T15:55:22.997146900Z >                         90.timeperiod#3.smoke_nomiss                         
2021-07-20T15:55:22.997159000Z >            ///
2021-07-20T15:55:22.997164200Z >                         60.timeperiod#1.highimd                              
2021-07-20T15:55:22.997169500Z >                            ///
2021-07-20T15:55:22.997173800Z >                         90.timeperiod#1.highimd                              
2021-07-20T15:55:22.997178800Z >                    ///
2021-07-20T15:55:22.997186800Z >                         60.timeperiod#1.other_neuro                          
2021-07-20T15:55:22.997192200Z >                    ///
2021-07-20T15:55:22.997197700Z >                         90.timeperiod#1.other_neuro                          
2021-07-20T15:55:22.997202300Z >            ///
2021-07-20T15:55:22.997206700Z >                         60.timeperiod#1.other_immuno                         
2021-07-20T15:55:22.997211900Z >                    ///
2021-07-20T15:55:22.997216500Z >                         90.timeperiod#1.other_immuno                         
2021-07-20T15:55:22.997220900Z >            ///
2021-07-20T15:55:22.997225500Z >                         , strata(stp) vce(cluster household_id)
2021-07-20T15:55:22.997230200Z  10. estimates
2021-07-20T15:55:22.997234500Z  11. estimates save "./output/an_sense_covid_tpp_prob_time_int_ageband_`x'`data
2021-07-20T15:55:22.997238700Z > set'", replace
2021-07-20T15:55:22.997243100Z  12. }
2021-07-20T15:55:22.997248000Z . }
2021-07-20T15:55:22.997252600Z 
2021-07-20T15:55:22.997257100Z . 
2021-07-20T15:55:22.997261600Z . if "`outcome'"=="covidadmission"  & "`dataset'"=="MAIN" {
2021-07-20T15:55:22.997266800Z . * Open a log file
2021-07-20T15:55:22.997270600Z . capture log close
2021-07-20T15:55:22.997275000Z . log using "$logdir/07d_an_multivariable_cox_models_`outcome'_Sense5_time_ints
2021-07-20T15:55:22.997279600Z > `dataset'", text replace
2021-07-20T15:55:22.997284400Z . 
2021-07-20T15:55:22.997288500Z . foreach x in 0 1 {
2021-07-20T15:55:22.997293500Z   2. ******************************
2021-07-20T15:55:22.997297400Z . *  Multivariable Cox models  *
2021-07-20T15:55:22.997301100Z . ******************************
2021-07-20T15:55:22.997304700Z . use "$tempdir/cr_create_analysis_dataset_STSET_covidadmission_ageband_`x'`dat
2021-07-20T15:55:22.997308600Z > aset'.dta", clear
2021-07-20T15:55:22.997312500Z   3. stsplit timeperiod, at(60 90)
2021-07-20T15:55:22.997316900Z   4. 
2021-07-20T15:55:22.997320800Z . *make vars binary
2021-07-20T15:55:22.997324600Z . gen anyreduced_kidney_function = reduced_kidney_function_cat>=2
2021-07-20T15:55:22.997328600Z   5. gen anyobesity = obese4cat>=2
2021-07-20T15:55:22.997339800Z   6. gen highimd = imd>=3
2021-07-20T15:55:22.997343900Z   7. gen anydiab= diabcat>=2
2021-07-20T15:55:22.997347700Z   8. gen any_nonwhite=ethnicity>=2
2021-07-20T15:55:22.997351500Z   9. 
2021-07-20T15:55:22.997355200Z . *Fully adjusted
2021-07-20T15:55:22.997359300Z . stcox   i.kids_cat4      ///
2021-07-20T15:55:22.997363400Z >                         age1 age2 age3          ///
2021-07-20T15:55:22.997367500Z >                         i.male                                               
2021-07-20T15:55:22.997371800Z >    ///
2021-07-20T15:55:22.997375500Z >                         i.tot_adults_hh ///
2021-07-20T15:55:22.997379500Z >                         i.obese4cat                                     ///
2021-07-20T15:55:22.997383500Z >                         i.smoke_nomiss                                  ///
2021-07-20T15:55:22.997387800Z >                         i.imd                                           ///
2021-07-20T15:55:22.997391900Z >                         i.ethnicity ///
2021-07-20T15:55:22.997395700Z >                         `comordidadjlist'       ///     
2021-07-20T15:55:22.997399600Z >                         60.timeperiod#1.male                                 
2021-07-20T15:55:22.997403700Z >                    ///
2021-07-20T15:55:22.997407500Z >                         90.timeperiod#1.male                                 
2021-07-20T15:55:22.997411800Z >            ///
2021-07-20T15:55:22.997417500Z >                         60.timeperiod#1.any_nonwhite                         
2021-07-20T15:55:22.997421800Z >                            ///
2021-07-20T15:55:22.997426000Z >                         90.timeperiod#1.any_nonwhite                         
2021-07-20T15:55:22.997430200Z >                    ///
2021-07-20T15:55:22.997434100Z >                         60.timeperiod#1.highimd                              
2021-07-20T15:55:22.997437700Z >                            ///
2021-07-20T15:55:22.997441300Z >                         90.timeperiod#1.highimd                              
2021-07-20T15:55:22.997445300Z >                    ///
2021-07-20T15:55:22.997449600Z >                         60.timeperiod#1.chronic_liver_disease                
2021-07-20T15:55:22.997454500Z >                    ///
2021-07-20T15:55:22.997458300Z >                         90.timeperiod#1.chronic_liver_disease                
2021-07-20T15:55:22.997463000Z >                    ///             
2021-07-20T15:55:22.997468500Z >                         , strata(stp) vce(cluster household_id)
2021-07-20T15:55:22.997473300Z  10. estimates
2021-07-20T15:55:22.997478000Z  11. estimates save "./output/an_sense_covidadmission_time_int_ageband_`x'`data
2021-07-20T15:55:22.997489200Z > set'", replace
2021-07-20T15:55:22.997493800Z  12. }
2021-07-20T15:55:22.997498100Z . }
2021-07-20T15:55:22.997502500Z 
2021-07-20T15:55:22.997507300Z . 
2021-07-20T15:55:22.997512100Z . if "`outcome'"=="covidadmission"  & "`dataset'"=="W2" {
2021-07-20T15:55:22.997516700Z . * Open a log file
2021-07-20T15:55:22.997520900Z . capture log close
2021-07-20T15:55:22.997525300Z . log using "$logdir/07d_an_multivariable_cox_models_`outcome'_Sense5_time_ints
2021-07-20T15:55:22.997530400Z > `dataset'", text replace
2021-07-20T15:55:22.997534700Z . 
2021-07-20T15:55:22.997539400Z . foreach x in 0 1 {
2021-07-20T15:55:22.997544200Z   2. ******************************
2021-07-20T15:55:22.997548600Z . *  Multivariable Cox models  *
2021-07-20T15:55:22.997553100Z . ******************************
2021-07-20T15:55:22.997557800Z . use "$tempdir/cr_create_analysis_dataset_STSET_covidadmission_ageband_`x'`dat
2021-07-20T15:55:22.997562400Z > aset'.dta", clear
2021-07-20T15:55:22.997566800Z   3. stsplit timeperiod, at(60 90)
2021-07-20T15:55:22.997574800Z   4. 
2021-07-20T15:55:22.997579800Z . *make vars binary
2021-07-20T15:55:22.997584700Z . gen anyreduced_kidney_function = reduced_kidney_function_cat>=2
2021-07-20T15:55:22.997589800Z   5. gen anyobesity = obese4cat>=2
2021-07-20T15:55:22.997594400Z   6. gen highimd = imd>=3
2021-07-20T15:55:22.997599100Z   7. gen anydiab= diabcat>=2
2021-07-20T15:55:22.997603800Z   8. gen any_nonwhite=ethnicity>=2
2021-07-20T15:55:22.997608300Z   9. 
2021-07-20T15:55:22.997612900Z . *Fully adjusted
2021-07-20T15:55:22.997616900Z . stcox   i.kids_cat4      ///
2021-07-20T15:55:22.997639900Z >                         age1 age2 age3          ///
2021-07-20T15:55:22.997648100Z >                         i.male                                               
2021-07-20T15:55:22.997664100Z >    ///
2021-07-20T15:55:22.997672600Z >                         i.tot_adults_hh ///
2021-07-20T15:55:22.997677500Z >                         i.obese4cat                                     ///
2021-07-20T15:55:22.997681600Z >                         i.smoke_nomiss                                  ///
2021-07-20T15:55:22.997685800Z >                         i.imd                                           ///
2021-07-20T15:55:22.997690100Z >                         i.ethnicity ///
2021-07-20T15:55:22.997697900Z >                         `comordidadjlist'       ///     
2021-07-20T15:55:22.997701900Z >                         60.timeperiod#1.any_nonwhite                         
2021-07-20T15:55:22.997716900Z >                            ///
2021-07-20T15:55:22.997722100Z >                         90.timeperiod#1.any_nonwhite                         
2021-07-20T15:55:22.997726500Z >                    ///
2021-07-20T15:55:22.997731500Z >                         60.timeperiod#1.cancer_haem_cat                      
2021-07-20T15:55:22.997735800Z >                    ///
2021-07-20T15:55:22.997740400Z >                         90.timeperiod#1.cancer_haem_cat                      
2021-07-20T15:55:22.997745200Z >            ///
2021-07-20T15:55:22.997750000Z >                         , strata(stp) vce(cluster household_id)
2021-07-20T15:55:22.997754600Z  10. estimates
2021-07-20T15:55:22.997759000Z  11. estimates save "./output/an_sense_covidadmission_time_int_ageband_`x'`data
2021-07-20T15:55:22.997764400Z > set'", replace
2021-07-20T15:55:22.997770000Z  12. }
2021-07-20T15:55:22.997774400Z . }
2021-07-20T15:55:22.997778700Z 
2021-07-20T15:55:22.997782500Z . 
2021-07-20T15:55:22.997787400Z . 
2021-07-20T15:55:22.997791700Z . if "`outcome'"=="covid_icu" & "`dataset'"=="MAIN" {
2021-07-20T15:55:22.997796300Z . * Open a log file
2021-07-20T15:55:22.997800400Z . capture log close
2021-07-20T15:55:22.997804000Z . log using "$logdir/07d_an_multivariable_cox_models_`outcome'_Sense5_time_ints
2021-07-20T15:55:22.997808500Z > `dataset'", text replace
2021-07-20T15:55:22.997813000Z . 
2021-07-20T15:55:22.997817000Z . foreach x in 0 1 {
2021-07-20T15:55:22.997821300Z   2. ******************************
2021-07-20T15:55:22.997825600Z . *  Multivariable Cox models  *
2021-07-20T15:55:22.997830000Z . ******************************
2021-07-20T15:55:22.997833700Z . use "$tempdir/cr_create_analysis_dataset_STSET_covid_icu_ageband_`x'`dataset'
2021-07-20T15:55:22.997837500Z > .dta", clear
2021-07-20T15:55:22.997840800Z   3. stsplit timeperiod, at(60 90)
2021-07-20T15:55:22.997843900Z   4. 
2021-07-20T15:55:22.997847900Z . *make vars binary
2021-07-20T15:55:22.997872300Z . gen anyreduced_kidney_function = reduced_kidney_function_cat>=2
2021-07-20T15:55:22.997879100Z   5. gen anyobesity = obese4cat>=2
2021-07-20T15:55:22.997884200Z   6. gen highimd = imd>=3
2021-07-20T15:55:22.997889500Z   7. gen anydiab= diabcat>=2
2021-07-20T15:55:22.997893700Z   8. gen any_nonwhite=ethnicity>=2
2021-07-20T15:55:22.997897300Z   9. *Fully adjusted
2021-07-20T15:55:22.997901300Z . stcox   i.kids_cat4      ///
2021-07-20T15:55:22.997906200Z >                         age1 age2 age3          ///
2021-07-20T15:55:22.997919500Z >                         i.male                                               
2021-07-20T15:55:22.997924600Z >    ///
2021-07-20T15:55:22.997928400Z >                         i.obese4cat                                     ///
2021-07-20T15:55:22.997932200Z >                         i.tot_adults_hh ///
2021-07-20T15:55:22.997935900Z >                         i.smoke_nomiss                                  ///
2021-07-20T15:55:22.997965400Z >                         i.imd                                           ///
2021-07-20T15:55:22.997974700Z >                         i.ethnicity ///
2021-07-20T15:55:22.997982200Z >                         `comordidadjlist'       ///     
2021-07-20T15:55:22.997987500Z >                         60.timeperiod#1.male                                 
2021-07-20T15:55:22.997992700Z >                    ///
2021-07-20T15:55:22.997998500Z >                         90.timeperiod#1.male                                 
2021-07-20T15:55:22.998003100Z >            ///
2021-07-20T15:55:22.998008300Z >                         60.timeperiod#1.tot_adults_hh                        
2021-07-20T15:55:22.998013200Z >                            ///
2021-07-20T15:55:22.998017500Z >                         90.timeperiod#1.tot_adults_hh                        
2021-07-20T15:55:22.998022500Z >                    ///
2021-07-20T15:55:22.998027300Z >                         60.timeperiod#1.anyobesity                           
2021-07-20T15:55:22.998031700Z >                            ///
2021-07-20T15:55:22.998036200Z >                         90.timeperiod#1.anyobesity                           
2021-07-20T15:55:22.998040000Z >                    ///
2021-07-20T15:55:22.998044400Z >                         60.timeperiod#1.any_nonwhite                         
2021-07-20T15:55:22.998049400Z >                            ///
2021-07-20T15:55:22.998053700Z >                         90.timeperiod#1.any_nonwhite                         
2021-07-20T15:55:22.998058200Z >                    ///
2021-07-20T15:55:22.998062000Z >                         60.timeperiod#3.smoke_nomiss                         
2021-07-20T15:55:22.998066200Z >                    ///
2021-07-20T15:55:22.998070800Z >                         90.timeperiod#3.smoke_nomiss                         
2021-07-20T15:55:22.998075900Z >            ///
2021-07-20T15:55:22.998080100Z >                         60.timeperiod#1.highimd                              
2021-07-20T15:55:22.998084200Z >                            ///
2021-07-20T15:55:22.998088800Z >                         90.timeperiod#1.highimd                              
2021-07-20T15:55:22.998094400Z >                    ///
2021-07-20T15:55:22.998105600Z >                         60.timeperiod#1.htdiag_or_highbp                     
2021-07-20T15:55:22.998109300Z >                            ///
2021-07-20T15:55:22.998113200Z >                         90.timeperiod#1.htdiag_or_highbp                     
2021-07-20T15:55:22.998117100Z >                    ///
2021-07-20T15:55:22.998121000Z >                         60.timeperiod#1.anydiab                              
2021-07-20T15:55:22.998125200Z >    ///
2021-07-20T15:55:22.998129000Z >                         90.timeperiod#1.anydiab                              
2021-07-20T15:55:22.998133000Z >    ///     
2021-07-20T15:55:22.998137200Z >                         60.timeperiod#1.chronic_cardiac_disease              
2021-07-20T15:55:22.998141200Z >                    ///
2021-07-20T15:55:22.998145100Z >                         90.timeperiod#1.chronic_cardiac_disease              
2021-07-20T15:55:22.998149200Z >            ///
2021-07-20T15:55:22.998153100Z >                         60.timeperiod#1.chronic_liver_disease                
2021-07-20T15:55:22.998157100Z >                    ///
2021-07-20T15:55:22.998160900Z >                         90.timeperiod#1.chronic_liver_disease                
2021-07-20T15:55:22.998165300Z >                    ///             
2021-07-20T15:55:22.998169100Z >                         60.timeperiod#1.esrd                                 
2021-07-20T15:55:22.998179900Z >            ///
2021-07-20T15:55:22.998184000Z >                         90.timeperiod#1.esrd                                 
2021-07-20T15:55:22.998188100Z >    ///
2021-07-20T15:55:22.998192200Z >                         60.timeperiod#1.other_immuno                         
2021-07-20T15:55:22.998196600Z >                    ///
2021-07-20T15:55:22.998201000Z >                         90.timeperiod#1.other_immuno                         
2021-07-20T15:55:22.998205700Z >            ///
2021-07-20T15:55:22.998209500Z >                         60.timeperiod#1.reduced_kidney_function_cat          
2021-07-20T15:55:22.998214100Z >                                    ///
2021-07-20T15:55:22.998218400Z >                         90.timeperiod#1.reduced_kidney_function_cat          
2021-07-20T15:55:22.998222500Z >                            ///             
2021-07-20T15:55:22.998226800Z >                         60.timeperiod#1.other_transplant                     
2021-07-20T15:55:22.998231100Z >                            ///
2021-07-20T15:55:22.998235800Z >                         90.timeperiod#1.other_transplant                     
2021-07-20T15:55:22.998240400Z >                    ///
2021-07-20T15:55:22.998244500Z >                         , strata(stp) vce(cluster household_id)
2021-07-20T15:55:22.998256000Z  10. estimates
2021-07-20T15:55:22.998260600Z  11. estimates save "./output/an_sense_covid_icu_time_int_ageband_`x'`dataset'"
2021-07-20T15:55:22.998264000Z > , replace
2021-07-20T15:55:22.998267500Z  12. }
2021-07-20T15:55:22.998271800Z . }
2021-07-20T15:55:22.998276400Z 
2021-07-20T15:55:22.998280400Z . 
2021-07-20T15:55:22.998284200Z . 
2021-07-20T15:55:22.998289000Z . if "`outcome'"=="covid_death" & "`dataset'"=="MAIN" {
2021-07-20T15:55:22.998294100Z . * Open a log file
2021-07-20T15:55:22.998298600Z . capture log close
2021-07-20T15:55:22.998303000Z . log using "$logdir/07d_an_multivariable_cox_models_`outcome'_Sense5_time_ints
2021-07-20T15:55:22.998307900Z > `dataset'", text replace
2021-07-20T15:55:22.998313000Z . 
2021-07-20T15:55:22.998317000Z . foreach x in 0 1 {
2021-07-20T15:55:22.998321100Z   2. ******************************
2021-07-20T15:55:22.998325800Z . *  Multivariable Cox models  *
2021-07-20T15:55:22.998330400Z . ******************************
2021-07-20T15:55:22.998336200Z . use "$tempdir/cr_create_analysis_dataset_STSET_covid_death_ageband_`x'`datase
2021-07-20T15:55:22.998341400Z > t'.dta", clear
2021-07-20T15:55:22.998346200Z   3. stsplit timeperiod, at(60 90)
2021-07-20T15:55:22.998350400Z   4. 
2021-07-20T15:55:22.998354900Z . *make vars binary
2021-07-20T15:55:22.998360500Z . gen anyreduced_kidney_function = reduced_kidney_function_cat>=2
2021-07-20T15:55:22.998404700Z   5. gen anyobesity = obese4cat>=2
2021-07-20T15:55:22.998411500Z   6. gen highimd = imd>=3
2021-07-20T15:55:22.998416200Z   7. gen anydiab= diabcat>=2
2021-07-20T15:55:22.998419900Z   8. gen any_nonwhite=ethnicity>=2
2021-07-20T15:55:22.998424400Z   9. 
2021-07-20T15:55:22.998428900Z . *Fully adjusted
2021-07-20T15:55:22.998433000Z . stcox   i.kids_cat4      ///
2021-07-20T15:55:22.998437900Z >                         age1 age2 age3          ///
2021-07-20T15:55:22.998442900Z >                         i.tot_adults_hh ///
2021-07-20T15:55:22.998447900Z >                         i.male                                               
2021-07-20T15:55:22.998452600Z >    ///
2021-07-20T15:55:22.998456900Z >                         i.obese4cat                                     ///
2021-07-20T15:55:22.998461700Z >                         i.smoke_nomiss                                  ///
2021-07-20T15:55:22.998468700Z >                         i.imd                                           ///
2021-07-20T15:55:22.998473300Z >                         i.ethnicity ///
2021-07-20T15:55:22.998487400Z >                         `comordidadjlist'       ///     
2021-07-20T15:55:22.998492800Z >                         60.timeperiod#1.anyobesity                           
2021-07-20T15:55:22.998497200Z >                            ///
2021-07-20T15:55:22.998501200Z >                         90.timeperiod#1.anyobesity                           
2021-07-20T15:55:22.998504800Z >                    ///
2021-07-20T15:55:22.998508500Z >                         60.timeperiod#3.smoke_nomiss                         
2021-07-20T15:55:22.998512300Z >                    ///
2021-07-20T15:55:22.998516300Z >                         90.timeperiod#3.smoke_nomiss                         
2021-07-20T15:55:22.998520700Z >            ///
2021-07-20T15:55:22.998524700Z >                         60.timeperiod#1.highimd                              
2021-07-20T15:55:22.998528900Z >                            ///
2021-07-20T15:55:22.998533400Z >                         90.timeperiod#1.highimd ///
2021-07-20T15:55:22.998537900Z >                         60.timeperiod#1.anydiab                              
2021-07-20T15:55:22.998541700Z >    ///
2021-07-20T15:55:22.998545800Z >                         90.timeperiod#1.anydiab                              
2021-07-20T15:55:22.998549800Z >    ///     
2021-07-20T15:55:22.998553900Z >                         60.timeperiod#1.cancer_exhaem_cat                    
2021-07-20T15:55:22.998558100Z >                    ///
2021-07-20T15:55:22.998561900Z >                         90.timeperiod#1.cancer_exhaem_cat                    
2021-07-20T15:55:22.998565900Z >            ///
2021-07-20T15:55:22.998569900Z >                         60.timeperiod#1.chronic_liver_disease                
2021-07-20T15:55:22.998573800Z >                            ///
2021-07-20T15:55:22.998577600Z >                         90.timeperiod#1.chronic_liver_disease                
2021-07-20T15:55:22.998582100Z >                    ///
2021-07-20T15:55:22.998586100Z >                         , strata(stp) vce(cluster household_id)
2021-07-20T15:55:22.998590100Z  10. estimates
2021-07-20T15:55:22.998594800Z  11. estimates save "./output/an_sense_covid_death_time_int_ageband_`x'`dataset
2021-07-20T15:55:22.998599400Z > '", replace
2021-07-20T15:55:22.998603300Z  12. }
2021-07-20T15:55:22.998607900Z . }
2021-07-20T15:55:22.998611800Z 
2021-07-20T15:55:22.998615800Z . 
2021-07-20T15:55:22.998620300Z . if "`outcome'"=="covid_death" & "`dataset'"=="W2" {
2021-07-20T15:55:22.998625100Z . * Open a log file
2021-07-20T15:55:22.998629400Z . capture log close
2021-07-20T15:55:22.998641700Z . log using "$logdir/07d_an_multivariable_cox_models_`outcome'_Sense5_time_ints
2021-07-20T15:55:22.998645900Z > `dataset'", text replace
2021-07-20T15:55:22.998649700Z (note: file /workspace/log/07d_an_multivariable_cox_models_covid_death_Sense5_t
2021-07-20T15:55:22.998653400Z > ime_intsW2.log not found)
2021-07-20T15:55:22.998656800Z -------------------------------------------------------------------------------
2021-07-20T15:55:22.998661600Z       name:  <unnamed>
2021-07-20T15:55:22.998666500Z        log:  /workspace/log/07d_an_multivariable_cox_models_covid_death_Sense5_
2021-07-20T15:55:22.998673400Z > time_intsW2.log
2021-07-20T15:55:22.998677700Z   log type:  text
2021-07-20T15:55:22.998682200Z  opened on:  20 Jul 2021, 15:55:22
2021-07-20T15:55:22.998686900Z . 
2021-07-20T15:55:22.998690800Z . foreach x in 0 1 {
2021-07-20T15:55:22.998695000Z   2. ******************************
2021-07-20T15:55:22.998698900Z . *  Multivariable Cox models  *
2021-07-20T15:55:22.998703700Z . ******************************
2021-07-20T15:55:22.998709100Z . use "$tempdir/cr_create_analysis_dataset_STSET_covid_death_ageband_`x'`datase
2021-07-20T15:55:22.998713500Z > t'.dta", clear
2021-07-20T15:55:22.998717800Z   3. stsplit timeperiod, at(60 90)
2021-07-20T15:55:22.998722900Z   4. 
2021-07-20T15:55:22.998727300Z . *make vars binary
2021-07-20T15:55:22.998731600Z . gen anyreduced_kidney_function = reduced_kidney_function_cat>=2
2021-07-20T15:55:22.998737300Z   5. gen anyobesity = obese4cat>=2
2021-07-20T15:55:22.998741900Z   6. gen highimd = imd>=3
2021-07-20T15:55:22.998746300Z   7. gen anydiab= diabcat>=2
2021-07-20T15:55:22.998751100Z   8. gen any_nonwhite=ethnicity>=2
2021-07-20T15:55:22.998756200Z   9. 
2021-07-20T15:55:22.998760800Z . *Fully adjusted
2021-07-20T15:55:22.998765000Z . stcox   i.kids_cat4      ///
2021-07-20T15:55:22.998770000Z >                         age1 age2 age3          ///
2021-07-20T15:55:22.998774700Z >                         i.tot_adults_hh ///
2021-07-20T15:55:22.998779000Z >                         i.male                                               
2021-07-20T15:55:22.998784000Z >    ///
2021-07-20T15:55:22.998788900Z >                         i.obese4cat                                     ///
2021-07-20T15:55:22.998793000Z >                         i.smoke_nomiss                                  ///
2021-07-20T15:55:22.998797400Z >                         i.imd                                           ///
2021-07-20T15:55:22.998802000Z >                         i.ethnicity ///
2021-07-20T15:55:22.998806500Z >                         `comordidadjlist'       ///     
2021-07-20T15:55:22.998818100Z >                         60.timeperiod#1.anyobesity                           
2021-07-20T15:55:22.998829100Z >                            ///
2021-07-20T15:55:22.998833500Z >                         90.timeperiod#1.anyobesity                           
2021-07-20T15:55:22.998837800Z >                    ///
2021-07-20T15:55:22.998841400Z >                         60.timeperiod#1.cancer_haem_cat                      
2021-07-20T15:55:22.998845100Z >                    ///
2021-07-20T15:55:22.998848200Z >                         90.timeperiod#1.cancer_haem_cat                      
2021-07-20T15:55:22.998852300Z >            ///
2021-07-20T15:55:22.998856300Z >                         60.timeperiod#1.esrd                                 
2021-07-20T15:55:22.998860500Z >            ///
2021-07-20T15:55:22.998864200Z >                         90.timeperiod#1.esrd                                 
2021-07-20T15:55:22.998868500Z >    ///
2021-07-20T15:55:22.998872400Z >                         60.timeperiod#1.other_immuno                         
2021-07-20T15:55:22.998876500Z >                    ///
2021-07-20T15:55:22.998880400Z >                         90.timeperiod#1.other_immuno                         
2021-07-20T15:55:22.998884300Z >            ///
2021-07-20T15:55:22.998888500Z >                         60.timeperiod#1.reduced_kidney_function_cat          
2021-07-20T15:55:22.998893100Z >                                    ///
2021-07-20T15:55:22.998947600Z >                         90.timeperiod#1.reduced_kidney_function_cat          
2021-07-20T15:55:22.998957400Z >                            ///             
2021-07-20T15:55:22.998962200Z >                         60.timeperiod#1.other_immuno                         
2021-07-20T15:55:22.998966800Z >                    ///
2021-07-20T15:55:22.998970600Z >                         90.timeperiod#1.other_immuno                         
2021-07-20T15:55:22.998975300Z >            ///
2021-07-20T15:55:22.998979400Z >                         , strata(stp) vce(cluster household_id)
2021-07-20T15:55:22.998983700Z  10. estimates
2021-07-20T15:55:22.998987800Z  11. estimates save "./output/an_sense_covid_death_time_int_ageband_`x'`dataset
2021-07-20T15:55:22.998991900Z > '", replace
2021-07-20T15:55:22.998996400Z  12. }
2021-07-20T15:55:23.282195200Z (26,447 observations (episodes) created)
2021-07-20T15:55:23.330461700Z 
2021-07-20T15:55:23.330482500Z          failure _d:  covid_death
2021-07-20T15:55:23.330486100Z    analysis time _t:  (stime_covid_death-origin)
2021-07-20T15:55:23.330488800Z              origin:  time enter_date
2021-07-20T15:55:23.330491400Z   enter on or after:  time enter_date
2021-07-20T15:55:23.330505700Z                  id:  patient_id
2021-07-20T15:55:25.573902500Z 
2021-07-20T15:55:25.573937700Z Iteration 0:   log pseudolikelihood = -18813.465
2021-07-20T15:55:26.607520000Z Iteration 1:   log pseudolikelihood = -18792.846
2021-07-20T15:55:27.720950200Z Iteration 2:   log pseudolikelihood =  -18792.78
2021-07-20T15:55:28.640162000Z Iteration 3:   log pseudolikelihood =  -18792.78
2021-07-20T15:55:28.640194700Z Refining estimates:
2021-07-20T15:55:31.406621200Z Iteration 0:   log pseudolikelihood =  -18792.78
2021-07-20T15:55:40.336978500Z 
2021-07-20T15:55:40.337018300Z Stratified Cox regr. -- Breslow method for ties
2021-07-20T15:55:40.337367800Z 
2021-07-20T15:55:40.337381700Z No. of subjects      =       16,235             Number of obs    =      42,682
2021-07-20T15:55:40.337387200Z No. of failures      =        2,597
2021-07-20T15:55:40.337392200Z Time at risk         =      1520863
2021-07-20T15:55:40.337396900Z                                                 Wald chi2(52)    =       41.32
2021-07-20T15:55:40.337559300Z Log pseudolikelihood =    -18792.78             Prob > chi2      =      0.8559
2021-07-20T15:55:40.337572900Z 
2021-07-20T15:55:40.483700500Z                        (Std. Err. adjusted for 1,121 clusters in household_id)
2021-07-20T15:55:40.483728500Z ------------------------------------------------------------------------------
2021-07-20T15:55:40.483735800Z              |               Robust
2021-07-20T15:55:40.483741600Z           _t | Haz. Ratio   Std. Err.      z    P>|z|     [95% Conf. Interval]
2021-07-20T15:55:40.483748200Z -------------+----------------------------------------------------------------
2021-07-20T15:55:40.483753600Z    kids_cat4 |
2021-07-20T15:55:40.493372300Z only <12 ..  |   1.208287   .1768435     1.29   0.196     .9069625    1.609723
2021-07-20T15:55:40.493618700Z  only 12-18  |   1.087548   .2126984     0.43   0.668      .741265    1.595596
2021-07-20T15:55:40.493876700Z       mixed  |   1.185149    .165332     1.22   0.223      .901629    1.557824
2021-07-20T15:55:40.493888500Z              |
2021-07-20T15:55:40.494161400Z         age1 |   1.006262   .0074793     0.84   0.401     .9917095    1.021029
2021-07-20T15:55:40.494411200Z         age2 |   .9851461   .0224736    -0.66   0.512     .9420689    1.030193
2021-07-20T15:55:40.494800900Z         age3 |   1.035662   .0658151     0.55   0.581     .9143769    1.173035
2021-07-20T15:55:40.494816600Z              |
2021-07-20T15:55:40.494822400Z tot_adults~h |
2021-07-20T15:55:40.495085600Z           2  |   .9262377    .289182    -0.25   0.806     .5023051    1.707958
2021-07-20T15:55:40.495425400Z           3  |   .7218238   .1734486    -1.36   0.175     .4507068    1.156028
2021-07-20T15:55:40.495450100Z              |
2021-07-20T15:55:40.495845900Z       1.male |   1.000148   .0398279     0.00   0.997     .9250557    1.081337
2021-07-20T15:55:40.495861400Z              |
2021-07-20T15:55:40.495867400Z    obese4cat |
2021-07-20T15:55:40.496132000Z Obese I ..)  |   .9537497   .0645153    -0.70   0.484     .8353258    1.088963
2021-07-20T15:55:40.496421900Z Obese II..)  |   .9393106   .0811284    -0.72   0.469     .7930321    1.112571
2021-07-20T15:55:40.496827200Z Obese II..)  |   .9455444   .0892815    -0.59   0.553     .7857937    1.137772
2021-07-20T15:55:40.496841500Z              |
2021-07-20T15:55:40.496846100Z smoke_nomiss |
2021-07-20T15:55:40.497158500Z      Former  |   .9354198   .1345081    -0.46   0.642     .7056813    1.239951
2021-07-20T15:55:40.497506200Z     Current  |   .9200443   .0555026    -1.38   0.167     .8174462     1.03552
2021-07-20T15:55:40.497518500Z              |
2021-07-20T15:55:40.497523100Z          imd |
2021-07-20T15:55:40.497841400Z           4  |   .9058296   .0448144    -2.00   0.046     .8221191    .9980637
2021-07-20T15:55:40.498173900Z 5 most de..  |    .968104    .063565    -0.49   0.622     .8512022    1.101061
2021-07-20T15:55:40.498186800Z              |
2021-07-20T15:55:40.498192200Z    ethnicity |
2021-07-20T15:55:40.498540100Z Asian or ..  |   .9176375   .0641361    -1.23   0.219     .8001629    1.052359
2021-07-20T15:55:40.498893800Z       Other  |   1.029241   .0690315     0.43   0.667     .9024578    1.173837
2021-07-20T15:55:40.498906400Z              |
2021-07-20T15:55:40.499289700Z 1.htdiag_o~p |   .9506536   .0685747    -0.70   0.483     .8253183    1.095023
2021-07-20T15:55:40.499626000Z 1.~y_disease |   .9051677   .0455947    -1.98   0.048     .8200733    .9990919
2021-07-20T15:55:40.500023700Z     1.asthma |   1.017094   .0736749     0.23   0.815     .8824758    1.172247
2021-07-20T15:55:40.500388300Z 1.~c_disease |   .9665076   .0475358    -0.69   0.489     .8776889    1.064314
2021-07-20T15:55:40.500402000Z              |
2021-07-20T15:55:40.500406700Z      diabcat |
2021-07-20T15:55:40.500902000Z T1DM, con..  |   1.165004   .1382665     1.29   0.198     .9232172    1.470113
2021-07-20T15:55:40.501188700Z T1DM, unc..  |   .9260594   .2386713    -0.30   0.766     .5588053    1.534678
2021-07-20T15:55:40.501452500Z T2DM, con..  |   .8955076   .0481057    -2.05   0.040      .806016    .9949355
2021-07-20T15:55:40.501712600Z T2DM, unc..  |   1.187615    .120993     1.69   0.091     .9726488    1.450091
2021-07-20T15:55:40.502061600Z Diabetes,..  |   1.439124   1.106014     0.47   0.636     .3190964    6.490444
2021-07-20T15:55:40.502073900Z              |
2021-07-20T15:55:40.502078800Z cancer_exh~t |
2021-07-20T15:55:40.502389700Z   Last year  |   .9390088   .3097312    -0.19   0.849     .4919281    1.792411
2021-07-20T15:55:40.502648900Z 2-5 years..  |   .8739539   .1454494    -0.81   0.418     .6307043     1.21102
2021-07-20T15:55:40.503112200Z    5+ years  |   1.025136   .0527362     0.48   0.629     .9268152    1.133888
2021-07-20T15:55:40.503125300Z              |
2021-07-20T15:55:40.503129800Z cancer_hae~t |
2021-07-20T15:55:40.503618100Z   Last year  |   .9896865   .3134058    -0.03   0.974     .5320423     1.84098
2021-07-20T15:55:40.503908300Z 2-5 years..  |   1.154842   .1694468     0.98   0.327       .86622    1.539632
2021-07-20T15:55:40.504307700Z    5+ years  |   .9871886    .068446    -0.19   0.852     .8617527    1.130883
2021-07-20T15:55:40.504320000Z              |
2021-07-20T15:55:40.504744900Z 1.~r_disease |    1.05403   .0513281     1.08   0.280     .9580802    1.159588
2021-07-20T15:55:40.505125800Z 1.stroke_d~a |   .9648703   .0478823    -0.72   0.471     .8754423    1.063434
2021-07-20T15:55:40.505510200Z 1.other_ne~o |   .9817736   .0515352    -0.35   0.726     .8857888    1.088159
2021-07-20T15:55:40.505520200Z              |
2021-07-20T15:55:40.505525200Z reduced_ki~t |
2021-07-20T15:55:40.506009500Z Stage 3a/..  |    .955327   .4156567    -0.11   0.916     .4071925    2.241323
2021-07-20T15:55:40.506424300Z       1.esrd |   .8943555    .050517    -1.98   0.048     .8006278    .9990556
2021-07-20T15:55:40.506839300Z 1.other_tr~t |   1.009209   .0485833     0.19   0.849     .9183415    1.109067
2021-07-20T15:55:40.507206000Z   1.asplenia |   .9920387   .0486084    -0.16   0.870     .9011996    1.092034
2021-07-20T15:55:40.507606100Z 1.ra_sle_p~s |   1.051525   .0526058     1.00   0.315     .9533131    1.159855
2021-07-20T15:55:40.507951700Z 1.other_im~o |   1.053957   .0601254     0.92   0.357     .9424628    1.178641
2021-07-20T15:55:40.507965400Z              |
2021-07-20T15:55:40.507970900Z   timeperiod#|
2021-07-20T15:55:40.507975500Z   anyobesity |
2021-07-20T15:55:40.508392600Z        60 1  |   1.058936   .1054108     0.58   0.565       .87124    1.287069
2021-07-20T15:55:40.508722500Z        90 1  |   1.067829   .1228228     0.57   0.568     .8523061    1.337851
2021-07-20T15:55:40.508733300Z              |
2021-07-20T15:55:40.508736300Z   timeperiod#|
2021-07-20T15:55:40.508739100Z cancer_hae~t |
2021-07-20T15:55:40.509189300Z    60#Never  |   1.008003   .1150739     0.07   0.944     .8059135    1.260768
2021-07-20T15:55:40.509495400Z    90#Never  |    .951422   .1284552    -0.37   0.712     .7302123    1.239645
2021-07-20T15:55:40.509506200Z              |
2021-07-20T15:55:40.509509200Z   timeperiod#|
2021-07-20T15:55:40.509511600Z         esrd |
2021-07-20T15:55:40.509979500Z        60 1  |    1.03824   .0968002     0.40   0.687     .8648402    1.246405
2021-07-20T15:55:40.510299100Z        90 1  |   1.190285     .13375     1.55   0.121     .9549997    1.483539
2021-07-20T15:55:40.510317200Z              |
2021-07-20T15:55:40.510320400Z   timeperiod#|
2021-07-20T15:55:40.510322800Z other_immuno |
2021-07-20T15:55:40.510811300Z        60 1  |    .996915   .0920557    -0.03   0.973     .8318744    1.194699
2021-07-20T15:55:40.511120300Z        90 1  |   1.069066   .1198156     0.60   0.551     .8582343    1.331689
2021-07-20T15:55:40.511131000Z              |
2021-07-20T15:55:40.511133900Z   timeperiod#|
2021-07-20T15:55:40.511136400Z reduced_ki~t |
2021-07-20T15:55:40.511612400Z     60#None  |   .6450016   .4267038    -0.66   0.507      .176378    2.358724
2021-07-20T15:55:40.525468000Z     90#None  |   .7691745   .6385674    -0.32   0.752     .1511328    3.914632
2021-07-20T15:55:40.525506500Z ------------------------------------------------------------------------------
2021-07-20T15:55:40.525924400Z                                                              Stratified by stp
2021-07-20T15:55:40.537148800Z 
2021-07-20T15:55:40.537182700Z -------------------------------------------------------------------------------
2021-07-20T15:55:40.537188600Z active results
2021-07-20T15:55:40.537192800Z -------------------------------------------------------------------------------
2021-07-20T15:55:40.539973200Z 
2021-07-20T15:55:40.539988500Z Stratified Cox regr. -- Breslow method for ties
2021-07-20T15:55:40.539993900Z 
2021-07-20T15:55:40.539997900Z No. of subjects      =       16,235             Number of obs    =      42,682
2021-07-20T15:55:40.540002400Z No. of failures      =        2,597
2021-07-20T15:55:40.540006300Z Time at risk         =      1520863
2021-07-20T15:55:40.540284900Z                                                 Wald chi2(52)    =       41.32
2021-07-20T15:55:40.540299900Z Log pseudolikelihood =    -18792.78             Prob > chi2      =      0.8559
2021-07-20T15:55:40.540305700Z 
2021-07-20T15:55:40.558319700Z                        (Std. Err. adjusted for 1,121 clusters in household_id)
2021-07-20T15:55:40.558344800Z ------------------------------------------------------------------------------
2021-07-20T15:55:40.558350200Z              |               Robust
2021-07-20T15:55:40.558354500Z           _t | Haz. Ratio   Std. Err.      z    P>|z|     [95% Conf. Interval]
2021-07-20T15:55:40.558359000Z -------------+----------------------------------------------------------------
2021-07-20T15:55:40.558363000Z    kids_cat4 |
2021-07-20T15:55:40.558534000Z only <12 ..  |   1.208287   .1768435     1.29   0.196     .9069625    1.609723
2021-07-20T15:55:40.558771200Z  only 12-18  |   1.087548   .2126984     0.43   0.668      .741265    1.595596
2021-07-20T15:55:40.559035200Z       mixed  |   1.185149    .165332     1.22   0.223      .901629    1.557824
2021-07-20T15:55:40.559048800Z              |
2021-07-20T15:55:40.559295000Z         age1 |   1.006262   .0074793     0.84   0.401     .9917095    1.021029
2021-07-20T15:55:40.559546000Z         age2 |   .9851461   .0224736    -0.66   0.512     .9420689    1.030193
2021-07-20T15:55:40.559797900Z         age3 |   1.035662   .0658151     0.55   0.581     .9143769    1.173035
2021-07-20T15:55:40.559810900Z              |
2021-07-20T15:55:40.559815200Z tot_adults~h |
2021-07-20T15:55:40.560074000Z           2  |   .9262377    .289182    -0.25   0.806     .5023051    1.707958
2021-07-20T15:55:40.560362600Z           3  |   .7218238   .1734486    -1.36   0.175     .4507068    1.156028
2021-07-20T15:55:40.560375900Z              |
2021-07-20T15:55:40.560682000Z       1.male |   1.000148   .0398279     0.00   0.997     .9250557    1.081337
2021-07-20T15:55:40.560694400Z              |
2021-07-20T15:55:40.560699100Z    obese4cat |
2021-07-20T15:55:40.560931000Z Obese I ..)  |   .9537497   .0645153    -0.70   0.484     .8353258    1.088963
2021-07-20T15:55:40.561189200Z Obese II..)  |   .9393106   .0811284    -0.72   0.469     .7930321    1.112571
2021-07-20T15:55:40.561462000Z Obese II..)  |   .9455444   .0892815    -0.59   0.553     .7857937    1.137772
2021-07-20T15:55:40.561475000Z              |
2021-07-20T15:55:40.561479200Z smoke_nomiss |
2021-07-20T15:55:40.561760500Z      Former  |   .9354198   .1345081    -0.46   0.642     .7056813    1.239951
2021-07-20T15:55:40.562075800Z     Current  |   .9200443   .0555026    -1.38   0.167     .8174462     1.03552
2021-07-20T15:55:40.562088000Z              |
2021-07-20T15:55:40.562092200Z          imd |
2021-07-20T15:55:40.562342000Z           4  |   .9058296   .0448144    -2.00   0.046     .8221191    .9980637
2021-07-20T15:55:40.562634300Z 5 most de..  |    .968104    .063565    -0.49   0.622     .8512022    1.101061
2021-07-20T15:55:40.562646200Z              |
2021-07-20T15:55:40.562650400Z    ethnicity |
2021-07-20T15:55:40.562913300Z Asian or ..  |   .9176375   .0641361    -1.23   0.219     .8001629    1.052359
2021-07-20T15:55:40.563190100Z       Other  |   1.029241   .0690315     0.43   0.667     .9024578    1.173837
2021-07-20T15:55:40.563202000Z              |
2021-07-20T15:55:40.563532100Z 1.htdiag_o~p |   .9506536   .0685747    -0.70   0.483     .8253183    1.095023
2021-07-20T15:55:40.563821200Z 1.~y_disease |   .9051677   .0455947    -1.98   0.048     .8200733    .9990919
2021-07-20T15:55:40.564134100Z     1.asthma |   1.017094   .0736749     0.23   0.815     .8824758    1.172247
2021-07-20T15:55:40.564441400Z 1.~c_disease |   .9665076   .0475358    -0.69   0.489     .8776889    1.064314
2021-07-20T15:55:40.564453500Z              |
2021-07-20T15:55:40.564457900Z      diabcat |
2021-07-20T15:55:40.564731900Z T1DM, con..  |   1.165004   .1382665     1.29   0.198     .9232172    1.470113
2021-07-20T15:55:40.564992800Z T1DM, unc..  |   .9260594   .2386713    -0.30   0.766     .5588053    1.534678
2021-07-20T15:55:40.565196500Z T2DM, con..  |   .8955076   .0481057    -2.05   0.040      .806016    .9949355
2021-07-20T15:55:40.565486900Z T2DM, unc..  |   1.187615    .120993     1.69   0.091     .9726488    1.450091
2021-07-20T15:55:40.565784200Z Diabetes,..  |   1.439124   1.106014     0.47   0.636     .3190964    6.490444
2021-07-20T15:55:40.565795000Z              |
2021-07-20T15:55:40.565799900Z cancer_exh~t |
2021-07-20T15:55:40.566086500Z   Last year  |   .9390088   .3097312    -0.19   0.849     .4919281    1.792411
2021-07-20T15:55:40.566384900Z 2-5 years..  |   .8739539   .1454494    -0.81   0.418     .6307043     1.21102
2021-07-20T15:55:40.566730400Z    5+ years  |   1.025136   .0527362     0.48   0.629     .9268152    1.133888
2021-07-20T15:55:40.566744400Z              |
2021-07-20T15:55:40.566750200Z cancer_hae~t |
2021-07-20T15:55:40.567054700Z   Last year  |   .9896865   .3134058    -0.03   0.974     .5320423     1.84098
2021-07-20T15:55:40.567308900Z 2-5 years..  |   1.154842   .1694468     0.98   0.327       .86622    1.539632
2021-07-20T15:55:40.567629600Z    5+ years  |   .9871886    .068446    -0.19   0.852     .8617527    1.130883
2021-07-20T15:55:40.567640900Z              |
2021-07-20T15:55:40.567948400Z 1.~r_disease |    1.05403   .0513281     1.08   0.280     .9580802    1.159588
2021-07-20T15:55:40.568208500Z 1.stroke_d~a |   .9648703   .0478823    -0.72   0.471     .8754423    1.063434
2021-07-20T15:55:40.568544300Z 1.other_ne~o |   .9817736   .0515352    -0.35   0.726     .8857888    1.088159
2021-07-20T15:55:40.568558200Z              |
2021-07-20T15:55:40.568563600Z reduced_ki~t |
2021-07-20T15:55:40.568920700Z Stage 3a/..  |    .955327   .4156567    -0.11   0.916     .4071925    2.241323
2021-07-20T15:55:40.569312500Z       1.esrd |   .8943555    .050517    -1.98   0.048     .8006278    .9990556
2021-07-20T15:55:40.569579900Z 1.other_tr~t |   1.009209   .0485833     0.19   0.849     .9183415    1.109067
2021-07-20T15:55:40.569885000Z   1.asplenia |   .9920387   .0486084    -0.16   0.870     .9011996    1.092034
2021-07-20T15:55:40.570278300Z 1.ra_sle_p~s |   1.051525   .0526058     1.00   0.315     .9533131    1.159855
2021-07-20T15:55:40.570629400Z 1.other_im~o |   1.053957   .0601254     0.92   0.357     .9424628    1.178641
2021-07-20T15:55:40.570645100Z              |
2021-07-20T15:55:40.570649000Z   timeperiod#|
2021-07-20T15:55:40.570651500Z   anyobesity |
2021-07-20T15:55:40.571055800Z        60 1  |   1.058936   .1054108     0.58   0.565       .87124    1.287069
2021-07-20T15:55:40.571367400Z        90 1  |   1.067829   .1228228     0.57   0.568     .8523061    1.337851
2021-07-20T15:55:40.571380200Z              |
2021-07-20T15:55:40.571383500Z   timeperiod#|
2021-07-20T15:55:40.571397100Z cancer_hae~t |
2021-07-20T15:55:40.571794800Z    60#Never  |   1.008003   .1150739     0.07   0.944     .8059135    1.260768
2021-07-20T15:55:40.572087400Z    90#Never  |    .951422   .1284552    -0.37   0.712     .7302123    1.239645
2021-07-20T15:55:40.572102400Z              |
2021-07-20T15:55:40.572107700Z   timeperiod#|
2021-07-20T15:55:40.572112100Z         esrd |
2021-07-20T15:55:40.572655700Z        60 1  |    1.03824   .0968002     0.40   0.687     .8648402    1.246405
2021-07-20T15:55:40.573083700Z        90 1  |   1.190285     .13375     1.55   0.121     .9549997    1.483539
2021-07-20T15:55:40.573098100Z              |
2021-07-20T15:55:40.573103600Z   timeperiod#|
2021-07-20T15:55:40.573108200Z other_immuno |
2021-07-20T15:55:40.573458600Z        60 1  |    .996915   .0920557    -0.03   0.973     .8318744    1.194699
2021-07-20T15:55:40.573714900Z        90 1  |   1.069066   .1198156     0.60   0.551     .8582343    1.331689
2021-07-20T15:55:40.573727800Z              |
2021-07-20T15:55:40.573733000Z   timeperiod#|
2021-07-20T15:55:40.573737500Z reduced_ki~t |
2021-07-20T15:55:40.574193900Z     60#None  |   .6450016   .4267038    -0.66   0.507      .176378    2.358724
2021-07-20T15:55:40.575628100Z     90#None  |   .7691745   .6385674    -0.32   0.752     .1511328    3.914632
2021-07-20T15:55:40.575643500Z ------------------------------------------------------------------------------
2021-07-20T15:55:40.575812800Z                                                              Stratified by stp
2021-07-20T15:55:40.601320500Z (note: file ./output/an_sense_covid_death_time_int_ageband_0W2.ster not found)
2021-07-20T15:55:40.601351200Z file ./output/an_sense_covid_death_time_int_ageband_0W2.ster saved
2021-07-20T15:55:40.662442500Z (7,288 observations (episodes) created)
2021-07-20T15:55:40.677006300Z 
2021-07-20T15:55:40.677029800Z          failure _d:  covid_death
2021-07-20T15:55:40.677035400Z    analysis time _t:  (stime_covid_death-origin)
2021-07-20T15:55:40.677040100Z              origin:  time enter_date
2021-07-20T15:55:40.677044300Z   enter on or after:  time enter_date
2021-07-20T15:55:40.677049300Z                  id:  patient_id
2021-07-20T15:55:41.203083400Z 
2021-07-20T15:55:41.203110700Z Iteration 0:   log pseudolikelihood = -4249.2225
2021-07-20T15:55:41.407340100Z Iteration 1:   log pseudolikelihood = -4227.1849
2021-07-20T15:55:41.604008400Z Iteration 2:   log pseudolikelihood = -4226.7057
2021-07-20T15:55:41.799832400Z Iteration 3:   log pseudolikelihood = -4226.7029
2021-07-20T15:55:42.103500400Z Iteration 4:   log pseudolikelihood = -4226.7029
2021-07-20T15:55:42.103533800Z Refining estimates:
2021-07-20T15:55:43.079665800Z Iteration 0:   log pseudolikelihood = -4226.7029
2021-07-20T15:55:44.765167300Z 
2021-07-20T15:55:44.765201300Z Stratified Cox regr. -- Breslow method for ties
2021-07-20T15:55:44.765208400Z 
2021-07-20T15:55:44.765213600Z No. of subjects      =        4,496             Number of obs    =      11,784
2021-07-20T15:55:44.765218600Z No. of failures      =          713
2021-07-20T15:55:44.765223800Z Time at risk         =       420295
2021-07-20T15:55:44.765326800Z                                                 Wald chi2(52)    =       47.50
2021-07-20T15:55:44.765345400Z Log pseudolikelihood =   -4226.7029             Prob > chi2      =      0.6514
2021-07-20T15:55:44.765352700Z 
2021-07-20T15:55:44.781504900Z                          (Std. Err. adjusted for 912 clusters in household_id)
2021-07-20T15:55:44.781528500Z ------------------------------------------------------------------------------
2021-07-20T15:55:44.781535200Z              |               Robust
2021-07-20T15:55:44.781540400Z           _t | Haz. Ratio   Std. Err.      z    P>|z|     [95% Conf. Interval]
2021-07-20T15:55:44.781545600Z -------------+----------------------------------------------------------------
2021-07-20T15:55:44.781551100Z    kids_cat4 |
2021-07-20T15:55:44.781741200Z only <12 ..  |    .944367   .2512778    -0.22   0.830     .5605993    1.590849
2021-07-20T15:55:44.781944500Z  only 12-18  |   .7309157   .2875421    -0.80   0.426     .3380685    1.580265
2021-07-20T15:55:44.782191400Z       mixed  |   .9341399   .2307936    -0.28   0.783     .5755851    1.516053
2021-07-20T15:55:44.782206800Z              |
2021-07-20T15:55:44.782455300Z         age1 |   .9773838   .0341597    -0.65   0.513     .9126737    1.046682
2021-07-20T15:55:44.782677300Z         age2 |    1.26481    .233847     1.27   0.204     .8803373    1.817195
2021-07-20T15:55:44.783005500Z         age3 |   .5999498   .2192434    -1.40   0.162     .2931265    1.227933
2021-07-20T15:55:44.783032100Z              |
2021-07-20T15:55:44.783038600Z tot_adults~h |
2021-07-20T15:55:44.783304200Z           2  |   1.077028    .549864     0.15   0.884      .395964     2.92953
2021-07-20T15:55:44.783574500Z           3  |   .6260888   .2642786    -1.11   0.267     .2737379     1.43198
2021-07-20T15:55:44.783588000Z              |
2021-07-20T15:55:44.783877100Z       1.male |   1.080905   .0848497     0.99   0.322     .9267639    1.260683
2021-07-20T15:55:44.783891100Z              |
2021-07-20T15:55:44.783897200Z    obese4cat |
2021-07-20T15:55:44.784263800Z Obese I ..)  |   .7833028   .1196995    -1.60   0.110     .5805696     1.05683
2021-07-20T15:55:44.784651400Z Obese II..)  |   .8894717   .1341743    -0.78   0.437     .6618061    1.195456
2021-07-20T15:55:44.785880800Z Obese II..)  |   1.014116   .1638817     0.09   0.931     .7388101     1.39201
2021-07-20T15:55:44.785909800Z              |
2021-07-20T15:55:44.785914700Z smoke_nomiss |
2021-07-20T15:55:44.786303800Z      Former  |   1.058077   .2807995     0.21   0.832     .6289549    1.779978
2021-07-20T15:55:44.786807900Z     Current  |   .9586011   .1109209    -0.37   0.715     .7640897    1.202628
2021-07-20T15:55:44.786822300Z              |
2021-07-20T15:55:44.786827400Z          imd |
2021-07-20T15:55:44.787143600Z           4  |   1.170294   .1071046     1.72   0.086     .9781227     1.40022
2021-07-20T15:55:44.787517700Z 5 most de..  |   1.034089    .136904     0.25   0.800     .7977492    1.340446
2021-07-20T15:55:44.787530000Z              |
2021-07-20T15:55:44.787535600Z    ethnicity |
2021-07-20T15:55:44.787888800Z Asian or ..  |   .9369173   .1189911    -0.51   0.608     .7304597    1.201728
2021-07-20T15:55:44.788263200Z       Other  |   .9179436   .1244512    -0.63   0.528      .703742    1.197343
2021-07-20T15:55:44.788277400Z              |
2021-07-20T15:55:44.788674200Z 1.htdiag_o~p |   .9748362   .1352749    -0.18   0.854     .7426996    1.279529
2021-07-20T15:55:44.789054100Z 1.~y_disease |   1.157753   .1060461     1.60   0.110     .9674951    1.385425
2021-07-20T15:55:44.789447800Z     1.asthma |   1.193923   .1518464     1.39   0.163     .9305039    1.531914
2021-07-20T15:55:44.789959700Z 1.~c_disease |   .9577614   .0865122    -0.48   0.633     .8023621    1.143258
2021-07-20T15:55:44.789973200Z              |
2021-07-20T15:55:44.789977700Z      diabcat |
2021-07-20T15:55:44.790287900Z T1DM, con..  |   1.070371   .2588603     0.28   0.779     .6663133    1.719453
2021-07-20T15:55:44.790557900Z T1DM, unc..  |   1.158562   .5197414     0.33   0.743     .4809086    2.791104
2021-07-20T15:55:44.790828600Z T2DM, con..  |   1.013878   .1048756     0.13   0.894     .8278225     1.24175
2021-07-20T15:55:44.791098000Z T2DM, unc..  |   .8303511   .1972097    -0.78   0.434     .5213147    1.322585
2021-07-20T15:55:44.791454800Z Diabetes,..  |   1.565056   1.473283     0.48   0.634     .2473102    9.904168
2021-07-20T15:55:44.791468700Z              |
2021-07-20T15:55:44.791474300Z cancer_exh~t |
2021-07-20T15:55:44.791816100Z   Last year  |   .5470778   .3685833    -0.90   0.371     .1460724    2.048944
2021-07-20T15:55:44.792111100Z 2-5 years..  |   .8993031   .3253375    -0.29   0.769     .4425579    1.827436
2021-07-20T15:55:44.792521400Z    5+ years  |   .9697347   .0958851    -0.31   0.756      .798892    1.177112
2021-07-20T15:55:44.792534800Z              |
2021-07-20T15:55:44.792539600Z cancer_hae~t |
2021-07-20T15:55:44.792930600Z   Last year  |   .7102473   .5029751    -0.48   0.629     .1772618    2.845798
2021-07-20T15:55:44.793216700Z 2-5 years..  |   1.131074   .3801524     0.37   0.714     .5853332     2.18564
2021-07-20T15:55:44.793653700Z    5+ years  |   .9741675   .1292198    -0.20   0.844     .7511467    1.263405
2021-07-20T15:55:44.793683800Z              |
2021-07-20T15:55:44.794063400Z 1.~r_disease |   1.066031   .1019722     0.67   0.504     .8837869    1.285856
2021-07-20T15:55:44.794446000Z 1.stroke_d~a |   1.105529   .1015872     1.09   0.275      .923322    1.323693
2021-07-20T15:55:44.794843700Z 1.other_ne~o |   1.041934   .0930567     0.46   0.646     .8746172    1.241258
2021-07-20T15:55:44.794856500Z              |
2021-07-20T15:55:44.794900300Z reduced_ki~t |
2021-07-20T15:55:44.795398200Z Stage 3a/..  |   1.427934   .3461796     1.47   0.142     .8878669    2.296509
2021-07-20T15:55:44.795800800Z       1.esrd |   .9654126   .1066148    -0.32   0.750      .777519    1.198712
2021-07-20T15:55:44.796165900Z 1.other_tr~t |   1.043868   .0992321     0.45   0.652      .866421    1.257658
2021-07-20T15:55:44.796613900Z   1.asplenia |   1.142998   .1004038     1.52   0.128     .9622188    1.357742
2021-07-20T15:55:44.796997800Z 1.ra_sle_p~s |   .8967063   .0828078    -1.18   0.238     .7482464    1.074622
2021-07-20T15:55:44.797296600Z 1.other_im~o |   .8157479   .0978142    -1.70   0.089     .6448973    1.031861
2021-07-20T15:55:44.797309600Z              |
2021-07-20T15:55:44.797315000Z   timeperiod#|
2021-07-20T15:55:44.797317900Z   anyobesity |
2021-07-20T15:55:44.797766900Z        60 1  |   1.183605   .2273087     0.88   0.380     .8123351    1.724559
2021-07-20T15:55:44.798070800Z        90 1  |   1.096701   .2485437     0.41   0.684     .7033664    1.709995
2021-07-20T15:55:44.798083700Z              |
2021-07-20T15:55:44.798089000Z   timeperiod#|
2021-07-20T15:55:44.798093400Z cancer_hae~t |
2021-07-20T15:55:44.798573100Z    60#Never  |   1.232849    .279281     0.92   0.355     .7908327    1.921919
2021-07-20T15:55:44.798882100Z    90#Never  |   .8066098   .1913581    -0.91   0.365     .5066716    1.284105
2021-07-20T15:55:44.798895200Z              |
2021-07-20T15:55:44.798900600Z   timeperiod#|
2021-07-20T15:55:44.798905100Z         esrd |
2021-07-20T15:55:44.799321600Z        60 1  |   .9721356     .18369    -0.15   0.881     .6712556     1.40788
2021-07-20T15:55:44.799673200Z        90 1  |   1.141325   .2379993     0.63   0.526     .7584187     1.71755
2021-07-20T15:55:44.799686000Z              |
2021-07-20T15:55:44.799691300Z   timeperiod#|
2021-07-20T15:55:44.799694600Z other_immuno |
2021-07-20T15:55:44.800153500Z        60 1  |    1.05383   .2181399     0.25   0.800     .7023831    1.581128
2021-07-20T15:55:44.800471200Z        90 1  |   .9398275   .2207354    -0.26   0.792     .5931004    1.489252
2021-07-20T15:55:44.800486300Z              |
2021-07-20T15:55:44.800491700Z   timeperiod#|
2021-07-20T15:55:44.800494500Z reduced_ki~t |
2021-07-20T15:55:44.800980800Z     60#None  |   2.427345   1.354122     1.59   0.112     .8133529    7.244094
2021-07-20T15:55:44.803058300Z     90#None  |   3.292735   2.451593     1.60   0.109     .7652405    14.16823
2021-07-20T15:55:44.803073000Z ------------------------------------------------------------------------------
2021-07-20T15:55:44.803373500Z                                                              Stratified by stp
2021-07-20T15:55:44.806969600Z 
2021-07-20T15:55:44.806995600Z -------------------------------------------------------------------------------
2021-07-20T15:55:44.807001700Z active results
2021-07-20T15:55:44.807006400Z -------------------------------------------------------------------------------
2021-07-20T15:55:44.809353200Z 
2021-07-20T15:55:44.809371600Z Stratified Cox regr. -- Breslow method for ties
2021-07-20T15:55:44.809377600Z 
2021-07-20T15:55:44.809381700Z No. of subjects      =        4,496             Number of obs    =      11,784
2021-07-20T15:55:44.809462900Z No. of failures      =          713
2021-07-20T15:55:44.809478100Z Time at risk         =       420295
2021-07-20T15:55:44.809653500Z                                                 Wald chi2(52)    =       47.50
2021-07-20T15:55:44.809668400Z Log pseudolikelihood =   -4226.7029             Prob > chi2      =      0.6514
2021-07-20T15:55:44.809674300Z 
2021-07-20T15:55:44.829314500Z                          (Std. Err. adjusted for 912 clusters in household_id)
2021-07-20T15:55:44.829334000Z ------------------------------------------------------------------------------
2021-07-20T15:55:44.829337500Z              |               Robust
2021-07-20T15:55:44.829340000Z           _t | Haz. Ratio   Std. Err.      z    P>|z|     [95% Conf. Interval]
2021-07-20T15:55:44.829342800Z -------------+----------------------------------------------------------------
2021-07-20T15:55:44.829345700Z    kids_cat4 |
2021-07-20T15:55:44.829622100Z only <12 ..  |    .944367   .2512778    -0.22   0.830     .5605993    1.590849
2021-07-20T15:55:44.829910300Z  only 12-18  |   .7309157   .2875421    -0.80   0.426     .3380685    1.580265
2021-07-20T15:55:44.830167000Z       mixed  |   .9341399   .2307936    -0.28   0.783     .5755851    1.516053
2021-07-20T15:55:44.830180200Z              |
2021-07-20T15:55:44.830488700Z         age1 |   .9773838   .0341597    -0.65   0.513     .9126737    1.046682
2021-07-20T15:55:44.830747400Z         age2 |    1.26481    .233847     1.27   0.204     .8803373    1.817195
2021-07-20T15:55:44.831198700Z         age3 |   .5999498   .2192434    -1.40   0.162     .2931265    1.227933
2021-07-20T15:55:44.831220600Z              |
2021-07-20T15:55:44.831229300Z tot_adults~h |
2021-07-20T15:55:44.831538600Z           2  |   1.077028    .549864     0.15   0.884      .395964     2.92953
2021-07-20T15:55:44.831869200Z           3  |   .6260888   .2642786    -1.11   0.267     .2737379     1.43198
2021-07-20T15:55:44.831895800Z              |
2021-07-20T15:55:44.832283400Z       1.male |   1.080905   .0848497     0.99   0.322     .9267639    1.260683
2021-07-20T15:55:44.832298400Z              |
2021-07-20T15:55:44.832303400Z    obese4cat |
2021-07-20T15:55:44.832585300Z Obese I ..)  |   .7833028   .1196995    -1.60   0.110     .5805696     1.05683
2021-07-20T15:55:44.832868500Z Obese II..)  |   .8894717   .1341743    -0.78   0.437     .6618061    1.195456
2021-07-20T15:55:44.833226100Z Obese II..)  |   1.014116   .1638817     0.09   0.931     .7388101     1.39201
2021-07-20T15:55:44.833238000Z              |
2021-07-20T15:55:44.833241300Z smoke_nomiss |
2021-07-20T15:55:44.833522800Z      Former  |   1.058077   .2807995     0.21   0.832     .6289549    1.779978
2021-07-20T15:55:44.833862600Z     Current  |   .9586011   .1109209    -0.37   0.715     .7640897    1.202628
2021-07-20T15:55:44.833875000Z              |
2021-07-20T15:55:44.833879400Z          imd |
2021-07-20T15:55:44.834190600Z           4  |   1.170294   .1071046     1.72   0.086     .9781227     1.40022
2021-07-20T15:55:44.834542800Z 5 most de..  |   1.034089    .136904     0.25   0.800     .7977492    1.340446
2021-07-20T15:55:44.834557100Z              |
2021-07-20T15:55:44.834562700Z    ethnicity |
2021-07-20T15:55:44.834936200Z Asian or ..  |   .9369173   .1189911    -0.51   0.608     .7304597    1.201728
2021-07-20T15:55:44.835248900Z       Other  |   .9179436   .1244512    -0.63   0.528      .703742    1.197343
2021-07-20T15:55:44.835260400Z              |
2021-07-20T15:55:44.835637100Z 1.htdiag_o~p |   .9748362   .1352749    -0.18   0.854     .7426996    1.279529
2021-07-20T15:55:44.836050200Z 1.~y_disease |   1.157753   .1060461     1.60   0.110     .9674951    1.385425
2021-07-20T15:55:44.836430500Z     1.asthma |   1.193923   .1518464     1.39   0.163     .9305039    1.531914
2021-07-20T15:55:44.836879400Z 1.~c_disease |   .9577614   .0865122    -0.48   0.633     .8023621    1.143258
2021-07-20T15:55:44.836894300Z              |
2021-07-20T15:55:44.836900200Z      diabcat |
2021-07-20T15:55:44.837229600Z T1DM, con..  |   1.070371   .2588603     0.28   0.779     .6663133    1.719453
2021-07-20T15:55:44.837496100Z T1DM, unc..  |   1.158562   .5197414     0.33   0.743     .4809086    2.791104
2021-07-20T15:55:44.837859800Z T2DM, con..  |   1.013878   .1048756     0.13   0.894     .8278225     1.24175
2021-07-20T15:55:44.838160300Z T2DM, unc..  |   .8303511   .1972097    -0.78   0.434     .5213147    1.322585
2021-07-20T15:55:44.838581300Z Diabetes,..  |   1.565056   1.473283     0.48   0.634     .2473102    9.904168
2021-07-20T15:55:44.838594700Z              |
2021-07-20T15:55:44.838600000Z cancer_exh~t |
2021-07-20T15:55:44.839094800Z   Last year  |   .5470778   .3685833    -0.90   0.371     .1460724    2.048944
2021-07-20T15:55:44.839507100Z 2-5 years..  |   .8993031   .3253375    -0.29   0.769     .4425579    1.827436
2021-07-20T15:55:44.839948000Z    5+ years  |   .9697347   .0958851    -0.31   0.756      .798892    1.177112
2021-07-20T15:55:44.839962600Z              |
2021-07-20T15:55:44.839968400Z cancer_hae~t |
2021-07-20T15:55:44.840331300Z   Last year  |   .7102473   .5029751    -0.48   0.629     .1772618    2.845798
2021-07-20T15:55:44.840618600Z 2-5 years..  |   1.131074   .3801524     0.37   0.714     .5853332     2.18564
2021-07-20T15:55:44.840986700Z    5+ years  |   .9741675   .1292198    -0.20   0.844     .7511467    1.263405
2021-07-20T15:55:44.841001100Z              |
2021-07-20T15:55:44.841356100Z 1.~r_disease |   1.066031   .1019722     0.67   0.504     .8837869    1.285856
2021-07-20T15:55:44.841749300Z 1.stroke_d~a |   1.105529   .1015872     1.09   0.275      .923322    1.323693
2021-07-20T15:55:44.842105500Z 1.other_ne~o |   1.041934   .0930567     0.46   0.646     .8746172    1.241258
2021-07-20T15:55:44.842118100Z              |
2021-07-20T15:55:44.842123500Z reduced_ki~t |
2021-07-20T15:55:44.842520500Z Stage 3a/..  |   1.427934   .3461796     1.47   0.142     .8878669    2.296509
2021-07-20T15:55:44.842853400Z       1.esrd |   .9654126   .1066148    -0.32   0.750      .777519    1.198712
2021-07-20T15:55:44.843192300Z 1.other_tr~t |   1.043868   .0992321     0.45   0.652      .866421    1.257658
2021-07-20T15:55:44.843528900Z   1.asplenia |   1.142998   .1004038     1.52   0.128     .9622188    1.357742
2021-07-20T15:55:44.843872400Z 1.ra_sle_p~s |   .8967063   .0828078    -1.18   0.238     .7482464    1.074622
2021-07-20T15:55:44.844171000Z 1.other_im~o |   .8157479   .0978142    -1.70   0.089     .6448973    1.031861
2021-07-20T15:55:44.844184400Z              |
2021-07-20T15:55:44.844190200Z   timeperiod#|
2021-07-20T15:55:44.844192900Z   anyobesity |
2021-07-20T15:55:44.844663500Z        60 1  |   1.183605   .2273087     0.88   0.380     .8123351    1.724559
2021-07-20T15:55:44.844986800Z        90 1  |   1.096701   .2485437     0.41   0.684     .7033664    1.709995
2021-07-20T15:55:44.844999500Z              |
2021-07-20T15:55:44.845041800Z   timeperiod#|
2021-07-20T15:55:44.845050300Z cancer_hae~t |
2021-07-20T15:55:44.845499100Z    60#Never  |   1.232849    .279281     0.92   0.355     .7908327    1.921919
2021-07-20T15:55:44.845852100Z    90#Never  |   .8066098   .1913581    -0.91   0.365     .5066716    1.284105
2021-07-20T15:55:44.845866500Z              |
2021-07-20T15:55:44.845871700Z   timeperiod#|
2021-07-20T15:55:44.845876300Z         esrd |
2021-07-20T15:55:44.846410700Z        60 1  |   .9721356     .18369    -0.15   0.881     .6712556     1.40788
2021-07-20T15:55:44.847135600Z        90 1  |   1.141325   .2379993     0.63   0.526     .7584187     1.71755
2021-07-20T15:55:44.847163400Z              |
2021-07-20T15:55:44.847169300Z   timeperiod#|
2021-07-20T15:55:44.847174000Z other_immuno |
2021-07-20T15:55:44.847591000Z        60 1  |    1.05383   .2181399     0.25   0.800     .7023831    1.581128
2021-07-20T15:55:44.847883800Z        90 1  |   .9398275   .2207354    -0.26   0.792     .5931004    1.489252
2021-07-20T15:55:44.847897100Z              |
2021-07-20T15:55:44.847901700Z   timeperiod#|
2021-07-20T15:55:44.847906000Z reduced_ki~t |
2021-07-20T15:55:44.848323200Z     60#None  |   2.427345   1.354122     1.59   0.112     .8133529    7.244094
2021-07-20T15:55:44.849926900Z     90#None  |   3.292735   2.451593     1.60   0.109     .7652405    14.16823
2021-07-20T15:55:44.849941900Z ------------------------------------------------------------------------------
2021-07-20T15:55:44.850206200Z                                                              Stratified by stp
2021-07-20T15:55:44.859271600Z (note: file ./output/an_sense_covid_death_time_int_ageband_1W2.ster not found)
2021-07-20T15:55:44.859296100Z file ./output/an_sense_covid_death_time_int_ageband_1W2.ster saved
2021-07-20T15:55:44.859301900Z . }
2021-07-20T15:55:44.859306100Z 
2021-07-20T15:55:44.859310000Z . cap log close
2021-07-20T15:55:44.860090300Z 
2021-07-20T15:55:44.860106000Z . exit, clear
2021-07-20T15:55:44.860111100Z 
2021-07-20T15:55:44.860115000Z end of do-file
2021-07-20T15:55:44.860118800Z 
2021-07-20T15:55:44.860122700Z . . file open output using "/tmp/tmp.gCYPiHEdc7", write text replace
2021-07-20T15:55:44.860512800Z 
2021-07-20T15:55:44.860526700Z . . file write output "success" 
2021-07-20T15:55:44.860532700Z 
2021-07-20T15:55:44.860535500Z . . file close output
2021-07-20T15:55:44.860537900Z 
2021-07-20T15:55:44.860540300Z . 
2021-07-20T15:55:44.860542800Z end of do-file
2021-07-20T15:55:44.860545400Z 
2021-07-20T15:55:44.860547800Z 
2021-07-20T15:55:44.890021900Z . 

state: succeeded
commit: none
docker_image_id: sha256:11980aa720220a1b39bf523f5a8a33270214c13876c30ee364e16265766f7f60
exit_code: 0
job_id: 3yhfqouigwxr4hlz
run_by_user: qc18278
created_at: 2021-07-20T15:38:48Z
started_at: 2021-07-20T15:55:23Z
completed_at: 2021-07-20T15:56:08Z

Completed successfully

outputs:
  log/07d_an_multivariable_cox_models_covid_death_Sense5_time_intsW2.log  - moderately_sensitive
  output/an_sense_covid_death_time_int_ageband_0W2.ster                   - moderately_sensitive
  output/an_sense_covid_death_time_int_ageband_1W2.ster                   - moderately_sensitive