2021-07-20T15:57:28.380901700Z 
2021-07-20T15:57:28.380928500Z   ___  ____  ____  ____  ____ (R)
2021-07-20T15:57:28.380932600Z  /__    /   ____/   /   ____/
2021-07-20T15:57:28.380936100Z ___/   /   /___/   /   /___/   16.1   Copyright 1985-2019 StataCorp LLC
2021-07-20T15:57:28.380938700Z   Statistics/Data Analysis            StataCorp
2021-07-20T15:57:28.380941100Z                                       4905 Lakeway Drive
2021-07-20T15:57:28.380943700Z                                       College Station, Texas 77845 USA
2021-07-20T15:57:28.380946300Z                                       800-STATA-PC        http://www.stata.com
2021-07-20T15:57:28.380948800Z                                       979-696-4600        stata@stata.com
2021-07-20T15:57:28.380951300Z                                       979-696-4601 (fax)
2021-07-20T15:57:28.380953700Z 
2021-07-20T15:57:28.380956000Z 3-user Stata network license expires 11 May 2022:
2021-07-20T15:57:28.380958500Z        Serial number:  501709312237
2021-07-20T15:57:28.380960900Z          Licensed to:  The Bennett Institute
2021-07-20T15:57:28.380963500Z                        Oxford University
2021-07-20T15:57:28.381533200Z 
2021-07-20T15:57:28.381551800Z Notes:
2021-07-20T15:57:28.381557900Z       1.  Unicode is supported; see help unicode_advice.
2021-07-20T15:57:28.381562200Z 
2021-07-20T15:57:28.381566200Z . do "analysis/07d_an_multivariable_cox_models_FULL_Sense6.wrapper.do" covidadm
2021-07-20T15:57:28.381570900Z > ission W2 
2021-07-20T15:57:28.381576100Z 
2021-07-20T15:57:28.381580300Z . . do "analysis/07d_an_multivariable_cox_models_FULL_Sense6.do" covidadmission
2021-07-20T15:57:28.381584100Z >  W2
2021-07-20T15:57:28.381586500Z 
2021-07-20T15:57:28.381588800Z . *****************************************************************************
2021-07-20T15:57:28.381591300Z > ***
2021-07-20T15:57:28.381594400Z . *
2021-07-20T15:57:28.381598100Z . *       Do-file:                07d_an_multivariable_cox_models_Sense4.do
2021-07-20T15:57:28.381602000Z . *
2021-07-20T15:57:28.381606100Z . *       Project:                Exposure children and COVID risk
2021-07-20T15:57:28.381610200Z . *
2021-07-20T15:57:28.381614200Z . *       Programmed by:  Hforbes, based on files from Fizz & Krishnan
2021-07-20T15:57:28.381618600Z . *
2021-07-20T15:57:28.381622300Z . *       Data used:              analysis_dataset.dta
2021-07-20T15:57:28.381626200Z . *
2021-07-20T15:57:28.381629200Z . *       Data created:   None
2021-07-20T15:57:28.381631500Z . *
2021-07-20T15:57:28.381634000Z . *       Other output:   Log file:  07b_an_multivariable_cox_models_`outcome'.
2021-07-20T15:57:28.381645700Z > log
2021-07-20T15:57:28.381648400Z . *
2021-07-20T15:57:28.381650800Z . *****************************************************************************
2021-07-20T15:57:28.381653200Z > ***
2021-07-20T15:57:28.381655400Z . *
2021-07-20T15:57:28.381657700Z . *       Purpose:                This do-file performs multivariable (fully ad
2021-07-20T15:57:28.381660100Z > justed) 
2021-07-20T15:57:28.381664000Z . *                                       Cox models, with exposure variable id
2021-07-20T15:57:28.381666700Z > entifying nursery school kids
2021-07-20T15:57:28.381669200Z . *  
2021-07-20T15:57:28.381671600Z . *****************************************************************************
2021-07-20T15:57:28.381674000Z > ***
2021-07-20T15:57:28.381676300Z . *       
2021-07-20T15:57:28.381678600Z . *       Stata routines needed:  stbrier   
2021-07-20T15:57:28.381681000Z . *
2021-07-20T15:57:28.381683400Z . *****************************************************************************
2021-07-20T15:57:28.381686000Z > ***
2021-07-20T15:57:28.381688400Z . 
2021-07-20T15:57:28.381690700Z . * Set globals that will print in programs and direct output
2021-07-20T15:57:28.381696700Z . global outdir     "output" 
2021-07-20T15:57:28.381699500Z 
2021-07-20T15:57:28.381701700Z . global logdir     "log"
2021-07-20T15:57:28.381704100Z 
2021-07-20T15:57:28.381706500Z . global tempdir    "tempdata"
2021-07-20T15:57:28.381709800Z 
2021-07-20T15:57:28.381713800Z . global demogadjlist  age1 age2 age3 i.male i.obese4cat i.smoke_nomiss i.imd i
2021-07-20T15:57:28.381718000Z > .tot_adults_hh i.ethnicity
2021-07-20T15:57:28.381722000Z 
2021-07-20T15:57:28.381727800Z . global comordidadjlist  i.htdiag_or_highbp                              ///
2021-07-20T15:57:28.381732400Z >                         i.chronic_respiratory_disease   ///
2021-07-20T15:57:28.381736600Z >                         i.asthma                                             
2021-07-20T15:57:28.381741200Z >    ///
2021-07-20T15:57:28.381745300Z >                         i.chronic_cardiac_disease               ///
2021-07-20T15:57:28.381749800Z >                         i.diabcat                                            
2021-07-20T15:57:28.381754200Z >    ///
2021-07-20T15:57:28.381756700Z >                         i.cancer_exhaem_cat                             ///
2021-07-20T15:57:28.381759200Z >                         i.cancer_haem_cat                               ///
2021-07-20T15:57:28.381761700Z >                         i.chronic_liver_disease                 ///
2021-07-20T15:57:28.381764200Z >                         i.stroke_dementia                               ///
2021-07-20T15:57:28.381785700Z >                         i.other_neuro                                   ///
2021-07-20T15:57:28.381789700Z >                         i.reduced_kidney_function_cat   ///
2021-07-20T15:57:28.381792400Z >                         i.esrd                                               
2021-07-20T15:57:28.381795900Z >    ///
2021-07-20T15:57:28.381799600Z >                         i.other_transplant                              ///
2021-07-20T15:57:28.381803700Z >                         i.asplenia                                           
2021-07-20T15:57:28.381807700Z >    ///
2021-07-20T15:57:28.381812000Z >                         i.ra_sle_psoriasis                      ///
2021-07-20T15:57:28.381816300Z >                         i.other_immuno          
2021-07-20T15:57:28.381820800Z 
2021-07-20T15:57:28.381824600Z . 
2021-07-20T15:57:28.381828400Z . local outcome `1' 
2021-07-20T15:57:28.381833200Z 
2021-07-20T15:57:28.381837100Z . local dataset `2'
2021-07-20T15:57:28.381918200Z 
2021-07-20T15:57:28.381931000Z . 
2021-07-20T15:57:28.381936200Z . 
2021-07-20T15:57:28.381939800Z . *****************************************************************************
2021-07-20T15:57:28.381942500Z > *******
2021-07-20T15:57:28.381945500Z . *First clean up all old saved estimates for this outcome
2021-07-20T15:57:28.381949300Z . *This is to guard against accidentally displaying left-behind results from ol
2021-07-20T15:57:28.381953700Z > d runs
2021-07-20T15:57:28.381957500Z . *****************************************************************************
2021-07-20T15:57:28.381961300Z > *******
2021-07-20T15:57:28.381965500Z . 
2021-07-20T15:57:28.381969300Z . * Open a log file
2021-07-20T15:57:28.381973400Z . capture log close
2021-07-20T15:57:28.381977800Z 
2021-07-20T15:57:28.381980700Z . log using "$logdir/07d_an_multivariable_cox_models_`outcome'_Sense6_nursery_c
2021-07-20T15:57:28.381983400Z > at`dataset'", text replace
2021-07-20T15:57:28.381985900Z (note: file /workspace/log/07d_an_multivariable_cox_models_covidadmission_Sense
2021-07-20T15:57:28.381988400Z > 6_nursery_catW2.log not found)
2021-07-20T15:57:28.381991800Z -------------------------------------------------------------------------------
2021-07-20T15:57:28.381995900Z       name:  <unnamed>
2021-07-20T15:57:28.382000000Z        log:  /workspace/log/07d_an_multivariable_cox_models_covidadmission_Sens
2021-07-20T15:57:28.382004800Z > e6_nursery_catW2.log
2021-07-20T15:57:28.382009300Z   log type:  text
2021-07-20T15:57:28.382021400Z  opened on:  20 Jul 2021, 15:57:28
2021-07-20T15:57:28.382026400Z 
2021-07-20T15:57:28.382032700Z . 
2021-07-20T15:57:28.382035200Z . 
2021-07-20T15:57:28.382037400Z . *****************************************************************************
2021-07-20T15:57:28.382039900Z > ********
2021-07-20T15:57:28.382042700Z . *PROG TO DEFINE THE BASIC COX MODEL WITH OPTIONS FOR HANDLING OF AGE, BMI, ET
2021-07-20T15:57:28.382045400Z > HNICITY:
2021-07-20T15:57:28.382048000Z . cap prog drop basecoxmodel
2021-07-20T15:57:28.382050500Z 
2021-07-20T15:57:28.382053500Z . prog define basecoxmodel
2021-07-20T15:57:28.382219800Z   1.         syntax , exposure(string) age(string)
2021-07-20T15:57:28.382231700Z   2. timer clear
2021-07-20T15:57:28.382236400Z   3. timer on 1
2021-07-20T15:57:28.382240700Z   4.         capture stcox   `exposure'                      ///
2021-07-20T15:57:28.382244700Z >                         $demogadjlist                           ///
2021-07-20T15:57:28.382248700Z >                         $comordidadjlist                ///
2021-07-20T15:57:28.382253600Z >                         , strata(stp) vce(cluster household_id)
2021-07-20T15:57:28.382258100Z   5. timer off 1
2021-07-20T15:57:28.382262200Z   6. timer list
2021-07-20T15:57:28.382266100Z   7. end
2021-07-20T15:57:28.382269900Z 
2021-07-20T15:57:28.382272300Z . *****************************************************************************
2021-07-20T15:57:28.382274700Z > ********
2021-07-20T15:57:28.382277100Z . 
2021-07-20T15:57:28.382279300Z . 
2021-07-20T15:57:28.382281800Z . * Open dataset and fit specified model(s)
2021-07-20T15:57:28.382284300Z . forvalues x=0/1 {
2021-07-20T15:57:28.382286800Z   2. 
2021-07-20T15:57:28.382289200Z . use "$tempdir/cr_create_analysis_dataset_STSET_`outcome'_ageband_`x'`dataset'
2021-07-20T15:57:28.382291700Z > .dta", clear
2021-07-20T15:57:28.382294000Z   3. 
2021-07-20T15:57:28.382296500Z . 
2021-07-20T15:57:28.382298800Z . ******************************
2021-07-20T15:57:28.382303600Z . *  Multivariable Cox models  *
2021-07-20T15:57:28.382306500Z . ******************************
2021-07-20T15:57:28.382309200Z . 
2021-07-20T15:57:28.382311800Z . foreach exposure_type in kids_cat5  {
2021-07-20T15:57:28.382314200Z   4. 
2021-07-20T15:57:28.382317600Z . *Age spline model (not adj ethnicity)
2021-07-20T15:57:28.382320500Z . basecoxmodel, exposure("i.`exposure_type'") age("age1 age2 age3")
2021-07-20T15:57:28.382324700Z   5. if _rc==0{
2021-07-20T15:57:28.382336500Z   6. estimates
2021-07-20T15:57:28.382404900Z   7. estimates save ./output/an_sense_`outcome'_nursery_cat_ageband_`x'`dataset
2021-07-20T15:57:28.382417800Z > ', replace
2021-07-20T15:57:28.382423100Z   8. *estat concordance /*c-statistic*/
2021-07-20T15:57:28.382427000Z .         /*  Proportional Hazards test  
2021-07-20T15:57:28.382429500Z >         * Based on Schoenfeld residuals
2021-07-20T15:57:28.382431900Z >         timer clear 
2021-07-20T15:57:28.382434400Z >         timer on 1
2021-07-20T15:57:28.382436800Z >         if e(N_fail)>0 estat phtest, d
2021-07-20T15:57:28.382439300Z >         timer off 1
2021-07-20T15:57:28.382441700Z >         timer list*/
2021-07-20T15:57:28.382444400Z . }
2021-07-20T15:57:28.382446700Z   9. else di "WARNING AGE SPLINE MODEL DID NOT FIT (OUTCOME `outcome')"
2021-07-20T15:57:28.382449300Z  10. 
2021-07-20T15:57:28.382451600Z . }
2021-07-20T15:57:28.382454000Z  11. }
2021-07-20T15:57:34.735655900Z    1:      6.35 /        1 =       6.3500
2021-07-20T15:57:34.737531400Z 
2021-07-20T15:57:34.737545300Z -------------------------------------------------------------------------------
2021-07-20T15:57:34.737548900Z active results
2021-07-20T15:57:34.737551600Z -------------------------------------------------------------------------------
2021-07-20T15:57:34.739060900Z 
2021-07-20T15:57:34.739073800Z Stratified Cox regr. -- Breslow method for ties
2021-07-20T15:57:34.739078400Z 
2021-07-20T15:57:34.739082500Z No. of subjects      =       16,213             Number of obs    =      16,213
2021-07-20T15:57:34.739085400Z No. of failures      =        2,394
2021-07-20T15:57:34.739118300Z Time at risk         =      1194952
2021-07-20T15:57:34.739127400Z                                                 Wald chi2(43)    =       52.99
2021-07-20T15:57:34.739132500Z Log pseudolikelihood =   -17203.201             Prob > chi2      =      0.1413
2021-07-20T15:57:34.739137200Z 
2021-07-20T15:57:34.793239500Z                        (Std. Err. adjusted for 1,121 clusters in household_id)
2021-07-20T15:57:34.793268600Z ------------------------------------------------------------------------------
2021-07-20T15:57:34.793275200Z              |               Robust
2021-07-20T15:57:34.793280100Z           _t | Haz. Ratio   Std. Err.      z    P>|z|     [95% Conf. Interval]
2021-07-20T15:57:34.793286300Z -------------+----------------------------------------------------------------
2021-07-20T15:57:34.793291400Z    kids_cat5 |
2021-07-20T15:57:34.801114900Z only <5 y..  |   .9233573   .2254042    -0.33   0.744     .5722422    1.489909
2021-07-20T15:57:34.801291900Z   only 5-11  |   1.208245   .2173808     1.05   0.293     .8492034     1.71909
2021-07-20T15:57:34.801528600Z      12-<18  |   .8171528   .1687101    -0.98   0.328     .5452095    1.224738
2021-07-20T15:57:34.801773400Z       mixed  |   .9751048   .1514037    -0.16   0.871       .71926    1.321955
2021-07-20T15:57:34.801786900Z              |
2021-07-20T15:57:34.801903200Z         age1 |   1.009243   .0079945     1.16   0.245     .9936948    1.025034
2021-07-20T15:57:34.802058100Z         age2 |   .9806363    .023714    -0.81   0.419      .935242    1.028234
2021-07-20T15:57:34.802413400Z         age3 |   1.046704   .0695501     0.69   0.492     .9188917    1.192294
2021-07-20T15:57:34.802425800Z       1.male |   .9721788   .0401608    -0.68   0.495     .8965674    1.054167
2021-07-20T15:57:34.802430800Z              |
2021-07-20T15:57:34.802434500Z    obese4cat |
2021-07-20T15:57:34.802848300Z Obese I ..)  |    1.09042   .0632104     1.49   0.135     .9733091    1.221623
2021-07-20T15:57:34.802860200Z Obese II..)  |   1.137551   .0804252     1.82   0.068     .9903542    1.306625
2021-07-20T15:57:34.803249500Z Obese II..)  |   1.040735   .0914226     0.45   0.649      .876127     1.23627
2021-07-20T15:57:34.803268100Z              |
2021-07-20T15:57:34.803273500Z smoke_nomiss |
2021-07-20T15:57:34.803277700Z      Former  |   1.112443   .1503012     0.79   0.430     .8536361    1.449716
2021-07-20T15:57:34.803668400Z     Current  |   .9788947    .063232    -0.33   0.741     .8624866    1.111014
2021-07-20T15:57:34.803681700Z              |
2021-07-20T15:57:34.803686900Z          imd |
2021-07-20T15:57:34.803862200Z           4  |   1.003726   .0522482     0.07   0.943     .9063719    1.111536
2021-07-20T15:57:34.804123700Z 5 most de..  |    1.05501    .070999     0.80   0.426     .9246409     1.20376
2021-07-20T15:57:34.804134800Z              |
2021-07-20T15:57:34.804137700Z tot_adults~h |
2021-07-20T15:57:34.804349800Z           2  |    1.08368   .3699011     0.24   0.814     .5550774    2.115672
2021-07-20T15:57:34.804661800Z           3  |   .9568083   .2636705    -0.16   0.873     .5575154    1.642075
2021-07-20T15:57:34.804674300Z              |
2021-07-20T15:57:34.804678700Z    ethnicity |
2021-07-20T15:57:34.804883700Z Asian or ..  |   1.016169   .0660607     0.25   0.805      .894602    1.154256
2021-07-20T15:57:34.805114400Z       Other  |   .9556667   .0678146    -0.64   0.523     .8315813    1.098268
2021-07-20T15:57:34.805126900Z              |
2021-07-20T15:57:34.805444900Z 1.htdiag_o~p |    .956671   .0748763    -0.57   0.571     .8206183     1.11528
2021-07-20T15:57:34.805682500Z 1.~y_disease |   .9984606   .0496864    -0.03   0.975     .9056754    1.100752
2021-07-20T15:57:34.806032700Z     1.asthma |   1.010892   .0728107     0.15   0.880     .8778007    1.164162
2021-07-20T15:57:34.806385300Z 1.~c_disease |    .931158   .0490851    -1.35   0.176      .839756    1.032509
2021-07-20T15:57:34.806421300Z              |
2021-07-20T15:57:34.806426400Z      diabcat |
2021-07-20T15:57:34.806776400Z T1DM, con..  |   .9382249   .1277745    -0.47   0.640     .7184292    1.225265
2021-07-20T15:57:34.807067500Z T1DM, unc..  |   1.388815   .3333647     1.37   0.171     .8676126     2.22312
2021-07-20T15:57:34.807279300Z T2DM, con..  |   1.024146   .0559574     0.44   0.662     .9201402    1.139909
2021-07-20T15:57:34.807502800Z T2DM, unc..  |   1.166878    .126929     1.42   0.156     .9428325    1.444163
2021-07-20T15:57:34.807753300Z Diabetes,..  |   1.916933   1.515111     0.82   0.410     .4072227    9.023645
2021-07-20T15:57:34.807764300Z              |
2021-07-20T15:57:34.807767000Z cancer_exh~t |
2021-07-20T15:57:34.808064600Z   Last year  |   .9604255   .3176503    -0.12   0.903     .5022709    1.836493
2021-07-20T15:57:34.808313400Z 2-5 years..  |   .5419724   .1144655    -2.90   0.004      .358263    .8198841
2021-07-20T15:57:34.808658300Z    5+ years  |   1.114001   .0601732     2.00   0.046     1.002092    1.238408
2021-07-20T15:57:34.808668900Z              |
2021-07-20T15:57:34.808671800Z cancer_hae~t |
2021-07-20T15:57:34.809010400Z   Last year  |   1.247186   .3787053     0.73   0.467     .6878052      2.2615
2021-07-20T15:57:34.809308600Z 2-5 years..  |   1.072955    .170823     0.44   0.658     .7853501    1.465884
2021-07-20T15:57:34.809639500Z    5+ years  |   1.009722   .0561732     0.17   0.862     .9054148    1.126046
2021-07-20T15:57:34.809650300Z              |
2021-07-20T15:57:34.810047500Z 1.~r_disease |     .95873   .0502739    -0.80   0.422     .8650893    1.062507
2021-07-20T15:57:34.810336800Z 1.stroke_d~a |   1.139171   .0569033     2.61   0.009     1.032928    1.256341
2021-07-20T15:57:34.810670100Z 1.other_ne~o |   .9223817   .0482438    -1.54   0.122     .8325107    1.021954
2021-07-20T15:57:34.810678800Z              |
2021-07-20T15:57:34.810681500Z reduced_ki~t |
2021-07-20T15:57:34.811081400Z Stage 3a/..  |   1.198093   .3438034     0.63   0.529     .6827013    2.102569
2021-07-20T15:57:34.811452500Z       1.esrd |   .9683387   .0419096    -0.74   0.457     .8895848    1.054065
2021-07-20T15:57:34.811746400Z 1.other_tr~t |   1.013912   .0515481     0.27   0.786     .9177505     1.12015
2021-07-20T15:57:34.812029100Z   1.asplenia |   1.077121   .0499972     1.60   0.109     .9834537     1.17971
2021-07-20T15:57:34.812307400Z 1.ra_sle_p~s |   1.048846   .0556131     0.90   0.368     .9453192    1.163711
2021-07-20T15:57:34.821092500Z 1.other_im~o |   .9536246   .0422067    -1.07   0.283     .8743874    1.040042
2021-07-20T15:57:34.821108800Z ------------------------------------------------------------------------------
2021-07-20T15:57:34.821288500Z                                                              Stratified by stp
2021-07-20T15:57:34.845759900Z (note: file ./output/an_sense_covidadmission_nursery_cat_ageband_0W2.ster not f
2021-07-20T15:57:34.845783100Z > ound)
2021-07-20T15:57:34.845786200Z file ./output/an_sense_covidadmission_nursery_cat_ageband_0W2.ster saved
2021-07-20T15:57:37.734647600Z    1:      2.89 /        1 =       2.8870
2021-07-20T15:57:37.734675500Z 
2021-07-20T15:57:37.734680600Z -------------------------------------------------------------------------------
2021-07-20T15:57:37.734684900Z active results
2021-07-20T15:57:37.734688400Z -------------------------------------------------------------------------------
2021-07-20T15:57:37.736921000Z 
2021-07-20T15:57:37.736939200Z Stratified Cox regr. -- Breslow method for ties
2021-07-20T15:57:37.736944700Z 
2021-07-20T15:57:37.736949100Z No. of subjects      =        4,489             Number of obs    =       4,489
2021-07-20T15:57:37.736953400Z No. of failures      =          636
2021-07-20T15:57:37.736957400Z Time at risk         =       331396
2021-07-20T15:57:37.736961800Z                                                 Wald chi2(43)    =    29461.92
2021-07-20T15:57:37.737083900Z Log pseudolikelihood =   -3736.6195             Prob > chi2      =      0.0000
2021-07-20T15:57:37.737117500Z 
2021-07-20T15:57:37.751027400Z                          (Std. Err. adjusted for 912 clusters in household_id)
2021-07-20T15:57:37.751051500Z ------------------------------------------------------------------------------
2021-07-20T15:57:37.751056200Z              |               Robust
2021-07-20T15:57:37.751059100Z           _t | Haz. Ratio   Std. Err.      z    P>|z|     [95% Conf. Interval]
2021-07-20T15:57:37.751062000Z -------------+----------------------------------------------------------------
2021-07-20T15:57:37.751065000Z    kids_cat5 |
2021-07-20T15:57:37.751356400Z only <5 y..  |   1.904648   .7719808     1.59   0.112     .8606187    4.215205
2021-07-20T15:57:37.751611800Z   only 5-11  |   .7838537   .2720195    -0.70   0.483     .3970488    1.547484
2021-07-20T15:57:37.752010200Z      12-<18  |   1.927407   .6553612     1.93   0.054     .9897966    3.753193
2021-07-20T15:57:37.752269300Z       mixed  |   1.130953   .3205786     0.43   0.664     .6488798    1.971175
2021-07-20T15:57:37.752282500Z              |
2021-07-20T15:57:37.752645300Z         age1 |   .9577073   .0341447    -1.21   0.225     .8930695    1.027023
2021-07-20T15:57:37.753027400Z         age2 |   1.321124   .2459568     1.50   0.135     .9172197     1.90289
2021-07-20T15:57:37.753375000Z         age3 |   .5696295   .2089223    -1.53   0.125     .2775866    1.168925
2021-07-20T15:57:37.753747900Z       1.male |   1.146702   .0929068     1.69   0.091     .9783306    1.344051
2021-07-20T15:57:37.753759300Z              |
2021-07-20T15:57:37.753764900Z    obese4cat |
2021-07-20T15:57:37.754034200Z Obese I ..)  |   1.177028   .1368734     1.40   0.161     .9371368    1.478328
2021-07-20T15:57:37.754372900Z Obese II..)  |   1.167289   .1640844     1.10   0.271     .8861882    1.537555
2021-07-20T15:57:37.754659800Z Obese II..)  |    1.04176   .1786981     0.24   0.811      .744315     1.45807
2021-07-20T15:57:37.754680000Z              |
2021-07-20T15:57:37.754684500Z smoke_nomiss |
2021-07-20T15:57:37.754881800Z      Former  |   .4897078    .199872    -1.75   0.080     .2200508     1.08981
2021-07-20T15:57:37.755327000Z     Current  |   .9181577   .1197909    -0.65   0.513     .7109877    1.185694
2021-07-20T15:57:37.755341800Z              |
2021-07-20T15:57:37.755346500Z          imd |
2021-07-20T15:57:37.755690500Z           4  |   1.150725   .1180408     1.37   0.171     .9411437    1.406979
2021-07-20T15:57:37.756000300Z 5 most de..  |   1.179605   .1492823     1.31   0.192     .9204808    1.511676
2021-07-20T15:57:37.756014300Z              |
2021-07-20T15:57:37.756020800Z tot_adults~h |
2021-07-20T15:57:37.756271500Z           2  |   .7240774   .3601157    -0.65   0.516     .2731775    1.919221
2021-07-20T15:57:37.756621200Z           3  |   .5149713   .2235869    -1.53   0.126     .2198943    1.206013
2021-07-20T15:57:37.756635700Z              |
2021-07-20T15:57:37.756686100Z    ethnicity |
2021-07-20T15:57:37.756809300Z Asian or ..  |   1.020283   .1324579     0.15   0.877     .7910677    1.315914
2021-07-20T15:57:37.757209900Z       Other  |   .7039925   .1100698    -2.24   0.025     .5181816    .9564321
2021-07-20T15:57:37.757222300Z              |
2021-07-20T15:57:37.757561700Z 1.htdiag_o~p |   1.082963   .1717779     0.50   0.615     .7935921    1.477848
2021-07-20T15:57:37.757760300Z 1.~y_disease |   1.020961   .0965969     0.22   0.826     .8481522    1.228979
2021-07-20T15:57:37.758044900Z     1.asthma |   .7582804   .1203183    -1.74   0.081     .5556067    1.034885
2021-07-20T15:57:37.758441800Z 1.~c_disease |   1.011588   .0999226     0.12   0.907      .833535    1.227676
2021-07-20T15:57:37.758451500Z              |
2021-07-20T15:57:37.758454200Z      diabcat |
2021-07-20T15:57:37.758783800Z T1DM, con..  |    .931198   .2583478    -0.26   0.797      .540615    1.603969
2021-07-20T15:57:37.759094300Z T1DM, unc..  |    2.10064   .6790715     2.30   0.022     1.114768     3.95839
2021-07-20T15:57:37.759343200Z T2DM, con..  |   .8677747   .0960233    -1.28   0.200     .6985824    1.077944
2021-07-20T15:57:37.759895700Z T2DM, unc..  |   .9963899   .2203079    -0.02   0.987     .6459866    1.536863
2021-07-20T15:57:37.760098000Z Diabetes,..  |   2.05e-16   1.09e-16   -67.99   0.000     7.22e-17    5.80e-16
2021-07-20T15:57:37.760110700Z              |
2021-07-20T15:57:37.760115500Z cancer_exh~t |
2021-07-20T15:57:37.760404000Z   Last year  |   2.23e-16   5.37e-17  -150.00   0.000     1.40e-16    3.58e-16
2021-07-20T15:57:37.760744800Z 2-5 years..  |   1.239008   .3902558     0.68   0.496     .6682941    2.297105
2021-07-20T15:57:37.761123900Z    5+ years  |   1.080223   .1073385     0.78   0.437     .8890617    1.312486
2021-07-20T15:57:37.761136500Z              |
2021-07-20T15:57:37.761140400Z cancer_hae~t |
2021-07-20T15:57:37.761465900Z   Last year  |   2.448615   1.005308     2.18   0.029      1.09509     5.47509
2021-07-20T15:57:37.761731000Z 2-5 years..  |   1.963891   .5273918     2.51   0.012     1.160198    3.324319
2021-07-20T15:57:37.762447200Z    5+ years  |   1.039445   .1084785     0.37   0.711     .8471663    1.275366
2021-07-20T15:57:37.762462500Z              |
2021-07-20T15:57:37.762944300Z 1.~r_disease |   1.069671   .1094473     0.66   0.510     .8752991    1.307206
2021-07-20T15:57:37.763384600Z 1.stroke_d~a |   1.027067    .098922     0.28   0.782     .8503844    1.240459
2021-07-20T15:57:37.783222300Z 1.other_ne~o |   1.022104   .0996892     0.22   0.823     .8442568    1.237416
2021-07-20T15:57:37.783244200Z              |
2021-07-20T15:57:37.783247500Z reduced_ki~t |
2021-07-20T15:57:37.783250200Z Stage 3a/..  |   1.171343   .2396906     0.77   0.440     .7843391    1.749301
2021-07-20T15:57:37.783252800Z       1.esrd |   .9488686   .0790107    -0.63   0.528     .8059868     1.11708
2021-07-20T15:57:37.783255500Z 1.other_tr~t |   1.004026   .1002021     0.04   0.968     .8256477    1.220942
2021-07-20T15:57:37.783258000Z   1.asplenia |   1.116049    .100501     1.22   0.223     .9354742    1.331479
2021-07-20T15:57:37.783260900Z 1.ra_sle_p~s |   1.022236    .100838     0.22   0.824     .8425292    1.240274
2021-07-20T15:57:37.783263700Z 1.other_im~o |   .8607129   .0763723    -1.69   0.091     .7233193    1.024204
2021-07-20T15:57:37.783266300Z ------------------------------------------------------------------------------
2021-07-20T15:57:37.783269000Z                                                              Stratified by stp
2021-07-20T15:57:37.789835200Z (note: file ./output/an_sense_covidadmission_nursery_cat_ageband_1W2.ster not f
2021-07-20T15:57:37.789863100Z > ound)
2021-07-20T15:57:37.789869200Z file ./output/an_sense_covidadmission_nursery_cat_ageband_1W2.ster saved
2021-07-20T15:57:37.789874800Z 
2021-07-20T15:57:37.789879000Z . 
2021-07-20T15:57:37.789883200Z . log close
2021-07-20T15:57:37.790118400Z       name:  <unnamed>
2021-07-20T15:57:37.790136200Z        log:  /workspace/log/07d_an_multivariable_cox_models_covidadmission_Sens
2021-07-20T15:57:37.790141700Z > e6_nursery_catW2.log
2021-07-20T15:57:37.790146700Z   log type:  text
2021-07-20T15:57:37.790150700Z  closed on:  20 Jul 2021, 15:57:37
2021-07-20T15:57:37.790155300Z -------------------------------------------------------------------------------
2021-07-20T15:57:37.790171300Z 
2021-07-20T15:57:37.790175900Z . 
2021-07-20T15:57:37.790179800Z . 
2021-07-20T15:57:37.790183300Z . 
2021-07-20T15:57:37.790186400Z . exit, clear 
2021-07-20T15:57:37.790189300Z 
2021-07-20T15:57:37.790192500Z end of do-file
2021-07-20T15:57:37.790195600Z 
2021-07-20T15:57:37.790198400Z . . file open output using "/tmp/tmp.WTJojFJzIg", write text replace
2021-07-20T15:57:37.790255700Z 
2021-07-20T15:57:37.790269100Z . . file write output "success" 
2021-07-20T15:57:37.790273400Z 
2021-07-20T15:57:37.790276900Z . . file close output
2021-07-20T15:57:37.790389800Z 
2021-07-20T15:57:37.790402300Z . 
2021-07-20T15:57:37.790407200Z end of do-file
2021-07-20T15:57:37.790421500Z 
2021-07-20T15:57:37.790430200Z 
2021-07-20T15:57:37.812003100Z . 

state: succeeded
commit: none
docker_image_id: sha256:11980aa720220a1b39bf523f5a8a33270214c13876c30ee364e16265766f7f60
exit_code: 0
job_id: sqei6caemyqvo5x2
run_by_user: qc18278
created_at: 2021-07-20T15:38:48Z
started_at: 2021-07-20T15:57:28Z
completed_at: 2021-07-20T15:58:00Z

Completed successfully

outputs:
  log/07d_an_multivariable_cox_models_covidadmission_Sense6_nursery_catW2.log  - moderately_sensitive
  output/an_sense_covidadmission_nursery_cat_ageband_0W2.ster                  - moderately_sensitive
  output/an_sense_covidadmission_nursery_cat_ageband_1W2.ster                  - moderately_sensitive