2021-07-20T15:52:07.660629100Z 
2021-07-20T15:52:07.660684800Z   ___  ____  ____  ____  ____ (R)
2021-07-20T15:52:07.660691000Z  /__    /   ____/   /   ____/
2021-07-20T15:52:07.660694700Z ___/   /   /___/   /   /___/   16.1   Copyright 1985-2019 StataCorp LLC
2021-07-20T15:52:07.660698300Z   Statistics/Data Analysis            StataCorp
2021-07-20T15:52:07.660701700Z                                       4905 Lakeway Drive
2021-07-20T15:52:07.660705000Z                                       College Station, Texas 77845 USA
2021-07-20T15:52:07.660708300Z                                       800-STATA-PC        http://www.stata.com
2021-07-20T15:52:07.660711900Z                                       979-696-4600        stata@stata.com
2021-07-20T15:52:07.660715600Z                                       979-696-4601 (fax)
2021-07-20T15:52:07.660719000Z 
2021-07-20T15:52:07.660755700Z 3-user Stata network license expires 11 May 2022:
2021-07-20T15:52:07.660760500Z        Serial number:  501709312237
2021-07-20T15:52:07.660764300Z          Licensed to:  The Bennett Institute
2021-07-20T15:52:07.660767700Z                        Oxford University
2021-07-20T15:52:07.661301100Z 
2021-07-20T15:52:07.661314000Z Notes:
2021-07-20T15:52:07.661318600Z       1.  Unicode is supported; see help unicode_advice.
2021-07-20T15:52:07.661322400Z 
2021-07-20T15:52:07.661325600Z . do "analysis/07d_an_multivariable_cox_models_FULL_Sense5.wrapper.do" covidadm
2021-07-20T15:52:07.661329400Z > ission MAIN 
2021-07-20T15:52:07.661332900Z 
2021-07-20T15:52:07.661336000Z . . do "analysis/07d_an_multivariable_cox_models_FULL_Sense5.do" covidadmission
2021-07-20T15:52:07.661339100Z >  MAIN
2021-07-20T15:52:07.661342100Z 
2021-07-20T15:52:07.661345300Z . *****************************************************************************
2021-07-20T15:52:07.661348800Z > ***
2021-07-20T15:52:07.661351900Z . *
2021-07-20T15:52:07.661354900Z . *       Do-file:                07d_an_multivariable_cox_models_Sense5.do
2021-07-20T15:52:07.661358000Z . *
2021-07-20T15:52:07.661361000Z . *       Project:                Exposure children and COVID risk
2021-07-20T15:52:07.661364300Z . *
2021-07-20T15:52:07.661367200Z . *       Programmed by:  Hforbes, based on files from Fizz & Krishnan
2021-07-20T15:52:07.661370400Z . *
2021-07-20T15:52:07.661373900Z . *       Data used:              analysis_dataset.dta
2021-07-20T15:52:07.661377000Z . *
2021-07-20T15:52:07.661379700Z . *       Data created:   None
2021-07-20T15:52:07.661382600Z . *
2021-07-20T15:52:07.661385600Z . *       Other output:   Log file:  07b_an_multivariable_cox_models_`outcome'.
2021-07-20T15:52:07.661401400Z > log
2021-07-20T15:52:07.661420000Z . *
2021-07-20T15:52:07.661423800Z . *****************************************************************************
2021-07-20T15:52:07.661427000Z > ***
2021-07-20T15:52:07.661430000Z . *
2021-07-20T15:52:07.661433000Z . *       Purpose:                This do-file performs multivariable (fully ad
2021-07-20T15:52:07.661437100Z > justed) 
2021-07-20T15:52:07.661440200Z . *                                       Cox models, with time interactions
2021-07-20T15:52:07.661443600Z . *  
2021-07-20T15:52:07.661446900Z . *****************************************************************************
2021-07-20T15:52:07.661450100Z > ***
2021-07-20T15:52:07.661453100Z . *       
2021-07-20T15:52:07.661456200Z . *       Stata routines needed:  stbrier   
2021-07-20T15:52:07.661459300Z . *
2021-07-20T15:52:07.661462300Z . *****************************************************************************
2021-07-20T15:52:07.661465700Z > ***
2021-07-20T15:52:07.661472900Z . 
2021-07-20T15:52:07.661476600Z . * Set globals that will print in programs and direct output
2021-07-20T15:52:07.661480000Z . global outdir     "output" 
2021-07-20T15:52:07.666346200Z 
2021-07-20T15:52:07.666378000Z . global logdir     "log"
2021-07-20T15:52:07.666382900Z 
2021-07-20T15:52:07.666386600Z . global tempdir    "tempdata"
2021-07-20T15:52:07.666390200Z 
2021-07-20T15:52:07.666394100Z . 
2021-07-20T15:52:07.666397600Z . local comordidadjlist  i.htdiag_or_highbp                               ///
2021-07-20T15:52:07.666401700Z >                         i.chronic_respiratory_disease   ///
2021-07-20T15:52:07.666405400Z >                         i.asthma                                             
2021-07-20T15:52:07.666409200Z >    ///
2021-07-20T15:52:07.666412400Z >                         i.chronic_cardiac_disease               ///
2021-07-20T15:52:07.666415100Z >                         i.diabcat                                            
2021-07-20T15:52:07.666417400Z >    ///
2021-07-20T15:52:07.666436700Z >                         i.cancer_exhaem_cat                             ///
2021-07-20T15:52:07.666438900Z >                         i.cancer_haem_cat                               ///
2021-07-20T15:52:07.666441100Z >                         i.chronic_liver_disease                 ///
2021-07-20T15:52:07.666443200Z >                         i.stroke_dementia                               ///
2021-07-20T15:52:07.666445300Z >                         i.other_neuro                                   ///
2021-07-20T15:52:07.666447400Z >                         i.reduced_kidney_function_cat   ///
2021-07-20T15:52:07.666459700Z >                         i.esrd                                               
2021-07-20T15:52:07.666463100Z >    ///
2021-07-20T15:52:07.666466400Z >                         i.other_transplant                              ///
2021-07-20T15:52:07.666469600Z >                         i.asplenia                                           
2021-07-20T15:52:07.666473000Z >    ///
2021-07-20T15:52:07.666476100Z >                         i.ra_sle_psoriasis                      ///
2021-07-20T15:52:07.666479600Z >                         i.other_immuno          
2021-07-20T15:52:07.666482900Z 
2021-07-20T15:52:07.666486000Z . 
2021-07-20T15:52:07.666488900Z . *****************************************************************************
2021-07-20T15:52:07.666492100Z > *******
2021-07-20T15:52:07.666495200Z . *First clean up all old saved estimates for this outcome
2021-07-20T15:52:07.666499600Z . *This is to guard against accidentally displaying left-behind results from ol
2021-07-20T15:52:07.666503100Z > d runs
2021-07-20T15:52:07.666506200Z . *****************************************************************************
2021-07-20T15:52:07.666509300Z > *******
2021-07-20T15:52:07.666512300Z . local outcome `1' 
2021-07-20T15:52:07.666515400Z 
2021-07-20T15:52:07.666518500Z . local dataset `2'
2021-07-20T15:52:07.666520700Z 
2021-07-20T15:52:07.666522700Z . 
2021-07-20T15:52:07.666524600Z . 
2021-07-20T15:52:07.666526600Z . if "`outcome'"=="covid_tpp_prob" & "`dataset'"=="MAIN" {
2021-07-20T15:52:07.666528900Z . * Open a log file
2021-07-20T15:52:07.666530800Z . capture log close
2021-07-20T15:52:07.666532700Z . log using "$logdir/07d_an_multivariable_cox_models_`outcome'_Sense5_time_ints
2021-07-20T15:52:07.666534800Z > `dataset'", text replace
2021-07-20T15:52:07.666537000Z . 
2021-07-20T15:52:07.666538900Z . 
2021-07-20T15:52:07.666540700Z . foreach x in 0 {
2021-07-20T15:52:07.666542600Z   2. ******************************
2021-07-20T15:52:07.666544600Z . *  Multivariable Cox models  *
2021-07-20T15:52:07.666546500Z . ******************************
2021-07-20T15:52:07.666550100Z . use "$tempdir/cr_create_analysis_dataset_STSET_covid_tpp_prob_ageband_`x'`dat
2021-07-20T15:52:07.666552400Z > aset'.dta", clear
2021-07-20T15:52:07.666554600Z   3. stsplit timeperiod, at(60 90)
2021-07-20T15:52:07.666556700Z   4. 
2021-07-20T15:52:07.666558700Z . *make vars binary
2021-07-20T15:52:07.666560700Z . gen anyreduced_kidney_function = reduced_kidney_function_cat>=2
2021-07-20T15:52:07.666566900Z   5. gen anyobesity = obese4cat>=2
2021-07-20T15:52:07.666569000Z   6. gen highimd = imd>=3
2021-07-20T15:52:07.666570900Z   7. gen anydiab= diabcat>=2
2021-07-20T15:52:07.666572800Z   8. gen any_nonwhite=ethnicity>=2
2021-07-20T15:52:07.666575000Z   9.    
2021-07-20T15:52:07.666577000Z . *Fully adjusted
2021-07-20T15:52:07.666579400Z . stcox   i.kids_cat4      ///
2021-07-20T15:52:07.666582800Z >                         age1 age2 age3          ///
2021-07-20T15:52:07.666586200Z >                         i.tot_adults_hh ///
2021-07-20T15:52:07.666589300Z >                         i.male                                               
2021-07-20T15:52:07.666592600Z >    ///
2021-07-20T15:52:07.666595800Z >                         i.obese4cat                                     ///
2021-07-20T15:52:07.666599400Z >                         i.smoke_nomiss                                  ///
2021-07-20T15:52:07.666603200Z >                         i.imd                                           ///
2021-07-20T15:52:07.666606800Z >                         i.ethnicity ///
2021-07-20T15:52:07.666610100Z >                         `comordidadjlist'       ///     
2021-07-20T15:52:07.666612700Z >                         60.timeperiod#1.male                                 
2021-07-20T15:52:07.666614800Z >                    ///
2021-07-20T15:52:07.666616800Z >                         90.timeperiod#1.male                                 
2021-07-20T15:52:07.666618800Z >            ///
2021-07-20T15:52:07.666620900Z >                         60.timeperiod#1.tot_adults_hh                        
2021-07-20T15:52:07.666623200Z >                            ///
2021-07-20T15:52:07.666625300Z >                         90.timeperiod#1.tot_adults_hh                        
2021-07-20T15:52:07.666627400Z >                    ///
2021-07-20T15:52:07.666629400Z >                         60.timeperiod#1.anyobesity                           
2021-07-20T15:52:07.666631500Z >                            ///
2021-07-20T15:52:07.666633500Z >                         90.timeperiod#1.anyobesity                           
2021-07-20T15:52:07.666635600Z >                    ///
2021-07-20T15:52:07.666637700Z >                         60.timeperiod#1.any_nonwhite                         
2021-07-20T15:52:07.666639800Z >                            ///
2021-07-20T15:52:07.666641900Z >                         90.timeperiod#1.any_nonwhite                         
2021-07-20T15:52:07.666644100Z >                    ///
2021-07-20T15:52:07.666646300Z >                         60.timeperiod#3.smoke_nomiss                         
2021-07-20T15:52:07.666648400Z >                    ///
2021-07-20T15:52:07.666653300Z >                         90.timeperiod#3.smoke_nomiss                         
2021-07-20T15:52:07.666655500Z >            ///
2021-07-20T15:52:07.666657600Z >                         60.timeperiod#1.highimd                              
2021-07-20T15:52:07.666659800Z >                            ///
2021-07-20T15:52:07.666663100Z >                         90.timeperiod#1.highimd                              
2021-07-20T15:52:07.666665400Z >                    ///
2021-07-20T15:52:07.666667400Z >                         60.timeperiod#1.htdiag_or_highbp                     
2021-07-20T15:52:07.666670500Z >                            ///
2021-07-20T15:52:07.666673600Z >                         90.timeperiod#1.htdiag_or_highbp                     
2021-07-20T15:52:07.666677100Z >                    ///
2021-07-20T15:52:07.666680800Z >                         60.timeperiod#1.chronic_respiratory_disease          
2021-07-20T15:52:07.666684300Z >                            ///
2021-07-20T15:52:07.666707400Z >                         90.timeperiod#1.chronic_respiratory_disease          
2021-07-20T15:52:07.666732800Z >                            ///             
2021-07-20T15:52:07.666739100Z >                         60.timeperiod#1.asthma                          ///
2021-07-20T15:52:07.666742300Z >                         90.timeperiod#1.asthma                  ///
2021-07-20T15:52:07.666745700Z >                         60.timeperiod#1.chronic_cardiac_disease              
2021-07-20T15:52:07.666748900Z >                    ///
2021-07-20T15:52:07.666752000Z >                         90.timeperiod#1.chronic_cardiac_disease              
2021-07-20T15:52:07.666755600Z >                    ///             
2021-07-20T15:52:07.666759100Z >                         60.timeperiod#1.cancer_haem_cat                      
2021-07-20T15:52:07.666762600Z >                    ///
2021-07-20T15:52:07.666766000Z >                         90.timeperiod#1.cancer_haem_cat                      
2021-07-20T15:52:07.666769800Z >            ///
2021-07-20T15:52:07.666772100Z >                         60.timeperiod#1.anydiab                              
2021-07-20T15:52:07.666774200Z >    ///
2021-07-20T15:52:07.666776100Z >                         90.timeperiod#1.anydiab                              
2021-07-20T15:52:07.666778400Z >    ///     
2021-07-20T15:52:07.666781600Z >                         60.timeperiod#1.stroke_dementia                      
2021-07-20T15:52:07.666785200Z >                    ///
2021-07-20T15:52:07.666788500Z >                         90.timeperiod#1.stroke_dementia                      
2021-07-20T15:52:07.666793200Z >            ///
2021-07-20T15:52:07.666802100Z >                         60.timeperiod#1.other_neuro                          
2021-07-20T15:52:07.666806200Z >                    ///
2021-07-20T15:52:07.666809300Z >                         90.timeperiod#1.other_neuro                          
2021-07-20T15:52:07.666812500Z >            ///
2021-07-20T15:52:07.666816800Z >                         60.timeperiod#1.esrd                                 
2021-07-20T15:52:07.666820800Z >            ///
2021-07-20T15:52:07.666824200Z >                         90.timeperiod#1.esrd                                 
2021-07-20T15:52:07.666827800Z >    ///
2021-07-20T15:52:07.666831300Z >                         60.timeperiod#1.other_immuno                         
2021-07-20T15:52:07.666834900Z >                    ///
2021-07-20T15:52:07.666839800Z >                         90.timeperiod#1.other_immuno                         
2021-07-20T15:52:07.666843500Z >            ///
2021-07-20T15:52:07.666847000Z >                         60.timeperiod#1.reduced_kidney_function_cat          
2021-07-20T15:52:07.666850700Z >                                    ///
2021-07-20T15:52:07.666854300Z >                         90.timeperiod#1.reduced_kidney_function_cat          
2021-07-20T15:52:07.666858200Z >                            ///
2021-07-20T15:52:07.666861600Z >                         , strata(stp) vce(cluster household_id)
2021-07-20T15:52:07.666864300Z  10. estimates
2021-07-20T15:52:07.666866400Z  11. estimates save "./output/an_sense_covid_tpp_prob_time_int_ageband_`x'`data
2021-07-20T15:52:07.666868500Z > set'", replace
2021-07-20T15:52:07.666870700Z  12. }
2021-07-20T15:52:07.666872700Z . }
2021-07-20T15:52:07.666874800Z 
2021-07-20T15:52:07.666876700Z . 
2021-07-20T15:52:07.666878600Z . if "`outcome'"=="covid_tpp_prob" & "`dataset'"=="W2" {
2021-07-20T15:52:07.666880900Z . * Open a log file
2021-07-20T15:52:07.666883300Z . capture log close
2021-07-20T15:52:07.666885100Z . log using "$logdir/07d_an_multivariable_cox_models_`outcome'_Sense5_time_ints
2021-07-20T15:52:07.666887400Z > `dataset'", text replace
2021-07-20T15:52:07.666889500Z . 
2021-07-20T15:52:07.666891500Z . 
2021-07-20T15:52:07.666893500Z . foreach x in 0 {
2021-07-20T15:52:07.666895400Z   2. ******************************
2021-07-20T15:52:07.666897300Z . *  Multivariable Cox models  *
2021-07-20T15:52:07.666899300Z . ******************************
2021-07-20T15:52:07.666901200Z . use "$tempdir/cr_create_analysis_dataset_STSET_covid_tpp_prob_ageband_`x'`dat
2021-07-20T15:52:07.666903500Z > aset'.dta", clear
2021-07-20T15:52:07.666909400Z   3. stsplit timeperiod, at(60 90)
2021-07-20T15:52:07.666911600Z   4. 
2021-07-20T15:52:07.666913500Z . *make vars binary
2021-07-20T15:52:07.666916300Z . gen anyreduced_kidney_function = reduced_kidney_function_cat>=2
2021-07-20T15:52:07.666919800Z   5. gen anyobesity = obese4cat>=2
2021-07-20T15:52:07.666923100Z   6. gen highimd = imd>=3
2021-07-20T15:52:07.666926300Z   7. gen anydiab= diabcat>=2
2021-07-20T15:52:07.666929600Z   8. gen any_nonwhite=ethnicity>=2
2021-07-20T15:52:07.666932900Z   9.    
2021-07-20T15:52:07.666936100Z . *Fully adjusted
2021-07-20T15:52:07.666939400Z . stcox   i.kids_cat4      ///
2021-07-20T15:52:07.666942600Z >                         age1 age2 age3          ///
2021-07-20T15:52:07.666946100Z >                         i.tot_adults_hh ///
2021-07-20T15:52:07.666948700Z >                         i.male                                               
2021-07-20T15:52:07.666950700Z >    ///
2021-07-20T15:52:07.666952800Z >                         i.obese4cat                                     ///
2021-07-20T15:52:07.666955000Z >                         i.smoke_nomiss                                  ///
2021-07-20T15:52:07.666957200Z >                         i.imd                                           ///
2021-07-20T15:52:07.666959400Z >                         i.ethnicity ///
2021-07-20T15:52:07.666961400Z >                         `comordidadjlist'       ///     
2021-07-20T15:52:07.666963400Z >                         60.timeperiod#1.tot_adults_hh                        
2021-07-20T15:52:07.666965400Z >                            ///
2021-07-20T15:52:07.666967400Z >                         90.timeperiod#1.tot_adults_hh                        
2021-07-20T15:52:07.666969600Z >                    ///
2021-07-20T15:52:07.666971700Z >                         60.timeperiod#1.anyobesity                           
2021-07-20T15:52:07.666974800Z >                            ///
2021-07-20T15:52:07.666976900Z >                         90.timeperiod#1.anyobesity                           
2021-07-20T15:52:07.666979000Z >                    ///
2021-07-20T15:52:07.666980900Z >                         60.timeperiod#1.any_nonwhite                         
2021-07-20T15:52:07.666982900Z >                            ///
2021-07-20T15:52:07.666984800Z >                         90.timeperiod#1.any_nonwhite                         
2021-07-20T15:52:07.666988100Z >                    ///
2021-07-20T15:52:07.666991400Z >                         60.timeperiod#3.smoke_nomiss                         
2021-07-20T15:52:07.666994900Z >                    ///
2021-07-20T15:52:07.666998100Z >                         90.timeperiod#3.smoke_nomiss                         
2021-07-20T15:52:07.667005700Z >            ///
2021-07-20T15:52:07.667009300Z >                         60.timeperiod#1.highimd                              
2021-07-20T15:52:07.667012900Z >                            ///
2021-07-20T15:52:07.667016100Z >                         90.timeperiod#1.highimd                              
2021-07-20T15:52:07.667019700Z >                    ///
2021-07-20T15:52:07.667023000Z >                         60.timeperiod#1.other_neuro                          
2021-07-20T15:52:07.667026200Z >                    ///
2021-07-20T15:52:07.667030100Z >                         90.timeperiod#1.other_neuro                          
2021-07-20T15:52:07.667033400Z >            ///
2021-07-20T15:52:07.667036500Z >                         60.timeperiod#1.other_immuno                         
2021-07-20T15:52:07.667039800Z >                    ///
2021-07-20T15:52:07.667043000Z >                         90.timeperiod#1.other_immuno                         
2021-07-20T15:52:07.667046800Z >            ///
2021-07-20T15:52:07.667050200Z >                         , strata(stp) vce(cluster household_id)
2021-07-20T15:52:07.667053800Z  10. estimates
2021-07-20T15:52:07.667057300Z  11. estimates save "./output/an_sense_covid_tpp_prob_time_int_ageband_`x'`data
2021-07-20T15:52:07.667060700Z > set'", replace
2021-07-20T15:52:07.667063900Z  12. }
2021-07-20T15:52:07.667067000Z . }
2021-07-20T15:52:07.667070100Z 
2021-07-20T15:52:07.667073400Z . 
2021-07-20T15:52:07.667076900Z . if "`outcome'"=="covidadmission"  & "`dataset'"=="MAIN" {
2021-07-20T15:52:07.667080800Z . * Open a log file
2021-07-20T15:52:07.667084300Z . capture log close
2021-07-20T15:52:07.667087500Z . log using "$logdir/07d_an_multivariable_cox_models_`outcome'_Sense5_time_ints
2021-07-20T15:52:07.667091100Z > `dataset'", text replace
2021-07-20T15:52:07.667094500Z (note: file /workspace/log/07d_an_multivariable_cox_models_covidadmission_Sense
2021-07-20T15:52:07.667097900Z > 5_time_intsMAIN.log not found)
2021-07-20T15:52:07.667101400Z -------------------------------------------------------------------------------
2021-07-20T15:52:07.667104900Z       name:  <unnamed>
2021-07-20T15:52:07.667108700Z        log:  /workspace/log/07d_an_multivariable_cox_models_covidadmission_Sens
2021-07-20T15:52:07.667112200Z > e5_time_intsMAIN.log
2021-07-20T15:52:07.667115700Z   log type:  text
2021-07-20T15:52:07.667119000Z  opened on:  20 Jul 2021, 15:52:07
2021-07-20T15:52:07.667122400Z . 
2021-07-20T15:52:07.667125500Z . foreach x in 0 1 {
2021-07-20T15:52:07.667133800Z   2. ******************************
2021-07-20T15:52:07.667137800Z . *  Multivariable Cox models  *
2021-07-20T15:52:07.667142500Z . ******************************
2021-07-20T15:52:07.667147300Z . use "$tempdir/cr_create_analysis_dataset_STSET_covidadmission_ageband_`x'`dat
2021-07-20T15:52:07.667151200Z > aset'.dta", clear
2021-07-20T15:52:07.667154500Z   3. stsplit timeperiod, at(60 90)
2021-07-20T15:52:07.667157800Z   4. 
2021-07-20T15:52:07.667161000Z . *make vars binary
2021-07-20T15:52:07.667164600Z . gen anyreduced_kidney_function = reduced_kidney_function_cat>=2
2021-07-20T15:52:07.667168400Z   5. gen anyobesity = obese4cat>=2
2021-07-20T15:52:07.667172000Z   6. gen highimd = imd>=3
2021-07-20T15:52:07.667176100Z   7. gen anydiab= diabcat>=2
2021-07-20T15:52:07.667179500Z   8. gen any_nonwhite=ethnicity>=2
2021-07-20T15:52:07.667182900Z   9. 
2021-07-20T15:52:07.667186200Z . *Fully adjusted
2021-07-20T15:52:07.667189400Z . stcox   i.kids_cat4      ///
2021-07-20T15:52:07.667193000Z >                         age1 age2 age3          ///
2021-07-20T15:52:07.667196700Z >                         i.male                                               
2021-07-20T15:52:07.667200400Z >    ///
2021-07-20T15:52:07.667203700Z >                         i.tot_adults_hh ///
2021-07-20T15:52:07.667207500Z >                         i.obese4cat                                     ///
2021-07-20T15:52:07.667211000Z >                         i.smoke_nomiss                                  ///
2021-07-20T15:52:07.667215200Z >                         i.imd                                           ///
2021-07-20T15:52:07.667218700Z >                         i.ethnicity ///
2021-07-20T15:52:07.667222400Z >                         `comordidadjlist'       ///     
2021-07-20T15:52:07.667249500Z >                         60.timeperiod#1.male                                 
2021-07-20T15:52:07.667276200Z >                    ///
2021-07-20T15:52:07.667280400Z >                         90.timeperiod#1.male                                 
2021-07-20T15:52:07.667283800Z >            ///
2021-07-20T15:52:07.667287100Z >                         60.timeperiod#1.any_nonwhite                         
2021-07-20T15:52:07.667290700Z >                            ///
2021-07-20T15:52:07.667294200Z >                         90.timeperiod#1.any_nonwhite                         
2021-07-20T15:52:07.667297700Z >                    ///
2021-07-20T15:52:07.667301300Z >                         60.timeperiod#1.highimd                              
2021-07-20T15:52:07.667305000Z >                            ///
2021-07-20T15:52:07.667308800Z >                         90.timeperiod#1.highimd                              
2021-07-20T15:52:07.667318400Z >                    ///
2021-07-20T15:52:07.667322200Z >                         60.timeperiod#1.chronic_liver_disease                
2021-07-20T15:52:07.667325900Z >                    ///
2021-07-20T15:52:07.667329200Z >                         90.timeperiod#1.chronic_liver_disease                
2021-07-20T15:52:07.667333100Z >                    ///             
2021-07-20T15:52:07.667336900Z >                         , strata(stp) vce(cluster household_id)
2021-07-20T15:52:07.667340600Z  10. estimates
2021-07-20T15:52:07.667344200Z  11. estimates save "./output/an_sense_covidadmission_time_int_ageband_`x'`data
2021-07-20T15:52:07.667348000Z > set'", replace
2021-07-20T15:52:07.667351300Z  12. }
2021-07-20T15:52:07.920449400Z (26,509 observations (episodes) created)
2021-07-20T15:52:07.978768600Z 
2021-07-20T15:52:07.978804300Z          failure _d:  covidadmission
2021-07-20T15:52:07.979234900Z    analysis time _t:  (stime_covidadmission-origin)
2021-07-20T15:52:07.979250100Z              origin:  time enter_date
2021-07-20T15:52:07.979275600Z   enter on or after:  time enter_date
2021-07-20T15:52:07.979663300Z                  id:  patient_id
2021-07-20T15:52:09.404839400Z 
2021-07-20T15:52:09.404864300Z Iteration 0:   log pseudolikelihood = -30539.368
2021-07-20T15:52:10.020069500Z Iteration 1:   log pseudolikelihood = -30514.522
2021-07-20T15:52:10.790385500Z Iteration 2:   log pseudolikelihood = -30514.163
2021-07-20T15:52:11.477726800Z Iteration 3:   log pseudolikelihood = -30514.157
2021-07-20T15:52:12.001751900Z Iteration 4:   log pseudolikelihood = -30514.157
2021-07-20T15:52:12.001771200Z Refining estimates:
2021-07-20T15:52:14.314081200Z Iteration 0:   log pseudolikelihood = -30514.157
2021-07-20T15:52:23.417261200Z 
2021-07-20T15:52:23.417289700Z Stratified Cox regr. -- Breslow method for ties
2021-07-20T15:52:23.417574800Z 
2021-07-20T15:52:23.417595900Z No. of subjects      =       16,206             Number of obs    =      42,715
2021-07-20T15:52:23.417602800Z No. of failures      =        4,348
2021-07-20T15:52:23.417608700Z Time at risk         =      2522495
2021-07-20T15:52:23.417692400Z                                                 Wald chi2(50)    =       54.39
2021-07-20T15:52:23.417785600Z Log pseudolikelihood =   -30514.157             Prob > chi2      =      0.3110
2021-07-20T15:52:23.417805400Z 
2021-07-20T15:52:23.651556000Z                        (Std. Err. adjusted for 1,106 clusters in household_id)
2021-07-20T15:52:23.651586200Z ------------------------------------------------------------------------------
2021-07-20T15:52:23.651606000Z              |               Robust
2021-07-20T15:52:23.651612400Z           _t | Haz. Ratio   Std. Err.      z    P>|z|     [95% Conf. Interval]
2021-07-20T15:52:23.651618700Z -------------+----------------------------------------------------------------
2021-07-20T15:52:23.651625100Z    kids_cat4 |
2021-07-20T15:52:23.665973600Z only <12 ..  |   .9560683   .0961405    -0.45   0.655     .7850434    1.164352
2021-07-20T15:52:23.666366600Z  only 12-18  |   .8118827   .1286256    -1.32   0.188     .5951664    1.107511
2021-07-20T15:52:23.666853700Z       mixed  |   .8349626   .0774698    -1.94   0.052     .6961303    1.001483
2021-07-20T15:52:23.666867400Z              |
2021-07-20T15:52:23.667166400Z         age1 |   1.003406   .0054968     0.62   0.535     .9926897    1.014237
2021-07-20T15:52:23.667448800Z         age2 |   .9931159   .0168029    -0.41   0.683     .9607228    1.026601
2021-07-20T15:52:23.667920700Z         age3 |   1.011464   .0477597     0.24   0.809     .9220582     1.10954
2021-07-20T15:52:23.668243500Z       1.male |   1.082576   .0734739     1.17   0.242     .9477373      1.2366
2021-07-20T15:52:23.668298300Z              |
2021-07-20T15:52:23.668409300Z tot_adults~h |
2021-07-20T15:52:23.668861000Z           2  |   1.092001   .3219968     0.30   0.765     .6126757    1.946327
2021-07-20T15:52:23.669285700Z           3  |   1.192787   .2809629     0.75   0.454     .7517286    1.892626
2021-07-20T15:52:23.669301500Z              |
2021-07-20T15:52:23.669307900Z    obese4cat |
2021-07-20T15:52:23.669898300Z Obese I ..)  |    .981817    .043351    -0.42   0.678     .9004233    1.070568
2021-07-20T15:52:23.669913900Z Obese II..)  |   .8846888   .0518638    -2.09   0.037     .7886601    .9924103
2021-07-20T15:52:23.670205200Z Obese II..)  |   .9264181    .063782    -1.11   0.267     .8094752    1.060255
2021-07-20T15:52:23.670216000Z              |
2021-07-20T15:52:23.670219300Z smoke_nomiss |
2021-07-20T15:52:23.670494700Z      Former  |    1.06056   .1113715     0.56   0.576     .8632743    1.302932
2021-07-20T15:52:23.670806300Z     Current  |   1.035193   .0471319     0.76   0.447     .9468183    1.131817
2021-07-20T15:52:23.670836000Z              |
2021-07-20T15:52:23.670843300Z          imd |
2021-07-20T15:52:23.671205400Z           4  |   .9912986   .0792473    -0.11   0.913     .8475337     1.15945
2021-07-20T15:52:23.671547100Z 5 most de..  |   1.017915   .0869549     0.21   0.835     .8609896    1.203441
2021-07-20T15:52:23.671561900Z              |
2021-07-20T15:52:23.671568100Z    ethnicity |
2021-07-20T15:52:23.671942900Z Asian or ..  |   .9447348   .0869742    -0.62   0.537      .788763    1.131549
2021-07-20T15:52:23.672310600Z       Other  |   1.007379   .0946397     0.08   0.938     .8379641    1.211045
2021-07-20T15:52:23.672325800Z              |
2021-07-20T15:52:23.672757400Z 1.htdiag_o~p |    1.02281   .0582485     0.40   0.692     .9147863    1.143591
2021-07-20T15:52:23.673050300Z 1.~y_disease |    .991905   .0378209    -0.21   0.831     .9204794    1.068873
2021-07-20T15:52:23.673489800Z     1.asthma |   1.000747    .056663     0.01   0.989     .8956297    1.118201
2021-07-20T15:52:23.673788600Z 1.~c_disease |   1.056636   .0406111     1.43   0.152      .979964    1.139307
2021-07-20T15:52:23.673815500Z              |
2021-07-20T15:52:23.673822200Z      diabcat |
2021-07-20T15:52:23.674243200Z T1DM, con..  |    1.04913   .0964045     0.52   0.602     .8762184    1.256163
2021-07-20T15:52:23.674699800Z T1DM, unc..  |   1.069106   .2109606     0.34   0.735     .7262029    1.573923
2021-07-20T15:52:23.674884500Z T2DM, con..  |   1.036257   .0418069     0.88   0.377     .9574725    1.121523
2021-07-20T15:52:23.675308700Z T2DM, unc..  |   .9467319   .0785139    -0.66   0.509      .804703    1.113829
2021-07-20T15:52:23.675766300Z Diabetes,..  |   1.972985   .7894015     1.70   0.089     .9006453    4.322091
2021-07-20T15:52:23.675780500Z              |
2021-07-20T15:52:23.675786100Z cancer_exh~t |
2021-07-20T15:52:23.676133200Z   Last year  |   1.032978   .2287779     0.15   0.884     .6692244    1.594447
2021-07-20T15:52:23.676522000Z 2-5 years..  |   .8369122   .1072821    -1.39   0.165     .6509776    1.075954
2021-07-20T15:52:23.677149100Z    5+ years  |   .9457902   .0374271    -1.41   0.159     .8752071    1.022066
2021-07-20T15:52:23.677166400Z              |
2021-07-20T15:52:23.677172600Z cancer_hae~t |
2021-07-20T15:52:23.677797400Z   Last year  |   .9010949   .2067695    -0.45   0.650     .5747113    1.412835
2021-07-20T15:52:23.678249600Z 2-5 years..  |   .8320132   .1064022    -1.44   0.150     .6475512    1.069021
2021-07-20T15:52:23.678960700Z    5+ years  |   .9738094   .0386937    -0.67   0.504     .9008491    1.052679
2021-07-20T15:52:23.678978400Z              |
2021-07-20T15:52:23.679976800Z 1.~r_disease |   1.027317   .0867149     0.32   0.750     .8706738    1.212143
2021-07-20T15:52:23.680823100Z 1.stroke_d~a |    .982912   .0374753    -0.45   0.651     .9121391    1.059176
2021-07-20T15:52:23.682136400Z 1.other_ne~o |   .9958606   .0373453    -0.11   0.912     .9252904    1.071813
2021-07-20T15:52:23.682155700Z              |
2021-07-20T15:52:23.682161700Z reduced_ki~t |
2021-07-20T15:52:23.682241200Z Stage 3a/..  |   .8949347   .2303605    -0.43   0.666     .5403659    1.482159
2021-07-20T15:52:23.682589500Z       1.esrd |   .9468545    .030182    -1.71   0.087     .8895088    1.007897
2021-07-20T15:52:23.683069800Z 1.other_tr~t |   1.082892   .0392866     2.20   0.028     1.008566    1.162696
2021-07-20T15:52:23.683461800Z   1.asplenia |   .9692721    .037759    -0.80   0.423     .8980205    1.046177
2021-07-20T15:52:23.683973700Z 1.ra_sle_p~s |   .9792725   .0374687    -0.55   0.584     .9085212    1.055534
2021-07-20T15:52:23.684422300Z 1.other_im~o |   1.001553   .0322618     0.05   0.962      .940276    1.066824
2021-07-20T15:52:23.684461700Z              |
2021-07-20T15:52:23.684469800Z   timeperiod#|
2021-07-20T15:52:23.684530600Z         male |
2021-07-20T15:52:23.685071000Z        60 1  |   .9327027   .0950499    -0.68   0.494     .7638339    1.138905
2021-07-20T15:52:23.685532800Z        90 1  |   .9715282    .072771    -0.39   0.700     .8388752    1.125158
2021-07-20T15:52:23.685548100Z              |
2021-07-20T15:52:23.685554000Z   timeperiod#|
2021-07-20T15:52:23.685558900Z any_nonwhite |
2021-07-20T15:52:23.686056000Z        60 1  |   .8791487   .1168769    -0.97   0.333     .6774867    1.140838
2021-07-20T15:52:23.686439800Z        90 1  |   .9545463   .0928933    -0.48   0.633     .7887891    1.155136
2021-07-20T15:52:23.686456200Z              |
2021-07-20T15:52:23.686461700Z   timeperiod#|
2021-07-20T15:52:23.686466400Z      highimd |
2021-07-20T15:52:23.687154700Z        60 1  |   .9106444   .1010356    -0.84   0.399       .73267    1.131851
2021-07-20T15:52:23.687369900Z        90 1  |   1.025503   .0913003     0.28   0.777     .8613003     1.22101
2021-07-20T15:52:23.687382600Z              |
2021-07-20T15:52:23.687387900Z   timeperiod#|
2021-07-20T15:52:23.687392400Z chronic_l~se |
2021-07-20T15:52:23.687870100Z        60 1  |   .9000067   .1128465    -0.84   0.401     .7039124    1.150729
2021-07-20T15:52:23.705017700Z        90 1  |   .9465219   .0892281    -0.58   0.560     .7868435    1.138605
2021-07-20T15:52:23.705042500Z ------------------------------------------------------------------------------
2021-07-20T15:52:23.705228400Z                                                              Stratified by stp
2021-07-20T15:52:23.717932500Z 
2021-07-20T15:52:23.717957000Z -------------------------------------------------------------------------------
2021-07-20T15:52:23.717963800Z active results
2021-07-20T15:52:23.717968500Z -------------------------------------------------------------------------------
2021-07-20T15:52:23.721524800Z 
2021-07-20T15:52:23.721578600Z Stratified Cox regr. -- Breslow method for ties
2021-07-20T15:52:23.726504600Z 
2021-07-20T15:52:23.726527300Z No. of subjects      =       16,206             Number of obs    =      42,715
2021-07-20T15:52:23.726532900Z No. of failures      =        4,348
2021-07-20T15:52:23.726537800Z Time at risk         =      2522495
2021-07-20T15:52:23.726542100Z                                                 Wald chi2(50)    =       54.39
2021-07-20T15:52:23.726546500Z Log pseudolikelihood =   -30514.157             Prob > chi2      =      0.3110
2021-07-20T15:52:23.726551500Z 
2021-07-20T15:52:23.741454500Z                        (Std. Err. adjusted for 1,106 clusters in household_id)
2021-07-20T15:52:23.741479500Z ------------------------------------------------------------------------------
2021-07-20T15:52:23.741485600Z              |               Robust
2021-07-20T15:52:23.741490700Z           _t | Haz. Ratio   Std. Err.      z    P>|z|     [95% Conf. Interval]
2021-07-20T15:52:23.741494000Z -------------+----------------------------------------------------------------
2021-07-20T15:52:23.741496900Z    kids_cat4 |
2021-07-20T15:52:23.741688300Z only <12 ..  |   .9560683   .0961405    -0.45   0.655     .7850434    1.164352
2021-07-20T15:52:23.742099300Z  only 12-18  |   .8118827   .1286256    -1.32   0.188     .5951664    1.107511
2021-07-20T15:52:23.742599300Z       mixed  |   .8349626   .0774698    -1.94   0.052     .6961303    1.001483
2021-07-20T15:52:23.742613600Z              |
2021-07-20T15:52:23.742618500Z         age1 |   1.003406   .0054968     0.62   0.535     .9926897    1.014237
2021-07-20T15:52:23.742922800Z         age2 |   .9931159   .0168029    -0.41   0.683     .9607228    1.026601
2021-07-20T15:52:23.743419800Z         age3 |   1.011464   .0477597     0.24   0.809     .9220582     1.10954
2021-07-20T15:52:23.743817100Z       1.male |   1.082576   .0734739     1.17   0.242     .9477373      1.2366
2021-07-20T15:52:23.743833000Z              |
2021-07-20T15:52:23.743838000Z tot_adults~h |
2021-07-20T15:52:23.744106000Z           2  |   1.092001   .3219968     0.30   0.765     .6126757    1.946327
2021-07-20T15:52:23.744673700Z           3  |   1.192787   .2809629     0.75   0.454     .7517286    1.892626
2021-07-20T15:52:23.744691100Z              |
2021-07-20T15:52:23.744695000Z    obese4cat |
2021-07-20T15:52:23.744956600Z Obese I ..)  |    .981817    .043351    -0.42   0.678     .9004233    1.070568
2021-07-20T15:52:23.745482800Z Obese II..)  |   .8846888   .0518638    -2.09   0.037     .7886601    .9924103
2021-07-20T15:52:23.745945600Z Obese II..)  |   .9264181    .063782    -1.11   0.267     .8094752    1.060255
2021-07-20T15:52:23.745960100Z              |
2021-07-20T15:52:23.745966100Z smoke_nomiss |
2021-07-20T15:52:23.746395200Z      Former  |    1.06056   .1113715     0.56   0.576     .8632743    1.302932
2021-07-20T15:52:23.747088100Z     Current  |   1.035193   .0471319     0.76   0.447     .9468183    1.131817
2021-07-20T15:52:23.747104600Z              |
2021-07-20T15:52:23.747110200Z          imd |
2021-07-20T15:52:23.747323700Z           4  |   .9912986   .0792473    -0.11   0.913     .8475337     1.15945
2021-07-20T15:52:23.747888900Z 5 most de..  |   1.017915   .0869549     0.21   0.835     .8609896    1.203441
2021-07-20T15:52:23.747903600Z              |
2021-07-20T15:52:23.747909200Z    ethnicity |
2021-07-20T15:52:23.748250100Z Asian or ..  |   .9447348   .0869742    -0.62   0.537      .788763    1.131549
2021-07-20T15:52:23.748760200Z       Other  |   1.007379   .0946397     0.08   0.938     .8379641    1.211045
2021-07-20T15:52:23.748939000Z              |
2021-07-20T15:52:23.749343000Z 1.htdiag_o~p |    1.02281   .0582485     0.40   0.692     .9147863    1.143591
2021-07-20T15:52:23.749890600Z 1.~y_disease |    .991905   .0378209    -0.21   0.831     .9204794    1.068873
2021-07-20T15:52:23.750461600Z     1.asthma |   1.000747    .056663     0.01   0.989     .8956297    1.118201
2021-07-20T15:52:23.750906400Z 1.~c_disease |   1.056636   .0406111     1.43   0.152      .979964    1.139307
2021-07-20T15:52:23.750921800Z              |
2021-07-20T15:52:23.750927800Z      diabcat |
2021-07-20T15:52:23.751598400Z T1DM, con..  |    1.04913   .0964045     0.52   0.602     .8762184    1.256163
2021-07-20T15:52:23.751860500Z T1DM, unc..  |   1.069106   .2109606     0.34   0.735     .7262029    1.573923
2021-07-20T15:52:23.752314900Z T2DM, con..  |   1.036257   .0418069     0.88   0.377     .9574725    1.121523
2021-07-20T15:52:23.752644200Z T2DM, unc..  |   .9467319   .0785139    -0.66   0.509      .804703    1.113829
2021-07-20T15:52:23.753179300Z Diabetes,..  |   1.972985   .7894015     1.70   0.089     .9006453    4.322091
2021-07-20T15:52:23.753195300Z              |
2021-07-20T15:52:23.753201300Z cancer_exh~t |
2021-07-20T15:52:23.753663800Z   Last year  |   1.032978   .2287779     0.15   0.884     .6692244    1.594447
2021-07-20T15:52:23.753891100Z 2-5 years..  |   .8369122   .1072821    -1.39   0.165     .6509776    1.075954
2021-07-20T15:52:23.754624600Z    5+ years  |   .9457902   .0374271    -1.41   0.159     .8752071    1.022066
2021-07-20T15:52:23.754640900Z              |
2021-07-20T15:52:23.754646900Z cancer_hae~t |
2021-07-20T15:52:23.754999600Z   Last year  |   .9010949   .2067695    -0.45   0.650     .5747113    1.412835
2021-07-20T15:52:23.755492600Z 2-5 years..  |   .8320132   .1064022    -1.44   0.150     .6475512    1.069021
2021-07-20T15:52:23.755961800Z    5+ years  |   .9738094   .0386937    -0.67   0.504     .9008491    1.052679
2021-07-20T15:52:23.755977400Z              |
2021-07-20T15:52:23.756317700Z 1.~r_disease |   1.027317   .0867149     0.32   0.750     .8706738    1.212143
2021-07-20T15:52:23.756858300Z 1.stroke_d~a |    .982912   .0374753    -0.45   0.651     .9121391    1.059176
2021-07-20T15:52:23.757275300Z 1.other_ne~o |   .9958606   .0373453    -0.11   0.912     .9252904    1.071813
2021-07-20T15:52:23.757289400Z              |
2021-07-20T15:52:23.757294700Z reduced_ki~t |
2021-07-20T15:52:23.759094700Z Stage 3a/..  |   .8949347   .2303605    -0.43   0.666     .5403659    1.482159
2021-07-20T15:52:23.759737600Z       1.esrd |   .9468545    .030182    -1.71   0.087     .8895088    1.007897
2021-07-20T15:52:23.760013600Z 1.other_tr~t |   1.082892   .0392866     2.20   0.028     1.008566    1.162696
2021-07-20T15:52:23.760487800Z   1.asplenia |   .9692721    .037759    -0.80   0.423     .8980205    1.046177
2021-07-20T15:52:23.761017800Z 1.ra_sle_p~s |   .9792725   .0374687    -0.55   0.584     .9085212    1.055534
2021-07-20T15:52:23.761307000Z 1.other_im~o |   1.001553   .0322618     0.05   0.962      .940276    1.066824
2021-07-20T15:52:23.761322600Z              |
2021-07-20T15:52:23.761327800Z   timeperiod#|
2021-07-20T15:52:23.761332100Z         male |
2021-07-20T15:52:23.761774500Z        60 1  |   .9327027   .0950499    -0.68   0.494     .7638339    1.138905
2021-07-20T15:52:23.762033400Z        90 1  |   .9715282    .072771    -0.39   0.700     .8388752    1.125158
2021-07-20T15:52:23.762075100Z              |
2021-07-20T15:52:23.762085300Z   timeperiod#|
2021-07-20T15:52:23.762090600Z any_nonwhite |
2021-07-20T15:52:23.762605300Z        60 1  |   .8791487   .1168769    -0.97   0.333     .6774867    1.140838
2021-07-20T15:52:23.763120600Z        90 1  |   .9545463   .0928933    -0.48   0.633     .7887891    1.155136
2021-07-20T15:52:23.763137200Z              |
2021-07-20T15:52:23.763143700Z   timeperiod#|
2021-07-20T15:52:23.763148500Z      highimd |
2021-07-20T15:52:23.763312400Z        60 1  |   .9106444   .1010356    -0.84   0.399       .73267    1.131851
2021-07-20T15:52:23.763654000Z        90 1  |   1.025503   .0913003     0.28   0.777     .8613003     1.22101
2021-07-20T15:52:23.763666600Z              |
2021-07-20T15:52:23.763672300Z   timeperiod#|
2021-07-20T15:52:23.763676800Z chronic_l~se |
2021-07-20T15:52:23.764421500Z        60 1  |   .9000067   .1128465    -0.84   0.401     .7039124    1.150729
2021-07-20T15:52:23.766336900Z        90 1  |   .9465219   .0892281    -0.58   0.560     .7868435    1.138605
2021-07-20T15:52:23.766358200Z ------------------------------------------------------------------------------
2021-07-20T15:52:23.766803000Z                                                              Stratified by stp
2021-07-20T15:52:23.808179100Z (note: file ./output/an_sense_covidadmission_time_int_ageband_0MAIN.ster not fo
2021-07-20T15:52:23.808203400Z > und)
2021-07-20T15:52:23.808209600Z file ./output/an_sense_covidadmission_time_int_ageband_0MAIN.ster saved
2021-07-20T15:52:23.905515400Z (7,263 observations (episodes) created)
2021-07-20T15:52:23.931190900Z 
2021-07-20T15:52:23.931214600Z          failure _d:  covidadmission
2021-07-20T15:52:23.931220200Z    analysis time _t:  (stime_covidadmission-origin)
2021-07-20T15:52:23.931224400Z              origin:  time enter_date
2021-07-20T15:52:23.931228900Z   enter on or after:  time enter_date
2021-07-20T15:52:23.931233100Z                  id:  patient_id
2021-07-20T15:52:24.546912200Z 
2021-07-20T15:52:24.546949100Z Iteration 0:   log pseudolikelihood = -6800.9049
2021-07-20T15:52:24.751492100Z Iteration 1:   log pseudolikelihood = -6772.4521
2021-07-20T15:52:24.932537500Z Iteration 2:   log pseudolikelihood = -6771.9494
2021-07-20T15:52:25.114767300Z Iteration 3:   log pseudolikelihood = -6771.9084
2021-07-20T15:52:25.307160200Z Iteration 4:   log pseudolikelihood = -6771.8953
2021-07-20T15:52:25.504862400Z Iteration 5:   log pseudolikelihood = -6771.8905
2021-07-20T15:52:25.669082500Z Iteration 6:   log pseudolikelihood = -6771.8888
2021-07-20T15:52:25.836461700Z Iteration 7:   log pseudolikelihood = -6771.8881
2021-07-20T15:52:26.004893200Z Iteration 8:   log pseudolikelihood = -6771.8879
2021-07-20T15:52:26.183553900Z Iteration 9:   log pseudolikelihood = -6771.8878
2021-07-20T15:52:26.357911200Z Iteration 10:  log pseudolikelihood = -6771.8878
2021-07-20T15:52:26.523872700Z Iteration 11:  log pseudolikelihood = -6771.8878
2021-07-20T15:52:26.737753600Z Iteration 12:  log pseudolikelihood = -6771.8878
2021-07-20T15:52:26.912198300Z Iteration 13:  log pseudolikelihood = -6771.8878
2021-07-20T15:52:27.097116900Z Iteration 14:  log pseudolikelihood = -6771.8878
2021-07-20T15:52:27.261485400Z Iteration 15:  log pseudolikelihood = -6771.8878
2021-07-20T15:52:27.427095500Z Iteration 16:  log pseudolikelihood = -6771.8878
2021-07-20T15:52:27.610939800Z Iteration 17:  log pseudolikelihood = -6771.8878
2021-07-20T15:52:27.835626000Z Iteration 18:  log pseudolikelihood = -6771.8878
2021-07-20T15:52:28.013779400Z Iteration 19:  log pseudolikelihood = -6771.8878
2021-07-20T15:52:28.206834500Z Iteration 20:  log pseudolikelihood = -6771.8878
2021-07-20T15:52:28.368086900Z Iteration 21:  log pseudolikelihood = -6771.8878
2021-07-20T15:52:28.562247000Z Iteration 22:  log pseudolikelihood = -6771.8878
2021-07-20T15:52:28.723324000Z Iteration 23:  log pseudolikelihood = -6771.8878
2021-07-20T15:52:28.886373800Z Iteration 24:  log pseudolikelihood = -6771.8878
2021-07-20T15:52:29.078630900Z Iteration 25:  log pseudolikelihood = -6771.8878
2021-07-20T15:52:29.248178000Z Iteration 26:  log pseudolikelihood = -6771.8878
2021-07-20T15:52:29.428337200Z Iteration 27:  log pseudolikelihood = -6771.8878
2021-07-20T15:52:29.609273000Z Iteration 28:  log pseudolikelihood = -6771.8878
2021-07-20T15:52:29.779086700Z Iteration 29:  log pseudolikelihood = -6771.8878
2021-07-20T15:52:29.949474600Z Iteration 30:  log pseudolikelihood = -6771.8878
2021-07-20T15:52:30.139458200Z Iteration 31:  log pseudolikelihood = -6771.8878
2021-07-20T15:52:30.318320400Z Iteration 32:  log pseudolikelihood = -6771.8878
2021-07-20T15:52:30.508487500Z Iteration 33:  log pseudolikelihood = -6771.8878
2021-07-20T15:52:30.661891000Z Iteration 34:  log pseudolikelihood = -6771.8878
2021-07-20T15:52:30.819205600Z Iteration 35:  log pseudolikelihood = -6771.8878
2021-07-20T15:52:31.001618700Z Iteration 36:  log pseudolikelihood = -6771.8878
2021-07-20T15:52:31.171524000Z Iteration 37:  log pseudolikelihood = -6771.8878
2021-07-20T15:52:31.171550500Z Refining estimates:
2021-07-20T15:52:31.832335700Z Iteration 0:   log pseudolikelihood = -6771.8878
2021-07-20T15:52:32.486448300Z Iteration 1:   log pseudolikelihood = -6771.8878
2021-07-20T15:52:33.116803800Z Iteration 2:   log pseudolikelihood = -6771.8878
2021-07-20T15:52:33.736930200Z Iteration 3:   log pseudolikelihood = -6771.8878
2021-07-20T15:52:35.243366000Z 
2021-07-20T15:52:35.243389200Z Stratified Cox regr. -- Breslow method for ties
2021-07-20T15:52:35.243395400Z 
2021-07-20T15:52:35.243399900Z No. of subjects      =        4,494             Number of obs    =      11,757
2021-07-20T15:52:35.243405000Z No. of failures      =        1,185
2021-07-20T15:52:35.243409400Z Time at risk         =       694299
2021-07-20T15:52:35.243683300Z                                                 Wald chi2(50)    =     1686.03
2021-07-20T15:52:35.243728100Z Log pseudolikelihood =   -6771.8878             Prob > chi2      =      0.0000
2021-07-20T15:52:35.243745500Z 
2021-07-20T15:52:35.257049200Z                          (Std. Err. adjusted for 914 clusters in household_id)
2021-07-20T15:52:35.257070200Z ------------------------------------------------------------------------------
2021-07-20T15:52:35.257074000Z              |               Robust
2021-07-20T15:52:35.257077000Z           _t | Haz. Ratio   Std. Err.      z    P>|z|     [95% Conf. Interval]
2021-07-20T15:52:35.257080100Z -------------+----------------------------------------------------------------
2021-07-20T15:52:35.257082900Z    kids_cat4 |
2021-07-20T15:52:35.257282400Z only <12 ..  |   .7953796   .1526851    -1.19   0.233      .545976    1.158712
2021-07-20T15:52:35.257518000Z  only 12-18  |   .8141639   .1865672    -0.90   0.370     .5195859    1.275752
2021-07-20T15:52:35.257759100Z       mixed  |   .8850318   .1472875    -0.73   0.463     .6387067    1.226355
2021-07-20T15:52:35.257771900Z              |
2021-07-20T15:52:35.257986700Z         age1 |   .9859301   .0255651    -0.55   0.585     .9370754    1.037332
2021-07-20T15:52:35.258157100Z         age2 |   1.097498   .1201532     0.85   0.395     .8855539    1.360168
2021-07-20T15:52:35.258403600Z         age3 |   .7837966   .2087266    -0.91   0.360      .465079    1.320931
2021-07-20T15:52:35.258787700Z       1.male |    .916669    .127952    -0.62   0.533     .6972664    1.205109
2021-07-20T15:52:35.258798600Z              |
2021-07-20T15:52:35.258801800Z tot_adults~h |
2021-07-20T15:52:35.259057400Z           2  |   1.720903   .7800121     1.20   0.231     .7078527    4.183789
2021-07-20T15:52:35.259358400Z           3  |   1.326396   .5091878     0.74   0.462     .6250388    2.814748
2021-07-20T15:52:35.259373100Z              |
2021-07-20T15:52:35.259378200Z    obese4cat |
2021-07-20T15:52:35.259600900Z Obese I ..)  |   .9931423   .0840715    -0.08   0.935     .8413092    1.172377
2021-07-20T15:52:35.259833300Z Obese II..)  |   1.011524   .1113181     0.10   0.917     .8152704    1.255021
2021-07-20T15:52:35.260102800Z Obese II..)  |   .9432298   .1219511    -0.45   0.651     .7320907    1.215263
2021-07-20T15:52:35.260113000Z              |
2021-07-20T15:52:35.260115800Z smoke_nomiss |
2021-07-20T15:52:35.260351400Z      Former  |    .952397   .1968375    -0.24   0.813     .6351775    1.428042
2021-07-20T15:52:35.260626100Z     Current  |   1.009871   .0892928     0.11   0.912     .8491852    1.200961
2021-07-20T15:52:35.260636300Z              |
2021-07-20T15:52:35.260639000Z          imd |
2021-07-20T15:52:35.260906500Z           4  |   1.156608   .1663584     1.01   0.312     .8724795    1.533264
2021-07-20T15:52:35.261188600Z 5 most de..  |   1.433888    .213849     2.42   0.016     1.070453    1.920714
2021-07-20T15:52:35.261201500Z              |
2021-07-20T15:52:35.261206700Z    ethnicity |
2021-07-20T15:52:35.261463900Z Asian or ..  |   .9700248   .1750213    -0.17   0.866     .6810842    1.381545
2021-07-20T15:52:35.261769100Z       Other  |   1.123144   .1868837     0.70   0.485     .8105898    1.556215
2021-07-20T15:52:35.261781500Z              |
2021-07-20T15:52:35.262106100Z 1.htdiag_o~p |    1.02668   .1101673     0.25   0.806     .8319501    1.266989
2021-07-20T15:52:35.262401700Z 1.~y_disease |   .8043024   .0621658    -2.82   0.005     .6912396    .9358583
2021-07-20T15:52:35.262707200Z     1.asthma |   1.185385    .125694     1.60   0.109     .9629442     1.45921
2021-07-20T15:52:35.263002200Z 1.~c_disease |   .9710798   .0690617    -0.41   0.680     .8447318    1.116326
2021-07-20T15:52:35.263015200Z              |
2021-07-20T15:52:35.263020300Z      diabcat |
2021-07-20T15:52:35.263331400Z T1DM, con..  |   1.244996   .2254761     1.21   0.226     .8729918     1.77552
2021-07-20T15:52:35.263529100Z T1DM, unc..  |   .3537272   .2565249    -1.43   0.152     .0853832    1.465428
2021-07-20T15:52:35.263801600Z T2DM, con..  |   .8392008   .0689863    -2.13   0.033     .7143205    .9859132
2021-07-20T15:52:35.264049100Z T2DM, unc..  |   .7783258   .1356092    -1.44   0.150     .5531653    1.095136
2021-07-20T15:52:35.264471700Z Diabetes,..  |   3.53e-18   3.58e-18   -39.59   0.000     4.82e-19    2.58e-17
2021-07-20T15:52:35.264485700Z              |
2021-07-20T15:52:35.264496700Z cancer_exh~t |
2021-07-20T15:52:35.264863500Z   Last year  |   .9064301   .4511874    -0.20   0.844     .3416942    2.404534
2021-07-20T15:52:35.265153500Z 2-5 years..  |    1.48658   .3006953     1.96   0.050      1.00003    2.209854
2021-07-20T15:52:35.265602500Z    5+ years  |   .8988608   .0692854    -1.38   0.167     .7728242    1.045452
2021-07-20T15:52:35.265615400Z              |
2021-07-20T15:52:35.265619900Z cancer_hae~t |
2021-07-20T15:52:35.265919700Z   Last year  |   1.432361   .9148476     0.56   0.574     .4096294    5.008574
2021-07-20T15:52:35.266164500Z 2-5 years..  |    1.01578   .2442981     0.07   0.948     .6339908    1.627482
2021-07-20T15:52:35.266577100Z    5+ years  |   1.048128   .0766285     0.64   0.520     .9082034     1.20961
2021-07-20T15:52:35.266591300Z              |
2021-07-20T15:52:35.266993900Z 1.~r_disease |   1.002186   .1644805     0.01   0.989     .7265201    1.382448
2021-07-20T15:52:35.267352900Z 1.stroke_d~a |   1.038002   .0791898     0.49   0.625     .8938389    1.205415
2021-07-20T15:52:35.267760500Z 1.other_ne~o |   1.082677   .0779953     1.10   0.270      .940111    1.246864
2021-07-20T15:52:35.267772500Z              |
2021-07-20T15:52:35.267775700Z reduced_ki~t |
2021-07-20T15:52:35.268102600Z Stage 3a/..  |   1.120499   .1531047     0.83   0.405     .8572421    1.464601
2021-07-20T15:52:35.268513500Z       1.esrd |   1.030774   .0634954     0.49   0.623     .9135448    1.163047
2021-07-20T15:52:35.268844400Z 1.other_tr~t |   .9331526   .0719543    -0.90   0.370     .8022645    1.085395
2021-07-20T15:52:35.269227300Z   1.asplenia |   1.017486   .0790174     0.22   0.823     .8738253    1.184765
2021-07-20T15:52:35.269574100Z 1.ra_sle_p~s |   .9726124   .0722294    -0.37   0.708      .840866    1.125001
2021-07-20T15:52:35.269941500Z 1.other_im~o |   .8569376   .0528204    -2.50   0.012     .7594206    .9669768
2021-07-20T15:52:35.269956400Z              |
2021-07-20T15:52:35.269962200Z   timeperiod#|
2021-07-20T15:52:35.269966500Z         male |
2021-07-20T15:52:35.270337500Z        60 1  |   1.073474   .2111629     0.36   0.719     .7300489    1.578452
2021-07-20T15:52:35.270565500Z        90 1  |   .9745768   .1529469    -0.16   0.870     .7165249    1.325564
2021-07-20T15:52:35.270577300Z              |
2021-07-20T15:52:35.270695400Z   timeperiod#|
2021-07-20T15:52:35.270708900Z any_nonwhite |
2021-07-20T15:52:35.271150900Z        60 1  |   1.044128   .2354941     0.19   0.848     .6710768    1.624557
2021-07-20T15:52:35.271497500Z        90 1  |    .843902   .1570238    -0.91   0.362     .5860167    1.215274
2021-07-20T15:52:35.271509400Z              |
2021-07-20T15:52:35.271542600Z   timeperiod#|
2021-07-20T15:52:35.271551200Z      highimd |
2021-07-20T15:52:35.272051400Z        60 1  |   .8232255   .1685327    -0.95   0.342     .5511361    1.229642
2021-07-20T15:52:35.272380600Z        90 1  |   .8858536   .1418754    -0.76   0.449     .6471967    1.212516
2021-07-20T15:52:35.272392100Z              |
2021-07-20T15:52:35.272415700Z   timeperiod#|
2021-07-20T15:52:35.272422700Z chronic_l~se |
2021-07-20T15:52:35.272790600Z        60 1  |   1.079339   .2482825     0.33   0.740     .6876289    1.694187
2021-07-20T15:52:35.274659900Z        90 1  |   .9813136   .1835167    -0.10   0.920     .6801795    1.415768
2021-07-20T15:52:35.274672800Z ------------------------------------------------------------------------------
2021-07-20T15:52:35.274932100Z                                                              Stratified by stp
2021-07-20T15:52:35.277447400Z 
2021-07-20T15:52:35.277463200Z -------------------------------------------------------------------------------
2021-07-20T15:52:35.277468800Z active results
2021-07-20T15:52:35.277473000Z -------------------------------------------------------------------------------
2021-07-20T15:52:35.279625800Z 
2021-07-20T15:52:35.279641100Z Stratified Cox regr. -- Breslow method for ties
2021-07-20T15:52:35.279645800Z 
2021-07-20T15:52:35.279649700Z No. of subjects      =        4,494             Number of obs    =      11,757
2021-07-20T15:52:35.279726100Z No. of failures      =        1,185
2021-07-20T15:52:35.279737700Z Time at risk         =       694299
2021-07-20T15:52:35.279843900Z                                                 Wald chi2(50)    =     1686.03
2021-07-20T15:52:35.279921800Z Log pseudolikelihood =   -6771.8878             Prob > chi2      =      0.0000
2021-07-20T15:52:35.279931800Z 
2021-07-20T15:52:35.295129000Z                          (Std. Err. adjusted for 914 clusters in household_id)
2021-07-20T15:52:35.295154800Z ------------------------------------------------------------------------------
2021-07-20T15:52:35.295160800Z              |               Robust
2021-07-20T15:52:35.295165100Z           _t | Haz. Ratio   Std. Err.      z    P>|z|     [95% Conf. Interval]
2021-07-20T15:52:35.295169800Z -------------+----------------------------------------------------------------
2021-07-20T15:52:35.295174100Z    kids_cat4 |
2021-07-20T15:52:35.295471000Z only <12 ..  |   .7953796   .1526851    -1.19   0.233      .545976    1.158712
2021-07-20T15:52:35.295608100Z  only 12-18  |   .8141639   .1865672    -0.90   0.370     .5195859    1.275752
2021-07-20T15:52:35.295950600Z       mixed  |   .8850318   .1472875    -0.73   0.463     .6387067    1.226355
2021-07-20T15:52:35.295965200Z              |
2021-07-20T15:52:35.296164500Z         age1 |   .9859301   .0255651    -0.55   0.585     .9370754    1.037332
2021-07-20T15:52:35.296453300Z         age2 |   1.097498   .1201532     0.85   0.395     .8855539    1.360168
2021-07-20T15:52:35.296796100Z         age3 |   .7837966   .2087266    -0.91   0.360      .465079    1.320931
2021-07-20T15:52:35.297088000Z       1.male |    .916669    .127952    -0.62   0.533     .6972664    1.205109
2021-07-20T15:52:35.297112700Z              |
2021-07-20T15:52:35.297116800Z tot_adults~h |
2021-07-20T15:52:35.297469500Z           2  |   1.720903   .7800121     1.20   0.231     .7078527    4.183789
2021-07-20T15:52:35.297823600Z           3  |   1.326396   .5091878     0.74   0.462     .6250388    2.814748
2021-07-20T15:52:35.297834900Z              |
2021-07-20T15:52:35.297839500Z    obese4cat |
2021-07-20T15:52:35.298169200Z Obese I ..)  |   .9931423   .0840715    -0.08   0.935     .8413092    1.172377
2021-07-20T15:52:35.298339300Z Obese II..)  |   1.011524   .1113181     0.10   0.917     .8152704    1.255021
2021-07-20T15:52:35.298733500Z Obese II..)  |   .9432298   .1219511    -0.45   0.651     .7320907    1.215263
2021-07-20T15:52:35.298748500Z              |
2021-07-20T15:52:35.298754200Z smoke_nomiss |
2021-07-20T15:52:35.299077800Z      Former  |    .952397   .1968375    -0.24   0.813     .6351775    1.428042
2021-07-20T15:52:35.299458000Z     Current  |   1.009871   .0892928     0.11   0.912     .8491852    1.200961
2021-07-20T15:52:35.299471000Z              |
2021-07-20T15:52:35.299475700Z          imd |
2021-07-20T15:52:35.299868400Z           4  |   1.156608   .1663584     1.01   0.312     .8724795    1.533264
2021-07-20T15:52:35.300220800Z 5 most de..  |   1.433888    .213849     2.42   0.016     1.070453    1.920714
2021-07-20T15:52:35.300232600Z              |
2021-07-20T15:52:35.300236000Z    ethnicity |
2021-07-20T15:52:35.302153300Z Asian or ..  |   .9700248   .1750213    -0.17   0.866     .6810842    1.381545
2021-07-20T15:52:35.302168000Z       Other  |   1.123144   .1868837     0.70   0.485     .8105898    1.556215
2021-07-20T15:52:35.302174000Z              |
2021-07-20T15:52:35.302178600Z 1.htdiag_o~p |    1.02668   .1101673     0.25   0.806     .8319501    1.266989
2021-07-20T15:52:35.302252300Z 1.~y_disease |   .8043024   .0621658    -2.82   0.005     .6912396    .9358583
2021-07-20T15:52:35.302703900Z     1.asthma |   1.185385    .125694     1.60   0.109     .9629442     1.45921
2021-07-20T15:52:35.302934100Z 1.~c_disease |   .9710798   .0690617    -0.41   0.680     .8447318    1.116326
2021-07-20T15:52:35.302947300Z              |
2021-07-20T15:52:35.302952600Z      diabcat |
2021-07-20T15:52:35.303326600Z T1DM, con..  |   1.244996   .2254761     1.21   0.226     .8729918     1.77552
2021-07-20T15:52:35.303457900Z T1DM, unc..  |   .3537272   .2565249    -1.43   0.152     .0853832    1.465428
2021-07-20T15:52:35.303799200Z T2DM, con..  |   .8392008   .0689863    -2.13   0.033     .7143205    .9859132
2021-07-20T15:52:35.304002400Z T2DM, unc..  |   .7783258   .1356092    -1.44   0.150     .5531653    1.095136
2021-07-20T15:52:35.304328000Z Diabetes,..  |   3.53e-18   3.58e-18   -39.59   0.000     4.82e-19    2.58e-17
2021-07-20T15:52:35.304341400Z              |
2021-07-20T15:52:35.304359400Z cancer_exh~t |
2021-07-20T15:52:35.305125600Z   Last year  |   .9064301   .4511874    -0.20   0.844     .3416942    2.404534
2021-07-20T15:52:35.305144700Z 2-5 years..  |    1.48658   .3006953     1.96   0.050      1.00003    2.209854
2021-07-20T15:52:35.306752100Z    5+ years  |   .8988608   .0692854    -1.38   0.167     .7728242    1.045452
2021-07-20T15:52:35.306812100Z              |
2021-07-20T15:52:35.306817100Z cancer_hae~t |
2021-07-20T15:52:35.307209600Z   Last year  |   1.432361   .9148476     0.56   0.574     .4096294    5.008574
2021-07-20T15:52:35.307583500Z 2-5 years..  |    1.01578   .2442981     0.07   0.948     .6339908    1.627482
2021-07-20T15:52:35.308038400Z    5+ years  |   1.048128   .0766285     0.64   0.520     .9082034     1.20961
2021-07-20T15:52:35.308049800Z              |
2021-07-20T15:52:35.308430600Z 1.~r_disease |   1.002186   .1644805     0.01   0.989     .7265201    1.382448
2021-07-20T15:52:35.308890700Z 1.stroke_d~a |   1.038002   .0791898     0.49   0.625     .8938389    1.205415
2021-07-20T15:52:35.309360100Z 1.other_ne~o |   1.082677   .0779953     1.10   0.270      .940111    1.246864
2021-07-20T15:52:35.309375900Z              |
2021-07-20T15:52:35.309382500Z reduced_ki~t |
2021-07-20T15:52:35.309783600Z Stage 3a/..  |   1.120499   .1531047     0.83   0.405     .8572421    1.464601
2021-07-20T15:52:35.310102400Z       1.esrd |   1.030774   .0634954     0.49   0.623     .9135448    1.163047
2021-07-20T15:52:35.310560600Z 1.other_tr~t |   .9331526   .0719543    -0.90   0.370     .8022645    1.085395
2021-07-20T15:52:35.310896700Z   1.asplenia |   1.017486   .0790174     0.22   0.823     .8738253    1.184765
2021-07-20T15:52:35.311203800Z 1.ra_sle_p~s |   .9726124   .0722294    -0.37   0.708      .840866    1.125001
2021-07-20T15:52:35.311467700Z 1.other_im~o |   .8569376   .0528204    -2.50   0.012     .7594206    .9669768
2021-07-20T15:52:35.311477900Z              |
2021-07-20T15:52:35.311481200Z   timeperiod#|
2021-07-20T15:52:35.311484000Z         male |
2021-07-20T15:52:35.312057000Z        60 1  |   1.073474   .2111629     0.36   0.719     .7300489    1.578452
2021-07-20T15:52:35.312217500Z        90 1  |   .9745768   .1529469    -0.16   0.870     .7165249    1.325564
2021-07-20T15:52:35.312230000Z              |
2021-07-20T15:52:35.312261300Z   timeperiod#|
2021-07-20T15:52:35.312270300Z any_nonwhite |
2021-07-20T15:52:35.312725700Z        60 1  |   1.044128   .2354941     0.19   0.848     .6710768    1.624557
2021-07-20T15:52:35.313197300Z        90 1  |    .843902   .1570238    -0.91   0.362     .5860167    1.215274
2021-07-20T15:52:35.313213000Z              |
2021-07-20T15:52:35.313219100Z   timeperiod#|
2021-07-20T15:52:35.313224200Z      highimd |
2021-07-20T15:52:35.313621200Z        60 1  |   .8232255   .1685327    -0.95   0.342     .5511361    1.229642
2021-07-20T15:52:35.313979000Z        90 1  |   .8858536   .1418754    -0.76   0.449     .6471967    1.212516
2021-07-20T15:52:35.314024300Z              |
2021-07-20T15:52:35.314034900Z   timeperiod#|
2021-07-20T15:52:35.314063000Z chronic_l~se |
2021-07-20T15:52:35.314535200Z        60 1  |   1.079339   .2482825     0.33   0.740     .6876289    1.694187
2021-07-20T15:52:35.316598600Z        90 1  |   .9813136   .1835167    -0.10   0.920     .6801795    1.415768
2021-07-20T15:52:35.316621000Z ------------------------------------------------------------------------------
2021-07-20T15:52:35.316969300Z                                                              Stratified by stp
2021-07-20T15:52:35.328483500Z (note: file ./output/an_sense_covidadmission_time_int_ageband_1MAIN.ster not fo
2021-07-20T15:52:35.328505200Z > und)
2021-07-20T15:52:35.328509400Z file ./output/an_sense_covidadmission_time_int_ageband_1MAIN.ster saved
2021-07-20T15:52:35.328512200Z . }
2021-07-20T15:52:35.328514500Z 
2021-07-20T15:52:35.328516800Z . 
2021-07-20T15:52:35.328616700Z . if "`outcome'"=="covidadmission"  & "`dataset'"=="W2" {
2021-07-20T15:52:35.328631200Z . * Open a log file
2021-07-20T15:52:35.328637300Z . capture log close
2021-07-20T15:52:35.328641500Z . log using "$logdir/07d_an_multivariable_cox_models_`outcome'_Sense5_time_ints
2021-07-20T15:52:35.328644200Z > `dataset'", text replace
2021-07-20T15:52:35.328646900Z . 
2021-07-20T15:52:35.328649300Z . foreach x in 0 1 {
2021-07-20T15:52:35.328651800Z   2. ******************************
2021-07-20T15:52:35.328654300Z . *  Multivariable Cox models  *
2021-07-20T15:52:35.328656800Z . ******************************
2021-07-20T15:52:35.328781100Z . use "$tempdir/cr_create_analysis_dataset_STSET_covidadmission_ageband_`x'`dat
2021-07-20T15:52:35.328796000Z > aset'.dta", clear
2021-07-20T15:52:35.328801200Z   3. stsplit timeperiod, at(60 90)
2021-07-20T15:52:35.328805600Z   4. 
2021-07-20T15:52:35.328809600Z . *make vars binary
2021-07-20T15:52:35.328813600Z . gen anyreduced_kidney_function = reduced_kidney_function_cat>=2
2021-07-20T15:52:35.328818100Z   5. gen anyobesity = obese4cat>=2
2021-07-20T15:52:35.328822300Z   6. gen highimd = imd>=3
2021-07-20T15:52:35.328826300Z   7. gen anydiab= diabcat>=2
2021-07-20T15:52:35.328941300Z   8. gen any_nonwhite=ethnicity>=2
2021-07-20T15:52:35.328954500Z   9. 
2021-07-20T15:52:35.328959800Z . *Fully adjusted
2021-07-20T15:52:35.328963700Z . stcox   i.kids_cat4      ///
2021-07-20T15:52:35.328967900Z >                         age1 age2 age3          ///
2021-07-20T15:52:35.328998500Z >                         i.male                                               
2021-07-20T15:52:35.329021300Z >    ///
2021-07-20T15:52:35.329029100Z >                         i.tot_adults_hh ///
2021-07-20T15:52:35.329034100Z >                         i.obese4cat                                     ///
2021-07-20T15:52:35.329038500Z >                         i.smoke_nomiss                                  ///
2021-07-20T15:52:35.329042900Z >                         i.imd                                           ///
2021-07-20T15:52:35.329046200Z >                         i.ethnicity ///
2021-07-20T15:52:35.329051000Z >                         `comordidadjlist'       ///     
2021-07-20T15:52:35.329054300Z >                         60.timeperiod#1.any_nonwhite                         
2021-07-20T15:52:35.329057100Z >                            ///
2021-07-20T15:52:35.329059900Z >                         90.timeperiod#1.any_nonwhite                         
2021-07-20T15:52:35.329062900Z >                    ///
2021-07-20T15:52:35.329065300Z >                         60.timeperiod#1.cancer_haem_cat                      
2021-07-20T15:52:35.329067800Z >                    ///
2021-07-20T15:52:35.329070100Z >                         90.timeperiod#1.cancer_haem_cat                      
2021-07-20T15:52:35.329072600Z >            ///
2021-07-20T15:52:35.329075200Z >                         , strata(stp) vce(cluster household_id)
2021-07-20T15:52:35.329077800Z  10. estimates
2021-07-20T15:52:35.329080300Z  11. estimates save "./output/an_sense_covidadmission_time_int_ageband_`x'`data
2021-07-20T15:52:35.329083000Z > set'", replace
2021-07-20T15:52:35.329085400Z  12. }
2021-07-20T15:52:35.329089000Z . }
2021-07-20T15:52:35.329092800Z 
2021-07-20T15:52:35.329096700Z . 
2021-07-20T15:52:35.329163700Z . 
2021-07-20T15:52:35.329176200Z . if "`outcome'"=="covid_icu" & "`dataset'"=="MAIN" {
2021-07-20T15:52:35.329182200Z . * Open a log file
2021-07-20T15:52:35.329186400Z . capture log close
2021-07-20T15:52:35.329251700Z . log using "$logdir/07d_an_multivariable_cox_models_`outcome'_Sense5_time_ints
2021-07-20T15:52:35.329263900Z > `dataset'", text replace
2021-07-20T15:52:35.329269300Z . 
2021-07-20T15:52:35.329273400Z . foreach x in 0 1 {
2021-07-20T15:52:35.329277500Z   2. ******************************
2021-07-20T15:52:35.329281800Z . *  Multivariable Cox models  *
2021-07-20T15:52:35.329285800Z . ******************************
2021-07-20T15:52:35.329290000Z . use "$tempdir/cr_create_analysis_dataset_STSET_covid_icu_ageband_`x'`dataset'
2021-07-20T15:52:35.329301300Z > .dta", clear
2021-07-20T15:52:35.329395100Z   3. stsplit timeperiod, at(60 90)
2021-07-20T15:52:35.329408600Z   4. 
2021-07-20T15:52:35.329412200Z . *make vars binary
2021-07-20T15:52:35.329414800Z . gen anyreduced_kidney_function = reduced_kidney_function_cat>=2
2021-07-20T15:52:35.329417500Z   5. gen anyobesity = obese4cat>=2
2021-07-20T15:52:35.329419900Z   6. gen highimd = imd>=3
2021-07-20T15:52:35.329422300Z   7. gen anydiab= diabcat>=2
2021-07-20T15:52:35.329424900Z   8. gen any_nonwhite=ethnicity>=2
2021-07-20T15:52:35.329427400Z   9. *Fully adjusted
2021-07-20T15:52:35.329430800Z . stcox   i.kids_cat4      ///
2021-07-20T15:52:35.329434900Z >                         age1 age2 age3          ///
2021-07-20T15:52:35.329439100Z >                         i.male                                               
2021-07-20T15:52:35.329443200Z >    ///
2021-07-20T15:52:35.329447200Z >                         i.obese4cat                                     ///
2021-07-20T15:52:35.329451500Z >                         i.tot_adults_hh ///
2021-07-20T15:52:35.329455900Z >                         i.smoke_nomiss                                  ///
2021-07-20T15:52:35.329460500Z >                         i.imd                                           ///
2021-07-20T15:52:35.329464900Z >                         i.ethnicity ///
2021-07-20T15:52:35.329472800Z >                         `comordidadjlist'       ///     
2021-07-20T15:52:35.329477800Z >                         60.timeperiod#1.male                                 
2021-07-20T15:52:35.329482000Z >                    ///
2021-07-20T15:52:35.329486000Z >                         90.timeperiod#1.male                                 
2021-07-20T15:52:35.329490300Z >            ///
2021-07-20T15:52:35.329493200Z >                         60.timeperiod#1.tot_adults_hh                        
2021-07-20T15:52:35.329495900Z >                            ///
2021-07-20T15:52:35.329498500Z >                         90.timeperiod#1.tot_adults_hh                        
2021-07-20T15:52:35.329501100Z >                    ///
2021-07-20T15:52:35.329503400Z >                         60.timeperiod#1.anyobesity                           
2021-07-20T15:52:35.329506000Z >                            ///
2021-07-20T15:52:35.329509600Z >                         90.timeperiod#1.anyobesity                           
2021-07-20T15:52:35.329525800Z >                    ///
2021-07-20T15:52:35.329535600Z >                         60.timeperiod#1.any_nonwhite                         
2021-07-20T15:52:35.329541300Z >                            ///
2021-07-20T15:52:35.329546000Z >                         90.timeperiod#1.any_nonwhite                         
2021-07-20T15:52:35.329571000Z >                    ///
2021-07-20T15:52:35.329678400Z >                         60.timeperiod#3.smoke_nomiss                         
2021-07-20T15:52:35.329691100Z >                    ///
2021-07-20T15:52:35.329696600Z >                         90.timeperiod#3.smoke_nomiss                         
2021-07-20T15:52:35.329701500Z >            ///
2021-07-20T15:52:35.329706000Z >                         60.timeperiod#1.highimd                              
2021-07-20T15:52:35.329710700Z >                            ///
2021-07-20T15:52:35.329715200Z >                         90.timeperiod#1.highimd                              
2021-07-20T15:52:35.329719500Z >                    ///
2021-07-20T15:52:35.329723900Z >                         60.timeperiod#1.htdiag_or_highbp                     
2021-07-20T15:52:35.329728100Z >                            ///
2021-07-20T15:52:35.329732300Z >                         90.timeperiod#1.htdiag_or_highbp                     
2021-07-20T15:52:35.329736700Z >                    ///
2021-07-20T15:52:35.329740600Z >                         60.timeperiod#1.anydiab                              
2021-07-20T15:52:35.329744700Z >    ///
2021-07-20T15:52:35.329748800Z >                         90.timeperiod#1.anydiab                              
2021-07-20T15:52:35.329753400Z >    ///     
2021-07-20T15:52:35.329757400Z >                         60.timeperiod#1.chronic_cardiac_disease              
2021-07-20T15:52:35.329761700Z >                    ///
2021-07-20T15:52:35.329766100Z >                         90.timeperiod#1.chronic_cardiac_disease              
2021-07-20T15:52:35.329768800Z >            ///
2021-07-20T15:52:35.329771100Z >                         60.timeperiod#1.chronic_liver_disease                
2021-07-20T15:52:35.329773800Z >                    ///
2021-07-20T15:52:35.329776400Z >                         90.timeperiod#1.chronic_liver_disease                
2021-07-20T15:52:35.329779000Z >                    ///             
2021-07-20T15:52:35.329781700Z >                         60.timeperiod#1.esrd                                 
2021-07-20T15:52:35.329784400Z >            ///
2021-07-20T15:52:35.329786800Z >                         90.timeperiod#1.esrd                                 
2021-07-20T15:52:35.329789200Z >    ///
2021-07-20T15:52:35.329791600Z >                         60.timeperiod#1.other_immuno                         
2021-07-20T15:52:35.329795600Z >                    ///
2021-07-20T15:52:35.329798300Z >                         90.timeperiod#1.other_immuno                         
2021-07-20T15:52:35.329809900Z >            ///
2021-07-20T15:52:35.329812700Z >                         60.timeperiod#1.reduced_kidney_function_cat          
2021-07-20T15:52:35.329815400Z >                                    ///
2021-07-20T15:52:35.329818300Z >                         90.timeperiod#1.reduced_kidney_function_cat          
2021-07-20T15:52:35.329822600Z >                            ///             
2021-07-20T15:52:35.329826900Z >                         60.timeperiod#1.other_transplant                     
2021-07-20T15:52:35.329831200Z >                            ///
2021-07-20T15:52:35.329835400Z >                         90.timeperiod#1.other_transplant                     
2021-07-20T15:52:35.329839700Z >                    ///
2021-07-20T15:52:35.329843800Z >                         , strata(stp) vce(cluster household_id)
2021-07-20T15:52:35.329848000Z  10. estimates
2021-07-20T15:52:35.329852000Z  11. estimates save "./output/an_sense_covid_icu_time_int_ageband_`x'`dataset'"
2021-07-20T15:52:35.329856400Z > , replace
2021-07-20T15:52:35.329860300Z  12. }
2021-07-20T15:52:35.329864900Z . }
2021-07-20T15:52:35.329868300Z 
2021-07-20T15:52:35.329870900Z . 
2021-07-20T15:52:35.329873400Z . 
2021-07-20T15:52:35.329877100Z . if "`outcome'"=="covid_death" & "`dataset'"=="MAIN" {
2021-07-20T15:52:35.329880200Z . * Open a log file
2021-07-20T15:52:35.329882600Z . capture log close
2021-07-20T15:52:35.329885000Z . log using "$logdir/07d_an_multivariable_cox_models_`outcome'_Sense5_time_ints
2021-07-20T15:52:35.329887900Z > `dataset'", text replace
2021-07-20T15:52:35.329890600Z . 
2021-07-20T15:52:35.329893500Z . foreach x in 0 1 {
2021-07-20T15:52:35.329896100Z   2. ******************************
2021-07-20T15:52:35.329951900Z . *  Multivariable Cox models  *
2021-07-20T15:52:35.329964400Z . ******************************
2021-07-20T15:52:35.330100700Z . use "$tempdir/cr_create_analysis_dataset_STSET_covid_death_ageband_`x'`datase
2021-07-20T15:52:35.330167200Z > t'.dta", clear
2021-07-20T15:52:35.330176300Z   3. stsplit timeperiod, at(60 90)
2021-07-20T15:52:35.330181600Z   4. 
2021-07-20T15:52:35.330185600Z . *make vars binary
2021-07-20T15:52:35.330189400Z . gen anyreduced_kidney_function = reduced_kidney_function_cat>=2
2021-07-20T15:52:35.330193700Z   5. gen anyobesity = obese4cat>=2
2021-07-20T15:52:35.330198100Z   6. gen highimd = imd>=3
2021-07-20T15:52:35.330202300Z   7. gen anydiab= diabcat>=2
2021-07-20T15:52:35.330208900Z   8. gen any_nonwhite=ethnicity>=2
2021-07-20T15:52:35.330213000Z   9. 
2021-07-20T15:52:35.330224900Z . *Fully adjusted
2021-07-20T15:52:35.330229600Z . stcox   i.kids_cat4      ///
2021-07-20T15:52:35.330233700Z >                         age1 age2 age3          ///
2021-07-20T15:52:35.330238000Z >                         i.tot_adults_hh ///
2021-07-20T15:52:35.330242600Z >                         i.male                                               
2021-07-20T15:52:35.330246900Z >    ///
2021-07-20T15:52:35.330251000Z >                         i.obese4cat                                     ///
2021-07-20T15:52:35.330255500Z >                         i.smoke_nomiss                                  ///
2021-07-20T15:52:35.330259600Z >                         i.imd                                           ///
2021-07-20T15:52:35.330263700Z >                         i.ethnicity ///
2021-07-20T15:52:35.330269100Z >                         `comordidadjlist'       ///     
2021-07-20T15:52:35.330273500Z >                         60.timeperiod#1.anyobesity                           
2021-07-20T15:52:35.330278000Z >                            ///
2021-07-20T15:52:35.330282500Z >                         90.timeperiod#1.anyobesity                           
2021-07-20T15:52:35.330287200Z >                    ///
2021-07-20T15:52:35.330291100Z >                         60.timeperiod#3.smoke_nomiss                         
2021-07-20T15:52:35.330295300Z >                    ///
2021-07-20T15:52:35.330301400Z >                         90.timeperiod#3.smoke_nomiss                         
2021-07-20T15:52:35.330305400Z >            ///
2021-07-20T15:52:35.330310500Z >                         60.timeperiod#1.highimd                              
2021-07-20T15:52:35.330315500Z >                            ///
2021-07-20T15:52:35.330319700Z >                         90.timeperiod#1.highimd ///
2021-07-20T15:52:35.330323800Z >                         60.timeperiod#1.anydiab                              
2021-07-20T15:52:35.330328500Z >    ///
2021-07-20T15:52:35.330332400Z >                         90.timeperiod#1.anydiab                              
2021-07-20T15:52:35.330336600Z >    ///     
2021-07-20T15:52:35.330340800Z >                         60.timeperiod#1.cancer_exhaem_cat                    
2021-07-20T15:52:35.330344800Z >                    ///
2021-07-20T15:52:35.330349100Z >                         90.timeperiod#1.cancer_exhaem_cat                    
2021-07-20T15:52:35.330353600Z >            ///
2021-07-20T15:52:35.330357700Z >                         60.timeperiod#1.chronic_liver_disease                
2021-07-20T15:52:35.330362000Z >                            ///
2021-07-20T15:52:35.330365900Z >                         90.timeperiod#1.chronic_liver_disease                
2021-07-20T15:52:35.330375900Z >                    ///
2021-07-20T15:52:35.330380700Z >                         , strata(stp) vce(cluster household_id)
2021-07-20T15:52:35.330490500Z  10. estimates
2021-07-20T15:52:35.330500700Z  11. estimates save "./output/an_sense_covid_death_time_int_ageband_`x'`dataset
2021-07-20T15:52:35.330503800Z > '", replace
2021-07-20T15:52:35.330507400Z  12. }
2021-07-20T15:52:35.330511200Z . }
2021-07-20T15:52:35.330515300Z 
2021-07-20T15:52:35.330519500Z . 
2021-07-20T15:52:35.330523700Z . if "`outcome'"=="covid_death" & "`dataset'"=="W2" {
2021-07-20T15:52:35.330527500Z . * Open a log file
2021-07-20T15:52:35.330529900Z . capture log close
2021-07-20T15:52:35.330532300Z . log using "$logdir/07d_an_multivariable_cox_models_`outcome'_Sense5_time_ints
2021-07-20T15:52:35.330534900Z > `dataset'", text replace
2021-07-20T15:52:35.330537300Z . 
2021-07-20T15:52:35.330539800Z . foreach x in 0 1 {
2021-07-20T15:52:35.330542200Z   2. ******************************
2021-07-20T15:52:35.330544700Z . *  Multivariable Cox models  *
2021-07-20T15:52:35.330547000Z . ******************************
2021-07-20T15:52:35.330713100Z . use "$tempdir/cr_create_analysis_dataset_STSET_covid_death_ageband_`x'`datase
2021-07-20T15:52:35.330769400Z > t'.dta", clear
2021-07-20T15:52:35.330778000Z   3. stsplit timeperiod, at(60 90)
2021-07-20T15:52:35.330782800Z   4. 
2021-07-20T15:52:35.330787300Z . *make vars binary
2021-07-20T15:52:35.330791600Z . gen anyreduced_kidney_function = reduced_kidney_function_cat>=2
2021-07-20T15:52:35.330795900Z   5. gen anyobesity = obese4cat>=2
2021-07-20T15:52:35.330800000Z   6. gen highimd = imd>=3
2021-07-20T15:52:35.330805700Z   7. gen anydiab= diabcat>=2
2021-07-20T15:52:35.330810200Z   8. gen any_nonwhite=ethnicity>=2
2021-07-20T15:52:35.330814400Z   9. 
2021-07-20T15:52:35.330818500Z . *Fully adjusted
2021-07-20T15:52:35.330824600Z . stcox   i.kids_cat4      ///
2021-07-20T15:52:35.330829300Z >                         age1 age2 age3          ///
2021-07-20T15:52:35.330832400Z >                         i.tot_adults_hh ///
2021-07-20T15:52:35.330834900Z >                         i.male                                               
2021-07-20T15:52:35.330837700Z >    ///
2021-07-20T15:52:35.330840100Z >                         i.obese4cat                                     ///
2021-07-20T15:52:35.330842700Z >                         i.smoke_nomiss                                  ///
2021-07-20T15:52:35.330845200Z >                         i.imd                                           ///
2021-07-20T15:52:35.330854900Z >                         i.ethnicity ///
2021-07-20T15:52:35.330857700Z >                         `comordidadjlist'       ///     
2021-07-20T15:52:35.330860200Z >                         60.timeperiod#1.anyobesity                           
2021-07-20T15:52:35.330862700Z >                            ///
2021-07-20T15:52:35.330865500Z >                         90.timeperiod#1.anyobesity                           
2021-07-20T15:52:35.330868300Z >                    ///
2021-07-20T15:52:35.330871000Z >                         60.timeperiod#1.cancer_haem_cat                      
2021-07-20T15:52:35.330873800Z >                    ///
2021-07-20T15:52:35.330876800Z >                         90.timeperiod#1.cancer_haem_cat                      
2021-07-20T15:52:35.330880900Z >            ///
2021-07-20T15:52:35.330997600Z >                         60.timeperiod#1.esrd                                 
2021-07-20T15:52:35.331011100Z >            ///
2021-07-20T15:52:35.331016800Z >                         90.timeperiod#1.esrd                                 
2021-07-20T15:52:35.331021400Z >    ///
2021-07-20T15:52:35.331025400Z >                         60.timeperiod#1.other_immuno                         
2021-07-20T15:52:35.331029900Z >                    ///
2021-07-20T15:52:35.331034000Z >                         90.timeperiod#1.other_immuno                         
2021-07-20T15:52:35.331038100Z >            ///
2021-07-20T15:52:35.331041900Z >                         60.timeperiod#1.reduced_kidney_function_cat          
2021-07-20T15:52:35.331046000Z >                                    ///
2021-07-20T15:52:35.331049700Z >                         90.timeperiod#1.reduced_kidney_function_cat          
2021-07-20T15:52:35.331053300Z >                            ///             
2021-07-20T15:52:35.331079300Z >                         60.timeperiod#1.other_immuno                         
2021-07-20T15:52:35.331085400Z >                    ///
2021-07-20T15:52:35.331090200Z >                         90.timeperiod#1.other_immuno                         
2021-07-20T15:52:35.331095000Z >            ///
2021-07-20T15:52:35.331099000Z >                         , strata(stp) vce(cluster household_id)
2021-07-20T15:52:35.331103100Z  10. estimates
2021-07-20T15:52:35.331106900Z  11. estimates save "./output/an_sense_covid_death_time_int_ageband_`x'`dataset
2021-07-20T15:52:35.331111400Z > '", replace
2021-07-20T15:52:35.331115700Z  12. }
2021-07-20T15:52:35.331121300Z . }
2021-07-20T15:52:35.331125500Z 
2021-07-20T15:52:35.331129300Z . cap log close
2021-07-20T15:52:35.331133400Z 
2021-07-20T15:52:35.331145300Z . exit, clear
2021-07-20T15:52:35.331150600Z 
2021-07-20T15:52:35.331153200Z end of do-file
2021-07-20T15:52:35.331155700Z 
2021-07-20T15:52:35.331158100Z . . file open output using "/tmp/tmp.t5E6AwV9WG", write text replace
2021-07-20T15:52:35.331404500Z 
2021-07-20T15:52:35.331419100Z . . file write output "success" 
2021-07-20T15:52:35.331426100Z 
2021-07-20T15:52:35.331430200Z . . file close output
2021-07-20T15:52:35.331434500Z 
2021-07-20T15:52:35.331437200Z . 
2021-07-20T15:52:35.331439600Z end of do-file
2021-07-20T15:52:35.331442100Z 
2021-07-20T15:52:35.331444400Z 
2021-07-20T15:52:35.359324200Z . 

state: succeeded
commit: none
docker_image_id: sha256:11980aa720220a1b39bf523f5a8a33270214c13876c30ee364e16265766f7f60
exit_code: 0
job_id: 5aeyrblnjmcg4id6
run_by_user: qc18278
created_at: 2021-07-20T15:38:48Z
started_at: 2021-07-20T15:52:07Z
completed_at: 2021-07-20T15:55:55Z

Completed successfully

outputs:
  log/07d_an_multivariable_cox_models_covidadmission_Sense5_time_intsMAIN.log  - moderately_sensitive
  output/an_sense_covidadmission_time_int_ageband_0MAIN.ster                   - moderately_sensitive
  output/an_sense_covidadmission_time_int_ageband_1MAIN.ster                   - moderately_sensitive