2021-07-20T15:49:36.245701100Z 
2021-07-20T15:49:36.245732800Z   ___  ____  ____  ____  ____ (R)
2021-07-20T15:49:36.245736800Z  /__    /   ____/   /   ____/
2021-07-20T15:49:36.245739000Z ___/   /   /___/   /   /___/   16.1   Copyright 1985-2019 StataCorp LLC
2021-07-20T15:49:36.245741100Z   Statistics/Data Analysis            StataCorp
2021-07-20T15:49:36.245743100Z                                       4905 Lakeway Drive
2021-07-20T15:49:36.245745200Z                                       College Station, Texas 77845 USA
2021-07-20T15:49:36.245747700Z                                       800-STATA-PC        http://www.stata.com
2021-07-20T15:49:36.245749700Z                                       979-696-4600        stata@stata.com
2021-07-20T15:49:36.245751600Z                                       979-696-4601 (fax)
2021-07-20T15:49:36.245753600Z 
2021-07-20T15:49:36.245755400Z 3-user Stata network license expires 11 May 2022:
2021-07-20T15:49:36.245757300Z        Serial number:  501709312237
2021-07-20T15:49:36.245759100Z          Licensed to:  The Bennett Institute
2021-07-20T15:49:36.245761200Z                        Oxford University
2021-07-20T15:49:36.246553100Z 
2021-07-20T15:49:36.246571400Z Notes:
2021-07-20T15:49:36.246575900Z       1.  Unicode is supported; see help unicode_advice.
2021-07-20T15:49:36.246579900Z 
2021-07-20T15:49:36.246583300Z . do "analysis/07d_an_multivariable_cox_models_FULL_Sense4.wrapper.do" covid_tp
2021-07-20T15:49:36.246587100Z > p_prob W2 
2021-07-20T15:49:36.246591000Z 
2021-07-20T15:49:36.246594000Z . . do "analysis/07d_an_multivariable_cox_models_FULL_Sense4.do" covid_tpp_prob
2021-07-20T15:49:36.246597100Z >  W2
2021-07-20T15:49:36.246858300Z 
2021-07-20T15:49:36.246871500Z . *****************************************************************************
2021-07-20T15:49:36.246876500Z > ***
2021-07-20T15:49:36.246880700Z . *
2021-07-20T15:49:36.246884200Z . *       Do-file:                07d_an_multivariable_cox_models_Sense4.do
2021-07-20T15:49:36.246888100Z . *
2021-07-20T15:49:36.246891400Z . *       Project:                Exposure children and COVID risk
2021-07-20T15:49:36.246894800Z . *
2021-07-20T15:49:36.246897400Z . *       Programmed by:  Hforbes, based on files from Fizz & Krishnan
2021-07-20T15:49:36.246900800Z . *
2021-07-20T15:49:36.246904000Z . *       Data used:              analysis_dataset.dta
2021-07-20T15:49:36.246909600Z . *
2021-07-20T15:49:36.246913100Z . *       Data created:   None
2021-07-20T15:49:36.246916600Z . *
2021-07-20T15:49:36.246920000Z . *       Other output:   Log file:  07b_an_multivariable_cox_models_`outcome'.
2021-07-20T15:49:36.246936400Z > log
2021-07-20T15:49:36.246940600Z . *
2021-07-20T15:49:36.246943900Z . *****************************************************************************
2021-07-20T15:49:36.246947600Z > ***
2021-07-20T15:49:36.246951100Z . *
2021-07-20T15:49:36.246954600Z . *       Purpose:                This do-file performs multivariable (fully ad
2021-07-20T15:49:36.246958400Z > justed) 
2021-07-20T15:49:36.246965400Z . *                                       Cox models, with age as the underlyin
2021-07-20T15:49:36.246969300Z > g timescale
2021-07-20T15:49:36.246972600Z . *  
2021-07-20T15:49:36.246975900Z . *****************************************************************************
2021-07-20T15:49:36.246979200Z > ***
2021-07-20T15:49:36.246982700Z . *       
2021-07-20T15:49:36.247912600Z . *       Stata routines needed:  stbrier   
2021-07-20T15:49:36.247931300Z . *
2021-07-20T15:49:36.247935600Z . *****************************************************************************
2021-07-20T15:49:36.247939100Z > ***
2021-07-20T15:49:36.247942500Z . 
2021-07-20T15:49:36.247945300Z . * Set globals that will print in programs and direct output
2021-07-20T15:49:36.247948600Z . global outdir     "output" 
2021-07-20T15:49:36.247952200Z 
2021-07-20T15:49:36.247955200Z . global logdir     "log"
2021-07-20T15:49:36.247958400Z 
2021-07-20T15:49:36.247961600Z . global tempdir    "tempdata"
2021-07-20T15:49:36.247964700Z 
2021-07-20T15:49:36.247967400Z . global demogadjlist  age1 age2 age3 i.male i.obese4cat i.smoke_nomiss i.imd i
2021-07-20T15:49:36.247970200Z > .tot_adults_hh i.ethnicity
2021-07-20T15:49:36.247972900Z 
2021-07-20T15:49:36.247975600Z . global comordidadjlist  i.htdiag_or_highbp                              ///
2021-07-20T15:49:36.247978500Z >                         i.chronic_respiratory_disease   ///
2021-07-20T15:49:36.247981400Z >                         i.asthma                                             
2021-07-20T15:49:36.247984300Z >    ///
2021-07-20T15:49:36.247986900Z >                         i.chronic_cardiac_disease               ///
2021-07-20T15:49:36.247989800Z >                         i.diabcat                                            
2021-07-20T15:49:36.247992600Z >    ///
2021-07-20T15:49:36.247995200Z >                         i.cancer_exhaem_cat                             ///
2021-07-20T15:49:36.247998600Z >                         i.cancer_haem_cat                               ///
2021-07-20T15:49:36.248001800Z >                         i.chronic_liver_disease                 ///
2021-07-20T15:49:36.248005600Z >                         i.stroke_dementia                               ///
2021-07-20T15:49:36.248035400Z >                         i.other_neuro                                   ///
2021-07-20T15:49:36.248039800Z >                         i.reduced_kidney_function_cat   ///
2021-07-20T15:49:36.248042600Z >                         i.esrd                                               
2021-07-20T15:49:36.248045600Z >    ///
2021-07-20T15:49:36.248048300Z >                         i.other_transplant                              ///
2021-07-20T15:49:36.248051300Z >                         i.asplenia                                           
2021-07-20T15:49:36.248054200Z >    ///
2021-07-20T15:49:36.248056900Z >                         i.ra_sle_psoriasis                      ///
2021-07-20T15:49:36.248060000Z >                         i.other_immuno          
2021-07-20T15:49:36.248063100Z 
2021-07-20T15:49:36.248065800Z . 
2021-07-20T15:49:36.248068500Z . local outcome `1' 
2021-07-20T15:49:36.248071200Z 
2021-07-20T15:49:36.248073800Z . local dataset `2'
2021-07-20T15:49:36.248076500Z 
2021-07-20T15:49:36.248089700Z . 
2021-07-20T15:49:36.248096700Z . 
2021-07-20T15:49:36.248100200Z . *****************************************************************************
2021-07-20T15:49:36.248103800Z > *******
2021-07-20T15:49:36.248107100Z . *First clean up all old saved estimates for this outcome
2021-07-20T15:49:36.248110500Z . *This is to guard against accidentally displaying left-behind results from ol
2021-07-20T15:49:36.248127600Z > d runs
2021-07-20T15:49:36.248132500Z . *****************************************************************************
2021-07-20T15:49:36.248135900Z > *******
2021-07-20T15:49:36.248139200Z . 
2021-07-20T15:49:36.248142200Z . * Open a log file
2021-07-20T15:49:36.248145300Z . capture log close
2021-07-20T15:49:36.248148400Z 
2021-07-20T15:49:36.248153600Z . log using "$logdir/07d_an_multivariable_cox_models_`outcome'_Sense4_agetimesc
2021-07-20T15:49:36.248157500Z > ale`dataset'", text replace
2021-07-20T15:49:36.248604300Z (note: file /workspace/log/07d_an_multivariable_cox_models_covid_tpp_prob_Sense
2021-07-20T15:49:36.248618800Z > 4_agetimescaleW2.log not found)
2021-07-20T15:49:36.248922200Z -------------------------------------------------------------------------------
2021-07-20T15:49:36.248933300Z       name:  <unnamed>
2021-07-20T15:49:36.248937400Z        log:  /workspace/log/07d_an_multivariable_cox_models_covid_tpp_prob_Sens
2021-07-20T15:49:36.248940800Z > e4_agetimescaleW2.log
2021-07-20T15:49:36.248943900Z   log type:  text
2021-07-20T15:49:36.248955200Z  opened on:  20 Jul 2021, 15:49:36
2021-07-20T15:49:36.248959300Z 
2021-07-20T15:49:36.248962600Z . 
2021-07-20T15:49:36.248965700Z . 
2021-07-20T15:49:36.249802400Z . *****************************************************************************
2021-07-20T15:49:36.249817500Z > ********
2021-07-20T15:49:36.249822300Z . *PROG TO DEFINE THE BASIC COX MODEL WITH OPTIONS FOR HANDLING OF AGE, BMI, ET
2021-07-20T15:49:36.249826200Z > HNICITY:
2021-07-20T15:49:36.249830600Z . cap prog drop basecoxmodel
2021-07-20T15:49:36.249833800Z 
2021-07-20T15:49:36.249836900Z . prog define basecoxmodel
2021-07-20T15:49:36.249840100Z   1.         syntax , exposure(string) age(string)
2021-07-20T15:49:36.249843400Z   2. timer clear
2021-07-20T15:49:36.249846500Z   3. timer on 1
2021-07-20T15:49:36.249849600Z   4.         capture stcox   `exposure'                      ///
2021-07-20T15:49:36.249852900Z >                         $demogadjlist                           ///
2021-07-20T15:49:36.249856300Z >                         $comordidadjlist                ///
2021-07-20T15:49:36.249859700Z >                         , strata(stp) vce(cluster household_id)
2021-07-20T15:49:36.249863000Z   5. timer off 1
2021-07-20T15:49:36.249866300Z   6. timer list
2021-07-20T15:49:36.249869500Z   7. end
2021-07-20T15:49:36.249872500Z 
2021-07-20T15:49:36.249875500Z . *****************************************************************************
2021-07-20T15:49:36.249878700Z > ********
2021-07-20T15:49:36.249881800Z . 
2021-07-20T15:49:36.249884700Z . 
2021-07-20T15:49:36.249887900Z . * Open dataset and fit specified model(s)
2021-07-20T15:49:36.250323900Z . forvalues x=0/1 {
2021-07-20T15:49:36.250338300Z   2. 
2021-07-20T15:49:36.250343300Z . use "$tempdir/cr_create_analysis_dataset_STSET_`outcome'_ageband_`x'`dataset'
2021-07-20T15:49:36.250347700Z > .dta", clear
2021-07-20T15:49:36.250575300Z   3. 
2021-07-20T15:49:36.250613300Z . *reset underlying timescale to age
2021-07-20T15:49:36.250622500Z . gen dob=d(01feb2020)-(age*365.25)
2021-07-20T15:49:36.250646000Z   4. format dob %td
2021-07-20T15:49:36.250655400Z   5. *list age dob in 1/20
2021-07-20T15:49:36.250658300Z . streset, origin(dob) scale(365.25) 
2021-07-20T15:49:36.250660300Z   6. 
2021-07-20T15:49:36.250662200Z . 
2021-07-20T15:49:36.250664100Z . ******************************
2021-07-20T15:49:36.250666200Z . *  Multivariable Cox models  *
2021-07-20T15:49:36.250668100Z . ******************************
2021-07-20T15:49:36.250682200Z . 
2021-07-20T15:49:36.250711600Z . 
2021-07-20T15:49:36.250719300Z . 
2021-07-20T15:49:36.250721600Z . foreach exposure_type in kids_cat4  {
2021-07-20T15:49:36.250723600Z   7. 
2021-07-20T15:49:36.250725500Z . *Age spline model (not adj ethnicity)
2021-07-20T15:49:36.250727500Z . basecoxmodel, exposure("i.`exposure_type'") age("age1 age2 age3")
2021-07-20T15:49:36.250729700Z   8. if _rc==0{
2021-07-20T15:49:36.250732100Z   9. estimates
2021-07-20T15:49:36.250734100Z  10. estimates save ./output/an_sense_`outcome'_age_underlying_timescale_ageban
2021-07-20T15:49:36.250736600Z > d_`x'`dataset', replace
2021-07-20T15:49:36.250740400Z  11. *estat concordance /*c-statistic*/
2021-07-20T15:49:36.250860600Z .         /*  Proportional Hazards test  
2021-07-20T15:49:36.250872500Z >         * Based on Schoenfeld residuals
2021-07-20T15:49:36.250877500Z >         timer clear 
2021-07-20T15:49:36.250881300Z >         timer on 1
2021-07-20T15:49:36.250884700Z >         if e(N_fail)>0 estat phtest, d
2021-07-20T15:49:36.250888700Z >         timer off 1
2021-07-20T15:49:36.250892100Z >         timer list*/
2021-07-20T15:49:36.250895800Z . }
2021-07-20T15:49:36.250899200Z  12. else di "WARNING AGE SPLINE MODEL DID NOT FIT (OUTCOME `outcome')"
2021-07-20T15:49:36.250903000Z  13. 
2021-07-20T15:49:36.250906600Z . }
2021-07-20T15:49:36.250986900Z  14. }
2021-07-20T15:49:36.499686300Z -> stset stime_covid_tpp_prob, id(patient_id) failure(covid_tpp_prob)
2021-07-20T15:49:36.499716000Z                                enter(time enter_date) origin(time dob)
2021-07-20T15:49:36.499734800Z                                scale(365.25)
2021-07-20T15:49:36.499753700Z 
2021-07-20T15:49:36.499911400Z                 id:  patient_id
2021-07-20T15:49:36.500109400Z      failure event:  covid_tpp_prob != 0 & covid_tpp_prob < .
2021-07-20T15:49:36.500374700Z obs. time interval:  (stime_covid_tpp_prob[_n-1], stime_covid_tpp_prob]
2021-07-20T15:49:36.500387100Z  enter on or after:  time enter_date
2021-07-20T15:49:36.500391500Z  exit on or before:  failure
2021-07-20T15:49:36.500394900Z     t for analysis:  (time-origin)/365.25
2021-07-20T15:49:36.500556800Z             origin:  time dob
2021-07-20T15:49:36.500566700Z 
2021-07-20T15:49:36.500569500Z ------------------------------------------------------------------------------
2021-07-20T15:49:36.500650000Z      16,235  total observations
2021-07-20T15:49:36.501664200Z           0  exclusions
2021-07-20T15:49:36.501676700Z ------------------------------------------------------------------------------
2021-07-20T15:49:36.501789200Z      16,235  observations remaining, representing
2021-07-20T15:49:36.526858600Z      16,235  subjects
2021-07-20T15:49:36.552449000Z       5,152  failures in single-failure-per-subject data
2021-07-20T15:49:36.599967500Z   3,541.969  total analysis time at risk and under observation
2021-07-20T15:49:36.599986500Z                                                 at risk from t =         0
2021-07-20T15:49:36.600888900Z                                      earliest observed entry t =  18.58316
2021-07-20T15:49:36.602140800Z                                           last observed exit t =  65.87885
2021-07-20T15:49:40.609594300Z    1:      4.01 /        1 =       4.0080
2021-07-20T15:49:40.612239700Z 
2021-07-20T15:49:40.612263200Z -------------------------------------------------------------------------------
2021-07-20T15:49:40.612266600Z active results
2021-07-20T15:49:40.612269100Z -------------------------------------------------------------------------------
2021-07-20T15:49:40.613601800Z 
2021-07-20T15:49:40.613617300Z Stratified Cox regr. -- Breslow method for ties
2021-07-20T15:49:40.613794200Z 
2021-07-20T15:49:40.613808800Z No. of subjects      =       16,235             Number of obs    =      16,235
2021-07-20T15:49:40.613813900Z No. of failures      =        5,152
2021-07-20T15:49:40.613817300Z Time at risk         =  3541.968515
2021-07-20T15:49:40.613867500Z                                                 Wald chi2(40)    =       48.21
2021-07-20T15:49:40.613973100Z Log pseudolikelihood =    -16734.76             Prob > chi2      =      0.1748
2021-07-20T15:49:40.613984000Z 
2021-07-20T15:49:40.665400900Z                        (Std. Err. adjusted for 1,121 clusters in household_id)
2021-07-20T15:49:40.665451600Z ------------------------------------------------------------------------------
2021-07-20T15:49:40.665457300Z              |               Robust
2021-07-20T15:49:40.665461600Z           _t | Haz. Ratio   Std. Err.      z    P>|z|     [95% Conf. Interval]
2021-07-20T15:49:40.665466600Z -------------+----------------------------------------------------------------
2021-07-20T15:49:40.665485600Z    kids_cat4 |
2021-07-20T15:49:40.672856300Z only <12 ..  |   .8554133   .0787764    -1.70   0.090     .7141467    1.024624
2021-07-20T15:49:40.672879400Z  only 12-18  |   .9217625    .115534    -0.65   0.516       .72099    1.178444
2021-07-20T15:49:40.673149800Z       mixed  |   .8630092    .072229    -1.76   0.078     .7324444    1.016848
2021-07-20T15:49:40.673161500Z              |
2021-07-20T15:49:40.673337100Z         age1 |   1.018215          .        .       .            .           .
2021-07-20T15:49:40.673484000Z         age2 |   1.000005          .        .       .            .           .
2021-07-20T15:49:40.673786600Z         age3 |   .7993144   .0754947    -2.37   0.018     .6642358    .9618626
2021-07-20T15:49:40.674014300Z       1.male |   .9766036     .02711    -0.85   0.394     .9248886     1.03121
2021-07-20T15:49:40.674023600Z              |
2021-07-20T15:49:40.674027200Z    obese4cat |
2021-07-20T15:49:40.674246500Z Obese I ..)  |   1.040427   .0420239     0.98   0.327     .9612373     1.12614
2021-07-20T15:49:40.674400400Z Obese II..)  |   1.010068   .0516672     0.20   0.845     .9137132    1.116585
2021-07-20T15:49:40.674677900Z Obese II..)  |   .9223497    .054613    -1.37   0.172     .8212877    1.035848
2021-07-20T15:49:40.674688200Z              |
2021-07-20T15:49:40.674692200Z smoke_nomiss |
2021-07-20T15:49:40.674927500Z      Former  |   1.061881   .1068814     0.60   0.551     .8717662    1.293457
2021-07-20T15:49:40.675170300Z     Current  |   1.023336   .0452206     0.52   0.602     .9384352    1.115918
2021-07-20T15:49:40.675180300Z              |
2021-07-20T15:49:40.675184000Z          imd |
2021-07-20T15:49:40.675382500Z           4  |   1.017828    .035601     0.51   0.613     .9503898    1.090053
2021-07-20T15:49:40.675613500Z 5 most de..  |   1.030997    .048045     0.66   0.512     .9410031    1.129598
2021-07-20T15:49:40.675623900Z              |
2021-07-20T15:49:40.675627900Z tot_adults~h |
2021-07-20T15:49:40.675844300Z           2  |   1.334792   .3319406     1.16   0.246     .8198488    2.173168
2021-07-20T15:49:40.676088300Z           3  |   1.331541   .2567588     1.48   0.138     .9124708    1.943079
2021-07-20T15:49:40.676098400Z              |
2021-07-20T15:49:40.676102500Z    ethnicity |
2021-07-20T15:49:40.676339600Z Asian or ..  |   .9088477   .0426302    -2.04   0.042     .8290197    .9963625
2021-07-20T15:49:40.676595900Z       Other  |   .9959241   .0462835    -0.09   0.930     .9092188    1.090898
2021-07-20T15:49:40.676606500Z              |
2021-07-20T15:49:40.676872700Z 1.htdiag_o~p |   .9773847     .05062    -0.44   0.659     .8830408    1.081808
2021-07-20T15:49:40.677115800Z 1.~y_disease |    1.02081   .0362931     0.58   0.562     .9520989     1.09448
2021-07-20T15:49:40.677384100Z     1.asthma |   .9437833   .0497141    -1.10   0.272     .8512066    1.046429
2021-07-20T15:49:40.677619600Z 1.~c_disease |   1.007898   .0345802     0.23   0.819      .942351    1.078005
2021-07-20T15:49:40.677631600Z              |
2021-07-20T15:49:40.677636300Z      diabcat |
2021-07-20T15:49:40.677824700Z T1DM, con..  |   1.064615   .0868153     0.77   0.443     .9073619    1.249122
2021-07-20T15:49:40.678006300Z T1DM, unc..  |   .8030615    .163424    -1.08   0.281     .5389249    1.196656
2021-07-20T15:49:40.678179300Z T2DM, con..  |   1.038269    .038507     1.01   0.311     .9654746    1.116552
2021-07-20T15:49:40.678371900Z T2DM, unc..  |   1.040132   .0783322     0.52   0.601     .8973967    1.205569
2021-07-20T15:49:40.678631800Z Diabetes,..  |   2.165921   .9643695     1.74   0.083     .9049981    5.183671
2021-07-20T15:49:40.678642000Z              |
2021-07-20T15:49:40.678645800Z cancer_exh~t |
2021-07-20T15:49:40.678876700Z   Last year  |   .7166989   .1939298    -1.23   0.218     .4217083    1.218039
2021-07-20T15:49:40.679024300Z 2-5 years..  |   .9958176     .10439    -0.04   0.968      .810867    1.222954
2021-07-20T15:49:40.679276100Z    5+ years  |   1.059886   .0375205     1.64   0.100     .9888403    1.136036
2021-07-20T15:49:40.679286400Z              |
2021-07-20T15:49:40.679290500Z cancer_hae~t |
2021-07-20T15:49:40.679533300Z   Last year  |   .4346593    .133947    -2.70   0.007     .2375954    .7951698
2021-07-20T15:49:40.679731700Z 2-5 years..  |   1.098695   .1191301     0.87   0.385     .8883463    1.358851
2021-07-20T15:49:40.680015500Z    5+ years  |   .9942567    .036498    -0.16   0.875     .9252347    1.068428
2021-07-20T15:49:40.680025800Z              |
2021-07-20T15:49:40.680303600Z 1.~r_disease |   1.023642    .035881     0.67   0.505     .9556784     1.09644
2021-07-20T15:49:40.680554500Z 1.stroke_d~a |   .9923524   .0342066    -0.22   0.824     .9275233    1.061713
2021-07-20T15:49:40.680798700Z 1.other_ne~o |   .9915669   .0356957    -0.24   0.814     .9240157    1.064057
2021-07-20T15:49:40.680809200Z              |
2021-07-20T15:49:40.680811900Z reduced_ki~t |
2021-07-20T15:49:40.681087900Z Stage 3a/..  |   .8463676    .202589    -0.70   0.486     .5294354    1.353023
2021-07-20T15:49:40.681307100Z       1.esrd |   .9861458   .0286234    -0.48   0.631     .9316108    1.043873
2021-07-20T15:49:40.681513900Z 1.other_tr~t |   .9927629   .0331661    -0.22   0.828      .929841    1.059943
2021-07-20T15:49:40.681749100Z   1.asplenia |   1.027502   .0352698     0.79   0.429     .9606482    1.099007
2021-07-20T15:49:40.681967500Z 1.ra_sle_p~s |   .9856552   .0337452    -0.42   0.673      .921686    1.054064
2021-07-20T15:49:40.690720500Z 1.other_im~o |   .9952595   .0303547    -0.16   0.876     .9375087    1.056568
2021-07-20T15:49:40.690738000Z ------------------------------------------------------------------------------
2021-07-20T15:49:40.690940300Z                                                              Stratified by stp
2021-07-20T15:49:40.716676700Z (note: file ./output/an_sense_covid_tpp_prob_age_underlying_timescale_ageband_0
2021-07-20T15:49:40.716704200Z > W2.ster not found)
2021-07-20T15:49:40.716709200Z file ./output/an_sense_covid_tpp_prob_age_underlying_timescale_ageband_0W2.ster
2021-07-20T15:49:40.716713000Z >  saved
2021-07-20T15:49:40.782105800Z -> stset stime_covid_tpp_prob, id(patient_id) failure(covid_tpp_prob)
2021-07-20T15:49:40.782126700Z                                enter(time enter_date) origin(time dob)
2021-07-20T15:49:40.782132100Z                                scale(365.25)
2021-07-20T15:49:40.782144400Z 
2021-07-20T15:49:40.782148200Z                 id:  patient_id
2021-07-20T15:49:40.782151600Z      failure event:  covid_tpp_prob != 0 & covid_tpp_prob < .
2021-07-20T15:49:40.782155400Z obs. time interval:  (stime_covid_tpp_prob[_n-1], stime_covid_tpp_prob]
2021-07-20T15:49:40.782158900Z  enter on or after:  time enter_date
2021-07-20T15:49:40.782162300Z  exit on or before:  failure
2021-07-20T15:49:40.782165700Z     t for analysis:  (time-origin)/365.25
2021-07-20T15:49:40.782169100Z             origin:  time dob
2021-07-20T15:49:40.782255200Z 
2021-07-20T15:49:40.782269100Z ------------------------------------------------------------------------------
2021-07-20T15:49:40.782273700Z       4,496  total observations
2021-07-20T15:49:40.782642500Z           0  exclusions
2021-07-20T15:49:40.782653300Z ------------------------------------------------------------------------------
2021-07-20T15:49:40.782658400Z       4,496  observations remaining, representing
2021-07-20T15:49:40.790732800Z       4,496  subjects
2021-07-20T15:49:40.798970600Z       1,466  failures in single-failure-per-subject data
2021-07-20T15:49:40.814083800Z     974.084  total analysis time at risk and under observation
2021-07-20T15:49:40.814106400Z                                                 at risk from t =         0
2021-07-20T15:49:40.814547300Z                                      earliest observed entry t =  66.58316
2021-07-20T15:49:40.815029300Z                                           last observed exit t =  107.8789
2021-07-20T15:49:41.877256400Z    1:      1.06 /        1 =       1.0620
2021-07-20T15:49:41.877277400Z 
2021-07-20T15:49:41.877283200Z -------------------------------------------------------------------------------
2021-07-20T15:49:41.877287700Z active results
2021-07-20T15:49:41.877291500Z -------------------------------------------------------------------------------
2021-07-20T15:49:41.879140600Z 
2021-07-20T15:49:41.879162200Z Stratified Cox regr. -- Breslow method for ties
2021-07-20T15:49:41.879168500Z 
2021-07-20T15:49:41.879173000Z No. of subjects      =        4,496             Number of obs    =       4,496
2021-07-20T15:49:41.879210900Z No. of failures      =        1,466
2021-07-20T15:49:41.879417100Z Time at risk         =  974.0835044
2021-07-20T15:49:41.879538800Z                                                 Wald chi2(39)    =       49.06
2021-07-20T15:49:41.879552800Z Log pseudolikelihood =   -3797.8456             Prob > chi2      =      0.1298
2021-07-20T15:49:41.879602800Z 
2021-07-20T15:49:41.894544300Z                          (Std. Err. adjusted for 912 clusters in household_id)
2021-07-20T15:49:41.894567300Z ------------------------------------------------------------------------------
2021-07-20T15:49:41.894581500Z              |               Robust
2021-07-20T15:49:41.894586400Z           _t | Haz. Ratio   Std. Err.      z    P>|z|     [95% Conf. Interval]
2021-07-20T15:49:41.894591000Z -------------+----------------------------------------------------------------
2021-07-20T15:49:41.894594900Z    kids_cat4 |
2021-07-20T15:49:41.894856100Z only <12 ..  |   .6111742   .1175091    -2.56   0.010     .4192821    .8908892
2021-07-20T15:49:41.895125300Z  only 12-18  |   .6816856   .1777108    -1.47   0.142     .4089608    1.136283
2021-07-20T15:49:41.895584300Z       mixed  |   .7747578   .1369852    -1.44   0.149     .5478539    1.095638
2021-07-20T15:49:41.895599300Z              |
2021-07-20T15:49:41.895854200Z         age1 |   1.046839          .        .       .            .           .
2021-07-20T15:49:41.896142400Z         age2 |   .9321264          .        .       .            .           .
2021-07-20T15:49:41.896663600Z         age3 |   1.054632          .        .       .            .           .
2021-07-20T15:49:41.897104900Z       1.male |   .9796038   .0539522    -0.37   0.708     .8793668    1.091267
2021-07-20T15:49:41.897118300Z              |
2021-07-20T15:49:41.897123100Z    obese4cat |
2021-07-20T15:49:41.897372500Z Obese I ..)  |   1.041156   .0806747     0.52   0.603     .8944574    1.211913
2021-07-20T15:49:41.897712900Z Obese II..)  |    1.09915   .1036367     1.00   0.316       .91369    1.322255
2021-07-20T15:49:41.898296700Z Obese II..)  |   .8409112   .1019882    -1.43   0.153     .6630006    1.066563
2021-07-20T15:49:41.898309700Z              |
2021-07-20T15:49:41.898313900Z smoke_nomiss |
2021-07-20T15:49:41.898558100Z      Former  |   .9225517    .190801    -0.39   0.697     .6151008    1.383678
2021-07-20T15:49:41.898815700Z     Current  |   .8972366   .0737639    -1.32   0.187     .7637087    1.054111
2021-07-20T15:49:41.898827900Z              |
2021-07-20T15:49:41.898832600Z          imd |
2021-07-20T15:49:41.899065600Z           4  |   1.029872   .0687628     0.44   0.659      .903545     1.17386
2021-07-20T15:49:41.899375400Z 5 most de..  |   .9845803   .0912941    -0.17   0.867     .8209647    1.180804
2021-07-20T15:49:41.899388600Z              |
2021-07-20T15:49:41.899393500Z tot_adults~h |
2021-07-20T15:49:41.900070700Z           2  |   1.114158   .4761388     0.25   0.800     .4821508    2.574603
2021-07-20T15:49:41.900495800Z           3  |   1.240654   .4478883     0.60   0.550     .6114463    2.517345
2021-07-20T15:49:41.900506600Z              |
2021-07-20T15:49:41.900509500Z    ethnicity |
2021-07-20T15:49:41.900705600Z Asian or ..  |   1.021225   .0900171     0.24   0.812     .8591943    1.213813
2021-07-20T15:49:41.900971800Z       Other  |   1.107958   .0962695     1.18   0.238     .9344648    1.313661
2021-07-20T15:49:41.900991000Z              |
2021-07-20T15:49:41.901257600Z 1.htdiag_o~p |   1.033931    .104997     0.33   0.742     .8473263     1.26163
2021-07-20T15:49:41.901488900Z 1.~y_disease |   .9830671   .0693662    -0.24   0.809     .8560941    1.128872
2021-07-20T15:49:41.901749100Z     1.asthma |   1.000886   .0901539     0.01   0.992     .8389067    1.194142
2021-07-20T15:49:41.902159100Z 1.~c_disease |   .9928559   .0650951    -0.11   0.913      .873129       1.129
2021-07-20T15:49:41.902170700Z              |
2021-07-20T15:49:41.902174900Z      diabcat |
2021-07-20T15:49:41.902833400Z T1DM, con..  |   1.207855   .1931314     1.18   0.238     .8828992    1.652414
2021-07-20T15:49:41.903445200Z T1DM, unc..  |   1.820439    .514319     2.12   0.034     1.046383    3.167098
2021-07-20T15:49:41.903722900Z T2DM, con..  |   .9324483   .0678697    -0.96   0.337      .808479    1.075427
2021-07-20T15:49:41.903904000Z T2DM, unc..  |   .7462281   .1259332    -1.73   0.083      .536072    1.038771
2021-07-20T15:49:41.904145800Z Diabetes,..  |     1.8502   1.235878     0.92   0.357     .4996216    6.851662
2021-07-20T15:49:41.904156300Z              |
2021-07-20T15:49:41.904159100Z cancer_exh~t |
2021-07-20T15:49:41.904395000Z   Last year  |   1.153131   .4046852     0.41   0.685     .5796343    2.294052
2021-07-20T15:49:41.904617700Z 2-5 years..  |   1.508468   .3165495     1.96   0.050     .9997997    2.275933
2021-07-20T15:49:41.905109400Z    5+ years  |    .941047   .0678025    -0.84   0.399      .817113    1.083778
2021-07-20T15:49:41.905123000Z              |
2021-07-20T15:49:41.905128100Z cancer_hae~t |
2021-07-20T15:49:41.905612100Z   Last year  |   .9556512   .4100063    -0.11   0.916     .4121977     2.21561
2021-07-20T15:49:41.905880100Z 2-5 years..  |   .8328905   .1873737    -0.81   0.416     .5359137    1.294437
2021-07-20T15:49:41.906145600Z    5+ years  |   .8984419   .0627059    -1.53   0.125     .7835762    1.030146
2021-07-20T15:49:41.906155900Z              |
2021-07-20T15:49:41.906600500Z 1.~r_disease |   1.024785   .0654675     0.38   0.702      .904179    1.161478
2021-07-20T15:49:41.906872900Z 1.stroke_d~a |   1.007171    .066464     0.11   0.914     .8849768    1.146238
2021-07-20T15:49:41.907169200Z 1.other_ne~o |   .9979246   .0622603    -0.03   0.973     .8830626    1.127727
2021-07-20T15:49:41.907191100Z              |
2021-07-20T15:49:41.907197900Z reduced_ki~t |
2021-07-20T15:49:41.907756500Z Stage 3a/..  |   1.304883   .1829609     1.90   0.058     .9913393    1.717594
2021-07-20T15:49:41.908316400Z       1.esrd |   1.054289     .05924     0.94   0.347     .9443454    1.177031
2021-07-20T15:49:41.908585400Z 1.other_tr~t |   1.075522    .071227     1.10   0.272     .9446006     1.22459
2021-07-20T15:49:41.909043600Z   1.asplenia |   1.155457   .0764154     2.18   0.029     1.014986    1.315369
2021-07-20T15:49:41.909476300Z 1.ra_sle_p~s |   1.063352   .0730894     0.89   0.371     .9293301    1.216703
2021-07-20T15:49:41.911178700Z 1.other_im~o |   1.017514   .0587665     0.30   0.764     .9086134    1.139466
2021-07-20T15:49:41.911222900Z ------------------------------------------------------------------------------
2021-07-20T15:49:41.911697200Z                                                              Stratified by stp
2021-07-20T15:49:41.923249400Z (note: file ./output/an_sense_covid_tpp_prob_age_underlying_timescale_ageband_1
2021-07-20T15:49:41.923293700Z > W2.ster not found)
2021-07-20T15:49:41.923300600Z file ./output/an_sense_covid_tpp_prob_age_underlying_timescale_ageband_1W2.ster
2021-07-20T15:49:41.923303700Z >  saved
2021-07-20T15:49:41.923306300Z 
2021-07-20T15:49:41.923308900Z . 
2021-07-20T15:49:41.923311400Z . log close
2021-07-20T15:49:41.923461500Z       name:  <unnamed>
2021-07-20T15:49:41.923472000Z        log:  /workspace/log/07d_an_multivariable_cox_models_covid_tpp_prob_Sens
2021-07-20T15:49:41.923475300Z > e4_agetimescaleW2.log
2021-07-20T15:49:41.923477900Z   log type:  text
2021-07-20T15:49:41.923480400Z  closed on:  20 Jul 2021, 15:49:41
2021-07-20T15:49:41.923483100Z -------------------------------------------------------------------------------
2021-07-20T15:49:41.923486100Z 
2021-07-20T15:49:41.923488800Z . 
2021-07-20T15:49:41.923491300Z . 
2021-07-20T15:49:41.923493900Z . 
2021-07-20T15:49:41.923496400Z . exit, clear
2021-07-20T15:49:41.923499100Z 
2021-07-20T15:49:41.923502000Z end of do-file
2021-07-20T15:49:41.923504500Z 
2021-07-20T15:49:41.923507200Z . . file open output using "/tmp/tmp.OFVEUhOoSP", write text replace
2021-07-20T15:49:41.923622300Z 
2021-07-20T15:49:41.923633400Z . . file write output "success" 
2021-07-20T15:49:41.923636900Z 
2021-07-20T15:49:41.923639500Z . . file close output
2021-07-20T15:49:41.923642100Z 
2021-07-20T15:49:41.923644500Z . 
2021-07-20T15:49:41.923647200Z end of do-file
2021-07-20T15:49:41.923649800Z 
2021-07-20T15:49:41.923652300Z 
2021-07-20T15:49:41.945413400Z . 

state: succeeded
commit: none
docker_image_id: sha256:11980aa720220a1b39bf523f5a8a33270214c13876c30ee364e16265766f7f60
exit_code: 0
job_id: rafoytd7buj5tgai
run_by_user: qc18278
created_at: 2021-07-20T15:38:48Z
started_at: 2021-07-20T15:49:36Z
completed_at: 2021-07-20T15:50:06Z

Completed successfully

outputs:
  log/07d_an_multivariable_cox_models_covid_tpp_prob_Sense4_agetimescaleW2.log  - moderately_sensitive
  output/an_sense_covid_tpp_prob_age_underlying_timescale_ageband_0W2.ster      - moderately_sensitive
  output/an_sense_covid_tpp_prob_age_underlying_timescale_ageband_1W2.ster      - moderately_sensitive