2021-07-20T15:56:29.539092100Z 
2021-07-20T15:56:29.539144600Z   ___  ____  ____  ____  ____ (R)
2021-07-20T15:56:29.539150000Z  /__    /   ____/   /   ____/
2021-07-20T15:56:29.539152200Z ___/   /   /___/   /   /___/   16.1   Copyright 1985-2019 StataCorp LLC
2021-07-20T15:56:29.539154300Z   Statistics/Data Analysis            StataCorp
2021-07-20T15:56:29.539156600Z                                       4905 Lakeway Drive
2021-07-20T15:56:29.539160100Z                                       College Station, Texas 77845 USA
2021-07-20T15:56:29.539163600Z                                       800-STATA-PC        http://www.stata.com
2021-07-20T15:56:29.539167000Z                                       979-696-4600        stata@stata.com
2021-07-20T15:56:29.539170200Z                                       979-696-4601 (fax)
2021-07-20T15:56:29.539173500Z 
2021-07-20T15:56:29.539177000Z 3-user Stata network license expires 11 May 2022:
2021-07-20T15:56:29.539200900Z        Serial number:  501709312237
2021-07-20T15:56:29.539204400Z          Licensed to:  The Bennett Institute
2021-07-20T15:56:29.539206500Z                        Oxford University
2021-07-20T15:56:29.540146700Z 
2021-07-20T15:56:29.540168600Z Notes:
2021-07-20T15:56:29.540172200Z       1.  Unicode is supported; see help unicode_advice.
2021-07-20T15:56:29.540175300Z 
2021-07-20T15:56:29.540178200Z . do "analysis/07d_an_multivariable_cox_models_FULL_Sense6.wrapper.do" covid_de
2021-07-20T15:56:29.540182000Z > ath MAIN 
2021-07-20T15:56:29.540185700Z 
2021-07-20T15:56:29.540189100Z . . do "analysis/07d_an_multivariable_cox_models_FULL_Sense6.do" covid_death MA
2021-07-20T15:56:29.540192900Z > IN
2021-07-20T15:56:29.540196000Z 
2021-07-20T15:56:29.540199000Z . *****************************************************************************
2021-07-20T15:56:29.540202400Z > ***
2021-07-20T15:56:29.540205500Z . *
2021-07-20T15:56:29.540208900Z . *       Do-file:                07d_an_multivariable_cox_models_Sense4.do
2021-07-20T15:56:29.540212400Z . *
2021-07-20T15:56:29.540215700Z . *       Project:                Exposure children and COVID risk
2021-07-20T15:56:29.540219400Z . *
2021-07-20T15:56:29.540243000Z . *       Programmed by:  Hforbes, based on files from Fizz & Krishnan
2021-07-20T15:56:29.540248100Z . *
2021-07-20T15:56:29.540251500Z . *       Data used:              analysis_dataset.dta
2021-07-20T15:56:29.540254900Z . *
2021-07-20T15:56:29.540258000Z . *       Data created:   None
2021-07-20T15:56:29.540261200Z . *
2021-07-20T15:56:29.540263300Z . *       Other output:   Log file:  07b_an_multivariable_cox_models_`outcome'.
2021-07-20T15:56:29.540288400Z > log
2021-07-20T15:56:29.540291400Z . *
2021-07-20T15:56:29.540293600Z . *****************************************************************************
2021-07-20T15:56:29.540295800Z > ***
2021-07-20T15:56:29.540297900Z . *
2021-07-20T15:56:29.540299900Z . *       Purpose:                This do-file performs multivariable (fully ad
2021-07-20T15:56:29.540302000Z > justed) 
2021-07-20T15:56:29.540304200Z . *                                       Cox models, with exposure variable id
2021-07-20T15:56:29.540306400Z > entifying nursery school kids
2021-07-20T15:56:29.540308500Z . *  
2021-07-20T15:56:29.540310500Z . *****************************************************************************
2021-07-20T15:56:29.540312600Z > ***
2021-07-20T15:56:29.540314500Z . *       
2021-07-20T15:56:29.540316500Z . *       Stata routines needed:  stbrier   
2021-07-20T15:56:29.540318600Z . *
2021-07-20T15:56:29.540320600Z . *****************************************************************************
2021-07-20T15:56:29.540324000Z > ***
2021-07-20T15:56:29.540327400Z . 
2021-07-20T15:56:29.540330700Z . * Set globals that will print in programs and direct output
2021-07-20T15:56:29.540334100Z . global outdir     "output" 
2021-07-20T15:56:29.540337400Z 
2021-07-20T15:56:29.540340700Z . global logdir     "log"
2021-07-20T15:56:29.540344100Z 
2021-07-20T15:56:29.540347300Z . global tempdir    "tempdata"
2021-07-20T15:56:29.540351400Z 
2021-07-20T15:56:29.540354900Z . global demogadjlist  age1 age2 age3 i.male i.obese4cat i.smoke_nomiss i.imd i
2021-07-20T15:56:29.540358400Z > .tot_adults_hh i.ethnicity
2021-07-20T15:56:29.540361600Z 
2021-07-20T15:56:29.540364500Z . global comordidadjlist  i.htdiag_or_highbp                              ///
2021-07-20T15:56:29.540367700Z >                         i.chronic_respiratory_disease   ///
2021-07-20T15:56:29.540371100Z >                         i.asthma                                             
2021-07-20T15:56:29.540374700Z >    ///
2021-07-20T15:56:29.540378300Z >                         i.chronic_cardiac_disease               ///
2021-07-20T15:56:29.540381900Z >                         i.diabcat                                            
2021-07-20T15:56:29.540385200Z >    ///
2021-07-20T15:56:29.540388100Z >                         i.cancer_exhaem_cat                             ///
2021-07-20T15:56:29.540392800Z >                         i.cancer_haem_cat                               ///
2021-07-20T15:56:29.540396200Z >                         i.chronic_liver_disease                 ///
2021-07-20T15:56:29.540399500Z >                         i.stroke_dementia                               ///
2021-07-20T15:56:29.540408500Z >                         i.other_neuro                                   ///
2021-07-20T15:56:29.540412900Z >                         i.reduced_kidney_function_cat   ///
2021-07-20T15:56:29.540416500Z >                         i.esrd                                               
2021-07-20T15:56:29.540419700Z >    ///
2021-07-20T15:56:29.540422700Z >                         i.other_transplant                              ///
2021-07-20T15:56:29.540426000Z >                         i.asplenia                                           
2021-07-20T15:56:29.540429400Z >    ///
2021-07-20T15:56:29.540432500Z >                         i.ra_sle_psoriasis                      ///
2021-07-20T15:56:29.540436200Z >                         i.other_immuno          
2021-07-20T15:56:29.540440200Z 
2021-07-20T15:56:29.540442500Z . 
2021-07-20T15:56:29.540444600Z . local outcome `1' 
2021-07-20T15:56:29.540446600Z 
2021-07-20T15:56:29.540448400Z . local dataset `2'
2021-07-20T15:56:29.540450300Z 
2021-07-20T15:56:29.540452200Z . 
2021-07-20T15:56:29.540454200Z . 
2021-07-20T15:56:29.540456200Z . *****************************************************************************
2021-07-20T15:56:29.540459200Z > *******
2021-07-20T15:56:29.540462800Z . *First clean up all old saved estimates for this outcome
2021-07-20T15:56:29.540466200Z . *This is to guard against accidentally displaying left-behind results from ol
2021-07-20T15:56:29.540469500Z > d runs
2021-07-20T15:56:29.540472700Z . *****************************************************************************
2021-07-20T15:56:29.540476200Z > *******
2021-07-20T15:56:29.540479700Z . 
2021-07-20T15:56:29.540483100Z . * Open a log file
2021-07-20T15:56:29.540486700Z . capture log close
2021-07-20T15:56:29.540490000Z 
2021-07-20T15:56:29.540493200Z . log using "$logdir/07d_an_multivariable_cox_models_`outcome'_Sense6_nursery_c
2021-07-20T15:56:29.540496700Z > at`dataset'", text replace
2021-07-20T15:56:29.540500000Z (note: file /workspace/log/07d_an_multivariable_cox_models_covid_death_Sense6_n
2021-07-20T15:56:29.540503600Z > ursery_catMAIN.log not found)
2021-07-20T15:56:29.540507200Z -------------------------------------------------------------------------------
2021-07-20T15:56:29.540510800Z       name:  <unnamed>
2021-07-20T15:56:29.540514500Z        log:  /workspace/log/07d_an_multivariable_cox_models_covid_death_Sense6_
2021-07-20T15:56:29.540518000Z > nursery_catMAIN.log
2021-07-20T15:56:29.540521300Z   log type:  text
2021-07-20T15:56:29.540529900Z  opened on:  20 Jul 2021, 15:56:29
2021-07-20T15:56:29.540533700Z 
2021-07-20T15:56:29.540537100Z . 
2021-07-20T15:56:29.540540400Z . 
2021-07-20T15:56:29.540548100Z . *****************************************************************************
2021-07-20T15:56:29.540552200Z > ********
2021-07-20T15:56:29.540555700Z . *PROG TO DEFINE THE BASIC COX MODEL WITH OPTIONS FOR HANDLING OF AGE, BMI, ET
2021-07-20T15:56:29.540559100Z > HNICITY:
2021-07-20T15:56:29.540562500Z . cap prog drop basecoxmodel
2021-07-20T15:56:29.540566200Z 
2021-07-20T15:56:29.540569400Z . prog define basecoxmodel
2021-07-20T15:56:29.540573200Z   1.         syntax , exposure(string) age(string)
2021-07-20T15:56:29.540577300Z   2. timer clear
2021-07-20T15:56:29.540582400Z   3. timer on 1
2021-07-20T15:56:29.540586200Z   4.         capture stcox   `exposure'                      ///
2021-07-20T15:56:29.540589700Z >                         $demogadjlist                           ///
2021-07-20T15:56:29.540593200Z >                         $comordidadjlist                ///
2021-07-20T15:56:29.540596400Z >                         , strata(stp) vce(cluster household_id)
2021-07-20T15:56:29.540599800Z   5. timer off 1
2021-07-20T15:56:29.540603200Z   6. timer list
2021-07-20T15:56:29.540606800Z   7. end
2021-07-20T15:56:29.540610200Z 
2021-07-20T15:56:29.540613400Z . *****************************************************************************
2021-07-20T15:56:29.540616800Z > ********
2021-07-20T15:56:29.540620000Z . 
2021-07-20T15:56:29.540623200Z . 
2021-07-20T15:56:29.540626500Z . * Open dataset and fit specified model(s)
2021-07-20T15:56:29.540630000Z . forvalues x=0/1 {
2021-07-20T15:56:29.540740000Z   2. 
2021-07-20T15:56:29.540752200Z . use "$tempdir/cr_create_analysis_dataset_STSET_`outcome'_ageband_`x'`dataset'
2021-07-20T15:56:29.540757000Z > .dta", clear
2021-07-20T15:56:29.540760700Z   3. 
2021-07-20T15:56:29.540763900Z . 
2021-07-20T15:56:29.540767000Z . ******************************
2021-07-20T15:56:29.540770400Z . *  Multivariable Cox models  *
2021-07-20T15:56:29.540796100Z . ******************************
2021-07-20T15:56:29.540801000Z . 
2021-07-20T15:56:29.540804500Z . foreach exposure_type in kids_cat5  {
2021-07-20T15:56:29.540830000Z   4. 
2021-07-20T15:56:29.540832900Z . *Age spline model (not adj ethnicity)
2021-07-20T15:56:29.540835000Z . basecoxmodel, exposure("i.`exposure_type'") age("age1 age2 age3")
2021-07-20T15:56:29.540837600Z   5. if _rc==0{
2021-07-20T15:56:29.540848300Z   6. estimates
2021-07-20T15:56:29.540856200Z   7. estimates save ./output/an_sense_`outcome'_nursery_cat_ageband_`x'`dataset
2021-07-20T15:56:29.540860500Z > ', replace
2021-07-20T15:56:29.540864200Z   8. *estat concordance /*c-statistic*/
2021-07-20T15:56:29.540867600Z .         /*  Proportional Hazards test  
2021-07-20T15:56:29.540871100Z >         * Based on Schoenfeld residuals
2021-07-20T15:56:29.540874500Z >         timer clear 
2021-07-20T15:56:29.540877800Z >         timer on 1
2021-07-20T15:56:29.540880600Z >         if e(N_fail)>0 estat phtest, d
2021-07-20T15:56:29.540883600Z >         timer off 1
2021-07-20T15:56:29.540886700Z >         timer list*/
2021-07-20T15:56:29.540889800Z . }
2021-07-20T15:56:29.540892700Z   9. else di "WARNING AGE SPLINE MODEL DID NOT FIT (OUTCOME `outcome')"
2021-07-20T15:56:29.540896100Z  10. 
2021-07-20T15:56:29.540899400Z . }
2021-07-20T15:56:29.540903000Z  11. }
2021-07-20T15:56:38.569785600Z    1:      9.03 /        1 =       9.0250
2021-07-20T15:56:38.572064500Z 
2021-07-20T15:56:38.572093500Z -------------------------------------------------------------------------------
2021-07-20T15:56:38.572099600Z active results
2021-07-20T15:56:38.572104100Z -------------------------------------------------------------------------------
2021-07-20T15:56:38.573857400Z 
2021-07-20T15:56:38.573872500Z Stratified Cox regr. -- Breslow method for ties
2021-07-20T15:56:38.573876200Z 
2021-07-20T15:56:38.573878900Z No. of subjects      =       16,206             Number of obs    =      16,206
2021-07-20T15:56:38.573881800Z No. of failures      =        3,077
2021-07-20T15:56:38.573884400Z Time at risk         =      2893531
2021-07-20T15:56:38.573887000Z                                                 Wald chi2(43)    =       31.98
2021-07-20T15:56:38.573890100Z Log pseudolikelihood =   -22183.821             Prob > chi2      =      0.8915
2021-07-20T15:56:38.573893100Z 
2021-07-20T15:56:38.632656000Z                        (Std. Err. adjusted for 1,106 clusters in household_id)
2021-07-20T15:56:38.632677900Z ------------------------------------------------------------------------------
2021-07-20T15:56:38.632681700Z              |               Robust
2021-07-20T15:56:38.632684500Z           _t | Haz. Ratio   Std. Err.      z    P>|z|     [95% Conf. Interval]
2021-07-20T15:56:38.632687600Z -------------+----------------------------------------------------------------
2021-07-20T15:56:38.632690400Z    kids_cat5 |
2021-07-20T15:56:38.642649300Z only <5 y..  |   .8236674   .2077554    -0.77   0.442     .5024022    1.350368
2021-07-20T15:56:38.642796100Z   only 5-11  |   .9835162   .1545731    -0.11   0.916     .7227757    1.338319
2021-07-20T15:56:38.643001600Z      12-<18  |   1.014941   .1549344     0.10   0.923     .7524918    1.368925
2021-07-20T15:56:38.643206400Z       mixed  |    .952153    .097302    -0.48   0.631     .7793295    1.163302
2021-07-20T15:56:38.643216400Z              |
2021-07-20T15:56:38.643404400Z         age1 |   .9891966   .0067136    -1.60   0.109     .9761253    1.002443
2021-07-20T15:56:38.643622600Z         age2 |   1.038272   .0220731     1.77   0.077     .9958981    1.082448
2021-07-20T15:56:38.643921000Z         age3 |   .8990783   .0533212    -1.79   0.073      .800416    1.009902
2021-07-20T15:56:38.644207800Z       1.male |   .9598751   .0352572    -1.11   0.265     .8932011    1.031526
2021-07-20T15:56:38.644220400Z              |
2021-07-20T15:56:38.644225100Z    obese4cat |
2021-07-20T15:56:38.644415500Z Obese I ..)  |    .977239   .0498211    -0.45   0.652     .8843115    1.079932
2021-07-20T15:56:38.644606500Z Obese II..)  |   1.000432   .0680428     0.01   0.995     .8755773    1.143091
2021-07-20T15:56:38.644887700Z Obese II..)  |    .971762    .079359    -0.35   0.726     .8280307    1.140442
2021-07-20T15:56:38.644897900Z              |
2021-07-20T15:56:38.644900700Z smoke_nomiss |
2021-07-20T15:56:38.645096800Z      Former  |   .9798277   .1289847    -0.15   0.877     .7570026    1.268242
2021-07-20T15:56:38.645355900Z     Current  |   .9674698   .0560052    -0.57   0.568     .8636997    1.083707
2021-07-20T15:56:38.645365700Z              |
2021-07-20T15:56:38.645368500Z          imd |
2021-07-20T15:56:38.645559100Z           4  |   .9947061   .0446618    -0.12   0.906     .9109116    1.086209
2021-07-20T15:56:38.645834900Z 5 most de..  |   .9400702   .0577964    -1.01   0.315     .8333503    1.060457
2021-07-20T15:56:38.645844700Z              |
2021-07-20T15:56:38.645847500Z tot_adults~h |
2021-07-20T15:56:38.646083600Z           2  |   1.034192   .3389718     0.10   0.918     .5440101    1.966052
2021-07-20T15:56:38.646385800Z           3  |   .9963325   .2499964    -0.01   0.988     .6092894     1.62924
2021-07-20T15:56:38.646396400Z              |
2021-07-20T15:56:38.646399100Z    ethnicity |
2021-07-20T15:56:38.646593200Z Asian or ..  |   .9813879   .0611396    -0.30   0.763     .8685837    1.108842
2021-07-20T15:56:38.646857700Z       Other  |   .9289868    .057115    -1.20   0.231     .8235251    1.047954
2021-07-20T15:56:38.646867300Z              |
2021-07-20T15:56:38.647139600Z 1.htdiag_o~p |   .9719666    .063056    -0.44   0.661     .8559136    1.103755
2021-07-20T15:56:38.647400200Z 1.~y_disease |   .9698548   .0456385    -0.65   0.515     .8844059    1.063559
2021-07-20T15:56:38.647738400Z     1.asthma |   .9614443   .0642464    -0.59   0.556     .8434211    1.095983
2021-07-20T15:56:38.647994500Z 1.~c_disease |   1.065796    .048627     1.40   0.163     .9746264    1.165495
2021-07-20T15:56:38.648012300Z              |
2021-07-20T15:56:38.648015200Z      diabcat |
2021-07-20T15:56:38.648266200Z T1DM, con..  |   1.049839   .1141974     0.45   0.655     .8482668    1.299311
2021-07-20T15:56:38.648470400Z T1DM, unc..  |   .7569833   .2086131    -1.01   0.312     .4410706    1.299165
2021-07-20T15:56:38.648690800Z T2DM, con..  |   .9940646   .0484898    -0.12   0.903     .9034281    1.093794
2021-07-20T15:56:38.648881600Z T2DM, unc..  |   1.025282   .1072645     0.24   0.811     .8352012    1.258623
2021-07-20T15:56:38.649137600Z Diabetes,..  |    .424983   .4241611    -0.86   0.391     .0600919    3.005571
2021-07-20T15:56:38.649147500Z              |
2021-07-20T15:56:38.649150100Z cancer_exh~t |
2021-07-20T15:56:38.649367800Z   Last year  |   .8044813   .2452579    -0.71   0.475     .4426034    1.462235
2021-07-20T15:56:38.649627000Z 2-5 years..  |    .773214   .1214735    -1.64   0.102     .5682955    1.052023
2021-07-20T15:56:38.649857000Z    5+ years  |   .9582893   .0462284    -0.88   0.377     .8718347    1.053317
2021-07-20T15:56:38.649866700Z              |
2021-07-20T15:56:38.649869500Z cancer_hae~t |
2021-07-20T15:56:38.650139500Z   Last year  |   .6969205   .2258481    -1.11   0.265     .3692648    1.315311
2021-07-20T15:56:38.650427800Z 2-5 years..  |    .929083   .1356931    -0.50   0.615     .6978082    1.237009
2021-07-20T15:56:38.650797100Z    5+ years  |   .9534237   .0443709    -1.02   0.305     .8703067    1.044479
2021-07-20T15:56:38.650810200Z              |
2021-07-20T15:56:38.651144400Z 1.~r_disease |   .9667391   .0440635    -0.74   0.458     .8841214    1.057077
2021-07-20T15:56:38.651437300Z 1.stroke_d~a |   .9869914   .0431652    -0.30   0.765     .9059137    1.075325
2021-07-20T15:56:38.651785700Z 1.other_ne~o |   1.026185   .0478068     0.55   0.579      .936636    1.124296
2021-07-20T15:56:38.651800000Z              |
2021-07-20T15:56:38.651805800Z reduced_ki~t |
2021-07-20T15:56:38.652103100Z Stage 3a/..  |    .804471    .247228    -0.71   0.479      .440475    1.469263
2021-07-20T15:56:38.652348300Z       1.esrd |   1.038356    .038757     1.01   0.313      .965106    1.117166
2021-07-20T15:56:38.652577900Z 1.other_tr~t |   .9677808   .0449572    -0.70   0.481     .8835587    1.060031
2021-07-20T15:56:38.652848400Z   1.asplenia |   .9170087   .0419569    -1.89   0.058     .8383542    1.003043
2021-07-20T15:56:38.653107400Z 1.ra_sle_p~s |   1.060357   .0470881     1.32   0.187     .9719681    1.156783
2021-07-20T15:56:38.660347000Z 1.other_im~o |   1.018562   .0385988     0.49   0.627     .9456507    1.097094
2021-07-20T15:56:38.660364000Z ------------------------------------------------------------------------------
2021-07-20T15:56:38.660518600Z                                                              Stratified by stp
2021-07-20T15:56:38.683703500Z (note: file ./output/an_sense_covid_death_nursery_cat_ageband_0MAIN.ster not fo
2021-07-20T15:56:38.683748800Z > und)
2021-07-20T15:56:38.683754000Z file ./output/an_sense_covid_death_nursery_cat_ageband_0MAIN.ster saved
2021-07-20T15:56:42.063727800Z    1:      3.38 /        1 =       3.3770
2021-07-20T15:56:42.063754000Z 
2021-07-20T15:56:42.063759700Z -------------------------------------------------------------------------------
2021-07-20T15:56:42.063764200Z active results
2021-07-20T15:56:42.063768300Z -------------------------------------------------------------------------------
2021-07-20T15:56:42.065663200Z 
2021-07-20T15:56:42.065684500Z Stratified Cox regr. -- Breslow method for ties
2021-07-20T15:56:42.065689700Z 
2021-07-20T15:56:42.065693200Z No. of subjects      =        4,494             Number of obs    =       4,494
2021-07-20T15:56:42.065696700Z No. of failures      =          852
2021-07-20T15:56:42.065933200Z Time at risk         =       797461
2021-07-20T15:56:42.066264500Z                                                 Wald chi2(43)    =     1144.46
2021-07-20T15:56:42.066279300Z Log pseudolikelihood =   -5024.2985             Prob > chi2      =      0.0000
2021-07-20T15:56:42.066284400Z 
2021-07-20T15:56:42.078129100Z                          (Std. Err. adjusted for 914 clusters in household_id)
2021-07-20T15:56:42.078151500Z ------------------------------------------------------------------------------
2021-07-20T15:56:42.078157300Z              |               Robust
2021-07-20T15:56:42.078162200Z           _t | Haz. Ratio   Std. Err.      z    P>|z|     [95% Conf. Interval]
2021-07-20T15:56:42.078166900Z -------------+----------------------------------------------------------------
2021-07-20T15:56:42.078171700Z    kids_cat5 |
2021-07-20T15:56:42.078296700Z only <5 y..  |   .9917812   .3944787    -0.02   0.983     .4548334    2.162616
2021-07-20T15:56:42.078469700Z   only 5-11  |   .9904968   .2896215    -0.03   0.974     .5584207     1.75689
2021-07-20T15:56:42.079015200Z      12-<18  |   .6232646    .232374    -1.27   0.205     .3001345    1.294282
2021-07-20T15:56:42.079030300Z       mixed  |   1.197348    .271421     0.79   0.427     .7678313    1.867133
2021-07-20T15:56:42.079036100Z              |
2021-07-20T15:56:42.079175300Z         age1 |   .9631731   .0280615    -1.29   0.198     .9097145    1.019773
2021-07-20T15:56:42.079497700Z         age2 |    1.14604   .1390702     1.12   0.261      .903458    1.453757
2021-07-20T15:56:42.079707600Z         age3 |   .7353647   .2171228    -1.04   0.298     .4122666    1.311679
2021-07-20T15:56:42.079979300Z       1.male |   1.015759    .070373     0.23   0.821     .8867853    1.163491
2021-07-20T15:56:42.079994900Z              |
2021-07-20T15:56:42.080000400Z    obese4cat |
2021-07-20T15:56:42.080259500Z Obese I ..)  |   1.143664   .1124686     1.37   0.172     .9431714    1.386775
2021-07-20T15:56:42.080476400Z Obese II..)  |   1.162908   .1423531     1.23   0.218     .9148476    1.478231
2021-07-20T15:56:42.080814600Z Obese II..)  |   1.108389   .1564856     0.73   0.466     .8404602    1.461731
2021-07-20T15:56:42.080825900Z              |
2021-07-20T15:56:42.080830000Z smoke_nomiss |
2021-07-20T15:56:42.081025300Z      Former  |   .6761743   .1788439    -1.48   0.139     .4026438    1.135524
2021-07-20T15:56:42.081354900Z     Current  |   .8585564   .0985708    -1.33   0.184     .6855552    1.075215
2021-07-20T15:56:42.081367200Z              |
2021-07-20T15:56:42.081371600Z          imd |
2021-07-20T15:56:42.081590200Z           4  |   1.004244   .0892103     0.05   0.962     .8437702    1.195238
2021-07-20T15:56:42.081891100Z 5 most de..  |   .9811671   .1172835    -0.16   0.874     .7762379    1.240198
2021-07-20T15:56:42.081903500Z              |
2021-07-20T15:56:42.081908600Z tot_adults~h |
2021-07-20T15:56:42.082149800Z           2  |   2.391273    1.51832     1.37   0.170      .688915    8.300279
2021-07-20T15:56:42.082394100Z           3  |   1.198627    .635804     0.34   0.733     .4238088     3.38999
2021-07-20T15:56:42.082403500Z              |
2021-07-20T15:56:42.082406000Z    ethnicity |
2021-07-20T15:56:42.082642700Z Asian or ..  |   1.091844   .1206815     0.79   0.427     .8791788     1.35595
2021-07-20T15:56:42.082890200Z       Other  |   .9563844   .1060733    -0.40   0.688     .7695292    1.188611
2021-07-20T15:56:42.082902500Z              |
2021-07-20T15:56:42.083201700Z 1.htdiag_o~p |   1.060021   .1348259     0.46   0.647     .8261307     1.36013
2021-07-20T15:56:42.083471200Z 1.~y_disease |   .8651853   .0752411    -1.67   0.096     .7295989    1.025969
2021-07-20T15:56:42.083773400Z     1.asthma |   1.097674   .1413473     0.72   0.469     .8528336    1.412806
2021-07-20T15:56:42.084045400Z 1.~c_disease |   .8496238     .07884    -1.76   0.079     .7083375    1.019091
2021-07-20T15:56:42.084055300Z              |
2021-07-20T15:56:42.084058000Z      diabcat |
2021-07-20T15:56:42.084334800Z T1DM, con..  |    .730597   .1967941    -1.17   0.244      .430921    1.238677
2021-07-20T15:56:42.084589800Z T1DM, unc..  |   1.367724   .5511472     0.78   0.437     .6208585    3.013036
2021-07-20T15:56:42.084805900Z T2DM, con..  |   .9089137   .0889509    -0.98   0.329     .7502737    1.101097
2021-07-20T15:56:42.085012000Z T2DM, unc..  |   .8068738    .156652    -1.11   0.269     .5515026    1.180494
2021-07-20T15:56:42.085288800Z Diabetes,..  |   1.16e-14   1.19e-14   -31.30   0.000     1.56e-15    8.67e-14
2021-07-20T15:56:42.085300700Z              |
2021-07-20T15:56:42.085305600Z cancer_exh~t |
2021-07-20T15:56:42.085575600Z   Last year  |   1.177452   .6908724     0.28   0.781     .3728199    3.718668
2021-07-20T15:56:42.086464600Z 2-5 years..  |   .6427507   .2088256    -1.36   0.174     .3400107    1.215045
2021-07-20T15:56:42.086874300Z    5+ years  |   1.056167   .0913751     0.63   0.528     .8914359    1.251339
2021-07-20T15:56:42.086889100Z              |
2021-07-20T15:56:42.086894400Z cancer_hae~t |
2021-07-20T15:56:42.087129000Z   Last year  |   2.910821   1.348401     2.31   0.021     1.174105    7.216454
2021-07-20T15:56:42.087433400Z 2-5 years..  |   1.210118   .3289422     0.70   0.483     .7103106    2.061612
2021-07-20T15:56:42.087712100Z    5+ years  |   1.166027   .1026891     1.74   0.081     .9811727    1.385708
2021-07-20T15:56:42.087725100Z              |
2021-07-20T15:56:42.088096100Z 1.~r_disease |   1.142762   .0899882     1.69   0.090     .9793251    1.333475
2021-07-20T15:56:42.088386400Z 1.stroke_d~a |   .9369089    .082952    -0.74   0.462     .7876508    1.114451
2021-07-20T15:56:42.088683200Z 1.other_ne~o |   1.102986   .0949788     1.14   0.255     .9316922    1.305772
2021-07-20T15:56:42.088706400Z              |
2021-07-20T15:56:42.088712400Z reduced_ki~t |
2021-07-20T15:56:42.089076100Z Stage 3a/..  |   .7927264   .1634677    -1.13   0.260     .5291729    1.187542
2021-07-20T15:56:42.089361800Z       1.esrd |   .9650773    .072994    -0.47   0.638     .8321107    1.119291
2021-07-20T15:56:42.089792600Z 1.other_tr~t |   1.125117   .0966079     1.37   0.170     .9508445     1.33133
2021-07-20T15:56:42.090082500Z   1.asplenia |   1.110346   .0956344     1.22   0.224     .9378731    1.314536
2021-07-20T15:56:42.090354800Z 1.ra_sle_p~s |    .980054   .0867575    -0.23   0.820     .8239463    1.165738
2021-07-20T15:56:42.091548500Z 1.other_im~o |   .9985265   .0712746    -0.02   0.984     .8681624    1.148466
2021-07-20T15:56:42.091561800Z ------------------------------------------------------------------------------
2021-07-20T15:56:42.091735100Z                                                              Stratified by stp
2021-07-20T15:56:42.099551000Z (note: file ./output/an_sense_covid_death_nursery_cat_ageband_1MAIN.ster not fo
2021-07-20T15:56:42.099569200Z > und)
2021-07-20T15:56:42.099574400Z file ./output/an_sense_covid_death_nursery_cat_ageband_1MAIN.ster saved
2021-07-20T15:56:42.099603000Z 
2021-07-20T15:56:42.099610000Z . 
2021-07-20T15:56:42.099651100Z . log close
2021-07-20T15:56:42.099932100Z       name:  <unnamed>
2021-07-20T15:56:42.099948900Z        log:  /workspace/log/07d_an_multivariable_cox_models_covid_death_Sense6_
2021-07-20T15:56:42.099954200Z > nursery_catMAIN.log
2021-07-20T15:56:42.099958100Z   log type:  text
2021-07-20T15:56:42.099961700Z  closed on:  20 Jul 2021, 15:56:42
2021-07-20T15:56:42.099965300Z -------------------------------------------------------------------------------
2021-07-20T15:56:42.099979900Z 
2021-07-20T15:56:42.099983900Z . 
2021-07-20T15:56:42.099987500Z . 
2021-07-20T15:56:42.099990800Z . 
2021-07-20T15:56:42.099994300Z . exit, clear 
2021-07-20T15:56:42.099998000Z 
2021-07-20T15:56:42.100001600Z end of do-file
2021-07-20T15:56:42.100005300Z 
2021-07-20T15:56:42.100009000Z . . file open output using "/tmp/tmp.qDdaNvunIE", write text replace
2021-07-20T15:56:42.100279800Z 
2021-07-20T15:56:42.100293000Z . . file write output "success" 
2021-07-20T15:56:42.100298300Z 
2021-07-20T15:56:42.100302300Z . . file close output
2021-07-20T15:56:42.100306200Z 
2021-07-20T15:56:42.100371400Z . 
2021-07-20T15:56:42.100385100Z end of do-file
2021-07-20T15:56:42.100390600Z 
2021-07-20T15:56:42.100394500Z 
2021-07-20T15:56:42.125780800Z . 

state: succeeded
commit: none
docker_image_id: sha256:11980aa720220a1b39bf523f5a8a33270214c13876c30ee364e16265766f7f60
exit_code: 0
job_id: ywigwwnrgf5p5ll6
run_by_user: qc18278
created_at: 2021-07-20T15:38:48Z
started_at: 2021-07-20T15:56:29Z
completed_at: 2021-07-20T15:57:43Z

Completed successfully

outputs:
  log/07d_an_multivariable_cox_models_covid_death_Sense6_nursery_catMAIN.log  - moderately_sensitive
  output/an_sense_covid_death_nursery_cat_ageband_0MAIN.ster                  - moderately_sensitive
  output/an_sense_covid_death_nursery_cat_ageband_1MAIN.ster                  - moderately_sensitive