2021-07-20T15:49:02.955676900Z 
2021-07-20T15:49:02.955717300Z   ___  ____  ____  ____  ____ (R)
2021-07-20T15:49:02.955723200Z  /__    /   ____/   /   ____/
2021-07-20T15:49:02.955726500Z ___/   /   /___/   /   /___/   16.1   Copyright 1985-2019 StataCorp LLC
2021-07-20T15:49:02.955729700Z   Statistics/Data Analysis            StataCorp
2021-07-20T15:49:02.955732800Z                                       4905 Lakeway Drive
2021-07-20T15:49:02.955735900Z                                       College Station, Texas 77845 USA
2021-07-20T15:49:02.955739100Z                                       800-STATA-PC        http://www.stata.com
2021-07-20T15:49:02.955743200Z                                       979-696-4600        stata@stata.com
2021-07-20T15:49:02.955745700Z                                       979-696-4601 (fax)
2021-07-20T15:49:02.955747700Z 
2021-07-20T15:49:02.955749600Z 3-user Stata network license expires 11 May 2022:
2021-07-20T15:49:02.955751600Z        Serial number:  501709312237
2021-07-20T15:49:02.955753500Z          Licensed to:  The Bennett Institute
2021-07-20T15:49:02.955755400Z                        Oxford University
2021-07-20T15:49:02.956515200Z 
2021-07-20T15:49:02.956692500Z Notes:
2021-07-20T15:49:02.956700700Z       1.  Unicode is supported; see help unicode_advice.
2021-07-20T15:49:02.956704000Z 
2021-07-20T15:49:02.956707500Z . do "analysis/07d_an_multivariable_cox_models_FULL_Sense3.wrapper.do" covid_tp
2021-07-20T15:49:02.956711100Z > p_prob MAIN 
2021-07-20T15:49:02.956714700Z 
2021-07-20T15:49:02.956718400Z . . do "analysis/07d_an_multivariable_cox_models_FULL_Sense3.do" covid_tpp_prob
2021-07-20T15:49:02.956722200Z >  MAIN
2021-07-20T15:49:02.956725200Z 
2021-07-20T15:49:02.956759100Z . *****************************************************************************
2021-07-20T15:49:02.956764000Z > ***
2021-07-20T15:49:02.956767900Z . *
2021-07-20T15:49:02.956770100Z . *       Do-file:                07d_an_multivariable_cox_models_FULL_Sense3.d
2021-07-20T15:49:02.956772100Z > o
2021-07-20T15:49:02.956774000Z . *
2021-07-20T15:49:02.956784900Z . *       Project:                Exposure children and COVID risk
2021-07-20T15:49:02.956810800Z . *
2021-07-20T15:49:02.956817600Z . *       Programmed by:  Hforbes, based on files from Fizz & Krishnan
2021-07-20T15:49:02.956821400Z . *
2021-07-20T15:49:02.956824700Z . *       Data used:              analysis_dataset.dta
2021-07-20T15:49:02.956827900Z . *
2021-07-20T15:49:02.956830900Z . *       Data created:   None
2021-07-20T15:49:02.956834200Z . *
2021-07-20T15:49:02.956837700Z . *       Other output:   Log file:  an_multivariable_cox_models.log
2021-07-20T15:49:02.956850600Z . *
2021-07-20T15:49:02.956854700Z . *****************************************************************************
2021-07-20T15:49:02.956858400Z > ***
2021-07-20T15:49:02.956861200Z . *
2021-07-20T15:49:02.956863600Z . *       Purpose:                This do-file performs multivariable (fully ad
2021-07-20T15:49:02.956867100Z > justed) 
2021-07-20T15:49:02.956870400Z . *                                       Cox models for a sense analysis on th
2021-07-20T15:49:02.956873800Z > ose with complete data on 
2021-07-20T15:49:02.956877000Z . *                                       bmi and smoking
2021-07-20T15:49:02.956882100Z . *  
2021-07-20T15:49:02.956885200Z . *****************************************************************************
2021-07-20T15:49:02.956888700Z > ***
2021-07-20T15:49:02.956891800Z . *       
2021-07-20T15:49:02.956895200Z . *       Stata routines needed:  stbrier   
2021-07-20T15:49:02.956899000Z . *
2021-07-20T15:49:02.956902400Z . *****************************************************************************
2021-07-20T15:49:02.956905900Z > ***
2021-07-20T15:49:02.956909200Z . 
2021-07-20T15:49:02.956912700Z . * Set globals that will print in programs and direct output
2021-07-20T15:49:02.956914900Z . global outdir     "output" 
2021-07-20T15:49:02.956924600Z 
2021-07-20T15:49:02.956928900Z . global logdir     "log"
2021-07-20T15:49:02.956931200Z 
2021-07-20T15:49:02.956934000Z . global tempdir    "tempdata"
2021-07-20T15:49:02.956937500Z 
2021-07-20T15:49:02.956940700Z . global demogadjlist  age1 age2 age3 i.male i.bmicat i.smoke     i.imd i.tot_a
2021-07-20T15:49:02.956943900Z > dults_hh i.ethnicity
2021-07-20T15:49:02.956947200Z 
2021-07-20T15:49:02.956950200Z . global comordidadjlist  i.htdiag_or_highbp                              ///
2021-07-20T15:49:02.956953600Z >                         i.chronic_respiratory_disease   ///
2021-07-20T15:49:02.956956900Z >                         i.asthma                                             
2021-07-20T15:49:02.956960700Z >    ///
2021-07-20T15:49:02.956963900Z >                         i.chronic_cardiac_disease               ///
2021-07-20T15:49:02.956967300Z >                         i.diabcat                                            
2021-07-20T15:49:02.956971000Z >    ///
2021-07-20T15:49:02.956974300Z >                         i.cancer_exhaem_cat                             ///
2021-07-20T15:49:02.956977700Z >                         i.cancer_haem_cat                               ///
2021-07-20T15:49:02.956981300Z >                         i.chronic_liver_disease                 ///
2021-07-20T15:49:02.956989900Z >                         i.stroke_dementia                               ///
2021-07-20T15:49:02.956993900Z >                         i.other_neuro                                   ///
2021-07-20T15:49:02.956997400Z >                         i.reduced_kidney_function_cat   ///
2021-07-20T15:49:02.957001000Z >                         i.esrd                                               
2021-07-20T15:49:02.957004700Z >    ///
2021-07-20T15:49:02.957008000Z >                         i.other_transplant                              ///
2021-07-20T15:49:02.957011100Z >                         i.asplenia                                           
2021-07-20T15:49:02.957014300Z >    ///
2021-07-20T15:49:02.957017300Z >                         i.ra_sle_psoriasis                      ///
2021-07-20T15:49:02.957021600Z >                         i.other_immuno          
2021-07-20T15:49:02.957025200Z 
2021-07-20T15:49:02.957028500Z .                         
2021-07-20T15:49:02.957032000Z . local outcome `1' 
2021-07-20T15:49:02.957035300Z 
2021-07-20T15:49:02.957038200Z . local dataset `2'
2021-07-20T15:49:02.957041600Z 
2021-07-20T15:49:02.957045000Z .  
2021-07-20T15:49:02.957048400Z . 
2021-07-20T15:49:02.957051700Z . *****************************************************************************
2021-07-20T15:49:02.957055600Z > *******
2021-07-20T15:49:02.957058400Z . *First clean up all old saved estimates for this outcome
2021-07-20T15:49:02.957060400Z . *This is to guard against accidentally displaying left-behind results from ol
2021-07-20T15:49:02.957062400Z > d runs
2021-07-20T15:49:02.957064300Z . *****************************************************************************
2021-07-20T15:49:02.957066300Z > *******
2021-07-20T15:49:02.957068400Z . cap erase ./output/an_multivariate_cox_models_`outcome'_MAINFULLYADJMODEL_age
2021-07-20T15:49:02.957070600Z > spline_bmicat_noeth.ster
2021-07-20T15:49:02.957074500Z 
2021-07-20T15:49:02.957077900Z . cap erase ./output/an_multivariate_cox_models_`outcome'_MAINFULLYADJMODEL_age
2021-07-20T15:49:02.957081200Z > group_bmicat_noeth.ster
2021-07-20T15:49:02.957084300Z 
2021-07-20T15:49:02.957087300Z . cap erase ./output/an_multivariate_cox_models_`outcome'_MAINFULLYADJMODEL_age
2021-07-20T15:49:02.957090800Z > spline_bmicat_CCeth.ster
2021-07-20T15:49:02.957094200Z 
2021-07-20T15:49:02.957097400Z . cap erase ./output/an_multivariate_cox_models_`outcome'_MAINFULLYADJMODEL_age
2021-07-20T15:49:02.957101100Z > spline_bmicat_CCnoeth.ster
2021-07-20T15:49:02.957104600Z 
2021-07-20T15:49:02.957113100Z . 
2021-07-20T15:49:02.957116600Z . 
2021-07-20T15:49:02.957120100Z . * Open a log file
2021-07-20T15:49:02.957123600Z . capture log close
2021-07-20T15:49:02.957127500Z 
2021-07-20T15:49:02.957130800Z . log using "$logdir/07d_an_multivariable_cox_models_FULL_Sense3_`outcome'`data
2021-07-20T15:49:02.957135700Z > set'", text replace
2021-07-20T15:49:02.957139400Z (note: file /workspace/log/07d_an_multivariable_cox_models_FULL_Sense3_covid_tp
2021-07-20T15:49:02.957142800Z > p_probMAIN.log not found)
2021-07-20T15:49:02.957146000Z -------------------------------------------------------------------------------
2021-07-20T15:49:02.957149700Z       name:  <unnamed>
2021-07-20T15:49:02.957153000Z        log:  /workspace/log/07d_an_multivariable_cox_models_FULL_Sense3_covid_t
2021-07-20T15:49:02.957156600Z > pp_probMAIN.log
2021-07-20T15:49:02.957160100Z   log type:  text
2021-07-20T15:49:02.957163700Z  opened on:  20 Jul 2021, 15:49:02
2021-07-20T15:49:02.957167100Z 
2021-07-20T15:49:02.957170900Z . 
2021-07-20T15:49:02.957174200Z . * Open dataset and fit specified model(s)
2021-07-20T15:49:02.957177000Z . forvalues x=0/1 {
2021-07-20T15:49:02.957277500Z   2. 
2021-07-20T15:49:02.957290600Z . use "$tempdir/cr_create_analysis_dataset_STSET_`outcome'_ageband_`x'`dataset'
2021-07-20T15:49:02.957295400Z > .dta", clear
2021-07-20T15:49:02.957299000Z   3. 
2021-07-20T15:49:02.957324800Z . ******************************
2021-07-20T15:49:02.957332700Z . *  Multivariable Cox models  *
2021-07-20T15:49:02.957336700Z . ******************************
2021-07-20T15:49:02.957339900Z . 
2021-07-20T15:49:02.957358600Z . 
2021-07-20T15:49:02.957365800Z . foreach exposure_type in        kids_cat4   {
2021-07-20T15:49:02.957369700Z   4.  
2021-07-20T15:49:02.957373100Z . *Complete case ethnicity model
2021-07-20T15:49:02.957376300Z . stcox   i.`exposure_type'                       ///
2021-07-20T15:49:02.957380100Z >                         $demogadjlist                           ///
2021-07-20T15:49:02.957383700Z >                         $comordidadjlist                        ///
2021-07-20T15:49:02.957387200Z >                         , strata(stp) vce(cluster household_id)
2021-07-20T15:49:02.957390800Z   5. if _rc==0{
2021-07-20T15:49:02.957394100Z   6. estimates
2021-07-20T15:49:02.957399000Z   7. estimates save ./output/an_sense_`outcome'_CCeth_bmi_smok_ageband_`x'`data
2021-07-20T15:49:02.957402600Z > set', replace
2021-07-20T15:49:02.957405600Z   8. *estat concordance /*c-statistic*/
2021-07-20T15:49:02.957416100Z .  }
2021-07-20T15:49:02.957419900Z   9.  else di "WARNING CC BMI SMOK MODEL WITH AGESPLINE DID NOT FIT (OUTCOME `o
2021-07-20T15:49:02.957423500Z > utcome')" 
2021-07-20T15:49:02.957426900Z  10.  }
2021-07-20T15:49:02.957430200Z  11. 
2021-07-20T15:49:02.957433600Z . }
2021-07-20T15:49:02.970644600Z 
2021-07-20T15:49:02.970675400Z          failure _d:  covid_tpp_prob
2021-07-20T15:49:02.970678600Z    analysis time _t:  (stime_covid_tpp_prob-origin)
2021-07-20T15:49:02.970680700Z              origin:  time enter_date
2021-07-20T15:49:02.970682600Z   enter on or after:  time enter_date
2021-07-20T15:49:02.970693900Z                  id:  patient_id
2021-07-20T15:49:03.046186000Z 
2021-07-20T15:49:03.046205400Z Iteration 0:   log pseudolikelihood = -4345.1122
2021-07-20T15:49:03.076906700Z Iteration 1:   log pseudolikelihood = -4328.5131
2021-07-20T15:49:03.106348700Z Iteration 2:   log pseudolikelihood = -4327.5583
2021-07-20T15:49:03.135405000Z Iteration 3:   log pseudolikelihood = -4327.2891
2021-07-20T15:49:03.163443700Z Iteration 4:   log pseudolikelihood = -4327.1904
2021-07-20T15:49:03.192776900Z Iteration 5:   log pseudolikelihood = -4327.1542
2021-07-20T15:49:03.221581800Z Iteration 6:   log pseudolikelihood = -4327.1408
2021-07-20T15:49:03.257289500Z Iteration 7:   log pseudolikelihood = -4327.1359
2021-07-20T15:49:03.291131600Z Iteration 8:   log pseudolikelihood = -4327.1341
2021-07-20T15:49:03.319510800Z Iteration 9:   log pseudolikelihood = -4327.1334
2021-07-20T15:49:03.347081000Z Iteration 10:  log pseudolikelihood = -4327.1332
2021-07-20T15:49:03.380244100Z Iteration 11:  log pseudolikelihood = -4327.1331
2021-07-20T15:49:03.409065900Z Iteration 12:  log pseudolikelihood = -4327.1331
2021-07-20T15:49:03.441288400Z Iteration 13:  log pseudolikelihood = -4327.1331
2021-07-20T15:49:03.471390000Z Iteration 14:  log pseudolikelihood = -4327.1331
2021-07-20T15:49:03.497862700Z Iteration 15:  log pseudolikelihood = -4327.1331
2021-07-20T15:49:03.524967200Z Iteration 16:  log pseudolikelihood = -4327.1331
2021-07-20T15:49:03.561175500Z Iteration 17:  log pseudolikelihood = -4327.1331
2021-07-20T15:49:03.588972500Z Iteration 18:  log pseudolikelihood = -4327.1331
2021-07-20T15:49:03.615929100Z Iteration 19:  log pseudolikelihood = -4327.1331
2021-07-20T15:49:03.642018300Z Iteration 20:  log pseudolikelihood = -4327.1331
2021-07-20T15:49:03.669584400Z Iteration 21:  log pseudolikelihood = -4327.1331
2021-07-20T15:49:03.693148100Z Iteration 22:  log pseudolikelihood = -4327.1331
2021-07-20T15:49:03.716477300Z Iteration 23:  log pseudolikelihood = -4327.1331
2021-07-20T15:49:03.739597300Z Iteration 24:  log pseudolikelihood = -4327.1331
2021-07-20T15:49:03.763387700Z Iteration 25:  log pseudolikelihood = -4327.1331
2021-07-20T15:49:03.787790500Z Iteration 26:  log pseudolikelihood = -4327.1331
2021-07-20T15:49:03.810595600Z Iteration 27:  log pseudolikelihood = -4327.1331
2021-07-20T15:49:03.832111800Z Iteration 28:  log pseudolikelihood = -4327.1331
2021-07-20T15:49:03.853912200Z Iteration 29:  log pseudolikelihood = -4327.1331
2021-07-20T15:49:03.875182100Z Iteration 30:  log pseudolikelihood = -4327.1331
2021-07-20T15:49:03.896567200Z Iteration 31:  log pseudolikelihood = -4327.1331
2021-07-20T15:49:03.918125800Z Iteration 32:  log pseudolikelihood = -4327.1331
2021-07-20T15:49:03.949935600Z Iteration 33:  log pseudolikelihood = -4327.1331
2021-07-20T15:49:03.978167000Z Iteration 34:  log pseudolikelihood = -4327.1331
2021-07-20T15:49:04.013014600Z Iteration 35:  log pseudolikelihood = -4327.1331
2021-07-20T15:49:04.048156700Z Iteration 36:  log pseudolikelihood = -4327.1331
2021-07-20T15:49:04.077615600Z Iteration 37:  log pseudolikelihood = -4327.1331
2021-07-20T15:49:04.107968800Z Iteration 38:  log pseudolikelihood = -4327.1331
2021-07-20T15:49:04.107984400Z Refining estimates:
2021-07-20T15:49:04.200073600Z Iteration 0:   log pseudolikelihood = -4327.1331
2021-07-20T15:49:04.296798000Z Iteration 1:   log pseudolikelihood = -4327.1331
2021-07-20T15:49:04.389459500Z Iteration 2:   log pseudolikelihood = -4327.1331
2021-07-20T15:49:04.480242500Z Iteration 3:   log pseudolikelihood = -4327.1331
2021-07-20T15:49:04.919722000Z 
2021-07-20T15:49:04.919746000Z Stratified Cox regr. -- Breslow method for ties
2021-07-20T15:49:04.920239100Z 
2021-07-20T15:49:04.920255400Z No. of subjects      =        2,307             Number of obs    =       2,307
2021-07-20T15:49:04.920337000Z No. of failures      =          854
2021-07-20T15:49:04.920372000Z Time at risk         =       343944
2021-07-20T15:49:04.920628400Z                                                 Wald chi2(44)    =    11118.81
2021-07-20T15:49:04.920845300Z Log pseudolikelihood =   -4327.1331             Prob > chi2      =      0.0000
2021-07-20T15:49:04.920856500Z 
2021-07-20T15:49:05.102805600Z                          (Std. Err. adjusted for 777 clusters in household_id)
2021-07-20T15:49:05.102850800Z ------------------------------------------------------------------------------
2021-07-20T15:49:05.102856400Z              |               Robust
2021-07-20T15:49:05.102860600Z           _t | Haz. Ratio   Std. Err.      z    P>|z|     [95% Conf. Interval]
2021-07-20T15:49:05.102865100Z -------------+----------------------------------------------------------------
2021-07-20T15:49:05.102869200Z    kids_cat4 |
2021-07-20T15:49:05.114225300Z only <12 ..  |   .9172531   .2396882    -0.33   0.741      .549618    1.530796
2021-07-20T15:49:05.114493300Z  only 12-18  |   .9949321   .3411644    -0.01   0.988     .5080596    1.948374
2021-07-20T15:49:05.114757500Z       mixed  |   .9440347   .2287555    -0.24   0.812     .5871208    1.517919
2021-07-20T15:49:05.114768500Z              |
2021-07-20T15:49:05.114911700Z         age1 |   .9948591   .0136483    -0.38   0.707     .9684653    1.021972
2021-07-20T15:49:05.115012700Z         age2 |    1.00315   .0416288     0.08   0.940     .9247892    1.088151
2021-07-20T15:49:05.115449100Z         age3 |   1.009004    .115649     0.08   0.938     .8059919     1.26315
2021-07-20T15:49:05.115681800Z       1.male |   1.021574   .0730591     0.30   0.765     .8879632    1.175288
2021-07-20T15:49:05.115696600Z              |
2021-07-20T15:49:05.115701600Z       bmicat |
2021-07-20T15:49:05.115913200Z Normal (..)  |   1.049048   .1292239     0.39   0.697     .8240295    1.335513
2021-07-20T15:49:05.116188800Z Overweig..)  |   1.151037   .1424738     1.14   0.256      .903085    1.467067
2021-07-20T15:49:05.116467400Z Obese I ..)  |   1.000465   .1337111     0.00   0.997     .7699095    1.300062
2021-07-20T15:49:05.116831100Z Obese II..)  |   .8768053   .1340989    -0.86   0.390     .6497109    1.183276
2021-07-20T15:49:05.117096100Z Obese II..)  |   .8614956    .156014    -0.82   0.410     .6040923    1.228578
2021-07-20T15:49:05.117110200Z              |
2021-07-20T15:49:05.117114200Z        smoke |
2021-07-20T15:49:05.117332900Z      Former  |   1.376893   .1824807     2.41   0.016     1.061916    1.785298
2021-07-20T15:49:05.117675900Z     Current  |   1.124858   .1047619     1.26   0.206     .9371782    1.350121
2021-07-20T15:49:05.117687100Z              |
2021-07-20T15:49:05.117691200Z          imd |
2021-07-20T15:49:05.117958200Z           4  |   1.053238   .0914532     0.60   0.550     .8884162    1.248639
2021-07-20T15:49:05.118283800Z 5 most de..  |   .9776411   .1090438    -0.20   0.839     .7856668    1.216523
2021-07-20T15:49:05.118294700Z              |
2021-07-20T15:49:05.118298900Z tot_adults~h |
2021-07-20T15:49:05.118541900Z           2  |   1.860506   1.250255     0.92   0.356     .4984549    6.944424
2021-07-20T15:49:05.118882900Z           3  |   1.255829   .6481118     0.44   0.659     .4567097    3.453195
2021-07-20T15:49:05.118892500Z              |
2021-07-20T15:49:05.118895400Z    ethnicity |
2021-07-20T15:49:05.119177200Z Asian or ..  |   1.025601   .1210076     0.21   0.830     .8138561    1.292436
2021-07-20T15:49:05.119469700Z       Other  |   1.164752   .1306277     1.36   0.174     .9349115    1.451096
2021-07-20T15:49:05.119478600Z              |
2021-07-20T15:49:05.119827900Z 1.htdiag_o~p |   .9610216   .1243137    -0.31   0.759      .745805    1.238343
2021-07-20T15:49:05.120177800Z 1.~y_disease |   .9908937   .0878146    -0.10   0.918     .8328987    1.178859
2021-07-20T15:49:05.120405600Z     1.asthma |   1.001617    .124506     0.01   0.990     .7850421    1.277939
2021-07-20T15:49:05.120807900Z 1.~c_disease |   .9421365   .0846447    -0.66   0.507     .7900217     1.12354
2021-07-20T15:49:05.120824500Z              |
2021-07-20T15:49:05.120829500Z      diabcat |
2021-07-20T15:49:05.121224900Z T1DM, con..  |   .9926113   .1858061    -0.04   0.968     .6877705    1.432567
2021-07-20T15:49:05.121237600Z T1DM, unc..  |    1.50336   .7679723     0.80   0.425     .5523798    4.091556
2021-07-20T15:49:05.121512800Z T2DM, con..  |   .9634074   .0938892    -0.38   0.702     .7958951    1.166176
2021-07-20T15:49:05.121750300Z T2DM, unc..  |   .9533972   .1950454    -0.23   0.816     .6384628    1.423679
2021-07-20T15:49:05.122014900Z Diabetes,..  |   1.39e-18   1.45e-18   -39.51   0.000     1.81e-19    1.07e-17
2021-07-20T15:49:05.122025500Z              |
2021-07-20T15:49:05.122029200Z cancer_exh~t |
2021-07-20T15:49:05.122226200Z   Last year  |   1.53e-18   6.76e-19   -93.05   0.000     6.46e-19    3.64e-18
2021-07-20T15:49:05.122439800Z 2-5 years..  |   .8688589   .2429697    -0.50   0.615      .502247    1.503077
2021-07-20T15:49:05.122692800Z    5+ years  |   .9426601   .0839706    -0.66   0.507      .791647     1.12248
2021-07-20T15:49:05.122703500Z              |
2021-07-20T15:49:05.122730200Z cancer_hae~t |
2021-07-20T15:49:05.122979400Z   Last year  |   1.702059   .6319848     1.43   0.152     .8220878    3.523959
2021-07-20T15:49:05.123193000Z 2-5 years..  |    1.33622   .3953105     0.98   0.327      .748267     2.38616
2021-07-20T15:49:05.123476400Z    5+ years  |    .869454   .0844067    -1.44   0.150     .7188064    1.051674
2021-07-20T15:49:05.123486200Z              |
2021-07-20T15:49:05.123821100Z 1.~r_disease |    1.12423   .0964407     1.37   0.172     .9502457     1.33007
2021-07-20T15:49:05.124085300Z 1.stroke_d~a |   .9202804   .0791773    -0.97   0.334     .7774745    1.089317
2021-07-20T15:49:05.124641600Z 1.other_ne~o |     .97014   .0873033    -0.34   0.736     .8132694    1.157269
2021-07-20T15:49:05.124652900Z              |
2021-07-20T15:49:05.124657700Z reduced_ki~t |
2021-07-20T15:49:05.125120400Z Stage 3a/..  |   .9233805     .44616    -0.16   0.869     .3581758    2.380483
2021-07-20T15:49:05.125415100Z       1.esrd |   1.084257   .0770493     1.14   0.255     .9432883    1.246294
2021-07-20T15:49:05.125810700Z 1.other_tr~t |   .9636493   .0844712    -0.42   0.673     .8115303    1.144283
2021-07-20T15:49:05.126271100Z   1.asplenia |   1.003292   .0848764     0.04   0.969     .8499969    1.184233
2021-07-20T15:49:05.127041600Z 1.ra_sle_p~s |   1.050266   .0942478     0.55   0.585     .8808759    1.252228
2021-07-20T15:49:05.141887500Z 1.other_im~o |   1.008642   .0717477     0.12   0.904      .877382     1.15954
2021-07-20T15:49:05.141905800Z ------------------------------------------------------------------------------
2021-07-20T15:49:05.142331900Z                                                              Stratified by stp
2021-07-20T15:49:05.149242200Z 
2021-07-20T15:49:05.149286300Z -------------------------------------------------------------------------------
2021-07-20T15:49:05.149293000Z active results
2021-07-20T15:49:05.149296700Z -------------------------------------------------------------------------------
2021-07-20T15:49:05.151090000Z 
2021-07-20T15:49:05.151106100Z Stratified Cox regr. -- Breslow method for ties
2021-07-20T15:49:05.151111700Z 
2021-07-20T15:49:05.151115400Z No. of subjects      =        2,307             Number of obs    =       2,307
2021-07-20T15:49:05.151125200Z No. of failures      =          854
2021-07-20T15:49:05.151129400Z Time at risk         =       343944
2021-07-20T15:49:05.151220500Z                                                 Wald chi2(44)    =    11118.81
2021-07-20T15:49:05.151230500Z Log pseudolikelihood =   -4327.1331             Prob > chi2      =      0.0000
2021-07-20T15:49:05.151350500Z 
2021-07-20T15:49:05.164250100Z                          (Std. Err. adjusted for 777 clusters in household_id)
2021-07-20T15:49:05.164268700Z ------------------------------------------------------------------------------
2021-07-20T15:49:05.164273800Z              |               Robust
2021-07-20T15:49:05.164277800Z           _t | Haz. Ratio   Std. Err.      z    P>|z|     [95% Conf. Interval]
2021-07-20T15:49:05.164282000Z -------------+----------------------------------------------------------------
2021-07-20T15:49:05.164285900Z    kids_cat4 |
2021-07-20T15:49:05.164632900Z only <12 ..  |   .9172531   .2396882    -0.33   0.741      .549618    1.530796
2021-07-20T15:49:05.164972600Z  only 12-18  |   .9949321   .3411644    -0.01   0.988     .5080596    1.948374
2021-07-20T15:49:05.165139900Z       mixed  |   .9440347   .2287555    -0.24   0.812     .5871208    1.517919
2021-07-20T15:49:05.165152400Z              |
2021-07-20T15:49:05.165440800Z         age1 |   .9948591   .0136483    -0.38   0.707     .9684653    1.021972
2021-07-20T15:49:05.165799700Z         age2 |    1.00315   .0416288     0.08   0.940     .9247892    1.088151
2021-07-20T15:49:05.166191400Z         age3 |   1.009004    .115649     0.08   0.938     .8059919     1.26315
2021-07-20T15:49:05.166460800Z       1.male |   1.021574   .0730591     0.30   0.765     .8879632    1.175288
2021-07-20T15:49:05.166735800Z              |
2021-07-20T15:49:05.166748600Z       bmicat |
2021-07-20T15:49:05.176543300Z Normal (..)  |   1.049048   .1292239     0.39   0.697     .8240295    1.335513
2021-07-20T15:49:05.176564700Z Overweig..)  |   1.151037   .1424738     1.14   0.256      .903085    1.467067
2021-07-20T15:49:05.176569200Z Obese I ..)  |   1.000465   .1337111     0.00   0.997     .7699095    1.300062
2021-07-20T15:49:05.176578900Z Obese II..)  |   .8768053   .1340989    -0.86   0.390     .6497109    1.183276
2021-07-20T15:49:05.176582900Z Obese II..)  |   .8614956    .156014    -0.82   0.410     .6040923    1.228578
2021-07-20T15:49:05.176586600Z              |
2021-07-20T15:49:05.176590300Z        smoke |
2021-07-20T15:49:05.176593600Z      Former  |   1.376893   .1824807     2.41   0.016     1.061916    1.785298
2021-07-20T15:49:05.176597200Z     Current  |   1.124858   .1047619     1.26   0.206     .9371782    1.350121
2021-07-20T15:49:05.176600800Z              |
2021-07-20T15:49:05.176604000Z          imd |
2021-07-20T15:49:05.176607500Z           4  |   1.053238   .0914532     0.60   0.550     .8884162    1.248639
2021-07-20T15:49:05.176611100Z 5 most de..  |   .9776411   .1090438    -0.20   0.839     .7856668    1.216523
2021-07-20T15:49:05.176614700Z              |
2021-07-20T15:49:05.176618300Z tot_adults~h |
2021-07-20T15:49:05.176621800Z           2  |   1.860506   1.250255     0.92   0.356     .4984549    6.944424
2021-07-20T15:49:05.176625500Z           3  |   1.255829   .6481118     0.44   0.659     .4567097    3.453195
2021-07-20T15:49:05.176629100Z              |
2021-07-20T15:49:05.176632500Z    ethnicity |
2021-07-20T15:49:05.176635800Z Asian or ..  |   1.025601   .1210076     0.21   0.830     .8138561    1.292436
2021-07-20T15:49:05.176639300Z       Other  |   1.164752   .1306277     1.36   0.174     .9349115    1.451096
2021-07-20T15:49:05.176642700Z              |
2021-07-20T15:49:05.176646200Z 1.htdiag_o~p |   .9610216   .1243137    -0.31   0.759      .745805    1.238343
2021-07-20T15:49:05.176649900Z 1.~y_disease |   .9908937   .0878146    -0.10   0.918     .8328987    1.178859
2021-07-20T15:49:05.176655100Z     1.asthma |   1.001617    .124506     0.01   0.990     .7850421    1.277939
2021-07-20T15:49:05.176658900Z 1.~c_disease |   .9421365   .0846447    -0.66   0.507     .7900217     1.12354
2021-07-20T15:49:05.176662500Z              |
2021-07-20T15:49:05.176665700Z      diabcat |
2021-07-20T15:49:05.176669000Z T1DM, con..  |   .9926113   .1858061    -0.04   0.968     .6877705    1.432567
2021-07-20T15:49:05.176672800Z T1DM, unc..  |    1.50336   .7679723     0.80   0.425     .5523798    4.091556
2021-07-20T15:49:05.176676600Z T2DM, con..  |   .9634074   .0938892    -0.38   0.702     .7958951    1.166176
2021-07-20T15:49:05.176680400Z T2DM, unc..  |   .9533972   .1950454    -0.23   0.816     .6384628    1.423679
2021-07-20T15:49:05.176684100Z Diabetes,..  |   1.39e-18   1.45e-18   -39.51   0.000     1.81e-19    1.07e-17
2021-07-20T15:49:05.176687800Z              |
2021-07-20T15:49:05.176691000Z cancer_exh~t |
2021-07-20T15:49:05.176694500Z   Last year  |   1.53e-18   6.76e-19   -93.05   0.000     6.46e-19    3.64e-18
2021-07-20T15:49:05.176699000Z 2-5 years..  |   .8688589   .2429697    -0.50   0.615      .502247    1.503077
2021-07-20T15:49:05.176706400Z    5+ years  |   .9426601   .0839706    -0.66   0.507      .791647     1.12248
2021-07-20T15:49:05.176710600Z              |
2021-07-20T15:49:05.176714200Z cancer_hae~t |
2021-07-20T15:49:05.176717700Z   Last year  |   1.702059   .6319848     1.43   0.152     .8220878    3.523959
2021-07-20T15:49:05.176721200Z 2-5 years..  |    1.33622   .3953105     0.98   0.327      .748267     2.38616
2021-07-20T15:49:05.176724700Z    5+ years  |    .869454   .0844067    -1.44   0.150     .7188064    1.051674
2021-07-20T15:49:05.176728200Z              |
2021-07-20T15:49:05.176731600Z 1.~r_disease |    1.12423   .0964407     1.37   0.172     .9502457     1.33007
2021-07-20T15:49:05.176735100Z 1.stroke_d~a |   .9202804   .0791773    -0.97   0.334     .7774745    1.089317
2021-07-20T15:49:05.176738900Z 1.other_ne~o |     .97014   .0873033    -0.34   0.736     .8132694    1.157269
2021-07-20T15:49:05.176742700Z              |
2021-07-20T15:49:05.176769700Z reduced_ki~t |
2021-07-20T15:49:05.176777200Z Stage 3a/..  |   .9233805     .44616    -0.16   0.869     .3581758    2.380483
2021-07-20T15:49:05.176781000Z       1.esrd |   1.084257   .0770493     1.14   0.255     .9432883    1.246294
2021-07-20T15:49:05.176784300Z 1.other_tr~t |   .9636493   .0844712    -0.42   0.673     .8115303    1.144283
2021-07-20T15:49:05.176787400Z   1.asplenia |   1.003292   .0848764     0.04   0.969     .8499969    1.184233
2021-07-20T15:49:05.176790700Z 1.ra_sle_p~s |   1.050266   .0942478     0.55   0.585     .8808759    1.252228
2021-07-20T15:49:05.177848100Z 1.other_im~o |   1.008642   .0717477     0.12   0.904      .877382     1.15954
2021-07-20T15:49:05.177864900Z ------------------------------------------------------------------------------
2021-07-20T15:49:05.178245600Z                                                              Stratified by stp
2021-07-20T15:49:05.207673100Z (note: file ./output/an_sense_covid_tpp_prob_CCeth_bmi_smok_ageband_0MAIN.ster 
2021-07-20T15:49:05.207693800Z > not found)
2021-07-20T15:49:05.207698700Z file ./output/an_sense_covid_tpp_prob_CCeth_bmi_smok_ageband_0MAIN.ster saved
2021-07-20T15:49:05.214246200Z 
2021-07-20T15:49:05.214262800Z          failure _d:  covid_tpp_prob
2021-07-20T15:49:05.214267400Z    analysis time _t:  (stime_covid_tpp_prob-origin)
2021-07-20T15:49:05.214339500Z              origin:  time enter_date
2021-07-20T15:49:05.214523600Z   enter on or after:  time enter_date
2021-07-20T15:49:05.214535700Z                  id:  patient_id
2021-07-20T15:49:05.242631100Z 
2021-07-20T15:49:05.242660800Z Iteration 0:   log pseudolikelihood = -905.21549
2021-07-20T15:49:05.254752800Z Iteration 1:   log pseudolikelihood = -887.27938
2021-07-20T15:49:05.265262600Z Iteration 2:   log pseudolikelihood = -886.26419
2021-07-20T15:49:05.275784000Z Iteration 3:   log pseudolikelihood =   -886.107
2021-07-20T15:49:05.296531600Z Iteration 4:   log pseudolikelihood = -886.05202
2021-07-20T15:49:05.298394200Z Iteration 5:   log pseudolikelihood = -886.03183
2021-07-20T15:49:05.309249600Z Iteration 6:   log pseudolikelihood =  -886.0244
2021-07-20T15:49:05.319538900Z Iteration 7:   log pseudolikelihood = -886.02167
2021-07-20T15:49:05.329759700Z Iteration 8:   log pseudolikelihood = -886.02067
2021-07-20T15:49:05.339771700Z Iteration 9:   log pseudolikelihood =  -886.0203
2021-07-20T15:49:05.350656400Z Iteration 10:  log pseudolikelihood = -886.02016
2021-07-20T15:49:05.360756400Z Iteration 11:  log pseudolikelihood = -886.02011
2021-07-20T15:49:05.371181700Z Iteration 12:  log pseudolikelihood = -886.02009
2021-07-20T15:49:05.381214600Z Iteration 13:  log pseudolikelihood = -886.02009
2021-07-20T15:49:05.391186200Z Iteration 14:  log pseudolikelihood = -886.02008
2021-07-20T15:49:05.401420100Z Iteration 15:  log pseudolikelihood = -886.02008
2021-07-20T15:49:05.412667700Z Iteration 16:  log pseudolikelihood = -886.02008
2021-07-20T15:49:05.422668200Z Iteration 17:  log pseudolikelihood = -886.02008
2021-07-20T15:49:05.432544200Z Iteration 18:  log pseudolikelihood = -886.02008
2021-07-20T15:49:05.442880800Z Iteration 19:  log pseudolikelihood = -886.02008
2021-07-20T15:49:05.452864000Z Iteration 20:  log pseudolikelihood = -886.02008
2021-07-20T15:49:05.464173500Z Iteration 21:  log pseudolikelihood = -886.02008
2021-07-20T15:49:05.474682600Z Iteration 22:  log pseudolikelihood = -886.02008
2021-07-20T15:49:05.485151700Z Iteration 23:  log pseudolikelihood = -886.02008
2021-07-20T15:49:05.495373300Z Iteration 24:  log pseudolikelihood = -886.02008
2021-07-20T15:49:05.505507700Z Iteration 25:  log pseudolikelihood = -886.02008
2021-07-20T15:49:05.515871000Z Iteration 26:  log pseudolikelihood = -886.02008
2021-07-20T15:49:05.526934500Z Iteration 27:  log pseudolikelihood = -886.02008
2021-07-20T15:49:05.537068400Z Iteration 28:  log pseudolikelihood = -886.02008
2021-07-20T15:49:05.548689000Z Iteration 29:  log pseudolikelihood = -886.02008
2021-07-20T15:49:05.558954300Z Iteration 30:  log pseudolikelihood = -886.02008
2021-07-20T15:49:05.568812000Z Iteration 31:  log pseudolikelihood = -886.02008
2021-07-20T15:49:05.579503200Z Iteration 32:  log pseudolikelihood = -886.02008
2021-07-20T15:49:05.596443500Z Iteration 33:  log pseudolikelihood = -886.02008
2021-07-20T15:49:05.600890200Z Iteration 34:  log pseudolikelihood = -886.02008
2021-07-20T15:49:05.611349700Z Iteration 35:  log pseudolikelihood = -886.02008
2021-07-20T15:49:05.622201600Z Iteration 36:  log pseudolikelihood = -886.02008
2021-07-20T15:49:05.632432800Z Iteration 37:  log pseudolikelihood = -886.02008
2021-07-20T15:49:05.642803600Z Iteration 38:  log pseudolikelihood = -886.02008
2021-07-20T15:49:05.653128000Z Iteration 39:  log pseudolikelihood = -886.02008
2021-07-20T15:49:05.663175100Z Iteration 40:  log pseudolikelihood = -886.02008
2021-07-20T15:49:05.674130500Z Iteration 41:  log pseudolikelihood = -886.02008
2021-07-20T15:49:05.684987600Z Iteration 42:  log pseudolikelihood = -886.02008
2021-07-20T15:49:05.685009100Z Refining estimates:
2021-07-20T15:49:05.712036800Z Iteration 0:   log pseudolikelihood = -886.02008
2021-07-20T15:49:05.738600400Z Iteration 1:   log pseudolikelihood = -886.02008
2021-07-20T15:49:05.808895200Z 
2021-07-20T15:49:05.808912200Z Stratified Cox regr. -- Breslow method for ties
2021-07-20T15:49:05.808916800Z 
2021-07-20T15:49:05.808920000Z No. of subjects      =          623             Number of obs    =         623
2021-07-20T15:49:05.808923200Z No. of failures      =          239
2021-07-20T15:49:05.808926200Z Time at risk         =        92572
2021-07-20T15:49:05.809028500Z                                                 Wald chi2(43)    =     5200.15
2021-07-20T15:49:05.809054600Z Log pseudolikelihood =   -886.02008             Prob > chi2      =      0.0000
2021-07-20T15:49:05.809163800Z 
2021-07-20T15:49:05.820773500Z                          (Std. Err. adjusted for 414 clusters in household_id)
2021-07-20T15:49:05.820791100Z ------------------------------------------------------------------------------
2021-07-20T15:49:05.820795500Z              |               Robust
2021-07-20T15:49:05.820798700Z           _t | Haz. Ratio   Std. Err.      z    P>|z|     [95% Conf. Interval]
2021-07-20T15:49:05.820801000Z -------------+----------------------------------------------------------------
2021-07-20T15:49:05.820803000Z    kids_cat4 |
2021-07-20T15:49:05.820963400Z only <12 ..  |   1.011382   .4763162     0.02   0.981     .4018248     2.54562
2021-07-20T15:49:05.821172300Z  only 12-18  |   1.502734   .8469588     0.72   0.470     .4978915    4.535545
2021-07-20T15:49:05.821349100Z       mixed  |   1.194822   .5120151     0.42   0.678     .5158688     2.76737
2021-07-20T15:49:05.821360700Z              |
2021-07-20T15:49:05.821561100Z         age1 |   .9991605   .0563127    -0.01   0.988     .8946672    1.115858
2021-07-20T15:49:05.821702000Z         age2 |   .9999968    .235947    -0.00   1.000     .6297374    1.587953
2021-07-20T15:49:05.822011700Z         age3 |   1.028719   .5858068     0.05   0.960     .3369594    3.140623
2021-07-20T15:49:05.822203800Z       1.male |   1.039002   .1553999     0.26   0.798      .775006    1.392925
2021-07-20T15:49:05.822213900Z              |
2021-07-20T15:49:05.822217800Z       bmicat |
2021-07-20T15:49:05.822404400Z Normal (..)  |   1.312956   .3180615     1.12   0.261     .8166723    2.110825
2021-07-20T15:49:05.822627500Z Overweig..)  |   1.070073   .2942643     0.25   0.805       .62422     1.83438
2021-07-20T15:49:05.822884000Z Obese I ..)  |   1.161481    .294884     0.59   0.555     .7061615    1.910383
2021-07-20T15:49:05.823091200Z Obese II..)  |   1.291213   .3832077     0.86   0.389     .7217345    2.310035
2021-07-20T15:49:05.823252700Z Obese II..)  |   1.068687   .3987317     0.18   0.859     .5143559    2.220432
2021-07-20T15:49:05.823262500Z              |
2021-07-20T15:49:05.823266500Z        smoke |
2021-07-20T15:49:05.823474100Z      Former  |   .9761643   .2527211    -0.09   0.926     .5876973    1.621407
2021-07-20T15:49:05.823740000Z     Current  |   1.042912   .1798742     0.24   0.808     .7437689    1.462369
2021-07-20T15:49:05.823749400Z              |
2021-07-20T15:49:05.823753100Z          imd |
2021-07-20T15:49:05.823946200Z           4  |   1.626079   .2821503     2.80   0.005     1.157297    2.284749
2021-07-20T15:49:05.824113700Z 5 most de..  |   1.483395   .3543545     1.65   0.099     .9287975    2.369149
2021-07-20T15:49:05.824122100Z              |
2021-07-20T15:49:05.824124300Z tot_adults~h |
2021-07-20T15:49:05.824377100Z           2  |   .3972957   .4277667    -0.86   0.391     .0481536    3.277926
2021-07-20T15:49:05.824589600Z           3  |   .1559565   .1465323    -1.98   0.048     .0247308    .9834866
2021-07-20T15:49:05.824599500Z              |
2021-07-20T15:49:05.824603300Z    ethnicity |
2021-07-20T15:49:05.824859300Z Asian or ..  |   1.009619   .2254949     0.04   0.966     .6516954    1.564121
2021-07-20T15:49:05.825247600Z       Other  |   .9951722   .2379592    -0.02   0.984     .6228226    1.590128
2021-07-20T15:49:05.825258300Z              |
2021-07-20T15:49:05.825629400Z 1.htdiag_o~p |   2.163457   .6554756     2.55   0.011     1.194689    3.917797
2021-07-20T15:49:05.826403300Z 1.~y_disease |   1.223144   .1943852     1.27   0.205     .8957823     1.67014
2021-07-20T15:49:05.826438300Z     1.asthma |   1.002181   .2386769     0.01   0.993     .6283855    1.598329
2021-07-20T15:49:05.826519200Z 1.~c_disease |   1.101091   .1981173     0.54   0.592     .7738698    1.566673
2021-07-20T15:49:05.826530800Z              |
2021-07-20T15:49:05.826645200Z      diabcat |
2021-07-20T15:49:05.826975100Z T1DM, con..  |   .5408221   .4194049    -0.79   0.428      .118291    2.472618
2021-07-20T15:49:05.827191400Z T1DM, unc..  |   1.492733   .9742106     0.61   0.539     .4153918    5.364219
2021-07-20T15:49:05.827448900Z T2DM, con..  |   .6724398   .1486384    -1.80   0.073     .4360145    1.037065
2021-07-20T15:49:05.827835700Z T2DM, unc..  |   1.178493   .3603876     0.54   0.591      .647182     2.14599
2021-07-20T15:49:05.827844400Z              |
2021-07-20T15:49:05.827846700Z cancer_exh~t |
2021-07-20T15:49:05.828019500Z   Last year  |   1.95e-19   1.28e-19   -65.59   0.000     5.37e-20    7.05e-19
2021-07-20T15:49:05.828374400Z 2-5 years..  |   .9100979   .5493293    -0.16   0.876     .2788099    2.970763
2021-07-20T15:49:05.828632600Z    5+ years  |   1.111016   .1945299     0.60   0.548     .7882824    1.565881
2021-07-20T15:49:05.828640900Z              |
2021-07-20T15:49:05.828643200Z cancer_hae~t |
2021-07-20T15:49:05.828957400Z   Last year  |   .8970077   .9658926    -0.10   0.920     .1086995     7.40227
2021-07-20T15:49:05.829269800Z 2-5 years..  |   .4824433   .3221375    -1.09   0.275     .1303411    1.785712
2021-07-20T15:49:05.829677900Z    5+ years  |   .8479742   .1622566    -0.86   0.389     .5827852    1.233834
2021-07-20T15:49:05.829688600Z              |
2021-07-20T15:49:05.830011100Z 1.~r_disease |   1.020675   .1661669     0.13   0.900     .7418415    1.404313
2021-07-20T15:49:05.830408800Z 1.stroke_d~a |   1.146588   .1879809     0.83   0.404     .8314852    1.581103
2021-07-20T15:49:05.830719500Z 1.other_ne~o |   1.163556   .1955237     0.90   0.367     .8370506    1.617421
2021-07-20T15:49:05.830727500Z              |
2021-07-20T15:49:05.830729900Z reduced_ki~t |
2021-07-20T15:49:05.831135700Z Stage 3a/..  |   .8489994   .3143917    -0.44   0.658      .410866    1.754343
2021-07-20T15:49:05.831470500Z       1.esrd |   .9257084   .1330905    -0.54   0.591     .6983863    1.227023
2021-07-20T15:49:05.831817000Z 1.other_tr~t |   .8585178   .1531939    -0.85   0.393     .6051471    1.217973
2021-07-20T15:49:05.832065600Z   1.asplenia |   1.127891   .2011089     0.67   0.500      .795231    1.599708
2021-07-20T15:49:05.832435000Z 1.ra_sle_p~s |   1.279214   .2197073     1.43   0.152     .9135824    1.791177
2021-07-20T15:49:05.833531100Z 1.other_im~o |   .8672551   .1363721    -0.91   0.365     .6372343    1.180306
2021-07-20T15:49:05.833542600Z ------------------------------------------------------------------------------
2021-07-20T15:49:05.833880700Z                                                              Stratified by stp
2021-07-20T15:49:05.835077700Z 
2021-07-20T15:49:05.835091900Z -------------------------------------------------------------------------------
2021-07-20T15:49:05.835096000Z active results
2021-07-20T15:49:05.835098900Z -------------------------------------------------------------------------------
2021-07-20T15:49:05.836535700Z 
2021-07-20T15:49:05.836551900Z Stratified Cox regr. -- Breslow method for ties
2021-07-20T15:49:05.836557000Z 
2021-07-20T15:49:05.836560500Z No. of subjects      =          623             Number of obs    =         623
2021-07-20T15:49:05.836600800Z No. of failures      =          239
2021-07-20T15:49:05.836609200Z Time at risk         =        92572
2021-07-20T15:49:05.836611600Z                                                 Wald chi2(43)    =     5200.15
2021-07-20T15:49:05.846435800Z Log pseudolikelihood =   -886.02008             Prob > chi2      =      0.0000
2021-07-20T15:49:05.846461100Z 
2021-07-20T15:49:05.847433600Z                          (Std. Err. adjusted for 414 clusters in household_id)
2021-07-20T15:49:05.847448800Z ------------------------------------------------------------------------------
2021-07-20T15:49:05.847453100Z              |               Robust
2021-07-20T15:49:05.847456200Z           _t | Haz. Ratio   Std. Err.      z    P>|z|     [95% Conf. Interval]
2021-07-20T15:49:05.847459700Z -------------+----------------------------------------------------------------
2021-07-20T15:49:05.847462600Z    kids_cat4 |
2021-07-20T15:49:05.847837900Z only <12 ..  |   1.011382   .4763162     0.02   0.981     .4018248     2.54562
2021-07-20T15:49:05.848189800Z  only 12-18  |   1.502734   .8469588     0.72   0.470     .4978915    4.535545
2021-07-20T15:49:05.848368700Z       mixed  |   1.194822   .5120151     0.42   0.678     .5158688     2.76737
2021-07-20T15:49:05.848550500Z              |
2021-07-20T15:49:05.856460000Z         age1 |   .9991605   .0563127    -0.01   0.988     .8946672    1.115858
2021-07-20T15:49:05.856477200Z         age2 |   .9999968    .235947    -0.00   1.000     .6297374    1.587953
2021-07-20T15:49:05.856481400Z         age3 |   1.028719   .5858068     0.05   0.960     .3369594    3.140623
2021-07-20T15:49:05.856484500Z       1.male |   1.039002   .1553999     0.26   0.798      .775006    1.392925
2021-07-20T15:49:05.856487500Z              |
2021-07-20T15:49:05.856490300Z       bmicat |
2021-07-20T15:49:05.856493300Z Normal (..)  |   1.312956   .3180615     1.12   0.261     .8166723    2.110825
2021-07-20T15:49:05.856496300Z Overweig..)  |   1.070073   .2942643     0.25   0.805       .62422     1.83438
2021-07-20T15:49:05.856499400Z Obese I ..)  |   1.161481    .294884     0.59   0.555     .7061615    1.910383
2021-07-20T15:49:05.856502400Z Obese II..)  |   1.291213   .3832077     0.86   0.389     .7217345    2.310035
2021-07-20T15:49:05.856505300Z Obese II..)  |   1.068687   .3987317     0.18   0.859     .5143559    2.220432
2021-07-20T15:49:05.856508400Z              |
2021-07-20T15:49:05.856511200Z        smoke |
2021-07-20T15:49:05.856513800Z      Former  |   .9761643   .2527211    -0.09   0.926     .5876973    1.621407
2021-07-20T15:49:05.856517000Z     Current  |   1.042912   .1798742     0.24   0.808     .7437689    1.462369
2021-07-20T15:49:05.856520100Z              |
2021-07-20T15:49:05.856523000Z          imd |
2021-07-20T15:49:05.856525800Z           4  |   1.626079   .2821503     2.80   0.005     1.157297    2.284749
2021-07-20T15:49:05.856528800Z 5 most de..  |   1.483395   .3543545     1.65   0.099     .9287975    2.369149
2021-07-20T15:49:05.856531900Z              |
2021-07-20T15:49:05.856534600Z tot_adults~h |
2021-07-20T15:49:05.856537500Z           2  |   .3972957   .4277667    -0.86   0.391     .0481536    3.277926
2021-07-20T15:49:05.856548100Z           3  |   .1559565   .1465323    -1.98   0.048     .0247308    .9834866
2021-07-20T15:49:05.856552000Z              |
2021-07-20T15:49:05.856555100Z    ethnicity |
2021-07-20T15:49:05.856558000Z Asian or ..  |   1.009619   .2254949     0.04   0.966     .6516954    1.564121
2021-07-20T15:49:05.856561200Z       Other  |   .9951722   .2379592    -0.02   0.984     .6228226    1.590128
2021-07-20T15:49:05.856564400Z              |
2021-07-20T15:49:05.856567300Z 1.htdiag_o~p |   2.163457   .6554756     2.55   0.011     1.194689    3.917797
2021-07-20T15:49:05.856570500Z 1.~y_disease |   1.223144   .1943852     1.27   0.205     .8957823     1.67014
2021-07-20T15:49:05.856573800Z     1.asthma |   1.002181   .2386769     0.01   0.993     .6283855    1.598329
2021-07-20T15:49:05.856577000Z 1.~c_disease |   1.101091   .1981173     0.54   0.592     .7738698    1.566673
2021-07-20T15:49:05.856580300Z              |
2021-07-20T15:49:05.856583400Z      diabcat |
2021-07-20T15:49:05.856587500Z T1DM, con..  |   .5408221   .4194049    -0.79   0.428      .118291    2.472618
2021-07-20T15:49:05.856590800Z T1DM, unc..  |   1.492733   .9742106     0.61   0.539     .4153918    5.364219
2021-07-20T15:49:05.856595500Z T2DM, con..  |   .6724398   .1486384    -1.80   0.073     .4360145    1.037065
2021-07-20T15:49:05.856599100Z T2DM, unc..  |   1.178493   .3603876     0.54   0.591      .647182     2.14599
2021-07-20T15:49:05.856602600Z              |
2021-07-20T15:49:05.856605700Z cancer_exh~t |
2021-07-20T15:49:05.856609000Z   Last year  |   1.95e-19   1.28e-19   -65.59   0.000     5.37e-20    7.05e-19
2021-07-20T15:49:05.856612400Z 2-5 years..  |   .9100979   .5493293    -0.16   0.876     .2788099    2.970763
2021-07-20T15:49:05.856615700Z    5+ years  |   1.111016   .1945299     0.60   0.548     .7882824    1.565881
2021-07-20T15:49:05.856618800Z              |
2021-07-20T15:49:05.856621800Z cancer_hae~t |
2021-07-20T15:49:05.856624800Z   Last year  |   .8970077   .9658926    -0.10   0.920     .1086995     7.40227
2021-07-20T15:49:05.856628200Z 2-5 years..  |   .4824433   .3221375    -1.09   0.275     .1303411    1.785712
2021-07-20T15:49:05.856631500Z    5+ years  |   .8479742   .1622566    -0.86   0.389     .5827852    1.233834
2021-07-20T15:49:05.856635000Z              |
2021-07-20T15:49:05.856638100Z 1.~r_disease |   1.020675   .1661669     0.13   0.900     .7418415    1.404313
2021-07-20T15:49:05.856641200Z 1.stroke_d~a |   1.146588   .1879809     0.83   0.404     .8314852    1.581103
2021-07-20T15:49:05.856644300Z 1.other_ne~o |   1.163556   .1955237     0.90   0.367     .8370506    1.617421
2021-07-20T15:49:05.856647300Z              |
2021-07-20T15:49:05.856650300Z reduced_ki~t |
2021-07-20T15:49:05.856653600Z Stage 3a/..  |   .8489994   .3143917    -0.44   0.658      .410866    1.754343
2021-07-20T15:49:05.856662300Z       1.esrd |   .9257084   .1330905    -0.54   0.591     .6983863    1.227023
2021-07-20T15:49:05.857057000Z 1.other_tr~t |   .8585178   .1531939    -0.85   0.393     .6051471    1.217973
2021-07-20T15:49:05.857372300Z   1.asplenia |   1.127891   .2011089     0.67   0.500      .795231    1.599708
2021-07-20T15:49:05.857634400Z 1.ra_sle_p~s |   1.279214   .2197073     1.43   0.152     .9135824    1.791177
2021-07-20T15:49:05.858878600Z 1.other_im~o |   .8672551   .1363721    -0.91   0.365     .6372343    1.180306
2021-07-20T15:49:05.858892300Z ------------------------------------------------------------------------------
2021-07-20T15:49:05.859250100Z                                                              Stratified by stp
2021-07-20T15:49:05.867540300Z (note: file ./output/an_sense_covid_tpp_prob_CCeth_bmi_smok_ageband_1MAIN.ster 
2021-07-20T15:49:05.867559800Z > not found)
2021-07-20T15:49:05.867563800Z file ./output/an_sense_covid_tpp_prob_CCeth_bmi_smok_ageband_1MAIN.ster saved
2021-07-20T15:49:05.867751100Z 
2021-07-20T15:49:05.867762900Z . 
2021-07-20T15:49:05.867767600Z . 
2021-07-20T15:49:05.867770800Z . 
2021-07-20T15:49:05.867773800Z . 
2021-07-20T15:49:05.867776500Z . log close
2021-07-20T15:49:05.868027700Z       name:  <unnamed>
2021-07-20T15:49:05.868081600Z        log:  /workspace/log/07d_an_multivariable_cox_models_FULL_Sense3_covid_t
2021-07-20T15:49:05.868086300Z > pp_probMAIN.log
2021-07-20T15:49:05.868089800Z   log type:  text
2021-07-20T15:49:05.868092800Z  closed on:  20 Jul 2021, 15:49:05
2021-07-20T15:49:05.868095600Z -------------------------------------------------------------------------------
2021-07-20T15:49:05.868098600Z 
2021-07-20T15:49:05.868101500Z . 
2021-07-20T15:49:05.868104400Z . 
2021-07-20T15:49:05.868107300Z . exit, clear
2021-07-20T15:49:05.868110400Z 
2021-07-20T15:49:05.868129600Z end of do-file
2021-07-20T15:49:05.868137200Z 
2021-07-20T15:49:05.868140800Z . . file open output using "/tmp/tmp.Liy0pQu22t", write text replace
2021-07-20T15:49:05.868145600Z 
2021-07-20T15:49:05.868148700Z . . file write output "success" 
2021-07-20T15:49:05.868151500Z 
2021-07-20T15:49:05.868154100Z . . file close output
2021-07-20T15:49:05.868268900Z 
2021-07-20T15:49:05.868280400Z . 
2021-07-20T15:49:05.868284400Z end of do-file
2021-07-20T15:49:05.868287700Z 
2021-07-20T15:49:05.868290400Z 
2021-07-20T15:49:05.890756900Z . 

state: succeeded
commit: none
docker_image_id: sha256:11980aa720220a1b39bf523f5a8a33270214c13876c30ee364e16265766f7f60
exit_code: 0
job_id: nlgenpyjvhj2a5d2
run_by_user: qc18278
created_at: 2021-07-20T15:38:48Z
started_at: 2021-07-20T15:49:03Z
completed_at: 2021-07-20T15:49:55Z

Completed successfully

outputs:
  log/07d_an_multivariable_cox_models_FULL_Sense3_covid_tpp_probMAIN.log  - moderately_sensitive
  output/an_sense_covid_tpp_prob_CCeth_bmi_smok_ageband_0MAIN.ster        - moderately_sensitive
  output/an_sense_covid_tpp_prob_CCeth_bmi_smok_ageband_1MAIN.ster        - moderately_sensitive