2021-07-20T15:49:47.492628900Z 
2021-07-20T15:49:47.492658400Z   ___  ____  ____  ____  ____ (R)
2021-07-20T15:49:47.492663300Z  /__    /   ____/   /   ____/
2021-07-20T15:49:47.492666700Z ___/   /   /___/   /   /___/   16.1   Copyright 1985-2019 StataCorp LLC
2021-07-20T15:49:47.492670000Z   Statistics/Data Analysis            StataCorp
2021-07-20T15:49:47.492673300Z                                       4905 Lakeway Drive
2021-07-20T15:49:47.492676700Z                                       College Station, Texas 77845 USA
2021-07-20T15:49:47.492679900Z                                       800-STATA-PC        http://www.stata.com
2021-07-20T15:49:47.492683300Z                                       979-696-4600        stata@stata.com
2021-07-20T15:49:47.492686600Z                                       979-696-4601 (fax)
2021-07-20T15:49:47.492690300Z 
2021-07-20T15:49:47.492693200Z 3-user Stata network license expires 11 May 2022:
2021-07-20T15:49:47.492696300Z        Serial number:  501709312237
2021-07-20T15:49:47.492699300Z          Licensed to:  The Bennett Institute
2021-07-20T15:49:47.492702700Z                        Oxford University
2021-07-20T15:49:47.493282800Z 
2021-07-20T15:49:47.493295000Z Notes:
2021-07-20T15:49:47.493299600Z       1.  Unicode is supported; see help unicode_advice.
2021-07-20T15:49:47.493303500Z 
2021-07-20T15:49:47.493306800Z . do "analysis/07d_an_multivariable_cox_models_FULL_Sense4.wrapper.do" covid_de
2021-07-20T15:49:47.493310500Z > ath MAIN 
2021-07-20T15:49:47.493314000Z 
2021-07-20T15:49:47.493317500Z . . do "analysis/07d_an_multivariable_cox_models_FULL_Sense4.do" covid_death MA
2021-07-20T15:49:47.493321200Z > IN
2021-07-20T15:49:47.493324400Z 
2021-07-20T15:49:47.493327600Z . *****************************************************************************
2021-07-20T15:49:47.493331400Z > ***
2021-07-20T15:49:47.493334700Z . *
2021-07-20T15:49:47.493338000Z . *       Do-file:                07d_an_multivariable_cox_models_Sense4.do
2021-07-20T15:49:47.493341500Z . *
2021-07-20T15:49:47.493344700Z . *       Project:                Exposure children and COVID risk
2021-07-20T15:49:47.493368600Z . *
2021-07-20T15:49:47.493373900Z . *       Programmed by:  Hforbes, based on files from Fizz & Krishnan
2021-07-20T15:49:47.493377900Z . *
2021-07-20T15:49:47.493381200Z . *       Data used:              analysis_dataset.dta
2021-07-20T15:49:47.493384800Z . *
2021-07-20T15:49:47.493387900Z . *       Data created:   None
2021-07-20T15:49:47.493391200Z . *
2021-07-20T15:49:47.493394800Z . *       Other output:   Log file:  07b_an_multivariable_cox_models_`outcome'.
2021-07-20T15:49:47.493419400Z > log
2021-07-20T15:49:47.493425400Z . *
2021-07-20T15:49:47.493428300Z . *****************************************************************************
2021-07-20T15:49:47.493431700Z > ***
2021-07-20T15:49:47.493434900Z . *
2021-07-20T15:49:47.493438200Z . *       Purpose:                This do-file performs multivariable (fully ad
2021-07-20T15:49:47.493441700Z > justed) 
2021-07-20T15:49:47.493445200Z . *                                       Cox models, with age as the underlyin
2021-07-20T15:49:47.493449000Z > g timescale
2021-07-20T15:49:47.493452800Z . *  
2021-07-20T15:49:47.493456200Z . *****************************************************************************
2021-07-20T15:49:47.493471700Z > ***
2021-07-20T15:49:47.493477700Z . *       
2021-07-20T15:49:47.493481000Z . *       Stata routines needed:  stbrier   
2021-07-20T15:49:47.493484400Z . *
2021-07-20T15:49:47.493487500Z . *****************************************************************************
2021-07-20T15:49:47.493490900Z > ***
2021-07-20T15:49:47.493494000Z . 
2021-07-20T15:49:47.493497100Z . * Set globals that will print in programs and direct output
2021-07-20T15:49:47.493500300Z . global outdir     "output" 
2021-07-20T15:49:47.493503800Z 
2021-07-20T15:49:47.493507100Z . global logdir     "log"
2021-07-20T15:49:47.493510100Z 
2021-07-20T15:49:47.493518200Z . global tempdir    "tempdata"
2021-07-20T15:49:47.493522300Z 
2021-07-20T15:49:47.493525200Z . global demogadjlist  age1 age2 age3 i.male i.obese4cat i.smoke_nomiss i.imd i
2021-07-20T15:49:47.493528600Z > .tot_adults_hh i.ethnicity
2021-07-20T15:49:47.493532100Z 
2021-07-20T15:49:47.493535100Z . global comordidadjlist  i.htdiag_or_highbp                              ///
2021-07-20T15:49:47.493538300Z >                         i.chronic_respiratory_disease   ///
2021-07-20T15:49:47.493541500Z >                         i.asthma                                             
2021-07-20T15:49:47.493544800Z >    ///
2021-07-20T15:49:47.493548000Z >                         i.chronic_cardiac_disease               ///
2021-07-20T15:49:47.493551800Z >                         i.diabcat                                            
2021-07-20T15:49:47.493555600Z >    ///
2021-07-20T15:49:47.493559000Z >                         i.cancer_exhaem_cat                             ///
2021-07-20T15:49:47.493562400Z >                         i.cancer_haem_cat                               ///
2021-07-20T15:49:47.493565700Z >                         i.chronic_liver_disease                 ///
2021-07-20T15:49:47.493568900Z >                         i.stroke_dementia                               ///
2021-07-20T15:49:47.493578500Z >                         i.other_neuro                                   ///
2021-07-20T15:49:47.493582700Z >                         i.reduced_kidney_function_cat   ///
2021-07-20T15:49:47.493586300Z >                         i.esrd                                               
2021-07-20T15:49:47.493589800Z >    ///
2021-07-20T15:49:47.493593000Z >                         i.other_transplant                              ///
2021-07-20T15:49:47.493596400Z >                         i.asplenia                                           
2021-07-20T15:49:47.493600000Z >    ///
2021-07-20T15:49:47.493603300Z >                         i.ra_sle_psoriasis                      ///
2021-07-20T15:49:47.493606800Z >                         i.other_immuno          
2021-07-20T15:49:47.493610000Z 
2021-07-20T15:49:47.493613000Z . 
2021-07-20T15:49:47.493616500Z . local outcome `1' 
2021-07-20T15:49:47.493620000Z 
2021-07-20T15:49:47.493623200Z . local dataset `2'
2021-07-20T15:49:47.493627600Z 
2021-07-20T15:49:47.493630800Z . 
2021-07-20T15:49:47.493633800Z . 
2021-07-20T15:49:47.493636800Z . *****************************************************************************
2021-07-20T15:49:47.493640100Z > *******
2021-07-20T15:49:47.493643700Z . *First clean up all old saved estimates for this outcome
2021-07-20T15:49:47.493647300Z . *This is to guard against accidentally displaying left-behind results from ol
2021-07-20T15:49:47.493650900Z > d runs
2021-07-20T15:49:47.493654200Z . *****************************************************************************
2021-07-20T15:49:47.493657600Z > *******
2021-07-20T15:49:47.493660900Z . 
2021-07-20T15:49:47.493663800Z . * Open a log file
2021-07-20T15:49:47.493666900Z . capture log close
2021-07-20T15:49:47.493671400Z 
2021-07-20T15:49:47.493674700Z . log using "$logdir/07d_an_multivariable_cox_models_`outcome'_Sense4_agetimesc
2021-07-20T15:49:47.493678300Z > ale`dataset'", text replace
2021-07-20T15:49:47.493691800Z (note: file /workspace/log/07d_an_multivariable_cox_models_covid_death_Sense4_a
2021-07-20T15:49:47.493703000Z > getimescaleMAIN.log not found)
2021-07-20T15:49:47.493707700Z -------------------------------------------------------------------------------
2021-07-20T15:49:47.493711400Z       name:  <unnamed>
2021-07-20T15:49:47.493715000Z        log:  /workspace/log/07d_an_multivariable_cox_models_covid_death_Sense4_
2021-07-20T15:49:47.493718400Z > agetimescaleMAIN.log
2021-07-20T15:49:47.493721800Z   log type:  text
2021-07-20T15:49:47.493740900Z  opened on:  20 Jul 2021, 15:49:47
2021-07-20T15:49:47.493744900Z 
2021-07-20T15:49:47.493748500Z . 
2021-07-20T15:49:47.493754100Z . 
2021-07-20T15:49:47.493879600Z . *****************************************************************************
2021-07-20T15:49:47.493892800Z > ********
2021-07-20T15:49:47.493899400Z . *PROG TO DEFINE THE BASIC COX MODEL WITH OPTIONS FOR HANDLING OF AGE, BMI, ET
2021-07-20T15:49:47.493903500Z > HNICITY:
2021-07-20T15:49:47.493908600Z . cap prog drop basecoxmodel
2021-07-20T15:49:47.493912000Z 
2021-07-20T15:49:47.493915100Z . prog define basecoxmodel
2021-07-20T15:49:47.493918300Z   1.         syntax , exposure(string) age(string)
2021-07-20T15:49:47.493921500Z   2. timer clear
2021-07-20T15:49:47.493926200Z   3. timer on 1
2021-07-20T15:49:47.493929600Z   4.         capture stcox   `exposure'                      ///
2021-07-20T15:49:47.493933300Z >                         $demogadjlist                           ///
2021-07-20T15:49:47.493937000Z >                         $comordidadjlist                ///
2021-07-20T15:49:47.493963100Z >                         , strata(stp) vce(cluster household_id)
2021-07-20T15:49:47.493972200Z   5. timer off 1
2021-07-20T15:49:47.493976200Z   6. timer list
2021-07-20T15:49:47.493979700Z   7. end
2021-07-20T15:49:47.493983200Z 
2021-07-20T15:49:47.493987700Z . *****************************************************************************
2021-07-20T15:49:47.493991500Z > ********
2021-07-20T15:49:47.493995200Z . 
2021-07-20T15:49:47.493998400Z . 
2021-07-20T15:49:47.494001600Z . * Open dataset and fit specified model(s)
2021-07-20T15:49:47.494100000Z . forvalues x=0/1 {
2021-07-20T15:49:47.494111300Z   2. 
2021-07-20T15:49:47.494143700Z . use "$tempdir/cr_create_analysis_dataset_STSET_`outcome'_ageband_`x'`dataset'
2021-07-20T15:49:47.494148900Z > .dta", clear
2021-07-20T15:49:47.494152700Z   3. 
2021-07-20T15:49:47.494156400Z . *reset underlying timescale to age
2021-07-20T15:49:47.494159700Z . gen dob=d(01feb2020)-(age*365.25)
2021-07-20T15:49:47.494162900Z   4. format dob %td
2021-07-20T15:49:47.494166300Z   5. *list age dob in 1/20
2021-07-20T15:49:47.494169800Z . streset, origin(dob) scale(365.25) 
2021-07-20T15:49:47.494173200Z   6. 
2021-07-20T15:49:47.494176400Z . 
2021-07-20T15:49:47.494179500Z . ******************************
2021-07-20T15:49:47.494183900Z . *  Multivariable Cox models  *
2021-07-20T15:49:47.494187700Z . ******************************
2021-07-20T15:49:47.494198800Z . 
2021-07-20T15:49:47.494202500Z . 
2021-07-20T15:49:47.494205800Z . 
2021-07-20T15:49:47.494209000Z . foreach exposure_type in kids_cat4  {
2021-07-20T15:49:47.494212400Z   7. 
2021-07-20T15:49:47.494215600Z . *Age spline model (not adj ethnicity)
2021-07-20T15:49:47.494331500Z . basecoxmodel, exposure("i.`exposure_type'") age("age1 age2 age3")
2021-07-20T15:49:47.494342700Z   8. if _rc==0{
2021-07-20T15:49:47.494346700Z   9. estimates
2021-07-20T15:49:47.494350000Z  10. estimates save ./output/an_sense_`outcome'_age_underlying_timescale_ageban
2021-07-20T15:49:47.494353800Z > d_`x'`dataset', replace
2021-07-20T15:49:47.494357300Z  11. *estat concordance /*c-statistic*/
2021-07-20T15:49:47.494360800Z .         /*  Proportional Hazards test  
2021-07-20T15:49:47.494364000Z >         * Based on Schoenfeld residuals
2021-07-20T15:49:47.494367300Z >         timer clear 
2021-07-20T15:49:47.494370200Z >         timer on 1
2021-07-20T15:49:47.494373100Z >         if e(N_fail)>0 estat phtest, d
2021-07-20T15:49:47.494376200Z >         timer off 1
2021-07-20T15:49:47.494379200Z >         timer list*/
2021-07-20T15:49:47.494382300Z . }
2021-07-20T15:49:47.494385600Z  12. else di "WARNING AGE SPLINE MODEL DID NOT FIT (OUTCOME `outcome')"
2021-07-20T15:49:47.494389100Z  13. 
2021-07-20T15:49:47.494392100Z . }
2021-07-20T15:49:47.494395200Z  14. }
2021-07-20T15:49:47.739555400Z -> stset stime_covid_death, id(patient_id) failure(covid_death) enter(time
2021-07-20T15:49:47.739597800Z                             enter_date) origin(time dob) scale(365.25)
2021-07-20T15:49:47.739607600Z 
2021-07-20T15:49:47.739615400Z                 id:  patient_id
2021-07-20T15:49:47.739624400Z      failure event:  covid_death != 0 & covid_death < .
2021-07-20T15:49:47.739632400Z obs. time interval:  (stime_covid_death[_n-1], stime_covid_death]
2021-07-20T15:49:47.739639500Z  enter on or after:  time enter_date
2021-07-20T15:49:47.739645800Z  exit on or before:  failure
2021-07-20T15:49:47.739981300Z     t for analysis:  (time-origin)/365.25
2021-07-20T15:49:47.740011000Z             origin:  time dob
2021-07-20T15:49:47.740229200Z 
2021-07-20T15:49:47.740247800Z ------------------------------------------------------------------------------
2021-07-20T15:49:47.740257600Z      16,206  total observations
2021-07-20T15:49:47.742090900Z           0  exclusions
2021-07-20T15:49:47.742114700Z ------------------------------------------------------------------------------
2021-07-20T15:49:47.742120900Z      16,206  observations remaining, representing
2021-07-20T15:49:47.770044000Z      16,206  subjects
2021-07-20T15:49:47.796308100Z       3,077  failures in single-failure-per-subject data
2021-07-20T15:49:47.844880200Z   7,922.056  total analysis time at risk and under observation
2021-07-20T15:49:47.844901800Z                                                 at risk from t =         0
2021-07-20T15:49:47.845778500Z                                      earliest observed entry t =        18
2021-07-20T15:49:47.846602300Z                                           last observed exit t =  65.58042
2021-07-20T15:49:50.632623400Z    1:      2.79 /        1 =       2.7860
2021-07-20T15:49:50.634243200Z 
2021-07-20T15:49:50.634259600Z -------------------------------------------------------------------------------
2021-07-20T15:49:50.634264700Z active results
2021-07-20T15:49:50.634268100Z -------------------------------------------------------------------------------
2021-07-20T15:49:50.635597000Z 
2021-07-20T15:49:50.635611000Z Stratified Cox regr. -- Breslow method for ties
2021-07-20T15:49:50.635617300Z 
2021-07-20T15:49:50.635620700Z No. of subjects      =       16,206             Number of obs    =      16,206
2021-07-20T15:49:50.635624400Z No. of failures      =        3,077
2021-07-20T15:49:50.635627900Z Time at risk         =  7922.056126
2021-07-20T15:49:50.635631600Z                                                 Wald chi2(40)    =       42.93
2021-07-20T15:49:50.635797400Z Log pseudolikelihood =   -10335.533             Prob > chi2      =      0.3468
2021-07-20T15:49:50.635808600Z 
2021-07-20T15:49:50.685573900Z                        (Std. Err. adjusted for 1,106 clusters in household_id)
2021-07-20T15:49:50.685607500Z ------------------------------------------------------------------------------
2021-07-20T15:49:50.685613600Z              |               Robust
2021-07-20T15:49:50.685617400Z           _t | Haz. Ratio   Std. Err.      z    P>|z|     [95% Conf. Interval]
2021-07-20T15:49:50.685622900Z -------------+----------------------------------------------------------------
2021-07-20T15:49:50.685626800Z    kids_cat4 |
2021-07-20T15:49:50.694720800Z only <12 ..  |   .9487732   .1126068    -0.44   0.658     .7518584    1.197261
2021-07-20T15:49:50.695050100Z  only 12-18  |   1.009972   .1540439     0.07   0.948     .7489998    1.361875
2021-07-20T15:49:50.695230000Z       mixed  |   .9254784   .0962379    -0.74   0.456     .7548353    1.134698
2021-07-20T15:49:50.695238600Z              |
2021-07-20T15:49:50.695544900Z         age1 |   1.039866          .        .       .            .           .
2021-07-20T15:49:50.695779500Z         age2 |   1.047522   .0129604     3.75   0.000     1.022426    1.073234
2021-07-20T15:49:50.696079100Z         age3 |   1.031596          .        .       .            .           .
2021-07-20T15:49:50.696417100Z       1.male |   .9638449   .0350585    -1.01   0.311     .8975237    1.035067
2021-07-20T15:49:50.696433800Z              |
2021-07-20T15:49:50.696436700Z    obese4cat |
2021-07-20T15:49:50.696649500Z Obese I ..)  |   .9872564   .0496936    -0.25   0.799     .8945088     1.08962
2021-07-20T15:49:50.696933200Z Obese II..)  |   1.006116   .0678273     0.09   0.928     .8815852    1.148238
2021-07-20T15:49:50.697243200Z Obese II..)  |   .9519152   .0778998    -0.60   0.547     .8108496    1.117522
2021-07-20T15:49:50.697286700Z              |
2021-07-20T15:49:50.697291600Z smoke_nomiss |
2021-07-20T15:49:50.697581700Z      Former  |    .977146   .1273132    -0.18   0.859     .7569299     1.26143
2021-07-20T15:49:50.697935200Z     Current  |   .9594187   .0550924    -0.72   0.471     .8572941    1.073709
2021-07-20T15:49:50.697946000Z              |
2021-07-20T15:49:50.697950500Z          imd |
2021-07-20T15:49:50.698146500Z           4  |   .9959565   .0449746    -0.09   0.929     .9115962    1.088124
2021-07-20T15:49:50.698435000Z 5 most de..  |   .9376018   .0578651    -1.04   0.296     .8307792     1.05816
2021-07-20T15:49:50.698446000Z              |
2021-07-20T15:49:50.698450500Z tot_adults~h |
2021-07-20T15:49:50.698656900Z           2  |   1.046006   .3432571     0.14   0.891     .5497993    1.990051
2021-07-20T15:49:50.698938400Z           3  |   1.044005   .2553016     0.18   0.860     .6464712    1.685994
2021-07-20T15:49:50.698947000Z              |
2021-07-20T15:49:50.698949400Z    ethnicity |
2021-07-20T15:49:50.699225400Z Asian or ..  |   1.014081   .0632832     0.22   0.823      .897333    1.146018
2021-07-20T15:49:50.699481200Z       Other  |   .9336862    .057287    -1.12   0.263     .8278942    1.052997
2021-07-20T15:49:50.699490600Z              |
2021-07-20T15:49:50.699764200Z 1.htdiag_o~p |   .9700185   .0624116    -0.47   0.636     .8550927    1.100391
2021-07-20T15:49:50.699976300Z 1.~y_disease |   .9791421   .0459858    -0.45   0.654     .8930356    1.073551
2021-07-20T15:49:50.700275800Z     1.asthma |   .9588489   .0647116    -0.62   0.534     .8400469    1.094452
2021-07-20T15:49:50.700467300Z 1.~c_disease |   1.048554    .047985     1.04   0.300     .9585997     1.14695
2021-07-20T15:49:50.700490500Z              |
2021-07-20T15:49:50.700497500Z      diabcat |
2021-07-20T15:49:50.700693400Z T1DM, con..  |   1.058438   .1149592     0.52   0.601     .8554891    1.309532
2021-07-20T15:49:50.700900200Z T1DM, unc..  |   .7553398   .2082132    -1.02   0.309     .4400524    1.296523
2021-07-20T15:49:50.701058100Z T2DM, con..  |   .9992859   .0494028    -0.01   0.988     .9070014     1.10096
2021-07-20T15:49:50.701273800Z T2DM, unc..  |   1.036301   .1079592     0.34   0.732     .8449085    1.271048
2021-07-20T15:49:50.701561700Z Diabetes,..  |   .3653771   .3469692    -1.06   0.289     .0568099    2.349951
2021-07-20T15:49:50.701581200Z              |
2021-07-20T15:49:50.701585500Z cancer_exh~t |
2021-07-20T15:49:50.701762800Z   Last year  |   .8391083   .2582613    -0.57   0.569     .4590232    1.533915
2021-07-20T15:49:50.701938400Z 2-5 years..  |   .8056135   .1271578    -1.37   0.171      .591253    1.097691
2021-07-20T15:49:50.702221300Z    5+ years  |   .9516871   .0458809    -1.03   0.304     .8658799    1.045998
2021-07-20T15:49:50.702230200Z              |
2021-07-20T15:49:50.702233800Z cancer_hae~t |
2021-07-20T15:49:50.702530200Z   Last year  |   .7643944   .2442778    -0.84   0.401     .4086004    1.430001
2021-07-20T15:49:50.702778900Z 2-5 years..  |   .9001936   .1320921    -0.72   0.474     .6752006     1.20016
2021-07-20T15:49:50.703188500Z    5+ years  |   .9294518   .0427524    -1.59   0.112     .8493249    1.017138
2021-07-20T15:49:50.703204800Z              |
2021-07-20T15:49:50.703799000Z 1.~r_disease |   .9833476   .0454088    -0.36   0.716     .8982567    1.076499
2021-07-20T15:49:50.704158500Z 1.stroke_d~a |   .9856284   .0433363    -0.33   0.742     .9042477    1.074333
2021-07-20T15:49:50.704540600Z 1.other_ne~o |   1.019321   .0472524     0.41   0.680      .930791    1.116272
2021-07-20T15:49:50.704555700Z              |
2021-07-20T15:49:50.704560300Z reduced_ki~t |
2021-07-20T15:49:50.705073700Z Stage 3a/..  |   .8387511   .2550106    -0.58   0.563     .4622077    1.522051
2021-07-20T15:49:50.705436300Z       1.esrd |   1.041352    .038855     1.09   0.277     .9679158     1.12036
2021-07-20T15:49:50.705770300Z 1.other_tr~t |   .9644076   .0441785    -0.79   0.429     .8815927    1.055002
2021-07-20T15:49:50.706057900Z   1.asplenia |   .9056471   .0411029    -2.18   0.029     .8285659     .989899
2021-07-20T15:49:50.706368900Z 1.ra_sle_p~s |   1.055743   .0471242     1.22   0.224     .9673059    1.152265
2021-07-20T15:49:50.713635200Z 1.other_im~o |   1.028591   .0390678     0.74   0.458     .9547997    1.108084
2021-07-20T15:49:50.713654700Z ------------------------------------------------------------------------------
2021-07-20T15:49:50.713770700Z                                                              Stratified by stp
2021-07-20T15:49:50.739442600Z (note: file ./output/an_sense_covid_death_age_underlying_timescale_ageband_0MAI
2021-07-20T15:49:50.739471500Z > N.ster not found)
2021-07-20T15:49:50.739476700Z file ./output/an_sense_covid_death_age_underlying_timescale_ageband_0MAIN.ster 
2021-07-20T15:49:50.739480500Z > saved
2021-07-20T15:49:50.807552400Z -> stset stime_covid_death, id(patient_id) failure(covid_death) enter(time
2021-07-20T15:49:50.807573800Z                             enter_date) origin(time dob) scale(365.25)
2021-07-20T15:49:50.807578500Z 
2021-07-20T15:49:50.807581900Z                 id:  patient_id
2021-07-20T15:49:50.807585200Z      failure event:  covid_death != 0 & covid_death < .
2021-07-20T15:49:50.807597100Z obs. time interval:  (stime_covid_death[_n-1], stime_covid_death]
2021-07-20T15:49:50.807601300Z  enter on or after:  time enter_date
2021-07-20T15:49:50.807604700Z  exit on or before:  failure
2021-07-20T15:49:50.807608100Z     t for analysis:  (time-origin)/365.25
2021-07-20T15:49:50.807611400Z             origin:  time dob
2021-07-20T15:49:50.807688800Z 
2021-07-20T15:49:50.807702000Z ------------------------------------------------------------------------------
2021-07-20T15:49:50.807706600Z       4,494  total observations
2021-07-20T15:49:50.808098400Z           0  exclusions
2021-07-20T15:49:50.808110300Z ------------------------------------------------------------------------------
2021-07-20T15:49:50.808115600Z       4,494  observations remaining, representing
2021-07-20T15:49:50.817018900Z       4,494  subjects
2021-07-20T15:49:50.825297700Z         852  failures in single-failure-per-subject data
2021-07-20T15:49:50.838669700Z   2,183.329  total analysis time at risk and under observation
2021-07-20T15:49:50.838692300Z                                                 at risk from t =         0
2021-07-20T15:49:50.838878400Z                                      earliest observed entry t =        66
2021-07-20T15:49:50.839126700Z                                           last observed exit t =  109.5804
2021-07-20T15:49:54.464777600Z    1:      3.62 /        1 =       3.6250
2021-07-20T15:49:54.464837100Z 
2021-07-20T15:49:54.464844200Z -------------------------------------------------------------------------------
2021-07-20T15:49:54.464849600Z active results
2021-07-20T15:49:54.464854100Z -------------------------------------------------------------------------------
2021-07-20T15:49:54.466890100Z 
2021-07-20T15:49:54.466919900Z Stratified Cox regr. -- Breslow method for ties
2021-07-20T15:49:54.466926400Z 
2021-07-20T15:49:54.466931300Z No. of subjects      =        4,494             Number of obs    =       4,494
2021-07-20T15:49:54.466935700Z No. of failures      =          852
2021-07-20T15:49:54.466940000Z Time at risk         =  2183.329227
2021-07-20T15:49:54.467021000Z                                                 Wald chi2(40)    =     1501.25
2021-07-20T15:49:54.467038300Z Log pseudolikelihood =   -2300.6902             Prob > chi2      =      0.0000
2021-07-20T15:49:54.467044500Z 
2021-07-20T15:49:54.478484700Z                          (Std. Err. adjusted for 914 clusters in household_id)
2021-07-20T15:49:54.478506400Z ------------------------------------------------------------------------------
2021-07-20T15:49:54.478512100Z              |               Robust
2021-07-20T15:49:54.478516500Z           _t | Haz. Ratio   Std. Err.      z    P>|z|     [95% Conf. Interval]
2021-07-20T15:49:54.478534300Z -------------+----------------------------------------------------------------
2021-07-20T15:49:54.478538900Z    kids_cat4 |
2021-07-20T15:49:54.478603200Z only <12 ..  |    1.26546   .3322194     0.90   0.370     .7564561    2.116963
2021-07-20T15:49:54.478794700Z  only 12-18  |   .6142521   .2349271    -1.27   0.203     .2902657    1.299863
2021-07-20T15:49:54.479063800Z       mixed  |   1.142206   .2814724     0.54   0.590     .7046668     1.85142
2021-07-20T15:49:54.479077000Z              |
2021-07-20T15:49:54.479241900Z         age1 |   .9758937          .        .       .            .           .
2021-07-20T15:49:54.479501200Z         age2 |   .2223748   .0506543    -6.60   0.000     .1422958    .3475194
2021-07-20T15:49:54.479752400Z         age3 |   32.72571          .        .       .            .           .
2021-07-20T15:49:54.479976700Z       1.male |   .9927668   .0686805    -0.10   0.916     .8668828    1.136931
2021-07-20T15:49:54.479990700Z              |
2021-07-20T15:49:54.479995700Z    obese4cat |
2021-07-20T15:49:54.480158700Z Obese I ..)  |   1.150839   .1140634     1.42   0.156     .9476527    1.397591
2021-07-20T15:49:54.480474800Z Obese II..)  |   1.209751   .1450005     1.59   0.112     .9564694    1.530103
2021-07-20T15:49:54.480724400Z Obese II..)  |    1.16719   .1647511     1.10   0.273      .885101    1.539183
2021-07-20T15:49:54.480735800Z              |
2021-07-20T15:49:54.480738800Z smoke_nomiss |
2021-07-20T15:49:54.480932000Z      Former  |   .6468846   .1746593    -1.61   0.107     .3810674    1.098125
2021-07-20T15:49:54.481173700Z     Current  |   .8922206   .1056051    -0.96   0.335     .7074932    1.125181
2021-07-20T15:49:54.481185400Z              |
2021-07-20T15:49:54.481190900Z          imd |
2021-07-20T15:49:54.481440900Z           4  |    .993589   .0883521    -0.07   0.942     .8346723    1.182762
2021-07-20T15:49:54.481724200Z 5 most de..  |   .9643974   .1157154    -0.30   0.763     .7622943    1.220083
2021-07-20T15:49:54.481736000Z              |
2021-07-20T15:49:54.481740900Z tot_adults~h |
2021-07-20T15:49:54.482084400Z           2  |   1.612292    1.04388     0.74   0.461     .4532446    5.735281
2021-07-20T15:49:54.482278200Z           3  |   1.008657   .5366927     0.02   0.987      .355493    2.861912
2021-07-20T15:49:54.482289600Z              |
2021-07-20T15:49:54.482294400Z    ethnicity |
2021-07-20T15:49:54.482559300Z Asian or ..  |   1.106349   .1207832     0.93   0.355     .8932321    1.370315
2021-07-20T15:49:54.482791300Z       Other  |   .9559198   .1063829    -0.41   0.685      .768586    1.188914
2021-07-20T15:49:54.482805000Z              |
2021-07-20T15:49:54.483219100Z 1.htdiag_o~p |   1.048048   .1359472     0.36   0.718     .8127707    1.351433
2021-07-20T15:49:54.483409500Z 1.~y_disease |   .8560368   .0756613    -1.76   0.079     .7198772     1.01795
2021-07-20T15:49:54.483848100Z     1.asthma |   1.119569   .1445415     0.87   0.382     .8692744    1.441933
2021-07-20T15:49:54.484142800Z 1.~c_disease |   .8302939   .0779378    -1.98   0.048     .6907669    .9980037
2021-07-20T15:49:54.484154300Z              |
2021-07-20T15:49:54.484157500Z      diabcat |
2021-07-20T15:49:54.484574200Z T1DM, con..  |   .6978913   .1896109    -1.32   0.186     .4097546    1.188644
2021-07-20T15:49:54.484874900Z T1DM, unc..  |   1.673885   .7066452     1.22   0.222     .7317852    3.828845
2021-07-20T15:49:54.485007100Z T2DM, con..  |   .9273212   .0909166    -0.77   0.442     .7652027    1.123787
2021-07-20T15:49:54.485311100Z T2DM, unc..  |   .6982051   .1315125    -1.91   0.056     .4826723    1.009982
2021-07-20T15:49:54.485692100Z Diabetes,..  |   4.70e-18   5.23e-18   -35.85   0.000     5.30e-19    4.16e-17
2021-07-20T15:49:54.485701700Z              |
2021-07-20T15:49:54.485704500Z cancer_exh~t |
2021-07-20T15:49:54.486044900Z   Last year  |   1.117917   .6664704     0.19   0.852     .3474937    3.596431
2021-07-20T15:49:54.486363900Z 2-5 years..  |   .6786208   .2295547    -1.15   0.252     .3496988    1.316922
2021-07-20T15:49:54.486750800Z    5+ years  |   1.049068   .0921227     0.55   0.585     .8831948    1.246095
2021-07-20T15:49:54.486760100Z              |
2021-07-20T15:49:54.486762700Z cancer_hae~t |
2021-07-20T15:49:54.487098400Z   Last year  |   2.096442    .958619     1.62   0.105     .8555835    5.136925
2021-07-20T15:49:54.487436600Z 2-5 years..  |   1.178363    .327763     0.59   0.555     .6831503    2.032552
2021-07-20T15:49:54.487681500Z    5+ years  |   1.139511   .1017918     1.46   0.144     .9564914     1.35755
2021-07-20T15:49:54.487693200Z              |
2021-07-20T15:49:54.488027200Z 1.~r_disease |    1.17955   .0935633     2.08   0.037     1.009713    1.377953
2021-07-20T15:49:54.488228600Z 1.stroke_d~a |   .9439578   .0834139    -0.65   0.514      .793844    1.122458
2021-07-20T15:49:54.488513600Z 1.other_ne~o |   1.115982   .0973935     1.26   0.209     .9405279    1.324168
2021-07-20T15:49:54.488525400Z              |
2021-07-20T15:49:54.488529300Z reduced_ki~t |
2021-07-20T15:49:54.488828400Z Stage 3a/..  |   .7511878   .1640203    -1.31   0.190     .4896552    1.152409
2021-07-20T15:49:54.489163900Z       1.esrd |   .9687232   .0740592    -0.42   0.678     .8339214    1.125316
2021-07-20T15:49:54.489440000Z 1.other_tr~t |   1.049047   .0900992     0.56   0.577     .8865189    1.241372
2021-07-20T15:49:54.489737700Z   1.asplenia |   1.095066   .0952792     1.04   0.297     .9233775    1.298678
2021-07-20T15:49:54.490014600Z 1.ra_sle_p~s |   .9534742    .086673    -0.52   0.600     .7978712    1.139423
2021-07-20T15:49:54.491183000Z 1.other_im~o |   1.030891   .0754285     0.42   0.678     .8931656    1.189854
2021-07-20T15:49:54.491220100Z ------------------------------------------------------------------------------
2021-07-20T15:49:54.491493000Z                                                              Stratified by stp
2021-07-20T15:49:54.500076100Z (note: file ./output/an_sense_covid_death_age_underlying_timescale_ageband_1MAI
2021-07-20T15:49:54.500126800Z > N.ster not found)
2021-07-20T15:49:54.500132700Z file ./output/an_sense_covid_death_age_underlying_timescale_ageband_1MAIN.ster 
2021-07-20T15:49:54.500135200Z > saved
2021-07-20T15:49:54.500137400Z 
2021-07-20T15:49:54.500139500Z . 
2021-07-20T15:49:54.500141600Z . log close
2021-07-20T15:49:54.500383700Z       name:  <unnamed>
2021-07-20T15:49:54.500397400Z        log:  /workspace/log/07d_an_multivariable_cox_models_covid_death_Sense4_
2021-07-20T15:49:54.500402500Z > agetimescaleMAIN.log
2021-07-20T15:49:54.500406500Z   log type:  text
2021-07-20T15:49:54.500410000Z  closed on:  20 Jul 2021, 15:49:54
2021-07-20T15:49:54.500413900Z -------------------------------------------------------------------------------
2021-07-20T15:49:54.500419400Z 
2021-07-20T15:49:54.500423200Z . 
2021-07-20T15:49:54.500426700Z . 
2021-07-20T15:49:54.500430200Z . 
2021-07-20T15:49:54.500433600Z . exit, clear
2021-07-20T15:49:54.500437300Z 
2021-07-20T15:49:54.500440600Z end of do-file
2021-07-20T15:49:54.500444100Z 
2021-07-20T15:49:54.500447900Z . . file open output using "/tmp/tmp.Rhh07Yn9Qu", write text replace
2021-07-20T15:49:54.500451800Z 
2021-07-20T15:49:54.500455400Z . . file write output "success" 
2021-07-20T15:49:54.500459600Z 
2021-07-20T15:49:54.500463000Z . . file close output
2021-07-20T15:49:54.500555300Z 
2021-07-20T15:49:54.500568900Z . 
2021-07-20T15:49:54.500573300Z end of do-file
2021-07-20T15:49:54.500576700Z 
2021-07-20T15:49:54.500579700Z 
2021-07-20T15:49:54.522610200Z . 

state: succeeded
commit: none
docker_image_id: sha256:11980aa720220a1b39bf523f5a8a33270214c13876c30ee364e16265766f7f60
exit_code: 0
job_id: vna3rvkdi4rnn2tp
run_by_user: qc18278
created_at: 2021-07-20T15:38:48Z
started_at: 2021-07-20T15:49:47Z
completed_at: 2021-07-20T15:50:09Z

Completed successfully

outputs:
  log/07d_an_multivariable_cox_models_covid_death_Sense4_agetimescaleMAIN.log  - moderately_sensitive
  output/an_sense_covid_death_age_underlying_timescale_ageband_0MAIN.ster      - moderately_sensitive
  output/an_sense_covid_death_age_underlying_timescale_ageband_1MAIN.ster      - moderately_sensitive