2021-07-20T15:57:16.618436800Z 
2021-07-20T15:57:16.618462200Z   ___  ____  ____  ____  ____ (R)
2021-07-20T15:57:16.618465900Z  /__    /   ____/   /   ____/
2021-07-20T15:57:16.618468000Z ___/   /   /___/   /   /___/   16.1   Copyright 1985-2019 StataCorp LLC
2021-07-20T15:57:16.618470500Z   Statistics/Data Analysis            StataCorp
2021-07-20T15:57:16.618472500Z                                       4905 Lakeway Drive
2021-07-20T15:57:16.618474700Z                                       College Station, Texas 77845 USA
2021-07-20T15:57:16.618476700Z                                       800-STATA-PC        http://www.stata.com
2021-07-20T15:57:16.618478700Z                                       979-696-4600        stata@stata.com
2021-07-20T15:57:16.618480700Z                                       979-696-4601 (fax)
2021-07-20T15:57:16.618482700Z 
2021-07-20T15:57:16.618484600Z 3-user Stata network license expires 11 May 2022:
2021-07-20T15:57:16.618486500Z        Serial number:  501709312237
2021-07-20T15:57:16.618488400Z          Licensed to:  The Bennett Institute
2021-07-20T15:57:16.618490500Z                        Oxford University
2021-07-20T15:57:16.619016000Z 
2021-07-20T15:57:16.619027900Z Notes:
2021-07-20T15:57:16.619030600Z       1.  Unicode is supported; see help unicode_advice.
2021-07-20T15:57:16.619032800Z 
2021-07-20T15:57:16.619034900Z . do "analysis/07d_an_multivariable_cox_models_FULL_Sense6.wrapper.do" covidadm
2021-07-20T15:57:16.619037100Z > ission MAIN 
2021-07-20T15:57:16.619039200Z 
2021-07-20T15:57:16.619041300Z . . do "analysis/07d_an_multivariable_cox_models_FULL_Sense6.do" covidadmission
2021-07-20T15:57:16.619043500Z >  MAIN
2021-07-20T15:57:16.619045500Z 
2021-07-20T15:57:16.619047500Z . *****************************************************************************
2021-07-20T15:57:16.619049500Z > ***
2021-07-20T15:57:16.619051400Z . *
2021-07-20T15:57:16.619053200Z . *       Do-file:                07d_an_multivariable_cox_models_Sense4.do
2021-07-20T15:57:16.619055200Z . *
2021-07-20T15:57:16.619057300Z . *       Project:                Exposure children and COVID risk
2021-07-20T15:57:16.619059400Z . *
2021-07-20T15:57:16.619061400Z . *       Programmed by:  Hforbes, based on files from Fizz & Krishnan
2021-07-20T15:57:16.619063500Z . *
2021-07-20T15:57:16.619065900Z . *       Data used:              analysis_dataset.dta
2021-07-20T15:57:16.619069000Z . *
2021-07-20T15:57:16.619072000Z . *       Data created:   None
2021-07-20T15:57:16.619075200Z . *
2021-07-20T15:57:16.619078500Z . *       Other output:   Log file:  07b_an_multivariable_cox_models_`outcome'.
2021-07-20T15:57:16.619090100Z > log
2021-07-20T15:57:16.619093300Z . *
2021-07-20T15:57:16.619096200Z . *****************************************************************************
2021-07-20T15:57:16.619099400Z > ***
2021-07-20T15:57:16.619102700Z . *
2021-07-20T15:57:16.619106100Z . *       Purpose:                This do-file performs multivariable (fully ad
2021-07-20T15:57:16.619109500Z > justed) 
2021-07-20T15:57:16.619112800Z . *                                       Cox models, with exposure variable id
2021-07-20T15:57:16.619116400Z > entifying nursery school kids
2021-07-20T15:57:16.619120000Z . *  
2021-07-20T15:57:16.619123400Z . *****************************************************************************
2021-07-20T15:57:16.619126700Z > ***
2021-07-20T15:57:16.619130300Z . *       
2021-07-20T15:57:16.619133500Z . *       Stata routines needed:  stbrier   
2021-07-20T15:57:16.619137000Z . *
2021-07-20T15:57:16.619140400Z . *****************************************************************************
2021-07-20T15:57:16.619143700Z > ***
2021-07-20T15:57:16.619146900Z . 
2021-07-20T15:57:16.619150400Z . * Set globals that will print in programs and direct output
2021-07-20T15:57:16.619153700Z . global outdir     "output" 
2021-07-20T15:57:16.619157100Z 
2021-07-20T15:57:16.619160300Z . global logdir     "log"
2021-07-20T15:57:16.619163800Z 
2021-07-20T15:57:16.619167200Z . global tempdir    "tempdata"
2021-07-20T15:57:16.619170700Z 
2021-07-20T15:57:16.619179500Z . global demogadjlist  age1 age2 age3 i.male i.obese4cat i.smoke_nomiss i.imd i
2021-07-20T15:57:16.619183200Z > .tot_adults_hh i.ethnicity
2021-07-20T15:57:16.619186600Z 
2021-07-20T15:57:16.619189800Z . global comordidadjlist  i.htdiag_or_highbp                              ///
2021-07-20T15:57:16.619193400Z >                         i.chronic_respiratory_disease   ///
2021-07-20T15:57:16.619196900Z >                         i.asthma                                             
2021-07-20T15:57:16.619200800Z >    ///
2021-07-20T15:57:16.619204300Z >                         i.chronic_cardiac_disease               ///
2021-07-20T15:57:16.619207800Z >                         i.diabcat                                            
2021-07-20T15:57:16.619211200Z >    ///
2021-07-20T15:57:16.619216700Z >                         i.cancer_exhaem_cat                             ///
2021-07-20T15:57:16.619220700Z >                         i.cancer_haem_cat                               ///
2021-07-20T15:57:16.619224300Z >                         i.chronic_liver_disease                 ///
2021-07-20T15:57:16.619267700Z >                         i.stroke_dementia                               ///
2021-07-20T15:57:16.619302900Z >                         i.other_neuro                                   ///
2021-07-20T15:57:16.619309300Z >                         i.reduced_kidney_function_cat   ///
2021-07-20T15:57:16.619313000Z >                         i.esrd                                               
2021-07-20T15:57:16.619316700Z >    ///
2021-07-20T15:57:16.619321900Z >                         i.other_transplant                              ///
2021-07-20T15:57:16.619325400Z >                         i.asplenia                                           
2021-07-20T15:57:16.619328900Z >    ///
2021-07-20T15:57:16.619332200Z >                         i.ra_sle_psoriasis                      ///
2021-07-20T15:57:16.619335700Z >                         i.other_immuno          
2021-07-20T15:57:16.619339300Z 
2021-07-20T15:57:16.619342700Z . 
2021-07-20T15:57:16.619346100Z . local outcome `1' 
2021-07-20T15:57:16.619349400Z 
2021-07-20T15:57:16.619352600Z . local dataset `2'
2021-07-20T15:57:16.619355700Z 
2021-07-20T15:57:16.619359000Z . 
2021-07-20T15:57:16.619362400Z . 
2021-07-20T15:57:16.619365900Z . *****************************************************************************
2021-07-20T15:57:16.619369800Z > *******
2021-07-20T15:57:16.619373100Z . *First clean up all old saved estimates for this outcome
2021-07-20T15:57:16.619377800Z . *This is to guard against accidentally displaying left-behind results from ol
2021-07-20T15:57:16.619381300Z > d runs
2021-07-20T15:57:16.619384700Z . *****************************************************************************
2021-07-20T15:57:16.619388200Z > *******
2021-07-20T15:57:16.619391800Z . 
2021-07-20T15:57:16.619395400Z . * Open a log file
2021-07-20T15:57:16.619398700Z . capture log close
2021-07-20T15:57:16.619401700Z 
2021-07-20T15:57:16.619404500Z . log using "$logdir/07d_an_multivariable_cox_models_`outcome'_Sense6_nursery_c
2021-07-20T15:57:16.619408000Z > at`dataset'", text replace
2021-07-20T15:57:16.619411800Z (note: file /workspace/log/07d_an_multivariable_cox_models_covidadmission_Sense
2021-07-20T15:57:16.619415200Z > 6_nursery_catMAIN.log not found)
2021-07-20T15:57:16.619418600Z -------------------------------------------------------------------------------
2021-07-20T15:57:16.619421800Z       name:  <unnamed>
2021-07-20T15:57:16.619425200Z        log:  /workspace/log/07d_an_multivariable_cox_models_covidadmission_Sens
2021-07-20T15:57:16.619428300Z > e6_nursery_catMAIN.log
2021-07-20T15:57:16.619431500Z   log type:  text
2021-07-20T15:57:16.619441100Z  opened on:  20 Jul 2021, 15:57:16
2021-07-20T15:57:16.619444500Z 
2021-07-20T15:57:16.619447700Z . 
2021-07-20T15:57:16.619450700Z . 
2021-07-20T15:57:16.619453900Z . *****************************************************************************
2021-07-20T15:57:16.619457500Z > ********
2021-07-20T15:57:16.619463100Z . *PROG TO DEFINE THE BASIC COX MODEL WITH OPTIONS FOR HANDLING OF AGE, BMI, ET
2021-07-20T15:57:16.619466500Z > HNICITY:
2021-07-20T15:57:16.619469400Z . cap prog drop basecoxmodel
2021-07-20T15:57:16.619472600Z 
2021-07-20T15:57:16.619476000Z . prog define basecoxmodel
2021-07-20T15:57:16.619505100Z   1.         syntax , exposure(string) age(string)
2021-07-20T15:57:16.619516200Z   2. timer clear
2021-07-20T15:57:16.619520900Z   3. timer on 1
2021-07-20T15:57:16.619564500Z   4.         capture stcox   `exposure'                      ///
2021-07-20T15:57:16.619577600Z >                         $demogadjlist                           ///
2021-07-20T15:57:16.619581900Z >                         $comordidadjlist                ///
2021-07-20T15:57:16.619585400Z >                         , strata(stp) vce(cluster household_id)
2021-07-20T15:57:16.619589000Z   5. timer off 1
2021-07-20T15:57:16.619592500Z   6. timer list
2021-07-20T15:57:16.619595900Z   7. end
2021-07-20T15:57:16.619633900Z 
2021-07-20T15:57:16.619642200Z . *****************************************************************************
2021-07-20T15:57:16.619646400Z > ********
2021-07-20T15:57:16.619649800Z . 
2021-07-20T15:57:16.619652900Z . 
2021-07-20T15:57:16.619656400Z . * Open dataset and fit specified model(s)
2021-07-20T15:57:16.619659900Z . forvalues x=0/1 {
2021-07-20T15:57:16.619663200Z   2. 
2021-07-20T15:57:16.619738200Z . use "$tempdir/cr_create_analysis_dataset_STSET_`outcome'_ageband_`x'`dataset'
2021-07-20T15:57:16.619749900Z > .dta", clear
2021-07-20T15:57:16.619754200Z   3. 
2021-07-20T15:57:16.619757200Z . 
2021-07-20T15:57:16.619760000Z . ******************************
2021-07-20T15:57:16.619763400Z . *  Multivariable Cox models  *
2021-07-20T15:57:16.619767100Z . ******************************
2021-07-20T15:57:16.619770600Z . 
2021-07-20T15:57:16.619774100Z . foreach exposure_type in kids_cat5  {
2021-07-20T15:57:16.619777400Z   4. 
2021-07-20T15:57:16.619780700Z . *Age spline model (not adj ethnicity)
2021-07-20T15:57:16.619784200Z . basecoxmodel, exposure("i.`exposure_type'") age("age1 age2 age3")
2021-07-20T15:57:16.619788800Z   5. if _rc==0{
2021-07-20T15:57:16.619819300Z   6. estimates
2021-07-20T15:57:16.619902700Z   7. estimates save ./output/an_sense_`outcome'_nursery_cat_ageband_`x'`dataset
2021-07-20T15:57:16.619912800Z > ', replace
2021-07-20T15:57:16.619917200Z   8. *estat concordance /*c-statistic*/
2021-07-20T15:57:16.619920500Z .         /*  Proportional Hazards test  
2021-07-20T15:57:16.619923800Z >         * Based on Schoenfeld residuals
2021-07-20T15:57:16.619927500Z >         timer clear 
2021-07-20T15:57:16.619930800Z >         timer on 1
2021-07-20T15:57:16.619933900Z >         if e(N_fail)>0 estat phtest, d
2021-07-20T15:57:16.619937200Z >         timer off 1
2021-07-20T15:57:16.619939900Z >         timer list*/
2021-07-20T15:57:16.619942800Z . }
2021-07-20T15:57:16.619945800Z   9. else di "WARNING AGE SPLINE MODEL DID NOT FIT (OUTCOME `outcome')"
2021-07-20T15:57:16.619949200Z  10. 
2021-07-20T15:57:16.619952300Z . }
2021-07-20T15:57:16.619955700Z  11. }
2021-07-20T15:57:25.475819500Z    1:      8.85 /        1 =       8.8490
2021-07-20T15:57:25.477592100Z 
2021-07-20T15:57:25.477608700Z -------------------------------------------------------------------------------
2021-07-20T15:57:25.477614400Z active results
2021-07-20T15:57:25.477619000Z -------------------------------------------------------------------------------
2021-07-20T15:57:25.479755800Z 
2021-07-20T15:57:25.479774500Z Stratified Cox regr. -- Breslow method for ties
2021-07-20T15:57:25.480118700Z 
2021-07-20T15:57:25.480135900Z No. of subjects      =       16,206             Number of obs    =      16,206
2021-07-20T15:57:25.480142000Z No. of failures      =        4,348
2021-07-20T15:57:25.480147000Z Time at risk         =      2522495
2021-07-20T15:57:25.480151500Z                                                 Wald chi2(43)    =       44.31
2021-07-20T15:57:25.480156100Z Log pseudolikelihood =   -30518.298             Prob > chi2      =      0.4161
2021-07-20T15:57:25.480161200Z 
2021-07-20T15:57:25.537587400Z                        (Std. Err. adjusted for 1,106 clusters in household_id)
2021-07-20T15:57:25.537612100Z ------------------------------------------------------------------------------
2021-07-20T15:57:25.537615600Z              |               Robust
2021-07-20T15:57:25.537618300Z           _t | Haz. Ratio   Std. Err.      z    P>|z|     [95% Conf. Interval]
2021-07-20T15:57:25.537621200Z -------------+----------------------------------------------------------------
2021-07-20T15:57:25.537623900Z    kids_cat5 |
2021-07-20T15:57:25.548206200Z only <5 y..  |   .9581777   .1376837    -0.30   0.766     .7229929    1.269866
2021-07-20T15:57:25.548245400Z   only 5-11  |   .9642704   .1201747    -0.29   0.770     .7552933    1.231068
2021-07-20T15:57:25.548662500Z      12-<18  |   .8120749   .1286632    -1.31   0.189     .5952971    1.107792
2021-07-20T15:57:25.548677600Z       mixed  |   .8431653   .0780578    -1.84   0.065     .7032519    1.010915
2021-07-20T15:57:25.548682600Z              |
2021-07-20T15:57:25.549023600Z         age1 |   1.003195   .0054893     0.58   0.560     .9924938    1.014012
2021-07-20T15:57:25.549037500Z         age2 |   .9935553   .0168059    -0.38   0.702     .9611564    1.027046
2021-07-20T15:57:25.549489100Z         age3 |   1.010616   .0477232     0.22   0.823     .9212787    1.108617
2021-07-20T15:57:25.549634400Z       1.male |   1.050883   .0327219     1.59   0.111     .9886674    1.117015
2021-07-20T15:57:25.549645700Z              |
2021-07-20T15:57:25.549648600Z    obese4cat |
2021-07-20T15:57:25.550007900Z Obese I ..)  |    .981552   .0433611    -0.42   0.673      .900141    1.070326
2021-07-20T15:57:25.550022600Z Obese II..)  |   .8857839   .0518865    -2.07   0.038     .7897089    .9935473
2021-07-20T15:57:25.550399400Z Obese II..)  |    .926958   .0638699    -1.10   0.271     .8098601    1.060987
2021-07-20T15:57:25.550411300Z              |
2021-07-20T15:57:25.550416600Z smoke_nomiss |
2021-07-20T15:57:25.550731100Z      Former  |   1.061162   .1111629     0.57   0.571     .8641978    1.303016
2021-07-20T15:57:25.551119200Z     Current  |   1.035346   .0471256     0.76   0.445     .9469818    1.131956
2021-07-20T15:57:25.551131200Z              |
2021-07-20T15:57:25.551134500Z          imd |
2021-07-20T15:57:25.551416700Z           4  |   .9912449   .0384786    -0.23   0.821     .9186259    1.069605
2021-07-20T15:57:25.551768500Z 5 most de..  |   1.018531   .0513413     0.36   0.716     .9227154    1.124297
2021-07-20T15:57:25.551782500Z              |
2021-07-20T15:57:25.551787700Z tot_adults~h |
2021-07-20T15:57:25.552096900Z           2  |   1.091982   .3215787     0.30   0.765     .6131187    1.944852
2021-07-20T15:57:25.552462700Z           3  |   1.189929   .2795058     0.74   0.459     .7508965    1.885655
2021-07-20T15:57:25.552477200Z              |
2021-07-20T15:57:25.552482400Z    ethnicity |
2021-07-20T15:57:25.552901900Z Asian or ..  |   .8985991   .0483007    -1.99   0.047     .8087475    .9984332
2021-07-20T15:57:25.553224300Z       Other  |   .9583596   .0497062    -0.82   0.412     .8657254    1.060906
2021-07-20T15:57:25.553234700Z              |
2021-07-20T15:57:25.553635100Z 1.htdiag_o~p |   1.020545   .0580781     0.36   0.721     .9128325    1.140967
2021-07-20T15:57:25.554053300Z 1.~y_disease |   .9913444   .0377686    -0.23   0.820     .9200156    1.068203
2021-07-20T15:57:25.554297400Z     1.asthma |   .9999952   .0566515    -0.00   1.000     .8949027    1.117429
2021-07-20T15:57:25.554669200Z 1.~c_disease |   1.056545   .0405604     1.43   0.152     .9799651    1.139109
2021-07-20T15:57:25.554683400Z              |
2021-07-20T15:57:25.554688500Z      diabcat |
2021-07-20T15:57:25.554988300Z T1DM, con..  |   1.050052   .0964895     0.53   0.595     .8769884    1.257268
2021-07-20T15:57:25.555179800Z T1DM, unc..  |   1.069358   .2116818     0.34   0.735     .7254804    1.576233
2021-07-20T15:57:25.555391500Z T2DM, con..  |   1.036417   .0418202     0.89   0.375     .9576086    1.121712
2021-07-20T15:57:25.555566000Z T2DM, unc..  |   .9486326   .0787349    -0.64   0.525     .8062128    1.116211
2021-07-20T15:57:25.555873000Z Diabetes,..  |    1.96275   .7884768     1.68   0.093     .8931411    4.313304
2021-07-20T15:57:25.555885200Z              |
2021-07-20T15:57:25.555890100Z cancer_exh~t |
2021-07-20T15:57:25.556200300Z   Last year  |   1.032726   .2281812     0.15   0.884     .6697485    1.592423
2021-07-20T15:57:25.556418300Z 2-5 years..  |   .8356537   .1071712    -1.40   0.162     .6499219    1.074463
2021-07-20T15:57:25.556803200Z    5+ years  |   .9463998   .0374488    -1.39   0.164     .8757756    1.022719
2021-07-20T15:57:25.556815200Z              |
2021-07-20T15:57:25.556820000Z cancer_hae~t |
2021-07-20T15:57:25.557057000Z   Last year  |   .9007121   .2063001    -0.46   0.648     .5749445    1.411062
2021-07-20T15:57:25.557259800Z 2-5 years..  |   .8320399   .1062716    -1.44   0.150     .6477764    1.068718
2021-07-20T15:57:25.557606400Z    5+ years  |   .9748201   .0388132    -0.64   0.522     .9016403    1.053939
2021-07-20T15:57:25.557619400Z              |
2021-07-20T15:57:25.557879400Z 1.~r_disease |   .9746661    .037554    -0.67   0.505     .9037721    1.051121
2021-07-20T15:57:25.558193300Z 1.stroke_d~a |   .9812503   .0373897    -0.50   0.619     .9106373    1.057339
2021-07-20T15:57:25.558526000Z 1.other_ne~o |   .9953881   .0373199    -0.12   0.902     .9248654    1.071288
2021-07-20T15:57:25.558557800Z              |
2021-07-20T15:57:25.558563100Z reduced_ki~t |
2021-07-20T15:57:25.558918300Z Stage 3a/..  |   .8963678   .2308654    -0.42   0.671     .5410703    1.484974
2021-07-20T15:57:25.559292500Z       1.esrd |   .9459931    .030163    -1.74   0.082      .888684    1.006998
2021-07-20T15:57:25.559479600Z 1.other_tr~t |   1.083176   .0393028     2.20   0.028     1.008819    1.163013
2021-07-20T15:57:25.559747400Z   1.asplenia |   .9696139   .0377808    -0.79   0.428     .8983218    1.046564
2021-07-20T15:57:25.560163700Z 1.ra_sle_p~s |   .9798933   .0375129    -0.53   0.596     .9090601    1.056246
2021-07-20T15:57:25.569664400Z 1.other_im~o |   1.002151   .0322579     0.07   0.947     .9408802    1.067413
2021-07-20T15:57:25.569689100Z ------------------------------------------------------------------------------
2021-07-20T15:57:25.569851800Z                                                              Stratified by stp
2021-07-20T15:57:25.596756600Z (note: file ./output/an_sense_covidadmission_nursery_cat_ageband_0MAIN.ster not
2021-07-20T15:57:25.596782800Z >  found)
2021-07-20T15:57:25.596788900Z file ./output/an_sense_covidadmission_nursery_cat_ageband_0MAIN.ster saved
2021-07-20T15:57:29.259788700Z    1:      3.66 /        1 =       3.6610
2021-07-20T15:57:29.259823600Z 
2021-07-20T15:57:29.259830100Z -------------------------------------------------------------------------------
2021-07-20T15:57:29.259835500Z active results
2021-07-20T15:57:29.259840200Z -------------------------------------------------------------------------------
2021-07-20T15:57:29.261243400Z 
2021-07-20T15:57:29.261265300Z Stratified Cox regr. -- Breslow method for ties
2021-07-20T15:57:29.261272100Z 
2021-07-20T15:57:29.261276900Z No. of subjects      =        4,494             Number of obs    =       4,494
2021-07-20T15:57:29.261281800Z No. of failures      =        1,185
2021-07-20T15:57:29.261286200Z Time at risk         =       694299
2021-07-20T15:57:29.261290700Z                                                 Wald chi2(43)    =      912.68
2021-07-20T15:57:29.261295600Z Log pseudolikelihood =   -6772.4871             Prob > chi2      =      0.0000
2021-07-20T15:57:29.261299000Z 
2021-07-20T15:57:29.272753300Z                          (Std. Err. adjusted for 914 clusters in household_id)
2021-07-20T15:57:29.272779500Z ------------------------------------------------------------------------------
2021-07-20T15:57:29.272785800Z              |               Robust
2021-07-20T15:57:29.272790800Z           _t | Haz. Ratio   Std. Err.      z    P>|z|     [95% Conf. Interval]
2021-07-20T15:57:29.272796100Z -------------+----------------------------------------------------------------
2021-07-20T15:57:29.272801900Z    kids_cat5 |
2021-07-20T15:57:29.272894800Z only <5 y..  |   .5819908   .2062114    -1.53   0.127     .2906149    1.165506
2021-07-20T15:57:29.273189200Z   only 5-11  |   1.079187   .2680876     0.31   0.759     .6631994    1.756099
2021-07-20T15:57:29.273414000Z      12-<18  |   .8113293   .1861307    -0.91   0.362     .5175105    1.271965
2021-07-20T15:57:29.273678300Z       mixed  |   .8690626   .1441075    -0.85   0.397     .6279214    1.202809
2021-07-20T15:57:29.273691800Z              |
2021-07-20T15:57:29.274021700Z         age1 |   .9879154   .0256511    -0.47   0.640     .9388981    1.039492
2021-07-20T15:57:29.274036300Z         age2 |    1.08938   .1193774     0.78   0.435     .8788249    1.350382
2021-07-20T15:57:29.274569800Z         age3 |   .7975909   .2125614    -0.85   0.396     .4730765    1.344711
2021-07-20T15:57:29.274815800Z       1.male |   .9130423   .0545061    -1.52   0.128     .8122253    1.026373
2021-07-20T15:57:29.274831000Z              |
2021-07-20T15:57:29.274834900Z    obese4cat |
2021-07-20T15:57:29.275076500Z Obese I ..)  |   .9905644   .0836335    -0.11   0.911     .8394901    1.168826
2021-07-20T15:57:29.275415500Z Obese II..)  |   1.010395   .1111137     0.09   0.925     .8144864    1.253425
2021-07-20T15:57:29.275646600Z Obese II..)  |   .9445043   .1219069    -0.44   0.658     .7333978    1.216377
2021-07-20T15:57:29.275660200Z              |
2021-07-20T15:57:29.275665800Z smoke_nomiss |
2021-07-20T15:57:29.276030900Z      Former  |   .9459672   .1962834    -0.27   0.789     .6298775    1.420679
2021-07-20T15:57:29.276327400Z     Current  |   1.007312   .0892305     0.08   0.934     .8467633      1.1983
2021-07-20T15:57:29.276342300Z              |
2021-07-20T15:57:29.276346900Z          imd |
2021-07-20T15:57:29.276684700Z           4  |   1.029661   .0754418     0.40   0.690     .8919238    1.188668
2021-07-20T15:57:29.277082500Z 5 most de..  |    1.27837   .1159818     2.71   0.007     1.070114    1.527154
2021-07-20T15:57:29.277097300Z              |
2021-07-20T15:57:29.277102500Z tot_adults~h |
2021-07-20T15:57:29.277250100Z           2  |   1.630395   .7474985     1.07   0.286     .6637991    4.004507
2021-07-20T15:57:29.277603500Z           3  |   1.318348   .5071883     0.72   0.473     .6202407    2.802207
2021-07-20T15:57:29.277616900Z              |
2021-07-20T15:57:29.277622100Z    ethnicity |
2021-07-20T15:57:29.277994400Z Asian or ..  |   .8790143   .0933377    -1.21   0.225     .7138576    1.082381
2021-07-20T15:57:29.278275100Z       Other  |    1.02532   .0929413     0.28   0.783     .8584232    1.224666
2021-07-20T15:57:29.278285500Z              |
2021-07-20T15:57:29.278610700Z 1.htdiag_o~p |   1.024616   .1097062     0.23   0.820     .8306581    1.263862
2021-07-20T15:57:29.278913300Z 1.~y_disease |   .8059555   .0622313    -2.79   0.005     .6927653    .9376396
2021-07-20T15:57:29.279209200Z     1.asthma |   1.175011   .1244574     1.52   0.128     .9547346     1.44611
2021-07-20T15:57:29.279486900Z 1.~c_disease |   .9716171   .0689736    -0.41   0.685     .8454144    1.116659
2021-07-20T15:57:29.279499100Z              |
2021-07-20T15:57:29.279504100Z      diabcat |
2021-07-20T15:57:29.279787700Z T1DM, con..  |   1.233522   .2243754     1.15   0.249     .8636046    1.761891
2021-07-20T15:57:29.280005800Z T1DM, unc..  |   .3622995   .2627841    -1.40   0.162     .0874323    1.501287
2021-07-20T15:57:29.280229100Z T2DM, con..  |   .8383693   .0688879    -2.15   0.032     .7136627    .9848672
2021-07-20T15:57:29.280466400Z T2DM, unc..  |   .7727498   .1345922    -1.48   0.139     .5492657    1.087165
2021-07-20T15:57:29.280753200Z Diabetes,..  |   2.16e-13   2.19e-13   -28.72   0.000     2.95e-14    1.58e-12
2021-07-20T15:57:29.280767400Z              |
2021-07-20T15:57:29.280772500Z cancer_exh~t |
2021-07-20T15:57:29.280976700Z   Last year  |   .8592623   .4363443    -0.30   0.765     .3175959    2.324752
2021-07-20T15:57:29.281200800Z 2-5 years..  |   1.497655   .3009344     2.01   0.044     1.010123    2.220495
2021-07-20T15:57:29.281426700Z    5+ years  |   .9002705   .0694156    -1.36   0.173     .7739999    1.047141
2021-07-20T15:57:29.281438500Z              |
2021-07-20T15:57:29.281442700Z cancer_hae~t |
2021-07-20T15:57:29.281665300Z   Last year  |   1.400785   .8967835     0.53   0.599     .3994217    4.912599
2021-07-20T15:57:29.281879200Z 2-5 years..  |   1.019974   .2454519     0.08   0.935     .6364312    1.634657
2021-07-20T15:57:29.282163200Z    5+ years  |   1.051771   .0768443     0.69   0.490     .9114462    1.213701
2021-07-20T15:57:29.282176400Z              |
2021-07-20T15:57:29.282412500Z 1.~r_disease |   1.005461   .0746952     0.07   0.942     .8692203    1.163056
2021-07-20T15:57:29.282696500Z 1.stroke_d~a |   1.040805   .0793531     0.52   0.600     .8963381    1.208556
2021-07-20T15:57:29.283012500Z 1.other_ne~o |   1.079615   .0778394     1.06   0.288     .9373413    1.243483
2021-07-20T15:57:29.283025000Z              |
2021-07-20T15:57:29.283029400Z reduced_ki~t |
2021-07-20T15:57:29.283425800Z Stage 3a/..  |   1.117782   .1527484     0.81   0.415     .8551409    1.461088
2021-07-20T15:57:29.283732900Z       1.esrd |   1.029357   .0632946     0.47   0.638     .9124853    1.161197
2021-07-20T15:57:29.283973400Z 1.other_tr~t |   .9268966   .0716847    -0.98   0.326     .7965274    1.078604
2021-07-20T15:57:29.284291400Z   1.asplenia |   1.012828    .078535     0.16   0.869      .870028    1.179066
2021-07-20T15:57:29.284580500Z 1.ra_sle_p~s |   .9711022   .0721219    -0.39   0.693     .8395525    1.123264
2021-07-20T15:57:29.285785400Z 1.other_im~o |   .8548366   .0528244    -2.54   0.011     .7573269    .9649012
2021-07-20T15:57:29.285796000Z ------------------------------------------------------------------------------
2021-07-20T15:57:29.285972900Z                                                              Stratified by stp
2021-07-20T15:57:29.292954100Z (note: file ./output/an_sense_covidadmission_nursery_cat_ageband_1MAIN.ster not
2021-07-20T15:57:29.292973200Z >  found)
2021-07-20T15:57:29.292978300Z file ./output/an_sense_covidadmission_nursery_cat_ageband_1MAIN.ster saved
2021-07-20T15:57:29.292982500Z 
2021-07-20T15:57:29.292986200Z . 
2021-07-20T15:57:29.292990100Z . log close
2021-07-20T15:57:29.293053700Z       name:  <unnamed>
2021-07-20T15:57:29.293064000Z        log:  /workspace/log/07d_an_multivariable_cox_models_covidadmission_Sens
2021-07-20T15:57:29.293068800Z > e6_nursery_catMAIN.log
2021-07-20T15:57:29.293072800Z   log type:  text
2021-07-20T15:57:29.293076700Z  closed on:  20 Jul 2021, 15:57:29
2021-07-20T15:57:29.293080400Z -------------------------------------------------------------------------------
2021-07-20T15:57:29.293098000Z 
2021-07-20T15:57:29.293102400Z . 
2021-07-20T15:57:29.293106400Z . 
2021-07-20T15:57:29.293110300Z . 
2021-07-20T15:57:29.293113800Z . exit, clear 
2021-07-20T15:57:29.293120600Z 
2021-07-20T15:57:29.293124700Z end of do-file
2021-07-20T15:57:29.293128300Z 
2021-07-20T15:57:29.293132500Z . . file open output using "/tmp/tmp.o1sbIe5oRe", write text replace
2021-07-20T15:57:29.293264000Z 
2021-07-20T15:57:29.293277100Z . . file write output "success" 
2021-07-20T15:57:29.293282800Z 
2021-07-20T15:57:29.293287200Z . . file close output
2021-07-20T15:57:29.293291400Z 
2021-07-20T15:57:29.293295200Z . 
2021-07-20T15:57:29.293298800Z end of do-file
2021-07-20T15:57:29.293302600Z 
2021-07-20T15:57:29.293306100Z 
2021-07-20T15:57:29.317821800Z . 

state: succeeded
commit: none
docker_image_id: sha256:11980aa720220a1b39bf523f5a8a33270214c13876c30ee364e16265766f7f60
exit_code: 0
job_id: r5zm3shiv3yzvggo
run_by_user: qc18278
created_at: 2021-07-20T15:38:48Z
started_at: 2021-07-20T15:57:16Z
completed_at: 2021-07-20T15:57:57Z

Completed successfully

outputs:
  log/07d_an_multivariable_cox_models_covidadmission_Sense6_nursery_catMAIN.log  - moderately_sensitive
  output/an_sense_covidadmission_nursery_cat_ageband_0MAIN.ster                  - moderately_sensitive
  output/an_sense_covidadmission_nursery_cat_ageband_1MAIN.ster                  - moderately_sensitive