2021-07-20T15:55:38.413316600Z 
2021-07-20T15:55:38.413340700Z   ___  ____  ____  ____  ____ (R)
2021-07-20T15:55:38.413345800Z  /__    /   ____/   /   ____/
2021-07-20T15:55:38.413350300Z ___/   /   /___/   /   /___/   16.1   Copyright 1985-2019 StataCorp LLC
2021-07-20T15:55:38.413354400Z   Statistics/Data Analysis            StataCorp
2021-07-20T15:55:38.413358600Z                                       4905 Lakeway Drive
2021-07-20T15:55:38.413362900Z                                       College Station, Texas 77845 USA
2021-07-20T15:55:38.413367200Z                                       800-STATA-PC        http://www.stata.com
2021-07-20T15:55:38.413371600Z                                       979-696-4600        stata@stata.com
2021-07-20T15:55:38.413375600Z                                       979-696-4601 (fax)
2021-07-20T15:55:38.413379900Z 
2021-07-20T15:55:38.413383500Z 3-user Stata network license expires 11 May 2022:
2021-07-20T15:55:38.413387700Z        Serial number:  501709312237
2021-07-20T15:55:38.413391800Z          Licensed to:  The Bennett Institute
2021-07-20T15:55:38.413396000Z                        Oxford University
2021-07-20T15:55:38.414244500Z 
2021-07-20T15:55:38.414284200Z Notes:
2021-07-20T15:55:38.414295400Z       1.  Unicode is supported; see help unicode_advice.
2021-07-20T15:55:38.414301000Z 
2021-07-20T15:55:38.414305700Z . do "analysis/07d_an_multivariable_cox_models_FULL_Sense6.wrapper.do" covid_tp
2021-07-20T15:55:38.414310400Z > p_prob MAIN 
2021-07-20T15:55:38.414314800Z 
2021-07-20T15:55:38.414318700Z . . do "analysis/07d_an_multivariable_cox_models_FULL_Sense6.do" covid_tpp_prob
2021-07-20T15:55:38.414323500Z >  MAIN
2021-07-20T15:55:38.414330300Z 
2021-07-20T15:55:38.414334500Z . *****************************************************************************
2021-07-20T15:55:38.414339200Z > ***
2021-07-20T15:55:38.414343400Z . *
2021-07-20T15:55:38.414347400Z . *       Do-file:                07d_an_multivariable_cox_models_Sense4.do
2021-07-20T15:55:38.414351800Z . *
2021-07-20T15:55:38.414355800Z . *       Project:                Exposure children and COVID risk
2021-07-20T15:55:38.414360000Z . *
2021-07-20T15:55:38.414364100Z . *       Programmed by:  Hforbes, based on files from Fizz & Krishnan
2021-07-20T15:55:38.414368400Z . *
2021-07-20T15:55:38.414372500Z . *       Data used:              analysis_dataset.dta
2021-07-20T15:55:38.414377000Z . *
2021-07-20T15:55:38.414381100Z . *       Data created:   None
2021-07-20T15:55:38.414385300Z . *
2021-07-20T15:55:38.414389300Z . *       Other output:   Log file:  07b_an_multivariable_cox_models_`outcome'.
2021-07-20T15:55:38.414482200Z > log
2021-07-20T15:55:38.414489600Z . *
2021-07-20T15:55:38.414500300Z . *****************************************************************************
2021-07-20T15:55:38.414504100Z > ***
2021-07-20T15:55:38.414507200Z . *
2021-07-20T15:55:38.414511300Z . *       Purpose:                This do-file performs multivariable (fully ad
2021-07-20T15:55:38.414515600Z > justed) 
2021-07-20T15:55:38.414519700Z . *                                       Cox models, with exposure variable id
2021-07-20T15:55:38.414524000Z > entifying nursery school kids
2021-07-20T15:55:38.414528100Z . *  
2021-07-20T15:55:38.414532200Z . *****************************************************************************
2021-07-20T15:55:38.414536300Z > ***
2021-07-20T15:55:38.414539600Z . *       
2021-07-20T15:55:38.414543800Z . *       Stata routines needed:  stbrier   
2021-07-20T15:55:38.414548400Z . *
2021-07-20T15:55:38.414552900Z . *****************************************************************************
2021-07-20T15:55:38.414557500Z > ***
2021-07-20T15:55:38.414562200Z . 
2021-07-20T15:55:38.414565600Z . * Set globals that will print in programs and direct output
2021-07-20T15:55:38.414569900Z . global outdir     "output" 
2021-07-20T15:55:38.414575900Z 
2021-07-20T15:55:38.414580400Z . global logdir     "log"
2021-07-20T15:55:38.414584400Z 
2021-07-20T15:55:38.414588400Z . global tempdir    "tempdata"
2021-07-20T15:55:38.414592600Z 
2021-07-20T15:55:38.414596400Z . global demogadjlist  age1 age2 age3 i.male i.obese4cat i.smoke_nomiss i.imd i
2021-07-20T15:55:38.414600700Z > .tot_adults_hh i.ethnicity
2021-07-20T15:55:38.414604800Z 
2021-07-20T15:55:38.414608700Z . global comordidadjlist  i.htdiag_or_highbp                              ///
2021-07-20T15:55:38.414613300Z >                         i.chronic_respiratory_disease   ///
2021-07-20T15:55:38.414617700Z >                         i.asthma                                             
2021-07-20T15:55:38.414622300Z >    ///
2021-07-20T15:55:38.414626800Z >                         i.chronic_cardiac_disease               ///
2021-07-20T15:55:38.414631000Z >                         i.diabcat                                            
2021-07-20T15:55:38.414635400Z >    ///
2021-07-20T15:55:38.414639700Z >                         i.cancer_exhaem_cat                             ///
2021-07-20T15:55:38.414774000Z >                         i.cancer_haem_cat                               ///
2021-07-20T15:55:38.414838400Z >                         i.chronic_liver_disease                 ///
2021-07-20T15:55:38.414856600Z >                         i.stroke_dementia                               ///
2021-07-20T15:55:38.414861800Z >                         i.other_neuro                                   ///
2021-07-20T15:55:38.414866200Z >                         i.reduced_kidney_function_cat   ///
2021-07-20T15:55:38.414870400Z >                         i.esrd                                               
2021-07-20T15:55:38.414874700Z >    ///
2021-07-20T15:55:38.414878600Z >                         i.other_transplant                              ///
2021-07-20T15:55:38.414883100Z >                         i.asplenia                                           
2021-07-20T15:55:38.414887800Z >    ///
2021-07-20T15:55:38.414891800Z >                         i.ra_sle_psoriasis                      ///
2021-07-20T15:55:38.414896200Z >                         i.other_immuno          
2021-07-20T15:55:38.414900600Z 
2021-07-20T15:55:38.414904600Z . 
2021-07-20T15:55:38.414908300Z . local outcome `1' 
2021-07-20T15:55:38.414912200Z 
2021-07-20T15:55:38.414916200Z . local dataset `2'
2021-07-20T15:55:38.414920200Z 
2021-07-20T15:55:38.414924000Z . 
2021-07-20T15:55:38.414927900Z . 
2021-07-20T15:55:38.414931600Z . *****************************************************************************
2021-07-20T15:55:38.414935800Z > *******
2021-07-20T15:55:38.414939800Z . *First clean up all old saved estimates for this outcome
2021-07-20T15:55:38.414943700Z . *This is to guard against accidentally displaying left-behind results from ol
2021-07-20T15:55:38.414948400Z > d runs
2021-07-20T15:55:38.414952400Z . *****************************************************************************
2021-07-20T15:55:38.414956900Z > *******
2021-07-20T15:55:38.414961200Z . 
2021-07-20T15:55:38.414964900Z . * Open a log file
2021-07-20T15:55:38.414969000Z . capture log close
2021-07-20T15:55:38.415211800Z 
2021-07-20T15:55:38.415225900Z . log using "$logdir/07d_an_multivariable_cox_models_`outcome'_Sense6_nursery_c
2021-07-20T15:55:38.415232100Z > at`dataset'", text replace
2021-07-20T15:55:38.415236500Z (note: file /workspace/log/07d_an_multivariable_cox_models_covid_tpp_prob_Sense
2021-07-20T15:55:38.415239300Z > 6_nursery_catMAIN.log not found)
2021-07-20T15:55:38.415242100Z -------------------------------------------------------------------------------
2021-07-20T15:55:38.415246200Z       name:  <unnamed>
2021-07-20T15:55:38.415250600Z        log:  /workspace/log/07d_an_multivariable_cox_models_covid_tpp_prob_Sens
2021-07-20T15:55:38.415255100Z > e6_nursery_catMAIN.log
2021-07-20T15:55:38.415259300Z   log type:  text
2021-07-20T15:55:38.415272600Z  opened on:  20 Jul 2021, 15:55:38
2021-07-20T15:55:38.415277700Z 
2021-07-20T15:55:38.415281800Z . 
2021-07-20T15:55:38.415286100Z . 
2021-07-20T15:55:38.415290500Z . *****************************************************************************
2021-07-20T15:55:38.415295100Z > ********
2021-07-20T15:55:38.415299500Z . *PROG TO DEFINE THE BASIC COX MODEL WITH OPTIONS FOR HANDLING OF AGE, BMI, ET
2021-07-20T15:55:38.415303900Z > HNICITY:
2021-07-20T15:55:38.415307900Z . cap prog drop basecoxmodel
2021-07-20T15:55:38.415310900Z 
2021-07-20T15:55:38.415313300Z . prog define basecoxmodel
2021-07-20T15:55:38.415315700Z   1.         syntax , exposure(string) age(string)
2021-07-20T15:55:38.415319100Z   2. timer clear
2021-07-20T15:55:38.415321700Z   3. timer on 1
2021-07-20T15:55:38.415357200Z   4.         capture stcox   `exposure'                      ///
2021-07-20T15:55:38.415367000Z >                         $demogadjlist                           ///
2021-07-20T15:55:38.415372900Z >                         $comordidadjlist                ///
2021-07-20T15:55:38.415377400Z >                         , strata(stp) vce(cluster household_id)
2021-07-20T15:55:38.415381700Z   5. timer off 1
2021-07-20T15:55:38.415385700Z   6. timer list
2021-07-20T15:55:38.415389600Z   7. end
2021-07-20T15:55:38.415394000Z 
2021-07-20T15:55:38.415398300Z . *****************************************************************************
2021-07-20T15:55:38.415402900Z > ********
2021-07-20T15:55:38.415636600Z . 
2021-07-20T15:55:38.415646800Z . 
2021-07-20T15:55:38.415649900Z . * Open dataset and fit specified model(s)
2021-07-20T15:55:38.415652500Z . forvalues x=0/1 {
2021-07-20T15:55:38.415655000Z   2. 
2021-07-20T15:55:38.415657700Z . use "$tempdir/cr_create_analysis_dataset_STSET_`outcome'_ageband_`x'`dataset'
2021-07-20T15:55:38.415660500Z > .dta", clear
2021-07-20T15:55:38.415663100Z   3. 
2021-07-20T15:55:38.415665500Z . 
2021-07-20T15:55:38.415667900Z . ******************************
2021-07-20T15:55:38.415671500Z . *  Multivariable Cox models  *
2021-07-20T15:55:38.415674000Z . ******************************
2021-07-20T15:55:38.415676400Z . 
2021-07-20T15:55:38.415679000Z . foreach exposure_type in kids_cat5  {
2021-07-20T15:55:38.415681600Z   4. 
2021-07-20T15:55:38.415684000Z . *Age spline model (not adj ethnicity)
2021-07-20T15:55:38.415686800Z . basecoxmodel, exposure("i.`exposure_type'") age("age1 age2 age3")
2021-07-20T15:55:38.415689500Z   5. if _rc==0{
2021-07-20T15:55:38.415698600Z   6. estimates
2021-07-20T15:55:38.415701200Z   7. estimates save ./output/an_sense_`outcome'_nursery_cat_ageband_`x'`dataset
2021-07-20T15:55:38.415703800Z > ', replace
2021-07-20T15:55:38.415706500Z   8. *estat concordance /*c-statistic*/
2021-07-20T15:55:38.415709100Z .         /*  Proportional Hazards test  
2021-07-20T15:55:38.415711700Z >         * Based on Schoenfeld residuals
2021-07-20T15:55:38.415714500Z >         timer clear 
2021-07-20T15:55:38.415717000Z >         timer on 1
2021-07-20T15:55:38.415719500Z >         if e(N_fail)>0 estat phtest, d
2021-07-20T15:55:38.415722100Z >         timer off 1
2021-07-20T15:55:38.415724600Z >         timer list*/
2021-07-20T15:55:38.415727200Z . }
2021-07-20T15:55:38.415729800Z   9. else di "WARNING AGE SPLINE MODEL DID NOT FIT (OUTCOME `outcome')"
2021-07-20T15:55:38.415732600Z  10. 
2021-07-20T15:55:38.415735100Z . }
2021-07-20T15:55:38.415737500Z  11. }
2021-07-20T15:55:50.413922700Z    1:     11.99 /        1 =      11.9930
2021-07-20T15:55:50.416113000Z 
2021-07-20T15:55:50.416139100Z -------------------------------------------------------------------------------
2021-07-20T15:55:50.416146700Z active results
2021-07-20T15:55:50.416151800Z -------------------------------------------------------------------------------
2021-07-20T15:55:50.417729900Z 
2021-07-20T15:55:50.417743300Z Stratified Cox regr. -- Breslow method for ties
2021-07-20T15:55:50.417747000Z 
2021-07-20T15:55:50.417749900Z No. of subjects      =       16,206             Number of obs    =      16,206
2021-07-20T15:55:50.417752900Z No. of failures      =        6,075
2021-07-20T15:55:50.417755800Z Time at risk         =      2393093
2021-07-20T15:55:50.418005400Z                                                 Wald chi2(43)    =       46.54
2021-07-20T15:55:50.418019400Z Log pseudolikelihood =   -42752.316             Prob > chi2      =      0.3287
2021-07-20T15:55:50.418025200Z 
2021-07-20T15:55:50.480721700Z                        (Std. Err. adjusted for 1,106 clusters in household_id)
2021-07-20T15:55:50.480766100Z ------------------------------------------------------------------------------
2021-07-20T15:55:50.480772700Z              |               Robust
2021-07-20T15:55:50.480777300Z           _t | Haz. Ratio   Std. Err.      z    P>|z|     [95% Conf. Interval]
2021-07-20T15:55:50.480782200Z -------------+----------------------------------------------------------------
2021-07-20T15:55:50.480786500Z    kids_cat5 |
2021-07-20T15:55:50.491028900Z only <5 y..  |   1.223066   .1533072     1.61   0.108     .9566535     1.56367
2021-07-20T15:55:50.491253500Z   only 5-11  |   .9773208   .1115027    -0.20   0.841     .7814899    1.222224
2021-07-20T15:55:50.491481200Z      12-<18  |   1.214207   .1380856     1.71   0.088      .971605    1.517384
2021-07-20T15:55:50.491673100Z       mixed  |   1.108139   .0928372     1.23   0.220     .9403354    1.305888
2021-07-20T15:55:50.491684000Z              |
2021-07-20T15:55:50.491898600Z         age1 |    .992468   .0046533    -1.61   0.107     .9833894     1.00163
2021-07-20T15:55:50.492031900Z         age2 |   1.015303   .0148192     1.04   0.298     .9866693    1.044767
2021-07-20T15:55:50.492248900Z         age3 |    .970426   .0398405    -0.73   0.465     .8953992    1.051739
2021-07-20T15:55:50.492473600Z       1.male |   1.017672   .0269716     0.66   0.509     .9661579    1.071932
2021-07-20T15:55:50.492482700Z              |
2021-07-20T15:55:50.492485300Z    obese4cat |
2021-07-20T15:55:50.492702200Z Obese I ..)  |   1.037458    .037015     1.03   0.303     .9673885    1.112603
2021-07-20T15:55:50.492982300Z Obese II..)  |   .9543444   .0476736    -0.94   0.350     .8653343     1.05251
2021-07-20T15:55:50.493232900Z Obese II..)  |   1.013035   .0599008     0.22   0.827     .9021793    1.137512
2021-07-20T15:55:50.493247700Z              |
2021-07-20T15:55:50.493252800Z smoke_nomiss |
2021-07-20T15:55:50.493458100Z      Former  |   1.202692   .1077392     2.06   0.039     1.009026    1.433529
2021-07-20T15:55:50.493732200Z     Current  |   1.025119   .0395983     0.64   0.521     .9503724    1.105743
2021-07-20T15:55:50.493742100Z              |
2021-07-20T15:55:50.493744600Z          imd |
2021-07-20T15:55:50.494001400Z           4  |   1.063936   .0325965     2.02   0.043     1.001928    1.129781
2021-07-20T15:55:50.494278400Z 5 most de..  |   1.003278   .0434247     0.08   0.940     .9216775    1.092103
2021-07-20T15:55:50.494290300Z              |
2021-07-20T15:55:50.494295100Z tot_adults~h |
2021-07-20T15:55:50.494580400Z           2  |   1.335714   .3023784     1.28   0.201     .8570747    2.081652
2021-07-20T15:55:50.494813900Z           3  |   .9207764   .1747668    -0.43   0.664     .6347357     1.33572
2021-07-20T15:55:50.494826100Z              |
2021-07-20T15:55:50.494831100Z    ethnicity |
2021-07-20T15:55:50.495118100Z Asian or ..  |   1.036029    .046118     0.80   0.427     .9494704    1.130479
2021-07-20T15:55:50.495336000Z       Other  |     .99085   .0421285    -0.22   0.829     .9116265    1.076958
2021-07-20T15:55:50.495347500Z              |
2021-07-20T15:55:50.495683100Z 1.htdiag_o~p |   .9433763   .0478823    -1.15   0.251     .8540458    1.042051
2021-07-20T15:55:50.496121800Z 1.~y_disease |    1.04178   .0344898     1.24   0.216     .9763282    1.111621
2021-07-20T15:55:50.496471500Z     1.asthma |   .9831001   .0457275    -0.37   0.714     .8974399    1.076937
2021-07-20T15:55:50.496760800Z 1.~c_disease |   .9719741     .03151    -0.88   0.381     .9121369    1.035737
2021-07-20T15:55:50.496774000Z              |
2021-07-20T15:55:50.496779000Z      diabcat |
2021-07-20T15:55:50.497045200Z T1DM, con..  |   1.153349   .0848851     1.94   0.053       .99842    1.332319
2021-07-20T15:55:50.497298200Z T1DM, unc..  |   .8884845   .1606371    -0.65   0.513     .6233808    1.266328
2021-07-20T15:55:50.497521700Z T2DM, con..  |   1.012128   .0328363     0.37   0.710     .9497735    1.078576
2021-07-20T15:55:50.497764000Z T2DM, unc..  |   .9675099   .0696204    -0.46   0.646     .8402419    1.114055
2021-07-20T15:55:50.498134700Z Diabetes,..  |   .9516855   .4970581    -0.09   0.924     .3419144    2.648924
2021-07-20T15:55:50.498145000Z              |
2021-07-20T15:55:50.498148000Z cancer_exh~t |
2021-07-20T15:55:50.498401000Z   Last year  |   .8027671   .1697113    -1.04   0.299     .5304432    1.214899
2021-07-20T15:55:50.498511900Z 2-5 years..  |   .8428894   .0941921    -1.53   0.126      .677095     1.04928
2021-07-20T15:55:50.498780300Z    5+ years  |   1.009499   .0323488     0.30   0.768     .9480467    1.074935
2021-07-20T15:55:50.498791800Z              |
2021-07-20T15:55:50.498795800Z cancer_hae~t |
2021-07-20T15:55:50.499019300Z   Last year  |   1.071807   .1844892     0.40   0.687     .7648915    1.501872
2021-07-20T15:55:50.499223700Z 2-5 years..  |   .9269409   .1002891    -0.70   0.483     .7498208      1.1459
2021-07-20T15:55:50.499495600Z    5+ years  |   .9949219     .03335    -0.15   0.879      .931658    1.062482
2021-07-20T15:55:50.499505200Z              |
2021-07-20T15:55:50.499810700Z 1.~r_disease |   .9810733   .0322438    -0.58   0.561      .919869     1.04635
2021-07-20T15:55:50.500067900Z 1.stroke_d~a |    1.01091   .0313794     0.35   0.727     .9512408    1.074322
2021-07-20T15:55:50.500332700Z 1.other_ne~o |   .9992529   .0317123    -0.02   0.981     .9389917    1.063382
2021-07-20T15:55:50.500345500Z              |
2021-07-20T15:55:50.500349800Z reduced_ki~t |
2021-07-20T15:55:50.500627500Z Stage 3a/..  |    .917259    .178503    -0.44   0.657      .626389    1.343197
2021-07-20T15:55:50.500905300Z       1.esrd |    1.03202   .0271625     1.20   0.231     .9801325    1.086655
2021-07-20T15:55:50.501175000Z 1.other_tr~t |   .9823777   .0323551    -0.54   0.589     .9209664    1.047884
2021-07-20T15:55:50.501449600Z   1.asplenia |   .9830966   .0310333    -0.54   0.589     .9241159    1.045842
2021-07-20T15:55:50.501734000Z 1.ra_sle_p~s |   .9750329   .0313012    -0.79   0.431     .9155738    1.038353
2021-07-20T15:55:50.513039500Z 1.other_im~o |   .9934066   .0267064    -0.25   0.806     .9424181    1.047154
2021-07-20T15:55:50.513057200Z ------------------------------------------------------------------------------
2021-07-20T15:55:50.513377000Z                                                              Stratified by stp
2021-07-20T15:55:50.543513500Z (note: file ./output/an_sense_covid_tpp_prob_nursery_cat_ageband_0MAIN.ster not
2021-07-20T15:55:50.543532900Z >  found)
2021-07-20T15:55:50.543537200Z file ./output/an_sense_covid_tpp_prob_nursery_cat_ageband_0MAIN.ster saved
2021-07-20T15:55:54.224042300Z    1:      3.68 /        1 =       3.6790
2021-07-20T15:55:54.224085200Z 
2021-07-20T15:55:54.224092200Z -------------------------------------------------------------------------------
2021-07-20T15:55:54.224095600Z active results
2021-07-20T15:55:54.224099000Z -------------------------------------------------------------------------------
2021-07-20T15:55:54.226222900Z 
2021-07-20T15:55:54.226284900Z Stratified Cox regr. -- Breslow method for ties
2021-07-20T15:55:54.226297800Z 
2021-07-20T15:55:54.226303300Z No. of subjects      =        4,494             Number of obs    =       4,494
2021-07-20T15:55:54.226312300Z No. of failures      =        1,733
2021-07-20T15:55:54.226318200Z Time at risk         =       654880
2021-07-20T15:55:54.226447500Z                                                 Wald chi2(43)    =      796.44
2021-07-20T15:55:54.226627400Z Log pseudolikelihood =   -9936.6714             Prob > chi2      =      0.0000
2021-07-20T15:55:54.226644300Z 
2021-07-20T15:55:54.239826100Z                          (Std. Err. adjusted for 914 clusters in household_id)
2021-07-20T15:55:54.239879200Z ------------------------------------------------------------------------------
2021-07-20T15:55:54.239904700Z              |               Robust
2021-07-20T15:55:54.239912700Z           _t | Haz. Ratio   Std. Err.      z    P>|z|     [95% Conf. Interval]
2021-07-20T15:55:54.239918900Z -------------+----------------------------------------------------------------
2021-07-20T15:55:54.239924600Z    kids_cat5 |
2021-07-20T15:55:54.240029800Z only <5 y..  |   .9536498   .2419165    -0.19   0.852     .5800439    1.567895
2021-07-20T15:55:54.240305600Z   only 5-11  |   .8112855   .1938193    -0.88   0.381     .5079469    1.295773
2021-07-20T15:55:54.240574100Z      12-<18  |   .7873674     .16661    -1.13   0.259     .5200676    1.192051
2021-07-20T15:55:54.240816400Z       mixed  |   .8467754   .1311791    -1.07   0.283     .6250338    1.147184
2021-07-20T15:55:54.240831500Z              |
2021-07-20T15:55:54.241083100Z         age1 |   .9929956   .0195857    -0.36   0.722     .9553408    1.032134
2021-07-20T15:55:54.241417800Z         age2 |   1.049595    .086794     0.59   0.558     .8925516    1.234269
2021-07-20T15:55:54.241806000Z         age3 |   .8742488   .1756022    -0.67   0.503     .5897421    1.296009
2021-07-20T15:55:54.242120600Z       1.male |   .9819995   .0493604    -0.36   0.718     .8898677     1.08367
2021-07-20T15:55:54.242134800Z              |
2021-07-20T15:55:54.242138600Z    obese4cat |
2021-07-20T15:55:54.242539900Z Obese I ..)  |   1.002373   .0692417     0.03   0.973     .8754477      1.1477
2021-07-20T15:55:54.242829800Z Obese II..)  |   .9129171   .0839854    -0.99   0.322     .7622959    1.093299
2021-07-20T15:55:54.243373100Z Obese II..)  |   1.079123   .1170401     0.70   0.483     .8724705    1.334722
2021-07-20T15:55:54.243384700Z              |
2021-07-20T15:55:54.243388000Z smoke_nomiss |
2021-07-20T15:55:54.243691800Z      Former  |   .8950968   .1543368    -0.64   0.520     .6384131    1.254984
2021-07-20T15:55:54.244114900Z     Current  |    .992852   .0717114    -0.10   0.921     .8617954    1.143839
2021-07-20T15:55:54.244128400Z              |
2021-07-20T15:55:54.244132900Z          imd |
2021-07-20T15:55:54.244557700Z           4  |   1.004063   .0619036     0.07   0.948     .8897783    1.133027
2021-07-20T15:55:54.246369300Z 5 most de..  |   .9486316   .0748678    -0.67   0.504     .8126791    1.107327
2021-07-20T15:55:54.246390700Z              |
2021-07-20T15:55:54.246395900Z tot_adults~h |
2021-07-20T15:55:54.247175100Z           2  |   1.183399   .4685202     0.43   0.671     .5446678    2.571171
2021-07-20T15:55:54.247720900Z           3  |   .9355518   .3281266    -0.19   0.849      .470463    1.860417
2021-07-20T15:55:54.247734000Z              |
2021-07-20T15:55:54.247739400Z    ethnicity |
2021-07-20T15:55:54.248244900Z Asian or ..  |   1.094854   .0821562     1.21   0.227     .9451117     1.26832
2021-07-20T15:55:54.248688200Z       Other  |   1.066635   .0844909     0.81   0.415     .9132502     1.24578
2021-07-20T15:55:54.248700000Z              |
2021-07-20T15:55:54.249081600Z 1.htdiag_o~p |   1.054949   .0912283     0.62   0.536     .8904764      1.2498
2021-07-20T15:55:54.249412800Z 1.~y_disease |   1.044744   .0628088     0.73   0.467     .9286167    1.175393
2021-07-20T15:55:54.249734800Z     1.asthma |    .864959   .0808534    -1.55   0.121     .7201586    1.038874
2021-07-20T15:55:54.250138700Z 1.~c_disease |   1.000344   .0613333     0.01   0.996     .8870746    1.128076
2021-07-20T15:55:54.250153400Z              |
2021-07-20T15:55:54.250158300Z      diabcat |
2021-07-20T15:55:54.250479000Z T1DM, con..  |   .7286308   .1451845    -1.59   0.112     .4930603     1.07675
2021-07-20T15:55:54.250729700Z T1DM, unc..  |   1.073231   .3485396     0.22   0.828     .5678835    2.028276
2021-07-20T15:55:54.251035400Z T2DM, con..  |   .9431835   .0638017    -0.86   0.387     .8260696    1.076901
2021-07-20T15:55:54.251372000Z T2DM, unc..  |   1.141165   .1430104     1.05   0.292     .8926393    1.458884
2021-07-20T15:55:54.251670200Z Diabetes,..  |   1.92e-12   1.94e-12   -26.70   0.000     2.65e-13    1.39e-11
2021-07-20T15:55:54.251683100Z              |
2021-07-20T15:55:54.251689100Z cancer_exh~t |
2021-07-20T15:55:54.252019100Z   Last year  |   .5798873   .2599142    -1.22   0.224     .2408919    1.395934
2021-07-20T15:55:54.252269500Z 2-5 years..  |   .7703406   .1713755    -1.17   0.241     .4981021    1.191372
2021-07-20T15:55:54.252635600Z    5+ years  |   1.024243   .0631687     0.39   0.698     .9076248    1.155845
2021-07-20T15:55:54.252647200Z              |
2021-07-20T15:55:54.252650500Z cancer_hae~t |
2021-07-20T15:55:54.252894700Z   Last year  |   .4815292    .345265    -1.02   0.308     .1181126    1.963131
2021-07-20T15:55:54.253172600Z 2-5 years..  |   .8662447   .1784335    -0.70   0.486     .5785032    1.297106
2021-07-20T15:55:54.253467800Z    5+ years  |   .9773773   .0603765    -0.37   0.711     .8659247    1.103175
2021-07-20T15:55:54.253478600Z              |
2021-07-20T15:55:54.253868600Z 1.~r_disease |   .9884911   .0619348    -0.18   0.853     .8742588    1.117649
2021-07-20T15:55:54.254249400Z 1.stroke_d~a |   1.047638   .0615045     0.79   0.428     .9337685    1.175394
2021-07-20T15:55:54.254520000Z 1.other_ne~o |   1.073269    .064809     1.17   0.242     .9534746    1.208115
2021-07-20T15:55:54.254533300Z              |
2021-07-20T15:55:54.254538800Z reduced_ki~t |
2021-07-20T15:55:54.254921700Z Stage 3a/..  |   1.275716   .1359899     2.28   0.022     1.035182     1.57214
2021-07-20T15:55:54.255191600Z       1.esrd |   .9685094   .0462354    -0.67   0.503     .8819999    1.063504
2021-07-20T15:55:54.255488100Z 1.other_tr~t |   .9840311   .0592898    -0.27   0.789     .8744243    1.107377
2021-07-20T15:55:54.255808800Z   1.asplenia |   1.074981    .065942     1.18   0.239     .9532047    1.212316
2021-07-20T15:55:54.256132400Z 1.ra_sle_p~s |   1.007004   .0617356     0.11   0.909     .8929918    1.135574
2021-07-20T15:55:54.257392200Z 1.other_im~o |   .9361098   .0474996    -1.30   0.193     .8474919    1.033994
2021-07-20T15:55:54.257445200Z ------------------------------------------------------------------------------
2021-07-20T15:55:54.257675100Z                                                              Stratified by stp
2021-07-20T15:55:54.266677500Z (note: file ./output/an_sense_covid_tpp_prob_nursery_cat_ageband_1MAIN.ster not
2021-07-20T15:55:54.266698000Z >  found)
2021-07-20T15:55:54.266703800Z file ./output/an_sense_covid_tpp_prob_nursery_cat_ageband_1MAIN.ster saved
2021-07-20T15:55:54.266708300Z 
2021-07-20T15:55:54.266711900Z . 
2021-07-20T15:55:54.266715800Z . log close
2021-07-20T15:55:54.266920600Z       name:  <unnamed>
2021-07-20T15:55:54.266945800Z        log:  /workspace/log/07d_an_multivariable_cox_models_covid_tpp_prob_Sens
2021-07-20T15:55:54.266953300Z > e6_nursery_catMAIN.log
2021-07-20T15:55:54.266957700Z   log type:  text
2021-07-20T15:55:54.266961700Z  closed on:  20 Jul 2021, 15:55:54
2021-07-20T15:55:54.266966600Z -------------------------------------------------------------------------------
2021-07-20T15:55:54.266982900Z 
2021-07-20T15:55:54.266988200Z . 
2021-07-20T15:55:54.266992600Z . 
2021-07-20T15:55:54.266996700Z . 
2021-07-20T15:55:54.267000900Z . exit, clear 
2021-07-20T15:55:54.267004800Z 
2021-07-20T15:55:54.267008800Z end of do-file
2021-07-20T15:55:54.267012500Z 
2021-07-20T15:55:54.267016200Z . . file open output using "/tmp/tmp.zgV2kbx0ng", write text replace
2021-07-20T15:55:54.267162100Z 
2021-07-20T15:55:54.267177000Z . . file write output "success" 
2021-07-20T15:55:54.267182700Z 
2021-07-20T15:55:54.267187000Z . . file close output
2021-07-20T15:55:54.267191000Z 
2021-07-20T15:55:54.267312000Z . 
2021-07-20T15:55:54.267326800Z end of do-file
2021-07-20T15:55:54.267333200Z 
2021-07-20T15:55:54.267337800Z 
2021-07-20T15:55:54.293837200Z . 

state: succeeded
commit: none
docker_image_id: sha256:11980aa720220a1b39bf523f5a8a33270214c13876c30ee364e16265766f7f60
exit_code: 0
job_id: p4hjfshyx5j3ihzq
run_by_user: qc18278
created_at: 2021-07-20T15:38:48Z
started_at: 2021-07-20T15:55:38Z
completed_at: 2021-07-20T15:56:11Z

Completed successfully

outputs:
  log/07d_an_multivariable_cox_models_covid_tpp_prob_Sense6_nursery_catMAIN.log  - moderately_sensitive
  output/an_sense_covid_tpp_prob_nursery_cat_ageband_0MAIN.ster                  - moderately_sensitive
  output/an_sense_covid_tpp_prob_nursery_cat_ageband_1MAIN.ster                  - moderately_sensitive