2021-07-20T16:13:34.162773200Z 
2021-07-20T16:13:34.162811800Z   ___  ____  ____  ____  ____ (R)
2021-07-20T16:13:34.162817200Z  /__    /   ____/   /   ____/
2021-07-20T16:13:34.162820500Z ___/   /   /___/   /   /___/   16.1   Copyright 1985-2019 StataCorp LLC
2021-07-20T16:13:34.162823600Z   Statistics/Data Analysis            StataCorp
2021-07-20T16:13:34.162826800Z                                       4905 Lakeway Drive
2021-07-20T16:13:34.162830400Z                                       College Station, Texas 77845 USA
2021-07-20T16:13:34.162834000Z                                       800-STATA-PC        http://www.stata.com
2021-07-20T16:13:34.162837800Z                                       979-696-4600        stata@stata.com
2021-07-20T16:13:34.162840900Z                                       979-696-4601 (fax)
2021-07-20T16:13:34.162843700Z 
2021-07-20T16:13:34.162846500Z 3-user Stata network license expires 11 May 2022:
2021-07-20T16:13:34.162849500Z        Serial number:  501709312237
2021-07-20T16:13:34.162853000Z          Licensed to:  The Bennett Institute
2021-07-20T16:13:34.162857900Z                        Oxford University
2021-07-20T16:13:34.164006800Z 
2021-07-20T16:13:34.164028300Z Notes:
2021-07-20T16:13:34.164033500Z       1.  Unicode is supported; see help unicode_advice.
2021-07-20T16:13:34.164037500Z 
2021-07-20T16:13:34.164040800Z . do "analysis/08_an_tablecontent_HRtable.wrapper.do" covid_icu 
2021-07-20T16:13:34.164044500Z 
2021-07-20T16:13:34.164047600Z . . do "analysis/08_an_tablecontent_HRtable.do" covid_icu
2021-07-20T16:13:34.164051000Z 
2021-07-20T16:13:34.164054300Z . *************************************************************************
2021-07-20T16:13:34.164057700Z . *Do file: 08_an_tablecontent_HRtable
2021-07-20T16:13:34.164061100Z . *
2021-07-20T16:13:34.164064300Z . *Purpose: Create content that is ready to paste into a pre-formatted Word 
2021-07-20T16:13:34.164067700Z . * shell table containing minimally and fully-adjusted HRs for risk factors
2021-07-20T16:13:34.164070900Z . * of interest, across 2 outcomes 
2021-07-20T16:13:34.164074400Z . *
2021-07-20T16:13:34.164077500Z . *Requires: final analysis dataset (analysis_dataset.dta)
2021-07-20T16:13:34.164080900Z . *
2021-07-20T16:13:34.164084000Z . *Coding: HFORBES, based on file from Krishnan Bhaskaran
2021-07-20T16:13:34.164088000Z . *
2021-07-20T16:13:34.164091100Z . *Date drafted: 30th June 2020
2021-07-20T16:13:34.164094500Z . *************************************************************************
2021-07-20T16:13:34.164098000Z . 
2021-07-20T16:13:34.164101400Z . global outdir     "output"
2021-07-20T16:13:34.164226200Z 
2021-07-20T16:13:34.164261100Z . global logdir     "log"
2021-07-20T16:13:34.164266600Z 
2021-07-20T16:13:34.164270200Z . global tempdir    "tempdata"
2021-07-20T16:13:34.164273400Z 
2021-07-20T16:13:34.164276500Z . 
2021-07-20T16:13:34.164279700Z . local outcome `1' 
2021-07-20T16:13:34.164283100Z 
2021-07-20T16:13:34.164286200Z . 
2021-07-20T16:13:34.164290100Z . * Open a log file
2021-07-20T16:13:34.164293400Z . capture log close
2021-07-20T16:13:34.164425500Z 
2021-07-20T16:13:34.164437600Z . log using "$logdir/08_an_tablecontent_HRtable_`outcome'", text replace
2021-07-20T16:13:34.164749400Z (note: file /workspace/log/08_an_tablecontent_HRtable_covid_icu.log not found)
2021-07-20T16:13:34.164760100Z -------------------------------------------------------------------------------
2021-07-20T16:13:34.164764500Z       name:  <unnamed>
2021-07-20T16:13:34.164768500Z        log:  /workspace/log/08_an_tablecontent_HRtable_covid_icu.log
2021-07-20T16:13:34.164772000Z   log type:  text
2021-07-20T16:13:34.164775400Z  opened on:  20 Jul 2021, 16:13:34
2021-07-20T16:13:34.164779300Z 
2021-07-20T16:13:34.164782700Z . 
2021-07-20T16:13:34.164785700Z . 
2021-07-20T16:13:34.164951400Z . *****************************************************************************
2021-07-20T16:13:34.164963300Z > ******************************************
2021-07-20T16:13:34.164967800Z . *Generic code to ouput the HRs across outcomes for all levels of a particular
2021-07-20T16:13:34.164971400Z >  variables, in the right shape for table
2021-07-20T16:13:34.164974900Z . cap prog drop outputHRsforvar
2021-07-20T16:13:34.164978300Z 
2021-07-20T16:13:34.164981700Z . prog define outputHRsforvar
2021-07-20T16:13:34.164985000Z   1. syntax, variable(string) min(real) max(real) outcome(string)
2021-07-20T16:13:34.164988600Z   2. foreach dataset in MAIN W2 {
2021-07-20T16:13:34.164991800Z   3. forvalues x=0/1 {
2021-07-20T16:13:34.164995200Z   4. file write tablecontents ("age") ("`x'") _n
2021-07-20T16:13:34.165001600Z   5. forvalues i=`min'/`max'{
2021-07-20T16:13:34.165005200Z   6. local endwith "_tab"
2021-07-20T16:13:34.165008800Z   7. 
2021-07-20T16:13:34.165013600Z .         *put the varname and condition to left so that alignment can be check
2021-07-20T16:13:34.165017400Z > ed vs shell
2021-07-20T16:13:34.165137800Z .         file write tablecontents ("`variable'") _tab ("`i'") _tab ("`dataset'
2021-07-20T16:13:34.165150200Z > ") _tab 
2021-07-20T16:13:34.165154500Z   8.         
2021-07-20T16:13:34.165158500Z .         use "$tempdir/cr_create_analysis_dataset_STSET_`outcome'_ageband_`x'`
2021-07-20T16:13:34.165170700Z > dataset'.dta", clear
2021-07-20T16:13:34.165174300Z   9.         *put total N, PYFU and Rate in table
2021-07-20T16:13:34.165177400Z .         cou if `variable' == `i' & _d == 1
2021-07-20T16:13:34.165180400Z  10.         local event = r(N)
2021-07-20T16:13:34.165183400Z  11.     bysort `variable': egen total_follow_up = total(_t)
2021-07-20T16:13:34.165186400Z  12.         su total_follow_up if `variable' == `i'
2021-07-20T16:13:34.165189200Z  13.         local person_days = r(mean)
2021-07-20T16:13:34.165192400Z  14.         local person_years=`person_days'/365.25
2021-07-20T16:13:34.165195800Z  15.         local rate = 100000*(`event'/`person_years')
2021-07-20T16:13:34.165198900Z  16.         
2021-07-20T16:13:34.165202200Z .         file write tablecontents (`event') _tab %10.0f (`person_years') _tab 
2021-07-20T16:13:34.165205700Z > %3.2f (`rate') _tab
2021-07-20T16:13:34.165209200Z  17.         drop total_follow_up
2021-07-20T16:13:34.165212600Z  18.         
2021-07-20T16:13:34.165216000Z .         
2021-07-20T16:13:34.165219300Z .         *models
2021-07-20T16:13:34.165222400Z .         foreach modeltype of any minadj demogadj fulladj  {
2021-07-20T16:13:34.165225600Z  19.         
2021-07-20T16:13:34.165229900Z .                 local noestimatesflag 0 /*reset*/
2021-07-20T16:13:34.165233600Z  20. 
2021-07-20T16:13:34.165236900Z . *CHANGE THE OUTCOME BELOW TO LAST IF BRINGING IN MORE COLS
2021-07-20T16:13:34.165268700Z .                 if "`modeltype'"=="fulladj" local endwith "_n"
2021-07-20T16:13:34.165278000Z  21. 
2021-07-20T16:13:34.165369500Z .                 ***********************
2021-07-20T16:13:34.165381300Z .                 *1) GET THE RIGHT ESTIMATES INTO MEMORY
2021-07-20T16:13:34.165385800Z .                 
2021-07-20T16:13:34.165389400Z .                 if "`modeltype'"=="minadj" {
2021-07-20T16:13:34.165393300Z  22.                         cap estimates use ./output/an_univariable_cox_mode
2021-07-20T16:13:34.165396900Z > ls_`variable'_`outcome'_AGESEX_ageband_`x'`dataset'
2021-07-20T16:13:34.165400400Z  23.                         if _rc!=0 local noestimatesflag 1
2021-07-20T16:13:34.165404500Z  24.                         }
2021-07-20T16:13:34.165407900Z  25.                 if "`modeltype'"=="demogadj" {
2021-07-20T16:13:34.165477900Z  26.                         cap estimates use ./output/an_multivariate_cox_mod
2021-07-20T16:13:34.165487400Z > els_`outcome'_`variable'_DEMOGADJ_ageband_`x'`dataset'
2021-07-20T16:13:34.165491800Z  27.                         if _rc!=0 local noestimatesflag 1
2021-07-20T16:13:34.165495400Z  28.                         }
2021-07-20T16:13:34.165508200Z  29.                 if "`modeltype'"=="fulladj" {
2021-07-20T16:13:34.165512700Z  30.                         cap estimates use ./output/an_multivariate_cox_mod
2021-07-20T16:13:34.165516200Z > els_`outcome'_`variable'_MAINFULLYADJMODEL_ageband_`x'`dataset' 
2021-07-20T16:13:34.165519500Z  31.                         if _rc!=0 local noestimatesflag 1
2021-07-20T16:13:34.165522800Z  32.                         }
2021-07-20T16:13:34.165526200Z  33.                 
2021-07-20T16:13:34.165529500Z .                 ***********************
2021-07-20T16:13:34.165532900Z .                 *2) WRITE THE HRs TO THE OUTPUT FILE
2021-07-20T16:13:34.165536500Z .                 
2021-07-20T16:13:34.165539700Z .                 if `noestimatesflag'==0{
2021-07-20T16:13:34.165608600Z  34.                         cap lincom `i'.`variable', eform
2021-07-20T16:13:34.165619400Z  35.                         if _rc==0 file write tablecontents %4.2f (r(estima
2021-07-20T16:13:34.165624000Z > te)) (" (") %4.2f (r(lb)) ("-") %4.2f (r(ub)) (")") `endwith'
2021-07-20T16:13:34.165628300Z  36.                                 else file write tablecontents %4.2f ("ERR 
2021-07-20T16:13:34.165632100Z > IN MODEL") `endwith'
2021-07-20T16:13:34.165635900Z  37.                         }
2021-07-20T16:13:34.165639300Z  38.                         else file write tablecontents %4.2f ("DID NOT FIT"
2021-07-20T16:13:34.165643300Z > ) `endwith' 
2021-07-20T16:13:34.165646900Z  39.                         
2021-07-20T16:13:34.165649400Z .                 *3) Save the estimates for plotting
2021-07-20T16:13:34.165723600Z .                 if `noestimatesflag'==0{
2021-07-20T16:13:34.165732900Z  40.                         if "`modeltype'"=="fulladj" {
2021-07-20T16:13:34.165737300Z  41.                                 local hr = r(estimate)
2021-07-20T16:13:34.165740900Z  42.                                 local lb = r(lb)
2021-07-20T16:13:34.165744500Z  43.                                 local ub = r(ub)
2021-07-20T16:13:34.165747900Z  44.                                 cap gen `variable'=.
2021-07-20T16:13:34.165751200Z  45.                                 testparm i.`variable'
2021-07-20T16:13:34.165754600Z  46.                                 *drop `variable'
2021-07-20T16:13:34.165757800Z .                                 }
2021-07-20T16:13:34.165761100Z  47.                 }       
2021-07-20T16:13:34.165764200Z  48.                 } /*min adj, full adj*/
2021-07-20T16:13:34.165794800Z  49.                 
2021-07-20T16:13:34.165800600Z . } /*variable levels*/
2021-07-20T16:13:34.165803900Z  50. 
2021-07-20T16:13:34.165807400Z . } /*agebands*/
2021-07-20T16:13:34.165842800Z  51. 
2021-07-20T16:13:34.165862900Z . } /*Waves*/
2021-07-20T16:13:34.165867800Z  52. end
2021-07-20T16:13:34.165947600Z 
2021-07-20T16:13:34.165957400Z . *****************************************************************************
2021-07-20T16:13:34.165961800Z > ******************************************
2021-07-20T16:13:34.165965400Z . /*Generic code to write a full row of "ref category" to the output file
2021-07-20T16:13:34.165969100Z > cap prog drop refline
2021-07-20T16:13:34.165972900Z > prog define refline
2021-07-20T16:13:34.165975300Z > file write tablecontents _tab _tab ("1.00 (ref)") _tab ("1.00 (ref)")  _n
2021-07-20T16:13:34.165977700Z > end*/
2021-07-20T16:13:34.165979700Z . *****************************************************************************
2021-07-20T16:13:34.165981800Z > ******************************************
2021-07-20T16:13:34.165983900Z . 
2021-07-20T16:13:34.165986000Z . *MAIN CODE TO PRODUCE TABLE CONTENTS
2021-07-20T16:13:34.165989300Z . 
2021-07-20T16:13:34.165992400Z . cap file close tablecontents
2021-07-20T16:13:34.165996200Z 
2021-07-20T16:13:34.165999600Z . file open tablecontents using ./output/an_tablecontents_HRtable_`outcome'.txt
2021-07-20T16:13:34.166003100Z > , t w replace 
2021-07-20T16:13:34.166087700Z (note: file ./output/an_tablecontents_HRtable_covid_icu.txt not found)
2021-07-20T16:13:34.166096200Z 
2021-07-20T16:13:34.166098800Z . 
2021-07-20T16:13:34.166100800Z . *Primary exposure
2021-07-20T16:13:34.166102800Z . outputHRsforvar, variable("kids_cat4") min(0) max(3) outcome(`outcome')
2021-07-20T16:13:34.176831500Z   151
2021-07-20T16:13:34.190515200Z 
2021-07-20T16:13:34.190534400Z     Variable |        Obs        Mean    Std. Dev.       Min        Max
2021-07-20T16:13:34.190538800Z -------------+---------------------------------------------------------
2021-07-20T16:13:34.190542500Z total_foll~p |        469       70028           0      70028      70028
2021-07-20T16:13:34.337503600Z 
2021-07-20T16:13:34.337531200Z  ( 1)  1.kids_cat4 = 0
2021-07-20T16:13:34.337535800Z  ( 2)  2.kids_cat4 = 0
2021-07-20T16:13:34.337539400Z  ( 3)  3.kids_cat4 = 0
2021-07-20T16:13:34.337542400Z 
2021-07-20T16:13:34.337545800Z            chi2(  3) =    0.99
2021-07-20T16:13:34.337548800Z          Prob > chi2 =    0.8048
2021-07-20T16:13:34.357440700Z   502
2021-07-20T16:13:34.357458700Z 
2021-07-20T16:13:34.357461600Z     Variable |        Obs        Mean    Std. Dev.       Min        Max
2021-07-20T16:13:34.357464100Z -------------+---------------------------------------------------------
2021-07-20T16:13:34.357476500Z total_foll~p |      1,546      236855           0     236855     236855
2021-07-20T16:13:34.385545600Z 
2021-07-20T16:13:34.385587700Z  ( 1)  1.kids_cat4 = 0
2021-07-20T16:13:34.385590500Z  ( 2)  2.kids_cat4 = 0
2021-07-20T16:13:34.385592400Z  ( 3)  3.kids_cat4 = 0
2021-07-20T16:13:34.385594400Z 
2021-07-20T16:13:34.385609000Z            chi2(  3) =    0.99
2021-07-20T16:13:34.385625900Z          Prob > chi2 =    0.8048
2021-07-20T16:13:34.405810200Z   108
2021-07-20T16:13:34.405840700Z 
2021-07-20T16:13:34.405845600Z     Variable |        Obs        Mean    Std. Dev.       Min        Max
2021-07-20T16:13:34.405849800Z -------------+---------------------------------------------------------
2021-07-20T16:13:34.405853400Z total_foll~p |        354       54976           0      54976      54976
2021-07-20T16:13:34.444568200Z 
2021-07-20T16:13:34.444664600Z  ( 1)  1.kids_cat4 = 0
2021-07-20T16:13:34.444674200Z  ( 2)  2.kids_cat4 = 0
2021-07-20T16:13:34.444678600Z  ( 3)  3.kids_cat4 = 0
2021-07-20T16:13:34.444682600Z 
2021-07-20T16:13:34.444688500Z            chi2(  3) =    0.99
2021-07-20T16:13:34.444692100Z          Prob > chi2 =    0.8048
2021-07-20T16:13:34.464809300Z   4,333
2021-07-20T16:13:34.464827600Z 
2021-07-20T16:13:34.464830400Z     Variable |        Obs        Mean    Std. Dev.       Min        Max
2021-07-20T16:13:34.464832600Z -------------+---------------------------------------------------------
2021-07-20T16:13:34.464834700Z total_foll~p |     13,837     2104629           0    2104629    2104629
2021-07-20T16:13:34.495087900Z 
2021-07-20T16:13:34.495125100Z  ( 1)  1.kids_cat4 = 0
2021-07-20T16:13:34.495130100Z  ( 2)  2.kids_cat4 = 0
2021-07-20T16:13:34.495132500Z  ( 3)  3.kids_cat4 = 0
2021-07-20T16:13:34.495134600Z 
2021-07-20T16:13:34.495136600Z            chi2(  3) =    0.99
2021-07-20T16:13:34.495138700Z          Prob > chi2 =    0.8048
2021-07-20T16:13:34.500864800Z   52
2021-07-20T16:13:34.500882500Z 
2021-07-20T16:13:34.500885400Z     Variable |        Obs        Mean    Std. Dev.       Min        Max
2021-07-20T16:13:34.500887900Z -------------+---------------------------------------------------------
2021-07-20T16:13:34.500890200Z total_foll~p |        144       20712           0      20712      20712
2021-07-20T16:13:34.534735200Z 
2021-07-20T16:13:34.534757200Z  ( 1)  1.kids_cat4 = 0
2021-07-20T16:13:34.534760200Z  ( 2)  2.kids_cat4 = 0
2021-07-20T16:13:34.534762300Z  ( 3)  3.kids_cat4 = 0
2021-07-20T16:13:34.534764300Z 
2021-07-20T16:13:34.534787500Z            chi2(  3) =    1.78
2021-07-20T16:13:34.534792600Z          Prob > chi2 =    0.6191
2021-07-20T16:13:34.539530700Z   114
2021-07-20T16:13:34.539551800Z 
2021-07-20T16:13:34.539556200Z     Variable |        Obs        Mean    Std. Dev.       Min        Max
2021-07-20T16:13:34.539560000Z -------------+---------------------------------------------------------
2021-07-20T16:13:34.539563500Z total_foll~p |        400       62495           0      62495      62495
2021-07-20T16:13:34.568889300Z 
2021-07-20T16:13:34.568911900Z  ( 1)  1.kids_cat4 = 0
2021-07-20T16:13:34.568914700Z  ( 2)  2.kids_cat4 = 0
2021-07-20T16:13:34.568919100Z  ( 3)  3.kids_cat4 = 0
2021-07-20T16:13:34.568921100Z 
2021-07-20T16:13:34.568923000Z            chi2(  3) =    1.78
2021-07-20T16:13:34.568925200Z          Prob > chi2 =    0.6191
2021-07-20T16:13:34.572799900Z   34
2021-07-20T16:13:34.572813000Z 
2021-07-20T16:13:34.572815800Z     Variable |        Obs        Mean    Std. Dev.       Min        Max
2021-07-20T16:13:34.572818200Z -------------+---------------------------------------------------------
2021-07-20T16:13:34.572821200Z total_foll~p |        104       15840           0      15840      15840
2021-07-20T16:13:34.604666600Z 
2021-07-20T16:13:34.604703100Z  ( 1)  1.kids_cat4 = 0
2021-07-20T16:13:34.604706600Z  ( 2)  2.kids_cat4 = 0
2021-07-20T16:13:34.604709000Z  ( 3)  3.kids_cat4 = 0
2021-07-20T16:13:34.604711400Z 
2021-07-20T16:13:34.604713900Z            chi2(  3) =    1.78
2021-07-20T16:13:34.604716600Z          Prob > chi2 =    0.6191
2021-07-20T16:13:34.610419800Z   1,189
2021-07-20T16:13:34.610461900Z 
2021-07-20T16:13:34.610472100Z     Variable |        Obs        Mean    Std. Dev.       Min        Max
2021-07-20T16:13:34.610479300Z -------------+---------------------------------------------------------
2021-07-20T16:13:34.610483300Z total_foll~p |      3,846      581395           0     581395     581395
2021-07-20T16:13:34.651880000Z 
2021-07-20T16:13:34.651905200Z  ( 1)  1.kids_cat4 = 0
2021-07-20T16:13:34.651909500Z  ( 2)  2.kids_cat4 = 0
2021-07-20T16:13:34.651912700Z  ( 3)  3.kids_cat4 = 0
2021-07-20T16:13:34.651915700Z 
2021-07-20T16:13:34.651920500Z            chi2(  3) =    1.78
2021-07-20T16:13:34.651923900Z          Prob > chi2 =    0.6191
2021-07-20T16:13:34.680461300Z   114
2021-07-20T16:13:34.680488900Z 
2021-07-20T16:13:34.680493800Z     Variable |        Obs        Mean    Std. Dev.       Min        Max
2021-07-20T16:13:34.680497800Z -------------+---------------------------------------------------------
2021-07-20T16:13:34.680516200Z total_foll~p |        436       35410           0      35410      35410
2021-07-20T16:13:34.716439300Z 
2021-07-20T16:13:34.716461100Z  ( 1)  1.kids_cat4 = 0
2021-07-20T16:13:34.716464000Z  ( 2)  2.kids_cat4 = 0
2021-07-20T16:13:34.716466100Z  ( 3)  3.kids_cat4 = 0
2021-07-20T16:13:34.716468100Z 
2021-07-20T16:13:34.716470200Z            chi2(  3) =    1.63
2021-07-20T16:13:34.716472300Z          Prob > chi2 =    0.6527
2021-07-20T16:13:34.734159800Z   538
2021-07-20T16:13:34.734177900Z 
2021-07-20T16:13:34.734180600Z     Variable |        Obs        Mean    Std. Dev.       Min        Max
2021-07-20T16:13:34.734182800Z -------------+---------------------------------------------------------
2021-07-20T16:13:34.734185000Z total_foll~p |      1,904      154407           0     154407     154407
2021-07-20T16:13:34.762170600Z 
2021-07-20T16:13:34.762228800Z  ( 1)  1.kids_cat4 = 0
2021-07-20T16:13:34.762235700Z  ( 2)  2.kids_cat4 = 0
2021-07-20T16:13:34.762239100Z  ( 3)  3.kids_cat4 = 0
2021-07-20T16:13:34.762241700Z 
2021-07-20T16:13:34.762244200Z            chi2(  3) =    1.63
2021-07-20T16:13:34.762247300Z          Prob > chi2 =    0.6527
2021-07-20T16:13:34.781383700Z   79
2021-07-20T16:13:34.781404100Z 
2021-07-20T16:13:34.781407000Z     Variable |        Obs        Mean    Std. Dev.       Min        Max
2021-07-20T16:13:34.781409600Z -------------+---------------------------------------------------------
2021-07-20T16:13:34.781411800Z total_foll~p |        295       24842           0      24842      24842
2021-07-20T16:13:34.818166500Z 
2021-07-20T16:13:34.818196200Z  ( 1)  1.kids_cat4 = 0
2021-07-20T16:13:34.818201200Z  ( 2)  2.kids_cat4 = 0
2021-07-20T16:13:34.818204700Z  ( 3)  3.kids_cat4 = 0
2021-07-20T16:13:34.818208200Z 
2021-07-20T16:13:34.818211700Z            chi2(  3) =    1.63
2021-07-20T16:13:34.818215500Z          Prob > chi2 =    0.6527
2021-07-20T16:13:34.838998500Z   3,643
2021-07-20T16:13:34.839029900Z 
2021-07-20T16:13:34.839034200Z     Variable |        Obs        Mean    Std. Dev.       Min        Max
2021-07-20T16:13:34.839037000Z -------------+---------------------------------------------------------
2021-07-20T16:13:34.839039800Z total_foll~p |     13,600     1111325           0    1111325    1111325
2021-07-20T16:13:34.874654500Z 
2021-07-20T16:13:34.874685200Z  ( 1)  1.kids_cat4 = 0
2021-07-20T16:13:34.874690600Z  ( 2)  2.kids_cat4 = 0
2021-07-20T16:13:34.874710100Z  ( 3)  3.kids_cat4 = 0
2021-07-20T16:13:34.874734600Z 
2021-07-20T16:13:34.874738900Z            chi2(  3) =    1.63
2021-07-20T16:13:34.874743500Z          Prob > chi2 =    0.6527
2021-07-20T16:13:34.879313200Z   38
2021-07-20T16:13:34.879335200Z 
2021-07-20T16:13:34.879339800Z     Variable |        Obs        Mean    Std. Dev.       Min        Max
2021-07-20T16:13:34.879342200Z -------------+---------------------------------------------------------
2021-07-20T16:13:34.879344400Z total_foll~p |        123        9567           0       9567       9567
2021-07-20T16:13:34.906993300Z 
2021-07-20T16:13:34.907027600Z  ( 1)  1.kids_cat4 = 0
2021-07-20T16:13:34.907032700Z  ( 2)  2.kids_cat4 = 0
2021-07-20T16:13:34.907036200Z  ( 3)  3.kids_cat4 = 0
2021-07-20T16:13:34.907039400Z 
2021-07-20T16:13:34.907042100Z            chi2(  3) =    0.68
2021-07-20T16:13:34.907045500Z          Prob > chi2 =    0.8775
2021-07-20T16:13:34.911713300Z   137
2021-07-20T16:13:34.911727300Z 
2021-07-20T16:13:34.911729900Z     Variable |        Obs        Mean    Std. Dev.       Min        Max
2021-07-20T16:13:34.911732200Z -------------+---------------------------------------------------------
2021-07-20T16:13:34.911734200Z total_foll~p |        509       41368           0      41368      41368
2021-07-20T16:13:34.939496700Z 
2021-07-20T16:13:34.939547600Z  ( 1)  1.kids_cat4 = 0
2021-07-20T16:13:34.939552400Z  ( 2)  2.kids_cat4 = 0
2021-07-20T16:13:34.939554500Z  ( 3)  3.kids_cat4 = 0
2021-07-20T16:13:34.939556500Z 
2021-07-20T16:13:34.939558300Z            chi2(  3) =    0.68
2021-07-20T16:13:34.939560300Z          Prob > chi2 =    0.8775
2021-07-20T16:13:34.943795100Z   16
2021-07-20T16:13:34.943807900Z 
2021-07-20T16:13:34.943810900Z     Variable |        Obs        Mean    Std. Dev.       Min        Max
2021-07-20T16:13:34.943813200Z -------------+---------------------------------------------------------
2021-07-20T16:13:34.943815400Z total_foll~p |         71        5868           0       5868       5868
2021-07-20T16:13:34.971856200Z 
2021-07-20T16:13:34.971908800Z  ( 1)  1.kids_cat4 = 0
2021-07-20T16:13:34.971913200Z  ( 2)  2.kids_cat4 = 0
2021-07-20T16:13:34.971916000Z  ( 3)  3.kids_cat4 = 0
2021-07-20T16:13:34.971919500Z 
2021-07-20T16:13:34.971922700Z            chi2(  3) =    0.68
2021-07-20T16:13:34.971932900Z          Prob > chi2 =    0.8775
2021-07-20T16:13:34.976308400Z   1,033
2021-07-20T16:13:34.976323900Z 
2021-07-20T16:13:34.976326700Z     Variable |        Obs        Mean    Std. Dev.       Min        Max
2021-07-20T16:13:34.976351600Z -------------+---------------------------------------------------------
2021-07-20T16:13:34.976357000Z total_foll~p |      3,793      310314           0     310314     310314
2021-07-20T16:13:35.008997500Z 
2021-07-20T16:13:35.009028800Z  ( 1)  1.kids_cat4 = 0
2021-07-20T16:13:35.009032600Z  ( 2)  2.kids_cat4 = 0
2021-07-20T16:13:35.009035100Z  ( 3)  3.kids_cat4 = 0
2021-07-20T16:13:35.009037400Z 
2021-07-20T16:13:35.009039600Z            chi2(  3) =    0.68
2021-07-20T16:13:35.009042100Z          Prob > chi2 =    0.8775
2021-07-20T16:13:35.009045000Z 
2021-07-20T16:13:35.009047300Z . file write tablecontents _n
2021-07-20T16:13:35.009049700Z 
2021-07-20T16:13:35.009051900Z . 
2021-07-20T16:13:35.009054200Z . *Number kids
2021-07-20T16:13:35.009056600Z . outputHRsforvar, variable("gp_number_kids") min(0) max(4) outcome(`outcome')
2021-07-20T16:13:35.027612900Z   0
2021-07-20T16:13:35.027632500Z 
2021-07-20T16:13:35.027635100Z     Variable |        Obs        Mean    Std. Dev.       Min        Max
2021-07-20T16:13:35.027637300Z -------------+---------------------------------------------------------
2021-07-20T16:13:35.040529500Z total_foll~p |          0
2021-07-20T16:13:35.040557600Z 
2021-07-20T16:13:35.040564000Z  ( 1)  2.gp_number_kids = 0
2021-07-20T16:13:35.040568600Z  ( 2)  3.gp_number_kids = 0
2021-07-20T16:13:35.040573200Z  ( 3)  4.gp_number_kids = 0
2021-07-20T16:13:35.040577900Z 
2021-07-20T16:13:35.040582600Z            chi2(  3) =    4.58
2021-07-20T16:13:35.040587600Z          Prob > chi2 =    0.2051
2021-07-20T16:13:35.061370900Z   143
2021-07-20T16:13:35.061394700Z 
2021-07-20T16:13:35.061400400Z     Variable |        Obs        Mean    Std. Dev.       Min        Max
2021-07-20T16:13:35.061404800Z -------------+---------------------------------------------------------
2021-07-20T16:13:35.061409000Z total_foll~p |        400       59297           0      59297      59297
2021-07-20T16:13:35.091655000Z 
2021-07-20T16:13:35.091678100Z  ( 1)  2.gp_number_kids = 0
2021-07-20T16:13:35.091681000Z  ( 2)  3.gp_number_kids = 0
2021-07-20T16:13:35.091683000Z  ( 3)  4.gp_number_kids = 0
2021-07-20T16:13:35.091685000Z 
2021-07-20T16:13:35.091686800Z            chi2(  3) =    4.58
2021-07-20T16:13:35.091689100Z          Prob > chi2 =    0.2051
2021-07-20T16:13:35.108004000Z   93
2021-07-20T16:13:35.108029800Z 
2021-07-20T16:13:35.108033900Z     Variable |        Obs        Mean    Std. Dev.       Min        Max
2021-07-20T16:13:35.108036300Z -------------+---------------------------------------------------------
2021-07-20T16:13:35.108049100Z total_foll~p |        273       42089           0      42089      42089
2021-07-20T16:13:35.136972700Z 
2021-07-20T16:13:35.136993800Z  ( 1)  2.gp_number_kids = 0
2021-07-20T16:13:35.136996600Z  ( 2)  3.gp_number_kids = 0
2021-07-20T16:13:35.136998600Z  ( 3)  4.gp_number_kids = 0
2021-07-20T16:13:35.137000600Z 
2021-07-20T16:13:35.137002400Z            chi2(  3) =    4.58
2021-07-20T16:13:35.137004600Z          Prob > chi2 =    0.2051
2021-07-20T16:13:35.155767600Z   68
2021-07-20T16:13:35.155785700Z 
2021-07-20T16:13:35.155788600Z     Variable |        Obs        Mean    Std. Dev.       Min        Max
2021-07-20T16:13:35.155791000Z -------------+---------------------------------------------------------
2021-07-20T16:13:35.155793200Z total_foll~p |        222       34906           0      34906      34906
2021-07-20T16:13:35.183894900Z 
2021-07-20T16:13:35.183919200Z  ( 1)  2.gp_number_kids = 0
2021-07-20T16:13:35.183921900Z  ( 2)  3.gp_number_kids = 0
2021-07-20T16:13:35.183924000Z  ( 3)  4.gp_number_kids = 0
2021-07-20T16:13:35.183925900Z 
2021-07-20T16:13:35.183927800Z            chi2(  3) =    4.58
2021-07-20T16:13:35.183943800Z          Prob > chi2 =    0.2051
2021-07-20T16:13:35.206276600Z   198
2021-07-20T16:13:35.206296300Z 
2021-07-20T16:13:35.206299600Z     Variable |        Obs        Mean    Std. Dev.       Min        Max
2021-07-20T16:13:35.206302200Z -------------+---------------------------------------------------------
2021-07-20T16:13:35.206304700Z total_foll~p |        651      100563           0     100563     100563
2021-07-20T16:13:35.234997700Z 
2021-07-20T16:13:35.235034800Z  ( 1)  2.gp_number_kids = 0
2021-07-20T16:13:35.235037600Z  ( 2)  3.gp_number_kids = 0
2021-07-20T16:13:35.235040900Z  ( 3)  4.gp_number_kids = 0
2021-07-20T16:13:35.235042800Z 
2021-07-20T16:13:35.235044700Z            chi2(  3) =    4.58
2021-07-20T16:13:35.235046900Z          Prob > chi2 =    0.2051
2021-07-20T16:13:35.239493600Z   0
2021-07-20T16:13:35.239513100Z 
2021-07-20T16:13:35.239517200Z     Variable |        Obs        Mean    Std. Dev.       Min        Max
2021-07-20T16:13:35.239520800Z -------------+---------------------------------------------------------
2021-07-20T16:13:35.253372700Z total_foll~p |          0
2021-07-20T16:13:35.253403600Z 
2021-07-20T16:13:35.253408700Z  ( 1)  2.gp_number_kids = 0
2021-07-20T16:13:35.253413700Z  ( 2)  3.gp_number_kids = 0
2021-07-20T16:13:35.253418500Z  ( 3)  4.gp_number_kids = 0
2021-07-20T16:13:35.253438000Z 
2021-07-20T16:13:35.253443500Z            chi2(  3) =    1.01
2021-07-20T16:13:35.253447700Z          Prob > chi2 =    0.7982
2021-07-20T16:13:35.258275800Z   24
2021-07-20T16:13:35.258294200Z 
2021-07-20T16:13:35.258297100Z     Variable |        Obs        Mean    Std. Dev.       Min        Max
2021-07-20T16:13:35.258299200Z -------------+---------------------------------------------------------
2021-07-20T16:13:35.258301400Z total_foll~p |        100       15606           0      15606      15606
2021-07-20T16:13:35.289941800Z 
2021-07-20T16:13:35.289964200Z  ( 1)  2.gp_number_kids = 0
2021-07-20T16:13:35.289967000Z  ( 2)  3.gp_number_kids = 0
2021-07-20T16:13:35.289969000Z  ( 3)  4.gp_number_kids = 0
2021-07-20T16:13:35.289970900Z 
2021-07-20T16:13:35.289972800Z            chi2(  3) =    1.01
2021-07-20T16:13:35.289975000Z          Prob > chi2 =    0.7982
2021-07-20T16:13:35.294300700Z   25
2021-07-20T16:13:35.294324300Z 
2021-07-20T16:13:35.294328900Z     Variable |        Obs        Mean    Std. Dev.       Min        Max
2021-07-20T16:13:35.294332300Z -------------+---------------------------------------------------------
2021-07-20T16:13:35.294335500Z total_foll~p |         77       12450           0      12450      12450
2021-07-20T16:13:35.328311600Z 
2021-07-20T16:13:35.328336500Z  ( 1)  2.gp_number_kids = 0
2021-07-20T16:13:35.328341100Z  ( 2)  3.gp_number_kids = 0
2021-07-20T16:13:35.328344700Z  ( 3)  4.gp_number_kids = 0
2021-07-20T16:13:35.328348600Z 
2021-07-20T16:13:35.328351900Z            chi2(  3) =    1.01
2021-07-20T16:13:35.328355600Z          Prob > chi2 =    0.7982
2021-07-20T16:13:35.333855000Z   17
2021-07-20T16:13:35.333876400Z 
2021-07-20T16:13:35.333881200Z     Variable |        Obs        Mean    Std. Dev.       Min        Max
2021-07-20T16:13:35.333885200Z -------------+---------------------------------------------------------
2021-07-20T16:13:35.333887600Z total_foll~p |         50        8128           0       8128       8128
2021-07-20T16:13:35.367083600Z 
2021-07-20T16:13:35.367100500Z  ( 1)  2.gp_number_kids = 0
2021-07-20T16:13:35.367103500Z  ( 2)  3.gp_number_kids = 0
2021-07-20T16:13:35.367105600Z  ( 3)  4.gp_number_kids = 0
2021-07-20T16:13:35.367107500Z 
2021-07-20T16:13:35.367109400Z            chi2(  3) =    1.01
2021-07-20T16:13:35.367111600Z          Prob > chi2 =    0.7982
2021-07-20T16:13:35.371706100Z   48
2021-07-20T16:13:35.371727000Z 
2021-07-20T16:13:35.371731400Z     Variable |        Obs        Mean    Std. Dev.       Min        Max
2021-07-20T16:13:35.371752200Z -------------+---------------------------------------------------------
2021-07-20T16:13:35.371756500Z total_foll~p |        173       26311           0      26311      26311
2021-07-20T16:13:35.403596100Z 
2021-07-20T16:13:35.403629900Z  ( 1)  2.gp_number_kids = 0
2021-07-20T16:13:35.403635000Z  ( 2)  3.gp_number_kids = 0
2021-07-20T16:13:35.403637200Z  ( 3)  4.gp_number_kids = 0
2021-07-20T16:13:35.403639100Z 
2021-07-20T16:13:35.403641600Z            chi2(  3) =    1.01
2021-07-20T16:13:35.403643800Z          Prob > chi2 =    0.7982
2021-07-20T16:13:35.431963300Z   0
2021-07-20T16:13:35.431983300Z 
2021-07-20T16:13:35.431988300Z     Variable |        Obs        Mean    Std. Dev.       Min        Max
2021-07-20T16:13:35.431991900Z -------------+---------------------------------------------------------
2021-07-20T16:13:35.445505900Z total_foll~p |          0
2021-07-20T16:13:35.445542500Z 
2021-07-20T16:13:35.445547700Z  ( 1)  2.gp_number_kids = 0
2021-07-20T16:13:35.445551300Z  ( 2)  3.gp_number_kids = 0
2021-07-20T16:13:35.445554400Z  ( 3)  4.gp_number_kids = 0
2021-07-20T16:13:35.445557800Z 
2021-07-20T16:13:35.445560800Z            chi2(  3) =    2.98
2021-07-20T16:13:35.445563700Z          Prob > chi2 =    0.3951
2021-07-20T16:13:35.470301900Z   105
2021-07-20T16:13:35.470319300Z 
2021-07-20T16:13:35.470322100Z     Variable |        Obs        Mean    Std. Dev.       Min        Max
2021-07-20T16:13:35.470324300Z -------------+---------------------------------------------------------
2021-07-20T16:13:35.470326500Z total_foll~p |        378       30330           0      30330      30330
2021-07-20T16:13:35.507460300Z 
2021-07-20T16:13:35.507485600Z  ( 1)  2.gp_number_kids = 0
2021-07-20T16:13:35.507488500Z  ( 2)  3.gp_number_kids = 0
2021-07-20T16:13:35.507490700Z  ( 3)  4.gp_number_kids = 0
2021-07-20T16:13:35.507492600Z 
2021-07-20T16:13:35.507494400Z            chi2(  3) =    2.98
2021-07-20T16:13:35.507496600Z          Prob > chi2 =    0.3951
2021-07-20T16:13:35.536986100Z   140
2021-07-20T16:13:35.537003200Z 
2021-07-20T16:13:35.537005900Z     Variable |        Obs        Mean    Std. Dev.       Min        Max
2021-07-20T16:13:35.537008300Z -------------+---------------------------------------------------------
2021-07-20T16:13:35.537010500Z total_foll~p |        486       39043           0      39043      39043
2021-07-20T16:13:35.567926100Z 
2021-07-20T16:13:35.567943500Z  ( 1)  2.gp_number_kids = 0
2021-07-20T16:13:35.567946700Z  ( 2)  3.gp_number_kids = 0
2021-07-20T16:13:35.567957400Z  ( 3)  4.gp_number_kids = 0
2021-07-20T16:13:35.567959500Z 
2021-07-20T16:13:35.567961400Z            chi2(  3) =    2.98
2021-07-20T16:13:35.567963600Z          Prob > chi2 =    0.3951
2021-07-20T16:13:35.594835700Z   51
2021-07-20T16:13:35.594867500Z 
2021-07-20T16:13:35.594873400Z     Variable |        Obs        Mean    Std. Dev.       Min        Max
2021-07-20T16:13:35.594876900Z -------------+---------------------------------------------------------
2021-07-20T16:13:35.594880100Z total_foll~p |        204       17071           0      17071      17071
2021-07-20T16:13:35.629353800Z 
2021-07-20T16:13:35.629381600Z  ( 1)  2.gp_number_kids = 0
2021-07-20T16:13:35.629385600Z  ( 2)  3.gp_number_kids = 0
2021-07-20T16:13:35.629389200Z  ( 3)  4.gp_number_kids = 0
2021-07-20T16:13:35.629392000Z 
2021-07-20T16:13:35.629394900Z            chi2(  3) =    2.98
2021-07-20T16:13:35.629398000Z          Prob > chi2 =    0.3951
2021-07-20T16:13:35.653332200Z   242
2021-07-20T16:13:35.653352900Z 
2021-07-20T16:13:35.653357500Z     Variable |        Obs        Mean    Std. Dev.       Min        Max
2021-07-20T16:13:35.653361100Z -------------+---------------------------------------------------------
2021-07-20T16:13:35.653364300Z total_foll~p |        836       67963           0      67963      67963
2021-07-20T16:13:35.690122300Z 
2021-07-20T16:13:35.690139100Z  ( 1)  2.gp_number_kids = 0
2021-07-20T16:13:35.690141800Z  ( 2)  3.gp_number_kids = 0
2021-07-20T16:13:35.690143800Z  ( 3)  4.gp_number_kids = 0
2021-07-20T16:13:35.690145700Z 
2021-07-20T16:13:35.690147800Z            chi2(  3) =    2.98
2021-07-20T16:13:35.690151300Z          Prob > chi2 =    0.3951
2021-07-20T16:13:35.695287900Z   0
2021-07-20T16:13:35.695315900Z 
2021-07-20T16:13:35.695319900Z     Variable |        Obs        Mean    Std. Dev.       Min        Max
2021-07-20T16:13:35.695322900Z -------------+---------------------------------------------------------
2021-07-20T16:13:35.707411500Z total_foll~p |          0
2021-07-20T16:13:35.707441300Z 
2021-07-20T16:13:35.707445200Z  ( 1)  2.gp_number_kids = 0
2021-07-20T16:13:35.707448900Z  ( 2)  3.gp_number_kids = 0
2021-07-20T16:13:35.707452300Z  ( 3)  4.gp_number_kids = 0
2021-07-20T16:13:35.707455100Z 
2021-07-20T16:13:35.707460600Z            chi2(  3) =    5.11
2021-07-20T16:13:35.707466100Z          Prob > chi2 =    0.1638
2021-07-20T16:13:35.712159200Z   23
2021-07-20T16:13:35.712180000Z 
2021-07-20T16:13:35.712185000Z     Variable |        Obs        Mean    Std. Dev.       Min        Max
2021-07-20T16:13:35.712197000Z -------------+---------------------------------------------------------
2021-07-20T16:13:35.712199900Z total_foll~p |         91        7424           0       7424       7424
2021-07-20T16:13:35.741370700Z 
2021-07-20T16:13:35.741406900Z  ( 1)  2.gp_number_kids = 0
2021-07-20T16:13:35.741409800Z  ( 2)  3.gp_number_kids = 0
2021-07-20T16:13:35.741411900Z  ( 3)  4.gp_number_kids = 0
2021-07-20T16:13:35.741414300Z 
2021-07-20T16:13:35.741416200Z            chi2(  3) =    5.11
2021-07-20T16:13:35.741418400Z          Prob > chi2 =    0.1638
2021-07-20T16:13:35.749111700Z   26
2021-07-20T16:13:35.749132700Z 
2021-07-20T16:13:35.749137300Z     Variable |        Obs        Mean    Std. Dev.       Min        Max
2021-07-20T16:13:35.749141000Z -------------+---------------------------------------------------------
2021-07-20T16:13:35.749144700Z total_foll~p |        123       10586           0      10586      10586
2021-07-20T16:13:35.779748300Z 
2021-07-20T16:13:35.779768300Z  ( 1)  2.gp_number_kids = 0
2021-07-20T16:13:35.779773000Z  ( 2)  3.gp_number_kids = 0
2021-07-20T16:13:35.779776600Z  ( 3)  4.gp_number_kids = 0
2021-07-20T16:13:35.779780000Z 
2021-07-20T16:13:35.779783400Z            chi2(  3) =    5.11
2021-07-20T16:13:35.779887200Z          Prob > chi2 =    0.1638
2021-07-20T16:13:35.785815500Z   17
2021-07-20T16:13:35.785828600Z 
2021-07-20T16:13:35.785831300Z     Variable |        Obs        Mean    Std. Dev.       Min        Max
2021-07-20T16:13:35.785833500Z -------------+---------------------------------------------------------
2021-07-20T16:13:35.785835600Z total_foll~p |         50        3801           0       3801       3801
2021-07-20T16:13:35.817786300Z 
2021-07-20T16:13:35.817801200Z  ( 1)  2.gp_number_kids = 0
2021-07-20T16:13:35.817804000Z  ( 2)  3.gp_number_kids = 0
2021-07-20T16:13:35.817806100Z  ( 3)  4.gp_number_kids = 0
2021-07-20T16:13:35.817808100Z 
2021-07-20T16:13:35.817810000Z            chi2(  3) =    5.11
2021-07-20T16:13:35.817811900Z          Prob > chi2 =    0.1638
2021-07-20T16:13:35.822242300Z   71
2021-07-20T16:13:35.822257200Z 
2021-07-20T16:13:35.822259600Z     Variable |        Obs        Mean    Std. Dev.       Min        Max
2021-07-20T16:13:35.822261700Z -------------+---------------------------------------------------------
2021-07-20T16:13:35.822263800Z total_foll~p |        245       19557           0      19557      19557
2021-07-20T16:13:35.855677600Z 
2021-07-20T16:13:35.855696400Z  ( 1)  2.gp_number_kids = 0
2021-07-20T16:13:35.855711500Z  ( 2)  3.gp_number_kids = 0
2021-07-20T16:13:35.855715600Z  ( 3)  4.gp_number_kids = 0
2021-07-20T16:13:35.855719300Z 
2021-07-20T16:13:35.855722600Z            chi2(  3) =    5.11
2021-07-20T16:13:35.855726000Z          Prob > chi2 =    0.1638
2021-07-20T16:13:35.855843500Z 
2021-07-20T16:13:35.855854800Z . file write tablecontents _n 
2021-07-20T16:13:35.855858800Z 
2021-07-20T16:13:35.855862000Z . 
2021-07-20T16:13:35.855865400Z . file close tablecontents
2021-07-20T16:13:35.855869200Z 
2021-07-20T16:13:35.855872600Z . 
2021-07-20T16:13:35.855875800Z . 
2021-07-20T16:13:35.855879000Z . log close
2021-07-20T16:13:35.855962400Z       name:  <unnamed>
2021-07-20T16:13:35.855973900Z        log:  /workspace/log/08_an_tablecontent_HRtable_covid_icu.log
2021-07-20T16:13:35.855978700Z   log type:  text
2021-07-20T16:13:35.855982200Z  closed on:  20 Jul 2021, 16:13:35
2021-07-20T16:13:35.855985400Z -------------------------------------------------------------------------------
2021-07-20T16:13:35.855989000Z 
2021-07-20T16:13:35.855992200Z . 
2021-07-20T16:13:35.855995800Z end of do-file
2021-07-20T16:13:35.855999200Z 
2021-07-20T16:13:35.856002300Z . . file open output using "/tmp/tmp.IsT4kj8aER", write text replace
2021-07-20T16:13:35.856162400Z 
2021-07-20T16:13:35.856172000Z . . file write output "success" 
2021-07-20T16:13:35.856175700Z 
2021-07-20T16:13:35.856178800Z . . file close output
2021-07-20T16:13:35.856182000Z 
2021-07-20T16:13:35.856185100Z . 
2021-07-20T16:13:35.856188400Z end of do-file
2021-07-20T16:13:35.856191600Z 
2021-07-20T16:13:35.856194700Z 
2021-07-20T16:13:35.879083300Z . 

state: succeeded
commit: none
docker_image_id: sha256:11980aa720220a1b39bf523f5a8a33270214c13876c30ee364e16265766f7f60
exit_code: 0
job_id: xwmqpcza55qjh34v
run_by_user: qc18278
created_at: 2021-07-20T15:38:48Z
started_at: 2021-07-20T16:13:34Z
completed_at: 2021-07-20T16:14:00Z

Completed successfully

outputs:
  log/08_an_tablecontent_HRtable_covid_icu.log   - moderately_sensitive
  output/an_tablecontents_HRtable_covid_icu.txt  - moderately_sensitive