2021-07-20T16:12:51.597386100Z 
2021-07-20T16:12:51.597452600Z   ___  ____  ____  ____  ____ (R)
2021-07-20T16:12:51.597460600Z  /__    /   ____/   /   ____/
2021-07-20T16:12:51.597463500Z ___/   /   /___/   /   /___/   16.1   Copyright 1985-2019 StataCorp LLC
2021-07-20T16:12:51.597466400Z   Statistics/Data Analysis            StataCorp
2021-07-20T16:12:51.597468500Z                                       4905 Lakeway Drive
2021-07-20T16:12:51.597470400Z                                       College Station, Texas 77845 USA
2021-07-20T16:12:51.597472500Z                                       800-STATA-PC        http://www.stata.com
2021-07-20T16:12:51.597474700Z                                       979-696-4600        stata@stata.com
2021-07-20T16:12:51.597476800Z                                       979-696-4601 (fax)
2021-07-20T16:12:51.597478800Z 
2021-07-20T16:12:51.597480700Z 3-user Stata network license expires 11 May 2022:
2021-07-20T16:12:51.597482600Z        Serial number:  501709312237
2021-07-20T16:12:51.597486000Z          Licensed to:  The Bennett Institute
2021-07-20T16:12:51.597487900Z                        Oxford University
2021-07-20T16:12:51.598325200Z 
2021-07-20T16:12:51.598343300Z Notes:
2021-07-20T16:12:51.598347900Z       1.  Unicode is supported; see help unicode_advice.
2021-07-20T16:12:51.598351300Z 
2021-07-20T16:12:51.598354500Z . do "analysis/08_an_tablecontent_HRtable.wrapper.do" covid_death 
2021-07-20T16:12:51.598358700Z 
2021-07-20T16:12:51.598361800Z . . do "analysis/08_an_tablecontent_HRtable.do" covid_death
2021-07-20T16:12:51.598365600Z 
2021-07-20T16:12:51.598368700Z . *************************************************************************
2021-07-20T16:12:51.598372300Z . *Do file: 08_an_tablecontent_HRtable
2021-07-20T16:12:51.598375500Z . *
2021-07-20T16:12:51.598378600Z . *Purpose: Create content that is ready to paste into a pre-formatted Word 
2021-07-20T16:12:51.598381700Z . * shell table containing minimally and fully-adjusted HRs for risk factors
2021-07-20T16:12:51.598384600Z . * of interest, across 2 outcomes 
2021-07-20T16:12:51.598387700Z . *
2021-07-20T16:12:51.598391100Z . *Requires: final analysis dataset (analysis_dataset.dta)
2021-07-20T16:12:51.598394700Z . *
2021-07-20T16:12:51.598398100Z . *Coding: HFORBES, based on file from Krishnan Bhaskaran
2021-07-20T16:12:51.598401400Z . *
2021-07-20T16:12:51.598404600Z . *Date drafted: 30th June 2020
2021-07-20T16:12:51.598408400Z . *************************************************************************
2021-07-20T16:12:51.598411000Z . 
2021-07-20T16:12:51.598413000Z . global outdir     "output"
2021-07-20T16:12:51.598415400Z 
2021-07-20T16:12:51.598426500Z . global logdir     "log"
2021-07-20T16:12:51.598430200Z 
2021-07-20T16:12:51.598433300Z . global tempdir    "tempdata"
2021-07-20T16:12:51.598436600Z 
2021-07-20T16:12:51.598439500Z . 
2021-07-20T16:12:51.598442500Z . local outcome `1' 
2021-07-20T16:12:51.598445900Z 
2021-07-20T16:12:51.598449100Z . 
2021-07-20T16:12:51.598453900Z . * Open a log file
2021-07-20T16:12:51.598457300Z . capture log close
2021-07-20T16:12:51.598460400Z 
2021-07-20T16:12:51.598463400Z . log using "$logdir/08_an_tablecontent_HRtable_`outcome'", text replace
2021-07-20T16:12:51.598471200Z (note: file /workspace/log/08_an_tablecontent_HRtable_covid_death.log not found
2021-07-20T16:12:51.598475300Z > )
2021-07-20T16:12:51.598478900Z -------------------------------------------------------------------------------
2021-07-20T16:12:51.598482400Z       name:  <unnamed>
2021-07-20T16:12:51.598485900Z        log:  /workspace/log/08_an_tablecontent_HRtable_covid_death.log
2021-07-20T16:12:51.598489300Z   log type:  text
2021-07-20T16:12:51.598492600Z  opened on:  20 Jul 2021, 16:12:51
2021-07-20T16:12:51.598496000Z 
2021-07-20T16:12:51.598499000Z . 
2021-07-20T16:12:51.598502100Z . 
2021-07-20T16:12:51.598618600Z . *****************************************************************************
2021-07-20T16:12:51.598631100Z > ******************************************
2021-07-20T16:12:51.598636200Z . *Generic code to ouput the HRs across outcomes for all levels of a particular
2021-07-20T16:12:51.598640200Z >  variables, in the right shape for table
2021-07-20T16:12:51.598643400Z . cap prog drop outputHRsforvar
2021-07-20T16:12:51.598647000Z 
2021-07-20T16:12:51.598650500Z . prog define outputHRsforvar
2021-07-20T16:12:51.598654200Z   1. syntax, variable(string) min(real) max(real) outcome(string)
2021-07-20T16:12:51.598658000Z   2. foreach dataset in MAIN W2 {
2021-07-20T16:12:51.598661800Z   3. forvalues x=0/1 {
2021-07-20T16:12:51.598779100Z   4. file write tablecontents ("age") ("`x'") _n
2021-07-20T16:12:51.598788800Z   5. forvalues i=`min'/`max'{
2021-07-20T16:12:51.598792800Z   6. local endwith "_tab"
2021-07-20T16:12:51.598796300Z   7. 
2021-07-20T16:12:51.598799700Z .         *put the varname and condition to left so that alignment can be check
2021-07-20T16:12:51.598803200Z > ed vs shell
2021-07-20T16:12:51.598806400Z .         file write tablecontents ("`variable'") _tab ("`i'") _tab ("`dataset'
2021-07-20T16:12:51.598810300Z > ") _tab 
2021-07-20T16:12:51.598814000Z   8.         
2021-07-20T16:12:51.598825800Z .         use "$tempdir/cr_create_analysis_dataset_STSET_`outcome'_ageband_`x'`
2021-07-20T16:12:51.598830200Z > dataset'.dta", clear
2021-07-20T16:12:51.598833800Z   9.         *put total N, PYFU and Rate in table
2021-07-20T16:12:51.598837500Z .         cou if `variable' == `i' & _d == 1
2021-07-20T16:12:51.598841200Z  10.         local event = r(N)
2021-07-20T16:12:51.598844800Z  11.     bysort `variable': egen total_follow_up = total(_t)
2021-07-20T16:12:51.598848600Z  12.         su total_follow_up if `variable' == `i'
2021-07-20T16:12:51.598852300Z  13.         local person_days = r(mean)
2021-07-20T16:12:51.598855700Z  14.         local person_years=`person_days'/365.25
2021-07-20T16:12:51.598859100Z  15.         local rate = 100000*(`event'/`person_years')
2021-07-20T16:12:51.598862700Z  16.         
2021-07-20T16:12:51.598867600Z .         file write tablecontents (`event') _tab %10.0f (`person_years') _tab 
2021-07-20T16:12:51.598871300Z > %3.2f (`rate') _tab
2021-07-20T16:12:51.598874700Z  17.         drop total_follow_up
2021-07-20T16:12:51.598878200Z  18.         
2021-07-20T16:12:51.598881600Z .         
2021-07-20T16:12:51.598885100Z .         *models
2021-07-20T16:12:51.598888600Z .         foreach modeltype of any minadj demogadj fulladj  {
2021-07-20T16:12:51.598892300Z  19.         
2021-07-20T16:12:51.598895400Z .                 local noestimatesflag 0 /*reset*/
2021-07-20T16:12:51.598898300Z  20. 
2021-07-20T16:12:51.598901100Z . *CHANGE THE OUTCOME BELOW TO LAST IF BRINGING IN MORE COLS
2021-07-20T16:12:51.598904000Z .                 if "`modeltype'"=="fulladj" local endwith "_n"
2021-07-20T16:12:51.598907400Z  21. 
2021-07-20T16:12:51.598936300Z .                 ***********************
2021-07-20T16:12:51.598947000Z .                 *1) GET THE RIGHT ESTIMATES INTO MEMORY
2021-07-20T16:12:51.598951600Z .                 
2021-07-20T16:12:51.598955300Z .                 if "`modeltype'"=="minadj" {
2021-07-20T16:12:51.598959200Z  22.                         cap estimates use ./output/an_univariable_cox_mode
2021-07-20T16:12:51.598962800Z > ls_`variable'_`outcome'_AGESEX_ageband_`x'`dataset'
2021-07-20T16:12:51.598966600Z  23.                         if _rc!=0 local noestimatesflag 1
2021-07-20T16:12:51.598970200Z  24.                         }
2021-07-20T16:12:51.598976200Z  25.                 if "`modeltype'"=="demogadj" {
2021-07-20T16:12:51.599028100Z  26.                         cap estimates use ./output/an_multivariate_cox_mod
2021-07-20T16:12:51.599039000Z > els_`outcome'_`variable'_DEMOGADJ_ageband_`x'`dataset'
2021-07-20T16:12:51.599043600Z  27.                         if _rc!=0 local noestimatesflag 1
2021-07-20T16:12:51.599053300Z  28.                         }
2021-07-20T16:12:51.599055600Z  29.                 if "`modeltype'"=="fulladj" {
2021-07-20T16:12:51.599058400Z  30.                         cap estimates use ./output/an_multivariate_cox_mod
2021-07-20T16:12:51.599061700Z > els_`outcome'_`variable'_MAINFULLYADJMODEL_ageband_`x'`dataset' 
2021-07-20T16:12:51.599187000Z  31.                         if _rc!=0 local noestimatesflag 1
2021-07-20T16:12:51.599199100Z  32.                         }
2021-07-20T16:12:51.599203900Z  33.                 
2021-07-20T16:12:51.599207900Z .                 ***********************
2021-07-20T16:12:51.599258800Z .                 *2) WRITE THE HRs TO THE OUTPUT FILE
2021-07-20T16:12:51.599267200Z .                 
2021-07-20T16:12:51.599270300Z .                 if `noestimatesflag'==0{
2021-07-20T16:12:51.599273000Z  34.                         cap lincom `i'.`variable', eform
2021-07-20T16:12:51.599275900Z  35.                         if _rc==0 file write tablecontents %4.2f (r(estima
2021-07-20T16:12:51.599279200Z > te)) (" (") %4.2f (r(lb)) ("-") %4.2f (r(ub)) (")") `endwith'
2021-07-20T16:12:51.599283300Z  36.                                 else file write tablecontents %4.2f ("ERR 
2021-07-20T16:12:51.599287300Z > IN MODEL") `endwith'
2021-07-20T16:12:51.599290900Z  37.                         }
2021-07-20T16:12:51.599294300Z  38.                         else file write tablecontents %4.2f ("DID NOT FIT"
2021-07-20T16:12:51.599298000Z > ) `endwith' 
2021-07-20T16:12:51.599301200Z  39.                         
2021-07-20T16:12:51.599303300Z .                 *3) Save the estimates for plotting
2021-07-20T16:12:51.599305200Z .                 if `noestimatesflag'==0{
2021-07-20T16:12:51.599307200Z  40.                         if "`modeltype'"=="fulladj" {
2021-07-20T16:12:51.599309500Z  41.                                 local hr = r(estimate)
2021-07-20T16:12:51.599311600Z  42.                                 local lb = r(lb)
2021-07-20T16:12:51.599314300Z  43.                                 local ub = r(ub)
2021-07-20T16:12:51.599371800Z  44.                                 cap gen `variable'=.
2021-07-20T16:12:51.599380000Z  45.                                 testparm i.`variable'
2021-07-20T16:12:51.599382400Z  46.                                 *drop `variable'
2021-07-20T16:12:51.599384300Z .                                 }
2021-07-20T16:12:51.599386300Z  47.                 }       
2021-07-20T16:12:51.599388300Z  48.                 } /*min adj, full adj*/
2021-07-20T16:12:51.599405300Z  49.                 
2021-07-20T16:12:51.599413100Z . } /*variable levels*/
2021-07-20T16:12:51.599417500Z  50. 
2021-07-20T16:12:51.599421300Z . } /*agebands*/
2021-07-20T16:12:51.599526300Z  51. 
2021-07-20T16:12:51.599537400Z . } /*Waves*/
2021-07-20T16:12:51.599541800Z  52. end
2021-07-20T16:12:51.599545400Z 
2021-07-20T16:12:51.599548700Z . *****************************************************************************
2021-07-20T16:12:51.599552100Z > ******************************************
2021-07-20T16:12:51.599556800Z . /*Generic code to write a full row of "ref category" to the output file
2021-07-20T16:12:51.599560800Z > cap prog drop refline
2021-07-20T16:12:51.599564100Z > prog define refline
2021-07-20T16:12:51.599567300Z > file write tablecontents _tab _tab ("1.00 (ref)") _tab ("1.00 (ref)")  _n
2021-07-20T16:12:51.599571000Z > end*/
2021-07-20T16:12:51.599574000Z . *****************************************************************************
2021-07-20T16:12:51.599577300Z > ******************************************
2021-07-20T16:12:51.599580600Z . 
2021-07-20T16:12:51.599583400Z . *MAIN CODE TO PRODUCE TABLE CONTENTS
2021-07-20T16:12:51.599585700Z . 
2021-07-20T16:12:51.599587700Z . cap file close tablecontents
2021-07-20T16:12:51.599589800Z 
2021-07-20T16:12:51.599591700Z . file open tablecontents using ./output/an_tablecontents_HRtable_`outcome'.txt
2021-07-20T16:12:51.599593800Z > , t w replace 
2021-07-20T16:12:51.599657300Z (note: file ./output/an_tablecontents_HRtable_covid_death.txt not found)
2021-07-20T16:12:51.599667700Z 
2021-07-20T16:12:51.599671800Z . 
2021-07-20T16:12:51.599673800Z . *Primary exposure
2021-07-20T16:12:51.599676000Z . outputHRsforvar, variable("kids_cat4") min(0) max(3) outcome(`outcome')
2021-07-20T16:12:51.608870400Z   94
2021-07-20T16:12:51.620575800Z 
2021-07-20T16:12:51.620597500Z     Variable |        Obs        Mean    Std. Dev.       Min        Max
2021-07-20T16:12:51.620601300Z -------------+---------------------------------------------------------
2021-07-20T16:12:51.620603600Z total_foll~p |        469       83277           0      83277      83277
2021-07-20T16:12:51.798926900Z 
2021-07-20T16:12:51.798950900Z  ( 1)  1.kids_cat4 = 0
2021-07-20T16:12:51.798955200Z  ( 2)  2.kids_cat4 = 0
2021-07-20T16:12:51.798958600Z  ( 3)  3.kids_cat4 = 0
2021-07-20T16:12:51.798961800Z 
2021-07-20T16:12:51.798965000Z            chi2(  3) =    0.55
2021-07-20T16:12:51.798968600Z          Prob > chi2 =    0.9076
2021-07-20T16:12:51.821628800Z   296
2021-07-20T16:12:51.821650200Z 
2021-07-20T16:12:51.821654400Z     Variable |        Obs        Mean    Std. Dev.       Min        Max
2021-07-20T16:12:51.821656900Z -------------+---------------------------------------------------------
2021-07-20T16:12:51.821669800Z total_foll~p |      1,546      277303           0     277303     277303
2021-07-20T16:12:51.852747500Z 
2021-07-20T16:12:51.852814600Z  ( 1)  1.kids_cat4 = 0
2021-07-20T16:12:51.852821800Z  ( 2)  2.kids_cat4 = 0
2021-07-20T16:12:51.852826200Z  ( 3)  3.kids_cat4 = 0
2021-07-20T16:12:51.852829500Z 
2021-07-20T16:12:51.852834300Z            chi2(  3) =    0.55
2021-07-20T16:12:51.852839600Z          Prob > chi2 =    0.9076
2021-07-20T16:12:51.877639300Z   71
2021-07-20T16:12:51.877657100Z 
2021-07-20T16:12:51.877660300Z     Variable |        Obs        Mean    Std. Dev.       Min        Max
2021-07-20T16:12:51.877662600Z -------------+---------------------------------------------------------
2021-07-20T16:12:51.877664800Z total_foll~p |        354       62668           0      62668      62668
2021-07-20T16:12:51.910908900Z 
2021-07-20T16:12:51.910937600Z  ( 1)  1.kids_cat4 = 0
2021-07-20T16:12:51.910943100Z  ( 2)  2.kids_cat4 = 0
2021-07-20T16:12:51.910947600Z  ( 3)  3.kids_cat4 = 0
2021-07-20T16:12:51.910951600Z 
2021-07-20T16:12:51.910955800Z            chi2(  3) =    0.55
2021-07-20T16:12:51.910959900Z          Prob > chi2 =    0.9076
2021-07-20T16:12:51.935955500Z   2,616
2021-07-20T16:12:51.935983200Z 
2021-07-20T16:12:51.935988000Z     Variable |        Obs        Mean    Std. Dev.       Min        Max
2021-07-20T16:12:51.935992000Z -------------+---------------------------------------------------------
2021-07-20T16:12:51.935995800Z total_foll~p |     13,837     2470283           0    2470283    2470283
2021-07-20T16:12:51.969059500Z 
2021-07-20T16:12:51.969118900Z  ( 1)  1.kids_cat4 = 0
2021-07-20T16:12:51.969125500Z  ( 2)  2.kids_cat4 = 0
2021-07-20T16:12:51.969129300Z  ( 3)  3.kids_cat4 = 0
2021-07-20T16:12:51.969132700Z 
2021-07-20T16:12:51.969136000Z            chi2(  3) =    0.55
2021-07-20T16:12:51.969139500Z          Prob > chi2 =    0.9076
2021-07-20T16:12:51.975153500Z   25
2021-07-20T16:12:51.975169700Z 
2021-07-20T16:12:51.975172400Z     Variable |        Obs        Mean    Std. Dev.       Min        Max
2021-07-20T16:12:51.975174600Z -------------+---------------------------------------------------------
2021-07-20T16:12:51.975176700Z total_foll~p |        144       25226           0      25226      25226
2021-07-20T16:12:52.011143400Z 
2021-07-20T16:12:52.011165500Z  ( 1)  1.kids_cat4 = 0
2021-07-20T16:12:52.011168200Z  ( 2)  2.kids_cat4 = 0
2021-07-20T16:12:52.011170300Z  ( 3)  3.kids_cat4 = 0
2021-07-20T16:12:52.011186700Z 
2021-07-20T16:12:52.011188900Z            chi2(  3) =    5.46
2021-07-20T16:12:52.011191200Z          Prob > chi2 =    0.1411
2021-07-20T16:12:52.015762900Z   88
2021-07-20T16:12:52.015778900Z 
2021-07-20T16:12:52.015781900Z     Variable |        Obs        Mean    Std. Dev.       Min        Max
2021-07-20T16:12:52.015784100Z -------------+---------------------------------------------------------
2021-07-20T16:12:52.015786300Z total_foll~p |        400       72182           0      72182      72182
2021-07-20T16:12:52.049430200Z 
2021-07-20T16:12:52.049510400Z  ( 1)  1.kids_cat4 = 0
2021-07-20T16:12:52.049516400Z  ( 2)  2.kids_cat4 = 0
2021-07-20T16:12:52.049520300Z  ( 3)  3.kids_cat4 = 0
2021-07-20T16:12:52.049523800Z 
2021-07-20T16:12:52.049527100Z            chi2(  3) =    5.46
2021-07-20T16:12:52.049530900Z          Prob > chi2 =    0.1411
2021-07-20T16:12:52.056911700Z   11
2021-07-20T16:12:52.056939500Z 
2021-07-20T16:12:52.056942700Z     Variable |        Obs        Mean    Std. Dev.       Min        Max
2021-07-20T16:12:52.056945100Z -------------+---------------------------------------------------------
2021-07-20T16:12:52.056947200Z total_foll~p |        104       18834           0      18834      18834
2021-07-20T16:12:52.094244200Z 
2021-07-20T16:12:52.094273400Z  ( 1)  1.kids_cat4 = 0
2021-07-20T16:12:52.094278100Z  ( 2)  2.kids_cat4 = 0
2021-07-20T16:12:52.094281600Z  ( 3)  3.kids_cat4 = 0
2021-07-20T16:12:52.094285000Z 
2021-07-20T16:12:52.094288300Z            chi2(  3) =    5.46
2021-07-20T16:12:52.094292600Z          Prob > chi2 =    0.1411
2021-07-20T16:12:52.099653600Z   728
2021-07-20T16:12:52.099674000Z 
2021-07-20T16:12:52.099676900Z     Variable |        Obs        Mean    Std. Dev.       Min        Max
2021-07-20T16:12:52.099679200Z -------------+---------------------------------------------------------
2021-07-20T16:12:52.099681600Z total_foll~p |      3,846      681219           0     681219     681219
2021-07-20T16:12:52.131902100Z 
2021-07-20T16:12:52.131931700Z  ( 1)  1.kids_cat4 = 0
2021-07-20T16:12:52.131936900Z  ( 2)  2.kids_cat4 = 0
2021-07-20T16:12:52.131941700Z  ( 3)  3.kids_cat4 = 0
2021-07-20T16:12:52.131946800Z 
2021-07-20T16:12:52.131951300Z            chi2(  3) =    5.46
2021-07-20T16:12:52.131955300Z          Prob > chi2 =    0.1411
2021-07-20T16:12:52.160617200Z   65
2021-07-20T16:12:52.160639800Z 
2021-07-20T16:12:52.160643400Z     Variable |        Obs        Mean    Std. Dev.       Min        Max
2021-07-20T16:12:52.160660300Z -------------+---------------------------------------------------------
2021-07-20T16:12:52.160662900Z total_foll~p |        436       40803           0      40803      40803
2021-07-20T16:12:52.193611600Z 
2021-07-20T16:12:52.193639400Z  ( 1)  1.kids_cat4 = 0
2021-07-20T16:12:52.193643300Z  ( 2)  2.kids_cat4 = 0
2021-07-20T16:12:52.193645500Z  ( 3)  3.kids_cat4 = 0
2021-07-20T16:12:52.193647500Z 
2021-07-20T16:12:52.193649400Z            chi2(  3) =    1.98
2021-07-20T16:12:52.193651700Z          Prob > chi2 =    0.5759
2021-07-20T16:12:52.211633200Z   313
2021-07-20T16:12:52.211666200Z 
2021-07-20T16:12:52.211671200Z     Variable |        Obs        Mean    Std. Dev.       Min        Max
2021-07-20T16:12:52.211675000Z -------------+---------------------------------------------------------
2021-07-20T16:12:52.211678100Z total_foll~p |      1,904      178730           0     178730     178730
2021-07-20T16:12:52.242191400Z 
2021-07-20T16:12:52.242211200Z  ( 1)  1.kids_cat4 = 0
2021-07-20T16:12:52.242215300Z  ( 2)  2.kids_cat4 = 0
2021-07-20T16:12:52.242217900Z  ( 3)  3.kids_cat4 = 0
2021-07-20T16:12:52.242220300Z 
2021-07-20T16:12:52.242222400Z            chi2(  3) =    1.98
2021-07-20T16:12:52.242224900Z          Prob > chi2 =    0.5759
2021-07-20T16:12:52.267642400Z   44
2021-07-20T16:12:52.267671200Z 
2021-07-20T16:12:52.267674700Z     Variable |        Obs        Mean    Std. Dev.       Min        Max
2021-07-20T16:12:52.267677300Z -------------+---------------------------------------------------------
2021-07-20T16:12:52.267679900Z total_foll~p |        295       28114           0      28114      28114
2021-07-20T16:12:52.297551100Z 
2021-07-20T16:12:52.297578000Z  ( 1)  1.kids_cat4 = 0
2021-07-20T16:12:52.297584600Z  ( 2)  2.kids_cat4 = 0
2021-07-20T16:12:52.297587300Z  ( 3)  3.kids_cat4 = 0
2021-07-20T16:12:52.297589700Z 
2021-07-20T16:12:52.297592000Z            chi2(  3) =    1.98
2021-07-20T16:12:52.297594700Z          Prob > chi2 =    0.5759
2021-07-20T16:12:52.331403900Z   2,175
2021-07-20T16:12:52.331423400Z 
2021-07-20T16:12:52.331426900Z     Variable |        Obs        Mean    Std. Dev.       Min        Max
2021-07-20T16:12:52.331429500Z -------------+---------------------------------------------------------
2021-07-20T16:12:52.331432000Z total_foll~p |     13,600     1273216           0    1273216    1273216
2021-07-20T16:12:52.360068500Z 
2021-07-20T16:12:52.360119900Z  ( 1)  1.kids_cat4 = 0
2021-07-20T16:12:52.360125900Z  ( 2)  2.kids_cat4 = 0
2021-07-20T16:12:52.360164000Z  ( 3)  3.kids_cat4 = 0
2021-07-20T16:12:52.360169100Z 
2021-07-20T16:12:52.360173700Z            chi2(  3) =    1.98
2021-07-20T16:12:52.360178400Z          Prob > chi2 =    0.5759
2021-07-20T16:12:52.364503300Z   25
2021-07-20T16:12:52.364521200Z 
2021-07-20T16:12:52.364525800Z     Variable |        Obs        Mean    Std. Dev.       Min        Max
2021-07-20T16:12:52.364529600Z -------------+---------------------------------------------------------
2021-07-20T16:12:52.364533100Z total_foll~p |        123       11219           0      11219      11219
2021-07-20T16:12:52.394329100Z 
2021-07-20T16:12:52.394349200Z  ( 1)  1.kids_cat4 = 0
2021-07-20T16:12:52.394353800Z  ( 2)  2.kids_cat4 = 0
2021-07-20T16:12:52.394356400Z  ( 3)  3.kids_cat4 = 0
2021-07-20T16:12:52.394358300Z 
2021-07-20T16:12:52.394360200Z            chi2(  3) =    0.69
2021-07-20T16:12:52.394362300Z          Prob > chi2 =    0.8751
2021-07-20T16:12:52.398671900Z   83
2021-07-20T16:12:52.398688700Z 
2021-07-20T16:12:52.398693200Z     Variable |        Obs        Mean    Std. Dev.       Min        Max
2021-07-20T16:12:52.398698500Z -------------+---------------------------------------------------------
2021-07-20T16:12:52.398702100Z total_foll~p |        509       47440           0      47440      47440
2021-07-20T16:12:52.428200500Z 
2021-07-20T16:12:52.428222300Z  ( 1)  1.kids_cat4 = 0
2021-07-20T16:12:52.428225100Z  ( 2)  2.kids_cat4 = 0
2021-07-20T16:12:52.428227100Z  ( 3)  3.kids_cat4 = 0
2021-07-20T16:12:52.428229100Z 
2021-07-20T16:12:52.428231000Z            chi2(  3) =    0.69
2021-07-20T16:12:52.428233200Z          Prob > chi2 =    0.8751
2021-07-20T16:12:52.432711500Z   9
2021-07-20T16:12:52.432737900Z 
2021-07-20T16:12:52.432740600Z     Variable |        Obs        Mean    Std. Dev.       Min        Max
2021-07-20T16:12:52.432742700Z -------------+---------------------------------------------------------
2021-07-20T16:12:52.432744800Z total_foll~p |         71        6577           0       6577       6577
2021-07-20T16:12:52.461882500Z 
2021-07-20T16:12:52.461939500Z  ( 1)  1.kids_cat4 = 0
2021-07-20T16:12:52.461945200Z  ( 2)  2.kids_cat4 = 0
2021-07-20T16:12:52.461949500Z  ( 3)  3.kids_cat4 = 0
2021-07-20T16:12:52.461953400Z 
2021-07-20T16:12:52.461957300Z            chi2(  3) =    0.69
2021-07-20T16:12:52.461961500Z          Prob > chi2 =    0.8751
2021-07-20T16:12:52.466809100Z   596
2021-07-20T16:12:52.466824400Z 
2021-07-20T16:12:52.466827200Z     Variable |        Obs        Mean    Std. Dev.       Min        Max
2021-07-20T16:12:52.466836200Z -------------+---------------------------------------------------------
2021-07-20T16:12:52.466838500Z total_foll~p |      3,793      355059           0     355059     355059
2021-07-20T16:12:52.495035000Z 
2021-07-20T16:12:52.495064100Z  ( 1)  1.kids_cat4 = 0
2021-07-20T16:12:52.495067100Z  ( 2)  2.kids_cat4 = 0
2021-07-20T16:12:52.495069100Z  ( 3)  3.kids_cat4 = 0
2021-07-20T16:12:52.495071000Z 
2021-07-20T16:12:52.495072900Z            chi2(  3) =    0.69
2021-07-20T16:12:52.495074900Z          Prob > chi2 =    0.8751
2021-07-20T16:12:52.495077300Z 
2021-07-20T16:12:52.495079300Z . file write tablecontents _n
2021-07-20T16:12:52.495081200Z 
2021-07-20T16:12:52.495083100Z . 
2021-07-20T16:12:52.495085000Z . *Number kids
2021-07-20T16:12:52.495086900Z . outputHRsforvar, variable("gp_number_kids") min(0) max(4) outcome(`outcome')
2021-07-20T16:12:52.514959200Z   0
2021-07-20T16:12:52.515001100Z 
2021-07-20T16:12:52.515006300Z     Variable |        Obs        Mean    Std. Dev.       Min        Max
2021-07-20T16:12:52.515010400Z -------------+---------------------------------------------------------
2021-07-20T16:12:52.531356000Z total_foll~p |          0
2021-07-20T16:12:52.531380300Z 
2021-07-20T16:12:52.531384500Z  ( 1)  2.gp_number_kids = 0
2021-07-20T16:12:52.531388100Z  ( 2)  3.gp_number_kids = 0
2021-07-20T16:12:52.531391500Z  ( 3)  4.gp_number_kids = 0
2021-07-20T16:12:52.531395000Z 
2021-07-20T16:12:52.531398200Z            chi2(  3) =    4.23
2021-07-20T16:12:52.531402000Z          Prob > chi2 =    0.2376
2021-07-20T16:12:52.559063000Z   82
2021-07-20T16:12:52.559083000Z 
2021-07-20T16:12:52.559087600Z     Variable |        Obs        Mean    Std. Dev.       Min        Max
2021-07-20T16:12:52.559091600Z -------------+---------------------------------------------------------
2021-07-20T16:12:52.559095200Z total_foll~p |        400       70846           0      70846      70846
2021-07-20T16:12:52.590520400Z 
2021-07-20T16:12:52.590540100Z  ( 1)  2.gp_number_kids = 0
2021-07-20T16:12:52.590544800Z  ( 2)  3.gp_number_kids = 0
2021-07-20T16:12:52.590548400Z  ( 3)  4.gp_number_kids = 0
2021-07-20T16:12:52.590551800Z 
2021-07-20T16:12:52.590555400Z            chi2(  3) =    4.23
2021-07-20T16:12:52.590558500Z          Prob > chi2 =    0.2376
2021-07-20T16:12:52.613008200Z   37
2021-07-20T16:12:52.613023200Z 
2021-07-20T16:12:52.613025900Z     Variable |        Obs        Mean    Std. Dev.       Min        Max
2021-07-20T16:12:52.613039200Z -------------+---------------------------------------------------------
2021-07-20T16:12:52.613041500Z total_foll~p |        273       50802           0      50802      50802
2021-07-20T16:12:52.642423600Z 
2021-07-20T16:12:52.642447000Z  ( 1)  2.gp_number_kids = 0
2021-07-20T16:12:52.642449700Z  ( 2)  3.gp_number_kids = 0
2021-07-20T16:12:52.642452000Z  ( 3)  4.gp_number_kids = 0
2021-07-20T16:12:52.642453900Z 
2021-07-20T16:12:52.642455800Z            chi2(  3) =    4.23
2021-07-20T16:12:52.642458000Z          Prob > chi2 =    0.2376
2021-07-20T16:12:52.665034700Z   49
2021-07-20T16:12:52.665052400Z 
2021-07-20T16:12:52.665055400Z     Variable |        Obs        Mean    Std. Dev.       Min        Max
2021-07-20T16:12:52.665058100Z -------------+---------------------------------------------------------
2021-07-20T16:12:52.665060200Z total_foll~p |        222       40027           0      40027      40027
2021-07-20T16:12:52.696917300Z 
2021-07-20T16:12:52.696946700Z  ( 1)  2.gp_number_kids = 0
2021-07-20T16:12:52.696951600Z  ( 2)  3.gp_number_kids = 0
2021-07-20T16:12:52.696955800Z  ( 3)  4.gp_number_kids = 0
2021-07-20T16:12:52.696959000Z 
2021-07-20T16:12:52.696962300Z            chi2(  3) =    4.23
2021-07-20T16:12:52.696965600Z          Prob > chi2 =    0.2376
2021-07-20T16:12:52.715798700Z   128
2021-07-20T16:12:52.715830800Z 
2021-07-20T16:12:52.715834700Z     Variable |        Obs        Mean    Std. Dev.       Min        Max
2021-07-20T16:12:52.715837900Z -------------+---------------------------------------------------------
2021-07-20T16:12:52.715840900Z total_foll~p |        651      115628           0     115628     115628
2021-07-20T16:12:52.747215200Z 
2021-07-20T16:12:52.747242600Z  ( 1)  2.gp_number_kids = 0
2021-07-20T16:12:52.747248500Z  ( 2)  3.gp_number_kids = 0
2021-07-20T16:12:52.747252900Z  ( 3)  4.gp_number_kids = 0
2021-07-20T16:12:52.747257000Z 
2021-07-20T16:12:52.747261300Z            chi2(  3) =    4.23
2021-07-20T16:12:52.747265800Z          Prob > chi2 =    0.2376
2021-07-20T16:12:52.751782500Z   0
2021-07-20T16:12:52.751812300Z 
2021-07-20T16:12:52.751818100Z     Variable |        Obs        Mean    Std. Dev.       Min        Max
2021-07-20T16:12:52.751820800Z -------------+---------------------------------------------------------
2021-07-20T16:12:52.764310200Z total_foll~p |          0
2021-07-20T16:12:52.764333500Z 
2021-07-20T16:12:52.764336800Z  ( 1)  2.gp_number_kids = 0
2021-07-20T16:12:52.764338900Z  ( 2)  3.gp_number_kids = 0
2021-07-20T16:12:52.764354700Z  ( 3)  4.gp_number_kids = 0
2021-07-20T16:12:52.764357000Z 
2021-07-20T16:12:52.764359200Z            chi2(  3) =    4.36
2021-07-20T16:12:52.764361300Z          Prob > chi2 =    0.2253
2021-07-20T16:12:52.768934500Z   18
2021-07-20T16:12:52.768967100Z 
2021-07-20T16:12:52.768973100Z     Variable |        Obs        Mean    Std. Dev.       Min        Max
2021-07-20T16:12:52.768976900Z -------------+---------------------------------------------------------
2021-07-20T16:12:52.768980100Z total_foll~p |        100       17962           0      17962      17962
2021-07-20T16:12:52.799054200Z 
2021-07-20T16:12:52.799093000Z  ( 1)  2.gp_number_kids = 0
2021-07-20T16:12:52.799095800Z  ( 2)  3.gp_number_kids = 0
2021-07-20T16:12:52.799097800Z  ( 3)  4.gp_number_kids = 0
2021-07-20T16:12:52.799099700Z 
2021-07-20T16:12:52.799101600Z            chi2(  3) =    4.36
2021-07-20T16:12:52.799103700Z          Prob > chi2 =    0.2253
2021-07-20T16:12:52.805789800Z   13
2021-07-20T16:12:52.805810300Z 
2021-07-20T16:12:52.805815300Z     Variable |        Obs        Mean    Std. Dev.       Min        Max
2021-07-20T16:12:52.805819100Z -------------+---------------------------------------------------------
2021-07-20T16:12:52.805822900Z total_foll~p |         77       14562           0      14562      14562
2021-07-20T16:12:52.838516900Z 
2021-07-20T16:12:52.838543500Z  ( 1)  2.gp_number_kids = 0
2021-07-20T16:12:52.838547600Z  ( 2)  3.gp_number_kids = 0
2021-07-20T16:12:52.838551000Z  ( 3)  4.gp_number_kids = 0
2021-07-20T16:12:52.838554200Z 
2021-07-20T16:12:52.838557100Z            chi2(  3) =    4.36
2021-07-20T16:12:52.838560200Z          Prob > chi2 =    0.2253
2021-07-20T16:12:52.844699000Z   10
2021-07-20T16:12:52.844715000Z 
2021-07-20T16:12:52.844717700Z     Variable |        Obs        Mean    Std. Dev.       Min        Max
2021-07-20T16:12:52.844719900Z -------------+---------------------------------------------------------
2021-07-20T16:12:52.844722000Z total_foll~p |         50        9509           0       9509       9509
2021-07-20T16:12:52.875753100Z 
2021-07-20T16:12:52.875771400Z  ( 1)  2.gp_number_kids = 0
2021-07-20T16:12:52.875774200Z  ( 2)  3.gp_number_kids = 0
2021-07-20T16:12:52.875777900Z  ( 3)  4.gp_number_kids = 0
2021-07-20T16:12:52.875779900Z 
2021-07-20T16:12:52.875781700Z            chi2(  3) =    4.36
2021-07-20T16:12:52.875784000Z          Prob > chi2 =    0.2253
2021-07-20T16:12:52.883391800Z   47
2021-07-20T16:12:52.883411500Z 
2021-07-20T16:12:52.883427400Z     Variable |        Obs        Mean    Std. Dev.       Min        Max
2021-07-20T16:12:52.883429900Z -------------+---------------------------------------------------------
2021-07-20T16:12:52.883432000Z total_foll~p |        173       30149           0      30149      30149
2021-07-20T16:12:52.915566900Z 
2021-07-20T16:12:52.915613800Z  ( 1)  2.gp_number_kids = 0
2021-07-20T16:12:52.915638800Z  ( 2)  3.gp_number_kids = 0
2021-07-20T16:12:52.915644600Z  ( 3)  4.gp_number_kids = 0
2021-07-20T16:12:52.915647100Z 
2021-07-20T16:12:52.915649000Z            chi2(  3) =    4.36
2021-07-20T16:12:52.915651000Z          Prob > chi2 =    0.2253
2021-07-20T16:12:52.945160600Z   0
2021-07-20T16:12:52.945182600Z 
2021-07-20T16:12:52.945187200Z     Variable |        Obs        Mean    Std. Dev.       Min        Max
2021-07-20T16:12:52.945189800Z -------------+---------------------------------------------------------
2021-07-20T16:12:52.959603200Z total_foll~p |          0
2021-07-20T16:12:52.959626400Z 
2021-07-20T16:12:52.959632400Z  ( 1)  2.gp_number_kids = 0
2021-07-20T16:12:52.959635500Z  ( 2)  3.gp_number_kids = 0
2021-07-20T16:12:52.959637900Z  ( 3)  4.gp_number_kids = 0
2021-07-20T16:12:52.959640200Z 
2021-07-20T16:12:52.959642700Z            chi2(  3) =    1.91
2021-07-20T16:12:52.959645100Z          Prob > chi2 =    0.5903
2021-07-20T16:12:52.990594300Z   59
2021-07-20T16:12:52.990609800Z 
2021-07-20T16:12:52.990612800Z     Variable |        Obs        Mean    Std. Dev.       Min        Max
2021-07-20T16:12:52.990615400Z -------------+---------------------------------------------------------
2021-07-20T16:12:52.990617900Z total_foll~p |        378       35149           0      35149      35149
2021-07-20T16:12:53.026761700Z 
2021-07-20T16:12:53.026788900Z  ( 1)  2.gp_number_kids = 0
2021-07-20T16:12:53.026792400Z  ( 2)  3.gp_number_kids = 0
2021-07-20T16:12:53.026795400Z  ( 3)  4.gp_number_kids = 0
2021-07-20T16:12:53.026799100Z 
2021-07-20T16:12:53.026814400Z            chi2(  3) =    1.91
2021-07-20T16:12:53.026839900Z          Prob > chi2 =    0.5903
2021-07-20T16:12:53.049739200Z   89
2021-07-20T16:12:53.049757500Z 
2021-07-20T16:12:53.049760900Z     Variable |        Obs        Mean    Std. Dev.       Min        Max
2021-07-20T16:12:53.049764700Z -------------+---------------------------------------------------------
2021-07-20T16:12:53.049768800Z total_foll~p |        486       45841           0      45841      45841
2021-07-20T16:12:53.084748800Z 
2021-07-20T16:12:53.084777000Z  ( 1)  2.gp_number_kids = 0
2021-07-20T16:12:53.084834600Z  ( 2)  3.gp_number_kids = 0
2021-07-20T16:12:53.084841900Z  ( 3)  4.gp_number_kids = 0
2021-07-20T16:12:53.084845700Z 
2021-07-20T16:12:53.084865900Z            chi2(  3) =    1.91
2021-07-20T16:12:53.084875000Z          Prob > chi2 =    0.5903
2021-07-20T16:12:53.110659400Z   31
2021-07-20T16:12:53.110682200Z 
2021-07-20T16:12:53.110687300Z     Variable |        Obs        Mean    Std. Dev.       Min        Max
2021-07-20T16:12:53.110691400Z -------------+---------------------------------------------------------
2021-07-20T16:12:53.110695200Z total_foll~p |        204       19306           0      19306      19306
2021-07-20T16:12:53.144737800Z 
2021-07-20T16:12:53.144759100Z  ( 1)  2.gp_number_kids = 0
2021-07-20T16:12:53.144761800Z  ( 2)  3.gp_number_kids = 0
2021-07-20T16:12:53.144764000Z  ( 3)  4.gp_number_kids = 0
2021-07-20T16:12:53.144766100Z 
2021-07-20T16:12:53.144768000Z            chi2(  3) =    1.91
2021-07-20T16:12:53.144770200Z          Prob > chi2 =    0.5903
2021-07-20T16:12:53.175084800Z   134
2021-07-20T16:12:53.175102100Z 
2021-07-20T16:12:53.175104800Z     Variable |        Obs        Mean    Std. Dev.       Min        Max
2021-07-20T16:12:53.175107000Z -------------+---------------------------------------------------------
2021-07-20T16:12:53.175109600Z total_foll~p |        836       78434           0      78434      78434
2021-07-20T16:12:53.210586600Z 
2021-07-20T16:12:53.210609400Z  ( 1)  2.gp_number_kids = 0
2021-07-20T16:12:53.210613100Z  ( 2)  3.gp_number_kids = 0
2021-07-20T16:12:53.210615600Z  ( 3)  4.gp_number_kids = 0
2021-07-20T16:12:53.210617900Z 
2021-07-20T16:12:53.210620300Z            chi2(  3) =    1.91
2021-07-20T16:12:53.210622900Z          Prob > chi2 =    0.5903
2021-07-20T16:12:53.216215800Z   0
2021-07-20T16:12:53.216236700Z 
2021-07-20T16:12:53.216276700Z     Variable |        Obs        Mean    Std. Dev.       Min        Max
2021-07-20T16:12:53.216282800Z -------------+---------------------------------------------------------
2021-07-20T16:12:53.229829900Z total_foll~p |          0
2021-07-20T16:12:53.229849300Z 
2021-07-20T16:12:53.229852500Z  ( 1)  2.gp_number_kids = 0
2021-07-20T16:12:53.229855100Z  ( 2)  3.gp_number_kids = 0
2021-07-20T16:12:53.229857300Z  ( 3)  4.gp_number_kids = 0
2021-07-20T16:12:53.229859600Z 
2021-07-20T16:12:53.229861800Z            chi2(  3) =    1.24
2021-07-20T16:12:53.229864300Z          Prob > chi2 =    0.7434
2021-07-20T16:12:53.236217900Z   16
2021-07-20T16:12:53.236289400Z 
2021-07-20T16:12:53.236311600Z     Variable |        Obs        Mean    Std. Dev.       Min        Max
2021-07-20T16:12:53.236314600Z -------------+---------------------------------------------------------
2021-07-20T16:12:53.236316700Z total_foll~p |         91        8292           0       8292       8292
2021-07-20T16:12:53.272036800Z 
2021-07-20T16:12:53.272059900Z  ( 1)  2.gp_number_kids = 0
2021-07-20T16:12:53.272063600Z  ( 2)  3.gp_number_kids = 0
2021-07-20T16:12:53.272066000Z  ( 3)  4.gp_number_kids = 0
2021-07-20T16:12:53.272068300Z 
2021-07-20T16:12:53.272070500Z            chi2(  3) =    1.24
2021-07-20T16:12:53.272073100Z          Prob > chi2 =    0.7434
2021-07-20T16:12:53.276615600Z   20
2021-07-20T16:12:53.276629400Z 
2021-07-20T16:12:53.276632600Z     Variable |        Obs        Mean    Std. Dev.       Min        Max
2021-07-20T16:12:53.276635100Z -------------+---------------------------------------------------------
2021-07-20T16:12:53.276637500Z total_foll~p |        123       11740           0      11740      11740
2021-07-20T16:12:53.307822300Z 
2021-07-20T16:12:53.307839200Z  ( 1)  2.gp_number_kids = 0
2021-07-20T16:12:53.307860200Z  ( 2)  3.gp_number_kids = 0
2021-07-20T16:12:53.307873800Z  ( 3)  4.gp_number_kids = 0
2021-07-20T16:12:53.307879100Z 
2021-07-20T16:12:53.307881700Z            chi2(  3) =    1.24
2021-07-20T16:12:53.307884100Z          Prob > chi2 =    0.7434
2021-07-20T16:12:53.314511800Z   9
2021-07-20T16:12:53.314534600Z 
2021-07-20T16:12:53.314539000Z     Variable |        Obs        Mean    Std. Dev.       Min        Max
2021-07-20T16:12:53.314543200Z -------------+---------------------------------------------------------
2021-07-20T16:12:53.314547200Z total_foll~p |         50        4608           0       4608       4608
2021-07-20T16:12:53.348795700Z 
2021-07-20T16:12:53.348824800Z  ( 1)  2.gp_number_kids = 0
2021-07-20T16:12:53.348829100Z  ( 2)  3.gp_number_kids = 0
2021-07-20T16:12:53.348831700Z  ( 3)  4.gp_number_kids = 0
2021-07-20T16:12:53.348835000Z 
2021-07-20T16:12:53.348837300Z            chi2(  3) =    1.24
2021-07-20T16:12:53.348839800Z          Prob > chi2 =    0.7434
2021-07-20T16:12:53.354303800Z   38
2021-07-20T16:12:53.354321000Z 
2021-07-20T16:12:53.354324100Z     Variable |        Obs        Mean    Std. Dev.       Min        Max
2021-07-20T16:12:53.354326700Z -------------+---------------------------------------------------------
2021-07-20T16:12:53.354329100Z total_foll~p |        245       22800           0      22800      22800
2021-07-20T16:12:53.386237400Z 
2021-07-20T16:12:53.386283100Z  ( 1)  2.gp_number_kids = 0
2021-07-20T16:12:53.386288400Z  ( 2)  3.gp_number_kids = 0
2021-07-20T16:12:53.386291800Z  ( 3)  4.gp_number_kids = 0
2021-07-20T16:12:53.386295400Z 
2021-07-20T16:12:53.386299400Z            chi2(  3) =    1.24
2021-07-20T16:12:53.386302700Z          Prob > chi2 =    0.7434
2021-07-20T16:12:53.386307400Z 
2021-07-20T16:12:53.386310700Z . file write tablecontents _n 
2021-07-20T16:12:53.386314300Z 
2021-07-20T16:12:53.386316200Z . 
2021-07-20T16:12:53.386318100Z . file close tablecontents
2021-07-20T16:12:53.386320000Z 
2021-07-20T16:12:53.386322100Z . 
2021-07-20T16:12:53.386380900Z . 
2021-07-20T16:12:53.386392000Z . log close
2021-07-20T16:12:53.386396600Z       name:  <unnamed>
2021-07-20T16:12:53.386400500Z        log:  /workspace/log/08_an_tablecontent_HRtable_covid_death.log
2021-07-20T16:12:53.386404000Z   log type:  text
2021-07-20T16:12:53.386407400Z  closed on:  20 Jul 2021, 16:12:53
2021-07-20T16:12:53.386410800Z -------------------------------------------------------------------------------
2021-07-20T16:12:53.386414200Z 
2021-07-20T16:12:53.386416400Z . 
2021-07-20T16:12:53.386418400Z end of do-file
2021-07-20T16:12:53.386420300Z 
2021-07-20T16:12:53.386422200Z . . file open output using "/tmp/tmp.zJpdvdlEIz", write text replace
2021-07-20T16:12:53.386502700Z 
2021-07-20T16:12:53.386513800Z . . file write output "success" 
2021-07-20T16:12:53.386518300Z 
2021-07-20T16:12:53.386521900Z . . file close output
2021-07-20T16:12:53.386525800Z 
2021-07-20T16:12:53.386527700Z . 
2021-07-20T16:12:53.386529800Z end of do-file
2021-07-20T16:12:53.386531800Z 
2021-07-20T16:12:53.386533700Z 
2021-07-20T16:12:53.407555200Z . 

state: succeeded
commit: none
docker_image_id: sha256:11980aa720220a1b39bf523f5a8a33270214c13876c30ee364e16265766f7f60
exit_code: 0
job_id: mwz277f5ajoqmpvr
run_by_user: qc18278
created_at: 2021-07-20T15:38:48Z
started_at: 2021-07-20T16:12:51Z
completed_at: 2021-07-20T16:13:56Z

Completed successfully

outputs:
  log/08_an_tablecontent_HRtable_covid_death.log   - moderately_sensitive
  output/an_tablecontents_HRtable_covid_death.txt  - moderately_sensitive