2021-07-20T16:12:06.688059700Z 
2021-07-20T16:12:06.688095100Z   ___  ____  ____  ____  ____ (R)
2021-07-20T16:12:06.688100700Z  /__    /   ____/   /   ____/
2021-07-20T16:12:06.688104200Z ___/   /   /___/   /   /___/   16.1   Copyright 1985-2019 StataCorp LLC
2021-07-20T16:12:06.688107800Z   Statistics/Data Analysis            StataCorp
2021-07-20T16:12:06.688111000Z                                       4905 Lakeway Drive
2021-07-20T16:12:06.688114700Z                                       College Station, Texas 77845 USA
2021-07-20T16:12:06.688118000Z                                       800-STATA-PC        http://www.stata.com
2021-07-20T16:12:06.688120900Z                                       979-696-4600        stata@stata.com
2021-07-20T16:12:06.688123700Z                                       979-696-4601 (fax)
2021-07-20T16:12:06.688126400Z 
2021-07-20T16:12:06.688129400Z 3-user Stata network license expires 11 May 2022:
2021-07-20T16:12:06.688132600Z        Serial number:  501709312237
2021-07-20T16:12:06.688135600Z          Licensed to:  The Bennett Institute
2021-07-20T16:12:06.688138900Z                        Oxford University
2021-07-20T16:12:06.689231500Z 
2021-07-20T16:12:06.689261200Z Notes:
2021-07-20T16:12:06.689267000Z       1.  Unicode is supported; see help unicode_advice.
2021-07-20T16:12:06.689270600Z 
2021-07-20T16:12:06.689274100Z . do "analysis/08_an_tablecontent_HRtable.wrapper.do" covid_tpp_prob 
2021-07-20T16:12:06.689277500Z 
2021-07-20T16:12:06.689280500Z . . do "analysis/08_an_tablecontent_HRtable.do" covid_tpp_prob
2021-07-20T16:12:06.689545800Z 
2021-07-20T16:12:06.689558700Z . *************************************************************************
2021-07-20T16:12:06.689563500Z . *Do file: 08_an_tablecontent_HRtable
2021-07-20T16:12:06.689889500Z . *
2021-07-20T16:12:06.689907100Z . *Purpose: Create content that is ready to paste into a pre-formatted Word 
2021-07-20T16:12:06.689912400Z . * shell table containing minimally and fully-adjusted HRs for risk factors
2021-07-20T16:12:06.689915700Z . * of interest, across 2 outcomes 
2021-07-20T16:12:06.689918700Z . *
2021-07-20T16:12:06.689922100Z . *Requires: final analysis dataset (analysis_dataset.dta)
2021-07-20T16:12:06.689925600Z . *
2021-07-20T16:12:06.689928800Z . *Coding: HFORBES, based on file from Krishnan Bhaskaran
2021-07-20T16:12:06.689931800Z . *
2021-07-20T16:12:06.689934600Z . *Date drafted: 30th June 2020
2021-07-20T16:12:06.689937900Z . *************************************************************************
2021-07-20T16:12:06.689940900Z . 
2021-07-20T16:12:06.689943600Z . global outdir     "output"
2021-07-20T16:12:06.690118400Z 
2021-07-20T16:12:06.690162200Z . global logdir     "log"
2021-07-20T16:12:06.690169600Z 
2021-07-20T16:12:06.690173600Z . global tempdir    "tempdata"
2021-07-20T16:12:06.690177200Z 
2021-07-20T16:12:06.690180300Z . 
2021-07-20T16:12:06.690183500Z . local outcome `1' 
2021-07-20T16:12:06.690284000Z 
2021-07-20T16:12:06.690294700Z . 
2021-07-20T16:12:06.690488200Z . * Open a log file
2021-07-20T16:12:06.690499300Z . capture log close
2021-07-20T16:12:06.690503400Z 
2021-07-20T16:12:06.690671000Z . log using "$logdir/08_an_tablecontent_HRtable_`outcome'", text replace
2021-07-20T16:12:06.690895600Z (note: file /workspace/log/08_an_tablecontent_HRtable_covid_tpp_prob.log not fo
2021-07-20T16:12:06.690906700Z > und)
2021-07-20T16:12:06.690910900Z -------------------------------------------------------------------------------
2021-07-20T16:12:06.690914200Z       name:  <unnamed>
2021-07-20T16:12:06.690917300Z        log:  /workspace/log/08_an_tablecontent_HRtable_covid_tpp_prob.log
2021-07-20T16:12:06.690920500Z   log type:  text
2021-07-20T16:12:06.690924000Z  opened on:  20 Jul 2021, 16:12:06
2021-07-20T16:12:06.690927700Z 
2021-07-20T16:12:06.690931100Z . 
2021-07-20T16:12:06.690934500Z . 
2021-07-20T16:12:06.691040500Z . *****************************************************************************
2021-07-20T16:12:06.691053500Z > ******************************************
2021-07-20T16:12:06.691196100Z . *Generic code to ouput the HRs across outcomes for all levels of a particular
2021-07-20T16:12:06.691207800Z >  variables, in the right shape for table
2021-07-20T16:12:06.691212400Z . cap prog drop outputHRsforvar
2021-07-20T16:12:06.691335200Z 
2021-07-20T16:12:06.691346400Z . prog define outputHRsforvar
2021-07-20T16:12:06.691560000Z   1. syntax, variable(string) min(real) max(real) outcome(string)
2021-07-20T16:12:06.691594200Z   2. foreach dataset in MAIN W2 {
2021-07-20T16:12:06.691601400Z   3. forvalues x=0/1 {
2021-07-20T16:12:06.691605300Z   4. file write tablecontents ("age") ("`x'") _n
2021-07-20T16:12:06.691609000Z   5. forvalues i=`min'/`max'{
2021-07-20T16:12:06.691761100Z   6. local endwith "_tab"
2021-07-20T16:12:06.691772900Z   7. 
2021-07-20T16:12:06.691779800Z .         *put the varname and condition to left so that alignment can be check
2021-07-20T16:12:06.691784200Z > ed vs shell
2021-07-20T16:12:06.691786500Z .         file write tablecontents ("`variable'") _tab ("`i'") _tab ("`dataset'
2021-07-20T16:12:06.691788900Z > ") _tab 
2021-07-20T16:12:06.691791100Z   8.         
2021-07-20T16:12:06.691804900Z .         use "$tempdir/cr_create_analysis_dataset_STSET_`outcome'_ageband_`x'`
2021-07-20T16:12:06.691809500Z > dataset'.dta", clear
2021-07-20T16:12:06.691978100Z   9.         *put total N, PYFU and Rate in table
2021-07-20T16:12:06.691991300Z .         cou if `variable' == `i' & _d == 1
2021-07-20T16:12:06.691996200Z  10.         local event = r(N)
2021-07-20T16:12:06.691999600Z  11.     bysort `variable': egen total_follow_up = total(_t)
2021-07-20T16:12:06.692002800Z  12.         su total_follow_up if `variable' == `i'
2021-07-20T16:12:06.692006000Z  13.         local person_days = r(mean)
2021-07-20T16:12:06.692009600Z  14.         local person_years=`person_days'/365.25
2021-07-20T16:12:06.692075300Z  15.         local rate = 100000*(`event'/`person_years')
2021-07-20T16:12:06.692087200Z  16.         
2021-07-20T16:12:06.692091700Z .         file write tablecontents (`event') _tab %10.0f (`person_years') _tab 
2021-07-20T16:12:06.692095200Z > %3.2f (`rate') _tab
2021-07-20T16:12:06.692099000Z  17.         drop total_follow_up
2021-07-20T16:12:06.692102400Z  18.         
2021-07-20T16:12:06.692258300Z .         
2021-07-20T16:12:06.692269900Z .         *models
2021-07-20T16:12:06.692273700Z .         foreach modeltype of any minadj demogadj fulladj  {
2021-07-20T16:12:06.692276900Z  19.         
2021-07-20T16:12:06.692280200Z .                 local noestimatesflag 0 /*reset*/
2021-07-20T16:12:06.692283400Z  20. 
2021-07-20T16:12:06.692286700Z . *CHANGE THE OUTCOME BELOW TO LAST IF BRINGING IN MORE COLS
2021-07-20T16:12:06.692290200Z .                 if "`modeltype'"=="fulladj" local endwith "_n"
2021-07-20T16:12:06.692543800Z  21. 
2021-07-20T16:12:06.692556300Z .                 ***********************
2021-07-20T16:12:06.692561000Z .                 *1) GET THE RIGHT ESTIMATES INTO MEMORY
2021-07-20T16:12:06.692565100Z .                 
2021-07-20T16:12:06.692568600Z .                 if "`modeltype'"=="minadj" {
2021-07-20T16:12:06.692573000Z  22.                         cap estimates use ./output/an_univariable_cox_mode
2021-07-20T16:12:06.692576700Z > ls_`variable'_`outcome'_AGESEX_ageband_`x'`dataset'
2021-07-20T16:12:06.692580500Z  23.                         if _rc!=0 local noestimatesflag 1
2021-07-20T16:12:06.692584100Z  24.                         }
2021-07-20T16:12:06.692587400Z  25.                 if "`modeltype'"=="demogadj" {
2021-07-20T16:12:06.692591200Z  26.                         cap estimates use ./output/an_multivariate_cox_mod
2021-07-20T16:12:06.692595000Z > els_`outcome'_`variable'_DEMOGADJ_ageband_`x'`dataset'
2021-07-20T16:12:06.692598800Z  27.                         if _rc!=0 local noestimatesflag 1
2021-07-20T16:12:06.692611500Z  28.                         }
2021-07-20T16:12:06.692615700Z  29.                 if "`modeltype'"=="fulladj" {
2021-07-20T16:12:06.692619200Z  30.                         cap estimates use ./output/an_multivariate_cox_mod
2021-07-20T16:12:06.692622900Z > els_`outcome'_`variable'_MAINFULLYADJMODEL_ageband_`x'`dataset' 
2021-07-20T16:12:06.692626300Z  31.                         if _rc!=0 local noestimatesflag 1
2021-07-20T16:12:06.692629900Z  32.                         }
2021-07-20T16:12:06.692633700Z  33.                 
2021-07-20T16:12:06.692636100Z .                 ***********************
2021-07-20T16:12:06.692638300Z .                 *2) WRITE THE HRs TO THE OUTPUT FILE
2021-07-20T16:12:06.692640300Z .                 
2021-07-20T16:12:06.692642500Z .                 if `noestimatesflag'==0{
2021-07-20T16:12:06.692644600Z  34.                         cap lincom `i'.`variable', eform
2021-07-20T16:12:06.692646600Z  35.                         if _rc==0 file write tablecontents %4.2f (r(estima
2021-07-20T16:12:06.692648600Z > te)) (" (") %4.2f (r(lb)) ("-") %4.2f (r(ub)) (")") `endwith'
2021-07-20T16:12:06.692651100Z  36.                                 else file write tablecontents %4.2f ("ERR 
2021-07-20T16:12:06.692653400Z > IN MODEL") `endwith'
2021-07-20T16:12:06.692656700Z  37.                         }
2021-07-20T16:12:06.692660200Z  38.                         else file write tablecontents %4.2f ("DID NOT FIT"
2021-07-20T16:12:06.692663800Z > ) `endwith' 
2021-07-20T16:12:06.692667000Z  39.                         
2021-07-20T16:12:06.692670200Z .                 *3) Save the estimates for plotting
2021-07-20T16:12:06.692673400Z .                 if `noestimatesflag'==0{
2021-07-20T16:12:06.692677100Z  40.                         if "`modeltype'"=="fulladj" {
2021-07-20T16:12:06.692680400Z  41.                                 local hr = r(estimate)
2021-07-20T16:12:06.692684000Z  42.                                 local lb = r(lb)
2021-07-20T16:12:06.692687600Z  43.                                 local ub = r(ub)
2021-07-20T16:12:06.692694100Z  44.                                 cap gen `variable'=.
2021-07-20T16:12:06.692698100Z  45.                                 testparm i.`variable'
2021-07-20T16:12:06.692701600Z  46.                                 *drop `variable'
2021-07-20T16:12:06.692704900Z .                                 }
2021-07-20T16:12:06.692708000Z  47.                 }       
2021-07-20T16:12:06.692712000Z  48.                 } /*min adj, full adj*/
2021-07-20T16:12:06.692716000Z  49.                 
2021-07-20T16:12:06.692718300Z . } /*variable levels*/
2021-07-20T16:12:06.692720500Z  50. 
2021-07-20T16:12:06.692722800Z . } /*agebands*/
2021-07-20T16:12:06.692731300Z  51. 
2021-07-20T16:12:06.692735000Z . } /*Waves*/
2021-07-20T16:12:06.692738200Z  52. end
2021-07-20T16:12:06.692841800Z 
2021-07-20T16:12:06.692852200Z . *****************************************************************************
2021-07-20T16:12:06.692857200Z > ******************************************
2021-07-20T16:12:06.692861000Z . /*Generic code to write a full row of "ref category" to the output file
2021-07-20T16:12:06.692863300Z > cap prog drop refline
2021-07-20T16:12:06.692865300Z > prog define refline
2021-07-20T16:12:06.692867500Z > file write tablecontents _tab _tab ("1.00 (ref)") _tab ("1.00 (ref)")  _n
2021-07-20T16:12:06.692869900Z > end*/
2021-07-20T16:12:06.692871900Z . *****************************************************************************
2021-07-20T16:12:06.692873900Z > ******************************************
2021-07-20T16:12:06.692875900Z . 
2021-07-20T16:12:06.692877800Z . *MAIN CODE TO PRODUCE TABLE CONTENTS
2021-07-20T16:12:06.692879700Z . 
2021-07-20T16:12:06.692882900Z . cap file close tablecontents
2021-07-20T16:12:06.692885000Z 
2021-07-20T16:12:06.692887000Z . file open tablecontents using ./output/an_tablecontents_HRtable_`outcome'.txt
2021-07-20T16:12:06.692889200Z > , t w replace 
2021-07-20T16:12:06.693067300Z (note: file ./output/an_tablecontents_HRtable_covid_tpp_prob.txt not found)
2021-07-20T16:12:06.693100300Z 
2021-07-20T16:12:06.693105600Z . 
2021-07-20T16:12:06.693109100Z . *Primary exposure
2021-07-20T16:12:06.693112600Z . outputHRsforvar, variable("kids_cat4") min(0) max(3) outcome(`outcome')
2021-07-20T16:12:06.705447900Z   170
2021-07-20T16:12:06.716310100Z 
2021-07-20T16:12:06.716328900Z     Variable |        Obs        Mean    Std. Dev.       Min        Max
2021-07-20T16:12:06.716332000Z -------------+---------------------------------------------------------
2021-07-20T16:12:06.716334400Z total_foll~p |        469       69371           0      69371      69371
2021-07-20T16:12:06.890522500Z 
2021-07-20T16:12:06.890562700Z  ( 1)  1.kids_cat4 = 0
2021-07-20T16:12:06.890566100Z  ( 2)  2.kids_cat4 = 0
2021-07-20T16:12:06.890568300Z  ( 3)  3.kids_cat4 = 0
2021-07-20T16:12:06.890570300Z 
2021-07-20T16:12:06.890572200Z            chi2(  3) =    2.94
2021-07-20T16:12:06.890574500Z          Prob > chi2 =    0.4011
2021-07-20T16:12:06.908310800Z   582
2021-07-20T16:12:06.908332700Z 
2021-07-20T16:12:06.908336500Z     Variable |        Obs        Mean    Std. Dev.       Min        Max
2021-07-20T16:12:06.908338800Z -------------+---------------------------------------------------------
2021-07-20T16:12:06.908353100Z total_foll~p |      1,546      227963           0     227963     227963
2021-07-20T16:12:06.939382500Z 
2021-07-20T16:12:06.939414500Z  ( 1)  1.kids_cat4 = 0
2021-07-20T16:12:06.939417200Z  ( 2)  2.kids_cat4 = 0
2021-07-20T16:12:06.939419300Z  ( 3)  3.kids_cat4 = 0
2021-07-20T16:12:06.939421500Z 
2021-07-20T16:12:06.939423300Z            chi2(  3) =    2.94
2021-07-20T16:12:06.939425500Z          Prob > chi2 =    0.4011
2021-07-20T16:12:06.964432700Z   142
2021-07-20T16:12:06.964452000Z 
2021-07-20T16:12:06.964454800Z     Variable |        Obs        Mean    Std. Dev.       Min        Max
2021-07-20T16:12:06.964457100Z -------------+---------------------------------------------------------
2021-07-20T16:12:06.964459200Z total_foll~p |        354       50439           0      50439      50439
2021-07-20T16:12:07.002767500Z 
2021-07-20T16:12:07.002803600Z  ( 1)  1.kids_cat4 = 0
2021-07-20T16:12:07.002807600Z  ( 2)  2.kids_cat4 = 0
2021-07-20T16:12:07.002810300Z  ( 3)  3.kids_cat4 = 0
2021-07-20T16:12:07.002812800Z 
2021-07-20T16:12:07.002816100Z            chi2(  3) =    2.94
2021-07-20T16:12:07.002819100Z          Prob > chi2 =    0.4011
2021-07-20T16:12:07.028929500Z   5,181
2021-07-20T16:12:07.028950400Z 
2021-07-20T16:12:07.028955300Z     Variable |        Obs        Mean    Std. Dev.       Min        Max
2021-07-20T16:12:07.028959400Z -------------+---------------------------------------------------------
2021-07-20T16:12:07.028963100Z total_foll~p |     13,837     2045320           0    2045320    2045320
2021-07-20T16:12:07.061173500Z 
2021-07-20T16:12:07.061193800Z  ( 1)  1.kids_cat4 = 0
2021-07-20T16:12:07.061198000Z  ( 2)  2.kids_cat4 = 0
2021-07-20T16:12:07.061201200Z  ( 3)  3.kids_cat4 = 0
2021-07-20T16:12:07.061204500Z 
2021-07-20T16:12:07.061207700Z            chi2(  3) =    2.94
2021-07-20T16:12:07.061211400Z          Prob > chi2 =    0.4011
2021-07-20T16:12:07.066138700Z   63
2021-07-20T16:12:07.066162700Z 
2021-07-20T16:12:07.066168400Z     Variable |        Obs        Mean    Std. Dev.       Min        Max
2021-07-20T16:12:07.066170700Z -------------+---------------------------------------------------------
2021-07-20T16:12:07.066172800Z total_foll~p |        144       19749           0      19749      19749
2021-07-20T16:12:07.096675500Z 
2021-07-20T16:12:07.096708400Z  ( 1)  1.kids_cat4 = 0
2021-07-20T16:12:07.096714300Z  ( 2)  2.kids_cat4 = 0
2021-07-20T16:12:07.096716600Z  ( 3)  3.kids_cat4 = 0
2021-07-20T16:12:07.096744600Z 
2021-07-20T16:12:07.096749000Z            chi2(  3) =    1.45
2021-07-20T16:12:07.096753100Z          Prob > chi2 =    0.6939
2021-07-20T16:12:07.101240100Z   151
2021-07-20T16:12:07.101251600Z 
2021-07-20T16:12:07.101253900Z     Variable |        Obs        Mean    Std. Dev.       Min        Max
2021-07-20T16:12:07.101255900Z -------------+---------------------------------------------------------
2021-07-20T16:12:07.101257900Z total_foll~p |        400       58658           0      58658      58658
2021-07-20T16:12:07.136619100Z 
2021-07-20T16:12:07.136636000Z  ( 1)  1.kids_cat4 = 0
2021-07-20T16:12:07.136639200Z  ( 2)  2.kids_cat4 = 0
2021-07-20T16:12:07.136641200Z  ( 3)  3.kids_cat4 = 0
2021-07-20T16:12:07.136643200Z 
2021-07-20T16:12:07.136645100Z            chi2(  3) =    1.45
2021-07-20T16:12:07.136647200Z          Prob > chi2 =    0.6939
2021-07-20T16:12:07.143634300Z   38
2021-07-20T16:12:07.143655200Z 
2021-07-20T16:12:07.143660400Z     Variable |        Obs        Mean    Std. Dev.       Min        Max
2021-07-20T16:12:07.143664100Z -------------+---------------------------------------------------------
2021-07-20T16:12:07.143667800Z total_foll~p |        104       15579           0      15579      15579
2021-07-20T16:12:07.177163800Z 
2021-07-20T16:12:07.177186500Z  ( 1)  1.kids_cat4 = 0
2021-07-20T16:12:07.177189300Z  ( 2)  2.kids_cat4 = 0
2021-07-20T16:12:07.177191200Z  ( 3)  3.kids_cat4 = 0
2021-07-20T16:12:07.177193200Z 
2021-07-20T16:12:07.177195100Z            chi2(  3) =    1.45
2021-07-20T16:12:07.177197200Z          Prob > chi2 =    0.6939
2021-07-20T16:12:07.181737800Z   1,481
2021-07-20T16:12:07.181757000Z 
2021-07-20T16:12:07.181761600Z     Variable |        Obs        Mean    Std. Dev.       Min        Max
2021-07-20T16:12:07.181765400Z -------------+---------------------------------------------------------
2021-07-20T16:12:07.181768700Z total_foll~p |      3,846      560894           0     560894     560894
2021-07-20T16:12:07.215173200Z 
2021-07-20T16:12:07.215194000Z  ( 1)  1.kids_cat4 = 0
2021-07-20T16:12:07.215198600Z  ( 2)  2.kids_cat4 = 0
2021-07-20T16:12:07.215202000Z  ( 3)  3.kids_cat4 = 0
2021-07-20T16:12:07.215205200Z 
2021-07-20T16:12:07.215208200Z            chi2(  3) =    1.45
2021-07-20T16:12:07.215211700Z          Prob > chi2 =    0.6939
2021-07-20T16:12:07.238467400Z   154
2021-07-20T16:12:07.238484400Z 
2021-07-20T16:12:07.238487300Z     Variable |        Obs        Mean    Std. Dev.       Min        Max
2021-07-20T16:12:07.238505300Z -------------+---------------------------------------------------------
2021-07-20T16:12:07.238509900Z total_foll~p |        436       34272           0      34272      34272
2021-07-20T16:12:07.267286800Z 
2021-07-20T16:12:07.267316300Z  ( 1)  1.kids_cat4 = 0
2021-07-20T16:12:07.267319200Z  ( 2)  2.kids_cat4 = 0
2021-07-20T16:12:07.267321100Z  ( 3)  3.kids_cat4 = 0
2021-07-20T16:12:07.267323000Z 
2021-07-20T16:12:07.267324900Z            chi2(  3) =    4.20
2021-07-20T16:12:07.267327200Z          Prob > chi2 =    0.2408
2021-07-20T16:12:07.287934300Z   596
2021-07-20T16:12:07.288761800Z 
2021-07-20T16:12:07.288770100Z     Variable |        Obs        Mean    Std. Dev.       Min        Max
2021-07-20T16:12:07.288773500Z -------------+---------------------------------------------------------
2021-07-20T16:12:07.288974600Z total_foll~p |      1,904      151908           0     151908     151908
2021-07-20T16:12:07.322171200Z 
2021-07-20T16:12:07.322195900Z  ( 1)  1.kids_cat4 = 0
2021-07-20T16:12:07.322201300Z  ( 2)  2.kids_cat4 = 0
2021-07-20T16:12:07.322205000Z  ( 3)  3.kids_cat4 = 0
2021-07-20T16:12:07.322208700Z 
2021-07-20T16:12:07.322212100Z            chi2(  3) =    4.20
2021-07-20T16:12:07.322216000Z          Prob > chi2 =    0.2408
2021-07-20T16:12:07.345970700Z   96
2021-07-20T16:12:07.346028500Z 
2021-07-20T16:12:07.346035900Z     Variable |        Obs        Mean    Std. Dev.       Min        Max
2021-07-20T16:12:07.346040200Z -------------+---------------------------------------------------------
2021-07-20T16:12:07.346044100Z total_foll~p |        295       23690           0      23690      23690
2021-07-20T16:12:07.377239900Z 
2021-07-20T16:12:07.377268700Z  ( 1)  1.kids_cat4 = 0
2021-07-20T16:12:07.377273900Z  ( 2)  2.kids_cat4 = 0
2021-07-20T16:12:07.377278600Z  ( 3)  3.kids_cat4 = 0
2021-07-20T16:12:07.377283200Z 
2021-07-20T16:12:07.377287600Z            chi2(  3) =    4.20
2021-07-20T16:12:07.377292200Z          Prob > chi2 =    0.2408
2021-07-20T16:12:07.395589300Z   4,306
2021-07-20T16:12:07.395612500Z 
2021-07-20T16:12:07.395618900Z     Variable |        Obs        Mean    Std. Dev.       Min        Max
2021-07-20T16:12:07.395623100Z -------------+---------------------------------------------------------
2021-07-20T16:12:07.395627000Z total_foll~p |     13,600     1083834           0    1083834    1083834
2021-07-20T16:12:07.423785000Z 
2021-07-20T16:12:07.423818900Z  ( 1)  1.kids_cat4 = 0
2021-07-20T16:12:07.423822700Z  ( 2)  2.kids_cat4 = 0
2021-07-20T16:12:07.423854300Z  ( 3)  3.kids_cat4 = 0
2021-07-20T16:12:07.423856600Z 
2021-07-20T16:12:07.423858500Z            chi2(  3) =    4.20
2021-07-20T16:12:07.423860700Z          Prob > chi2 =    0.2408
2021-07-20T16:12:07.428523000Z   46
2021-07-20T16:12:07.428542900Z 
2021-07-20T16:12:07.428547600Z     Variable |        Obs        Mean    Std. Dev.       Min        Max
2021-07-20T16:12:07.428551300Z -------------+---------------------------------------------------------
2021-07-20T16:12:07.428553500Z total_foll~p |        123        9360           0       9360       9360
2021-07-20T16:12:07.456033600Z 
2021-07-20T16:12:07.456112500Z  ( 1)  1.kids_cat4 = 0
2021-07-20T16:12:07.456115500Z  ( 2)  2.kids_cat4 = 0
2021-07-20T16:12:07.456117400Z  ( 3)  3.kids_cat4 = 0
2021-07-20T16:12:07.456119300Z 
2021-07-20T16:12:07.456121100Z            chi2(  3) =    8.03
2021-07-20T16:12:07.456123100Z          Prob > chi2 =    0.0454
2021-07-20T16:12:07.461204400Z   137
2021-07-20T16:12:07.461222800Z 
2021-07-20T16:12:07.461225600Z     Variable |        Obs        Mean    Std. Dev.       Min        Max
2021-07-20T16:12:07.461227700Z -------------+---------------------------------------------------------
2021-07-20T16:12:07.461229800Z total_foll~p |        509       40930           0      40930      40930
2021-07-20T16:12:07.494263800Z 
2021-07-20T16:12:07.494285500Z  ( 1)  1.kids_cat4 = 0
2021-07-20T16:12:07.494289500Z  ( 2)  2.kids_cat4 = 0
2021-07-20T16:12:07.494292900Z  ( 3)  3.kids_cat4 = 0
2021-07-20T16:12:07.494296200Z 
2021-07-20T16:12:07.494299400Z            chi2(  3) =    8.03
2021-07-20T16:12:07.494302800Z          Prob > chi2 =    0.0454
2021-07-20T16:12:07.498941300Z   21
2021-07-20T16:12:07.498959300Z 
2021-07-20T16:12:07.498964200Z     Variable |        Obs        Mean    Std. Dev.       Min        Max
2021-07-20T16:12:07.498968000Z -------------+---------------------------------------------------------
2021-07-20T16:12:07.498971600Z total_foll~p |         71        5562           0       5562       5562
2021-07-20T16:12:07.528898700Z 
2021-07-20T16:12:07.528927800Z  ( 1)  1.kids_cat4 = 0
2021-07-20T16:12:07.528932300Z  ( 2)  2.kids_cat4 = 0
2021-07-20T16:12:07.528935400Z  ( 3)  3.kids_cat4 = 0
2021-07-20T16:12:07.528938400Z 
2021-07-20T16:12:07.528941900Z            chi2(  3) =    8.03
2021-07-20T16:12:07.528945400Z          Prob > chi2 =    0.0454
2021-07-20T16:12:07.533206400Z   1,262
2021-07-20T16:12:07.533222300Z 
2021-07-20T16:12:07.533226500Z     Variable |        Obs        Mean    Std. Dev.       Min        Max
2021-07-20T16:12:07.533239400Z -------------+---------------------------------------------------------
2021-07-20T16:12:07.533243100Z total_foll~p |      3,793      299932           0     299932     299932
2021-07-20T16:12:07.559490900Z 
2021-07-20T16:12:07.559527700Z  ( 1)  1.kids_cat4 = 0
2021-07-20T16:12:07.559531900Z  ( 2)  2.kids_cat4 = 0
2021-07-20T16:12:07.559535100Z  ( 3)  3.kids_cat4 = 0
2021-07-20T16:12:07.559538400Z 
2021-07-20T16:12:07.559541700Z            chi2(  3) =    8.03
2021-07-20T16:12:07.559545300Z          Prob > chi2 =    0.0454
2021-07-20T16:12:07.559549100Z 
2021-07-20T16:12:07.559552300Z . file write tablecontents _n
2021-07-20T16:12:07.559556100Z 
2021-07-20T16:12:07.559559200Z . 
2021-07-20T16:12:07.559562200Z . *Number kids
2021-07-20T16:12:07.559565200Z . outputHRsforvar, variable("gp_number_kids") min(0) max(4) outcome(`outcome')
2021-07-20T16:12:07.578981600Z   0
2021-07-20T16:12:07.579000900Z 
2021-07-20T16:12:07.579003900Z     Variable |        Obs        Mean    Std. Dev.       Min        Max
2021-07-20T16:12:07.579006300Z -------------+---------------------------------------------------------
2021-07-20T16:12:07.590443400Z total_foll~p |          0
2021-07-20T16:12:07.590478800Z 
2021-07-20T16:12:07.590483500Z  ( 1)  2.gp_number_kids = 0
2021-07-20T16:12:07.590486800Z  ( 2)  3.gp_number_kids = 0
2021-07-20T16:12:07.590489900Z  ( 3)  4.gp_number_kids = 0
2021-07-20T16:12:07.590492900Z 
2021-07-20T16:12:07.590496300Z            chi2(  3) =    2.55
2021-07-20T16:12:07.590499800Z          Prob > chi2 =    0.4662
2021-07-20T16:12:07.610595700Z   145
2021-07-20T16:12:07.610627500Z 
2021-07-20T16:12:07.610631300Z     Variable |        Obs        Mean    Std. Dev.       Min        Max
2021-07-20T16:12:07.610634700Z -------------+---------------------------------------------------------
2021-07-20T16:12:07.610637800Z total_foll~p |        400       58856           0      58856      58856
2021-07-20T16:12:07.638161700Z 
2021-07-20T16:12:07.638200200Z  ( 1)  2.gp_number_kids = 0
2021-07-20T16:12:07.638203300Z  ( 2)  3.gp_number_kids = 0
2021-07-20T16:12:07.638205200Z  ( 3)  4.gp_number_kids = 0
2021-07-20T16:12:07.638207500Z 
2021-07-20T16:12:07.638209300Z            chi2(  3) =    2.55
2021-07-20T16:12:07.638211400Z          Prob > chi2 =    0.4662
2021-07-20T16:12:07.659431700Z   109
2021-07-20T16:12:07.659454700Z 
2021-07-20T16:12:07.659460600Z     Variable |        Obs        Mean    Std. Dev.       Min        Max
2021-07-20T16:12:07.659474600Z -------------+---------------------------------------------------------
2021-07-20T16:12:07.659477400Z total_foll~p |        273       41700           0      41700      41700
2021-07-20T16:12:07.695824000Z 
2021-07-20T16:12:07.695872200Z  ( 1)  2.gp_number_kids = 0
2021-07-20T16:12:07.695877600Z  ( 2)  3.gp_number_kids = 0
2021-07-20T16:12:07.695881000Z  ( 3)  4.gp_number_kids = 0
2021-07-20T16:12:07.695884500Z 
2021-07-20T16:12:07.695887900Z            chi2(  3) =    2.55
2021-07-20T16:12:07.695891500Z          Prob > chi2 =    0.4662
2021-07-20T16:12:07.717785300Z   75
2021-07-20T16:12:07.717816800Z 
2021-07-20T16:12:07.717821500Z     Variable |        Obs        Mean    Std. Dev.       Min        Max
2021-07-20T16:12:07.717825500Z -------------+---------------------------------------------------------
2021-07-20T16:12:07.717829000Z total_foll~p |        222       33869           0      33869      33869
2021-07-20T16:12:07.746250600Z 
2021-07-20T16:12:07.746273000Z  ( 1)  2.gp_number_kids = 0
2021-07-20T16:12:07.746277600Z  ( 2)  3.gp_number_kids = 0
2021-07-20T16:12:07.746281200Z  ( 3)  4.gp_number_kids = 0
2021-07-20T16:12:07.746284400Z 
2021-07-20T16:12:07.746287600Z            chi2(  3) =    2.55
2021-07-20T16:12:07.746290900Z          Prob > chi2 =    0.4662
2021-07-20T16:12:07.768858100Z   253
2021-07-20T16:12:07.768904800Z 
2021-07-20T16:12:07.768908800Z     Variable |        Obs        Mean    Std. Dev.       Min        Max
2021-07-20T16:12:07.768911700Z -------------+---------------------------------------------------------
2021-07-20T16:12:07.768914100Z total_foll~p |        651       93538           0      93538      93538
2021-07-20T16:12:07.800128200Z 
2021-07-20T16:12:07.800154900Z  ( 1)  2.gp_number_kids = 0
2021-07-20T16:12:07.800160300Z  ( 2)  3.gp_number_kids = 0
2021-07-20T16:12:07.800164000Z  ( 3)  4.gp_number_kids = 0
2021-07-20T16:12:07.800168000Z 
2021-07-20T16:12:07.800172100Z            chi2(  3) =    2.55
2021-07-20T16:12:07.800176300Z          Prob > chi2 =    0.4662
2021-07-20T16:12:07.804319400Z   0
2021-07-20T16:12:07.804359900Z 
2021-07-20T16:12:07.804365100Z     Variable |        Obs        Mean    Std. Dev.       Min        Max
2021-07-20T16:12:07.804369200Z -------------+---------------------------------------------------------
2021-07-20T16:12:07.816499900Z total_foll~p |          0
2021-07-20T16:12:07.816526400Z 
2021-07-20T16:12:07.816531900Z  ( 1)  2.gp_number_kids = 0
2021-07-20T16:12:07.816535800Z  ( 2)  3.gp_number_kids = 0
2021-07-20T16:12:07.816557700Z  ( 3)  4.gp_number_kids = 0
2021-07-20T16:12:07.816562500Z 
2021-07-20T16:12:07.816567200Z            chi2(  3) =    1.07
2021-07-20T16:12:07.816571700Z          Prob > chi2 =    0.7849
2021-07-20T16:12:07.820918800Z   38
2021-07-20T16:12:07.820944400Z 
2021-07-20T16:12:07.820949800Z     Variable |        Obs        Mean    Std. Dev.       Min        Max
2021-07-20T16:12:07.820953900Z -------------+---------------------------------------------------------
2021-07-20T16:12:07.820957700Z total_foll~p |        100       14229           0      14229      14229
2021-07-20T16:12:07.848801700Z 
2021-07-20T16:12:07.848823500Z  ( 1)  2.gp_number_kids = 0
2021-07-20T16:12:07.848828000Z  ( 2)  3.gp_number_kids = 0
2021-07-20T16:12:07.848831500Z  ( 3)  4.gp_number_kids = 0
2021-07-20T16:12:07.848834900Z 
2021-07-20T16:12:07.848838000Z            chi2(  3) =    1.07
2021-07-20T16:12:07.848841400Z          Prob > chi2 =    0.7849
2021-07-20T16:12:07.853212300Z   31
2021-07-20T16:12:07.853227100Z 
2021-07-20T16:12:07.853229900Z     Variable |        Obs        Mean    Std. Dev.       Min        Max
2021-07-20T16:12:07.853232200Z -------------+---------------------------------------------------------
2021-07-20T16:12:07.853234200Z total_foll~p |         77       11536           0      11536      11536
2021-07-20T16:12:07.883374900Z 
2021-07-20T16:12:07.883404400Z  ( 1)  2.gp_number_kids = 0
2021-07-20T16:12:07.883408000Z  ( 2)  3.gp_number_kids = 0
2021-07-20T16:12:07.883410100Z  ( 3)  4.gp_number_kids = 0
2021-07-20T16:12:07.883412200Z 
2021-07-20T16:12:07.883414100Z            chi2(  3) =    1.07
2021-07-20T16:12:07.883416600Z          Prob > chi2 =    0.7849
2021-07-20T16:12:07.888022700Z   19
2021-07-20T16:12:07.888043900Z 
2021-07-20T16:12:07.888048700Z     Variable |        Obs        Mean    Std. Dev.       Min        Max
2021-07-20T16:12:07.888053200Z -------------+---------------------------------------------------------
2021-07-20T16:12:07.888056800Z total_foll~p |         50        7907           0       7907       7907
2021-07-20T16:12:07.925338000Z 
2021-07-20T16:12:07.925368500Z  ( 1)  2.gp_number_kids = 0
2021-07-20T16:12:07.925372600Z  ( 2)  3.gp_number_kids = 0
2021-07-20T16:12:07.925375600Z  ( 3)  4.gp_number_kids = 0
2021-07-20T16:12:07.925379400Z 
2021-07-20T16:12:07.925382300Z            chi2(  3) =    1.07
2021-07-20T16:12:07.925385400Z          Prob > chi2 =    0.7849
2021-07-20T16:12:07.930917500Z   63
2021-07-20T16:12:07.930954700Z 
2021-07-20T16:12:07.930969200Z     Variable |        Obs        Mean    Std. Dev.       Min        Max
2021-07-20T16:12:07.930971800Z -------------+---------------------------------------------------------
2021-07-20T16:12:07.930973800Z total_foll~p |        173       24986           0      24986      24986
2021-07-20T16:12:07.961932500Z 
2021-07-20T16:12:07.961954000Z  ( 1)  2.gp_number_kids = 0
2021-07-20T16:12:07.961958700Z  ( 2)  3.gp_number_kids = 0
2021-07-20T16:12:07.961961100Z  ( 3)  4.gp_number_kids = 0
2021-07-20T16:12:07.961963200Z 
2021-07-20T16:12:07.961967100Z            chi2(  3) =    1.07
2021-07-20T16:12:07.961969300Z          Prob > chi2 =    0.7849
2021-07-20T16:12:07.991140000Z   0
2021-07-20T16:12:07.991157400Z 
2021-07-20T16:12:07.991160200Z     Variable |        Obs        Mean    Std. Dev.       Min        Max
2021-07-20T16:12:07.991162500Z -------------+---------------------------------------------------------
2021-07-20T16:12:08.007105500Z total_foll~p |          0
2021-07-20T16:12:08.007125300Z 
2021-07-20T16:12:08.007130300Z  ( 1)  2.gp_number_kids = 0
2021-07-20T16:12:08.007134800Z  ( 2)  3.gp_number_kids = 0
2021-07-20T16:12:08.007139300Z  ( 3)  4.gp_number_kids = 0
2021-07-20T16:12:08.007141900Z 
2021-07-20T16:12:08.007144400Z            chi2(  3) =    1.13
2021-07-20T16:12:08.007146700Z          Prob > chi2 =    0.7687
2021-07-20T16:12:08.042921300Z   115
2021-07-20T16:12:08.042943500Z 
2021-07-20T16:12:08.042948300Z     Variable |        Obs        Mean    Std. Dev.       Min        Max
2021-07-20T16:12:08.042952800Z -------------+---------------------------------------------------------
2021-07-20T16:12:08.042956900Z total_foll~p |        378       30169           0      30169      30169
2021-07-20T16:12:08.076579800Z 
2021-07-20T16:12:08.076615200Z  ( 1)  2.gp_number_kids = 0
2021-07-20T16:12:08.076623000Z  ( 2)  3.gp_number_kids = 0
2021-07-20T16:12:08.076627500Z  ( 3)  4.gp_number_kids = 0
2021-07-20T16:12:08.076631500Z 
2021-07-20T16:12:08.076635500Z            chi2(  3) =    1.13
2021-07-20T16:12:08.076638000Z          Prob > chi2 =    0.7687
2021-07-20T16:12:08.100417400Z   160
2021-07-20T16:12:08.100439100Z 
2021-07-20T16:12:08.100444400Z     Variable |        Obs        Mean    Std. Dev.       Min        Max
2021-07-20T16:12:08.100449000Z -------------+---------------------------------------------------------
2021-07-20T16:12:08.100453300Z total_foll~p |        486       38411           0      38411      38411
2021-07-20T16:12:08.135479200Z 
2021-07-20T16:12:08.135510400Z  ( 1)  2.gp_number_kids = 0
2021-07-20T16:12:08.135534800Z  ( 2)  3.gp_number_kids = 0
2021-07-20T16:12:08.135539000Z  ( 3)  4.gp_number_kids = 0
2021-07-20T16:12:08.135542500Z 
2021-07-20T16:12:08.135545800Z            chi2(  3) =    1.13
2021-07-20T16:12:08.135549800Z          Prob > chi2 =    0.7687
2021-07-20T16:12:08.169356600Z   59
2021-07-20T16:12:08.169379300Z 
2021-07-20T16:12:08.169407500Z     Variable |        Obs        Mean    Std. Dev.       Min        Max
2021-07-20T16:12:08.169414100Z -------------+---------------------------------------------------------
2021-07-20T16:12:08.169416400Z total_foll~p |        204       16521           0      16521      16521
2021-07-20T16:12:08.204180300Z 
2021-07-20T16:12:08.204205300Z  ( 1)  2.gp_number_kids = 0
2021-07-20T16:12:08.204210100Z  ( 2)  3.gp_number_kids = 0
2021-07-20T16:12:08.204213300Z  ( 3)  4.gp_number_kids = 0
2021-07-20T16:12:08.204216700Z 
2021-07-20T16:12:08.204219900Z            chi2(  3) =    1.13
2021-07-20T16:12:08.204224100Z          Prob > chi2 =    0.7687
2021-07-20T16:12:08.237854000Z   262
2021-07-20T16:12:08.237874600Z 
2021-07-20T16:12:08.237878700Z     Variable |        Obs        Mean    Std. Dev.       Min        Max
2021-07-20T16:12:08.237882000Z -------------+---------------------------------------------------------
2021-07-20T16:12:08.237885000Z total_foll~p |        836       66807           0      66807      66807
2021-07-20T16:12:08.276556100Z 
2021-07-20T16:12:08.276574200Z  ( 1)  2.gp_number_kids = 0
2021-07-20T16:12:08.276577600Z  ( 2)  3.gp_number_kids = 0
2021-07-20T16:12:08.276580300Z  ( 3)  4.gp_number_kids = 0
2021-07-20T16:12:08.276582800Z 
2021-07-20T16:12:08.276585100Z            chi2(  3) =    1.13
2021-07-20T16:12:08.276588000Z          Prob > chi2 =    0.7687
2021-07-20T16:12:08.283411800Z   0
2021-07-20T16:12:08.283427400Z 
2021-07-20T16:12:08.283430500Z     Variable |        Obs        Mean    Std. Dev.       Min        Max
2021-07-20T16:12:08.283433100Z -------------+---------------------------------------------------------
2021-07-20T16:12:08.302400600Z total_foll~p |          0
2021-07-20T16:12:08.302423200Z 
2021-07-20T16:12:08.302427600Z  ( 1)  2.gp_number_kids = 0
2021-07-20T16:12:08.302431900Z  ( 2)  3.gp_number_kids = 0
2021-07-20T16:12:08.302436000Z  ( 3)  4.gp_number_kids = 0
2021-07-20T16:12:08.302439900Z 
2021-07-20T16:12:08.302443900Z            chi2(  3) =    2.72
2021-07-20T16:12:08.302447800Z          Prob > chi2 =    0.4365
2021-07-20T16:12:08.311152200Z   28
2021-07-20T16:12:08.311195300Z 
2021-07-20T16:12:08.311201100Z     Variable |        Obs        Mean    Std. Dev.       Min        Max
2021-07-20T16:12:08.311204500Z -------------+---------------------------------------------------------
2021-07-20T16:12:08.311207800Z total_foll~p |         91        7025           0       7025       7025
2021-07-20T16:12:08.349824500Z 
2021-07-20T16:12:08.349844900Z  ( 1)  2.gp_number_kids = 0
2021-07-20T16:12:08.349848200Z  ( 2)  3.gp_number_kids = 0
2021-07-20T16:12:08.349850700Z  ( 3)  4.gp_number_kids = 0
2021-07-20T16:12:08.349853100Z 
2021-07-20T16:12:08.349855300Z            chi2(  3) =    2.72
2021-07-20T16:12:08.349857700Z          Prob > chi2 =    0.4365
2021-07-20T16:12:08.355842600Z   35
2021-07-20T16:12:08.355867400Z 
2021-07-20T16:12:08.355872700Z     Variable |        Obs        Mean    Std. Dev.       Min        Max
2021-07-20T16:12:08.355877000Z -------------+---------------------------------------------------------
2021-07-20T16:12:08.355881000Z total_foll~p |        123        9971           0       9971       9971
2021-07-20T16:12:08.394110000Z 
2021-07-20T16:12:08.394138600Z  ( 1)  2.gp_number_kids = 0
2021-07-20T16:12:08.394143800Z  ( 2)  3.gp_number_kids = 0
2021-07-20T16:12:08.394147800Z  ( 3)  4.gp_number_kids = 0
2021-07-20T16:12:08.394151800Z 
2021-07-20T16:12:08.394155600Z            chi2(  3) =    2.72
2021-07-20T16:12:08.394159600Z          Prob > chi2 =    0.4365
2021-07-20T16:12:08.400215800Z   15
2021-07-20T16:12:08.400235100Z 
2021-07-20T16:12:08.400240200Z     Variable |        Obs        Mean    Std. Dev.       Min        Max
2021-07-20T16:12:08.400244600Z -------------+---------------------------------------------------------
2021-07-20T16:12:08.400248700Z total_foll~p |         50        3701           0       3701       3701
2021-07-20T16:12:08.432648200Z 
2021-07-20T16:12:08.432671100Z  ( 1)  2.gp_number_kids = 0
2021-07-20T16:12:08.432676500Z  ( 2)  3.gp_number_kids = 0
2021-07-20T16:12:08.432680300Z  ( 3)  4.gp_number_kids = 0
2021-07-20T16:12:08.432684000Z 
2021-07-20T16:12:08.432688000Z            chi2(  3) =    2.72
2021-07-20T16:12:08.432691600Z          Prob > chi2 =    0.4365
2021-07-20T16:12:08.439569800Z   59
2021-07-20T16:12:08.439596800Z 
2021-07-20T16:12:08.439603000Z     Variable |        Obs        Mean    Std. Dev.       Min        Max
2021-07-20T16:12:08.439607700Z -------------+---------------------------------------------------------
2021-07-20T16:12:08.439612600Z total_foll~p |        245       20233           0      20233      20233
2021-07-20T16:12:08.479540600Z 
2021-07-20T16:12:08.479578800Z  ( 1)  2.gp_number_kids = 0
2021-07-20T16:12:08.479584800Z  ( 2)  3.gp_number_kids = 0
2021-07-20T16:12:08.479588200Z  ( 3)  4.gp_number_kids = 0
2021-07-20T16:12:08.479591300Z 
2021-07-20T16:12:08.479594400Z            chi2(  3) =    2.72
2021-07-20T16:12:08.479597600Z          Prob > chi2 =    0.4365
2021-07-20T16:12:08.479771300Z 
2021-07-20T16:12:08.479785000Z . file write tablecontents _n 
2021-07-20T16:12:08.479789300Z 
2021-07-20T16:12:08.479792600Z . 
2021-07-20T16:12:08.479795600Z . file close tablecontents
2021-07-20T16:12:08.479798700Z 
2021-07-20T16:12:08.479802000Z . 
2021-07-20T16:12:08.479805700Z . 
2021-07-20T16:12:08.479809000Z . log close
2021-07-20T16:12:08.479812300Z       name:  <unnamed>
2021-07-20T16:12:08.479816400Z        log:  /workspace/log/08_an_tablecontent_HRtable_covid_tpp_prob.log
2021-07-20T16:12:08.479819900Z   log type:  text
2021-07-20T16:12:08.479823100Z  closed on:  20 Jul 2021, 16:12:08
2021-07-20T16:12:08.479826400Z -------------------------------------------------------------------------------
2021-07-20T16:12:08.479829900Z 
2021-07-20T16:12:08.479833200Z . 
2021-07-20T16:12:08.479836800Z end of do-file
2021-07-20T16:12:08.479840200Z 
2021-07-20T16:12:08.479843800Z . . file open output using "/tmp/tmp.7BIIqbXdM7", write text replace
2021-07-20T16:12:08.479992800Z 
2021-07-20T16:12:08.480005900Z . . file write output "success" 
2021-07-20T16:12:08.480009900Z 
2021-07-20T16:12:08.480012900Z . . file close output
2021-07-20T16:12:08.480015800Z 
2021-07-20T16:12:08.480018600Z . 
2021-07-20T16:12:08.480021600Z end of do-file
2021-07-20T16:12:08.480024400Z 
2021-07-20T16:12:08.480027200Z 
2021-07-20T16:12:08.505297900Z . 

state: succeeded
commit: none
docker_image_id: sha256:11980aa720220a1b39bf523f5a8a33270214c13876c30ee364e16265766f7f60
exit_code: 0
job_id: xex7dq56lxcvfcvc
run_by_user: qc18278
created_at: 2021-07-20T15:38:48Z
started_at: 2021-07-20T16:12:06Z
completed_at: 2021-07-20T16:13:53Z

Completed successfully

outputs:
  log/08_an_tablecontent_HRtable_covid_tpp_prob.log   - moderately_sensitive
  output/an_tablecontents_HRtable_covid_tpp_prob.txt  - moderately_sensitive