2021-07-20T16:00:19.113677400Z 
2021-07-20T16:00:19.113702800Z   ___  ____  ____  ____  ____ (R)
2021-07-20T16:00:19.113706200Z  /__    /   ____/   /   ____/
2021-07-20T16:00:19.113708500Z ___/   /   /___/   /   /___/   16.1   Copyright 1985-2019 StataCorp LLC
2021-07-20T16:00:19.113710500Z   Statistics/Data Analysis            StataCorp
2021-07-20T16:00:19.113712600Z                                       4905 Lakeway Drive
2021-07-20T16:00:19.113714700Z                                       College Station, Texas 77845 USA
2021-07-20T16:00:19.113716800Z                                       800-STATA-PC        http://www.stata.com
2021-07-20T16:00:19.113719900Z                                       979-696-4600        stata@stata.com
2021-07-20T16:00:19.113723200Z                                       979-696-4601 (fax)
2021-07-20T16:00:19.113726500Z 
2021-07-20T16:00:19.113729800Z 3-user Stata network license expires 11 May 2022:
2021-07-20T16:00:19.113733200Z        Serial number:  501709312237
2021-07-20T16:00:19.113736300Z          Licensed to:  The Bennett Institute
2021-07-20T16:00:19.113739900Z                        Oxford University
2021-07-20T16:00:19.114497600Z 
2021-07-20T16:00:19.114511500Z Notes:
2021-07-20T16:00:19.114516000Z       1.  Unicode is supported; see help unicode_advice.
2021-07-20T16:00:19.114519700Z 
2021-07-20T16:00:19.114522900Z . do "analysis/10_an_interaction_cox_models_shield.wrapper.do" covid_tpp_prob W
2021-07-20T16:00:19.114526400Z > 2 
2021-07-20T16:00:19.114530200Z 
2021-07-20T16:00:19.114533300Z . . do "analysis/10_an_interaction_cox_models_shield.do" covid_tpp_prob W2
2021-07-20T16:00:19.114536700Z 
2021-07-20T16:00:19.114539800Z . *****************************************************************************
2021-07-20T16:00:19.114543100Z > ***
2021-07-20T16:00:19.114546300Z . *
2021-07-20T16:00:19.114549400Z . *       Do-file:                10_an_interaction_cox_models_shield.do
2021-07-20T16:00:19.114552500Z . *
2021-07-20T16:00:19.114555700Z . *       Project:                Exposure children and COVID risk
2021-07-20T16:00:19.114558800Z . *
2021-07-20T16:00:19.114561800Z . *       Programmed by:  Hforbes, based on files from Fizz & Krishnan
2021-07-20T16:00:19.114565100Z . *
2021-07-20T16:00:19.114568400Z . *       Data used:              analysis_dataset.dta
2021-07-20T16:00:19.114571900Z . *
2021-07-20T16:00:19.114575200Z . *       Data created:   None
2021-07-20T16:00:19.114578300Z . *
2021-07-20T16:00:19.114581800Z . *       Other output:   Log file:  10_an_interaction_cox_models.log
2021-07-20T16:00:19.114585300Z . *
2021-07-20T16:00:19.114592900Z . *****************************************************************************
2021-07-20T16:00:19.114606200Z > ***
2021-07-20T16:00:19.114610400Z . *
2021-07-20T16:00:19.114613700Z . *       Purpose:                This do-file performs multivariable (fully ad
2021-07-20T16:00:19.114617100Z > justed) 
2021-07-20T16:00:19.114620300Z . *                                       Cox models, with an interaction by sh
2021-07-20T16:00:19.114623900Z > ielding status.
2021-07-20T16:00:19.114627500Z . *  
2021-07-20T16:00:19.114630900Z . *****************************************************************************
2021-07-20T16:00:19.114634200Z > ***
2021-07-20T16:00:19.114637500Z . *       
2021-07-20T16:00:19.114640800Z . *       Stata routines needed:  stbrier   
2021-07-20T16:00:19.114644000Z . *
2021-07-20T16:00:19.114647200Z . *****************************************************************************
2021-07-20T16:00:19.114650600Z > ***
2021-07-20T16:00:19.114654000Z . 
2021-07-20T16:00:19.114657200Z . 
2021-07-20T16:00:19.114660400Z . * Set globals that will print in programs and direct output
2021-07-20T16:00:19.114663800Z . global outdir     "output" 
2021-07-20T16:00:19.114667000Z 
2021-07-20T16:00:19.114670100Z . global logdir     "log"
2021-07-20T16:00:19.114673400Z 
2021-07-20T16:00:19.114676300Z . global tempdir    "tempdata"
2021-07-20T16:00:19.114679100Z 
2021-07-20T16:00:19.114681600Z . global demogadjlist  age1 age2 age3 i.male i.ethnicity  i.obese4cat i.smoke_n
2021-07-20T16:00:19.114684400Z > omiss i.imd i.tot_adults_hh
2021-07-20T16:00:19.114687400Z 
2021-07-20T16:00:19.114690500Z . global comordidadjlist  i.htdiag_or_highbp                              ///
2021-07-20T16:00:19.114693900Z >                         i.chronic_respiratory_disease   ///
2021-07-20T16:00:19.114697200Z >                         i.asthma                                             
2021-07-20T16:00:19.114700800Z >    ///
2021-07-20T16:00:19.114704000Z >                         i.chronic_cardiac_disease               ///
2021-07-20T16:00:19.114707600Z >                         i.diabcat                                            
2021-07-20T16:00:19.114711200Z >    ///
2021-07-20T16:00:19.114714400Z >                         i.cancer_exhaem_cat                             ///
2021-07-20T16:00:19.114717800Z >                         i.cancer_haem_cat                               ///
2021-07-20T16:00:19.114721100Z >                         i.chronic_liver_disease                 ///
2021-07-20T16:00:19.114724300Z >                         i.stroke_dementia                               ///
2021-07-20T16:00:19.114733800Z >                         i.other_neuro                                   ///
2021-07-20T16:00:19.114738100Z >                         i.reduced_kidney_function_cat   ///
2021-07-20T16:00:19.114741400Z >                         i.esrd                                               
2021-07-20T16:00:19.114744500Z >    ///
2021-07-20T16:00:19.114748900Z >                         i.other_transplant                              ///
2021-07-20T16:00:19.114752600Z >                         i.asplenia                                           
2021-07-20T16:00:19.114755900Z >    ///
2021-07-20T16:00:19.114759100Z >                         i.ra_sle_psoriasis                      ///
2021-07-20T16:00:19.114762200Z >                         i.other_immuno          
2021-07-20T16:00:19.114765500Z 
2021-07-20T16:00:19.114769000Z .                         
2021-07-20T16:00:19.114772600Z . local outcome `1' 
2021-07-20T16:00:19.114776000Z 
2021-07-20T16:00:19.114779200Z . local dataset `2'
2021-07-20T16:00:19.114782400Z 
2021-07-20T16:00:19.114785700Z .  
2021-07-20T16:00:19.114789000Z . 
2021-07-20T16:00:19.114792300Z . cap log close
2021-07-20T16:00:19.114795600Z 
2021-07-20T16:00:19.114798700Z . log using "$logdir/10_an_interaction_cox_models_shield_`outcome'`dataset'", t
2021-07-20T16:00:19.114802400Z > ext replace
2021-07-20T16:00:19.114806500Z (note: file /workspace/log/10_an_interaction_cox_models_shield_covid_tpp_probW2
2021-07-20T16:00:19.114809900Z > .log not found)
2021-07-20T16:00:19.114812700Z -------------------------------------------------------------------------------
2021-07-20T16:00:19.114815600Z       name:  <unnamed>
2021-07-20T16:00:19.114818600Z        log:  /workspace/log/10_an_interaction_cox_models_shield_covid_tpp_probW
2021-07-20T16:00:19.114821400Z > 2.log
2021-07-20T16:00:19.114824000Z   log type:  text
2021-07-20T16:00:19.114826800Z  opened on:  20 Jul 2021, 16:00:19
2021-07-20T16:00:19.114830100Z 
2021-07-20T16:00:19.114881200Z . 
2021-07-20T16:00:19.114889700Z . 
2021-07-20T16:00:19.114894000Z . *****************************************************************************
2021-07-20T16:00:19.114897700Z > *******
2021-07-20T16:00:19.114901100Z . *First clean up all old saved estimates for this outcome
2021-07-20T16:00:19.114937200Z . *This is to guard against accidentally displaying left-behind results from ol
2021-07-20T16:00:19.114950800Z > d runs
2021-07-20T16:00:19.114955600Z . *****************************************************************************
2021-07-20T16:00:19.114959400Z > *******
2021-07-20T16:00:19.114969900Z . cap erase "$outdir/output/an_interaction_cox_models_`outcome'_`exposure_type'
2021-07-20T16:00:19.114973900Z > _shield_MAINFULLYADJMODEL_agespline_bmicat_noeth_ageband_0.ster"
2021-07-20T16:00:19.114977800Z 
2021-07-20T16:00:19.115039000Z . cap erase "$outdir/output/an_interaction_cox_models_`outcome'_`exposure_type'
2021-07-20T16:00:19.115050600Z > _shield_MAINFULLYADJMODEL_agespline_bmicat_noeth_ageband_1.ster"
2021-07-20T16:00:19.115100500Z 
2021-07-20T16:00:19.115104600Z . 
2021-07-20T16:00:19.115107800Z . 
2021-07-20T16:00:19.115111300Z . 
2021-07-20T16:00:19.115114400Z . 
2021-07-20T16:00:19.115117600Z . *PROG TO DEFINE THE BASIC COX MODEL WITH OPTIONS FOR HANDLING OF AGE, BMI, ET
2021-07-20T16:00:19.115121300Z > HNICITY:
2021-07-20T16:00:19.115124500Z . cap prog drop basemodel
2021-07-20T16:00:19.115127600Z 
2021-07-20T16:00:19.115130500Z . prog define basemodel
2021-07-20T16:00:19.115241500Z   1.         syntax , exposure(string)  age(string) [ethnicity(real 0) interact
2021-07-20T16:00:19.115249800Z > ion(string)] 
2021-07-20T16:00:19.115253200Z   2.         if `ethnicity'==1 local ethnicity "i.ethnicity"
2021-07-20T16:00:19.115256500Z   3.         else local ethnicity
2021-07-20T16:00:19.115259900Z   4. timer clear
2021-07-20T16:00:19.115263100Z   5. timer on 1
2021-07-20T16:00:19.115266300Z   6. stcox   `exposure'                                                        
2021-07-20T16:00:19.115269700Z >       ///
2021-07-20T16:00:19.115272800Z >                         $demogadjlist                                        
2021-07-20T16:00:19.115276200Z >            ///
2021-07-20T16:00:19.115279400Z >                         $comordidadjlist                                     
2021-07-20T16:00:19.115282800Z >            ///
2021-07-20T16:00:19.115286000Z >                         `interaction'                                        
2021-07-20T16:00:19.115289700Z >            ///
2021-07-20T16:00:19.115293000Z >                         , strata(stp) vce(cluster household_id)
2021-07-20T16:00:19.115296500Z   7.         timer off 1
2021-07-20T16:00:19.115299400Z   8. timer list
2021-07-20T16:00:19.115302400Z   9. end
2021-07-20T16:00:19.115305400Z 
2021-07-20T16:00:19.115308300Z . *****************************************************************************
2021-07-20T16:00:19.115311800Z > ********
2021-07-20T16:00:19.115315000Z . 
2021-07-20T16:00:19.115318200Z . * Open dataset and fit specified model(s)
2021-07-20T16:00:19.115321500Z . forvalues x=0/1 {
2021-07-20T16:00:19.115332600Z   2. 
2021-07-20T16:00:19.115449400Z . use "$tempdir/cr_create_analysis_dataset_STSET_`outcome'_ageband_`x'`dataset'
2021-07-20T16:00:19.115459000Z > .dta", clear
2021-07-20T16:00:19.115462600Z   3.         
2021-07-20T16:00:19.115465700Z . 
2021-07-20T16:00:19.115468700Z . 
2021-07-20T16:00:19.115471700Z . foreach int_type in shield {
2021-07-20T16:00:19.115475000Z   4. 
2021-07-20T16:00:19.115478100Z . *Age interaction for 3-level exposure vars
2021-07-20T16:00:19.115481300Z . foreach exposure_type in kids_cat4  {
2021-07-20T16:00:19.115484500Z   5. 
2021-07-20T16:00:19.115487500Z . *Age spline model (not adj ethnicity, no interaction)
2021-07-20T16:00:19.115490600Z . basemodel, exposure("i.`exposure_type'") age("age1 age2 age3")  
2021-07-20T16:00:19.115494000Z   6. 
2021-07-20T16:00:19.115497000Z . *Age spline model (not adj ethnicity, interaction)
2021-07-20T16:00:19.115500300Z . basemodel, exposure("i.`exposure_type'") age("age1 age2 age3")  ///
2021-07-20T16:00:19.115503900Z > interaction(1.`int_type'#1.`exposure_type' 1.`int_type'#2.`exposure_type' 1.`
2021-07-20T16:00:19.115507400Z > int_type'#3.`exposure_type')
2021-07-20T16:00:19.115510800Z   7. if _rc==0{
2021-07-20T16:00:19.115513800Z   8. testparm 1.`int_type'#i.`exposure_type'
2021-07-20T16:00:19.115517000Z   9. di _n "`exposure_type' " _n "****************"
2021-07-20T16:00:19.115657900Z  10. lincom 1.`exposure_type' + 1.`int_type'#1.`exposure_type', eform
2021-07-20T16:00:19.115669900Z  11. di "`exposure_type'" _n "****************"
2021-07-20T16:00:19.115675100Z  12. lincom 2.`exposure_type' + 1.`int_type'#2.`exposure_type', eform
2021-07-20T16:00:19.115678900Z  13. di "`exposure_type'" _n "****************"
2021-07-20T16:00:19.115682100Z  14. lincom 3.`exposure_type' + 1.`int_type'#3.`exposure_type', eform
2021-07-20T16:00:19.115685500Z  15. estimates save "$outdir/an_interaction_cox_models_`outcome'_`exposure_type
2021-07-20T16:00:19.115689200Z > '_`int_type'_MAINFULLYADJMODEL_agespline_bmicat_noeth_ageband_`x'`dataset'", 
2021-07-20T16:00:19.115692700Z > replace
2021-07-20T16:00:19.115696400Z  16. }
2021-07-20T16:00:19.115699500Z  17. else di "WARNING GROUP MODEL DID NOT FIT (OUTCOME `outcome')"
2021-07-20T16:00:19.115702900Z  18. 
2021-07-20T16:00:19.115705900Z . }
2021-07-20T16:00:19.115709100Z  19. 
2021-07-20T16:00:19.115712100Z . }
2021-07-20T16:00:19.115715200Z  20. }
2021-07-20T16:00:19.141032200Z 
2021-07-20T16:00:19.141053400Z          failure _d:  covid_tpp_prob
2021-07-20T16:00:19.141058200Z    analysis time _t:  (stime_covid_tpp_prob-origin)
2021-07-20T16:00:19.141062000Z              origin:  time enter_date
2021-07-20T16:00:19.141074700Z   enter on or after:  time enter_date
2021-07-20T16:00:19.141077000Z                  id:  patient_id
2021-07-20T16:00:19.554009500Z 
2021-07-20T16:00:19.554029000Z Iteration 0:   log pseudolikelihood = -36583.944
2021-07-20T16:00:19.681624600Z Iteration 1:   log pseudolikelihood = -36566.027
2021-07-20T16:00:19.817263400Z Iteration 2:   log pseudolikelihood = -36565.178
2021-07-20T16:00:19.956198200Z Iteration 3:   log pseudolikelihood = -36565.158
2021-07-20T16:00:20.112779100Z Iteration 4:   log pseudolikelihood = -36565.158
2021-07-20T16:00:20.112798100Z Refining estimates:
2021-07-20T16:00:20.678567100Z Iteration 0:   log pseudolikelihood = -36565.158
2021-07-20T16:00:25.333988800Z 
2021-07-20T16:00:25.334012500Z Stratified Cox regr. -- Breslow method for ties
2021-07-20T16:00:25.334420800Z 
2021-07-20T16:00:25.334435700Z No. of subjects      =       16,235             Number of obs    =      16,235
2021-07-20T16:00:25.334440900Z No. of failures      =        5,152
2021-07-20T16:00:25.334444800Z Time at risk         =      1293704
2021-07-20T16:00:25.334657800Z                                                 Wald chi2(42)    =       42.81
2021-07-20T16:00:25.334669200Z Log pseudolikelihood =   -36565.158             Prob > chi2      =      0.4361
2021-07-20T16:00:25.334674200Z 
2021-07-20T16:00:25.473389900Z                        (Std. Err. adjusted for 1,121 clusters in household_id)
2021-07-20T16:00:25.473431300Z ------------------------------------------------------------------------------
2021-07-20T16:00:25.473436400Z              |               Robust
2021-07-20T16:00:25.473440400Z           _t | Haz. Ratio   Std. Err.      z    P>|z|     [95% Conf. Interval]
2021-07-20T16:00:25.473444600Z -------------+----------------------------------------------------------------
2021-07-20T16:00:25.473448700Z    kids_cat4 |
2021-07-20T16:00:25.481751300Z only <12 ..  |   .8394926   .0766471    -1.92   0.055     .7019412    1.003998
2021-07-20T16:00:25.481913000Z  only 12-18  |   .8747857   .1075034    -1.09   0.276     .6875378     1.11303
2021-07-20T16:00:25.482107900Z       mixed  |   .8466038   .0705384    -2.00   0.046     .7190495    .9967855
2021-07-20T16:00:25.482121400Z              |
2021-07-20T16:00:25.482309500Z         age1 |   .9935615   .0050204    -1.28   0.201     .9837702     1.00345
2021-07-20T16:00:25.482513000Z         age2 |   1.016969   .0156836     1.09   0.275     .9866895    1.048177
2021-07-20T16:00:25.482753000Z         age3 |   .9640435   .0413912    -0.85   0.394     .8862378     1.04868
2021-07-20T16:00:25.483021600Z       1.male |   .9701042   .0272576    -1.08   0.280     .9181247    1.025026
2021-07-20T16:00:25.483039000Z              |
2021-07-20T16:00:25.483053700Z    ethnicity |
2021-07-20T16:00:25.483258800Z Asian or ..  |   .9135341   .0428643    -1.93   0.054     .8332688    1.001531
2021-07-20T16:00:25.483551800Z       Other  |   .9965956   .0458899    -0.07   0.941     .9105923    1.090722
2021-07-20T16:00:25.483563600Z              |
2021-07-20T16:00:25.483568400Z    obese4cat |
2021-07-20T16:00:25.483807500Z Obese I ..)  |   1.041577   .0420136     1.01   0.313     .9624027    1.127265
2021-07-20T16:00:25.484007200Z Obese II..)  |    1.01626   .0525798     0.31   0.755     .9182583    1.124721
2021-07-20T16:00:25.484274100Z Obese II..)  |   .9322484   .0566083    -1.16   0.248     .8276462    1.050071
2021-07-20T16:00:25.484285000Z              |
2021-07-20T16:00:25.484288900Z smoke_nomiss |
2021-07-20T16:00:25.484489000Z      Former  |   1.120528   .1128871     1.13   0.259     .9197475    1.365138
2021-07-20T16:00:25.484777700Z     Current  |   1.005063   .0443931     0.11   0.909     .9217136    1.095949
2021-07-20T16:00:25.484788800Z              |
2021-07-20T16:00:25.484793200Z          imd |
2021-07-20T16:00:25.485033000Z           4  |   1.016924   .0355065     0.48   0.631     .9496599    1.088952
2021-07-20T16:00:25.485270400Z 5 most de..  |   1.025543   .0476883     0.54   0.588     .9362081    1.123402
2021-07-20T16:00:25.485280000Z              |
2021-07-20T16:00:25.485284200Z tot_adults~h |
2021-07-20T16:00:25.485499500Z           2  |   1.292758   .3207656     1.03   0.301     .7949011    2.102431
2021-07-20T16:00:25.485758400Z           3  |     1.3267    .255258     1.47   0.142     .9099148    1.934392
2021-07-20T16:00:25.485767900Z              |
2021-07-20T16:00:25.486104300Z 1.htdiag_o~p |   .9698821   .0495156    -0.60   0.549     .8775308    1.071952
2021-07-20T16:00:25.486379500Z 1.~y_disease |    1.01719   .0359113     0.48   0.629      .949185    1.090067
2021-07-20T16:00:25.486656000Z     1.asthma |   .9597191   .0516098    -0.76   0.445      .863714    1.066395
2021-07-20T16:00:25.486923500Z 1.~c_disease |   1.005677    .034432     0.17   0.869     .9404062    1.075478
2021-07-20T16:00:25.486935000Z              |
2021-07-20T16:00:25.486939600Z      diabcat |
2021-07-20T16:00:25.487184200Z T1DM, con..  |   1.101715   .0884632     1.21   0.228     .9412848    1.289488
2021-07-20T16:00:25.487395200Z T1DM, unc..  |   .8325759   .1677854    -0.91   0.363     .5608994    1.235841
2021-07-20T16:00:25.487564300Z T2DM, con..  |   1.033688   .0384546     0.89   0.373     .9610005    1.111874
2021-07-20T16:00:25.487790500Z T2DM, unc..  |   1.033516   .0778838     0.44   0.662     .8916046    1.198015
2021-07-20T16:00:25.488065600Z Diabetes,..  |   2.255014   1.009291     1.82   0.069     .9379319    5.421594
2021-07-20T16:00:25.488074600Z              |
2021-07-20T16:00:25.488077000Z cancer_exh~t |
2021-07-20T16:00:25.488313800Z   Last year  |   .7559123   .2009252    -1.05   0.292     .4489706    1.272697
2021-07-20T16:00:25.488528200Z 2-5 years..  |   1.060539   .1123058     0.56   0.579     .8617646    1.305163
2021-07-20T16:00:25.488769700Z    5+ years  |   1.048847   .0371068     1.35   0.178     .9785828    1.124155
2021-07-20T16:00:25.488780200Z              |
2021-07-20T16:00:25.488784500Z cancer_hae~t |
2021-07-20T16:00:25.489144800Z   Last year  |   .4686815    .146934    -2.42   0.016     .2535256    .8664306
2021-07-20T16:00:25.489413700Z 2-5 years..  |   1.116511   .1194297     1.03   0.303     .9053421    1.376935
2021-07-20T16:00:25.489728100Z    5+ years  |   .9912663   .0369538    -0.24   0.814     .9214209    1.066406
2021-07-20T16:00:25.489738900Z              |
2021-07-20T16:00:25.490031200Z 1.~r_disease |   1.040675   .0363843     1.14   0.254     .9717515    1.114487
2021-07-20T16:00:25.490358400Z 1.stroke_d~a |   .9989836   .0344177    -0.03   0.976     .9337532    1.068771
2021-07-20T16:00:25.490844200Z 1.other_ne~o |   .9955938   .0356742    -0.12   0.902     .9280725    1.068028
2021-07-20T16:00:25.490857400Z              |
2021-07-20T16:00:25.490861900Z reduced_ki~t |
2021-07-20T16:00:25.491280600Z Stage 3a/..  |   .8619514   .2061661    -0.62   0.535     .5393714    1.377456
2021-07-20T16:00:25.491645400Z       1.esrd |   .9935478   .0291005    -0.22   0.825      .938118    1.052253
2021-07-20T16:00:25.491974200Z 1.other_tr~t |   .9969542   .0336874    -0.09   0.928      .933067    1.065216
2021-07-20T16:00:25.492269100Z   1.asplenia |   1.024599   .0352344     0.71   0.480      .957817    1.096038
2021-07-20T16:00:25.492634200Z 1.ra_sle_p~s |   .9872092   .0341219    -0.37   0.710     .9225465    1.056404
2021-07-20T16:00:25.505191200Z 1.other_im~o |   .9937742   .0304789    -0.20   0.839     .9357966    1.055344
2021-07-20T16:00:25.505248800Z ------------------------------------------------------------------------------
2021-07-20T16:00:25.505573900Z                                                              Stratified by stp
2021-07-20T16:00:25.513273500Z    1:      6.39 /        1 =       6.3890
2021-07-20T16:00:25.521061600Z 
2021-07-20T16:00:25.521090300Z          failure _d:  covid_tpp_prob
2021-07-20T16:00:25.521095100Z    analysis time _t:  (stime_covid_tpp_prob-origin)
2021-07-20T16:00:25.521098700Z              origin:  time enter_date
2021-07-20T16:00:25.521160400Z   enter on or after:  time enter_date
2021-07-20T16:00:25.521173100Z                  id:  patient_id
2021-07-20T16:00:25.989742100Z 
2021-07-20T16:00:25.989766500Z Iteration 0:   log pseudolikelihood = -36583.944
2021-07-20T16:00:26.192001400Z Iteration 1:   log pseudolikelihood = -36565.196
2021-07-20T16:00:26.375608300Z Iteration 2:   log pseudolikelihood = -36564.341
2021-07-20T16:00:26.580607200Z Iteration 3:   log pseudolikelihood = -36564.321
2021-07-20T16:00:26.782521800Z Iteration 4:   log pseudolikelihood = -36564.321
2021-07-20T16:00:26.782547200Z Refining estimates:
2021-07-20T16:00:27.435668600Z Iteration 0:   log pseudolikelihood = -36564.321
2021-07-20T16:00:32.480321600Z 
2021-07-20T16:00:32.480351100Z Stratified Cox regr. -- Breslow method for ties
2021-07-20T16:00:32.480358200Z 
2021-07-20T16:00:32.480363100Z No. of subjects      =       16,235             Number of obs    =      16,235
2021-07-20T16:00:32.480368000Z No. of failures      =        5,152
2021-07-20T16:00:32.480372500Z Time at risk         =      1293704
2021-07-20T16:00:32.480519600Z                                                 Wald chi2(45)    =       44.42
2021-07-20T16:00:32.480536600Z Log pseudolikelihood =   -36564.321             Prob > chi2      =      0.4965
2021-07-20T16:00:32.480543300Z 
2021-07-20T16:00:32.494437300Z                        (Std. Err. adjusted for 1,121 clusters in household_id)
2021-07-20T16:00:32.494466800Z ------------------------------------------------------------------------------
2021-07-20T16:00:32.494473600Z              |               Robust
2021-07-20T16:00:32.494479000Z           _t | Haz. Ratio   Std. Err.      z    P>|z|     [95% Conf. Interval]
2021-07-20T16:00:32.494484300Z -------------+----------------------------------------------------------------
2021-07-20T16:00:32.494489900Z    kids_cat4 |
2021-07-20T16:00:32.494734400Z only <12 ..  |   .7554725   .1060138    -2.00   0.046     .5738143      .99464
2021-07-20T16:00:32.494920800Z  only 12-18  |   1.054138   .2892781     0.19   0.848     .6156158    1.805035
2021-07-20T16:00:32.495176800Z       mixed  |   .8578259   .0827098    -1.59   0.112     .7101139    1.036264
2021-07-20T16:00:32.495188400Z              |
2021-07-20T16:00:32.495531400Z         age1 |   .9935672   .0050223    -1.28   0.202     .9837724     1.00346
2021-07-20T16:00:32.495731500Z         age2 |   1.016882   .0157009     1.08   0.278     .9865701    1.048126
2021-07-20T16:00:32.496196400Z         age3 |   .9643221   .0414679    -0.84   0.398     .8863774    1.049121
2021-07-20T16:00:32.496534000Z       1.male |   .9706175   .0272769    -1.06   0.289     .9186013    1.025579
2021-07-20T16:00:32.496549300Z              |
2021-07-20T16:00:32.496555300Z    ethnicity |
2021-07-20T16:00:32.496935900Z Asian or ..  |   .9133603   .0428603    -1.93   0.053     .8331031    1.001349
2021-07-20T16:00:32.497292500Z       Other  |   .9961711   .0459018    -0.08   0.934     .9101481    1.090325
2021-07-20T16:00:32.497304000Z              |
2021-07-20T16:00:32.497307500Z    obese4cat |
2021-07-20T16:00:32.497571900Z Obese I ..)  |   1.041216   .0420017     1.00   0.317     .9620648     1.12688
2021-07-20T16:00:32.497892400Z Obese II..)  |   1.016646   .0526202     0.32   0.750     .9185706    1.125192
2021-07-20T16:00:32.498237100Z Obese II..)  |   .9322312   .0566073    -1.16   0.248     .8276308    1.050052
2021-07-20T16:00:32.498251200Z              |
2021-07-20T16:00:32.498256100Z smoke_nomiss |
2021-07-20T16:00:32.498458700Z      Former  |   1.119556   .1131441     1.12   0.264     .9183795    1.364802
2021-07-20T16:00:32.498773400Z     Current  |   1.004888   .0444101     0.11   0.912     .9215088    1.095811
2021-07-20T16:00:32.498787700Z              |
2021-07-20T16:00:32.498793600Z          imd |
2021-07-20T16:00:32.499087600Z           4  |   1.016194   .0354787     0.46   0.645      .948983    1.088166
2021-07-20T16:00:32.499445100Z 5 most de..  |   1.024937   .0476987     0.53   0.597     .9355859    1.122821
2021-07-20T16:00:32.499472400Z              |
2021-07-20T16:00:32.499483100Z tot_adults~h |
2021-07-20T16:00:32.499704900Z           2  |   1.296758    .322372     1.05   0.296      .796621    2.110894
2021-07-20T16:00:32.499968600Z           3  |   1.325677   .2552616     1.46   0.143     .9089443    1.933473
2021-07-20T16:00:32.499994400Z              |
2021-07-20T16:00:32.500356700Z 1.htdiag_o~p |   .9698919   .0495113    -0.60   0.549     .8775482    1.071953
2021-07-20T16:00:32.500616300Z 1.~y_disease |   1.017595   .0367398     0.48   0.629     .9480747    1.092212
2021-07-20T16:00:32.500921900Z     1.asthma |   .9599803   .0520851    -0.75   0.452     .8631358    1.067691
2021-07-20T16:00:32.501314500Z 1.~c_disease |   1.005926   .0344227     0.17   0.863      .940672    1.075707
2021-07-20T16:00:32.501327700Z              |
2021-07-20T16:00:32.501333000Z      diabcat |
2021-07-20T16:00:32.501622200Z T1DM, con..  |    1.10217   .0884477     1.21   0.225     .9417611    1.289901
2021-07-20T16:00:32.501780400Z T1DM, unc..  |   .8346852   .1681995    -0.90   0.370     .5623348    1.238941
2021-07-20T16:00:32.502034700Z T2DM, con..  |    1.03351    .038491     0.89   0.376     .9607571    1.111773
2021-07-20T16:00:32.502294800Z T2DM, unc..  |   1.032823   .0778355     0.43   0.668     .8910001     1.19722
2021-07-20T16:00:32.502617300Z Diabetes,..  |   2.254565   1.008779     1.82   0.069     .9379989    5.419049
2021-07-20T16:00:32.502633700Z              |
2021-07-20T16:00:32.502639400Z cancer_exh~t |
2021-07-20T16:00:32.502982000Z   Last year  |   .7556589   .2006781    -1.05   0.291     .4490294    1.271677
2021-07-20T16:00:32.503168300Z 2-5 years..  |   1.061387   .1121168     0.56   0.573     .8628981    1.305534
2021-07-20T16:00:32.503484900Z    5+ years  |   1.049281   .0383631     1.32   0.188     .9767216    1.127231
2021-07-20T16:00:32.503495400Z              |
2021-07-20T16:00:32.503498400Z cancer_hae~t |
2021-07-20T16:00:32.503847800Z   Last year  |   .4696071   .1472874    -2.41   0.016     .2539593    .8683709
2021-07-20T16:00:32.504175500Z 2-5 years..  |   1.116981   .1201672     1.03   0.304     .9046313    1.379176
2021-07-20T16:00:32.504497900Z    5+ years  |   .9918339   .0375366    -0.22   0.828      .920926    1.068202
2021-07-20T16:00:32.504521300Z              |
2021-07-20T16:00:32.504942400Z 1.~r_disease |   1.041072   .0364014     1.15   0.250     .9721162    1.114919
2021-07-20T16:00:32.505269200Z 1.stroke_d~a |   .9988945   .0344253    -0.03   0.974     .9336505    1.068698
2021-07-20T16:00:32.505577700Z 1.other_ne~o |   .9962965   .0356943    -0.10   0.918     .9287367    1.068771
2021-07-20T16:00:32.505590600Z              |
2021-07-20T16:00:32.505595900Z reduced_ki~t |
2021-07-20T16:00:32.505999100Z Stage 3a/..  |   .8648439   .2065826    -0.61   0.543     .5415191    1.381216
2021-07-20T16:00:32.506336700Z       1.esrd |   .9940674   .0310965    -0.19   0.849     .9349502    1.056923
2021-07-20T16:00:32.506669100Z 1.other_tr~t |   .9971125   .0348815    -0.08   0.934     .9310371    1.067877
2021-07-20T16:00:32.507000200Z   1.asplenia |     1.0249   .0362524     0.70   0.487     .9562532    1.098474
2021-07-20T16:00:32.507419700Z 1.ra_sle_p~s |    .987782   .0341618    -0.36   0.722      .923045    1.057059
2021-07-20T16:00:32.507758500Z 1.other_im~o |   .9941366   .0324026    -0.18   0.857     .9326148    1.059717
2021-07-20T16:00:32.507777400Z              |
2021-07-20T16:00:32.507783700Z       shield#|
2021-07-20T16:00:32.507786400Z    kids_cat4 |
2021-07-20T16:00:32.507788800Z           1 #|
2021-07-20T16:00:32.508333000Z only <12 ..  |   1.130221   .1328901     1.04   0.298     .8975946    1.423137
2021-07-20T16:00:32.508346200Z           1 #|
2021-07-20T16:00:32.508916300Z  only 12-18  |    .805116    .240765    -0.72   0.469     .4480349    1.446789
2021-07-20T16:00:32.511382500Z     1#mixed  |   .9858029   .0540075    -0.26   0.794     .8854352    1.097548
2021-07-20T16:00:32.511404200Z ------------------------------------------------------------------------------
2021-07-20T16:00:32.511703400Z                                                              Stratified by stp
2021-07-20T16:00:32.512850600Z    1:      7.00 /        1 =       7.0030
2021-07-20T16:00:32.515194900Z 
2021-07-20T16:00:32.515212700Z  ( 1)  1.shield#1.kids_cat4 = 0
2021-07-20T16:00:32.515218200Z  ( 2)  1.shield#2.kids_cat4 = 0
2021-07-20T16:00:32.515222000Z  ( 3)  1.shield#3.kids_cat4 = 0
2021-07-20T16:00:32.515225800Z 
2021-07-20T16:00:32.515229300Z            chi2(  3) =    1.77
2021-07-20T16:00:32.515233100Z          Prob > chi2 =    0.6224
2021-07-20T16:00:32.515237100Z 
2021-07-20T16:00:32.515240900Z kids_cat4 
2021-07-20T16:00:32.515244600Z ****************
2021-07-20T16:00:32.517944000Z 
2021-07-20T16:00:32.518000300Z  ( 1)  1.kids_cat4 + 1.shield#1.kids_cat4 = 0
2021-07-20T16:00:32.518104400Z 
2021-07-20T16:00:32.528735800Z ------------------------------------------------------------------------------
2021-07-20T16:00:32.528753800Z           _t |     exp(b)   Std. Err.      z    P>|z|     [95% Conf. Interval]
2021-07-20T16:00:32.528759700Z -------------+----------------------------------------------------------------
2021-07-20T16:00:32.529402000Z          (1) |   .8538512   .0785284    -1.72   0.086     .7130131    1.022508
2021-07-20T16:00:32.529417000Z ------------------------------------------------------------------------------
2021-07-20T16:00:32.530491800Z kids_cat4
2021-07-20T16:00:32.530510600Z ****************
2021-07-20T16:00:32.533461600Z 
2021-07-20T16:00:32.533501500Z  ( 1)  2.kids_cat4 + 1.shield#2.kids_cat4 = 0
2021-07-20T16:00:32.536448900Z 
2021-07-20T16:00:32.542213500Z ------------------------------------------------------------------------------
2021-07-20T16:00:32.542234400Z           _t |     exp(b)   Std. Err.      z    P>|z|     [95% Conf. Interval]
2021-07-20T16:00:32.542240400Z -------------+----------------------------------------------------------------
2021-07-20T16:00:32.542850900Z          (1) |   .8487037   .1132569    -1.23   0.219     .6533801    1.102418
2021-07-20T16:00:32.542866200Z ------------------------------------------------------------------------------
2021-07-20T16:00:32.543812200Z kids_cat4
2021-07-20T16:00:32.543826300Z ****************
2021-07-20T16:00:32.546145700Z 
2021-07-20T16:00:32.546164800Z  ( 1)  3.kids_cat4 + 1.shield#3.kids_cat4 = 0
2021-07-20T16:00:32.546382000Z 
2021-07-20T16:00:32.555606500Z ------------------------------------------------------------------------------
2021-07-20T16:00:32.555625600Z           _t |     exp(b)   Std. Err.      z    P>|z|     [95% Conf. Interval]
2021-07-20T16:00:32.555629200Z -------------+----------------------------------------------------------------
2021-07-20T16:00:32.556261700Z          (1) |   .8456473    .070736    -2.00   0.045     .7177755    .9962994
2021-07-20T16:00:32.556279900Z ------------------------------------------------------------------------------
2021-07-20T16:00:32.584806700Z (note: file output/an_interaction_cox_models_covid_tpp_prob_kids_cat4_shield_MA
2021-07-20T16:00:32.584832900Z > INFULLYADJMODEL_agespline_bmicat_noeth_ageband_0W2.ster not found)
2021-07-20T16:00:32.584838600Z file output/an_interaction_cox_models_covid_tpp_prob_kids_cat4_shield_MAINFULLY
2021-07-20T16:00:32.584843100Z > ADJMODEL_agespline_bmicat_noeth_ageband_0W2.ster saved
2021-07-20T16:00:32.591593800Z 
2021-07-20T16:00:32.591616100Z          failure _d:  covid_tpp_prob
2021-07-20T16:00:32.591619600Z    analysis time _t:  (stime_covid_tpp_prob-origin)
2021-07-20T16:00:32.591634500Z              origin:  time enter_date
2021-07-20T16:00:32.591637400Z   enter on or after:  time enter_date
2021-07-20T16:00:32.591639900Z                  id:  patient_id
2021-07-20T16:00:32.743166800Z 
2021-07-20T16:00:32.743193500Z Iteration 0:   log pseudolikelihood = -8512.3765
2021-07-20T16:00:32.800769600Z Iteration 1:   log pseudolikelihood = -8492.6804
2021-07-20T16:00:32.871099200Z Iteration 2:   log pseudolikelihood = -8492.3561
2021-07-20T16:00:32.948081200Z Iteration 3:   log pseudolikelihood = -8492.3552
2021-07-20T16:00:33.024382900Z Iteration 4:   log pseudolikelihood = -8492.3552
2021-07-20T16:00:33.024408300Z Refining estimates:
2021-07-20T16:00:33.243190100Z Iteration 0:   log pseudolikelihood = -8492.3552
2021-07-20T16:00:34.380556100Z 
2021-07-20T16:00:34.380580300Z Stratified Cox regr. -- Breslow method for ties
2021-07-20T16:00:34.380586100Z 
2021-07-20T16:00:34.380590500Z No. of subjects      =        4,496             Number of obs    =       4,496
2021-07-20T16:00:34.380594700Z No. of failures      =        1,466
2021-07-20T16:00:34.380598800Z Time at risk         =       355784
2021-07-20T16:00:34.380827500Z                                                 Wald chi2(42)    =       44.73
2021-07-20T16:00:34.380845200Z Log pseudolikelihood =   -8492.3552             Prob > chi2      =      0.3580
2021-07-20T16:00:34.380850500Z 
2021-07-20T16:00:34.396389400Z                          (Std. Err. adjusted for 912 clusters in household_id)
2021-07-20T16:00:34.396415000Z ------------------------------------------------------------------------------
2021-07-20T16:00:34.396449900Z              |               Robust
2021-07-20T16:00:34.396456500Z           _t | Haz. Ratio   Std. Err.      z    P>|z|     [95% Conf. Interval]
2021-07-20T16:00:34.396461600Z -------------+----------------------------------------------------------------
2021-07-20T16:00:34.396466400Z    kids_cat4 |
2021-07-20T16:00:34.396728700Z only <12 ..  |   .6320848   .1221103    -2.37   0.018     .4328472    .9230306
2021-07-20T16:00:34.397058500Z  only 12-18  |   .7139041   .1665911    -1.44   0.149     .4518665    1.127897
2021-07-20T16:00:34.397366900Z       mixed  |   .7909636   .1380814    -1.34   0.179     .5617708    1.113663
2021-07-20T16:00:34.397380500Z              |
2021-07-20T16:00:34.397660000Z         age1 |   1.022426   .0219754     1.03   0.302     .9802491    1.066417
2021-07-20T16:00:34.397936500Z         age2 |   .8668595    .099548    -1.24   0.213     .6921478    1.085672
2021-07-20T16:00:34.398289300Z         age3 |   1.341621   .3058563     1.29   0.197     .8581776    2.097407
2021-07-20T16:00:34.398636600Z       1.male |   1.023929   .0554147     0.44   0.662     .9208799    1.138509
2021-07-20T16:00:34.398651400Z              |
2021-07-20T16:00:34.398671600Z    ethnicity |
2021-07-20T16:00:34.398979300Z Asian or ..  |   1.023306   .0866901     0.27   0.786      .866753    1.208136
2021-07-20T16:00:34.399336000Z       Other  |   1.053225   .0949336     0.58   0.565     .8826671    1.256739
2021-07-20T16:00:34.399350400Z              |
2021-07-20T16:00:34.399355200Z    obese4cat |
2021-07-20T16:00:34.399761700Z Obese I ..)  |   1.012611   .0769267     0.16   0.869     .8725253    1.175188
2021-07-20T16:00:34.400112300Z Obese II..)  |   1.019348    .094687     0.21   0.837     .8496785    1.222899
2021-07-20T16:00:34.400475700Z Obese II..)  |   .8739871   .1011847    -1.16   0.245     .6965597    1.096609
2021-07-20T16:00:34.400490500Z              |
2021-07-20T16:00:34.400495900Z smoke_nomiss |
2021-07-20T16:00:34.400800700Z      Former  |   .8797741   .1839128    -0.61   0.540     .5840249     1.32529
2021-07-20T16:00:34.401292900Z     Current  |   .8865195      .0736    -1.45   0.147      .753391    1.043173
2021-07-20T16:00:34.401308600Z              |
2021-07-20T16:00:34.401313400Z          imd |
2021-07-20T16:00:34.401643700Z           4  |   1.047292   .0703867     0.69   0.492     .9180366    1.194746
2021-07-20T16:00:34.402053800Z 5 most de..  |    1.01398   .0895413     0.16   0.875     .8528304    1.205581
2021-07-20T16:00:34.402070100Z              |
2021-07-20T16:00:34.402075800Z tot_adults~h |
2021-07-20T16:00:34.402510800Z           2  |   1.085706    .452031     0.20   0.843     .4800836    2.455319
2021-07-20T16:00:34.402946400Z           3  |   1.269743   .4574793     0.66   0.507     .6266629     2.57275
2021-07-20T16:00:34.402962500Z              |
2021-07-20T16:00:34.403431500Z 1.htdiag_o~p |   1.033016   .1024231     0.33   0.743     .8505713    1.254594
2021-07-20T16:00:34.403820100Z 1.~y_disease |   .9740121   .0668657    -0.38   0.701     .8513921    1.114292
2021-07-20T16:00:34.404248200Z     1.asthma |   1.010129   .0918209     0.11   0.912     .8452837    1.207122
2021-07-20T16:00:34.404676000Z 1.~c_disease |   1.003823   .0643867     0.06   0.953     .8852374    1.138294
2021-07-20T16:00:34.404690200Z              |
2021-07-20T16:00:34.404710000Z      diabcat |
2021-07-20T16:00:34.405180500Z T1DM, con..  |   1.116595   .1816801     0.68   0.498     .8117035    1.536009
2021-07-20T16:00:34.405554700Z T1DM, unc..  |   1.653411   .4843522     1.72   0.086     .9311696    2.935843
2021-07-20T16:00:34.405922200Z T2DM, con..  |   .8976901   .0645149    -1.50   0.133     .7797449    1.033476
2021-07-20T16:00:34.406306900Z T2DM, unc..  |   .7571455   .1268525    -1.66   0.097     .5452161    1.051453
2021-07-20T16:00:34.406777000Z Diabetes,..  |   1.713826   1.034891     0.89   0.372     .5247713    5.597102
2021-07-20T16:00:34.406793900Z              |
2021-07-20T16:00:34.406799900Z cancer_exh~t |
2021-07-20T16:00:34.407765800Z   Last year  |   1.267086   .4608961     0.65   0.515     .6211347    2.584796
2021-07-20T16:00:34.413179800Z 2-5 years..  |    1.47771   .3063245     1.88   0.060     .9843238    2.218404
2021-07-20T16:00:34.414799200Z    5+ years  |   .9095899   .0641113    -1.34   0.179     .7922271    1.044339
2021-07-20T16:00:34.414824600Z              |
2021-07-20T16:00:34.414830500Z cancer_hae~t |
2021-07-20T16:00:34.415346800Z   Last year  |   .8881971    .373398    -0.28   0.778     .3896406    2.024671
2021-07-20T16:00:34.415662900Z 2-5 years..  |    .848062   .2038227    -0.69   0.493      .529481    1.358329
2021-07-20T16:00:34.416079200Z    5+ years  |   .9299219   .0615644    -1.10   0.272     .8167585    1.058764
2021-07-20T16:00:34.416096500Z              |
2021-07-20T16:00:34.416561400Z 1.~r_disease |   1.077915   .0680857     1.19   0.235     .9523994    1.219973
2021-07-20T16:00:34.416988600Z 1.stroke_d~a |   1.024677   .0682554     0.37   0.714     .8992638    1.167581
2021-07-20T16:00:34.417490700Z 1.other_ne~o |   1.004812   .0636728     0.08   0.940     .8874543    1.137689
2021-07-20T16:00:34.417511700Z              |
2021-07-20T16:00:34.417517300Z reduced_ki~t |
2021-07-20T16:00:34.417997000Z Stage 3a/..  |    1.21316   .1639703     1.43   0.153     .9308295    1.581125
2021-07-20T16:00:34.418409200Z       1.esrd |   1.029637   .0565093     0.53   0.595     .9246295    1.146569
2021-07-20T16:00:34.418892600Z 1.other_tr~t |   1.056234    .067766     0.85   0.394     .9314267    1.197765
2021-07-20T16:00:34.419378600Z   1.asplenia |   1.117075   .0718487     1.72   0.085     .9847686    1.267157
2021-07-20T16:00:34.419893300Z 1.ra_sle_p~s |    1.05184   .0719701     0.74   0.460     .9198304    1.202794
2021-07-20T16:00:34.422128300Z 1.other_im~o |   1.009142   .0570993     0.16   0.872     .9032117    1.127496
2021-07-20T16:00:34.422158600Z ------------------------------------------------------------------------------
2021-07-20T16:00:34.422509600Z                                                              Stratified by stp
2021-07-20T16:00:34.427074500Z    1:      1.84 /        1 =       1.8380
2021-07-20T16:00:34.432788100Z 
2021-07-20T16:00:34.432816700Z          failure _d:  covid_tpp_prob
2021-07-20T16:00:34.432822600Z    analysis time _t:  (stime_covid_tpp_prob-origin)
2021-07-20T16:00:34.432827800Z              origin:  time enter_date
2021-07-20T16:00:34.432832400Z   enter on or after:  time enter_date
2021-07-20T16:00:34.432948100Z                  id:  patient_id
2021-07-20T16:00:34.620023000Z 
2021-07-20T16:00:34.620049700Z Iteration 0:   log pseudolikelihood = -8512.3765
2021-07-20T16:00:34.697048100Z Iteration 1:   log pseudolikelihood = -8491.8672
2021-07-20T16:00:34.788509000Z Iteration 2:   log pseudolikelihood = -8491.5393
2021-07-20T16:00:34.856266500Z Iteration 3:   log pseudolikelihood = -8491.5384
2021-07-20T16:00:34.918863000Z Iteration 4:   log pseudolikelihood = -8491.5384
2021-07-20T16:00:34.918888000Z Refining estimates:
2021-07-20T16:00:35.149273400Z Iteration 0:   log pseudolikelihood = -8491.5384
2021-07-20T16:00:36.327930400Z 
2021-07-20T16:00:36.327958300Z Stratified Cox regr. -- Breslow method for ties
2021-07-20T16:00:36.327967700Z 
2021-07-20T16:00:36.327973800Z No. of subjects      =        4,496             Number of obs    =       4,496
2021-07-20T16:00:36.327977900Z No. of failures      =        1,466
2021-07-20T16:00:36.327980900Z Time at risk         =       355784
2021-07-20T16:00:36.328176100Z                                                 Wald chi2(45)    =       47.02
2021-07-20T16:00:36.328194600Z Log pseudolikelihood =   -8491.5384             Prob > chi2      =      0.3898
2021-07-20T16:00:36.328201600Z 
2021-07-20T16:00:36.342370300Z                          (Std. Err. adjusted for 912 clusters in household_id)
2021-07-20T16:00:36.342399200Z ------------------------------------------------------------------------------
2021-07-20T16:00:36.342406800Z              |               Robust
2021-07-20T16:00:36.342412200Z           _t | Haz. Ratio   Std. Err.      z    P>|z|     [95% Conf. Interval]
2021-07-20T16:00:36.342417000Z -------------+----------------------------------------------------------------
2021-07-20T16:00:36.342420700Z    kids_cat4 |
2021-07-20T16:00:36.342678900Z only <12 ..  |   .7285805   .2119772    -1.09   0.276     .4119308    1.288638
2021-07-20T16:00:36.342974000Z  only 12-18  |    .921196   .4395421    -0.17   0.863     .3615824    2.346912
2021-07-20T16:00:36.343200800Z       mixed  |   .8663332   .1685958    -0.74   0.461     .5916078    1.268633
2021-07-20T16:00:36.343214500Z              |
2021-07-20T16:00:36.343509500Z         age1 |   1.022835   .0220154     1.05   0.294      .980583    1.066907
2021-07-20T16:00:36.343836200Z         age2 |   .8650035    .099495    -1.26   0.207     .6904153    1.083741
2021-07-20T16:00:36.344249400Z         age3 |   1.347797    .307758     1.31   0.191     .8615091    2.108575
2021-07-20T16:00:36.344609400Z       1.male |   1.024344   .0554163     0.44   0.657       .92129    1.138925
2021-07-20T16:00:36.344623300Z              |
2021-07-20T16:00:36.344629600Z    ethnicity |
2021-07-20T16:00:36.344973100Z Asian or ..  |    1.02526   .0868426     0.29   0.768       .86843    1.210412
2021-07-20T16:00:36.345322900Z       Other  |   1.058312   .0958384     0.63   0.531     .8861983    1.263853
2021-07-20T16:00:36.345338900Z              |
2021-07-20T16:00:36.345345100Z    obese4cat |
2021-07-20T16:00:36.345639300Z Obese I ..)  |   1.014571   .0769359     0.19   0.849     .8744505    1.177145
2021-07-20T16:00:36.346139300Z Obese II..)  |   1.018671    .094659     0.20   0.842     .8490568    1.222168
2021-07-20T16:00:36.346463200Z Obese II..)  |   .8760686   .1012603    -1.14   0.252     .6984769    1.098814
2021-07-20T16:00:36.346475300Z              |
2021-07-20T16:00:36.346478400Z smoke_nomiss |
2021-07-20T16:00:36.346770000Z      Former  |   .8807473   .1836818    -0.61   0.543     .5852364    1.325474
2021-07-20T16:00:36.347129600Z     Current  |   .8840044   .0733634    -1.49   0.137     .7512999    1.040149
2021-07-20T16:00:36.347144400Z              |
2021-07-20T16:00:36.347150200Z          imd |
2021-07-20T16:00:36.347429900Z           4  |   1.046544   .0705933     0.67   0.500     .9169397    1.194467
2021-07-20T16:00:36.347789400Z 5 most de..  |   1.015583   .0896185     0.18   0.861     .8542845    1.207336
2021-07-20T16:00:36.347803100Z              |
2021-07-20T16:00:36.347808400Z tot_adults~h |
2021-07-20T16:00:36.348127700Z           2  |   1.087579   .4529757     0.20   0.840     .4807684    2.460285
2021-07-20T16:00:36.348478900Z           3  |   1.270128   .4582749     0.66   0.508     .6262176     2.57614
2021-07-20T16:00:36.348493000Z              |
2021-07-20T16:00:36.348844800Z 1.htdiag_o~p |    1.03222     .10234     0.32   0.749     .8499228    1.253618
2021-07-20T16:00:36.349177300Z 1.~y_disease |   .9919259   .0704932    -0.11   0.909     .8629524    1.140175
2021-07-20T16:00:36.349560900Z     1.asthma |   1.026426   .0938017     0.29   0.775      .858102    1.227767
2021-07-20T16:00:36.349946800Z 1.~c_disease |   1.003109   .0642925     0.05   0.961     .8846918    1.137377
2021-07-20T16:00:36.349959700Z              |
2021-07-20T16:00:36.349963300Z      diabcat |
2021-07-20T16:00:36.350297000Z T1DM, con..  |   1.115734   .1813454     0.67   0.500     .8113549      1.5343
2021-07-20T16:00:36.350540000Z T1DM, unc..  |   1.651263   .4823534     1.72   0.086     .9314731    2.927266
2021-07-20T16:00:36.350806300Z T2DM, con..  |   .8963567   .0645004    -1.52   0.128     .7784482    1.032124
2021-07-20T16:00:36.351128900Z T2DM, unc..  |   .7536431   .1262997    -1.69   0.091     .5426461    1.046682
2021-07-20T16:00:36.351577600Z Diabetes,..  |   1.741261   1.055052     0.92   0.360      .531019    5.709755
2021-07-20T16:00:36.351591800Z              |
2021-07-20T16:00:36.351597400Z cancer_exh~t |
2021-07-20T16:00:36.351976200Z   Last year  |   1.288875   .4697357     0.70   0.486     .6309385    2.632902
2021-07-20T16:00:36.352322400Z 2-5 years..  |   1.506718   .3127411     1.97   0.048      1.00312    2.263138
2021-07-20T16:00:36.352702500Z    5+ years  |   .9268774   .0668144    -1.05   0.292     .8047538    1.067534
2021-07-20T16:00:36.352715600Z              |
2021-07-20T16:00:36.352721300Z cancer_hae~t |
2021-07-20T16:00:36.353096700Z   Last year  |   .9081768   .3797028    -0.23   0.818     .4002106    2.060878
2021-07-20T16:00:36.353512200Z 2-5 years..  |   .8702603   .2101293    -0.58   0.565     .5421528    1.396936
2021-07-20T16:00:36.353908300Z    5+ years  |   .9450267   .0637361    -0.84   0.402     .8280106     1.07858
2021-07-20T16:00:36.353923300Z              |
2021-07-20T16:00:36.354300000Z 1.~r_disease |   1.077381   .0680586     1.18   0.238     .9519159    1.219383
2021-07-20T16:00:36.354605700Z 1.stroke_d~a |   1.022084   .0682059     0.33   0.743     .8967765    1.164902
2021-07-20T16:00:36.355024200Z 1.other_ne~o |    1.00264   .0636786     0.04   0.967     .8852873    1.135548
2021-07-20T16:00:36.355037600Z              |
2021-07-20T16:00:36.355042900Z reduced_ki~t |
2021-07-20T16:00:36.355464300Z Stage 3a/..  |   1.209894   .1633317     1.41   0.158     .9286197    1.576365
2021-07-20T16:00:36.355833000Z       1.esrd |   1.056995   .0631934     0.93   0.354     .9401198    1.188401
2021-07-20T16:00:36.356180300Z 1.other_tr~t |   1.077091   .0708637     1.13   0.259     .9467832    1.225334
2021-07-20T16:00:36.356629300Z   1.asplenia |   1.139145   .0758757     1.96   0.050       .99973    1.298003
2021-07-20T16:00:36.357094400Z 1.ra_sle_p~s |   1.051639   .0719933     0.74   0.462     .9195918    1.202648
2021-07-20T16:00:36.357377800Z 1.other_im~o |   1.030836   .0626457     0.50   0.617     .9150834    1.161231
2021-07-20T16:00:36.357392000Z              |
2021-07-20T16:00:36.357397500Z       shield#|
2021-07-20T16:00:36.357401700Z    kids_cat4 |
2021-07-20T16:00:36.357405600Z           1 #|
2021-07-20T16:00:36.357984300Z only <12 ..  |   .8489048    .217228    -0.64   0.522     .5140949    1.401763
2021-07-20T16:00:36.357999900Z           1 #|
2021-07-20T16:00:36.358413500Z  only 12-18  |   .7231886   .3870663    -0.61   0.545     .2533203    2.064587
2021-07-20T16:00:36.359854400Z     1#mixed  |   .9011213   .0883567    -1.06   0.288     .7435691    1.092057
2021-07-20T16:00:36.359868400Z ------------------------------------------------------------------------------
2021-07-20T16:00:36.360197900Z                                                              Stratified by stp
2021-07-20T16:00:36.363143700Z    1:      1.94 /        1 =       1.9370
2021-07-20T16:00:36.363164300Z 
2021-07-20T16:00:36.363169900Z  ( 1)  1.shield#1.kids_cat4 = 0
2021-07-20T16:00:36.363174400Z  ( 2)  1.shield#2.kids_cat4 = 0
2021-07-20T16:00:36.363178900Z  ( 3)  1.shield#3.kids_cat4 = 0
2021-07-20T16:00:36.363183100Z 
2021-07-20T16:00:36.363187400Z            chi2(  3) =    1.63
2021-07-20T16:00:36.363194400Z          Prob > chi2 =    0.6528
2021-07-20T16:00:36.363199100Z 
2021-07-20T16:00:36.363201700Z kids_cat4 
2021-07-20T16:00:36.363204200Z ****************
2021-07-20T16:00:36.365331600Z 
2021-07-20T16:00:36.365361200Z  ( 1)  1.kids_cat4 + 1.shield#1.kids_cat4 = 0
2021-07-20T16:00:36.365606200Z 
2021-07-20T16:00:36.373163600Z ------------------------------------------------------------------------------
2021-07-20T16:00:36.373184800Z           _t |     exp(b)   Std. Err.      z    P>|z|     [95% Conf. Interval]
2021-07-20T16:00:36.373191100Z -------------+----------------------------------------------------------------
2021-07-20T16:00:36.373676600Z          (1) |   .6184955   .1219291    -2.44   0.015     .4202736    .9102086
2021-07-20T16:00:36.373692700Z ------------------------------------------------------------------------------
2021-07-20T16:00:36.374250500Z kids_cat4
2021-07-20T16:00:36.374265800Z ****************
2021-07-20T16:00:36.376744000Z 
2021-07-20T16:00:36.376764300Z  ( 1)  2.kids_cat4 + 1.shield#2.kids_cat4 = 0
2021-07-20T16:00:36.377482500Z 
2021-07-20T16:00:36.385065000Z ------------------------------------------------------------------------------
2021-07-20T16:00:36.385082400Z           _t |     exp(b)   Std. Err.      z    P>|z|     [95% Conf. Interval]
2021-07-20T16:00:36.385086800Z -------------+----------------------------------------------------------------
2021-07-20T16:00:36.385665100Z          (1) |   .6661984   .1736367    -1.56   0.119     .3997128    1.110348
2021-07-20T16:00:36.385680400Z ------------------------------------------------------------------------------
2021-07-20T16:00:36.386152700Z kids_cat4
2021-07-20T16:00:36.386166500Z ****************
2021-07-20T16:00:36.388187400Z 
2021-07-20T16:00:36.388204000Z  ( 1)  3.kids_cat4 + 1.shield#3.kids_cat4 = 0
2021-07-20T16:00:36.388365300Z 
2021-07-20T16:00:36.398244400Z ------------------------------------------------------------------------------
2021-07-20T16:00:36.398272200Z           _t |     exp(b)   Std. Err.      z    P>|z|     [95% Conf. Interval]
2021-07-20T16:00:36.398276800Z -------------+----------------------------------------------------------------
2021-07-20T16:00:36.399122900Z          (1) |   .7806714    .136529    -1.42   0.157     .5541209    1.099846
2021-07-20T16:00:36.399556000Z ------------------------------------------------------------------------------
2021-07-20T16:00:36.409236500Z (note: file output/an_interaction_cox_models_covid_tpp_prob_kids_cat4_shield_MA
2021-07-20T16:00:36.409264000Z > INFULLYADJMODEL_agespline_bmicat_noeth_ageband_1W2.ster not found)
2021-07-20T16:00:36.409270700Z file output/an_interaction_cox_models_covid_tpp_prob_kids_cat4_shield_MAINFULLY
2021-07-20T16:00:36.409275600Z > ADJMODEL_agespline_bmicat_noeth_ageband_1W2.ster saved
2021-07-20T16:00:36.409432400Z 
2021-07-20T16:00:36.409449300Z . 
2021-07-20T16:00:36.409455900Z . log close
2021-07-20T16:00:36.409461100Z       name:  <unnamed>
2021-07-20T16:00:36.409478600Z        log:  /workspace/log/10_an_interaction_cox_models_shield_covid_tpp_probW
2021-07-20T16:00:36.409483800Z > 2.log
2021-07-20T16:00:36.409488000Z   log type:  text
2021-07-20T16:00:36.409492800Z  closed on:  20 Jul 2021, 16:00:36
2021-07-20T16:00:36.409497300Z -------------------------------------------------------------------------------
2021-07-20T16:00:36.409501900Z 
2021-07-20T16:00:36.409506000Z . 
2021-07-20T16:00:36.409510300Z . exit, clear 
2021-07-20T16:00:36.409515500Z 
2021-07-20T16:00:36.409519800Z end of do-file
2021-07-20T16:00:36.409524300Z 
2021-07-20T16:00:36.409528600Z . . file open output using "/tmp/tmp.riHtTkoh4L", write text replace
2021-07-20T16:00:36.409676200Z 
2021-07-20T16:00:36.409692500Z . . file write output "success" 
2021-07-20T16:00:36.409696200Z 
2021-07-20T16:00:36.409698600Z . . file close output
2021-07-20T16:00:36.409701100Z 
2021-07-20T16:00:36.409703400Z . 
2021-07-20T16:00:36.409705700Z end of do-file
2021-07-20T16:00:36.409708400Z 
2021-07-20T16:00:36.409710700Z 
2021-07-20T16:00:36.436389000Z . 

state: succeeded
commit: none
docker_image_id: sha256:11980aa720220a1b39bf523f5a8a33270214c13876c30ee364e16265766f7f60
exit_code: 0
job_id: x3h5avi3t5j6jdz3
run_by_user: qc18278
created_at: 2021-07-20T15:38:48Z
started_at: 2021-07-20T16:00:19Z
completed_at: 2021-07-20T16:01:45Z

Completed successfully

outputs:
  log/10_an_interaction_cox_models_shield_covid_tpp_probW2.log                                                                - moderately_sensitive
  output/an_interaction_cox_models_covid_tpp_prob_kids_cat4_shield_MAINFULLYADJMODEL_agespline_bmicat_noeth_ageband_0W2.ster  - moderately_sensitive
  output/an_interaction_cox_models_covid_tpp_prob_kids_cat4_shield_MAINFULLYADJMODEL_agespline_bmicat_noeth_ageband_1W2.ster  - moderately_sensitive