2021-08-10T12:30:24.129510000Z 
2021-08-10T12:30:24.129528300Z   ___  ____  ____  ____  ____ (R)
2021-08-10T12:30:24.129531300Z  /__    /   ____/   /   ____/
2021-08-10T12:30:24.129533300Z ___/   /   /___/   /   /___/   16.1   Copyright 1985-2019 StataCorp LLC
2021-08-10T12:30:24.129535100Z   Statistics/Data Analysis            StataCorp
2021-08-10T12:30:24.129536800Z                                       4905 Lakeway Drive
2021-08-10T12:30:24.129538600Z                                       College Station, Texas 77845 USA
2021-08-10T12:30:24.129540300Z                                       800-STATA-PC        http://www.stata.com
2021-08-10T12:30:24.129542100Z                                       979-696-4600        stata@stata.com
2021-08-10T12:30:24.129543900Z                                       979-696-4601 (fax)
2021-08-10T12:30:24.129545800Z 
2021-08-10T12:30:24.129547500Z 3-user Stata network license expires 11 May 2022:
2021-08-10T12:30:24.129549100Z        Serial number:  501709312237
2021-08-10T12:30:24.129550700Z          Licensed to:  The Bennett Institute
2021-08-10T12:30:24.129552400Z                        Oxford University
2021-08-10T12:30:24.129994800Z 
2021-08-10T12:30:24.130005100Z Notes:
2021-08-10T12:30:24.130009100Z       1.  Unicode is supported; see help unicode_advice.
2021-08-10T12:30:24.130012000Z 
2021-08-10T12:30:24.130014700Z . do "analysis/10_an_interaction_cox_models_ethnicity_strat.wrapper.do" covid_i
2021-08-10T12:30:24.130017500Z > cu MAIN 
2021-08-10T12:30:24.130019300Z 
2021-08-10T12:30:24.130021000Z . . do "analysis/10_an_interaction_cox_models_ethnicity_strat.do" covid_icu MAI
2021-08-10T12:30:24.130022800Z > N
2021-08-10T12:30:24.130026700Z 
2021-08-10T12:30:24.130028400Z . *****************************************************************************
2021-08-10T12:30:24.130030400Z > ***
2021-08-10T12:30:24.130032100Z . *
2021-08-10T12:30:24.130034000Z . *       Do-file:                10_an_interaction_cox_models_weeks.do
2021-08-10T12:30:24.130035800Z . *
2021-08-10T12:30:24.130037500Z . *       Project:                Exposure children and COVID risk
2021-08-10T12:30:24.130039200Z . *
2021-08-10T12:30:24.130040800Z . *       Programmed by:  Hforbes, based on files from Fizz & Krishnan
2021-08-10T12:30:24.130042500Z . *
2021-08-10T12:30:24.130044100Z . *       Data used:              analysis_dataset.dta
2021-08-10T12:30:24.130045700Z . *
2021-08-10T12:30:24.130047400Z . *       Data created:   None
2021-08-10T12:30:24.130049100Z . *
2021-08-10T12:30:24.130050700Z . *       Other output:   Log file:  10_an_interaction_cox_models.log
2021-08-10T12:30:24.130052500Z . *
2021-08-10T12:30:24.130060300Z . *****************************************************************************
2021-08-10T12:30:24.130062400Z > ***
2021-08-10T12:30:24.130064000Z . *
2021-08-10T12:30:24.130065600Z . *       Purpose:                This do-file performs multivariable (fully ad
2021-08-10T12:30:24.130067500Z > justed)
2021-08-10T12:30:24.130069800Z . *                                       Cox models, with an interaction by we
2021-08-10T12:30:24.130071700Z > ek of pandemic.
2021-08-10T12:30:24.130073400Z . *
2021-08-10T12:30:24.130075000Z . *****************************************************************************
2021-08-10T12:30:24.130076800Z > ***
2021-08-10T12:30:24.130078400Z . *
2021-08-10T12:30:24.130080000Z . *       Stata routines needed:  stbrier
2021-08-10T12:30:24.130081900Z . *
2021-08-10T12:30:24.130083600Z . *****************************************************************************
2021-08-10T12:30:24.130085400Z > ***
2021-08-10T12:30:24.130087100Z . 
2021-08-10T12:30:24.130088700Z . 
2021-08-10T12:30:24.130090200Z . * Set globals that will print in programs and direct output
2021-08-10T12:30:24.130092000Z . global outdir     "output"
2021-08-10T12:30:24.130122500Z 
2021-08-10T12:30:24.130128700Z . global logdir     "log"
2021-08-10T12:30:24.130130900Z 
2021-08-10T12:30:24.130132600Z . global tempdir    "tempdata"
2021-08-10T12:30:24.130134500Z 
2021-08-10T12:30:24.130136200Z . global demogadjlist  age1 age2 age3 i.male i.ethnicity  i.obese4cat i.smoke_n
2021-08-10T12:30:24.130138200Z > omiss i.imd i.tot_adults_hh
2021-08-10T12:30:24.130140100Z 
2021-08-10T12:30:24.130174400Z . global comordidadjlist  i.htdiag_or_highbp                              ///
2021-08-10T12:30:24.130180400Z >                         i.chronic_respiratory_disease   ///
2021-08-10T12:30:24.130182600Z >                         i.asthma                                             
2021-08-10T12:30:24.130184400Z >    ///
2021-08-10T12:30:24.130186100Z >                         i.chronic_cardiac_disease               ///
2021-08-10T12:30:24.130187800Z >                         i.diabcat                                            
2021-08-10T12:30:24.130189700Z >    ///
2021-08-10T12:30:24.130191300Z >                         i.cancer_exhaem_cat                             ///
2021-08-10T12:30:24.130193200Z >                         i.cancer_haem_cat                               ///
2021-08-10T12:30:24.130194900Z >                         i.chronic_liver_disease                 ///
2021-08-10T12:30:24.130196600Z >                         i.stroke_dementia                               ///
2021-08-10T12:30:24.130202100Z >                         i.other_neuro                                   ///
2021-08-10T12:30:24.130204100Z >                         i.reduced_kidney_function_cat   ///
2021-08-10T12:30:24.130205800Z >                         i.esrd                                               
2021-08-10T12:30:24.130207700Z >    ///
2021-08-10T12:30:24.130209400Z >                         i.other_transplant                              ///
2021-08-10T12:30:24.130211200Z >                         i.asplenia                                           
2021-08-10T12:30:24.130213100Z >    ///
2021-08-10T12:30:24.130214700Z >                         i.ra_sle_psoriasis                      ///
2021-08-10T12:30:24.130216400Z >                         i.other_immuno
2021-08-10T12:30:24.130218100Z 
2021-08-10T12:30:24.130219700Z . local outcome `1' 
2021-08-10T12:30:24.130222200Z 
2021-08-10T12:30:24.130224000Z . local dataset `2'
2021-08-10T12:30:24.130225700Z 
2021-08-10T12:30:24.130227300Z . 
2021-08-10T12:30:24.130228900Z . 
2021-08-10T12:30:24.130230400Z . *****************************************************************************
2021-08-10T12:30:24.130232200Z > *******
2021-08-10T12:30:24.130233800Z . *First clean up all old saved estimates for this outcome
2021-08-10T12:30:24.130235700Z . *This is to guard against accidentally displaying left-behind results from ol
2021-08-10T12:30:24.130237500Z > d runs
2021-08-10T12:30:24.130239100Z . *****************************************************************************
2021-08-10T12:30:24.130240900Z > *******
2021-08-10T12:30:24.130242500Z . log using "$logdir/10_an_interaction_cox_models_ethcat_`outcome'`dataset'", t
2021-08-10T12:30:24.130244300Z > ext replace
2021-08-10T12:30:24.130314300Z (note: file /workspace/log/10_an_interaction_cox_models_ethcat_covid_icuMAIN.lo
2021-08-10T12:30:24.130345800Z > g not found)
2021-08-10T12:30:24.130353100Z -------------------------------------------------------------------------------
2021-08-10T12:30:24.130356600Z       name:  <unnamed>
2021-08-10T12:30:24.130359400Z        log:  /workspace/log/10_an_interaction_cox_models_ethcat_covid_icuMAIN.l
2021-08-10T12:30:24.130362200Z > og
2021-08-10T12:30:24.130365100Z   log type:  text
2021-08-10T12:30:24.130367700Z  opened on:  10 Aug 2021, 12:30:24
2021-08-10T12:30:24.130370300Z 
2021-08-10T12:30:24.130373100Z . 
2021-08-10T12:30:24.130375800Z . *****************************************************************************
2021-08-10T12:30:24.130378800Z > ********
2021-08-10T12:30:24.130386400Z . * Open dataset and fit specified model(s)
2021-08-10T12:30:24.130390400Z . forvalues x=0/1 {
2021-08-10T12:30:24.130426500Z   2. 
2021-08-10T12:30:24.130432600Z . use "$tempdir/cr_create_analysis_dataset_STSET_`outcome'_ageband_`x'`dataset'
2021-08-10T12:30:24.130448100Z > .dta", clear
2021-08-10T12:30:24.130451800Z   3. 
2021-08-10T12:30:24.130453500Z . safetab ethnicity `outcome'
2021-08-10T12:30:24.130455200Z   4. levelsof ethnicity, local(levels)
2021-08-10T12:30:24.130456900Z   5. 
2021-08-10T12:30:24.130460900Z . 
2021-08-10T12:30:24.130462600Z . 
2021-08-10T12:30:24.130464400Z . *Age spline model (not adj ethnicity, interaction)
2021-08-10T12:30:24.130466200Z . stcox i.kids_cat4##i.ethnicity                                               
2021-08-10T12:30:24.130468000Z >                    ///
2021-08-10T12:30:24.130469800Z >                         $demogadjlist                                        
2021-08-10T12:30:24.130471600Z >            ///
2021-08-10T12:30:24.130473400Z >                         $comordidadjlist                                     
2021-08-10T12:30:24.130475200Z >            ///
2021-08-10T12:30:24.130476800Z >                         , strata(stp) vce(cluster household_id)
2021-08-10T12:30:24.130522500Z   6.                         estimates save ./output/an_interaction_cox_models_
2021-08-10T12:30:24.130528700Z > `outcome'_kids_cat4_ethnicity_MAINFULLYADJMODEL_agespline_bmicat_noeth_ageban
2021-08-10T12:30:24.130531000Z > d_`x'`dataset', replace
2021-08-10T12:30:24.130532900Z   7. foreach l of local levels {
2021-08-10T12:30:24.130534500Z   8. if _rc==0 {
2021-08-10T12:30:24.130536300Z   9. *testparm `ethcat'.ethnicity#i.kids_cat4
2021-08-10T12:30:24.130538100Z . *di _n "kids_cat4 " _n "****************"
2021-08-10T12:30:24.130540000Z . lincom 1.kids_cat4 + `l'.ethnicity#1.kids_cat4, eform
2021-08-10T12:30:24.130541700Z  10. di "kids_cat4" _n "****************"
2021-08-10T12:30:24.130543500Z  11. lincom 2.kids_cat4 + `l'.ethnicity#2.kids_cat4, eform
2021-08-10T12:30:24.130545200Z  12. lincom 3.kids_cat4 + `l'.ethnicity#3.kids_cat4, eform
2021-08-10T12:30:24.130546900Z  13. 
2021-08-10T12:30:24.130548500Z . }
2021-08-10T12:30:24.130550300Z  14. *else di "WARNING GROUP MODEL DID NOT FIT (OUTCOME `outcome')"
2021-08-10T12:30:24.130552200Z . }
2021-08-10T12:30:24.130553900Z  15. }
2021-08-10T12:30:24.133752300Z 0
2021-08-10T12:30:24.142179800Z 
2021-08-10T12:30:24.142190700Z                       |   Failure/censoring
2021-08-10T12:30:24.142193200Z                       |     indicator for
2021-08-10T12:30:24.142202300Z                       |  outcome: covid icu
2021-08-10T12:30:24.142204200Z             Ethnicity |         0          1 |     Total
2021-08-10T12:30:24.142205900Z ----------------------+----------------------+----------
2021-08-10T12:30:24.142208500Z                 White |     8,941      4,034 |    12,975 
2021-08-10T12:30:24.142210400Z Asian or Asian Britis |     1,068        523 |     1,591 
2021-08-10T12:30:24.142212100Z                 Other |     1,103        537 |     1,640 
2021-08-10T12:30:24.142213900Z ----------------------+----------------------+----------
2021-08-10T12:30:24.142215600Z                 Total |    11,112      5,094 |    16,206 
2021-08-10T12:30:24.148215200Z 1 3 5
2021-08-10T12:30:24.158147800Z 
2021-08-10T12:30:24.158166500Z          failure _d:  covid_icu
2021-08-10T12:30:24.158169100Z    analysis time _t:  (stime_covid_icu-origin)
2021-08-10T12:30:24.158171100Z              origin:  time enter_date
2021-08-10T12:30:24.158172800Z   enter on or after:  time enter_date
2021-08-10T12:30:24.158174600Z                  id:  patient_id
2021-08-10T12:30:24.687997000Z 
2021-08-10T12:30:24.688012400Z Iteration 0:   log pseudolikelihood = -36057.063
2021-08-10T12:30:24.915977800Z Iteration 1:   log pseudolikelihood = -36022.651
2021-08-10T12:30:25.138286500Z Iteration 2:   log pseudolikelihood = -36022.306
2021-08-10T12:30:25.348875500Z Iteration 3:   log pseudolikelihood = -36022.306
2021-08-10T12:30:25.348891200Z Refining estimates:
2021-08-10T12:30:26.240233100Z Iteration 0:   log pseudolikelihood = -36022.306
2021-08-10T12:30:36.836663800Z 
2021-08-10T12:30:36.836686500Z Stratified Cox regr. -- Breslow method for ties
2021-08-10T12:30:36.836893900Z 
2021-08-10T12:30:36.836908300Z No. of subjects      =       16,206             Number of obs    =      16,206
2021-08-10T12:30:36.836914200Z No. of failures      =        5,094
2021-08-10T12:30:36.836918600Z Time at risk         =      2466488
2021-08-10T12:30:36.836922600Z                                                 Wald chi2(48)    =       77.29
2021-08-10T12:30:36.837029800Z Log pseudolikelihood =   -36022.306             Prob > chi2      =      0.0047
2021-08-10T12:30:36.837057100Z 
2021-08-10T12:30:37.002334400Z                        (Std. Err. adjusted for 1,106 clusters in household_id)
2021-08-10T12:30:37.002353800Z ------------------------------------------------------------------------------
2021-08-10T12:30:37.002357400Z              |               Robust
2021-08-10T12:30:37.002360200Z           _t | Haz. Ratio   Std. Err.      z    P>|z|     [95% Conf. Interval]
2021-08-10T12:30:37.002363000Z -------------+----------------------------------------------------------------
2021-08-10T12:30:37.002366100Z    kids_cat4 |
2021-08-10T12:30:37.010989000Z only <12 ..  |   .9596878   .1004934    -0.39   0.694     .7816219     1.17832
2021-08-10T12:30:37.011155500Z  only 12-18  |   .8995731   .1365541    -0.70   0.486     .6680749    1.211289
2021-08-10T12:30:37.011432200Z       mixed  |   .9441244   .0902677    -0.60   0.548     .7827911    1.138708
2021-08-10T12:30:37.011444300Z              |
2021-08-10T12:30:37.011449000Z    ethnicity |
2021-08-10T12:30:37.011629200Z Asian or ..  |   1.006008   .2924382     0.02   0.984     .5690682    1.778438
2021-08-10T12:30:37.012006400Z       Other  |   1.095911   .2962367     0.34   0.735     .6451877    1.861506
2021-08-10T12:30:37.012017700Z              |
2021-08-10T12:30:37.012021100Z    kids_cat4#|
2021-08-10T12:30:37.012024200Z    ethnicity |
2021-08-10T12:30:37.012027300Z only <12 .. #|
2021-08-10T12:30:37.012366000Z Asian or ..  |   1.005557   .3280461     0.02   0.986     .5305377    1.905886
2021-08-10T12:30:37.012378600Z only <12 .. #|
2021-08-10T12:30:37.012632500Z       Other  |   1.108093   .3358203     0.34   0.735     .6118004    2.006978
2021-08-10T12:30:37.012641900Z  only 12-18 #|
2021-08-10T12:30:37.012834300Z Asian or ..  |   1.627247   .6312915     1.26   0.209     .7607279    3.480789
2021-08-10T12:30:37.014143100Z  only 12-18 #|
2021-08-10T12:30:37.014154000Z       Other  |   .5618554   .2318711    -1.40   0.162     .2502325    1.261553
2021-08-10T12:30:37.014158200Z       mixed #|
2021-08-10T12:30:37.014161700Z Asian or ..  |   1.071494   .3156394     0.23   0.815     .6015112    1.908691
2021-08-10T12:30:37.014425300Z mixed#Other  |   .9540911   .2624292    -0.17   0.864     .5564948    1.635756
2021-08-10T12:30:37.014439000Z              |
2021-08-10T12:30:37.014828200Z         age1 |   1.005982    .005051     1.19   0.235     .9961307    1.015931
2021-08-10T12:30:37.015075800Z         age2 |   .9754151   .0153782    -1.58   0.114     .9457353    1.006026
2021-08-10T12:30:37.015349500Z         age3 |   1.069514   .0469437     1.53   0.126     .9813529    1.165596
2021-08-10T12:30:37.015634500Z       1.male |   .9681865   .0270704    -1.16   0.248      .916557    1.022724
2021-08-10T12:30:37.015646300Z              |
2021-08-10T12:30:37.015651300Z    obese4cat |
2021-08-10T12:30:37.015920000Z Obese I ..)  |   1.014388   .0406427     0.36   0.721     .9377771    1.097257
2021-08-10T12:30:37.016085600Z Obese II..)  |   .9553088    .049732    -0.88   0.380     .8626437    1.057928
2021-08-10T12:30:37.016311900Z Obese II..)  |    .988864   .0624386    -0.18   0.859     .8737561    1.119136
2021-08-10T12:30:37.016322400Z              |
2021-08-10T12:30:37.016326500Z smoke_nomiss |
2021-08-10T12:30:37.016559700Z      Former  |   1.135887   .1058318     1.37   0.171     .9462979     1.36346
2021-08-10T12:30:37.016855600Z     Current  |   .9737456   .0432708    -0.60   0.549     .8925248    1.062358
2021-08-10T12:30:37.016866300Z              |
2021-08-10T12:30:37.016871000Z          imd |
2021-08-10T12:30:37.017169600Z           4  |   .9790162   .0330928    -0.63   0.530     .9162573    1.046074
2021-08-10T12:30:37.017453800Z 5 most de..  |   .8900498   .0449788    -2.30   0.021     .8061182    .9827201
2021-08-10T12:30:37.017464200Z              |
2021-08-10T12:30:37.017468200Z tot_adults~h |
2021-08-10T12:30:37.017731500Z           2  |   1.104838   .3107744     0.35   0.723     .6366025    1.917471
2021-08-10T12:30:37.018005900Z           3  |   1.094862   .2256387     0.44   0.660     .7310317    1.639768
2021-08-10T12:30:37.018013900Z              |
2021-08-10T12:30:37.018324500Z 1.htdiag_o~p |   1.083636   .0570493     1.53   0.127      .977397    1.201423
2021-08-10T12:30:37.018613100Z 1.~y_disease |   1.016813   .0335977     0.50   0.614     .9530498    1.084842
2021-08-10T12:30:37.018886400Z     1.asthma |   .9728722   .0508737    -0.53   0.599     .8781011    1.077872
2021-08-10T12:30:37.019157300Z 1.~c_disease |   .9258479   .0315501    -2.26   0.024     .8660307    .9897968
2021-08-10T12:30:37.019166100Z              |
2021-08-10T12:30:37.019169900Z      diabcat |
2021-08-10T12:30:37.019398400Z T1DM, con..  |   1.077469   .0916152     0.88   0.380     .9120707     1.27286
2021-08-10T12:30:37.019598400Z T1DM, unc..  |   1.239553   .2022571     1.32   0.188     .9002752    1.706692
2021-08-10T12:30:37.019790800Z T2DM, con..  |   .9648666   .0372601    -0.93   0.354     .8945334     1.04073
2021-08-10T12:30:37.020007500Z T2DM, unc..  |   1.188705   .0808335     2.54   0.011     1.040378    1.358178
2021-08-10T12:30:37.020294900Z Diabetes,..  |   1.206801   .6464764     0.35   0.726     .4223298    3.448414
2021-08-10T12:30:37.020305000Z              |
2021-08-10T12:30:37.020309700Z cancer_exh~t |
2021-08-10T12:30:37.020595200Z   Last year  |   1.512197   .2566692     2.44   0.015     1.084255    2.109041
2021-08-10T12:30:37.020875100Z 2-5 years..  |   .8020125   .0925493    -1.91   0.056     .6396695    1.005557
2021-08-10T12:30:37.021150600Z    5+ years  |   1.050483   .0369249     1.40   0.161     .9805479    1.125405
2021-08-10T12:30:37.021161000Z              |
2021-08-10T12:30:37.021165200Z cancer_hae~t |
2021-08-10T12:30:37.021443300Z   Last year  |   1.120986   .2103793     0.61   0.543     .7759832    1.619378
2021-08-10T12:30:37.021671000Z 2-5 years..  |   .9170824   .1061464    -0.75   0.455     .7309492    1.150614
2021-08-10T12:30:37.021954200Z    5+ years  |   .9420969   .0366649    -1.53   0.125     .8729074    1.016771
2021-08-10T12:30:37.021976600Z              |
2021-08-10T12:30:37.022277200Z 1.~r_disease |   1.048431   .0345865     1.43   0.152      .982788    1.118459
2021-08-10T12:30:37.029949700Z 1.stroke_d~a |    .955467   .0344069    -1.27   0.206     .8903555     1.02534
2021-08-10T12:30:37.029982500Z 1.other_ne~o |   .9864186   .0343218    -0.39   0.694     .9213915    1.056035
2021-08-10T12:30:37.029987300Z              |
2021-08-10T12:30:37.029991800Z reduced_ki~t |
2021-08-10T12:30:37.029995000Z Stage 3a/..  |   .7564984   .2007136    -1.05   0.293     .4497466    1.272472
2021-08-10T12:30:37.029998500Z       1.esrd |   1.025213    .029135     0.88   0.381     .9696708    1.083937
2021-08-10T12:30:37.030000900Z 1.other_tr~t |   .9929697   .0351496    -0.20   0.842     .9264134    1.064308
2021-08-10T12:30:37.030003100Z   1.asplenia |    .942991   .0336355    -1.65   0.100     .8793181    1.011274
2021-08-10T12:30:37.030005400Z 1.ra_sle_p~s |   1.029599   .0358762     0.84   0.403     .9616308    1.102372
2021-08-10T12:30:37.036494200Z 1.other_im~o |   1.056127    .031327     1.84   0.066      .996478    1.119347
2021-08-10T12:30:37.036510300Z ------------------------------------------------------------------------------
2021-08-10T12:30:37.036769800Z                                                              Stratified by stp
2021-08-10T12:30:37.061581700Z (note: file ./output/an_interaction_cox_models_covid_icu_kids_cat4_ethnicity_MA
2021-08-10T12:30:37.061599800Z > INFULLYADJMODEL_agespline_bmicat_noeth_ageband_0MAIN.ster not found)
2021-08-10T12:30:37.061603600Z file ./output/an_interaction_cox_models_covid_icu_kids_cat4_ethnicity_MAINFULLY
2021-08-10T12:30:37.061606500Z > ADJMODEL_agespline_bmicat_noeth_ageband_0MAIN.ster saved
2021-08-10T12:30:37.063823500Z 
2021-08-10T12:30:37.063835300Z  ( 1)  1.kids_cat4 + 1o.kids_cat4#1b.ethnicity = 0
2021-08-10T12:30:37.064130400Z 
2021-08-10T12:30:37.071385400Z ------------------------------------------------------------------------------
2021-08-10T12:30:37.071401500Z           _t |     exp(b)   Std. Err.      z    P>|z|     [95% Conf. Interval]
2021-08-10T12:30:37.071406800Z -------------+----------------------------------------------------------------
2021-08-10T12:30:37.071745600Z          (1) |   .9596878   .1004934    -0.39   0.694     .7816219     1.17832
2021-08-10T12:30:37.071756200Z ------------------------------------------------------------------------------
2021-08-10T12:30:37.072430500Z kids_cat4
2021-08-10T12:30:37.072443000Z ****************
2021-08-10T12:30:37.074205500Z 
2021-08-10T12:30:37.074216900Z  ( 1)  2.kids_cat4 + 2o.kids_cat4#1b.ethnicity = 0
2021-08-10T12:30:37.074331700Z 
2021-08-10T12:30:37.080730000Z ------------------------------------------------------------------------------
2021-08-10T12:30:37.080743400Z           _t |     exp(b)   Std. Err.      z    P>|z|     [95% Conf. Interval]
2021-08-10T12:30:37.080749700Z -------------+----------------------------------------------------------------
2021-08-10T12:30:37.081246200Z          (1) |   .8995731   .1365541    -0.70   0.486     .6680749    1.211289
2021-08-10T12:30:37.081288700Z ------------------------------------------------------------------------------
2021-08-10T12:30:37.083790500Z 
2021-08-10T12:30:37.083802800Z  ( 1)  3.kids_cat4 + 3o.kids_cat4#1b.ethnicity = 0
2021-08-10T12:30:37.083848400Z 
2021-08-10T12:30:37.090695100Z ------------------------------------------------------------------------------
2021-08-10T12:30:37.090714200Z           _t |     exp(b)   Std. Err.      z    P>|z|     [95% Conf. Interval]
2021-08-10T12:30:37.090719800Z -------------+----------------------------------------------------------------
2021-08-10T12:30:37.091245900Z          (1) |   .9441244   .0902677    -0.60   0.548     .7827911    1.138708
2021-08-10T12:30:37.091257200Z ------------------------------------------------------------------------------
2021-08-10T12:30:37.094571200Z 
2021-08-10T12:30:37.094592600Z  ( 1)  1.kids_cat4 + 1.kids_cat4#3.ethnicity = 0
2021-08-10T12:30:37.094763300Z 
2021-08-10T12:30:37.101356100Z ------------------------------------------------------------------------------
2021-08-10T12:30:37.101373600Z           _t |     exp(b)   Std. Err.      z    P>|z|     [95% Conf. Interval]
2021-08-10T12:30:37.101378300Z -------------+----------------------------------------------------------------
2021-08-10T12:30:37.101806700Z          (1) |   .9650204   .3052383    -0.11   0.910     .5191578    1.793798
2021-08-10T12:30:37.101837200Z ------------------------------------------------------------------------------
2021-08-10T12:30:37.102437400Z kids_cat4
2021-08-10T12:30:37.102447600Z ****************
2021-08-10T12:30:37.104263900Z 
2021-08-10T12:30:37.104275000Z  ( 1)  2.kids_cat4 + 2.kids_cat4#3.ethnicity = 0
2021-08-10T12:30:37.104411800Z 
2021-08-10T12:30:37.111271300Z ------------------------------------------------------------------------------
2021-08-10T12:30:37.111288400Z           _t |     exp(b)   Std. Err.      z    P>|z|     [95% Conf. Interval]
2021-08-10T12:30:37.111293400Z -------------+----------------------------------------------------------------
2021-08-10T12:30:37.111682000Z          (1) |   1.463828     .54837     1.02   0.309     .7024544    3.050435
2021-08-10T12:30:37.111693600Z ------------------------------------------------------------------------------
2021-08-10T12:30:37.114493100Z 
2021-08-10T12:30:37.114516100Z  ( 1)  3.kids_cat4 + 3.kids_cat4#3.ethnicity = 0
2021-08-10T12:30:37.114678200Z 
2021-08-10T12:30:37.121168300Z ------------------------------------------------------------------------------
2021-08-10T12:30:37.121209500Z           _t |     exp(b)   Std. Err.      z    P>|z|     [95% Conf. Interval]
2021-08-10T12:30:37.121229700Z -------------+----------------------------------------------------------------
2021-08-10T12:30:37.121791500Z          (1) |   1.011624   .2866664     0.04   0.967     .5805126    1.762894
2021-08-10T12:30:37.121804200Z ------------------------------------------------------------------------------
2021-08-10T12:30:37.124484200Z 
2021-08-10T12:30:37.124500800Z  ( 1)  1.kids_cat4 + 1.kids_cat4#5.ethnicity = 0
2021-08-10T12:30:37.124505400Z 
2021-08-10T12:30:37.131070500Z ------------------------------------------------------------------------------
2021-08-10T12:30:37.131085100Z           _t |     exp(b)   Std. Err.      z    P>|z|     [95% Conf. Interval]
2021-08-10T12:30:37.131088500Z -------------+----------------------------------------------------------------
2021-08-10T12:30:37.131455900Z          (1) |   1.063423   .2923538     0.22   0.823     .6204344    1.822705
2021-08-10T12:30:37.131469000Z ------------------------------------------------------------------------------
2021-08-10T12:30:37.132144800Z kids_cat4
2021-08-10T12:30:37.132169100Z ****************
2021-08-10T12:30:37.134099900Z 
2021-08-10T12:30:37.134115500Z  ( 1)  2.kids_cat4 + 2.kids_cat4#5.ethnicity = 0
2021-08-10T12:30:37.134242600Z 
2021-08-10T12:30:37.141022500Z ------------------------------------------------------------------------------
2021-08-10T12:30:37.141036500Z           _t |     exp(b)   Std. Err.      z    P>|z|     [95% Conf. Interval]
2021-08-10T12:30:37.141041500Z -------------+----------------------------------------------------------------
2021-08-10T12:30:37.141431800Z          (1) |     .50543    .200634    -1.72   0.086      .232151    1.100402
2021-08-10T12:30:37.141461800Z ------------------------------------------------------------------------------
2021-08-10T12:30:37.143869300Z 
2021-08-10T12:30:37.143878500Z  ( 1)  3.kids_cat4 + 3.kids_cat4#5.ethnicity = 0
2021-08-10T12:30:37.144089300Z 
2021-08-10T12:30:37.150284400Z ------------------------------------------------------------------------------
2021-08-10T12:30:37.150297400Z           _t |     exp(b)   Std. Err.      z    P>|z|     [95% Conf. Interval]
2021-08-10T12:30:37.150301800Z -------------+----------------------------------------------------------------
2021-08-10T12:30:37.150739100Z          (1) |   .9007807   .2235477    -0.42   0.674     .5538287    1.465085
2021-08-10T12:30:37.150750900Z ------------------------------------------------------------------------------
2021-08-10T12:30:37.152358900Z 0
2021-08-10T12:30:37.155068500Z 
2021-08-10T12:30:37.155084500Z                       |   Failure/censoring
2021-08-10T12:30:37.155087600Z                       |     indicator for
2021-08-10T12:30:37.155089900Z                       |  outcome: covid icu
2021-08-10T12:30:37.155092100Z             Ethnicity |         0          1 |     Total
2021-08-10T12:30:37.155094400Z ----------------------+----------------------+----------
2021-08-10T12:30:37.155103100Z                 White |     2,439      1,096 |     3,535 
2021-08-10T12:30:37.155105600Z Asian or Asian Britis |       321        154 |       475 
2021-08-10T12:30:37.155107900Z                 Other |       345        139 |       484 
2021-08-10T12:30:37.155110100Z ----------------------+----------------------+----------
2021-08-10T12:30:37.155559400Z                 Total |     3,105      1,389 |     4,494 
2021-08-10T12:30:37.157074200Z 1 3 5
2021-08-10T12:30:37.164805700Z 
2021-08-10T12:30:37.164822100Z          failure _d:  covid_icu
2021-08-10T12:30:37.164825200Z    analysis time _t:  (stime_covid_icu-origin)
2021-08-10T12:30:37.164827500Z              origin:  time enter_date
2021-08-10T12:30:37.164829700Z   enter on or after:  time enter_date
2021-08-10T12:30:37.164831800Z                  id:  patient_id
2021-08-10T12:30:37.324023600Z 
2021-08-10T12:30:37.324047300Z Iteration 0:   log pseudolikelihood =  -8042.262
2021-08-10T12:30:37.400137600Z Iteration 1:   log pseudolikelihood = -8021.6151
2021-08-10T12:30:37.476522700Z Iteration 2:   log pseudolikelihood = -8016.2444
2021-08-10T12:30:37.554105700Z Iteration 3:   log pseudolikelihood = -8015.6151
2021-08-10T12:30:37.633831800Z Iteration 4:   log pseudolikelihood = -8015.5853
2021-08-10T12:30:37.710989000Z Iteration 5:   log pseudolikelihood = -8015.5808
2021-08-10T12:30:37.789183200Z Iteration 6:   log pseudolikelihood = -8015.5791
2021-08-10T12:30:37.867102800Z Iteration 7:   log pseudolikelihood = -8015.5785
2021-08-10T12:30:37.947251400Z Iteration 8:   log pseudolikelihood = -8015.5783
2021-08-10T12:30:38.024954200Z Iteration 9:   log pseudolikelihood = -8015.5782
2021-08-10T12:30:38.104247100Z Iteration 10:  log pseudolikelihood = -8015.5781
2021-08-10T12:30:38.181750900Z Iteration 11:  log pseudolikelihood = -8015.5781
2021-08-10T12:30:38.264580500Z Iteration 12:  log pseudolikelihood = -8015.5781
2021-08-10T12:30:38.339059600Z Iteration 13:  log pseudolikelihood = -8015.5781
2021-08-10T12:30:38.416016400Z Iteration 14:  log pseudolikelihood = -8015.5781
2021-08-10T12:30:38.495609300Z Iteration 15:  log pseudolikelihood = -8015.5781
2021-08-10T12:30:38.573706000Z Iteration 16:  log pseudolikelihood = -8015.5781
2021-08-10T12:30:38.652260400Z Iteration 17:  log pseudolikelihood = -8015.5781
2021-08-10T12:30:38.728782900Z Iteration 18:  log pseudolikelihood = -8015.5781
2021-08-10T12:30:38.805311500Z Iteration 19:  log pseudolikelihood = -8015.5781
2021-08-10T12:30:38.882882800Z Iteration 20:  log pseudolikelihood = -8015.5781
2021-08-10T12:30:38.963912300Z Iteration 21:  log pseudolikelihood = -8015.5781
2021-08-10T12:30:39.037517300Z Iteration 22:  log pseudolikelihood = -8015.5781
2021-08-10T12:30:39.115801400Z Iteration 23:  log pseudolikelihood = -8015.5781
2021-08-10T12:30:39.199401900Z Iteration 24:  log pseudolikelihood = -8015.5781
2021-08-10T12:30:39.274988600Z Iteration 25:  log pseudolikelihood = -8015.5781
2021-08-10T12:30:39.355933200Z Iteration 26:  log pseudolikelihood = -8015.5781
2021-08-10T12:30:39.431193900Z Iteration 27:  log pseudolikelihood = -8015.5781
2021-08-10T12:30:39.508240400Z Iteration 28:  log pseudolikelihood = -8015.5781
2021-08-10T12:30:39.584083600Z Iteration 29:  log pseudolikelihood = -8015.5781
2021-08-10T12:30:39.662910500Z Iteration 30:  log pseudolikelihood = -8015.5781
2021-08-10T12:30:39.740253300Z Iteration 31:  log pseudolikelihood = -8015.5781
2021-08-10T12:30:39.740277200Z Refining estimates:
2021-08-10T12:30:40.014348500Z Iteration 0:   log pseudolikelihood = -8015.5781
2021-08-10T12:30:40.300103100Z Iteration 1:   log pseudolikelihood = -8015.5781
2021-08-10T12:30:40.579611200Z Iteration 2:   log pseudolikelihood = -8015.5781
2021-08-10T12:30:40.844949700Z Iteration 3:   log pseudolikelihood = -8015.5781
2021-08-10T12:30:41.114928600Z Iteration 4:   log pseudolikelihood = -8015.5781
2021-08-10T12:30:41.394717400Z Iteration 5:   log pseudolikelihood = -8015.5781
2021-08-10T12:30:41.668936500Z Iteration 6:   log pseudolikelihood = -8015.5781
2021-08-10T12:30:41.951186900Z Iteration 7:   log pseudolikelihood = -8015.5781
2021-08-10T12:30:42.222807500Z Iteration 8:   log pseudolikelihood = -8015.5781
2021-08-10T12:30:42.512417700Z Iteration 9:   log pseudolikelihood = -8015.5781
2021-08-10T12:30:42.804791200Z Iteration 10:  log pseudolikelihood = -8015.5781
2021-08-10T12:30:44.304633300Z 
2021-08-10T12:30:44.304658600Z Stratified Cox regr. -- Breslow method for ties
2021-08-10T12:30:44.304674300Z 
2021-08-10T12:30:44.304679600Z No. of subjects      =        4,494             Number of obs    =       4,494
2021-08-10T12:30:44.304736500Z No. of failures      =        1,389
2021-08-10T12:30:44.304747200Z Time at risk         =       680442
2021-08-10T12:30:44.304750600Z                                                 Wald chi2(48)    =     1808.75
2021-08-10T12:30:44.304831800Z Log pseudolikelihood =   -8015.5781             Prob > chi2      =      0.0000
2021-08-10T12:30:44.304841900Z 
2021-08-10T12:30:44.317725400Z                          (Std. Err. adjusted for 914 clusters in household_id)
2021-08-10T12:30:44.317744200Z ------------------------------------------------------------------------------
2021-08-10T12:30:44.317749200Z              |               Robust
2021-08-10T12:30:44.317753000Z           _t | Haz. Ratio   Std. Err.      z    P>|z|     [95% Conf. Interval]
2021-08-10T12:30:44.317757200Z -------------+----------------------------------------------------------------
2021-08-10T12:30:44.317771700Z    kids_cat4 |
2021-08-10T12:30:44.317962400Z only <12 ..  |   .8061232   .1667996    -1.04   0.298     .5373712    1.209284
2021-08-10T12:30:44.318176300Z  only 12-18  |   .8351454   .2191657    -0.69   0.492     .4993245    1.396823
2021-08-10T12:30:44.318437400Z       mixed  |   .8834815   .1663754    -0.66   0.511     .6108027    1.277892
2021-08-10T12:30:44.318449000Z              |
2021-08-10T12:30:44.318453800Z    ethnicity |
2021-08-10T12:30:44.318732400Z Asian or ..  |   1.408418   .6220621     0.78   0.438     .5926218    3.347229
2021-08-10T12:30:44.319054400Z       Other  |   .7539361   .3750933    -0.57   0.570     .2843481    1.999027
2021-08-10T12:30:44.319066200Z              |
2021-08-10T12:30:44.319084600Z    kids_cat4#|
2021-08-10T12:30:44.319090300Z    ethnicity |
2021-08-10T12:30:44.319093800Z only <12 .. #|
2021-08-10T12:30:44.319458100Z Asian or ..  |   .7418122   .3753273    -0.59   0.555     .2751821    1.999714
2021-08-10T12:30:44.319468900Z only <12 .. #|
2021-08-10T12:30:44.319820500Z       Other  |   1.020056   .5879451     0.03   0.973     .3296128    3.156777
2021-08-10T12:30:44.319831000Z  only 12-18 #|
2021-08-10T12:30:44.320063300Z Asian or ..  |   .3610169   .3157838    -1.16   0.244     .0650094    2.004837
2021-08-10T12:30:44.320085800Z  only 12-18 #|
2021-08-10T12:30:44.320313300Z       Other  |   4.900524   3.397916     2.29   0.022     1.259036    19.07423
2021-08-10T12:30:44.320321300Z       mixed #|
2021-08-10T12:30:44.320585000Z Asian or ..  |   .7162169   .3223143    -0.74   0.458     .2964723    1.730235
2021-08-10T12:30:44.320847100Z mixed#Other  |   1.185053   .6007215     0.33   0.738     .4387841    3.200552
2021-08-10T12:30:44.320858600Z              |
2021-08-10T12:30:44.321013600Z         age1 |    1.03961   .0228404     1.77   0.077     .9957939    1.085354
2021-08-10T12:30:44.321192400Z         age2 |   .8625688   .0798209    -1.60   0.110     .7194899    1.034101
2021-08-10T12:30:44.321424900Z         age3 |   1.412169   .3204283     1.52   0.128        .9052    2.203071
2021-08-10T12:30:44.321720000Z       1.male |   .9598832   .0545589    -0.72   0.471     .8586908    1.073001
2021-08-10T12:30:44.321729700Z              |
2021-08-10T12:30:44.321734400Z    obese4cat |
2021-08-10T12:30:44.321989800Z Obese I ..)  |    .956342   .0784351    -0.54   0.586     .8143316    1.123117
2021-08-10T12:30:44.322127700Z Obese II..)  |   1.122327   .1102437     1.17   0.240     .9257803    1.360602
2021-08-10T12:30:44.322496800Z Obese II..)  |   .8714639   .1042749    -1.15   0.250     .6892852    1.101793
2021-08-10T12:30:44.322505400Z              |
2021-08-10T12:30:44.322508200Z smoke_nomiss |
2021-08-10T12:30:44.322846600Z      Former  |   1.384475   .2371977     1.90   0.058     .9895814    1.936952
2021-08-10T12:30:44.323186700Z     Current  |   1.088113   .0858064     1.07   0.284     .9322877    1.269983
2021-08-10T12:30:44.323194400Z              |
2021-08-10T12:30:44.323196800Z          imd |
2021-08-10T12:30:44.323530000Z           4  |   1.034323   .0723989     0.48   0.630     .9017274    1.186417
2021-08-10T12:30:44.323921700Z 5 most de..  |    .935853   .0817357    -0.76   0.448     .7886153     1.11058
2021-08-10T12:30:44.323932100Z              |
2021-08-10T12:30:44.323936300Z tot_adults~h |
2021-08-10T12:30:44.324287700Z           2  |   .6280437   .2533084    -1.15   0.249     .2848888    1.384536
2021-08-10T12:30:44.324610500Z           3  |   .6985105   .2237527    -1.12   0.263     .3728284     1.30869
2021-08-10T12:30:44.324633700Z              |
2021-08-10T12:30:44.325048500Z 1.htdiag_o~p |   1.067295   .1030657     0.67   0.500     .8832554    1.289682
2021-08-10T12:30:44.325427200Z 1.~y_disease |   .9392454    .064749    -0.91   0.363     .8205396    1.075124
2021-08-10T12:30:44.325740600Z     1.asthma |   1.232077   .1159184     2.22   0.027     1.024598     1.48157
2021-08-10T12:30:44.326144300Z 1.~c_disease |   1.067979   .0680012     1.03   0.302     .9426797    1.209932
2021-08-10T12:30:44.326154400Z              |
2021-08-10T12:30:44.326158200Z      diabcat |
2021-08-10T12:30:44.326372000Z T1DM, con..  |   .7520591   .1485897    -1.44   0.149      .510592     1.10772
2021-08-10T12:30:44.326652800Z T1DM, unc..  |   .6259662   .3164498    -0.93   0.354        .2324    1.686032
2021-08-10T12:30:44.326940500Z T2DM, con..  |   1.005122   .0696589     0.07   0.941     .8774592    1.151358
2021-08-10T12:30:44.327237300Z T2DM, unc..  |    1.17102   .1636655     1.13   0.259     .8904257    1.540036
2021-08-10T12:30:44.327587100Z Diabetes,..  |   1.25e-18   1.26e-18   -40.91   0.000     1.74e-19    9.03e-18
2021-08-10T12:30:44.327596200Z              |
2021-08-10T12:30:44.327599900Z cancer_exh~t |
2021-08-10T12:30:44.328045000Z   Last year  |   .6112209   .3577364    -0.84   0.400     .1940911    1.924823
2021-08-10T12:30:44.328263800Z 2-5 years..  |   .8117819   .1765013    -0.96   0.338     .5301115    1.243115
2021-08-10T12:30:44.328566600Z    5+ years  |   1.003779    .068781     0.06   0.956     .8776315    1.148059
2021-08-10T12:30:44.328577300Z              |
2021-08-10T12:30:44.328581900Z cancer_hae~t |
2021-08-10T12:30:44.328857500Z   Last year  |   1.226856   .7665073     0.33   0.743     .3605667    4.174475
2021-08-10T12:30:44.329090500Z 2-5 years..  |   1.000236   .2181806     0.00   0.999     .6522751     1.53382
2021-08-10T12:30:44.329359300Z    5+ years  |   .9920846   .0713316    -0.11   0.912     .8616815    1.142222
2021-08-10T12:30:44.329367200Z              |
2021-08-10T12:30:44.329673000Z 1.~r_disease |    .982487   .0662576    -0.26   0.793     .8608409    1.121323
2021-08-10T12:30:44.329975000Z 1.stroke_d~a |    .962094   .0665056    -0.56   0.576     .8401898    1.101685
2021-08-10T12:30:44.330262700Z 1.other_ne~o |   1.008036   .0669814     0.12   0.904     .8849444     1.14825
2021-08-10T12:30:44.330271600Z              |
2021-08-10T12:30:44.330275700Z reduced_ki~t |
2021-08-10T12:30:44.330620500Z Stage 3a/..  |   1.242691   .1572844     1.72   0.086       .96968    1.592566
2021-08-10T12:30:44.330996100Z       1.esrd |   .9234403   .0505883    -1.45   0.146     .8294266     1.02811
2021-08-10T12:30:44.331675400Z 1.other_tr~t |   .9599863   .0659358    -0.59   0.552     .8390755     1.09832
2021-08-10T12:30:44.331912500Z   1.asplenia |   1.118878   .0683583     1.84   0.066     .9926089    1.261209
2021-08-10T12:30:44.332150700Z 1.ra_sle_p~s |    1.02557   .0718429     0.36   0.719      .893999    1.176504
2021-08-10T12:30:44.333440800Z 1.other_im~o |   .9587904   .0565255    -0.71   0.475     .8541637    1.076233
2021-08-10T12:30:44.333451500Z ------------------------------------------------------------------------------
2021-08-10T12:30:44.333687000Z                                                              Stratified by stp
2021-08-10T12:30:44.341106300Z (note: file ./output/an_interaction_cox_models_covid_icu_kids_cat4_ethnicity_MA
2021-08-10T12:30:44.341131700Z > INFULLYADJMODEL_agespline_bmicat_noeth_ageband_1MAIN.ster not found)
2021-08-10T12:30:44.341136700Z file ./output/an_interaction_cox_models_covid_icu_kids_cat4_ethnicity_MAINFULLY
2021-08-10T12:30:44.341165600Z > ADJMODEL_agespline_bmicat_noeth_ageband_1MAIN.ster saved
2021-08-10T12:30:44.343243200Z 
2021-08-10T12:30:44.343270800Z  ( 1)  1.kids_cat4 + 1o.kids_cat4#1b.ethnicity = 0
2021-08-10T12:30:44.343428400Z 
2021-08-10T12:30:44.353032300Z ------------------------------------------------------------------------------
2021-08-10T12:30:44.353054900Z           _t |     exp(b)   Std. Err.      z    P>|z|     [95% Conf. Interval]
2021-08-10T12:30:44.353061000Z -------------+----------------------------------------------------------------
2021-08-10T12:30:44.353810700Z          (1) |   .8061232   .1667996    -1.04   0.298     .5373712    1.209284
2021-08-10T12:30:44.353827200Z ------------------------------------------------------------------------------
2021-08-10T12:30:44.354505800Z kids_cat4
2021-08-10T12:30:44.354519700Z ****************
2021-08-10T12:30:44.357126300Z 
2021-08-10T12:30:44.357143700Z  ( 1)  2.kids_cat4 + 2o.kids_cat4#1b.ethnicity = 0
2021-08-10T12:30:44.357252000Z 
2021-08-10T12:30:44.368754000Z ------------------------------------------------------------------------------
2021-08-10T12:30:44.368769700Z           _t |     exp(b)   Std. Err.      z    P>|z|     [95% Conf. Interval]
2021-08-10T12:30:44.368773200Z -------------+----------------------------------------------------------------
2021-08-10T12:30:44.369303900Z          (1) |   .8351454   .2191657    -0.69   0.492     .4993245    1.396823
2021-08-10T12:30:44.369317300Z ------------------------------------------------------------------------------
2021-08-10T12:30:44.372773900Z 
2021-08-10T12:30:44.372791800Z  ( 1)  3.kids_cat4 + 3o.kids_cat4#1b.ethnicity = 0
2021-08-10T12:30:44.373005100Z 
2021-08-10T12:30:44.383500800Z ------------------------------------------------------------------------------
2021-08-10T12:30:44.383523500Z           _t |     exp(b)   Std. Err.      z    P>|z|     [95% Conf. Interval]
2021-08-10T12:30:44.383529500Z -------------+----------------------------------------------------------------
2021-08-10T12:30:44.384390100Z          (1) |   .8834815   .1663754    -0.66   0.511     .6108027    1.277892
2021-08-10T12:30:44.384406300Z ------------------------------------------------------------------------------
2021-08-10T12:30:44.387990800Z 
2021-08-10T12:30:44.388009100Z  ( 1)  1.kids_cat4 + 1.kids_cat4#3.ethnicity = 0
2021-08-10T12:30:44.388175100Z 
2021-08-10T12:30:44.396973400Z ------------------------------------------------------------------------------
2021-08-10T12:30:44.406982500Z           _t |     exp(b)   Std. Err.      z    P>|z|     [95% Conf. Interval]
2021-08-10T12:30:44.406996900Z -------------+----------------------------------------------------------------
2021-08-10T12:30:44.407975500Z          (1) |    .597992   .2944212    -1.04   0.296     .2278277    1.569583
2021-08-10T12:30:44.407993900Z ------------------------------------------------------------------------------
2021-08-10T12:30:44.408482200Z kids_cat4
2021-08-10T12:30:44.408493100Z ****************
2021-08-10T12:30:44.410330000Z 
2021-08-10T12:30:44.410339000Z  ( 1)  2.kids_cat4 + 2.kids_cat4#3.ethnicity = 0
2021-08-10T12:30:44.410474700Z 
2021-08-10T12:30:44.416676300Z ------------------------------------------------------------------------------
2021-08-10T12:30:44.416700000Z           _t |     exp(b)   Std. Err.      z    P>|z|     [95% Conf. Interval]
2021-08-10T12:30:44.416706400Z -------------+----------------------------------------------------------------
2021-08-10T12:30:44.417143400Z          (1) |   .3015016   .2528408    -1.43   0.153      .058273    1.559953
2021-08-10T12:30:44.417167200Z ------------------------------------------------------------------------------
2021-08-10T12:30:44.419342900Z 
2021-08-10T12:30:44.419352800Z  ( 1)  3.kids_cat4 + 3.kids_cat4#3.ethnicity = 0
2021-08-10T12:30:44.419484800Z 
2021-08-10T12:30:44.426024100Z ------------------------------------------------------------------------------
2021-08-10T12:30:44.426041300Z           _t |     exp(b)   Std. Err.      z    P>|z|     [95% Conf. Interval]
2021-08-10T12:30:44.426045300Z -------------+----------------------------------------------------------------
2021-08-10T12:30:44.426468700Z          (1) |   .6327644   .2749556    -1.05   0.292     .2700031    1.482912
2021-08-10T12:30:44.426478700Z ------------------------------------------------------------------------------
2021-08-10T12:30:44.428759200Z 
2021-08-10T12:30:44.428769800Z  ( 1)  1.kids_cat4 + 1.kids_cat4#5.ethnicity = 0
2021-08-10T12:30:44.428896000Z 
2021-08-10T12:30:44.435962800Z ------------------------------------------------------------------------------
2021-08-10T12:30:44.435977300Z           _t |     exp(b)   Std. Err.      z    P>|z|     [95% Conf. Interval]
2021-08-10T12:30:44.435980700Z -------------+----------------------------------------------------------------
2021-08-10T12:30:44.436441000Z          (1) |   .8222908   .4667248    -0.34   0.730      .270328    2.501265
2021-08-10T12:30:44.436490200Z ------------------------------------------------------------------------------
2021-08-10T12:30:44.436905500Z kids_cat4
2021-08-10T12:30:44.436915300Z ****************
2021-08-10T12:30:44.439053800Z 
2021-08-10T12:30:44.439064900Z  ( 1)  2.kids_cat4 + 2.kids_cat4#5.ethnicity = 0
2021-08-10T12:30:44.439180300Z 
2021-08-10T12:30:44.445668000Z ------------------------------------------------------------------------------
2021-08-10T12:30:44.445678000Z           _t |     exp(b)   Std. Err.      z    P>|z|     [95% Conf. Interval]
2021-08-10T12:30:44.445681200Z -------------+----------------------------------------------------------------
2021-08-10T12:30:44.446129600Z          (1) |    4.09265   2.713117     2.13   0.034      1.11615    15.00676
2021-08-10T12:30:44.446139000Z ------------------------------------------------------------------------------
2021-08-10T12:30:44.448510100Z 
2021-08-10T12:30:44.448518500Z  ( 1)  3.kids_cat4 + 3.kids_cat4#5.ethnicity = 0
2021-08-10T12:30:44.448645100Z 
2021-08-10T12:30:44.455996400Z ------------------------------------------------------------------------------
2021-08-10T12:30:44.456016800Z           _t |     exp(b)   Std. Err.      z    P>|z|     [95% Conf. Interval]
2021-08-10T12:30:44.456022500Z -------------+----------------------------------------------------------------
2021-08-10T12:30:44.456571900Z          (1) |   1.046973   .5279754     0.09   0.927     .3896592    2.813104
2021-08-10T12:30:44.456582900Z ------------------------------------------------------------------------------
2021-08-10T12:30:44.457136900Z 
2021-08-10T12:30:44.457148500Z . log close
2021-08-10T12:30:44.457153400Z       name:  <unnamed>
2021-08-10T12:30:44.457157600Z        log:  /workspace/log/10_an_interaction_cox_models_ethcat_covid_icuMAIN.l
2021-08-10T12:30:44.457161600Z > og
2021-08-10T12:30:44.457165100Z   log type:  text
2021-08-10T12:30:44.457167700Z  closed on:  10 Aug 2021, 12:30:44
2021-08-10T12:30:44.457178200Z -------------------------------------------------------------------------------
2021-08-10T12:30:44.457180900Z 
2021-08-10T12:30:44.457183000Z . 
2021-08-10T12:30:44.457185200Z . exit, clear 
2021-08-10T12:30:44.457187300Z 
2021-08-10T12:30:44.457189400Z end of do-file
2021-08-10T12:30:44.457191500Z 
2021-08-10T12:30:44.457193700Z . . file open output using "/tmp/tmp.lQ9jYNuxCK", write text replace
2021-08-10T12:30:44.457259700Z 
2021-08-10T12:30:44.457267500Z . . file write output "success" 
2021-08-10T12:30:44.457270300Z 
2021-08-10T12:30:44.457272500Z . . file close output
2021-08-10T12:30:44.457274700Z 
2021-08-10T12:30:44.457276800Z . 
2021-08-10T12:30:44.457279100Z end of do-file
2021-08-10T12:30:44.457281400Z 
2021-08-10T12:30:44.457283600Z 
2021-08-10T12:30:44.478333500Z . 

state: succeeded
commit: None
docker_image_id: sha256:11980aa720220a1b39bf523f5a8a33270214c13876c30ee364e16265766f7f60
exit_code: 0
job_id: o5kkg3uhm6ppfgg4
run_by_user: qc18278
created_at: 2021-08-10T12:29:15Z
started_at: 2021-08-10T12:30:22Z
completed_at: 2021-08-10T12:30:52Z

Completed successfully

outputs:
  log/10_an_interaction_cox_models_ethcat_covid_icuMAIN.log                                                                   - moderately_sensitive
  output/an_interaction_cox_models_covid_icu_kids_cat4_ethnicity_MAINFULLYADJMODEL_agespline_bmicat_noeth_ageband_0MAIN.ster  - moderately_sensitive
  output/an_interaction_cox_models_covid_icu_kids_cat4_ethnicity_MAINFULLYADJMODEL_agespline_bmicat_noeth_ageband_1MAIN.ster  - moderately_sensitive