2021-07-20T16:04:10.047034600Z 
2021-07-20T16:04:10.047064800Z   ___  ____  ____  ____  ____ (R)
2021-07-20T16:04:10.047070200Z  /__    /   ____/   /   ____/
2021-07-20T16:04:10.047073600Z ___/   /   /___/   /   /___/   16.1   Copyright 1985-2019 StataCorp LLC
2021-07-20T16:04:10.047076900Z   Statistics/Data Analysis            StataCorp
2021-07-20T16:04:10.047080000Z                                       4905 Lakeway Drive
2021-07-20T16:04:10.047083600Z                                       College Station, Texas 77845 USA
2021-07-20T16:04:10.047086900Z                                       800-STATA-PC        http://www.stata.com
2021-07-20T16:04:10.047090100Z                                       979-696-4600        stata@stata.com
2021-07-20T16:04:10.047093100Z                                       979-696-4601 (fax)
2021-07-20T16:04:10.047096200Z 
2021-07-20T16:04:10.047099000Z 3-user Stata network license expires 11 May 2022:
2021-07-20T16:04:10.047102100Z        Serial number:  501709312237
2021-07-20T16:04:10.047105100Z          Licensed to:  The Bennett Institute
2021-07-20T16:04:10.047108300Z                        Oxford University
2021-07-20T16:04:10.047750300Z 
2021-07-20T16:04:10.047765500Z Notes:
2021-07-20T16:04:10.047769700Z       1.  Unicode is supported; see help unicode_advice.
2021-07-20T16:04:10.047773000Z 
2021-07-20T16:04:10.047775900Z . do "analysis/10_an_interaction_cox_models_ethnicity_strat.wrapper.do" covid_i
2021-07-20T16:04:10.047779400Z > cu W2 
2021-07-20T16:04:10.047782900Z 
2021-07-20T16:04:10.047786600Z . . do "analysis/10_an_interaction_cox_models_ethnicity_strat.do" covid_icu W2
2021-07-20T16:04:10.047790500Z 
2021-07-20T16:04:10.047793700Z . *****************************************************************************
2021-07-20T16:04:10.047797200Z > ***
2021-07-20T16:04:10.047800100Z . *
2021-07-20T16:04:10.047803000Z . *       Do-file:                10_an_interaction_cox_models_weeks.do
2021-07-20T16:04:10.047806000Z . *
2021-07-20T16:04:10.047808900Z . *       Project:                Exposure children and COVID risk
2021-07-20T16:04:10.047812300Z . *
2021-07-20T16:04:10.047815000Z . *       Programmed by:  Hforbes, based on files from Fizz & Krishnan
2021-07-20T16:04:10.047817900Z . *
2021-07-20T16:04:10.047820600Z . *       Data used:              analysis_dataset.dta
2021-07-20T16:04:10.047824000Z . *
2021-07-20T16:04:10.047828500Z . *       Data created:   None
2021-07-20T16:04:10.047831600Z . *
2021-07-20T16:04:10.047834600Z . *       Other output:   Log file:  10_an_interaction_cox_models.log
2021-07-20T16:04:10.047838300Z . *
2021-07-20T16:04:10.047841500Z . *****************************************************************************
2021-07-20T16:04:10.047855600Z > ***
2021-07-20T16:04:10.047859800Z . *
2021-07-20T16:04:10.047863200Z . *       Purpose:                This do-file performs multivariable (fully ad
2021-07-20T16:04:10.047866600Z > justed)
2021-07-20T16:04:10.047869900Z . *                                       Cox models, with an interaction by we
2021-07-20T16:04:10.047873200Z > ek of pandemic.
2021-07-20T16:04:10.047876600Z . *
2021-07-20T16:04:10.047879800Z . *****************************************************************************
2021-07-20T16:04:10.047883100Z > ***
2021-07-20T16:04:10.047886200Z . *
2021-07-20T16:04:10.047889000Z . *       Stata routines needed:  stbrier
2021-07-20T16:04:10.047913300Z . *
2021-07-20T16:04:10.047918400Z . *****************************************************************************
2021-07-20T16:04:10.047921400Z > ***
2021-07-20T16:04:10.047924400Z . 
2021-07-20T16:04:10.047927400Z . 
2021-07-20T16:04:10.047930600Z . * Set globals that will print in programs and direct output
2021-07-20T16:04:10.047934000Z . global outdir     "output"
2021-07-20T16:04:10.047960500Z 
2021-07-20T16:04:10.047967900Z . global logdir     "log"
2021-07-20T16:04:10.047971600Z 
2021-07-20T16:04:10.047974900Z . global tempdir    "tempdata"
2021-07-20T16:04:10.047978200Z 
2021-07-20T16:04:10.047981000Z . global demogadjlist  age1 age2 age3 i.male i.ethnicity  i.obese4cat i.smoke_n
2021-07-20T16:04:10.047984700Z > omiss i.imd i.tot_adults_hh
2021-07-20T16:04:10.047988600Z 
2021-07-20T16:04:10.047992000Z . global comordidadjlist  i.htdiag_or_highbp                              ///
2021-07-20T16:04:10.047995400Z >                         i.chronic_respiratory_disease   ///
2021-07-20T16:04:10.047998900Z >                         i.asthma                                             
2021-07-20T16:04:10.048002100Z >    ///
2021-07-20T16:04:10.048005200Z >                         i.chronic_cardiac_disease               ///
2021-07-20T16:04:10.048008400Z >                         i.diabcat                                            
2021-07-20T16:04:10.048011600Z >    ///
2021-07-20T16:04:10.048014900Z >                         i.cancer_exhaem_cat                             ///
2021-07-20T16:04:10.048018100Z >                         i.cancer_haem_cat                               ///
2021-07-20T16:04:10.048021600Z >                         i.chronic_liver_disease                 ///
2021-07-20T16:04:10.048024900Z >                         i.stroke_dementia                               ///
2021-07-20T16:04:10.048033800Z >                         i.other_neuro                                   ///
2021-07-20T16:04:10.048037200Z >                         i.reduced_kidney_function_cat   ///
2021-07-20T16:04:10.048040300Z >                         i.esrd                                               
2021-07-20T16:04:10.048043400Z >    ///
2021-07-20T16:04:10.048047300Z >                         i.other_transplant                              ///
2021-07-20T16:04:10.048050600Z >                         i.asplenia                                           
2021-07-20T16:04:10.048054100Z >    ///
2021-07-20T16:04:10.048057300Z >                         i.ra_sle_psoriasis                      ///
2021-07-20T16:04:10.048060400Z >                         i.other_immuno
2021-07-20T16:04:10.048063400Z 
2021-07-20T16:04:10.048066300Z . local outcome `1' 
2021-07-20T16:04:10.048069300Z 
2021-07-20T16:04:10.048072500Z . local dataset `2'
2021-07-20T16:04:10.048075800Z 
2021-07-20T16:04:10.048078900Z . 
2021-07-20T16:04:10.048082100Z . 
2021-07-20T16:04:10.048085100Z . *****************************************************************************
2021-07-20T16:04:10.048088400Z > *******
2021-07-20T16:04:10.048092500Z . *First clean up all old saved estimates for this outcome
2021-07-20T16:04:10.048096100Z . *This is to guard against accidentally displaying left-behind results from ol
2021-07-20T16:04:10.048099600Z > d runs
2021-07-20T16:04:10.048102900Z . *****************************************************************************
2021-07-20T16:04:10.048106500Z > *******
2021-07-20T16:04:10.048109800Z . log using "$logdir/10_an_interaction_cox_models_ethcat_`outcome'`dataset'", t
2021-07-20T16:04:10.048113300Z > ext replace
2021-07-20T16:04:10.048116900Z (note: file /workspace/log/10_an_interaction_cox_models_ethcat_covid_icuW2.log 
2021-07-20T16:04:10.048120200Z > not found)
2021-07-20T16:04:10.048210000Z -------------------------------------------------------------------------------
2021-07-20T16:04:10.048220700Z       name:  <unnamed>
2021-07-20T16:04:10.048225500Z        log:  /workspace/log/10_an_interaction_cox_models_ethcat_covid_icuW2.log
2021-07-20T16:04:10.048229300Z   log type:  text
2021-07-20T16:04:10.048232400Z  opened on:  20 Jul 2021, 16:04:10
2021-07-20T16:04:10.048235700Z 
2021-07-20T16:04:10.048238900Z . 
2021-07-20T16:04:10.048241900Z . *****************************************************************************
2021-07-20T16:04:10.048245100Z > ********
2021-07-20T16:04:10.048248400Z . * Open dataset and fit specified model(s)
2021-07-20T16:04:10.048251700Z . forvalues x=0/1 {
2021-07-20T16:04:10.048263300Z   2. 
2021-07-20T16:04:10.048267200Z . use "$tempdir/cr_create_analysis_dataset_STSET_`outcome'_ageband_`x'`dataset'
2021-07-20T16:04:10.048271000Z > .dta", clear
2021-07-20T16:04:10.048274600Z   3. 
2021-07-20T16:04:10.048278000Z . safetab ethnicity `outcome'
2021-07-20T16:04:10.048281400Z   4. levelsof ethnicity, local(levels)
2021-07-20T16:04:10.048285100Z   5. 
2021-07-20T16:04:10.048288800Z . 
2021-07-20T16:04:10.048293500Z . 
2021-07-20T16:04:10.048448100Z . *Age spline model (not adj ethnicity, interaction)
2021-07-20T16:04:10.048484600Z . stcox i.kids_cat4##i.ethnicity                                               
2021-07-20T16:04:10.048491300Z >                    ///
2021-07-20T16:04:10.048495300Z >                         $demogadjlist                                        
2021-07-20T16:04:10.048498900Z >            ///
2021-07-20T16:04:10.048502200Z >                         $comordidadjlist                                     
2021-07-20T16:04:10.048505400Z >            ///
2021-07-20T16:04:10.048508700Z >                         , strata(stp) vce(cluster household_id)
2021-07-20T16:04:10.048512300Z   6.                         estimates save ./output/an_interaction_cox_models_
2021-07-20T16:04:10.048515900Z > `outcome'_kids_cat4_ethnicity_MAINFULLYADJMODEL_agespline_bmicat_noeth_ageban
2021-07-20T16:04:10.048519300Z > d_`x'`dataset', replace
2021-07-20T16:04:10.048522600Z   7. foreach l of local levels {
2021-07-20T16:04:10.048525800Z   8. if _rc==0 {
2021-07-20T16:04:10.048529000Z   9. *testparm `ethcat'.ethnicity#i.kids_cat4
2021-07-20T16:04:10.048532400Z . *di _n "kids_cat4 " _n "****************"
2021-07-20T16:04:10.048535800Z . lincom 1.kids_cat4 + `l'.ethnicity#1.kids_cat4, eform
2021-07-20T16:04:10.048539200Z  10. di "kids_cat4" _n "****************"
2021-07-20T16:04:10.048542800Z  11. lincom 2.kids_cat4 + `l'.ethnicity#2.kids_cat4, eform
2021-07-20T16:04:10.048546500Z  12. lincom 3.kids_cat4 + `l'.ethnicity#3.kids_cat4, eform
2021-07-20T16:04:10.048550100Z  13. 
2021-07-20T16:04:10.048553800Z . }
2021-07-20T16:04:10.048558400Z  14. *else di "WARNING GROUP MODEL DID NOT FIT (OUTCOME `outcome')"
2021-07-20T16:04:10.048562600Z . }
2021-07-20T16:04:10.048565200Z  15. }
2021-07-20T16:04:10.052267000Z 0
2021-07-20T16:04:10.059247600Z 
2021-07-20T16:04:10.059261100Z                       |   Failure/censoring
2021-07-20T16:04:10.059263600Z                       |     indicator for
2021-07-20T16:04:10.059265700Z                       |  outcome: covid icu
2021-07-20T16:04:10.059267700Z             Ethnicity |         0          1 |     Total
2021-07-20T16:04:10.059278000Z ----------------------+----------------------+----------
2021-07-20T16:04:10.059280400Z                 White |     9,469      3,474 |    12,943 
2021-07-20T16:04:10.059282500Z Asian or Asian Britis |     1,205        464 |     1,669 
2021-07-20T16:04:10.059284600Z                 Other |     1,187        436 |     1,623 
2021-07-20T16:04:10.059286600Z ----------------------+----------------------+----------
2021-07-20T16:04:10.059288600Z                 Total |    11,861      4,374 |    16,235 
2021-07-20T16:04:10.066328900Z 1 3 5
2021-07-20T16:04:10.076979100Z 
2021-07-20T16:04:10.077014300Z          failure _d:  covid_icu
2021-07-20T16:04:10.077019500Z    analysis time _t:  (stime_covid_icu-origin)
2021-07-20T16:04:10.077023400Z              origin:  time enter_date
2021-07-20T16:04:10.077027100Z   enter on or after:  time enter_date
2021-07-20T16:04:10.077030700Z                  id:  patient_id
2021-07-20T16:04:10.570321000Z 
2021-07-20T16:04:10.570342700Z Iteration 0:   log pseudolikelihood = -31168.565
2021-07-20T16:04:10.767935500Z Iteration 1:   log pseudolikelihood = -31144.364
2021-07-20T16:04:10.959255200Z Iteration 2:   log pseudolikelihood = -31142.261
2021-07-20T16:04:11.122336400Z Iteration 3:   log pseudolikelihood =  -31142.14
2021-07-20T16:04:11.327987500Z Iteration 4:   log pseudolikelihood = -31142.139
2021-07-20T16:04:11.533388000Z Iteration 5:   log pseudolikelihood = -31142.139
2021-07-20T16:04:11.533407800Z Refining estimates:
2021-07-20T16:04:12.421918600Z Iteration 0:   log pseudolikelihood = -31142.139
2021-07-20T16:04:18.654688600Z 
2021-07-20T16:04:18.654714800Z Stratified Cox regr. -- Breslow method for ties
2021-07-20T16:04:18.654874900Z 
2021-07-20T16:04:18.654890800Z No. of subjects      =       16,235             Number of obs    =      16,235
2021-07-20T16:04:18.654896900Z No. of failures      =        4,374
2021-07-20T16:04:18.654901700Z Time at risk         =      1325984
2021-07-20T16:04:18.654905900Z                                                 Wald chi2(48)    =       50.24
2021-07-20T16:04:18.655068300Z Log pseudolikelihood =   -31142.139             Prob > chi2      =      0.3849
2021-07-20T16:04:18.655080800Z 
2021-07-20T16:04:18.828761800Z                        (Std. Err. adjusted for 1,121 clusters in household_id)
2021-07-20T16:04:18.828798500Z ------------------------------------------------------------------------------
2021-07-20T16:04:18.828808100Z              |               Robust
2021-07-20T16:04:18.828814900Z           _t | Haz. Ratio   Std. Err.      z    P>|z|     [95% Conf. Interval]
2021-07-20T16:04:18.828821400Z -------------+----------------------------------------------------------------
2021-07-20T16:04:18.828842500Z    kids_cat4 |
2021-07-20T16:04:18.840389000Z only <12 ..  |   1.134417   .1548214     0.92   0.355     .8681674    1.482319
2021-07-20T16:04:18.840643900Z  only 12-18  |   1.132721   .2078325     0.68   0.497      .790576    1.622938
2021-07-20T16:04:18.841053000Z       mixed  |   1.050862   .1368515     0.38   0.703     .8141335    1.356425
2021-07-20T16:04:18.841071300Z              |
2021-07-20T16:04:18.841078000Z    ethnicity |
2021-07-20T16:04:18.841132000Z Asian or ..  |   1.157289   .3189369     0.53   0.596     .6743102    1.986206
2021-07-20T16:04:18.841996400Z       Other  |   1.363726   .3339635     1.27   0.205     .8438712    2.203831
2021-07-20T16:04:18.842015000Z              |
2021-07-20T16:04:18.842021600Z    kids_cat4#|
2021-07-20T16:04:18.842026900Z    ethnicity |
2021-07-20T16:04:18.842031600Z only <12 .. #|
2021-07-20T16:04:18.842489900Z Asian or ..  |   .9137251   .2832825    -0.29   0.771     .4976422    1.677698
2021-07-20T16:04:18.842508400Z only <12 .. #|
2021-07-20T16:04:18.842786900Z       Other  |   .6249511   .1833423    -1.60   0.109     .3516644    1.110615
2021-07-20T16:04:18.842803500Z  only 12-18 #|
2021-07-20T16:04:18.843163400Z Asian or ..  |   .2503358    .158682    -2.18   0.029     .0722714    .8671212
2021-07-20T16:04:18.843181000Z  only 12-18 #|
2021-07-20T16:04:18.843573000Z       Other  |    .715285   .2834818    -0.85   0.398     .3289507    1.555347
2021-07-20T16:04:18.843591500Z       mixed #|
2021-07-20T16:04:18.843845900Z Asian or ..  |   .9059336   .2548041    -0.35   0.725      .522019    1.572195
2021-07-20T16:04:18.844222100Z mixed#Other  |   .7414645   .1866684    -1.19   0.235     .4526838    1.214467
2021-07-20T16:04:18.844240200Z              |
2021-07-20T16:04:18.844410300Z         age1 |   1.000845   .0059251     0.14   0.887     .9892988    1.012525
2021-07-20T16:04:18.844807100Z         age2 |   1.006971   .0182692     0.38   0.702     .9717935    1.043422
2021-07-20T16:04:18.845178800Z         age3 |   .9775794   .0486726    -0.46   0.649     .8866897    1.077786
2021-07-20T16:04:18.845559400Z       1.male |   .9983966   .0306355    -0.05   0.958      .940122    1.060283
2021-07-20T16:04:18.845579200Z              |
2021-07-20T16:04:18.845586100Z    obese4cat |
2021-07-20T16:04:18.845795900Z Obese I ..)  |    .927135   .0420351    -1.67   0.095     .8483023    1.013294
2021-07-20T16:04:18.846116300Z Obese II..)  |   1.002315   .0535935     0.04   0.966     .9025904    1.113058
2021-07-20T16:04:18.846554300Z Obese II..)  |   .9933337   .0631956    -0.11   0.916     .8768837    1.125248
2021-07-20T16:04:18.846575000Z              |
2021-07-20T16:04:18.846581100Z smoke_nomiss |
2021-07-20T16:04:18.847245400Z      Former  |   .8590286   .1000105    -1.31   0.192     .6837674    1.079212
2021-07-20T16:04:18.847596100Z     Current  |   .9485067    .047019    -1.07   0.286     .8606865    1.045288
2021-07-20T16:04:18.847614700Z              |
2021-07-20T16:04:18.847621700Z          imd |
2021-07-20T16:04:18.847922400Z           4  |   .9775777   .0381485    -0.58   0.561      .905596    1.055281
2021-07-20T16:04:18.848341900Z 5 most de..  |   .9722785   .0511527    -0.53   0.593     .8770169    1.077887
2021-07-20T16:04:18.848401600Z              |
2021-07-20T16:04:18.848450100Z tot_adults~h |
2021-07-20T16:04:18.848675000Z           2  |   1.319546   .3225021     1.13   0.257     .8173113    2.130401
2021-07-20T16:04:18.849092800Z           3  |   1.221014   .2631542     0.93   0.354     .8003298    1.862827
2021-07-20T16:04:18.849106900Z              |
2021-07-20T16:04:18.849544300Z 1.htdiag_o~p |   1.035308   .0582491     0.62   0.537     .9272111    1.156006
2021-07-20T16:04:18.849758000Z 1.~y_disease |   1.000215     .03667     0.01   0.995     .9308648    1.074732
2021-07-20T16:04:18.849999100Z     1.asthma |   1.003205   .0555037     0.06   0.954     .9001104    1.118108
2021-07-20T16:04:18.850280600Z 1.~c_disease |   .9425136   .0361917    -1.54   0.123     .8741828    1.016185
2021-07-20T16:04:18.850288900Z              |
2021-07-20T16:04:18.850291600Z      diabcat |
2021-07-20T16:04:18.850503500Z T1DM, con..  |    1.08912   .1034279     0.90   0.369     .9041524    1.311927
2021-07-20T16:04:18.850850200Z T1DM, unc..  |   .8018955   .1653228    -1.07   0.284     .5353401    1.201174
2021-07-20T16:04:18.851188100Z T2DM, con..  |    1.06821   .0416947     1.69   0.091     .9895371    1.153137
2021-07-20T16:04:18.851731500Z T2DM, unc..  |   .9609504   .0812328    -0.47   0.637     .8142274    1.134113
2021-07-20T16:04:18.852030200Z Diabetes,..  |   2.740353   1.241612     2.22   0.026     1.127561     6.65998
2021-07-20T16:04:18.852043500Z              |
2021-07-20T16:04:18.852047900Z cancer_exh~t |
2021-07-20T16:04:18.852453600Z   Last year  |   .5142061   .1766123    -1.94   0.053      .262288    1.008082
2021-07-20T16:04:18.852790600Z 2-5 years..  |   1.107281   .1288554     0.88   0.381     .8814602    1.390955
2021-07-20T16:04:18.853027700Z    5+ years  |   .9401035   .0410983    -1.41   0.158     .8629068    1.024206
2021-07-20T16:04:18.853039400Z              |
2021-07-20T16:04:18.853044300Z cancer_hae~t |
2021-07-20T16:04:18.853357000Z   Last year  |   .6734815   .1895438    -1.40   0.160       .38794    1.169194
2021-07-20T16:04:18.853545300Z 2-5 years..  |    1.22787   .1379313     1.83   0.068     .9852207     1.53028
2021-07-20T16:04:18.853862300Z    5+ years  |   .9789974   .0388199    -0.54   0.592     .9057932    1.058118
2021-07-20T16:04:18.853874300Z              |
2021-07-20T16:04:18.854192800Z 1.~r_disease |   .9845451   .0372664    -0.41   0.681     .9141478    1.060364
2021-07-20T16:04:18.854438200Z 1.stroke_d~a |   .9857284   .0371973    -0.38   0.703     .9154539    1.061398
2021-07-20T16:04:18.854747300Z 1.other_ne~o |   .9877557   .0361791    -0.34   0.737     .9193315    1.061273
2021-07-20T16:04:18.854758400Z              |
2021-07-20T16:04:18.854761400Z reduced_ki~t |
2021-07-20T16:04:18.854986800Z Stage 3a/..  |   1.005664   .2581032     0.02   0.982     .6081246    1.663081
2021-07-20T16:04:18.855249300Z       1.esrd |   1.006185   .0319295     0.19   0.846     .9455109    1.070753
2021-07-20T16:04:18.855462200Z 1.other_tr~t |   1.004784   .0381372     0.13   0.900     .9327493    1.082382
2021-07-20T16:04:18.855686200Z   1.asplenia |   .9856158   .0362091    -0.39   0.693     .9171421    1.059202
2021-07-20T16:04:18.855962800Z 1.ra_sle_p~s |   1.034453   .0413815     0.85   0.397     .9564445    1.118823
2021-07-20T16:04:18.866750800Z 1.other_im~o |   1.062077   .0343462     1.86   0.063     .9968491    1.131574
2021-07-20T16:04:18.866773400Z ------------------------------------------------------------------------------
2021-07-20T16:04:18.867346200Z                                                              Stratified by stp
2021-07-20T16:04:18.893168600Z (note: file ./output/an_interaction_cox_models_covid_icu_kids_cat4_ethnicity_MA
2021-07-20T16:04:18.893189600Z > INFULLYADJMODEL_agespline_bmicat_noeth_ageband_0W2.ster not found)
2021-07-20T16:04:18.893194500Z file ./output/an_interaction_cox_models_covid_icu_kids_cat4_ethnicity_MAINFULLY
2021-07-20T16:04:18.893198400Z > ADJMODEL_agespline_bmicat_noeth_ageband_0W2.ster saved
2021-07-20T16:04:18.895709400Z 
2021-07-20T16:04:18.895730000Z  ( 1)  1.kids_cat4 + 1o.kids_cat4#1b.ethnicity = 0
2021-07-20T16:04:18.895908400Z 
2021-07-20T16:04:18.906099900Z ------------------------------------------------------------------------------
2021-07-20T16:04:18.906123700Z           _t |     exp(b)   Std. Err.      z    P>|z|     [95% Conf. Interval]
2021-07-20T16:04:18.906129700Z -------------+----------------------------------------------------------------
2021-07-20T16:04:18.906927400Z          (1) |   1.134417   .1548214     0.92   0.355     .8681674    1.482319
2021-07-20T16:04:18.906942700Z ------------------------------------------------------------------------------
2021-07-20T16:04:18.907733800Z kids_cat4
2021-07-20T16:04:18.907747200Z ****************
2021-07-20T16:04:18.909961200Z 
2021-07-20T16:04:18.909977200Z  ( 1)  2.kids_cat4 + 2o.kids_cat4#1b.ethnicity = 0
2021-07-20T16:04:18.909981000Z 
2021-07-20T16:04:18.916220600Z ------------------------------------------------------------------------------
2021-07-20T16:04:18.916280700Z           _t |     exp(b)   Std. Err.      z    P>|z|     [95% Conf. Interval]
2021-07-20T16:04:18.916291800Z -------------+----------------------------------------------------------------
2021-07-20T16:04:18.916772600Z          (1) |   1.132721   .2078325     0.68   0.497      .790576    1.622938
2021-07-20T16:04:18.916787600Z ------------------------------------------------------------------------------
2021-07-20T16:04:18.919348100Z 
2021-07-20T16:04:18.919367800Z  ( 1)  3.kids_cat4 + 3o.kids_cat4#1b.ethnicity = 0
2021-07-20T16:04:18.919479400Z 
2021-07-20T16:04:18.925871300Z ------------------------------------------------------------------------------
2021-07-20T16:04:18.925892300Z           _t |     exp(b)   Std. Err.      z    P>|z|     [95% Conf. Interval]
2021-07-20T16:04:18.925897500Z -------------+----------------------------------------------------------------
2021-07-20T16:04:18.926965800Z          (1) |   1.050862   .1368515     0.38   0.703     .8141335    1.356425
2021-07-20T16:04:18.926982600Z ------------------------------------------------------------------------------
2021-07-20T16:04:18.930159700Z 
2021-07-20T16:04:18.930178300Z  ( 1)  1.kids_cat4 + 1.kids_cat4#3.ethnicity = 0
2021-07-20T16:04:18.930487200Z 
2021-07-20T16:04:18.940200500Z ------------------------------------------------------------------------------
2021-07-20T16:04:18.940220400Z           _t |     exp(b)   Std. Err.      z    P>|z|     [95% Conf. Interval]
2021-07-20T16:04:18.940224000Z -------------+----------------------------------------------------------------
2021-07-20T16:04:18.940794400Z          (1) |   1.036545   .2791461     0.13   0.894     .6114428    1.757197
2021-07-20T16:04:18.940806800Z ------------------------------------------------------------------------------
2021-07-20T16:04:18.941803500Z kids_cat4
2021-07-20T16:04:18.941815600Z ****************
2021-07-20T16:04:18.944572100Z 
2021-07-20T16:04:18.944589100Z  ( 1)  2.kids_cat4 + 2.kids_cat4#3.ethnicity = 0
2021-07-20T16:04:18.944813200Z 
2021-07-20T16:04:18.954301200Z ------------------------------------------------------------------------------
2021-07-20T16:04:18.954324800Z           _t |     exp(b)   Std. Err.      z    P>|z|     [95% Conf. Interval]
2021-07-20T16:04:18.954331400Z -------------+----------------------------------------------------------------
2021-07-20T16:04:18.954790500Z          (1) |   .2835605   .1746777    -2.05   0.041     .0847798    .9484168
2021-07-20T16:04:18.954807300Z ------------------------------------------------------------------------------
2021-07-20T16:04:18.957591500Z 
2021-07-20T16:04:18.957614100Z  ( 1)  3.kids_cat4 + 3.kids_cat4#3.ethnicity = 0
2021-07-20T16:04:18.957771300Z 
2021-07-20T16:04:18.966216200Z ------------------------------------------------------------------------------
2021-07-20T16:04:18.966268400Z           _t |     exp(b)   Std. Err.      z    P>|z|     [95% Conf. Interval]
2021-07-20T16:04:18.966281600Z -------------+----------------------------------------------------------------
2021-07-20T16:04:18.966677800Z          (1) |   .9520113   .2294863    -0.20   0.838     .5935487     1.52696
2021-07-20T16:04:18.966689100Z ------------------------------------------------------------------------------
2021-07-20T16:04:18.969988500Z 
2021-07-20T16:04:18.970019900Z  ( 1)  1.kids_cat4 + 1.kids_cat4#5.ethnicity = 0
2021-07-20T16:04:18.970195900Z 
2021-07-20T16:04:18.976973600Z ------------------------------------------------------------------------------
2021-07-20T16:04:18.976995000Z           _t |     exp(b)   Std. Err.      z    P>|z|     [95% Conf. Interval]
2021-07-20T16:04:18.977000600Z -------------+----------------------------------------------------------------
2021-07-20T16:04:18.977469500Z          (1) |    .708955   .1986934    -1.23   0.220     .4093161    1.227944
2021-07-20T16:04:18.977482800Z ------------------------------------------------------------------------------
2021-07-20T16:04:18.978231000Z kids_cat4
2021-07-20T16:04:18.978243000Z ****************
2021-07-20T16:04:18.980317000Z 
2021-07-20T16:04:18.980335300Z  ( 1)  2.kids_cat4 + 2.kids_cat4#5.ethnicity = 0
2021-07-20T16:04:18.980344800Z 
2021-07-20T16:04:18.988860600Z ------------------------------------------------------------------------------
2021-07-20T16:04:18.988896600Z           _t |     exp(b)   Std. Err.      z    P>|z|     [95% Conf. Interval]
2021-07-20T16:04:18.988902200Z -------------+----------------------------------------------------------------
2021-07-20T16:04:18.989452800Z          (1) |   .8102181   .2932083    -0.58   0.561     .3986228    1.646803
2021-07-20T16:04:18.989467600Z ------------------------------------------------------------------------------
2021-07-20T16:04:18.991705500Z 
2021-07-20T16:04:18.991719000Z  ( 1)  3.kids_cat4 + 3.kids_cat4#5.ethnicity = 0
2021-07-20T16:04:18.991852100Z 
2021-07-20T16:04:18.998833100Z ------------------------------------------------------------------------------
2021-07-20T16:04:18.998854900Z           _t |     exp(b)   Std. Err.      z    P>|z|     [95% Conf. Interval]
2021-07-20T16:04:18.998860500Z -------------+----------------------------------------------------------------
2021-07-20T16:04:18.999287700Z          (1) |   .7791769   .1873445    -1.04   0.299     .4863782     1.24824
2021-07-20T16:04:18.999299700Z ------------------------------------------------------------------------------
2021-07-20T16:04:19.000734200Z 0
2021-07-20T16:04:19.002873600Z 
2021-07-20T16:04:19.003018800Z                       |   Failure/censoring
2021-07-20T16:04:19.003026100Z                       |     indicator for
2021-07-20T16:04:19.003029600Z                       |  outcome: covid icu
2021-07-20T16:04:19.003032800Z             Ethnicity |         0          1 |     Total
2021-07-20T16:04:19.003044500Z ----------------------+----------------------+----------
2021-07-20T16:04:19.003048200Z                 White |     2,617        964 |     3,581 
2021-07-20T16:04:19.003051400Z Asian or Asian Britis |       327        144 |       471 
2021-07-20T16:04:19.003054900Z                 Other |       328        116 |       444 
2021-07-20T16:04:19.003058200Z ----------------------+----------------------+----------
2021-07-20T16:04:19.003467700Z                 Total |     3,272      1,224 |     4,496 
2021-07-20T16:04:19.004863700Z 1 3 5
2021-07-20T16:04:19.012096200Z 
2021-07-20T16:04:19.012114700Z          failure _d:  covid_icu
2021-07-20T16:04:19.012120000Z    analysis time _t:  (stime_covid_icu-origin)
2021-07-20T16:04:19.012123300Z              origin:  time enter_date
2021-07-20T16:04:19.012125600Z   enter on or after:  time enter_date
2021-07-20T16:04:19.012127800Z                  id:  patient_id
2021-07-20T16:04:19.178512700Z 
2021-07-20T16:04:19.178538000Z Iteration 0:   log pseudolikelihood = -7157.1631
2021-07-20T16:04:19.250135500Z Iteration 1:   log pseudolikelihood = -7136.6687
2021-07-20T16:04:19.324213500Z Iteration 2:   log pseudolikelihood = -7135.6173
2021-07-20T16:04:19.401511300Z Iteration 3:   log pseudolikelihood = -7135.6066
2021-07-20T16:04:19.470312500Z Iteration 4:   log pseudolikelihood = -7135.6066
2021-07-20T16:04:19.470348700Z Refining estimates:
2021-07-20T16:04:19.764008600Z Iteration 0:   log pseudolikelihood = -7135.6066
2021-07-20T16:04:20.830549400Z 
2021-07-20T16:04:20.830569700Z Stratified Cox regr. -- Breslow method for ties
2021-07-20T16:04:20.830573500Z 
2021-07-20T16:04:20.830576100Z No. of subjects      =        4,496             Number of obs    =       4,496
2021-07-20T16:04:20.830578900Z No. of failures      =        1,224
2021-07-20T16:04:20.830581700Z Time at risk         =       367117
2021-07-20T16:04:20.830584200Z                                                 Wald chi2(48)    =       46.27
2021-07-20T16:04:20.830586900Z Log pseudolikelihood =   -7135.6066             Prob > chi2      =      0.5439
2021-07-20T16:04:20.830589900Z 
2021-07-20T16:04:20.843253900Z                          (Std. Err. adjusted for 912 clusters in household_id)
2021-07-20T16:04:20.843281000Z ------------------------------------------------------------------------------
2021-07-20T16:04:20.843286600Z              |               Robust
2021-07-20T16:04:20.843291100Z           _t | Haz. Ratio   Std. Err.      z    P>|z|     [95% Conf. Interval]
2021-07-20T16:04:20.843295700Z -------------+----------------------------------------------------------------
2021-07-20T16:04:20.843300100Z    kids_cat4 |
2021-07-20T16:04:20.843356900Z only <12 ..  |   .8145399   .1945353    -0.86   0.390     .5100599    1.300779
2021-07-20T16:04:20.843649100Z  only 12-18  |   .9469867   .2952942    -0.17   0.861     .5139464    1.744897
2021-07-20T16:04:20.843868000Z       mixed  |   .9451689   .2093831    -0.25   0.799     .6122698     1.45907
2021-07-20T16:04:20.843891900Z              |
2021-07-20T16:04:20.843898200Z    ethnicity |
2021-07-20T16:04:20.844142300Z Asian or ..  |   1.187411    .880555     0.23   0.817     .2775688    5.079621
2021-07-20T16:04:20.844625100Z       Other  |   .5952992   .4299591    -0.72   0.473     .1445269    2.452007
2021-07-20T16:04:20.844637400Z              |
2021-07-20T16:04:20.844642200Z    kids_cat4#|
2021-07-20T16:04:20.844646500Z    ethnicity |
2021-07-20T16:04:20.844650300Z only <12 .. #|
2021-07-20T16:04:20.844801700Z Asian or ..  |   1.646055   1.299006     0.63   0.528     .3505156    7.730032
2021-07-20T16:04:20.844814800Z only <12 .. #|
2021-07-20T16:04:20.845084000Z       Other  |   2.806258   2.123297     1.36   0.173     .6369182    12.36436
2021-07-20T16:04:20.845096800Z  only 12-18 #|
2021-07-20T16:04:20.845310800Z Asian or ..  |    .419788   .5389292    -0.68   0.499     .0339037    5.197726
2021-07-20T16:04:20.845323600Z  only 12-18 #|
2021-07-20T16:04:20.845634000Z       Other  |   .5112503   .6521639    -0.53   0.599     .0419584    6.229424
2021-07-20T16:04:20.845646400Z       mixed #|
2021-07-20T16:04:20.845960000Z Asian or ..  |   .9253329   .6926119    -0.10   0.917     .2133897     4.01257
2021-07-20T16:04:20.846119100Z mixed#Other  |   1.555741   1.136127     0.61   0.545     .3718105    6.509581
2021-07-20T16:04:20.846131100Z              |
2021-07-20T16:04:20.846479500Z         age1 |   1.001874   .0255795     0.07   0.942     .9529734    1.053285
2021-07-20T16:04:20.846665200Z         age2 |    1.04772   .1429533     0.34   0.733     .8018724    1.368942
2021-07-20T16:04:20.847012600Z         age3 |   .8894895   .2410189    -0.43   0.666     .5229938    1.512813
2021-07-20T16:04:20.847293000Z       1.male |   1.099485   .0658978     1.58   0.114     .9776254    1.236535
2021-07-20T16:04:20.847304400Z              |
2021-07-20T16:04:20.847307600Z    obese4cat |
2021-07-20T16:04:20.847530800Z Obese I ..)  |   .8866135   .0777065    -1.37   0.170     .7466748    1.052779
2021-07-20T16:04:20.847573500Z Obese II..)  |   .9437946   .0930608    -0.59   0.557     .7779409    1.145008
2021-07-20T16:04:20.848040600Z Obese II..)  |   .9220578   .1140293    -0.66   0.512     .7235882    1.174965
2021-07-20T16:04:20.848054200Z              |
2021-07-20T16:04:20.848059300Z smoke_nomiss |
2021-07-20T16:04:20.848093300Z      Former  |   1.485537   .2675241     2.20   0.028     1.043744     2.11433
2021-07-20T16:04:20.848546100Z     Current  |   .9348937   .0837122    -0.75   0.452     .7844116    1.114244
2021-07-20T16:04:20.848572700Z              |
2021-07-20T16:04:20.848577700Z          imd |
2021-07-20T16:04:20.848843600Z           4  |   .9482434   .0701616    -0.72   0.473     .8202353    1.096229
2021-07-20T16:04:20.849335300Z 5 most de..  |    1.00635   .0964394     0.07   0.947     .8340225    1.214285
2021-07-20T16:04:20.849348100Z              |
2021-07-20T16:04:20.849352400Z tot_adults~h |
2021-07-20T16:04:20.849585000Z           2  |    .570408   .2390753    -1.34   0.180     .2508541     1.29703
2021-07-20T16:04:20.849844900Z           3  |   .5773425   .1846017    -1.72   0.086     .3085084    1.080438
2021-07-20T16:04:20.849857200Z              |
2021-07-20T16:04:20.850236700Z 1.htdiag_o~p |   1.000953   .1062745     0.01   0.993     .8129033    1.232505
2021-07-20T16:04:20.850437100Z 1.~y_disease |   1.004747   .0736168     0.06   0.948     .8703419    1.159907
2021-07-20T16:04:20.850819000Z     1.asthma |   1.093817   .1133365     0.87   0.387     .8927854    1.340116
2021-07-20T16:04:20.851162500Z 1.~c_disease |   .9743651   .0657078    -0.39   0.700     .8537283    1.112049
2021-07-20T16:04:20.851177200Z              |
2021-07-20T16:04:20.851182300Z      diabcat |
2021-07-20T16:04:20.851654400Z T1DM, con..  |   .8574461   .1723125    -0.77   0.444     .5782947    1.271348
2021-07-20T16:04:20.851937100Z T1DM, unc..  |   .7158805   .3201642    -0.75   0.455      .297959    1.719985
2021-07-20T16:04:20.852353200Z T2DM, con..  |   .9655331   .0719572    -0.47   0.638     .8343162    1.117387
2021-07-20T16:04:20.852544800Z T2DM, unc..  |   .9392002   .1574283    -0.37   0.708     .6762078    1.304476
2021-07-20T16:04:20.852907300Z Diabetes,..  |   1.868229   1.163843     1.00   0.316     .5510113    6.334313
2021-07-20T16:04:20.852919800Z              |
2021-07-20T16:04:20.852924700Z cancer_exh~t |
2021-07-20T16:04:20.853102300Z   Last year  |   1.075299    .404346     0.19   0.847     .5145772    2.247023
2021-07-20T16:04:20.853363700Z 2-5 years..  |   1.151253   .2776175     0.58   0.559     .7176432    1.846854
2021-07-20T16:04:20.853656100Z    5+ years  |   1.054629   .0789014     0.71   0.477     .9107886    1.221186
2021-07-20T16:04:20.853668700Z              |
2021-07-20T16:04:20.853673600Z cancer_hae~t |
2021-07-20T16:04:20.853983200Z   Last year  |   .5919101   .3411662    -0.91   0.363     .1912664    1.831778
2021-07-20T16:04:20.854177900Z 2-5 years..  |   1.047416   .2330686     0.21   0.835     .6771924    1.620044
2021-07-20T16:04:20.854468000Z    5+ years  |    1.00097   .0744013     0.01   0.990     .8652703    1.157951
2021-07-20T16:04:20.854480300Z              |
2021-07-20T16:04:20.854815100Z 1.~r_disease |   1.004675    .071618     0.07   0.948     .8736708    1.155322
2021-07-20T16:04:20.855048400Z 1.stroke_d~a |   .9582812   .0705324    -0.58   0.563     .8295488    1.106991
2021-07-20T16:04:20.855394600Z 1.other_ne~o |   .9798523   .0701173    -0.28   0.776     .8516271    1.127384
2021-07-20T16:04:20.855407700Z              |
2021-07-20T16:04:20.855412900Z reduced_ki~t |
2021-07-20T16:04:20.855781400Z Stage 3a/..  |   1.038498   .1658781     0.24   0.813     .7593535    1.420257
2021-07-20T16:04:20.856068900Z       1.esrd |   .8894528   .0547699    -1.90   0.057     .7883306    1.003546
2021-07-20T16:04:20.856372000Z 1.other_tr~t |   1.099396    .078873     1.32   0.187      .955184     1.26538
2021-07-20T16:04:20.856579900Z   1.asplenia |   .9875633    .073512    -0.17   0.866     .8534997    1.142685
2021-07-20T16:04:20.856860800Z 1.ra_sle_p~s |   1.034978   .0765025     0.47   0.642     .8953911    1.196325
2021-07-20T16:04:20.858346600Z 1.other_im~o |   .9365099   .0581514    -1.06   0.291     .8291976     1.05771
2021-07-20T16:04:20.858380700Z ------------------------------------------------------------------------------
2021-07-20T16:04:20.858647100Z                                                              Stratified by stp
2021-07-20T16:04:20.867837900Z (note: file ./output/an_interaction_cox_models_covid_icu_kids_cat4_ethnicity_MA
2021-07-20T16:04:20.867864700Z > INFULLYADJMODEL_agespline_bmicat_noeth_ageband_1W2.ster not found)
2021-07-20T16:04:20.867870800Z file ./output/an_interaction_cox_models_covid_icu_kids_cat4_ethnicity_MAINFULLY
2021-07-20T16:04:20.867875800Z > ADJMODEL_agespline_bmicat_noeth_ageband_1W2.ster saved
2021-07-20T16:04:20.870390500Z 
2021-07-20T16:04:20.870410500Z  ( 1)  1.kids_cat4 + 1o.kids_cat4#1b.ethnicity = 0
2021-07-20T16:04:20.870415900Z 
2021-07-20T16:04:20.878117000Z ------------------------------------------------------------------------------
2021-07-20T16:04:20.878138700Z           _t |     exp(b)   Std. Err.      z    P>|z|     [95% Conf. Interval]
2021-07-20T16:04:20.878144300Z -------------+----------------------------------------------------------------
2021-07-20T16:04:20.878705700Z          (1) |   .8145399   .1945353    -0.86   0.390     .5100599    1.300779
2021-07-20T16:04:20.878731200Z ------------------------------------------------------------------------------
2021-07-20T16:04:20.879298300Z kids_cat4
2021-07-20T16:04:20.879312900Z ****************
2021-07-20T16:04:20.881537300Z 
2021-07-20T16:04:20.881552500Z  ( 1)  2.kids_cat4 + 2o.kids_cat4#1b.ethnicity = 0
2021-07-20T16:04:20.881648200Z 
2021-07-20T16:04:20.888410900Z ------------------------------------------------------------------------------
2021-07-20T16:04:20.888431600Z           _t |     exp(b)   Std. Err.      z    P>|z|     [95% Conf. Interval]
2021-07-20T16:04:20.888436900Z -------------+----------------------------------------------------------------
2021-07-20T16:04:20.888867700Z          (1) |   .9469867   .2952942    -0.17   0.861     .5139464    1.744897
2021-07-20T16:04:20.888896500Z ------------------------------------------------------------------------------
2021-07-20T16:04:20.891697400Z 
2021-07-20T16:04:20.891717900Z  ( 1)  3.kids_cat4 + 3o.kids_cat4#1b.ethnicity = 0
2021-07-20T16:04:20.891722800Z 
2021-07-20T16:04:20.898684700Z ------------------------------------------------------------------------------
2021-07-20T16:04:20.898706600Z           _t |     exp(b)   Std. Err.      z    P>|z|     [95% Conf. Interval]
2021-07-20T16:04:20.898712100Z -------------+----------------------------------------------------------------
2021-07-20T16:04:20.899084100Z          (1) |   .9451689   .2093831    -0.25   0.799     .6122698     1.45907
2021-07-20T16:04:20.899099500Z ------------------------------------------------------------------------------
2021-07-20T16:04:20.901778300Z 
2021-07-20T16:04:20.901798000Z  ( 1)  1.kids_cat4 + 1.kids_cat4#3.ethnicity = 0
2021-07-20T16:04:20.901964700Z 
2021-07-20T16:04:20.908685100Z ------------------------------------------------------------------------------
2021-07-20T16:04:20.908705900Z           _t |     exp(b)   Std. Err.      z    P>|z|     [95% Conf. Interval]
2021-07-20T16:04:20.908711200Z -------------+----------------------------------------------------------------
2021-07-20T16:04:20.909300500Z          (1) |   1.340777   1.070629     0.37   0.713     .2803243    6.412873
2021-07-20T16:04:20.909313100Z ------------------------------------------------------------------------------
2021-07-20T16:04:20.909831200Z kids_cat4
2021-07-20T16:04:20.909844600Z ****************
2021-07-20T16:04:20.912323600Z 
2021-07-20T16:04:20.913131300Z  ( 1)  2.kids_cat4 + 2.kids_cat4#3.ethnicity = 0
2021-07-20T16:04:20.913516200Z 
2021-07-20T16:04:20.920594700Z ------------------------------------------------------------------------------
2021-07-20T16:04:20.920612000Z           _t |     exp(b)   Std. Err.      z    P>|z|     [95% Conf. Interval]
2021-07-20T16:04:20.920617400Z -------------+----------------------------------------------------------------
2021-07-20T16:04:20.921042600Z          (1) |   .3975337   .5275785    -0.70   0.487      .029493    5.358315
2021-07-20T16:04:20.921060900Z ------------------------------------------------------------------------------
2021-07-20T16:04:20.924252800Z 
2021-07-20T16:04:20.924275500Z  ( 1)  3.kids_cat4 + 3.kids_cat4#3.ethnicity = 0
2021-07-20T16:04:20.924458300Z 
2021-07-20T16:04:20.931881300Z ------------------------------------------------------------------------------
2021-07-20T16:04:20.931905500Z           _t |     exp(b)   Std. Err.      z    P>|z|     [95% Conf. Interval]
2021-07-20T16:04:20.931911900Z -------------+----------------------------------------------------------------
2021-07-20T16:04:20.932402700Z          (1) |   .8745959    .668978    -0.18   0.861     .1953096    3.916437
2021-07-20T16:04:20.932435600Z ------------------------------------------------------------------------------
2021-07-20T16:04:20.935012600Z 
2021-07-20T16:04:20.935038200Z  ( 1)  1.kids_cat4 + 1.kids_cat4#5.ethnicity = 0
2021-07-20T16:04:20.935240300Z 
2021-07-20T16:04:20.941763900Z ------------------------------------------------------------------------------
2021-07-20T16:04:20.941780400Z           _t |     exp(b)   Std. Err.      z    P>|z|     [95% Conf. Interval]
2021-07-20T16:04:20.941783700Z -------------+----------------------------------------------------------------
2021-07-20T16:04:20.942250400Z          (1) |   2.285809   1.688211     1.12   0.263     .5374959    9.720864
2021-07-20T16:04:20.942264600Z ------------------------------------------------------------------------------
2021-07-20T16:04:20.942717700Z kids_cat4
2021-07-20T16:04:20.942727700Z ****************
2021-07-20T16:04:20.944528500Z 
2021-07-20T16:04:20.944542700Z  ( 1)  2.kids_cat4 + 2.kids_cat4#5.ethnicity = 0
2021-07-20T16:04:20.944700400Z 
2021-07-20T16:04:20.951272300Z ------------------------------------------------------------------------------
2021-07-20T16:04:20.951294900Z           _t |     exp(b)   Std. Err.      z    P>|z|     [95% Conf. Interval]
2021-07-20T16:04:20.951300400Z -------------+----------------------------------------------------------------
2021-07-20T16:04:20.952003000Z          (1) |   .4841472   .5785631    -0.61   0.544     .0465349    5.037046
2021-07-20T16:04:20.952021500Z ------------------------------------------------------------------------------
2021-07-20T16:04:20.955500900Z 
2021-07-20T16:04:20.955527400Z  ( 1)  3.kids_cat4 + 3.kids_cat4#5.ethnicity = 0
2021-07-20T16:04:20.955801400Z 
2021-07-20T16:04:20.963324500Z ------------------------------------------------------------------------------
2021-07-20T16:04:20.963341400Z           _t |     exp(b)   Std. Err.      z    P>|z|     [95% Conf. Interval]
2021-07-20T16:04:20.963344900Z -------------+----------------------------------------------------------------
2021-07-20T16:04:20.963992600Z          (1) |   1.470438   1.053152     0.54   0.590     .3612451    5.985376
2021-07-20T16:04:20.964002100Z ------------------------------------------------------------------------------
2021-07-20T16:04:20.964523900Z 
2021-07-20T16:04:20.964536300Z . log close
2021-07-20T16:04:20.964539700Z       name:  <unnamed>
2021-07-20T16:04:20.964542300Z        log:  /workspace/log/10_an_interaction_cox_models_ethcat_covid_icuW2.log
2021-07-20T16:04:20.964544900Z   log type:  text
2021-07-20T16:04:20.964547000Z  closed on:  20 Jul 2021, 16:04:20
2021-07-20T16:04:20.964549500Z -------------------------------------------------------------------------------
2021-07-20T16:04:20.964561100Z 
2021-07-20T16:04:20.964563300Z . 
2021-07-20T16:04:20.964565500Z . exit, clear 
2021-07-20T16:04:20.964692400Z 
2021-07-20T16:04:20.964704300Z end of do-file
2021-07-20T16:04:20.964708900Z 
2021-07-20T16:04:20.964712600Z . . file open output using "/tmp/tmp.8jFA5i7tIK", write text replace
2021-07-20T16:04:20.964716600Z 
2021-07-20T16:04:20.964720100Z . . file write output "success" 
2021-07-20T16:04:20.964724100Z 
2021-07-20T16:04:20.964727900Z . . file close output
2021-07-20T16:04:20.964735100Z 
2021-07-20T16:04:20.964839500Z . 
2021-07-20T16:04:20.964851500Z end of do-file
2021-07-20T16:04:20.964855700Z 
2021-07-20T16:04:20.964859100Z 
2021-07-20T16:04:20.994663900Z . 

state: succeeded
commit: none
docker_image_id: sha256:11980aa720220a1b39bf523f5a8a33270214c13876c30ee364e16265766f7f60
exit_code: 0
job_id: 76k5hdz4aej2l7o5
run_by_user: qc18278
created_at: 2021-07-20T15:38:48Z
started_at: 2021-07-20T16:04:10Z
completed_at: 2021-07-20T16:05:29Z

Completed successfully

outputs:
  log/10_an_interaction_cox_models_ethcat_covid_icuW2.log                                                                   - moderately_sensitive
  output/an_interaction_cox_models_covid_icu_kids_cat4_ethnicity_MAINFULLYADJMODEL_agespline_bmicat_noeth_ageband_0W2.ster  - moderately_sensitive
  output/an_interaction_cox_models_covid_icu_kids_cat4_ethnicity_MAINFULLYADJMODEL_agespline_bmicat_noeth_ageband_1W2.ster  - moderately_sensitive