2021-07-20T16:01:25.598023100Z 
2021-07-20T16:01:25.598065100Z   ___  ____  ____  ____  ____ (R)
2021-07-20T16:01:25.598071600Z  /__    /   ____/   /   ____/
2021-07-20T16:01:25.598075600Z ___/   /   /___/   /   /___/   16.1   Copyright 1985-2019 StataCorp LLC
2021-07-20T16:01:25.598079400Z   Statistics/Data Analysis            StataCorp
2021-07-20T16:01:25.598083200Z                                       4905 Lakeway Drive
2021-07-20T16:01:25.598087200Z                                       College Station, Texas 77845 USA
2021-07-20T16:01:25.598090900Z                                       800-STATA-PC        http://www.stata.com
2021-07-20T16:01:25.598094600Z                                       979-696-4600        stata@stata.com
2021-07-20T16:01:25.598098200Z                                       979-696-4601 (fax)
2021-07-20T16:01:25.598102000Z 
2021-07-20T16:01:25.598105700Z 3-user Stata network license expires 11 May 2022:
2021-07-20T16:01:25.598109400Z        Serial number:  501709312237
2021-07-20T16:01:25.598113200Z          Licensed to:  The Bennett Institute
2021-07-20T16:01:25.598117700Z                        Oxford University
2021-07-20T16:01:25.598847700Z 
2021-07-20T16:01:25.598862100Z Notes:
2021-07-20T16:01:25.598866900Z       1.  Unicode is supported; see help unicode_advice.
2021-07-20T16:01:25.598871000Z 
2021-07-20T16:01:25.598875100Z . do "analysis/10_an_interaction_cox_models_sex.wrapper.do" covid_icu W2 
2021-07-20T16:01:25.598879700Z 
2021-07-20T16:01:25.598883600Z . . do "analysis/10_an_interaction_cox_models_sex.do" covid_icu W2
2021-07-20T16:01:25.598888100Z 
2021-07-20T16:01:25.598891900Z . *****************************************************************************
2021-07-20T16:01:25.598896200Z > ***
2021-07-20T16:01:25.598900700Z . *
2021-07-20T16:01:25.598904700Z . *       Do-file:                10_an_interaction_cox_models_sex.do
2021-07-20T16:01:25.598908700Z . *
2021-07-20T16:01:25.598912800Z . *       Project:                Exposure children and COVID risk
2021-07-20T16:01:25.598917000Z . *
2021-07-20T16:01:25.598921000Z . *       Programmed by:  Hforbes, based on files from Fizz & Krishnan
2021-07-20T16:01:25.598925300Z . *
2021-07-20T16:01:25.598929000Z . *       Data used:              analysis_dataset.dta
2021-07-20T16:01:25.598932500Z . *
2021-07-20T16:01:25.598935700Z . *       Data created:   None
2021-07-20T16:01:25.598939400Z . *
2021-07-20T16:01:25.598943700Z . *       Other output:   Log file:  10_an_interaction_cox_models.log
2021-07-20T16:01:25.598947800Z . *
2021-07-20T16:01:25.598999700Z . *****************************************************************************
2021-07-20T16:01:25.599026000Z > ***
2021-07-20T16:01:25.599032000Z . *
2021-07-20T16:01:25.599036200Z . *       Purpose:                This do-file performs multivariable (fully ad
2021-07-20T16:01:25.599040900Z > justed) 
2021-07-20T16:01:25.599045200Z . *                                       Cox models, with an interaction by se
2021-07-20T16:01:25.599049600Z > x.
2021-07-20T16:01:25.599053900Z . *  
2021-07-20T16:01:25.599057800Z . *****************************************************************************
2021-07-20T16:01:25.599061700Z > ***
2021-07-20T16:01:25.599065400Z . *       
2021-07-20T16:01:25.599069700Z . *       Stata routines needed:  stbrier   
2021-07-20T16:01:25.599074100Z . *
2021-07-20T16:01:25.599078600Z . *****************************************************************************
2021-07-20T16:01:25.599091200Z > ***
2021-07-20T16:01:25.599097300Z . 
2021-07-20T16:01:25.599101700Z . 
2021-07-20T16:01:25.599105500Z . * Set globals that will print in programs and direct output
2021-07-20T16:01:25.599109500Z . global outdir     "output" 
2021-07-20T16:01:25.599184800Z 
2021-07-20T16:01:25.599195400Z . global logdir     "log"
2021-07-20T16:01:25.599200100Z 
2021-07-20T16:01:25.599204100Z . global tempdir    "tempdata"
2021-07-20T16:01:25.599207900Z 
2021-07-20T16:01:25.599211700Z . global demogadjlist  age1 age2 age3 i.male i.ethnicity  i.obese4cat i.smoke_n
2021-07-20T16:01:25.599216100Z > omiss i.imd i.tot_adults_hh
2021-07-20T16:01:25.599220400Z 
2021-07-20T16:01:25.599224400Z . global comordidadjlist  i.htdiag_or_highbp                              ///
2021-07-20T16:01:25.599228500Z >                         i.chronic_respiratory_disease   ///
2021-07-20T16:01:25.599232500Z >                         i.asthma                                             
2021-07-20T16:01:25.599236500Z >    ///
2021-07-20T16:01:25.599240300Z >                         i.chronic_cardiac_disease               ///
2021-07-20T16:01:25.599244300Z >                         i.diabcat                                            
2021-07-20T16:01:25.599248600Z >    ///
2021-07-20T16:01:25.599252500Z >                         i.cancer_exhaem_cat                             ///
2021-07-20T16:01:25.599256600Z >                         i.cancer_haem_cat                               ///
2021-07-20T16:01:25.599260700Z >                         i.chronic_liver_disease                 ///
2021-07-20T16:01:25.599264700Z >                         i.stroke_dementia                               ///
2021-07-20T16:01:25.599269000Z >                         i.other_neuro                                   ///
2021-07-20T16:01:25.599280800Z >                         i.reduced_kidney_function_cat   ///
2021-07-20T16:01:25.599285300Z >                         i.esrd                                               
2021-07-20T16:01:25.599289800Z >    ///
2021-07-20T16:01:25.599293900Z >                         i.other_transplant                              ///
2021-07-20T16:01:25.599299000Z >                         i.asplenia                                           
2021-07-20T16:01:25.599303400Z >    ///
2021-07-20T16:01:25.599307200Z >                         i.ra_sle_psoriasis                      ///
2021-07-20T16:01:25.599311200Z >                         i.other_immuno          
2021-07-20T16:01:25.599315000Z 
2021-07-20T16:01:25.599318400Z . local outcome `1' 
2021-07-20T16:01:25.599322600Z 
2021-07-20T16:01:25.599339400Z . local dataset `2'
2021-07-20T16:01:25.599348000Z 
2021-07-20T16:01:25.599352900Z .  
2021-07-20T16:01:25.599356600Z . 
2021-07-20T16:01:25.599360300Z . 
2021-07-20T16:01:25.599363800Z . *****************************************************************************
2021-07-20T16:01:25.599368000Z > *******
2021-07-20T16:01:25.599372200Z . *First clean up all old saved estimates for this outcome
2021-07-20T16:01:25.599376400Z . *This is to guard against accidentally displaying left-behind results from ol
2021-07-20T16:01:25.599380700Z > d runs
2021-07-20T16:01:25.599384600Z . *****************************************************************************
2021-07-20T16:01:25.599388900Z > *******
2021-07-20T16:01:25.599397500Z . cap erase ./output/an_interaction_cox_models_`outcome'_`exposure_type'_male_M
2021-07-20T16:01:25.599402100Z > AINFULLYADJMODEL_agespline_bmicat_noeth_ageband_0.ster
2021-07-20T16:01:25.599406300Z 
2021-07-20T16:01:25.599410100Z . cap erase ./output/an_interaction_cox_models_`outcome'_`exposure_type'_male_M
2021-07-20T16:01:25.599414400Z > AINFULLYADJMODEL_agespline_bmicat_noeth_ageband_1.ster
2021-07-20T16:01:25.599418300Z 
2021-07-20T16:01:25.599421900Z . 
2021-07-20T16:01:25.599425700Z . 
2021-07-20T16:01:25.599429400Z . cap log close
2021-07-20T16:01:25.599434400Z 
2021-07-20T16:01:25.599438400Z . log using "$logdir/10_an_interaction_cox_models_sex_`outcome'`dataset'", text
2021-07-20T16:01:25.599443100Z >  replace
2021-07-20T16:01:25.599537000Z (note: file /workspace/log/10_an_interaction_cox_models_sex_covid_icuW2.log not
2021-07-20T16:01:25.599550100Z >  found)
2021-07-20T16:01:25.599632500Z -------------------------------------------------------------------------------
2021-07-20T16:01:25.599650800Z       name:  <unnamed>
2021-07-20T16:01:25.599655700Z        log:  /workspace/log/10_an_interaction_cox_models_sex_covid_icuW2.log
2021-07-20T16:01:25.599659800Z   log type:  text
2021-07-20T16:01:25.599663700Z  opened on:  20 Jul 2021, 16:01:25
2021-07-20T16:01:25.599668200Z 
2021-07-20T16:01:25.599672100Z . 
2021-07-20T16:01:25.599675600Z . 
2021-07-20T16:01:25.599679000Z . *PROG TO DEFINE THE BASIC COX MODEL WITH OPTIONS FOR HANDLING OF AGE, BMI, ET
2021-07-20T16:01:25.599682600Z > HNICITY:
2021-07-20T16:01:25.599686400Z . cap prog drop basemodel
2021-07-20T16:01:25.599756000Z 
2021-07-20T16:01:25.599767100Z . prog define basemodel
2021-07-20T16:01:25.599772000Z   1.         syntax , exposure(string)  age(string) [ethnicity(real 0) interact
2021-07-20T16:01:25.599776200Z > ion(string)] 
2021-07-20T16:01:25.599780400Z   2. timer clear
2021-07-20T16:01:25.599784500Z   3. timer on 1
2021-07-20T16:01:25.599970300Z   4. stcox   `exposure'                                                        
2021-07-20T16:01:25.599982700Z >       ///
2021-07-20T16:01:25.599987800Z >                         $demogadjlist                                        
2021-07-20T16:01:25.599992100Z >            ///
2021-07-20T16:01:25.599996400Z >                         $comordidadjlist                                     
2021-07-20T16:01:25.600000700Z >            ///
2021-07-20T16:01:25.600004800Z >                         `interaction'                                        
2021-07-20T16:01:25.600008900Z >            ///
2021-07-20T16:01:25.600012900Z >                         , strata(stp) vce(cluster household_id)
2021-07-20T16:01:25.600017400Z   5.         timer off 1
2021-07-20T16:01:25.600021400Z   6. timer list
2021-07-20T16:01:25.600025000Z   7. end
2021-07-20T16:01:25.600029200Z 
2021-07-20T16:01:25.600033200Z . *****************************************************************************
2021-07-20T16:01:25.600037500Z > ********
2021-07-20T16:01:25.600041700Z . 
2021-07-20T16:01:25.600045400Z . * Open dataset and fit specified model(s)
2021-07-20T16:01:25.600049700Z . forvalues x=0/1 {
2021-07-20T16:01:25.600053900Z   2. use "$tempdir/cr_create_analysis_dataset_STSET_`outcome'_ageband_`x'`datas
2021-07-20T16:01:25.600059000Z > et'.dta", clear
2021-07-20T16:01:25.600063600Z   3. foreach int_type in  male  {
2021-07-20T16:01:25.600067600Z   4. 
2021-07-20T16:01:25.600071300Z . tab male `outcome'
2021-07-20T16:01:25.600075400Z   5. *Age interaction for 3-level exposure vars
2021-07-20T16:01:25.600191700Z . foreach exposure_type in kids_cat4  {
2021-07-20T16:01:25.600209700Z   6. 
2021-07-20T16:01:25.600215000Z . *Age spline model (not adj ethnicity, no interaction)
2021-07-20T16:01:25.600219000Z . basemodel, exposure("i.`exposure_type'") age("age1 age2 age3")  
2021-07-20T16:01:25.600223200Z   7. 
2021-07-20T16:01:25.600227000Z . *Age spline model (not adj ethnicity, interaction)
2021-07-20T16:01:25.600230800Z . basemodel, exposure("i.`exposure_type'") age("age1 age2 age3")  ///
2021-07-20T16:01:25.600235100Z > interaction(1.`int_type'#1.`exposure_type' 1.`int_type'#2.`exposure_type' 1.`
2021-07-20T16:01:25.600239200Z > int_type'#3.`exposure_type')
2021-07-20T16:01:25.600243100Z   8. if _rc==0{
2021-07-20T16:01:25.600250100Z   9. testparm 1.`int_type'#i.`exposure_type'
2021-07-20T16:01:25.600254600Z  10. di _n "`exposure_type' " _n "****************"
2021-07-20T16:01:25.600259000Z  11. lincom 1.`exposure_type' + 1.`int_type'#1.`exposure_type', eform
2021-07-20T16:01:25.600263300Z  12. di "`exposure_type'" _n "****************"
2021-07-20T16:01:25.600267500Z  13. lincom 2.`exposure_type' + 1.`int_type'#2.`exposure_type', eform
2021-07-20T16:01:25.600271800Z  14. di "`exposure_type'" _n "****************"
2021-07-20T16:01:25.600276100Z  15. lincom 3.`exposure_type' + 1.`int_type'#3.`exposure_type', eform
2021-07-20T16:01:25.600280400Z  16. estimates save ./output/an_interaction_cox_models_`outcome'_`exposure_type
2021-07-20T16:01:25.600284300Z > '_`int_type'_MAINFULLYADJMODEL_agespline_bmicat_noeth_ageband_`x'`dataset', r
2021-07-20T16:01:25.600288000Z > eplace
2021-07-20T16:01:25.600291900Z  17. }
2021-07-20T16:01:25.600411300Z  18. else di "WARNING GROUP MODEL DID NOT FIT (OUTCOME `outcome')"
2021-07-20T16:01:25.600428300Z  19. 
2021-07-20T16:01:25.600433900Z . }
2021-07-20T16:01:25.600437800Z  20. }
2021-07-20T16:01:25.600441400Z  21. }
2021-07-20T16:01:25.607672600Z 
2021-07-20T16:01:25.607694000Z            |   Failure/censoring
2021-07-20T16:01:25.607699600Z            |     indicator for
2021-07-20T16:01:25.607703800Z            |  outcome: covid icu
2021-07-20T16:01:25.607707800Z       Male |         0          1 |     Total
2021-07-20T16:01:25.607712000Z -----------+----------------------+----------
2021-07-20T16:01:25.607716200Z          0 |     6,109      2,244 |     8,353 
2021-07-20T16:01:25.607720500Z          1 |     5,752      2,130 |     7,882 
2021-07-20T16:01:25.607724500Z -----------+----------------------+----------
2021-07-20T16:01:25.607728500Z      Total |    11,861      4,374 |    16,235 
2021-07-20T16:01:25.627905000Z 
2021-07-20T16:01:25.627929000Z          failure _d:  covid_icu
2021-07-20T16:01:25.627946000Z    analysis time _t:  (stime_covid_icu-origin)
2021-07-20T16:01:25.628014200Z              origin:  time enter_date
2021-07-20T16:01:25.628029200Z   enter on or after:  time enter_date
2021-07-20T16:01:25.628034400Z                  id:  patient_id
2021-07-20T16:01:26.203714100Z 
2021-07-20T16:01:26.203740400Z Iteration 0:   log pseudolikelihood = -31168.565
2021-07-20T16:01:26.403486200Z Iteration 1:   log pseudolikelihood = -31148.756
2021-07-20T16:01:26.594520400Z Iteration 2:   log pseudolikelihood = -31147.037
2021-07-20T16:01:26.808107500Z Iteration 3:   log pseudolikelihood =  -31146.93
2021-07-20T16:01:26.994168900Z Iteration 4:   log pseudolikelihood = -31146.929
2021-07-20T16:01:27.215688100Z Iteration 5:   log pseudolikelihood = -31146.929
2021-07-20T16:01:27.215716700Z Refining estimates:
2021-07-20T16:01:28.016915700Z Iteration 0:   log pseudolikelihood = -31146.929
2021-07-20T16:01:34.211005600Z 
2021-07-20T16:01:34.211033300Z Stratified Cox regr. -- Breslow method for ties
2021-07-20T16:01:34.211248300Z 
2021-07-20T16:01:34.211264000Z No. of subjects      =       16,235             Number of obs    =      16,235
2021-07-20T16:01:34.211269700Z No. of failures      =        4,374
2021-07-20T16:01:34.211274400Z Time at risk         =      1325984
2021-07-20T16:01:34.211387700Z                                                 Wald chi2(42)    =       41.50
2021-07-20T16:01:34.211400700Z Log pseudolikelihood =   -31146.929             Prob > chi2      =      0.4926
2021-07-20T16:01:34.211405000Z 
2021-07-20T16:01:34.397091200Z                        (Std. Err. adjusted for 1,121 clusters in household_id)
2021-07-20T16:01:34.397120100Z ------------------------------------------------------------------------------
2021-07-20T16:01:34.397126800Z              |               Robust
2021-07-20T16:01:34.397131600Z           _t | Haz. Ratio   Std. Err.      z    P>|z|     [95% Conf. Interval]
2021-07-20T16:01:34.397137100Z -------------+----------------------------------------------------------------
2021-07-20T16:01:34.397142200Z    kids_cat4 |
2021-07-20T16:01:34.410780500Z only <12 ..  |   1.065521   .1209582     0.56   0.576     .8529692    1.331038
2021-07-20T16:01:34.411031300Z  only 12-18  |   .9770828   .1553125    -0.15   0.884     .7155309    1.334241
2021-07-20T16:01:34.411321000Z       mixed  |     1.0023   .1079755     0.02   0.983     .8115205    1.237929
2021-07-20T16:01:34.411332200Z              |
2021-07-20T16:01:34.411611600Z         age1 |   1.001058   .0059312     0.18   0.858     .9895007    1.012751
2021-07-20T16:01:34.411837700Z         age2 |   1.006269   .0182645     0.34   0.731     .9711005    1.042711
2021-07-20T16:01:34.412134500Z         age3 |   .9794364   .0487799    -0.42   0.677     .8883477    1.079865
2021-07-20T16:01:34.412409500Z       1.male |   .9976271   .0305898    -0.08   0.938     .9394382     1.05942
2021-07-20T16:01:34.412422400Z              |
2021-07-20T16:01:34.412427400Z    ethnicity |
2021-07-20T16:01:34.412724000Z Asian or ..  |   1.035773   .0520624     0.70   0.484     .9385977    1.143009
2021-07-20T16:01:34.413114100Z       Other  |   1.001467   .0512567     0.03   0.977       .90588     1.10714
2021-07-20T16:01:34.413128500Z              |
2021-07-20T16:01:34.413134300Z    obese4cat |
2021-07-20T16:01:34.413323500Z Obese I ..)  |     .92878   .0421018    -1.63   0.103     .8498214    1.015075
2021-07-20T16:01:34.413805400Z Obese II..)  |   1.003955   .0536738     0.07   0.941     .9040803    1.114863
2021-07-20T16:01:34.414343600Z Obese II..)  |   .9924662   .0631012    -0.12   0.905     .8761857    1.124179
2021-07-20T16:01:34.414359700Z              |
2021-07-20T16:01:34.414364900Z smoke_nomiss |
2021-07-20T16:01:34.414728200Z      Former  |   .8615444   .1004251    -1.28   0.201     .6855801    1.082673
2021-07-20T16:01:34.415360300Z     Current  |   .9495851   .0470633    -1.04   0.297     .8616813    1.046456
2021-07-20T16:01:34.421528800Z              |
2021-07-20T16:01:34.421549300Z          imd |
2021-07-20T16:01:34.421847000Z           4  |   .9786826   .0381447    -0.55   0.580     .9067046    1.056375
2021-07-20T16:01:34.422145600Z 5 most de..  |    .972585   .0512002    -0.53   0.597     .8772379    1.078295
2021-07-20T16:01:34.422159000Z              |
2021-07-20T16:01:34.422162900Z tot_adults~h |
2021-07-20T16:01:34.422430300Z           2  |   1.338455   .3261589     1.20   0.232     .8301951    2.157879
2021-07-20T16:01:34.422713900Z           3  |    1.20544   .2587975     0.87   0.384     .7914077    1.836079
2021-07-20T16:01:34.422726000Z              |
2021-07-20T16:01:34.423054800Z 1.htdiag_o~p |   1.036302   .0583409     0.63   0.526     .9280388    1.157195
2021-07-20T16:01:34.423438500Z 1.~y_disease |   .9998771   .0366246    -0.00   0.997     .9306104    1.074299
2021-07-20T16:01:34.423737700Z     1.asthma |   1.004574   .0556006     0.08   0.934     .9013015     1.11968
2021-07-20T16:01:34.424022600Z 1.~c_disease |   .9416177   .0361292    -1.57   0.117     .8734028     1.01516
2021-07-20T16:01:34.424035500Z              |
2021-07-20T16:01:34.424040300Z      diabcat |
2021-07-20T16:01:34.424302800Z T1DM, con..  |       1.09   .1035145     0.91   0.364     .9048784    1.312995
2021-07-20T16:01:34.424583700Z T1DM, unc..  |   .8035289   .1658334    -1.06   0.289     .5362031    1.204131
2021-07-20T16:01:34.424812000Z T2DM, con..  |   1.068138   .0416666     1.69   0.091     .9895172    1.153006
2021-07-20T16:01:34.425120900Z T2DM, unc..  |   .9629012   .0814101    -0.45   0.655     .8158596    1.136444
2021-07-20T16:01:34.425530100Z Diabetes,..  |   2.744156   1.247309     2.22   0.026     1.125926    6.688177
2021-07-20T16:01:34.425562000Z              |
2021-07-20T16:01:34.425566900Z cancer_exh~t |
2021-07-20T16:01:34.425740400Z   Last year  |   .5144348   .1764707    -1.94   0.053     .2626248    1.007685
2021-07-20T16:01:34.426036900Z 2-5 years..  |   1.103502   .1284289     0.85   0.397     .8784313    1.386241
2021-07-20T16:01:34.426362400Z    5+ years  |   .9415899    .041194    -1.38   0.169     .8642158    1.025891
2021-07-20T16:01:34.426377000Z              |
2021-07-20T16:01:34.426381800Z cancer_hae~t |
2021-07-20T16:01:34.426752300Z   Last year  |   .6636587   .1871913    -1.45   0.146      .381817    1.153544
2021-07-20T16:01:34.427044700Z 2-5 years..  |   1.227372   .1378076     1.82   0.068     .9849285    1.529495
2021-07-20T16:01:34.427418500Z    5+ years  |   .9790626   .0387821    -0.53   0.593     .9059268    1.058103
2021-07-20T16:01:34.427606200Z              |
2021-07-20T16:01:34.427843600Z 1.~r_disease |   .9851256   .0372548    -0.40   0.692     .9147479    1.060918
2021-07-20T16:01:34.428169000Z 1.stroke_d~a |    .986066   .0372126    -0.37   0.710     .9157627    1.061766
2021-07-20T16:01:34.428519900Z 1.other_ne~o |   .9876245   .0361715    -0.34   0.734     .9192143    1.061126
2021-07-20T16:01:34.428533600Z              |
2021-07-20T16:01:34.428539000Z reduced_ki~t |
2021-07-20T16:01:34.428876000Z Stage 3a/..  |   1.016213   .2600261     0.06   0.950     .6154335    1.677985
2021-07-20T16:01:34.429153700Z       1.esrd |   1.005603   .0318849     0.18   0.860     .9450116    1.070078
2021-07-20T16:01:34.429408300Z 1.other_tr~t |   1.004702   .0381225     0.12   0.902      .932694    1.082269
2021-07-20T16:01:34.429692700Z   1.asplenia |   .9867012   .0362147    -0.36   0.715     .9182146    1.060296
2021-07-20T16:01:34.430034800Z 1.ra_sle_p~s |   1.033017   .0412821     0.81   0.416      .955193    1.117181
2021-07-20T16:01:34.444222800Z 1.other_im~o |   1.062271   .0343502     1.87   0.062     .9970348    1.131775
2021-07-20T16:01:34.444245600Z ------------------------------------------------------------------------------
2021-07-20T16:01:34.444556700Z                                                              Stratified by stp
2021-07-20T16:01:34.449678600Z    1:      8.84 /        1 =       8.8390
2021-07-20T16:01:34.458970400Z 
2021-07-20T16:01:34.458991600Z          failure _d:  covid_icu
2021-07-20T16:01:34.458997100Z    analysis time _t:  (stime_covid_icu-origin)
2021-07-20T16:01:34.459001900Z              origin:  time enter_date
2021-07-20T16:01:34.459006200Z   enter on or after:  time enter_date
2021-07-20T16:01:34.459010700Z                  id:  patient_id
2021-07-20T16:01:35.102211000Z 
2021-07-20T16:01:35.102236900Z Iteration 0:   log pseudolikelihood = -31168.565
2021-07-20T16:01:35.323176500Z Iteration 1:   log pseudolikelihood =  -31144.26
2021-07-20T16:01:35.586441900Z Iteration 2:   log pseudolikelihood =  -31142.42
2021-07-20T16:01:35.814603100Z Iteration 3:   log pseudolikelihood = -31142.313
2021-07-20T16:01:36.051281200Z Iteration 4:   log pseudolikelihood = -31142.312
2021-07-20T16:01:36.286955900Z Iteration 5:   log pseudolikelihood = -31142.312
2021-07-20T16:01:36.286983100Z Refining estimates:
2021-07-20T16:01:37.113336100Z Iteration 0:   log pseudolikelihood = -31142.312
2021-07-20T16:01:42.619587300Z 
2021-07-20T16:01:42.619628300Z Stratified Cox regr. -- Breslow method for ties
2021-07-20T16:01:42.619636600Z 
2021-07-20T16:01:42.619642000Z No. of subjects      =       16,235             Number of obs    =      16,235
2021-07-20T16:01:42.619647600Z No. of failures      =        4,374
2021-07-20T16:01:42.619652500Z Time at risk         =      1325984
2021-07-20T16:01:42.619878700Z                                                 Wald chi2(45)    =       59.05
2021-07-20T16:01:42.619891200Z Log pseudolikelihood =   -31142.312             Prob > chi2      =      0.0780
2021-07-20T16:01:42.619897600Z 
2021-07-20T16:01:42.638689400Z                        (Std. Err. adjusted for 1,121 clusters in household_id)
2021-07-20T16:01:42.638713500Z ------------------------------------------------------------------------------
2021-07-20T16:01:42.638717900Z              |               Robust
2021-07-20T16:01:42.638721200Z           _t | Haz. Ratio   Std. Err.      z    P>|z|     [95% Conf. Interval]
2021-07-20T16:01:42.638724500Z -------------+----------------------------------------------------------------
2021-07-20T16:01:42.638727700Z    kids_cat4 |
2021-07-20T16:01:42.638980200Z only <12 ..  |   1.082078   .1701409     0.50   0.616     .7950959    1.472643
2021-07-20T16:01:42.639265800Z  only 12-18  |   1.331566   .2654322     1.44   0.151     .9009185    1.968067
2021-07-20T16:01:42.639554700Z       mixed  |   1.010922   .1522103     0.07   0.942     .7525858    1.357937
2021-07-20T16:01:42.639572900Z              |
2021-07-20T16:01:42.639843600Z         age1 |   1.001119   .0059277     0.19   0.850     .9895684    1.012805
2021-07-20T16:01:42.640109700Z         age2 |   1.006188   .0182564     0.34   0.734     .9710349    1.042614
2021-07-20T16:01:42.640490600Z         age3 |   .9794795    .048771    -0.42   0.677     .8884064    1.079889
2021-07-20T16:01:42.640869700Z       1.male |   1.020684   .1907704     0.11   0.913     .7076169    1.472261
2021-07-20T16:01:42.640883300Z              |
2021-07-20T16:01:42.640889000Z    ethnicity |
2021-07-20T16:01:42.641244600Z Asian or ..  |    1.03754   .0521673     0.73   0.464     .9401704    1.144993
2021-07-20T16:01:42.641587000Z       Other  |   1.001907   .0512042     0.04   0.970     .9064117    1.107464
2021-07-20T16:01:42.641611000Z              |
2021-07-20T16:01:42.641614100Z    obese4cat |
2021-07-20T16:01:42.641945700Z Obese I ..)  |   .9299749   .0421556    -1.60   0.109     .8509155     1.01638
2021-07-20T16:01:42.642199200Z Obese II..)  |   1.004549   .0537118     0.08   0.932     .9046046    1.115537
2021-07-20T16:01:42.642618900Z Obese II..)  |   .9921066   .0632766    -0.12   0.901     .8755253    1.124211
2021-07-20T16:01:42.642630700Z              |
2021-07-20T16:01:42.642635600Z smoke_nomiss |
2021-07-20T16:01:42.642949300Z      Former  |   .8599392   .1001797    -1.30   0.195     .6843936    1.080512
2021-07-20T16:01:42.643317300Z     Current  |    .949039   .0471114    -1.05   0.292     .8610521    1.046017
2021-07-20T16:01:42.643326900Z              |
2021-07-20T16:01:42.643329900Z          imd |
2021-07-20T16:01:42.643851800Z           4  |   .9797724   .0381933    -0.52   0.600     .9077031    1.057564
2021-07-20T16:01:42.644436600Z 5 most de..  |   .9743076   .0513603    -0.49   0.621      .878669    1.080356
2021-07-20T16:01:42.644449700Z              |
2021-07-20T16:01:42.644453300Z tot_adults~h |
2021-07-20T16:01:42.644908500Z           2  |   1.325133   .3243728     1.15   0.250      .820159    2.141021
2021-07-20T16:01:42.645339700Z           3  |   1.184754   .2562291     0.78   0.433     .7754199    1.810169
2021-07-20T16:01:42.645349900Z              |
2021-07-20T16:01:42.645783300Z 1.htdiag_o~p |   1.034328   .0582182     0.60   0.549     .9262914    1.154966
2021-07-20T16:01:42.646160500Z 1.~y_disease |   .9981418   .0365269    -0.05   0.959     .9290575    1.072363
2021-07-20T16:01:42.646663700Z     1.asthma |   1.005899    .055698     0.11   0.915     .9024483    1.121209
2021-07-20T16:01:42.647055600Z 1.~c_disease |    .940958   .0361245    -1.59   0.113     .8727534    1.014493
2021-07-20T16:01:42.647069600Z              |
2021-07-20T16:01:42.647075400Z      diabcat |
2021-07-20T16:01:42.647383400Z T1DM, con..  |   1.086373   .1032126     0.87   0.383     .9017981    1.308726
2021-07-20T16:01:42.647774500Z T1DM, unc..  |   .8061649   .1673278    -1.04   0.299     .5367206    1.210876
2021-07-20T16:01:42.648101000Z T2DM, con..  |   1.067606   .0416491     1.68   0.094     .9890183    1.152439
2021-07-20T16:01:42.648486300Z T2DM, unc..  |   .9627805   .0815233    -0.45   0.654     .8155524    1.136587
2021-07-20T16:01:42.648839100Z Diabetes,..  |   2.741567   1.247969     2.22   0.027     1.123387    6.690646
2021-07-20T16:01:42.648852600Z              |
2021-07-20T16:01:42.648858300Z cancer_exh~t |
2021-07-20T16:01:42.649159500Z   Last year  |   .5143619   .1764077    -1.94   0.053     .2626256    1.007396
2021-07-20T16:01:42.649438700Z 2-5 years..  |   1.109725   .1292154     0.89   0.371     .8832875    1.394211
2021-07-20T16:01:42.649779600Z    5+ years  |    .941828   .0411924    -1.37   0.171      .864456    1.026125
2021-07-20T16:01:42.649802600Z              |
2021-07-20T16:01:42.649806200Z cancer_hae~t |
2021-07-20T16:01:42.650091900Z   Last year  |   .6629063   .1872722    -1.46   0.146     .3810537    1.153236
2021-07-20T16:01:42.650357100Z 2-5 years..  |   1.224277   .1374356     1.80   0.071      .982483    1.525578
2021-07-20T16:01:42.650843200Z    5+ years  |   .9781842   .0387558    -0.56   0.578     .9050987    1.057171
2021-07-20T16:01:42.650858000Z              |
2021-07-20T16:01:42.651201200Z 1.~r_disease |   .9858518   .0372589    -0.38   0.706     .9154649    1.061651
2021-07-20T16:01:42.651523100Z 1.stroke_d~a |   .9861219   .0372811    -0.37   0.712     .9156938    1.061967
2021-07-20T16:01:42.651882300Z 1.other_ne~o |    .988239   .0361879    -0.32   0.747     .9197974    1.061773
2021-07-20T16:01:42.651893800Z              |
2021-07-20T16:01:42.651898600Z reduced_ki~t |
2021-07-20T16:01:42.652269100Z Stage 3a/..  |   1.017251   .2593261     0.07   0.947     .6172096    1.676577
2021-07-20T16:01:42.652569100Z       1.esrd |   1.005037   .0318959     0.16   0.874     .9444265    1.069537
2021-07-20T16:01:42.652878500Z 1.other_tr~t |    1.00518   .0381291     0.14   0.892     .9331588     1.08276
2021-07-20T16:01:42.653192500Z   1.asplenia |   .9876982   .0362475    -0.34   0.736     .9191493    1.061359
2021-07-20T16:01:42.653536300Z 1.ra_sle_p~s |   1.035256   .0413737     0.87   0.386     .9572593    1.119607
2021-07-20T16:01:42.653805600Z 1.other_im~o |   1.063548   .0343942     1.91   0.057     .9982289    1.133142
2021-07-20T16:01:42.653816900Z              |
2021-07-20T16:01:42.653821700Z         male#|
2021-07-20T16:01:42.653825600Z    kids_cat4 |
2021-07-20T16:01:42.653829800Z           1 #|
2021-07-20T16:01:42.654197900Z only <12 ..  |   .9768563   .2013048    -0.11   0.910     .6522589     1.46299
2021-07-20T16:01:42.654210700Z           1 #|
2021-07-20T16:01:42.654575400Z  only 12-18  |   .4877969   .1234126    -2.84   0.005      .297088    .8009272
2021-07-20T16:01:42.656125300Z     1#mixed  |   .9912855   .1881752    -0.05   0.963     .6833066    1.438076
2021-07-20T16:01:42.656155500Z ------------------------------------------------------------------------------
2021-07-20T16:01:42.656458500Z                                                              Stratified by stp
2021-07-20T16:01:42.657979400Z    1:      8.21 /        1 =       8.2110
2021-07-20T16:01:42.660310300Z 
2021-07-20T16:01:42.660328400Z  ( 1)  1.male#1.kids_cat4 = 0
2021-07-20T16:01:42.660333100Z  ( 2)  1.male#2.kids_cat4 = 0
2021-07-20T16:01:42.660337100Z  ( 3)  1.male#3.kids_cat4 = 0
2021-07-20T16:01:42.660341000Z 
2021-07-20T16:01:42.660345000Z            chi2(  3) =   16.89
2021-07-20T16:01:42.660349600Z          Prob > chi2 =    0.0007
2021-07-20T16:01:42.660511000Z 
2021-07-20T16:01:42.660523700Z kids_cat4 
2021-07-20T16:01:42.660528100Z ****************
2021-07-20T16:01:42.662752600Z 
2021-07-20T16:01:42.662768000Z  ( 1)  1.kids_cat4 + 1.male#1.kids_cat4 = 0
2021-07-20T16:01:42.662917500Z 
2021-07-20T16:01:42.671419000Z ------------------------------------------------------------------------------
2021-07-20T16:01:42.671441000Z           _t |     exp(b)   Std. Err.      z    P>|z|     [95% Conf. Interval]
2021-07-20T16:01:42.671447400Z -------------+----------------------------------------------------------------
2021-07-20T16:01:42.672045600Z          (1) |   1.057035   .1590481     0.37   0.712     .7870675    1.419601
2021-07-20T16:01:42.672061700Z ------------------------------------------------------------------------------
2021-07-20T16:01:42.672894400Z kids_cat4
2021-07-20T16:01:42.672910200Z ****************
2021-07-20T16:01:42.675120600Z 
2021-07-20T16:01:42.675140700Z  ( 1)  2.kids_cat4 + 1.male#2.kids_cat4 = 0
2021-07-20T16:01:42.675314100Z 
2021-07-20T16:01:42.682535800Z ------------------------------------------------------------------------------
2021-07-20T16:01:42.682553400Z           _t |     exp(b)   Std. Err.      z    P>|z|     [95% Conf. Interval]
2021-07-20T16:01:42.682557200Z -------------+----------------------------------------------------------------
2021-07-20T16:01:42.683063200Z          (1) |   .6495338   .1379127    -2.03   0.042     .4284201    .9847674
2021-07-20T16:01:42.683076400Z ------------------------------------------------------------------------------
2021-07-20T16:01:42.683811400Z kids_cat4
2021-07-20T16:01:42.683827700Z ****************
2021-07-20T16:01:42.685863800Z 
2021-07-20T16:01:42.685878500Z  ( 1)  3.kids_cat4 + 1.male#3.kids_cat4 = 0
2021-07-20T16:01:42.686066300Z 
2021-07-20T16:01:42.693906600Z ------------------------------------------------------------------------------
2021-07-20T16:01:42.693939100Z           _t |     exp(b)   Std. Err.      z    P>|z|     [95% Conf. Interval]
2021-07-20T16:01:42.693946400Z -------------+----------------------------------------------------------------
2021-07-20T16:01:42.694636000Z          (1) |   1.002113   .1376696     0.02   0.988     .7655597    1.311759
2021-07-20T16:01:42.694660800Z ------------------------------------------------------------------------------
2021-07-20T16:01:42.729044600Z (note: file ./output/an_interaction_cox_models_covid_icu_kids_cat4_male_MAINFUL
2021-07-20T16:01:42.729063900Z > LYADJMODEL_agespline_bmicat_noeth_ageband_0W2.ster not found)
2021-07-20T16:01:42.729067800Z file ./output/an_interaction_cox_models_covid_icu_kids_cat4_male_MAINFULLYADJMO
2021-07-20T16:01:42.729070800Z > DEL_agespline_bmicat_noeth_ageband_0W2.ster saved
2021-07-20T16:01:42.735334600Z 
2021-07-20T16:01:42.735360300Z            |   Failure/censoring
2021-07-20T16:01:42.735366900Z            |     indicator for
2021-07-20T16:01:42.735371200Z            |  outcome: covid icu
2021-07-20T16:01:42.735375300Z       Male |         0          1 |     Total
2021-07-20T16:01:42.735379600Z -----------+----------------------+----------
2021-07-20T16:01:42.735384200Z          0 |     1,673        593 |     2,266 
2021-07-20T16:01:42.735388700Z          1 |     1,599        631 |     2,230 
2021-07-20T16:01:42.735393200Z -----------+----------------------+----------
2021-07-20T16:01:42.735397400Z      Total |     3,272      1,224 |     4,496 
2021-07-20T16:01:42.740714700Z 
2021-07-20T16:01:42.740740800Z          failure _d:  covid_icu
2021-07-20T16:01:42.740746400Z    analysis time _t:  (stime_covid_icu-origin)
2021-07-20T16:01:42.740750800Z              origin:  time enter_date
2021-07-20T16:01:42.740754800Z   enter on or after:  time enter_date
2021-07-20T16:01:42.740758900Z                  id:  patient_id
2021-07-20T16:01:42.911471800Z 
2021-07-20T16:01:42.911499000Z Iteration 0:   log pseudolikelihood = -7157.1631
2021-07-20T16:01:42.992135200Z Iteration 1:   log pseudolikelihood = -7141.6068
2021-07-20T16:01:43.057338900Z Iteration 2:   log pseudolikelihood = -7140.9962
2021-07-20T16:01:43.115192000Z Iteration 3:   log pseudolikelihood = -7140.9915
2021-07-20T16:01:43.202579900Z Iteration 4:   log pseudolikelihood = -7140.9915
2021-07-20T16:01:43.202595800Z Refining estimates:
2021-07-20T16:01:43.443366500Z Iteration 0:   log pseudolikelihood = -7140.9915
2021-07-20T16:01:44.672734500Z 
2021-07-20T16:01:44.672759900Z Stratified Cox regr. -- Breslow method for ties
2021-07-20T16:01:44.673133600Z 
2021-07-20T16:01:44.673152600Z No. of subjects      =        4,496             Number of obs    =       4,496
2021-07-20T16:01:44.673628900Z No. of failures      =        1,224
2021-07-20T16:01:44.673647700Z Time at risk         =       367117
2021-07-20T16:01:44.673654700Z                                                 Wald chi2(42)    =       35.17
2021-07-20T16:01:44.673660200Z Log pseudolikelihood =   -7140.9915             Prob > chi2      =      0.7629
2021-07-20T16:01:44.673818100Z 
2021-07-20T16:01:44.693516400Z                          (Std. Err. adjusted for 912 clusters in household_id)
2021-07-20T16:01:44.693540800Z ------------------------------------------------------------------------------
2021-07-20T16:01:44.693548100Z              |               Robust
2021-07-20T16:01:44.693553400Z           _t | Haz. Ratio   Std. Err.      z    P>|z|     [95% Conf. Interval]
2021-07-20T16:01:44.693559500Z -------------+----------------------------------------------------------------
2021-07-20T16:01:44.693577400Z    kids_cat4 |
2021-07-20T16:01:44.694136500Z only <12 ..  |   .9730909   .2206604    -0.12   0.904     .6239258    1.517658
2021-07-20T16:01:44.694573400Z  only 12-18  |   .8075121   .2476204    -0.70   0.486     .4427224    1.472877
2021-07-20T16:01:44.695333300Z       mixed  |   .9764791   .2110592    -0.11   0.912      .639266    1.491572
2021-07-20T16:01:44.695356000Z              |
2021-07-20T16:01:44.695722300Z         age1 |   .9996564   .0254182    -0.01   0.989     .9510586    1.050737
2021-07-20T16:01:44.696141500Z         age2 |   1.056268   .1436831     0.40   0.687     .8090698    1.378993
2021-07-20T16:01:44.696571600Z         age3 |   .8776567   .2371697    -0.48   0.629     .5167778    1.490546
2021-07-20T16:01:44.696978800Z       1.male |   1.104508    .066224     1.66   0.097      .982048    1.242239
2021-07-20T16:01:44.696993600Z              |
2021-07-20T16:01:44.696999700Z    ethnicity |
2021-07-20T16:01:44.697342500Z Asian or ..  |   1.165085   .1075134     1.66   0.098     .9723204    1.396067
2021-07-20T16:01:44.697722700Z       Other  |   .9819838    .095365    -0.19   0.851     .8117835    1.187869
2021-07-20T16:01:44.697737500Z              |
2021-07-20T16:01:44.697752300Z    obese4cat |
2021-07-20T16:01:44.698107200Z Obese I ..)  |   .8820303   .0774372    -1.43   0.153     .7425964    1.047645
2021-07-20T16:01:44.698456200Z Obese II..)  |   .9383141   .0923121    -0.65   0.518     .7737601    1.137863
2021-07-20T16:01:44.698801500Z Obese II..)  |   .9180593   .1135252    -0.69   0.489     .7204653    1.169845
2021-07-20T16:01:44.698814300Z              |
2021-07-20T16:01:44.698819400Z smoke_nomiss |
2021-07-20T16:01:44.699220600Z      Former  |    1.50284   .2712818     2.26   0.024     1.055019    2.140748
2021-07-20T16:01:44.699589700Z     Current  |   .9348108   .0834483    -0.76   0.450     .7847639    1.113547
2021-07-20T16:01:44.699604300Z              |
2021-07-20T16:01:44.699609800Z          imd |
2021-07-20T16:01:44.699962800Z           4  |   .9463936   .0699277    -0.75   0.456     .8187997     1.09387
2021-07-20T16:01:44.700521400Z 5 most de..  |   1.009232   .0969053     0.10   0.924     .8361025     1.21821
2021-07-20T16:01:44.700535700Z              |
2021-07-20T16:01:44.700541600Z tot_adults~h |
2021-07-20T16:01:44.700938000Z           2  |   .5853778   .2423375    -1.29   0.196     .2600469    1.317713
2021-07-20T16:01:44.701342600Z           3  |   .5646874   .1789027    -1.80   0.071     .3034819    1.050711
2021-07-20T16:01:44.701400600Z              |
2021-07-20T16:01:44.701781100Z 1.htdiag_o~p |   1.001565   .1061183     0.01   0.988     .8137523    1.232725
2021-07-20T16:01:44.702127600Z 1.~y_disease |   1.003475   .0735591     0.05   0.962     .8691805     1.15852
2021-07-20T16:01:44.702549900Z     1.asthma |   1.089866   .1123394     0.83   0.404     .8905007    1.333865
2021-07-20T16:01:44.703013000Z 1.~c_disease |   .9682839   .0653198    -0.48   0.633     .8483619    1.105158
2021-07-20T16:01:44.703028000Z              |
2021-07-20T16:01:44.703032800Z      diabcat |
2021-07-20T16:01:44.704175700Z T1DM, con..  |   .8573865   .1713799    -0.77   0.441     .5794728    1.268587
2021-07-20T16:01:44.704195400Z T1DM, unc..  |   .7501196   .3344099    -0.64   0.519     .3130815     1.79723
2021-07-20T16:01:44.704346100Z T2DM, con..  |   .9708296   .0724343    -0.40   0.692     .8387533    1.123704
2021-07-20T16:01:44.704654700Z T2DM, unc..  |   .9473082   .1580517    -0.32   0.746     .6830844    1.313737
2021-07-20T16:01:44.705198700Z Diabetes,..  |   1.915295   1.187929     1.05   0.295     .5679266    6.459205
2021-07-20T16:01:44.705214000Z              |
2021-07-20T16:01:44.705220400Z cancer_exh~t |
2021-07-20T16:01:44.705694200Z   Last year  |   1.057016   .3986236     0.15   0.883     .5047487    2.213544
2021-07-20T16:01:44.706128300Z 2-5 years..  |   1.184839   .2800331     0.72   0.473     .7455564    1.882948
2021-07-20T16:01:44.706610600Z    5+ years  |   1.056485   .0790243     0.73   0.463     .9124184    1.223299
2021-07-20T16:01:44.706663200Z              |
2021-07-20T16:01:44.706672300Z cancer_hae~t |
2021-07-20T16:01:44.707038100Z   Last year  |   .6250728   .3622282    -0.81   0.417     .2007527    1.946256
2021-07-20T16:01:44.707568000Z 2-5 years..  |   1.059632   .2350537     0.26   0.794     .6860195    1.636716
2021-07-20T16:01:44.707938500Z    5+ years  |   .9950552   .0739339    -0.07   0.947     .8602047    1.151046
2021-07-20T16:01:44.707953700Z              |
2021-07-20T16:01:44.708402900Z 1.~r_disease |   .9985877   .0712444    -0.02   0.984     .8682746    1.148459
2021-07-20T16:01:44.708866200Z 1.stroke_d~a |   .9544789   .0701316    -0.63   0.526     .8264625    1.102325
2021-07-20T16:01:44.709356000Z 1.other_ne~o |      .9789   .0700289    -0.30   0.766      .850834    1.126242
2021-07-20T16:01:44.709370500Z              |
2021-07-20T16:01:44.709376100Z reduced_ki~t |
2021-07-20T16:01:44.709936400Z Stage 3a/..  |   1.048459   .1675651     0.30   0.767     .7665001    1.434138
2021-07-20T16:01:44.710379800Z       1.esrd |   .8909601   .0546413    -1.88   0.060     .7900513    1.004757
2021-07-20T16:01:44.710555200Z 1.other_tr~t |   1.099721   .0787775     1.33   0.185     .9556694    1.265487
2021-07-20T16:01:44.711008500Z   1.asplenia |   .9907454   .0735532    -0.13   0.900     .8565813    1.145923
2021-07-20T16:01:44.711551100Z 1.ra_sle_p~s |   1.033605   .0763669     0.45   0.655     .8942616    1.194662
2021-07-20T16:01:44.713216500Z 1.other_im~o |   .9466212   .0591023    -0.88   0.380       .83759    1.069845
2021-07-20T16:01:44.713230700Z ------------------------------------------------------------------------------
2021-07-20T16:01:44.713653500Z                                                              Stratified by stp
2021-07-20T16:01:44.719208200Z    1:      1.98 /        1 =       1.9840
2021-07-20T16:01:44.724416900Z 
2021-07-20T16:01:44.724436600Z          failure _d:  covid_icu
2021-07-20T16:01:44.724441600Z    analysis time _t:  (stime_covid_icu-origin)
2021-07-20T16:01:44.724594500Z              origin:  time enter_date
2021-07-20T16:01:44.724612100Z   enter on or after:  time enter_date
2021-07-20T16:01:44.724618000Z                  id:  patient_id
2021-07-20T16:01:44.927899600Z 
2021-07-20T16:01:44.927920700Z Iteration 0:   log pseudolikelihood = -7157.1631
2021-07-20T16:01:45.017967800Z Iteration 1:   log pseudolikelihood = -7139.1819
2021-07-20T16:01:45.120597600Z Iteration 2:   log pseudolikelihood = -7138.5485
2021-07-20T16:01:45.214329100Z Iteration 3:   log pseudolikelihood = -7138.5442
2021-07-20T16:01:45.291663900Z Iteration 4:   log pseudolikelihood = -7138.5442
2021-07-20T16:01:45.291683600Z Refining estimates:
2021-07-20T16:01:45.553918300Z Iteration 0:   log pseudolikelihood = -7138.5442
2021-07-20T16:01:46.852890800Z 
2021-07-20T16:01:46.852914500Z Stratified Cox regr. -- Breslow method for ties
2021-07-20T16:01:46.852921200Z 
2021-07-20T16:01:46.852926500Z No. of subjects      =        4,496             Number of obs    =       4,496
2021-07-20T16:01:46.852965000Z No. of failures      =        1,224
2021-07-20T16:01:46.852976200Z Time at risk         =       367117
2021-07-20T16:01:46.853176400Z                                                 Wald chi2(45)    =       39.59
2021-07-20T16:01:46.853190000Z Log pseudolikelihood =   -7138.5442             Prob > chi2      =      0.6996
2021-07-20T16:01:46.853197200Z 
2021-07-20T16:01:46.865966800Z                          (Std. Err. adjusted for 912 clusters in household_id)
2021-07-20T16:01:46.865993000Z ------------------------------------------------------------------------------
2021-07-20T16:01:46.865999100Z              |               Robust
2021-07-20T16:01:46.866003900Z           _t | Haz. Ratio   Std. Err.      z    P>|z|     [95% Conf. Interval]
2021-07-20T16:01:46.866008900Z -------------+----------------------------------------------------------------
2021-07-20T16:01:46.866013700Z    kids_cat4 |
2021-07-20T16:01:46.866506800Z only <12 ..  |   .7449918   .2003367    -1.09   0.274     .4397986    1.261971
2021-07-20T16:01:46.866997100Z  only 12-18  |   .9831296   .3755885    -0.04   0.964     .4649682    2.078731
2021-07-20T16:01:46.867281200Z       mixed  |   .8840744   .2126196    -0.51   0.608     .5517916    1.416454
2021-07-20T16:01:46.867295300Z              |
2021-07-20T16:01:46.867968400Z         age1 |   1.000986   .0254618     0.04   0.969     .9523057    1.052156
2021-07-20T16:01:46.868169400Z         age2 |   1.050337    .142811     0.36   0.718     .8046254    1.371084
2021-07-20T16:01:46.868739900Z         age3 |   .8864503   .2394294    -0.45   0.655     .5220902    1.505092
2021-07-20T16:01:46.869299600Z       1.male |   .8580126   .2817359    -0.47   0.641     .4508106    1.633026
2021-07-20T16:01:46.869600300Z              |
2021-07-20T16:01:46.869644900Z    ethnicity |
2021-07-20T16:01:46.870188800Z Asian or ..  |   1.165417   .1076965     1.66   0.098     .9723474    1.396822
2021-07-20T16:01:46.870726300Z       Other  |    .977545   .0948402    -0.23   0.815     .8082659    1.182277
2021-07-20T16:01:46.870740900Z              |
2021-07-20T16:01:46.870745700Z    obese4cat |
2021-07-20T16:01:46.871173100Z Obese I ..)  |   .8805928   .0773243    -1.45   0.148     .7413643    1.045968
2021-07-20T16:01:46.871526500Z Obese II..)  |   .9426516   .0928281    -0.60   0.549     .7771928    1.143336
2021-07-20T16:01:46.871909300Z Obese II..)  |   .9223503   .1138666    -0.65   0.513     .7241237    1.174841
2021-07-20T16:01:46.871924300Z              |
2021-07-20T16:01:46.871930200Z smoke_nomiss |
2021-07-20T16:01:46.872202200Z      Former  |    1.49867   .2690755     2.25   0.024     1.054093    2.130753
2021-07-20T16:01:46.872626400Z     Current  |   .9327523   .0832726    -0.78   0.436     .7830226    1.111113
2021-07-20T16:01:46.872641300Z              |
2021-07-20T16:01:46.872647400Z          imd |
2021-07-20T16:01:46.872939100Z           4  |   .9458011   .0699037    -0.75   0.451     .8182535     1.09323
2021-07-20T16:01:46.873359900Z 5 most de..  |   1.017512   .0976877     0.18   0.857     .8429832    1.228176
2021-07-20T16:01:46.873372800Z              |
2021-07-20T16:01:46.873378200Z tot_adults~h |
2021-07-20T16:01:46.873829400Z           2  |   .5757414   .2413626    -1.32   0.188     .2531549    1.309389
2021-07-20T16:01:46.874204000Z           3  |   .5612308   .1811307    -1.79   0.073      .298144    1.056469
2021-07-20T16:01:46.874218300Z              |
2021-07-20T16:01:46.874712500Z 1.htdiag_o~p |   1.001572   .1061174     0.01   0.988     .8137605    1.232729
2021-07-20T16:01:46.875090000Z 1.~y_disease |   1.007629   .0738978     0.10   0.917     .8727206    1.163393
2021-07-20T16:01:46.875516000Z     1.asthma |   1.102385   .1137806     0.94   0.345     .9004886    1.349549
2021-07-20T16:01:46.875921800Z 1.~c_disease |   .9687019   .0652931    -0.47   0.637     .8488225    1.105512
2021-07-20T16:01:46.875935800Z              |
2021-07-20T16:01:46.875941400Z      diabcat |
2021-07-20T16:01:46.876282000Z T1DM, con..  |   .8467843   .1689056    -0.83   0.404     .5727777    1.251871
2021-07-20T16:01:46.876618400Z T1DM, unc..  |   .7483206   .3335574    -0.65   0.515     .3123719    1.792682
2021-07-20T16:01:46.876921500Z T2DM, con..  |   .9694312    .072434    -0.42   0.678     .8373689    1.122321
2021-07-20T16:01:46.877215900Z T2DM, unc..  |   .9408828   .1571256    -0.36   0.715     .6782449    1.305223
2021-07-20T16:01:46.877606700Z Diabetes,..  |   1.897994   1.176116     1.03   0.301     .5634265    6.393705
2021-07-20T16:01:46.877620400Z              |
2021-07-20T16:01:46.877625800Z cancer_exh~t |
2021-07-20T16:01:46.878013400Z   Last year  |    1.06017   .3993366     0.16   0.877     .5067009    2.218194
2021-07-20T16:01:46.878281700Z 2-5 years..  |   1.200726   .2861879     0.77   0.443     .7525988    1.915685
2021-07-20T16:01:46.878738900Z    5+ years  |   1.053252   .0788578     0.69   0.488     .9094993    1.219727
2021-07-20T16:01:46.878753700Z              |
2021-07-20T16:01:46.878759500Z cancer_hae~t |
2021-07-20T16:01:46.879157900Z   Last year  |    .634106    .368905    -0.78   0.434     .2027481    1.983202
2021-07-20T16:01:46.879554800Z 2-5 years..  |   1.062165   .2366224     0.27   0.787     .6863833     1.64368
2021-07-20T16:01:46.879953200Z    5+ years  |   .9901201   .0737229    -0.13   0.894     .8556745     1.14569
2021-07-20T16:01:46.879979300Z              |
2021-07-20T16:01:46.880436800Z 1.~r_disease |   .9999352   .0714955    -0.00   0.999     .8691823    1.150358
2021-07-20T16:01:46.882464500Z 1.stroke_d~a |   .9565425    .070195    -0.61   0.545     .8283991    1.104508
2021-07-20T16:01:46.883681800Z 1.other_ne~o |   .9797421   .0702151    -0.29   0.775     .8513513    1.127495
2021-07-20T16:01:46.883699600Z              |
2021-07-20T16:01:46.883741500Z reduced_ki~t |
2021-07-20T16:01:46.885814200Z Stage 3a/..  |   1.056017    .168302     0.34   0.732     .7727005    1.443213
2021-07-20T16:01:46.886354400Z       1.esrd |   .8949265   .0549781    -1.81   0.071     .7934059    1.009437
2021-07-20T16:01:46.886781400Z 1.other_tr~t |   1.098859   .0786641     1.32   0.188     .9550082    1.264379
2021-07-20T16:01:46.887249000Z   1.asplenia |   .9893232   .0733751    -0.14   0.885     .8554747    1.144114
2021-07-20T16:01:46.887612700Z 1.ra_sle_p~s |   1.031539   .0762048     0.42   0.674     .8924893    1.192252
2021-07-20T16:01:46.887888300Z 1.other_im~o |   .9429161   .0590764    -0.94   0.348     .8339555    1.066113
2021-07-20T16:01:46.887901000Z              |
2021-07-20T16:01:46.887906400Z         male#|
2021-07-20T16:01:46.887910800Z    kids_cat4 |
2021-07-20T16:01:46.887914900Z           1 #|
2021-07-20T16:01:46.888409100Z only <12 ..  |   1.700629    .627566     1.44   0.150     .8250863    3.505258
2021-07-20T16:01:46.888421600Z           1 #|
2021-07-20T16:01:46.888761700Z  only 12-18  |   .6594315   .4279544    -0.64   0.521     .1848253    2.352762
2021-07-20T16:01:46.890730000Z     1#mixed  |   1.266717   .4233174     0.71   0.479     .6579924    2.438586
2021-07-20T16:01:46.890759100Z ------------------------------------------------------------------------------
2021-07-20T16:01:46.891032100Z                                                              Stratified by stp
2021-07-20T16:01:46.893490400Z    1:      2.18 /        1 =       2.1770
2021-07-20T16:01:46.893505000Z 
2021-07-20T16:01:46.893510200Z  ( 1)  1.male#1.kids_cat4 = 0
2021-07-20T16:01:46.893514500Z  ( 2)  1.male#2.kids_cat4 = 0
2021-07-20T16:01:46.893518400Z  ( 3)  1.male#3.kids_cat4 = 0
2021-07-20T16:01:46.893522400Z 
2021-07-20T16:01:46.893526500Z            chi2(  3) =    4.79
2021-07-20T16:01:46.893618900Z          Prob > chi2 =    0.1878
2021-07-20T16:01:46.893634800Z 
2021-07-20T16:01:46.893640100Z kids_cat4 
2021-07-20T16:01:46.893644600Z ****************
2021-07-20T16:01:46.895853600Z 
2021-07-20T16:01:46.895869400Z  ( 1)  1.kids_cat4 + 1.male#1.kids_cat4 = 0
2021-07-20T16:01:46.896097800Z 
2021-07-20T16:01:46.905900100Z ------------------------------------------------------------------------------
2021-07-20T16:01:46.905919900Z           _t |     exp(b)   Std. Err.      z    P>|z|     [95% Conf. Interval]
2021-07-20T16:01:46.905924800Z -------------+----------------------------------------------------------------
2021-07-20T16:01:46.906769000Z          (1) |   1.266955   .4107504     0.73   0.465     .6711185     2.39179
2021-07-20T16:01:46.906786100Z ------------------------------------------------------------------------------
2021-07-20T16:01:46.907507500Z kids_cat4
2021-07-20T16:01:46.907524700Z ****************
2021-07-20T16:01:46.909659700Z 
2021-07-20T16:01:46.909677000Z  ( 1)  2.kids_cat4 + 1.male#2.kids_cat4 = 0
2021-07-20T16:01:46.909835600Z 
2021-07-20T16:01:46.920783200Z ------------------------------------------------------------------------------
2021-07-20T16:01:46.920810300Z           _t |     exp(b)   Std. Err.      z    P>|z|     [95% Conf. Interval]
2021-07-20T16:01:46.920815500Z -------------+----------------------------------------------------------------
2021-07-20T16:01:46.921484500Z          (1) |   .6483066   .3263589    -0.86   0.389      .241704     1.73891
2021-07-20T16:01:46.921502000Z ------------------------------------------------------------------------------
2021-07-20T16:01:46.922307400Z kids_cat4
2021-07-20T16:01:46.922330200Z ****************
2021-07-20T16:01:46.924813600Z 
2021-07-20T16:01:46.924834100Z  ( 1)  3.kids_cat4 + 1.male#3.kids_cat4 = 0
2021-07-20T16:01:46.925090400Z 
2021-07-20T16:01:46.935747600Z ------------------------------------------------------------------------------
2021-07-20T16:01:46.935774600Z           _t |     exp(b)   Std. Err.      z    P>|z|     [95% Conf. Interval]
2021-07-20T16:01:46.935798200Z -------------+----------------------------------------------------------------
2021-07-20T16:01:46.936498000Z          (1) |   1.119872   .3486635     0.36   0.716     .6083496      2.0615
2021-07-20T16:01:46.936530400Z ------------------------------------------------------------------------------
2021-07-20T16:01:46.948366000Z (note: file ./output/an_interaction_cox_models_covid_icu_kids_cat4_male_MAINFUL
2021-07-20T16:01:46.948391700Z > LYADJMODEL_agespline_bmicat_noeth_ageband_1W2.ster not found)
2021-07-20T16:01:46.948397900Z file ./output/an_interaction_cox_models_covid_icu_kids_cat4_male_MAINFULLYADJMO
2021-07-20T16:01:46.948402700Z > DEL_agespline_bmicat_noeth_ageband_1W2.ster saved
2021-07-20T16:01:46.948407000Z 
2021-07-20T16:01:46.948411100Z . 
2021-07-20T16:01:46.948414900Z . log close
2021-07-20T16:01:46.948515900Z       name:  <unnamed>
2021-07-20T16:01:46.948529400Z        log:  /workspace/log/10_an_interaction_cox_models_sex_covid_icuW2.log
2021-07-20T16:01:46.948535100Z   log type:  text
2021-07-20T16:01:46.948539000Z  closed on:  20 Jul 2021, 16:01:46
2021-07-20T16:01:46.948542800Z -------------------------------------------------------------------------------
2021-07-20T16:01:46.948547100Z 
2021-07-20T16:01:46.948550700Z . 
2021-07-20T16:01:46.948554500Z . exit, clear 
2021-07-20T16:01:46.948558300Z 
2021-07-20T16:01:46.948561900Z end of do-file
2021-07-20T16:01:46.948565500Z 
2021-07-20T16:01:46.948569200Z . . file open output using "/tmp/tmp.pWyZVxyhHr", write text replace
2021-07-20T16:01:46.948749300Z 
2021-07-20T16:01:46.948763500Z . . file write output "success" 
2021-07-20T16:01:46.948768600Z 
2021-07-20T16:01:46.948772600Z . . file close output
2021-07-20T16:01:46.948776600Z 
2021-07-20T16:01:46.948780300Z . 
2021-07-20T16:01:46.948784300Z end of do-file
2021-07-20T16:01:46.948788200Z 
2021-07-20T16:01:46.948792000Z 
2021-07-20T16:01:46.975854100Z . 

state: succeeded
commit: none
docker_image_id: sha256:11980aa720220a1b39bf523f5a8a33270214c13876c30ee364e16265766f7f60
exit_code: 0
job_id: ypvpo5j2rd72hlvg
run_by_user: qc18278
created_at: 2021-07-20T15:38:48Z
started_at: 2021-07-20T16:01:25Z
completed_at: 2021-07-20T16:01:58Z

Completed successfully

outputs:
  log/10_an_interaction_cox_models_sex_covid_icuW2.log                                                                 - moderately_sensitive
  output/an_interaction_cox_models_covid_icu_kids_cat4_male_MAINFULLYADJMODEL_agespline_bmicat_noeth_ageband_0W2.ster  - moderately_sensitive
  output/an_interaction_cox_models_covid_icu_kids_cat4_male_MAINFULLYADJMODEL_agespline_bmicat_noeth_ageband_1W2.ster  - moderately_sensitive