2021-07-20T16:03:22.727477500Z 
2021-07-20T16:03:22.727514200Z   ___  ____  ____  ____  ____ (R)
2021-07-20T16:03:22.727519600Z  /__    /   ____/   /   ____/
2021-07-20T16:03:22.727523100Z ___/   /   /___/   /   /___/   16.1   Copyright 1985-2019 StataCorp LLC
2021-07-20T16:03:22.727526500Z   Statistics/Data Analysis            StataCorp
2021-07-20T16:03:22.727529700Z                                       4905 Lakeway Drive
2021-07-20T16:03:22.727533200Z                                       College Station, Texas 77845 USA
2021-07-20T16:03:22.727536500Z                                       800-STATA-PC        http://www.stata.com
2021-07-20T16:03:22.727540100Z                                       979-696-4600        stata@stata.com
2021-07-20T16:03:22.727543500Z                                       979-696-4601 (fax)
2021-07-20T16:03:22.727546600Z 
2021-07-20T16:03:22.727549700Z 3-user Stata network license expires 11 May 2022:
2021-07-20T16:03:22.727553000Z        Serial number:  501709312237
2021-07-20T16:03:22.727556000Z          Licensed to:  The Bennett Institute
2021-07-20T16:03:22.727559400Z                        Oxford University
2021-07-20T16:03:22.728181800Z 
2021-07-20T16:03:22.728198300Z Notes:
2021-07-20T16:03:22.728202500Z       1.  Unicode is supported; see help unicode_advice.
2021-07-20T16:03:22.728205900Z 
2021-07-20T16:03:22.728231300Z . do "analysis/10_an_interaction_cox_models_ethnicity_strat.wrapper.do" covid_t
2021-07-20T16:03:22.728236300Z > pp_prob W2 
2021-07-20T16:03:22.728240000Z 
2021-07-20T16:03:22.728243100Z . . do "analysis/10_an_interaction_cox_models_ethnicity_strat.do" covid_tpp_pro
2021-07-20T16:03:22.728265200Z > b W2
2021-07-20T16:03:22.728270900Z 
2021-07-20T16:03:22.728274300Z . *****************************************************************************
2021-07-20T16:03:22.728278400Z > ***
2021-07-20T16:03:22.728281500Z . *
2021-07-20T16:03:22.728284500Z . *       Do-file:                10_an_interaction_cox_models_weeks.do
2021-07-20T16:03:22.728287700Z . *
2021-07-20T16:03:22.728291000Z . *       Project:                Exposure children and COVID risk
2021-07-20T16:03:22.728294700Z . *
2021-07-20T16:03:22.728297900Z . *       Programmed by:  Hforbes, based on files from Fizz & Krishnan
2021-07-20T16:03:22.728301300Z . *
2021-07-20T16:03:22.728304500Z . *       Data used:              analysis_dataset.dta
2021-07-20T16:03:22.728307900Z . *
2021-07-20T16:03:22.728311300Z . *       Data created:   None
2021-07-20T16:03:22.728314700Z . *
2021-07-20T16:03:22.728318100Z . *       Other output:   Log file:  10_an_interaction_cox_models.log
2021-07-20T16:03:22.728322100Z . *
2021-07-20T16:03:22.728334800Z . *****************************************************************************
2021-07-20T16:03:22.728339200Z > ***
2021-07-20T16:03:22.728342400Z . *
2021-07-20T16:03:22.728345200Z . *       Purpose:                This do-file performs multivariable (fully ad
2021-07-20T16:03:22.728348300Z > justed)
2021-07-20T16:03:22.728351000Z . *                                       Cox models, with an interaction by we
2021-07-20T16:03:22.728354500Z > ek of pandemic.
2021-07-20T16:03:22.728358100Z . *
2021-07-20T16:03:22.728361500Z . *****************************************************************************
2021-07-20T16:03:22.728365000Z > ***
2021-07-20T16:03:22.728368100Z . *
2021-07-20T16:03:22.728371500Z . *       Stata routines needed:  stbrier
2021-07-20T16:03:22.728374400Z . *
2021-07-20T16:03:22.728377200Z . *****************************************************************************
2021-07-20T16:03:22.728380200Z > ***
2021-07-20T16:03:22.728383500Z . 
2021-07-20T16:03:22.728386700Z . 
2021-07-20T16:03:22.728389900Z . * Set globals that will print in programs and direct output
2021-07-20T16:03:22.728393200Z . global outdir     "output"
2021-07-20T16:03:22.728396600Z 
2021-07-20T16:03:22.728399400Z . global logdir     "log"
2021-07-20T16:03:22.728402300Z 
2021-07-20T16:03:22.728405200Z . global tempdir    "tempdata"
2021-07-20T16:03:22.728408200Z 
2021-07-20T16:03:22.728417000Z . global demogadjlist  age1 age2 age3 i.male i.ethnicity  i.obese4cat i.smoke_n
2021-07-20T16:03:22.728421300Z > omiss i.imd i.tot_adults_hh
2021-07-20T16:03:22.728424800Z 
2021-07-20T16:03:22.728428300Z . global comordidadjlist  i.htdiag_or_highbp                              ///
2021-07-20T16:03:22.728431700Z >                         i.chronic_respiratory_disease   ///
2021-07-20T16:03:22.728434600Z >                         i.asthma                                             
2021-07-20T16:03:22.728438100Z >    ///
2021-07-20T16:03:22.728440900Z >                         i.chronic_cardiac_disease               ///
2021-07-20T16:03:22.728444000Z >                         i.diabcat                                            
2021-07-20T16:03:22.728447500Z >    ///
2021-07-20T16:03:22.728450700Z >                         i.cancer_exhaem_cat                             ///
2021-07-20T16:03:22.728454000Z >                         i.cancer_haem_cat                               ///
2021-07-20T16:03:22.728457400Z >                         i.chronic_liver_disease                 ///
2021-07-20T16:03:22.728460800Z >                         i.stroke_dementia                               ///
2021-07-20T16:03:22.728468700Z >                         i.other_neuro                                   ///
2021-07-20T16:03:22.728472900Z >                         i.reduced_kidney_function_cat   ///
2021-07-20T16:03:22.728476500Z >                         i.esrd                                               
2021-07-20T16:03:22.728480300Z >    ///
2021-07-20T16:03:22.728483600Z >                         i.other_transplant                              ///
2021-07-20T16:03:22.728486900Z >                         i.asplenia                                           
2021-07-20T16:03:22.728490200Z >    ///
2021-07-20T16:03:22.728493400Z >                         i.ra_sle_psoriasis                      ///
2021-07-20T16:03:22.728497100Z >                         i.other_immuno
2021-07-20T16:03:22.728500700Z 
2021-07-20T16:03:22.728504000Z . local outcome `1' 
2021-07-20T16:03:22.728507500Z 
2021-07-20T16:03:22.728510900Z . local dataset `2'
2021-07-20T16:03:22.728514100Z 
2021-07-20T16:03:22.728517000Z . 
2021-07-20T16:03:22.728520300Z . 
2021-07-20T16:03:22.728525000Z . *****************************************************************************
2021-07-20T16:03:22.728528900Z > *******
2021-07-20T16:03:22.728532500Z . *First clean up all old saved estimates for this outcome
2021-07-20T16:03:22.728537000Z . *This is to guard against accidentally displaying left-behind results from ol
2021-07-20T16:03:22.728540800Z > d runs
2021-07-20T16:03:22.728544200Z . *****************************************************************************
2021-07-20T16:03:22.728547800Z > *******
2021-07-20T16:03:22.728551100Z . log using "$logdir/10_an_interaction_cox_models_ethcat_`outcome'`dataset'", t
2021-07-20T16:03:22.728555000Z > ext replace
2021-07-20T16:03:22.728559300Z (note: file /workspace/log/10_an_interaction_cox_models_ethcat_covid_tpp_probW2
2021-07-20T16:03:22.728562900Z > .log not found)
2021-07-20T16:03:22.728613500Z -------------------------------------------------------------------------------
2021-07-20T16:03:22.728626800Z       name:  <unnamed>
2021-07-20T16:03:22.728631600Z        log:  /workspace/log/10_an_interaction_cox_models_ethcat_covid_tpp_probW
2021-07-20T16:03:22.728635300Z > 2.log
2021-07-20T16:03:22.728638700Z   log type:  text
2021-07-20T16:03:22.728642000Z  opened on:  20 Jul 2021, 16:03:22
2021-07-20T16:03:22.728645700Z 
2021-07-20T16:03:22.728648800Z . 
2021-07-20T16:03:22.728652500Z . *****************************************************************************
2021-07-20T16:03:22.728656400Z > ********
2021-07-20T16:03:22.728668400Z . * Open dataset and fit specified model(s)
2021-07-20T16:03:22.728881700Z . forvalues x=0/1 {
2021-07-20T16:03:22.728909500Z   2. 
2021-07-20T16:03:22.728916500Z . use "$tempdir/cr_create_analysis_dataset_STSET_`outcome'_ageband_`x'`dataset'
2021-07-20T16:03:22.728920900Z > .dta", clear
2021-07-20T16:03:22.728924600Z   3. 
2021-07-20T16:03:22.728928000Z . safetab ethnicity `outcome'
2021-07-20T16:03:22.728931800Z   4. levelsof ethnicity, local(levels)
2021-07-20T16:03:22.728934400Z   5. 
2021-07-20T16:03:22.728936500Z . 
2021-07-20T16:03:22.728938600Z . 
2021-07-20T16:03:22.728940500Z . *Age spline model (not adj ethnicity, interaction)
2021-07-20T16:03:22.728942700Z . stcox i.kids_cat4##i.ethnicity                                               
2021-07-20T16:03:22.728944800Z >                    ///
2021-07-20T16:03:22.728946800Z >                         $demogadjlist                                        
2021-07-20T16:03:22.728948900Z >            ///
2021-07-20T16:03:22.728950900Z >                         $comordidadjlist                                     
2021-07-20T16:03:22.728953900Z >            ///
2021-07-20T16:03:22.728957200Z >                         , strata(stp) vce(cluster household_id)
2021-07-20T16:03:22.728960900Z   6.                         estimates save ./output/an_interaction_cox_models_
2021-07-20T16:03:22.728964300Z > `outcome'_kids_cat4_ethnicity_MAINFULLYADJMODEL_agespline_bmicat_noeth_ageban
2021-07-20T16:03:22.728967700Z > d_`x'`dataset', replace
2021-07-20T16:03:22.728970900Z   7. foreach l of local levels {
2021-07-20T16:03:22.728973800Z   8. if _rc==0 {
2021-07-20T16:03:22.729090900Z   9. *testparm `ethcat'.ethnicity#i.kids_cat4
2021-07-20T16:03:22.729103300Z . *di _n "kids_cat4 " _n "****************"
2021-07-20T16:03:22.729107800Z . lincom 1.kids_cat4 + `l'.ethnicity#1.kids_cat4, eform
2021-07-20T16:03:22.729111400Z  10. di "kids_cat4" _n "****************"
2021-07-20T16:03:22.729115100Z  11. lincom 2.kids_cat4 + `l'.ethnicity#2.kids_cat4, eform
2021-07-20T16:03:22.729118300Z  12. lincom 3.kids_cat4 + `l'.ethnicity#3.kids_cat4, eform
2021-07-20T16:03:22.729121800Z  13. 
2021-07-20T16:03:22.729125400Z . }
2021-07-20T16:03:22.729219100Z  14. *else di "WARNING GROUP MODEL DID NOT FIT (OUTCOME `outcome')"
2021-07-20T16:03:22.729228000Z . }
2021-07-20T16:03:22.729230400Z  15. }
2021-07-20T16:03:22.733492000Z 0
2021-07-20T16:03:22.742133200Z 
2021-07-20T16:03:22.742151300Z                       |   Failure/censoring
2021-07-20T16:03:22.742156100Z                       |     indicator for
2021-07-20T16:03:22.742180800Z                       |  outcome: covid prob
2021-07-20T16:03:22.742205100Z                       |         case
2021-07-20T16:03:22.742208900Z             Ethnicity |         0          1 |     Total
2021-07-20T16:03:22.742211100Z ----------------------+----------------------+----------
2021-07-20T16:03:22.742214800Z                 White |     8,812      4,131 |    12,943 
2021-07-20T16:03:22.742216900Z Asian or Asian Britis |     1,169        500 |     1,669 
2021-07-20T16:03:22.742219000Z                 Other |     1,102        521 |     1,623 
2021-07-20T16:03:22.742221200Z ----------------------+----------------------+----------
2021-07-20T16:03:22.742223300Z                 Total |    11,083      5,152 |    16,235 
2021-07-20T16:03:22.749094400Z 1 3 5
2021-07-20T16:03:22.760080500Z 
2021-07-20T16:03:22.760099500Z          failure _d:  covid_tpp_prob
2021-07-20T16:03:22.760102700Z    analysis time _t:  (stime_covid_tpp_prob-origin)
2021-07-20T16:03:22.760106000Z              origin:  time enter_date
2021-07-20T16:03:22.760109700Z   enter on or after:  time enter_date
2021-07-20T16:03:22.760111800Z                  id:  patient_id
2021-07-20T16:03:23.284044800Z 
2021-07-20T16:03:23.284071000Z Iteration 0:   log pseudolikelihood = -36583.944
2021-07-20T16:03:23.471320200Z Iteration 1:   log pseudolikelihood =  -36564.44
2021-07-20T16:03:23.662520900Z Iteration 2:   log pseudolikelihood = -36563.566
2021-07-20T16:03:23.844607200Z Iteration 3:   log pseudolikelihood = -36563.546
2021-07-20T16:03:24.044578700Z Iteration 4:   log pseudolikelihood = -36563.546
2021-07-20T16:03:24.044600800Z Refining estimates:
2021-07-20T16:03:24.999288400Z Iteration 0:   log pseudolikelihood = -36563.546
2021-07-20T16:03:30.583589500Z 
2021-07-20T16:03:30.583614100Z Stratified Cox regr. -- Breslow method for ties
2021-07-20T16:03:30.583829300Z 
2021-07-20T16:03:30.583843300Z No. of subjects      =       16,235             Number of obs    =      16,235
2021-07-20T16:03:30.583847000Z No. of failures      =        5,152
2021-07-20T16:03:30.583849700Z Time at risk         =      1293704
2021-07-20T16:03:30.583882800Z                                                 Wald chi2(48)    =       45.88
2021-07-20T16:03:30.583979500Z Log pseudolikelihood =   -36563.546             Prob > chi2      =      0.5601
2021-07-20T16:03:30.583993000Z 
2021-07-20T16:03:30.754120500Z                        (Std. Err. adjusted for 1,121 clusters in household_id)
2021-07-20T16:03:30.754141600Z ------------------------------------------------------------------------------
2021-07-20T16:03:30.754145500Z              |               Robust
2021-07-20T16:03:30.754148400Z           _t | Haz. Ratio   Std. Err.      z    P>|z|     [95% Conf. Interval]
2021-07-20T16:03:30.754160800Z -------------+----------------------------------------------------------------
2021-07-20T16:03:30.754163400Z    kids_cat4 |
2021-07-20T16:03:30.762737000Z only <12 ..  |   .7994062   .0828383    -2.16   0.031      .652472    .9794294
2021-07-20T16:03:30.762938500Z  only 12-18  |   .8983073   .1225873    -0.79   0.432     .6874892    1.173773
2021-07-20T16:03:30.763194900Z       mixed  |   .8139801   .0779791    -2.15   0.032      .674635    .9821067
2021-07-20T16:03:30.763208800Z              |
2021-07-20T16:03:30.763213700Z    ethnicity |
2021-07-20T16:03:30.763457700Z Asian or ..  |   .6891008   .1828293    -1.40   0.160     .4096807    1.159098
2021-07-20T16:03:30.763891800Z       Other  |   .9584213   .2464175    -0.17   0.869     .5790365    1.586379
2021-07-20T16:03:30.763904000Z              |
2021-07-20T16:03:30.763909300Z    kids_cat4#|
2021-07-20T16:03:30.763913700Z    ethnicity |
2021-07-20T16:03:30.763917800Z only <12 .. #|
2021-07-20T16:03:30.764185200Z Asian or ..  |   1.335286   .3926299     0.98   0.325     .7503872    2.376091
2021-07-20T16:03:30.764199300Z only <12 .. #|
2021-07-20T16:03:30.764511200Z       Other  |   1.148261    .339583     0.47   0.640     .6431453    2.050087
2021-07-20T16:03:30.764527100Z  only 12-18 #|
2021-07-20T16:03:30.764975200Z Asian or ..  |    1.17263   .4644118     0.40   0.688     .5395715    2.548434
2021-07-20T16:03:30.764986100Z  only 12-18 #|
2021-07-20T16:03:30.765324300Z       Other  |   .7252852   .2763139    -0.84   0.399     .3437354    1.530359
2021-07-20T16:03:30.765338700Z       mixed #|
2021-07-20T16:03:30.765571500Z Asian or ..  |   1.343025   .3631474     1.09   0.275     .7905388    2.281628
2021-07-20T16:03:30.765807500Z mixed#Other  |   1.038085   .2718463     0.14   0.887     .6213354    1.734361
2021-07-20T16:03:30.765817600Z              |
2021-07-20T16:03:30.766073600Z         age1 |   .9936384   .0050179    -1.26   0.206      .983852    1.003522
2021-07-20T16:03:30.766303900Z         age2 |   1.016766   .0156837     1.08   0.281     .9864867    1.047975
2021-07-20T16:03:30.766711600Z         age3 |   .9646039   .0414442    -0.84   0.402     .8867009    1.049351
2021-07-20T16:03:30.766961900Z       1.male |   .9699018   .0272795    -1.09   0.277     .9178819     1.02487
2021-07-20T16:03:30.766974700Z              |
2021-07-20T16:03:30.766979900Z    obese4cat |
2021-07-20T16:03:30.767313500Z Obese I ..)  |   1.040893   .0419676     0.99   0.320     .9618041    1.126485
2021-07-20T16:03:30.767566200Z Obese II..)  |   1.018237   .0527169     0.35   0.727     .9199833    1.126985
2021-07-20T16:03:30.767886100Z Obese II..)  |   .9327213   .0566271    -1.15   0.251     .8280832    1.050582
2021-07-20T16:03:30.767899600Z              |
2021-07-20T16:03:30.767932800Z smoke_nomiss |
2021-07-20T16:03:30.768265400Z      Former  |   1.121306   .1130824     1.14   0.256     .9201988    1.366366
2021-07-20T16:03:30.768521200Z     Current  |   1.004388   .0443576     0.10   0.921     .9211052    1.095201
2021-07-20T16:03:30.768533900Z              |
2021-07-20T16:03:30.768538900Z          imd |
2021-07-20T16:03:30.768888300Z           4  |   1.016789   .0355083     0.48   0.634     .9495223    1.088821
2021-07-20T16:03:30.769380000Z 5 most de..  |   1.026603   .0477353     0.56   0.572     .9371797    1.124558
2021-07-20T16:03:30.769400900Z              |
2021-07-20T16:03:30.769404200Z tot_adults~h |
2021-07-20T16:03:30.770158200Z           2  |   1.311777    .327603     1.09   0.277     .8040465    2.140124
2021-07-20T16:03:30.770804500Z           3  |   1.348042   .2620585     1.54   0.124     .9209376    1.973224
2021-07-20T16:03:30.770819000Z              |
2021-07-20T16:03:30.771294000Z 1.htdiag_o~p |   .9686567   .0494652    -0.62   0.533     .8764006    1.070624
2021-07-20T16:03:30.771645400Z 1.~y_disease |   1.017969   .0359447     0.50   0.614      .949901    1.090914
2021-07-20T16:03:30.772095600Z     1.asthma |   .9596831   .0516291    -0.76   0.444     .8636441    1.066402
2021-07-20T16:03:30.772453100Z 1.~c_disease |   1.006259   .0344719     0.18   0.855     .9409137    1.076143
2021-07-20T16:03:30.772466500Z              |
2021-07-20T16:03:30.772471500Z      diabcat |
2021-07-20T16:03:30.772884300Z T1DM, con..  |   1.101795   .0884601     1.21   0.227     .9413698     1.28956
2021-07-20T16:03:30.773233200Z T1DM, unc..  |   .8290742   .1670256    -0.93   0.352     .5586116    1.230486
2021-07-20T16:03:30.773567800Z T2DM, con..  |   1.033271   .0384487     0.88   0.379     .9605954    1.111445
2021-07-20T16:03:30.773841200Z T2DM, unc..  |   1.035211   .0780085     0.46   0.646     .8930717    1.199972
2021-07-20T16:03:30.774095600Z Diabetes,..  |   2.301328   1.050722     1.83   0.068     .9404677     5.63136
2021-07-20T16:03:30.774108500Z              |
2021-07-20T16:03:30.774113400Z cancer_exh~t |
2021-07-20T16:03:30.774401400Z   Last year  |   .7551094   .2007436    -1.06   0.291     .4484567     1.27145
2021-07-20T16:03:30.774725500Z 2-5 years..  |   1.062331   .1124317     0.57   0.568     .8633227    1.307214
2021-07-20T16:03:30.775065500Z    5+ years  |   1.049322   .0371379     1.36   0.174     .9790002    1.124695
2021-07-20T16:03:30.775076300Z              |
2021-07-20T16:03:30.775079300Z cancer_hae~t |
2021-07-20T16:03:30.775381400Z   Last year  |   .4675195   .1466923    -2.42   0.015     .2527672    .8647266
2021-07-20T16:03:30.775671100Z 2-5 years..  |    1.11786   .1194257     1.04   0.297     .9066718     1.37824
2021-07-20T16:03:30.776001800Z    5+ years  |   .9917689   .0370403    -0.22   0.825     .9217645     1.06709
2021-07-20T16:03:30.776031800Z              |
2021-07-20T16:03:30.776360900Z 1.~r_disease |   1.040597   .0363835     1.14   0.255     .9716752    1.114408
2021-07-20T16:03:30.776651800Z 1.stroke_d~a |   .9990398   .0344005    -0.03   0.978     .9338409    1.068791
2021-07-20T16:03:30.776893300Z 1.other_ne~o |   .9958187   .0356765    -0.12   0.907     .9282925    1.068257
2021-07-20T16:03:30.776903300Z              |
2021-07-20T16:03:30.776906200Z reduced_ki~t |
2021-07-20T16:03:30.777269000Z Stage 3a/..  |   .8650242   .2069587    -0.61   0.544     .5412235    1.382547
2021-07-20T16:03:30.777531900Z       1.esrd |   .9929208   .0290761    -0.24   0.808     .9375372    1.051576
2021-07-20T16:03:30.777857300Z 1.other_tr~t |    .996709   .0337109    -0.10   0.922     .9327792     1.06502
2021-07-20T16:03:30.778230700Z   1.asplenia |   1.024612   .0352245     0.71   0.479      .957848     1.09603
2021-07-20T16:03:30.778552400Z 1.ra_sle_p~s |    .987553    .034128    -0.36   0.717     .9228784     1.05676
2021-07-20T16:03:30.791261000Z 1.other_im~o |   .9938504   .0304675    -0.20   0.841     .9358937    1.055396
2021-07-20T16:03:30.791278600Z ------------------------------------------------------------------------------
2021-07-20T16:03:30.791593500Z                                                              Stratified by stp
2021-07-20T16:03:30.819716300Z (note: file ./output/an_interaction_cox_models_covid_tpp_prob_kids_cat4_ethnici
2021-07-20T16:03:30.819743900Z > ty_MAINFULLYADJMODEL_agespline_bmicat_noeth_ageband_0W2.ster not found)
2021-07-20T16:03:30.819747300Z file ./output/an_interaction_cox_models_covid_tpp_prob_kids_cat4_ethnicity_MAIN
2021-07-20T16:03:30.819749900Z > FULLYADJMODEL_agespline_bmicat_noeth_ageband_0W2.ster saved
2021-07-20T16:03:30.822898000Z 
2021-07-20T16:03:30.822913300Z  ( 1)  1.kids_cat4 + 1o.kids_cat4#1b.ethnicity = 0
2021-07-20T16:03:30.823168000Z 
2021-07-20T16:03:30.834287600Z ------------------------------------------------------------------------------
2021-07-20T16:03:30.834305000Z           _t |     exp(b)   Std. Err.      z    P>|z|     [95% Conf. Interval]
2021-07-20T16:03:30.834308500Z -------------+----------------------------------------------------------------
2021-07-20T16:03:30.834927900Z          (1) |   .7994062   .0828383    -2.16   0.031      .652472    .9794294
2021-07-20T16:03:30.834942000Z ------------------------------------------------------------------------------
2021-07-20T16:03:30.835627500Z kids_cat4
2021-07-20T16:03:30.835639200Z ****************
2021-07-20T16:03:30.837612800Z 
2021-07-20T16:03:30.837630000Z  ( 1)  2.kids_cat4 + 2o.kids_cat4#1b.ethnicity = 0
2021-07-20T16:03:30.837635300Z 
2021-07-20T16:03:30.843809900Z ------------------------------------------------------------------------------
2021-07-20T16:03:30.843821200Z           _t |     exp(b)   Std. Err.      z    P>|z|     [95% Conf. Interval]
2021-07-20T16:03:30.843835300Z -------------+----------------------------------------------------------------
2021-07-20T16:03:30.844271600Z          (1) |   .8983073   .1225873    -0.79   0.432     .6874892    1.173773
2021-07-20T16:03:30.844286100Z ------------------------------------------------------------------------------
2021-07-20T16:03:30.846946200Z 
2021-07-20T16:03:30.846971800Z  ( 1)  3.kids_cat4 + 3o.kids_cat4#1b.ethnicity = 0
2021-07-20T16:03:30.847122600Z 
2021-07-20T16:03:30.855432900Z ------------------------------------------------------------------------------
2021-07-20T16:03:30.855485000Z           _t |     exp(b)   Std. Err.      z    P>|z|     [95% Conf. Interval]
2021-07-20T16:03:30.855510800Z -------------+----------------------------------------------------------------
2021-07-20T16:03:30.855879400Z          (1) |   .8139801   .0779791    -2.15   0.032      .674635    .9821067
2021-07-20T16:03:30.855891600Z ------------------------------------------------------------------------------
2021-07-20T16:03:30.858559500Z 
2021-07-20T16:03:30.858576500Z  ( 1)  1.kids_cat4 + 1.kids_cat4#3.ethnicity = 0
2021-07-20T16:03:30.858713500Z 
2021-07-20T16:03:30.866736200Z ------------------------------------------------------------------------------
2021-07-20T16:03:30.866754700Z           _t |     exp(b)   Std. Err.      z    P>|z|     [95% Conf. Interval]
2021-07-20T16:03:30.866758100Z -------------+----------------------------------------------------------------
2021-07-20T16:03:30.867376900Z          (1) |   1.067436   .2861751     0.24   0.808     .6311582    1.805283
2021-07-20T16:03:30.867392100Z ------------------------------------------------------------------------------
2021-07-20T16:03:30.868273000Z kids_cat4
2021-07-20T16:03:30.868284900Z ****************
2021-07-20T16:03:30.870500400Z 
2021-07-20T16:03:30.870516200Z  ( 1)  2.kids_cat4 + 2.kids_cat4#3.ethnicity = 0
2021-07-20T16:03:30.870521400Z 
2021-07-20T16:03:30.877517600Z ------------------------------------------------------------------------------
2021-07-20T16:03:30.877539700Z           _t |     exp(b)   Std. Err.      z    P>|z|     [95% Conf. Interval]
2021-07-20T16:03:30.877545400Z -------------+----------------------------------------------------------------
2021-07-20T16:03:30.878079400Z          (1) |   1.053382   .3890985     0.14   0.888     .5107039    2.172716
2021-07-20T16:03:30.878106200Z ------------------------------------------------------------------------------
2021-07-20T16:03:30.881131900Z 
2021-07-20T16:03:30.881147800Z  ( 1)  3.kids_cat4 + 3.kids_cat4#3.ethnicity = 0
2021-07-20T16:03:30.881318800Z 
2021-07-20T16:03:30.890042700Z ------------------------------------------------------------------------------
2021-07-20T16:03:30.890067500Z           _t |     exp(b)   Std. Err.      z    P>|z|     [95% Conf. Interval]
2021-07-20T16:03:30.890088400Z -------------+----------------------------------------------------------------
2021-07-20T16:03:30.890543500Z          (1) |   1.093195   .2672468     0.36   0.715     .6770328    1.765167
2021-07-20T16:03:30.890557800Z ------------------------------------------------------------------------------
2021-07-20T16:03:30.893139400Z 
2021-07-20T16:03:30.893154300Z  ( 1)  1.kids_cat4 + 1.kids_cat4#5.ethnicity = 0
2021-07-20T16:03:30.893157700Z 
2021-07-20T16:03:30.900193300Z ------------------------------------------------------------------------------
2021-07-20T16:03:30.900213200Z           _t |     exp(b)   Std. Err.      z    P>|z|     [95% Conf. Interval]
2021-07-20T16:03:30.900217300Z -------------+----------------------------------------------------------------
2021-07-20T16:03:30.900583100Z          (1) |    .917927   .2611131    -0.30   0.763     .5256246    1.603026
2021-07-20T16:03:30.900595500Z ------------------------------------------------------------------------------
2021-07-20T16:03:30.901249000Z kids_cat4
2021-07-20T16:03:30.901259700Z ****************
2021-07-20T16:03:30.903226600Z 
2021-07-20T16:03:30.903240900Z  ( 1)  2.kids_cat4 + 2.kids_cat4#5.ethnicity = 0
2021-07-20T16:03:30.903383500Z 
2021-07-20T16:03:30.913170500Z ------------------------------------------------------------------------------
2021-07-20T16:03:30.913196700Z           _t |     exp(b)   Std. Err.      z    P>|z|     [95% Conf. Interval]
2021-07-20T16:03:30.913201000Z -------------+----------------------------------------------------------------
2021-07-20T16:03:30.913647300Z          (1) |    .651529   .2368305    -1.18   0.239     .3195379     1.32845
2021-07-20T16:03:30.913664100Z ------------------------------------------------------------------------------
2021-07-20T16:03:30.916226000Z 
2021-07-20T16:03:30.916289400Z  ( 1)  3.kids_cat4 + 3.kids_cat4#5.ethnicity = 0
2021-07-20T16:03:30.916391300Z 
2021-07-20T16:03:30.923058500Z ------------------------------------------------------------------------------
2021-07-20T16:03:30.923081400Z           _t |     exp(b)   Std. Err.      z    P>|z|     [95% Conf. Interval]
2021-07-20T16:03:30.923087600Z -------------+----------------------------------------------------------------
2021-07-20T16:03:30.923550700Z          (1) |   .8449802   .2118302    -0.67   0.502     .5169598    1.381136
2021-07-20T16:03:30.923568300Z ------------------------------------------------------------------------------
2021-07-20T16:03:30.925174500Z 0
2021-07-20T16:03:30.927135500Z 
2021-07-20T16:03:30.927154200Z                       |   Failure/censoring
2021-07-20T16:03:30.927159900Z                       |     indicator for
2021-07-20T16:03:30.927163800Z                       |  outcome: covid prob
2021-07-20T16:03:30.927175500Z                       |         case
2021-07-20T16:03:30.927179400Z             Ethnicity |         0          1 |     Total
2021-07-20T16:03:30.927182900Z ----------------------+----------------------+----------
2021-07-20T16:03:30.927186100Z                 White |     2,418      1,163 |     3,581 
2021-07-20T16:03:30.927189400Z Asian or Asian Britis |       316        155 |       471 
2021-07-20T16:03:30.927192800Z                 Other |       296        148 |       444 
2021-07-20T16:03:30.927602200Z ----------------------+----------------------+----------
2021-07-20T16:03:30.927614000Z                 Total |     3,030      1,466 |     4,496 
2021-07-20T16:03:30.928997500Z 1 3 5
2021-07-20T16:03:30.933825600Z 
2021-07-20T16:03:30.933844400Z          failure _d:  covid_tpp_prob
2021-07-20T16:03:30.933848900Z    analysis time _t:  (stime_covid_tpp_prob-origin)
2021-07-20T16:03:30.933852700Z              origin:  time enter_date
2021-07-20T16:03:30.933923100Z   enter on or after:  time enter_date
2021-07-20T16:03:30.933934400Z                  id:  patient_id
2021-07-20T16:03:31.102253100Z 
2021-07-20T16:03:31.102277000Z Iteration 0:   log pseudolikelihood = -8512.3765
2021-07-20T16:03:31.176132700Z Iteration 1:   log pseudolikelihood = -8487.8081
2021-07-20T16:03:31.251529800Z Iteration 2:   log pseudolikelihood = -8483.7618
2021-07-20T16:03:31.327965300Z Iteration 3:   log pseudolikelihood = -8483.1485
2021-07-20T16:03:31.400180000Z Iteration 4:   log pseudolikelihood = -8483.0192
2021-07-20T16:03:31.475500900Z Iteration 5:   log pseudolikelihood = -8482.9739
2021-07-20T16:03:31.560843300Z Iteration 6:   log pseudolikelihood = -8482.9572
2021-07-20T16:03:31.641748400Z Iteration 7:   log pseudolikelihood = -8482.9511
2021-07-20T16:03:31.714038100Z Iteration 8:   log pseudolikelihood = -8482.9488
2021-07-20T16:03:31.788598700Z Iteration 9:   log pseudolikelihood =  -8482.948
2021-07-20T16:03:31.869049700Z Iteration 10:  log pseudolikelihood = -8482.9477
2021-07-20T16:03:31.940569100Z Iteration 11:  log pseudolikelihood = -8482.9475
2021-07-20T16:03:32.014171700Z Iteration 12:  log pseudolikelihood = -8482.9475
2021-07-20T16:03:32.097064900Z Iteration 13:  log pseudolikelihood = -8482.9475
2021-07-20T16:03:32.181540500Z Iteration 14:  log pseudolikelihood = -8482.9475
2021-07-20T16:03:32.253871000Z Iteration 15:  log pseudolikelihood = -8482.9475
2021-07-20T16:03:32.336086700Z Iteration 16:  log pseudolikelihood = -8482.9475
2021-07-20T16:03:32.413542700Z Iteration 17:  log pseudolikelihood = -8482.9475
2021-07-20T16:03:32.486395700Z Iteration 18:  log pseudolikelihood = -8482.9475
2021-07-20T16:03:32.561131700Z Iteration 19:  log pseudolikelihood = -8482.9475
2021-07-20T16:03:32.631552200Z Iteration 20:  log pseudolikelihood = -8482.9475
2021-07-20T16:03:32.705770100Z Iteration 21:  log pseudolikelihood = -8482.9475
2021-07-20T16:03:32.790438800Z Iteration 22:  log pseudolikelihood = -8482.9475
2021-07-20T16:03:32.790461800Z Refining estimates:
2021-07-20T16:03:33.051803200Z Iteration 0:   log pseudolikelihood = -8482.9475
2021-07-20T16:03:34.106728000Z 
2021-07-20T16:03:34.106754300Z Stratified Cox regr. -- Breslow method for ties
2021-07-20T16:03:34.106760200Z 
2021-07-20T16:03:34.106764700Z No. of subjects      =        4,496             Number of obs    =       4,496
2021-07-20T16:03:34.106769300Z No. of failures      =        1,466
2021-07-20T16:03:34.106773800Z Time at risk         =       355784
2021-07-20T16:03:34.106833100Z                                                 Wald chi2(47)    =     1310.87
2021-07-20T16:03:34.106846500Z Log pseudolikelihood =   -8482.9475             Prob > chi2      =      0.0000
2021-07-20T16:03:34.106850400Z 
2021-07-20T16:03:34.118773500Z                          (Std. Err. adjusted for 912 clusters in household_id)
2021-07-20T16:03:34.118796700Z ------------------------------------------------------------------------------
2021-07-20T16:03:34.118801900Z              |               Robust
2021-07-20T16:03:34.118805900Z           _t | Haz. Ratio   Std. Err.      z    P>|z|     [95% Conf. Interval]
2021-07-20T16:03:34.118810200Z -------------+----------------------------------------------------------------
2021-07-20T16:03:34.118814200Z    kids_cat4 |
2021-07-20T16:03:34.119190800Z only <12 ..  |   .5425889   .1149714    -2.89   0.004      .358184    .8219313
2021-07-20T16:03:34.119463800Z  only 12-18  |    .580178   .1609272    -1.96   0.050     .3368672    .9992261
2021-07-20T16:03:34.120102700Z       mixed  |   .7223134   .1376757    -1.71   0.088     .4971453    1.049465
2021-07-20T16:03:34.120114500Z              |
2021-07-20T16:03:34.120118700Z    ethnicity |
2021-07-20T16:03:34.120352700Z Asian or ..  |   2.390995   1.102367     1.89   0.059     .9685733    5.902346
2021-07-20T16:03:34.120789600Z       Other  |   1.96e-10   1.36e-10   -32.21   0.000     5.03e-11    7.63e-10
2021-07-20T16:03:34.120802500Z              |
2021-07-20T16:03:34.120807300Z    kids_cat4#|
2021-07-20T16:03:34.120811200Z    ethnicity |
2021-07-20T16:03:34.120814900Z only <12 .. #|
2021-07-20T16:03:34.121110900Z Asian or ..  |   .5783997   .3133953    -1.01   0.312     .1999954    1.672769
2021-07-20T16:03:34.121123900Z only <12 .. #|
2021-07-20T16:03:34.121370000Z       Other  |   6.56e+09   4.84e+09    30.63   0.000     1.55e+09    2.79e+10
2021-07-20T16:03:34.121382200Z  only 12-18 #|
2021-07-20T16:03:34.121464600Z Asian or ..  |   1.071526     .64378     0.11   0.908     .3300618    3.478647
2021-07-20T16:03:34.121487000Z  only 12-18 #|
2021-07-20T16:03:34.121874000Z       Other  |   3.94e+09          .        .       .            .           .
2021-07-20T16:03:34.121884900Z       mixed #|
2021-07-20T16:03:34.122007200Z Asian or ..  |   .3981608   .1867699    -1.96   0.050     .1587726    .9984847
2021-07-20T16:03:34.122342900Z mixed#Other  |   5.52e+09   3.87e+09    32.00   0.000     1.40e+09    2.18e+10
2021-07-20T16:03:34.122354800Z              |
2021-07-20T16:03:34.122359600Z         age1 |   1.023833   .0220866     1.09   0.275     .9814463     1.06805
2021-07-20T16:03:34.122702800Z         age2 |   .8609846   .0991331    -1.30   0.194     .6870506    1.078952
2021-07-20T16:03:34.122850100Z         age3 |    1.35867   .3104805     1.34   0.180     .8681589    2.126321
2021-07-20T16:03:34.123244800Z       1.male |   1.021181   .0553241     0.39   0.699     .9183063    1.135581
2021-07-20T16:03:34.123258700Z              |
2021-07-20T16:03:34.123264100Z    obese4cat |
2021-07-20T16:03:34.123267200Z Obese I ..)  |   1.015099   .0775676     0.20   0.845     .8739065    1.179104
2021-07-20T16:03:34.123633300Z Obese II..)  |   1.017696   .0950792     0.19   0.851     .8474108    1.222201
2021-07-20T16:03:34.123745800Z Obese II..)  |   .8655385   .1006741    -1.24   0.214     .6890963    1.087159
2021-07-20T16:03:34.123757400Z              |
2021-07-20T16:03:34.123762000Z smoke_nomiss |
2021-07-20T16:03:34.124052400Z      Former  |   .8764018   .1829056    -0.63   0.527     .5821796    1.319318
2021-07-20T16:03:34.124238000Z     Current  |   .8809718   .0737437    -1.51   0.130     .7476705    1.038039
2021-07-20T16:03:34.124249300Z              |
2021-07-20T16:03:34.124253800Z          imd |
2021-07-20T16:03:34.124492400Z           4  |   1.059778   .0711336     0.86   0.387     .9291403    1.208784
2021-07-20T16:03:34.124731900Z 5 most de..  |   1.012234   .0893139     0.14   0.890     .8514819    1.203334
2021-07-20T16:03:34.124743200Z              |
2021-07-20T16:03:34.124746300Z tot_adults~h |
2021-07-20T16:03:34.124936000Z           2  |   1.113346   .4584992     0.26   0.794     .4966922    2.495587
2021-07-20T16:03:34.125170000Z           3  |   1.377042   .4895475     0.90   0.368     .6860242    2.764108
2021-07-20T16:03:34.125181400Z              |
2021-07-20T16:03:34.125414300Z 1.htdiag_o~p |   1.027688   .1021166     0.27   0.783     .8458262    1.248651
2021-07-20T16:03:34.125660900Z 1.~y_disease |   .9846358   .0677219    -0.23   0.822      .860461    1.126731
2021-07-20T16:03:34.125927400Z     1.asthma |   .9999716   .0913187    -0.00   1.000     .8360935    1.195971
2021-07-20T16:03:34.126144400Z 1.~c_disease |   1.001083   .0642441     0.02   0.987     .8827638    1.135261
2021-07-20T16:03:34.126154600Z              |
2021-07-20T16:03:34.126164200Z      diabcat |
2021-07-20T16:03:34.126444800Z T1DM, con..  |   1.084202   .1787929     0.49   0.624     .7847675    1.497889
2021-07-20T16:03:34.126680200Z T1DM, unc..  |   1.622823   .4749519     1.65   0.098     .9144285        2.88
2021-07-20T16:03:34.126921400Z T2DM, con..  |   .8984844   .0646037    -1.49   0.137     .7803809    1.034462
2021-07-20T16:03:34.127201300Z T2DM, unc..  |   .7555361   .1262597    -1.68   0.093     .5445134    1.048339
2021-07-20T16:03:34.127690800Z Diabetes,..  |   1.697293   1.026929     0.87   0.382     .5184972    5.556065
2021-07-20T16:03:34.127711300Z              |
2021-07-20T16:03:34.127717200Z cancer_exh~t |
2021-07-20T16:03:34.128025400Z   Last year  |   1.283136    .467998     0.68   0.494     .6277893    2.622595
2021-07-20T16:03:34.128220600Z 2-5 years..  |   1.469841    .307055     1.84   0.065     .9760035     2.21355
2021-07-20T16:03:34.128500600Z    5+ years  |   .9096993    .064239    -1.34   0.180     .7921177    1.044735
2021-07-20T16:03:34.128513900Z              |
2021-07-20T16:03:34.128519000Z cancer_hae~t |
2021-07-20T16:03:34.128745600Z   Last year  |   .8498702   .3600371    -0.38   0.701     .3704687    1.949637
2021-07-20T16:03:34.128956900Z 2-5 years..  |    .844515   .2030497    -0.70   0.482     .5271692    1.352897
2021-07-20T16:03:34.129262700Z    5+ years  |   .9365949   .0618919    -0.99   0.322     .8228162    1.066107
2021-07-20T16:03:34.129274400Z              |
2021-07-20T16:03:34.129520900Z 1.~r_disease |   1.084403   .0685023     1.28   0.200     .9581203    1.227331
2021-07-20T16:03:34.129794100Z 1.stroke_d~a |    1.03674    .068824     0.54   0.587     .9102546    1.180802
2021-07-20T16:03:34.130029500Z 1.other_ne~o |    1.00373   .0636677     0.06   0.953     .8863887    1.136605
2021-07-20T16:03:34.130038800Z              |
2021-07-20T16:03:34.130041400Z reduced_ki~t |
2021-07-20T16:03:34.130348000Z Stage 3a/..  |   1.209409   .1629592     1.41   0.158     .9287098    1.574949
2021-07-20T16:03:34.130610200Z       1.esrd |   1.031615     .05665     0.57   0.571     .9263491    1.148842
2021-07-20T16:03:34.130921800Z 1.other_tr~t |   1.059655   .0680279     0.90   0.367     .9343701    1.201739
2021-07-20T16:03:34.131192800Z   1.asplenia |   1.115844   .0719985     1.70   0.089     .9832876     1.26627
2021-07-20T16:03:34.131471200Z 1.ra_sle_p~s |   1.056984   .0722338     0.81   0.417     .9244808    1.208479
2021-07-20T16:03:34.132577800Z 1.other_im~o |   1.002122   .0567708     0.04   0.970     .8968083    1.119803
2021-07-20T16:03:34.132589600Z ------------------------------------------------------------------------------
2021-07-20T16:03:34.132771500Z                                                              Stratified by stp
2021-07-20T16:03:34.140927400Z (note: file ./output/an_interaction_cox_models_covid_tpp_prob_kids_cat4_ethnici
2021-07-20T16:03:34.140948600Z > ty_MAINFULLYADJMODEL_agespline_bmicat_noeth_ageband_1W2.ster not found)
2021-07-20T16:03:34.140960900Z file ./output/an_interaction_cox_models_covid_tpp_prob_kids_cat4_ethnicity_MAIN
2021-07-20T16:03:34.140963500Z > FULLYADJMODEL_agespline_bmicat_noeth_ageband_1W2.ster saved
2021-07-20T16:03:34.142888200Z 
2021-07-20T16:03:34.142905500Z  ( 1)  1.kids_cat4 + 1o.kids_cat4#1b.ethnicity = 0
2021-07-20T16:03:34.143199500Z 
2021-07-20T16:03:34.149610100Z ------------------------------------------------------------------------------
2021-07-20T16:03:34.149630900Z           _t |     exp(b)   Std. Err.      z    P>|z|     [95% Conf. Interval]
2021-07-20T16:03:34.149636200Z -------------+----------------------------------------------------------------
2021-07-20T16:03:34.150069500Z          (1) |   .5425889   .1149714    -2.89   0.004      .358184    .8219313
2021-07-20T16:03:34.150084100Z ------------------------------------------------------------------------------
2021-07-20T16:03:34.150501100Z kids_cat4
2021-07-20T16:03:34.150513600Z ****************
2021-07-20T16:03:34.152345700Z 
2021-07-20T16:03:34.152359400Z  ( 1)  2.kids_cat4 + 2o.kids_cat4#1b.ethnicity = 0
2021-07-20T16:03:34.152364500Z 
2021-07-20T16:03:34.158583900Z ------------------------------------------------------------------------------
2021-07-20T16:03:34.158602800Z           _t |     exp(b)   Std. Err.      z    P>|z|     [95% Conf. Interval]
2021-07-20T16:03:34.158608500Z -------------+----------------------------------------------------------------
2021-07-20T16:03:34.158961000Z          (1) |    .580178   .1609272    -1.96   0.050     .3368672    .9992261
2021-07-20T16:03:34.158976700Z ------------------------------------------------------------------------------
2021-07-20T16:03:34.161237900Z 
2021-07-20T16:03:34.161260200Z  ( 1)  3.kids_cat4 + 3o.kids_cat4#1b.ethnicity = 0
2021-07-20T16:03:34.161263400Z 
2021-07-20T16:03:34.167826900Z ------------------------------------------------------------------------------
2021-07-20T16:03:34.167851700Z           _t |     exp(b)   Std. Err.      z    P>|z|     [95% Conf. Interval]
2021-07-20T16:03:34.167855500Z -------------+----------------------------------------------------------------
2021-07-20T16:03:34.168251200Z          (1) |   .7223134   .1376757    -1.71   0.088     .4971453    1.049465
2021-07-20T16:03:34.168269300Z ------------------------------------------------------------------------------
2021-07-20T16:03:34.170589500Z 
2021-07-20T16:03:34.170605400Z  ( 1)  1.kids_cat4 + 1.kids_cat4#3.ethnicity = 0
2021-07-20T16:03:34.170608500Z 
2021-07-20T16:03:34.176850100Z ------------------------------------------------------------------------------
2021-07-20T16:03:34.176873100Z           _t |     exp(b)   Std. Err.      z    P>|z|     [95% Conf. Interval]
2021-07-20T16:03:34.176892600Z -------------+----------------------------------------------------------------
2021-07-20T16:03:34.177407800Z          (1) |   .3138332   .1651592    -2.20   0.028     .1118773    .8803512
2021-07-20T16:03:34.177421700Z ------------------------------------------------------------------------------
2021-07-20T16:03:34.177902800Z kids_cat4
2021-07-20T16:03:34.177915800Z ****************
2021-07-20T16:03:34.179708300Z 
2021-07-20T16:03:34.179723800Z  ( 1)  2.kids_cat4 + 2.kids_cat4#3.ethnicity = 0
2021-07-20T16:03:34.179728900Z 
2021-07-20T16:03:34.188864600Z ------------------------------------------------------------------------------
2021-07-20T16:03:34.188883600Z           _t |     exp(b)   Std. Err.      z    P>|z|     [95% Conf. Interval]
2021-07-20T16:03:34.188886800Z -------------+----------------------------------------------------------------
2021-07-20T16:03:34.189446900Z          (1) |   .6216759   .3286907    -0.90   0.369     .2205561    1.752302
2021-07-20T16:03:34.189461000Z ------------------------------------------------------------------------------
2021-07-20T16:03:34.192445600Z 
2021-07-20T16:03:34.192465600Z  ( 1)  3.kids_cat4 + 3.kids_cat4#3.ethnicity = 0
2021-07-20T16:03:34.192471300Z 
2021-07-20T16:03:34.199295500Z ------------------------------------------------------------------------------
2021-07-20T16:03:34.199317400Z           _t |     exp(b)   Std. Err.      z    P>|z|     [95% Conf. Interval]
2021-07-20T16:03:34.199320800Z -------------+----------------------------------------------------------------
2021-07-20T16:03:34.199685900Z          (1) |   .2875969   .1280271    -2.80   0.005     .1201882    .6881872
2021-07-20T16:03:34.199698800Z ------------------------------------------------------------------------------
2021-07-20T16:03:34.201878300Z 
2021-07-20T16:03:34.201890300Z  ( 1)  1.kids_cat4 + 1.kids_cat4#5.ethnicity = 0
2021-07-20T16:03:34.202015600Z 
2021-07-20T16:03:34.208003100Z ------------------------------------------------------------------------------
2021-07-20T16:03:34.208022600Z           _t |     exp(b)   Std. Err.      z    P>|z|     [95% Conf. Interval]
2021-07-20T16:03:34.208027800Z -------------+----------------------------------------------------------------
2021-07-20T16:03:34.208383700Z          (1) |   3.56e+09   2.68e+09    29.22   0.000     8.15e+08    1.56e+10
2021-07-20T16:03:34.208396000Z ------------------------------------------------------------------------------
2021-07-20T16:03:34.208784300Z kids_cat4
2021-07-20T16:03:34.208795500Z ****************
2021-07-20T16:03:34.210775900Z 
2021-07-20T16:03:34.210792200Z  ( 1)  2.kids_cat4 + 2.kids_cat4#5.ethnicity = 0
2021-07-20T16:03:34.210795200Z 
2021-07-20T16:03:34.216737700Z ------------------------------------------------------------------------------
2021-07-20T16:03:34.216767500Z           _t |     exp(b)   Std. Err.      z    P>|z|     [95% Conf. Interval]
2021-07-20T16:03:34.216773400Z -------------+----------------------------------------------------------------
2021-07-20T16:03:34.217174900Z          (1) |   2.28e+09   6.34e+08    77.69   0.000     1.33e+09    3.93e+09
2021-07-20T16:03:34.217187500Z ------------------------------------------------------------------------------
2021-07-20T16:03:34.219160500Z 
2021-07-20T16:03:34.219172600Z  ( 1)  3.kids_cat4 + 3.kids_cat4#5.ethnicity = 0
2021-07-20T16:03:34.219266700Z 
2021-07-20T16:03:34.224822600Z ------------------------------------------------------------------------------
2021-07-20T16:03:34.224834500Z           _t |     exp(b)   Std. Err.      z    P>|z|     [95% Conf. Interval]
2021-07-20T16:03:34.224837900Z -------------+----------------------------------------------------------------
2021-07-20T16:03:34.225235000Z          (1) |   3.99e+09   2.90e+09    30.45   0.000     9.61e+08    1.65e+10
2021-07-20T16:03:34.225246500Z ------------------------------------------------------------------------------
2021-07-20T16:03:34.225727900Z 
2021-07-20T16:03:34.225743400Z . log close
2021-07-20T16:03:34.225748400Z       name:  <unnamed>
2021-07-20T16:03:34.225752600Z        log:  /workspace/log/10_an_interaction_cox_models_ethcat_covid_tpp_probW
2021-07-20T16:03:34.225756400Z > 2.log
2021-07-20T16:03:34.225759900Z   log type:  text
2021-07-20T16:03:34.225763900Z  closed on:  20 Jul 2021, 16:03:34
2021-07-20T16:03:34.225767700Z -------------------------------------------------------------------------------
2021-07-20T16:03:34.225771400Z 
2021-07-20T16:03:34.225773500Z . 
2021-07-20T16:03:34.225775500Z . exit, clear 
2021-07-20T16:03:34.225777500Z 
2021-07-20T16:03:34.225779400Z end of do-file
2021-07-20T16:03:34.225781400Z 
2021-07-20T16:03:34.225783400Z . . file open output using "/tmp/tmp.OrE7MFxAtU", write text replace
2021-07-20T16:03:34.225785700Z 
2021-07-20T16:03:34.225787800Z . . file write output "success" 
2021-07-20T16:03:34.225789900Z 
2021-07-20T16:03:34.225791900Z . . file close output
2021-07-20T16:03:34.225794100Z 
2021-07-20T16:03:34.225796000Z . 
2021-07-20T16:03:34.225798000Z end of do-file
2021-07-20T16:03:34.225800000Z 
2021-07-20T16:03:34.225802100Z 
2021-07-20T16:03:34.248015900Z . 

state: succeeded
commit: none
docker_image_id: sha256:11980aa720220a1b39bf523f5a8a33270214c13876c30ee364e16265766f7f60
exit_code: 0
job_id: r4kihzg74tgtnega
run_by_user: qc18278
created_at: 2021-07-20T15:38:48Z
started_at: 2021-07-20T16:03:22Z
completed_at: 2021-07-20T16:03:52Z

Completed successfully

outputs:
  log/10_an_interaction_cox_models_ethcat_covid_tpp_probW2.log                                                                   - moderately_sensitive
  output/an_interaction_cox_models_covid_tpp_prob_kids_cat4_ethnicity_MAINFULLYADJMODEL_agespline_bmicat_noeth_ageband_0W2.ster  - moderately_sensitive
  output/an_interaction_cox_models_covid_tpp_prob_kids_cat4_ethnicity_MAINFULLYADJMODEL_agespline_bmicat_noeth_ageband_1W2.ster  - moderately_sensitive