2021-07-20T16:04:24.245234100Z 
2021-07-20T16:04:24.245268500Z   ___  ____  ____  ____  ____ (R)
2021-07-20T16:04:24.245273600Z  /__    /   ____/   /   ____/
2021-07-20T16:04:24.245277000Z ___/   /   /___/   /   /___/   16.1   Copyright 1985-2019 StataCorp LLC
2021-07-20T16:04:24.245280400Z   Statistics/Data Analysis            StataCorp
2021-07-20T16:04:24.245283500Z                                       4905 Lakeway Drive
2021-07-20T16:04:24.245287000Z                                       College Station, Texas 77845 USA
2021-07-20T16:04:24.245290400Z                                       800-STATA-PC        http://www.stata.com
2021-07-20T16:04:24.245293700Z                                       979-696-4600        stata@stata.com
2021-07-20T16:04:24.245297100Z                                       979-696-4601 (fax)
2021-07-20T16:04:24.245300700Z 
2021-07-20T16:04:24.245303700Z 3-user Stata network license expires 11 May 2022:
2021-07-20T16:04:24.245306900Z        Serial number:  501709312237
2021-07-20T16:04:24.245310200Z          Licensed to:  The Bennett Institute
2021-07-20T16:04:24.245313900Z                        Oxford University
2021-07-20T16:04:24.245317500Z 
2021-07-20T16:04:24.245321000Z Notes:
2021-07-20T16:04:24.245324400Z       1.  Unicode is supported; see help unicode_advice.
2021-07-20T16:04:24.245327500Z 
2021-07-20T16:04:24.245330600Z . do "analysis/10_an_interaction_cox_models_ethnicity_strat.wrapper.do" covid_d
2021-07-20T16:04:24.245333900Z > eath W2 
2021-07-20T16:04:24.245337100Z 
2021-07-20T16:04:24.245340500Z . . do "analysis/10_an_interaction_cox_models_ethnicity_strat.do" covid_death W
2021-07-20T16:04:24.245376700Z > 2
2021-07-20T16:04:24.245381100Z 
2021-07-20T16:04:24.245384600Z . *****************************************************************************
2021-07-20T16:04:24.245388500Z > ***
2021-07-20T16:04:24.245392000Z . *
2021-07-20T16:04:24.245395300Z . *       Do-file:                10_an_interaction_cox_models_weeks.do
2021-07-20T16:04:24.245398900Z . *
2021-07-20T16:04:24.245402200Z . *       Project:                Exposure children and COVID risk
2021-07-20T16:04:24.245406000Z . *
2021-07-20T16:04:24.245409400Z . *       Programmed by:  Hforbes, based on files from Fizz & Krishnan
2021-07-20T16:04:24.245413000Z . *
2021-07-20T16:04:24.245416500Z . *       Data used:              analysis_dataset.dta
2021-07-20T16:04:24.245420000Z . *
2021-07-20T16:04:24.245423200Z . *       Data created:   None
2021-07-20T16:04:24.245426500Z . *
2021-07-20T16:04:24.245430200Z . *       Other output:   Log file:  10_an_interaction_cox_models.log
2021-07-20T16:04:24.245433900Z . *
2021-07-20T16:04:24.245445600Z . *****************************************************************************
2021-07-20T16:04:24.245450400Z > ***
2021-07-20T16:04:24.245453700Z . *
2021-07-20T16:04:24.245456800Z . *       Purpose:                This do-file performs multivariable (fully ad
2021-07-20T16:04:24.245460400Z > justed)
2021-07-20T16:04:24.245463800Z . *                                       Cox models, with an interaction by we
2021-07-20T16:04:24.245467600Z > ek of pandemic.
2021-07-20T16:04:24.245471400Z . *
2021-07-20T16:04:24.245474800Z . *****************************************************************************
2021-07-20T16:04:24.245478500Z > ***
2021-07-20T16:04:24.245481900Z . *
2021-07-20T16:04:24.245485200Z . *       Stata routines needed:  stbrier
2021-07-20T16:04:24.245488500Z . *
2021-07-20T16:04:24.245491800Z . *****************************************************************************
2021-07-20T16:04:24.245495700Z > ***
2021-07-20T16:04:24.245499200Z . 
2021-07-20T16:04:24.245504000Z . 
2021-07-20T16:04:24.245507500Z . * Set globals that will print in programs and direct output
2021-07-20T16:04:24.245511100Z . global outdir     "output"
2021-07-20T16:04:24.245514600Z 
2021-07-20T16:04:24.245517700Z . global logdir     "log"
2021-07-20T16:04:24.245521100Z 
2021-07-20T16:04:24.245526000Z . global tempdir    "tempdata"
2021-07-20T16:04:24.245529600Z 
2021-07-20T16:04:24.245532700Z . global demogadjlist  age1 age2 age3 i.male i.ethnicity  i.obese4cat i.smoke_n
2021-07-20T16:04:24.245535900Z > omiss i.imd i.tot_adults_hh
2021-07-20T16:04:24.245539100Z 
2021-07-20T16:04:24.245542100Z . global comordidadjlist  i.htdiag_or_highbp                              ///
2021-07-20T16:04:24.245545300Z >                         i.chronic_respiratory_disease   ///
2021-07-20T16:04:24.245548600Z >                         i.asthma                                             
2021-07-20T16:04:24.245552100Z >    ///
2021-07-20T16:04:24.245555500Z >                         i.chronic_cardiac_disease               ///
2021-07-20T16:04:24.245558900Z >                         i.diabcat                                            
2021-07-20T16:04:24.245562400Z >    ///
2021-07-20T16:04:24.245565300Z >                         i.cancer_exhaem_cat                             ///
2021-07-20T16:04:24.245568500Z >                         i.cancer_haem_cat                               ///
2021-07-20T16:04:24.245571800Z >                         i.chronic_liver_disease                 ///
2021-07-20T16:04:24.245575100Z >                         i.stroke_dementia                               ///
2021-07-20T16:04:24.245582600Z >                         i.other_neuro                                   ///
2021-07-20T16:04:24.245586100Z >                         i.reduced_kidney_function_cat   ///
2021-07-20T16:04:24.245589500Z >                         i.esrd                                               
2021-07-20T16:04:24.245592800Z >    ///
2021-07-20T16:04:24.245595800Z >                         i.other_transplant                              ///
2021-07-20T16:04:24.245599200Z >                         i.asplenia                                           
2021-07-20T16:04:24.245602400Z >    ///
2021-07-20T16:04:24.245605500Z >                         i.ra_sle_psoriasis                      ///
2021-07-20T16:04:24.245609000Z >                         i.other_immuno
2021-07-20T16:04:24.245612400Z 
2021-07-20T16:04:24.245615500Z . local outcome `1' 
2021-07-20T16:04:24.245618800Z 
2021-07-20T16:04:24.245621700Z . local dataset `2'
2021-07-20T16:04:24.245624800Z 
2021-07-20T16:04:24.245627800Z . 
2021-07-20T16:04:24.245630800Z . 
2021-07-20T16:04:24.245634300Z . *****************************************************************************
2021-07-20T16:04:24.245638000Z > *******
2021-07-20T16:04:24.245641300Z . *First clean up all old saved estimates for this outcome
2021-07-20T16:04:24.245644700Z . *This is to guard against accidentally displaying left-behind results from ol
2021-07-20T16:04:24.245648000Z > d runs
2021-07-20T16:04:24.245651000Z . *****************************************************************************
2021-07-20T16:04:24.245654300Z > *******
2021-07-20T16:04:24.245657300Z . log using "$logdir/10_an_interaction_cox_models_ethcat_`outcome'`dataset'", t
2021-07-20T16:04:24.245660900Z > ext replace
2021-07-20T16:04:24.245664600Z (note: file /workspace/log/10_an_interaction_cox_models_ethcat_covid_deathW2.lo
2021-07-20T16:04:24.245668200Z > g not found)
2021-07-20T16:04:24.245671700Z -------------------------------------------------------------------------------
2021-07-20T16:04:24.245675100Z       name:  <unnamed>
2021-07-20T16:04:24.245679500Z        log:  /workspace/log/10_an_interaction_cox_models_ethcat_covid_deathW2.l
2021-07-20T16:04:24.245682700Z > og
2021-07-20T16:04:24.245686900Z   log type:  text
2021-07-20T16:04:24.245690100Z  opened on:  20 Jul 2021, 16:04:24
2021-07-20T16:04:24.245693600Z 
2021-07-20T16:04:24.245697000Z . 
2021-07-20T16:04:24.245700400Z . *****************************************************************************
2021-07-20T16:04:24.245703700Z > ********
2021-07-20T16:04:24.245718600Z . * Open dataset and fit specified model(s)
2021-07-20T16:04:24.245722400Z . forvalues x=0/1 {
2021-07-20T16:04:24.245725800Z   2. 
2021-07-20T16:04:24.245729300Z . use "$tempdir/cr_create_analysis_dataset_STSET_`outcome'_ageband_`x'`dataset'
2021-07-20T16:04:24.245732800Z > .dta", clear
2021-07-20T16:04:24.245736200Z   3. 
2021-07-20T16:04:24.245739400Z . safetab ethnicity `outcome'
2021-07-20T16:04:24.245742500Z   4. levelsof ethnicity, local(levels)
2021-07-20T16:04:24.245745300Z   5. 
2021-07-20T16:04:24.245748400Z . 
2021-07-20T16:04:24.245752000Z . 
2021-07-20T16:04:24.245755500Z . *Age spline model (not adj ethnicity, interaction)
2021-07-20T16:04:24.245759000Z . stcox i.kids_cat4##i.ethnicity                                               
2021-07-20T16:04:24.245762700Z >                    ///
2021-07-20T16:04:24.245766600Z >                         $demogadjlist                                        
2021-07-20T16:04:24.245770100Z >            ///
2021-07-20T16:04:24.245773200Z >                         $comordidadjlist                                     
2021-07-20T16:04:24.245776600Z >            ///
2021-07-20T16:04:24.245779700Z >                         , strata(stp) vce(cluster household_id)
2021-07-20T16:04:24.245783200Z   6.                         estimates save ./output/an_interaction_cox_models_
2021-07-20T16:04:24.245786600Z > `outcome'_kids_cat4_ethnicity_MAINFULLYADJMODEL_agespline_bmicat_noeth_ageban
2021-07-20T16:04:24.245790100Z > d_`x'`dataset', replace
2021-07-20T16:04:24.245793400Z   7. foreach l of local levels {
2021-07-20T16:04:24.245796600Z   8. if _rc==0 {
2021-07-20T16:04:24.245800200Z   9. *testparm `ethcat'.ethnicity#i.kids_cat4
2021-07-20T16:04:24.245803400Z . *di _n "kids_cat4 " _n "****************"
2021-07-20T16:04:24.245807300Z . lincom 1.kids_cat4 + `l'.ethnicity#1.kids_cat4, eform
2021-07-20T16:04:24.245811500Z  10. di "kids_cat4" _n "****************"
2021-07-20T16:04:24.245815400Z  11. lincom 2.kids_cat4 + `l'.ethnicity#2.kids_cat4, eform
2021-07-20T16:04:24.245818900Z  12. lincom 3.kids_cat4 + `l'.ethnicity#3.kids_cat4, eform
2021-07-20T16:04:24.245822100Z  13. 
2021-07-20T16:04:24.245824900Z . }
2021-07-20T16:04:24.245827800Z  14. *else di "WARNING GROUP MODEL DID NOT FIT (OUTCOME `outcome')"
2021-07-20T16:04:24.245830900Z . }
2021-07-20T16:04:24.245833800Z  15. }
2021-07-20T16:04:24.250846500Z 0
2021-07-20T16:04:24.258616800Z 
2021-07-20T16:04:24.258634800Z                       |   Failure/censoring
2021-07-20T16:04:24.258637700Z                       |     indicator for
2021-07-20T16:04:24.258652600Z                       | outcome: covid death
2021-07-20T16:04:24.258654900Z             Ethnicity |         0          1 |     Total
2021-07-20T16:04:24.258657000Z ----------------------+----------------------+----------
2021-07-20T16:04:24.258659300Z                 White |    10,862      2,081 |    12,943 
2021-07-20T16:04:24.258661400Z Asian or Asian Britis |     1,421        248 |     1,669 
2021-07-20T16:04:24.258663500Z                 Other |     1,355        268 |     1,623 
2021-07-20T16:04:24.258665600Z ----------------------+----------------------+----------
2021-07-20T16:04:24.258667600Z                 Total |    13,638      2,597 |    16,235 
2021-07-20T16:04:24.267130800Z 1 3 5
2021-07-20T16:04:24.278845400Z 
2021-07-20T16:04:24.278884100Z          failure _d:  covid_death
2021-07-20T16:04:24.278890000Z    analysis time _t:  (stime_covid_death-origin)
2021-07-20T16:04:24.278894000Z              origin:  time enter_date
2021-07-20T16:04:24.278897500Z   enter on or after:  time enter_date
2021-07-20T16:04:24.278901000Z                  id:  patient_id
2021-07-20T16:04:24.859019100Z 
2021-07-20T16:04:24.859044300Z Iteration 0:   log pseudolikelihood = -18813.465
2021-07-20T16:04:25.050482600Z Iteration 1:   log pseudolikelihood = -18793.425
2021-07-20T16:04:25.256563300Z Iteration 2:   log pseudolikelihood = -18793.263
2021-07-20T16:04:25.468827000Z Iteration 3:   log pseudolikelihood = -18793.262
2021-07-20T16:04:25.742687700Z Iteration 4:   log pseudolikelihood = -18793.262
2021-07-20T16:04:25.742720700Z Refining estimates:
2021-07-20T16:04:26.622540800Z Iteration 0:   log pseudolikelihood = -18793.262
2021-07-20T16:04:33.484001100Z 
2021-07-20T16:04:33.484026100Z Stratified Cox regr. -- Breslow method for ties
2021-07-20T16:04:33.484031000Z 
2021-07-20T16:04:33.484034600Z No. of subjects      =       16,235             Number of obs    =      16,235
2021-07-20T16:04:33.484038800Z No. of failures      =        2,597
2021-07-20T16:04:33.484042400Z Time at risk         =      1520863
2021-07-20T16:04:33.484046000Z                                                 Wald chi2(48)    =       39.99
2021-07-20T16:04:33.484049700Z Log pseudolikelihood =   -18793.262             Prob > chi2      =      0.7878
2021-07-20T16:04:33.484053700Z 
2021-07-20T16:04:33.620147900Z                        (Std. Err. adjusted for 1,121 clusters in household_id)
2021-07-20T16:04:33.620182100Z ------------------------------------------------------------------------------
2021-07-20T16:04:33.620187800Z              |               Robust
2021-07-20T16:04:33.620192200Z           _t | Haz. Ratio   Std. Err.      z    P>|z|     [95% Conf. Interval]
2021-07-20T16:04:33.620196600Z -------------+----------------------------------------------------------------
2021-07-20T16:04:33.620218400Z    kids_cat4 |
2021-07-20T16:04:33.629895400Z only <12 ..  |   1.147182   .1874208     0.84   0.401     .8328508    1.580146
2021-07-20T16:04:33.629917700Z  only 12-18  |   .9533987   .2276284    -0.20   0.842     .5970988    1.522309
2021-07-20T16:04:33.630300200Z       mixed  |   1.127621   .1722723     0.79   0.432      .835836    1.521268
2021-07-20T16:04:33.630314000Z              |
2021-07-20T16:04:33.630318800Z    ethnicity |
2021-07-20T16:04:33.630322700Z Asian or ..  |   .4778244   .2467679    -1.43   0.153     .1736494    1.314811
2021-07-20T16:04:33.630832300Z       Other  |   1.093358   .3906603     0.25   0.803     .5427815    2.202416
2021-07-20T16:04:33.630847700Z              |
2021-07-20T16:04:33.630852700Z    kids_cat4#|
2021-07-20T16:04:33.630856300Z    ethnicity |
2021-07-20T16:04:33.630859400Z only <12 .. #|
2021-07-20T16:04:33.630991000Z Asian or ..  |   1.917032   1.057053     1.18   0.238      .650543    5.649142
2021-07-20T16:04:33.631002200Z only <12 .. #|
2021-07-20T16:04:33.631316900Z       Other  |   .9595724   .3931924    -0.10   0.920     .4298246    2.142221
2021-07-20T16:04:33.631327900Z  only 12-18 #|
2021-07-20T16:04:33.631470200Z Asian or ..  |   2.338919   1.735273     1.15   0.252     .5463846    10.01226
2021-07-20T16:04:33.631481000Z  only 12-18 #|
2021-07-20T16:04:33.631858600Z       Other  |   1.315486   .6531709     0.55   0.581        .4971    3.481197
2021-07-20T16:04:33.631871400Z       mixed #|
2021-07-20T16:04:33.631876500Z Asian or ..  |    1.94662   1.016323     1.28   0.202     .6996356    5.416147
2021-07-20T16:04:33.632213900Z mixed#Other  |   .9260733    .338063    -0.21   0.833     .4528082    1.893985
2021-07-20T16:04:33.632243000Z              |
2021-07-20T16:04:33.632248100Z         age1 |   1.006391    .007476     0.86   0.391     .9918444    1.021151
2021-07-20T16:04:33.632496500Z         age2 |   .9849558   .0224591    -0.66   0.506     .9419058    1.029973
2021-07-20T16:04:33.632516200Z         age3 |   1.035927   .0658102     0.56   0.578     .9146479    1.173286
2021-07-20T16:04:33.633000200Z       1.male |   .9998328   .0398234    -0.00   0.997     .9247491    1.081013
2021-07-20T16:04:33.633010900Z              |
2021-07-20T16:04:33.633013700Z    obese4cat |
2021-07-20T16:04:33.633097600Z Obese I ..)  |   .9804703   .0564773    -0.34   0.732     .8757966    1.097654
2021-07-20T16:04:33.633267000Z Obese II..)  |    .967234   .0730144    -0.44   0.659     .8342117    1.121468
2021-07-20T16:04:33.633600800Z Obese II..)  |   .9728186   .0811725    -0.33   0.741     .8260515    1.145662
2021-07-20T16:04:33.633612900Z              |
2021-07-20T16:04:33.633617300Z smoke_nomiss |
2021-07-20T16:04:33.633700600Z      Former  |   .9351318   .1345637    -0.47   0.641     .7053206    1.239821
2021-07-20T16:04:33.634045200Z     Current  |   .9195726   .0554391    -1.39   0.164     .8170882    1.034911
2021-07-20T16:04:33.634058500Z              |
2021-07-20T16:04:33.634063200Z          imd |
2021-07-20T16:04:33.634188100Z           4  |   .9047237   .0447743    -2.02   0.043     .8210893    .9968769
2021-07-20T16:04:33.634515300Z 5 most de..  |   .9678549   .0635584    -0.50   0.619     .8509664    1.100799
2021-07-20T16:04:33.634527600Z              |
2021-07-20T16:04:33.634530700Z tot_adults~h |
2021-07-20T16:04:33.634685100Z           2  |   .9507572   .2966158    -0.16   0.871     .5158377    1.752372
2021-07-20T16:04:33.634938800Z           3  |   .7355828   .1763937    -1.28   0.200     .4597401     1.17693
2021-07-20T16:04:33.634950000Z              |
2021-07-20T16:04:33.635247800Z 1.htdiag_o~p |   .9517562   .0686815    -0.69   0.493     .8262291    1.096354
2021-07-20T16:04:33.635368200Z 1.~y_disease |   .9056368   .0457087    -1.96   0.050     .8203378    .9998052
2021-07-20T16:04:33.635703600Z     1.asthma |    1.01883   .0738276     0.26   0.797     .8839362    1.174309
2021-07-20T16:04:33.636065000Z 1.~c_disease |    .966701   .0475948    -0.69   0.492     .8777763    1.064634
2021-07-20T16:04:33.636077800Z              |
2021-07-20T16:04:33.636082500Z      diabcat |
2021-07-20T16:04:33.636392900Z T1DM, con..  |   1.167274   .1385227     1.30   0.192     .9250372    1.472946
2021-07-20T16:04:33.636776700Z T1DM, unc..  |   .9301899   .2398931    -0.28   0.779     .5611117    1.542034
2021-07-20T16:04:33.636931300Z T2DM, con..  |   .8963688   .0481664    -2.04   0.042     .8067656    .9959238
2021-07-20T16:04:33.637182600Z T2DM, unc..  |   1.187476   .1209487     1.69   0.092     .9725839    1.449849
2021-07-20T16:04:33.637459400Z Diabetes,..  |   1.535529   1.183925     0.56   0.578     .3388159    6.959085
2021-07-20T16:04:33.637470200Z              |
2021-07-20T16:04:33.637474300Z cancer_exh~t |
2021-07-20T16:04:33.637686900Z   Last year  |   .9391428   .3094449    -0.19   0.849     .4923378    1.791431
2021-07-20T16:04:33.637854100Z 2-5 years..  |   .8766837    .145861    -0.79   0.429     .6327346    1.214687
2021-07-20T16:04:33.638093800Z    5+ years  |   1.026377   .0527705     0.51   0.613     .9279889    1.135196
2021-07-20T16:04:33.638104900Z              |
2021-07-20T16:04:33.638109500Z cancer_hae~t |
2021-07-20T16:04:33.638360700Z   Last year  |   .9943758   .3118538    -0.02   0.986     .5377726    1.838664
2021-07-20T16:04:33.638536200Z 2-5 years..  |   1.162057   .1665101     1.05   0.295     .8775253    1.538847
2021-07-20T16:04:33.638836100Z    5+ years  |    .993651   .0502207    -0.13   0.900     .8999384    1.097122
2021-07-20T16:04:33.638846300Z              |
2021-07-20T16:04:33.639096800Z 1.~r_disease |   1.053189   .0512983     1.06   0.287     .9572962    1.158687
2021-07-20T16:04:33.639285700Z 1.stroke_d~a |   .9644326   .0478624    -0.73   0.466     .8750419    1.062955
2021-07-20T16:04:33.639512000Z 1.other_ne~o |   .9813774   .0515443    -0.36   0.720     .8853784    1.087785
2021-07-20T16:04:33.639524200Z              |
2021-07-20T16:04:33.639528600Z reduced_ki~t |
2021-07-20T16:04:33.639817400Z Stage 3a/..  |   1.159222   .3462514     0.49   0.621     .6455333    2.081682
2021-07-20T16:04:33.640072800Z       1.esrd |   .9314521   .0387137    -1.71   0.088     .8585831    1.010506
2021-07-20T16:04:33.640251600Z 1.other_tr~t |   1.009828   .0486394     0.20   0.839     .9188584    1.109805
2021-07-20T16:04:33.640557700Z   1.asplenia |    .992599   .0486569    -0.15   0.880     .9016711    1.092696
2021-07-20T16:04:33.640774900Z 1.ra_sle_p~s |   1.051928   .0526705     1.01   0.312     .9535998    1.160396
2021-07-20T16:04:33.652105400Z 1.other_im~o |   1.065472   .0433552     1.56   0.119     .9837976    1.153927
2021-07-20T16:04:33.652123300Z ------------------------------------------------------------------------------
2021-07-20T16:04:33.652398900Z                                                              Stratified by stp
2021-07-20T16:04:33.676045200Z (note: file ./output/an_interaction_cox_models_covid_death_kids_cat4_ethnicity_
2021-07-20T16:04:33.676063800Z > MAINFULLYADJMODEL_agespline_bmicat_noeth_ageband_0W2.ster not found)
2021-07-20T16:04:33.676066800Z file ./output/an_interaction_cox_models_covid_death_kids_cat4_ethnicity_MAINFUL
2021-07-20T16:04:33.676069100Z > LYADJMODEL_agespline_bmicat_noeth_ageband_0W2.ster saved
2021-07-20T16:04:33.678286900Z 
2021-07-20T16:04:33.678304800Z  ( 1)  1.kids_cat4 + 1o.kids_cat4#1b.ethnicity = 0
2021-07-20T16:04:33.678309600Z 
2021-07-20T16:04:33.685361300Z ------------------------------------------------------------------------------
2021-07-20T16:04:33.685390800Z           _t |     exp(b)   Std. Err.      z    P>|z|     [95% Conf. Interval]
2021-07-20T16:04:33.685396200Z -------------+----------------------------------------------------------------
2021-07-20T16:04:33.686062700Z          (1) |   1.147182   .1874208     0.84   0.401     .8328508    1.580146
2021-07-20T16:04:33.686083700Z ------------------------------------------------------------------------------
2021-07-20T16:04:33.687362400Z kids_cat4
2021-07-20T16:04:33.687387000Z ****************
2021-07-20T16:04:33.689593800Z 
2021-07-20T16:04:33.689616800Z  ( 1)  2.kids_cat4 + 2o.kids_cat4#1b.ethnicity = 0
2021-07-20T16:04:33.689619900Z 
2021-07-20T16:04:33.695778500Z ------------------------------------------------------------------------------
2021-07-20T16:04:33.695826000Z           _t |     exp(b)   Std. Err.      z    P>|z|     [95% Conf. Interval]
2021-07-20T16:04:33.695832100Z -------------+----------------------------------------------------------------
2021-07-20T16:04:33.696168100Z          (1) |   .9533987   .2276284    -0.20   0.842     .5970988    1.522309
2021-07-20T16:04:33.696182300Z ------------------------------------------------------------------------------
2021-07-20T16:04:33.698409100Z 
2021-07-20T16:04:33.698423300Z  ( 1)  3.kids_cat4 + 3o.kids_cat4#1b.ethnicity = 0
2021-07-20T16:04:33.698503700Z 
2021-07-20T16:04:33.706023800Z ------------------------------------------------------------------------------
2021-07-20T16:04:33.706043700Z           _t |     exp(b)   Std. Err.      z    P>|z|     [95% Conf. Interval]
2021-07-20T16:04:33.706048700Z -------------+----------------------------------------------------------------
2021-07-20T16:04:33.706396200Z          (1) |   1.127621   .1722723     0.79   0.432      .835836    1.521268
2021-07-20T16:04:33.706412000Z ------------------------------------------------------------------------------
2021-07-20T16:04:33.708802300Z 
2021-07-20T16:04:33.708815400Z  ( 1)  1.kids_cat4 + 1.kids_cat4#3.ethnicity = 0
2021-07-20T16:04:33.708818300Z 
2021-07-20T16:04:33.714780400Z ------------------------------------------------------------------------------
2021-07-20T16:04:33.714840200Z           _t |     exp(b)   Std. Err.      z    P>|z|     [95% Conf. Interval]
2021-07-20T16:04:33.714848800Z -------------+----------------------------------------------------------------
2021-07-20T16:04:33.715315600Z          (1) |   2.199184   1.177762     1.47   0.141     .7698478    6.282292
2021-07-20T16:04:33.715357200Z ------------------------------------------------------------------------------
2021-07-20T16:04:33.715993200Z kids_cat4
2021-07-20T16:04:33.716009800Z ****************
2021-07-20T16:04:33.717965100Z 
2021-07-20T16:04:33.717983400Z  ( 1)  2.kids_cat4 + 2.kids_cat4#3.ethnicity = 0
2021-07-20T16:04:33.718129800Z 
2021-07-20T16:04:33.723845200Z ------------------------------------------------------------------------------
2021-07-20T16:04:33.723864300Z           _t |     exp(b)   Std. Err.      z    P>|z|     [95% Conf. Interval]
2021-07-20T16:04:33.723869500Z -------------+----------------------------------------------------------------
2021-07-20T16:04:33.724281000Z          (1) |   2.229923   1.518928     1.18   0.239     .5867967    8.474069
2021-07-20T16:04:33.724294100Z ------------------------------------------------------------------------------
2021-07-20T16:04:33.726670200Z 
2021-07-20T16:04:33.726685500Z  ( 1)  3.kids_cat4 + 3.kids_cat4#3.ethnicity = 0
2021-07-20T16:04:33.726772800Z 
2021-07-20T16:04:33.732539000Z ------------------------------------------------------------------------------
2021-07-20T16:04:33.732554700Z           _t |     exp(b)   Std. Err.      z    P>|z|     [95% Conf. Interval]
2021-07-20T16:04:33.732558000Z -------------+----------------------------------------------------------------
2021-07-20T16:04:33.732976000Z          (1) |    2.19505   1.122706     1.54   0.124     .8055253    5.981496
2021-07-20T16:04:33.732985600Z ------------------------------------------------------------------------------
2021-07-20T16:04:33.735357500Z 
2021-07-20T16:04:33.735367600Z  ( 1)  1.kids_cat4 + 1.kids_cat4#5.ethnicity = 0
2021-07-20T16:04:33.735454600Z 
2021-07-20T16:04:33.741002200Z ------------------------------------------------------------------------------
2021-07-20T16:04:33.741017800Z           _t |     exp(b)   Std. Err.      z    P>|z|     [95% Conf. Interval]
2021-07-20T16:04:33.741022900Z -------------+----------------------------------------------------------------
2021-07-20T16:04:33.741408300Z          (1) |   1.100804   .4112755     0.26   0.797     .5292849    2.289447
2021-07-20T16:04:33.741419500Z ------------------------------------------------------------------------------
2021-07-20T16:04:33.742021300Z kids_cat4
2021-07-20T16:04:33.742032400Z ****************
2021-07-20T16:04:33.743739700Z 
2021-07-20T16:04:33.743751200Z  ( 1)  2.kids_cat4 + 2.kids_cat4#5.ethnicity = 0
2021-07-20T16:04:33.743756100Z 
2021-07-20T16:04:33.749270700Z ------------------------------------------------------------------------------
2021-07-20T16:04:33.749285300Z           _t |     exp(b)   Std. Err.      z    P>|z|     [95% Conf. Interval]
2021-07-20T16:04:33.749290200Z -------------+----------------------------------------------------------------
2021-07-20T16:04:33.749700800Z          (1) |   1.254183   .5554747     0.51   0.609     .5264601    2.987831
2021-07-20T16:04:33.749728600Z ------------------------------------------------------------------------------
2021-07-20T16:04:33.751898800Z 
2021-07-20T16:04:33.751909900Z  ( 1)  3.kids_cat4 + 3.kids_cat4#5.ethnicity = 0
2021-07-20T16:04:33.751914400Z 
2021-07-20T16:04:33.757796500Z ------------------------------------------------------------------------------
2021-07-20T16:04:33.757814600Z           _t |     exp(b)   Std. Err.      z    P>|z|     [95% Conf. Interval]
2021-07-20T16:04:33.757819300Z -------------+----------------------------------------------------------------
2021-07-20T16:04:33.758203200Z          (1) |    1.04426    .351747     0.13   0.898      .539624    2.020813
2021-07-20T16:04:33.758214900Z ------------------------------------------------------------------------------
2021-07-20T16:04:33.759856000Z 0
2021-07-20T16:04:33.761726400Z 
2021-07-20T16:04:33.761740700Z                       |   Failure/censoring
2021-07-20T16:04:33.761744500Z                       |     indicator for
2021-07-20T16:04:33.761747500Z                       | outcome: covid death
2021-07-20T16:04:33.761750500Z             Ethnicity |         0          1 |     Total
2021-07-20T16:04:33.761761600Z ----------------------+----------------------+----------
2021-07-20T16:04:33.761765100Z                 White |     3,002        579 |     3,581 
2021-07-20T16:04:33.761768100Z Asian or Asian Britis |       401         70 |       471 
2021-07-20T16:04:33.761770900Z                 Other |       380         64 |       444 
2021-07-20T16:04:33.761773900Z ----------------------+----------------------+----------
2021-07-20T16:04:33.762112600Z                 Total |     3,783        713 |     4,496 
2021-07-20T16:04:33.763082400Z 1 3 5
2021-07-20T16:04:33.766917300Z 
2021-07-20T16:04:33.766930800Z          failure _d:  covid_death
2021-07-20T16:04:33.766935100Z    analysis time _t:  (stime_covid_death-origin)
2021-07-20T16:04:33.766938800Z              origin:  time enter_date
2021-07-20T16:04:33.766942300Z   enter on or after:  time enter_date
2021-07-20T16:04:33.766946400Z                  id:  patient_id
2021-07-20T16:04:33.869937300Z 
2021-07-20T16:04:33.869960800Z Iteration 0:   log pseudolikelihood = -4249.2225
2021-07-20T16:04:33.916921100Z Iteration 1:   log pseudolikelihood = -4240.3846
2021-07-20T16:04:33.962543900Z Iteration 2:   log pseudolikelihood =  -4229.238
2021-07-20T16:04:34.006618800Z Iteration 3:   log pseudolikelihood = -4226.9972
2021-07-20T16:04:34.052421800Z Iteration 4:   log pseudolikelihood = -4226.7214
2021-07-20T16:04:34.102793700Z Iteration 5:   log pseudolikelihood = -4226.7013
2021-07-20T16:04:34.151184600Z Iteration 6:   log pseudolikelihood = -4226.6959
2021-07-20T16:04:34.195136600Z Iteration 7:   log pseudolikelihood =  -4226.694
2021-07-20T16:04:34.238194500Z Iteration 8:   log pseudolikelihood = -4226.6932
2021-07-20T16:04:34.287919400Z Iteration 9:   log pseudolikelihood =  -4226.693
2021-07-20T16:04:34.342574200Z Iteration 10:  log pseudolikelihood = -4226.6929
2021-07-20T16:04:34.395743100Z Iteration 11:  log pseudolikelihood = -4226.6928
2021-07-20T16:04:34.453564100Z Iteration 12:  log pseudolikelihood = -4226.6928
2021-07-20T16:04:34.509727000Z Iteration 13:  log pseudolikelihood = -4226.6928
2021-07-20T16:04:34.567575800Z Iteration 14:  log pseudolikelihood = -4226.6928
2021-07-20T16:04:34.635098200Z Iteration 15:  log pseudolikelihood = -4226.6928
2021-07-20T16:04:34.700391600Z Iteration 16:  log pseudolikelihood = -4226.6928
2021-07-20T16:04:34.780771300Z Iteration 17:  log pseudolikelihood = -4226.6928
2021-07-20T16:04:34.844133400Z Iteration 18:  log pseudolikelihood = -4226.6928
2021-07-20T16:04:34.915028500Z Iteration 19:  log pseudolikelihood = -4226.6928
2021-07-20T16:04:34.991735800Z Iteration 20:  log pseudolikelihood = -4226.6928
2021-07-20T16:04:35.057411000Z Iteration 21:  log pseudolikelihood = -4226.6928
2021-07-20T16:04:35.130375500Z Iteration 22:  log pseudolikelihood = -4226.6928
2021-07-20T16:04:35.199478800Z Iteration 23:  log pseudolikelihood = -4226.6928
2021-07-20T16:04:35.264449600Z Iteration 24:  log pseudolikelihood = -4226.6928
2021-07-20T16:04:35.333361700Z Iteration 25:  log pseudolikelihood = -4226.6928
2021-07-20T16:04:35.399985900Z Iteration 26:  log pseudolikelihood = -4226.6928
2021-07-20T16:04:35.467327000Z Iteration 27:  log pseudolikelihood = -4226.6928
2021-07-20T16:04:35.529361200Z Iteration 28:  log pseudolikelihood = -4226.6928
2021-07-20T16:04:35.603873000Z Iteration 29:  log pseudolikelihood = -4226.6928
2021-07-20T16:04:35.603905800Z Refining estimates:
2021-07-20T16:04:35.844405100Z Iteration 0:   log pseudolikelihood = -4226.6928
2021-07-20T16:04:36.109716600Z Iteration 1:   log pseudolikelihood = -4226.6928
2021-07-20T16:04:36.386925800Z Iteration 2:   log pseudolikelihood = -4226.6928
2021-07-20T16:04:36.667627000Z Iteration 3:   log pseudolikelihood = -4226.6928
2021-07-20T16:04:37.002882000Z Iteration 4:   log pseudolikelihood = -4226.6928
2021-07-20T16:04:38.495536400Z 
2021-07-20T16:04:38.495561700Z Stratified Cox regr. -- Breslow method for ties
2021-07-20T16:04:38.495566700Z 
2021-07-20T16:04:38.495570000Z No. of subjects      =        4,496             Number of obs    =       4,496
2021-07-20T16:04:38.495573300Z No. of failures      =          713
2021-07-20T16:04:38.495576300Z Time at risk         =       420295
2021-07-20T16:04:38.495731700Z                                                 Wald chi2(48)    =     6037.80
2021-07-20T16:04:38.495757000Z Log pseudolikelihood =   -4226.6928             Prob > chi2      =      0.0000
2021-07-20T16:04:38.495763400Z 
2021-07-20T16:04:38.515802000Z                          (Std. Err. adjusted for 912 clusters in household_id)
2021-07-20T16:04:38.515824100Z ------------------------------------------------------------------------------
2021-07-20T16:04:38.515831100Z              |               Robust
2021-07-20T16:04:38.515836600Z           _t | Haz. Ratio   Std. Err.      z    P>|z|     [95% Conf. Interval]
2021-07-20T16:04:38.515842200Z -------------+----------------------------------------------------------------
2021-07-20T16:04:38.515847500Z    kids_cat4 |
2021-07-20T16:04:38.516464000Z only <12 ..  |   1.068147   .2989701     0.24   0.814     .6171392    1.848753
2021-07-20T16:04:38.516483700Z  only 12-18  |   .7164717   .3478995    -0.69   0.492     .2766166    1.855751
2021-07-20T16:04:38.516488100Z       mixed  |    1.05749   .2740243     0.22   0.829     .6363659    1.757299
2021-07-20T16:04:38.516491300Z              |
2021-07-20T16:04:38.516494300Z    ethnicity |
2021-07-20T16:04:38.516715800Z Asian or ..  |   4.098873   2.635625     2.19   0.028     1.162335    14.45431
2021-07-20T16:04:38.517408000Z       Other  |   1.149206   .7894675     0.20   0.840     .2989854    4.417188
2021-07-20T16:04:38.517422700Z              |
2021-07-20T16:04:38.517428600Z    kids_cat4#|
2021-07-20T16:04:38.517433200Z    ethnicity |
2021-07-20T16:04:38.517437400Z only <12 .. #|
2021-07-20T16:04:38.517871900Z Asian or ..  |   .2730401    .197402    -1.80   0.073     .0661952    1.126229
2021-07-20T16:04:38.517908900Z only <12 .. #|
2021-07-20T16:04:38.518132200Z       Other  |   .6076154   .4801533    -0.63   0.528     .1291182    2.859369
2021-07-20T16:04:38.518145500Z  only 12-18 #|
2021-07-20T16:04:38.518449800Z Asian or ..  |   1.55e-15   1.34e-15   -39.52   0.000     2.86e-16    8.42e-15
2021-07-20T16:04:38.518462900Z  only 12-18 #|
2021-07-20T16:04:38.519049500Z       Other  |   2.318122   2.224371     0.88   0.381     .3534759    15.20243
2021-07-20T16:04:38.519064200Z       mixed #|
2021-07-20T16:04:38.519186300Z Asian or ..  |   .2172368   .1429977    -2.32   0.020     .0597893    .7893015
2021-07-20T16:04:38.519521500Z mixed#Other  |   .7955709    .558913    -0.33   0.745      .200763    3.152638
2021-07-20T16:04:38.519537200Z              |
2021-07-20T16:04:38.519854900Z         age1 |   .9744785   .0340029    -0.74   0.459     .9100619    1.043455
2021-07-20T16:04:38.520272800Z         age2 |   1.285978   .2376364     1.36   0.173       .89524    1.847257
2021-07-20T16:04:38.520419600Z         age3 |   .5810446   .2122542    -1.49   0.137     .2839668    1.188917
2021-07-20T16:04:38.521146600Z       1.male |   1.080834   .0850112     0.99   0.323     .9264226    1.260982
2021-07-20T16:04:38.521161600Z              |
2021-07-20T16:04:38.521167500Z    obese4cat |
2021-07-20T16:04:38.521172100Z Obese I ..)  |   .8340187   .1029271    -1.47   0.141     .6548294    1.062242
2021-07-20T16:04:38.521351200Z Obese II..)  |   .9411095   .1200274    -0.48   0.634     .7329586    1.208373
2021-07-20T16:04:38.521825000Z Obese II..)  |   1.090495   .1626697     0.58   0.561     .8140474    1.460824
2021-07-20T16:04:38.521837500Z              |
2021-07-20T16:04:38.521840600Z smoke_nomiss |
2021-07-20T16:04:38.522590200Z      Former  |   1.068478   .2820048     0.25   0.802     .6369524    1.792357
2021-07-20T16:04:38.523062800Z     Current  |   .9633532   .1112671    -0.32   0.747     .7681958    1.208089
2021-07-20T16:04:38.523075600Z              |
2021-07-20T16:04:38.523078800Z          imd |
2021-07-20T16:04:38.523621700Z           4  |   1.163324   .1068714     1.65   0.100     .9716345     1.39283
2021-07-20T16:04:38.524094700Z 5 most de..  |   1.042695    .138678     0.31   0.753     .8034298    1.353215
2021-07-20T16:04:38.524109300Z              |
2021-07-20T16:04:38.524114000Z tot_adults~h |
2021-07-20T16:04:38.524746300Z           2  |   1.187777   .6292474     0.32   0.745     .4205275    3.354865
2021-07-20T16:04:38.525611900Z           3  |   .6472761   .2852538    -0.99   0.324     .2728764     1.53537
2021-07-20T16:04:38.525628200Z              |
2021-07-20T16:04:38.526150700Z 1.htdiag_o~p |   .9654646   .1339216    -0.25   0.800     .7356385    1.267092
2021-07-20T16:04:38.526620200Z 1.~y_disease |    1.16098   .1060157     1.63   0.102     .9707264    1.388523
2021-07-20T16:04:38.527307800Z     1.asthma |   1.174688   .1504629     1.26   0.209     .9138902    1.509909
2021-07-20T16:04:38.527981700Z 1.~c_disease |    .966084   .0872804    -0.38   0.703     .8093074    1.153231
2021-07-20T16:04:38.527997000Z              |
2021-07-20T16:04:38.528003000Z      diabcat |
2021-07-20T16:04:38.528587000Z T1DM, con..  |   1.107816   .2687233     0.42   0.673      .688639    1.782149
2021-07-20T16:04:38.529274500Z T1DM, unc..  |   1.152905   .5194579     0.32   0.752       .47673     2.78814
2021-07-20T16:04:38.529666600Z T2DM, con..  |   1.017967   .1053016     0.17   0.863     .8311562    1.246765
2021-07-20T16:04:38.530083800Z T2DM, unc..  |   .8220887   .1943453    -0.83   0.407     .5172387    1.306611
2021-07-20T16:04:38.530543700Z Diabetes,..  |   1.553945   1.458302     0.47   0.639     .2469585    9.777938
2021-07-20T16:04:38.530558900Z              |
2021-07-20T16:04:38.530564700Z cancer_exh~t |
2021-07-20T16:04:38.530876100Z   Last year  |    .550977   .3703686    -0.89   0.375     .1475547    2.057378
2021-07-20T16:04:38.531383600Z 2-5 years..  |   .9061335   .3289554    -0.27   0.786     .4448145    1.845889
2021-07-20T16:04:38.532097900Z    5+ years  |   .9670089   .0962355    -0.34   0.736     .7956462    1.175279
2021-07-20T16:04:38.532113100Z              |
2021-07-20T16:04:38.532118200Z cancer_hae~t |
2021-07-20T16:04:38.533017800Z   Last year  |   .7042755   .5065459    -0.49   0.626     .1719971    2.883793
2021-07-20T16:04:38.533329400Z 2-5 years..  |   1.125221   .3637713     0.36   0.715     .5971093    2.120419
2021-07-20T16:04:38.533717000Z    5+ years  |   .9597588   .1008685    -0.39   0.696     .7810929    1.179292
2021-07-20T16:04:38.533734200Z              |
2021-07-20T16:04:38.534234500Z 1.~r_disease |   1.064649   .1019206     0.65   0.513       .88251     1.28438
2021-07-20T16:04:38.534775300Z 1.stroke_d~a |   1.110738   .1020828     1.14   0.253     .9276446    1.329969
2021-07-20T16:04:38.535116900Z 1.other_ne~o |   1.044305   .0934401     0.48   0.628     .8763255    1.244484
2021-07-20T16:04:38.535130600Z              |
2021-07-20T16:04:38.535135900Z reduced_ki~t |
2021-07-20T16:04:38.535578400Z Stage 3a/..  |   1.011002   .2150396     0.05   0.959     .6663496    1.533918
2021-07-20T16:04:38.535984700Z       1.esrd |   .9823971   .0791541    -0.22   0.826     .8388875    1.150457
2021-07-20T16:04:38.536424700Z 1.other_tr~t |    1.04653    .099263     0.48   0.632     .8689919    1.260341
2021-07-20T16:04:38.536904400Z   1.asplenia |   1.145249   .1007392     1.54   0.123     .9638868    1.360736
2021-07-20T16:04:38.537271000Z 1.ra_sle_p~s |   .8866125   .0826653    -1.29   0.197     .7385333    1.064382
2021-07-20T16:04:38.539562600Z 1.other_im~o |   .8217632   .0737796    -2.19   0.029     .6891664    .9798719
2021-07-20T16:04:38.539582900Z ------------------------------------------------------------------------------
2021-07-20T16:04:38.546580300Z                                                              Stratified by stp
2021-07-20T16:04:38.552047900Z (note: file ./output/an_interaction_cox_models_covid_death_kids_cat4_ethnicity_
2021-07-20T16:04:38.552069200Z > MAINFULLYADJMODEL_agespline_bmicat_noeth_ageband_1W2.ster not found)
2021-07-20T16:04:38.552075100Z file ./output/an_interaction_cox_models_covid_death_kids_cat4_ethnicity_MAINFUL
2021-07-20T16:04:38.552079500Z > LYADJMODEL_agespline_bmicat_noeth_ageband_1W2.ster saved
2021-07-20T16:04:38.555477600Z 
2021-07-20T16:04:38.555500000Z  ( 1)  1.kids_cat4 + 1o.kids_cat4#1b.ethnicity = 0
2021-07-20T16:04:38.555958600Z 
2021-07-20T16:04:38.567831300Z ------------------------------------------------------------------------------
2021-07-20T16:04:38.567850900Z           _t |     exp(b)   Std. Err.      z    P>|z|     [95% Conf. Interval]
2021-07-20T16:04:38.567855200Z -------------+----------------------------------------------------------------
2021-07-20T16:04:38.568773800Z          (1) |   1.068147   .2989701     0.24   0.814     .6171392    1.848753
2021-07-20T16:04:38.568794400Z ------------------------------------------------------------------------------
2021-07-20T16:04:38.569877100Z kids_cat4
2021-07-20T16:04:38.569918200Z ****************
2021-07-20T16:04:38.572831300Z 
2021-07-20T16:04:38.572852400Z  ( 1)  2.kids_cat4 + 2o.kids_cat4#1b.ethnicity = 0
2021-07-20T16:04:38.576478400Z 
2021-07-20T16:04:38.583690500Z ------------------------------------------------------------------------------
2021-07-20T16:04:38.583714700Z           _t |     exp(b)   Std. Err.      z    P>|z|     [95% Conf. Interval]
2021-07-20T16:04:38.583720800Z -------------+----------------------------------------------------------------
2021-07-20T16:04:38.584763800Z          (1) |   .7164717   .3478995    -0.69   0.492     .2766166    1.855751
2021-07-20T16:04:38.584783400Z ------------------------------------------------------------------------------
2021-07-20T16:04:38.589309400Z 
2021-07-20T16:04:38.589353200Z  ( 1)  3.kids_cat4 + 3o.kids_cat4#1b.ethnicity = 0
2021-07-20T16:04:38.589800700Z 
2021-07-20T16:04:38.601702800Z ------------------------------------------------------------------------------
2021-07-20T16:04:38.601728900Z           _t |     exp(b)   Std. Err.      z    P>|z|     [95% Conf. Interval]
2021-07-20T16:04:38.601743900Z -------------+----------------------------------------------------------------
2021-07-20T16:04:38.602602000Z          (1) |    1.05749   .2740243     0.22   0.829     .6363659    1.757299
2021-07-20T16:04:38.602622700Z ------------------------------------------------------------------------------
2021-07-20T16:04:38.606211000Z 
2021-07-20T16:04:38.606234400Z  ( 1)  1.kids_cat4 + 1.kids_cat4#3.ethnicity = 0
2021-07-20T16:04:38.606511700Z 
2021-07-20T16:04:38.616904800Z ------------------------------------------------------------------------------
2021-07-20T16:04:38.616955600Z           _t |     exp(b)   Std. Err.      z    P>|z|     [95% Conf. Interval]
2021-07-20T16:04:38.616968200Z -------------+----------------------------------------------------------------
2021-07-20T16:04:38.617685900Z          (1) |    .291647   .2037008    -1.76   0.078     .0741884    1.146513
2021-07-20T16:04:38.617702000Z ------------------------------------------------------------------------------
2021-07-20T16:04:38.618631800Z kids_cat4
2021-07-20T16:04:38.618648300Z ****************
2021-07-20T16:04:38.622174900Z 
2021-07-20T16:04:38.622194800Z  ( 1)  2.kids_cat4 + 2.kids_cat4#3.ethnicity = 0
2021-07-20T16:04:38.622301200Z 
2021-07-20T16:04:38.633765700Z ------------------------------------------------------------------------------
2021-07-20T16:04:38.633788900Z           _t |     exp(b)   Std. Err.      z    P>|z|     [95% Conf. Interval]
2021-07-20T16:04:38.633819900Z -------------+----------------------------------------------------------------
2021-07-20T16:04:38.634327000Z          (1) |   1.11e-15   8.57e-16   -44.72   0.000     2.46e-16    5.03e-15
2021-07-20T16:04:38.634367400Z ------------------------------------------------------------------------------
2021-07-20T16:04:38.638406300Z 
2021-07-20T16:04:38.638429500Z  ( 1)  3.kids_cat4 + 3.kids_cat4#3.ethnicity = 0
2021-07-20T16:04:38.638587500Z 
2021-07-20T16:04:38.650591800Z ------------------------------------------------------------------------------
2021-07-20T16:04:38.650625000Z           _t |     exp(b)   Std. Err.      z    P>|z|     [95% Conf. Interval]
2021-07-20T16:04:38.650631500Z -------------+----------------------------------------------------------------
2021-07-20T16:04:38.651424600Z          (1) |   .2297257   .1471287    -2.30   0.022     .0654719    .8060551
2021-07-20T16:04:38.651440500Z ------------------------------------------------------------------------------
2021-07-20T16:04:38.655391100Z 
2021-07-20T16:04:38.655412700Z  ( 1)  1.kids_cat4 + 1.kids_cat4#5.ethnicity = 0
2021-07-20T16:04:38.655589200Z 
2021-07-20T16:04:38.666420600Z ------------------------------------------------------------------------------
2021-07-20T16:04:38.669326900Z           _t |     exp(b)   Std. Err.      z    P>|z|     [95% Conf. Interval]
2021-07-20T16:04:38.669351200Z -------------+----------------------------------------------------------------
2021-07-20T16:04:38.669361800Z          (1) |   .6490226    .495093    -0.57   0.571     .1455255    2.894547
2021-07-20T16:04:38.669365200Z ------------------------------------------------------------------------------
2021-07-20T16:04:38.669367900Z kids_cat4
2021-07-20T16:04:38.669370500Z ****************
2021-07-20T16:04:38.670288100Z 
2021-07-20T16:04:38.670305600Z  ( 1)  2.kids_cat4 + 2.kids_cat4#5.ethnicity = 0
2021-07-20T16:04:38.670342400Z 
2021-07-20T16:04:38.679391100Z ------------------------------------------------------------------------------
2021-07-20T16:04:38.679418700Z           _t |     exp(b)   Std. Err.      z    P>|z|     [95% Conf. Interval]
2021-07-20T16:04:38.679425400Z -------------+----------------------------------------------------------------
2021-07-20T16:04:38.680136500Z          (1) |   1.660869   1.333057     0.63   0.527     .3444598    8.008151
2021-07-20T16:04:38.680152200Z ------------------------------------------------------------------------------
2021-07-20T16:04:38.683614700Z 
2021-07-20T16:04:38.683711000Z  ( 1)  3.kids_cat4 + 3.kids_cat4#5.ethnicity = 0
2021-07-20T16:04:38.684100900Z 
2021-07-20T16:04:38.693632800Z ------------------------------------------------------------------------------
2021-07-20T16:04:38.693658800Z           _t |     exp(b)   Std. Err.      z    P>|z|     [95% Conf. Interval]
2021-07-20T16:04:38.693664700Z -------------+----------------------------------------------------------------
2021-07-20T16:04:38.694803600Z          (1) |   .8413084   .5634506    -0.26   0.796     .2264012    3.126307
2021-07-20T16:04:38.694821900Z ------------------------------------------------------------------------------
2021-07-20T16:04:38.695737800Z 
2021-07-20T16:04:38.695804600Z . log close
2021-07-20T16:04:38.695870700Z       name:  <unnamed>
2021-07-20T16:04:38.695879800Z        log:  /workspace/log/10_an_interaction_cox_models_ethcat_covid_deathW2.l
2021-07-20T16:04:38.695884700Z > og
2021-07-20T16:04:38.695889300Z   log type:  text
2021-07-20T16:04:38.695893800Z  closed on:  20 Jul 2021, 16:04:38
2021-07-20T16:04:38.695898400Z -------------------------------------------------------------------------------
2021-07-20T16:04:38.695903000Z 
2021-07-20T16:04:38.695907500Z . 
2021-07-20T16:04:38.695911800Z . exit, clear 
2021-07-20T16:04:38.695918700Z 
2021-07-20T16:04:38.695924500Z end of do-file
2021-07-20T16:04:38.695929300Z 
2021-07-20T16:04:38.695933500Z . . file open output using "/tmp/tmp.xNgzvDdvpO", write text replace
2021-07-20T16:04:38.696320400Z 
2021-07-20T16:04:38.696336100Z . . file write output "success" 
2021-07-20T16:04:38.696341600Z 
2021-07-20T16:04:38.696346000Z . . file close output
2021-07-20T16:04:38.696350400Z 
2021-07-20T16:04:38.696354800Z . 
2021-07-20T16:04:38.696359100Z end of do-file
2021-07-20T16:04:38.696363400Z 
2021-07-20T16:04:38.696367600Z 
2021-07-20T16:04:38.727736900Z . 

state: succeeded
commit: none
docker_image_id: sha256:11980aa720220a1b39bf523f5a8a33270214c13876c30ee364e16265766f7f60
exit_code: 0
job_id: sjfkidwmbecbl33p
run_by_user: qc18278
created_at: 2021-07-20T15:38:48Z
started_at: 2021-07-20T16:04:24Z
completed_at: 2021-07-20T16:05:32Z

Completed successfully

outputs:
  log/10_an_interaction_cox_models_ethcat_covid_deathW2.log                                                                   - moderately_sensitive
  output/an_interaction_cox_models_covid_death_kids_cat4_ethnicity_MAINFULLYADJMODEL_agespline_bmicat_noeth_ageband_0W2.ster  - moderately_sensitive
  output/an_interaction_cox_models_covid_death_kids_cat4_ethnicity_MAINFULLYADJMODEL_agespline_bmicat_noeth_ageband_1W2.ster  - moderately_sensitive