2021-07-20T16:02:42.817111000Z 
2021-07-20T16:02:42.817145600Z   ___  ____  ____  ____  ____ (R)
2021-07-20T16:02:42.817151900Z  /__    /   ____/   /   ____/
2021-07-20T16:02:42.817155800Z ___/   /   /___/   /   /___/   16.1   Copyright 1985-2019 StataCorp LLC
2021-07-20T16:02:42.817159500Z   Statistics/Data Analysis            StataCorp
2021-07-20T16:02:42.817162900Z                                       4905 Lakeway Drive
2021-07-20T16:02:42.817166500Z                                       College Station, Texas 77845 USA
2021-07-20T16:02:42.817201600Z                                       800-STATA-PC        http://www.stata.com
2021-07-20T16:02:42.817212900Z                                       979-696-4600        stata@stata.com
2021-07-20T16:02:42.817218700Z                                       979-696-4601 (fax)
2021-07-20T16:02:42.817223000Z 
2021-07-20T16:02:42.817226900Z 3-user Stata network license expires 11 May 2022:
2021-07-20T16:02:42.817231000Z        Serial number:  501709312237
2021-07-20T16:02:42.817235000Z          Licensed to:  The Bennett Institute
2021-07-20T16:02:42.817239400Z                        Oxford University
2021-07-20T16:02:42.818900100Z 
2021-07-20T16:02:42.818917200Z Notes:
2021-07-20T16:02:42.818922000Z       1.  Unicode is supported; see help unicode_advice.
2021-07-20T16:02:42.818926200Z 
2021-07-20T16:02:42.818930100Z . do "analysis/10_an_interaction_cox_models_shield.wrapper.do" covidadmission W
2021-07-20T16:02:42.818934700Z > 2 
2021-07-20T16:02:42.818938600Z 
2021-07-20T16:02:42.818942200Z . . do "analysis/10_an_interaction_cox_models_shield.do" covidadmission W2
2021-07-20T16:02:42.818946400Z 
2021-07-20T16:02:42.818950000Z . *****************************************************************************
2021-07-20T16:02:42.818953900Z > ***
2021-07-20T16:02:42.818957600Z . *
2021-07-20T16:02:42.818961400Z . *       Do-file:                10_an_interaction_cox_models_shield.do
2021-07-20T16:02:42.818965400Z . *
2021-07-20T16:02:42.818969200Z . *       Project:                Exposure children and COVID risk
2021-07-20T16:02:42.818973200Z . *
2021-07-20T16:02:42.818976800Z . *       Programmed by:  Hforbes, based on files from Fizz & Krishnan
2021-07-20T16:02:42.818980800Z . *
2021-07-20T16:02:42.818984400Z . *       Data used:              analysis_dataset.dta
2021-07-20T16:02:42.818988200Z . *
2021-07-20T16:02:42.818991900Z . *       Data created:   None
2021-07-20T16:02:42.818996900Z . *
2021-07-20T16:02:42.819138000Z . *       Other output:   Log file:  10_an_interaction_cox_models.log
2021-07-20T16:02:42.819152200Z . *
2021-07-20T16:02:42.819156100Z . *****************************************************************************
2021-07-20T16:02:42.819169100Z > ***
2021-07-20T16:02:42.819172000Z . *
2021-07-20T16:02:42.819175300Z . *       Purpose:                This do-file performs multivariable (fully ad
2021-07-20T16:02:42.819179600Z > justed) 
2021-07-20T16:02:42.819183700Z . *                                       Cox models, with an interaction by sh
2021-07-20T16:02:42.819188000Z > ielding status.
2021-07-20T16:02:42.819192200Z . *  
2021-07-20T16:02:42.819196300Z . *****************************************************************************
2021-07-20T16:02:42.819200300Z > ***
2021-07-20T16:02:42.819204300Z . *       
2021-07-20T16:02:42.819208500Z . *       Stata routines needed:  stbrier   
2021-07-20T16:02:42.819212700Z . *
2021-07-20T16:02:42.819243900Z . *****************************************************************************
2021-07-20T16:02:42.819264300Z > ***
2021-07-20T16:02:42.819308300Z . 
2021-07-20T16:02:42.819315600Z . 
2021-07-20T16:02:42.819320000Z . * Set globals that will print in programs and direct output
2021-07-20T16:02:42.819324500Z . global outdir     "output" 
2021-07-20T16:02:42.819613400Z 
2021-07-20T16:02:42.819626600Z . global logdir     "log"
2021-07-20T16:02:42.819632100Z 
2021-07-20T16:02:42.819636000Z . global tempdir    "tempdata"
2021-07-20T16:02:42.819640200Z 
2021-07-20T16:02:42.819643900Z . global demogadjlist  age1 age2 age3 i.male i.ethnicity  i.obese4cat i.smoke_n
2021-07-20T16:02:42.819648200Z > omiss i.imd i.tot_adults_hh
2021-07-20T16:02:42.819652300Z 
2021-07-20T16:02:42.819656400Z . global comordidadjlist  i.htdiag_or_highbp                              ///
2021-07-20T16:02:42.819661800Z >                         i.chronic_respiratory_disease   ///
2021-07-20T16:02:42.819666200Z >                         i.asthma                                             
2021-07-20T16:02:42.819670900Z >    ///
2021-07-20T16:02:42.819675100Z >                         i.chronic_cardiac_disease               ///
2021-07-20T16:02:42.819679500Z >                         i.diabcat                                            
2021-07-20T16:02:42.819684100Z >    ///
2021-07-20T16:02:42.819688400Z >                         i.cancer_exhaem_cat                             ///
2021-07-20T16:02:42.819692900Z >                         i.cancer_haem_cat                               ///
2021-07-20T16:02:42.819697000Z >                         i.chronic_liver_disease                 ///
2021-07-20T16:02:42.819701100Z >                         i.stroke_dementia                               ///
2021-07-20T16:02:42.819712900Z >                         i.other_neuro                                   ///
2021-07-20T16:02:42.819718300Z >                         i.reduced_kidney_function_cat   ///
2021-07-20T16:02:42.819722700Z >                         i.esrd                                               
2021-07-20T16:02:42.819727300Z >    ///
2021-07-20T16:02:42.819731400Z >                         i.other_transplant                              ///
2021-07-20T16:02:42.819735500Z >                         i.asplenia                                           
2021-07-20T16:02:42.819739500Z >    ///
2021-07-20T16:02:42.819742700Z >                         i.ra_sle_psoriasis                      ///
2021-07-20T16:02:42.819746300Z >                         i.other_immuno          
2021-07-20T16:02:42.819750400Z 
2021-07-20T16:02:42.819754100Z .                         
2021-07-20T16:02:42.819758500Z . local outcome `1' 
2021-07-20T16:02:42.819762500Z 
2021-07-20T16:02:42.819766400Z . local dataset `2'
2021-07-20T16:02:42.819770500Z 
2021-07-20T16:02:42.819774100Z .  
2021-07-20T16:02:42.819779300Z . 
2021-07-20T16:02:42.819782800Z . cap log close
2021-07-20T16:02:42.819786600Z 
2021-07-20T16:02:42.819790800Z . log using "$logdir/10_an_interaction_cox_models_shield_`outcome'`dataset'", t
2021-07-20T16:02:42.819795400Z > ext replace
2021-07-20T16:02:42.819848500Z (note: file /workspace/log/10_an_interaction_cox_models_shield_covidadmissionW2
2021-07-20T16:02:42.819859700Z > .log not found)
2021-07-20T16:02:42.819864500Z -------------------------------------------------------------------------------
2021-07-20T16:02:42.819868600Z       name:  <unnamed>
2021-07-20T16:02:42.819872400Z        log:  /workspace/log/10_an_interaction_cox_models_shield_covidadmissionW
2021-07-20T16:02:42.819876200Z > 2.log
2021-07-20T16:02:42.819879700Z   log type:  text
2021-07-20T16:02:42.819883500Z  opened on:  20 Jul 2021, 16:02:42
2021-07-20T16:02:42.819887900Z 
2021-07-20T16:02:42.819892000Z . 
2021-07-20T16:02:42.820082500Z . 
2021-07-20T16:02:42.820095500Z . *****************************************************************************
2021-07-20T16:02:42.820100700Z > *******
2021-07-20T16:02:42.820105100Z . *First clean up all old saved estimates for this outcome
2021-07-20T16:02:42.820109200Z . *This is to guard against accidentally displaying left-behind results from ol
2021-07-20T16:02:42.820113600Z > d runs
2021-07-20T16:02:42.820117900Z . *****************************************************************************
2021-07-20T16:02:42.820122000Z > *******
2021-07-20T16:02:42.820135500Z . cap erase "$outdir/output/an_interaction_cox_models_`outcome'_`exposure_type'
2021-07-20T16:02:42.820140600Z > _shield_MAINFULLYADJMODEL_agespline_bmicat_noeth_ageband_0.ster"
2021-07-20T16:02:42.820261100Z 
2021-07-20T16:02:42.820274100Z . cap erase "$outdir/output/an_interaction_cox_models_`outcome'_`exposure_type'
2021-07-20T16:02:42.820279600Z > _shield_MAINFULLYADJMODEL_agespline_bmicat_noeth_ageband_1.ster"
2021-07-20T16:02:42.820284400Z 
2021-07-20T16:02:42.820569600Z . 
2021-07-20T16:02:42.820583500Z . 
2021-07-20T16:02:42.820588900Z . 
2021-07-20T16:02:42.820593200Z . 
2021-07-20T16:02:42.820597100Z . *PROG TO DEFINE THE BASIC COX MODEL WITH OPTIONS FOR HANDLING OF AGE, BMI, ET
2021-07-20T16:02:42.820599800Z > HNICITY:
2021-07-20T16:02:42.820603300Z . cap prog drop basemodel
2021-07-20T16:02:42.820607200Z 
2021-07-20T16:02:42.820611100Z . prog define basemodel
2021-07-20T16:02:42.820618600Z   1.         syntax , exposure(string)  age(string) [ethnicity(real 0) interact
2021-07-20T16:02:42.820623500Z > ion(string)] 
2021-07-20T16:02:42.820806200Z   2.         if `ethnicity'==1 local ethnicity "i.ethnicity"
2021-07-20T16:02:42.820818400Z   3.         else local ethnicity
2021-07-20T16:02:42.820971600Z   4. timer clear
2021-07-20T16:02:42.820989800Z   5. timer on 1
2021-07-20T16:02:42.821588000Z   6. stcox   `exposure'                                                        
2021-07-20T16:02:42.821602200Z >       ///
2021-07-20T16:02:42.821607600Z >                         $demogadjlist                                        
2021-07-20T16:02:42.821612100Z >            ///
2021-07-20T16:02:42.821616000Z >                         $comordidadjlist                                     
2021-07-20T16:02:42.821620300Z >            ///
2021-07-20T16:02:42.821624900Z >                         `interaction'                                        
2021-07-20T16:02:42.821628300Z >            ///
2021-07-20T16:02:42.821630700Z >                         , strata(stp) vce(cluster household_id)
2021-07-20T16:02:42.821633300Z   7.         timer off 1
2021-07-20T16:02:42.821635800Z   8. timer list
2021-07-20T16:02:42.821638100Z   9. end
2021-07-20T16:02:42.821640500Z 
2021-07-20T16:02:42.821642800Z . *****************************************************************************
2021-07-20T16:02:42.821646600Z > ********
2021-07-20T16:02:42.821650600Z . 
2021-07-20T16:02:42.821654900Z . * Open dataset and fit specified model(s)
2021-07-20T16:02:42.821659200Z . forvalues x=0/1 {
2021-07-20T16:02:42.821782000Z   2. 
2021-07-20T16:02:42.821806600Z . use "$tempdir/cr_create_analysis_dataset_STSET_`outcome'_ageband_`x'`dataset'
2021-07-20T16:02:42.821812800Z > .dta", clear
2021-07-20T16:02:42.821816800Z   3.         
2021-07-20T16:02:42.822069600Z . 
2021-07-20T16:02:42.822081700Z . 
2021-07-20T16:02:42.822086100Z . foreach int_type in shield {
2021-07-20T16:02:42.823048900Z   4. 
2021-07-20T16:02:42.823278700Z . *Age interaction for 3-level exposure vars
2021-07-20T16:02:42.823292900Z . foreach exposure_type in kids_cat4  {
2021-07-20T16:02:42.823414100Z   5. 
2021-07-20T16:02:42.823428200Z . *Age spline model (not adj ethnicity, no interaction)
2021-07-20T16:02:42.823539100Z . basemodel, exposure("i.`exposure_type'") age("age1 age2 age3")  
2021-07-20T16:02:42.823552800Z   6. 
2021-07-20T16:02:42.823557800Z . *Age spline model (not adj ethnicity, interaction)
2021-07-20T16:02:42.823562100Z . basemodel, exposure("i.`exposure_type'") age("age1 age2 age3")  ///
2021-07-20T16:02:42.823566400Z > interaction(1.`int_type'#1.`exposure_type' 1.`int_type'#2.`exposure_type' 1.`
2021-07-20T16:02:42.823571400Z > int_type'#3.`exposure_type')
2021-07-20T16:02:42.823575500Z   7. if _rc==0{
2021-07-20T16:02:42.823580800Z   8. testparm 1.`int_type'#i.`exposure_type'
2021-07-20T16:02:42.823751500Z   9. di _n "`exposure_type' " _n "****************"
2021-07-20T16:02:42.823793700Z  10. lincom 1.`exposure_type' + 1.`int_type'#1.`exposure_type', eform
2021-07-20T16:02:42.823802800Z  11. di "`exposure_type'" _n "****************"
2021-07-20T16:02:42.823807400Z  12. lincom 2.`exposure_type' + 1.`int_type'#2.`exposure_type', eform
2021-07-20T16:02:42.823811600Z  13. di "`exposure_type'" _n "****************"
2021-07-20T16:02:42.823815700Z  14. lincom 3.`exposure_type' + 1.`int_type'#3.`exposure_type', eform
2021-07-20T16:02:42.823819500Z  15. estimates save "$outdir/an_interaction_cox_models_`outcome'_`exposure_type
2021-07-20T16:02:42.823823600Z > '_`int_type'_MAINFULLYADJMODEL_agespline_bmicat_noeth_ageband_`x'`dataset'", 
2021-07-20T16:02:42.823828200Z > replace
2021-07-20T16:02:42.823833600Z  16. }
2021-07-20T16:02:42.823837600Z  17. else di "WARNING GROUP MODEL DID NOT FIT (OUTCOME `outcome')"
2021-07-20T16:02:42.823841700Z  18. 
2021-07-20T16:02:42.823845400Z . }
2021-07-20T16:02:42.823849100Z  19. 
2021-07-20T16:02:42.823981700Z . }
2021-07-20T16:02:42.823993800Z  20. }
2021-07-20T16:02:42.840836400Z 
2021-07-20T16:02:42.840857200Z          failure _d:  covidadmission
2021-07-20T16:02:42.840861800Z    analysis time _t:  (stime_covidadmission-origin)
2021-07-20T16:02:42.840866000Z              origin:  time enter_date
2021-07-20T16:02:42.840881900Z   enter on or after:  time enter_date
2021-07-20T16:02:42.840886900Z                  id:  patient_id
2021-07-20T16:02:43.426074500Z 
2021-07-20T16:02:43.426096900Z Iteration 0:   log pseudolikelihood = -17229.548
2021-07-20T16:02:43.624992400Z Iteration 1:   log pseudolikelihood = -17204.806
2021-07-20T16:02:43.828912000Z Iteration 2:   log pseudolikelihood = -17204.389
2021-07-20T16:02:44.005806700Z Iteration 3:   log pseudolikelihood = -17204.387
2021-07-20T16:02:44.215980800Z Iteration 4:   log pseudolikelihood = -17204.387
2021-07-20T16:02:44.216003600Z Refining estimates:
2021-07-20T16:02:44.984644000Z Iteration 0:   log pseudolikelihood = -17204.387
2021-07-20T16:02:50.329588800Z 
2021-07-20T16:02:50.329611900Z Stratified Cox regr. -- Breslow method for ties
2021-07-20T16:02:50.329841200Z 
2021-07-20T16:02:50.329858400Z No. of subjects      =       16,213             Number of obs    =      16,213
2021-07-20T16:02:50.329865300Z No. of failures      =        2,394
2021-07-20T16:02:50.329870400Z Time at risk         =      1194952
2021-07-20T16:02:50.329875100Z                                                 Wald chi2(42)    =       50.67
2021-07-20T16:02:50.329879800Z Log pseudolikelihood =   -17204.387             Prob > chi2      =      0.1686
2021-07-20T16:02:50.329884800Z 
2021-07-20T16:02:50.499749900Z                        (Std. Err. adjusted for 1,121 clusters in household_id)
2021-07-20T16:02:50.499786000Z ------------------------------------------------------------------------------
2021-07-20T16:02:50.499793800Z              |               Robust
2021-07-20T16:02:50.499799000Z           _t | Haz. Ratio   Std. Err.      z    P>|z|     [95% Conf. Interval]
2021-07-20T16:02:50.499804300Z -------------+----------------------------------------------------------------
2021-07-20T16:02:50.499809400Z    kids_cat4 |
2021-07-20T16:02:50.510332100Z only <12 ..  |   1.060761    .172837     0.36   0.717     .7707709    1.459854
2021-07-20T16:02:50.510444700Z  only 12-18  |   .8173456   .1687589    -0.98   0.329     .5453264    1.225053
2021-07-20T16:02:50.510782500Z       mixed  |   .9722668   .1512309    -0.18   0.857     .7167796    1.318819
2021-07-20T16:02:50.510797900Z              |
2021-07-20T16:02:50.510949900Z         age1 |   1.009121   .0079945     1.15   0.252      .993573    1.024912
2021-07-20T16:02:50.511370800Z         age2 |   .9809161    .023727    -0.80   0.426     .9354971     1.02854
2021-07-20T16:02:50.511739900Z         age3 |   1.046125    .069543     0.68   0.498     .9183298    1.191705
2021-07-20T16:02:50.511998400Z       1.male |   .9715113   .0401668    -0.70   0.485      .895891    1.053515
2021-07-20T16:02:50.512010900Z              |
2021-07-20T16:02:50.512022400Z    ethnicity |
2021-07-20T16:02:50.512344700Z Asian or ..  |   1.015191   .0659682     0.23   0.817     .8937907    1.153081
2021-07-20T16:02:50.512732900Z       Other  |   .9538282   .0677073    -0.67   0.505      .829942    1.096207
2021-07-20T16:02:50.512747000Z              |
2021-07-20T16:02:50.512752300Z    obese4cat |
2021-07-20T16:02:50.512894100Z Obese I ..)  |   1.090312   .0632589     1.49   0.136     .9731166    1.221622
2021-07-20T16:02:50.513273100Z Obese II..)  |   1.137395   .0804104     1.82   0.069     .9902247    1.306437
2021-07-20T16:02:50.513635900Z Obese II..)  |   1.042971   .0916985     0.48   0.632     .8778783    1.239111
2021-07-20T16:02:50.513648600Z              |
2021-07-20T16:02:50.513653200Z smoke_nomiss |
2021-07-20T16:02:50.514025900Z      Former  |   1.112671   .1503432     0.79   0.429     .8537937    1.450041
2021-07-20T16:02:50.514326800Z     Current  |   .9785283   .0631967    -0.34   0.737     .8621838    1.110572
2021-07-20T16:02:50.514341900Z              |
2021-07-20T16:02:50.514347200Z          imd |
2021-07-20T16:02:50.514615900Z           4  |    1.00333   .0522997     0.06   0.949     .9058864    1.111254
2021-07-20T16:02:50.515034000Z 5 most de..  |   1.054186   .0709347     0.78   0.433     .9239338      1.2028
2021-07-20T16:02:50.515046800Z              |
2021-07-20T16:02:50.515053000Z tot_adults~h |
2021-07-20T16:02:50.515384500Z           2  |   1.087942   .3711502     0.25   0.805     .5574671    2.123206
2021-07-20T16:02:50.515631200Z           3  |   .9579577   .2637251    -0.16   0.876     .5584845    1.643166
2021-07-20T16:02:50.515641700Z              |
2021-07-20T16:02:50.515982300Z 1.htdiag_o~p |   .9565975   .0748249    -0.57   0.571     .8206319    1.115091
2021-07-20T16:02:50.516308400Z 1.~y_disease |   .9972224   .0496953    -0.06   0.955     .9044268    1.099539
2021-07-20T16:02:50.516656700Z     1.asthma |   1.010025   .0727092     0.14   0.890     .8771145    1.163076
2021-07-20T16:02:50.516986100Z 1.~c_disease |   .9326247   .0491456    -1.32   0.186     .8411085    1.034098
2021-07-20T16:02:50.517001200Z              |
2021-07-20T16:02:50.517006700Z      diabcat |
2021-07-20T16:02:50.517308500Z T1DM, con..  |   .9405026   .1282103    -0.45   0.653     .7199848    1.228561
2021-07-20T16:02:50.517667400Z T1DM, unc..  |   1.386274   .3321945     1.36   0.173      .866712    2.217296
2021-07-20T16:02:50.517973500Z T2DM, con..  |   1.025643   .0559907     0.46   0.643     .9215706    1.141469
2021-07-20T16:02:50.518214900Z T2DM, unc..  |   1.169129   .1270819     1.44   0.151      .944797    1.446726
2021-07-20T16:02:50.518574700Z Diabetes,..  |   1.921771   1.519065     0.83   0.409     .4081964    9.047618
2021-07-20T16:02:50.518583700Z              |
2021-07-20T16:02:50.518586600Z cancer_exh~t |
2021-07-20T16:02:50.518909400Z   Last year  |   .9629883    .317873    -0.11   0.909     .5042521    1.839053
2021-07-20T16:02:50.519182000Z 2-5 years..  |   .5420338    .114527    -2.90   0.004     .3582408    .8201206
2021-07-20T16:02:50.519545200Z    5+ years  |   1.113828    .060152     2.00   0.046     1.001957    1.238189
2021-07-20T16:02:50.519556900Z              |
2021-07-20T16:02:50.519561100Z cancer_hae~t |
2021-07-20T16:02:50.519869400Z   Last year  |   1.244911   .3785248     0.72   0.471     .6859998     2.25919
2021-07-20T16:02:50.520162300Z 2-5 years..  |   1.069703   .1703625     0.42   0.672     .7828877    1.461594
2021-07-20T16:02:50.520476600Z    5+ years  |   1.009317   .0561063     0.17   0.868     .9051293    1.125497
2021-07-20T16:02:50.520491400Z              |
2021-07-20T16:02:50.520851400Z 1.~r_disease |   .9601424   .0503454    -0.78   0.438     .8663683    1.064066
2021-07-20T16:02:50.521222700Z 1.stroke_d~a |   1.138924   .0568792     2.60   0.009     1.032725    1.256043
2021-07-20T16:02:50.521502000Z 1.other_ne~o |   .9226186   .0482654    -1.54   0.124     .8327083    1.022237
2021-07-20T16:02:50.521516000Z              |
2021-07-20T16:02:50.521521100Z reduced_ki~t |
2021-07-20T16:02:50.521936000Z Stage 3a/..  |   1.195467   .3440089     0.62   0.535     .6801349    2.101262
2021-07-20T16:02:50.522248600Z       1.esrd |   .9684928    .041905    -0.74   0.459     .8897468    1.054208
2021-07-20T16:02:50.522496200Z 1.other_tr~t |    1.01325   .0515331     0.26   0.796     .9171179    1.119459
2021-07-20T16:02:50.522815600Z   1.asplenia |   1.077112    .050051     1.60   0.110     .9833488    1.179816
2021-07-20T16:02:50.523183500Z 1.ra_sle_p~s |   1.048314   .0555506     0.89   0.373     .9448999    1.163046
2021-07-20T16:02:50.534895200Z 1.other_im~o |   .9541064   .0422035    -1.06   0.288     .8748732    1.040515
2021-07-20T16:02:50.534918800Z ------------------------------------------------------------------------------
2021-07-20T16:02:50.535262900Z                                                              Stratified by stp
2021-07-20T16:02:50.541430500Z    1:      7.71 /        1 =       7.7100
2021-07-20T16:02:50.553782000Z 
2021-07-20T16:02:50.553826300Z          failure _d:  covidadmission
2021-07-20T16:02:50.553832400Z    analysis time _t:  (stime_covidadmission-origin)
2021-07-20T16:02:50.553836700Z              origin:  time enter_date
2021-07-20T16:02:50.553840400Z   enter on or after:  time enter_date
2021-07-20T16:02:50.553844200Z                  id:  patient_id
2021-07-20T16:02:51.172948800Z 
2021-07-20T16:02:51.172975200Z Iteration 0:   log pseudolikelihood = -17229.548
2021-07-20T16:02:51.379514300Z Iteration 1:   log pseudolikelihood = -17204.269
2021-07-20T16:02:51.622772000Z Iteration 2:   log pseudolikelihood = -17203.849
2021-07-20T16:02:51.843202800Z Iteration 3:   log pseudolikelihood = -17203.847
2021-07-20T16:02:52.088387200Z Iteration 4:   log pseudolikelihood = -17203.847
2021-07-20T16:02:52.088410100Z Refining estimates:
2021-07-20T16:02:52.951658900Z Iteration 0:   log pseudolikelihood = -17203.847
2021-07-20T16:02:57.894577200Z 
2021-07-20T16:02:57.894607200Z Stratified Cox regr. -- Breslow method for ties
2021-07-20T16:02:57.894614000Z 
2021-07-20T16:02:57.894618700Z No. of subjects      =       16,213             Number of obs    =      16,213
2021-07-20T16:02:57.894623800Z No. of failures      =        2,394
2021-07-20T16:02:57.894628500Z Time at risk         =      1194952
2021-07-20T16:02:57.894839200Z                                                 Wald chi2(45)    =       52.01
2021-07-20T16:02:57.894856700Z Log pseudolikelihood =   -17203.847             Prob > chi2      =      0.2198
2021-07-20T16:02:57.894863000Z 
2021-07-20T16:02:57.909703900Z                        (Std. Err. adjusted for 1,121 clusters in household_id)
2021-07-20T16:02:57.909729800Z ------------------------------------------------------------------------------
2021-07-20T16:02:57.909735800Z              |               Robust
2021-07-20T16:02:57.909740500Z           _t | Haz. Ratio   Std. Err.      z    P>|z|     [95% Conf. Interval]
2021-07-20T16:02:57.909746100Z -------------+----------------------------------------------------------------
2021-07-20T16:02:57.909752500Z    kids_cat4 |
2021-07-20T16:02:57.909967700Z only <12 ..  |   1.064692   .2414778     0.28   0.782      .682601    1.660661
2021-07-20T16:02:57.910259500Z  only 12-18  |   .6955394   .3241514    -0.78   0.436     .2790134    1.733878
2021-07-20T16:02:57.910525000Z       mixed  |   1.038702   .1790363     0.22   0.826     .7409234    1.456159
2021-07-20T16:02:57.910540200Z              |
2021-07-20T16:02:57.910814200Z         age1 |   1.009071   .0079926     1.14   0.254     .9935268    1.024859
2021-07-20T16:02:57.911118600Z         age2 |   .9809897   .0237294    -0.79   0.428     .9355661    1.028619
2021-07-20T16:02:57.911519900Z         age3 |   1.046023   .0695475     0.68   0.499     .9182206    1.191614
2021-07-20T16:02:57.911923000Z       1.male |   .9717215   .0401601    -0.69   0.488     .8961127     1.05371
2021-07-20T16:02:57.911939800Z              |
2021-07-20T16:02:57.911946000Z    ethnicity |
2021-07-20T16:02:57.912230800Z Asian or ..  |   1.015034   .0659116     0.23   0.818     .8937327      1.1528
2021-07-20T16:02:57.912716100Z       Other  |   .9538248   .0677015    -0.67   0.505     .8299486     1.09619
2021-07-20T16:02:57.912729300Z              |
2021-07-20T16:02:57.912734300Z    obese4cat |
2021-07-20T16:02:57.913147200Z Obese I ..)  |   1.090174   .0632431     1.49   0.137     .9730065     1.22145
2021-07-20T16:02:57.913387500Z Obese II..)  |   1.138391   .0805155     1.83   0.067     .9910328    1.307659
2021-07-20T16:02:57.913884600Z Obese II..)  |   1.043292   .0917213     0.48   0.630     .8781574     1.23948
2021-07-20T16:02:57.913899200Z              |
2021-07-20T16:02:57.913904200Z smoke_nomiss |
2021-07-20T16:02:57.914244900Z      Former  |   1.109215   .1499724     0.77   0.443     .8509971    1.445783
2021-07-20T16:02:57.914625100Z     Current  |   .9776698   .0631092    -0.35   0.726     .8614828    1.109527
2021-07-20T16:02:57.914639300Z              |
2021-07-20T16:02:57.914644100Z          imd |
2021-07-20T16:02:57.914997500Z           4  |   1.002475   .0522765     0.05   0.962      .905077    1.110354
2021-07-20T16:02:57.915404200Z 5 most de..  |   1.053699   .0708949     0.78   0.437     .9235197    1.202229
2021-07-20T16:02:57.915416800Z              |
2021-07-20T16:02:57.915421600Z tot_adults~h |
2021-07-20T16:02:57.915683800Z           2  |   1.085204   .3703365     0.24   0.811     .5559433    2.118323
2021-07-20T16:02:57.916021200Z           3  |   .9566397   .2634857    -0.16   0.872     .5575751    1.641321
2021-07-20T16:02:57.916033400Z              |
2021-07-20T16:02:57.916480900Z 1.htdiag_o~p |    .955785   .0747272    -0.58   0.563     .8199923    1.114065
2021-07-20T16:02:57.916719200Z 1.~y_disease |   1.007668   .0516249     0.15   0.881     .9113994    1.114106
2021-07-20T16:02:57.917101800Z     1.asthma |   1.018012   .0744226     0.24   0.807     .8821149    1.174846
2021-07-20T16:02:57.917413300Z 1.~c_disease |   .9323436   .0491497    -1.33   0.184     .8408215    1.033828
2021-07-20T16:02:57.917426700Z              |
2021-07-20T16:02:57.917431400Z      diabcat |
2021-07-20T16:02:57.917743500Z T1DM, con..  |   .9414534    .128364    -0.44   0.658     .7206765    1.229864
2021-07-20T16:02:57.918021700Z T1DM, unc..  |   1.381577   .3309048     1.35   0.177     .8639762    2.209268
2021-07-20T16:02:57.918332300Z T2DM, con..  |   1.026171   .0560344     0.47   0.636     .9220185    1.142089
2021-07-20T16:02:57.918647200Z T2DM, unc..  |   1.169189   .1269994     1.44   0.150     .9449864    1.446584
2021-07-20T16:02:57.919121800Z Diabetes,..  |   1.923011   1.518754     0.83   0.408     .4089973    9.041552
2021-07-20T16:02:57.919134800Z              |
2021-07-20T16:02:57.919139300Z cancer_exh~t |
2021-07-20T16:02:57.919556400Z   Last year  |   .9727383   .3208959    -0.08   0.933     .5095582    1.856942
2021-07-20T16:02:57.919908200Z 2-5 years..  |   .5470399    .115871    -2.85   0.004     .3611787    .8285445
2021-07-20T16:02:57.920335400Z    5+ years  |   1.125454   .0631795     2.11   0.035     1.008194    1.256353
2021-07-20T16:02:57.920350000Z              |
2021-07-20T16:02:57.920356100Z cancer_hae~t |
2021-07-20T16:02:57.920807900Z   Last year  |   1.258431   .3841428     0.75   0.451     .6918237    2.289092
2021-07-20T16:02:57.921157600Z 2-5 years..  |   1.080998   .1729884     0.49   0.626     .7899691    1.479244
2021-07-20T16:02:57.921492500Z    5+ years  |   1.019532   .0572129     0.34   0.730     .9133434    1.138066
2021-07-20T16:02:57.921505700Z              |
2021-07-20T16:02:57.922771800Z 1.~r_disease |   .9601247   .0503387    -0.78   0.438     .8663626    1.064034
2021-07-20T16:02:57.922785200Z 1.stroke_d~a |   1.139439   .0569022     2.61   0.009     1.033197    1.256606
2021-07-20T16:02:57.922790600Z 1.other_ne~o |   .9228606   .0483027    -1.53   0.125      .832883    1.022559
2021-07-20T16:02:57.922794800Z              |
2021-07-20T16:02:57.922798600Z reduced_ki~t |
2021-07-20T16:02:57.923445000Z Stage 3a/..  |   1.195121   .3439381     0.62   0.536      .679906    2.100754
2021-07-20T16:02:57.923832300Z       1.esrd |   .9809237   .0453497    -0.42   0.677      .895948    1.073959
2021-07-20T16:02:57.924835500Z 1.other_tr~t |   1.023719   .0546032     0.44   0.660     .9221032    1.136534
2021-07-20T16:02:57.924849200Z   1.asplenia |   1.087746   .0522327     1.75   0.080     .9900419    1.195093
2021-07-20T16:02:57.925255200Z 1.ra_sle_p~s |   1.048548   .0555539     0.89   0.371     .9451273    1.163286
2021-07-20T16:02:57.925562500Z 1.other_im~o |   .9652257   .0453699    -0.75   0.451     .8802755    1.058374
2021-07-20T16:02:57.925575900Z              |
2021-07-20T16:02:57.925581300Z       shield#|
2021-07-20T16:02:57.925585400Z    kids_cat4 |
2021-07-20T16:02:57.925589600Z           1 #|
2021-07-20T16:02:57.925969600Z only <12 ..  |   .9961245   .1725184    -0.02   0.982     .7094052    1.398727
2021-07-20T16:02:57.925983200Z           1 #|
2021-07-20T16:02:57.926335300Z  only 12-18  |    1.20027   .6022362     0.36   0.716     .4489396    3.209001
2021-07-20T16:02:57.927829900Z     1#mixed  |   .9268985   .0760668    -0.93   0.355     .7891826    1.088646
2021-07-20T16:02:57.927848900Z ------------------------------------------------------------------------------
2021-07-20T16:02:57.928126600Z                                                              Stratified by stp
2021-07-20T16:02:57.929893600Z    1:      7.39 /        1 =       7.3920
2021-07-20T16:02:57.932750700Z 
2021-07-20T16:02:57.932768700Z  ( 1)  1.shield#1.kids_cat4 = 0
2021-07-20T16:02:57.932772400Z  ( 2)  1.shield#2.kids_cat4 = 0
2021-07-20T16:02:57.932774900Z  ( 3)  1.shield#3.kids_cat4 = 0
2021-07-20T16:02:57.932777300Z 
2021-07-20T16:02:57.932779800Z            chi2(  3) =    1.04
2021-07-20T16:02:57.932782100Z          Prob > chi2 =    0.7910
2021-07-20T16:02:57.932947300Z 
2021-07-20T16:02:57.932963400Z kids_cat4 
2021-07-20T16:02:57.932968500Z ****************
2021-07-20T16:02:57.936358100Z 
2021-07-20T16:02:57.936388700Z  ( 1)  1.kids_cat4 + 1.shield#1.kids_cat4 = 0
2021-07-20T16:02:57.936645900Z 
2021-07-20T16:02:57.949153000Z ------------------------------------------------------------------------------
2021-07-20T16:02:57.949186100Z           _t |     exp(b)   Std. Err.      z    P>|z|     [95% Conf. Interval]
2021-07-20T16:02:57.949194200Z -------------+----------------------------------------------------------------
2021-07-20T16:02:57.949882800Z          (1) |   1.060566   .1733681     0.36   0.719      .769828    1.461105
2021-07-20T16:02:57.949897000Z ------------------------------------------------------------------------------
2021-07-20T16:02:57.950933600Z kids_cat4
2021-07-20T16:02:57.950946100Z ****************
2021-07-20T16:02:57.953536600Z 
2021-07-20T16:02:57.953554300Z  ( 1)  2.kids_cat4 + 1.shield#2.kids_cat4 = 0
2021-07-20T16:02:57.953749900Z 
2021-07-20T16:02:57.961942700Z ------------------------------------------------------------------------------
2021-07-20T16:02:57.961965600Z           _t |     exp(b)   Std. Err.      z    P>|z|     [95% Conf. Interval]
2021-07-20T16:02:57.961972900Z -------------+----------------------------------------------------------------
2021-07-20T16:02:57.962507500Z          (1) |    .834835   .1840036    -0.82   0.413     .5419881    1.285913
2021-07-20T16:02:57.962524400Z ------------------------------------------------------------------------------
2021-07-20T16:02:57.963865500Z kids_cat4
2021-07-20T16:02:57.963886000Z ****************
2021-07-20T16:02:57.967446700Z 
2021-07-20T16:02:57.967467900Z  ( 1)  3.kids_cat4 + 1.shield#3.kids_cat4 = 0
2021-07-20T16:02:57.967473600Z 
2021-07-20T16:02:57.977327500Z ------------------------------------------------------------------------------
2021-07-20T16:02:57.977348100Z           _t |     exp(b)   Std. Err.      z    P>|z|     [95% Conf. Interval]
2021-07-20T16:02:57.977352500Z -------------+----------------------------------------------------------------
2021-07-20T16:02:57.977960100Z          (1) |   .9627714   .1499016    -0.24   0.807      .709566    1.306332
2021-07-20T16:02:57.977973400Z ------------------------------------------------------------------------------
2021-07-20T16:02:58.007679100Z (note: file output/an_interaction_cox_models_covidadmission_kids_cat4_shield_MA
2021-07-20T16:02:58.007700500Z > INFULLYADJMODEL_agespline_bmicat_noeth_ageband_0W2.ster not found)
2021-07-20T16:02:58.007704700Z file output/an_interaction_cox_models_covidadmission_kids_cat4_shield_MAINFULLY
2021-07-20T16:02:58.007708000Z > ADJMODEL_agespline_bmicat_noeth_ageband_0W2.ster saved
2021-07-20T16:02:58.015167800Z 
2021-07-20T16:02:58.015188600Z          failure _d:  covidadmission
2021-07-20T16:02:58.015194600Z    analysis time _t:  (stime_covidadmission-origin)
2021-07-20T16:02:58.015213400Z              origin:  time enter_date
2021-07-20T16:02:58.018929200Z   enter on or after:  time enter_date
2021-07-20T16:02:58.018964000Z                  id:  patient_id
2021-07-20T16:02:58.168253500Z 
2021-07-20T16:02:58.168278800Z Iteration 0:   log pseudolikelihood = -3768.2333
2021-07-20T16:02:58.240148400Z Iteration 1:   log pseudolikelihood = -3742.1193
2021-07-20T16:02:58.299681200Z Iteration 2:   log pseudolikelihood = -3739.2079
2021-07-20T16:02:58.365297300Z Iteration 3:   log pseudolikelihood = -3738.8546
2021-07-20T16:02:58.431357100Z Iteration 4:   log pseudolikelihood = -3738.7347
2021-07-20T16:02:58.495455400Z Iteration 5:   log pseudolikelihood = -3738.6906
2021-07-20T16:02:58.553115800Z Iteration 6:   log pseudolikelihood = -3738.6744
2021-07-20T16:02:58.617712600Z Iteration 7:   log pseudolikelihood = -3738.6684
2021-07-20T16:02:58.688148900Z Iteration 8:   log pseudolikelihood = -3738.6662
2021-07-20T16:02:58.753297000Z Iteration 9:   log pseudolikelihood = -3738.6654
2021-07-20T16:02:58.826662500Z Iteration 10:  log pseudolikelihood = -3738.6651
2021-07-20T16:02:58.910434000Z Iteration 11:  log pseudolikelihood =  -3738.665
2021-07-20T16:02:59.010843800Z Iteration 12:  log pseudolikelihood = -3738.6649
2021-07-20T16:02:59.103815900Z Iteration 13:  log pseudolikelihood = -3738.6649
2021-07-20T16:02:59.206627000Z Iteration 14:  log pseudolikelihood = -3738.6649
2021-07-20T16:02:59.300059300Z Iteration 15:  log pseudolikelihood = -3738.6649
2021-07-20T16:02:59.394151300Z Iteration 16:  log pseudolikelihood = -3738.6649
2021-07-20T16:02:59.496564900Z Iteration 17:  log pseudolikelihood = -3738.6649
2021-07-20T16:02:59.580171300Z Iteration 18:  log pseudolikelihood = -3738.6649
2021-07-20T16:02:59.673568600Z Iteration 19:  log pseudolikelihood = -3738.6649
2021-07-20T16:02:59.770404200Z Iteration 20:  log pseudolikelihood = -3738.6649
2021-07-20T16:02:59.863753700Z Iteration 21:  log pseudolikelihood = -3738.6649
2021-07-20T16:02:59.957058100Z Iteration 22:  log pseudolikelihood = -3738.6649
2021-07-20T16:03:00.051701000Z Iteration 23:  log pseudolikelihood = -3738.6649
2021-07-20T16:03:00.140098200Z Iteration 24:  log pseudolikelihood = -3738.6649
2021-07-20T16:03:00.232089400Z Iteration 25:  log pseudolikelihood = -3738.6649
2021-07-20T16:03:00.321972300Z Iteration 26:  log pseudolikelihood = -3738.6649
2021-07-20T16:03:00.412485700Z Iteration 27:  log pseudolikelihood = -3738.6649
2021-07-20T16:03:00.503298700Z Iteration 28:  log pseudolikelihood = -3738.6649
2021-07-20T16:03:00.594943100Z Iteration 29:  log pseudolikelihood = -3738.6649
2021-07-20T16:03:00.687749000Z Iteration 30:  log pseudolikelihood = -3738.6649
2021-07-20T16:03:00.781711200Z Iteration 31:  log pseudolikelihood = -3738.6649
2021-07-20T16:03:00.781744200Z Refining estimates:
2021-07-20T16:03:01.058481900Z Iteration 0:   log pseudolikelihood = -3738.6649
2021-07-20T16:03:01.295858900Z Iteration 1:   log pseudolikelihood = -3738.6649
2021-07-20T16:03:01.521973100Z Iteration 2:   log pseudolikelihood = -3738.6649
2021-07-20T16:03:01.741990200Z Iteration 3:   log pseudolikelihood = -3738.6649
2021-07-20T16:03:01.962823000Z Iteration 4:   log pseudolikelihood = -3738.6649
2021-07-20T16:03:02.164334000Z Iteration 5:   log pseudolikelihood = -3738.6649
2021-07-20T16:03:02.366050700Z Iteration 6:   log pseudolikelihood = -3738.6649
2021-07-20T16:03:02.574167300Z Iteration 7:   log pseudolikelihood = -3738.6649
2021-07-20T16:03:03.326398800Z 
2021-07-20T16:03:03.326424200Z Stratified Cox regr. -- Breslow method for ties
2021-07-20T16:03:03.326496200Z 
2021-07-20T16:03:03.326514200Z No. of subjects      =        4,489             Number of obs    =       4,489
2021-07-20T16:03:03.326756200Z No. of failures      =          636
2021-07-20T16:03:03.326773200Z Time at risk         =       331396
2021-07-20T16:03:03.326778700Z                                                 Wald chi2(42)    =    32742.03
2021-07-20T16:03:03.326922300Z Log pseudolikelihood =   -3738.6649             Prob > chi2      =      0.0000
2021-07-20T16:03:03.326938600Z 
2021-07-20T16:03:03.340895200Z                          (Std. Err. adjusted for 912 clusters in household_id)
2021-07-20T16:03:03.340918100Z ------------------------------------------------------------------------------
2021-07-20T16:03:03.340924100Z              |               Robust
2021-07-20T16:03:03.340929400Z           _t | Haz. Ratio   Std. Err.      z    P>|z|     [95% Conf. Interval]
2021-07-20T16:03:03.340934400Z -------------+----------------------------------------------------------------
2021-07-20T16:03:03.340939100Z    kids_cat4 |
2021-07-20T16:03:03.341215300Z only <12 ..  |   1.106037   .3332985     0.33   0.738     .6127232    1.996525
2021-07-20T16:03:03.341441900Z  only 12-18  |   1.926047   .6540887     1.93   0.054     .9899135    3.747454
2021-07-20T16:03:03.341761700Z       mixed  |   1.129135   .3219322     0.43   0.670     .6457379    1.974401
2021-07-20T16:03:03.341776100Z              |
2021-07-20T16:03:03.342064000Z         age1 |   .9553452   .0340377    -1.28   0.200     .8909086    1.024442
2021-07-20T16:03:03.342350600Z         age2 |   1.341683    .249748     1.58   0.114     .9315429    1.932401
2021-07-20T16:03:03.342727400Z         age3 |   .5521929   .2025534    -1.62   0.105     .2690643    1.133249
2021-07-20T16:03:03.343235500Z       1.male |   1.150328     .09335     1.73   0.084     .9811741    1.348644
2021-07-20T16:03:03.343257200Z              |
2021-07-20T16:03:03.343264400Z    ethnicity |
2021-07-20T16:03:03.343539100Z Asian or ..  |   1.015133   .1320171     0.12   0.908     .7867284    1.309848
2021-07-20T16:03:03.344207100Z       Other  |   .7001984   .1093855    -2.28   0.023     .5155202    .9510349
2021-07-20T16:03:03.344226000Z              |
2021-07-20T16:03:03.344232100Z    obese4cat |
2021-07-20T16:03:03.344875900Z Obese I ..)  |   1.183704   .1382523     1.44   0.149     .9415122    1.488197
2021-07-20T16:03:03.345449900Z Obese II..)  |   1.168016   .1639483     1.11   0.269     .8870946    1.537897
2021-07-20T16:03:03.345817900Z Obese II..)  |   1.050189   .1800613     0.29   0.775     .7504531     1.46964
2021-07-20T16:03:03.345832900Z              |
2021-07-20T16:03:03.345837500Z smoke_nomiss |
2021-07-20T16:03:03.346125400Z      Former  |   .4845126   .1978065    -1.77   0.076      .217668    1.078488
2021-07-20T16:03:03.346496700Z     Current  |   .9211269   .1200828    -0.63   0.529     .7134319    1.189286
2021-07-20T16:03:03.346511000Z              |
2021-07-20T16:03:03.346516300Z          imd |
2021-07-20T16:03:03.346779900Z           4  |   1.147139   .1176279     1.34   0.181     .9382828    1.402486
2021-07-20T16:03:03.347084900Z 5 most de..  |    1.17566   .1489903     1.28   0.202     .9170857    1.507141
2021-07-20T16:03:03.347099100Z              |
2021-07-20T16:03:03.347104700Z tot_adults~h |
2021-07-20T16:03:03.347389400Z           2  |   .7397312   .3744993    -0.60   0.552     .2742466    1.995293
2021-07-20T16:03:03.347814100Z           3  |   .5193267   .2253507    -1.51   0.131     .2218605     1.21563
2021-07-20T16:03:03.347827100Z              |
2021-07-20T16:03:03.348238600Z 1.htdiag_o~p |   1.086574   .1723381     0.52   0.601     .7962566    1.482743
2021-07-20T16:03:03.348675300Z 1.~y_disease |   1.016082   .0961056     0.17   0.866     .8441469    1.223036
2021-07-20T16:03:03.349073000Z     1.asthma |   .7542644    .119743    -1.78   0.076     .5525752     1.02957
2021-07-20T16:03:03.349456500Z 1.~c_disease |   1.024592    .101195     0.25   0.806     .8442695    1.243429
2021-07-20T16:03:03.349469400Z              |
2021-07-20T16:03:03.349474100Z      diabcat |
2021-07-20T16:03:03.349815700Z T1DM, con..  |   .9209202   .2557765    -0.30   0.767     .5343295    1.587212
2021-07-20T16:03:03.350121400Z T1DM, unc..  |   2.079777   .6727872     2.26   0.024     1.103219    3.920776
2021-07-20T16:03:03.350432100Z T2DM, con..  |   .8646379   .0956713    -1.31   0.189     .6960648    1.074036
2021-07-20T16:03:03.350773400Z T2DM, unc..  |   .9954345   .2184593    -0.02   0.983      .647451    1.530448
2021-07-20T16:03:03.351177200Z Diabetes,..  |   2.78e-17   1.48e-17   -71.64   0.000     9.81e-18    7.89e-17
2021-07-20T16:03:03.351190400Z              |
2021-07-20T16:03:03.351195700Z cancer_exh~t |
2021-07-20T16:03:03.351558400Z   Last year  |   3.05e-17   7.34e-18  -158.12   0.000     1.91e-17    4.89e-17
2021-07-20T16:03:03.351891600Z 2-5 years..  |   1.245893   .3923096     0.70   0.485     .6721287    2.309452
2021-07-20T16:03:03.352286200Z    5+ years  |   1.080303   .1075992     0.78   0.438     .8887208    1.313186
2021-07-20T16:03:03.352300700Z              |
2021-07-20T16:03:03.352305700Z cancer_hae~t |
2021-07-20T16:03:03.352674000Z   Last year  |   2.401847   .9936574     2.12   0.034     1.067575    5.403711
2021-07-20T16:03:03.352951000Z 2-5 years..  |   1.962764   .5271988     2.51   0.012     1.159405    3.322775
2021-07-20T16:03:03.353300400Z    5+ years  |   1.042846   .1090744     0.40   0.688     .8495526    1.280117
2021-07-20T16:03:03.353313100Z              |
2021-07-20T16:03:03.353788100Z 1.~r_disease |   1.064743   .1090909     0.61   0.540     .8710294    1.301538
2021-07-20T16:03:03.354143900Z 1.stroke_d~a |   1.026364   .0986858     0.27   0.787     .8500756    1.239211
2021-07-20T16:03:03.354637900Z 1.other_ne~o |     1.0123    .098601     0.13   0.900     .8363722    1.225233
2021-07-20T16:03:03.354651400Z              |
2021-07-20T16:03:03.354656700Z reduced_ki~t |
2021-07-20T16:03:03.355104200Z Stage 3a/..  |   1.180725   .2423021     0.81   0.418     .7897141    1.765338
2021-07-20T16:03:03.355475500Z       1.esrd |   .9472505   .0789042    -0.65   0.515     .8045653     1.11524
2021-07-20T16:03:03.355815800Z 1.other_tr~t |    1.00416   .1003076     0.04   0.967     .8256095    1.221325
2021-07-20T16:03:03.356232600Z   1.asplenia |    1.11618   .1006872     1.22   0.223     .9352979    1.332044
2021-07-20T16:03:03.356642900Z 1.ra_sle_p~s |   1.025278   .1013921     0.25   0.801     .8446258    1.244569
2021-07-20T16:03:03.358015800Z 1.other_im~o |   .8584793   .0761928    -1.72   0.086     .7214113     1.02159
2021-07-20T16:03:03.358027100Z ------------------------------------------------------------------------------
2021-07-20T16:03:03.358293300Z                                                              Stratified by stp
2021-07-20T16:03:03.363103900Z    1:      5.35 /        1 =       5.3510
2021-07-20T16:03:03.366412500Z 
2021-07-20T16:03:03.366436200Z          failure _d:  covidadmission
2021-07-20T16:03:03.366442000Z    analysis time _t:  (stime_covidadmission-origin)
2021-07-20T16:03:03.366446600Z              origin:  time enter_date
2021-07-20T16:03:03.366451800Z   enter on or after:  time enter_date
2021-07-20T16:03:03.366456300Z                  id:  patient_id
2021-07-20T16:03:03.523186400Z 
2021-07-20T16:03:03.523241000Z Iteration 0:   log pseudolikelihood = -3768.2333
2021-07-20T16:03:03.579544000Z Iteration 1:   log pseudolikelihood = -3747.1029
2021-07-20T16:03:03.654053900Z Iteration 2:   log pseudolikelihood = -3737.7185
2021-07-20T16:03:03.714000400Z Iteration 3:   log pseudolikelihood = -3736.4141
2021-07-20T16:03:03.773277600Z Iteration 4:   log pseudolikelihood = -3736.2568
2021-07-20T16:03:03.835988800Z Iteration 5:   log pseudolikelihood = -3736.2137
2021-07-20T16:03:03.910211900Z Iteration 6:   log pseudolikelihood =  -3736.198
2021-07-20T16:03:03.974783500Z Iteration 7:   log pseudolikelihood = -3736.1921
2021-07-20T16:03:04.031869400Z Iteration 8:   log pseudolikelihood =   -3736.19
2021-07-20T16:03:04.093534500Z Iteration 9:   log pseudolikelihood = -3736.1892
2021-07-20T16:03:04.160525000Z Iteration 10:  log pseudolikelihood = -3736.1889
2021-07-20T16:03:04.225363000Z Iteration 11:  log pseudolikelihood = -3736.1888
2021-07-20T16:03:04.281988100Z Iteration 12:  log pseudolikelihood = -3736.1888
2021-07-20T16:03:04.351916900Z Iteration 13:  log pseudolikelihood = -3736.1888
2021-07-20T16:03:04.416965400Z Iteration 14:  log pseudolikelihood = -3736.1888
2021-07-20T16:03:04.477101400Z Iteration 15:  log pseudolikelihood = -3736.1888
2021-07-20T16:03:04.538959400Z Iteration 16:  log pseudolikelihood = -3736.1888
2021-07-20T16:03:04.603270100Z Iteration 17:  log pseudolikelihood = -3736.1888
2021-07-20T16:03:04.685042600Z Iteration 18:  log pseudolikelihood = -3736.1888
2021-07-20T16:03:04.763541200Z Iteration 19:  log pseudolikelihood = -3736.1888
2021-07-20T16:03:04.826610700Z Iteration 20:  log pseudolikelihood = -3736.1888
2021-07-20T16:03:04.884348800Z Iteration 21:  log pseudolikelihood = -3736.1888
2021-07-20T16:03:04.950244300Z Iteration 22:  log pseudolikelihood = -3736.1888
2021-07-20T16:03:05.051309500Z Iteration 23:  log pseudolikelihood = -3736.1888
2021-07-20T16:03:05.108550000Z Iteration 24:  log pseudolikelihood = -3736.1888
2021-07-20T16:03:05.174034700Z Iteration 25:  log pseudolikelihood = -3736.1888
2021-07-20T16:03:05.248210900Z Iteration 26:  log pseudolikelihood = -3736.1888
2021-07-20T16:03:05.322010600Z Iteration 27:  log pseudolikelihood = -3736.1888
2021-07-20T16:03:05.396220000Z Iteration 28:  log pseudolikelihood = -3736.1888
2021-07-20T16:03:05.467276700Z Iteration 29:  log pseudolikelihood = -3736.1888
2021-07-20T16:03:05.543826000Z Iteration 30:  log pseudolikelihood = -3736.1888
2021-07-20T16:03:05.619154700Z Iteration 31:  log pseudolikelihood = -3736.1888
2021-07-20T16:03:05.702265800Z Iteration 32:  log pseudolikelihood = -3736.1888
2021-07-20T16:03:05.762727400Z Iteration 33:  log pseudolikelihood = -3736.1888
2021-07-20T16:03:05.827784100Z Iteration 34:  log pseudolikelihood = -3736.1888
2021-07-20T16:03:05.894674000Z Iteration 35:  log pseudolikelihood = -3736.1888
2021-07-20T16:03:05.960785700Z Iteration 36:  log pseudolikelihood = -3736.1888
2021-07-20T16:03:06.035498200Z Iteration 37:  log pseudolikelihood = -3736.1888
2021-07-20T16:03:06.108615400Z Iteration 38:  log pseudolikelihood = -3736.1888
2021-07-20T16:03:06.173685400Z Iteration 39:  log pseudolikelihood = -3736.1888
2021-07-20T16:03:06.240871200Z Iteration 40:  log pseudolikelihood = -3736.1888
2021-07-20T16:03:06.301083400Z Iteration 41:  log pseudolikelihood = -3736.1888
2021-07-20T16:03:06.371756400Z Iteration 42:  log pseudolikelihood = -3736.1888
2021-07-20T16:03:06.428111200Z Iteration 43:  log pseudolikelihood = -3736.1888
2021-07-20T16:03:06.487257100Z Iteration 44:  log pseudolikelihood = -3736.1888
2021-07-20T16:03:06.549003500Z Iteration 45:  log pseudolikelihood = -3736.1888
2021-07-20T16:03:06.549023300Z Refining estimates:
2021-07-20T16:03:06.793824500Z Iteration 0:   log pseudolikelihood = -3736.1888
2021-07-20T16:03:07.561071100Z 
2021-07-20T16:03:07.561100600Z Stratified Cox regr. -- Breslow method for ties
2021-07-20T16:03:07.561107200Z 
2021-07-20T16:03:07.561112200Z No. of subjects      =        4,489             Number of obs    =       4,489
2021-07-20T16:03:07.561117100Z No. of failures      =          636
2021-07-20T16:03:07.561242400Z Time at risk         =       331396
2021-07-20T16:03:07.561258200Z                                                 Wald chi2(43)    =       69.84
2021-07-20T16:03:07.561262300Z Log pseudolikelihood =   -3736.1888             Prob > chi2      =      0.0059
2021-07-20T16:03:07.561265600Z 
2021-07-20T16:03:07.577264200Z                          (Std. Err. adjusted for 912 clusters in household_id)
2021-07-20T16:03:07.577285200Z ------------------------------------------------------------------------------
2021-07-20T16:03:07.577291600Z              |               Robust
2021-07-20T16:03:07.577296400Z           _t | Haz. Ratio   Std. Err.      z    P>|z|     [95% Conf. Interval]
2021-07-20T16:03:07.577301200Z -------------+----------------------------------------------------------------
2021-07-20T16:03:07.577306800Z    kids_cat4 |
2021-07-20T16:03:07.577456900Z only <12 ..  |   .7770947   .3375142    -0.58   0.561     .3317211    1.820434
2021-07-20T16:03:07.577699200Z  only 12-18  |   4.099812   2.042132     2.83   0.005     1.544462    10.88305
2021-07-20T16:03:07.577911600Z       mixed  |   1.055803   .3350917     0.17   0.864     .5667969    1.966699
2021-07-20T16:03:07.577924500Z              |
2021-07-20T16:03:07.578163900Z         age1 |    .952717   .0339051    -1.36   0.173     .8885288    1.021542
2021-07-20T16:03:07.578370000Z         age2 |   1.354213   .2513659     1.63   0.102     .9412156    1.948432
2021-07-20T16:03:07.578670200Z         age3 |   .5432431   .1985982    -1.67   0.095     .2653463    1.112181
2021-07-20T16:03:07.578968000Z       1.male |   1.157957   .0942304     1.80   0.072     .9872441    1.358189
2021-07-20T16:03:07.578980100Z              |
2021-07-20T16:03:07.578984900Z    ethnicity |
2021-07-20T16:03:07.579128400Z Asian or ..  |   1.012417   .1318184     0.09   0.924     .7843886    1.306734
2021-07-20T16:03:07.579500400Z       Other  |   .6984727    .109589    -2.29   0.022     .5135675    .9499513
2021-07-20T16:03:07.579512000Z              |
2021-07-20T16:03:07.579517200Z    obese4cat |
2021-07-20T16:03:07.579721900Z Obese I ..)  |    1.19438   .1395121     1.52   0.128     .9499837    1.501651
2021-07-20T16:03:07.579906300Z Obese II..)  |   1.174806   .1648995     1.15   0.251     .8922541    1.546833
2021-07-20T16:03:07.580232600Z Obese II..)  |   1.050499   .1794495     0.29   0.773      .751607    1.468252
2021-07-20T16:03:07.580245000Z              |
2021-07-20T16:03:07.580250400Z smoke_nomiss |
2021-07-20T16:03:07.580492500Z      Former  |   .4714458   .1933969    -1.83   0.067     .2109847    1.053446
2021-07-20T16:03:07.580807600Z     Current  |   .9229861   .1207979    -0.61   0.540     .7141545    1.192884
2021-07-20T16:03:07.580820700Z              |
2021-07-20T16:03:07.580825500Z          imd |
2021-07-20T16:03:07.580968700Z           4  |   1.136596   .1168879     1.25   0.213     .9291129    1.390414
2021-07-20T16:03:07.581379000Z 5 most de..  |   1.168679   .1482041     1.23   0.219     .9114891    1.498439
2021-07-20T16:03:07.581392000Z              |
2021-07-20T16:03:07.581397700Z tot_adults~h |
2021-07-20T16:03:07.581647600Z           2  |   .6799075   .3403665    -0.77   0.441      .254878    1.813708
2021-07-20T16:03:07.581995900Z           3  |   .5095862   .2204182    -1.56   0.119     .2182911    1.189596
2021-07-20T16:03:07.582007200Z              |
2021-07-20T16:03:07.582352100Z 1.htdiag_o~p |   1.091366   .1737008     0.55   0.583     .7989028    1.490894
2021-07-20T16:03:07.582721300Z 1.~y_disease |    1.00709    .095757     0.07   0.941     .8358599    1.213397
2021-07-20T16:03:07.583073900Z     1.asthma |    .749138   .1188637    -1.82   0.069     .5489136    1.022397
2021-07-20T16:03:07.583452000Z 1.~c_disease |    1.02497   .1011302     0.25   0.803     .8447459    1.243645
2021-07-20T16:03:07.583461200Z              |
2021-07-20T16:03:07.583464100Z      diabcat |
2021-07-20T16:03:07.583819000Z T1DM, con..  |   .9403665   .2614064    -0.22   0.825     .5453523    1.621501
2021-07-20T16:03:07.584084800Z T1DM, unc..  |   2.068003   .6694166     2.24   0.025     1.096518    3.900199
2021-07-20T16:03:07.584390300Z T2DM, con..  |   .8619685   .0956444    -1.34   0.181     .6934924    1.071374
2021-07-20T16:03:07.584689300Z T2DM, unc..  |   .9976789   .2186825    -0.01   0.992     .6492543    1.533087
2021-07-20T16:03:07.585001700Z Diabetes,..  |   6.64e-20          .        .       .            .           .
2021-07-20T16:03:07.585011600Z              |
2021-07-20T16:03:07.585014400Z cancer_exh~t |
2021-07-20T16:03:07.585317500Z   Last year  |   2.66e-20          .        .       .            .           .
2021-07-20T16:03:07.585534800Z 2-5 years..  |   1.245568   .3922464     0.70   0.486     .6719122    2.308992
2021-07-20T16:03:07.585807600Z    5+ years  |   1.069656   .1125139     0.64   0.522       .87038    1.314557
2021-07-20T16:03:07.585820700Z              |
2021-07-20T16:03:07.585825500Z cancer_hae~t |
2021-07-20T16:03:07.586092100Z   Last year  |   2.362223   .9818418     2.07   0.039     1.045984    5.334786
2021-07-20T16:03:07.586407600Z 2-5 years..  |    1.92148   .5235668     2.40   0.017     1.126418    3.277722
2021-07-20T16:03:07.586773000Z    5+ years  |   1.033695   .1105214     0.31   0.757     .8382681    1.274682
2021-07-20T16:03:07.586783100Z              |
2021-07-20T16:03:07.587100300Z 1.~r_disease |   1.066642   .1091543     0.63   0.528     .8727934    1.303545
2021-07-20T16:03:07.587538000Z 1.stroke_d~a |   1.038086   .0997842     0.39   0.697     .8598314    1.253296
2021-07-20T16:03:07.587891800Z 1.other_ne~o |   1.013285   .0984139     0.14   0.892     .8376446    1.225754
2021-07-20T16:03:07.587902000Z              |
2021-07-20T16:03:07.587907100Z reduced_ki~t |
2021-07-20T16:03:07.588377400Z Stage 3a/..  |   1.182812   .2411444     0.82   0.410     .7931915    1.763817
2021-07-20T16:03:07.588750800Z       1.esrd |   .9364498   .0833653    -0.74   0.461     .7865172    1.114964
2021-07-20T16:03:07.589100100Z 1.other_tr~t |   .9907737   .0992017    -0.09   0.926     .8142308    1.205595
2021-07-20T16:03:07.589810900Z   1.asplenia |   1.103784    .103251     1.06   0.291      .918883    1.325891
2021-07-20T16:03:07.590167800Z 1.ra_sle_p~s |   1.022168   .1009194     0.22   0.824     .8423303    1.240401
2021-07-20T16:03:07.596490400Z 1.other_im~o |   .8487992   .0781136    -1.78   0.075     .7087128    1.016576
2021-07-20T16:03:07.596512200Z              |
2021-07-20T16:03:07.596516700Z       shield#|
2021-07-20T16:03:07.596520600Z    kids_cat4 |
2021-07-20T16:03:07.596524200Z           1 #|
2021-07-20T16:03:07.596558900Z only <12 ..  |    1.49817   .5513552     1.10   0.272     .7282875    3.081907
2021-07-20T16:03:07.596564200Z           1 #|
2021-07-20T16:03:07.596567900Z  only 12-18  |   .3571765   .2169173    -1.70   0.090     .1086272     1.17443
2021-07-20T16:03:07.596571800Z     1#mixed  |   1.076945   .1712366     0.47   0.641     .7885887    1.470742
2021-07-20T16:03:07.596575700Z ------------------------------------------------------------------------------
2021-07-20T16:03:07.596579600Z                                                              Stratified by stp
2021-07-20T16:03:07.596583800Z    1:      4.23 /        1 =       4.2340
2021-07-20T16:03:07.596587700Z 
2021-07-20T16:03:07.596591400Z  ( 1)  1.shield#1.kids_cat4 = 0
2021-07-20T16:03:07.596595100Z  ( 2)  1.shield#2.kids_cat4 = 0
2021-07-20T16:03:07.596598700Z  ( 3)  1.shield#3.kids_cat4 = 0
2021-07-20T16:03:07.596613200Z 
2021-07-20T16:03:07.596617000Z            chi2(  3) =    4.41
2021-07-20T16:03:07.596620900Z          Prob > chi2 =    0.2202
2021-07-20T16:03:07.596624900Z 
2021-07-20T16:03:07.596628600Z kids_cat4 
2021-07-20T16:03:07.596632400Z ****************
2021-07-20T16:03:07.598042600Z 
2021-07-20T16:03:07.598099400Z  ( 1)  1.kids_cat4 + 1.shield#1.kids_cat4 = 0
2021-07-20T16:03:07.598216300Z 
2021-07-20T16:03:07.606764700Z ------------------------------------------------------------------------------
2021-07-20T16:03:07.606785700Z           _t |     exp(b)   Std. Err.      z    P>|z|     [95% Conf. Interval]
2021-07-20T16:03:07.606791100Z -------------+----------------------------------------------------------------
2021-07-20T16:03:07.607251900Z          (1) |    1.16422   .3546061     0.50   0.618     .6408707    2.114949
2021-07-20T16:03:07.607267700Z ------------------------------------------------------------------------------
2021-07-20T16:03:07.607753000Z kids_cat4
2021-07-20T16:03:07.607766000Z ****************
2021-07-20T16:03:07.609985000Z 
2021-07-20T16:03:07.610002400Z  ( 1)  2.kids_cat4 + 1.shield#2.kids_cat4 = 0
2021-07-20T16:03:07.610175400Z 
2021-07-20T16:03:07.620978800Z ------------------------------------------------------------------------------
2021-07-20T16:03:07.621025300Z           _t |     exp(b)   Std. Err.      z    P>|z|     [95% Conf. Interval]
2021-07-20T16:03:07.621032700Z -------------+----------------------------------------------------------------
2021-07-20T16:03:07.621884500Z          (1) |   1.464357   .5873966     0.95   0.342     .6671212    3.214318
2021-07-20T16:03:07.621899400Z ------------------------------------------------------------------------------
2021-07-20T16:03:07.622528400Z kids_cat4
2021-07-20T16:03:07.622571300Z ****************
2021-07-20T16:03:07.625788600Z 
2021-07-20T16:03:07.625806500Z  ( 1)  3.kids_cat4 + 1.shield#3.kids_cat4 = 0
2021-07-20T16:03:07.626010200Z 
2021-07-20T16:03:07.635548800Z ------------------------------------------------------------------------------
2021-07-20T16:03:07.635668000Z           _t |     exp(b)   Std. Err.      z    P>|z|     [95% Conf. Interval]
2021-07-20T16:03:07.635676000Z -------------+----------------------------------------------------------------
2021-07-20T16:03:07.636117400Z          (1) |   1.137041   .3225776     0.45   0.651     .6520652     1.98272
2021-07-20T16:03:07.636134600Z ------------------------------------------------------------------------------
2021-07-20T16:03:07.646275200Z (note: file output/an_interaction_cox_models_covidadmission_kids_cat4_shield_MA
2021-07-20T16:03:07.646357700Z > INFULLYADJMODEL_agespline_bmicat_noeth_ageband_1W2.ster not found)
2021-07-20T16:03:07.646409200Z file output/an_interaction_cox_models_covidadmission_kids_cat4_shield_MAINFULLY
2021-07-20T16:03:07.646418200Z > ADJMODEL_agespline_bmicat_noeth_ageband_1W2.ster saved
2021-07-20T16:03:07.646487600Z 
2021-07-20T16:03:07.646503900Z . 
2021-07-20T16:03:07.646509900Z . log close
2021-07-20T16:03:07.646597900Z       name:  <unnamed>
2021-07-20T16:03:07.646610400Z        log:  /workspace/log/10_an_interaction_cox_models_shield_covidadmissionW
2021-07-20T16:03:07.646613900Z > 2.log
2021-07-20T16:03:07.646616400Z   log type:  text
2021-07-20T16:03:07.646618800Z  closed on:  20 Jul 2021, 16:03:07
2021-07-20T16:03:07.646621100Z -------------------------------------------------------------------------------
2021-07-20T16:03:07.646623800Z 
2021-07-20T16:03:07.646626200Z . 
2021-07-20T16:03:07.646628500Z . exit, clear 
2021-07-20T16:03:07.646630800Z 
2021-07-20T16:03:07.646633100Z end of do-file
2021-07-20T16:03:07.646635300Z 
2021-07-20T16:03:07.646637600Z . . file open output using "/tmp/tmp.eWg09vU7EY", write text replace
2021-07-20T16:03:07.646790300Z 
2021-07-20T16:03:07.646800600Z . . file write output "success" 
2021-07-20T16:03:07.646803600Z 
2021-07-20T16:03:07.646805900Z . . file close output
2021-07-20T16:03:07.646808400Z 
2021-07-20T16:03:07.646810700Z . 
2021-07-20T16:03:07.646813100Z end of do-file
2021-07-20T16:03:07.646815500Z 
2021-07-20T16:03:07.646818200Z 
2021-07-20T16:03:07.672364100Z . 

state: succeeded
commit: none
docker_image_id: sha256:11980aa720220a1b39bf523f5a8a33270214c13876c30ee364e16265766f7f60
exit_code: 0
job_id: 653xh7fotheas2no
run_by_user: qc18278
created_at: 2021-07-20T15:38:48Z
started_at: 2021-07-20T16:02:42Z
completed_at: 2021-07-20T16:03:42Z

Completed successfully

outputs:
  log/10_an_interaction_cox_models_shield_covidadmissionW2.log                                                                - moderately_sensitive
  output/an_interaction_cox_models_covidadmission_kids_cat4_shield_MAINFULLYADJMODEL_agespline_bmicat_noeth_ageband_0W2.ster  - moderately_sensitive
  output/an_interaction_cox_models_covidadmission_kids_cat4_shield_MAINFULLYADJMODEL_agespline_bmicat_noeth_ageband_1W2.ster  - moderately_sensitive