2021-07-20T16:02:56.414986400Z 
2021-07-20T16:02:56.415032200Z   ___  ____  ____  ____  ____ (R)
2021-07-20T16:02:56.415037600Z  /__    /   ____/   /   ____/
2021-07-20T16:02:56.415041800Z ___/   /   /___/   /   /___/   16.1   Copyright 1985-2019 StataCorp LLC
2021-07-20T16:02:56.415046600Z   Statistics/Data Analysis            StataCorp
2021-07-20T16:02:56.415050500Z                                       4905 Lakeway Drive
2021-07-20T16:02:56.415054500Z                                       College Station, Texas 77845 USA
2021-07-20T16:02:56.415058400Z                                       800-STATA-PC        http://www.stata.com
2021-07-20T16:02:56.415062300Z                                       979-696-4600        stata@stata.com
2021-07-20T16:02:56.415066200Z                                       979-696-4601 (fax)
2021-07-20T16:02:56.415069700Z 
2021-07-20T16:02:56.415073100Z 3-user Stata network license expires 11 May 2022:
2021-07-20T16:02:56.415076700Z        Serial number:  501709312237
2021-07-20T16:02:56.415080300Z          Licensed to:  The Bennett Institute
2021-07-20T16:02:56.415084300Z                        Oxford University
2021-07-20T16:02:56.415088200Z 
2021-07-20T16:02:56.415091700Z Notes:
2021-07-20T16:02:56.415095100Z       1.  Unicode is supported; see help unicode_advice.
2021-07-20T16:02:56.415098700Z 
2021-07-20T16:02:56.415102200Z . do "analysis/10_an_interaction_cox_models_sex.wrapper.do" covidadmission W2 
2021-07-20T16:02:56.415106200Z 
2021-07-20T16:02:56.415109600Z . . do "analysis/10_an_interaction_cox_models_sex.do" covidadmission W2
2021-07-20T16:02:56.415113800Z 
2021-07-20T16:02:56.415117400Z . *****************************************************************************
2021-07-20T16:02:56.415121400Z > ***
2021-07-20T16:02:56.415125800Z . *
2021-07-20T16:02:56.415129400Z . *       Do-file:                10_an_interaction_cox_models_sex.do
2021-07-20T16:02:56.415133200Z . *
2021-07-20T16:02:56.415136700Z . *       Project:                Exposure children and COVID risk
2021-07-20T16:02:56.415140600Z . *
2021-07-20T16:02:56.415144600Z . *       Programmed by:  Hforbes, based on files from Fizz & Krishnan
2021-07-20T16:02:56.415148700Z . *
2021-07-20T16:02:56.415152400Z . *       Data used:              analysis_dataset.dta
2021-07-20T16:02:56.415156500Z . *
2021-07-20T16:02:56.415160000Z . *       Data created:   None
2021-07-20T16:02:56.415163600Z . *
2021-07-20T16:02:56.415167600Z . *       Other output:   Log file:  10_an_interaction_cox_models.log
2021-07-20T16:02:56.415171100Z . *
2021-07-20T16:02:56.415174800Z . *****************************************************************************
2021-07-20T16:02:56.415187400Z > ***
2021-07-20T16:02:56.415191600Z . *
2021-07-20T16:02:56.415195400Z . *       Purpose:                This do-file performs multivariable (fully ad
2021-07-20T16:02:56.415199500Z > justed) 
2021-07-20T16:02:56.415203300Z . *                                       Cox models, with an interaction by se
2021-07-20T16:02:56.415207100Z > x.
2021-07-20T16:02:56.415210700Z . *  
2021-07-20T16:02:56.415214500Z . *****************************************************************************
2021-07-20T16:02:56.415218700Z > ***
2021-07-20T16:02:56.415222700Z . *       
2021-07-20T16:02:56.415226700Z . *       Stata routines needed:  stbrier   
2021-07-20T16:02:56.415230700Z . *
2021-07-20T16:02:56.415234300Z . *****************************************************************************
2021-07-20T16:02:56.415238300Z > ***
2021-07-20T16:02:56.415241900Z . 
2021-07-20T16:02:56.415245900Z . 
2021-07-20T16:02:56.415249900Z . * Set globals that will print in programs and direct output
2021-07-20T16:02:56.415253900Z . global outdir     "output" 
2021-07-20T16:02:56.415258000Z 
2021-07-20T16:02:56.415261400Z . global logdir     "log"
2021-07-20T16:02:56.415265200Z 
2021-07-20T16:02:56.415271200Z . global tempdir    "tempdata"
2021-07-20T16:02:56.415275300Z 
2021-07-20T16:02:56.415279100Z . global demogadjlist  age1 age2 age3 i.male i.ethnicity  i.obese4cat i.smoke_n
2021-07-20T16:02:56.415283000Z > omiss i.imd i.tot_adults_hh
2021-07-20T16:02:56.415286600Z 
2021-07-20T16:02:56.415290000Z . global comordidadjlist  i.htdiag_or_highbp                              ///
2021-07-20T16:02:56.415294100Z >                         i.chronic_respiratory_disease   ///
2021-07-20T16:02:56.415297900Z >                         i.asthma                                             
2021-07-20T16:02:56.415301700Z >    ///
2021-07-20T16:02:56.415305400Z >                         i.chronic_cardiac_disease               ///
2021-07-20T16:02:56.415309700Z >                         i.diabcat                                            
2021-07-20T16:02:56.415314100Z >    ///
2021-07-20T16:02:56.415317800Z >                         i.cancer_exhaem_cat                             ///
2021-07-20T16:02:56.415321800Z >                         i.cancer_haem_cat                               ///
2021-07-20T16:02:56.415325900Z >                         i.chronic_liver_disease                 ///
2021-07-20T16:02:56.415330000Z >                         i.stroke_dementia                               ///
2021-07-20T16:02:56.415334000Z >                         i.other_neuro                                   ///
2021-07-20T16:02:56.415351000Z >                         i.reduced_kidney_function_cat   ///
2021-07-20T16:02:56.415355900Z >                         i.esrd                                               
2021-07-20T16:02:56.415360700Z >    ///
2021-07-20T16:02:56.415364500Z >                         i.other_transplant                              ///
2021-07-20T16:02:56.415369000Z >                         i.asplenia                                           
2021-07-20T16:02:56.415373300Z >    ///
2021-07-20T16:02:56.415377100Z >                         i.ra_sle_psoriasis                      ///
2021-07-20T16:02:56.415381600Z >                         i.other_immuno          
2021-07-20T16:02:56.415385900Z 
2021-07-20T16:02:56.415390300Z . local outcome `1' 
2021-07-20T16:02:56.415394400Z 
2021-07-20T16:02:56.415422300Z . local dataset `2'
2021-07-20T16:02:56.415442800Z 
2021-07-20T16:02:56.415447100Z .  
2021-07-20T16:02:56.415450700Z . 
2021-07-20T16:02:56.415454300Z . 
2021-07-20T16:02:56.415458000Z . *****************************************************************************
2021-07-20T16:02:56.415462000Z > *******
2021-07-20T16:02:56.415466000Z . *First clean up all old saved estimates for this outcome
2021-07-20T16:02:56.415470300Z . *This is to guard against accidentally displaying left-behind results from ol
2021-07-20T16:02:56.415474500Z > d runs
2021-07-20T16:02:56.415478600Z . *****************************************************************************
2021-07-20T16:02:56.415482800Z > *******
2021-07-20T16:02:56.415486400Z . cap erase ./output/an_interaction_cox_models_`outcome'_`exposure_type'_male_M
2021-07-20T16:02:56.415490400Z > AINFULLYADJMODEL_agespline_bmicat_noeth_ageband_0.ster
2021-07-20T16:02:56.415494000Z 
2021-07-20T16:02:56.415498000Z . cap erase ./output/an_interaction_cox_models_`outcome'_`exposure_type'_male_M
2021-07-20T16:02:56.415502200Z > AINFULLYADJMODEL_agespline_bmicat_noeth_ageband_1.ster
2021-07-20T16:02:56.415506400Z 
2021-07-20T16:02:56.415510000Z . 
2021-07-20T16:02:56.415513600Z . 
2021-07-20T16:02:56.415517300Z . cap log close
2021-07-20T16:02:56.415520700Z 
2021-07-20T16:02:56.415525600Z . log using "$logdir/10_an_interaction_cox_models_sex_`outcome'`dataset'", text
2021-07-20T16:02:56.415530600Z >  replace
2021-07-20T16:02:56.415535200Z (note: file /workspace/log/10_an_interaction_cox_models_sex_covidadmissionW2.lo
2021-07-20T16:02:56.415539400Z > g not found)
2021-07-20T16:02:56.415543500Z -------------------------------------------------------------------------------
2021-07-20T16:02:56.415564500Z       name:  <unnamed>
2021-07-20T16:02:56.415570400Z        log:  /workspace/log/10_an_interaction_cox_models_sex_covidadmissionW2.l
2021-07-20T16:02:56.415574500Z > og
2021-07-20T16:02:56.415578500Z   log type:  text
2021-07-20T16:02:56.415582000Z  opened on:  20 Jul 2021, 16:02:56
2021-07-20T16:02:56.415585700Z 
2021-07-20T16:02:56.415589600Z . 
2021-07-20T16:02:56.415593200Z . 
2021-07-20T16:02:56.415596500Z . *PROG TO DEFINE THE BASIC COX MODEL WITH OPTIONS FOR HANDLING OF AGE, BMI, ET
2021-07-20T16:02:56.415600400Z > HNICITY:
2021-07-20T16:02:56.415604300Z . cap prog drop basemodel
2021-07-20T16:02:56.415609200Z 
2021-07-20T16:02:56.415611500Z . prog define basemodel
2021-07-20T16:02:56.415615400Z   1.         syntax , exposure(string)  age(string) [ethnicity(real 0) interact
2021-07-20T16:02:56.415620500Z > ion(string)] 
2021-07-20T16:02:56.415624300Z   2. timer clear
2021-07-20T16:02:56.415628200Z   3. timer on 1
2021-07-20T16:02:56.415631400Z   4. stcox   `exposure'                                                        
2021-07-20T16:02:56.415634700Z >       ///
2021-07-20T16:02:56.415637900Z >                         $demogadjlist                                        
2021-07-20T16:02:56.415641200Z >            ///
2021-07-20T16:02:56.415644500Z >                         $comordidadjlist                                     
2021-07-20T16:02:56.415648800Z >            ///
2021-07-20T16:02:56.415652500Z >                         `interaction'                                        
2021-07-20T16:02:56.415656600Z >            ///
2021-07-20T16:02:56.415660100Z >                         , strata(stp) vce(cluster household_id)
2021-07-20T16:02:56.415664000Z   5.         timer off 1
2021-07-20T16:02:56.415668700Z   6. timer list
2021-07-20T16:02:56.415672700Z   7. end
2021-07-20T16:02:56.415675700Z 
2021-07-20T16:02:56.415679800Z . *****************************************************************************
2021-07-20T16:02:56.415684300Z > ********
2021-07-20T16:02:56.415688400Z . 
2021-07-20T16:02:56.415691800Z . * Open dataset and fit specified model(s)
2021-07-20T16:02:56.415695500Z . forvalues x=0/1 {
2021-07-20T16:02:56.415699200Z   2. use "$tempdir/cr_create_analysis_dataset_STSET_`outcome'_ageband_`x'`datas
2021-07-20T16:02:56.415703100Z > et'.dta", clear
2021-07-20T16:02:56.415706900Z   3. foreach int_type in  male  {
2021-07-20T16:02:56.415710600Z   4. 
2021-07-20T16:02:56.415714400Z . tab male `outcome'
2021-07-20T16:02:56.415718100Z   5. *Age interaction for 3-level exposure vars
2021-07-20T16:02:56.415728000Z . foreach exposure_type in kids_cat4  {
2021-07-20T16:02:56.415731900Z   6. 
2021-07-20T16:02:56.415735900Z . *Age spline model (not adj ethnicity, no interaction)
2021-07-20T16:02:56.415739600Z . basemodel, exposure("i.`exposure_type'") age("age1 age2 age3")  
2021-07-20T16:02:56.415743700Z   7. 
2021-07-20T16:02:56.415747500Z . *Age spline model (not adj ethnicity, interaction)
2021-07-20T16:02:56.415751400Z . basemodel, exposure("i.`exposure_type'") age("age1 age2 age3")  ///
2021-07-20T16:02:56.415755700Z > interaction(1.`int_type'#1.`exposure_type' 1.`int_type'#2.`exposure_type' 1.`
2021-07-20T16:02:56.415759400Z > int_type'#3.`exposure_type')
2021-07-20T16:02:56.415763300Z   8. if _rc==0{
2021-07-20T16:02:56.415767300Z   9. testparm 1.`int_type'#i.`exposure_type'
2021-07-20T16:02:56.415771300Z  10. di _n "`exposure_type' " _n "****************"
2021-07-20T16:02:56.415774300Z  11. lincom 1.`exposure_type' + 1.`int_type'#1.`exposure_type', eform
2021-07-20T16:02:56.415776900Z  12. di "`exposure_type'" _n "****************"
2021-07-20T16:02:56.415779600Z  13. lincom 2.`exposure_type' + 1.`int_type'#2.`exposure_type', eform
2021-07-20T16:02:56.415782200Z  14. di "`exposure_type'" _n "****************"
2021-07-20T16:02:56.415784600Z  15. lincom 3.`exposure_type' + 1.`int_type'#3.`exposure_type', eform
2021-07-20T16:02:56.415786900Z  16. estimates save ./output/an_interaction_cox_models_`outcome'_`exposure_type
2021-07-20T16:02:56.415789600Z > '_`int_type'_MAINFULLYADJMODEL_agespline_bmicat_noeth_ageband_`x'`dataset', r
2021-07-20T16:02:56.415792100Z > eplace
2021-07-20T16:02:56.415794700Z  17. }
2021-07-20T16:02:56.415797200Z  18. else di "WARNING GROUP MODEL DID NOT FIT (OUTCOME `outcome')"
2021-07-20T16:02:56.415800000Z  19. 
2021-07-20T16:02:56.415802600Z . }
2021-07-20T16:02:56.415804800Z  20. }
2021-07-20T16:02:56.415807000Z  21. }
2021-07-20T16:02:56.421460600Z 
2021-07-20T16:02:56.421486000Z            |   Failure/censoring
2021-07-20T16:02:56.421490300Z            |     indicator for
2021-07-20T16:02:56.421493600Z            |  outcome: covid SUS
2021-07-20T16:02:56.421496000Z            |       admission
2021-07-20T16:02:56.421498400Z       Male |         0          1 |     Total
2021-07-20T16:02:56.421500900Z -----------+----------------------+----------
2021-07-20T16:02:56.421503400Z          0 |     7,097      1,256 |     8,353 
2021-07-20T16:02:56.421505800Z          1 |     6,722      1,160 |     7,882 
2021-07-20T16:02:56.421508200Z -----------+----------------------+----------
2021-07-20T16:02:56.421510500Z      Total |    13,819      2,416 |    16,235 
2021-07-20T16:02:56.434895000Z 
2021-07-20T16:02:56.434916800Z          failure _d:  covidadmission
2021-07-20T16:02:56.434921600Z    analysis time _t:  (stime_covidadmission-origin)
2021-07-20T16:02:56.434989400Z              origin:  time enter_date
2021-07-20T16:02:56.435004700Z   enter on or after:  time enter_date
2021-07-20T16:02:56.435010100Z                  id:  patient_id
2021-07-20T16:02:57.011890000Z 
2021-07-20T16:02:57.011914200Z Iteration 0:   log pseudolikelihood = -17229.548
2021-07-20T16:02:57.245909200Z Iteration 1:   log pseudolikelihood = -17204.806
2021-07-20T16:02:57.445002900Z Iteration 2:   log pseudolikelihood = -17204.389
2021-07-20T16:02:57.652877200Z Iteration 3:   log pseudolikelihood = -17204.387
2021-07-20T16:02:57.843672700Z Iteration 4:   log pseudolikelihood = -17204.387
2021-07-20T16:02:57.843694700Z Refining estimates:
2021-07-20T16:02:58.607262100Z Iteration 0:   log pseudolikelihood = -17204.387
2021-07-20T16:03:03.920904700Z 
2021-07-20T16:03:03.920929400Z Stratified Cox regr. -- Breslow method for ties
2021-07-20T16:03:03.920947900Z 
2021-07-20T16:03:03.920954000Z No. of subjects      =       16,213             Number of obs    =      16,213
2021-07-20T16:03:03.921197600Z No. of failures      =        2,394
2021-07-20T16:03:03.921213800Z Time at risk         =      1194952
2021-07-20T16:03:03.921220200Z                                                 Wald chi2(42)    =       50.67
2021-07-20T16:03:03.921225400Z Log pseudolikelihood =   -17204.387             Prob > chi2      =      0.1686
2021-07-20T16:03:03.921230700Z 
2021-07-20T16:03:04.091390000Z                        (Std. Err. adjusted for 1,121 clusters in household_id)
2021-07-20T16:03:04.091417500Z ------------------------------------------------------------------------------
2021-07-20T16:03:04.091424500Z              |               Robust
2021-07-20T16:03:04.091429800Z           _t | Haz. Ratio   Std. Err.      z    P>|z|     [95% Conf. Interval]
2021-07-20T16:03:04.091435500Z -------------+----------------------------------------------------------------
2021-07-20T16:03:04.091441200Z    kids_cat4 |
2021-07-20T16:03:04.101300100Z only <12 ..  |   1.060761    .172837     0.36   0.717     .7707709    1.459854
2021-07-20T16:03:04.101492400Z  only 12-18  |   .8173456   .1687589    -0.98   0.329     .5453264    1.225053
2021-07-20T16:03:04.101753400Z       mixed  |   .9722668   .1512309    -0.18   0.857     .7167796    1.318819
2021-07-20T16:03:04.101766500Z              |
2021-07-20T16:03:04.101889000Z         age1 |   1.009121   .0079945     1.15   0.252      .993573    1.024912
2021-07-20T16:03:04.102115600Z         age2 |   .9809161    .023727    -0.80   0.426     .9354971     1.02854
2021-07-20T16:03:04.102406800Z         age3 |   1.046125    .069543     0.68   0.498     .9183298    1.191705
2021-07-20T16:03:04.102672600Z       1.male |   .9715113   .0401668    -0.70   0.485      .895891    1.053515
2021-07-20T16:03:04.102685400Z              |
2021-07-20T16:03:04.102690000Z    ethnicity |
2021-07-20T16:03:04.102935600Z Asian or ..  |   1.015191   .0659682     0.23   0.817     .8937907    1.153081
2021-07-20T16:03:04.103186100Z       Other  |   .9538282   .0677073    -0.67   0.505      .829942    1.096207
2021-07-20T16:03:04.103198000Z              |
2021-07-20T16:03:04.103203000Z    obese4cat |
2021-07-20T16:03:04.103454900Z Obese I ..)  |   1.090312   .0632589     1.49   0.136     .9731166    1.221622
2021-07-20T16:03:04.103687200Z Obese II..)  |   1.137395   .0804104     1.82   0.069     .9902247    1.306437
2021-07-20T16:03:04.104121100Z Obese II..)  |   1.042971   .0916985     0.48   0.632     .8778783    1.239111
2021-07-20T16:03:04.104134700Z              |
2021-07-20T16:03:04.104139500Z smoke_nomiss |
2021-07-20T16:03:04.104438100Z      Former  |   1.112671   .1503432     0.79   0.429     .8537937    1.450041
2021-07-20T16:03:04.104787300Z     Current  |   .9785283   .0631967    -0.34   0.737     .8621838    1.110572
2021-07-20T16:03:04.104798700Z              |
2021-07-20T16:03:04.104803700Z          imd |
2021-07-20T16:03:04.105084200Z           4  |    1.00333   .0522997     0.06   0.949     .9058864    1.111254
2021-07-20T16:03:04.105552400Z 5 most de..  |   1.054186   .0709347     0.78   0.433     .9239338      1.2028
2021-07-20T16:03:04.105567100Z              |
2021-07-20T16:03:04.105572500Z tot_adults~h |
2021-07-20T16:03:04.105831200Z           2  |   1.087942   .3711502     0.25   0.805     .5574671    2.123206
2021-07-20T16:03:04.106208100Z           3  |   .9579577   .2637251    -0.16   0.876     .5584845    1.643166
2021-07-20T16:03:04.106218000Z              |
2021-07-20T16:03:04.106663000Z 1.htdiag_o~p |   .9565975   .0748249    -0.57   0.571     .8206319    1.115091
2021-07-20T16:03:04.106958700Z 1.~y_disease |   .9972224   .0496953    -0.06   0.955     .9044268    1.099539
2021-07-20T16:03:04.107291200Z     1.asthma |   1.010025   .0727092     0.14   0.890     .8771145    1.163076
2021-07-20T16:03:04.107601700Z 1.~c_disease |   .9326247   .0491456    -1.32   0.186     .8411085    1.034098
2021-07-20T16:03:04.107612400Z              |
2021-07-20T16:03:04.107615500Z      diabcat |
2021-07-20T16:03:04.107952600Z T1DM, con..  |   .9405026   .1282103    -0.45   0.653     .7199848    1.228561
2021-07-20T16:03:04.108178500Z T1DM, unc..  |   1.386274   .3321945     1.36   0.173      .866712    2.217296
2021-07-20T16:03:04.108444500Z T2DM, con..  |   1.025643   .0559907     0.46   0.643     .9215706    1.141469
2021-07-20T16:03:04.108670300Z T2DM, unc..  |   1.169129   .1270819     1.44   0.151      .944797    1.446726
2021-07-20T16:03:04.109069100Z Diabetes,..  |   1.921771   1.519065     0.83   0.409     .4081964    9.047618
2021-07-20T16:03:04.109081300Z              |
2021-07-20T16:03:04.109085900Z cancer_exh~t |
2021-07-20T16:03:04.109495500Z   Last year  |   .9629883    .317873    -0.11   0.909     .5042521    1.839053
2021-07-20T16:03:04.110069400Z 2-5 years..  |   .5420338    .114527    -2.90   0.004     .3582408    .8201206
2021-07-20T16:03:04.110649000Z    5+ years  |   1.113828    .060152     2.00   0.046     1.001957    1.238189
2021-07-20T16:03:04.110670800Z              |
2021-07-20T16:03:04.110676100Z cancer_hae~t |
2021-07-20T16:03:04.111127700Z   Last year  |   1.244911   .3785248     0.72   0.471     .6859998     2.25919
2021-07-20T16:03:04.111338000Z 2-5 years..  |   1.069703   .1703625     0.42   0.672     .7828877    1.461594
2021-07-20T16:03:04.111769900Z    5+ years  |   1.009317   .0561063     0.17   0.868     .9051293    1.125497
2021-07-20T16:03:04.111785400Z              |
2021-07-20T16:03:04.112293000Z 1.~r_disease |   .9601424   .0503454    -0.78   0.438     .8663683    1.064066
2021-07-20T16:03:04.112661700Z 1.stroke_d~a |   1.138924   .0568792     2.60   0.009     1.032725    1.256043
2021-07-20T16:03:04.113096900Z 1.other_ne~o |   .9226186   .0482654    -1.54   0.124     .8327083    1.022237
2021-07-20T16:03:04.113106900Z              |
2021-07-20T16:03:04.113110000Z reduced_ki~t |
2021-07-20T16:03:04.113556900Z Stage 3a/..  |   1.195467   .3440089     0.62   0.535     .6801349    2.101262
2021-07-20T16:03:04.113938400Z       1.esrd |   .9684928    .041905    -0.74   0.459     .8897468    1.054208
2021-07-20T16:03:04.114271200Z 1.other_tr~t |    1.01325   .0515331     0.26   0.796     .9171179    1.119459
2021-07-20T16:03:04.114645800Z   1.asplenia |   1.077112    .050051     1.60   0.110     .9833488    1.179816
2021-07-20T16:03:04.115019800Z 1.ra_sle_p~s |   1.048314   .0555506     0.89   0.373     .9448999    1.163046
2021-07-20T16:03:04.130946600Z 1.other_im~o |   .9541064   .0422035    -1.06   0.288     .8748732    1.040515
2021-07-20T16:03:04.130968100Z ------------------------------------------------------------------------------
2021-07-20T16:03:04.131423700Z                                                              Stratified by stp
2021-07-20T16:03:04.138482400Z    1:      7.71 /        1 =       7.7130
2021-07-20T16:03:04.152315300Z 
2021-07-20T16:03:04.152334200Z          failure _d:  covidadmission
2021-07-20T16:03:04.152338000Z    analysis time _t:  (stime_covidadmission-origin)
2021-07-20T16:03:04.152340700Z              origin:  time enter_date
2021-07-20T16:03:04.152343000Z   enter on or after:  time enter_date
2021-07-20T16:03:04.152345400Z                  id:  patient_id
2021-07-20T16:03:04.752706100Z 
2021-07-20T16:03:04.752738400Z Iteration 0:   log pseudolikelihood = -17229.548
2021-07-20T16:03:04.960304900Z Iteration 1:   log pseudolikelihood =  -17203.27
2021-07-20T16:03:05.180618000Z Iteration 2:   log pseudolikelihood = -17202.848
2021-07-20T16:03:05.418749200Z Iteration 3:   log pseudolikelihood = -17202.846
2021-07-20T16:03:05.685895800Z Iteration 4:   log pseudolikelihood = -17202.846
2021-07-20T16:03:05.685927300Z Refining estimates:
2021-07-20T16:03:06.508108800Z Iteration 0:   log pseudolikelihood = -17202.846
2021-07-20T16:03:10.971599800Z 
2021-07-20T16:03:10.971631300Z Stratified Cox regr. -- Breslow method for ties
2021-07-20T16:03:10.971637000Z 
2021-07-20T16:03:10.971641000Z No. of subjects      =       16,213             Number of obs    =      16,213
2021-07-20T16:03:10.971644600Z No. of failures      =        2,394
2021-07-20T16:03:10.971648600Z Time at risk         =      1194952
2021-07-20T16:03:10.971652600Z                                                 Wald chi2(45)    =       54.15
2021-07-20T16:03:10.971656200Z Log pseudolikelihood =   -17202.846             Prob > chi2      =      0.1647
2021-07-20T16:03:10.971660500Z 
2021-07-20T16:03:10.987275800Z                        (Std. Err. adjusted for 1,121 clusters in household_id)
2021-07-20T16:03:10.987305200Z ------------------------------------------------------------------------------
2021-07-20T16:03:10.987311000Z              |               Robust
2021-07-20T16:03:10.987316100Z           _t | Haz. Ratio   Std. Err.      z    P>|z|     [95% Conf. Interval]
2021-07-20T16:03:10.987321100Z -------------+----------------------------------------------------------------
2021-07-20T16:03:10.987325700Z    kids_cat4 |
2021-07-20T16:03:10.987456900Z only <12 ..  |   1.088401   .2546414     0.36   0.717     .6880857    1.721612
2021-07-20T16:03:10.987737500Z  only 12-18  |   .8897121   .2649029    -0.39   0.695     .4963782    1.594727
2021-07-20T16:03:10.988007000Z       mixed  |   1.093307   .2456412     0.40   0.691     .7038767    1.698196
2021-07-20T16:03:10.988034900Z              |
2021-07-20T16:03:10.988317300Z         age1 |   1.009193   .0080018     1.15   0.248     .9936305    1.024998
2021-07-20T16:03:10.988605200Z         age2 |   .9805712   .0237238    -0.81   0.417     .9351586    1.028189
2021-07-20T16:03:10.989035300Z         age3 |   1.047211   .0696211     0.69   0.488     .9192726    1.192955
2021-07-20T16:03:10.989415400Z       1.male |   1.179978   .2848014     0.69   0.493     .7352358    1.893744
2021-07-20T16:03:10.989431400Z              |
2021-07-20T16:03:10.989437000Z    ethnicity |
2021-07-20T16:03:10.989819000Z Asian or ..  |   1.014253   .0658239     0.22   0.827     .8931086     1.15183
2021-07-20T16:03:10.990199000Z       Other  |   .9526297   .0676258    -0.68   0.494     .8288931    1.094838
2021-07-20T16:03:10.990213900Z              |
2021-07-20T16:03:10.990231100Z    obese4cat |
2021-07-20T16:03:10.990555200Z Obese I ..)  |   1.091506   .0633512     1.51   0.131      .974142     1.22301
2021-07-20T16:03:10.990856800Z Obese II..)  |   1.138734   .0804898     1.84   0.066     .9914169    1.307941
2021-07-20T16:03:10.991142400Z Obese II..)  |   1.045599   .0919199     0.51   0.612      .880106    1.242211
2021-07-20T16:03:10.991156000Z              |
2021-07-20T16:03:10.991161000Z smoke_nomiss |
2021-07-20T16:03:10.991547400Z      Former  |   1.111983   .1502706     0.79   0.432     .8532355    1.449197
2021-07-20T16:03:10.991902900Z     Current  |   .9773819   .0630577    -0.35   0.723     .8612859    1.109127
2021-07-20T16:03:10.991915500Z              |
2021-07-20T16:03:10.991919500Z          imd |
2021-07-20T16:03:10.992201700Z           4  |   1.002432    .052246     0.05   0.963     .9050881    1.110245
2021-07-20T16:03:10.992619900Z 5 most de..  |    1.05375    .070891     0.78   0.436     .9235772    1.202271
2021-07-20T16:03:10.992632100Z              |
2021-07-20T16:03:10.992635300Z tot_adults~h |
2021-07-20T16:03:10.992966400Z           2  |   1.092529   .3723849     0.26   0.795      .560149    2.130896
2021-07-20T16:03:10.993296700Z           3  |   .9616298   .2652022    -0.14   0.887     .5600929    1.651033
2021-07-20T16:03:10.993308100Z              |
2021-07-20T16:03:10.993694500Z 1.htdiag_o~p |   .9579575   .0750152    -0.55   0.583     .8216576    1.116868
2021-07-20T16:03:10.994117700Z 1.~y_disease |   .9971209   .0496726    -0.06   0.954     .9043662    1.099389
2021-07-20T16:03:10.994485500Z     1.asthma |   1.009456   .0726933     0.13   0.896     .8765779    1.162477
2021-07-20T16:03:10.994832700Z 1.~c_disease |   .9325999   .0491899    -1.32   0.186     .8410055     1.03417
2021-07-20T16:03:10.994846200Z              |
2021-07-20T16:03:10.994850700Z      diabcat |
2021-07-20T16:03:10.995184400Z T1DM, con..  |   .9422475   .1283902    -0.44   0.662     .7214075    1.230692
2021-07-20T16:03:10.995474600Z T1DM, unc..  |    1.37789   .3296169     1.34   0.180     .8621671    2.202104
2021-07-20T16:03:10.995753000Z T2DM, con..  |   1.025512   .0559377     0.46   0.644     .9215335    1.141223
2021-07-20T16:03:10.996038700Z T2DM, unc..  |   1.168851   .1271107     1.43   0.151     .9444791    1.446525
2021-07-20T16:03:10.996426500Z Diabetes,..  |   1.971575   1.555483     0.86   0.390     .4200043     9.25492
2021-07-20T16:03:10.996440000Z              |
2021-07-20T16:03:10.996444700Z cancer_exh~t |
2021-07-20T16:03:10.996822800Z   Last year  |    .963839   .3178224    -0.11   0.911     .5050378    1.839438
2021-07-20T16:03:10.997136200Z 2-5 years..  |   .5423543   .1145243    -2.90   0.004     .3585437     .820397
2021-07-20T16:03:10.997480700Z    5+ years  |   1.113908   .0601756     2.00   0.046     1.001995     1.23832
2021-07-20T16:03:10.997502800Z              |
2021-07-20T16:03:10.997505900Z cancer_hae~t |
2021-07-20T16:03:10.997851600Z   Last year  |   1.241919    .378747     0.71   0.477     .6831295     2.25779
2021-07-20T16:03:10.998167400Z 2-5 years..  |   1.073731   .1709325     0.45   0.655     .7859382    1.466906
2021-07-20T16:03:10.998544300Z    5+ years  |   1.010246   .0561752     0.18   0.855     .9059326    1.126572
2021-07-20T16:03:10.998555800Z              |
2021-07-20T16:03:10.998974100Z 1.~r_disease |   .9604587   .0504028    -0.77   0.442     .8665817    1.064506
2021-07-20T16:03:10.999318000Z 1.stroke_d~a |   1.139512   .0569642     2.61   0.009     1.033159    1.256812
2021-07-20T16:03:10.999697400Z 1.other_ne~o |   .9220494    .048251    -1.55   0.121     .8321673     1.02164
2021-07-20T16:03:10.999710300Z              |
2021-07-20T16:03:10.999715100Z reduced_ki~t |
2021-07-20T16:03:11.000142300Z Stage 3a/..  |   1.199125   .3466828     0.63   0.530     .6804105    2.113285
2021-07-20T16:03:11.000498600Z       1.esrd |   .9696152   .0419219    -0.71   0.475      .890835    1.055362
2021-07-20T16:03:11.000881800Z 1.other_tr~t |   1.012934   .0515041     0.25   0.800     .9168551    1.119082
2021-07-20T16:03:11.001255200Z   1.asplenia |   1.076347   .0500563     1.58   0.114      .982577    1.179066
2021-07-20T16:03:11.001610600Z 1.ra_sle_p~s |   1.047184   .0554549     0.87   0.384     .9439451    1.161715
2021-07-20T16:03:11.001946000Z 1.other_im~o |   .9545402   .0422037    -1.05   0.293     .8753052    1.040948
2021-07-20T16:03:11.001958900Z              |
2021-07-20T16:03:11.001963600Z         male#|
2021-07-20T16:03:11.001967100Z    kids_cat4 |
2021-07-20T16:03:11.001970700Z           1 #|
2021-07-20T16:03:11.002434700Z only <12 ..  |   .9666061   .2544775    -0.13   0.897     .5769717    1.619364
2021-07-20T16:03:11.002444600Z           1 #|
2021-07-20T16:03:11.002825000Z  only 12-18  |   .8536711   .3086857    -0.44   0.662     .4202404    1.734137
2021-07-20T16:03:11.004096200Z     1#mixed  |   .7976356   .1960159    -0.92   0.358     .4927482    1.291172
2021-07-20T16:03:11.004113400Z ------------------------------------------------------------------------------
2021-07-20T16:03:11.004305900Z                                                              Stratified by stp
2021-07-20T16:03:11.005355500Z    1:      6.87 /        1 =       6.8720
2021-07-20T16:03:11.007376900Z 
2021-07-20T16:03:11.007396100Z  ( 1)  1.male#1.kids_cat4 = 0
2021-07-20T16:03:11.007399200Z  ( 2)  1.male#2.kids_cat4 = 0
2021-07-20T16:03:11.007401400Z  ( 3)  1.male#3.kids_cat4 = 0
2021-07-20T16:03:11.007403700Z 
2021-07-20T16:03:11.007405700Z            chi2(  3) =    3.42
2021-07-20T16:03:11.007407900Z          Prob > chi2 =    0.3318
2021-07-20T16:03:11.007421800Z 
2021-07-20T16:03:11.007424200Z kids_cat4 
2021-07-20T16:03:11.007426300Z ****************
2021-07-20T16:03:11.009373900Z 
2021-07-20T16:03:11.009387900Z  ( 1)  1.kids_cat4 + 1.male#1.kids_cat4 = 0
2021-07-20T16:03:11.009597700Z 
2021-07-20T16:03:11.016968300Z ------------------------------------------------------------------------------
2021-07-20T16:03:11.016989500Z           _t |     exp(b)   Std. Err.      z    P>|z|     [95% Conf. Interval]
2021-07-20T16:03:11.016995100Z -------------+----------------------------------------------------------------
2021-07-20T16:03:11.017277900Z          (1) |   1.052055   .1958075     0.27   0.785     .7304889    1.515177
2021-07-20T16:03:11.017291200Z ------------------------------------------------------------------------------
2021-07-20T16:03:11.018011300Z kids_cat4
2021-07-20T16:03:11.018023000Z ****************
2021-07-20T16:03:11.019874100Z 
2021-07-20T16:03:11.019905000Z  ( 1)  2.kids_cat4 + 1.male#2.kids_cat4 = 0
2021-07-20T16:03:11.019909300Z 
2021-07-20T16:03:11.025784100Z ------------------------------------------------------------------------------
2021-07-20T16:03:11.025799400Z           _t |     exp(b)   Std. Err.      z    P>|z|     [95% Conf. Interval]
2021-07-20T16:03:11.025802800Z -------------+----------------------------------------------------------------
2021-07-20T16:03:11.026169800Z          (1) |   .7595215   .1913555    -1.09   0.275     .4635392    1.244496
2021-07-20T16:03:11.026183700Z ------------------------------------------------------------------------------
2021-07-20T16:03:11.026855700Z kids_cat4
2021-07-20T16:03:11.026868400Z ****************
2021-07-20T16:03:11.028540600Z 
2021-07-20T16:03:11.028555700Z  ( 1)  3.kids_cat4 + 1.male#3.kids_cat4 = 0
2021-07-20T16:03:11.028560900Z 
2021-07-20T16:03:11.034404400Z ------------------------------------------------------------------------------
2021-07-20T16:03:11.034424300Z           _t |     exp(b)   Std. Err.      z    P>|z|     [95% Conf. Interval]
2021-07-20T16:03:11.034429800Z -------------+----------------------------------------------------------------
2021-07-20T16:03:11.034842200Z          (1) |   .8720607   .1503126    -0.79   0.427      .622056    1.222542
2021-07-20T16:03:11.034853700Z ------------------------------------------------------------------------------
2021-07-20T16:03:11.058388600Z (note: file ./output/an_interaction_cox_models_covidadmission_kids_cat4_male_MA
2021-07-20T16:03:11.058422100Z > INFULLYADJMODEL_agespline_bmicat_noeth_ageband_0W2.ster not found)
2021-07-20T16:03:11.058426700Z file ./output/an_interaction_cox_models_covidadmission_kids_cat4_male_MAINFULLY
2021-07-20T16:03:11.058430000Z > ADJMODEL_agespline_bmicat_noeth_ageband_0W2.ster saved
2021-07-20T16:03:11.063441500Z 
2021-07-20T16:03:11.063463900Z            |   Failure/censoring
2021-07-20T16:03:11.063469500Z            |     indicator for
2021-07-20T16:03:11.063473600Z            |  outcome: covid SUS
2021-07-20T16:03:11.063477300Z            |       admission
2021-07-20T16:03:11.063481100Z       Male |         0          1 |     Total
2021-07-20T16:03:11.063485400Z -----------+----------------------+----------
2021-07-20T16:03:11.063492000Z          0 |     1,956        310 |     2,266 
2021-07-20T16:03:11.063496000Z          1 |     1,897        333 |     2,230 
2021-07-20T16:03:11.063499800Z -----------+----------------------+----------
2021-07-20T16:03:11.063503600Z      Total |     3,853        643 |     4,496 
2021-07-20T16:03:11.067003300Z 
2021-07-20T16:03:11.067024300Z          failure _d:  covidadmission
2021-07-20T16:03:11.067028600Z    analysis time _t:  (stime_covidadmission-origin)
2021-07-20T16:03:11.067031900Z              origin:  time enter_date
2021-07-20T16:03:11.067035000Z   enter on or after:  time enter_date
2021-07-20T16:03:11.067038200Z                  id:  patient_id
2021-07-20T16:03:11.192869700Z 
2021-07-20T16:03:11.192895400Z Iteration 0:   log pseudolikelihood = -3768.2333
2021-07-20T16:03:11.241872400Z Iteration 1:   log pseudolikelihood = -3742.1193
2021-07-20T16:03:11.296069800Z Iteration 2:   log pseudolikelihood = -3739.2079
2021-07-20T16:03:11.349079100Z Iteration 3:   log pseudolikelihood = -3738.8546
2021-07-20T16:03:11.405418300Z Iteration 4:   log pseudolikelihood = -3738.7347
2021-07-20T16:03:11.460820500Z Iteration 5:   log pseudolikelihood = -3738.6906
2021-07-20T16:03:11.530970300Z Iteration 6:   log pseudolikelihood = -3738.6744
2021-07-20T16:03:11.589163000Z Iteration 7:   log pseudolikelihood = -3738.6684
2021-07-20T16:03:11.642702300Z Iteration 8:   log pseudolikelihood = -3738.6662
2021-07-20T16:03:11.695158500Z Iteration 9:   log pseudolikelihood = -3738.6654
2021-07-20T16:03:11.748006600Z Iteration 10:  log pseudolikelihood = -3738.6651
2021-07-20T16:03:11.801546800Z Iteration 11:  log pseudolikelihood =  -3738.665
2021-07-20T16:03:11.861362800Z Iteration 12:  log pseudolikelihood = -3738.6649
2021-07-20T16:03:11.927875700Z Iteration 13:  log pseudolikelihood = -3738.6649
2021-07-20T16:03:11.981976400Z Iteration 14:  log pseudolikelihood = -3738.6649
2021-07-20T16:03:12.043319700Z Iteration 15:  log pseudolikelihood = -3738.6649
2021-07-20T16:03:12.124043300Z Iteration 16:  log pseudolikelihood = -3738.6649
2021-07-20T16:03:12.206742800Z Iteration 17:  log pseudolikelihood = -3738.6649
2021-07-20T16:03:12.284999500Z Iteration 18:  log pseudolikelihood = -3738.6649
2021-07-20T16:03:12.365094600Z Iteration 19:  log pseudolikelihood = -3738.6649
2021-07-20T16:03:12.446506100Z Iteration 20:  log pseudolikelihood = -3738.6649
2021-07-20T16:03:12.519685100Z Iteration 21:  log pseudolikelihood = -3738.6649
2021-07-20T16:03:12.596867000Z Iteration 22:  log pseudolikelihood = -3738.6649
2021-07-20T16:03:12.676587600Z Iteration 23:  log pseudolikelihood = -3738.6649
2021-07-20T16:03:12.760296400Z Iteration 24:  log pseudolikelihood = -3738.6649
2021-07-20T16:03:12.848327700Z Iteration 25:  log pseudolikelihood = -3738.6649
2021-07-20T16:03:12.935805400Z Iteration 26:  log pseudolikelihood = -3738.6649
2021-07-20T16:03:13.022848700Z Iteration 27:  log pseudolikelihood = -3738.6649
2021-07-20T16:03:13.108256700Z Iteration 28:  log pseudolikelihood = -3738.6649
2021-07-20T16:03:13.195780800Z Iteration 29:  log pseudolikelihood = -3738.6649
2021-07-20T16:03:13.282186200Z Iteration 30:  log pseudolikelihood = -3738.6649
2021-07-20T16:03:13.364575000Z Iteration 31:  log pseudolikelihood = -3738.6649
2021-07-20T16:03:13.364599100Z Refining estimates:
2021-07-20T16:03:13.627059500Z Iteration 0:   log pseudolikelihood = -3738.6649
2021-07-20T16:03:13.894677000Z Iteration 1:   log pseudolikelihood = -3738.6649
2021-07-20T16:03:14.118856600Z Iteration 2:   log pseudolikelihood = -3738.6649
2021-07-20T16:03:14.329277900Z Iteration 3:   log pseudolikelihood = -3738.6649
2021-07-20T16:03:14.532154000Z Iteration 4:   log pseudolikelihood = -3738.6649
2021-07-20T16:03:14.744387000Z Iteration 5:   log pseudolikelihood = -3738.6649
2021-07-20T16:03:14.946785900Z Iteration 6:   log pseudolikelihood = -3738.6649
2021-07-20T16:03:15.139402500Z Iteration 7:   log pseudolikelihood = -3738.6649
2021-07-20T16:03:15.795003400Z 
2021-07-20T16:03:15.795049300Z Stratified Cox regr. -- Breslow method for ties
2021-07-20T16:03:15.795058500Z 
2021-07-20T16:03:15.795064600Z No. of subjects      =        4,489             Number of obs    =       4,489
2021-07-20T16:03:15.795327900Z No. of failures      =          636
2021-07-20T16:03:15.795367600Z Time at risk         =       331396
2021-07-20T16:03:15.795377200Z                                                 Wald chi2(42)    =    32742.03
2021-07-20T16:03:15.795382700Z Log pseudolikelihood =   -3738.6649             Prob > chi2      =      0.0000
2021-07-20T16:03:15.795387800Z 
2021-07-20T16:03:15.806938800Z                          (Std. Err. adjusted for 912 clusters in household_id)
2021-07-20T16:03:15.806962500Z ------------------------------------------------------------------------------
2021-07-20T16:03:15.806968500Z              |               Robust
2021-07-20T16:03:15.806973400Z           _t | Haz. Ratio   Std. Err.      z    P>|z|     [95% Conf. Interval]
2021-07-20T16:03:15.806978700Z -------------+----------------------------------------------------------------
2021-07-20T16:03:15.806996200Z    kids_cat4 |
2021-07-20T16:03:15.807112600Z only <12 ..  |   1.106037   .3332985     0.33   0.738     .6127232    1.996525
2021-07-20T16:03:15.807356900Z  only 12-18  |   1.926047   .6540887     1.93   0.054     .9899135    3.747454
2021-07-20T16:03:15.807518200Z       mixed  |   1.129135   .3219322     0.43   0.670     .6457379    1.974401
2021-07-20T16:03:15.807531200Z              |
2021-07-20T16:03:15.807779000Z         age1 |   .9553452   .0340377    -1.28   0.200     .8909086    1.024442
2021-07-20T16:03:15.808034600Z         age2 |   1.341683    .249748     1.58   0.114     .9315429    1.932401
2021-07-20T16:03:15.808328400Z         age3 |   .5521929   .2025534    -1.62   0.105     .2690643    1.133249
2021-07-20T16:03:15.808591600Z       1.male |   1.150328     .09335     1.73   0.084     .9811741    1.348644
2021-07-20T16:03:15.808603500Z              |
2021-07-20T16:03:15.808607900Z    ethnicity |
2021-07-20T16:03:15.808813800Z Asian or ..  |   1.015133   .1320171     0.12   0.908     .7867284    1.309848
2021-07-20T16:03:15.809142600Z       Other  |   .7001984   .1093855    -2.28   0.023     .5155202    .9510349
2021-07-20T16:03:15.809155600Z              |
2021-07-20T16:03:15.809160600Z    obese4cat |
2021-07-20T16:03:15.809371900Z Obese I ..)  |   1.183704   .1382523     1.44   0.149     .9415122    1.488197
2021-07-20T16:03:15.809614400Z Obese II..)  |   1.168016   .1639483     1.11   0.269     .8870946    1.537897
2021-07-20T16:03:15.809915500Z Obese II..)  |   1.050189   .1800613     0.29   0.775     .7504531     1.46964
2021-07-20T16:03:15.809928400Z              |
2021-07-20T16:03:15.809933500Z smoke_nomiss |
2021-07-20T16:03:15.810211600Z      Former  |   .4845126   .1978065    -1.77   0.076      .217668    1.078488
2021-07-20T16:03:15.810470600Z     Current  |   .9211269   .1200828    -0.63   0.529     .7134319    1.189286
2021-07-20T16:03:15.810482700Z              |
2021-07-20T16:03:15.810502900Z          imd |
2021-07-20T16:03:15.810765900Z           4  |   1.147139   .1176279     1.34   0.181     .9382828    1.402486
2021-07-20T16:03:15.811060200Z 5 most de..  |    1.17566   .1489903     1.28   0.202     .9170857    1.507141
2021-07-20T16:03:15.811070700Z              |
2021-07-20T16:03:15.811073700Z tot_adults~h |
2021-07-20T16:03:15.811329400Z           2  |   .7397312   .3744993    -0.60   0.552     .2742466    1.995293
2021-07-20T16:03:15.811591900Z           3  |   .5193267   .2253507    -1.51   0.131     .2218605     1.21563
2021-07-20T16:03:15.811604200Z              |
2021-07-20T16:03:15.811919200Z 1.htdiag_o~p |   1.086574   .1723381     0.52   0.601     .7962566    1.482743
2021-07-20T16:03:15.812216800Z 1.~y_disease |   1.016082   .0961056     0.17   0.866     .8441469    1.223036
2021-07-20T16:03:15.812744700Z     1.asthma |   .7542644    .119743    -1.78   0.076     .5525752     1.02957
2021-07-20T16:03:15.813040400Z 1.~c_disease |   1.024592    .101195     0.25   0.806     .8442695    1.243429
2021-07-20T16:03:15.813054100Z              |
2021-07-20T16:03:15.813059400Z      diabcat |
2021-07-20T16:03:15.813267300Z T1DM, con..  |   .9209202   .2557765    -0.30   0.767     .5343295    1.587212
2021-07-20T16:03:15.813511200Z T1DM, unc..  |   2.079777   .6727872     2.26   0.024     1.103219    3.920776
2021-07-20T16:03:15.813812700Z T2DM, con..  |   .8646379   .0956713    -1.31   0.189     .6960648    1.074036
2021-07-20T16:03:15.813995000Z T2DM, unc..  |   .9954345   .2184593    -0.02   0.983      .647451    1.530448
2021-07-20T16:03:15.814329600Z Diabetes,..  |   2.78e-17   1.48e-17   -71.64   0.000     9.81e-18    7.89e-17
2021-07-20T16:03:15.814341700Z              |
2021-07-20T16:03:15.814345000Z cancer_exh~t |
2021-07-20T16:03:15.814639400Z   Last year  |   3.05e-17   7.34e-18  -158.12   0.000     1.91e-17    4.89e-17
2021-07-20T16:03:15.814790900Z 2-5 years..  |   1.245893   .3923096     0.70   0.485     .6721287    2.309452
2021-07-20T16:03:15.815139000Z    5+ years  |   1.080303   .1075992     0.78   0.438     .8887208    1.313186
2021-07-20T16:03:15.815150900Z              |
2021-07-20T16:03:15.815154000Z cancer_hae~t |
2021-07-20T16:03:15.815370900Z   Last year  |   2.401847   .9936574     2.12   0.034     1.067575    5.403711
2021-07-20T16:03:15.815591600Z 2-5 years..  |   1.962764   .5271988     2.51   0.012     1.159405    3.322775
2021-07-20T16:03:15.815990500Z    5+ years  |   1.042846   .1090744     0.40   0.688     .8495526    1.280117
2021-07-20T16:03:15.816003000Z              |
2021-07-20T16:03:15.816329400Z 1.~r_disease |   1.064743   .1090909     0.61   0.540     .8710294    1.301538
2021-07-20T16:03:15.816653600Z 1.stroke_d~a |   1.026364   .0986858     0.27   0.787     .8500756    1.239211
2021-07-20T16:03:15.816944000Z 1.other_ne~o |     1.0123    .098601     0.13   0.900     .8363722    1.225233
2021-07-20T16:03:15.816955000Z              |
2021-07-20T16:03:15.816957800Z reduced_ki~t |
2021-07-20T16:03:15.817360900Z Stage 3a/..  |   1.180725   .2423021     0.81   0.418     .7897141    1.765338
2021-07-20T16:03:15.817601000Z       1.esrd |   .9472505   .0789042    -0.65   0.515     .8045653     1.11524
2021-07-20T16:03:15.817864100Z 1.other_tr~t |    1.00416   .1003076     0.04   0.967     .8256095    1.221325
2021-07-20T16:03:15.818164600Z   1.asplenia |    1.11618   .1006872     1.22   0.223     .9352979    1.332044
2021-07-20T16:03:15.818464600Z 1.ra_sle_p~s |   1.025278   .1013921     0.25   0.801     .8446258    1.244569
2021-07-20T16:03:15.819622000Z 1.other_im~o |   .8584793   .0761928    -1.72   0.086     .7214113     1.02159
2021-07-20T16:03:15.819634000Z ------------------------------------------------------------------------------
2021-07-20T16:03:15.819845200Z                                                              Stratified by stp
2021-07-20T16:03:15.823288400Z    1:      4.76 /        1 =       4.7600
2021-07-20T16:03:15.827191000Z 
2021-07-20T16:03:15.827215600Z          failure _d:  covidadmission
2021-07-20T16:03:15.827221100Z    analysis time _t:  (stime_covidadmission-origin)
2021-07-20T16:03:15.827225300Z              origin:  time enter_date
2021-07-20T16:03:15.827229400Z   enter on or after:  time enter_date
2021-07-20T16:03:15.827233400Z                  id:  patient_id
2021-07-20T16:03:15.976179100Z 
2021-07-20T16:03:15.976206300Z Iteration 0:   log pseudolikelihood = -3768.2333
2021-07-20T16:03:16.055034700Z Iteration 1:   log pseudolikelihood = -3742.2003
2021-07-20T16:03:16.115147000Z Iteration 2:   log pseudolikelihood = -3738.8657
2021-07-20T16:03:16.188425000Z Iteration 3:   log pseudolikelihood = -3738.5038
2021-07-20T16:03:16.268288200Z Iteration 4:   log pseudolikelihood = -3738.3844
2021-07-20T16:03:16.346627800Z Iteration 5:   log pseudolikelihood = -3738.3405
2021-07-20T16:03:16.410846600Z Iteration 6:   log pseudolikelihood = -3738.3244
2021-07-20T16:03:16.475282500Z Iteration 7:   log pseudolikelihood = -3738.3184
2021-07-20T16:03:16.542222000Z Iteration 8:   log pseudolikelihood = -3738.3162
2021-07-20T16:03:16.609134800Z Iteration 9:   log pseudolikelihood = -3738.3154
2021-07-20T16:03:16.666307800Z Iteration 10:  log pseudolikelihood = -3738.3151
2021-07-20T16:03:16.725310000Z Iteration 11:  log pseudolikelihood =  -3738.315
2021-07-20T16:03:16.790186700Z Iteration 12:  log pseudolikelihood =  -3738.315
2021-07-20T16:03:16.850710200Z Iteration 13:  log pseudolikelihood =  -3738.315
2021-07-20T16:03:16.906472200Z Iteration 14:  log pseudolikelihood =  -3738.315
2021-07-20T16:03:16.958821400Z Iteration 15:  log pseudolikelihood =  -3738.315
2021-07-20T16:03:17.024618000Z Iteration 16:  log pseudolikelihood =  -3738.315
2021-07-20T16:03:17.088122900Z Iteration 17:  log pseudolikelihood =  -3738.315
2021-07-20T16:03:17.145967400Z Iteration 18:  log pseudolikelihood =  -3738.315
2021-07-20T16:03:17.204941800Z Iteration 19:  log pseudolikelihood =  -3738.315
2021-07-20T16:03:17.266557900Z Iteration 20:  log pseudolikelihood =  -3738.315
2021-07-20T16:03:17.326131300Z Iteration 21:  log pseudolikelihood =  -3738.315
2021-07-20T16:03:17.384849400Z Iteration 22:  log pseudolikelihood =  -3738.315
2021-07-20T16:03:17.458408100Z Iteration 23:  log pseudolikelihood =  -3738.315
2021-07-20T16:03:17.532388900Z Iteration 24:  log pseudolikelihood =  -3738.315
2021-07-20T16:03:17.599587800Z Iteration 25:  log pseudolikelihood =  -3738.315
2021-07-20T16:03:17.678572900Z Iteration 26:  log pseudolikelihood =  -3738.315
2021-07-20T16:03:17.763202500Z Iteration 27:  log pseudolikelihood =  -3738.315
2021-07-20T16:03:17.825350300Z Iteration 28:  log pseudolikelihood =  -3738.315
2021-07-20T16:03:17.885872300Z Iteration 29:  log pseudolikelihood =  -3738.315
2021-07-20T16:03:17.949989800Z Iteration 30:  log pseudolikelihood =  -3738.315
2021-07-20T16:03:18.019101700Z Iteration 31:  log pseudolikelihood =  -3738.315
2021-07-20T16:03:18.089252200Z Iteration 32:  log pseudolikelihood =  -3738.315
2021-07-20T16:03:18.157541900Z Iteration 33:  log pseudolikelihood =  -3738.315
2021-07-20T16:03:18.230140300Z Iteration 34:  log pseudolikelihood =  -3738.315
2021-07-20T16:03:18.230161300Z Refining estimates:
2021-07-20T16:03:18.457341000Z Iteration 0:   log pseudolikelihood =  -3738.315
2021-07-20T16:03:18.683323200Z Iteration 1:   log pseudolikelihood =  -3738.315
2021-07-20T16:03:18.923439700Z Iteration 2:   log pseudolikelihood =  -3738.315
2021-07-20T16:03:19.682769700Z 
2021-07-20T16:03:19.682801400Z Stratified Cox regr. -- Breslow method for ties
2021-07-20T16:03:19.682907600Z 
2021-07-20T16:03:19.682923400Z No. of subjects      =        4,489             Number of obs    =       4,489
2021-07-20T16:03:19.682929900Z No. of failures      =          636
2021-07-20T16:03:19.682934700Z Time at risk         =       331396
2021-07-20T16:03:19.683139400Z                                                 Wald chi2(45)    =    29440.69
2021-07-20T16:03:19.683152300Z Log pseudolikelihood =    -3738.315             Prob > chi2      =      0.0000
2021-07-20T16:03:19.683158500Z 
2021-07-20T16:03:19.695423000Z                          (Std. Err. adjusted for 912 clusters in household_id)
2021-07-20T16:03:19.695441200Z ------------------------------------------------------------------------------
2021-07-20T16:03:19.695459600Z              |               Robust
2021-07-20T16:03:19.695464300Z           _t | Haz. Ratio   Std. Err.      z    P>|z|     [95% Conf. Interval]
2021-07-20T16:03:19.695468100Z -------------+----------------------------------------------------------------
2021-07-20T16:03:19.695471300Z    kids_cat4 |
2021-07-20T16:03:19.695599800Z only <12 ..  |   1.121511   .4637308     0.28   0.782      .498703    2.522114
2021-07-20T16:03:19.695905500Z  only 12-18  |   1.609848   .8834221     0.87   0.386     .5491345    4.719448
2021-07-20T16:03:19.696076500Z       mixed  |   1.193433   .4520962     0.47   0.641     .5679969    2.507553
2021-07-20T16:03:19.696089700Z              |
2021-07-20T16:03:19.696330900Z         age1 |   .9556066   .0341776    -1.27   0.204     .8909137    1.024997
2021-07-20T16:03:19.696634600Z         age2 |   1.338154   .2501569     1.56   0.119     .9276431    1.930329
2021-07-20T16:03:19.696856300Z         age3 |   .5552571   .2045042    -1.60   0.110     .2697689    1.142868
2021-07-20T16:03:19.697091200Z       1.male |    1.24579   .5975495     0.46   0.647     .4865882    3.189539
2021-07-20T16:03:19.697104000Z              |
2021-07-20T16:03:19.697109200Z    ethnicity |
2021-07-20T16:03:19.697269700Z Asian or ..  |   1.014139   .1318355     0.11   0.914     .7860373    1.308433
2021-07-20T16:03:19.697613000Z       Other  |   .6998631   .1092446    -2.29   0.022     .5154011    .9503439
2021-07-20T16:03:19.697625500Z              |
2021-07-20T16:03:19.697630100Z    obese4cat |
2021-07-20T16:03:19.697806000Z Obese I ..)  |   1.185614   .1385474     1.46   0.145     .9429194    1.490776
2021-07-20T16:03:19.698102000Z Obese II..)  |   1.168997   .1642236     1.11   0.266     .8876351    1.539545
2021-07-20T16:03:19.698383900Z Obese II..)  |   1.051431   .1804224     0.29   0.770     .7511335    1.471785
2021-07-20T16:03:19.698396300Z              |
2021-07-20T16:03:19.698401100Z smoke_nomiss |
2021-07-20T16:03:19.698546900Z      Former  |   .4858626   .1983433    -1.77   0.077     .2182872    1.081431
2021-07-20T16:03:19.698898300Z     Current  |   .9235476   .1205887    -0.61   0.542     .7150178    1.192894
2021-07-20T16:03:19.698910700Z              |
2021-07-20T16:03:19.698913900Z          imd |
2021-07-20T16:03:19.699117000Z           4  |   1.148064     .11761     1.35   0.178       .93922    1.403347
2021-07-20T16:03:19.699403900Z 5 most de..  |   1.173447   .1485066     1.26   0.206     .9156695    1.503793
2021-07-20T16:03:19.699415600Z              |
2021-07-20T16:03:19.699420900Z tot_adults~h |
2021-07-20T16:03:19.699835400Z           2  |   .7213242   .3713185    -0.63   0.526     .2629993    1.978365
2021-07-20T16:03:19.700241300Z           3  |   .5052014   .2212812    -1.56   0.119     .2141082    1.192054
2021-07-20T16:03:19.700253500Z              |
2021-07-20T16:03:19.700772800Z 1.htdiag_o~p |   1.083578   .1719329     0.51   0.613     .7939604    1.478842
2021-07-20T16:03:19.701358200Z 1.~y_disease |   1.014936   .0960478     0.16   0.876     .8431126    1.221776
2021-07-20T16:03:19.701830600Z     1.asthma |   .7537146   .1205904    -1.77   0.077      .550832    1.031323
2021-07-20T16:03:19.702109400Z 1.~c_disease |   1.025726   .1013748     0.26   0.797      .845094    1.244966
2021-07-20T16:03:19.702121500Z              |
2021-07-20T16:03:19.702126700Z      diabcat |
2021-07-20T16:03:19.702712500Z T1DM, con..  |   .9215689   .2563755    -0.29   0.769     .5342298    1.589745
2021-07-20T16:03:19.703007300Z T1DM, unc..  |   2.086902   .6742786     2.28   0.023     1.107844    3.931203
2021-07-20T16:03:19.703302800Z T2DM, con..  |    .863896   .0957413    -1.32   0.187     .6952276    1.073485
2021-07-20T16:03:19.703583600Z T2DM, unc..  |   .9946642   .2194241    -0.02   0.981     .6455061    1.532684
2021-07-20T16:03:19.703925700Z Diabetes,..  |   2.03e-16   1.08e-16   -67.80   0.000     7.13e-17    5.76e-16
2021-07-20T16:03:19.703955300Z              |
2021-07-20T16:03:19.703959300Z cancer_exh~t |
2021-07-20T16:03:19.704314100Z   Last year  |   2.26e-16   5.43e-17  -149.77   0.000     1.41e-16    3.62e-16
2021-07-20T16:03:19.704622600Z 2-5 years..  |   1.226999   .3905044     0.64   0.520     .6575689    2.289536
2021-07-20T16:03:19.704965100Z    5+ years  |   1.077691   .1074404     0.75   0.453     .8864085    1.310252
2021-07-20T16:03:19.704977400Z              |
2021-07-20T16:03:19.704980700Z cancer_hae~t |
2021-07-20T16:03:19.705334300Z   Last year  |   2.420058   1.002459     2.13   0.033     1.074566    5.450276
2021-07-20T16:03:19.705629300Z 2-5 years..  |   1.962708   .5262153     2.52   0.012     1.160494    3.319469
2021-07-20T16:03:19.706011500Z    5+ years  |   1.044388   .1090331     0.42   0.677     .8511327    1.281523
2021-07-20T16:03:19.706024500Z              |
2021-07-20T16:03:19.706398600Z 1.~r_disease |   1.065111   .1091411     0.62   0.538     .8713099    1.302017
2021-07-20T16:03:19.706761400Z 1.stroke_d~a |   1.026567   .0986266     0.27   0.785     .8503716     1.23927
2021-07-20T16:03:19.707117600Z 1.other_ne~o |   1.009898   .0983991     0.10   0.919     .8343358    1.222402
2021-07-20T16:03:19.707130800Z              |
2021-07-20T16:03:19.707135800Z reduced_ki~t |
2021-07-20T16:03:19.707450300Z Stage 3a/..  |   1.180641   .2423887     0.81   0.419     .7895212    1.765516
2021-07-20T16:03:19.707700900Z       1.esrd |   .9446817   .0788121    -0.68   0.495     .8021806    1.112497
2021-07-20T16:03:19.708064900Z 1.other_tr~t |   1.001457    .100339     0.01   0.988      .822901    1.218756
2021-07-20T16:03:19.708402400Z   1.asplenia |   1.117187   .1009521     1.23   0.220     .9358561    1.333653
2021-07-20T16:03:19.708799700Z 1.ra_sle_p~s |   1.025052   .1012715     0.25   0.802     .8445979     1.24406
2021-07-20T16:03:19.709062300Z 1.other_im~o |   .8586367   .0762231    -1.72   0.086     .7215167    1.021816
2021-07-20T16:03:19.709075500Z              |
2021-07-20T16:03:19.709080800Z         male#|
2021-07-20T16:03:19.709085100Z    kids_cat4 |
2021-07-20T16:03:19.709089400Z           1 #|
2021-07-20T16:03:19.709533100Z only <12 ..  |   .9764994   .5195232    -0.04   0.964     .3441997    2.770342
2021-07-20T16:03:19.709546000Z           1 #|
2021-07-20T16:03:19.709755300Z  only 12-18  |   1.357759   1.016325     0.41   0.683      .313092    5.888075
2021-07-20T16:03:19.711267000Z     1#mixed  |   .9039906   .4410919    -0.21   0.836        .3474    2.352329
2021-07-20T16:03:19.711282600Z ------------------------------------------------------------------------------
2021-07-20T16:03:19.711564000Z                                                              Stratified by stp
2021-07-20T16:03:19.713902000Z    1:      3.89 /        1 =       3.8910
2021-07-20T16:03:19.713933600Z 
2021-07-20T16:03:19.713939400Z  ( 1)  1.male#1.kids_cat4 = 0
2021-07-20T16:03:19.713943800Z  ( 2)  1.male#2.kids_cat4 = 0
2021-07-20T16:03:19.713948100Z  ( 3)  1.male#3.kids_cat4 = 0
2021-07-20T16:03:19.713982000Z 
2021-07-20T16:03:19.713988700Z            chi2(  3) =    0.59
2021-07-20T16:03:19.714010200Z          Prob > chi2 =    0.8990
2021-07-20T16:03:19.714129500Z 
2021-07-20T16:03:19.714137300Z kids_cat4 
2021-07-20T16:03:19.714141500Z ****************
2021-07-20T16:03:19.716796800Z 
2021-07-20T16:03:19.716815700Z  ( 1)  1.kids_cat4 + 1.male#1.kids_cat4 = 0
2021-07-20T16:03:19.716985200Z 
2021-07-20T16:03:19.725157100Z ------------------------------------------------------------------------------
2021-07-20T16:03:19.725176500Z           _t |     exp(b)   Std. Err.      z    P>|z|     [95% Conf. Interval]
2021-07-20T16:03:19.725181300Z -------------+----------------------------------------------------------------
2021-07-20T16:03:19.725903000Z          (1) |   1.095154   .4309499     0.23   0.817     .5064334    2.368254
2021-07-20T16:03:19.725921600Z ------------------------------------------------------------------------------
2021-07-20T16:03:19.726932600Z kids_cat4
2021-07-20T16:03:19.726951900Z ****************
2021-07-20T16:03:19.730256000Z 
2021-07-20T16:03:19.730275700Z  ( 1)  2.kids_cat4 + 1.male#2.kids_cat4 = 0
2021-07-20T16:03:19.730672600Z 
2021-07-20T16:03:19.743674100Z ------------------------------------------------------------------------------
2021-07-20T16:03:19.743691200Z           _t |     exp(b)   Std. Err.      z    P>|z|     [95% Conf. Interval]
2021-07-20T16:03:19.743694700Z -------------+----------------------------------------------------------------
2021-07-20T16:03:19.744215000Z          (1) |   2.185786   1.021756     1.67   0.094      .874399    5.463937
2021-07-20T16:03:19.744231600Z ------------------------------------------------------------------------------
2021-07-20T16:03:19.744698900Z kids_cat4
2021-07-20T16:03:19.744711800Z ****************
2021-07-20T16:03:19.746945900Z 
2021-07-20T16:03:19.746961000Z  ( 1)  3.kids_cat4 + 1.male#3.kids_cat4 = 0
2021-07-20T16:03:19.747197400Z 
2021-07-20T16:03:19.761579800Z ------------------------------------------------------------------------------
2021-07-20T16:03:19.761603300Z           _t |     exp(b)   Std. Err.      z    P>|z|     [95% Conf. Interval]
2021-07-20T16:03:19.761609700Z -------------+----------------------------------------------------------------
2021-07-20T16:03:19.762741300Z          (1) |   1.078852   .4038997     0.20   0.839     .5179525     2.24716
2021-07-20T16:03:19.762759200Z ------------------------------------------------------------------------------
2021-07-20T16:03:19.778591900Z (note: file ./output/an_interaction_cox_models_covidadmission_kids_cat4_male_MA
2021-07-20T16:03:19.778614300Z > INFULLYADJMODEL_agespline_bmicat_noeth_ageband_1W2.ster not found)
2021-07-20T16:03:19.778620700Z file ./output/an_interaction_cox_models_covidadmission_kids_cat4_male_MAINFULLY
2021-07-20T16:03:19.778625800Z > ADJMODEL_agespline_bmicat_noeth_ageband_1W2.ster saved
2021-07-20T16:03:19.778638900Z 
2021-07-20T16:03:19.778645300Z . 
2021-07-20T16:03:19.778650200Z . log close
2021-07-20T16:03:19.778920100Z       name:  <unnamed>
2021-07-20T16:03:19.778935300Z        log:  /workspace/log/10_an_interaction_cox_models_sex_covidadmissionW2.l
2021-07-20T16:03:19.778943100Z > og
2021-07-20T16:03:19.778947600Z   log type:  text
2021-07-20T16:03:19.778952100Z  closed on:  20 Jul 2021, 16:03:19
2021-07-20T16:03:19.778956400Z -------------------------------------------------------------------------------
2021-07-20T16:03:19.778961000Z 
2021-07-20T16:03:19.778965100Z . 
2021-07-20T16:03:19.778969100Z . exit, clear 
2021-07-20T16:03:19.778972900Z 
2021-07-20T16:03:19.778976800Z end of do-file
2021-07-20T16:03:19.778981000Z 
2021-07-20T16:03:19.778985300Z . . file open output using "/tmp/tmp.MfYN1IfO4n", write text replace
2021-07-20T16:03:19.779648000Z 
2021-07-20T16:03:19.779662900Z . . file write output "success" 
2021-07-20T16:03:19.779668400Z 
2021-07-20T16:03:19.779672800Z . . file close output
2021-07-20T16:03:19.779676900Z 
2021-07-20T16:03:19.779682400Z . 
2021-07-20T16:03:19.779686800Z end of do-file
2021-07-20T16:03:19.779691100Z 
2021-07-20T16:03:19.779695400Z 
2021-07-20T16:03:19.815264000Z . 

state: succeeded
commit: none
docker_image_id: sha256:11980aa720220a1b39bf523f5a8a33270214c13876c30ee364e16265766f7f60
exit_code: 0
job_id: nfo325f2sngdkzpk
run_by_user: qc18278
created_at: 2021-07-20T15:38:48Z
started_at: 2021-07-20T16:02:56Z
completed_at: 2021-07-20T16:03:45Z

Completed successfully

outputs:
  log/10_an_interaction_cox_models_sex_covidadmissionW2.log                                                                 - moderately_sensitive
  output/an_interaction_cox_models_covidadmission_kids_cat4_male_MAINFULLYADJMODEL_agespline_bmicat_noeth_ageband_0W2.ster  - moderately_sensitive
  output/an_interaction_cox_models_covidadmission_kids_cat4_male_MAINFULLYADJMODEL_agespline_bmicat_noeth_ageband_1W2.ster  - moderately_sensitive