2021-07-20T16:02:29.749273900Z 
2021-07-20T16:02:29.749306200Z   ___  ____  ____  ____  ____ (R)
2021-07-20T16:02:29.749312700Z  /__    /   ____/   /   ____/
2021-07-20T16:02:29.749317000Z ___/   /   /___/   /   /___/   16.1   Copyright 1985-2019 StataCorp LLC
2021-07-20T16:02:29.749320700Z   Statistics/Data Analysis            StataCorp
2021-07-20T16:02:29.749324100Z                                       4905 Lakeway Drive
2021-07-20T16:02:29.749327900Z                                       College Station, Texas 77845 USA
2021-07-20T16:02:29.749331400Z                                       800-STATA-PC        http://www.stata.com
2021-07-20T16:02:29.749335000Z                                       979-696-4600        stata@stata.com
2021-07-20T16:02:29.749338600Z                                       979-696-4601 (fax)
2021-07-20T16:02:29.749342100Z 
2021-07-20T16:02:29.749345300Z 3-user Stata network license expires 11 May 2022:
2021-07-20T16:02:29.749348600Z        Serial number:  501709312237
2021-07-20T16:02:29.749351900Z          Licensed to:  The Bennett Institute
2021-07-20T16:02:29.749355600Z                        Oxford University
2021-07-20T16:02:29.750127800Z 
2021-07-20T16:02:29.750143100Z Notes:
2021-07-20T16:02:29.750147500Z       1.  Unicode is supported; see help unicode_advice.
2021-07-20T16:02:29.750151200Z 
2021-07-20T16:02:29.750154500Z . do "analysis/10_an_interaction_cox_models_sex.wrapper.do" covidadmission MAIN
2021-07-20T16:02:29.750158500Z >  
2021-07-20T16:02:29.750162100Z 
2021-07-20T16:02:29.750165400Z . . do "analysis/10_an_interaction_cox_models_sex.do" covidadmission MAIN
2021-07-20T16:02:29.750169100Z 
2021-07-20T16:02:29.750172400Z . *****************************************************************************
2021-07-20T16:02:29.750176000Z > ***
2021-07-20T16:02:29.750179600Z . *
2021-07-20T16:02:29.750183000Z . *       Do-file:                10_an_interaction_cox_models_sex.do
2021-07-20T16:02:29.750186900Z . *
2021-07-20T16:02:29.750190600Z . *       Project:                Exposure children and COVID risk
2021-07-20T16:02:29.750194100Z . *
2021-07-20T16:02:29.750197300Z . *       Programmed by:  Hforbes, based on files from Fizz & Krishnan
2021-07-20T16:02:29.750200800Z . *
2021-07-20T16:02:29.750204000Z . *       Data used:              analysis_dataset.dta
2021-07-20T16:02:29.750207500Z . *
2021-07-20T16:02:29.750210800Z . *       Data created:   None
2021-07-20T16:02:29.750214100Z . *
2021-07-20T16:02:29.750217400Z . *       Other output:   Log file:  10_an_interaction_cox_models.log
2021-07-20T16:02:29.750220900Z . *
2021-07-20T16:02:29.750224200Z . *****************************************************************************
2021-07-20T16:02:29.750243500Z > ***
2021-07-20T16:02:29.750247500Z . *
2021-07-20T16:02:29.750250800Z . *       Purpose:                This do-file performs multivariable (fully ad
2021-07-20T16:02:29.750254500Z > justed) 
2021-07-20T16:02:29.750258200Z . *                                       Cox models, with an interaction by se
2021-07-20T16:02:29.750261900Z > x.
2021-07-20T16:02:29.750265500Z . *  
2021-07-20T16:02:29.750269000Z . *****************************************************************************
2021-07-20T16:02:29.750272600Z > ***
2021-07-20T16:02:29.750276000Z . *       
2021-07-20T16:02:29.750279400Z . *       Stata routines needed:  stbrier   
2021-07-20T16:02:29.750283200Z . *
2021-07-20T16:02:29.750287000Z . *****************************************************************************
2021-07-20T16:02:29.750291000Z > ***
2021-07-20T16:02:29.750294300Z . 
2021-07-20T16:02:29.750297700Z . 
2021-07-20T16:02:29.750302200Z . * Set globals that will print in programs and direct output
2021-07-20T16:02:29.750306000Z . global outdir     "output" 
2021-07-20T16:02:29.750309800Z 
2021-07-20T16:02:29.750313300Z . global logdir     "log"
2021-07-20T16:02:29.750317200Z 
2021-07-20T16:02:29.750320700Z . global tempdir    "tempdata"
2021-07-20T16:02:29.750324500Z 
2021-07-20T16:02:29.750464600Z . global demogadjlist  age1 age2 age3 i.male i.ethnicity  i.obese4cat i.smoke_n
2021-07-20T16:02:29.750476200Z > omiss i.imd i.tot_adults_hh
2021-07-20T16:02:29.750481100Z 
2021-07-20T16:02:29.750484800Z . global comordidadjlist  i.htdiag_or_highbp                              ///
2021-07-20T16:02:29.750488800Z >                         i.chronic_respiratory_disease   ///
2021-07-20T16:02:29.750492800Z >                         i.asthma                                             
2021-07-20T16:02:29.750497000Z >    ///
2021-07-20T16:02:29.750500600Z >                         i.chronic_cardiac_disease               ///
2021-07-20T16:02:29.750504300Z >                         i.diabcat                                            
2021-07-20T16:02:29.750507900Z >    ///
2021-07-20T16:02:29.750511500Z >                         i.cancer_exhaem_cat                             ///
2021-07-20T16:02:29.750537100Z >                         i.cancer_haem_cat                               ///
2021-07-20T16:02:29.750544300Z >                         i.chronic_liver_disease                 ///
2021-07-20T16:02:29.750549300Z >                         i.stroke_dementia                               ///
2021-07-20T16:02:29.750562200Z >                         i.other_neuro                                   ///
2021-07-20T16:02:29.750566800Z >                         i.reduced_kidney_function_cat   ///
2021-07-20T16:02:29.750570500Z >                         i.esrd                                               
2021-07-20T16:02:29.750574100Z >    ///
2021-07-20T16:02:29.750577600Z >                         i.other_transplant                              ///
2021-07-20T16:02:29.750581000Z >                         i.asplenia                                           
2021-07-20T16:02:29.750584600Z >    ///
2021-07-20T16:02:29.750588000Z >                         i.ra_sle_psoriasis                      ///
2021-07-20T16:02:29.750591900Z >                         i.other_immuno          
2021-07-20T16:02:29.750595900Z 
2021-07-20T16:02:29.750599500Z . local outcome `1' 
2021-07-20T16:02:29.750603100Z 
2021-07-20T16:02:29.750606800Z . local dataset `2'
2021-07-20T16:02:29.750610600Z 
2021-07-20T16:02:29.750614500Z .  
2021-07-20T16:02:29.750618100Z . 
2021-07-20T16:02:29.750621400Z . 
2021-07-20T16:02:29.750624800Z . *****************************************************************************
2021-07-20T16:02:29.750628600Z > *******
2021-07-20T16:02:29.750632300Z . *First clean up all old saved estimates for this outcome
2021-07-20T16:02:29.750636300Z . *This is to guard against accidentally displaying left-behind results from ol
2021-07-20T16:02:29.750640100Z > d runs
2021-07-20T16:02:29.750643800Z . *****************************************************************************
2021-07-20T16:02:29.750647900Z > *******
2021-07-20T16:02:29.750651500Z . cap erase ./output/an_interaction_cox_models_`outcome'_`exposure_type'_male_M
2021-07-20T16:02:29.750655400Z > AINFULLYADJMODEL_agespline_bmicat_noeth_ageband_0.ster
2021-07-20T16:02:29.750661200Z 
2021-07-20T16:02:29.750664200Z . cap erase ./output/an_interaction_cox_models_`outcome'_`exposure_type'_male_M
2021-07-20T16:02:29.750668100Z > AINFULLYADJMODEL_agespline_bmicat_noeth_ageband_1.ster
2021-07-20T16:02:29.750672000Z 
2021-07-20T16:02:29.750675500Z . 
2021-07-20T16:02:29.750678800Z . 
2021-07-20T16:02:29.750682100Z . cap log close
2021-07-20T16:02:29.750685600Z 
2021-07-20T16:02:29.750689200Z . log using "$logdir/10_an_interaction_cox_models_sex_`outcome'`dataset'", text
2021-07-20T16:02:29.750693400Z >  replace
2021-07-20T16:02:29.750698300Z (note: file /workspace/log/10_an_interaction_cox_models_sex_covidadmissionMAIN.
2021-07-20T16:02:29.750702900Z > log not found)
2021-07-20T16:02:29.750858300Z -------------------------------------------------------------------------------
2021-07-20T16:02:29.750877200Z       name:  <unnamed>
2021-07-20T16:02:29.750882600Z        log:  /workspace/log/10_an_interaction_cox_models_sex_covidadmissionMAIN
2021-07-20T16:02:29.750886600Z > .log
2021-07-20T16:02:29.750901400Z   log type:  text
2021-07-20T16:02:29.750905500Z  opened on:  20 Jul 2021, 16:02:29
2021-07-20T16:02:29.750909400Z 
2021-07-20T16:02:29.750913200Z . 
2021-07-20T16:02:29.750916700Z . 
2021-07-20T16:02:29.750919800Z . *PROG TO DEFINE THE BASIC COX MODEL WITH OPTIONS FOR HANDLING OF AGE, BMI, ET
2021-07-20T16:02:29.750923100Z > HNICITY:
2021-07-20T16:02:29.750926500Z . cap prog drop basemodel
2021-07-20T16:02:29.751026500Z 
2021-07-20T16:02:29.751066200Z . prog define basemodel
2021-07-20T16:02:29.751340100Z   1.         syntax , exposure(string)  age(string) [ethnicity(real 0) interact
2021-07-20T16:02:29.751363200Z > ion(string)] 
2021-07-20T16:02:29.751382800Z   2. timer clear
2021-07-20T16:02:29.751401400Z   3. timer on 1
2021-07-20T16:02:29.751407300Z   4. stcox   `exposure'                                                        
2021-07-20T16:02:29.751411400Z >       ///
2021-07-20T16:02:29.751415400Z >                         $demogadjlist                                        
2021-07-20T16:02:29.751419300Z >            ///
2021-07-20T16:02:29.751422900Z >                         $comordidadjlist                                     
2021-07-20T16:02:29.751426600Z >            ///
2021-07-20T16:02:29.751430300Z >                         `interaction'                                        
2021-07-20T16:02:29.751434300Z >            ///
2021-07-20T16:02:29.751438100Z >                         , strata(stp) vce(cluster household_id)
2021-07-20T16:02:29.751441900Z   5.         timer off 1
2021-07-20T16:02:29.751445300Z   6. timer list
2021-07-20T16:02:29.751517800Z   7. end
2021-07-20T16:02:29.751530100Z 
2021-07-20T16:02:29.756628900Z . *****************************************************************************
2021-07-20T16:02:29.756649700Z > ********
2021-07-20T16:02:29.756653800Z . 
2021-07-20T16:02:29.756657000Z . * Open dataset and fit specified model(s)
2021-07-20T16:02:29.756660500Z . forvalues x=0/1 {
2021-07-20T16:02:29.756663600Z   2. use "$tempdir/cr_create_analysis_dataset_STSET_`outcome'_ageband_`x'`datas
2021-07-20T16:02:29.756667100Z > et'.dta", clear
2021-07-20T16:02:29.756670300Z   3. foreach int_type in  male  {
2021-07-20T16:02:29.756673500Z   4. 
2021-07-20T16:02:29.756677100Z . tab male `outcome'
2021-07-20T16:02:29.756697900Z   5. *Age interaction for 3-level exposure vars
2021-07-20T16:02:29.756701600Z . foreach exposure_type in kids_cat4  {
2021-07-20T16:02:29.756704900Z   6. 
2021-07-20T16:02:29.756707900Z . *Age spline model (not adj ethnicity, no interaction)
2021-07-20T16:02:29.756711300Z . basemodel, exposure("i.`exposure_type'") age("age1 age2 age3")  
2021-07-20T16:02:29.756714900Z   7. 
2021-07-20T16:02:29.756718300Z . *Age spline model (not adj ethnicity, interaction)
2021-07-20T16:02:29.756721900Z . basemodel, exposure("i.`exposure_type'") age("age1 age2 age3")  ///
2021-07-20T16:02:29.756725700Z > interaction(1.`int_type'#1.`exposure_type' 1.`int_type'#2.`exposure_type' 1.`
2021-07-20T16:02:29.756729300Z > int_type'#3.`exposure_type')
2021-07-20T16:02:29.756732600Z   8. if _rc==0{
2021-07-20T16:02:29.756735700Z   9. testparm 1.`int_type'#i.`exposure_type'
2021-07-20T16:02:29.756739100Z  10. di _n "`exposure_type' " _n "****************"
2021-07-20T16:02:29.756742600Z  11. lincom 1.`exposure_type' + 1.`int_type'#1.`exposure_type', eform
2021-07-20T16:02:29.756746100Z  12. di "`exposure_type'" _n "****************"
2021-07-20T16:02:29.756749600Z  13. lincom 2.`exposure_type' + 1.`int_type'#2.`exposure_type', eform
2021-07-20T16:02:29.756752900Z  14. di "`exposure_type'" _n "****************"
2021-07-20T16:02:29.756756200Z  15. lincom 3.`exposure_type' + 1.`int_type'#3.`exposure_type', eform
2021-07-20T16:02:29.756759400Z  16. estimates save ./output/an_interaction_cox_models_`outcome'_`exposure_type
2021-07-20T16:02:29.756762600Z > '_`int_type'_MAINFULLYADJMODEL_agespline_bmicat_noeth_ageband_`x'`dataset', r
2021-07-20T16:02:29.756766200Z > eplace
2021-07-20T16:02:29.756769400Z  17. }
2021-07-20T16:02:29.756772800Z  18. else di "WARNING GROUP MODEL DID NOT FIT (OUTCOME `outcome')"
2021-07-20T16:02:29.756776300Z  19. 
2021-07-20T16:02:29.756779400Z . }
2021-07-20T16:02:29.756782400Z  20. }
2021-07-20T16:02:29.756785400Z  21. }
2021-07-20T16:02:29.757988200Z 
2021-07-20T16:02:29.758003600Z            |   Failure/censoring
2021-07-20T16:02:29.758008700Z            |     indicator for
2021-07-20T16:02:29.758012600Z            |  outcome: covid SUS
2021-07-20T16:02:29.758016200Z            |       admission
2021-07-20T16:02:29.758020000Z       Male |         0          1 |     Total
2021-07-20T16:02:29.758023500Z -----------+----------------------+----------
2021-07-20T16:02:29.758025800Z          0 |     6,138      2,169 |     8,307 
2021-07-20T16:02:29.758028000Z          1 |     5,720      2,179 |     7,899 
2021-07-20T16:02:29.758030100Z -----------+----------------------+----------
2021-07-20T16:02:29.758041000Z      Total |    11,858      4,348 |    16,206 
2021-07-20T16:02:29.770132600Z 
2021-07-20T16:02:29.770154600Z          failure _d:  covidadmission
2021-07-20T16:02:29.770157700Z    analysis time _t:  (stime_covidadmission-origin)
2021-07-20T16:02:29.770160000Z              origin:  time enter_date
2021-07-20T16:02:29.770162300Z   enter on or after:  time enter_date
2021-07-20T16:02:29.770164500Z                  id:  patient_id
2021-07-20T16:02:30.306675600Z 
2021-07-20T16:02:30.306728000Z Iteration 0:   log pseudolikelihood = -30539.368
2021-07-20T16:02:30.503348100Z Iteration 1:   log pseudolikelihood = -30516.422
2021-07-20T16:02:30.656957600Z Iteration 2:   log pseudolikelihood = -30516.066
2021-07-20T16:02:30.822125300Z Iteration 3:   log pseudolikelihood =  -30516.06
2021-07-20T16:02:30.988508000Z Iteration 4:   log pseudolikelihood =  -30516.06
2021-07-20T16:02:30.988530500Z Refining estimates:
2021-07-20T16:02:31.705129100Z Iteration 0:   log pseudolikelihood =  -30516.06
2021-07-20T16:02:39.811548400Z 
2021-07-20T16:02:39.811576100Z Stratified Cox regr. -- Breslow method for ties
2021-07-20T16:02:39.811848800Z 
2021-07-20T16:02:39.811864000Z No. of subjects      =       16,206             Number of obs    =      16,206
2021-07-20T16:02:39.816532300Z No. of failures      =        4,348
2021-07-20T16:02:39.816558900Z Time at risk         =      2522495
2021-07-20T16:02:39.816565700Z                                                 Wald chi2(42)    =       50.40
2021-07-20T16:02:39.816571100Z Log pseudolikelihood =    -30516.06             Prob > chi2      =      0.1752
2021-07-20T16:02:39.816577000Z 
2021-07-20T16:02:39.979632400Z                        (Std. Err. adjusted for 1,106 clusters in household_id)
2021-07-20T16:02:39.979664400Z ------------------------------------------------------------------------------
2021-07-20T16:02:39.979669400Z              |               Robust
2021-07-20T16:02:39.979672800Z           _t | Haz. Ratio   Std. Err.      z    P>|z|     [95% Conf. Interval]
2021-07-20T16:02:39.979676200Z -------------+----------------------------------------------------------------
2021-07-20T16:02:39.979679100Z    kids_cat4 |
2021-07-20T16:02:39.988239500Z only <12 ..  |   .9558832   .0960958    -0.45   0.654     .7849333    1.164064
2021-07-20T16:02:39.988383200Z  only 12-18  |   .8117146   .1286312    -1.32   0.188     .5949969    1.107368
2021-07-20T16:02:39.988646100Z       mixed  |   .8349896   .0774567    -1.94   0.052     .6961784    1.001479
2021-07-20T16:02:39.988662400Z              |
2021-07-20T16:02:39.988860900Z         age1 |   1.003416    .005496     0.62   0.534     .9927015    1.014246
2021-07-20T16:02:39.989037200Z         age2 |   .9930964   .0167999    -0.41   0.682      .960709    1.026576
2021-07-20T16:02:39.989448300Z         age3 |   1.011517   .0477543     0.24   0.808     .9221204    1.109581
2021-07-20T16:02:39.989759400Z       1.male |   1.050596   .0327442     1.58   0.113     .9883393    1.116774
2021-07-20T16:02:39.989773400Z              |
2021-07-20T16:02:39.989778500Z    ethnicity |
2021-07-20T16:02:39.990114300Z Asian or ..  |    .898156   .0482759    -2.00   0.046     .8083505    .9979387
2021-07-20T16:02:39.990585800Z       Other  |   .9578863   .0497195    -0.83   0.407     .8652308    1.060464
2021-07-20T16:02:39.990600700Z              |
2021-07-20T16:02:39.990605000Z    obese4cat |
2021-07-20T16:02:39.990883900Z Obese I ..)  |   .9817829   .0433587    -0.42   0.677     .9003755    1.070551
2021-07-20T16:02:39.991108700Z Obese II..)  |   .8849197   .0518867    -2.09   0.037     .7888496    .9926898
2021-07-20T16:02:39.991544900Z Obese II..)  |    .926254   .0637565    -1.11   0.266     .8093562    1.060036
2021-07-20T16:02:39.991557600Z              |
2021-07-20T16:02:39.991562400Z smoke_nomiss |
2021-07-20T16:02:39.991923400Z      Former  |   1.060076    .111337     0.56   0.579     .8628539    1.302376
2021-07-20T16:02:39.992412900Z     Current  |   1.035205   .0471258     0.76   0.447     .9468413    1.131816
2021-07-20T16:02:39.992432000Z              |
2021-07-20T16:02:39.992437300Z          imd |
2021-07-20T16:02:39.992849300Z           4  |   .9924165   .0385205    -0.20   0.845     .9197181    1.070861
2021-07-20T16:02:39.993273800Z 5 most de..  |   1.019041   .0513558     0.37   0.708     .9231968    1.124835
2021-07-20T16:02:39.993289800Z              |
2021-07-20T16:02:39.993295100Z tot_adults~h |
2021-07-20T16:02:39.993831500Z           2  |   1.092094   .3218521     0.30   0.765     .6129168    1.945891
2021-07-20T16:02:39.994504900Z           3  |    1.19328   .2810172     0.75   0.453     .7521159    1.893216
2021-07-20T16:02:39.994522200Z              |
2021-07-20T16:02:39.995061100Z 1.htdiag_o~p |   1.022973   .0582368     0.40   0.690     .9149686    1.143727
2021-07-20T16:02:39.995554600Z 1.~y_disease |   .9918266    .037813    -0.22   0.830     .9204158    1.068778
2021-07-20T16:02:39.995998400Z     1.asthma |   1.000739   .0566738     0.01   0.990      .895603    1.118217
2021-07-20T16:02:39.996861400Z 1.~c_disease |   1.056705   .0406024     1.44   0.151     .9800489    1.139358
2021-07-20T16:02:39.996879400Z              |
2021-07-20T16:02:39.996884900Z      diabcat |
2021-07-20T16:02:39.997110700Z T1DM, con..  |   1.049087   .0963828     0.52   0.602     .8762119     1.25607
2021-07-20T16:02:39.997358000Z T1DM, unc..  |   1.070368   .2112343     0.34   0.730     .7270275    1.575852
2021-07-20T16:02:39.997612100Z T2DM, con..  |   1.036201   .0417986     0.88   0.378     .9574316     1.12145
2021-07-20T16:02:39.997864800Z T2DM, unc..  |    .946832   .0784953    -0.66   0.510     .8048328    1.113885
2021-07-20T16:02:39.998324700Z Diabetes,..  |   1.977347   .7924485     1.70   0.089     .9014726     4.33724
2021-07-20T16:02:39.998357600Z              |
2021-07-20T16:02:39.998366500Z cancer_exh~t |
2021-07-20T16:02:39.998668800Z   Last year  |   1.032523    .228633     0.14   0.885     .6689855    1.593611
2021-07-20T16:02:39.999027200Z 2-5 years..  |   .8370572   .1073061    -1.39   0.165     .6510822    1.076154
2021-07-20T16:02:39.999499800Z    5+ years  |   .9457832   .0374291    -1.41   0.159     .8751965    1.022063
2021-07-20T16:02:39.999522500Z              |
2021-07-20T16:02:39.999528100Z cancer_hae~t |
2021-07-20T16:02:39.999905700Z   Last year  |   .9007245   .2067246    -0.46   0.649      .574425    1.412377
2021-07-20T16:02:40.000237100Z 2-5 years..  |   .8317647    .106371    -1.44   0.150     .6473569    1.068703
2021-07-20T16:02:40.000599500Z    5+ years  |   .9737485   .0387116    -0.67   0.503     .9007559    1.052656
2021-07-20T16:02:40.000615200Z              |
2021-07-20T16:02:40.001059100Z 1.~r_disease |   .9749573   .0375695    -0.66   0.510     .9040344    1.051444
2021-07-20T16:02:40.001392400Z 1.stroke_d~a |   .9829001   .0374749    -0.45   0.651     .9121279    1.059163
2021-07-20T16:02:40.001851300Z 1.other_ne~o |   .9958498   .0373501    -0.11   0.912     .9252709    1.071812
2021-07-20T16:02:40.001881900Z              |
2021-07-20T16:02:40.001887200Z reduced_ki~t |
2021-07-20T16:02:40.002258500Z Stage 3a/..  |   .8944573   .2301671    -0.43   0.665     .5401611    1.481139
2021-07-20T16:02:40.002612600Z       1.esrd |   .9467868   .0301774    -1.72   0.086     .8894499     1.00782
2021-07-20T16:02:40.003029700Z 1.other_tr~t |   1.082888   .0392922     2.19   0.028     1.008551    1.162704
2021-07-20T16:02:40.003513500Z   1.asplenia |   .9692869   .0377552    -0.80   0.423     .8980421    1.046184
2021-07-20T16:02:40.003917800Z 1.ra_sle_p~s |   .9791027   .0374646    -0.55   0.581     .9083594    1.055356
2021-07-20T16:02:40.017906800Z 1.other_im~o |   1.001559   .0322603     0.05   0.961     .9402842    1.066826
2021-07-20T16:02:40.017929200Z ------------------------------------------------------------------------------
2021-07-20T16:02:40.018346500Z                                                              Stratified by stp
2021-07-20T16:02:40.025440200Z    1:     10.26 /        1 =      10.2630
2021-07-20T16:02:40.039235000Z 
2021-07-20T16:02:40.039335600Z          failure _d:  covidadmission
2021-07-20T16:02:40.039393400Z    analysis time _t:  (stime_covidadmission-origin)
2021-07-20T16:02:40.039423600Z              origin:  time enter_date
2021-07-20T16:02:40.039429900Z   enter on or after:  time enter_date
2021-07-20T16:02:40.039531600Z                  id:  patient_id
2021-07-20T16:02:40.672661400Z 
2021-07-20T16:02:40.672699600Z Iteration 0:   log pseudolikelihood = -30539.368
2021-07-20T16:02:40.941021500Z Iteration 1:   log pseudolikelihood = -30514.796
2021-07-20T16:02:41.168500900Z Iteration 2:   log pseudolikelihood = -30514.381
2021-07-20T16:02:41.409080300Z Iteration 3:   log pseudolikelihood = -30514.376
2021-07-20T16:02:41.651155200Z Iteration 4:   log pseudolikelihood = -30514.376
2021-07-20T16:02:41.651179000Z Refining estimates:
2021-07-20T16:02:42.464746900Z Iteration 0:   log pseudolikelihood = -30514.376
2021-07-20T16:02:51.781470100Z 
2021-07-20T16:02:51.781495400Z Stratified Cox regr. -- Breslow method for ties
2021-07-20T16:02:51.781501200Z 
2021-07-20T16:02:51.781504300Z No. of subjects      =       16,206             Number of obs    =      16,206
2021-07-20T16:02:51.781508600Z No. of failures      =        4,348
2021-07-20T16:02:51.781572600Z Time at risk         =      2522495
2021-07-20T16:02:51.781789700Z                                                 Wald chi2(45)    =       52.86
2021-07-20T16:02:51.781825100Z Log pseudolikelihood =   -30514.376             Prob > chi2      =      0.1966
2021-07-20T16:02:51.781832400Z 
2021-07-20T16:02:51.794579300Z                        (Std. Err. adjusted for 1,106 clusters in household_id)
2021-07-20T16:02:51.794603400Z ------------------------------------------------------------------------------
2021-07-20T16:02:51.794609300Z              |               Robust
2021-07-20T16:02:51.794614200Z           _t | Haz. Ratio   Std. Err.      z    P>|z|     [95% Conf. Interval]
2021-07-20T16:02:51.794619400Z -------------+----------------------------------------------------------------
2021-07-20T16:02:51.794624300Z    kids_cat4 |
2021-07-20T16:02:51.794899000Z only <12 ..  |   1.152116   .1686943     0.97   0.334     .8646935    1.535077
2021-07-20T16:02:51.795020100Z  only 12-18  |    .954512   .2104488    -0.21   0.833     .6195985    1.470458
2021-07-20T16:02:51.795373600Z       mixed  |   .9572481   .1258272    -0.33   0.740     .7398382    1.238546
2021-07-20T16:02:51.795393400Z              |
2021-07-20T16:02:51.795596500Z         age1 |   1.003461   .0054954     0.63   0.528      .992748     1.01429
2021-07-20T16:02:51.795920400Z         age2 |   .9931281   .0168007    -0.41   0.684     .9607392    1.026609
2021-07-20T16:02:51.796127200Z         age3 |   1.011202   .0477448     0.24   0.813     .9218228    1.109246
2021-07-20T16:02:51.796443800Z       1.male |   1.357481   .2302811     1.80   0.072     .9735029    1.892912
2021-07-20T16:02:51.796459900Z              |
2021-07-20T16:02:51.796466400Z    ethnicity |
2021-07-20T16:02:51.796722300Z Asian or ..  |    .899476   .0483635    -1.97   0.049     .8095091    .9994415
2021-07-20T16:02:51.797090000Z       Other  |   .9578212   .0497379    -0.83   0.407     .8651334    1.060439
2021-07-20T16:02:51.797150800Z              |
2021-07-20T16:02:51.797159600Z    obese4cat |
2021-07-20T16:02:51.797306300Z Obese I ..)  |   .9823879   .0433611    -0.40   0.687      .900974    1.071159
2021-07-20T16:02:51.797529800Z Obese II..)  |   .8844367   .0518559    -2.09   0.036     .7884234    .9921424
2021-07-20T16:02:51.797843000Z Obese II..)  |   .9249943   .0637127    -1.13   0.258     .8081819     1.05869
2021-07-20T16:02:51.797856100Z              |
2021-07-20T16:02:51.797861100Z smoke_nomiss |
2021-07-20T16:02:51.798136400Z      Former  |   1.061357   .1114411     0.57   0.571     .8639457    1.303877
2021-07-20T16:02:51.798480700Z     Current  |   1.034795   .0470824     0.75   0.452     .9465104    1.131315
2021-07-20T16:02:51.798493300Z              |
2021-07-20T16:02:51.798497800Z          imd |
2021-07-20T16:02:51.798750200Z           4  |   .9920825   .0385153    -0.20   0.838     .9193944    1.070517
2021-07-20T16:02:51.799135300Z 5 most de..  |   1.018919   .0513661     0.37   0.710     .9230574    1.124737
2021-07-20T16:02:51.799147600Z              |
2021-07-20T16:02:51.799152700Z tot_adults~h |
2021-07-20T16:02:51.799529300Z           2  |   1.070861   .3175003     0.23   0.817     .5989078    1.914725
2021-07-20T16:02:51.799901500Z           3  |   1.173026    .276624     0.68   0.499     .7388844    1.862253
2021-07-20T16:02:51.799915300Z              |
2021-07-20T16:02:51.800400700Z 1.htdiag_o~p |   1.022991   .0582489     0.40   0.690     .9149653    1.143771
2021-07-20T16:02:51.800842000Z 1.~y_disease |   .9920466   .0378041    -0.21   0.834     .9206514    1.068978
2021-07-20T16:02:51.801195300Z     1.asthma |   1.002399   .0567893     0.04   0.966     .8970508    1.120118
2021-07-20T16:02:51.801537400Z 1.~c_disease |   1.057745   .0406473     1.46   0.144     .9810044     1.14049
2021-07-20T16:02:51.801549800Z              |
2021-07-20T16:02:51.801555000Z      diabcat |
2021-07-20T16:02:51.801842400Z T1DM, con..  |    1.04985   .0964409     0.53   0.596     .8768691    1.256956
2021-07-20T16:02:51.802132600Z T1DM, unc..  |   1.070116   .2115823     0.34   0.732     .7263264    1.576629
2021-07-20T16:02:51.802391800Z T2DM, con..  |    1.03635   .0418209     0.88   0.376     .9575403    1.121646
2021-07-20T16:02:51.802694200Z T2DM, unc..  |   .9465201   .0785296    -0.66   0.508     .8044675    1.113656
2021-07-20T16:02:51.802993200Z Diabetes,..  |   2.021494   .8181268     1.74   0.082     .9144907    4.468539
2021-07-20T16:02:51.803006400Z              |
2021-07-20T16:02:51.803011300Z cancer_exh~t |
2021-07-20T16:02:51.803374900Z   Last year  |   1.033767   .2288537     0.15   0.881     .6698618    1.595366
2021-07-20T16:02:51.803660300Z 2-5 years..  |   .8384594   .1075914    -1.37   0.170      .652012    1.078223
2021-07-20T16:02:51.804037800Z    5+ years  |   .9463946   .0374555    -1.39   0.164     .8757582    1.022728
2021-07-20T16:02:51.804050900Z              |
2021-07-20T16:02:51.804055800Z cancer_hae~t |
2021-07-20T16:02:51.804353400Z   Last year  |   .8982401   .2062501    -0.47   0.640     .5727211    1.408775
2021-07-20T16:02:51.804568800Z 2-5 years..  |   .8295784   .1061543    -1.46   0.144     .6455594    1.066053
2021-07-20T16:02:51.804989600Z    5+ years  |   .9739419   .0387152    -0.66   0.507     .9009423    1.052856
2021-07-20T16:02:51.805002900Z              |
2021-07-20T16:02:51.805428700Z 1.~r_disease |   .9754348   .0376156    -0.64   0.519      .904427    1.052018
2021-07-20T16:02:51.805867800Z 1.stroke_d~a |   .9829497   .0374735    -0.45   0.652       .91218     1.05921
2021-07-20T16:02:51.806356100Z 1.other_ne~o |   .9956824   .0373414    -0.12   0.908     .9251198    1.071627
2021-07-20T16:02:51.806371400Z              |
2021-07-20T16:02:51.806376900Z reduced_ki~t |
2021-07-20T16:02:51.806916000Z Stage 3a/..  |    .889984   .2294898    -0.45   0.651     .5368993     1.47527
2021-07-20T16:02:51.807449300Z       1.esrd |   .9464236   .0301702    -1.73   0.084     .8891004    1.007442
2021-07-20T16:02:51.807856900Z 1.other_tr~t |   1.082632   .0392881     2.19   0.029     1.008303     1.16244
2021-07-20T16:02:51.808302500Z   1.asplenia |   .9683963   .0377449    -0.82   0.410     .8971729    1.045274
2021-07-20T16:02:51.808865900Z 1.ra_sle_p~s |   .9788755   .0374263    -0.56   0.577     .9082023    1.055048
2021-07-20T16:02:51.809153500Z 1.other_im~o |    1.00104   .0322458     0.03   0.974      .939793    1.066278
2021-07-20T16:02:51.809167000Z              |
2021-07-20T16:02:51.809172600Z         male#|
2021-07-20T16:02:51.809176900Z    kids_cat4 |
2021-07-20T16:02:51.809180800Z           1 #|
2021-07-20T16:02:51.809553800Z only <12 ..  |   .7024541    .139119    -1.78   0.075     .4764748    1.035609
2021-07-20T16:02:51.809566000Z           1 #|
2021-07-20T16:02:51.809852000Z  only 12-18  |   .7385041   .2083882    -1.07   0.283     .4247802    1.283931
2021-07-20T16:02:51.811197400Z     1#mixed  |   .7768084   .1342553    -1.46   0.144     .5536067        1.09
2021-07-20T16:02:51.811210400Z ------------------------------------------------------------------------------
2021-07-20T16:02:51.811431200Z                                                              Stratified by stp
2021-07-20T16:02:51.813039300Z    1:     11.79 /        1 =      11.7920
2021-07-20T16:02:51.815860400Z 
2021-07-20T16:02:51.815883000Z  ( 1)  1.male#1.kids_cat4 = 0
2021-07-20T16:02:51.815888800Z  ( 2)  1.male#2.kids_cat4 = 0
2021-07-20T16:02:51.815893000Z  ( 3)  1.male#3.kids_cat4 = 0
2021-07-20T16:02:51.815897100Z 
2021-07-20T16:02:51.815900900Z            chi2(  3) =    3.23
2021-07-20T16:02:51.815919500Z          Prob > chi2 =    0.3574
2021-07-20T16:02:51.815989800Z 
2021-07-20T16:02:51.816004800Z kids_cat4 
2021-07-20T16:02:51.816009900Z ****************
2021-07-20T16:02:51.820006000Z 
2021-07-20T16:02:51.820052200Z  ( 1)  1.kids_cat4 + 1.male#1.kids_cat4 = 0
2021-07-20T16:02:51.820441300Z 
2021-07-20T16:02:51.829837900Z ------------------------------------------------------------------------------
2021-07-20T16:02:51.829859200Z           _t |     exp(b)   Std. Err.      z    P>|z|     [95% Conf. Interval]
2021-07-20T16:02:51.829863300Z -------------+----------------------------------------------------------------
2021-07-20T16:02:51.830277500Z          (1) |   .8093086   .1112248    -1.54   0.124     .6182042    1.059489
2021-07-20T16:02:51.830292400Z ------------------------------------------------------------------------------
2021-07-20T16:02:51.830986100Z kids_cat4
2021-07-20T16:02:51.831000300Z ****************
2021-07-20T16:02:51.833012500Z 
2021-07-20T16:02:51.833028400Z  ( 1)  2.kids_cat4 + 1.male#2.kids_cat4 = 0
2021-07-20T16:02:51.833043100Z 
2021-07-20T16:02:51.841701500Z ------------------------------------------------------------------------------
2021-07-20T16:02:51.841724300Z           _t |     exp(b)   Std. Err.      z    P>|z|     [95% Conf. Interval]
2021-07-20T16:02:51.841729600Z -------------+----------------------------------------------------------------
2021-07-20T16:02:51.842424500Z          (1) |   .7049111   .1445339    -1.71   0.088     .4716342     1.05357
2021-07-20T16:02:51.842443900Z ------------------------------------------------------------------------------
2021-07-20T16:02:51.843535000Z kids_cat4
2021-07-20T16:02:51.843547400Z ****************
2021-07-20T16:02:51.846675400Z 
2021-07-20T16:02:51.846690900Z  ( 1)  3.kids_cat4 + 1.male#3.kids_cat4 = 0
2021-07-20T16:02:51.846872500Z 
2021-07-20T16:02:51.855831200Z ------------------------------------------------------------------------------
2021-07-20T16:02:51.855848700Z           _t |     exp(b)   Std. Err.      z    P>|z|     [95% Conf. Interval]
2021-07-20T16:02:51.855852400Z -------------+----------------------------------------------------------------
2021-07-20T16:02:51.856453300Z          (1) |   .7435984   .0923437    -2.39   0.017      .582951    .9485164
2021-07-20T16:02:51.856468100Z ------------------------------------------------------------------------------
2021-07-20T16:02:51.884066600Z (note: file ./output/an_interaction_cox_models_covidadmission_kids_cat4_male_MA
2021-07-20T16:02:51.884092000Z > INFULLYADJMODEL_agespline_bmicat_noeth_ageband_0MAIN.ster not found)
2021-07-20T16:02:51.884098500Z file ./output/an_interaction_cox_models_covidadmission_kids_cat4_male_MAINFULLY
2021-07-20T16:02:51.884116400Z > ADJMODEL_agespline_bmicat_noeth_ageband_0MAIN.ster saved
2021-07-20T16:02:51.888253600Z 
2021-07-20T16:02:51.888273500Z            |   Failure/censoring
2021-07-20T16:02:51.888277000Z            |     indicator for
2021-07-20T16:02:51.888280200Z            |  outcome: covid SUS
2021-07-20T16:02:51.888284000Z            |       admission
2021-07-20T16:02:51.888288000Z       Male |         0          1 |     Total
2021-07-20T16:02:51.888292300Z -----------+----------------------+----------
2021-07-20T16:02:51.888296200Z          0 |     1,717        641 |     2,358 
2021-07-20T16:02:51.888300700Z          1 |     1,592        544 |     2,136 
2021-07-20T16:02:51.888304900Z -----------+----------------------+----------
2021-07-20T16:02:51.888309000Z      Total |     3,309      1,185 |     4,494 
2021-07-20T16:02:51.891125300Z 
2021-07-20T16:02:51.891140800Z          failure _d:  covidadmission
2021-07-20T16:02:51.891144400Z    analysis time _t:  (stime_covidadmission-origin)
2021-07-20T16:02:51.891147100Z              origin:  time enter_date
2021-07-20T16:02:51.891149600Z   enter on or after:  time enter_date
2021-07-20T16:02:51.891151900Z                  id:  patient_id
2021-07-20T16:02:52.059713800Z 
2021-07-20T16:02:52.059739000Z Iteration 0:   log pseudolikelihood = -6800.9049
2021-07-20T16:02:52.142400000Z Iteration 1:   log pseudolikelihood = -6774.1385
2021-07-20T16:02:52.204357900Z Iteration 2:   log pseudolikelihood = -6773.6419
2021-07-20T16:02:52.281418800Z Iteration 3:   log pseudolikelihood = -6773.6009
2021-07-20T16:02:52.348688300Z Iteration 4:   log pseudolikelihood = -6773.5879
2021-07-20T16:02:52.432139700Z Iteration 5:   log pseudolikelihood = -6773.5831
2021-07-20T16:02:52.507232600Z Iteration 6:   log pseudolikelihood = -6773.5813
2021-07-20T16:02:52.569184900Z Iteration 7:   log pseudolikelihood = -6773.5807
2021-07-20T16:02:52.636034100Z Iteration 8:   log pseudolikelihood = -6773.5804
2021-07-20T16:02:52.696152700Z Iteration 9:   log pseudolikelihood = -6773.5804
2021-07-20T16:02:52.767238800Z Iteration 10:  log pseudolikelihood = -6773.5803
2021-07-20T16:02:52.837947700Z Iteration 11:  log pseudolikelihood = -6773.5803
2021-07-20T16:02:52.902122200Z Iteration 12:  log pseudolikelihood = -6773.5803
2021-07-20T16:02:52.969602300Z Iteration 13:  log pseudolikelihood = -6773.5803
2021-07-20T16:02:53.039224800Z Iteration 14:  log pseudolikelihood = -6773.5803
2021-07-20T16:02:53.123006700Z Iteration 15:  log pseudolikelihood = -6773.5803
2021-07-20T16:02:53.179762700Z Iteration 16:  log pseudolikelihood = -6773.5803
2021-07-20T16:02:53.246495200Z Iteration 17:  log pseudolikelihood = -6773.5803
2021-07-20T16:02:53.311870200Z Iteration 18:  log pseudolikelihood = -6773.5803
2021-07-20T16:02:53.374291200Z Iteration 19:  log pseudolikelihood = -6773.5803
2021-07-20T16:02:53.439291000Z Iteration 20:  log pseudolikelihood = -6773.5803
2021-07-20T16:02:53.513379900Z Iteration 21:  log pseudolikelihood = -6773.5803
2021-07-20T16:02:53.576145000Z Iteration 22:  log pseudolikelihood = -6773.5803
2021-07-20T16:02:53.652093700Z Iteration 23:  log pseudolikelihood = -6773.5803
2021-07-20T16:02:53.726712000Z Iteration 24:  log pseudolikelihood = -6773.5803
2021-07-20T16:02:53.797121800Z Iteration 25:  log pseudolikelihood = -6773.5803
2021-07-20T16:02:53.868575500Z Iteration 26:  log pseudolikelihood = -6773.5803
2021-07-20T16:02:53.942320700Z Iteration 27:  log pseudolikelihood = -6773.5803
2021-07-20T16:02:54.005764500Z Iteration 28:  log pseudolikelihood = -6773.5803
2021-07-20T16:02:54.078280100Z Iteration 29:  log pseudolikelihood = -6773.5803
2021-07-20T16:02:54.141241000Z Iteration 30:  log pseudolikelihood = -6773.5803
2021-07-20T16:02:54.212523400Z Iteration 31:  log pseudolikelihood = -6773.5803
2021-07-20T16:02:54.279418800Z Iteration 32:  log pseudolikelihood = -6773.5803
2021-07-20T16:02:54.363560300Z Iteration 33:  log pseudolikelihood = -6773.5803
2021-07-20T16:02:54.363582400Z Refining estimates:
2021-07-20T16:02:54.595047200Z Iteration 0:   log pseudolikelihood = -6773.5803
2021-07-20T16:02:54.808412600Z Iteration 1:   log pseudolikelihood = -6773.5803
2021-07-20T16:02:55.034770700Z Iteration 2:   log pseudolikelihood = -6773.5803
2021-07-20T16:02:55.247411200Z Iteration 3:   log pseudolikelihood = -6773.5803
2021-07-20T16:02:56.294389600Z 
2021-07-20T16:02:56.294446600Z Stratified Cox regr. -- Breslow method for ties
2021-07-20T16:02:56.294453500Z 
2021-07-20T16:02:56.294457700Z No. of subjects      =        4,494             Number of obs    =       4,494
2021-07-20T16:02:56.294460700Z No. of failures      =        1,185
2021-07-20T16:02:56.294463400Z Time at risk         =       694299
2021-07-20T16:02:56.294751300Z                                                 Wald chi2(42)    =     1374.63
2021-07-20T16:02:56.294766200Z Log pseudolikelihood =   -6773.5803             Prob > chi2      =      0.0000
2021-07-20T16:02:56.294772500Z 
2021-07-20T16:02:56.305726100Z                          (Std. Err. adjusted for 914 clusters in household_id)
2021-07-20T16:02:56.305752300Z ------------------------------------------------------------------------------
2021-07-20T16:02:56.305758700Z              |               Robust
2021-07-20T16:02:56.305764200Z           _t | Haz. Ratio   Std. Err.      z    P>|z|     [95% Conf. Interval]
2021-07-20T16:02:56.305769600Z -------------+----------------------------------------------------------------
2021-07-20T16:02:56.305775000Z    kids_cat4 |
2021-07-20T16:02:56.305879400Z only <12 ..  |   .7957673   .1525279    -1.19   0.233     .5465538    1.158615
2021-07-20T16:02:56.306110800Z  only 12-18  |    .815658   .1869696    -0.89   0.374     .5204644    1.278277
2021-07-20T16:02:56.306303600Z       mixed  |   .8852494   .1470003    -0.73   0.463     .6393212    1.225779
2021-07-20T16:02:56.306314800Z              |
2021-07-20T16:02:56.306563900Z         age1 |   .9860263   .0255767    -0.54   0.587     .9371498    1.037452
2021-07-20T16:02:56.306743300Z         age2 |   1.096847   .1200871     0.84   0.398     .8850206    1.359374
2021-07-20T16:02:56.307038800Z         age3 |    .785064   .2090442    -0.91   0.363     .4658542    1.323001
2021-07-20T16:02:56.307346200Z       1.male |   .9139534   .0545378    -1.51   0.132     .8130753    1.027347
2021-07-20T16:02:56.307360000Z              |
2021-07-20T16:02:56.307364900Z    ethnicity |
2021-07-20T16:02:56.307595800Z Asian or ..  |   .8816571   .0932842    -1.19   0.234     .7165358     1.08483
2021-07-20T16:02:56.307860700Z       Other  |   1.020823   .0925618     0.23   0.820     .8546122    1.219361
2021-07-20T16:02:56.307872900Z              |
2021-07-20T16:02:56.307877100Z    obese4cat |
2021-07-20T16:02:56.308119100Z Obese I ..)  |    .993036   .0841018    -0.08   0.934     .8411537    1.172343
2021-07-20T16:02:56.308370100Z Obese II..)  |   1.011229   .1112422     0.10   0.919     .8151009    1.254549
2021-07-20T16:02:56.308619000Z Obese II..)  |   .9424517   .1217893    -0.46   0.646     .7315798    1.214106
2021-07-20T16:02:56.308632000Z              |
2021-07-20T16:02:56.308636900Z smoke_nomiss |
2021-07-20T16:02:56.308948800Z      Former  |   .9521558   .1968108    -0.24   0.813     .6349866    1.427748
2021-07-20T16:02:56.309620500Z     Current  |   1.010798   .0893821     0.12   0.903     .8499536    1.202082
2021-07-20T16:02:56.309634500Z              |
2021-07-20T16:02:56.309639400Z          imd |
2021-07-20T16:02:56.309883000Z           4  |   1.036195    .075754     0.49   0.627     .8978668    1.195834
2021-07-20T16:02:56.310324900Z 5 most de..  |   1.284323   .1163537     2.76   0.006     1.075374    1.533872
2021-07-20T16:02:56.310337500Z              |
2021-07-20T16:02:56.310341800Z tot_adults~h |
2021-07-20T16:02:56.310679600Z           2  |   1.735858   .7861767     1.22   0.223     .7144996    4.217224
2021-07-20T16:02:56.310906200Z           3  |   1.334497   .5125248     0.75   0.452     .6286467    2.832884
2021-07-20T16:02:56.310918600Z              |
2021-07-20T16:02:56.311379600Z 1.htdiag_o~p |    1.02678   .1102401     0.25   0.806     .8319325    1.267262
2021-07-20T16:02:56.311792800Z 1.~y_disease |   .8047128   .0621805    -2.81   0.005      .691621    .9362969
2021-07-20T16:02:56.312040500Z     1.asthma |   1.183329   .1253999     1.59   0.112     .9613949    1.456495
2021-07-20T16:02:56.312394900Z 1.~c_disease |   .9709718   .0689987    -0.41   0.678      .844732    1.116077
2021-07-20T16:02:56.312408700Z              |
2021-07-20T16:02:56.312415900Z      diabcat |
2021-07-20T16:02:56.312751700Z T1DM, con..  |   1.246757   .2254805     1.22   0.223     .8746593    1.777152
2021-07-20T16:02:56.313012200Z T1DM, unc..  |   .3550023   .2574736    -1.43   0.153     .0856796    1.470906
2021-07-20T16:02:56.313331300Z T2DM, con..  |   .8389782   .0689774    -2.14   0.033     .7141152    .9856734
2021-07-20T16:02:56.313607400Z T2DM, unc..  |   .7792043   .1357324    -1.43   0.152     .5538313    1.096289
2021-07-20T16:02:56.313947000Z Diabetes,..  |   1.94e-16   1.97e-16   -35.64   0.000     2.65e-17    1.42e-15
2021-07-20T16:02:56.313959100Z              |
2021-07-20T16:02:56.313963400Z cancer_exh~t |
2021-07-20T16:02:56.314326000Z   Last year  |   .9092943   .4542028    -0.19   0.849     .3416014    2.420412
2021-07-20T16:02:56.314710800Z 2-5 years..  |   1.484346   .3001048     1.95   0.051     .9987097    2.206129
2021-07-20T16:02:56.315047400Z    5+ years  |   .8994953   .0693878    -1.37   0.170     .7732795    1.046312
2021-07-20T16:02:56.315062000Z              |
2021-07-20T16:02:56.315067500Z cancer_hae~t |
2021-07-20T16:02:56.315350600Z   Last year  |   1.425799   .9078108     0.56   0.577     .4093508    4.966164
2021-07-20T16:02:56.315719500Z 2-5 years..  |   1.015512   .2442275     0.06   0.949     .6338313    1.627033
2021-07-20T16:02:56.316116600Z    5+ years  |   1.047814   .0766458     0.64   0.523     .9078627    1.209339
2021-07-20T16:02:56.316127800Z              |
2021-07-20T16:02:56.316516500Z 1.~r_disease |   1.005251   .0747312     0.07   0.944     .8689511     1.16293
2021-07-20T16:02:56.316928000Z 1.stroke_d~a |   1.037744   .0791378     0.49   0.627     .8936717    1.205042
2021-07-20T16:02:56.317314400Z 1.other_ne~o |   1.082608   .0779127     1.10   0.270      .940183    1.246609
2021-07-20T16:02:56.317326000Z              |
2021-07-20T16:02:56.317330200Z reduced_ki~t |
2021-07-20T16:02:56.317809600Z Stage 3a/..  |   1.120315    .153064     0.83   0.406     .8571242    1.464321
2021-07-20T16:02:56.318139200Z       1.esrd |   1.030214   .0634198     0.48   0.629     .9131197    1.162324
2021-07-20T16:02:56.318480000Z 1.other_tr~t |   .9325754   .0719247    -0.91   0.365      .801743    1.084758
2021-07-20T16:02:56.318852200Z   1.asplenia |   1.017435    .078968     0.22   0.824     .8738582    1.184602
2021-07-20T16:02:56.319219600Z 1.ra_sle_p~s |    .972622   .0722018    -0.37   0.708     .8409223    1.124948
2021-07-20T16:02:56.320810400Z 1.other_im~o |   .8571273   .0528573    -2.50   0.012     .7595448    .9672467
2021-07-20T16:02:56.320822700Z ------------------------------------------------------------------------------
2021-07-20T16:02:56.321083700Z                                                              Stratified by stp
2021-07-20T16:02:56.324573800Z    1:      4.44 /        1 =       4.4360
2021-07-20T16:02:56.327740200Z 
2021-07-20T16:02:56.327759900Z          failure _d:  covidadmission
2021-07-20T16:02:56.327765100Z    analysis time _t:  (stime_covidadmission-origin)
2021-07-20T16:02:56.327769700Z              origin:  time enter_date
2021-07-20T16:02:56.327772100Z   enter on or after:  time enter_date
2021-07-20T16:02:56.327866000Z                  id:  patient_id
2021-07-20T16:02:56.505856100Z 
2021-07-20T16:02:56.505881900Z Iteration 0:   log pseudolikelihood = -6800.9049
2021-07-20T16:02:56.595418900Z Iteration 1:   log pseudolikelihood = -6772.0993
2021-07-20T16:02:56.662974500Z Iteration 2:   log pseudolikelihood = -6771.5392
2021-07-20T16:02:56.756973900Z Iteration 3:   log pseudolikelihood = -6771.4982
2021-07-20T16:02:56.833387000Z Iteration 4:   log pseudolikelihood = -6771.4852
2021-07-20T16:02:56.902289300Z Iteration 5:   log pseudolikelihood = -6771.4804
2021-07-20T16:02:56.980924800Z Iteration 6:   log pseudolikelihood = -6771.4786
2021-07-20T16:02:57.049191800Z Iteration 7:   log pseudolikelihood =  -6771.478
2021-07-20T16:02:57.139780500Z Iteration 8:   log pseudolikelihood = -6771.4777
2021-07-20T16:02:57.230801400Z Iteration 9:   log pseudolikelihood = -6771.4776
2021-07-20T16:02:57.327520500Z Iteration 10:  log pseudolikelihood = -6771.4776
2021-07-20T16:02:57.403596500Z Iteration 11:  log pseudolikelihood = -6771.4776
2021-07-20T16:02:57.505082900Z Iteration 12:  log pseudolikelihood = -6771.4776
2021-07-20T16:02:57.578320800Z Iteration 13:  log pseudolikelihood = -6771.4776
2021-07-20T16:02:57.665677900Z Iteration 14:  log pseudolikelihood = -6771.4776
2021-07-20T16:02:57.752044900Z Iteration 15:  log pseudolikelihood = -6771.4776
2021-07-20T16:02:57.809907100Z Iteration 16:  log pseudolikelihood = -6771.4776
2021-07-20T16:02:57.880642000Z Iteration 17:  log pseudolikelihood = -6771.4776
2021-07-20T16:02:57.955468100Z Iteration 18:  log pseudolikelihood = -6771.4776
2021-07-20T16:02:58.043430200Z Iteration 19:  log pseudolikelihood = -6771.4776
2021-07-20T16:02:58.118305100Z Iteration 20:  log pseudolikelihood = -6771.4776
2021-07-20T16:02:58.208906800Z Iteration 21:  log pseudolikelihood = -6771.4776
2021-07-20T16:02:58.284936200Z Iteration 22:  log pseudolikelihood = -6771.4776
2021-07-20T16:02:58.382480000Z Iteration 23:  log pseudolikelihood = -6771.4776
2021-07-20T16:02:58.459008100Z Iteration 24:  log pseudolikelihood = -6771.4776
2021-07-20T16:02:58.545370900Z Iteration 25:  log pseudolikelihood = -6771.4776
2021-07-20T16:02:58.626483300Z Iteration 26:  log pseudolikelihood = -6771.4776
2021-07-20T16:02:58.714478200Z Iteration 27:  log pseudolikelihood = -6771.4776
2021-07-20T16:02:58.791692600Z Iteration 28:  log pseudolikelihood = -6771.4776
2021-07-20T16:02:58.892156500Z Iteration 29:  log pseudolikelihood = -6771.4776
2021-07-20T16:02:58.892185000Z Refining estimates:
2021-07-20T16:02:59.217773600Z Iteration 0:   log pseudolikelihood = -6771.4776
2021-07-20T16:02:59.551377800Z Iteration 1:   log pseudolikelihood = -6771.4776
2021-07-20T16:03:01.323932100Z 
2021-07-20T16:03:01.323961500Z Stratified Cox regr. -- Breslow method for ties
2021-07-20T16:03:01.324000700Z 
2021-07-20T16:03:01.324020800Z No. of subjects      =        4,494             Number of obs    =       4,494
2021-07-20T16:03:01.324027500Z No. of failures      =        1,185
2021-07-20T16:03:01.324032600Z Time at risk         =       694299
2021-07-20T16:03:01.324283300Z                                                 Wald chi2(45)    =      973.93
2021-07-20T16:03:01.324300700Z Log pseudolikelihood =   -6771.4776             Prob > chi2      =      0.0000
2021-07-20T16:03:01.324307100Z 
2021-07-20T16:03:01.339075300Z                          (Std. Err. adjusted for 914 clusters in household_id)
2021-07-20T16:03:01.339114300Z ------------------------------------------------------------------------------
2021-07-20T16:03:01.339121800Z              |               Robust
2021-07-20T16:03:01.339127000Z           _t | Haz. Ratio   Std. Err.      z    P>|z|     [95% Conf. Interval]
2021-07-20T16:03:01.339132600Z -------------+----------------------------------------------------------------
2021-07-20T16:03:01.339154900Z    kids_cat4 |
2021-07-20T16:03:01.339639600Z only <12 ..  |   .8246248   .2219064    -0.72   0.474     .4866293     1.39738
2021-07-20T16:03:01.339951200Z  only 12-18  |   1.203233   .4012714     0.55   0.579     .6258622     2.31324
2021-07-20T16:03:01.340198700Z       mixed  |   .9962636   .2380162    -0.02   0.987     .6237559    1.591233
2021-07-20T16:03:01.340212300Z              |
2021-07-20T16:03:01.340462800Z         age1 |   .9857268   .0255665    -0.55   0.579     .9368697    1.037132
2021-07-20T16:03:01.340653000Z         age2 |   1.097757   .1200792     0.85   0.394      .885925    1.360241
2021-07-20T16:03:01.341005700Z         age3 |   .7836583   .2084131    -0.92   0.359     .4653188    1.319784
2021-07-20T16:03:01.341355400Z       1.male |    1.13368   .3316881     0.43   0.668     .6389239    2.011556
2021-07-20T16:03:01.341370600Z              |
2021-07-20T16:03:01.341377300Z    ethnicity |
2021-07-20T16:03:01.341662500Z Asian or ..  |   .8796546   .0933127    -1.21   0.227     .7145255    1.082946
2021-07-20T16:03:01.341919500Z       Other  |   1.020584   .0925789     0.22   0.822      .854348    1.219165
2021-07-20T16:03:01.341932900Z              |
2021-07-20T16:03:01.341938700Z    obese4cat |
2021-07-20T16:03:01.342264900Z Obese I ..)  |   .9935499   .0844397    -0.08   0.939     .8411004    1.173631
2021-07-20T16:03:01.342583400Z Obese II..)  |   1.010311   .1114587     0.09   0.926     .8138597    1.254182
2021-07-20T16:03:01.343017900Z Obese II..)  |   .9417087   .1216168    -0.47   0.642     .7311194    1.212956
2021-07-20T16:03:01.343030600Z              |
2021-07-20T16:03:01.343035800Z smoke_nomiss |
2021-07-20T16:03:01.343375100Z      Former  |   .9545441   .1971644    -0.23   0.822     .6367624    1.430918
2021-07-20T16:03:01.343766100Z     Current  |   1.013569   .0896675     0.15   0.879     .8522171    1.205471
2021-07-20T16:03:01.343777300Z              |
2021-07-20T16:03:01.343780400Z          imd |
2021-07-20T16:03:01.344208600Z           4  |   1.035788   .0758282     0.48   0.631     .8973375    1.195599
2021-07-20T16:03:01.344660800Z 5 most de..  |   1.280526    .116053     2.73   0.006     1.072124    1.529439
2021-07-20T16:03:01.344696900Z              |
2021-07-20T16:03:01.344718300Z tot_adults~h |
2021-07-20T16:03:01.345073900Z           2  |   1.778146   .7938604     1.29   0.197     .7412168    4.265695
2021-07-20T16:03:01.345447300Z           3  |   1.346051   .5120877     0.78   0.435      .638606    2.837201
2021-07-20T16:03:01.345461800Z              |
2021-07-20T16:03:01.345891300Z 1.htdiag_o~p |   1.023324   .1098294     0.21   0.830     .8291958    1.262901
2021-07-20T16:03:01.346280700Z 1.~y_disease |   .8019078    .061905    -2.86   0.004     .6893093    .9328993
2021-07-20T16:03:01.346692000Z     1.asthma |   1.188539   .1258058     1.63   0.103     .9658609    1.462556
2021-07-20T16:03:01.346999600Z 1.~c_disease |   .9719471   .0693301    -0.40   0.690     .8451338    1.117789
2021-07-20T16:03:01.347011900Z              |
2021-07-20T16:03:01.347016400Z      diabcat |
2021-07-20T16:03:01.347312600Z T1DM, con..  |   1.243219   .2251449     1.20   0.229     .8717591    1.772959
2021-07-20T16:03:01.347608900Z T1DM, unc..  |   .3587815   .2603756    -1.41   0.158     .0865156    1.487872
2021-07-20T16:03:01.347846600Z T2DM, con..  |   .8382066   .0691347    -2.14   0.032     .7130903    .9852754
2021-07-20T16:03:01.348094900Z T2DM, unc..  |   .7773395   .1349381    -1.45   0.147     .5531601    1.092372
2021-07-20T16:03:01.348449000Z Diabetes,..  |   7.81e-14   7.93e-14   -29.73   0.000     1.07e-14    5.71e-13
2021-07-20T16:03:01.348476100Z              |
2021-07-20T16:03:01.348485100Z cancer_exh~t |
2021-07-20T16:03:01.348811600Z   Last year  |   .9003787   .4526382    -0.21   0.835     .3361316    2.411799
2021-07-20T16:03:01.349087900Z 2-5 years..  |   1.500763   .3020357     2.02   0.044     1.011588    2.226489
2021-07-20T16:03:01.349503700Z    5+ years  |   .9011326   .0695733    -1.35   0.178     .7745874    1.048352
2021-07-20T16:03:01.349515100Z              |
2021-07-20T16:03:01.349518500Z cancer_hae~t |
2021-07-20T16:03:01.349858300Z   Last year  |    1.38662   .8932756     0.51   0.612      .392287    4.901294
2021-07-20T16:03:01.350182200Z 2-5 years..  |   1.029097   .2472642     0.12   0.905     .6425927    1.648076
2021-07-20T16:03:01.350569100Z    5+ years  |   1.052264    .076967     0.70   0.486     .9117255    1.214465
2021-07-20T16:03:01.350581100Z              |
2021-07-20T16:03:01.350974000Z 1.~r_disease |   1.005463    .074872     0.07   0.942     .8689234    1.163459
2021-07-20T16:03:01.351488800Z 1.stroke_d~a |   1.035493   .0789784     0.46   0.647     .8917128    1.202457
2021-07-20T16:03:01.351923400Z 1.other_ne~o |   1.087121   .0784119     1.16   0.247     .9438053    1.252199
2021-07-20T16:03:01.351936600Z              |
2021-07-20T16:03:01.351941300Z reduced_ki~t |
2021-07-20T16:03:01.352399100Z Stage 3a/..  |   1.119795   .1532948     0.83   0.409     .8562743    1.464415
2021-07-20T16:03:01.352769800Z       1.esrd |    1.02918   .0635895     0.47   0.642     .9117981    1.161674
2021-07-20T16:03:01.353136500Z 1.other_tr~t |   .9316814   .0719125    -0.92   0.359     .8008789    1.083847
2021-07-20T16:03:01.353510300Z   1.asplenia |   1.015147   .0788349     0.19   0.847     .8718181     1.18204
2021-07-20T16:03:01.353938000Z 1.ra_sle_p~s |   .9763565   .0725175    -0.32   0.747     .8440859    1.129354
2021-07-20T16:03:01.354249600Z 1.other_im~o |   .8559471   .0527386    -2.52   0.012     .7585788    .9658131
2021-07-20T16:03:01.354260900Z              |
2021-07-20T16:03:01.354263900Z         male#|
2021-07-20T16:03:01.354266300Z    kids_cat4 |
2021-07-20T16:03:01.354269100Z           1 #|
2021-07-20T16:03:01.354746000Z only <12 ..  |   .9582466   .3395964    -0.12   0.904     .4784284    1.919277
2021-07-20T16:03:01.354963000Z           1 #|
2021-07-20T16:03:01.355297800Z  only 12-18  |   .3967193   .2315664    -1.58   0.113     .1263671    1.245468
2021-07-20T16:03:01.357168500Z     1#mixed  |   .7990092   .2384609    -0.75   0.452     .4451581    1.434132
2021-07-20T16:03:01.357186300Z ------------------------------------------------------------------------------
2021-07-20T16:03:01.357593700Z                                                              Stratified by stp
2021-07-20T16:03:01.359971500Z    1:      5.04 /        1 =       5.0360
2021-07-20T16:03:01.359989100Z 
2021-07-20T16:03:01.359995000Z  ( 1)  1.male#1.kids_cat4 = 0
2021-07-20T16:03:01.359999900Z  ( 2)  1.male#2.kids_cat4 = 0
2021-07-20T16:03:01.360004200Z  ( 3)  1.male#3.kids_cat4 = 0
2021-07-20T16:03:01.360008600Z 
2021-07-20T16:03:01.360012900Z            chi2(  3) =    3.27
2021-07-20T16:03:01.360017300Z          Prob > chi2 =    0.3519
2021-07-20T16:03:01.360215200Z 
2021-07-20T16:03:01.360228500Z kids_cat4 
2021-07-20T16:03:01.360248300Z ****************
2021-07-20T16:03:01.362392400Z 
2021-07-20T16:03:01.362414000Z  ( 1)  1.kids_cat4 + 1.male#1.kids_cat4 = 0
2021-07-20T16:03:01.362561200Z 
2021-07-20T16:03:01.372377200Z ------------------------------------------------------------------------------
2021-07-20T16:03:01.372399900Z           _t |     exp(b)   Std. Err.      z    P>|z|     [95% Conf. Interval]
2021-07-20T16:03:01.372405800Z -------------+----------------------------------------------------------------
2021-07-20T16:03:01.372928700Z          (1) |   .7901939   .2029591    -0.92   0.359     .4776447    1.307261
2021-07-20T16:03:01.372944200Z ------------------------------------------------------------------------------
2021-07-20T16:03:01.373433900Z kids_cat4
2021-07-20T16:03:01.373447500Z ****************
2021-07-20T16:03:01.375613700Z 
2021-07-20T16:03:01.375627400Z  ( 1)  2.kids_cat4 + 1.male#2.kids_cat4 = 0
2021-07-20T16:03:01.375754500Z 
2021-07-20T16:03:01.387405100Z ------------------------------------------------------------------------------
2021-07-20T16:03:01.387435800Z           _t |     exp(b)   Std. Err.      z    P>|z|     [95% Conf. Interval]
2021-07-20T16:03:01.387442000Z -------------+----------------------------------------------------------------
2021-07-20T16:03:01.388477500Z          (1) |   .4773457   .2028217    -1.74   0.082     .2075687    1.097752
2021-07-20T16:03:01.388497300Z ------------------------------------------------------------------------------
2021-07-20T16:03:01.389302900Z kids_cat4
2021-07-20T16:03:01.389324200Z ****************
2021-07-20T16:03:01.392655300Z 
2021-07-20T16:03:01.392686700Z  ( 1)  3.kids_cat4 + 1.male#3.kids_cat4 = 0
2021-07-20T16:03:01.393055200Z 
2021-07-20T16:03:01.401981000Z ------------------------------------------------------------------------------
2021-07-20T16:03:01.402000700Z           _t |     exp(b)   Std. Err.      z    P>|z|     [95% Conf. Interval]
2021-07-20T16:03:01.402005500Z -------------+----------------------------------------------------------------
2021-07-20T16:03:01.402637200Z          (1) |   .7960238   .1686126    -1.08   0.281     .5255643    1.205664
2021-07-20T16:03:01.402652800Z ------------------------------------------------------------------------------
2021-07-20T16:03:01.411941100Z (note: file ./output/an_interaction_cox_models_covidadmission_kids_cat4_male_MA
2021-07-20T16:03:01.411966100Z > INFULLYADJMODEL_agespline_bmicat_noeth_ageband_1MAIN.ster not found)
2021-07-20T16:03:01.411972500Z file ./output/an_interaction_cox_models_covidadmission_kids_cat4_male_MAINFULLY
2021-07-20T16:03:01.411977100Z > ADJMODEL_agespline_bmicat_noeth_ageband_1MAIN.ster saved
2021-07-20T16:03:01.412072100Z 
2021-07-20T16:03:01.412088000Z . 
2021-07-20T16:03:01.412143600Z . log close
2021-07-20T16:03:01.412357300Z       name:  <unnamed>
2021-07-20T16:03:01.412374800Z        log:  /workspace/log/10_an_interaction_cox_models_sex_covidadmissionMAIN
2021-07-20T16:03:01.412381500Z > .log
2021-07-20T16:03:01.412424200Z   log type:  text
2021-07-20T16:03:01.412429000Z  closed on:  20 Jul 2021, 16:03:01
2021-07-20T16:03:01.412431800Z -------------------------------------------------------------------------------
2021-07-20T16:03:01.412434400Z 
2021-07-20T16:03:01.412436700Z . 
2021-07-20T16:03:01.412439100Z . exit, clear 
2021-07-20T16:03:01.412441500Z 
2021-07-20T16:03:01.412443900Z end of do-file
2021-07-20T16:03:01.412446300Z 
2021-07-20T16:03:01.412448700Z . . file open output using "/tmp/tmp.FLfh8JVZmw", write text replace
2021-07-20T16:03:01.412638400Z 
2021-07-20T16:03:01.412651200Z . . file write output "success" 
2021-07-20T16:03:01.412656000Z 
2021-07-20T16:03:01.412660000Z . . file close output
2021-07-20T16:03:01.412664100Z 
2021-07-20T16:03:01.412667900Z . 
2021-07-20T16:03:01.412672100Z end of do-file
2021-07-20T16:03:01.412676000Z 
2021-07-20T16:03:01.412679900Z 
2021-07-20T16:03:01.441676500Z . 

state: succeeded
commit: none
docker_image_id: sha256:11980aa720220a1b39bf523f5a8a33270214c13876c30ee364e16265766f7f60
exit_code: 0
job_id: 7ho7n7itz4uaeyu4
run_by_user: qc18278
created_at: 2021-07-20T15:38:48Z
started_at: 2021-07-20T16:02:29Z
completed_at: 2021-07-20T16:03:39Z

Completed successfully

outputs:
  log/10_an_interaction_cox_models_sex_covidadmissionMAIN.log                                                                 - moderately_sensitive
  output/an_interaction_cox_models_covidadmission_kids_cat4_male_MAINFULLYADJMODEL_agespline_bmicat_noeth_ageband_0MAIN.ster  - moderately_sensitive
  output/an_interaction_cox_models_covidadmission_kids_cat4_male_MAINFULLYADJMODEL_agespline_bmicat_noeth_ageband_1MAIN.ster  - moderately_sensitive