2021-07-20T15:58:42.227357200Z 
2021-07-20T15:58:42.227424500Z   ___  ____  ____  ____  ____ (R)
2021-07-20T15:58:42.227431100Z  /__    /   ____/   /   ____/
2021-07-20T15:58:42.227435500Z ___/   /   /___/   /   /___/   16.1   Copyright 1985-2019 StataCorp LLC
2021-07-20T15:58:42.227439600Z   Statistics/Data Analysis            StataCorp
2021-07-20T15:58:42.227443600Z                                       4905 Lakeway Drive
2021-07-20T15:58:42.227447500Z                                       College Station, Texas 77845 USA
2021-07-20T15:58:42.227451800Z                                       800-STATA-PC        http://www.stata.com
2021-07-20T15:58:42.227455700Z                                       979-696-4600        stata@stata.com
2021-07-20T15:58:42.227459900Z                                       979-696-4601 (fax)
2021-07-20T15:58:42.227464100Z 
2021-07-20T15:58:42.227468500Z 3-user Stata network license expires 11 May 2022:
2021-07-20T15:58:42.227472300Z        Serial number:  501709312237
2021-07-20T15:58:42.227476000Z          Licensed to:  The Bennett Institute
2021-07-20T15:58:42.227479700Z                        Oxford University
2021-07-20T15:58:42.228311600Z 
2021-07-20T15:58:42.228326600Z Notes:
2021-07-20T15:58:42.228332100Z       1.  Unicode is supported; see help unicode_advice.
2021-07-20T15:58:42.228335000Z 
2021-07-20T15:58:42.228337400Z . do "analysis/10_an_interaction_cox_models_shield.wrapper.do" covid_death W2 
2021-07-20T15:58:42.228340200Z 
2021-07-20T15:58:42.228342400Z . . do "analysis/10_an_interaction_cox_models_shield.do" covid_death W2
2021-07-20T15:58:42.228344900Z 
2021-07-20T15:58:42.228347100Z . *****************************************************************************
2021-07-20T15:58:42.228349700Z > ***
2021-07-20T15:58:42.228352200Z . *
2021-07-20T15:58:42.228354600Z . *       Do-file:                10_an_interaction_cox_models_shield.do
2021-07-20T15:58:42.228356900Z . *
2021-07-20T15:58:42.228359500Z . *       Project:                Exposure children and COVID risk
2021-07-20T15:58:42.228362000Z . *
2021-07-20T15:58:42.228364400Z . *       Programmed by:  Hforbes, based on files from Fizz & Krishnan
2021-07-20T15:58:42.228366900Z . *
2021-07-20T15:58:42.228369100Z . *       Data used:              analysis_dataset.dta
2021-07-20T15:58:42.228371300Z . *
2021-07-20T15:58:42.228373500Z . *       Data created:   None
2021-07-20T15:58:42.228375700Z . *
2021-07-20T15:58:42.228378900Z . *       Other output:   Log file:  10_an_interaction_cox_models.log
2021-07-20T15:58:42.228382800Z . *
2021-07-20T15:58:42.228386500Z . *****************************************************************************
2021-07-20T15:58:42.228401200Z > ***
2021-07-20T15:58:42.228417100Z . *
2021-07-20T15:58:42.228422200Z . *       Purpose:                This do-file performs multivariable (fully ad
2021-07-20T15:58:42.228426400Z > justed) 
2021-07-20T15:58:42.228430600Z . *                                       Cox models, with an interaction by sh
2021-07-20T15:58:42.228434800Z > ielding status.
2021-07-20T15:58:42.228438900Z . *  
2021-07-20T15:58:42.228442900Z . *****************************************************************************
2021-07-20T15:58:42.228447100Z > ***
2021-07-20T15:58:42.228449300Z . *       
2021-07-20T15:58:42.228451500Z . *       Stata routines needed:  stbrier   
2021-07-20T15:58:42.228453800Z . *
2021-07-20T15:58:42.228456200Z . *****************************************************************************
2021-07-20T15:58:42.228459200Z > ***
2021-07-20T15:58:42.228462900Z . 
2021-07-20T15:58:42.228466600Z . 
2021-07-20T15:58:42.228470200Z . * Set globals that will print in programs and direct output
2021-07-20T15:58:42.228474000Z . global outdir     "output" 
2021-07-20T15:58:42.228477600Z 
2021-07-20T15:58:42.228481100Z . global logdir     "log"
2021-07-20T15:58:42.228485200Z 
2021-07-20T15:58:42.228489000Z . global tempdir    "tempdata"
2021-07-20T15:58:42.228493200Z 
2021-07-20T15:58:42.228502400Z . global demogadjlist  age1 age2 age3 i.male i.ethnicity  i.obese4cat i.smoke_n
2021-07-20T15:58:42.228507100Z > omiss i.imd i.tot_adults_hh
2021-07-20T15:58:42.228511100Z 
2021-07-20T15:58:42.228514900Z . global comordidadjlist  i.htdiag_or_highbp                              ///
2021-07-20T15:58:42.228518900Z >                         i.chronic_respiratory_disease   ///
2021-07-20T15:58:42.228524700Z >                         i.asthma                                             
2021-07-20T15:58:42.228529000Z >    ///
2021-07-20T15:58:42.228531600Z >                         i.chronic_cardiac_disease               ///
2021-07-20T15:58:42.228534200Z >                         i.diabcat                                            
2021-07-20T15:58:42.228536600Z >    ///
2021-07-20T15:58:42.228538800Z >                         i.cancer_exhaem_cat                             ///
2021-07-20T15:58:42.228541200Z >                         i.cancer_haem_cat                               ///
2021-07-20T15:58:42.228543500Z >                         i.chronic_liver_disease                 ///
2021-07-20T15:58:42.228546000Z >                         i.stroke_dementia                               ///
2021-07-20T15:58:42.228548500Z >                         i.other_neuro                                   ///
2021-07-20T15:58:42.228558300Z >                         i.reduced_kidney_function_cat   ///
2021-07-20T15:58:42.228562700Z >                         i.esrd                                               
2021-07-20T15:58:42.228566600Z >    ///
2021-07-20T15:58:42.228570000Z >                         i.other_transplant                              ///
2021-07-20T15:58:42.228573900Z >                         i.asplenia                                           
2021-07-20T15:58:42.228577900Z >    ///
2021-07-20T15:58:42.228581900Z >                         i.ra_sle_psoriasis                      ///
2021-07-20T15:58:42.228586200Z >                         i.other_immuno          
2021-07-20T15:58:42.228591400Z 
2021-07-20T15:58:42.228595500Z .                         
2021-07-20T15:58:42.228599200Z . local outcome `1' 
2021-07-20T15:58:42.228603200Z 
2021-07-20T15:58:42.228607000Z . local dataset `2'
2021-07-20T15:58:42.228611000Z 
2021-07-20T15:58:42.228615100Z .  
2021-07-20T15:58:42.228619100Z . 
2021-07-20T15:58:42.228623000Z . cap log close
2021-07-20T15:58:42.228625900Z 
2021-07-20T15:58:42.228628500Z . log using "$logdir/10_an_interaction_cox_models_shield_`outcome'`dataset'", t
2021-07-20T15:58:42.228632300Z > ext replace
2021-07-20T15:58:42.228770300Z (note: file /workspace/log/10_an_interaction_cox_models_shield_covid_deathW2.lo
2021-07-20T15:58:42.228782600Z > g not found)
2021-07-20T15:58:42.228787500Z -------------------------------------------------------------------------------
2021-07-20T15:58:42.228791900Z       name:  <unnamed>
2021-07-20T15:58:42.228827600Z        log:  /workspace/log/10_an_interaction_cox_models_shield_covid_deathW2.l
2021-07-20T15:58:42.228834900Z > og
2021-07-20T15:58:42.228840400Z   log type:  text
2021-07-20T15:58:42.228844200Z  opened on:  20 Jul 2021, 15:58:42
2021-07-20T15:58:42.228847900Z 
2021-07-20T15:58:42.228854200Z . 
2021-07-20T15:58:42.228857800Z . 
2021-07-20T15:58:42.228861200Z . *****************************************************************************
2021-07-20T15:58:42.228864500Z > *******
2021-07-20T15:58:42.228876200Z . *First clean up all old saved estimates for this outcome
2021-07-20T15:58:42.228886700Z . *This is to guard against accidentally displaying left-behind results from ol
2021-07-20T15:58:42.228891800Z > d runs
2021-07-20T15:58:42.228895700Z . *****************************************************************************
2021-07-20T15:58:42.228899100Z > *******
2021-07-20T15:58:42.228902900Z . cap erase "$outdir/output/an_interaction_cox_models_`outcome'_`exposure_type'
2021-07-20T15:58:42.228923700Z > _shield_MAINFULLYADJMODEL_agespline_bmicat_noeth_ageband_0.ster"
2021-07-20T15:58:42.228928300Z 
2021-07-20T15:58:42.228964300Z . cap erase "$outdir/output/an_interaction_cox_models_`outcome'_`exposure_type'
2021-07-20T15:58:42.228975200Z > _shield_MAINFULLYADJMODEL_agespline_bmicat_noeth_ageband_1.ster"
2021-07-20T15:58:42.228978400Z 
2021-07-20T15:58:42.228980700Z . 
2021-07-20T15:58:42.228983300Z . 
2021-07-20T15:58:42.228986700Z . 
2021-07-20T15:58:42.228990700Z . 
2021-07-20T15:58:42.229084200Z . *PROG TO DEFINE THE BASIC COX MODEL WITH OPTIONS FOR HANDLING OF AGE, BMI, ET
2021-07-20T15:58:42.229100600Z > HNICITY:
2021-07-20T15:58:42.229106900Z . cap prog drop basemodel
2021-07-20T15:58:42.229111400Z 
2021-07-20T15:58:42.229115400Z . prog define basemodel
2021-07-20T15:58:42.229120800Z   1.         syntax , exposure(string)  age(string) [ethnicity(real 0) interact
2021-07-20T15:58:42.229125400Z > ion(string)] 
2021-07-20T15:58:42.229129600Z   2.         if `ethnicity'==1 local ethnicity "i.ethnicity"
2021-07-20T15:58:42.229134100Z   3.         else local ethnicity
2021-07-20T15:58:42.229314800Z   4. timer clear
2021-07-20T15:58:42.229328800Z   5. timer on 1
2021-07-20T15:58:42.229334900Z   6. stcox   `exposure'                                                        
2021-07-20T15:58:42.229339200Z >       ///
2021-07-20T15:58:42.229343100Z >                         $demogadjlist                                        
2021-07-20T15:58:42.229346900Z >            ///
2021-07-20T15:58:42.229350400Z >                         $comordidadjlist                                     
2021-07-20T15:58:42.229354600Z >            ///
2021-07-20T15:58:42.229358700Z >                         `interaction'                                        
2021-07-20T15:58:42.229363000Z >            ///
2021-07-20T15:58:42.229366800Z >                         , strata(stp) vce(cluster household_id)
2021-07-20T15:58:42.229371100Z   7.         timer off 1
2021-07-20T15:58:42.229375300Z   8. timer list
2021-07-20T15:58:42.229379500Z   9. end
2021-07-20T15:58:42.229383500Z 
2021-07-20T15:58:42.229388300Z . *****************************************************************************
2021-07-20T15:58:42.229392300Z > ********
2021-07-20T15:58:42.229396200Z . 
2021-07-20T15:58:42.229399900Z . * Open dataset and fit specified model(s)
2021-07-20T15:58:42.229406300Z . forvalues x=0/1 {
2021-07-20T15:58:42.229410300Z   2. 
2021-07-20T15:58:42.229484100Z . use "$tempdir/cr_create_analysis_dataset_STSET_`outcome'_ageband_`x'`dataset'
2021-07-20T15:58:42.229532000Z > .dta", clear
2021-07-20T15:58:42.229537800Z   3.         
2021-07-20T15:58:42.229542100Z . 
2021-07-20T15:58:42.229545900Z . 
2021-07-20T15:58:42.229549900Z . foreach int_type in shield {
2021-07-20T15:58:42.229553800Z   4. 
2021-07-20T15:58:42.229557500Z . *Age interaction for 3-level exposure vars
2021-07-20T15:58:42.229561100Z . foreach exposure_type in kids_cat4  {
2021-07-20T15:58:42.229564800Z   5. 
2021-07-20T15:58:42.229568700Z . *Age spline model (not adj ethnicity, no interaction)
2021-07-20T15:58:42.229574500Z . basemodel, exposure("i.`exposure_type'") age("age1 age2 age3")  
2021-07-20T15:58:42.229668200Z   6. 
2021-07-20T15:58:42.229679700Z . *Age spline model (not adj ethnicity, interaction)
2021-07-20T15:58:42.229684800Z . basemodel, exposure("i.`exposure_type'") age("age1 age2 age3")  ///
2021-07-20T15:58:42.229697900Z > interaction(1.`int_type'#1.`exposure_type' 1.`int_type'#2.`exposure_type' 1.`
2021-07-20T15:58:42.229703300Z > int_type'#3.`exposure_type')
2021-07-20T15:58:42.229708200Z   7. if _rc==0{
2021-07-20T15:58:42.229712500Z   8. testparm 1.`int_type'#i.`exposure_type'
2021-07-20T15:58:42.229716200Z   9. di _n "`exposure_type' " _n "****************"
2021-07-20T15:58:42.229721200Z  10. lincom 1.`exposure_type' + 1.`int_type'#1.`exposure_type', eform
2021-07-20T15:58:42.229725300Z  11. di "`exposure_type'" _n "****************"
2021-07-20T15:58:42.229729500Z  12. lincom 2.`exposure_type' + 1.`int_type'#2.`exposure_type', eform
2021-07-20T15:58:42.229733300Z  13. di "`exposure_type'" _n "****************"
2021-07-20T15:58:42.229737600Z  14. lincom 3.`exposure_type' + 1.`int_type'#3.`exposure_type', eform
2021-07-20T15:58:42.229852500Z  15. estimates save "$outdir/an_interaction_cox_models_`outcome'_`exposure_type
2021-07-20T15:58:42.229862700Z > '_`int_type'_MAINFULLYADJMODEL_agespline_bmicat_noeth_ageband_`x'`dataset'", 
2021-07-20T15:58:42.229865600Z > replace
2021-07-20T15:58:42.229868300Z  16. }
2021-07-20T15:58:42.229870600Z  17. else di "WARNING GROUP MODEL DID NOT FIT (OUTCOME `outcome')"
2021-07-20T15:58:42.229873100Z  18. 
2021-07-20T15:58:42.229875700Z . }
2021-07-20T15:58:42.229879100Z  19. 
2021-07-20T15:58:42.229882900Z . }
2021-07-20T15:58:42.229886800Z  20. }
2021-07-20T15:58:42.248591000Z 
2021-07-20T15:58:42.248613500Z          failure _d:  covid_death
2021-07-20T15:58:42.248619200Z    analysis time _t:  (stime_covid_death-origin)
2021-07-20T15:58:42.248623600Z              origin:  time enter_date
2021-07-20T15:58:42.248640200Z   enter on or after:  time enter_date
2021-07-20T15:58:42.248646400Z                  id:  patient_id
2021-07-20T15:58:42.850515800Z 
2021-07-20T15:58:42.850539300Z Iteration 0:   log pseudolikelihood = -18813.465
2021-07-20T15:58:43.050838100Z Iteration 1:   log pseudolikelihood = -18794.766
2021-07-20T15:58:43.268268900Z Iteration 2:   log pseudolikelihood = -18794.717
2021-07-20T15:58:43.439079500Z Iteration 3:   log pseudolikelihood = -18794.717
2021-07-20T15:58:43.439108400Z Refining estimates:
2021-07-20T15:58:44.194635200Z Iteration 0:   log pseudolikelihood = -18794.717
2021-07-20T15:58:51.235439600Z 
2021-07-20T15:58:51.235462000Z Stratified Cox regr. -- Breslow method for ties
2021-07-20T15:58:51.235722600Z 
2021-07-20T15:58:51.235733700Z No. of subjects      =       16,235             Number of obs    =      16,235
2021-07-20T15:58:51.235739800Z No. of failures      =        2,597
2021-07-20T15:58:51.235816300Z Time at risk         =      1520863
2021-07-20T15:58:51.235962700Z                                                 Wald chi2(42)    =       38.12
2021-07-20T15:58:51.235983000Z Log pseudolikelihood =   -18794.717             Prob > chi2      =      0.6420
2021-07-20T15:58:51.236091700Z 
2021-07-20T15:58:51.422684300Z                        (Std. Err. adjusted for 1,121 clusters in household_id)
2021-07-20T15:58:51.422713800Z ------------------------------------------------------------------------------
2021-07-20T15:58:51.422719900Z              |               Robust
2021-07-20T15:58:51.422724800Z           _t | Haz. Ratio   Std. Err.      z    P>|z|     [95% Conf. Interval]
2021-07-20T15:58:51.422729700Z -------------+----------------------------------------------------------------
2021-07-20T15:58:51.422734600Z    kids_cat4 |
2021-07-20T15:58:51.434519800Z only <12 ..  |   1.208406     .17687     1.29   0.196      .907038    1.609905
2021-07-20T15:58:51.434776700Z  only 12-18  |   1.087797   .2127832     0.43   0.667      .741387    1.596066
2021-07-20T15:58:51.435033500Z       mixed  |   1.185563   .1653827     1.22   0.222     .9019536    1.558349
2021-07-20T15:58:51.435046700Z              |
2021-07-20T15:58:51.435333900Z         age1 |   1.006278   .0074807     0.84   0.400      .991722    1.021047
2021-07-20T15:58:51.435578900Z         age2 |   .9850689   .0224742    -0.66   0.510     .9419906    1.030117
2021-07-20T15:58:51.435862600Z         age3 |   1.035915   .0658342     0.56   0.579     .9145945    1.173328
2021-07-20T15:58:51.436141000Z       1.male |   1.000086   .0398295     0.00   0.998     .9249906    1.081278
2021-07-20T15:58:51.436152800Z              |
2021-07-20T15:58:51.436156300Z    ethnicity |
2021-07-20T15:58:51.436473300Z Asian or ..  |   .9176188    .064132    -1.23   0.219     .8001515    1.052331
2021-07-20T15:58:51.436965400Z       Other  |   1.029018   .0689925     0.43   0.670     .9023031    1.173528
2021-07-20T15:58:51.436979400Z              |
2021-07-20T15:58:51.436985300Z    obese4cat |
2021-07-20T15:58:51.437230000Z Obese I ..)  |   .9806459   .0564601    -0.34   0.734     .8760013    1.097791
2021-07-20T15:58:51.437507900Z Obese II..)  |    .966026   .0728062    -0.46   0.647     .8333675    1.119801
2021-07-20T15:58:51.437842600Z Obese II..)  |   .9727225   .0811783    -0.33   0.740     .8259469    1.145581
2021-07-20T15:58:51.437856800Z              |
2021-07-20T15:58:51.437861600Z smoke_nomiss |
2021-07-20T15:58:51.438437000Z      Former  |   .9356684    .134579    -0.46   0.644     .7058167    1.240372
2021-07-20T15:58:51.438838300Z     Current  |   .9200733   .0554918    -1.38   0.167     .8174937    1.035525
2021-07-20T15:58:51.438852400Z              |
2021-07-20T15:58:51.438856200Z          imd |
2021-07-20T15:58:51.439084500Z           4  |   .9057579   .0448103    -2.00   0.045      .822055    .9979836
2021-07-20T15:58:51.439404700Z 5 most de..  |   .9679324   .0635351    -0.50   0.620     .8510835    1.100824
2021-07-20T15:58:51.439419200Z              |
2021-07-20T15:58:51.439424800Z tot_adults~h |
2021-07-20T15:58:51.439682600Z           2  |   .9263499   .2892866    -0.24   0.806     .5022921    1.708417
2021-07-20T15:58:51.439916100Z           3  |   .7210162   .1733052    -1.36   0.174     .4501406    1.154893
2021-07-20T15:58:51.439926700Z              |
2021-07-20T15:58:51.440286900Z 1.htdiag_o~p |    .951075    .068615    -0.70   0.487     .8256673     1.09553
2021-07-20T15:58:51.440619200Z 1.~y_disease |   .9051665   .0455971    -1.98   0.048      .820068    .9990957
2021-07-20T15:58:51.440968200Z     1.asthma |   1.017106   .0736727     0.23   0.815     .8824915    1.172254
2021-07-20T15:58:51.441353000Z 1.~c_disease |   .9666791    .047549    -0.69   0.491      .877836    1.064514
2021-07-20T15:58:51.441366000Z              |
2021-07-20T15:58:51.441371500Z      diabcat |
2021-07-20T15:58:51.441669300Z T1DM, con..  |   1.164995   .1382464     1.29   0.198     .9232398    1.470055
2021-07-20T15:58:51.441950900Z T1DM, unc..  |   .9261004   .2385686    -0.30   0.766      .558964    1.534378
2021-07-20T15:58:51.442262800Z T2DM, con..  |   .8955057   .0481097    -2.05   0.040      .806007    .9949423
2021-07-20T15:58:51.442515600Z T2DM, unc..  |   1.187537   .1210152     1.69   0.092     .9725362    1.450067
2021-07-20T15:58:51.442834400Z Diabetes,..  |   1.441724   1.108267     0.48   0.634     .3195621    6.504426
2021-07-20T15:58:51.442848400Z              |
2021-07-20T15:58:51.442853900Z cancer_exh~t |
2021-07-20T15:58:51.443196900Z   Last year  |   .9385451   .3093578    -0.19   0.847     .4919115    1.790702
2021-07-20T15:58:51.443426300Z 2-5 years..  |   .8734648   .1453881    -0.81   0.416     .6303228    1.210397
2021-07-20T15:58:51.443765300Z    5+ years  |   1.025188   .0527216     0.48   0.629     .9268929    1.133908
2021-07-20T15:58:51.443776000Z              |
2021-07-20T15:58:51.443779200Z cancer_hae~t |
2021-07-20T15:58:51.444066300Z   Last year  |   .9961896   .3121656    -0.01   0.990     .5390261    1.841087
2021-07-20T15:58:51.444313800Z 2-5 years..  |   1.162466   .1664862     1.05   0.293     .8779562    1.539174
2021-07-20T15:58:51.444689300Z    5+ years  |   .9936716   .0501896    -0.13   0.900     .9000142    1.097075
2021-07-20T15:58:51.444703300Z              |
2021-07-20T15:58:51.445015100Z 1.~r_disease |   1.054146    .051318     1.08   0.279     .9582134    1.159682
2021-07-20T15:58:51.445309700Z 1.stroke_d~a |   .9649834   .0478888    -0.72   0.473     .8755433     1.06356
2021-07-20T15:58:51.445694800Z 1.other_ne~o |   .9818359   .0515211    -0.35   0.727     .8858755    1.088191
2021-07-20T15:58:51.445707100Z              |
2021-07-20T15:58:51.445710400Z reduced_ki~t |
2021-07-20T15:58:51.446105800Z Stage 3a/..  |   1.151843   .3440989     0.47   0.636     .6413684    2.068613
2021-07-20T15:58:51.446417100Z       1.esrd |   .9324771   .0387476    -1.68   0.092     .8595434    1.011599
2021-07-20T15:58:51.446797600Z 1.other_tr~t |    1.00915   .0485763     0.19   0.850      .918295    1.108993
2021-07-20T15:58:51.447164700Z   1.asplenia |   .9921198   .0486119    -0.16   0.872     .9012742    1.092122
2021-07-20T15:58:51.447502000Z 1.ra_sle_p~s |   1.051632   .0526034     1.01   0.314      .953424    1.159956
2021-07-20T15:58:51.459456900Z 1.other_im~o |     1.0656   .0433341     1.56   0.118     .9839631    1.154009
2021-07-20T15:58:51.459480200Z ------------------------------------------------------------------------------
2021-07-20T15:58:51.459835000Z                                                              Stratified by stp
2021-07-20T15:58:51.464506000Z    1:      9.23 /        1 =       9.2280
2021-07-20T15:58:51.476170200Z 
2021-07-20T15:58:51.476192400Z          failure _d:  covid_death
2021-07-20T15:58:51.476198300Z    analysis time _t:  (stime_covid_death-origin)
2021-07-20T15:58:51.476203100Z              origin:  time enter_date
2021-07-20T15:58:51.476207600Z   enter on or after:  time enter_date
2021-07-20T15:58:51.476212000Z                  id:  patient_id
2021-07-20T15:58:52.140148400Z 
2021-07-20T15:58:52.140174400Z Iteration 0:   log pseudolikelihood = -18813.465
2021-07-20T15:58:52.370085600Z Iteration 1:   log pseudolikelihood = -18791.783
2021-07-20T15:58:52.582693400Z Iteration 2:   log pseudolikelihood = -18791.644
2021-07-20T15:58:52.841114800Z Iteration 3:   log pseudolikelihood = -18791.643
2021-07-20T15:58:53.058509100Z Iteration 4:   log pseudolikelihood = -18791.643
2021-07-20T15:58:53.058537800Z Refining estimates:
2021-07-20T15:58:53.892778500Z Iteration 0:   log pseudolikelihood = -18791.643
2021-07-20T15:59:01.315720400Z 
2021-07-20T15:59:01.315762200Z Stratified Cox regr. -- Breslow method for ties
2021-07-20T15:59:01.315770000Z 
2021-07-20T15:59:01.315774600Z No. of subjects      =       16,235             Number of obs    =      16,235
2021-07-20T15:59:01.315835600Z No. of failures      =        2,597
2021-07-20T15:59:01.315853300Z Time at risk         =      1520863
2021-07-20T15:59:01.316000000Z                                                 Wald chi2(45)    =       43.53
2021-07-20T15:59:01.316012300Z Log pseudolikelihood =   -18791.643             Prob > chi2      =      0.5345
2021-07-20T15:59:01.316018600Z 
2021-07-20T15:59:01.333664100Z                        (Std. Err. adjusted for 1,121 clusters in household_id)
2021-07-20T15:59:01.333690700Z ------------------------------------------------------------------------------
2021-07-20T15:59:01.333697900Z              |               Robust
2021-07-20T15:59:01.333704400Z           _t | Haz. Ratio   Std. Err.      z    P>|z|     [95% Conf. Interval]
2021-07-20T15:59:01.333710200Z -------------+----------------------------------------------------------------
2021-07-20T15:59:01.333715400Z    kids_cat4 |
2021-07-20T15:59:01.333904000Z only <12 ..  |   .8804194   .1953683    -0.57   0.566     .5699081    1.360111
2021-07-20T15:59:01.334261500Z  only 12-18  |   .5277707   .2980883    -1.13   0.258     .1744541    1.596649
2021-07-20T15:59:01.334541900Z       mixed  |    1.15101   .1778071     0.91   0.363     .8503271    1.558016
2021-07-20T15:59:01.334557500Z              |
2021-07-20T15:59:01.334850800Z         age1 |   1.006113   .0074893     0.82   0.413     .9915412      1.0209
2021-07-20T15:59:01.335148400Z         age2 |    .985628   .0225175    -0.63   0.526     .9424679    1.030765
2021-07-20T15:59:01.335539100Z         age3 |   1.034116   .0658126     0.53   0.598     .9128463    1.171497
2021-07-20T15:59:01.335926800Z       1.male |   1.000358   .0397843     0.01   0.993     .9253433    1.081453
2021-07-20T15:59:01.335941000Z              |
2021-07-20T15:59:01.335947100Z    ethnicity |
2021-07-20T15:59:01.336325300Z Asian or ..  |   .9175995   .0640752    -1.23   0.218     .8002293    1.052184
2021-07-20T15:59:01.336770400Z       Other  |   1.029491   .0690261     0.43   0.665     .9027152    1.174072
2021-07-20T15:59:01.336783600Z              |
2021-07-20T15:59:01.336788800Z    obese4cat |
2021-07-20T15:59:01.337101200Z Obese I ..)  |   .9802896   .0565147    -0.35   0.730     .8755517    1.097557
2021-07-20T15:59:01.337445400Z Obese II..)  |   .9668711   .0728028    -0.45   0.655       .83421    1.120629
2021-07-20T15:59:01.337836000Z Obese II..)  |   .9729594   .0811654    -0.33   0.742     .8262025    1.145784
2021-07-20T15:59:01.337864400Z              |
2021-07-20T15:59:01.337870200Z smoke_nomiss |
2021-07-20T15:59:01.338190100Z      Former  |    .933298    .134299    -0.48   0.631     .7039385    1.237388
2021-07-20T15:59:01.338558500Z     Current  |   .9178663   .0553501    -1.42   0.155     .8155478    1.033022
2021-07-20T15:59:01.338572200Z              |
2021-07-20T15:59:01.338577700Z          imd |
2021-07-20T15:59:01.338947500Z           4  |   .9042966   .0447217    -2.03   0.042     .8207577    .9963382
2021-07-20T15:59:01.339472500Z 5 most de..  |   .9660459   .0633791    -0.53   0.599     .8494802    1.098607
2021-07-20T15:59:01.339487900Z              |
2021-07-20T15:59:01.339605300Z tot_adults~h |
2021-07-20T15:59:01.340434500Z           2  |   .9251216   .2891826    -0.25   0.803      .501329    1.707163
2021-07-20T15:59:01.341002300Z           3  |   .7188334   .1725242    -1.38   0.169     .4490916    1.150593
2021-07-20T15:59:01.341147000Z              |
2021-07-20T15:59:01.341634900Z 1.htdiag_o~p |   .9489584   .0684528    -0.73   0.468      .823846    1.093071
2021-07-20T15:59:01.342989500Z 1.~y_disease |   .8926226    .046397    -2.19   0.029     .8061648    .9883525
2021-07-20T15:59:01.343950600Z     1.asthma |   1.005855   .0733147     0.08   0.936     .8719531     1.16032
2021-07-20T15:59:01.346159800Z 1.~c_disease |   .9657008   .0475232    -0.71   0.478      .876908    1.063484
2021-07-20T15:59:01.346197000Z              |
2021-07-20T15:59:01.346204800Z      diabcat |
2021-07-20T15:59:01.346617000Z T1DM, con..  |   1.168977   .1387871     1.32   0.188     .9262901    1.475249
2021-07-20T15:59:01.347162000Z T1DM, unc..  |   .9269164   .2386775    -0.29   0.768     .5595763    1.535401
2021-07-20T15:59:01.347523700Z T2DM, con..  |   .8964078    .048176    -2.03   0.042     .8067876    .9959833
2021-07-20T15:59:01.347861900Z T2DM, unc..  |   1.184855   .1208981     1.66   0.096       .97009    1.447167
2021-07-20T15:59:01.348385000Z Diabetes,..  |   1.444082   1.109903     0.48   0.633     .3201616    6.513498
2021-07-20T15:59:01.348662900Z              |
2021-07-20T15:59:01.348676600Z cancer_exh~t |
2021-07-20T15:59:01.349144100Z   Last year  |   .9278714   .3054537    -0.23   0.820     .4867138    1.768894
2021-07-20T15:59:01.349492600Z 2-5 years..  |   .8600175   .1437693    -0.90   0.367     .6197432    1.193446
2021-07-20T15:59:01.349906600Z    5+ years  |   1.010859   .0538903     0.20   0.839     .9105669    1.122198
2021-07-20T15:59:01.349920500Z              |
2021-07-20T15:59:01.349925800Z cancer_hae~t |
2021-07-20T15:59:01.350306100Z   Last year  |   .9833775   .3088832    -0.05   0.957     .5313175    1.820063
2021-07-20T15:59:01.350604000Z 2-5 years..  |   1.147915   .1649267     0.96   0.337     .8661903     1.52127
2021-07-20T15:59:01.351055900Z    5+ years  |   .9804358   .0513268    -0.38   0.706     .8848261    1.086377
2021-07-20T15:59:01.351082300Z              |
2021-07-20T15:59:01.351652700Z 1.~r_disease |   1.054629   .0513429     1.09   0.275     .9586503    1.160216
2021-07-20T15:59:01.352121800Z 1.stroke_d~a |   .9647004   .0478834    -0.72   0.469     .8752712    1.063267
2021-07-20T15:59:01.352455300Z 1.other_ne~o |   .9821612    .051535    -0.34   0.732     .8861747    1.088545
2021-07-20T15:59:01.352470500Z              |
2021-07-20T15:59:01.352476700Z reduced_ki~t |
2021-07-20T15:59:01.353135500Z Stage 3a/..  |   1.160259   .3452421     0.50   0.617     .6475518    2.078907
2021-07-20T15:59:01.353504800Z       1.esrd |   .9165065   .0413311    -1.93   0.053     .8389758    1.001202
2021-07-20T15:59:01.353943000Z 1.other_tr~t |   .9955197   .0496045    -0.09   0.928     .9028933    1.097649
2021-07-20T15:59:01.354371300Z   1.asplenia |   .9792199   .0493484    -0.42   0.677     .8871222    1.080879
2021-07-20T15:59:01.354752100Z 1.ra_sle_p~s |   1.051827   .0526218     1.01   0.312     .9535856     1.16019
2021-07-20T15:59:01.355089800Z 1.other_im~o |   1.048866   .0444543     1.13   0.260     .9652577    1.139716
2021-07-20T15:59:01.355102700Z              |
2021-07-20T15:59:01.355108200Z       shield#|
2021-07-20T15:59:01.355112600Z    kids_cat4 |
2021-07-20T15:59:01.355117100Z           1 #|
2021-07-20T15:59:01.355616600Z only <12 ..  |   1.436908   .2645946     1.97   0.049     1.001584    2.061439
2021-07-20T15:59:01.355656000Z           1 #|
2021-07-20T15:59:01.356097100Z  only 12-18  |   2.239119   1.248233     1.45   0.148     .7508642     6.67718
2021-07-20T15:59:01.357945100Z     1#mixed  |   1.036071    .083414     0.44   0.660     .8848295    1.213165
2021-07-20T15:59:01.357968100Z ------------------------------------------------------------------------------
2021-07-20T15:59:01.358477300Z                                                              Stratified by stp
2021-07-20T15:59:01.360252200Z    1:      9.90 /        1 =       9.8980
2021-07-20T15:59:01.363561600Z 
2021-07-20T15:59:01.363583800Z  ( 1)  1.shield#1.kids_cat4 = 0
2021-07-20T15:59:01.363589200Z  ( 2)  1.shield#2.kids_cat4 = 0
2021-07-20T15:59:01.363593600Z  ( 3)  1.shield#3.kids_cat4 = 0
2021-07-20T15:59:01.363597800Z 
2021-07-20T15:59:01.363602000Z            chi2(  3) =    5.85
2021-07-20T15:59:01.363753000Z          Prob > chi2 =    0.1192
2021-07-20T15:59:01.363765600Z 
2021-07-20T15:59:01.363770900Z kids_cat4 
2021-07-20T15:59:01.363775500Z ****************
2021-07-20T15:59:01.367248000Z 
2021-07-20T15:59:01.367267600Z  ( 1)  1.kids_cat4 + 1.shield#1.kids_cat4 = 0
2021-07-20T15:59:01.367452300Z 
2021-07-20T15:59:01.378062200Z ------------------------------------------------------------------------------
2021-07-20T15:59:01.378105400Z           _t |     exp(b)   Std. Err.      z    P>|z|     [95% Conf. Interval]
2021-07-20T15:59:01.378113100Z -------------+----------------------------------------------------------------
2021-07-20T15:59:01.378799100Z          (1) |   1.265082   .1868527     1.59   0.111     .9471003    1.689823
2021-07-20T15:59:01.378827000Z ------------------------------------------------------------------------------
2021-07-20T15:59:01.380407300Z kids_cat4
2021-07-20T15:59:01.380427100Z ****************
2021-07-20T15:59:01.383783100Z 
2021-07-20T15:59:01.383803400Z  ( 1)  2.kids_cat4 + 1.shield#2.kids_cat4 = 0
2021-07-20T15:59:01.384109000Z 
2021-07-20T15:59:01.393781200Z ------------------------------------------------------------------------------
2021-07-20T15:59:01.393807100Z           _t |     exp(b)   Std. Err.      z    P>|z|     [95% Conf. Interval]
2021-07-20T15:59:01.393813900Z -------------+----------------------------------------------------------------
2021-07-20T15:59:01.394378300Z          (1) |   1.181742   .2327411     0.85   0.397      .803305    1.738459
2021-07-20T15:59:01.394391800Z ------------------------------------------------------------------------------
2021-07-20T15:59:01.395492700Z kids_cat4
2021-07-20T15:59:01.395511000Z ****************
2021-07-20T15:59:01.398373300Z 
2021-07-20T15:59:01.398391000Z  ( 1)  3.kids_cat4 + 1.shield#3.kids_cat4 = 0
2021-07-20T15:59:01.398501800Z 
2021-07-20T15:59:01.409420500Z ------------------------------------------------------------------------------
2021-07-20T15:59:01.409442200Z           _t |     exp(b)   Std. Err.      z    P>|z|     [95% Conf. Interval]
2021-07-20T15:59:01.409448500Z -------------+----------------------------------------------------------------
2021-07-20T15:59:01.410215000Z          (1) |   1.192528   .1674044     1.25   0.210     .9056887    1.570212
2021-07-20T15:59:01.410229700Z ------------------------------------------------------------------------------
2021-07-20T15:59:01.447807600Z (note: file output/an_interaction_cox_models_covid_death_kids_cat4_shield_MAINF
2021-07-20T15:59:01.447832700Z > ULLYADJMODEL_agespline_bmicat_noeth_ageband_0W2.ster not found)
2021-07-20T15:59:01.447837900Z file output/an_interaction_cox_models_covid_death_kids_cat4_shield_MAINFULLYADJ
2021-07-20T15:59:01.447841400Z > MODEL_agespline_bmicat_noeth_ageband_0W2.ster saved
2021-07-20T15:59:01.457946700Z 
2021-07-20T15:59:01.457972600Z          failure _d:  covid_death
2021-07-20T15:59:01.458007700Z    analysis time _t:  (stime_covid_death-origin)
2021-07-20T15:59:01.458015500Z              origin:  time enter_date
2021-07-20T15:59:01.458020900Z   enter on or after:  time enter_date
2021-07-20T15:59:01.458026400Z                  id:  patient_id
2021-07-20T15:59:01.685860500Z 
2021-07-20T15:59:01.685906600Z Iteration 0:   log pseudolikelihood = -4249.2225
2021-07-20T15:59:01.777351200Z Iteration 1:   log pseudolikelihood = -4231.4601
2021-07-20T15:59:01.897093000Z Iteration 2:   log pseudolikelihood = -4231.1019
2021-07-20T15:59:02.007160100Z Iteration 3:   log pseudolikelihood = -4231.0997
2021-07-20T15:59:02.090197000Z Iteration 4:   log pseudolikelihood = -4231.0997
2021-07-20T15:59:02.090227300Z Refining estimates:
2021-07-20T15:59:02.361518000Z Iteration 0:   log pseudolikelihood = -4231.0997
2021-07-20T15:59:03.583094700Z 
2021-07-20T15:59:03.583121000Z Stratified Cox regr. -- Breslow method for ties
2021-07-20T15:59:03.584073400Z 
2021-07-20T15:59:03.584111900Z No. of subjects      =        4,496             Number of obs    =       4,496
2021-07-20T15:59:03.584119700Z No. of failures      =          713
2021-07-20T15:59:03.584124400Z Time at risk         =       420295
2021-07-20T15:59:03.585794200Z                                                 Wald chi2(42)    =       38.38
2021-07-20T15:59:03.585818800Z Log pseudolikelihood =   -4231.0997             Prob > chi2      =      0.6307
2021-07-20T15:59:03.585826000Z 
2021-07-20T15:59:03.610399300Z                          (Std. Err. adjusted for 912 clusters in household_id)
2021-07-20T15:59:03.610424200Z ------------------------------------------------------------------------------
2021-07-20T15:59:03.610428800Z              |               Robust
2021-07-20T15:59:03.610432200Z           _t | Haz. Ratio   Std. Err.      z    P>|z|     [95% Conf. Interval]
2021-07-20T15:59:03.610435900Z -------------+----------------------------------------------------------------
2021-07-20T15:59:03.610439300Z    kids_cat4 |
2021-07-20T15:59:03.610714700Z only <12 ..  |   .9416353   .2506123    -0.23   0.821     .5589063     1.58645
2021-07-20T15:59:03.611002900Z  only 12-18  |   .7300669   .2883206    -0.80   0.426     .3366689    1.583151
2021-07-20T15:59:03.611317300Z       mixed  |   .9323638   .2303816    -0.28   0.777     .5744583    1.513255
2021-07-20T15:59:03.611334900Z              |
2021-07-20T15:59:03.611642000Z         age1 |   .9775291   .0341575    -0.65   0.515     .9128227    1.046822
2021-07-20T15:59:03.611851700Z         age2 |    1.26334    .233618     1.26   0.206      .879256    1.815203
2021-07-20T15:59:03.612236400Z         age3 |   .6016724   .2199663    -1.39   0.165     .2938787    1.231834
2021-07-20T15:59:03.612544200Z       1.male |   1.081573   .0849619     1.00   0.318     .9272366    1.261599
2021-07-20T15:59:03.612558500Z              |
2021-07-20T15:59:03.612564600Z    ethnicity |
2021-07-20T15:59:03.612795600Z Asian or ..  |   .9383227   .1193518    -0.50   0.617      .731277    1.203989
2021-07-20T15:59:03.613088200Z       Other  |   .9171558   .1244737    -0.64   0.524     .7029436    1.196646
2021-07-20T15:59:03.613099400Z              |
2021-07-20T15:59:03.613102600Z    obese4cat |
2021-07-20T15:59:03.613393000Z Obese I ..)  |   .8341295   .1028211    -1.47   0.141     .6551006    1.062084
2021-07-20T15:59:03.613627800Z Obese II..)  |   .9476804   .1222339    -0.42   0.677     .7359903    1.220258
2021-07-20T15:59:03.614020400Z Obese II..)  |   1.080529   .1612069     0.52   0.604     .8065725    1.447536
2021-07-20T15:59:03.614049900Z              |
2021-07-20T15:59:03.614062000Z smoke_nomiss |
2021-07-20T15:59:03.614460200Z      Former  |    1.05366   .2789342     0.20   0.843     .6271373    1.770264
2021-07-20T15:59:03.614833400Z     Current  |   .9579283   .1108366    -0.37   0.710     .7635634    1.201769
2021-07-20T15:59:03.614849400Z              |
2021-07-20T15:59:03.614855700Z          imd |
2021-07-20T15:59:03.615231900Z           4  |    1.16821     .10691     1.70   0.089     .9763876    1.397718
2021-07-20T15:59:03.615576000Z 5 most de..  |   1.036146   .1374594     0.27   0.789     .7989088    1.343832
2021-07-20T15:59:03.615591100Z              |
2021-07-20T15:59:03.615597200Z tot_adults~h |
2021-07-20T15:59:03.615945600Z           2  |   1.086739   .5565756     0.16   0.871     .3982731    2.965308
2021-07-20T15:59:03.616402500Z           3  |   .6277053   .2648355    -1.10   0.270     .2745522    1.435115
2021-07-20T15:59:03.616420700Z              |
2021-07-20T15:59:03.617078600Z 1.htdiag_o~p |    .975899   .1354244    -0.18   0.860     .7435063    1.280929
2021-07-20T15:59:03.617387100Z 1.~y_disease |   1.157334   .1059029     1.60   0.110     .9673172    1.384678
2021-07-20T15:59:03.617844400Z     1.asthma |   1.194999   .1521658     1.40   0.162     .9310638    1.533754
2021-07-20T15:59:03.618358000Z 1.~c_disease |   .9580555   .0865757    -0.47   0.635     .8025479    1.143695
2021-07-20T15:59:03.618373900Z              |
2021-07-20T15:59:03.618380400Z      diabcat |
2021-07-20T15:59:03.618715200Z T1DM, con..  |   1.075124   .2600535     0.30   0.765     .6692183    1.727226
2021-07-20T15:59:03.619107600Z T1DM, unc..  |   1.158602   .5188552     0.33   0.742     .4816614    2.786934
2021-07-20T15:59:03.619450800Z T2DM, con..  |   1.014095   .1048327     0.14   0.892     .8281043    1.241858
2021-07-20T15:59:03.619737200Z T2DM, unc..  |   .8295189   .1970046    -0.79   0.431     .5208015    1.321236
2021-07-20T15:59:03.620145500Z Diabetes,..  |    1.56639   1.466433     0.48   0.632     .2500442    9.812576
2021-07-20T15:59:03.620161700Z              |
2021-07-20T15:59:03.620168000Z cancer_exh~t |
2021-07-20T15:59:03.621965200Z   Last year  |   .5483783   .3695285    -0.89   0.373     .1463835    2.054321
2021-07-20T15:59:03.621980100Z 2-5 years..  |   .9006044   .3258899    -0.29   0.772     .4431196    1.830405
2021-07-20T15:59:03.621996800Z    5+ years  |   .9708275   .0962666    -0.30   0.765      .799351    1.179089
2021-07-20T15:59:03.622002000Z              |
2021-07-20T15:59:03.622006400Z cancer_hae~t |
2021-07-20T15:59:03.622010700Z   Last year  |     .70536   .4964415    -0.50   0.620     .1775514    2.802189
2021-07-20T15:59:03.622016200Z 2-5 years..  |   1.116657   .3618118     0.34   0.733     .5917238    2.107271
2021-07-20T15:59:03.622490600Z    5+ years  |   .9629395     .10072    -0.36   0.718      .784452    1.182039
2021-07-20T15:59:03.622506800Z              |
2021-07-20T15:59:03.626040100Z 1.~r_disease |   1.066388   .1020899     0.67   0.502     .8839471    1.286484
2021-07-20T15:59:03.626956200Z 1.stroke_d~a |   1.105503   .1015441     1.09   0.275     .9233664    1.323566
2021-07-20T15:59:03.627618800Z 1.other_ne~o |   1.041909   .0930443     0.46   0.646      .874613    1.241205
2021-07-20T15:59:03.627637400Z              |
2021-07-20T15:59:03.627643900Z reduced_ki~t |
2021-07-20T15:59:03.628340200Z Stage 3a/..  |   1.011877   .2153911     0.06   0.956     .6667122    1.535737
2021-07-20T15:59:03.628875100Z       1.esrd |   .9813696   .0789413    -0.23   0.815     .8382277    1.148955
2021-07-20T15:59:03.629199900Z 1.other_tr~t |   1.043469   .0992026     0.45   0.654     .8660756    1.257197
2021-07-20T15:59:03.629665100Z   1.asplenia |   1.144967   .1006706     1.54   0.124      .963721    1.360299
2021-07-20T15:59:03.630147800Z 1.ra_sle_p~s |   .8961036   .0828371    -1.19   0.235     .7476045      1.0741
2021-07-20T15:59:03.631995500Z 1.other_im~o |    .818325   .0732554    -2.24   0.025     .6866373    .9752686
2021-07-20T15:59:03.632043000Z ------------------------------------------------------------------------------
2021-07-20T15:59:03.632268400Z                                                              Stratified by stp
2021-07-20T15:59:03.636859600Z    1:      2.18 /        1 =       2.1840
2021-07-20T15:59:03.641522600Z 
2021-07-20T15:59:03.641569400Z          failure _d:  covid_death
2021-07-20T15:59:03.641577000Z    analysis time _t:  (stime_covid_death-origin)
2021-07-20T15:59:03.641582200Z              origin:  time enter_date
2021-07-20T15:59:03.641707400Z   enter on or after:  time enter_date
2021-07-20T15:59:03.641722400Z                  id:  patient_id
2021-07-20T15:59:03.822443100Z 
2021-07-20T15:59:03.822463900Z Iteration 0:   log pseudolikelihood = -4249.2225
2021-07-20T15:59:03.895496500Z Iteration 1:   log pseudolikelihood = -4231.4162
2021-07-20T15:59:03.967915000Z Iteration 2:   log pseudolikelihood = -4231.0579
2021-07-20T15:59:04.029533900Z Iteration 3:   log pseudolikelihood = -4231.0557
2021-07-20T15:59:04.100879800Z Iteration 4:   log pseudolikelihood = -4231.0557
2021-07-20T15:59:04.100902800Z Refining estimates:
2021-07-20T15:59:04.324807400Z Iteration 0:   log pseudolikelihood = -4231.0557
2021-07-20T15:59:05.326665300Z 
2021-07-20T15:59:05.326686600Z Stratified Cox regr. -- Breslow method for ties
2021-07-20T15:59:05.326692100Z 
2021-07-20T15:59:05.326696600Z No. of subjects      =        4,496             Number of obs    =       4,496
2021-07-20T15:59:05.326701500Z No. of failures      =          713
2021-07-20T15:59:05.326786200Z Time at risk         =       420295
2021-07-20T15:59:05.330132600Z                                                 Wald chi2(45)    =       38.94
2021-07-20T15:59:05.330152300Z Log pseudolikelihood =   -4231.0557             Prob > chi2      =      0.7253
2021-07-20T15:59:05.330157000Z 
2021-07-20T15:59:05.345139900Z                          (Std. Err. adjusted for 912 clusters in household_id)
2021-07-20T15:59:05.345260400Z ------------------------------------------------------------------------------
2021-07-20T15:59:05.345269700Z              |               Robust
2021-07-20T15:59:05.345299800Z           _t | Haz. Ratio   Std. Err.      z    P>|z|     [95% Conf. Interval]
2021-07-20T15:59:05.345313100Z -------------+----------------------------------------------------------------
2021-07-20T15:59:05.345318800Z    kids_cat4 |
2021-07-20T15:59:05.345538800Z only <12 ..  |   .8678398   .3540644    -0.35   0.728     .3900886    1.930705
2021-07-20T15:59:05.346073500Z  only 12-18  |   .7483157   .5673682    -0.38   0.702     .1693204      3.3072
2021-07-20T15:59:05.346440300Z       mixed  |    .936465   .2564893    -0.24   0.811     .5474634    1.601873
2021-07-20T15:59:05.346458800Z              |
2021-07-20T15:59:05.347209600Z         age1 |    .977317    .034237    -0.65   0.512     .9124656    1.046778
2021-07-20T15:59:05.347438400Z         age2 |   1.264563    .234284     1.27   0.205     .8795073      1.8182
2021-07-20T15:59:05.348302200Z         age3 |   .6005916   .2199561    -1.39   0.164     .2929824    1.231167
2021-07-20T15:59:05.348875200Z       1.male |   1.081776   .0849298     1.00   0.317      .927491    1.261725
2021-07-20T15:59:05.348892000Z              |
2021-07-20T15:59:05.348898100Z    ethnicity |
2021-07-20T15:59:05.349312400Z Asian or ..  |    .938025     .11931    -0.50   0.615     .7310511    1.203597
2021-07-20T15:59:05.349754000Z       Other  |   .9165947   .1246306    -0.64   0.522     .7021636     1.19651
2021-07-20T15:59:05.349766800Z              |
2021-07-20T15:59:05.349772800Z    obese4cat |
2021-07-20T15:59:05.350145100Z Obese I ..)  |   .8345024   .1028913    -1.47   0.142     .6553561     1.06262
2021-07-20T15:59:05.350859300Z Obese II..)  |   .9483365   .1225255    -0.41   0.681     .7361848    1.221625
2021-07-20T15:59:05.350971000Z Obese II..)  |   1.080395   .1612189     0.52   0.604      .806426    1.447441
2021-07-20T15:59:05.351016500Z              |
2021-07-20T15:59:05.351026700Z smoke_nomiss |
2021-07-20T15:59:05.351311600Z      Former  |   1.052975   .2788489     0.19   0.845     .6266184     1.76943
2021-07-20T15:59:05.352164600Z     Current  |    .958427    .110956    -0.37   0.714     .7638647    1.202546
2021-07-20T15:59:05.352179000Z              |
2021-07-20T15:59:05.352185200Z          imd |
2021-07-20T15:59:05.352211700Z           4  |   1.167578   .1067629     1.69   0.090     .9760054    1.396752
2021-07-20T15:59:05.353200200Z 5 most de..  |   1.035251   .1371695     0.26   0.794     .7984772    1.342236
2021-07-20T15:59:05.353466500Z              |
2021-07-20T15:59:05.353480300Z tot_adults~h |
2021-07-20T15:59:05.353982100Z           2  |   1.083554    .559026     0.16   0.876     .3941847    2.978527
2021-07-20T15:59:05.354324700Z           3  |   .6292345   .2654765    -1.10   0.272     .2752246    1.438592
2021-07-20T15:59:05.354341100Z              |
2021-07-20T15:59:05.355088900Z 1.htdiag_o~p |   .9766109   .1355938    -0.17   0.865     .7439431    1.282045
2021-07-20T15:59:05.355804000Z 1.~y_disease |   1.156376   .1096362     1.53   0.125     .9602764     1.39252
2021-07-20T15:59:05.356398700Z     1.asthma |   1.194493   .1537607     1.38   0.167     .9281386    1.537284
2021-07-20T15:59:05.356887200Z 1.~c_disease |   .9587088   .0869551    -0.46   0.642     .8025693    1.145225
2021-07-20T15:59:05.356902100Z              |
2021-07-20T15:59:05.356907500Z      diabcat |
2021-07-20T15:59:05.357322200Z T1DM, con..  |   1.076196   .2605175     0.30   0.762     .6696359    1.729593
2021-07-20T15:59:05.357646100Z T1DM, unc..  |   1.157278   .5182124     0.33   0.744     .4811517    2.783514
2021-07-20T15:59:05.357832100Z T2DM, con..  |   1.014211   .1048859     0.14   0.891     .8281329    1.242099
2021-07-20T15:59:05.358193200Z T2DM, unc..  |   .8299854   .1970433    -0.78   0.432     .5211831    1.321754
2021-07-20T15:59:05.359061400Z Diabetes,..  |   1.568237   1.469286     0.48   0.631     .2499877    9.837956
2021-07-20T15:59:05.359078500Z              |
2021-07-20T15:59:05.359114200Z cancer_exh~t |
2021-07-20T15:59:05.359488100Z   Last year  |   .5481227    .368771    -0.89   0.371     .1466218    2.049071
2021-07-20T15:59:05.359911500Z 2-5 years..  |   .9001417   .3248917    -0.29   0.771     .4436938    1.826158
2021-07-20T15:59:05.360653700Z    5+ years  |     .97035   .1002888    -0.29   0.771     .7924173    1.188236
2021-07-20T15:59:05.360672300Z              |
2021-07-20T15:59:05.360678700Z cancer_hae~t |
2021-07-20T15:59:05.361051200Z   Last year  |   .7048113   .4969353    -0.50   0.620     .1769797     2.80687
2021-07-20T15:59:05.361444300Z 2-5 years..  |   1.116411   .3640611     0.34   0.736     .5891795    2.115439
2021-07-20T15:59:05.362218100Z    5+ years  |   .9623952   .1019813    -0.36   0.718     .7819066    1.184546
2021-07-20T15:59:05.362241500Z              |
2021-07-20T15:59:05.362289100Z 1.~r_disease |   1.066402   .1020898     0.67   0.502     .8839601    1.286497
2021-07-20T15:59:05.362889700Z 1.stroke_d~a |    1.10688   .1018092     1.10   0.270     .9242898     1.32554
2021-07-20T15:59:05.363222500Z 1.other_ne~o |    1.04177   .0929985     0.46   0.647     .8745511    1.240961
2021-07-20T15:59:05.363237300Z              |
2021-07-20T15:59:05.363243900Z reduced_ki~t |
2021-07-20T15:59:05.364218100Z Stage 3a/..  |   1.012067   .2154492     0.06   0.955     .6668149    1.536078
2021-07-20T15:59:05.364757700Z       1.esrd |   .9805095   .0842638    -0.23   0.819     .8285154    1.160387
2021-07-20T15:59:05.365315600Z 1.other_tr~t |   1.042887   .1018688     0.43   0.667     .8611767    1.262939
2021-07-20T15:59:05.365955300Z   1.asplenia |   1.144071   .1024892     1.50   0.133     .9598427     1.36366
2021-07-20T15:59:05.366557100Z 1.ra_sle_p~s |   .8963209   .0828709    -1.18   0.236     .7477634    1.074392
2021-07-20T15:59:05.366863600Z 1.other_im~o |   .8176675   .0776872    -2.12   0.034       .67874    .9850314
2021-07-20T15:59:05.366876700Z              |
2021-07-20T15:59:05.366881900Z       shield#|
2021-07-20T15:59:05.366886200Z    kids_cat4 |
2021-07-20T15:59:05.366890100Z           1 #|
2021-07-20T15:59:05.367912800Z only <12 ..  |   1.097352   .3618397     0.28   0.778     .5750048     2.09421
2021-07-20T15:59:05.367930000Z           1 #|
2021-07-20T15:59:05.368467200Z  only 12-18  |   .9673995   .8066354    -0.04   0.968     .1887376    4.958533
2021-07-20T15:59:05.370551600Z     1#mixed  |   .9929412   .1408863    -0.05   0.960     .7518797     1.31129
2021-07-20T15:59:05.370574500Z ------------------------------------------------------------------------------
2021-07-20T15:59:05.371066500Z                                                              Stratified by stp
2021-07-20T15:59:05.375226400Z    1:      1.74 /        1 =       1.7390
2021-07-20T15:59:05.375246900Z 
2021-07-20T15:59:05.375252200Z  ( 1)  1.shield#1.kids_cat4 = 0
2021-07-20T15:59:05.375256300Z  ( 2)  1.shield#2.kids_cat4 = 0
2021-07-20T15:59:05.375259700Z  ( 3)  1.shield#3.kids_cat4 = 0
2021-07-20T15:59:05.375263100Z 
2021-07-20T15:59:05.375266400Z            chi2(  3) =    0.09
2021-07-20T15:59:05.375270100Z          Prob > chi2 =    0.9930
2021-07-20T15:59:05.375274500Z 
2021-07-20T15:59:05.375278100Z kids_cat4 
2021-07-20T15:59:05.375282200Z ****************
2021-07-20T15:59:05.378713100Z 
2021-07-20T15:59:05.378736000Z  ( 1)  1.kids_cat4 + 1.shield#1.kids_cat4 = 0
2021-07-20T15:59:05.378795600Z 
2021-07-20T15:59:05.392683900Z ------------------------------------------------------------------------------
2021-07-20T15:59:05.392828300Z           _t |     exp(b)   Std. Err.      z    P>|z|     [95% Conf. Interval]
2021-07-20T15:59:05.392836000Z -------------+----------------------------------------------------------------
2021-07-20T15:59:05.393556200Z          (1) |   .9523255   .2534809    -0.18   0.854     .5652242    1.604538
2021-07-20T15:59:05.393571400Z ------------------------------------------------------------------------------
2021-07-20T15:59:05.394107600Z kids_cat4
2021-07-20T15:59:05.394174900Z ****************
2021-07-20T15:59:05.397045100Z 
2021-07-20T15:59:05.397089200Z  ( 1)  2.kids_cat4 + 1.shield#2.kids_cat4 = 0
2021-07-20T15:59:05.397095500Z 
2021-07-20T15:59:05.408225100Z ------------------------------------------------------------------------------
2021-07-20T15:59:05.409296200Z           _t |     exp(b)   Std. Err.      z    P>|z|     [95% Conf. Interval]
2021-07-20T15:59:05.409308400Z -------------+----------------------------------------------------------------
2021-07-20T15:59:05.410224700Z          (1) |   .7239203   .3160507    -0.74   0.459     .3076601    1.703375
2021-07-20T15:59:05.410284900Z ------------------------------------------------------------------------------
2021-07-20T15:59:05.410867100Z kids_cat4
2021-07-20T15:59:05.410941500Z ****************
2021-07-20T15:59:05.413194400Z 
2021-07-20T15:59:05.413214300Z  ( 1)  3.kids_cat4 + 1.shield#3.kids_cat4 = 0
2021-07-20T15:59:05.413440700Z 
2021-07-20T15:59:05.421037400Z ------------------------------------------------------------------------------
2021-07-20T15:59:05.421058900Z           _t |     exp(b)   Std. Err.      z    P>|z|     [95% Conf. Interval]
2021-07-20T15:59:05.421065300Z -------------+----------------------------------------------------------------
2021-07-20T15:59:05.421627400Z          (1) |   .9298547   .2310213    -0.29   0.770     .5713932    1.513196
2021-07-20T15:59:05.421644800Z ------------------------------------------------------------------------------
2021-07-20T15:59:05.433450500Z (note: file output/an_interaction_cox_models_covid_death_kids_cat4_shield_MAINF
2021-07-20T15:59:05.433476300Z > ULLYADJMODEL_agespline_bmicat_noeth_ageband_1W2.ster not found)
2021-07-20T15:59:05.433483000Z file output/an_interaction_cox_models_covid_death_kids_cat4_shield_MAINFULLYADJ
2021-07-20T15:59:05.433488600Z > MODEL_agespline_bmicat_noeth_ageband_1W2.ster saved
2021-07-20T15:59:05.433566000Z 
2021-07-20T15:59:05.433582800Z . 
2021-07-20T15:59:05.433589100Z . log close
2021-07-20T15:59:05.433673000Z       name:  <unnamed>
2021-07-20T15:59:05.433690200Z        log:  /workspace/log/10_an_interaction_cox_models_shield_covid_deathW2.l
2021-07-20T15:59:05.433697100Z > og
2021-07-20T15:59:05.433713800Z   log type:  text
2021-07-20T15:59:05.433717100Z  closed on:  20 Jul 2021, 15:59:05
2021-07-20T15:59:05.433719600Z -------------------------------------------------------------------------------
2021-07-20T15:59:05.433723700Z 
2021-07-20T15:59:05.433727700Z . 
2021-07-20T15:59:05.433731800Z . exit, clear 
2021-07-20T15:59:05.433735600Z 
2021-07-20T15:59:05.433739400Z end of do-file
2021-07-20T15:59:05.433743400Z 
2021-07-20T15:59:05.433747500Z . . file open output using "/tmp/tmp.plbM6HAukb", write text replace
2021-07-20T15:59:05.433839600Z 
2021-07-20T15:59:05.433852800Z . . file write output "success" 
2021-07-20T15:59:05.433858400Z 
2021-07-20T15:59:05.433862800Z . . file close output
2021-07-20T15:59:05.433865600Z 
2021-07-20T15:59:05.433867900Z . 
2021-07-20T15:59:05.433870500Z end of do-file
2021-07-20T15:59:05.433873000Z 
2021-07-20T15:59:05.433875500Z 
2021-07-20T15:59:05.461050100Z . 

state: succeeded
commit: none
docker_image_id: sha256:11980aa720220a1b39bf523f5a8a33270214c13876c30ee364e16265766f7f60
exit_code: 0
job_id: ptk6ex3tqhpbvuyf
run_by_user: qc18278
created_at: 2021-07-20T15:38:48Z
started_at: 2021-07-20T15:58:42Z
completed_at: 2021-07-20T16:00:27Z

Completed successfully

outputs:
  log/10_an_interaction_cox_models_shield_covid_deathW2.log                                                                - moderately_sensitive
  output/an_interaction_cox_models_covid_death_kids_cat4_shield_MAINFULLYADJMODEL_agespline_bmicat_noeth_ageband_0W2.ster  - moderately_sensitive
  output/an_interaction_cox_models_covid_death_kids_cat4_shield_MAINFULLYADJMODEL_agespline_bmicat_noeth_ageband_1W2.ster  - moderately_sensitive