2021-08-10T12:29:40.121858100Z 
2021-08-10T12:29:40.121884000Z   ___  ____  ____  ____  ____ (R)
2021-08-10T12:29:40.121887800Z  /__    /   ____/   /   ____/
2021-08-10T12:29:40.121890200Z ___/   /   /___/   /   /___/   16.1   Copyright 1985-2019 StataCorp LLC
2021-08-10T12:29:40.121892700Z   Statistics/Data Analysis            StataCorp
2021-08-10T12:29:40.121894900Z                                       4905 Lakeway Drive
2021-08-10T12:29:40.121897500Z                                       College Station, Texas 77845 USA
2021-08-10T12:29:40.121899700Z                                       800-STATA-PC        http://www.stata.com
2021-08-10T12:29:40.121902000Z                                       979-696-4600        stata@stata.com
2021-08-10T12:29:40.121904200Z                                       979-696-4601 (fax)
2021-08-10T12:29:40.121906400Z 
2021-08-10T12:29:40.121908400Z 3-user Stata network license expires 11 May 2022:
2021-08-10T12:29:40.121910700Z        Serial number:  501709312237
2021-08-10T12:29:40.121912900Z          Licensed to:  The Bennett Institute
2021-08-10T12:29:40.121915100Z                        Oxford University
2021-08-10T12:29:40.128129900Z 
2021-08-10T12:29:40.128143700Z Notes:
2021-08-10T12:29:40.128146500Z       1.  Unicode is supported; see help unicode_advice.
2021-08-10T12:29:40.128148800Z 
2021-08-10T12:29:40.128151100Z . do "analysis/10_an_interaction_cox_models_ethnicity_strat.wrapper.do" covid_t
2021-08-10T12:29:40.128153600Z > pp_prob MAIN 
2021-08-10T12:29:40.128156100Z 
2021-08-10T12:29:40.128158200Z . . do "analysis/10_an_interaction_cox_models_ethnicity_strat.do" covid_tpp_pro
2021-08-10T12:29:40.128160700Z > b MAIN
2021-08-10T12:29:40.128162900Z 
2021-08-10T12:29:40.128164900Z . *****************************************************************************
2021-08-10T12:29:40.128167200Z > ***
2021-08-10T12:29:40.128169200Z . *
2021-08-10T12:29:40.128171300Z . *       Do-file:                10_an_interaction_cox_models_weeks.do
2021-08-10T12:29:40.128173700Z . *
2021-08-10T12:29:40.128175900Z . *       Project:                Exposure children and COVID risk
2021-08-10T12:29:40.128178300Z . *
2021-08-10T12:29:40.128180500Z . *       Programmed by:  Hforbes, based on files from Fizz & Krishnan
2021-08-10T12:29:40.128182700Z . *
2021-08-10T12:29:40.128185600Z . *       Data used:              analysis_dataset.dta
2021-08-10T12:29:40.128219800Z . *
2021-08-10T12:29:40.128226200Z . *       Data created:   None
2021-08-10T12:29:40.128229800Z . *
2021-08-10T12:29:40.128233200Z . *       Other output:   Log file:  10_an_interaction_cox_models.log
2021-08-10T12:29:40.128246000Z . *
2021-08-10T12:29:40.128249800Z . *****************************************************************************
2021-08-10T12:29:40.128253300Z > ***
2021-08-10T12:29:40.128256900Z . *
2021-08-10T12:29:40.128260300Z . *       Purpose:                This do-file performs multivariable (fully ad
2021-08-10T12:29:40.128263900Z > justed)
2021-08-10T12:29:40.128267500Z . *                                       Cox models, with an interaction by we
2021-08-10T12:29:40.128271200Z > ek of pandemic.
2021-08-10T12:29:40.128274800Z . *
2021-08-10T12:29:40.128278400Z . *****************************************************************************
2021-08-10T12:29:40.128282200Z > ***
2021-08-10T12:29:40.128285700Z . *
2021-08-10T12:29:40.128289200Z . *       Stata routines needed:  stbrier
2021-08-10T12:29:40.128292900Z . *
2021-08-10T12:29:40.128296100Z . *****************************************************************************
2021-08-10T12:29:40.128298300Z > ***
2021-08-10T12:29:40.128300400Z . 
2021-08-10T12:29:40.128302400Z . 
2021-08-10T12:29:40.128304400Z . * Set globals that will print in programs and direct output
2021-08-10T12:29:40.128306800Z . global outdir     "output"
2021-08-10T12:29:40.128919100Z 
2021-08-10T12:29:40.128928200Z . global logdir     "log"
2021-08-10T12:29:40.128932700Z 
2021-08-10T12:29:40.128936300Z . global tempdir    "tempdata"
2021-08-10T12:29:40.128939900Z 
2021-08-10T12:29:40.128943200Z . global demogadjlist  age1 age2 age3 i.male i.ethnicity  i.obese4cat i.smoke_n
2021-08-10T12:29:40.128947000Z > omiss i.imd i.tot_adults_hh
2021-08-10T12:29:40.128950300Z 
2021-08-10T12:29:40.128953200Z . global comordidadjlist  i.htdiag_or_highbp                              ///
2021-08-10T12:29:40.128956500Z >                         i.chronic_respiratory_disease   ///
2021-08-10T12:29:40.128959500Z >                         i.asthma                                             
2021-08-10T12:29:40.128962500Z >    ///
2021-08-10T12:29:40.128965200Z >                         i.chronic_cardiac_disease               ///
2021-08-10T12:29:40.128968400Z >                         i.diabcat                                            
2021-08-10T12:29:40.128972100Z >    ///
2021-08-10T12:29:40.128975700Z >                         i.cancer_exhaem_cat                             ///
2021-08-10T12:29:40.128979400Z >                         i.cancer_haem_cat                               ///
2021-08-10T12:29:40.128982700Z >                         i.chronic_liver_disease                 ///
2021-08-10T12:29:40.128986400Z >                         i.stroke_dementia                               ///
2021-08-10T12:29:40.128996600Z >                         i.other_neuro                                   ///
2021-08-10T12:29:40.129000900Z >                         i.reduced_kidney_function_cat   ///
2021-08-10T12:29:40.129004500Z >                         i.esrd                                               
2021-08-10T12:29:40.129008500Z >    ///
2021-08-10T12:29:40.129012100Z >                         i.other_transplant                              ///
2021-08-10T12:29:40.129015800Z >                         i.asplenia                                           
2021-08-10T12:29:40.129019600Z >    ///
2021-08-10T12:29:40.129023200Z >                         i.ra_sle_psoriasis                      ///
2021-08-10T12:29:40.129026800Z >                         i.other_immuno
2021-08-10T12:29:40.129030500Z 
2021-08-10T12:29:40.129034100Z . local outcome `1' 
2021-08-10T12:29:40.129036700Z 
2021-08-10T12:29:40.129038800Z . local dataset `2'
2021-08-10T12:29:40.129040900Z 
2021-08-10T12:29:40.129043000Z . 
2021-08-10T12:29:40.129045000Z . 
2021-08-10T12:29:40.129047000Z . *****************************************************************************
2021-08-10T12:29:40.129049300Z > *******
2021-08-10T12:29:40.129051400Z . *First clean up all old saved estimates for this outcome
2021-08-10T12:29:40.129053800Z . *This is to guard against accidentally displaying left-behind results from ol
2021-08-10T12:29:40.129056100Z > d runs
2021-08-10T12:29:40.129058200Z . *****************************************************************************
2021-08-10T12:29:40.129060500Z > *******
2021-08-10T12:29:40.129062600Z . log using "$logdir/10_an_interaction_cox_models_ethcat_`outcome'`dataset'", t
2021-08-10T12:29:40.129065000Z > ext replace
2021-08-10T12:29:40.129503800Z (note: file /workspace/log/10_an_interaction_cox_models_ethcat_covid_tpp_probMA
2021-08-10T12:29:40.129517200Z > IN.log not found)
2021-08-10T12:29:40.129522700Z -------------------------------------------------------------------------------
2021-08-10T12:29:40.129526400Z       name:  <unnamed>
2021-08-10T12:29:40.129530100Z        log:  /workspace/log/10_an_interaction_cox_models_ethcat_covid_tpp_probM
2021-08-10T12:29:40.129533600Z > AIN.log
2021-08-10T12:29:40.129536800Z   log type:  text
2021-08-10T12:29:40.129539800Z  opened on:  10 Aug 2021, 12:29:40
2021-08-10T12:29:40.129543100Z 
2021-08-10T12:29:40.129546500Z . 
2021-08-10T12:29:40.129549700Z . *****************************************************************************
2021-08-10T12:29:40.129553800Z > ********
2021-08-10T12:29:40.129562900Z . * Open dataset and fit specified model(s)
2021-08-10T12:29:40.129567100Z . forvalues x=0/1 {
2021-08-10T12:29:40.129570700Z   2. 
2021-08-10T12:29:40.129574100Z . use "$tempdir/cr_create_analysis_dataset_STSET_`outcome'_ageband_`x'`dataset'
2021-08-10T12:29:40.129577900Z > .dta", clear
2021-08-10T12:29:40.129581500Z   3. 
2021-08-10T12:29:40.129584900Z . safetab ethnicity `outcome'
2021-08-10T12:29:40.129591400Z   4. levelsof ethnicity, local(levels)
2021-08-10T12:29:40.129595200Z   5. 
2021-08-10T12:29:40.129598700Z . 
2021-08-10T12:29:40.129602100Z . 
2021-08-10T12:29:40.129605400Z . *Age spline model (not adj ethnicity, interaction)
2021-08-10T12:29:40.129644400Z . stcox i.kids_cat4##i.ethnicity                                               
2021-08-10T12:29:40.129655300Z >                    ///
2021-08-10T12:29:40.129660000Z >                         $demogadjlist                                        
2021-08-10T12:29:40.129663800Z >            ///
2021-08-10T12:29:40.129667500Z >                         $comordidadjlist                                     
2021-08-10T12:29:40.129671400Z >            ///
2021-08-10T12:29:40.129673900Z >                         , strata(stp) vce(cluster household_id)
2021-08-10T12:29:40.129676700Z   6.                         estimates save ./output/an_interaction_cox_models_
2021-08-10T12:29:40.129679400Z > `outcome'_kids_cat4_ethnicity_MAINFULLYADJMODEL_agespline_bmicat_noeth_ageban
2021-08-10T12:29:40.129683000Z > d_`x'`dataset', replace
2021-08-10T12:29:40.129686400Z   7. foreach l of local levels {
2021-08-10T12:29:40.129689600Z   8. if _rc==0 {
2021-08-10T12:29:40.129695300Z   9. *testparm `ethcat'.ethnicity#i.kids_cat4
2021-08-10T12:29:40.129699200Z . *di _n "kids_cat4 " _n "****************"
2021-08-10T12:29:40.129703400Z . lincom 1.kids_cat4 + `l'.ethnicity#1.kids_cat4, eform
2021-08-10T12:29:40.129707400Z  10. di "kids_cat4" _n "****************"
2021-08-10T12:29:40.129711100Z  11. lincom 2.kids_cat4 + `l'.ethnicity#2.kids_cat4, eform
2021-08-10T12:29:40.129714700Z  12. lincom 3.kids_cat4 + `l'.ethnicity#3.kids_cat4, eform
2021-08-10T12:29:40.129812900Z  13. 
2021-08-10T12:29:40.129821300Z . }
2021-08-10T12:29:40.129823800Z  14. *else di "WARNING GROUP MODEL DID NOT FIT (OUTCOME `outcome')"
2021-08-10T12:29:40.129826100Z . }
2021-08-10T12:29:40.129828200Z  15. }
2021-08-10T12:29:40.136477100Z 0
2021-08-10T12:29:40.157769100Z 
2021-08-10T12:29:40.157790400Z                       |   Failure/censoring
2021-08-10T12:29:40.157795600Z                       |     indicator for
2021-08-10T12:29:40.157809600Z                       |  outcome: covid prob
2021-08-10T12:29:40.157814400Z                       |         case
2021-08-10T12:29:40.157818000Z             Ethnicity |         0          1 |     Total
2021-08-10T12:29:40.157822000Z ----------------------+----------------------+----------
2021-08-10T12:29:40.157825500Z                 White |     8,119      4,856 |    12,975 
2021-08-10T12:29:40.157828800Z Asian or Asian Britis |       983        608 |     1,591 
2021-08-10T12:29:40.157867100Z                 Other |     1,029        611 |     1,640 
2021-08-10T12:29:40.158107300Z ----------------------+----------------------+----------
2021-08-10T12:29:40.158119200Z                 Total |    10,131      6,075 |    16,206 
2021-08-10T12:29:40.177979300Z 1 3 5
2021-08-10T12:29:40.206071300Z 
2021-08-10T12:29:40.206126500Z          failure _d:  covid_tpp_prob
2021-08-10T12:29:40.206133100Z    analysis time _t:  (stime_covid_tpp_prob-origin)
2021-08-10T12:29:40.206135700Z              origin:  time enter_date
2021-08-10T12:29:40.206138000Z   enter on or after:  time enter_date
2021-08-10T12:29:40.206140300Z                  id:  patient_id
2021-08-10T12:29:40.817779300Z 
2021-08-10T12:29:40.817824000Z Iteration 0:   log pseudolikelihood = -42773.447
2021-08-10T12:29:41.072257200Z Iteration 1:   log pseudolikelihood =  -42751.05
2021-08-10T12:29:41.306019500Z Iteration 2:   log pseudolikelihood = -42750.843
2021-08-10T12:29:41.574090000Z Iteration 3:   log pseudolikelihood = -42750.843
2021-08-10T12:29:41.574114600Z Refining estimates:
2021-08-10T12:29:42.611517300Z Iteration 0:   log pseudolikelihood = -42750.843
2021-08-10T12:29:53.828237800Z 
2021-08-10T12:29:53.828261100Z Stratified Cox regr. -- Breslow method for ties
2021-08-10T12:29:53.829320800Z 
2021-08-10T12:29:53.829339800Z No. of subjects      =       16,206             Number of obs    =      16,206
2021-08-10T12:29:53.829346300Z No. of failures      =        6,075
2021-08-10T12:29:53.829351300Z Time at risk         =      2393093
2021-08-10T12:29:53.829401100Z                                                 Wald chi2(48)    =       51.48
2021-08-10T12:29:53.829414800Z Log pseudolikelihood =   -42750.843             Prob > chi2      =      0.3392
2021-08-10T12:29:53.829421100Z 
2021-08-10T12:29:54.048626400Z                        (Std. Err. adjusted for 1,106 clusters in household_id)
2021-08-10T12:29:54.048647600Z ------------------------------------------------------------------------------
2021-08-10T12:29:54.048651800Z              |               Robust
2021-08-10T12:29:54.048654800Z           _t | Haz. Ratio   Std. Err.      z    P>|z|     [95% Conf. Interval]
2021-08-10T12:29:54.048658100Z -------------+----------------------------------------------------------------
2021-08-10T12:29:54.048670000Z    kids_cat4 |
2021-08-10T12:29:54.057454400Z only <12 ..  |   1.177548    .116596     1.65   0.099     .9698308    1.429753
2021-08-10T12:29:54.057634200Z  only 12-18  |   1.234297   .1559807     1.67   0.096     .9634998    1.581204
2021-08-10T12:29:54.057896300Z       mixed  |   1.143199   .1040554     1.47   0.141     .9564104    1.366467
2021-08-10T12:29:54.057918400Z              |
2021-08-10T12:29:54.057923800Z    ethnicity |
2021-08-10T12:29:54.058170100Z Asian or ..  |   .9236456   .2799195    -0.26   0.793     .5099654      1.6729
2021-08-10T12:29:54.058631400Z       Other  |   1.469065   .3264252     1.73   0.083     .9503962    2.270792
2021-08-10T12:29:54.058641900Z              |
2021-08-10T12:29:54.058646400Z    kids_cat4#|
2021-08-10T12:29:54.058650100Z    ethnicity |
2021-08-10T12:29:54.058653600Z only <12 .. #|
2021-08-10T12:29:54.058910400Z Asian or ..  |   .9134575   .3099108    -0.27   0.790     .4697851    1.776141
2021-08-10T12:29:54.058923800Z only <12 .. #|
2021-08-10T12:29:54.059242400Z       Other  |   .6272635   .1621154    -1.80   0.071     .3779707    1.040979
2021-08-10T12:29:54.059252400Z  only 12-18 #|
2021-08-10T12:29:54.059522600Z Asian or ..  |   1.396577   .5504501     0.85   0.397     .6450155    3.023844
2021-08-10T12:29:54.059533700Z  only 12-18 #|
2021-08-10T12:29:54.059792100Z       Other  |   .6631358   .2273849    -1.20   0.231     .3386344    1.298595
2021-08-10T12:29:54.059803900Z       mixed #|
2021-08-10T12:29:54.059969900Z Asian or ..  |   1.142464    .350448     0.43   0.664      .626237    2.084234
2021-08-10T12:29:54.060241800Z mixed#Other  |   .6710365   .1523107    -1.76   0.079     .4300727    1.047009
2021-08-10T12:29:54.060251000Z              |
2021-08-10T12:29:54.060391500Z         age1 |   .9924781   .0046606    -1.61   0.108     .9833854    1.001655
2021-08-10T12:29:54.060585400Z         age2 |   1.015346   .0148291     1.04   0.297      .986694    1.044831
2021-08-10T12:29:54.060823900Z         age3 |    .970166   .0398425    -0.74   0.461     .8951362    1.051485
2021-08-10T12:29:54.061129400Z       1.male |    1.01664   .0269525     0.62   0.534     .9651625    1.070862
2021-08-10T12:29:54.061140400Z              |
2021-08-10T12:29:54.061143300Z    obese4cat |
2021-08-10T12:29:54.061459100Z Obese I ..)  |   1.038243   .0370396     1.05   0.293      .968127    1.113438
2021-08-10T12:29:54.061632600Z Obese II..)  |   .9538654   .0477056    -0.94   0.345     .8648008    1.052103
2021-08-10T12:29:54.061916300Z Obese II..)  |   1.013922   .0599548     0.23   0.815     .9029671    1.138512
2021-08-10T12:29:54.061924900Z              |
2021-08-10T12:29:54.061927800Z smoke_nomiss |
2021-08-10T12:29:54.062217900Z      Former  |   1.200397   .1077462     2.03   0.042     1.006751     1.43129
2021-08-10T12:29:54.062448300Z     Current  |   1.025642   .0396363     0.66   0.512     .9508256    1.106346
2021-08-10T12:29:54.062457300Z              |
2021-08-10T12:29:54.062460100Z          imd |
2021-08-10T12:29:54.062690400Z           4  |   1.063667   .0326185     2.01   0.044      1.00162    1.129559
2021-08-10T12:29:54.062898700Z 5 most de..  |    1.00333   .0433949     0.08   0.939      .921783    1.092092
2021-08-10T12:29:54.062907600Z              |
2021-08-10T12:29:54.062910300Z tot_adults~h |
2021-08-10T12:29:54.063163000Z           2  |   1.304901   .2944262     1.18   0.238     .8385326     2.03065
2021-08-10T12:29:54.063417700Z           3  |   .9003736   .1695789    -0.56   0.577     .6224509    1.302388
2021-08-10T12:29:54.063428300Z              |
2021-08-10T12:29:54.063716300Z 1.htdiag_o~p |   .9438975   .0479154    -1.14   0.255     .8545057    1.042641
2021-08-10T12:29:54.064032100Z 1.~y_disease |   1.041118   .0345498     1.21   0.225     .9755564    1.111085
2021-08-10T12:29:54.064375200Z     1.asthma |   .9817755    .045674    -0.40   0.693     .8962161    1.075503
2021-08-10T12:29:54.064609300Z 1.~c_disease |   .9716793   .0315017    -0.89   0.376     .9118579    1.035425
2021-08-10T12:29:54.064619400Z              |
2021-08-10T12:29:54.064622200Z      diabcat |
2021-08-10T12:29:54.064843300Z T1DM, con..  |   1.154712   .0851506     1.95   0.051       .99932    1.334267
2021-08-10T12:29:54.065079300Z T1DM, unc..  |   .8850863   .1601858    -0.67   0.500     .6207725     1.26194
2021-08-10T12:29:54.065339100Z T2DM, con..  |   1.013563    .032827     0.42   0.677     .9512225    1.079988
2021-08-10T12:29:54.065539500Z T2DM, unc..  |   .9690816   .0696783    -0.44   0.662     .8417009     1.11574
2021-08-10T12:29:54.065808800Z Diabetes,..  |   .9621883   .5050811    -0.07   0.941     .3439055    2.692037
2021-08-10T12:29:54.065817600Z              |
2021-08-10T12:29:54.065820300Z cancer_exh~t |
2021-08-10T12:29:54.066097400Z   Last year  |   .8030608   .1701194    -1.04   0.301     .5301893     1.21637
2021-08-10T12:29:54.066331100Z 2-5 years..  |   .8415731   .0940861    -1.54   0.123     .6759729    1.047742
2021-08-10T12:29:54.066591700Z    5+ years  |   1.009675   .0324024     0.30   0.764     .9481232    1.075222
2021-08-10T12:29:54.066601800Z              |
2021-08-10T12:29:54.066606000Z cancer_hae~t |
2021-08-10T12:29:54.066868800Z   Last year  |   1.075293   .1850787     0.42   0.673     .7673943    1.506729
2021-08-10T12:29:54.067069200Z 2-5 years..  |    .925599   .1002423    -0.71   0.475     .7485794    1.144479
2021-08-10T12:29:54.067362100Z    5+ years  |   .9935608    .033293    -0.19   0.847     .9304044    1.061004
2021-08-10T12:29:54.067374200Z              |
2021-08-10T12:29:54.067707900Z 1.~r_disease |   .9803582   .0322298    -0.60   0.546      .919181    1.045607
2021-08-10T12:29:54.067978900Z 1.stroke_d~a |   1.010581    .031398     0.34   0.735     .9508783    1.074032
2021-08-10T12:29:54.068274300Z 1.other_ne~o |   .9996941   .0317327    -0.01   0.992     .9393945    1.063864
2021-08-10T12:29:54.068285000Z              |
2021-08-10T12:29:54.068289400Z reduced_ki~t |
2021-08-10T12:29:54.068612600Z Stage 3a/..  |   .9142025   .1783126    -0.46   0.646     .6237606    1.339883
2021-08-10T12:29:54.068884800Z       1.esrd |   1.032161   .0271686     1.20   0.229     .9802618    1.086808
2021-08-10T12:29:54.069149800Z 1.other_tr~t |   .9815684   .0323209    -0.56   0.572     .9202215    1.047005
2021-08-10T12:29:54.069483500Z   1.asplenia |   .9827022   .0310519    -0.55   0.581     .9236879    1.045487
2021-08-10T12:29:54.069853800Z 1.ra_sle_p~s |   .9746209   .0312786    -0.80   0.423     .9152043    1.037895
2021-08-10T12:29:54.084480300Z 1.other_im~o |   .9932528   .0266996    -0.25   0.801     .9422772    1.046986
2021-08-10T12:29:54.084504200Z ------------------------------------------------------------------------------
2021-08-10T12:29:54.085943100Z                                                              Stratified by stp
2021-08-10T12:29:54.123070800Z (note: file ./output/an_interaction_cox_models_covid_tpp_prob_kids_cat4_ethnici
2021-08-10T12:29:54.123086900Z > ty_MAINFULLYADJMODEL_agespline_bmicat_noeth_ageband_0MAIN.ster not found)
2021-08-10T12:29:54.123090300Z file ./output/an_interaction_cox_models_covid_tpp_prob_kids_cat4_ethnicity_MAIN
2021-08-10T12:29:54.123092900Z > FULLYADJMODEL_agespline_bmicat_noeth_ageband_0MAIN.ster saved
2021-08-10T12:29:54.127394800Z 
2021-08-10T12:29:54.127417000Z  ( 1)  1.kids_cat4 + 1o.kids_cat4#1b.ethnicity = 0
2021-08-10T12:29:54.127508000Z 
2021-08-10T12:29:54.138962700Z ------------------------------------------------------------------------------
2021-08-10T12:29:54.138979300Z           _t |     exp(b)   Std. Err.      z    P>|z|     [95% Conf. Interval]
2021-08-10T12:29:54.138982900Z -------------+----------------------------------------------------------------
2021-08-10T12:29:54.139697400Z          (1) |   1.177548    .116596     1.65   0.099     .9698308    1.429753
2021-08-10T12:29:54.139709400Z ------------------------------------------------------------------------------
2021-08-10T12:29:54.140719500Z kids_cat4
2021-08-10T12:29:54.140729500Z ****************
2021-08-10T12:29:54.143832500Z 
2021-08-10T12:29:54.143844600Z  ( 1)  2.kids_cat4 + 2o.kids_cat4#1b.ethnicity = 0
2021-08-10T12:29:54.143987800Z 
2021-08-10T12:29:54.152086800Z ------------------------------------------------------------------------------
2021-08-10T12:29:54.152125200Z           _t |     exp(b)   Std. Err.      z    P>|z|     [95% Conf. Interval]
2021-08-10T12:29:54.152131800Z -------------+----------------------------------------------------------------
2021-08-10T12:29:54.152603200Z          (1) |   1.234297   .1559807     1.67   0.096     .9634998    1.581204
2021-08-10T12:29:54.152617200Z ------------------------------------------------------------------------------
2021-08-10T12:29:54.155501800Z 
2021-08-10T12:29:54.155518600Z  ( 1)  3.kids_cat4 + 3o.kids_cat4#1b.ethnicity = 0
2021-08-10T12:29:54.155523500Z 
2021-08-10T12:29:54.164624300Z ------------------------------------------------------------------------------
2021-08-10T12:29:54.164650300Z           _t |     exp(b)   Std. Err.      z    P>|z|     [95% Conf. Interval]
2021-08-10T12:29:54.164655700Z -------------+----------------------------------------------------------------
2021-08-10T12:29:54.165158200Z          (1) |   1.143199   .1040554     1.47   0.141     .9564104    1.366467
2021-08-10T12:29:54.165174000Z ------------------------------------------------------------------------------
2021-08-10T12:29:54.168292900Z 
2021-08-10T12:29:54.168310400Z  ( 1)  1.kids_cat4 + 1.kids_cat4#3.ethnicity = 0
2021-08-10T12:29:54.168316300Z 
2021-08-10T12:29:54.175524200Z ------------------------------------------------------------------------------
2021-08-10T12:29:54.175554500Z           _t |     exp(b)   Std. Err.      z    P>|z|     [95% Conf. Interval]
2021-08-10T12:29:54.175560500Z -------------+----------------------------------------------------------------
2021-08-10T12:29:54.175977000Z          (1) |    1.07564   .3533094     0.22   0.824     .5650377    2.047653
2021-08-10T12:29:54.175988500Z ------------------------------------------------------------------------------
2021-08-10T12:29:54.176684600Z kids_cat4
2021-08-10T12:29:54.176696000Z ****************
2021-08-10T12:29:54.179199300Z 
2021-08-10T12:29:54.179218900Z  ( 1)  2.kids_cat4 + 2.kids_cat4#3.ethnicity = 0
2021-08-10T12:29:54.179222800Z 
2021-08-10T12:29:54.186058700Z ------------------------------------------------------------------------------
2021-08-10T12:29:54.186074700Z           _t |     exp(b)   Std. Err.      z    P>|z|     [95% Conf. Interval]
2021-08-10T12:29:54.186079900Z -------------+----------------------------------------------------------------
2021-08-10T12:29:54.186881700Z          (1) |   1.723791   .6273722     1.50   0.135     .8446765    3.517861
2021-08-10T12:29:54.186892200Z ------------------------------------------------------------------------------
2021-08-10T12:29:54.189666700Z 
2021-08-10T12:29:54.189683100Z  ( 1)  3.kids_cat4 + 3.kids_cat4#3.ethnicity = 0
2021-08-10T12:29:54.189811500Z 
2021-08-10T12:29:54.199637700Z ------------------------------------------------------------------------------
2021-08-10T12:29:54.199702900Z           _t |     exp(b)   Std. Err.      z    P>|z|     [95% Conf. Interval]
2021-08-10T12:29:54.199719700Z -------------+----------------------------------------------------------------
2021-08-10T12:29:54.200294200Z          (1) |   1.306064   .3861709     0.90   0.366      .731619    2.331544
2021-08-10T12:29:54.200303200Z ------------------------------------------------------------------------------
2021-08-10T12:29:54.204266500Z 
2021-08-10T12:29:54.204277600Z  ( 1)  1.kids_cat4 + 1.kids_cat4#5.ethnicity = 0
2021-08-10T12:29:54.204432500Z 
2021-08-10T12:29:54.213355400Z ------------------------------------------------------------------------------
2021-08-10T12:29:54.213371800Z           _t |     exp(b)   Std. Err.      z    P>|z|     [95% Conf. Interval]
2021-08-10T12:29:54.213378100Z -------------+----------------------------------------------------------------
2021-08-10T12:29:54.213861900Z          (1) |   .7386327   .1808441    -1.24   0.216     .4571128    1.193531
2021-08-10T12:29:54.213970000Z ------------------------------------------------------------------------------
2021-08-10T12:29:54.214782400Z kids_cat4
2021-08-10T12:29:54.214792500Z ****************
2021-08-10T12:29:54.216975100Z 
2021-08-10T12:29:54.216985600Z  ( 1)  2.kids_cat4 + 2.kids_cat4#5.ethnicity = 0
2021-08-10T12:29:54.217183500Z 
2021-08-10T12:29:54.225770500Z ------------------------------------------------------------------------------
2021-08-10T12:29:54.225790300Z           _t |     exp(b)   Std. Err.      z    P>|z|     [95% Conf. Interval]
2021-08-10T12:29:54.225796900Z -------------+----------------------------------------------------------------
2021-08-10T12:29:54.226268100Z          (1) |   .8185066   .2704386    -0.61   0.544     .4283325    1.564096
2021-08-10T12:29:54.226281600Z ------------------------------------------------------------------------------
2021-08-10T12:29:54.229167700Z 
2021-08-10T12:29:54.229186000Z  ( 1)  3.kids_cat4 + 3.kids_cat4#5.ethnicity = 0
2021-08-10T12:29:54.229309100Z 
2021-08-10T12:29:54.237311400Z ------------------------------------------------------------------------------
2021-08-10T12:29:54.237335800Z           _t |     exp(b)   Std. Err.      z    P>|z|     [95% Conf. Interval]
2021-08-10T12:29:54.237341600Z -------------+----------------------------------------------------------------
2021-08-10T12:29:54.237963200Z          (1) |    .767128   .1663688    -1.22   0.222     .5014941    1.173464
2021-08-10T12:29:54.237974900Z ------------------------------------------------------------------------------
2021-08-10T12:29:54.239685700Z 0
2021-08-10T12:29:54.241797200Z 
2021-08-10T12:29:54.241811000Z                       |   Failure/censoring
2021-08-10T12:29:54.241814700Z                       |     indicator for
2021-08-10T12:29:54.241817600Z                       |  outcome: covid prob
2021-08-10T12:29:54.241820400Z                       |         case
2021-08-10T12:29:54.241829800Z             Ethnicity |         0          1 |     Total
2021-08-10T12:29:54.241832500Z ----------------------+----------------------+----------
2021-08-10T12:29:54.241834800Z                 White |     2,190      1,345 |     3,535 
2021-08-10T12:29:54.241837200Z Asian or Asian Britis |       283        192 |       475 
2021-08-10T12:29:54.241840400Z                 Other |       288        196 |       484 
2021-08-10T12:29:54.242097100Z ----------------------+----------------------+----------
2021-08-10T12:29:54.242118900Z                 Total |     2,761      1,733 |     4,494 
2021-08-10T12:29:54.243411800Z 1 3 5
2021-08-10T12:29:54.248502700Z 
2021-08-10T12:29:54.248521200Z          failure _d:  covid_tpp_prob
2021-08-10T12:29:54.248525700Z    analysis time _t:  (stime_covid_tpp_prob-origin)
2021-08-10T12:29:54.248529500Z              origin:  time enter_date
2021-08-10T12:29:54.248532900Z   enter on or after:  time enter_date
2021-08-10T12:29:54.248536300Z                  id:  patient_id
2021-08-10T12:29:54.415662900Z 
2021-08-10T12:29:54.415743300Z Iteration 0:   log pseudolikelihood = -9954.1661
2021-08-10T12:29:54.508616000Z Iteration 1:   log pseudolikelihood = -9934.2984
2021-08-10T12:29:54.590688200Z Iteration 2:   log pseudolikelihood = -9933.0673
2021-08-10T12:29:54.671290500Z Iteration 3:   log pseudolikelihood = -9932.9956
2021-08-10T12:29:54.760430000Z Iteration 4:   log pseudolikelihood = -9932.9792
2021-08-10T12:29:54.849474600Z Iteration 5:   log pseudolikelihood = -9932.9732
2021-08-10T12:29:54.938897300Z Iteration 6:   log pseudolikelihood = -9932.9709
2021-08-10T12:29:55.021449100Z Iteration 7:   log pseudolikelihood = -9932.9701
2021-08-10T12:29:55.109193800Z Iteration 8:   log pseudolikelihood = -9932.9698
2021-08-10T12:29:55.189563700Z Iteration 9:   log pseudolikelihood = -9932.9697
2021-08-10T12:29:55.270066500Z Iteration 10:  log pseudolikelihood = -9932.9697
2021-08-10T12:29:55.361218200Z Iteration 11:  log pseudolikelihood = -9932.9697
2021-08-10T12:29:55.451743300Z Iteration 12:  log pseudolikelihood = -9932.9696
2021-08-10T12:29:55.546035900Z Iteration 13:  log pseudolikelihood = -9932.9696
2021-08-10T12:29:55.653484400Z Iteration 14:  log pseudolikelihood = -9932.9696
2021-08-10T12:29:55.755288800Z Iteration 15:  log pseudolikelihood = -9932.9696
2021-08-10T12:29:55.852347500Z Iteration 16:  log pseudolikelihood = -9932.9696
2021-08-10T12:29:55.943897400Z Iteration 17:  log pseudolikelihood = -9932.9696
2021-08-10T12:29:56.029912600Z Iteration 18:  log pseudolikelihood = -9932.9696
2021-08-10T12:29:56.117835100Z Iteration 19:  log pseudolikelihood = -9932.9696
2021-08-10T12:29:56.214125000Z Iteration 20:  log pseudolikelihood = -9932.9696
2021-08-10T12:29:56.300051900Z Iteration 21:  log pseudolikelihood = -9932.9696
2021-08-10T12:29:56.389404900Z Iteration 22:  log pseudolikelihood = -9932.9696
2021-08-10T12:29:56.484493800Z Iteration 23:  log pseudolikelihood = -9932.9696
2021-08-10T12:29:56.565824200Z Iteration 24:  log pseudolikelihood = -9932.9696
2021-08-10T12:29:56.655224500Z Iteration 25:  log pseudolikelihood = -9932.9696
2021-08-10T12:29:56.740339100Z Iteration 26:  log pseudolikelihood = -9932.9696
2021-08-10T12:29:56.821974100Z Iteration 27:  log pseudolikelihood = -9932.9696
2021-08-10T12:29:56.908713800Z Iteration 28:  log pseudolikelihood = -9932.9696
2021-08-10T12:29:57.015147100Z Iteration 29:  log pseudolikelihood = -9932.9696
2021-08-10T12:29:57.015169100Z Refining estimates:
2021-08-10T12:29:57.307911500Z Iteration 0:   log pseudolikelihood = -9932.9696
2021-08-10T12:29:57.607930700Z Iteration 1:   log pseudolikelihood = -9932.9696
2021-08-10T12:29:57.883215800Z Iteration 2:   log pseudolikelihood = -9932.9696
2021-08-10T12:29:59.573720900Z 
2021-08-10T12:29:59.573742900Z Stratified Cox regr. -- Breslow method for ties
2021-08-10T12:29:59.573748900Z 
2021-08-10T12:29:59.573753600Z No. of subjects      =        4,494             Number of obs    =       4,494
2021-08-10T12:29:59.573789900Z No. of failures      =        1,733
2021-08-10T12:29:59.573890400Z Time at risk         =       654880
2021-08-10T12:29:59.574052300Z                                                 Wald chi2(48)    =     1043.45
2021-08-10T12:29:59.574066400Z Log pseudolikelihood =   -9932.9696             Prob > chi2      =      0.0000
2021-08-10T12:29:59.574073300Z 
2021-08-10T12:29:59.590069800Z                          (Std. Err. adjusted for 914 clusters in household_id)
2021-08-10T12:29:59.590100300Z ------------------------------------------------------------------------------
2021-08-10T12:29:59.590130800Z              |               Robust
2021-08-10T12:29:59.590135300Z           _t | Haz. Ratio   Std. Err.      z    P>|z|     [95% Conf. Interval]
2021-08-10T12:29:59.590138700Z -------------+----------------------------------------------------------------
2021-08-10T12:29:59.590141800Z    kids_cat4 |
2021-08-10T12:29:59.590340600Z only <12 ..  |   .8271928    .147358    -1.06   0.287     .5834072    1.172848
2021-08-10T12:29:59.590515100Z  only 12-18  |    .706088   .1737913    -1.41   0.157     .4358633    1.143846
2021-08-10T12:29:59.590779000Z       mixed  |   .8320064   .1321411    -1.16   0.247     .6094484    1.135838
2021-08-10T12:29:59.590788200Z              |
2021-08-10T12:29:59.590791600Z    ethnicity |
2021-08-10T12:29:59.591055800Z Asian or ..  |   1.512676   .7476311     0.84   0.402     .5741753    3.985173
2021-08-10T12:29:59.591472300Z       Other  |   .6926379   .3026403    -0.84   0.401     .2941598    1.630907
2021-08-10T12:29:59.591489800Z              |
2021-08-10T12:29:59.591492900Z    kids_cat4#|
2021-08-10T12:29:59.591495200Z    ethnicity |
2021-08-10T12:29:59.591497500Z only <12 .. #|
2021-08-10T12:29:59.591735600Z Asian or ..  |   .5263021   .2999342    -1.13   0.260      .172244    1.608148
2021-08-10T12:29:59.591744700Z only <12 .. #|
2021-08-10T12:29:59.592056100Z       Other  |   1.911327   .9682619     1.28   0.201     .7081472    5.158773
2021-08-10T12:29:59.592066200Z  only 12-18 #|
2021-08-10T12:29:59.592339100Z Asian or ..  |   .6621475    .408669    -0.67   0.504     .1975168    2.219757
2021-08-10T12:29:59.592347900Z  only 12-18 #|
2021-08-10T12:29:59.592622700Z       Other  |   3.842807   2.709292     1.91   0.056     .9649977     15.3028
2021-08-10T12:29:59.592631800Z       mixed #|
2021-08-10T12:29:59.592836700Z Asian or ..  |   .7432978   .3722103    -0.59   0.554     .2785603    1.983383
2021-08-10T12:29:59.593063700Z mixed#Other  |   1.502973   .6692426     0.92   0.360     .6279553    3.597274
2021-08-10T12:29:59.593072500Z              |
2021-08-10T12:29:59.593312300Z         age1 |   .9932594   .0196276    -0.34   0.732     .9555254    1.032484
2021-08-10T12:29:59.593585600Z         age2 |   1.047877    .086806     0.56   0.572     .8908345    1.232605
2021-08-10T12:29:59.593913800Z         age3 |   .8784537   .1766546    -0.64   0.519     .5923039    1.302846
2021-08-10T12:29:59.594249300Z       1.male |   .9805438   .0492258    -0.39   0.696     .8886577    1.081931
2021-08-10T12:29:59.594259500Z              |
2021-08-10T12:29:59.594262800Z    obese4cat |
2021-08-10T12:29:59.594553200Z Obese I ..)  |   1.002397   .0695788     0.03   0.972     .8748948    1.148481
2021-08-10T12:29:59.594798000Z Obese II..)  |   .9159665   .0842384    -0.95   0.340     .7648871    1.096887
2021-08-10T12:29:59.595068200Z Obese II..)  |   1.068633   .1171245     0.61   0.545     .8620546    1.324714
2021-08-10T12:29:59.595077100Z              |
2021-08-10T12:29:59.595080000Z smoke_nomiss |
2021-08-10T12:29:59.595311900Z      Former  |   .8956031   .1540986    -0.64   0.522     .6392295      1.2548
2021-08-10T12:29:59.595614500Z     Current  |   1.000529    .072493     0.01   0.994      .868073    1.153197
2021-08-10T12:29:59.595625100Z              |
2021-08-10T12:29:59.595629600Z          imd |
2021-08-10T12:29:59.595866900Z           4  |    1.00622   .0620843     0.10   0.920     .8916064    1.135566
2021-08-10T12:29:59.596135400Z 5 most de..  |    .945649   .0747929    -0.71   0.480     .8098547    1.104213
2021-08-10T12:29:59.596144600Z              |
2021-08-10T12:29:59.596147600Z tot_adults~h |
2021-08-10T12:29:59.596386800Z           2  |   1.144685    .452444     0.34   0.732     .5275253     2.48387
2021-08-10T12:29:59.596685500Z           3  |   .8967303   .3168153    -0.31   0.758      .448675    1.792222
2021-08-10T12:29:59.596697300Z              |
2021-08-10T12:29:59.597023200Z 1.htdiag_o~p |    1.05379   .0908612     0.61   0.543     .8899402    1.247807
2021-08-10T12:29:59.597270700Z 1.~y_disease |   1.044092   .0630225     0.71   0.475     .9275969    1.175217
2021-08-10T12:29:59.597548200Z     1.asthma |   .8663526   .0811502    -1.53   0.126     .7210472     1.04094
2021-08-10T12:29:59.597826200Z 1.~c_disease |   1.004222   .0615733     0.07   0.945     .8905102    1.132454
2021-08-10T12:29:59.597834800Z              |
2021-08-10T12:29:59.597837700Z      diabcat |
2021-08-10T12:29:59.598098800Z T1DM, con..  |   .7316536   .1462415    -1.56   0.118     .4945031    1.082535
2021-08-10T12:29:59.598307200Z T1DM, unc..  |   1.078568   .3487807     0.23   0.815      .572257    2.032843
2021-08-10T12:29:59.598517800Z T2DM, con..  |   .9407492   .0635625    -0.90   0.366     .8240654    1.073955
2021-08-10T12:29:59.598745400Z T2DM, unc..  |   1.135889   .1423303     1.02   0.309     .8885415    1.452092
2021-08-10T12:29:59.599081100Z Diabetes,..  |   3.48e-14   3.51e-14   -30.67   0.000     4.80e-15    2.52e-13
2021-08-10T12:29:59.599092600Z              |
2021-08-10T12:29:59.599097500Z cancer_exh~t |
2021-08-10T12:29:59.599324000Z   Last year  |   .5530055   .2531148    -1.29   0.196     .2254904    1.356222
2021-08-10T12:29:59.599590600Z 2-5 years..  |    .775677   .1731187    -1.14   0.255     .5008484    1.201311
2021-08-10T12:29:59.599862700Z    5+ years  |   1.020381   .0629489     0.33   0.744      .904171    1.151528
2021-08-10T12:29:59.599871800Z              |
2021-08-10T12:29:59.599874700Z cancer_hae~t |
2021-08-10T12:29:59.600181900Z   Last year  |   .4937369   .3523683    -0.99   0.323     .1219027     1.99976
2021-08-10T12:29:59.600719100Z 2-5 years..  |   .8617206   .1781501    -0.72   0.472     .5746336    1.292236
2021-08-10T12:29:59.601295300Z    5+ years  |   .9792031   .0605095    -0.34   0.734     .8675072    1.105281
2021-08-10T12:29:59.601305600Z              |
2021-08-10T12:29:59.601632800Z 1.~r_disease |   .9873003   .0621349    -0.20   0.839     .8727295    1.116912
2021-08-10T12:29:59.601920800Z 1.stroke_d~a |   1.041115   .0614353     0.68   0.495     .9274068    1.168766
2021-08-10T12:29:59.602208100Z 1.other_ne~o |   1.070082   .0646527     1.12   0.262     .9505799    1.204607
2021-08-10T12:29:59.602217200Z              |
2021-08-10T12:29:59.602220200Z reduced_ki~t |
2021-08-10T12:29:59.602574700Z Stage 3a/..  |   1.266037   .1356464     2.20   0.028     1.026234    1.561875
2021-08-10T12:29:59.602859800Z       1.esrd |   .9705702   .0463725    -0.63   0.532     .8838076     1.06585
2021-08-10T12:29:59.603128500Z 1.other_tr~t |   .9864755   .0594219    -0.23   0.821     .8766229    1.110094
2021-08-10T12:29:59.603419700Z   1.asplenia |   1.077748   .0661868     1.22   0.223     .9555271    1.215601
2021-08-10T12:29:59.603784500Z 1.ra_sle_p~s |   1.007949   .0617251     0.13   0.897     .8939479    1.136487
2021-08-10T12:29:59.605156100Z 1.other_im~o |   .9325172   .0475597    -1.37   0.171     .8438094    1.030551
2021-08-10T12:29:59.605164700Z ------------------------------------------------------------------------------
2021-08-10T12:29:59.605377000Z                                                              Stratified by stp
2021-08-10T12:29:59.614489300Z (note: file ./output/an_interaction_cox_models_covid_tpp_prob_kids_cat4_ethnici
2021-08-10T12:29:59.614551700Z > ty_MAINFULLYADJMODEL_agespline_bmicat_noeth_ageband_1MAIN.ster not found)
2021-08-10T12:29:59.614560500Z file ./output/an_interaction_cox_models_covid_tpp_prob_kids_cat4_ethnicity_MAIN
2021-08-10T12:29:59.614563600Z > FULLYADJMODEL_agespline_bmicat_noeth_ageband_1MAIN.ster saved
2021-08-10T12:29:59.616716300Z 
2021-08-10T12:29:59.616727500Z  ( 1)  1.kids_cat4 + 1o.kids_cat4#1b.ethnicity = 0
2021-08-10T12:29:59.616898900Z 
2021-08-10T12:29:59.623873400Z ------------------------------------------------------------------------------
2021-08-10T12:29:59.623885000Z           _t |     exp(b)   Std. Err.      z    P>|z|     [95% Conf. Interval]
2021-08-10T12:29:59.623888400Z -------------+----------------------------------------------------------------
2021-08-10T12:29:59.624365100Z          (1) |   .8271928    .147358    -1.06   0.287     .5834072    1.172848
2021-08-10T12:29:59.624374500Z ------------------------------------------------------------------------------
2021-08-10T12:29:59.624776700Z kids_cat4
2021-08-10T12:29:59.624785300Z ****************
2021-08-10T12:29:59.627312600Z 
2021-08-10T12:29:59.627328100Z  ( 1)  2.kids_cat4 + 2o.kids_cat4#1b.ethnicity = 0
2021-08-10T12:29:59.627495500Z 
2021-08-10T12:29:59.634868600Z ------------------------------------------------------------------------------
2021-08-10T12:29:59.634914000Z           _t |     exp(b)   Std. Err.      z    P>|z|     [95% Conf. Interval]
2021-08-10T12:29:59.634920000Z -------------+----------------------------------------------------------------
2021-08-10T12:29:59.635370900Z          (1) |    .706088   .1737913    -1.41   0.157     .4358633    1.143846
2021-08-10T12:29:59.635382000Z ------------------------------------------------------------------------------
2021-08-10T12:29:59.637806300Z 
2021-08-10T12:29:59.637818200Z  ( 1)  3.kids_cat4 + 3o.kids_cat4#1b.ethnicity = 0
2021-08-10T12:29:59.637888000Z 
2021-08-10T12:29:59.645089200Z ------------------------------------------------------------------------------
2021-08-10T12:29:59.645107500Z           _t |     exp(b)   Std. Err.      z    P>|z|     [95% Conf. Interval]
2021-08-10T12:29:59.645125700Z -------------+----------------------------------------------------------------
2021-08-10T12:29:59.645589300Z          (1) |   .8320064   .1321411    -1.16   0.247     .6094484    1.135838
2021-08-10T12:29:59.645600800Z ------------------------------------------------------------------------------
2021-08-10T12:29:59.648004200Z 
2021-08-10T12:29:59.648016600Z  ( 1)  1.kids_cat4 + 1.kids_cat4#3.ethnicity = 0
2021-08-10T12:29:59.648192300Z 
2021-08-10T12:29:59.655264300Z ------------------------------------------------------------------------------
2021-08-10T12:29:59.655290600Z           _t |     exp(b)   Std. Err.      z    P>|z|     [95% Conf. Interval]
2021-08-10T12:29:59.655296100Z -------------+----------------------------------------------------------------
2021-08-10T12:29:59.655864500Z          (1) |   .4353533   .2466523    -1.47   0.142     .1434128    1.321587
2021-08-10T12:29:59.655879500Z ------------------------------------------------------------------------------
2021-08-10T12:29:59.656924600Z kids_cat4
2021-08-10T12:29:59.656968300Z ****************
2021-08-10T12:29:59.659057300Z 
2021-08-10T12:29:59.659070300Z  ( 1)  2.kids_cat4 + 2.kids_cat4#3.ethnicity = 0
2021-08-10T12:29:59.659223200Z 
2021-08-10T12:29:59.668309000Z ------------------------------------------------------------------------------
2021-08-10T12:29:59.668330200Z           _t |     exp(b)   Std. Err.      z    P>|z|     [95% Conf. Interval]
2021-08-10T12:29:59.668335900Z -------------+----------------------------------------------------------------
2021-08-10T12:29:59.669067600Z          (1) |   .4675344    .275803    -1.29   0.197     .1471234    1.485749
2021-08-10T12:29:59.669084800Z ------------------------------------------------------------------------------
2021-08-10T12:29:59.672623200Z 
2021-08-10T12:29:59.672642100Z  ( 1)  3.kids_cat4 + 3.kids_cat4#3.ethnicity = 0
2021-08-10T12:29:59.672720600Z 
2021-08-10T12:29:59.680228100Z ------------------------------------------------------------------------------
2021-08-10T12:29:59.680245100Z           _t |     exp(b)   Std. Err.      z    P>|z|     [95% Conf. Interval]
2021-08-10T12:29:59.680250000Z -------------+----------------------------------------------------------------
2021-08-10T12:29:59.680696800Z          (1) |   .6184286   .3175907    -0.94   0.349     .2260266    1.692075
2021-08-10T12:29:59.680712100Z ------------------------------------------------------------------------------
2021-08-10T12:29:59.683223700Z 
2021-08-10T12:29:59.683238900Z  ( 1)  1.kids_cat4 + 1.kids_cat4#5.ethnicity = 0
2021-08-10T12:29:59.683399600Z 
2021-08-10T12:29:59.691027600Z ------------------------------------------------------------------------------
2021-08-10T12:29:59.691046800Z           _t |     exp(b)   Std. Err.      z    P>|z|     [95% Conf. Interval]
2021-08-10T12:29:59.691066800Z -------------+----------------------------------------------------------------
2021-08-10T12:29:59.691560000Z          (1) |   1.581036   .7789952     0.93   0.353     .6019281    4.152779
2021-08-10T12:29:59.691572200Z ------------------------------------------------------------------------------
2021-08-10T12:29:59.692088100Z kids_cat4
2021-08-10T12:29:59.692116200Z ****************
2021-08-10T12:29:59.694586100Z 
2021-08-10T12:29:59.694602800Z  ( 1)  2.kids_cat4 + 2.kids_cat4#5.ethnicity = 0
2021-08-10T12:29:59.694723200Z 
2021-08-10T12:29:59.701938100Z ------------------------------------------------------------------------------
2021-08-10T12:29:59.701952500Z           _t |     exp(b)   Std. Err.      z    P>|z|     [95% Conf. Interval]
2021-08-10T12:29:59.701956300Z -------------+----------------------------------------------------------------
2021-08-10T12:29:59.702448800Z          (1) |    2.71336   1.768825     1.53   0.126     .7561597    9.736463
2021-08-10T12:29:59.702460700Z ------------------------------------------------------------------------------
2021-08-10T12:29:59.704891700Z 
2021-08-10T12:29:59.704903400Z  ( 1)  3.kids_cat4 + 3.kids_cat4#5.ethnicity = 0
2021-08-10T12:29:59.705037800Z 
2021-08-10T12:29:59.712717400Z ------------------------------------------------------------------------------
2021-08-10T12:29:59.712735300Z           _t |     exp(b)   Std. Err.      z    P>|z|     [95% Conf. Interval]
2021-08-10T12:29:59.712739900Z -------------+----------------------------------------------------------------
2021-08-10T12:29:59.713180200Z          (1) |   1.250483   .5491225     0.51   0.611     .5287996     2.95709
2021-08-10T12:29:59.713192400Z ------------------------------------------------------------------------------
2021-08-10T12:29:59.713695300Z 
2021-08-10T12:29:59.713706000Z . log close
2021-08-10T12:29:59.713710400Z       name:  <unnamed>
2021-08-10T12:29:59.713714900Z        log:  /workspace/log/10_an_interaction_cox_models_ethcat_covid_tpp_probM
2021-08-10T12:29:59.713718800Z > AIN.log
2021-08-10T12:29:59.713723000Z   log type:  text
2021-08-10T12:29:59.713727000Z  closed on:  10 Aug 2021, 12:29:59
2021-08-10T12:29:59.713730900Z -------------------------------------------------------------------------------
2021-08-10T12:29:59.713734700Z 
2021-08-10T12:29:59.713738100Z . 
2021-08-10T12:29:59.713741600Z . exit, clear 
2021-08-10T12:29:59.713745300Z 
2021-08-10T12:29:59.713748700Z end of do-file
2021-08-10T12:29:59.713752100Z 
2021-08-10T12:29:59.713755300Z . . file open output using "/tmp/tmp.v3zja1esXk", write text replace
2021-08-10T12:29:59.713886100Z 
2021-08-10T12:29:59.713904500Z . . file write output "success" 
2021-08-10T12:29:59.713908000Z 
2021-08-10T12:29:59.713910300Z . . file close output
2021-08-10T12:29:59.713912700Z 
2021-08-10T12:29:59.713915000Z . 
2021-08-10T12:29:59.713917400Z end of do-file
2021-08-10T12:29:59.713919700Z 
2021-08-10T12:29:59.713921800Z 
2021-08-10T12:29:59.743226200Z . 

state: succeeded
commit: None
docker_image_id: sha256:11980aa720220a1b39bf523f5a8a33270214c13876c30ee364e16265766f7f60
exit_code: 0
job_id: qpay3hin3gu5dxs5
run_by_user: qc18278
created_at: 2021-08-10T12:29:15Z
started_at: 2021-08-10T12:29:38Z
completed_at: 2021-08-10T12:30:46Z

Completed successfully

outputs:
  log/10_an_interaction_cox_models_ethcat_covid_tpp_probMAIN.log                                                                   - moderately_sensitive
  output/an_interaction_cox_models_covid_tpp_prob_kids_cat4_ethnicity_MAINFULLYADJMODEL_agespline_bmicat_noeth_ageband_0MAIN.ster  - moderately_sensitive
  output/an_interaction_cox_models_covid_tpp_prob_kids_cat4_ethnicity_MAINFULLYADJMODEL_agespline_bmicat_noeth_ageband_1MAIN.ster  - moderately_sensitive