2021-07-20T16:00:47.525692600Z 
2021-07-20T16:00:47.525722300Z   ___  ____  ____  ____  ____ (R)
2021-07-20T16:00:47.525725600Z  /__    /   ____/   /   ____/
2021-07-20T16:00:47.525727800Z ___/   /   /___/   /   /___/   16.1   Copyright 1985-2019 StataCorp LLC
2021-07-20T16:00:47.525730000Z   Statistics/Data Analysis            StataCorp
2021-07-20T16:00:47.525732300Z                                       4905 Lakeway Drive
2021-07-20T16:00:47.525734500Z                                       College Station, Texas 77845 USA
2021-07-20T16:00:47.525736500Z                                       800-STATA-PC        http://www.stata.com
2021-07-20T16:00:47.525738600Z                                       979-696-4600        stata@stata.com
2021-07-20T16:00:47.525740600Z                                       979-696-4601 (fax)
2021-07-20T16:00:47.525742600Z 
2021-07-20T16:00:47.525744400Z 3-user Stata network license expires 11 May 2022:
2021-07-20T16:00:47.525746400Z        Serial number:  501709312237
2021-07-20T16:00:47.525748300Z          Licensed to:  The Bennett Institute
2021-07-20T16:00:47.525750500Z                        Oxford University
2021-07-20T16:00:47.526280600Z 
2021-07-20T16:00:47.526294900Z Notes:
2021-07-20T16:00:47.526298100Z       1.  Unicode is supported; see help unicode_advice.
2021-07-20T16:00:47.526300400Z 
2021-07-20T16:00:47.526302400Z . do "analysis/10_an_interaction_cox_models_sex.wrapper.do" covid_tpp_prob W2 
2021-07-20T16:00:47.526304700Z 
2021-07-20T16:00:47.526306500Z . . do "analysis/10_an_interaction_cox_models_sex.do" covid_tpp_prob W2
2021-07-20T16:00:47.526308600Z 
2021-07-20T16:00:47.526310400Z . *****************************************************************************
2021-07-20T16:00:47.526312500Z > ***
2021-07-20T16:00:47.526314400Z . *
2021-07-20T16:00:47.526316500Z . *       Do-file:                10_an_interaction_cox_models_sex.do
2021-07-20T16:00:47.526318600Z . *
2021-07-20T16:00:47.526320900Z . *       Project:                Exposure children and COVID risk
2021-07-20T16:00:47.526323200Z . *
2021-07-20T16:00:47.526325000Z . *       Programmed by:  Hforbes, based on files from Fizz & Krishnan
2021-07-20T16:00:47.526327200Z . *
2021-07-20T16:00:47.526329100Z . *       Data used:              analysis_dataset.dta
2021-07-20T16:00:47.526331000Z . *
2021-07-20T16:00:47.526333100Z . *       Data created:   None
2021-07-20T16:00:47.526335000Z . *
2021-07-20T16:00:47.526337000Z . *       Other output:   Log file:  10_an_interaction_cox_models.log
2021-07-20T16:00:47.526339100Z . *
2021-07-20T16:00:47.526340900Z . *****************************************************************************
2021-07-20T16:00:47.526350900Z > ***
2021-07-20T16:00:47.526354600Z . *
2021-07-20T16:00:47.526357900Z . *       Purpose:                This do-file performs multivariable (fully ad
2021-07-20T16:00:47.526362000Z > justed) 
2021-07-20T16:00:47.526365300Z . *                                       Cox models, with an interaction by se
2021-07-20T16:00:47.526367500Z > x.
2021-07-20T16:00:47.526369600Z . *  
2021-07-20T16:00:47.526371700Z . *****************************************************************************
2021-07-20T16:00:47.526373800Z > ***
2021-07-20T16:00:47.526375800Z . *       
2021-07-20T16:00:47.526377900Z . *       Stata routines needed:  stbrier   
2021-07-20T16:00:47.526380300Z . *
2021-07-20T16:00:47.526382400Z . *****************************************************************************
2021-07-20T16:00:47.526384800Z > ***
2021-07-20T16:00:47.526386900Z . 
2021-07-20T16:00:47.526388800Z . 
2021-07-20T16:00:47.526390600Z . * Set globals that will print in programs and direct output
2021-07-20T16:00:47.526392600Z . global outdir     "output" 
2021-07-20T16:00:47.526394700Z 
2021-07-20T16:00:47.526396700Z . global logdir     "log"
2021-07-20T16:00:47.526398900Z 
2021-07-20T16:00:47.526404400Z . global tempdir    "tempdata"
2021-07-20T16:00:47.526406800Z 
2021-07-20T16:00:47.526408600Z . global demogadjlist  age1 age2 age3 i.male i.ethnicity  i.obese4cat i.smoke_n
2021-07-20T16:00:47.526410700Z > omiss i.imd i.tot_adults_hh
2021-07-20T16:00:47.526412700Z 
2021-07-20T16:00:47.526414600Z . global comordidadjlist  i.htdiag_or_highbp                              ///
2021-07-20T16:00:47.526417000Z >                         i.chronic_respiratory_disease   ///
2021-07-20T16:00:47.526419100Z >                         i.asthma                                             
2021-07-20T16:00:47.526421300Z >    ///
2021-07-20T16:00:47.526423400Z >                         i.chronic_cardiac_disease               ///
2021-07-20T16:00:47.526425400Z >                         i.diabcat                                            
2021-07-20T16:00:47.526427500Z >    ///
2021-07-20T16:00:47.526429400Z >                         i.cancer_exhaem_cat                             ///
2021-07-20T16:00:47.526431400Z >                         i.cancer_haem_cat                               ///
2021-07-20T16:00:47.526433700Z >                         i.chronic_liver_disease                 ///
2021-07-20T16:00:47.526436700Z >                         i.stroke_dementia                               ///
2021-07-20T16:00:47.526438700Z >                         i.other_neuro                                   ///
2021-07-20T16:00:47.526443800Z >                         i.reduced_kidney_function_cat   ///
2021-07-20T16:00:47.526445900Z >                         i.esrd                                               
2021-07-20T16:00:47.526447900Z >    ///
2021-07-20T16:00:47.526449800Z >                         i.other_transplant                              ///
2021-07-20T16:00:47.526451800Z >                         i.asplenia                                           
2021-07-20T16:00:47.526454000Z >    ///
2021-07-20T16:00:47.526456000Z >                         i.ra_sle_psoriasis                      ///
2021-07-20T16:00:47.526458100Z >                         i.other_immuno          
2021-07-20T16:00:47.526460200Z 
2021-07-20T16:00:47.526462100Z . local outcome `1' 
2021-07-20T16:00:47.526464000Z 
2021-07-20T16:00:47.526465800Z . local dataset `2'
2021-07-20T16:00:47.526467800Z 
2021-07-20T16:00:47.526469800Z .  
2021-07-20T16:00:47.526471700Z . 
2021-07-20T16:00:47.526473700Z . 
2021-07-20T16:00:47.526475700Z . *****************************************************************************
2021-07-20T16:00:47.526477700Z > *******
2021-07-20T16:00:47.526480200Z . *First clean up all old saved estimates for this outcome
2021-07-20T16:00:47.526482400Z . *This is to guard against accidentally displaying left-behind results from ol
2021-07-20T16:00:47.526484400Z > d runs
2021-07-20T16:00:47.526486500Z . *****************************************************************************
2021-07-20T16:00:47.526488600Z > *******
2021-07-20T16:00:47.526490700Z . cap erase ./output/an_interaction_cox_models_`outcome'_`exposure_type'_male_M
2021-07-20T16:00:47.526492800Z > AINFULLYADJMODEL_agespline_bmicat_noeth_ageband_0.ster
2021-07-20T16:00:47.526595100Z 
2021-07-20T16:00:47.526607400Z . cap erase ./output/an_interaction_cox_models_`outcome'_`exposure_type'_male_M
2021-07-20T16:00:47.526612400Z > AINFULLYADJMODEL_agespline_bmicat_noeth_ageband_1.ster
2021-07-20T16:00:47.526615900Z 
2021-07-20T16:00:47.526619100Z . 
2021-07-20T16:00:47.526622400Z . 
2021-07-20T16:00:47.526626000Z . cap log close
2021-07-20T16:00:47.526629800Z 
2021-07-20T16:00:47.526633100Z . log using "$logdir/10_an_interaction_cox_models_sex_`outcome'`dataset'", text
2021-07-20T16:00:47.526636800Z >  replace
2021-07-20T16:00:47.526732800Z (note: file /workspace/log/10_an_interaction_cox_models_sex_covid_tpp_probW2.lo
2021-07-20T16:00:47.526742000Z > g not found)
2021-07-20T16:00:47.526745500Z -------------------------------------------------------------------------------
2021-07-20T16:00:47.526756300Z       name:  <unnamed>
2021-07-20T16:00:47.526760500Z        log:  /workspace/log/10_an_interaction_cox_models_sex_covid_tpp_probW2.l
2021-07-20T16:00:47.526764000Z > og
2021-07-20T16:00:47.526767400Z   log type:  text
2021-07-20T16:00:47.526771000Z  opened on:  20 Jul 2021, 16:00:47
2021-07-20T16:00:47.526774400Z 
2021-07-20T16:00:47.526777600Z . 
2021-07-20T16:00:47.526780900Z . 
2021-07-20T16:00:47.526783800Z . *PROG TO DEFINE THE BASIC COX MODEL WITH OPTIONS FOR HANDLING OF AGE, BMI, ET
2021-07-20T16:00:47.526787100Z > HNICITY:
2021-07-20T16:00:47.526790300Z . cap prog drop basemodel
2021-07-20T16:00:47.526796400Z 
2021-07-20T16:00:47.526800600Z . prog define basemodel
2021-07-20T16:00:47.526910000Z   1.         syntax , exposure(string)  age(string) [ethnicity(real 0) interact
2021-07-20T16:00:47.526918200Z > ion(string)] 
2021-07-20T16:00:47.526922400Z   2. timer clear
2021-07-20T16:00:47.526925900Z   3. timer on 1
2021-07-20T16:00:47.526929100Z   4. stcox   `exposure'                                                        
2021-07-20T16:00:47.526932600Z >       ///
2021-07-20T16:00:47.526935900Z >                         $demogadjlist                                        
2021-07-20T16:00:47.526939600Z >            ///
2021-07-20T16:00:47.526942800Z >                         $comordidadjlist                                     
2021-07-20T16:00:47.526946400Z >            ///
2021-07-20T16:00:47.526949500Z >                         `interaction'                                        
2021-07-20T16:00:47.526952800Z >            ///
2021-07-20T16:00:47.526956100Z >                         , strata(stp) vce(cluster household_id)
2021-07-20T16:00:47.526959700Z   5.         timer off 1
2021-07-20T16:00:47.526963100Z   6. timer list
2021-07-20T16:00:47.526966800Z   7. end
2021-07-20T16:00:47.526970600Z 
2021-07-20T16:00:47.526975300Z . *****************************************************************************
2021-07-20T16:00:47.526979200Z > ********
2021-07-20T16:00:47.527007100Z . 
2021-07-20T16:00:47.527012400Z . * Open dataset and fit specified model(s)
2021-07-20T16:00:47.527016200Z . forvalues x=0/1 {
2021-07-20T16:00:47.527020500Z   2. use "$tempdir/cr_create_analysis_dataset_STSET_`outcome'_ageband_`x'`datas
2021-07-20T16:00:47.527024300Z > et'.dta", clear
2021-07-20T16:00:47.527028200Z   3. foreach int_type in  male  {
2021-07-20T16:00:47.527031700Z   4. 
2021-07-20T16:00:47.527035300Z . tab male `outcome'
2021-07-20T16:00:47.527152900Z   5. *Age interaction for 3-level exposure vars
2021-07-20T16:00:47.527172200Z . foreach exposure_type in kids_cat4  {
2021-07-20T16:00:47.527177600Z   6. 
2021-07-20T16:00:47.527181200Z . *Age spline model (not adj ethnicity, no interaction)
2021-07-20T16:00:47.527184700Z . basemodel, exposure("i.`exposure_type'") age("age1 age2 age3")  
2021-07-20T16:00:47.527188500Z   7. 
2021-07-20T16:00:47.527191800Z . *Age spline model (not adj ethnicity, interaction)
2021-07-20T16:00:47.527195300Z . basemodel, exposure("i.`exposure_type'") age("age1 age2 age3")  ///
2021-07-20T16:00:47.527199400Z > interaction(1.`int_type'#1.`exposure_type' 1.`int_type'#2.`exposure_type' 1.`
2021-07-20T16:00:47.527201900Z > int_type'#3.`exposure_type')
2021-07-20T16:00:47.527204000Z   8. if _rc==0{
2021-07-20T16:00:47.527305400Z   9. testparm 1.`int_type'#i.`exposure_type'
2021-07-20T16:00:47.527316400Z  10. di _n "`exposure_type' " _n "****************"
2021-07-20T16:00:47.527321100Z  11. lincom 1.`exposure_type' + 1.`int_type'#1.`exposure_type', eform
2021-07-20T16:00:47.527324800Z  12. di "`exposure_type'" _n "****************"
2021-07-20T16:00:47.527328300Z  13. lincom 2.`exposure_type' + 1.`int_type'#2.`exposure_type', eform
2021-07-20T16:00:47.527330500Z  14. di "`exposure_type'" _n "****************"
2021-07-20T16:00:47.527332500Z  15. lincom 3.`exposure_type' + 1.`int_type'#3.`exposure_type', eform
2021-07-20T16:00:47.527334700Z  16. estimates save ./output/an_interaction_cox_models_`outcome'_`exposure_type
2021-07-20T16:00:47.527336800Z > '_`int_type'_MAINFULLYADJMODEL_agespline_bmicat_noeth_ageband_`x'`dataset', r
2021-07-20T16:00:47.527339000Z > eplace
2021-07-20T16:00:47.527341000Z  17. }
2021-07-20T16:00:47.527404900Z  18. else di "WARNING GROUP MODEL DID NOT FIT (OUTCOME `outcome')"
2021-07-20T16:00:47.527414200Z  19. 
2021-07-20T16:00:47.527416800Z . }
2021-07-20T16:00:47.527418800Z  20. }
2021-07-20T16:00:47.527420800Z  21. }
2021-07-20T16:00:47.536661200Z 
2021-07-20T16:00:47.536678300Z            |   Failure/censoring
2021-07-20T16:00:47.536681100Z            |     indicator for
2021-07-20T16:00:47.536683200Z            |  outcome: covid prob
2021-07-20T16:00:47.536685400Z            |         case
2021-07-20T16:00:47.536687400Z       Male |         0          1 |     Total
2021-07-20T16:00:47.536689500Z -----------+----------------------+----------
2021-07-20T16:00:47.536691500Z          0 |     5,676      2,677 |     8,353 
2021-07-20T16:00:47.536693600Z          1 |     5,407      2,475 |     7,882 
2021-07-20T16:00:47.536695600Z -----------+----------------------+----------
2021-07-20T16:00:47.536697500Z      Total |    11,083      5,152 |    16,235 
2021-07-20T16:00:47.546958500Z 
2021-07-20T16:00:47.546975300Z          failure _d:  covid_tpp_prob
2021-07-20T16:00:47.546978100Z    analysis time _t:  (stime_covid_tpp_prob-origin)
2021-07-20T16:00:47.546980200Z              origin:  time enter_date
2021-07-20T16:00:47.546982200Z   enter on or after:  time enter_date
2021-07-20T16:00:47.546984600Z                  id:  patient_id
2021-07-20T16:00:47.951265600Z 
2021-07-20T16:00:47.951295200Z Iteration 0:   log pseudolikelihood = -36583.944
2021-07-20T16:00:48.097613900Z Iteration 1:   log pseudolikelihood = -36566.027
2021-07-20T16:00:48.227745700Z Iteration 2:   log pseudolikelihood = -36565.178
2021-07-20T16:00:48.359146000Z Iteration 3:   log pseudolikelihood = -36565.158
2021-07-20T16:00:48.480971200Z Iteration 4:   log pseudolikelihood = -36565.158
2021-07-20T16:00:48.480995400Z Refining estimates:
2021-07-20T16:00:49.035128900Z Iteration 0:   log pseudolikelihood = -36565.158
2021-07-20T16:00:53.366748000Z 
2021-07-20T16:00:53.366780300Z Stratified Cox regr. -- Breslow method for ties
2021-07-20T16:00:53.366792800Z 
2021-07-20T16:00:53.366798000Z No. of subjects      =       16,235             Number of obs    =      16,235
2021-07-20T16:00:53.366802600Z No. of failures      =        5,152
2021-07-20T16:00:53.366806900Z Time at risk         =      1293704
2021-07-20T16:00:53.366862900Z                                                 Wald chi2(42)    =       42.81
2021-07-20T16:00:53.367039800Z Log pseudolikelihood =   -36565.158             Prob > chi2      =      0.4361
2021-07-20T16:00:53.367052700Z 
2021-07-20T16:00:53.521752000Z                        (Std. Err. adjusted for 1,121 clusters in household_id)
2021-07-20T16:00:53.521780300Z ------------------------------------------------------------------------------
2021-07-20T16:00:53.521787100Z              |               Robust
2021-07-20T16:00:53.521792300Z           _t | Haz. Ratio   Std. Err.      z    P>|z|     [95% Conf. Interval]
2021-07-20T16:00:53.521798300Z -------------+----------------------------------------------------------------
2021-07-20T16:00:53.521803300Z    kids_cat4 |
2021-07-20T16:00:53.533945700Z only <12 ..  |   .8394926   .0766471    -1.92   0.055     .7019412    1.003998
2021-07-20T16:00:53.534214800Z  only 12-18  |   .8747857   .1075034    -1.09   0.276     .6875378     1.11303
2021-07-20T16:00:53.534453200Z       mixed  |   .8466038   .0705384    -2.00   0.046     .7190495    .9967855
2021-07-20T16:00:53.534467900Z              |
2021-07-20T16:00:53.534756200Z         age1 |   .9935615   .0050204    -1.28   0.201     .9837702     1.00345
2021-07-20T16:00:53.534992300Z         age2 |   1.016969   .0156836     1.09   0.275     .9866895    1.048177
2021-07-20T16:00:53.535196100Z         age3 |   .9640435   .0413912    -0.85   0.394     .8862378     1.04868
2021-07-20T16:00:53.535506600Z       1.male |   .9701042   .0272576    -1.08   0.280     .9181247    1.025026
2021-07-20T16:00:53.535519600Z              |
2021-07-20T16:00:53.535524500Z    ethnicity |
2021-07-20T16:00:53.535669800Z Asian or ..  |   .9135341   .0428643    -1.93   0.054     .8332688    1.001531
2021-07-20T16:00:53.536019300Z       Other  |   .9965956   .0458899    -0.07   0.941     .9105923    1.090722
2021-07-20T16:00:53.536028800Z              |
2021-07-20T16:00:53.536033400Z    obese4cat |
2021-07-20T16:00:53.536191700Z Obese I ..)  |   1.041577   .0420136     1.01   0.313     .9624027    1.127265
2021-07-20T16:00:53.536415600Z Obese II..)  |    1.01626   .0525798     0.31   0.755     .9182583    1.124721
2021-07-20T16:00:53.536874200Z Obese II..)  |   .9322484   .0566083    -1.16   0.248     .8276462    1.050071
2021-07-20T16:00:53.536886400Z              |
2021-07-20T16:00:53.536891000Z smoke_nomiss |
2021-07-20T16:00:53.537073300Z      Former  |   1.120528   .1128871     1.13   0.259     .9197475    1.365138
2021-07-20T16:00:53.537276200Z     Current  |   1.005063   .0443931     0.11   0.909     .9217136    1.095949
2021-07-20T16:00:53.537284500Z              |
2021-07-20T16:00:53.537287300Z          imd |
2021-07-20T16:00:53.537569300Z           4  |   1.016924   .0355065     0.48   0.631     .9496599    1.088952
2021-07-20T16:00:53.537936900Z 5 most de..  |   1.025543   .0476883     0.54   0.588     .9362081    1.123402
2021-07-20T16:00:53.537949000Z              |
2021-07-20T16:00:53.537953800Z tot_adults~h |
2021-07-20T16:00:53.538187600Z           2  |   1.292758   .3207656     1.03   0.301     .7949011    2.102431
2021-07-20T16:00:53.538467400Z           3  |     1.3267    .255258     1.47   0.142     .9099148    1.934392
2021-07-20T16:00:53.538480400Z              |
2021-07-20T16:00:53.538848700Z 1.htdiag_o~p |   .9698821   .0495156    -0.60   0.549     .8775308    1.071952
2021-07-20T16:00:53.539126300Z 1.~y_disease |    1.01719   .0359113     0.48   0.629      .949185    1.090067
2021-07-20T16:00:53.539440200Z     1.asthma |   .9597191   .0516098    -0.76   0.445      .863714    1.066395
2021-07-20T16:00:53.539728500Z 1.~c_disease |   1.005677    .034432     0.17   0.869     .9404062    1.075478
2021-07-20T16:00:53.539740500Z              |
2021-07-20T16:00:53.539745500Z      diabcat |
2021-07-20T16:00:53.540038500Z T1DM, con..  |   1.101715   .0884632     1.21   0.228     .9412848    1.289488
2021-07-20T16:00:53.540259300Z T1DM, unc..  |   .8325759   .1677854    -0.91   0.363     .5608994    1.235841
2021-07-20T16:00:53.540505500Z T2DM, con..  |   1.033688   .0384546     0.89   0.373     .9610005    1.111874
2021-07-20T16:00:53.540705400Z T2DM, unc..  |   1.033516   .0778838     0.44   0.662     .8916046    1.198015
2021-07-20T16:00:53.540967900Z Diabetes,..  |   2.255014   1.009291     1.82   0.069     .9379319    5.421594
2021-07-20T16:00:53.541006100Z              |
2021-07-20T16:00:53.541013300Z cancer_exh~t |
2021-07-20T16:00:53.541364600Z   Last year  |   .7559123   .2009252    -1.05   0.292     .4489706    1.272697
2021-07-20T16:00:53.541569900Z 2-5 years..  |   1.060539   .1123058     0.56   0.579     .8617646    1.305163
2021-07-20T16:00:53.541857300Z    5+ years  |   1.048847   .0371068     1.35   0.178     .9785828    1.124155
2021-07-20T16:00:53.541866600Z              |
2021-07-20T16:00:53.541869200Z cancer_hae~t |
2021-07-20T16:00:53.542151000Z   Last year  |   .4686815    .146934    -2.42   0.016     .2535256    .8664306
2021-07-20T16:00:53.542479800Z 2-5 years..  |   1.116511   .1194297     1.03   0.303     .9053421    1.376935
2021-07-20T16:00:53.542784000Z    5+ years  |   .9912663   .0369538    -0.24   0.814     .9214209    1.066406
2021-07-20T16:00:53.542799600Z              |
2021-07-20T16:00:53.543076500Z 1.~r_disease |   1.040675   .0363843     1.14   0.254     .9717515    1.114487
2021-07-20T16:00:53.543371000Z 1.stroke_d~a |   .9989836   .0344177    -0.03   0.976     .9337532    1.068771
2021-07-20T16:00:53.543679700Z 1.other_ne~o |   .9955938   .0356742    -0.12   0.902     .9280725    1.068028
2021-07-20T16:00:53.543689300Z              |
2021-07-20T16:00:53.543691900Z reduced_ki~t |
2021-07-20T16:00:53.543962600Z Stage 3a/..  |   .8619514   .2061661    -0.62   0.535     .5393714    1.377456
2021-07-20T16:00:53.544203600Z       1.esrd |   .9935478   .0291005    -0.22   0.825      .938118    1.052253
2021-07-20T16:00:53.544509200Z 1.other_tr~t |   .9969542   .0336874    -0.09   0.928      .933067    1.065216
2021-07-20T16:00:53.544752400Z   1.asplenia |   1.024599   .0352344     0.71   0.480      .957817    1.096038
2021-07-20T16:00:53.545004900Z 1.ra_sle_p~s |   .9872092   .0341219    -0.37   0.710     .9225465    1.056404
2021-07-20T16:00:53.558031200Z 1.other_im~o |   .9937742   .0304789    -0.20   0.839     .9357966    1.055344
2021-07-20T16:00:53.558052500Z ------------------------------------------------------------------------------
2021-07-20T16:00:53.558335500Z                                                              Stratified by stp
2021-07-20T16:00:53.564040300Z    1:      6.02 /        1 =       6.0240
2021-07-20T16:00:53.573295200Z 
2021-07-20T16:00:53.573317500Z          failure _d:  covid_tpp_prob
2021-07-20T16:00:53.573321300Z    analysis time _t:  (stime_covid_tpp_prob-origin)
2021-07-20T16:00:53.573323800Z              origin:  time enter_date
2021-07-20T16:00:53.573326000Z   enter on or after:  time enter_date
2021-07-20T16:00:53.573328300Z                  id:  patient_id
2021-07-20T16:00:54.062975300Z 
2021-07-20T16:00:54.062995300Z Iteration 0:   log pseudolikelihood = -36583.944
2021-07-20T16:00:54.242667100Z Iteration 1:   log pseudolikelihood = -36562.858
2021-07-20T16:00:54.415983500Z Iteration 2:   log pseudolikelihood = -36561.926
2021-07-20T16:00:54.585835500Z Iteration 3:   log pseudolikelihood = -36561.906
2021-07-20T16:00:54.783965500Z Iteration 4:   log pseudolikelihood = -36561.906
2021-07-20T16:00:54.784002000Z Refining estimates:
2021-07-20T16:00:55.489865600Z Iteration 0:   log pseudolikelihood = -36561.906
2021-07-20T16:01:00.002926000Z 
2021-07-20T16:01:00.002947600Z Stratified Cox regr. -- Breslow method for ties
2021-07-20T16:01:00.002953000Z 
2021-07-20T16:01:00.002957300Z No. of subjects      =       16,235             Number of obs    =      16,235
2021-07-20T16:01:00.002961700Z No. of failures      =        5,152
2021-07-20T16:01:00.002965800Z Time at risk         =      1293704
2021-07-20T16:01:00.003112000Z                                                 Wald chi2(45)    =       51.57
2021-07-20T16:01:00.003125000Z Log pseudolikelihood =   -36561.906             Prob > chi2      =      0.2323
2021-07-20T16:01:00.003130100Z 
2021-07-20T16:01:00.012966400Z                        (Std. Err. adjusted for 1,121 clusters in household_id)
2021-07-20T16:01:00.012984900Z ------------------------------------------------------------------------------
2021-07-20T16:01:00.012990500Z              |               Robust
2021-07-20T16:01:00.012994600Z           _t | Haz. Ratio   Std. Err.      z    P>|z|     [95% Conf. Interval]
2021-07-20T16:01:00.012999400Z -------------+----------------------------------------------------------------
2021-07-20T16:01:00.013003400Z    kids_cat4 |
2021-07-20T16:01:00.013159900Z only <12 ..  |   .7680254   .0898352    -2.26   0.024     .6106766    .9659171
2021-07-20T16:01:00.013262600Z  only 12-18  |   .9984208   .1539829    -0.01   0.992     .7379651    1.350801
2021-07-20T16:01:00.013533600Z       mixed  |   .7820636   .0811542    -2.37   0.018     .6381363    .9584527
2021-07-20T16:01:00.013544400Z              |
2021-07-20T16:01:00.013716100Z         age1 |   .9936899   .0050195    -1.25   0.210     .9839004    1.003577
2021-07-20T16:01:00.013826600Z         age2 |   1.016527   .0156704     1.06   0.288     .9862733    1.047709
2021-07-20T16:01:00.014181700Z         age3 |    .965207   .0414292    -0.83   0.409     .8873289     1.04992
2021-07-20T16:01:00.014305500Z       1.male |   .8290495   .1174816    -1.32   0.186     .6280002    1.094463
2021-07-20T16:01:00.014316600Z              |
2021-07-20T16:01:00.014321300Z    ethnicity |
2021-07-20T16:01:00.014628800Z Asian or ..  |   .9140548   .0429048    -1.91   0.056     .8337151    1.002136
2021-07-20T16:01:00.014905600Z       Other  |   .9965788     .04598    -0.07   0.941     .9104141    1.090898
2021-07-20T16:01:00.014916700Z              |
2021-07-20T16:01:00.014931800Z    obese4cat |
2021-07-20T16:01:00.014996900Z Obese I ..)  |   1.042488   .0420173     1.03   0.302     .9633044    1.128181
2021-07-20T16:01:00.017269400Z Obese II..)  |   1.017701   .0526476     0.34   0.734     .9195719    1.126301
2021-07-20T16:01:00.017969600Z Obese II..)  |   .9321049   .0565996    -1.16   0.247     .8275187    1.049909
2021-07-20T16:01:00.017983800Z              |
2021-07-20T16:01:00.017988200Z smoke_nomiss |
2021-07-20T16:01:00.018671800Z      Former  |   1.117194   .1127017     1.10   0.272     .9167688    1.361435
2021-07-20T16:01:00.019702900Z     Current  |   1.004199   .0443751     0.09   0.924     .9208856     1.09505
2021-07-20T16:01:00.019725100Z              |
2021-07-20T16:01:00.019730200Z          imd |
2021-07-20T16:01:00.020172200Z           4  |    1.01716   .0355227     0.49   0.626     .9498665    1.089222
2021-07-20T16:01:00.020559400Z 5 most de..  |   1.026104   .0476763     0.55   0.579     .9367887    1.123935
2021-07-20T16:01:00.020571200Z              |
2021-07-20T16:01:00.020575700Z tot_adults~h |
2021-07-20T16:01:00.020842500Z           2  |   1.300565    .322961     1.06   0.290     .7993899    2.115951
2021-07-20T16:01:00.021112400Z           3  |   1.317376   .2538509     1.43   0.153     .9030004    1.921903
2021-07-20T16:01:00.021125600Z              |
2021-07-20T16:01:00.021489800Z 1.htdiag_o~p |   .9697771   .0495103    -0.60   0.548     .8774356    1.071837
2021-07-20T16:01:00.021811700Z 1.~y_disease |    1.01671   .0358874     0.47   0.639     .9487495    1.089538
2021-07-20T16:01:00.022207100Z     1.asthma |   .9613265   .0517141    -0.73   0.463      .865129    1.068221
2021-07-20T16:01:00.022528700Z 1.~c_disease |   1.005296   .0344132     0.15   0.877     .9400602    1.075059
2021-07-20T16:01:00.022541100Z              |
2021-07-20T16:01:00.022545800Z      diabcat |
2021-07-20T16:01:00.022852600Z T1DM, con..  |    1.10107   .0883333     1.20   0.230     .9408647    1.288554
2021-07-20T16:01:00.023161600Z T1DM, unc..  |   .8400259   .1686628    -0.87   0.385     .5667428    1.245086
2021-07-20T16:01:00.023355400Z T2DM, con..  |   1.032302   .0384048     0.85   0.393     .9597086    1.110386
2021-07-20T16:01:00.023639500Z T2DM, unc..  |   1.034123   .0779119     0.45   0.656     .8921578    1.198678
2021-07-20T16:01:00.023949100Z Diabetes,..  |   2.235751      .9915     1.81   0.070     .9374257    5.332246
2021-07-20T16:01:00.023969600Z              |
2021-07-20T16:01:00.023974500Z cancer_exh~t |
2021-07-20T16:01:00.024184500Z   Last year  |   .7564537    .200937    -1.05   0.293     .4494459    1.273173
2021-07-20T16:01:00.024404500Z 2-5 years..  |   1.063822   .1124372     0.59   0.558      .864777    1.308682
2021-07-20T16:01:00.024730700Z    5+ years  |   1.049345   .0370779     1.36   0.173     .9791332    1.124592
2021-07-20T16:01:00.024755300Z              |
2021-07-20T16:01:00.024759400Z cancer_hae~t |
2021-07-20T16:01:00.025016000Z   Last year  |   .4682153    .146877    -2.42   0.016     .2531789    .8658918
2021-07-20T16:01:00.025237700Z 2-5 years..  |   1.109347   .1189349     0.97   0.333     .8991011    1.368756
2021-07-20T16:01:00.025619000Z    5+ years  |   .9910169   .0369754    -0.24   0.809     .9211327    1.066203
2021-07-20T16:01:00.025630400Z              |
2021-07-20T16:01:00.025894500Z 1.~r_disease |   1.040518    .036375     1.14   0.256      .971612    1.114311
2021-07-20T16:01:00.026267000Z 1.stroke_d~a |   .9993694   .0344582    -0.02   0.985     .9340642    1.069241
2021-07-20T16:01:00.026652500Z 1.other_ne~o |    .996076    .035698    -0.11   0.913     .9285099    1.068559
2021-07-20T16:01:00.026665200Z              |
2021-07-20T16:01:00.026669700Z reduced_ki~t |
2021-07-20T16:01:00.027025300Z Stage 3a/..  |   .8612721   .2062099    -0.62   0.533     .5386934    1.377016
2021-07-20T16:01:00.027372800Z       1.esrd |   .9931399    .029077    -0.24   0.814     .9377544    1.051797
2021-07-20T16:01:00.027679400Z 1.other_tr~t |   .9974212   .0337002    -0.08   0.939     .9335096    1.065708
2021-07-20T16:01:00.028130900Z   1.asplenia |    1.02553   .0352443     0.73   0.463     .9587272    1.096987
2021-07-20T16:01:00.028454200Z 1.ra_sle_p~s |   .9885405   .0341616    -0.33   0.739     .9238022    1.057815
2021-07-20T16:01:00.028798700Z 1.other_im~o |   .9946395   .0305236    -0.18   0.861      .936578    1.056301
2021-07-20T16:01:00.028811000Z              |
2021-07-20T16:01:00.028815600Z         male#|
2021-07-20T16:01:00.028819100Z    kids_cat4 |
2021-07-20T16:01:00.028822400Z           1 #|
2021-07-20T16:01:00.029121100Z only <12 ..  |   1.208574    .196688     1.16   0.244     .8785069    1.662651
2021-07-20T16:01:00.029131500Z           1 #|
2021-07-20T16:01:00.029428200Z  only 12-18  |   .7262077   .1774169    -1.31   0.190     .4498909    1.172234
2021-07-20T16:01:00.030767100Z     1#mixed  |   1.183816   .1715389     1.16   0.244     .8911322    1.572628
2021-07-20T16:01:00.030786600Z ------------------------------------------------------------------------------
2021-07-20T16:01:00.031020100Z                                                              Stratified by stp
2021-07-20T16:01:00.032402400Z    1:      6.47 /        1 =       6.4710
2021-07-20T16:01:00.034210800Z 
2021-07-20T16:01:00.034232000Z  ( 1)  1.male#1.kids_cat4 = 0
2021-07-20T16:01:00.034237600Z  ( 2)  1.male#2.kids_cat4 = 0
2021-07-20T16:01:00.034241100Z  ( 3)  1.male#3.kids_cat4 = 0
2021-07-20T16:01:00.034244100Z 
2021-07-20T16:01:00.034247100Z            chi2(  3) =    7.28
2021-07-20T16:01:00.034250200Z          Prob > chi2 =    0.0635
2021-07-20T16:01:00.034409800Z 
2021-07-20T16:01:00.034422400Z kids_cat4 
2021-07-20T16:01:00.034427300Z ****************
2021-07-20T16:01:00.036878700Z 
2021-07-20T16:01:00.036894900Z  ( 1)  1.kids_cat4 + 1.male#1.kids_cat4 = 0
2021-07-20T16:01:00.036988500Z 
2021-07-20T16:01:00.044434000Z ------------------------------------------------------------------------------
2021-07-20T16:01:00.044470300Z           _t |     exp(b)   Std. Err.      z    P>|z|     [95% Conf. Interval]
2021-07-20T16:01:00.044475000Z -------------+----------------------------------------------------------------
2021-07-20T16:01:00.044918400Z          (1) |   .9282152   .1190318    -0.58   0.561     .7219262    1.193451
2021-07-20T16:01:00.044932900Z ------------------------------------------------------------------------------
2021-07-20T16:01:00.045713300Z kids_cat4
2021-07-20T16:01:00.045723100Z ****************
2021-07-20T16:01:00.048163200Z 
2021-07-20T16:01:00.048182600Z  ( 1)  2.kids_cat4 + 1.male#2.kids_cat4 = 0
2021-07-20T16:01:00.048316100Z 
2021-07-20T16:01:00.054726200Z ------------------------------------------------------------------------------
2021-07-20T16:01:00.054741100Z           _t |     exp(b)   Std. Err.      z    P>|z|     [95% Conf. Interval]
2021-07-20T16:01:00.054744200Z -------------+----------------------------------------------------------------
2021-07-20T16:01:00.055190800Z          (1) |   .7250609   .1416757    -1.65   0.100     .4943688    1.063403
2021-07-20T16:01:00.055203300Z ------------------------------------------------------------------------------
2021-07-20T16:01:00.055822800Z kids_cat4
2021-07-20T16:01:00.055832800Z ****************
2021-07-20T16:01:00.057652500Z 
2021-07-20T16:01:00.057668400Z  ( 1)  3.kids_cat4 + 1.male#3.kids_cat4 = 0
2021-07-20T16:01:00.057741000Z 
2021-07-20T16:01:00.064107400Z ------------------------------------------------------------------------------
2021-07-20T16:01:00.064122100Z           _t |     exp(b)   Std. Err.      z    P>|z|     [95% Conf. Interval]
2021-07-20T16:01:00.064126900Z -------------+----------------------------------------------------------------
2021-07-20T16:01:00.064614500Z          (1) |   .9258192   .1090409    -0.65   0.513     .7349768    1.166215
2021-07-20T16:01:00.064629400Z ------------------------------------------------------------------------------
2021-07-20T16:01:00.088738700Z (note: file ./output/an_interaction_cox_models_covid_tpp_prob_kids_cat4_male_MA
2021-07-20T16:01:00.088767100Z > INFULLYADJMODEL_agespline_bmicat_noeth_ageband_0W2.ster not found)
2021-07-20T16:01:00.088772400Z file ./output/an_interaction_cox_models_covid_tpp_prob_kids_cat4_male_MAINFULLY
2021-07-20T16:01:00.088775900Z > ADJMODEL_agespline_bmicat_noeth_ageband_0W2.ster saved
2021-07-20T16:01:00.092642700Z 
2021-07-20T16:01:00.092658200Z            |   Failure/censoring
2021-07-20T16:01:00.092661100Z            |     indicator for
2021-07-20T16:01:00.092664400Z            |  outcome: covid prob
2021-07-20T16:01:00.092667600Z            |         case
2021-07-20T16:01:00.092670900Z       Male |         0          1 |     Total
2021-07-20T16:01:00.092674700Z -----------+----------------------+----------
2021-07-20T16:01:00.092678200Z          0 |     1,530        736 |     2,266 
2021-07-20T16:01:00.092681700Z          1 |     1,500        730 |     2,230 
2021-07-20T16:01:00.092685000Z -----------+----------------------+----------
2021-07-20T16:01:00.092688400Z      Total |     3,030      1,466 |     4,496 
2021-07-20T16:01:00.095552900Z 
2021-07-20T16:01:00.095574200Z          failure _d:  covid_tpp_prob
2021-07-20T16:01:00.095579500Z    analysis time _t:  (stime_covid_tpp_prob-origin)
2021-07-20T16:01:00.095583300Z              origin:  time enter_date
2021-07-20T16:01:00.095586000Z   enter on or after:  time enter_date
2021-07-20T16:01:00.095646600Z                  id:  patient_id
2021-07-20T16:01:00.216849600Z 
2021-07-20T16:01:00.216865300Z Iteration 0:   log pseudolikelihood = -8512.3765
2021-07-20T16:01:00.274882300Z Iteration 1:   log pseudolikelihood = -8492.6804
2021-07-20T16:01:00.337263500Z Iteration 2:   log pseudolikelihood = -8492.3561
2021-07-20T16:01:00.386292800Z Iteration 3:   log pseudolikelihood = -8492.3552
2021-07-20T16:01:00.435879100Z Iteration 4:   log pseudolikelihood = -8492.3552
2021-07-20T16:01:00.435896200Z Refining estimates:
2021-07-20T16:01:00.621676400Z Iteration 0:   log pseudolikelihood = -8492.3552
2021-07-20T16:01:01.525063500Z 
2021-07-20T16:01:01.525093600Z Stratified Cox regr. -- Breslow method for ties
2021-07-20T16:01:01.525099400Z 
2021-07-20T16:01:01.525103900Z No. of subjects      =        4,496             Number of obs    =       4,496
2021-07-20T16:01:01.525108100Z No. of failures      =        1,466
2021-07-20T16:01:01.525112400Z Time at risk         =       355784
2021-07-20T16:01:01.525116400Z                                                 Wald chi2(42)    =       44.73
2021-07-20T16:01:01.525120600Z Log pseudolikelihood =   -8492.3552             Prob > chi2      =      0.3580
2021-07-20T16:01:01.525125200Z 
2021-07-20T16:01:01.535857100Z                          (Std. Err. adjusted for 912 clusters in household_id)
2021-07-20T16:01:01.535882400Z ------------------------------------------------------------------------------
2021-07-20T16:01:01.535888800Z              |               Robust
2021-07-20T16:01:01.535893500Z           _t | Haz. Ratio   Std. Err.      z    P>|z|     [95% Conf. Interval]
2021-07-20T16:01:01.535912000Z -------------+----------------------------------------------------------------
2021-07-20T16:01:01.535917000Z    kids_cat4 |
2021-07-20T16:01:01.535992500Z only <12 ..  |   .6320848   .1221103    -2.37   0.018     .4328472    .9230306
2021-07-20T16:01:01.536290400Z  only 12-18  |   .7139041   .1665911    -1.44   0.149     .4518665    1.127897
2021-07-20T16:01:01.536430900Z       mixed  |   .7909636   .1380814    -1.34   0.179     .5617708    1.113663
2021-07-20T16:01:01.536441400Z              |
2021-07-20T16:01:01.536753900Z         age1 |   1.022426   .0219754     1.03   0.302     .9802491    1.066417
2021-07-20T16:01:01.536776600Z         age2 |   .8668595    .099548    -1.24   0.213     .6921478    1.085672
2021-07-20T16:01:01.537177300Z         age3 |   1.341621   .3058563     1.29   0.197     .8581776    2.097407
2021-07-20T16:01:01.537367700Z       1.male |   1.023929   .0554147     0.44   0.662     .9208799    1.138509
2021-07-20T16:01:01.537378300Z              |
2021-07-20T16:01:01.537381400Z    ethnicity |
2021-07-20T16:01:01.537631600Z Asian or ..  |   1.023306   .0866901     0.27   0.786      .866753    1.208136
2021-07-20T16:01:01.537846200Z       Other  |   1.053225   .0949336     0.58   0.565     .8826671    1.256739
2021-07-20T16:01:01.537857400Z              |
2021-07-20T16:01:01.537860200Z    obese4cat |
2021-07-20T16:01:01.538084500Z Obese I ..)  |   1.012611   .0769267     0.16   0.869     .8725253    1.175188
2021-07-20T16:01:01.538303500Z Obese II..)  |   1.019348    .094687     0.21   0.837     .8496785    1.222899
2021-07-20T16:01:01.538618300Z Obese II..)  |   .8739871   .1011847    -1.16   0.245     .6965597    1.096609
2021-07-20T16:01:01.538630800Z              |
2021-07-20T16:01:01.538635400Z smoke_nomiss |
2021-07-20T16:01:01.538871800Z      Former  |   .8797741   .1839128    -0.61   0.540     .5840249     1.32529
2021-07-20T16:01:01.539132000Z     Current  |   .8865195      .0736    -1.45   0.147      .753391    1.043173
2021-07-20T16:01:01.539144400Z              |
2021-07-20T16:01:01.539148900Z          imd |
2021-07-20T16:01:01.539402800Z           4  |   1.047292   .0703867     0.69   0.492     .9180366    1.194746
2021-07-20T16:01:01.539709800Z 5 most de..  |    1.01398   .0895413     0.16   0.875     .8528304    1.205581
2021-07-20T16:01:01.539721800Z              |
2021-07-20T16:01:01.539726700Z tot_adults~h |
2021-07-20T16:01:01.539975100Z           2  |   1.085706    .452031     0.20   0.843     .4800836    2.455319
2021-07-20T16:01:01.540251200Z           3  |   1.269743   .4574793     0.66   0.507     .6266629     2.57275
2021-07-20T16:01:01.540275100Z              |
2021-07-20T16:01:01.540565100Z 1.htdiag_o~p |   1.033016   .1024231     0.33   0.743     .8505713    1.254594
2021-07-20T16:01:01.540843200Z 1.~y_disease |   .9740121   .0668657    -0.38   0.701     .8513921    1.114292
2021-07-20T16:01:01.541134600Z     1.asthma |   1.010129   .0918209     0.11   0.912     .8452837    1.207122
2021-07-20T16:01:01.541435600Z 1.~c_disease |   1.003823   .0643867     0.06   0.953     .8852374    1.138294
2021-07-20T16:01:01.541448000Z              |
2021-07-20T16:01:01.541452800Z      diabcat |
2021-07-20T16:01:01.541687100Z T1DM, con..  |   1.116595   .1816801     0.68   0.498     .8117035    1.536009
2021-07-20T16:01:01.541903800Z T1DM, unc..  |   1.653411   .4843522     1.72   0.086     .9311696    2.935843
2021-07-20T16:01:01.542126100Z T2DM, con..  |   .8976901   .0645149    -1.50   0.133     .7797449    1.033476
2021-07-20T16:01:01.542346600Z T2DM, unc..  |   .7571455   .1268525    -1.66   0.097     .5452161    1.051453
2021-07-20T16:01:01.542667400Z Diabetes,..  |   1.713826   1.034891     0.89   0.372     .5247713    5.597102
2021-07-20T16:01:01.542679500Z              |
2021-07-20T16:01:01.542684400Z cancer_exh~t |
2021-07-20T16:01:01.542948300Z   Last year  |   1.267086   .4608961     0.65   0.515     .6211347    2.584796
2021-07-20T16:01:01.543163400Z 2-5 years..  |    1.47771   .3063245     1.88   0.060     .9843238    2.218404
2021-07-20T16:01:01.543476000Z    5+ years  |   .9095899   .0641113    -1.34   0.179     .7922271    1.044339
2021-07-20T16:01:01.543488100Z              |
2021-07-20T16:01:01.543493100Z cancer_hae~t |
2021-07-20T16:01:01.543790700Z   Last year  |   .8881971    .373398    -0.28   0.778     .3896406    2.024671
2021-07-20T16:01:01.544006200Z 2-5 years..  |    .848062   .2038227    -0.69   0.493      .529481    1.358329
2021-07-20T16:01:01.544342200Z    5+ years  |   .9299219   .0615644    -1.10   0.272     .8167585    1.058764
2021-07-20T16:01:01.544355200Z              |
2021-07-20T16:01:01.544673400Z 1.~r_disease |   1.077915   .0680857     1.19   0.235     .9523994    1.219973
2021-07-20T16:01:01.544897400Z 1.stroke_d~a |   1.024677   .0682554     0.37   0.714     .8992638    1.167581
2021-07-20T16:01:01.545153300Z 1.other_ne~o |   1.004812   .0636728     0.08   0.940     .8874543    1.137689
2021-07-20T16:01:01.545166900Z              |
2021-07-20T16:01:01.545172000Z reduced_ki~t |
2021-07-20T16:01:01.545488200Z Stage 3a/..  |    1.21316   .1639703     1.43   0.153     .9308295    1.581125
2021-07-20T16:01:01.545770800Z       1.esrd |   1.029637   .0565093     0.53   0.595     .9246295    1.146569
2021-07-20T16:01:01.546045400Z 1.other_tr~t |   1.056234    .067766     0.85   0.394     .9314267    1.197765
2021-07-20T16:01:01.546298600Z   1.asplenia |   1.117075   .0718487     1.72   0.085     .9847686    1.267157
2021-07-20T16:01:01.546622900Z 1.ra_sle_p~s |    1.05184   .0719701     0.74   0.460     .9198304    1.202794
2021-07-20T16:01:01.547744600Z 1.other_im~o |   1.009142   .0570993     0.16   0.872     .9032117    1.127496
2021-07-20T16:01:01.547765900Z ------------------------------------------------------------------------------
2021-07-20T16:01:01.547969900Z                                                              Stratified by stp
2021-07-20T16:01:01.551093900Z    1:      1.46 /        1 =       1.4580
2021-07-20T16:01:01.555145200Z 
2021-07-20T16:01:01.555170400Z          failure _d:  covid_tpp_prob
2021-07-20T16:01:01.555175300Z    analysis time _t:  (stime_covid_tpp_prob-origin)
2021-07-20T16:01:01.555179600Z              origin:  time enter_date
2021-07-20T16:01:01.555183800Z   enter on or after:  time enter_date
2021-07-20T16:01:01.555190800Z                  id:  patient_id
2021-07-20T16:01:01.731282800Z 
2021-07-20T16:01:01.731313400Z Iteration 0:   log pseudolikelihood = -8512.3765
2021-07-20T16:01:01.803479900Z Iteration 1:   log pseudolikelihood = -8492.4459
2021-07-20T16:01:01.871627600Z Iteration 2:   log pseudolikelihood =  -8492.112
2021-07-20T16:01:01.938457900Z Iteration 3:   log pseudolikelihood = -8492.1111
2021-07-20T16:01:02.001213600Z Iteration 4:   log pseudolikelihood = -8492.1111
2021-07-20T16:01:02.001240800Z Refining estimates:
2021-07-20T16:01:02.220011500Z Iteration 0:   log pseudolikelihood = -8492.1111
2021-07-20T16:01:03.765194700Z 
2021-07-20T16:01:03.765223100Z Stratified Cox regr. -- Breslow method for ties
2021-07-20T16:01:03.766673600Z 
2021-07-20T16:01:03.766696600Z No. of subjects      =        4,496             Number of obs    =       4,496
2021-07-20T16:01:03.766745500Z No. of failures      =        1,466
2021-07-20T16:01:03.766810100Z Time at risk         =       355784
2021-07-20T16:01:03.766870500Z                                                 Wald chi2(45)    =       45.28
2021-07-20T16:01:03.766888000Z Log pseudolikelihood =   -8492.1111             Prob > chi2      =      0.4604
2021-07-20T16:01:03.766983900Z 
2021-07-20T16:01:03.786646300Z                          (Std. Err. adjusted for 912 clusters in household_id)
2021-07-20T16:01:03.786670800Z ------------------------------------------------------------------------------
2021-07-20T16:01:03.786677600Z              |               Robust
2021-07-20T16:01:03.786682900Z           _t | Haz. Ratio   Std. Err.      z    P>|z|     [95% Conf. Interval]
2021-07-20T16:01:03.786688100Z -------------+----------------------------------------------------------------
2021-07-20T16:01:03.786693300Z    kids_cat4 |
2021-07-20T16:01:03.787175900Z only <12 ..  |   .6082414   .1563901    -1.93   0.053     .3674654    1.006782
2021-07-20T16:01:03.787289400Z  only 12-18  |   .6451331   .2306421    -1.23   0.220     .3201367    1.300059
2021-07-20T16:01:03.787873800Z       mixed  |   .7329308   .1674396    -1.36   0.174     .4683863     1.14689
2021-07-20T16:01:03.787898700Z              |
2021-07-20T16:01:03.788355400Z         age1 |   1.022037   .0220008     1.01   0.311     .9798134    1.066081
2021-07-20T16:01:03.788418800Z         age2 |   .8687196      .0999    -1.22   0.221     .6934164    1.088341
2021-07-20T16:01:03.789181700Z         age3 |   1.336042   .3049543     1.27   0.204     .8541447    2.089818
2021-07-20T16:01:03.789627900Z       1.male |   .8664224   .2592524    -0.48   0.632     .4819829    1.557499
2021-07-20T16:01:03.789664400Z              |
2021-07-20T16:01:03.789671000Z    ethnicity |
2021-07-20T16:01:03.789988100Z Asian or ..  |   1.023497   .0867496     0.27   0.784     .8668433    1.208462
2021-07-20T16:01:03.790434100Z       Other  |   1.053673   .0951191     0.58   0.562     .8828043    1.257613
2021-07-20T16:01:03.790445600Z              |
2021-07-20T16:01:03.790449700Z    obese4cat |
2021-07-20T16:01:03.790869100Z Obese I ..)  |   1.011229   .0769031     0.15   0.883     .8711971    1.173769
2021-07-20T16:01:03.791430800Z Obese II..)  |   1.019123   .0946371     0.20   0.838     .8495381     1.22256
2021-07-20T16:01:03.792240800Z Obese II..)  |   .8727011   .1011004    -1.18   0.240     .6954338    1.095154
2021-07-20T16:01:03.792259500Z              |
2021-07-20T16:01:03.792264700Z smoke_nomiss |
2021-07-20T16:01:03.793277400Z      Former  |   .8818578   .1850032    -0.60   0.549     .5845567    1.330364
2021-07-20T16:01:03.794047900Z     Current  |   .8856306   .0734896    -1.46   0.143     .7526965    1.042042
2021-07-20T16:01:03.794065000Z              |
2021-07-20T16:01:03.794070400Z          imd |
2021-07-20T16:01:03.794447600Z           4  |   1.047131   .0703829     0.69   0.493     .9178835    1.194578
2021-07-20T16:01:03.795121300Z 5 most de..  |   1.012738   .0894885     0.14   0.886     .8516919    1.204237
2021-07-20T16:01:03.795138400Z              |
2021-07-20T16:01:03.795144400Z tot_adults~h |
2021-07-20T16:01:03.795707300Z           2  |   1.090048   .4581062     0.21   0.837     .4783187    2.484126
2021-07-20T16:01:03.796286600Z           3  |    1.27918   .4664305     0.68   0.500     .6259737    2.614011
2021-07-20T16:01:03.796307000Z              |
2021-07-20T16:01:03.796849200Z 1.htdiag_o~p |    1.03355   .1025297     0.33   0.739     .8509244    1.255371
2021-07-20T16:01:03.797735000Z 1.~y_disease |   .9736264   .0670047    -0.39   0.698     .8507714    1.114222
2021-07-20T16:01:03.798490900Z     1.asthma |   1.007913   .0919789     0.09   0.931     .8428402    1.205316
2021-07-20T16:01:03.799231500Z 1.~c_disease |   1.003794   .0643888     0.06   0.953     .8852049     1.13827
2021-07-20T16:01:03.799251100Z              |
2021-07-20T16:01:03.799257500Z      diabcat |
2021-07-20T16:01:03.799975400Z T1DM, con..  |   1.116831    .181593     0.68   0.497     .8120536    1.535995
2021-07-20T16:01:03.800214000Z T1DM, unc..  |   1.650524   .4835104     1.71   0.087     .9295391     2.93073
2021-07-20T16:01:03.800591700Z T2DM, con..  |   .8976394   .0645411    -1.50   0.133     .7796501    1.033485
2021-07-20T16:01:03.800955800Z T2DM, unc..  |   .7565077   .1265604    -1.67   0.095     .5450183    1.050064
2021-07-20T16:01:03.801533100Z Diabetes,..  |   1.723119   1.040451     0.90   0.368     .5276478    5.627121
2021-07-20T16:01:03.801551200Z              |
2021-07-20T16:01:03.801557400Z cancer_exh~t |
2021-07-20T16:01:03.801898000Z   Last year  |   1.267033   .4604797     0.65   0.515     .6214904    2.583101
2021-07-20T16:01:03.802348300Z 2-5 years..  |   1.481989   .3072419     1.90   0.058     .9871343    2.224917
2021-07-20T16:01:03.802723500Z    5+ years  |   .9092808   .0641836    -1.35   0.178     .7917974    1.044196
2021-07-20T16:01:03.802737900Z              |
2021-07-20T16:01:03.802742800Z cancer_hae~t |
2021-07-20T16:01:03.803207400Z   Last year  |   .8828598   .3713769    -0.30   0.767     .3871078    2.013499
2021-07-20T16:01:03.803545600Z 2-5 years..  |   .8480674   .2039656    -0.69   0.493     .5293111    1.358782
2021-07-20T16:01:03.804011100Z    5+ years  |   .9307811   .0617425    -1.08   0.280     .8173044    1.060013
2021-07-20T16:01:03.804025000Z              |
2021-07-20T16:01:03.804587900Z 1.~r_disease |    1.07687   .0680481     1.17   0.241     .9514263    1.218852
2021-07-20T16:01:03.804932800Z 1.stroke_d~a |   1.023675   .0682471     0.35   0.726     .8982843     1.16657
2021-07-20T16:01:03.805328500Z 1.other_ne~o |   1.004465   .0636759     0.07   0.944     .8871046    1.137352
2021-07-20T16:01:03.805344900Z              |
2021-07-20T16:01:03.805351700Z reduced_ki~t |
2021-07-20T16:01:03.805849700Z Stage 3a/..  |   1.213975   .1641145     1.43   0.151     .9314035    1.582274
2021-07-20T16:01:03.806329100Z       1.esrd |   1.028733   .0564667     0.52   0.606      .923806    1.145579
2021-07-20T16:01:03.806793200Z 1.other_tr~t |   1.057245   .0678339     0.87   0.386     .9323126    1.198918
2021-07-20T16:01:03.807510700Z   1.asplenia |    1.11663   .0718548     1.71   0.086     .9843162    1.266729
2021-07-20T16:01:03.808432400Z 1.ra_sle_p~s |   1.052383   .0720574     0.75   0.456     .9202196    1.203528
2021-07-20T16:01:03.808965900Z 1.other_im~o |   1.008992   .0570997     0.16   0.874     .9030621    1.127348
2021-07-20T16:01:03.808981700Z              |
2021-07-20T16:01:03.809010800Z         male#|
2021-07-20T16:01:03.809018600Z    kids_cat4 |
2021-07-20T16:01:03.809021700Z           1 #|
2021-07-20T16:01:03.809740900Z only <12 ..  |   1.112469   .3762489     0.32   0.753      .573327    2.158606
2021-07-20T16:01:03.809759300Z           1 #|
2021-07-20T16:01:03.810319100Z  only 12-18  |   1.255005   .7077831     0.40   0.687     .4155229    3.790497
2021-07-20T16:01:03.812177400Z     1#mixed  |   1.195515   .3646836     0.59   0.558     .6575094    2.173743
2021-07-20T16:01:03.812228100Z ------------------------------------------------------------------------------
2021-07-20T16:01:03.812797300Z                                                              Stratified by stp
2021-07-20T16:01:03.817332600Z    1:      2.27 /        1 =       2.2650
2021-07-20T16:01:03.817353000Z 
2021-07-20T16:01:03.817358700Z  ( 1)  1.male#1.kids_cat4 = 0
2021-07-20T16:01:03.817363300Z  ( 2)  1.male#2.kids_cat4 = 0
2021-07-20T16:01:03.817367700Z  ( 3)  1.male#3.kids_cat4 = 0
2021-07-20T16:01:03.817372000Z 
2021-07-20T16:01:03.817376600Z            chi2(  3) =    0.51
2021-07-20T16:01:03.817476900Z          Prob > chi2 =    0.9176
2021-07-20T16:01:03.817518000Z 
2021-07-20T16:01:03.817529100Z kids_cat4 
2021-07-20T16:01:03.817533700Z ****************
2021-07-20T16:01:03.820410900Z 
2021-07-20T16:01:03.820476600Z  ( 1)  1.kids_cat4 + 1.male#1.kids_cat4 = 0
2021-07-20T16:01:03.820729100Z 
2021-07-20T16:01:03.831253000Z ------------------------------------------------------------------------------
2021-07-20T16:01:03.831277900Z           _t |     exp(b)   Std. Err.      z    P>|z|     [95% Conf. Interval]
2021-07-20T16:01:03.831284200Z -------------+----------------------------------------------------------------
2021-07-20T16:01:03.832224900Z          (1) |   .6766497    .171472    -1.54   0.123     .4117733     1.11191
2021-07-20T16:01:03.832242200Z ------------------------------------------------------------------------------
2021-07-20T16:01:03.833145200Z kids_cat4
2021-07-20T16:01:03.833162900Z ****************
2021-07-20T16:01:03.836286500Z 
2021-07-20T16:01:03.836307200Z  ( 1)  2.kids_cat4 + 1.male#2.kids_cat4 = 0
2021-07-20T16:01:03.836405100Z 
2021-07-20T16:01:03.849129700Z ------------------------------------------------------------------------------
2021-07-20T16:01:03.849154500Z           _t |     exp(b)   Std. Err.      z    P>|z|     [95% Conf. Interval]
2021-07-20T16:01:03.849161000Z -------------+----------------------------------------------------------------
2021-07-20T16:01:03.850009400Z          (1) |   .8096455   .3012864    -0.57   0.570     .3904312    1.678979
2021-07-20T16:01:03.850041200Z ------------------------------------------------------------------------------
2021-07-20T16:01:03.850835900Z kids_cat4
2021-07-20T16:01:03.850850700Z ****************
2021-07-20T16:01:03.854606400Z 
2021-07-20T16:01:03.854625700Z  ( 1)  3.kids_cat4 + 1.male#3.kids_cat4 = 0
2021-07-20T16:01:03.854634000Z 
2021-07-20T16:01:03.865424000Z ------------------------------------------------------------------------------
2021-07-20T16:01:03.865505900Z           _t |     exp(b)   Std. Err.      z    P>|z|     [95% Conf. Interval]
2021-07-20T16:01:03.865551400Z -------------+----------------------------------------------------------------
2021-07-20T16:01:03.866305300Z          (1) |   .8762298   .2028863    -0.57   0.568     .5565791     1.37946
2021-07-20T16:01:03.866324100Z ------------------------------------------------------------------------------
2021-07-20T16:01:03.878256600Z (note: file ./output/an_interaction_cox_models_covid_tpp_prob_kids_cat4_male_MA
2021-07-20T16:01:03.878281400Z > INFULLYADJMODEL_agespline_bmicat_noeth_ageband_1W2.ster not found)
2021-07-20T16:01:03.878288100Z file ./output/an_interaction_cox_models_covid_tpp_prob_kids_cat4_male_MAINFULLY
2021-07-20T16:01:03.878293300Z > ADJMODEL_agespline_bmicat_noeth_ageband_1W2.ster saved
2021-07-20T16:01:03.878441900Z 
2021-07-20T16:01:03.878455400Z . 
2021-07-20T16:01:03.878460600Z . log close
2021-07-20T16:01:03.878463400Z       name:  <unnamed>
2021-07-20T16:01:03.878466400Z        log:  /workspace/log/10_an_interaction_cox_models_sex_covid_tpp_probW2.l
2021-07-20T16:01:03.878469400Z > og
2021-07-20T16:01:03.878472100Z   log type:  text
2021-07-20T16:01:03.878474600Z  closed on:  20 Jul 2021, 16:01:03
2021-07-20T16:01:03.878477200Z -------------------------------------------------------------------------------
2021-07-20T16:01:03.878479800Z 
2021-07-20T16:01:03.878482200Z . 
2021-07-20T16:01:03.878484700Z . exit, clear 
2021-07-20T16:01:03.878651100Z 
2021-07-20T16:01:03.878677300Z end of do-file
2021-07-20T16:01:03.878683400Z 
2021-07-20T16:01:03.878688000Z . . file open output using "/tmp/tmp.R2vPTSBMR0", write text replace
2021-07-20T16:01:03.878868100Z 
2021-07-20T16:01:03.878882700Z . . file write output "success" 
2021-07-20T16:01:03.878887900Z 
2021-07-20T16:01:03.878892100Z . . file close output
2021-07-20T16:01:03.878930100Z 
2021-07-20T16:01:03.878939400Z . 
2021-07-20T16:01:03.878943900Z end of do-file
2021-07-20T16:01:03.878948100Z 
2021-07-20T16:01:03.878952100Z 
2021-07-20T16:01:03.914246200Z . 

state: succeeded
commit: none
docker_image_id: sha256:11980aa720220a1b39bf523f5a8a33270214c13876c30ee364e16265766f7f60
exit_code: 0
job_id: uamb4vce2akrojf2
run_by_user: qc18278
created_at: 2021-07-20T15:38:48Z
started_at: 2021-07-20T16:00:47Z
completed_at: 2021-07-20T16:01:49Z

Completed successfully

outputs:
  log/10_an_interaction_cox_models_sex_covid_tpp_probW2.log                                                                 - moderately_sensitive
  output/an_interaction_cox_models_covid_tpp_prob_kids_cat4_male_MAINFULLYADJMODEL_agespline_bmicat_noeth_ageband_0W2.ster  - moderately_sensitive
  output/an_interaction_cox_models_covid_tpp_prob_kids_cat4_male_MAINFULLYADJMODEL_agespline_bmicat_noeth_ageband_1W2.ster  - moderately_sensitive