2021-07-20T16:03:34.574832600Z 
2021-07-20T16:03:34.574888900Z   ___  ____  ____  ____  ____ (R)
2021-07-20T16:03:34.574893500Z  /__    /   ____/   /   ____/
2021-07-20T16:03:34.574895700Z ___/   /   /___/   /   /___/   16.1   Copyright 1985-2019 StataCorp LLC
2021-07-20T16:03:34.574897800Z   Statistics/Data Analysis            StataCorp
2021-07-20T16:03:34.574899800Z                                       4905 Lakeway Drive
2021-07-20T16:03:34.574901800Z                                       College Station, Texas 77845 USA
2021-07-20T16:03:34.574904100Z                                       800-STATA-PC        http://www.stata.com
2021-07-20T16:03:34.574906300Z                                       979-696-4600        stata@stata.com
2021-07-20T16:03:34.574908300Z                                       979-696-4601 (fax)
2021-07-20T16:03:34.574910300Z 
2021-07-20T16:03:34.574912200Z 3-user Stata network license expires 11 May 2022:
2021-07-20T16:03:34.574914100Z        Serial number:  501709312237
2021-07-20T16:03:34.574916000Z          Licensed to:  The Bennett Institute
2021-07-20T16:03:34.574918000Z                        Oxford University
2021-07-20T16:03:34.575523000Z 
2021-07-20T16:03:34.575556500Z Notes:
2021-07-20T16:03:34.575565000Z       1.  Unicode is supported; see help unicode_advice.
2021-07-20T16:03:34.575568300Z 
2021-07-20T16:03:34.575571400Z . do "analysis/10_an_interaction_cox_models_ethnicity_strat.wrapper.do" covidad
2021-07-20T16:03:34.575574900Z > mission W2 
2021-07-20T16:03:34.575578200Z 
2021-07-20T16:03:34.575581200Z . . do "analysis/10_an_interaction_cox_models_ethnicity_strat.do" covidadmissio
2021-07-20T16:03:34.575584800Z > n W2
2021-07-20T16:03:34.575588300Z 
2021-07-20T16:03:34.575591700Z . *****************************************************************************
2021-07-20T16:03:34.575595000Z > ***
2021-07-20T16:03:34.575598100Z . *
2021-07-20T16:03:34.575601200Z . *       Do-file:                10_an_interaction_cox_models_weeks.do
2021-07-20T16:03:34.575605100Z . *
2021-07-20T16:03:34.575608200Z . *       Project:                Exposure children and COVID risk
2021-07-20T16:03:34.575612000Z . *
2021-07-20T16:03:34.575614100Z . *       Programmed by:  Hforbes, based on files from Fizz & Krishnan
2021-07-20T16:03:34.575616300Z . *
2021-07-20T16:03:34.575618100Z . *       Data used:              analysis_dataset.dta
2021-07-20T16:03:34.575620000Z . *
2021-07-20T16:03:34.575622000Z . *       Data created:   None
2021-07-20T16:03:34.575623900Z . *
2021-07-20T16:03:34.575625800Z . *       Other output:   Log file:  10_an_interaction_cox_models.log
2021-07-20T16:03:34.575628100Z . *
2021-07-20T16:03:34.575637000Z . *****************************************************************************
2021-07-20T16:03:34.575639400Z > ***
2021-07-20T16:03:34.575641400Z . *
2021-07-20T16:03:34.575643300Z . *       Purpose:                This do-file performs multivariable (fully ad
2021-07-20T16:03:34.575645200Z > justed)
2021-07-20T16:03:34.575647100Z . *                                       Cox models, with an interaction by we
2021-07-20T16:03:34.575649200Z > ek of pandemic.
2021-07-20T16:03:34.575651800Z . *
2021-07-20T16:03:34.575654900Z . *****************************************************************************
2021-07-20T16:03:34.575658300Z > ***
2021-07-20T16:03:34.575661500Z . *
2021-07-20T16:03:34.575664400Z . *       Stata routines needed:  stbrier
2021-07-20T16:03:34.575667500Z . *
2021-07-20T16:03:34.575670600Z . *****************************************************************************
2021-07-20T16:03:34.575674000Z > ***
2021-07-20T16:03:34.575677400Z . 
2021-07-20T16:03:34.575680700Z . 
2021-07-20T16:03:34.575683900Z . * Set globals that will print in programs and direct output
2021-07-20T16:03:34.575687500Z . global outdir     "output"
2021-07-20T16:03:34.575696600Z 
2021-07-20T16:03:34.575699700Z . global logdir     "log"
2021-07-20T16:03:34.575701900Z 
2021-07-20T16:03:34.575703800Z . global tempdir    "tempdata"
2021-07-20T16:03:34.575706000Z 
2021-07-20T16:03:34.575708400Z . global demogadjlist  age1 age2 age3 i.male i.ethnicity  i.obese4cat i.smoke_n
2021-07-20T16:03:34.575711600Z > omiss i.imd i.tot_adults_hh
2021-07-20T16:03:34.575715000Z 
2021-07-20T16:03:34.575718000Z . global comordidadjlist  i.htdiag_or_highbp                              ///
2021-07-20T16:03:34.575721100Z >                         i.chronic_respiratory_disease   ///
2021-07-20T16:03:34.575724300Z >                         i.asthma                                             
2021-07-20T16:03:34.575727800Z >    ///
2021-07-20T16:03:34.575731300Z >                         i.chronic_cardiac_disease               ///
2021-07-20T16:03:34.575734700Z >                         i.diabcat                                            
2021-07-20T16:03:34.575738200Z >    ///
2021-07-20T16:03:34.575741600Z >                         i.cancer_exhaem_cat                             ///
2021-07-20T16:03:34.575745000Z >                         i.cancer_haem_cat                               ///
2021-07-20T16:03:34.575748600Z >                         i.chronic_liver_disease                 ///
2021-07-20T16:03:34.575751900Z >                         i.stroke_dementia                               ///
2021-07-20T16:03:34.575760400Z >                         i.other_neuro                                   ///
2021-07-20T16:03:34.575764400Z >                         i.reduced_kidney_function_cat   ///
2021-07-20T16:03:34.575768000Z >                         i.esrd                                               
2021-07-20T16:03:34.575771400Z >    ///
2021-07-20T16:03:34.575775000Z >                         i.other_transplant                              ///
2021-07-20T16:03:34.575778100Z >                         i.asplenia                                           
2021-07-20T16:03:34.575781200Z >    ///
2021-07-20T16:03:34.575784300Z >                         i.ra_sle_psoriasis                      ///
2021-07-20T16:03:34.575787500Z >                         i.other_immuno
2021-07-20T16:03:34.575792100Z 
2021-07-20T16:03:34.575795600Z . local outcome `1' 
2021-07-20T16:03:34.575798900Z 
2021-07-20T16:03:34.575802100Z . local dataset `2'
2021-07-20T16:03:34.575805300Z 
2021-07-20T16:03:34.575808700Z . 
2021-07-20T16:03:34.575810900Z . 
2021-07-20T16:03:34.575812800Z . *****************************************************************************
2021-07-20T16:03:34.575815000Z > *******
2021-07-20T16:03:34.575817200Z . *First clean up all old saved estimates for this outcome
2021-07-20T16:03:34.575819300Z . *This is to guard against accidentally displaying left-behind results from ol
2021-07-20T16:03:34.575821400Z > d runs
2021-07-20T16:03:34.575823200Z . *****************************************************************************
2021-07-20T16:03:34.575825200Z > *******
2021-07-20T16:03:34.575827200Z . log using "$logdir/10_an_interaction_cox_models_ethcat_`outcome'`dataset'", t
2021-07-20T16:03:34.575830400Z > ext replace
2021-07-20T16:03:34.576028300Z (note: file /workspace/log/10_an_interaction_cox_models_ethcat_covidadmissionW2
2021-07-20T16:03:34.576041900Z > .log not found)
2021-07-20T16:03:34.576046400Z -------------------------------------------------------------------------------
2021-07-20T16:03:34.576050000Z       name:  <unnamed>
2021-07-20T16:03:34.576053400Z        log:  /workspace/log/10_an_interaction_cox_models_ethcat_covidadmissionW
2021-07-20T16:03:34.576056700Z > 2.log
2021-07-20T16:03:34.576059600Z   log type:  text
2021-07-20T16:03:34.576062800Z  opened on:  20 Jul 2021, 16:03:34
2021-07-20T16:03:34.576066100Z 
2021-07-20T16:03:34.576069200Z . 
2021-07-20T16:03:34.576072200Z . *****************************************************************************
2021-07-20T16:03:34.576075100Z > ********
2021-07-20T16:03:34.576087700Z . * Open dataset and fit specified model(s)
2021-07-20T16:03:34.576091000Z . forvalues x=0/1 {
2021-07-20T16:03:34.576097500Z   2. 
2021-07-20T16:03:34.576100700Z . use "$tempdir/cr_create_analysis_dataset_STSET_`outcome'_ageband_`x'`dataset'
2021-07-20T16:03:34.576104100Z > .dta", clear
2021-07-20T16:03:34.576106900Z   3. 
2021-07-20T16:03:34.576109700Z . safetab ethnicity `outcome'
2021-07-20T16:03:34.576257600Z   4. levelsof ethnicity, local(levels)
2021-07-20T16:03:34.576270600Z   5. 
2021-07-20T16:03:34.576274900Z . 
2021-07-20T16:03:34.576278800Z . 
2021-07-20T16:03:34.576282000Z . *Age spline model (not adj ethnicity, interaction)
2021-07-20T16:03:34.576285100Z . stcox i.kids_cat4##i.ethnicity                                               
2021-07-20T16:03:34.576288700Z >                    ///
2021-07-20T16:03:34.576292200Z >                         $demogadjlist                                        
2021-07-20T16:03:34.576295700Z >            ///
2021-07-20T16:03:34.576298900Z >                         $comordidadjlist                                     
2021-07-20T16:03:34.576302200Z >            ///
2021-07-20T16:03:34.576305500Z >                         , strata(stp) vce(cluster household_id)
2021-07-20T16:03:34.576338300Z   6.                         estimates save ./output/an_interaction_cox_models_
2021-07-20T16:03:34.576349600Z > `outcome'_kids_cat4_ethnicity_MAINFULLYADJMODEL_agespline_bmicat_noeth_ageban
2021-07-20T16:03:34.576354400Z > d_`x'`dataset', replace
2021-07-20T16:03:34.576357700Z   7. foreach l of local levels {
2021-07-20T16:03:34.576594600Z   8. if _rc==0 {
2021-07-20T16:03:34.576608100Z   9. *testparm `ethcat'.ethnicity#i.kids_cat4
2021-07-20T16:03:34.576612300Z . *di _n "kids_cat4 " _n "****************"
2021-07-20T16:03:34.576615200Z . lincom 1.kids_cat4 + `l'.ethnicity#1.kids_cat4, eform
2021-07-20T16:03:34.576618000Z  10. di "kids_cat4" _n "****************"
2021-07-20T16:03:34.576621400Z  11. lincom 2.kids_cat4 + `l'.ethnicity#2.kids_cat4, eform
2021-07-20T16:03:34.576624600Z  12. lincom 3.kids_cat4 + `l'.ethnicity#3.kids_cat4, eform
2021-07-20T16:03:34.576628100Z  13. 
2021-07-20T16:03:34.576631300Z . }
2021-07-20T16:03:34.576634600Z  14. *else di "WARNING GROUP MODEL DID NOT FIT (OUTCOME `outcome')"
2021-07-20T16:03:34.576638100Z . }
2021-07-20T16:03:34.576748200Z  15. }
2021-07-20T16:03:34.581290900Z 0
2021-07-20T16:03:34.589221900Z 
2021-07-20T16:03:34.589238800Z                       |   Failure/censoring
2021-07-20T16:03:34.589243300Z                       |     indicator for
2021-07-20T16:03:34.589253900Z                       |  outcome: covid SUS
2021-07-20T16:03:34.589256200Z                       |       admission
2021-07-20T16:03:34.589258100Z             Ethnicity |         0          1 |     Total
2021-07-20T16:03:34.589260400Z ----------------------+----------------------+----------
2021-07-20T16:03:34.589262400Z                 White |    11,014      1,929 |    12,943 
2021-07-20T16:03:34.589264500Z Asian or Asian Britis |     1,413        256 |     1,669 
2021-07-20T16:03:34.589266500Z                 Other |     1,392        231 |     1,623 
2021-07-20T16:03:34.589268400Z ----------------------+----------------------+----------
2021-07-20T16:03:34.589270400Z                 Total |    13,819      2,416 |    16,235 
2021-07-20T16:03:34.596323200Z 1 3 5
2021-07-20T16:03:34.606392900Z 
2021-07-20T16:03:34.606415400Z          failure _d:  covidadmission
2021-07-20T16:03:34.606419900Z    analysis time _t:  (stime_covidadmission-origin)
2021-07-20T16:03:34.606423400Z              origin:  time enter_date
2021-07-20T16:03:34.606426600Z   enter on or after:  time enter_date
2021-07-20T16:03:34.606430000Z                  id:  patient_id
2021-07-20T16:03:35.113761100Z 
2021-07-20T16:03:35.113794700Z Iteration 0:   log pseudolikelihood = -17229.548
2021-07-20T16:03:35.275337100Z Iteration 1:   log pseudolikelihood = -17202.675
2021-07-20T16:03:35.422636200Z Iteration 2:   log pseudolikelihood = -17202.216
2021-07-20T16:03:35.578043600Z Iteration 3:   log pseudolikelihood = -17202.213
2021-07-20T16:03:35.759757400Z Iteration 4:   log pseudolikelihood = -17202.213
2021-07-20T16:03:35.759775300Z Refining estimates:
2021-07-20T16:03:36.483898600Z Iteration 0:   log pseudolikelihood = -17202.213
2021-07-20T16:03:40.768142600Z 
2021-07-20T16:03:40.768163800Z Stratified Cox regr. -- Breslow method for ties
2021-07-20T16:03:40.768348100Z 
2021-07-20T16:03:40.768373300Z No. of subjects      =       16,213             Number of obs    =      16,213
2021-07-20T16:03:40.768381500Z No. of failures      =        2,394
2021-07-20T16:03:40.768386400Z Time at risk         =      1194952
2021-07-20T16:03:40.768390700Z                                                 Wald chi2(48)    =       54.55
2021-07-20T16:03:40.768494100Z Log pseudolikelihood =   -17202.213             Prob > chi2      =      0.2395
2021-07-20T16:03:40.768507800Z 
2021-07-20T16:03:40.910330200Z                        (Std. Err. adjusted for 1,121 clusters in household_id)
2021-07-20T16:03:40.910357500Z ------------------------------------------------------------------------------
2021-07-20T16:03:40.910363100Z              |               Robust
2021-07-20T16:03:40.910365900Z           _t | Haz. Ratio   Std. Err.      z    P>|z|     [95% Conf. Interval]
2021-07-20T16:03:40.910378900Z -------------+----------------------------------------------------------------
2021-07-20T16:03:40.910381500Z    kids_cat4 |
2021-07-20T16:03:40.921115700Z only <12 ..  |   .9750975   .1704983    -0.14   0.885     .6921709    1.373671
2021-07-20T16:03:40.921291700Z  only 12-18  |   .6856698   .1757346    -1.47   0.141     .4149113    1.133117
2021-07-20T16:03:40.921558500Z       mixed  |   .8980333   .1494173    -0.65   0.518     .6481374    1.244279
2021-07-20T16:03:40.921570800Z              |
2021-07-20T16:03:40.921575200Z    ethnicity |
2021-07-20T16:03:40.921783500Z Asian or ..  |   .5070055   .2614464    -1.32   0.188     .1845336    1.392996
2021-07-20T16:03:40.922205000Z       Other  |   .9049596   .3249357    -0.28   0.781     .4477091    1.829206
2021-07-20T16:03:40.922217900Z              |
2021-07-20T16:03:40.922221600Z    kids_cat4#|
2021-07-20T16:03:40.922223800Z    ethnicity |
2021-07-20T16:03:40.922225900Z only <12 .. #|
2021-07-20T16:03:40.922485700Z Asian or ..  |   1.961503   1.076937     1.23   0.220     .6687259    5.753467
2021-07-20T16:03:40.922497700Z only <12 .. #|
2021-07-20T16:03:40.922750400Z       Other  |   1.138432   .4639198     0.32   0.750     .5121954    2.530336
2021-07-20T16:03:40.922760000Z  only 12-18 #|
2021-07-20T16:03:40.923060700Z Asian or ..  |   2.196038   1.656935     1.04   0.297     .5004941    9.635644
2021-07-20T16:03:40.923069600Z  only 12-18 #|
2021-07-20T16:03:40.923593900Z       Other  |   1.705614   .9158523     0.99   0.320     .5954106    4.885903
2021-07-20T16:03:40.923607900Z       mixed #|
2021-07-20T16:03:40.923610700Z Asian or ..  |   2.052051    1.06768     1.38   0.167      .740132    5.689411
2021-07-20T16:03:40.923848500Z mixed#Other  |   1.027266   .3777815     0.07   0.942     .4996317    2.112107
2021-07-20T16:03:40.923857500Z              |
2021-07-20T16:03:40.924097700Z         age1 |   1.009316   .0079881     1.17   0.241     .9937807    1.025095
2021-07-20T16:03:40.924319700Z         age2 |   .9806773   .0237009    -0.81   0.419     .9353073    1.028248
2021-07-20T16:03:40.924534600Z         age3 |   1.046332   .0694948     0.68   0.495     .9186172    1.191802
2021-07-20T16:03:40.924811900Z       1.male |   .9713955   .0401655    -0.70   0.483     .8957779    1.053396
2021-07-20T16:03:40.924821000Z              |
2021-07-20T16:03:40.924823600Z    obese4cat |
2021-07-20T16:03:40.925030600Z Obese I ..)  |   1.089659   .0632622     1.48   0.139     .9724615     1.22098
2021-07-20T16:03:40.925240400Z Obese II..)  |   1.138622   .0805641     1.83   0.067     .9911794    1.307998
2021-07-20T16:03:40.925471900Z Obese II..)  |   1.043724   .0916781     0.49   0.626     .8786551    1.239804
2021-07-20T16:03:40.925481600Z              |
2021-07-20T16:03:40.925492300Z smoke_nomiss |
2021-07-20T16:03:40.925689400Z      Former  |   1.112191   .1503928     0.79   0.432     .8532541    1.449709
2021-07-20T16:03:40.925940900Z     Current  |   .9776084   .0630474    -0.35   0.725     .8615286    1.109328
2021-07-20T16:03:40.925971300Z              |
2021-07-20T16:03:40.925977300Z          imd |
2021-07-20T16:03:40.926154100Z           4  |   1.001435   .0522795     0.03   0.978     .9040366    1.109326
2021-07-20T16:03:40.926465600Z 5 most de..  |   1.054327   .0709672     0.79   0.432      .924018    1.203012
2021-07-20T16:03:40.926490900Z              |
2021-07-20T16:03:40.926498100Z tot_adults~h |
2021-07-20T16:03:40.926681600Z           2  |   1.132761   .3866504     0.37   0.715     .5802217    2.211479
2021-07-20T16:03:40.926950900Z           3  |   .9821408   .2700905    -0.07   0.948     .5729171    1.683665
2021-07-20T16:03:40.926960100Z              |
2021-07-20T16:03:40.927203200Z 1.htdiag_o~p |   .9579708   .0750688    -0.55   0.584     .8215806    1.117003
2021-07-20T16:03:40.927478600Z 1.~y_disease |   .9971261   .0497503    -0.06   0.954     .9042333    1.099562
2021-07-20T16:03:40.927707300Z     1.asthma |     1.0117   .0728147     0.16   0.872     .8785947     1.16497
2021-07-20T16:03:40.927981100Z 1.~c_disease |   .9321492   .0491548    -1.33   0.183     .8406189    1.033646
2021-07-20T16:03:40.927990300Z              |
2021-07-20T16:03:40.927992800Z      diabcat |
2021-07-20T16:03:40.928199800Z T1DM, con..  |   .9433251   .1286438    -0.43   0.669     .7220723    1.232373
2021-07-20T16:03:40.928405000Z T1DM, unc..  |   1.392089   .3334563     1.38   0.167     .8705084    2.226183
2021-07-20T16:03:40.928616700Z T2DM, con..  |    1.02619   .0560471     0.47   0.636     .9220147    1.142135
2021-07-20T16:03:40.928812900Z T2DM, unc..  |   1.169074   .1271536     1.44   0.151     .9446294    1.446846
2021-07-20T16:03:40.929091000Z Diabetes,..  |   2.129162   1.681025     0.96   0.338     .4530693    10.00582
2021-07-20T16:03:40.929100500Z              |
2021-07-20T16:03:40.929103000Z cancer_exh~t |
2021-07-20T16:03:40.929337700Z   Last year  |   .9640194   .3183228    -0.11   0.912     .5046797    1.841432
2021-07-20T16:03:40.929564700Z 2-5 years..  |    .545273   .1152433    -2.87   0.004     .3603403    .8251163
2021-07-20T16:03:40.929798200Z    5+ years  |   1.115391   .0602473     2.02   0.043     1.003344    1.239951
2021-07-20T16:03:40.929806200Z              |
2021-07-20T16:03:40.929826500Z cancer_hae~t |
2021-07-20T16:03:40.930089600Z   Last year  |   1.242982   .3785651     0.71   0.475     .6842602     2.25792
2021-07-20T16:03:40.930309300Z 2-5 years..  |   1.068411   .1701563     0.42   0.678     .7819433    1.459828
2021-07-20T16:03:40.930624100Z    5+ years  |   1.008726   .0560862     0.16   0.876     .9045773    1.124867
2021-07-20T16:03:40.930640600Z              |
2021-07-20T16:03:40.930916800Z 1.~r_disease |   .9585479   .0503247    -0.81   0.420     .8648184    1.062436
2021-07-20T16:03:40.931220300Z 1.stroke_d~a |   1.138496   .0567904     2.60   0.009     1.032457    1.255426
2021-07-20T16:03:40.931469100Z 1.other_ne~o |   .9220649   .0482367    -1.55   0.121      .832208    1.021624
2021-07-20T16:03:40.931481300Z              |
2021-07-20T16:03:40.931517500Z reduced_ki~t |
2021-07-20T16:03:40.931814100Z Stage 3a/..  |   1.204782   .3461622     0.65   0.517     .6860223     2.11582
2021-07-20T16:03:40.932087400Z       1.esrd |   .9668949   .0418569    -0.78   0.437     .8882408    1.052514
2021-07-20T16:03:40.932412400Z 1.other_tr~t |   1.013783   .0515611     0.27   0.788     .9175985    1.120049
2021-07-20T16:03:40.932648100Z   1.asplenia |   1.077725   .0501105     1.61   0.107      .983852    1.180554
2021-07-20T16:03:40.932914100Z 1.ra_sle_p~s |   1.049171   .0556299     0.91   0.365     .9456125     1.16407
2021-07-20T16:03:40.942823400Z 1.other_im~o |   .9544285   .0421964    -1.05   0.291     .8752069    1.040821
2021-07-20T16:03:40.942847400Z ------------------------------------------------------------------------------
2021-07-20T16:03:40.943149100Z                                                              Stratified by stp
2021-07-20T16:03:40.966102800Z (note: file ./output/an_interaction_cox_models_covidadmission_kids_cat4_ethnici
2021-07-20T16:03:40.966130500Z > ty_MAINFULLYADJMODEL_agespline_bmicat_noeth_ageband_0W2.ster not found)
2021-07-20T16:03:40.966136100Z file ./output/an_interaction_cox_models_covidadmission_kids_cat4_ethnicity_MAIN
2021-07-20T16:03:40.966140100Z > FULLYADJMODEL_agespline_bmicat_noeth_ageband_0W2.ster saved
2021-07-20T16:03:40.968746400Z 
2021-07-20T16:03:40.968766000Z  ( 1)  1.kids_cat4 + 1o.kids_cat4#1b.ethnicity = 0
2021-07-20T16:03:40.968843700Z 
2021-07-20T16:03:40.976066300Z ------------------------------------------------------------------------------
2021-07-20T16:03:40.976085700Z           _t |     exp(b)   Std. Err.      z    P>|z|     [95% Conf. Interval]
2021-07-20T16:03:40.976090900Z -------------+----------------------------------------------------------------
2021-07-20T16:03:40.976518600Z          (1) |   .9750975   .1704983    -0.14   0.885     .6921709    1.373671
2021-07-20T16:03:40.976533000Z ------------------------------------------------------------------------------
2021-07-20T16:03:40.977207900Z kids_cat4
2021-07-20T16:03:40.977221000Z ****************
2021-07-20T16:03:40.979100000Z 
2021-07-20T16:03:40.979113600Z  ( 1)  2.kids_cat4 + 2o.kids_cat4#1b.ethnicity = 0
2021-07-20T16:03:40.979116700Z 
2021-07-20T16:03:40.985438700Z ------------------------------------------------------------------------------
2021-07-20T16:03:40.985457300Z           _t |     exp(b)   Std. Err.      z    P>|z|     [95% Conf. Interval]
2021-07-20T16:03:40.985499400Z -------------+----------------------------------------------------------------
2021-07-20T16:03:40.985869200Z          (1) |   .6856698   .1757346    -1.47   0.141     .4149113    1.133117
2021-07-20T16:03:40.985883200Z ------------------------------------------------------------------------------
2021-07-20T16:03:40.989017300Z 
2021-07-20T16:03:40.989039600Z  ( 1)  3.kids_cat4 + 3o.kids_cat4#1b.ethnicity = 0
2021-07-20T16:03:40.989145900Z 
2021-07-20T16:03:40.995767500Z ------------------------------------------------------------------------------
2021-07-20T16:03:40.995786800Z           _t |     exp(b)   Std. Err.      z    P>|z|     [95% Conf. Interval]
2021-07-20T16:03:40.995792400Z -------------+----------------------------------------------------------------
2021-07-20T16:03:40.996155800Z          (1) |   .8980333   .1494173    -0.65   0.518     .6481374    1.244279
2021-07-20T16:03:40.996180200Z ------------------------------------------------------------------------------
2021-07-20T16:03:40.998571900Z 
2021-07-20T16:03:40.998585300Z  ( 1)  1.kids_cat4 + 1.kids_cat4#3.ethnicity = 0
2021-07-20T16:03:40.998708600Z 
2021-07-20T16:03:41.004139400Z ------------------------------------------------------------------------------
2021-07-20T16:03:41.004148800Z           _t |     exp(b)   Std. Err.      z    P>|z|     [95% Conf. Interval]
2021-07-20T16:03:41.004151700Z -------------+----------------------------------------------------------------
2021-07-20T16:03:41.004522500Z          (1) |   1.912656   1.040607     1.19   0.233     .6584593    5.555779
2021-07-20T16:03:41.004531700Z ------------------------------------------------------------------------------
2021-07-20T16:03:41.005090600Z kids_cat4
2021-07-20T16:03:41.005100000Z ****************
2021-07-20T16:03:41.006777800Z 
2021-07-20T16:03:41.006788700Z  ( 1)  2.kids_cat4 + 2.kids_cat4#3.ethnicity = 0
2021-07-20T16:03:41.006904300Z 
2021-07-20T16:03:41.012603900Z ------------------------------------------------------------------------------
2021-07-20T16:03:41.012617000Z           _t |     exp(b)   Std. Err.      z    P>|z|     [95% Conf. Interval]
2021-07-20T16:03:41.012620300Z -------------+----------------------------------------------------------------
2021-07-20T16:03:41.012987200Z          (1) |   1.505757   1.067444     0.58   0.564     .3752585    6.041979
2021-07-20T16:03:41.012998500Z ------------------------------------------------------------------------------
2021-07-20T16:03:41.015276200Z 
2021-07-20T16:03:41.015289700Z  ( 1)  3.kids_cat4 + 3.kids_cat4#3.ethnicity = 0
2021-07-20T16:03:41.015294600Z 
2021-07-20T16:03:41.021048200Z ------------------------------------------------------------------------------
2021-07-20T16:03:41.021060500Z           _t |     exp(b)   Std. Err.      z    P>|z|     [95% Conf. Interval]
2021-07-20T16:03:41.021074500Z -------------+----------------------------------------------------------------
2021-07-20T16:03:41.021435200Z          (1) |   1.842811   .9593569     1.17   0.240      .664278    5.112243
2021-07-20T16:03:41.021446100Z ------------------------------------------------------------------------------
2021-07-20T16:03:41.023500300Z 
2021-07-20T16:03:41.023513000Z  ( 1)  1.kids_cat4 + 1.kids_cat4#5.ethnicity = 0
2021-07-20T16:03:41.023600800Z 
2021-07-20T16:03:41.029665800Z ------------------------------------------------------------------------------
2021-07-20T16:03:41.029689700Z           _t |     exp(b)   Std. Err.      z    P>|z|     [95% Conf. Interval]
2021-07-20T16:03:41.029695200Z -------------+----------------------------------------------------------------
2021-07-20T16:03:41.030096000Z          (1) |   1.110082   .4304805     0.27   0.788     .5191181    2.373799
2021-07-20T16:03:41.030109100Z ------------------------------------------------------------------------------
2021-07-20T16:03:41.030988200Z kids_cat4
2021-07-20T16:03:41.030999100Z ****************
2021-07-20T16:03:41.032611600Z 
2021-07-20T16:03:41.032623900Z  ( 1)  2.kids_cat4 + 2.kids_cat4#5.ethnicity = 0
2021-07-20T16:03:41.032709000Z 
2021-07-20T16:03:41.038019300Z ------------------------------------------------------------------------------
2021-07-20T16:03:41.038031400Z           _t |     exp(b)   Std. Err.      z    P>|z|     [95% Conf. Interval]
2021-07-20T16:03:41.038034600Z -------------+----------------------------------------------------------------
2021-07-20T16:03:41.038405100Z          (1) |   1.169488    .534746     0.34   0.732     .4772934    2.865537
2021-07-20T16:03:41.038416100Z ------------------------------------------------------------------------------
2021-07-20T16:03:41.040700800Z 
2021-07-20T16:03:41.040713500Z  ( 1)  3.kids_cat4 + 3.kids_cat4#5.ethnicity = 0
2021-07-20T16:03:41.040716300Z 
2021-07-20T16:03:41.046405000Z ------------------------------------------------------------------------------
2021-07-20T16:03:41.046423900Z           _t |     exp(b)   Std. Err.      z    P>|z|     [95% Conf. Interval]
2021-07-20T16:03:41.046429700Z -------------+----------------------------------------------------------------
2021-07-20T16:03:41.046722900Z          (1) |   .9225192   .3210564    -0.23   0.817     .4663792    1.824785
2021-07-20T16:03:41.046734500Z ------------------------------------------------------------------------------
2021-07-20T16:03:41.048513600Z 0
2021-07-20T16:03:41.050151200Z 
2021-07-20T16:03:41.050186000Z                       |   Failure/censoring
2021-07-20T16:03:41.050193000Z                       |     indicator for
2021-07-20T16:03:41.050195400Z                       |  outcome: covid SUS
2021-07-20T16:03:41.050204700Z                       |       admission
2021-07-20T16:03:41.050207000Z             Ethnicity |         0          1 |     Total
2021-07-20T16:03:41.050209100Z ----------------------+----------------------+----------
2021-07-20T16:03:41.050211300Z                 White |     3,052        529 |     3,581 
2021-07-20T16:03:41.050213400Z Asian or Asian Britis |       403         68 |       471 
2021-07-20T16:03:41.050215500Z                 Other |       398         46 |       444 
2021-07-20T16:03:41.050288500Z ----------------------+----------------------+----------
2021-07-20T16:03:41.050300400Z                 Total |     3,853        643 |     4,496 
2021-07-20T16:03:41.051353200Z 1 3 5
2021-07-20T16:03:41.055432400Z 
2021-07-20T16:03:41.055446300Z          failure _d:  covidadmission
2021-07-20T16:03:41.055451200Z    analysis time _t:  (stime_covidadmission-origin)
2021-07-20T16:03:41.055455200Z              origin:  time enter_date
2021-07-20T16:03:41.055459100Z   enter on or after:  time enter_date
2021-07-20T16:03:41.055461900Z                  id:  patient_id
2021-07-20T16:03:41.181945300Z 
2021-07-20T16:03:41.181968500Z Iteration 0:   log pseudolikelihood = -3768.2333
2021-07-20T16:03:41.240855700Z Iteration 1:   log pseudolikelihood = -3742.2722
2021-07-20T16:03:41.295329600Z Iteration 2:   log pseudolikelihood = -3738.0021
2021-07-20T16:03:41.350341300Z Iteration 3:   log pseudolikelihood = -3737.5185
2021-07-20T16:03:41.406448400Z Iteration 4:   log pseudolikelihood = -3737.3972
2021-07-20T16:03:41.462520100Z Iteration 5:   log pseudolikelihood = -3737.3534
2021-07-20T16:03:41.515816200Z Iteration 6:   log pseudolikelihood = -3737.3372
2021-07-20T16:03:41.578705600Z Iteration 7:   log pseudolikelihood = -3737.3313
2021-07-20T16:03:41.639133000Z Iteration 8:   log pseudolikelihood = -3737.3291
2021-07-20T16:03:41.695823800Z Iteration 9:   log pseudolikelihood = -3737.3283
2021-07-20T16:03:41.755378900Z Iteration 10:  log pseudolikelihood =  -3737.328
2021-07-20T16:03:41.816438800Z Iteration 11:  log pseudolikelihood = -3737.3279
2021-07-20T16:03:41.870226900Z Iteration 12:  log pseudolikelihood = -3737.3279
2021-07-20T16:03:41.927251100Z Iteration 13:  log pseudolikelihood = -3737.3279
2021-07-20T16:03:41.988124900Z Iteration 14:  log pseudolikelihood = -3737.3279
2021-07-20T16:03:42.046474000Z Iteration 15:  log pseudolikelihood = -3737.3279
2021-07-20T16:03:42.098812100Z Iteration 16:  log pseudolikelihood = -3737.3279
2021-07-20T16:03:42.153639700Z Iteration 17:  log pseudolikelihood = -3737.3279
2021-07-20T16:03:42.210757400Z Iteration 18:  log pseudolikelihood = -3737.3279
2021-07-20T16:03:42.267235500Z Iteration 19:  log pseudolikelihood = -3737.3279
2021-07-20T16:03:42.321879700Z Iteration 20:  log pseudolikelihood = -3737.3279
2021-07-20T16:03:42.377294700Z Iteration 21:  log pseudolikelihood = -3737.3279
2021-07-20T16:03:42.433343900Z Iteration 22:  log pseudolikelihood = -3737.3279
2021-07-20T16:03:42.489749300Z Iteration 23:  log pseudolikelihood = -3737.3279
2021-07-20T16:03:42.550315800Z Iteration 24:  log pseudolikelihood = -3737.3279
2021-07-20T16:03:42.608922100Z Iteration 25:  log pseudolikelihood = -3737.3279
2021-07-20T16:03:42.672757300Z Iteration 26:  log pseudolikelihood = -3737.3279
2021-07-20T16:03:42.731861800Z Iteration 27:  log pseudolikelihood = -3737.3279
2021-07-20T16:03:42.799002900Z Iteration 28:  log pseudolikelihood = -3737.3279
2021-07-20T16:03:42.861175600Z Iteration 29:  log pseudolikelihood = -3737.3279
2021-07-20T16:03:42.921879400Z Iteration 30:  log pseudolikelihood = -3737.3279
2021-07-20T16:03:42.990027200Z Iteration 31:  log pseudolikelihood = -3737.3279
2021-07-20T16:03:42.990063300Z Refining estimates:
2021-07-20T16:03:43.242832700Z Iteration 0:   log pseudolikelihood = -3737.3279
2021-07-20T16:03:43.499075200Z Iteration 1:   log pseudolikelihood = -3737.3279
2021-07-20T16:03:44.193215300Z 
2021-07-20T16:03:44.193245800Z Stratified Cox regr. -- Breslow method for ties
2021-07-20T16:03:44.193272500Z 
2021-07-20T16:03:44.193278300Z No. of subjects      =        4,489             Number of obs    =       4,489
2021-07-20T16:03:44.193281100Z No. of failures      =          636
2021-07-20T16:03:44.193283400Z Time at risk         =       331396
2021-07-20T16:03:44.193285700Z                                                 Wald chi2(48)    =    23207.31
2021-07-20T16:03:44.193362100Z Log pseudolikelihood =   -3737.3279             Prob > chi2      =      0.0000
2021-07-20T16:03:44.193375500Z 
2021-07-20T16:03:44.203996500Z                          (Std. Err. adjusted for 912 clusters in household_id)
2021-07-20T16:03:44.204015400Z ------------------------------------------------------------------------------
2021-07-20T16:03:44.204019300Z              |               Robust
2021-07-20T16:03:44.204021800Z           _t | Haz. Ratio   Std. Err.      z    P>|z|     [95% Conf. Interval]
2021-07-20T16:03:44.204024600Z -------------+----------------------------------------------------------------
2021-07-20T16:03:44.204027000Z    kids_cat4 |
2021-07-20T16:03:44.204029600Z only <12 ..  |   1.102173   .3698579     0.29   0.772     .5709665    2.127594
2021-07-20T16:03:44.204349300Z  only 12-18  |    1.72396   .7147542     1.31   0.189     .7649247    3.885398
2021-07-20T16:03:44.204498300Z       mixed  |   1.194164   .3814037     0.56   0.578     .6385562    2.233207
2021-07-20T16:03:44.204509000Z              |
2021-07-20T16:03:44.204512100Z    ethnicity |
2021-07-20T16:03:44.204716000Z Asian or ..  |   1.718094   1.652359     0.56   0.574     .2608631    11.31569
2021-07-20T16:03:44.205117600Z       Other  |   .6721709   .6655529    -0.40   0.688     .0965292     4.68059
2021-07-20T16:03:44.205129400Z              |
2021-07-20T16:03:44.205133600Z    kids_cat4#|
2021-07-20T16:03:44.205136700Z    ethnicity |
2021-07-20T16:03:44.205139600Z only <12 .. #|
2021-07-20T16:03:44.205367500Z Asian or ..  |   .8355648    .847302    -0.18   0.859     .1145043    6.097313
2021-07-20T16:03:44.205378200Z only <12 .. #|
2021-07-20T16:03:44.205687000Z       Other  |    1.10131   1.187463     0.09   0.929     .1330826    9.113773
2021-07-20T16:03:44.205700000Z  only 12-18 #|
2021-07-20T16:03:44.205822700Z Asian or ..  |   1.228331   1.475229     0.17   0.864     .1166862    12.93038
2021-07-20T16:03:44.205832300Z  only 12-18 #|
2021-07-20T16:03:44.206038400Z       Other  |   1.526012   1.881056     0.34   0.732     .1362432    17.09232
2021-07-20T16:03:44.206049000Z       mixed #|
2021-07-20T16:03:44.206180800Z Asian or ..  |    .541696   .5277116    -0.63   0.529     .0802655    3.655801
2021-07-20T16:03:44.206444500Z mixed#Other  |   1.021179   1.025837     0.02   0.983     .1425667    7.314518
2021-07-20T16:03:44.206457900Z              |
2021-07-20T16:03:44.206797200Z         age1 |   .9563752   .0342673    -1.24   0.213     .8915165    1.025952
2021-07-20T16:03:44.206810600Z         age2 |   1.336854   .2499357     1.55   0.120     .9267126    1.928515
2021-07-20T16:03:44.207203800Z         age3 |   .5553685   .2045376    -1.60   0.110     .2698303    1.143067
2021-07-20T16:03:44.207215300Z       1.male |   1.149612   .0932865     1.72   0.086     .9805726    1.347793
2021-07-20T16:03:44.207218200Z              |
2021-07-20T16:03:44.207220300Z    obese4cat |
2021-07-20T16:03:44.207490200Z Obese I ..)  |   1.186097   .1383042     1.46   0.143     .9437704    1.490645
2021-07-20T16:03:44.207651200Z Obese II..)  |    1.16675   .1637551     1.10   0.272     .8861566    1.536191
2021-07-20T16:03:44.207851900Z Obese II..)  |    1.04533   .1795932     0.26   0.796     .7464701    1.463842
2021-07-20T16:03:44.207864700Z              |
2021-07-20T16:03:44.207868100Z smoke_nomiss |
2021-07-20T16:03:44.208051000Z      Former  |   .4842767   .1975947    -1.78   0.076     .2176637     1.07746
2021-07-20T16:03:44.208283300Z     Current  |   .9154481   .1196682    -0.68   0.499     .7085392    1.182779
2021-07-20T16:03:44.208305700Z              |
2021-07-20T16:03:44.208313600Z          imd |
2021-07-20T16:03:44.208510300Z           4  |   1.150511   .1179598     1.37   0.171     .9410633    1.406576
2021-07-20T16:03:44.208767000Z 5 most de..  |   1.174553   .1495461     1.26   0.206     .9151584    1.507471
2021-07-20T16:03:44.208786900Z              |
2021-07-20T16:03:44.208791400Z tot_adults~h |
2021-07-20T16:03:44.209010500Z           2  |   .7528455    .380431    -0.56   0.574     .2796232    2.026929
2021-07-20T16:03:44.209268000Z           3  |   .4996954   .2202612    -1.57   0.116     .2106219    1.185516
2021-07-20T16:03:44.209278500Z              |
2021-07-20T16:03:44.209555400Z 1.htdiag_o~p |   1.077849   .1712294     0.47   0.637     .7894671    1.471572
2021-07-20T16:03:44.209792000Z 1.~y_disease |   1.022022   .0968421     0.23   0.818     .8487975    1.230597
2021-07-20T16:03:44.210046800Z     1.asthma |    .747862   .1198517    -1.81   0.070     .5462717    1.023845
2021-07-20T16:03:44.210303300Z 1.~c_disease |   1.022559   .1009413     0.23   0.821     .8426798    1.240836
2021-07-20T16:03:44.210313600Z              |
2021-07-20T16:03:44.210317800Z      diabcat |
2021-07-20T16:03:44.210566800Z T1DM, con..  |   .9111464   .2546718    -0.33   0.739     .5268311    1.575814
2021-07-20T16:03:44.210773800Z T1DM, unc..  |    2.03983   .6626846     2.19   0.028     1.079101    3.855902
2021-07-20T16:03:44.210946600Z T2DM, con..  |   .8651987   .0956652    -1.31   0.190     .6966239    1.074567
2021-07-20T16:03:44.211121200Z T2DM, unc..  |   .9901766   .2186797    -0.04   0.964     .6422817    1.526511
2021-07-20T16:03:44.211340000Z Diabetes,..  |   1.09e-14   5.82e-15   -60.41   0.000     3.85e-15    3.10e-14
2021-07-20T16:03:44.211349600Z              |
2021-07-20T16:03:44.211353900Z cancer_exh~t |
2021-07-20T16:03:44.211576300Z   Last year  |   1.24e-14   2.98e-15  -132.93   0.000     7.72e-15    1.99e-14
2021-07-20T16:03:44.211772800Z 2-5 years..  |   1.253911   .3907986     0.73   0.468     .6807346    2.309699
2021-07-20T16:03:44.212021200Z    5+ years  |    1.08138    .107742     0.79   0.432     .8895493     1.31458
2021-07-20T16:03:44.212031600Z              |
2021-07-20T16:03:44.212035800Z cancer_hae~t |
2021-07-20T16:03:44.212309500Z   Last year  |   2.310857   .9787183     1.98   0.048     1.007542    5.300085
2021-07-20T16:03:44.212511900Z 2-5 years..  |   1.964137    .528093     2.51   0.012     1.159608    3.326844
2021-07-20T16:03:44.212779800Z    5+ years  |   1.044568   .1092447     0.42   0.677     .8509718    1.282208
2021-07-20T16:03:44.212790700Z              |
2021-07-20T16:03:44.213045100Z 1.~r_disease |   1.066235   .1095452     0.62   0.532     .8717668    1.304084
2021-07-20T16:03:44.213288500Z 1.stroke_d~a |   1.032445   .0993867     0.33   0.740     .8549232    1.246827
2021-07-20T16:03:44.213571500Z 1.other_ne~o |   1.008702   .0986135     0.09   0.929     .8328118     1.22174
2021-07-20T16:03:44.213582300Z              |
2021-07-20T16:03:44.213586700Z reduced_ki~t |
2021-07-20T16:03:44.213871400Z Stage 3a/..  |    1.17596   .2419503     0.79   0.431     .7857061    1.760049
2021-07-20T16:03:44.214121200Z       1.esrd |   .9431357   .0789685    -0.70   0.484      .800393    1.111335
2021-07-20T16:03:44.214386500Z 1.other_tr~t |   1.003063    .100237     0.03   0.976     .8246444    1.220083
2021-07-20T16:03:44.214721500Z   1.asplenia |   1.117722   .1006251     1.24   0.216     .9369199    1.333413
2021-07-20T16:03:44.215092000Z 1.ra_sle_p~s |    1.02861   .1012259     0.29   0.774     .8481713    1.247434
2021-07-20T16:03:44.216222900Z 1.other_im~o |   .8597979   .0767816    -1.69   0.091     .7217428     1.02426
2021-07-20T16:03:44.216236000Z ------------------------------------------------------------------------------
2021-07-20T16:03:44.216408600Z                                                              Stratified by stp
2021-07-20T16:03:44.223039000Z (note: file ./output/an_interaction_cox_models_covidadmission_kids_cat4_ethnici
2021-07-20T16:03:44.223056000Z > ty_MAINFULLYADJMODEL_agespline_bmicat_noeth_ageband_1W2.ster not found)
2021-07-20T16:03:44.223059000Z file ./output/an_interaction_cox_models_covidadmission_kids_cat4_ethnicity_MAIN
2021-07-20T16:03:44.223061200Z > FULLYADJMODEL_agespline_bmicat_noeth_ageband_1W2.ster saved
2021-07-20T16:03:44.224888300Z 
2021-07-20T16:03:44.224900800Z  ( 1)  1.kids_cat4 + 1o.kids_cat4#1b.ethnicity = 0
2021-07-20T16:03:44.225071700Z 
2021-07-20T16:03:44.231744800Z ------------------------------------------------------------------------------
2021-07-20T16:03:44.231766700Z           _t |     exp(b)   Std. Err.      z    P>|z|     [95% Conf. Interval]
2021-07-20T16:03:44.231770300Z -------------+----------------------------------------------------------------
2021-07-20T16:03:44.232103600Z          (1) |   1.102173   .3698579     0.29   0.772     .5709665    2.127594
2021-07-20T16:03:44.232116000Z ------------------------------------------------------------------------------
2021-07-20T16:03:44.232814400Z kids_cat4
2021-07-20T16:03:44.232827500Z ****************
2021-07-20T16:03:44.235118400Z 
2021-07-20T16:03:44.235143300Z  ( 1)  2.kids_cat4 + 2o.kids_cat4#1b.ethnicity = 0
2021-07-20T16:03:44.235242200Z 
2021-07-20T16:03:44.241639700Z ------------------------------------------------------------------------------
2021-07-20T16:03:44.241661200Z           _t |     exp(b)   Std. Err.      z    P>|z|     [95% Conf. Interval]
2021-07-20T16:03:44.241667000Z -------------+----------------------------------------------------------------
2021-07-20T16:03:44.242011400Z          (1) |    1.72396   .7147542     1.31   0.189     .7649247    3.885398
2021-07-20T16:03:44.242026200Z ------------------------------------------------------------------------------
2021-07-20T16:03:44.244063800Z 
2021-07-20T16:03:44.244077100Z  ( 1)  3.kids_cat4 + 3o.kids_cat4#1b.ethnicity = 0
2021-07-20T16:03:44.244080800Z 
2021-07-20T16:03:44.249947700Z ------------------------------------------------------------------------------
2021-07-20T16:03:44.249981100Z           _t |     exp(b)   Std. Err.      z    P>|z|     [95% Conf. Interval]
2021-07-20T16:03:44.249987300Z -------------+----------------------------------------------------------------
2021-07-20T16:03:44.250596700Z          (1) |   1.194164   .3814037     0.56   0.578     .6385562    2.233207
2021-07-20T16:03:44.250610000Z ------------------------------------------------------------------------------
2021-07-20T16:03:44.253540300Z 
2021-07-20T16:03:44.253556000Z  ( 1)  1.kids_cat4 + 1.kids_cat4#3.ethnicity = 0
2021-07-20T16:03:44.253561000Z 
2021-07-20T16:03:44.262058100Z ------------------------------------------------------------------------------
2021-07-20T16:03:44.262074100Z           _t |     exp(b)   Std. Err.      z    P>|z|     [95% Conf. Interval]
2021-07-20T16:03:44.262077200Z -------------+----------------------------------------------------------------
2021-07-20T16:03:44.262455900Z          (1) |   .9209367   .8643271    -0.09   0.930     .1463361    5.795732
2021-07-20T16:03:44.262497100Z ------------------------------------------------------------------------------
2021-07-20T16:03:44.262878700Z kids_cat4
2021-07-20T16:03:44.262894400Z ****************
2021-07-20T16:03:44.264496700Z 
2021-07-20T16:03:44.264507600Z  ( 1)  2.kids_cat4 + 2.kids_cat4#3.ethnicity = 0
2021-07-20T16:03:44.264512300Z 
2021-07-20T16:03:44.270340000Z ------------------------------------------------------------------------------
2021-07-20T16:03:44.270358000Z           _t |     exp(b)   Std. Err.      z    P>|z|     [95% Conf. Interval]
2021-07-20T16:03:44.270363500Z -------------+----------------------------------------------------------------
2021-07-20T16:03:44.270720400Z          (1) |   2.117593   2.257219     0.70   0.482     .2621296     17.1068
2021-07-20T16:03:44.270740900Z ------------------------------------------------------------------------------
2021-07-20T16:03:44.272794700Z 
2021-07-20T16:03:44.272807300Z  ( 1)  3.kids_cat4 + 3.kids_cat4#3.ethnicity = 0
2021-07-20T16:03:44.272810200Z 
2021-07-20T16:03:44.279391900Z ------------------------------------------------------------------------------
2021-07-20T16:03:44.279416600Z           _t |     exp(b)   Std. Err.      z    P>|z|     [95% Conf. Interval]
2021-07-20T16:03:44.279422100Z -------------+----------------------------------------------------------------
2021-07-20T16:03:44.279913000Z          (1) |    .646874   .5829682    -0.48   0.629     .1105885    3.783813
2021-07-20T16:03:44.279924800Z ------------------------------------------------------------------------------
2021-07-20T16:03:44.283035400Z 
2021-07-20T16:03:44.283046500Z  ( 1)  1.kids_cat4 + 1.kids_cat4#5.ethnicity = 0
2021-07-20T16:03:44.283049400Z 
2021-07-20T16:03:44.291811300Z ------------------------------------------------------------------------------
2021-07-20T16:03:44.291843000Z           _t |     exp(b)   Std. Err.      z    P>|z|     [95% Conf. Interval]
2021-07-20T16:03:44.291848400Z -------------+----------------------------------------------------------------
2021-07-20T16:03:44.292189400Z          (1) |   1.213834   1.262808     0.19   0.852     .1579847    9.326183
2021-07-20T16:03:44.292200900Z ------------------------------------------------------------------------------
2021-07-20T16:03:44.292653900Z kids_cat4
2021-07-20T16:03:44.292666100Z ****************
2021-07-20T16:03:44.294350300Z 
2021-07-20T16:03:44.294361600Z  ( 1)  2.kids_cat4 + 2.kids_cat4#5.ethnicity = 0
2021-07-20T16:03:44.294366200Z 
2021-07-20T16:03:44.299906000Z ------------------------------------------------------------------------------
2021-07-20T16:03:44.299922700Z           _t |     exp(b)   Std. Err.      z    P>|z|     [95% Conf. Interval]
2021-07-20T16:03:44.299927600Z -------------+----------------------------------------------------------------
2021-07-20T16:03:44.300335500Z          (1) |   2.630783   3.053492     0.83   0.405     .2704669    25.58915
2021-07-20T16:03:44.300348400Z ------------------------------------------------------------------------------
2021-07-20T16:03:44.302839900Z 
2021-07-20T16:03:44.302867200Z  ( 1)  3.kids_cat4 + 3.kids_cat4#5.ethnicity = 0
2021-07-20T16:03:44.302980300Z 
2021-07-20T16:03:44.310364500Z ------------------------------------------------------------------------------
2021-07-20T16:03:44.310386700Z           _t |     exp(b)   Std. Err.      z    P>|z|     [95% Conf. Interval]
2021-07-20T16:03:44.310392100Z -------------+----------------------------------------------------------------
2021-07-20T16:03:44.310695600Z          (1) |   1.219455    1.18221     0.20   0.838     .1823738    8.153974
2021-07-20T16:03:44.310711200Z ------------------------------------------------------------------------------
2021-07-20T16:03:44.311134200Z 
2021-07-20T16:03:44.311145300Z . log close
2021-07-20T16:03:44.311149800Z       name:  <unnamed>
2021-07-20T16:03:44.311154100Z        log:  /workspace/log/10_an_interaction_cox_models_ethcat_covidadmissionW
2021-07-20T16:03:44.311157300Z > 2.log
2021-07-20T16:03:44.311159500Z   log type:  text
2021-07-20T16:03:44.311161600Z  closed on:  20 Jul 2021, 16:03:44
2021-07-20T16:03:44.311163700Z -------------------------------------------------------------------------------
2021-07-20T16:03:44.311165800Z 
2021-07-20T16:03:44.311167700Z . 
2021-07-20T16:03:44.311169600Z . exit, clear 
2021-07-20T16:03:44.311172100Z 
2021-07-20T16:03:44.311174000Z end of do-file
2021-07-20T16:03:44.311176100Z 
2021-07-20T16:03:44.311178300Z . . file open output using "/tmp/tmp.piSWcuwIbV", write text replace
2021-07-20T16:03:44.311187300Z 
2021-07-20T16:03:44.311189600Z . . file write output "success" 
2021-07-20T16:03:44.311191800Z 
2021-07-20T16:03:44.311193700Z . . file close output
2021-07-20T16:03:44.311198400Z 
2021-07-20T16:03:44.311200400Z . 
2021-07-20T16:03:44.311202500Z end of do-file
2021-07-20T16:03:44.311204600Z 
2021-07-20T16:03:44.311206600Z 
2021-07-20T16:03:44.333070700Z . 

state: succeeded
commit: none
docker_image_id: sha256:11980aa720220a1b39bf523f5a8a33270214c13876c30ee364e16265766f7f60
exit_code: 0
job_id: idfs6ygeyg44fqr4
run_by_user: qc18278
created_at: 2021-07-20T15:38:48Z
started_at: 2021-07-20T16:03:34Z
completed_at: 2021-07-20T16:03:56Z

Completed successfully

outputs:
  log/10_an_interaction_cox_models_ethcat_covidadmissionW2.log                                                                   - moderately_sensitive
  output/an_interaction_cox_models_covidadmission_kids_cat4_ethnicity_MAINFULLYADJMODEL_agespline_bmicat_noeth_ageband_0W2.ster  - moderately_sensitive
  output/an_interaction_cox_models_covidadmission_kids_cat4_ethnicity_MAINFULLYADJMODEL_agespline_bmicat_noeth_ageband_1W2.ster  - moderately_sensitive