2021-07-20T16:01:12.455433600Z 
2021-07-20T16:01:12.455466900Z   ___  ____  ____  ____  ____ (R)
2021-07-20T16:01:12.455470800Z  /__    /   ____/   /   ____/
2021-07-20T16:01:12.455473100Z ___/   /   /___/   /   /___/   16.1   Copyright 1985-2019 StataCorp LLC
2021-07-20T16:01:12.455475400Z   Statistics/Data Analysis            StataCorp
2021-07-20T16:01:12.455477700Z                                       4905 Lakeway Drive
2021-07-20T16:01:12.455480100Z                                       College Station, Texas 77845 USA
2021-07-20T16:01:12.455482400Z                                       800-STATA-PC        http://www.stata.com
2021-07-20T16:01:12.455484600Z                                       979-696-4600        stata@stata.com
2021-07-20T16:01:12.455511300Z                                       979-696-4601 (fax)
2021-07-20T16:01:12.455529900Z 
2021-07-20T16:01:12.455533700Z 3-user Stata network license expires 11 May 2022:
2021-07-20T16:01:12.455536100Z        Serial number:  501709312237
2021-07-20T16:01:12.455538200Z          Licensed to:  The Bennett Institute
2021-07-20T16:01:12.455540400Z                        Oxford University
2021-07-20T16:01:12.456306200Z 
2021-07-20T16:01:12.456323000Z Notes:
2021-07-20T16:01:12.456327900Z       1.  Unicode is supported; see help unicode_advice.
2021-07-20T16:01:12.456332000Z 
2021-07-20T16:01:12.456335600Z . do "analysis/10_an_interaction_cox_models_sex.wrapper.do" covid_icu MAIN 
2021-07-20T16:01:12.456339500Z 
2021-07-20T16:01:12.456342600Z . . do "analysis/10_an_interaction_cox_models_sex.do" covid_icu MAIN
2021-07-20T16:01:12.456346100Z 
2021-07-20T16:01:12.456348900Z . *****************************************************************************
2021-07-20T16:01:12.456352000Z > ***
2021-07-20T16:01:12.456355100Z . *
2021-07-20T16:01:12.456357900Z . *       Do-file:                10_an_interaction_cox_models_sex.do
2021-07-20T16:01:12.456361000Z . *
2021-07-20T16:01:12.456364900Z . *       Project:                Exposure children and COVID risk
2021-07-20T16:01:12.456368700Z . *
2021-07-20T16:01:12.456372400Z . *       Programmed by:  Hforbes, based on files from Fizz & Krishnan
2021-07-20T16:01:12.456376500Z . *
2021-07-20T16:01:12.456380300Z . *       Data used:              analysis_dataset.dta
2021-07-20T16:01:12.456384200Z . *
2021-07-20T16:01:12.456387400Z . *       Data created:   None
2021-07-20T16:01:12.456391000Z . *
2021-07-20T16:01:12.456394800Z . *       Other output:   Log file:  10_an_interaction_cox_models.log
2021-07-20T16:01:12.456399000Z . *
2021-07-20T16:01:12.456402900Z . *****************************************************************************
2021-07-20T16:01:12.456416200Z > ***
2021-07-20T16:01:12.456425700Z . *
2021-07-20T16:01:12.456430100Z . *       Purpose:                This do-file performs multivariable (fully ad
2021-07-20T16:01:12.456434200Z > justed) 
2021-07-20T16:01:12.456437900Z . *                                       Cox models, with an interaction by se
2021-07-20T16:01:12.456441700Z > x.
2021-07-20T16:01:12.456445200Z . *  
2021-07-20T16:01:12.456566300Z . *****************************************************************************
2021-07-20T16:01:12.456579200Z > ***
2021-07-20T16:01:12.456584100Z . *       
2021-07-20T16:01:12.456588400Z . *       Stata routines needed:  stbrier   
2021-07-20T16:01:12.456592400Z . *
2021-07-20T16:01:12.456596700Z . *****************************************************************************
2021-07-20T16:01:12.456600700Z > ***
2021-07-20T16:01:12.456604600Z . 
2021-07-20T16:01:12.456608400Z . 
2021-07-20T16:01:12.456612100Z . * Set globals that will print in programs and direct output
2021-07-20T16:01:12.456616000Z . global outdir     "output" 
2021-07-20T16:01:12.456620100Z 
2021-07-20T16:01:12.456623600Z . global logdir     "log"
2021-07-20T16:01:12.456627100Z 
2021-07-20T16:01:12.456630500Z . global tempdir    "tempdata"
2021-07-20T16:01:12.456634700Z 
2021-07-20T16:01:12.456654700Z . global demogadjlist  age1 age2 age3 i.male i.ethnicity  i.obese4cat i.smoke_n
2021-07-20T16:01:12.456661700Z > omiss i.imd i.tot_adults_hh
2021-07-20T16:01:12.456666000Z 
2021-07-20T16:01:12.456810600Z . global comordidadjlist  i.htdiag_or_highbp                              ///
2021-07-20T16:01:12.456823700Z >                         i.chronic_respiratory_disease   ///
2021-07-20T16:01:12.456828500Z >                         i.asthma                                             
2021-07-20T16:01:12.456832400Z >    ///
2021-07-20T16:01:12.456835800Z >                         i.chronic_cardiac_disease               ///
2021-07-20T16:01:12.456839400Z >                         i.diabcat                                            
2021-07-20T16:01:12.456843300Z >    ///
2021-07-20T16:01:12.456846700Z >                         i.cancer_exhaem_cat                             ///
2021-07-20T16:01:12.456852000Z >                         i.cancer_haem_cat                               ///
2021-07-20T16:01:12.456855900Z >                         i.chronic_liver_disease                 ///
2021-07-20T16:01:12.456859500Z >                         i.stroke_dementia                               ///
2021-07-20T16:01:12.456862900Z >                         i.other_neuro                                   ///
2021-07-20T16:01:12.456874700Z >                         i.reduced_kidney_function_cat   ///
2021-07-20T16:01:12.456878800Z >                         i.esrd                                               
2021-07-20T16:01:12.456882700Z >    ///
2021-07-20T16:01:12.457031700Z >                         i.other_transplant                              ///
2021-07-20T16:01:12.457045700Z >                         i.asplenia                                           
2021-07-20T16:01:12.457050700Z >    ///
2021-07-20T16:01:12.457054400Z >                         i.ra_sle_psoriasis                      ///
2021-07-20T16:01:12.457058200Z >                         i.other_immuno          
2021-07-20T16:01:12.457061700Z 
2021-07-20T16:01:12.457065200Z . local outcome `1' 
2021-07-20T16:01:12.457068700Z 
2021-07-20T16:01:12.457072200Z . local dataset `2'
2021-07-20T16:01:12.457075900Z 
2021-07-20T16:01:12.457078400Z .  
2021-07-20T16:01:12.457080500Z . 
2021-07-20T16:01:12.457082500Z . 
2021-07-20T16:01:12.457173000Z . *****************************************************************************
2021-07-20T16:01:12.457185900Z > *******
2021-07-20T16:01:12.457190400Z . *First clean up all old saved estimates for this outcome
2021-07-20T16:01:12.457194100Z . *This is to guard against accidentally displaying left-behind results from ol
2021-07-20T16:01:12.457197700Z > d runs
2021-07-20T16:01:12.457201200Z . *****************************************************************************
2021-07-20T16:01:12.457204900Z > *******
2021-07-20T16:01:12.457208500Z . cap erase ./output/an_interaction_cox_models_`outcome'_`exposure_type'_male_M
2021-07-20T16:01:12.457212300Z > AINFULLYADJMODEL_agespline_bmicat_noeth_ageband_0.ster
2021-07-20T16:01:12.457375600Z 
2021-07-20T16:01:12.457388200Z . cap erase ./output/an_interaction_cox_models_`outcome'_`exposure_type'_male_M
2021-07-20T16:01:12.457393500Z > AINFULLYADJMODEL_agespline_bmicat_noeth_ageband_1.ster
2021-07-20T16:01:12.457503200Z 
2021-07-20T16:01:12.457516000Z . 
2021-07-20T16:01:12.457520900Z . 
2021-07-20T16:01:12.457524800Z . cap log close
2021-07-20T16:01:12.457615200Z 
2021-07-20T16:01:12.457626700Z . log using "$logdir/10_an_interaction_cox_models_sex_`outcome'`dataset'", text
2021-07-20T16:01:12.457632000Z >  replace
2021-07-20T16:01:12.457747300Z (note: file /workspace/log/10_an_interaction_cox_models_sex_covid_icuMAIN.log n
2021-07-20T16:01:12.457760200Z > ot found)
2021-07-20T16:01:12.457807300Z -------------------------------------------------------------------------------
2021-07-20T16:01:12.457829100Z       name:  <unnamed>
2021-07-20T16:01:12.457834700Z        log:  /workspace/log/10_an_interaction_cox_models_sex_covid_icuMAIN.log
2021-07-20T16:01:12.457862100Z   log type:  text
2021-07-20T16:01:12.457869000Z  opened on:  20 Jul 2021, 16:01:12
2021-07-20T16:01:12.457873300Z 
2021-07-20T16:01:12.457876700Z . 
2021-07-20T16:01:12.457879800Z . 
2021-07-20T16:01:12.457883200Z . *PROG TO DEFINE THE BASIC COX MODEL WITH OPTIONS FOR HANDLING OF AGE, BMI, ET
2021-07-20T16:01:12.457887200Z > HNICITY:
2021-07-20T16:01:12.457892600Z . cap prog drop basemodel
2021-07-20T16:01:12.457896600Z 
2021-07-20T16:01:12.457900300Z . prog define basemodel
2021-07-20T16:01:12.458034900Z   1.         syntax , exposure(string)  age(string) [ethnicity(real 0) interact
2021-07-20T16:01:12.458046800Z > ion(string)] 
2021-07-20T16:01:12.458049800Z   2. timer clear
2021-07-20T16:01:12.458051900Z   3. timer on 1
2021-07-20T16:01:12.458209600Z   4. stcox   `exposure'                                                        
2021-07-20T16:01:12.458222200Z >       ///
2021-07-20T16:01:12.458226600Z >                         $demogadjlist                                        
2021-07-20T16:01:12.458230500Z >            ///
2021-07-20T16:01:12.458234200Z >                         $comordidadjlist                                     
2021-07-20T16:01:12.458237800Z >            ///
2021-07-20T16:01:12.458241200Z >                         `interaction'                                        
2021-07-20T16:01:12.458244900Z >            ///
2021-07-20T16:01:12.458248300Z >                         , strata(stp) vce(cluster household_id)
2021-07-20T16:01:12.458252100Z   5.         timer off 1
2021-07-20T16:01:12.458255600Z   6. timer list
2021-07-20T16:01:12.458259000Z   7. end
2021-07-20T16:01:12.458262400Z 
2021-07-20T16:01:12.458265700Z . *****************************************************************************
2021-07-20T16:01:12.458269400Z > ********
2021-07-20T16:01:12.458273000Z . 
2021-07-20T16:01:12.458276400Z . * Open dataset and fit specified model(s)
2021-07-20T16:01:12.458279900Z . forvalues x=0/1 {
2021-07-20T16:01:12.458283300Z   2. use "$tempdir/cr_create_analysis_dataset_STSET_`outcome'_ageband_`x'`datas
2021-07-20T16:01:12.458287000Z > et'.dta", clear
2021-07-20T16:01:12.458290500Z   3. foreach int_type in  male  {
2021-07-20T16:01:12.458294000Z   4. 
2021-07-20T16:01:12.458297200Z . tab male `outcome'
2021-07-20T16:01:12.458300900Z   5. *Age interaction for 3-level exposure vars
2021-07-20T16:01:12.458316100Z . foreach exposure_type in kids_cat4  {
2021-07-20T16:01:12.458320200Z   6. 
2021-07-20T16:01:12.458323600Z . *Age spline model (not adj ethnicity, no interaction)
2021-07-20T16:01:12.458327200Z . basemodel, exposure("i.`exposure_type'") age("age1 age2 age3")  
2021-07-20T16:01:12.458331000Z   7. 
2021-07-20T16:01:12.458335800Z . *Age spline model (not adj ethnicity, interaction)
2021-07-20T16:01:12.458580100Z . basemodel, exposure("i.`exposure_type'") age("age1 age2 age3")  ///
2021-07-20T16:01:12.458594400Z > interaction(1.`int_type'#1.`exposure_type' 1.`int_type'#2.`exposure_type' 1.`
2021-07-20T16:01:12.458599500Z > int_type'#3.`exposure_type')
2021-07-20T16:01:12.458603000Z   8. if _rc==0{
2021-07-20T16:01:12.458606400Z   9. testparm 1.`int_type'#i.`exposure_type'
2021-07-20T16:01:12.458609700Z  10. di _n "`exposure_type' " _n "****************"
2021-07-20T16:01:12.458613400Z  11. lincom 1.`exposure_type' + 1.`int_type'#1.`exposure_type', eform
2021-07-20T16:01:12.458617100Z  12. di "`exposure_type'" _n "****************"
2021-07-20T16:01:12.458620900Z  13. lincom 2.`exposure_type' + 1.`int_type'#2.`exposure_type', eform
2021-07-20T16:01:12.458624400Z  14. di "`exposure_type'" _n "****************"
2021-07-20T16:01:12.458628300Z  15. lincom 3.`exposure_type' + 1.`int_type'#3.`exposure_type', eform
2021-07-20T16:01:12.458632400Z  16. estimates save ./output/an_interaction_cox_models_`outcome'_`exposure_type
2021-07-20T16:01:12.458636000Z > '_`int_type'_MAINFULLYADJMODEL_agespline_bmicat_noeth_ageband_`x'`dataset', r
2021-07-20T16:01:12.458639700Z > eplace
2021-07-20T16:01:12.458643000Z  17. }
2021-07-20T16:01:12.458646900Z  18. else di "WARNING GROUP MODEL DID NOT FIT (OUTCOME `outcome')"
2021-07-20T16:01:12.458651000Z  19. 
2021-07-20T16:01:12.458655600Z . }
2021-07-20T16:01:12.458659400Z  20. }
2021-07-20T16:01:12.458662700Z  21. }
2021-07-20T16:01:12.466005100Z 
2021-07-20T16:01:12.466028400Z            |   Failure/censoring
2021-07-20T16:01:12.466034600Z            |     indicator for
2021-07-20T16:01:12.466038500Z            |  outcome: covid icu
2021-07-20T16:01:12.466042200Z       Male |         0          1 |     Total
2021-07-20T16:01:12.466046200Z -----------+----------------------+----------
2021-07-20T16:01:12.466050300Z          0 |     5,683      2,624 |     8,307 
2021-07-20T16:01:12.466054200Z          1 |     5,429      2,470 |     7,899 
2021-07-20T16:01:12.466058000Z -----------+----------------------+----------
2021-07-20T16:01:12.466061800Z      Total |    11,112      5,094 |    16,206 
2021-07-20T16:01:12.479441600Z 
2021-07-20T16:01:12.479463500Z          failure _d:  covid_icu
2021-07-20T16:01:12.479478700Z    analysis time _t:  (stime_covid_icu-origin)
2021-07-20T16:01:12.479482600Z              origin:  time enter_date
2021-07-20T16:01:12.479486200Z   enter on or after:  time enter_date
2021-07-20T16:01:12.479489500Z                  id:  patient_id
2021-07-20T16:01:12.979627600Z 
2021-07-20T16:01:12.979645700Z Iteration 0:   log pseudolikelihood = -36057.063
2021-07-20T16:01:13.181955200Z Iteration 1:   log pseudolikelihood =  -36025.61
2021-07-20T16:01:13.370846100Z Iteration 2:   log pseudolikelihood = -36025.389
2021-07-20T16:01:13.552905500Z Iteration 3:   log pseudolikelihood = -36025.389
2021-07-20T16:01:13.552927500Z Refining estimates:
2021-07-20T16:01:14.249899600Z Iteration 0:   log pseudolikelihood = -36025.389
2021-07-20T16:01:23.814937600Z 
2021-07-20T16:01:23.814963600Z Stratified Cox regr. -- Breslow method for ties
2021-07-20T16:01:23.815332000Z 
2021-07-20T16:01:23.815351600Z No. of subjects      =       16,206             Number of obs    =      16,206
2021-07-20T16:01:23.815357900Z No. of failures      =        5,094
2021-07-20T16:01:23.815363000Z Time at risk         =      2466488
2021-07-20T16:01:23.815448600Z                                                 Wald chi2(42)    =       69.08
2021-07-20T16:01:23.815754000Z Log pseudolikelihood =   -36025.389             Prob > chi2      =      0.0053
2021-07-20T16:01:23.815769400Z 
2021-07-20T16:01:24.002598800Z                        (Std. Err. adjusted for 1,106 clusters in household_id)
2021-07-20T16:01:24.002626900Z ------------------------------------------------------------------------------
2021-07-20T16:01:24.002633700Z              |               Robust
2021-07-20T16:01:24.002638700Z           _t | Haz. Ratio   Std. Err.      z    P>|z|     [95% Conf. Interval]
2021-07-20T16:01:24.002643800Z -------------+----------------------------------------------------------------
2021-07-20T16:01:24.002648800Z    kids_cat4 |
2021-07-20T16:01:24.012913600Z only <12 ..  |   .9715296   .0898274    -0.31   0.755     .8105022    1.164549
2021-07-20T16:01:24.013135200Z  only 12-18  |   .8919674   .1240603    -0.82   0.411      .679139    1.171492
2021-07-20T16:01:24.013375300Z       mixed  |   .9461666   .0787129    -0.67   0.506      .803813    1.113731
2021-07-20T16:01:24.013388500Z              |
2021-07-20T16:01:24.013719000Z         age1 |   1.006043   .0050537     1.20   0.230     .9961865    1.015997
2021-07-20T16:01:24.013961200Z         age2 |   .9750634   .0153822    -1.60   0.109     .9453762    1.005683
2021-07-20T16:01:24.014266400Z         age3 |   1.070876   .0470188     1.56   0.119     .9825746    1.167113
2021-07-20T16:01:24.014567700Z       1.male |   .9691609   .0270817    -1.12   0.262     .9175091    1.023721
2021-07-20T16:01:24.014585800Z              |
2021-07-20T16:01:24.014616500Z    ethnicity |
2021-07-20T16:01:24.014910400Z Asian or ..  |   1.078153   .0479623     1.69   0.091       .98813    1.176377
2021-07-20T16:01:24.015179200Z       Other  |   1.052434   .0491996     1.09   0.274     .9602902    1.153419
2021-07-20T16:01:24.015191200Z              |
2021-07-20T16:01:24.015196200Z    obese4cat |
2021-07-20T16:01:24.015528400Z Obese I ..)  |   1.013615   .0406227     0.34   0.736     .9370425    1.096444
2021-07-20T16:01:24.015880200Z Obese II..)  |   .9544648   .0496731    -0.90   0.371     .8619081    1.056961
2021-07-20T16:01:24.016370500Z Obese II..)  |   .9896881   .0625424    -0.16   0.870     .8743946    1.120184
2021-07-20T16:01:24.016386600Z              |
2021-07-20T16:01:24.016391900Z smoke_nomiss |
2021-07-20T16:01:24.016828400Z      Former  |   1.135991    .105735     1.37   0.171     .9465579    1.363334
2021-07-20T16:01:24.017177900Z     Current  |   .9730555   .0432496    -0.61   0.539     .8918753    1.061625
2021-07-20T16:01:24.017188700Z              |
2021-07-20T16:01:24.017191700Z          imd |
2021-07-20T16:01:24.017449500Z           4  |   .9805243    .033171    -0.58   0.561     .9176189    1.047742
2021-07-20T16:01:24.017718100Z 5 most de..  |   .8921163   .0450419    -2.26   0.024     .8080632    .9849125
2021-07-20T16:01:24.017730300Z              |
2021-07-20T16:01:24.017735600Z tot_adults~h |
2021-07-20T16:01:24.018009100Z           2  |   1.105241   .3072435     0.36   0.719     .6409632    1.905814
2021-07-20T16:01:24.018326500Z           3  |   1.094207    .222409     0.44   0.658     .7346557    1.629728
2021-07-20T16:01:24.018337300Z              |
2021-07-20T16:01:24.018683200Z 1.htdiag_o~p |   1.083523   .0569898     1.53   0.127     .9773895    1.201181
2021-07-20T16:01:24.018967900Z 1.~y_disease |    1.01694   .0335668     0.51   0.611      .953233    1.084904
2021-07-20T16:01:24.019310700Z     1.asthma |   .9734832   .0509504    -0.51   0.608     .8785735    1.078646
2021-07-20T16:01:24.019635300Z 1.~c_disease |   .9261664   .0315507    -2.25   0.024     .8663474    .9901157
2021-07-20T16:01:24.019648400Z              |
2021-07-20T16:01:24.019653700Z      diabcat |
2021-07-20T16:01:24.019965700Z T1DM, con..  |   1.076622    .091477     0.87   0.385     .9114643    1.271707
2021-07-20T16:01:24.020205400Z T1DM, unc..  |   1.238737   .2021952     1.31   0.190     .8995807    1.705761
2021-07-20T16:01:24.020451500Z T2DM, con..  |     .96421   .0372293    -0.94   0.345     .8939347     1.04001
2021-07-20T16:01:24.020692200Z T2DM, unc..  |   1.188776   .0808015     2.54   0.011     1.040504    1.358177
2021-07-20T16:01:24.021002500Z Diabetes,..  |   1.213237   .6553556     0.36   0.720      .420873    3.497358
2021-07-20T16:01:24.021013800Z              |
2021-07-20T16:01:24.021018800Z cancer_exh~t |
2021-07-20T16:01:24.021330000Z   Last year  |   1.510124   .2559861     2.43   0.015     1.083235    2.105245
2021-07-20T16:01:24.021588200Z 2-5 years..  |    .802367   .0925935    -1.91   0.056     .6399471     1.00601
2021-07-20T16:01:24.021824000Z    5+ years  |   1.051639   .0369365     1.43   0.152     .9816807    1.126584
2021-07-20T16:01:24.021836300Z              |
2021-07-20T16:01:24.021862100Z cancer_hae~t |
2021-07-20T16:01:24.022136000Z   Last year  |    1.12328   .2106058     0.62   0.535     .7778479    1.622114
2021-07-20T16:01:24.022354900Z 2-5 years..  |   .9188202   .1061602    -0.73   0.464     .7326271    1.152333
2021-07-20T16:01:24.022650000Z    5+ years  |   .9425879   .0366597    -1.52   0.128     .8734066    1.017249
2021-07-20T16:01:24.022663100Z              |
2021-07-20T16:01:24.022953500Z 1.~r_disease |   1.048861   .0346215     1.45   0.148     .9831527    1.118961
2021-07-20T16:01:24.023337400Z 1.stroke_d~a |   .9558955   .0343892    -1.25   0.210     .8908152     1.02573
2021-07-20T16:01:24.023811500Z 1.other_ne~o |   .9864043   .0343307    -0.39   0.694     .9213611    1.056039
2021-07-20T16:01:24.023825600Z              |
2021-07-20T16:01:24.023831000Z reduced_ki~t |
2021-07-20T16:01:24.024328800Z Stage 3a/..  |   .7597493   .2013607    -1.04   0.300     .4519304     1.27723
2021-07-20T16:01:24.024699000Z       1.esrd |   1.025145   .0290982     0.87   0.382     .9696706    1.083792
2021-07-20T16:01:24.025070100Z 1.other_tr~t |   .9927672   .0351516    -0.21   0.838     .9262075     1.06411
2021-07-20T16:01:24.025474800Z   1.asplenia |   .9442148   .0337002    -1.61   0.108      .880421    1.012631
2021-07-20T16:01:24.025844700Z 1.ra_sle_p~s |   1.029867   .0357966     0.85   0.397      .962043    1.102472
2021-07-20T16:01:24.038218800Z 1.other_im~o |   1.055582    .031289     1.82   0.068      .996004    1.118724
2021-07-20T16:01:24.038237200Z ------------------------------------------------------------------------------
2021-07-20T16:01:24.038611200Z                                                              Stratified by stp
2021-07-20T16:01:24.044025300Z    1:     11.57 /        1 =      11.5750
2021-07-20T16:01:24.053933400Z 
2021-07-20T16:01:24.053954500Z          failure _d:  covid_icu
2021-07-20T16:01:24.053960100Z    analysis time _t:  (stime_covid_icu-origin)
2021-07-20T16:01:24.053964800Z              origin:  time enter_date
2021-07-20T16:01:24.053969400Z   enter on or after:  time enter_date
2021-07-20T16:01:24.053973700Z                  id:  patient_id
2021-07-20T16:01:24.701699000Z 
2021-07-20T16:01:24.701727800Z Iteration 0:   log pseudolikelihood = -36057.063
2021-07-20T16:01:24.934529800Z Iteration 1:   log pseudolikelihood = -36022.862
2021-07-20T16:01:25.168830300Z Iteration 2:   log pseudolikelihood = -36022.625
2021-07-20T16:01:25.398205500Z Iteration 3:   log pseudolikelihood = -36022.625
2021-07-20T16:01:25.398229600Z Refining estimates:
2021-07-20T16:01:26.240595800Z Iteration 0:   log pseudolikelihood = -36022.625
2021-07-20T16:01:37.119158200Z 
2021-07-20T16:01:37.119182900Z Stratified Cox regr. -- Breslow method for ties
2021-07-20T16:01:37.119189600Z 
2021-07-20T16:01:37.119192800Z No. of subjects      =       16,206             Number of obs    =      16,206
2021-07-20T16:01:37.119196000Z No. of failures      =        5,094
2021-07-20T16:01:37.119199000Z Time at risk         =      2466488
2021-07-20T16:01:37.119383900Z                                                 Wald chi2(45)    =       75.11
2021-07-20T16:01:37.119400100Z Log pseudolikelihood =   -36022.625             Prob > chi2      =      0.0032
2021-07-20T16:01:37.119404900Z 
2021-07-20T16:01:37.131084300Z                        (Std. Err. adjusted for 1,106 clusters in household_id)
2021-07-20T16:01:37.131108000Z ------------------------------------------------------------------------------
2021-07-20T16:01:37.131114300Z              |               Robust
2021-07-20T16:01:37.131119400Z           _t | Haz. Ratio   Std. Err.      z    P>|z|     [95% Conf. Interval]
2021-07-20T16:01:37.131124800Z -------------+----------------------------------------------------------------
2021-07-20T16:01:37.131129800Z    kids_cat4 |
2021-07-20T16:01:37.131373000Z only <12 ..  |   .8539748   .1102155    -1.22   0.221     .6631129    1.099772
2021-07-20T16:01:37.131513600Z  only 12-18  |   .6762863   .1344437    -1.97   0.049     .4580515    .9984973
2021-07-20T16:01:37.131779300Z       mixed  |    .867755   .1004753    -1.23   0.221     .6915738    1.088819
2021-07-20T16:01:37.131793200Z              |
2021-07-20T16:01:37.132033100Z         age1 |   1.006161   .0050549     1.22   0.221     .9963021    1.016117
2021-07-20T16:01:37.132270000Z         age2 |   .9745237   .0153693    -1.64   0.102     .9448612    1.005117
2021-07-20T16:01:37.132548800Z         age3 |    1.07269   .0470841     1.60   0.110     .9842653    1.169059
2021-07-20T16:01:37.132826000Z       1.male |   .8039195    .121632    -1.44   0.149     .5976224     1.08143
2021-07-20T16:01:37.132839000Z              |
2021-07-20T16:01:37.132844700Z    ethnicity |
2021-07-20T16:01:37.133061100Z Asian or ..  |   1.076475   .0478537     1.66   0.097     .9866538    1.174474
2021-07-20T16:01:37.133377700Z       Other  |   1.053001   .0491761     1.11   0.269     .9608975    1.153934
2021-07-20T16:01:37.133388700Z              |
2021-07-20T16:01:37.133392100Z    obese4cat |
2021-07-20T16:01:37.133640400Z Obese I ..)  |   1.012166   .0405556     0.30   0.763     .9357195    1.094858
2021-07-20T16:01:37.133882400Z Obese II..)  |   .9545905   .0496409    -0.89   0.371     .8620902    1.057016
2021-07-20T16:01:37.134205400Z Obese II..)  |   .9907493   .0625992    -0.15   0.883     .8753499    1.121362
2021-07-20T16:01:37.134219100Z              |
2021-07-20T16:01:37.134224500Z smoke_nomiss |
2021-07-20T16:01:37.134501600Z      Former  |   1.135683   .1059435     1.36   0.173     .9459145    1.363523
2021-07-20T16:01:37.134792900Z     Current  |   .9723165   .0432114    -0.63   0.528     .8912074    1.060807
2021-07-20T16:01:37.134806900Z              |
2021-07-20T16:01:37.134812300Z          imd |
2021-07-20T16:01:37.135098800Z           4  |   .9810053   .0331566    -0.57   0.570     .9181252    1.048192
2021-07-20T16:01:37.135385200Z 5 most de..  |   .8923661   .0450559    -2.26   0.024     .8082869    .9851912
2021-07-20T16:01:37.135397800Z              |
2021-07-20T16:01:37.135402700Z tot_adults~h |
2021-07-20T16:01:37.135668300Z           2  |   1.123619   .3146412     0.42   0.677     .6490253    1.945256
2021-07-20T16:01:37.135947500Z           3  |   1.113194   .2274338     0.52   0.600     .7458716    1.661413
2021-07-20T16:01:37.135960300Z              |
2021-07-20T16:01:37.136325700Z 1.htdiag_o~p |    1.08354   .0570244     1.52   0.127     .9773453    1.201273
2021-07-20T16:01:37.136622300Z 1.~y_disease |   1.017341   .0335638     0.52   0.602     .9536385    1.085298
2021-07-20T16:01:37.136959500Z     1.asthma |   .9719198   .0508634    -0.54   0.586     .8771716    1.076902
2021-07-20T16:01:37.137302200Z 1.~c_disease |   .9250831   .0314982    -2.29   0.022     .8653626    .9889251
2021-07-20T16:01:37.137315700Z              |
2021-07-20T16:01:37.137321100Z      diabcat |
2021-07-20T16:01:37.137574700Z T1DM, con..  |   1.075928   .0914544     0.86   0.389     .9108158    1.270971
2021-07-20T16:01:37.137821700Z T1DM, unc..  |    1.23449   .2009169     1.29   0.196     .8973295    1.698334
2021-07-20T16:01:37.138103700Z T2DM, con..  |   .9639769   .0372237    -0.95   0.342     .8937122    1.039766
2021-07-20T16:01:37.138365800Z T2DM, unc..  |   1.190529   .0809269     2.57   0.010     1.042027    1.360194
2021-07-20T16:01:37.138715500Z Diabetes,..  |   1.194578   .6450863     0.33   0.742     .4145295    3.442496
2021-07-20T16:01:37.138727600Z              |
2021-07-20T16:01:37.138730800Z cancer_exh~t |
2021-07-20T16:01:37.139084100Z   Last year  |   1.514295   .2574112     2.44   0.015     1.085218    2.113022
2021-07-20T16:01:37.139502700Z 2-5 years..  |   .8013414   .0925135    -1.92   0.055     .6390691    1.004818
2021-07-20T16:01:37.139954300Z    5+ years  |   1.050186   .0368991     1.39   0.163     .9802991    1.125055
2021-07-20T16:01:37.139978300Z              |
2021-07-20T16:01:37.139986800Z cancer_hae~t |
2021-07-20T16:01:37.140511900Z   Last year  |   1.126369   .2116436     0.63   0.527     .7793645    1.627873
2021-07-20T16:01:37.140941600Z 2-5 years..  |   .9211528   .1064351    -0.71   0.477     .7344785    1.155272
2021-07-20T16:01:37.141693500Z    5+ years  |   .9418794   .0366432    -1.54   0.124       .87273    1.016508
2021-07-20T16:01:37.141712200Z              |
2021-07-20T16:01:37.142396800Z 1.~r_disease |   1.048348   .0346446     1.43   0.153     .9825985    1.118498
2021-07-20T16:01:37.142715400Z 1.stroke_d~a |   .9572314   .0344875    -1.21   0.225     .8919684    1.027269
2021-07-20T16:01:37.143089500Z 1.other_ne~o |   .9867095   .0343211    -0.38   0.700     .9216832    1.056324
2021-07-20T16:01:37.143150500Z              |
2021-07-20T16:01:37.143159300Z reduced_ki~t |
2021-07-20T16:01:37.143758200Z Stage 3a/..  |   .7593154    .201568    -1.04   0.300     .4512967    1.277563
2021-07-20T16:01:37.144250900Z       1.esrd |   1.025095   .0291067     0.87   0.383      .969605     1.08376
2021-07-20T16:01:37.144493400Z 1.other_tr~t |   .9929258   .0351875    -0.20   0.841     .9263002    1.064344
2021-07-20T16:01:37.144747300Z   1.asplenia |   .9445275   .0337304    -1.60   0.110     .8806778    1.013006
2021-07-20T16:01:37.145293600Z 1.ra_sle_p~s |   1.029536   .0357757     0.84   0.402     .9617513    1.102098
2021-07-20T16:01:37.145579900Z 1.other_im~o |   1.055578   .0313146     1.82   0.068     .9959529    1.118773
2021-07-20T16:01:37.145593200Z              |
2021-07-20T16:01:37.145598300Z         male#|
2021-07-20T16:01:37.145603500Z    kids_cat4 |
2021-07-20T16:01:37.145607700Z           1 #|
2021-07-20T16:01:37.146129300Z only <12 ..  |   1.300003   .2289937     1.49   0.136     .9204635    1.836041
2021-07-20T16:01:37.146145300Z           1 #|
2021-07-20T16:01:37.146432100Z  only 12-18  |    1.72037   .4111711     2.27   0.023     1.076919    2.748276
2021-07-20T16:01:37.148033900Z     1#mixed  |   1.192202    .183993     1.14   0.255     .8810158    1.613304
2021-07-20T16:01:37.148051200Z ------------------------------------------------------------------------------
2021-07-20T16:01:37.148301900Z                                                              Stratified by stp
2021-07-20T16:01:37.149802700Z    1:     13.11 /        1 =      13.1090
2021-07-20T16:01:37.151982000Z 
2021-07-20T16:01:37.151998300Z  ( 1)  1.male#1.kids_cat4 = 0
2021-07-20T16:01:37.152003400Z  ( 2)  1.male#2.kids_cat4 = 0
2021-07-20T16:01:37.152007600Z  ( 3)  1.male#3.kids_cat4 = 0
2021-07-20T16:01:37.152011500Z 
2021-07-20T16:01:37.152015100Z            chi2(  3) =    6.05
2021-07-20T16:01:37.152019400Z          Prob > chi2 =    0.1092
2021-07-20T16:01:37.152171400Z 
2021-07-20T16:01:37.152184700Z kids_cat4 
2021-07-20T16:01:37.152189300Z ****************
2021-07-20T16:01:37.154914500Z 
2021-07-20T16:01:37.154932100Z  ( 1)  1.kids_cat4 + 1.male#1.kids_cat4 = 0
2021-07-20T16:01:37.155139400Z 
2021-07-20T16:01:37.168720800Z ------------------------------------------------------------------------------
2021-07-20T16:01:37.168741400Z           _t |     exp(b)   Std. Err.      z    P>|z|     [95% Conf. Interval]
2021-07-20T16:01:37.168747300Z -------------+----------------------------------------------------------------
2021-07-20T16:01:37.169412600Z          (1) |    1.11017   .1400595     0.83   0.407     .8669649      1.4216
2021-07-20T16:01:37.169426500Z ------------------------------------------------------------------------------
2021-07-20T16:01:37.170497400Z kids_cat4
2021-07-20T16:01:37.170512000Z ****************
2021-07-20T16:01:37.173421700Z 
2021-07-20T16:01:37.173438900Z  ( 1)  2.kids_cat4 + 1.male#2.kids_cat4 = 0
2021-07-20T16:01:37.173747700Z 
2021-07-20T16:01:37.181593500Z ------------------------------------------------------------------------------
2021-07-20T16:01:37.181617300Z           _t |     exp(b)   Std. Err.      z    P>|z|     [95% Conf. Interval]
2021-07-20T16:01:37.181622700Z -------------+----------------------------------------------------------------
2021-07-20T16:01:37.182232700Z          (1) |   1.163462   .2002068     0.88   0.379     .8303839    1.630143
2021-07-20T16:01:37.182250300Z ------------------------------------------------------------------------------
2021-07-20T16:01:37.183496900Z kids_cat4
2021-07-20T16:01:37.183516500Z ****************
2021-07-20T16:01:37.186577900Z 
2021-07-20T16:01:37.186601500Z  ( 1)  3.kids_cat4 + 1.male#3.kids_cat4 = 0
2021-07-20T16:01:37.186776700Z 
2021-07-20T16:01:37.196814500Z ------------------------------------------------------------------------------
2021-07-20T16:01:37.196837000Z           _t |     exp(b)   Std. Err.      z    P>|z|     [95% Conf. Interval]
2021-07-20T16:01:37.196841000Z -------------+----------------------------------------------------------------
2021-07-20T16:01:37.197309700Z          (1) |    1.03454   .1146269     0.31   0.759     .8325955    1.285465
2021-07-20T16:01:37.197322900Z ------------------------------------------------------------------------------
2021-07-20T16:01:37.230515600Z (note: file ./output/an_interaction_cox_models_covid_icu_kids_cat4_male_MAINFUL
2021-07-20T16:01:37.230545700Z > LYADJMODEL_agespline_bmicat_noeth_ageband_0MAIN.ster not found)
2021-07-20T16:01:37.230550200Z file ./output/an_interaction_cox_models_covid_icu_kids_cat4_male_MAINFULLYADJMO
2021-07-20T16:01:37.230553400Z > DEL_agespline_bmicat_noeth_ageband_0MAIN.ster saved
2021-07-20T16:01:37.234673100Z 
2021-07-20T16:01:37.234695200Z            |   Failure/censoring
2021-07-20T16:01:37.234699400Z            |     indicator for
2021-07-20T16:01:37.234703300Z            |  outcome: covid icu
2021-07-20T16:01:37.234707900Z       Male |         0          1 |     Total
2021-07-20T16:01:37.234727900Z -----------+----------------------+----------
2021-07-20T16:01:37.234733300Z          0 |     1,615        743 |     2,358 
2021-07-20T16:01:37.234737500Z          1 |     1,490        646 |     2,136 
2021-07-20T16:01:37.234741900Z -----------+----------------------+----------
2021-07-20T16:01:37.234745700Z      Total |     3,105      1,389 |     4,494 
2021-07-20T16:01:37.237715600Z 
2021-07-20T16:01:37.237738100Z          failure _d:  covid_icu
2021-07-20T16:01:37.237743800Z    analysis time _t:  (stime_covid_icu-origin)
2021-07-20T16:01:37.237748600Z              origin:  time enter_date
2021-07-20T16:01:37.237753000Z   enter on or after:  time enter_date
2021-07-20T16:01:37.237757700Z                  id:  patient_id
2021-07-20T16:01:37.404092700Z 
2021-07-20T16:01:37.404122300Z Iteration 0:   log pseudolikelihood =  -8042.262
2021-07-20T16:01:37.473250200Z Iteration 1:   log pseudolikelihood = -8020.9066
2021-07-20T16:01:37.549605600Z Iteration 2:   log pseudolikelihood = -8020.4491
2021-07-20T16:01:37.639676700Z Iteration 3:   log pseudolikelihood = -8020.4137
2021-07-20T16:01:37.705252700Z Iteration 4:   log pseudolikelihood = -8020.4011
2021-07-20T16:01:37.784849900Z Iteration 5:   log pseudolikelihood = -8020.3965
2021-07-20T16:01:37.862015800Z Iteration 6:   log pseudolikelihood = -8020.3948
2021-07-20T16:01:37.949031400Z Iteration 7:   log pseudolikelihood = -8020.3942
2021-07-20T16:01:38.018573500Z Iteration 8:   log pseudolikelihood =  -8020.394
2021-07-20T16:01:38.091405700Z Iteration 9:   log pseudolikelihood = -8020.3939
2021-07-20T16:01:38.162228900Z Iteration 10:  log pseudolikelihood = -8020.3938
2021-07-20T16:01:38.227660000Z Iteration 11:  log pseudolikelihood = -8020.3938
2021-07-20T16:01:38.300311900Z Iteration 12:  log pseudolikelihood = -8020.3938
2021-07-20T16:01:38.365139400Z Iteration 13:  log pseudolikelihood = -8020.3938
2021-07-20T16:01:38.438259400Z Iteration 14:  log pseudolikelihood = -8020.3938
2021-07-20T16:01:38.508583100Z Iteration 15:  log pseudolikelihood = -8020.3938
2021-07-20T16:01:38.575990200Z Iteration 16:  log pseudolikelihood = -8020.3938
2021-07-20T16:01:38.657073400Z Iteration 17:  log pseudolikelihood = -8020.3938
2021-07-20T16:01:38.734409600Z Iteration 18:  log pseudolikelihood = -8020.3938
2021-07-20T16:01:38.794471800Z Iteration 19:  log pseudolikelihood = -8020.3938
2021-07-20T16:01:38.861131100Z Iteration 20:  log pseudolikelihood = -8020.3938
2021-07-20T16:01:38.932560900Z Iteration 21:  log pseudolikelihood = -8020.3938
2021-07-20T16:01:38.984546900Z Iteration 22:  log pseudolikelihood = -8020.3938
2021-07-20T16:01:39.069381100Z Iteration 23:  log pseudolikelihood = -8020.3938
2021-07-20T16:01:39.135502700Z Iteration 24:  log pseudolikelihood = -8020.3938
2021-07-20T16:01:39.197978100Z Iteration 25:  log pseudolikelihood = -8020.3938
2021-07-20T16:01:39.266263100Z Iteration 26:  log pseudolikelihood = -8020.3938
2021-07-20T16:01:39.326299800Z Iteration 27:  log pseudolikelihood = -8020.3938
2021-07-20T16:01:39.409501700Z Iteration 28:  log pseudolikelihood = -8020.3938
2021-07-20T16:01:39.466067400Z Iteration 29:  log pseudolikelihood = -8020.3938
2021-07-20T16:01:39.521082000Z Iteration 30:  log pseudolikelihood = -8020.3938
2021-07-20T16:01:39.576383000Z Iteration 31:  log pseudolikelihood = -8020.3938
2021-07-20T16:01:39.653847900Z Iteration 32:  log pseudolikelihood = -8020.3938
2021-07-20T16:01:39.653873000Z Refining estimates:
2021-07-20T16:01:39.846827600Z Iteration 0:   log pseudolikelihood = -8020.3938
2021-07-20T16:01:40.023451800Z Iteration 1:   log pseudolikelihood = -8020.3938
2021-07-20T16:01:40.208280800Z Iteration 2:   log pseudolikelihood = -8020.3938
2021-07-20T16:01:41.508456100Z 
2021-07-20T16:01:41.508502400Z Stratified Cox regr. -- Breslow method for ties
2021-07-20T16:01:41.508510600Z 
2021-07-20T16:01:41.508515500Z No. of subjects      =        4,494             Number of obs    =       4,494
2021-07-20T16:01:41.508520300Z No. of failures      =        1,389
2021-07-20T16:01:41.508524700Z Time at risk         =       680442
2021-07-20T16:01:41.508755000Z                                                 Wald chi2(42)    =     1249.19
2021-07-20T16:01:41.508771400Z Log pseudolikelihood =   -8020.3938             Prob > chi2      =      0.0000
2021-07-20T16:01:41.508778200Z 
2021-07-20T16:01:41.525088800Z                          (Std. Err. adjusted for 914 clusters in household_id)
2021-07-20T16:01:41.525112400Z ------------------------------------------------------------------------------
2021-07-20T16:01:41.525118100Z              |               Robust
2021-07-20T16:01:41.525122500Z           _t | Haz. Ratio   Std. Err.      z    P>|z|     [95% Conf. Interval]
2021-07-20T16:01:41.525126900Z -------------+----------------------------------------------------------------
2021-07-20T16:01:41.525131000Z    kids_cat4 |
2021-07-20T16:01:41.525297500Z only <12 ..  |   .7908276   .1552299    -1.20   0.232     .5382713    1.161883
2021-07-20T16:01:41.525512700Z  only 12-18  |   .8965666   .2191011    -0.45   0.655     .5553512    1.447429
2021-07-20T16:01:41.525784400Z       mixed  |   .8753016   .1565457    -0.74   0.456     .6164847    1.242777
2021-07-20T16:01:41.525797500Z              |
2021-07-20T16:01:41.526032200Z         age1 |   1.040175   .0228422     1.79   0.073     .9963552    1.085923
2021-07-20T16:01:41.526317900Z         age2 |   .8594844   .0793755    -1.64   0.101     .7171787    1.030027
2021-07-20T16:01:41.526651000Z         age3 |   1.424545   .3224952     1.56   0.118     .9140652    2.220114
2021-07-20T16:01:41.526926100Z       1.male |   .9588389   .0544216    -0.74   0.459     .8578934    1.071662
2021-07-20T16:01:41.526939500Z              |
2021-07-20T16:01:41.526944600Z    ethnicity |
2021-07-20T16:01:41.527172300Z Asian or ..  |   1.009263   .0814434     0.11   0.909     .8616199    1.182205
2021-07-20T16:01:41.527481400Z       Other  |   .9076281   .0801374    -1.10   0.272     .7634009    1.079104
2021-07-20T16:01:41.527494800Z              |
2021-07-20T16:01:41.527500100Z    obese4cat |
2021-07-20T16:01:41.527731200Z Obese I ..)  |   .9559133   .0781335    -0.55   0.581     .8144114    1.122001
2021-07-20T16:01:41.527939500Z Obese II..)  |   1.120233   .1100966     1.16   0.248      .923958    1.358203
2021-07-20T16:01:41.528255500Z Obese II..)  |   .8868649   .1053626    -1.01   0.312     .7026382    1.119395
2021-07-20T16:01:41.528277900Z              |
2021-07-20T16:01:41.528283100Z smoke_nomiss |
2021-07-20T16:01:41.528593600Z      Former  |   1.391204   .2387223     1.92   0.054     .9938706    1.947386
2021-07-20T16:01:41.528883100Z     Current  |   1.083611    .084776     1.03   0.305     .9295654    1.263185
2021-07-20T16:01:41.528896500Z              |
2021-07-20T16:01:41.528901600Z          imd |
2021-07-20T16:01:41.529173700Z           4  |    1.03002   .0720267     0.42   0.672     .8980973    1.181321
2021-07-20T16:01:41.529512800Z 5 most de..  |   .9366611   .0813862    -0.75   0.451     .7899905    1.110563
2021-07-20T16:01:41.529526200Z              |
2021-07-20T16:01:41.529531300Z tot_adults~h |
2021-07-20T16:01:41.529797300Z           2  |       .625    .253073    -1.16   0.246     .2826274     1.38212
2021-07-20T16:01:41.530132500Z           3  |   .6954597   .2227608    -1.13   0.257     .3712154    1.302921
2021-07-20T16:01:41.530145900Z              |
2021-07-20T16:01:41.530527200Z 1.htdiag_o~p |   1.069134   .1031333     0.69   0.488      .884956    1.291644
2021-07-20T16:01:41.530790300Z 1.~y_disease |   .9388799   .0645686    -0.92   0.359     .8204862    1.074357
2021-07-20T16:01:41.531115200Z     1.asthma |    1.21994   .1145774     2.12   0.034      1.01483    1.466506
2021-07-20T16:01:41.532480000Z 1.~c_disease |    1.06238   .0676594     0.95   0.342     .9377128    1.203622
2021-07-20T16:01:41.532498400Z              |
2021-07-20T16:01:41.532506800Z      diabcat |
2021-07-20T16:01:41.532873000Z T1DM, con..  |   .7519923   .1484534    -1.44   0.149     .5107105    1.107266
2021-07-20T16:01:41.533323900Z T1DM, unc..  |   .6266645   .3168852    -0.92   0.355     .2325993    1.688347
2021-07-20T16:01:41.533767400Z T2DM, con..  |   1.006965   .0698184     0.10   0.920     .8790143    1.153541
2021-07-20T16:01:41.534162700Z T2DM, unc..  |   1.195337   .1649207     1.29   0.196     .9121155    1.566501
2021-07-20T16:01:41.534557900Z Diabetes,..  |   1.39e-15   1.40e-15   -33.95   0.000     1.93e-16    1.00e-14
2021-07-20T16:01:41.534573000Z              |
2021-07-20T16:01:41.534578700Z cancer_exh~t |
2021-07-20T16:01:41.535104300Z   Last year  |   .5989502   .3491756    -0.88   0.379     .1910547    1.877689
2021-07-20T16:01:41.535569300Z 2-5 years..  |    .811439     .17621    -0.96   0.336     .5301651     1.24194
2021-07-20T16:01:41.536046800Z    5+ years  |   1.003898   .0688941     0.06   0.955     .8775554     1.14843
2021-07-20T16:01:41.536060500Z              |
2021-07-20T16:01:41.536065400Z cancer_hae~t |
2021-07-20T16:01:41.536417800Z   Last year  |   1.242285   .7713527     0.35   0.727     .3678729    4.195122
2021-07-20T16:01:41.536735800Z 2-5 years..  |   .9928614   .2164047    -0.03   0.974     .6476796    1.522008
2021-07-20T16:01:41.537500600Z    5+ years  |   .9892264   .0711117    -0.15   0.880     .8592235    1.138899
2021-07-20T16:01:41.537516100Z              |
2021-07-20T16:01:41.538026900Z 1.~r_disease |   .9844401   .0661854    -0.23   0.816     .8629026    1.123096
2021-07-20T16:01:41.538512900Z 1.stroke_d~a |   .9685566   .0668167    -0.46   0.643     .8460659    1.108781
2021-07-20T16:01:41.538979100Z 1.other_ne~o |    1.00824   .0669121     0.12   0.902     .8852662    1.148297
2021-07-20T16:01:41.538992500Z              |
2021-07-20T16:01:41.538997200Z reduced_ki~t |
2021-07-20T16:01:41.539690400Z Stage 3a/..  |   1.243659   .1568512     1.73   0.084     .9712859    1.592412
2021-07-20T16:01:41.540259200Z       1.esrd |   .9215231    .050396    -1.49   0.135     .8278583    1.025785
2021-07-20T16:01:41.540625000Z 1.other_tr~t |   .9584673   .0657334    -0.62   0.536     .8379157    1.096363
2021-07-20T16:01:41.541067800Z   1.asplenia |   1.113716   .0680845     1.76   0.078     .9879577    1.255483
2021-07-20T16:01:41.541551900Z 1.ra_sle_p~s |   1.025742   .0718551     0.36   0.717     .8941494    1.176702
2021-07-20T16:01:41.543371900Z 1.other_im~o |   .9632172   .0565785    -0.64   0.523     .8584706    1.080745
2021-07-20T16:01:41.543386900Z ------------------------------------------------------------------------------
2021-07-20T16:01:41.543682700Z                                                              Stratified by stp
2021-07-20T16:01:41.548913800Z    1:      4.31 /        1 =       4.3120
2021-07-20T16:01:41.552463900Z 
2021-07-20T16:01:41.552483400Z          failure _d:  covid_icu
2021-07-20T16:01:41.552488000Z    analysis time _t:  (stime_covid_icu-origin)
2021-07-20T16:01:41.552623400Z              origin:  time enter_date
2021-07-20T16:01:41.552639400Z   enter on or after:  time enter_date
2021-07-20T16:01:41.552645100Z                  id:  patient_id
2021-07-20T16:01:41.754877900Z 
2021-07-20T16:01:41.754900400Z Iteration 0:   log pseudolikelihood =  -8042.262
2021-07-20T16:01:41.829625200Z Iteration 1:   log pseudolikelihood = -8020.3651
2021-07-20T16:01:41.907089400Z Iteration 2:   log pseudolikelihood = -8019.8675
2021-07-20T16:01:42.005801400Z Iteration 3:   log pseudolikelihood = -8019.8318
2021-07-20T16:01:42.096515700Z Iteration 4:   log pseudolikelihood = -8019.8193
2021-07-20T16:01:42.186651600Z Iteration 5:   log pseudolikelihood = -8019.8146
2021-07-20T16:01:42.285254700Z Iteration 6:   log pseudolikelihood = -8019.8129
2021-07-20T16:01:42.378749900Z Iteration 7:   log pseudolikelihood = -8019.8123
2021-07-20T16:01:42.472230400Z Iteration 8:   log pseudolikelihood = -8019.8121
2021-07-20T16:01:42.558547100Z Iteration 9:   log pseudolikelihood =  -8019.812
2021-07-20T16:01:42.650283200Z Iteration 10:  log pseudolikelihood =  -8019.812
2021-07-20T16:01:42.750919500Z Iteration 11:  log pseudolikelihood =  -8019.812
2021-07-20T16:01:42.842644000Z Iteration 12:  log pseudolikelihood =  -8019.812
2021-07-20T16:01:42.932518500Z Iteration 13:  log pseudolikelihood = -8019.8119
2021-07-20T16:01:43.021096800Z Iteration 14:  log pseudolikelihood = -8019.8119
2021-07-20T16:01:43.102713800Z Iteration 15:  log pseudolikelihood = -8019.8119
2021-07-20T16:01:43.202401500Z Iteration 16:  log pseudolikelihood = -8019.8119
2021-07-20T16:01:43.293807200Z Iteration 17:  log pseudolikelihood = -8019.8119
2021-07-20T16:01:43.385597200Z Iteration 18:  log pseudolikelihood = -8019.8119
2021-07-20T16:01:43.475961400Z Iteration 19:  log pseudolikelihood = -8019.8119
2021-07-20T16:01:43.551673100Z Iteration 20:  log pseudolikelihood = -8019.8119
2021-07-20T16:01:43.624725700Z Iteration 21:  log pseudolikelihood = -8019.8119
2021-07-20T16:01:43.708894500Z Iteration 22:  log pseudolikelihood = -8019.8119
2021-07-20T16:01:43.803483800Z Iteration 23:  log pseudolikelihood = -8019.8119
2021-07-20T16:01:43.909224800Z Iteration 24:  log pseudolikelihood = -8019.8119
2021-07-20T16:01:43.997226100Z Iteration 25:  log pseudolikelihood = -8019.8119
2021-07-20T16:01:44.109451500Z Iteration 26:  log pseudolikelihood = -8019.8119
2021-07-20T16:01:44.209453300Z Iteration 27:  log pseudolikelihood = -8019.8119
2021-07-20T16:01:44.312433600Z Iteration 28:  log pseudolikelihood = -8019.8119
2021-07-20T16:01:44.312460800Z Refining estimates:
2021-07-20T16:01:44.593417900Z Iteration 0:   log pseudolikelihood = -8019.8119
2021-07-20T16:01:44.880319900Z Iteration 1:   log pseudolikelihood = -8019.8119
2021-07-20T16:01:46.598159900Z 
2021-07-20T16:01:46.598183100Z Stratified Cox regr. -- Breslow method for ties
2021-07-20T16:01:46.598288800Z 
2021-07-20T16:01:46.598302700Z No. of subjects      =        4,494             Number of obs    =       4,494
2021-07-20T16:01:46.598309100Z No. of failures      =        1,389
2021-07-20T16:01:46.598328200Z Time at risk         =       680442
2021-07-20T16:01:46.598484200Z                                                 Wald chi2(45)    =      925.55
2021-07-20T16:01:46.598498400Z Log pseudolikelihood =   -8019.8119             Prob > chi2      =      0.0000
2021-07-20T16:01:46.598504500Z 
2021-07-20T16:01:46.611681300Z                          (Std. Err. adjusted for 914 clusters in household_id)
2021-07-20T16:01:46.611711700Z ------------------------------------------------------------------------------
2021-07-20T16:01:46.611718100Z              |               Robust
2021-07-20T16:01:46.611723300Z           _t | Haz. Ratio   Std. Err.      z    P>|z|     [95% Conf. Interval]
2021-07-20T16:01:46.611728300Z -------------+----------------------------------------------------------------
2021-07-20T16:01:46.611732900Z    kids_cat4 |
2021-07-20T16:01:46.612024300Z only <12 ..  |   .9030657   .2401393    -0.38   0.701     .5362552    1.520783
2021-07-20T16:01:46.612301000Z  only 12-18  |   .8793186     .33461    -0.34   0.735     .4170957    1.853774
2021-07-20T16:01:46.612562500Z       mixed  |    .954776   .2352524    -0.19   0.851     .5890733     1.54751
2021-07-20T16:01:46.612576700Z              |
2021-07-20T16:01:46.612917700Z         age1 |   1.040831   .0228889     1.82   0.069      .996923    1.086674
2021-07-20T16:01:46.613196300Z         age2 |   .8572746    .079148    -1.67   0.095     .7153732    1.027324
2021-07-20T16:01:46.613611800Z         age3 |   1.433372   .3243534     1.59   0.112     .9199053    2.233442
2021-07-20T16:01:46.614005400Z       1.male |   1.134674   .3225782     0.44   0.657     .6499527    1.980891
2021-07-20T16:01:46.614021000Z              |
2021-07-20T16:01:46.614026500Z    ethnicity |
2021-07-20T16:01:46.614332000Z Asian or ..  |   1.010807   .0814703     0.13   0.894     .8631016    1.183789
2021-07-20T16:01:46.614756500Z       Other  |   .9093017   .0803479    -1.08   0.282     .7647051     1.08124
2021-07-20T16:01:46.614770700Z              |
2021-07-20T16:01:46.614776200Z    obese4cat |
2021-07-20T16:01:46.615161800Z Obese I ..)  |   .9568995   .0783204    -0.54   0.590     .8150741    1.123403
2021-07-20T16:01:46.615485900Z Obese II..)  |   1.122175   .1101249     1.17   0.240     .9258223    1.360171
2021-07-20T16:01:46.615945200Z Obese II..)  |   .8892665   .1057232    -0.99   0.324     .7044241    1.122612
2021-07-20T16:01:46.615960500Z              |
2021-07-20T16:01:46.615966500Z smoke_nomiss |
2021-07-20T16:01:46.616294000Z      Former  |   1.395302   .2392375     1.94   0.052     .9970616    1.952606
2021-07-20T16:01:46.616726300Z     Current  |   1.081007   .0848076     0.99   0.321     .9269355    1.260687
2021-07-20T16:01:46.616739800Z              |
2021-07-20T16:01:46.616744700Z          imd |
2021-07-20T16:01:46.617085900Z           4  |   1.029443   .0720495     0.41   0.678     .8974866    1.180802
2021-07-20T16:01:46.617505600Z 5 most de..  |   .9357406    .081316    -0.76   0.445      .789198    1.109494
2021-07-20T16:01:46.617521600Z              |
2021-07-20T16:01:46.617526500Z tot_adults~h |
2021-07-20T16:01:46.617935900Z           2  |   .6218764   .2519858    -1.17   0.241     .2810575    1.375983
2021-07-20T16:01:46.618352700Z           3  |   .6913268    .222662    -1.15   0.252     .3677301    1.299684
2021-07-20T16:01:46.618369400Z              |
2021-07-20T16:01:46.618876900Z 1.htdiag_o~p |   1.073418    .103686     0.73   0.463     .8882758     1.29715
2021-07-20T16:01:46.619389100Z 1.~y_disease |   .9413895   .0648488    -0.88   0.381      .822495    1.077471
2021-07-20T16:01:46.620016000Z     1.asthma |   1.218153   .1147428     2.09   0.036       1.0128    1.465143
2021-07-20T16:01:46.620227700Z 1.~c_disease |   1.059277   .0675641     0.90   0.367     .9347963    1.200333
2021-07-20T16:01:46.620244300Z              |
2021-07-20T16:01:46.620249900Z      diabcat |
2021-07-20T16:01:46.620996400Z T1DM, con..  |   .7541432   .1490517    -1.43   0.153     .5119401    1.110934
2021-07-20T16:01:46.621496700Z T1DM, unc..  |   .6228533   .3151999    -0.94   0.350     .2310087    1.679358
2021-07-20T16:01:46.621836600Z T2DM, con..  |   1.007529   .0697726     0.11   0.914     .8796516    1.153996
2021-07-20T16:01:46.622181100Z T2DM, unc..  |   1.192022   .1648714     1.27   0.204     .9089763    1.563205
2021-07-20T16:01:46.622605200Z Diabetes,..  |   2.06e-13   2.07e-13   -29.00   0.000     2.85e-14    1.48e-12
2021-07-20T16:01:46.622616500Z              |
2021-07-20T16:01:46.622619500Z cancer_exh~t |
2021-07-20T16:01:46.623035500Z   Last year  |   .6081136   .3562638    -0.85   0.396     .1928891    1.917175
2021-07-20T16:01:46.623458600Z 2-5 years..  |   .8050777   .1754545    -0.99   0.320      .525208    1.234083
2021-07-20T16:01:46.623841700Z    5+ years  |   1.004457   .0689697     0.06   0.948     .8779806    1.149154
2021-07-20T16:01:46.623855600Z              |
2021-07-20T16:01:46.623860800Z cancer_hae~t |
2021-07-20T16:01:46.624563900Z   Last year  |   1.242086   .7752474     0.35   0.728      .365489     4.22113
2021-07-20T16:01:46.625530700Z 2-5 years..  |   .9919826    .215765    -0.04   0.970     .6476796    1.519315
2021-07-20T16:01:46.627719800Z    5+ years  |   .9894111   .0711456    -0.15   0.882     .8593486    1.139159
2021-07-20T16:01:46.631342500Z              |
2021-07-20T16:01:46.631365500Z 1.~r_disease |   .9834347   .0661407    -0.25   0.804     .8619819       1.122
2021-07-20T16:01:46.631370700Z 1.stroke_d~a |   .9697647    .067071    -0.44   0.657     .8468283    1.110548
2021-07-20T16:01:46.631375200Z 1.other_ne~o |   1.006496   .0669493     0.10   0.922     .8834713    1.146652
2021-07-20T16:01:46.631396900Z              |
2021-07-20T16:01:46.631401500Z reduced_ki~t |
2021-07-20T16:01:46.631405900Z Stage 3a/..  |   1.242669    .156915     1.72   0.085     .9702242    1.591618
2021-07-20T16:01:46.631410300Z       1.esrd |    .920597   .0503911    -1.51   0.131     .8269457    1.024854
2021-07-20T16:01:46.631414500Z 1.other_tr~t |   .9581652   .0657309    -0.62   0.533     .8376206    1.096058
2021-07-20T16:01:46.631418700Z   1.asplenia |   1.115056   .0681693     1.78   0.075      .989141       1.257
2021-07-20T16:01:46.631423400Z 1.ra_sle_p~s |   1.026203   .0718187     0.37   0.712     .8946687    1.177076
2021-07-20T16:01:46.631696100Z 1.other_im~o |   .9641675   .0567138    -0.62   0.535     .8591787    1.081986
2021-07-20T16:01:46.631714800Z              |
2021-07-20T16:01:46.631719900Z         male#|
2021-07-20T16:01:46.631724100Z    kids_cat4 |
2021-07-20T16:01:46.631728300Z           1 #|
2021-07-20T16:01:46.632138000Z only <12 ..  |   .7575565   .2661966    -0.79   0.429     .3804632    1.508403
2021-07-20T16:01:46.632153800Z           1 #|
2021-07-20T16:01:46.632502900Z  only 12-18  |   1.071549    .555005     0.13   0.894     .3882712    2.957256
2021-07-20T16:01:46.633981300Z     1#mixed  |   .8419779   .2444185    -0.59   0.554     .4766556    1.487294
2021-07-20T16:01:46.634010200Z ------------------------------------------------------------------------------
2021-07-20T16:01:46.634369800Z                                                              Stratified by stp
2021-07-20T16:01:46.637441200Z    1:      5.09 /        1 =       5.0900
2021-07-20T16:01:46.637466100Z 
2021-07-20T16:01:46.637471500Z  ( 1)  1.male#1.kids_cat4 = 0
2021-07-20T16:01:46.637476000Z  ( 2)  1.male#2.kids_cat4 = 0
2021-07-20T16:01:46.637480300Z  ( 3)  1.male#3.kids_cat4 = 0
2021-07-20T16:01:46.637484600Z 
2021-07-20T16:01:46.637492200Z            chi2(  3) =    0.92
2021-07-20T16:01:46.637599800Z          Prob > chi2 =    0.8201
2021-07-20T16:01:46.637612000Z 
2021-07-20T16:01:46.637614900Z kids_cat4 
2021-07-20T16:01:46.637617500Z ****************
2021-07-20T16:01:46.640705800Z 
2021-07-20T16:01:46.640726200Z  ( 1)  1.kids_cat4 + 1.male#1.kids_cat4 = 0
2021-07-20T16:01:46.641013400Z 
2021-07-20T16:01:46.652533100Z ------------------------------------------------------------------------------
2021-07-20T16:01:46.652557300Z           _t |     exp(b)   Std. Err.      z    P>|z|     [95% Conf. Interval]
2021-07-20T16:01:46.652563000Z -------------+----------------------------------------------------------------
2021-07-20T16:01:46.653321700Z          (1) |   .6841233   .1801751    -1.44   0.149     .4082785    1.146337
2021-07-20T16:01:46.653349400Z ------------------------------------------------------------------------------
2021-07-20T16:01:46.654553500Z kids_cat4
2021-07-20T16:01:46.654570600Z ****************
2021-07-20T16:01:46.657542700Z 
2021-07-20T16:01:46.657563300Z  ( 1)  2.kids_cat4 + 1.male#2.kids_cat4 = 0
2021-07-20T16:01:46.657799900Z 
2021-07-20T16:01:46.668761500Z ------------------------------------------------------------------------------
2021-07-20T16:01:46.668820900Z           _t |     exp(b)   Std. Err.      z    P>|z|     [95% Conf. Interval]
2021-07-20T16:01:46.668827000Z -------------+----------------------------------------------------------------
2021-07-20T16:01:46.669571500Z          (1) |   .9422329   .3063832    -0.18   0.855     .4981676    1.782137
2021-07-20T16:01:46.669605000Z ------------------------------------------------------------------------------
2021-07-20T16:01:46.670268600Z kids_cat4
2021-07-20T16:01:46.670283800Z ****************
2021-07-20T16:01:46.673184500Z 
2021-07-20T16:01:46.673199200Z  ( 1)  3.kids_cat4 + 1.male#3.kids_cat4 = 0
2021-07-20T16:01:46.673396200Z 
2021-07-20T16:01:46.682914300Z ------------------------------------------------------------------------------
2021-07-20T16:01:46.682932500Z           _t |     exp(b)   Std. Err.      z    P>|z|     [95% Conf. Interval]
2021-07-20T16:01:46.682936400Z -------------+----------------------------------------------------------------
2021-07-20T16:01:46.683581400Z          (1) |   .8039003   .1711112    -1.03   0.305     .5296914    1.220061
2021-07-20T16:01:46.683593500Z ------------------------------------------------------------------------------
2021-07-20T16:01:46.692853200Z (note: file ./output/an_interaction_cox_models_covid_icu_kids_cat4_male_MAINFUL
2021-07-20T16:01:46.692879800Z > LYADJMODEL_agespline_bmicat_noeth_ageband_1MAIN.ster not found)
2021-07-20T16:01:46.692885400Z file ./output/an_interaction_cox_models_covid_icu_kids_cat4_male_MAINFULLYADJMO
2021-07-20T16:01:46.692890000Z > DEL_agespline_bmicat_noeth_ageband_1MAIN.ster saved
2021-07-20T16:01:46.692894600Z 
2021-07-20T16:01:46.692901600Z . 
2021-07-20T16:01:46.692906000Z . log close
2021-07-20T16:01:46.692910300Z       name:  <unnamed>
2021-07-20T16:01:46.692914800Z        log:  /workspace/log/10_an_interaction_cox_models_sex_covid_icuMAIN.log
2021-07-20T16:01:46.692919100Z   log type:  text
2021-07-20T16:01:46.692923400Z  closed on:  20 Jul 2021, 16:01:46
2021-07-20T16:01:46.692927600Z -------------------------------------------------------------------------------
2021-07-20T16:01:46.692931900Z 
2021-07-20T16:01:46.692935800Z . 
2021-07-20T16:01:46.692939700Z . exit, clear 
2021-07-20T16:01:46.692943700Z 
2021-07-20T16:01:46.692966000Z end of do-file
2021-07-20T16:01:46.692982900Z 
2021-07-20T16:01:46.692987600Z . . file open output using "/tmp/tmp.P9FFcoLgCo", write text replace
2021-07-20T16:01:46.693163900Z 
2021-07-20T16:01:46.693176800Z . . file write output "success" 
2021-07-20T16:01:46.693180400Z 
2021-07-20T16:01:46.693183000Z . . file close output
2021-07-20T16:01:46.693185700Z 
2021-07-20T16:01:46.693188100Z . 
2021-07-20T16:01:46.693190700Z end of do-file
2021-07-20T16:01:46.693193300Z 
2021-07-20T16:01:46.693195800Z 
2021-07-20T16:01:46.723071300Z . 

state: succeeded
commit: none
docker_image_id: sha256:11980aa720220a1b39bf523f5a8a33270214c13876c30ee364e16265766f7f60
exit_code: 0
job_id: eeo4k5nlqgso527s
run_by_user: qc18278
created_at: 2021-07-20T15:38:48Z
started_at: 2021-07-20T16:01:12Z
completed_at: 2021-07-20T16:01:55Z

Completed successfully

outputs:
  log/10_an_interaction_cox_models_sex_covid_icuMAIN.log                                                                 - moderately_sensitive
  output/an_interaction_cox_models_covid_icu_kids_cat4_male_MAINFULLYADJMODEL_agespline_bmicat_noeth_ageband_0MAIN.ster  - moderately_sensitive
  output/an_interaction_cox_models_covid_icu_kids_cat4_male_MAINFULLYADJMODEL_agespline_bmicat_noeth_ageband_1MAIN.ster  - moderately_sensitive