2021-07-20T16:01:00.242145100Z 
2021-07-20T16:01:00.242178100Z   ___  ____  ____  ____  ____ (R)
2021-07-20T16:01:00.242183600Z  /__    /   ____/   /   ____/
2021-07-20T16:01:00.242187300Z ___/   /   /___/   /   /___/   16.1   Copyright 1985-2019 StataCorp LLC
2021-07-20T16:01:00.242190900Z   Statistics/Data Analysis            StataCorp
2021-07-20T16:01:00.242194200Z                                       4905 Lakeway Drive
2021-07-20T16:01:00.242197800Z                                       College Station, Texas 77845 USA
2021-07-20T16:01:00.242201200Z                                       800-STATA-PC        http://www.stata.com
2021-07-20T16:01:00.242204700Z                                       979-696-4600        stata@stata.com
2021-07-20T16:01:00.242208200Z                                       979-696-4601 (fax)
2021-07-20T16:01:00.242211300Z 
2021-07-20T16:01:00.242214400Z 3-user Stata network license expires 11 May 2022:
2021-07-20T16:01:00.242218100Z        Serial number:  501709312237
2021-07-20T16:01:00.242221400Z          Licensed to:  The Bennett Institute
2021-07-20T16:01:00.242224900Z                        Oxford University
2021-07-20T16:01:00.243086800Z 
2021-07-20T16:01:00.243098800Z Notes:
2021-07-20T16:01:00.243103200Z       1.  Unicode is supported; see help unicode_advice.
2021-07-20T16:01:00.243106800Z 
2021-07-20T16:01:00.243109900Z . do "analysis/10_an_interaction_cox_models_shield.wrapper.do" covid_icu MAIN 
2021-07-20T16:01:00.243113800Z 
2021-07-20T16:01:00.243117000Z . . do "analysis/10_an_interaction_cox_models_shield.do" covid_icu MAIN
2021-07-20T16:01:00.243120800Z 
2021-07-20T16:01:00.243126200Z . *****************************************************************************
2021-07-20T16:01:00.243129600Z > ***
2021-07-20T16:01:00.243133100Z . *
2021-07-20T16:01:00.243136000Z . *       Do-file:                10_an_interaction_cox_models_shield.do
2021-07-20T16:01:00.243139300Z . *
2021-07-20T16:01:00.243142300Z . *       Project:                Exposure children and COVID risk
2021-07-20T16:01:00.243175100Z . *
2021-07-20T16:01:00.243179500Z . *       Programmed by:  Hforbes, based on files from Fizz & Krishnan
2021-07-20T16:01:00.243182500Z . *
2021-07-20T16:01:00.243185600Z . *       Data used:              analysis_dataset.dta
2021-07-20T16:01:00.243189000Z . *
2021-07-20T16:01:00.243214200Z . *       Data created:   None
2021-07-20T16:01:00.243220400Z . *
2021-07-20T16:01:00.243224100Z . *       Other output:   Log file:  10_an_interaction_cox_models.log
2021-07-20T16:01:00.243227700Z . *
2021-07-20T16:01:00.243230800Z . *****************************************************************************
2021-07-20T16:01:00.243257600Z > ***
2021-07-20T16:01:00.243264500Z . *
2021-07-20T16:01:00.243268500Z . *       Purpose:                This do-file performs multivariable (fully ad
2021-07-20T16:01:00.243291100Z > justed) 
2021-07-20T16:01:00.243299200Z . *                                       Cox models, with an interaction by sh
2021-07-20T16:01:00.243303600Z > ielding status.
2021-07-20T16:01:00.243307200Z . *  
2021-07-20T16:01:00.243310500Z . *****************************************************************************
2021-07-20T16:01:00.243313800Z > ***
2021-07-20T16:01:00.243317100Z . *       
2021-07-20T16:01:00.243320500Z . *       Stata routines needed:  stbrier   
2021-07-20T16:01:00.243323900Z . *
2021-07-20T16:01:00.243327200Z . *****************************************************************************
2021-07-20T16:01:00.243330700Z > ***
2021-07-20T16:01:00.243333800Z . 
2021-07-20T16:01:00.243337200Z . 
2021-07-20T16:01:00.243340600Z . * Set globals that will print in programs and direct output
2021-07-20T16:01:00.243343200Z . global outdir     "output" 
2021-07-20T16:01:00.243345400Z 
2021-07-20T16:01:00.243347400Z . global logdir     "log"
2021-07-20T16:01:00.243349500Z 
2021-07-20T16:01:00.243351500Z . global tempdir    "tempdata"
2021-07-20T16:01:00.243353600Z 
2021-07-20T16:01:00.243355500Z . global demogadjlist  age1 age2 age3 i.male i.ethnicity  i.obese4cat i.smoke_n
2021-07-20T16:01:00.243357900Z > omiss i.imd i.tot_adults_hh
2021-07-20T16:01:00.243360000Z 
2021-07-20T16:01:00.243362000Z . global comordidadjlist  i.htdiag_or_highbp                              ///
2021-07-20T16:01:00.243364300Z >                         i.chronic_respiratory_disease   ///
2021-07-20T16:01:00.243366500Z >                         i.asthma                                             
2021-07-20T16:01:00.243368700Z >    ///
2021-07-20T16:01:00.243371200Z >                         i.chronic_cardiac_disease               ///
2021-07-20T16:01:00.243374400Z >                         i.diabcat                                            
2021-07-20T16:01:00.243377700Z >    ///
2021-07-20T16:01:00.243380900Z >                         i.cancer_exhaem_cat                             ///
2021-07-20T16:01:00.243386500Z >                         i.cancer_haem_cat                               ///
2021-07-20T16:01:00.243390500Z >                         i.chronic_liver_disease                 ///
2021-07-20T16:01:00.243394200Z >                         i.stroke_dementia                               ///
2021-07-20T16:01:00.243397800Z >                         i.other_neuro                                   ///
2021-07-20T16:01:00.243407300Z >                         i.reduced_kidney_function_cat   ///
2021-07-20T16:01:00.243411100Z >                         i.esrd                                               
2021-07-20T16:01:00.243413200Z >    ///
2021-07-20T16:01:00.243415200Z >                         i.other_transplant                              ///
2021-07-20T16:01:00.243417400Z >                         i.asplenia                                           
2021-07-20T16:01:00.243419500Z >    ///
2021-07-20T16:01:00.243421500Z >                         i.ra_sle_psoriasis                      ///
2021-07-20T16:01:00.243423600Z >                         i.other_immuno          
2021-07-20T16:01:00.243425600Z 
2021-07-20T16:01:00.243427500Z .                         
2021-07-20T16:01:00.243429400Z . local outcome `1' 
2021-07-20T16:01:00.243432300Z 
2021-07-20T16:01:00.243434400Z . local dataset `2'
2021-07-20T16:01:00.243437500Z 
2021-07-20T16:01:00.243440700Z .  
2021-07-20T16:01:00.243444000Z . 
2021-07-20T16:01:00.243447100Z . cap log close
2021-07-20T16:01:00.243451000Z 
2021-07-20T16:01:00.243454300Z . log using "$logdir/10_an_interaction_cox_models_shield_`outcome'`dataset'", t
2021-07-20T16:01:00.243458100Z > ext replace
2021-07-20T16:01:00.243556300Z (note: file /workspace/log/10_an_interaction_cox_models_shield_covid_icuMAIN.lo
2021-07-20T16:01:00.243569300Z > g not found)
2021-07-20T16:01:00.243573800Z -------------------------------------------------------------------------------
2021-07-20T16:01:00.243577800Z       name:  <unnamed>
2021-07-20T16:01:00.243581400Z        log:  /workspace/log/10_an_interaction_cox_models_shield_covid_icuMAIN.l
2021-07-20T16:01:00.243585000Z > og
2021-07-20T16:01:00.243588300Z   log type:  text
2021-07-20T16:01:00.243592000Z  opened on:  20 Jul 2021, 16:01:00
2021-07-20T16:01:00.243595500Z 
2021-07-20T16:01:00.243598800Z . 
2021-07-20T16:01:00.243602200Z . 
2021-07-20T16:01:00.243605300Z . *****************************************************************************
2021-07-20T16:01:00.243608600Z > *******
2021-07-20T16:01:00.243612000Z . *First clean up all old saved estimates for this outcome
2021-07-20T16:01:00.243615300Z . *This is to guard against accidentally displaying left-behind results from ol
2021-07-20T16:01:00.243618600Z > d runs
2021-07-20T16:01:00.243621700Z . *****************************************************************************
2021-07-20T16:01:00.243625200Z > *******
2021-07-20T16:01:00.243702900Z . cap erase "$outdir/output/an_interaction_cox_models_`outcome'_`exposure_type'
2021-07-20T16:01:00.243720200Z > _shield_MAINFULLYADJMODEL_agespline_bmicat_noeth_ageband_0.ster"
2021-07-20T16:01:00.243724800Z 
2021-07-20T16:01:00.243728100Z . cap erase "$outdir/output/an_interaction_cox_models_`outcome'_`exposure_type'
2021-07-20T16:01:00.243731500Z > _shield_MAINFULLYADJMODEL_agespline_bmicat_noeth_ageband_1.ster"
2021-07-20T16:01:00.243735400Z 
2021-07-20T16:01:00.243739000Z . 
2021-07-20T16:01:00.243851500Z . 
2021-07-20T16:01:00.243863600Z . 
2021-07-20T16:01:00.243868000Z . 
2021-07-20T16:01:00.243871600Z . *PROG TO DEFINE THE BASIC COX MODEL WITH OPTIONS FOR HANDLING OF AGE, BMI, ET
2021-07-20T16:01:00.243875700Z > HNICITY:
2021-07-20T16:01:00.244004700Z . cap prog drop basemodel
2021-07-20T16:01:00.244014800Z 
2021-07-20T16:01:00.244018400Z . prog define basemodel
2021-07-20T16:01:00.244021800Z   1.         syntax , exposure(string)  age(string) [ethnicity(real 0) interact
2021-07-20T16:01:00.244025300Z > ion(string)] 
2021-07-20T16:01:00.244107100Z   2.         if `ethnicity'==1 local ethnicity "i.ethnicity"
2021-07-20T16:01:00.244117500Z   3.         else local ethnicity
2021-07-20T16:01:00.244121700Z   4. timer clear
2021-07-20T16:01:00.244125200Z   5. timer on 1
2021-07-20T16:01:00.244235100Z   6. stcox   `exposure'                                                        
2021-07-20T16:01:00.244245200Z >       ///
2021-07-20T16:01:00.244249000Z >                         $demogadjlist                                        
2021-07-20T16:01:00.244253800Z >            ///
2021-07-20T16:01:00.244257300Z >                         $comordidadjlist                                     
2021-07-20T16:01:00.244261100Z >            ///
2021-07-20T16:01:00.244264500Z >                         `interaction'                                        
2021-07-20T16:01:00.244267900Z >            ///
2021-07-20T16:01:00.244270900Z >                         , strata(stp) vce(cluster household_id)
2021-07-20T16:01:00.244274400Z   7.         timer off 1
2021-07-20T16:01:00.244277700Z   8. timer list
2021-07-20T16:01:00.244280700Z   9. end
2021-07-20T16:01:00.244283800Z 
2021-07-20T16:01:00.244287300Z . *****************************************************************************
2021-07-20T16:01:00.244291100Z > ********
2021-07-20T16:01:00.244353500Z . 
2021-07-20T16:01:00.244376900Z . * Open dataset and fit specified model(s)
2021-07-20T16:01:00.244385300Z . forvalues x=0/1 {
2021-07-20T16:01:00.244389500Z   2. 
2021-07-20T16:01:00.244393100Z . use "$tempdir/cr_create_analysis_dataset_STSET_`outcome'_ageband_`x'`dataset'
2021-07-20T16:01:00.244405400Z > .dta", clear
2021-07-20T16:01:00.244467600Z   3.         
2021-07-20T16:01:00.244479600Z . 
2021-07-20T16:01:00.244484000Z . 
2021-07-20T16:01:00.244487800Z . foreach int_type in shield {
2021-07-20T16:01:00.244491400Z   4. 
2021-07-20T16:01:00.244494800Z . *Age interaction for 3-level exposure vars
2021-07-20T16:01:00.244619100Z . foreach exposure_type in kids_cat4  {
2021-07-20T16:01:00.244631000Z   5. 
2021-07-20T16:01:00.244635200Z . *Age spline model (not adj ethnicity, no interaction)
2021-07-20T16:01:00.244638300Z . basemodel, exposure("i.`exposure_type'") age("age1 age2 age3")  
2021-07-20T16:01:00.244641500Z   6. 
2021-07-20T16:01:00.244644200Z . *Age spline model (not adj ethnicity, interaction)
2021-07-20T16:01:00.244647000Z . basemodel, exposure("i.`exposure_type'") age("age1 age2 age3")  ///
2021-07-20T16:01:00.244650000Z > interaction(1.`int_type'#1.`exposure_type' 1.`int_type'#2.`exposure_type' 1.`
2021-07-20T16:01:00.244653400Z > int_type'#3.`exposure_type')
2021-07-20T16:01:00.244656400Z   7. if _rc==0{
2021-07-20T16:01:00.244659200Z   8. testparm 1.`int_type'#i.`exposure_type'
2021-07-20T16:01:00.244662200Z   9. di _n "`exposure_type' " _n "****************"
2021-07-20T16:01:00.244755700Z  10. lincom 1.`exposure_type' + 1.`int_type'#1.`exposure_type', eform
2021-07-20T16:01:00.244768100Z  11. di "`exposure_type'" _n "****************"
2021-07-20T16:01:00.244773100Z  12. lincom 2.`exposure_type' + 1.`int_type'#2.`exposure_type', eform
2021-07-20T16:01:00.244894000Z  13. di "`exposure_type'" _n "****************"
2021-07-20T16:01:00.244905200Z  14. lincom 3.`exposure_type' + 1.`int_type'#3.`exposure_type', eform
2021-07-20T16:01:00.244909100Z  15. estimates save "$outdir/an_interaction_cox_models_`outcome'_`exposure_type
2021-07-20T16:01:00.244912600Z > '_`int_type'_MAINFULLYADJMODEL_agespline_bmicat_noeth_ageband_`x'`dataset'", 
2021-07-20T16:01:00.244916500Z > replace
2021-07-20T16:01:00.244919500Z  16. }
2021-07-20T16:01:00.244922500Z  17. else di "WARNING GROUP MODEL DID NOT FIT (OUTCOME `outcome')"
2021-07-20T16:01:00.244925800Z  18. 
2021-07-20T16:01:00.244928900Z . }
2021-07-20T16:01:00.244932100Z  19. 
2021-07-20T16:01:00.244935200Z . }
2021-07-20T16:01:00.244938200Z  20. }
2021-07-20T16:01:00.266196100Z 
2021-07-20T16:01:00.266215400Z          failure _d:  covid_icu
2021-07-20T16:01:00.266219900Z    analysis time _t:  (stime_covid_icu-origin)
2021-07-20T16:01:00.266223500Z              origin:  time enter_date
2021-07-20T16:01:00.266239700Z   enter on or after:  time enter_date
2021-07-20T16:01:00.266261600Z                  id:  patient_id
2021-07-20T16:01:00.744703400Z 
2021-07-20T16:01:00.744724000Z Iteration 0:   log pseudolikelihood = -36057.063
2021-07-20T16:01:00.954173600Z Iteration 1:   log pseudolikelihood =  -36025.61
2021-07-20T16:01:01.147228700Z Iteration 2:   log pseudolikelihood = -36025.389
2021-07-20T16:01:01.320266000Z Iteration 3:   log pseudolikelihood = -36025.389
2021-07-20T16:01:01.320289800Z Refining estimates:
2021-07-20T16:01:02.012028500Z Iteration 0:   log pseudolikelihood = -36025.389
2021-07-20T16:01:10.081997100Z 
2021-07-20T16:01:10.082016900Z Stratified Cox regr. -- Breslow method for ties
2021-07-20T16:01:10.082204800Z 
2021-07-20T16:01:10.082216900Z No. of subjects      =       16,206             Number of obs    =      16,206
2021-07-20T16:01:10.082222200Z No. of failures      =        5,094
2021-07-20T16:01:10.082226800Z Time at risk         =      2466488
2021-07-20T16:01:10.082339500Z                                                 Wald chi2(42)    =       69.08
2021-07-20T16:01:10.082356800Z Log pseudolikelihood =   -36025.389             Prob > chi2      =      0.0053
2021-07-20T16:01:10.082362900Z 
2021-07-20T16:01:10.241619200Z                        (Std. Err. adjusted for 1,106 clusters in household_id)
2021-07-20T16:01:10.241644800Z ------------------------------------------------------------------------------
2021-07-20T16:01:10.241650100Z              |               Robust
2021-07-20T16:01:10.241653000Z           _t | Haz. Ratio   Std. Err.      z    P>|z|     [95% Conf. Interval]
2021-07-20T16:01:10.241656200Z -------------+----------------------------------------------------------------
2021-07-20T16:01:10.241659000Z    kids_cat4 |
2021-07-20T16:01:10.250631300Z only <12 ..  |   .9715296   .0898274    -0.31   0.755     .8105022    1.164549
2021-07-20T16:01:10.250868300Z  only 12-18  |   .8919674   .1240603    -0.82   0.411      .679139    1.171492
2021-07-20T16:01:10.251167500Z       mixed  |   .9461666   .0787129    -0.67   0.506      .803813    1.113731
2021-07-20T16:01:10.251180300Z              |
2021-07-20T16:01:10.251493600Z         age1 |   1.006043   .0050537     1.20   0.230     .9961865    1.015997
2021-07-20T16:01:10.251644600Z         age2 |   .9750634   .0153822    -1.60   0.109     .9453762    1.005683
2021-07-20T16:01:10.251952900Z         age3 |   1.070876   .0470188     1.56   0.119     .9825746    1.167113
2021-07-20T16:01:10.252129800Z       1.male |   .9691609   .0270817    -1.12   0.262     .9175091    1.023721
2021-07-20T16:01:10.252155000Z              |
2021-07-20T16:01:10.252163300Z    ethnicity |
2021-07-20T16:01:10.252547000Z Asian or ..  |   1.078153   .0479623     1.69   0.091       .98813    1.176377
2021-07-20T16:01:10.252683600Z       Other  |   1.052434   .0491996     1.09   0.274     .9602902    1.153419
2021-07-20T16:01:10.252695200Z              |
2021-07-20T16:01:10.252698600Z    obese4cat |
2021-07-20T16:01:10.253057400Z Obese I ..)  |   1.013615   .0406227     0.34   0.736     .9370425    1.096444
2021-07-20T16:01:10.253070800Z Obese II..)  |   .9544648   .0496731    -0.90   0.371     .8619081    1.056961
2021-07-20T16:01:10.253518600Z Obese II..)  |   .9896881   .0625424    -0.16   0.870     .8743946    1.120184
2021-07-20T16:01:10.253531600Z              |
2021-07-20T16:01:10.253536600Z smoke_nomiss |
2021-07-20T16:01:10.253572600Z      Former  |   1.135991    .105735     1.37   0.171     .9465579    1.363334
2021-07-20T16:01:10.253959400Z     Current  |   .9730555   .0432496    -0.61   0.539     .8918753    1.061625
2021-07-20T16:01:10.253972800Z              |
2021-07-20T16:01:10.253977800Z          imd |
2021-07-20T16:01:10.254192100Z           4  |   .9805243    .033171    -0.58   0.561     .9176189    1.047742
2021-07-20T16:01:10.254444700Z 5 most de..  |   .8921163   .0450419    -2.26   0.024     .8080632    .9849125
2021-07-20T16:01:10.254457200Z              |
2021-07-20T16:01:10.254460300Z tot_adults~h |
2021-07-20T16:01:10.254795100Z           2  |   1.105241   .3072435     0.36   0.719     .6409632    1.905814
2021-07-20T16:01:10.254941400Z           3  |   1.094207    .222409     0.44   0.658     .7346557    1.629728
2021-07-20T16:01:10.254953300Z              |
2021-07-20T16:01:10.255389200Z 1.htdiag_o~p |   1.083523   .0569898     1.53   0.127     .9773895    1.201181
2021-07-20T16:01:10.255597800Z 1.~y_disease |    1.01694   .0335668     0.51   0.611      .953233    1.084904
2021-07-20T16:01:10.255879300Z     1.asthma |   .9734832   .0509504    -0.51   0.608     .8785735    1.078646
2021-07-20T16:01:10.256212600Z 1.~c_disease |   .9261664   .0315507    -2.25   0.024     .8663474    .9901157
2021-07-20T16:01:10.256226600Z              |
2021-07-20T16:01:10.256231200Z      diabcat |
2021-07-20T16:01:10.256529900Z T1DM, con..  |   1.076622    .091477     0.87   0.385     .9114643    1.271707
2021-07-20T16:01:10.257095400Z T1DM, unc..  |   1.238737   .2021952     1.31   0.190     .8995807    1.705761
2021-07-20T16:01:10.257235400Z T2DM, con..  |     .96421   .0372293    -0.94   0.345     .8939347     1.04001
2021-07-20T16:01:10.257587400Z T2DM, unc..  |   1.188776   .0808015     2.54   0.011     1.040504    1.358177
2021-07-20T16:01:10.257792700Z Diabetes,..  |   1.213237   .6553556     0.36   0.720      .420873    3.497358
2021-07-20T16:01:10.257804800Z              |
2021-07-20T16:01:10.257808100Z cancer_exh~t |
2021-07-20T16:01:10.258375500Z   Last year  |   1.510124   .2559861     2.43   0.015     1.083235    2.105245
2021-07-20T16:01:10.258603400Z 2-5 years..  |    .802367   .0925935    -1.91   0.056     .6399471     1.00601
2021-07-20T16:01:10.259039800Z    5+ years  |   1.051639   .0369365     1.43   0.152     .9816807    1.126584
2021-07-20T16:01:10.259049800Z              |
2021-07-20T16:01:10.259052700Z cancer_hae~t |
2021-07-20T16:01:10.259413900Z   Last year  |    1.12328   .2106058     0.62   0.535     .7778479    1.622114
2021-07-20T16:01:10.259840200Z 2-5 years..  |   .9188202   .1061602    -0.73   0.464     .7326271    1.152333
2021-07-20T16:01:10.260484300Z    5+ years  |   .9425879   .0366597    -1.52   0.128     .8734066    1.017249
2021-07-20T16:01:10.260496600Z              |
2021-07-20T16:01:10.260812200Z 1.~r_disease |   1.048861   .0346215     1.45   0.148     .9831527    1.118961
2021-07-20T16:01:10.261020000Z 1.stroke_d~a |   .9558955   .0343892    -1.25   0.210     .8908152     1.02573
2021-07-20T16:01:10.261339900Z 1.other_ne~o |   .9864043   .0343307    -0.39   0.694     .9213611    1.056039
2021-07-20T16:01:10.261352800Z              |
2021-07-20T16:01:10.261357600Z reduced_ki~t |
2021-07-20T16:01:10.261728500Z Stage 3a/..  |   .7597493   .2013607    -1.04   0.300     .4519304     1.27723
2021-07-20T16:01:10.262017100Z       1.esrd |   1.025145   .0290982     0.87   0.382     .9696706    1.083792
2021-07-20T16:01:10.262388300Z 1.other_tr~t |   .9927672   .0351516    -0.21   0.838     .9262075     1.06411
2021-07-20T16:01:10.262659500Z   1.asplenia |   .9442148   .0337002    -1.61   0.108      .880421    1.012631
2021-07-20T16:01:10.263184500Z 1.ra_sle_p~s |   1.029867   .0357966     0.85   0.397      .962043    1.102472
2021-07-20T16:01:10.275179700Z 1.other_im~o |   1.055582    .031289     1.82   0.068      .996004    1.118724
2021-07-20T16:01:10.275202700Z ------------------------------------------------------------------------------
2021-07-20T16:01:10.275519300Z                                                              Stratified by stp
2021-07-20T16:01:10.280739400Z    1:     10.03 /        1 =      10.0290
2021-07-20T16:01:10.289689500Z 
2021-07-20T16:01:10.289714800Z          failure _d:  covid_icu
2021-07-20T16:01:10.289720200Z    analysis time _t:  (stime_covid_icu-origin)
2021-07-20T16:01:10.289724200Z              origin:  time enter_date
2021-07-20T16:01:10.289727900Z   enter on or after:  time enter_date
2021-07-20T16:01:10.289810800Z                  id:  patient_id
2021-07-20T16:01:10.822218200Z 
2021-07-20T16:01:10.822243000Z Iteration 0:   log pseudolikelihood = -36057.063
2021-07-20T16:01:11.031196200Z Iteration 1:   log pseudolikelihood = -36024.825
2021-07-20T16:01:11.241126400Z Iteration 2:   log pseudolikelihood = -36024.599
2021-07-20T16:01:11.442687500Z Iteration 3:   log pseudolikelihood = -36024.599
2021-07-20T16:01:11.442726900Z Refining estimates:
2021-07-20T16:01:12.150161300Z Iteration 0:   log pseudolikelihood = -36024.599
2021-07-20T16:01:21.657598600Z 
2021-07-20T16:01:21.657625700Z Stratified Cox regr. -- Breslow method for ties
2021-07-20T16:01:21.657635600Z 
2021-07-20T16:01:21.657640600Z No. of subjects      =       16,206             Number of obs    =      16,206
2021-07-20T16:01:21.657645400Z No. of failures      =        5,094
2021-07-20T16:01:21.657650400Z Time at risk         =      2466488
2021-07-20T16:01:21.657822000Z                                                 Wald chi2(45)    =       69.97
2021-07-20T16:01:21.657918700Z Log pseudolikelihood =   -36024.599             Prob > chi2      =      0.0100
2021-07-20T16:01:21.657936000Z 
2021-07-20T16:01:21.674157000Z                        (Std. Err. adjusted for 1,106 clusters in household_id)
2021-07-20T16:01:21.674181900Z ------------------------------------------------------------------------------
2021-07-20T16:01:21.674188300Z              |               Robust
2021-07-20T16:01:21.674193300Z           _t | Haz. Ratio   Std. Err.      z    P>|z|     [95% Conf. Interval]
2021-07-20T16:01:21.674198700Z -------------+----------------------------------------------------------------
2021-07-20T16:01:21.674203900Z    kids_cat4 |
2021-07-20T16:01:21.674594100Z only <12 ..  |   1.119276   .1827912     0.69   0.490     .8126915    1.541518
2021-07-20T16:01:21.674875900Z  only 12-18  |   .8093757   .2135887    -0.80   0.423     .4825296    1.357614
2021-07-20T16:01:21.675192700Z       mixed  |   .9399839   .0928486    -0.63   0.531     .7745357    1.140773
2021-07-20T16:01:21.675206100Z              |
2021-07-20T16:01:21.675495000Z         age1 |   1.006039   .0050524     1.20   0.231     .9961848     1.01599
2021-07-20T16:01:21.675953000Z         age2 |   .9750288   .0153787    -1.60   0.109     .9453482    1.005641
2021-07-20T16:01:21.676347100Z         age3 |   1.071079   .0470202     1.56   0.118     .9827742    1.167317
2021-07-20T16:01:21.676771900Z       1.male |   .9689719   .0270671    -1.13   0.259     .9173474    1.023501
2021-07-20T16:01:21.676796100Z              |
2021-07-20T16:01:21.676802800Z    ethnicity |
2021-07-20T16:01:21.677251400Z Asian or ..  |   1.077314   .0479334     1.67   0.094     .9873456    1.175479
2021-07-20T16:01:21.677673300Z       Other  |   1.051775   .0491533     1.08   0.280     .9597172    1.152664
2021-07-20T16:01:21.677686000Z              |
2021-07-20T16:01:21.677691100Z    obese4cat |
2021-07-20T16:01:21.677884500Z Obese I ..)  |   1.013752   .0406122     0.34   0.733      .937198    1.096558
2021-07-20T16:01:21.687126000Z Obese II..)  |   .9542858   .0496571    -0.90   0.369     .8617582    1.056748
2021-07-20T16:01:21.687173300Z Obese II..)  |   .9899036   .0625653    -0.16   0.872      .874569    1.120448
2021-07-20T16:01:21.687183100Z              |
2021-07-20T16:01:21.687188700Z smoke_nomiss |
2021-07-20T16:01:21.687205000Z      Former  |   1.136788   .1058091     1.38   0.168     .9472221    1.364291
2021-07-20T16:01:21.687210300Z     Current  |   .9734536   .0432798    -0.61   0.545     .8922177    1.062086
2021-07-20T16:01:21.687214500Z              |
2021-07-20T16:01:21.687218400Z          imd |
2021-07-20T16:01:21.687222800Z           4  |   .9804219   .0331524    -0.58   0.559     .9175508    1.047601
2021-07-20T16:01:21.687290100Z 5 most de..  |   .8914107   .0449949    -2.28   0.023     .8074443    .9841088
2021-07-20T16:01:21.687296400Z              |
2021-07-20T16:01:21.687300600Z tot_adults~h |
2021-07-20T16:01:21.687305000Z           2  |   1.111219   .3088255     0.38   0.704     .6445214    1.915853
2021-07-20T16:01:21.687309800Z           3  |   1.094503   .2225308     0.44   0.657     .7347732    1.630348
2021-07-20T16:01:21.687314700Z              |
2021-07-20T16:01:21.687318700Z 1.htdiag_o~p |    1.08331   .0570023     1.52   0.128     .9771552    1.200996
2021-07-20T16:01:21.687323100Z 1.~y_disease |   1.017704   .0341171     0.52   0.601     .9529856    1.086818
2021-07-20T16:01:21.687379400Z     1.asthma |   .9741195   .0513011    -0.50   0.619     .8785864     1.08004
2021-07-20T16:01:21.687388100Z 1.~c_disease |   .9263769   .0315679    -2.24   0.025     .8665259    .9903617
2021-07-20T16:01:21.687393100Z              |
2021-07-20T16:01:21.687397100Z      diabcat |
2021-07-20T16:01:21.687400900Z T1DM, con..  |   1.077518   .0916104     0.88   0.380     .9121275    1.272898
2021-07-20T16:01:21.687405200Z T1DM, unc..  |   1.239912   .2027667     1.31   0.189     .8998935    1.708404
2021-07-20T16:01:21.687409400Z T2DM, con..  |   .9638737   .0372412    -0.95   0.341     .8935776      1.0397
2021-07-20T16:01:21.687413600Z T2DM, unc..  |   1.187293   .0808237     2.52   0.012     1.038994    1.356758
2021-07-20T16:01:21.687417900Z Diabetes,..  |   1.216784   .6573752     0.36   0.716     .4220332    3.508169
2021-07-20T16:01:21.687422400Z              |
2021-07-20T16:01:21.687426700Z cancer_exh~t |
2021-07-20T16:01:21.687430600Z   Last year  |     1.5112   .2566975     2.43   0.015     1.083263    2.108191
2021-07-20T16:01:21.687434300Z 2-5 years..  |   .8028923   .0927549    -1.90   0.057     .6402085    1.006916
2021-07-20T16:01:21.687438300Z    5+ years  |   1.052877   .0386782     1.40   0.161     .9797335     1.13148
2021-07-20T16:01:21.687442400Z              |
2021-07-20T16:01:21.687446300Z cancer_hae~t |
2021-07-20T16:01:21.687450100Z   Last year  |   1.123919   .2115144     0.62   0.535     .7772201     1.62527
2021-07-20T16:01:21.687454500Z 2-5 years..  |   .9196144   .1061032    -0.73   0.468     .7334929    1.152964
2021-07-20T16:01:21.687458800Z    5+ years  |   .9435745   .0374537    -1.46   0.143     .8729494    1.019913
2021-07-20T16:01:21.687462700Z              |
2021-07-20T16:01:21.687475700Z 1.~r_disease |   1.049145   .0345911     1.46   0.146     .9834916    1.119181
2021-07-20T16:01:21.687479300Z 1.stroke_d~a |   .9553124   .0343894    -1.27   0.204     .8902333    1.025149
2021-07-20T16:01:21.687483300Z 1.other_ne~o |   .9865328   .0343695    -0.39   0.697     .9214182    1.056249
2021-07-20T16:01:21.687487600Z              |
2021-07-20T16:01:21.687491600Z reduced_ki~t |
2021-07-20T16:01:21.687944900Z Stage 3a/..  |   .7615456   .2017916    -1.03   0.304     .4530516    1.280101
2021-07-20T16:01:21.688510800Z       1.esrd |   1.026284    .031234     0.85   0.394     .9668562    1.089364
2021-07-20T16:01:21.688907600Z 1.other_tr~t |   .9936365   .0365712    -0.17   0.862     .9244826    1.067963
2021-07-20T16:01:21.689525700Z   1.asplenia |   .9450683   .0345816    -1.54   0.123     .8796631    1.015337
2021-07-20T16:01:21.689795100Z 1.ra_sle_p~s |   1.029668   .0358164     0.84   0.401     .9618085    1.102315
2021-07-20T16:01:21.690135300Z 1.other_im~o |   1.056769   .0336104     1.74   0.083     .9929055    1.124741
2021-07-20T16:01:21.690150700Z              |
2021-07-20T16:01:21.690179600Z       shield#|
2021-07-20T16:01:21.690189700Z    kids_cat4 |
2021-07-20T16:01:21.690194700Z           1 #|
2021-07-20T16:01:21.691044700Z only <12 ..  |   .8517733   .1202449    -1.14   0.256     .6458919     1.12328
2021-07-20T16:01:21.691059700Z           1 #|
2021-07-20T16:01:21.691345500Z  only 12-18  |   1.119592   .2892321     0.44   0.662     .6747808    1.857619
2021-07-20T16:01:21.693320700Z     1#mixed  |   1.008188   .0617291     0.13   0.894     .8941785    1.136733
2021-07-20T16:01:21.693339200Z ------------------------------------------------------------------------------
2021-07-20T16:01:21.693896700Z                                                              Stratified by stp
2021-07-20T16:01:21.695510000Z    1:     11.42 /        1 =      11.4170
2021-07-20T16:01:21.699111700Z 
2021-07-20T16:01:21.699133500Z  ( 1)  1.shield#1.kids_cat4 = 0
2021-07-20T16:01:21.699139200Z  ( 2)  1.shield#2.kids_cat4 = 0
2021-07-20T16:01:21.699142300Z  ( 3)  1.shield#3.kids_cat4 = 0
2021-07-20T16:01:21.699144800Z 
2021-07-20T16:01:21.699147100Z            chi2(  3) =    1.59
2021-07-20T16:01:21.699149500Z          Prob > chi2 =    0.6607
2021-07-20T16:01:21.699182900Z 
2021-07-20T16:01:21.699189400Z kids_cat4 
2021-07-20T16:01:21.699194300Z ****************
2021-07-20T16:01:21.702695400Z 
2021-07-20T16:01:21.702716700Z  ( 1)  1.kids_cat4 + 1.shield#1.kids_cat4 = 0
2021-07-20T16:01:21.703144400Z 
2021-07-20T16:01:21.717179700Z ------------------------------------------------------------------------------
2021-07-20T16:01:21.717235000Z           _t |     exp(b)   Std. Err.      z    P>|z|     [95% Conf. Interval]
2021-07-20T16:01:21.717250600Z -------------+----------------------------------------------------------------
2021-07-20T16:01:21.717678900Z          (1) |   .9533692   .0877547    -0.52   0.604     .7959956    1.141857
2021-07-20T16:01:21.717691000Z ------------------------------------------------------------------------------
2021-07-20T16:01:21.718660900Z kids_cat4
2021-07-20T16:01:21.718677100Z ****************
2021-07-20T16:01:21.721571300Z 
2021-07-20T16:01:21.721589200Z  ( 1)  2.kids_cat4 + 1.shield#2.kids_cat4 = 0
2021-07-20T16:01:21.721595000Z 
2021-07-20T16:01:21.733347000Z ------------------------------------------------------------------------------
2021-07-20T16:01:21.733367000Z           _t |     exp(b)   Std. Err.      z    P>|z|     [95% Conf. Interval]
2021-07-20T16:01:21.733372400Z -------------+----------------------------------------------------------------
2021-07-20T16:01:21.733849300Z          (1) |   .9061703   .1297257    -0.69   0.491     .6844683    1.199683
2021-07-20T16:01:21.733860800Z ------------------------------------------------------------------------------
2021-07-20T16:01:21.734645800Z kids_cat4
2021-07-20T16:01:21.734660700Z ****************
2021-07-20T16:01:21.736705700Z 
2021-07-20T16:01:21.736724200Z  ( 1)  3.kids_cat4 + 1.shield#3.kids_cat4 = 0
2021-07-20T16:01:21.736971200Z 
2021-07-20T16:01:21.745122900Z ------------------------------------------------------------------------------
2021-07-20T16:01:21.758555500Z           _t |     exp(b)   Std. Err.      z    P>|z|     [95% Conf. Interval]
2021-07-20T16:01:21.758578500Z -------------+----------------------------------------------------------------
2021-07-20T16:01:21.759380900Z          (1) |   .9476802   .0792247    -0.64   0.520     .8044565    1.116403
2021-07-20T16:01:21.759399100Z ------------------------------------------------------------------------------
2021-07-20T16:01:21.788664700Z (note: file output/an_interaction_cox_models_covid_icu_kids_cat4_shield_MAINFUL
2021-07-20T16:01:21.788688800Z > LYADJMODEL_agespline_bmicat_noeth_ageband_0MAIN.ster not found)
2021-07-20T16:01:21.788694000Z file output/an_interaction_cox_models_covid_icu_kids_cat4_shield_MAINFULLYADJMO
2021-07-20T16:01:21.788699100Z > DEL_agespline_bmicat_noeth_ageband_0MAIN.ster saved
2021-07-20T16:01:21.795350000Z 
2021-07-20T16:01:21.795370400Z          failure _d:  covid_icu
2021-07-20T16:01:21.795374800Z    analysis time _t:  (stime_covid_icu-origin)
2021-07-20T16:01:21.795378500Z              origin:  time enter_date
2021-07-20T16:01:21.795381500Z   enter on or after:  time enter_date
2021-07-20T16:01:21.795384300Z                  id:  patient_id
2021-07-20T16:01:21.945951100Z 
2021-07-20T16:01:21.945983000Z Iteration 0:   log pseudolikelihood =  -8042.262
2021-07-20T16:01:22.017421900Z Iteration 1:   log pseudolikelihood = -8020.9066
2021-07-20T16:01:22.090449600Z Iteration 2:   log pseudolikelihood = -8020.4491
2021-07-20T16:01:22.157913700Z Iteration 3:   log pseudolikelihood = -8020.4137
2021-07-20T16:01:22.223666100Z Iteration 4:   log pseudolikelihood = -8020.4011
2021-07-20T16:01:22.296149300Z Iteration 5:   log pseudolikelihood = -8020.3965
2021-07-20T16:01:22.382898700Z Iteration 6:   log pseudolikelihood = -8020.3948
2021-07-20T16:01:22.449666200Z Iteration 7:   log pseudolikelihood = -8020.3942
2021-07-20T16:01:22.539227100Z Iteration 8:   log pseudolikelihood =  -8020.394
2021-07-20T16:01:22.610442000Z Iteration 9:   log pseudolikelihood = -8020.3939
2021-07-20T16:01:22.685157100Z Iteration 10:  log pseudolikelihood = -8020.3938
2021-07-20T16:01:22.748690300Z Iteration 11:  log pseudolikelihood = -8020.3938
2021-07-20T16:01:22.817135500Z Iteration 12:  log pseudolikelihood = -8020.3938
2021-07-20T16:01:22.889057600Z Iteration 13:  log pseudolikelihood = -8020.3938
2021-07-20T16:01:22.976094700Z Iteration 14:  log pseudolikelihood = -8020.3938
2021-07-20T16:01:23.051667000Z Iteration 15:  log pseudolikelihood = -8020.3938
2021-07-20T16:01:23.126440300Z Iteration 16:  log pseudolikelihood = -8020.3938
2021-07-20T16:01:23.198840800Z Iteration 17:  log pseudolikelihood = -8020.3938
2021-07-20T16:01:23.270435400Z Iteration 18:  log pseudolikelihood = -8020.3938
2021-07-20T16:01:23.340389300Z Iteration 19:  log pseudolikelihood = -8020.3938
2021-07-20T16:01:23.407022400Z Iteration 20:  log pseudolikelihood = -8020.3938
2021-07-20T16:01:23.471119200Z Iteration 21:  log pseudolikelihood = -8020.3938
2021-07-20T16:01:23.536096100Z Iteration 22:  log pseudolikelihood = -8020.3938
2021-07-20T16:01:23.622620900Z Iteration 23:  log pseudolikelihood = -8020.3938
2021-07-20T16:01:23.688582600Z Iteration 24:  log pseudolikelihood = -8020.3938
2021-07-20T16:01:23.768401600Z Iteration 25:  log pseudolikelihood = -8020.3938
2021-07-20T16:01:23.838359100Z Iteration 26:  log pseudolikelihood = -8020.3938
2021-07-20T16:01:23.911207500Z Iteration 27:  log pseudolikelihood = -8020.3938
2021-07-20T16:01:23.989814000Z Iteration 28:  log pseudolikelihood = -8020.3938
2021-07-20T16:01:24.068037900Z Iteration 29:  log pseudolikelihood = -8020.3938
2021-07-20T16:01:24.135889800Z Iteration 30:  log pseudolikelihood = -8020.3938
2021-07-20T16:01:24.208922200Z Iteration 31:  log pseudolikelihood = -8020.3938
2021-07-20T16:01:24.291430100Z Iteration 32:  log pseudolikelihood = -8020.3938
2021-07-20T16:01:24.291488700Z Refining estimates:
2021-07-20T16:01:24.511915500Z Iteration 0:   log pseudolikelihood = -8020.3938
2021-07-20T16:01:24.735666500Z Iteration 1:   log pseudolikelihood = -8020.3938
2021-07-20T16:01:24.958480600Z Iteration 2:   log pseudolikelihood = -8020.3938
2021-07-20T16:01:26.251148100Z 
2021-07-20T16:01:26.251181000Z Stratified Cox regr. -- Breslow method for ties
2021-07-20T16:01:26.251187600Z 
2021-07-20T16:01:26.251192500Z No. of subjects      =        4,494             Number of obs    =       4,494
2021-07-20T16:01:26.251197800Z No. of failures      =        1,389
2021-07-20T16:01:26.251202500Z Time at risk         =       680442
2021-07-20T16:01:26.251354400Z                                                 Wald chi2(42)    =     1249.19
2021-07-20T16:01:26.251368500Z Log pseudolikelihood =   -8020.3938             Prob > chi2      =      0.0000
2021-07-20T16:01:26.251372700Z 
2021-07-20T16:01:26.267309500Z                          (Std. Err. adjusted for 914 clusters in household_id)
2021-07-20T16:01:26.267333000Z ------------------------------------------------------------------------------
2021-07-20T16:01:26.267340100Z              |               Robust
2021-07-20T16:01:26.267381200Z           _t | Haz. Ratio   Std. Err.      z    P>|z|     [95% Conf. Interval]
2021-07-20T16:01:26.267390900Z -------------+----------------------------------------------------------------
2021-07-20T16:01:26.267396700Z    kids_cat4 |
2021-07-20T16:01:26.267617300Z only <12 ..  |   .7908276   .1552299    -1.20   0.232     .5382713    1.161883
2021-07-20T16:01:26.267789600Z  only 12-18  |   .8965666   .2191011    -0.45   0.655     .5553512    1.447429
2021-07-20T16:01:26.268119700Z       mixed  |   .8753016   .1565457    -0.74   0.456     .6164847    1.242777
2021-07-20T16:01:26.268131100Z              |
2021-07-20T16:01:26.268458900Z         age1 |   1.040175   .0228422     1.79   0.073     .9963552    1.085923
2021-07-20T16:01:26.268685400Z         age2 |   .8594844   .0793755    -1.64   0.101     .7171787    1.030027
2021-07-20T16:01:26.269082800Z         age3 |   1.424545   .3224952     1.56   0.118     .9140652    2.220114
2021-07-20T16:01:26.269345900Z       1.male |   .9588389   .0544216    -0.74   0.459     .8578934    1.071662
2021-07-20T16:01:26.269358300Z              |
2021-07-20T16:01:26.269364100Z    ethnicity |
2021-07-20T16:01:26.269659700Z Asian or ..  |   1.009263   .0814434     0.11   0.909     .8616199    1.182205
2021-07-20T16:01:26.270114000Z       Other  |   .9076281   .0801374    -1.10   0.272     .7634009    1.079104
2021-07-20T16:01:26.270130600Z              |
2021-07-20T16:01:26.270137000Z    obese4cat |
2021-07-20T16:01:26.270470900Z Obese I ..)  |   .9559133   .0781335    -0.55   0.581     .8144114    1.122001
2021-07-20T16:01:26.270954100Z Obese II..)  |   1.120233   .1100966     1.16   0.248      .923958    1.358203
2021-07-20T16:01:26.271521600Z Obese II..)  |   .8868649   .1053626    -1.01   0.312     .7026382    1.119395
2021-07-20T16:01:26.271552800Z              |
2021-07-20T16:01:26.271559100Z smoke_nomiss |
2021-07-20T16:01:26.271789900Z      Former  |   1.391204   .2387223     1.92   0.054     .9938706    1.947386
2021-07-20T16:01:26.272107300Z     Current  |   1.083611    .084776     1.03   0.305     .9295654    1.263185
2021-07-20T16:01:26.272121600Z              |
2021-07-20T16:01:26.272127300Z          imd |
2021-07-20T16:01:26.272418500Z           4  |    1.03002   .0720267     0.42   0.672     .8980973    1.181321
2021-07-20T16:01:26.272665800Z 5 most de..  |   .9366611   .0813862    -0.75   0.451     .7899905    1.110563
2021-07-20T16:01:26.272678200Z              |
2021-07-20T16:01:26.272681600Z tot_adults~h |
2021-07-20T16:01:26.273043100Z           2  |       .625    .253073    -1.16   0.246     .2826274     1.38212
2021-07-20T16:01:26.273322300Z           3  |   .6954597   .2227608    -1.13   0.257     .3712154    1.302921
2021-07-20T16:01:26.273333300Z              |
2021-07-20T16:01:26.273678700Z 1.htdiag_o~p |   1.069134   .1031333     0.69   0.488      .884956    1.291644
2021-07-20T16:01:26.273997000Z 1.~y_disease |   .9388799   .0645686    -0.92   0.359     .8204862    1.074357
2021-07-20T16:01:26.274317200Z     1.asthma |    1.21994   .1145774     2.12   0.034      1.01483    1.466506
2021-07-20T16:01:26.274639800Z 1.~c_disease |    1.06238   .0676594     0.95   0.342     .9377128    1.203622
2021-07-20T16:01:26.274921300Z              |
2021-07-20T16:01:26.274961000Z      diabcat |
2021-07-20T16:01:26.275244800Z T1DM, con..  |   .7519923   .1484534    -1.44   0.149     .5107105    1.107266
2021-07-20T16:01:26.275496200Z T1DM, unc..  |   .6266645   .3168852    -0.92   0.355     .2325993    1.688347
2021-07-20T16:01:26.275759000Z T2DM, con..  |   1.006965   .0698184     0.10   0.920     .8790143    1.153541
2021-07-20T16:01:26.276003200Z T2DM, unc..  |   1.195337   .1649207     1.29   0.196     .9121155    1.566501
2021-07-20T16:01:26.276394900Z Diabetes,..  |   1.39e-15   1.40e-15   -33.95   0.000     1.93e-16    1.00e-14
2021-07-20T16:01:26.276407700Z              |
2021-07-20T16:01:26.276410900Z cancer_exh~t |
2021-07-20T16:01:26.276700400Z   Last year  |   .5989502   .3491756    -0.88   0.379     .1910547    1.877689
2021-07-20T16:01:26.276959900Z 2-5 years..  |    .811439     .17621    -0.96   0.336     .5301651     1.24194
2021-07-20T16:01:26.277298700Z    5+ years  |   1.003898   .0688941     0.06   0.955     .8775554     1.14843
2021-07-20T16:01:26.277313200Z              |
2021-07-20T16:01:26.277611100Z cancer_hae~t |
2021-07-20T16:01:26.277621900Z   Last year  |   1.242285   .7713527     0.35   0.727     .3678729    4.195122
2021-07-20T16:01:26.278087800Z 2-5 years..  |   .9928614   .2164047    -0.03   0.974     .6476796    1.522008
2021-07-20T16:01:26.278417800Z    5+ years  |   .9892264   .0711117    -0.15   0.880     .8592235    1.138899
2021-07-20T16:01:26.278440400Z              |
2021-07-20T16:01:26.278766200Z 1.~r_disease |   .9844401   .0661854    -0.23   0.816     .8629026    1.123096
2021-07-20T16:01:26.279071200Z 1.stroke_d~a |   .9685566   .0668167    -0.46   0.643     .8460659    1.108781
2021-07-20T16:01:26.279423700Z 1.other_ne~o |    1.00824   .0669121     0.12   0.902     .8852662    1.148297
2021-07-20T16:01:26.279434500Z              |
2021-07-20T16:01:26.279437700Z reduced_ki~t |
2021-07-20T16:01:26.279833200Z Stage 3a/..  |   1.243659   .1568512     1.73   0.084     .9712859    1.592412
2021-07-20T16:01:26.280260600Z       1.esrd |   .9215231    .050396    -1.49   0.135     .8278583    1.025785
2021-07-20T16:01:26.280580800Z 1.other_tr~t |   .9584673   .0657334    -0.62   0.536     .8379157    1.096363
2021-07-20T16:01:26.281186700Z   1.asplenia |   1.113716   .0680845     1.76   0.078     .9879577    1.255483
2021-07-20T16:01:26.281810700Z 1.ra_sle_p~s |   1.025742   .0718551     0.36   0.717     .8941494    1.176702
2021-07-20T16:01:26.283243900Z 1.other_im~o |   .9632172   .0565785    -0.64   0.523     .8584706    1.080745
2021-07-20T16:01:26.283259200Z ------------------------------------------------------------------------------
2021-07-20T16:01:26.283462300Z                                                              Stratified by stp
2021-07-20T16:01:26.287816900Z    1:      4.49 /        1 =       4.4940
2021-07-20T16:01:26.291578400Z 
2021-07-20T16:01:26.291600900Z          failure _d:  covid_icu
2021-07-20T16:01:26.291607600Z    analysis time _t:  (stime_covid_icu-origin)
2021-07-20T16:01:26.291612400Z              origin:  time enter_date
2021-07-20T16:01:26.291617000Z   enter on or after:  time enter_date
2021-07-20T16:01:26.291719500Z                  id:  patient_id
2021-07-20T16:01:26.468081900Z 
2021-07-20T16:01:26.468102900Z Iteration 0:   log pseudolikelihood =  -8042.262
2021-07-20T16:01:26.543307200Z Iteration 1:   log pseudolikelihood = -8020.6752
2021-07-20T16:01:26.632556100Z Iteration 2:   log pseudolikelihood = -8020.2167
2021-07-20T16:01:26.701941300Z Iteration 3:   log pseudolikelihood = -8020.1814
2021-07-20T16:01:26.778714200Z Iteration 4:   log pseudolikelihood = -8020.1688
2021-07-20T16:01:26.845406500Z Iteration 5:   log pseudolikelihood = -8020.1642
2021-07-20T16:01:26.912718200Z Iteration 6:   log pseudolikelihood = -8020.1625
2021-07-20T16:01:26.981332100Z Iteration 7:   log pseudolikelihood = -8020.1618
2021-07-20T16:01:27.072112500Z Iteration 8:   log pseudolikelihood = -8020.1616
2021-07-20T16:01:27.161418000Z Iteration 9:   log pseudolikelihood = -8020.1615
2021-07-20T16:01:27.242610000Z Iteration 10:  log pseudolikelihood = -8020.1615
2021-07-20T16:01:27.327862200Z Iteration 11:  log pseudolikelihood = -8020.1615
2021-07-20T16:01:27.405881200Z Iteration 12:  log pseudolikelihood = -8020.1615
2021-07-20T16:01:27.496431100Z Iteration 13:  log pseudolikelihood = -8020.1615
2021-07-20T16:01:27.612197400Z Iteration 14:  log pseudolikelihood = -8020.1615
2021-07-20T16:01:27.689720000Z Iteration 15:  log pseudolikelihood = -8020.1615
2021-07-20T16:01:27.786901500Z Iteration 16:  log pseudolikelihood = -8020.1615
2021-07-20T16:01:27.871326100Z Iteration 17:  log pseudolikelihood = -8020.1615
2021-07-20T16:01:27.958211900Z Iteration 18:  log pseudolikelihood = -8020.1615
2021-07-20T16:01:28.045254200Z Iteration 19:  log pseudolikelihood = -8020.1615
2021-07-20T16:01:28.167338900Z Iteration 20:  log pseudolikelihood = -8020.1615
2021-07-20T16:01:28.301345200Z Iteration 21:  log pseudolikelihood = -8020.1615
2021-07-20T16:01:28.424547000Z Iteration 22:  log pseudolikelihood = -8020.1615
2021-07-20T16:01:28.549452500Z Iteration 23:  log pseudolikelihood = -8020.1615
2021-07-20T16:01:28.669079100Z Iteration 24:  log pseudolikelihood = -8020.1615
2021-07-20T16:01:28.792083900Z Iteration 25:  log pseudolikelihood = -8020.1615
2021-07-20T16:01:28.916458900Z Iteration 26:  log pseudolikelihood = -8020.1615
2021-07-20T16:01:29.039230900Z Iteration 27:  log pseudolikelihood = -8020.1615
2021-07-20T16:01:29.165883800Z Iteration 28:  log pseudolikelihood = -8020.1615
2021-07-20T16:01:29.284514300Z Iteration 29:  log pseudolikelihood = -8020.1615
2021-07-20T16:01:29.405276400Z Iteration 30:  log pseudolikelihood = -8020.1615
2021-07-20T16:01:29.536463300Z Iteration 31:  log pseudolikelihood = -8020.1615
2021-07-20T16:01:29.649135700Z Iteration 32:  log pseudolikelihood = -8020.1615
2021-07-20T16:01:29.771639600Z Iteration 33:  log pseudolikelihood = -8020.1615
2021-07-20T16:01:29.901418700Z Iteration 34:  log pseudolikelihood = -8020.1615
2021-07-20T16:01:29.901442800Z Refining estimates:
2021-07-20T16:01:30.200668100Z Iteration 0:   log pseudolikelihood = -8020.1615
2021-07-20T16:01:30.474715700Z Iteration 1:   log pseudolikelihood = -8020.1615
2021-07-20T16:01:30.743699200Z Iteration 2:   log pseudolikelihood = -8020.1615
2021-07-20T16:01:31.009909200Z Iteration 3:   log pseudolikelihood = -8020.1615
2021-07-20T16:01:31.272361800Z Iteration 4:   log pseudolikelihood = -8020.1615
2021-07-20T16:01:32.838927200Z 
2021-07-20T16:01:32.838983900Z Stratified Cox regr. -- Breslow method for ties
2021-07-20T16:01:32.839014300Z 
2021-07-20T16:01:32.839023900Z No. of subjects      =        4,494             Number of obs    =       4,494
2021-07-20T16:01:32.839120700Z No. of failures      =        1,389
2021-07-20T16:01:32.839139100Z Time at risk         =       680442
2021-07-20T16:01:32.839147000Z                                                 Wald chi2(45)    =     1547.93
2021-07-20T16:01:32.839464100Z Log pseudolikelihood =   -8020.1615             Prob > chi2      =      0.0000
2021-07-20T16:01:32.839480100Z 
2021-07-20T16:01:32.860893900Z                          (Std. Err. adjusted for 914 clusters in household_id)
2021-07-20T16:01:32.860917200Z ------------------------------------------------------------------------------
2021-07-20T16:01:32.860921500Z              |               Robust
2021-07-20T16:01:32.860924700Z           _t | Haz. Ratio   Std. Err.      z    P>|z|     [95% Conf. Interval]
2021-07-20T16:01:32.860927900Z -------------+----------------------------------------------------------------
2021-07-20T16:01:32.860931100Z    kids_cat4 |
2021-07-20T16:01:32.861266600Z only <12 ..  |   .8264979   .2646527    -0.60   0.552     .4412439    1.548121
2021-07-20T16:01:32.861595900Z  only 12-18  |    .591812   .5014114    -0.62   0.536     .1124618    3.114314
2021-07-20T16:01:32.861860700Z       mixed  |     .88107   .1766271    -0.63   0.528        .5948    1.305118
2021-07-20T16:01:32.861871900Z              |
2021-07-20T16:01:32.862208300Z         age1 |   1.040216   .0229238     1.79   0.074     .9962427     1.08613
2021-07-20T16:01:32.862594700Z         age2 |   .8592811   .0795546    -1.64   0.101     .7166856    1.030248
2021-07-20T16:01:32.862941100Z         age3 |    1.42535   .3233866     1.56   0.118       .91369    2.223535
2021-07-20T16:01:32.863371400Z       1.male |   .9581213   .0543236    -0.75   0.451     .8573518    1.070735
2021-07-20T16:01:32.863386400Z              |
2021-07-20T16:01:32.863393000Z    ethnicity |
2021-07-20T16:01:32.863732000Z Asian or ..  |   1.009893   .0816793     0.12   0.903     .8618484    1.183368
2021-07-20T16:01:32.864159000Z       Other  |   .9075952   .0800866    -1.10   0.272     .7634522    1.078953
2021-07-20T16:01:32.864204800Z              |
2021-07-20T16:01:32.864212400Z    obese4cat |
2021-07-20T16:01:32.864552200Z Obese I ..)  |   .9552194   .0781438    -0.56   0.575     .8137084     1.12134
2021-07-20T16:01:32.864869200Z Obese II..)  |   1.121221   .1102708     1.16   0.245     .9246482    1.359584
2021-07-20T16:01:32.865300200Z Obese II..)  |   .8858112   .1052781    -1.02   0.308     .7017404    1.118165
2021-07-20T16:01:32.865317400Z              |
2021-07-20T16:01:32.865322000Z smoke_nomiss |
2021-07-20T16:01:32.865705800Z      Former  |   1.391227   .2388447     1.92   0.054     .9937211    1.947743
2021-07-20T16:01:32.866154900Z     Current  |   1.083252   .0848304     1.02   0.307     .9291182    1.262955
2021-07-20T16:01:32.866168300Z              |
2021-07-20T16:01:32.866172700Z          imd |
2021-07-20T16:01:32.866548800Z           4  |   1.030118   .0719245     0.42   0.671     .8983685    1.181188
2021-07-20T16:01:32.866996800Z 5 most de..  |   .9354676   .0812313    -0.77   0.442     .7890684    1.109029
2021-07-20T16:01:32.867025300Z              |
2021-07-20T16:01:32.867029300Z tot_adults~h |
2021-07-20T16:01:32.867497200Z           2  |    .624925   .2530122    -1.16   0.246     .2826204    1.381822
2021-07-20T16:01:32.867933200Z           3  |   .6967234   .2227563    -1.13   0.258     .3723183    1.303786
2021-07-20T16:01:32.867946800Z              |
2021-07-20T16:01:32.868413800Z 1.htdiag_o~p |   1.068588   .1034038     0.69   0.493     .8839795    1.291749
2021-07-20T16:01:32.868853600Z 1.~y_disease |   .9397012   .0665466    -0.88   0.380     .8179193    1.079615
2021-07-20T16:01:32.869296500Z     1.asthma |   1.220262   .1169047     2.08   0.038     1.011359    1.472315
2021-07-20T16:01:32.869708500Z 1.~c_disease |   1.063719   .0676777     0.97   0.332     .9390103     1.20499
2021-07-20T16:01:32.869719600Z              |
2021-07-20T16:01:32.869722600Z      diabcat |
2021-07-20T16:01:32.870109900Z T1DM, con..  |   .7514172   .1483486    -1.45   0.148     .5103083    1.106445
2021-07-20T16:01:32.870463100Z T1DM, unc..  |   .6260081   .3163205    -0.93   0.354      .232525    1.685351
2021-07-20T16:01:32.870718400Z T2DM, con..  |   1.006816   .0698587     0.10   0.922     .8787974    1.153483
2021-07-20T16:01:32.870999500Z T2DM, unc..  |   1.194272   .1652288     1.28   0.199     .9106225    1.566274
2021-07-20T16:01:32.871456700Z Diabetes,..  |   2.53e-17   2.55e-17   -37.91   0.000     3.51e-18    1.83e-16
2021-07-20T16:01:32.871470700Z              |
2021-07-20T16:01:32.871475700Z cancer_exh~t |
2021-07-20T16:01:32.872046900Z   Last year  |   .6004709   .3501967    -0.87   0.382     .1914557    1.883283
2021-07-20T16:01:32.872374200Z 2-5 years..  |   .8117636   .1771421    -0.96   0.339      .529275    1.245024
2021-07-20T16:01:32.872768600Z    5+ years  |   1.004518   .0711588     0.06   0.949     .8742981    1.154132
2021-07-20T16:01:32.872779300Z              |
2021-07-20T16:01:32.872783600Z cancer_hae~t |
2021-07-20T16:01:32.873161900Z   Last year  |   1.243511    .772443     0.35   0.726     .3680452     4.20144
2021-07-20T16:01:32.873472200Z 2-5 years..  |    .993148   .2169875    -0.03   0.975     .6472016    1.524012
2021-07-20T16:01:32.873891200Z    5+ years  |   .9899489   .0716984    -0.14   0.889     .8589411    1.140938
2021-07-20T16:01:32.873903600Z              |
2021-07-20T16:01:32.874361700Z 1.~r_disease |   .9844383   .0660887    -0.23   0.815     .8630668    1.122878
2021-07-20T16:01:32.874789600Z 1.stroke_d~a |   .9682393   .0668751    -0.47   0.640     .8456511    1.108598
2021-07-20T16:01:32.875285300Z 1.other_ne~o |   1.007233   .0668539     0.11   0.914     .8843674    1.147169
2021-07-20T16:01:32.875299900Z              |
2021-07-20T16:01:32.875305300Z reduced_ki~t |
2021-07-20T16:01:32.875713400Z Stage 3a/..  |   1.242034   .1566624     1.72   0.086     .9699926    1.590372
2021-07-20T16:01:32.876018400Z       1.esrd |   .9222587   .0552872    -1.35   0.177     .8200216    1.037242
2021-07-20T16:01:32.876351800Z 1.other_tr~t |   .9590002   .0672847    -0.60   0.551     .8357902    1.100373
2021-07-20T16:01:32.876793700Z   1.asplenia |   1.114542   .0701074     1.72   0.085     .9852668    1.260779
2021-07-20T16:01:32.877304500Z 1.ra_sle_p~s |   1.026255   .0719417     0.37   0.712     .8945095    1.177404
2021-07-20T16:01:32.877740800Z 1.other_im~o |   .9642182    .059536    -0.59   0.555      .854314    1.088261
2021-07-20T16:01:32.877754400Z              |
2021-07-20T16:01:32.877759000Z       shield#|
2021-07-20T16:01:32.877763200Z    kids_cat4 |
2021-07-20T16:01:32.877789900Z           1 #|
2021-07-20T16:01:32.878292800Z only <12 ..  |    .950744   .2727824    -0.18   0.860      .541803    1.668345
2021-07-20T16:01:32.878309300Z           1 #|
2021-07-20T16:01:32.878643500Z  only 12-18  |   1.564046   1.342272     0.52   0.602     .2909003    8.409205
2021-07-20T16:01:32.880445000Z     1#mixed  |   .9916839   .1047487    -0.08   0.937     .8062381    1.219785
2021-07-20T16:01:32.880460500Z ------------------------------------------------------------------------------
2021-07-20T16:01:32.880709400Z                                                              Stratified by stp
2021-07-20T16:01:32.883631000Z    1:      6.60 /        1 =       6.5980
2021-07-20T16:01:32.883647400Z 
2021-07-20T16:01:32.883652300Z  ( 1)  1.shield#1.kids_cat4 = 0
2021-07-20T16:01:32.883656500Z  ( 2)  1.shield#2.kids_cat4 = 0
2021-07-20T16:01:32.883660500Z  ( 3)  1.shield#3.kids_cat4 = 0
2021-07-20T16:01:32.883664700Z 
2021-07-20T16:01:32.883755600Z            chi2(  3) =    0.31
2021-07-20T16:01:32.883796000Z          Prob > chi2 =    0.9576
2021-07-20T16:01:32.883805800Z 
2021-07-20T16:01:32.883810300Z kids_cat4 
2021-07-20T16:01:32.883814500Z ****************
2021-07-20T16:01:32.886711800Z 
2021-07-20T16:01:32.886728400Z  ( 1)  1.kids_cat4 + 1.shield#1.kids_cat4 = 0
2021-07-20T16:01:32.887005400Z 
2021-07-20T16:01:32.897598500Z ------------------------------------------------------------------------------
2021-07-20T16:01:32.897616400Z           _t |     exp(b)   Std. Err.      z    P>|z|     [95% Conf. Interval]
2021-07-20T16:01:32.897620100Z -------------+----------------------------------------------------------------
2021-07-20T16:01:32.898228500Z          (1) |   .7857879   .1563357    -1.21   0.226     .5320535    1.160527
2021-07-20T16:01:32.898245700Z ------------------------------------------------------------------------------
2021-07-20T16:01:32.898823000Z kids_cat4
2021-07-20T16:01:32.898837400Z ****************
2021-07-20T16:01:32.901668500Z 
2021-07-20T16:01:32.901684500Z  ( 1)  2.kids_cat4 + 1.shield#2.kids_cat4 = 0
2021-07-20T16:01:32.901871400Z 
2021-07-20T16:01:32.911790500Z ------------------------------------------------------------------------------
2021-07-20T16:01:32.911810900Z           _t |     exp(b)   Std. Err.      z    P>|z|     [95% Conf. Interval]
2021-07-20T16:01:32.911817000Z -------------+----------------------------------------------------------------
2021-07-20T16:01:32.912387900Z          (1) |   .9256212   .2308646    -0.31   0.757     .5677148    1.509164
2021-07-20T16:01:32.912400700Z ------------------------------------------------------------------------------
2021-07-20T16:01:32.913076000Z kids_cat4
2021-07-20T16:01:32.913089100Z ****************
2021-07-20T16:01:32.916276400Z 
2021-07-20T16:01:32.916302300Z  ( 1)  3.kids_cat4 + 1.shield#3.kids_cat4 = 0
2021-07-20T16:01:32.916646100Z 
2021-07-20T16:01:32.925965300Z ------------------------------------------------------------------------------
2021-07-20T16:01:32.925991300Z           _t |     exp(b)   Std. Err.      z    P>|z|     [95% Conf. Interval]
2021-07-20T16:01:32.925998800Z -------------+----------------------------------------------------------------
2021-07-20T16:01:32.927415000Z          (1) |    .873743   .1565902    -0.75   0.451     .6149408    1.241464
2021-07-20T16:01:32.927437900Z ------------------------------------------------------------------------------
2021-07-20T16:01:32.936076400Z (note: file output/an_interaction_cox_models_covid_icu_kids_cat4_shield_MAINFUL
2021-07-20T16:01:32.936096500Z > LYADJMODEL_agespline_bmicat_noeth_ageband_1MAIN.ster not found)
2021-07-20T16:01:32.936102900Z file output/an_interaction_cox_models_covid_icu_kids_cat4_shield_MAINFULLYADJMO
2021-07-20T16:01:32.936108200Z > DEL_agespline_bmicat_noeth_ageband_1MAIN.ster saved
2021-07-20T16:01:32.936274500Z 
2021-07-20T16:01:32.936288500Z . 
2021-07-20T16:01:32.936294000Z . log close
2021-07-20T16:01:32.936299300Z       name:  <unnamed>
2021-07-20T16:01:32.936304800Z        log:  /workspace/log/10_an_interaction_cox_models_shield_covid_icuMAIN.l
2021-07-20T16:01:32.936310000Z > og
2021-07-20T16:01:32.936314900Z   log type:  text
2021-07-20T16:01:32.936319700Z  closed on:  20 Jul 2021, 16:01:32
2021-07-20T16:01:32.936323400Z -------------------------------------------------------------------------------
2021-07-20T16:01:32.936326500Z 
2021-07-20T16:01:32.936329200Z . 
2021-07-20T16:01:32.936332200Z . exit, clear 
2021-07-20T16:01:32.936335200Z 
2021-07-20T16:01:32.936338100Z end of do-file
2021-07-20T16:01:32.936341000Z 
2021-07-20T16:01:32.936343700Z . . file open output using "/tmp/tmp.c2kJBTtjSh", write text replace
2021-07-20T16:01:32.936516300Z 
2021-07-20T16:01:32.936529100Z . . file write output "success" 
2021-07-20T16:01:32.936535600Z 
2021-07-20T16:01:32.936539600Z . . file close output
2021-07-20T16:01:32.936542100Z 
2021-07-20T16:01:32.936544400Z . 
2021-07-20T16:01:32.936546900Z end of do-file
2021-07-20T16:01:32.936549400Z 
2021-07-20T16:01:32.936551700Z 
2021-07-20T16:01:32.962379100Z . 

state: succeeded
commit: none
docker_image_id: sha256:11980aa720220a1b39bf523f5a8a33270214c13876c30ee364e16265766f7f60
exit_code: 0
job_id: 3lyasdltj5ws2s4a
run_by_user: qc18278
created_at: 2021-07-20T15:38:48Z
started_at: 2021-07-20T16:01:00Z
completed_at: 2021-07-20T16:01:52Z

Completed successfully

outputs:
  log/10_an_interaction_cox_models_shield_covid_icuMAIN.log                                                                - moderately_sensitive
  output/an_interaction_cox_models_covid_icu_kids_cat4_shield_MAINFULLYADJMODEL_agespline_bmicat_noeth_ageband_0MAIN.ster  - moderately_sensitive
  output/an_interaction_cox_models_covid_icu_kids_cat4_shield_MAINFULLYADJMODEL_agespline_bmicat_noeth_ageband_1MAIN.ster  - moderately_sensitive