2021-07-20T15:59:10.457959400Z 
2021-07-20T15:59:10.457988500Z   ___  ____  ____  ____  ____ (R)
2021-07-20T15:59:10.457994600Z  /__    /   ____/   /   ____/
2021-07-20T15:59:10.457998300Z ___/   /   /___/   /   /___/   16.1   Copyright 1985-2019 StataCorp LLC
2021-07-20T15:59:10.458001700Z   Statistics/Data Analysis            StataCorp
2021-07-20T15:59:10.458005300Z                                       4905 Lakeway Drive
2021-07-20T15:59:10.458008800Z                                       College Station, Texas 77845 USA
2021-07-20T15:59:10.458012100Z                                       800-STATA-PC        http://www.stata.com
2021-07-20T15:59:10.458015700Z                                       979-696-4600        stata@stata.com
2021-07-20T15:59:10.458018900Z                                       979-696-4601 (fax)
2021-07-20T15:59:10.458022000Z 
2021-07-20T15:59:10.458025000Z 3-user Stata network license expires 11 May 2022:
2021-07-20T15:59:10.458027900Z        Serial number:  501709312237
2021-07-20T15:59:10.458031400Z          Licensed to:  The Bennett Institute
2021-07-20T15:59:10.458034700Z                        Oxford University
2021-07-20T15:59:10.458993300Z 
2021-07-20T15:59:10.459011600Z Notes:
2021-07-20T15:59:10.459017000Z       1.  Unicode is supported; see help unicode_advice.
2021-07-20T15:59:10.459020900Z 
2021-07-20T15:59:10.459024500Z . do "analysis/10_an_interaction_cox_models_shield.wrapper.do" covid_tpp_prob M
2021-07-20T15:59:10.459028700Z > AIN 
2021-07-20T15:59:10.459033000Z 
2021-07-20T15:59:10.459036600Z . . do "analysis/10_an_interaction_cox_models_shield.do" covid_tpp_prob MAIN
2021-07-20T15:59:10.459040800Z 
2021-07-20T15:59:10.459044400Z . *****************************************************************************
2021-07-20T15:59:10.459049900Z > ***
2021-07-20T15:59:10.459053900Z . *
2021-07-20T15:59:10.459057400Z . *       Do-file:                10_an_interaction_cox_models_shield.do
2021-07-20T15:59:10.459061200Z . *
2021-07-20T15:59:10.459064900Z . *       Project:                Exposure children and COVID risk
2021-07-20T15:59:10.459068500Z . *
2021-07-20T15:59:10.459071500Z . *       Programmed by:  Hforbes, based on files from Fizz & Krishnan
2021-07-20T15:59:10.459075300Z . *
2021-07-20T15:59:10.459078500Z . *       Data used:              analysis_dataset.dta
2021-07-20T15:59:10.459081700Z . *
2021-07-20T15:59:10.459084900Z . *       Data created:   None
2021-07-20T15:59:10.459088400Z . *
2021-07-20T15:59:10.459091600Z . *       Other output:   Log file:  10_an_interaction_cox_models.log
2021-07-20T15:59:10.459095100Z . *
2021-07-20T15:59:10.459098500Z . *****************************************************************************
2021-07-20T15:59:10.459115400Z > ***
2021-07-20T15:59:10.459120300Z . *
2021-07-20T15:59:10.459150800Z . *       Purpose:                This do-file performs multivariable (fully ad
2021-07-20T15:59:10.459156200Z > justed) 
2021-07-20T15:59:10.459160500Z . *                                       Cox models, with an interaction by sh
2021-07-20T15:59:10.459164200Z > ielding status.
2021-07-20T15:59:10.459167900Z . *  
2021-07-20T15:59:10.459171400Z . *****************************************************************************
2021-07-20T15:59:10.459175100Z > ***
2021-07-20T15:59:10.459178900Z . *       
2021-07-20T15:59:10.459182700Z . *       Stata routines needed:  stbrier   
2021-07-20T15:59:10.459186400Z . *
2021-07-20T15:59:10.459190000Z . *****************************************************************************
2021-07-20T15:59:10.459193800Z > ***
2021-07-20T15:59:10.459197500Z . 
2021-07-20T15:59:10.459201200Z . 
2021-07-20T15:59:10.459221700Z . * Set globals that will print in programs and direct output
2021-07-20T15:59:10.459227700Z . global outdir     "output" 
2021-07-20T15:59:10.459232000Z 
2021-07-20T15:59:10.459235900Z . global logdir     "log"
2021-07-20T15:59:10.459239800Z 
2021-07-20T15:59:10.459243700Z . global tempdir    "tempdata"
2021-07-20T15:59:10.459247500Z 
2021-07-20T15:59:10.459251100Z . global demogadjlist  age1 age2 age3 i.male i.ethnicity  i.obese4cat i.smoke_n
2021-07-20T15:59:10.459255100Z > omiss i.imd i.tot_adults_hh
2021-07-20T15:59:10.459259200Z 
2021-07-20T15:59:10.459262600Z . global comordidadjlist  i.htdiag_or_highbp                              ///
2021-07-20T15:59:10.459266500Z >                         i.chronic_respiratory_disease   ///
2021-07-20T15:59:10.459270100Z >                         i.asthma                                             
2021-07-20T15:59:10.459273400Z >    ///
2021-07-20T15:59:10.459276800Z >                         i.chronic_cardiac_disease               ///
2021-07-20T15:59:10.459280700Z >                         i.diabcat                                            
2021-07-20T15:59:10.459285000Z >    ///
2021-07-20T15:59:10.459288500Z >                         i.cancer_exhaem_cat                             ///
2021-07-20T15:59:10.459292700Z >                         i.cancer_haem_cat                               ///
2021-07-20T15:59:10.459298200Z >                         i.chronic_liver_disease                 ///
2021-07-20T15:59:10.459302400Z >                         i.stroke_dementia                               ///
2021-07-20T15:59:10.459312600Z >                         i.other_neuro                                   ///
2021-07-20T15:59:10.459317300Z >                         i.reduced_kidney_function_cat   ///
2021-07-20T15:59:10.459321500Z >                         i.esrd                                               
2021-07-20T15:59:10.459325400Z >    ///
2021-07-20T15:59:10.459329000Z >                         i.other_transplant                              ///
2021-07-20T15:59:10.459333300Z >                         i.asplenia                                           
2021-07-20T15:59:10.459337200Z >    ///
2021-07-20T15:59:10.459342000Z >                         i.ra_sle_psoriasis                      ///
2021-07-20T15:59:10.459345700Z >                         i.other_immuno          
2021-07-20T15:59:10.459349800Z 
2021-07-20T15:59:10.459353600Z .                         
2021-07-20T15:59:10.459357300Z . local outcome `1' 
2021-07-20T15:59:10.459361400Z 
2021-07-20T15:59:10.459364900Z . local dataset `2'
2021-07-20T15:59:10.459367200Z 
2021-07-20T15:59:10.459369200Z .  
2021-07-20T15:59:10.459371200Z . 
2021-07-20T15:59:10.459373300Z . cap log close
2021-07-20T15:59:10.459375600Z 
2021-07-20T15:59:10.459377800Z . log using "$logdir/10_an_interaction_cox_models_shield_`outcome'`dataset'", t
2021-07-20T15:59:10.459380400Z > ext replace
2021-07-20T15:59:10.459382700Z (note: file /workspace/log/10_an_interaction_cox_models_shield_covid_tpp_probMA
2021-07-20T15:59:10.459385100Z > IN.log not found)
2021-07-20T15:59:10.459387300Z -------------------------------------------------------------------------------
2021-07-20T15:59:10.459389700Z       name:  <unnamed>
2021-07-20T15:59:10.459392000Z        log:  /workspace/log/10_an_interaction_cox_models_shield_covid_tpp_probM
2021-07-20T15:59:10.459394300Z > AIN.log
2021-07-20T15:59:10.459396600Z   log type:  text
2021-07-20T15:59:10.459398800Z  opened on:  20 Jul 2021, 15:59:10
2021-07-20T15:59:10.459401200Z 
2021-07-20T15:59:10.459407800Z . 
2021-07-20T15:59:10.459410600Z . 
2021-07-20T15:59:10.459413900Z . *****************************************************************************
2021-07-20T15:59:10.459417800Z > *******
2021-07-20T15:59:10.459421600Z . *First clean up all old saved estimates for this outcome
2021-07-20T15:59:10.459425500Z . *This is to guard against accidentally displaying left-behind results from ol
2021-07-20T15:59:10.459429600Z > d runs
2021-07-20T15:59:10.459433400Z . *****************************************************************************
2021-07-20T15:59:10.459437000Z > *******
2021-07-20T15:59:10.459445800Z . cap erase "$outdir/output/an_interaction_cox_models_`outcome'_`exposure_type'
2021-07-20T15:59:10.459450200Z > _shield_MAINFULLYADJMODEL_agespline_bmicat_noeth_ageband_0.ster"
2021-07-20T15:59:10.459600400Z 
2021-07-20T15:59:10.459623300Z . cap erase "$outdir/output/an_interaction_cox_models_`outcome'_`exposure_type'
2021-07-20T15:59:10.459630900Z > _shield_MAINFULLYADJMODEL_agespline_bmicat_noeth_ageband_1.ster"
2021-07-20T15:59:10.459634800Z 
2021-07-20T15:59:10.459637600Z . 
2021-07-20T15:59:10.459640400Z . 
2021-07-20T15:59:10.459643100Z . 
2021-07-20T15:59:10.459646000Z . 
2021-07-20T15:59:10.459649700Z . *PROG TO DEFINE THE BASIC COX MODEL WITH OPTIONS FOR HANDLING OF AGE, BMI, ET
2021-07-20T15:59:10.459654000Z > HNICITY:
2021-07-20T15:59:10.459657800Z . cap prog drop basemodel
2021-07-20T15:59:10.459661400Z 
2021-07-20T15:59:10.459664900Z . prog define basemodel
2021-07-20T15:59:10.459668300Z   1.         syntax , exposure(string)  age(string) [ethnicity(real 0) interact
2021-07-20T15:59:10.459672100Z > ion(string)] 
2021-07-20T15:59:10.459675700Z   2.         if `ethnicity'==1 local ethnicity "i.ethnicity"
2021-07-20T15:59:10.459679300Z   3.         else local ethnicity
2021-07-20T15:59:10.459682700Z   4. timer clear
2021-07-20T15:59:10.459686500Z   5. timer on 1
2021-07-20T15:59:10.459799600Z   6. stcox   `exposure'                                                        
2021-07-20T15:59:10.459810300Z >       ///
2021-07-20T15:59:10.459815300Z >                         $demogadjlist                                        
2021-07-20T15:59:10.459820000Z >            ///
2021-07-20T15:59:10.459824100Z >                         $comordidadjlist                                     
2021-07-20T15:59:10.459827900Z >            ///
2021-07-20T15:59:10.459850900Z >                         `interaction'                                        
2021-07-20T15:59:10.459858000Z >            ///
2021-07-20T15:59:10.459881100Z >                         , strata(stp) vce(cluster household_id)
2021-07-20T15:59:10.459887100Z   7.         timer off 1
2021-07-20T15:59:10.459891000Z   8. timer list
2021-07-20T15:59:10.459894800Z   9. end
2021-07-20T15:59:10.459898300Z 
2021-07-20T15:59:10.459901800Z . *****************************************************************************
2021-07-20T15:59:10.459905900Z > ********
2021-07-20T15:59:10.459909800Z . 
2021-07-20T15:59:10.459913600Z . * Open dataset and fit specified model(s)
2021-07-20T15:59:10.459917400Z . forvalues x=0/1 {
2021-07-20T15:59:10.459935700Z   2. 
2021-07-20T15:59:10.459940000Z . use "$tempdir/cr_create_analysis_dataset_STSET_`outcome'_ageband_`x'`dataset'
2021-07-20T15:59:10.459943800Z > .dta", clear
2021-07-20T15:59:10.459947600Z   3.         
2021-07-20T15:59:10.459951300Z . 
2021-07-20T15:59:10.459955000Z . 
2021-07-20T15:59:10.459958900Z . foreach int_type in shield {
2021-07-20T15:59:10.459965300Z   4. 
2021-07-20T15:59:10.466618500Z . *Age interaction for 3-level exposure vars
2021-07-20T15:59:10.466639500Z . foreach exposure_type in kids_cat4  {
2021-07-20T15:59:10.466645000Z   5. 
2021-07-20T15:59:10.466649100Z . *Age spline model (not adj ethnicity, no interaction)
2021-07-20T15:59:10.466651900Z . basemodel, exposure("i.`exposure_type'") age("age1 age2 age3")  
2021-07-20T15:59:10.466654400Z   6. 
2021-07-20T15:59:10.466656500Z . *Age spline model (not adj ethnicity, interaction)
2021-07-20T15:59:10.466658800Z . basemodel, exposure("i.`exposure_type'") age("age1 age2 age3")  ///
2021-07-20T15:59:10.466661300Z > interaction(1.`int_type'#1.`exposure_type' 1.`int_type'#2.`exposure_type' 1.`
2021-07-20T15:59:10.466663800Z > int_type'#3.`exposure_type')
2021-07-20T15:59:10.466666000Z   7. if _rc==0{
2021-07-20T15:59:10.466668500Z   8. testparm 1.`int_type'#i.`exposure_type'
2021-07-20T15:59:10.466670700Z   9. di _n "`exposure_type' " _n "****************"
2021-07-20T15:59:10.466674000Z  10. lincom 1.`exposure_type' + 1.`int_type'#1.`exposure_type', eform
2021-07-20T15:59:10.466676300Z  11. di "`exposure_type'" _n "****************"
2021-07-20T15:59:10.466678800Z  12. lincom 2.`exposure_type' + 1.`int_type'#2.`exposure_type', eform
2021-07-20T15:59:10.466681000Z  13. di "`exposure_type'" _n "****************"
2021-07-20T15:59:10.466683400Z  14. lincom 3.`exposure_type' + 1.`int_type'#3.`exposure_type', eform
2021-07-20T15:59:10.466685600Z  15. estimates save "$outdir/an_interaction_cox_models_`outcome'_`exposure_type
2021-07-20T15:59:10.466687900Z > '_`int_type'_MAINFULLYADJMODEL_agespline_bmicat_noeth_ageband_`x'`dataset'", 
2021-07-20T15:59:10.466690200Z > replace
2021-07-20T15:59:10.466692300Z  16. }
2021-07-20T15:59:10.466694400Z  17. else di "WARNING GROUP MODEL DID NOT FIT (OUTCOME `outcome')"
2021-07-20T15:59:10.466697000Z  18. 
2021-07-20T15:59:10.466699300Z . }
2021-07-20T15:59:10.466701500Z  19. 
2021-07-20T15:59:10.466703800Z . }
2021-07-20T15:59:10.466705800Z  20. }
2021-07-20T15:59:10.476287900Z 
2021-07-20T15:59:10.476305200Z          failure _d:  covid_tpp_prob
2021-07-20T15:59:10.476310500Z    analysis time _t:  (stime_covid_tpp_prob-origin)
2021-07-20T15:59:10.476314300Z              origin:  time enter_date
2021-07-20T15:59:10.476340600Z   enter on or after:  time enter_date
2021-07-20T15:59:10.476345500Z                  id:  patient_id
2021-07-20T15:59:10.990644800Z 
2021-07-20T15:59:10.990672600Z Iteration 0:   log pseudolikelihood = -42773.447
2021-07-20T15:59:11.183165200Z Iteration 1:   log pseudolikelihood = -42753.867
2021-07-20T15:59:11.365875300Z Iteration 2:   log pseudolikelihood = -42753.734
2021-07-20T15:59:11.533868500Z Iteration 3:   log pseudolikelihood = -42753.734
2021-07-20T15:59:11.533891200Z Refining estimates:
2021-07-20T15:59:12.218600300Z Iteration 0:   log pseudolikelihood = -42753.734
2021-07-20T15:59:20.886495400Z 
2021-07-20T15:59:20.886515800Z Stratified Cox regr. -- Breslow method for ties
2021-07-20T15:59:20.886717500Z 
2021-07-20T15:59:20.886730200Z No. of subjects      =       16,206             Number of obs    =      16,206
2021-07-20T15:59:20.886735300Z No. of failures      =        6,075
2021-07-20T15:59:20.886739100Z Time at risk         =      2393093
2021-07-20T15:59:20.886742700Z                                                 Wald chi2(42)    =       44.02
2021-07-20T15:59:20.886829800Z Log pseudolikelihood =   -42753.734             Prob > chi2      =      0.3860
2021-07-20T15:59:20.886846000Z 
2021-07-20T15:59:21.050529600Z                        (Std. Err. adjusted for 1,106 clusters in household_id)
2021-07-20T15:59:21.050568200Z ------------------------------------------------------------------------------
2021-07-20T15:59:21.050574600Z              |               Robust
2021-07-20T15:59:21.050577700Z           _t | Haz. Ratio   Std. Err.      z    P>|z|     [95% Conf. Interval]
2021-07-20T15:59:21.050581000Z -------------+----------------------------------------------------------------
2021-07-20T15:59:21.050584000Z    kids_cat4 |
2021-07-20T15:59:21.061111700Z only <12 ..  |   1.108641   .1009032     1.13   0.257     .9275101    1.325145
2021-07-20T15:59:21.061258300Z  only 12-18  |   1.215059    .138181     1.71   0.087     .9722895    1.518445
2021-07-20T15:59:21.061540700Z       mixed  |   1.106761   .0928658     1.21   0.227     .9389262    1.304597
2021-07-20T15:59:21.061555300Z              |
2021-07-20T15:59:21.061717300Z         age1 |   .9925178    .004655    -1.60   0.109      .983436    1.001683
2021-07-20T15:59:21.061934400Z         age2 |   1.015036   .0148115     1.02   0.306     .9864174    1.044485
2021-07-20T15:59:21.062364500Z         age3 |   .9712252   .0398584    -0.71   0.477     .8961634    1.052574
2021-07-20T15:59:21.062530600Z       1.male |    1.01755   .0269677     0.66   0.512     .9660437    1.071803
2021-07-20T15:59:21.062575400Z              |
2021-07-20T15:59:21.062582000Z    ethnicity |
2021-07-20T15:59:21.062774900Z Asian or ..  |   1.035305   .0460977     0.78   0.436     .9487855    1.129715
2021-07-20T15:59:21.063122300Z       Other  |   .9903757   .0420964    -0.23   0.820     .9112116    1.076417
2021-07-20T15:59:21.063135100Z              |
2021-07-20T15:59:21.063140400Z    obese4cat |
2021-07-20T15:59:21.063285500Z Obese I ..)  |   1.037761   .0370032     1.04   0.299     .9677118     1.11288
2021-07-20T15:59:21.063556600Z Obese II..)  |   .9538645   .0476761    -0.95   0.345     .8648521    1.052038
2021-07-20T15:59:21.063776300Z Obese II..)  |   1.013296   .0598338     0.22   0.823     .9025552    1.137623
2021-07-20T15:59:21.063788700Z              |
2021-07-20T15:59:21.063793900Z smoke_nomiss |
2021-07-20T15:59:21.064020600Z      Former  |   1.200034   .1076863     2.03   0.042     1.006492    1.430794
2021-07-20T15:59:21.064388000Z     Current  |   1.025715   .0396242     0.66   0.511     .9509206    1.106393
2021-07-20T15:59:21.064402300Z              |
2021-07-20T15:59:21.064407600Z          imd |
2021-07-20T15:59:21.064491000Z           4  |   1.064058   .0325914     2.03   0.043      1.00206    1.129893
2021-07-20T15:59:21.064884300Z 5 most de..  |   1.003276   .0434176     0.08   0.940     .9216883    1.092086
2021-07-20T15:59:21.064896000Z              |
2021-07-20T15:59:21.064899300Z tot_adults~h |
2021-07-20T15:59:21.065124300Z           2  |   1.320114   .2978063     1.23   0.218     .8483749    2.054164
2021-07-20T15:59:21.065396400Z           3  |    .912912   .1720031    -0.48   0.629     .6310341    1.320703
2021-07-20T15:59:21.065408000Z              |
2021-07-20T15:59:21.065703500Z 1.htdiag_o~p |   .9433956   .0478778    -1.15   0.251     .8540729     1.04206
2021-07-20T15:59:21.065946500Z 1.~y_disease |   1.042172   .0345182     1.25   0.212      .976667    1.112071
2021-07-20T15:59:21.066254000Z     1.asthma |     .98195   .0456601    -0.39   0.695     .8964147    1.075647
2021-07-20T15:59:21.066420500Z 1.~c_disease |   .9720466   .0314898    -0.88   0.381     .9122463    1.035767
2021-07-20T15:59:21.066433700Z              |
2021-07-20T15:59:21.066438700Z      diabcat |
2021-07-20T15:59:21.066822500Z T1DM, con..  |   1.153508   .0849738     1.94   0.053     .9984272    1.332677
2021-07-20T15:59:21.066906100Z T1DM, unc..  |   .8875305   .1605287    -0.66   0.509     .6226234    1.265148
2021-07-20T15:59:21.067314600Z T2DM, con..  |   1.013355   .0328524     0.41   0.682     .9509686    1.079834
2021-07-20T15:59:21.067328900Z T2DM, unc..  |   .9677962   .0696188    -0.46   0.649     .8405285    1.114334
2021-07-20T15:59:21.067777800Z Diabetes,..  |   .9602573   .5048203    -0.08   0.939     .3426884    2.690765
2021-07-20T15:59:21.067790700Z              |
2021-07-20T15:59:21.067795800Z cancer_exh~t |
2021-07-20T15:59:21.067927400Z   Last year  |    .799874   .1688884    -1.06   0.290     .5288051    1.209894
2021-07-20T15:59:21.068181800Z 2-5 years..  |   .8445599   .0943323    -1.51   0.130       .67851    1.051247
2021-07-20T15:59:21.068475600Z    5+ years  |    1.01012   .0323974     0.31   0.754     .9485765    1.075656
2021-07-20T15:59:21.068500000Z              |
2021-07-20T15:59:21.068509200Z cancer_hae~t |
2021-07-20T15:59:21.068853800Z   Last year  |   1.073118   .1846755     0.41   0.682     .7658822    1.503602
2021-07-20T15:59:21.069061800Z 2-5 years..  |   .9273028   .1003141    -0.70   0.485      .750136    1.146313
2021-07-20T15:59:21.069552800Z    5+ years  |   .9942408   .0333172    -0.17   0.863     .9310385    1.061734
2021-07-20T15:59:21.069566900Z              |
2021-07-20T15:59:21.069859900Z 1.~r_disease |   .9807981   .0322409    -0.59   0.555     .9195997    1.046069
2021-07-20T15:59:21.070197000Z 1.stroke_d~a |   1.010496   .0313605     0.34   0.737     .9508629     1.07387
2021-07-20T15:59:21.070462600Z 1.other_ne~o |   .9994353   .0316942    -0.02   0.986      .939207    1.063526
2021-07-20T15:59:21.070475200Z              |
2021-07-20T15:59:21.070480300Z reduced_ki~t |
2021-07-20T15:59:21.070796700Z Stage 3a/..  |   .9184795   .1786304    -0.44   0.662     .6273698    1.344669
2021-07-20T15:59:21.071086500Z       1.esrd |   1.032267   .0271752     1.21   0.228     .9803555    1.086928
2021-07-20T15:59:21.071401800Z 1.other_tr~t |   .9820894   .0323457    -0.55   0.583     .9206959    1.047577
2021-07-20T15:59:21.071698200Z   1.asplenia |   .9830648   .0310472    -0.54   0.589     .9240585    1.045839
2021-07-20T15:59:21.071972900Z 1.ra_sle_p~s |   .9757393   .0313054    -0.77   0.444     .9162712    1.039067
2021-07-20T15:59:21.084091200Z 1.other_im~o |   .9939614   .0267179    -0.23   0.822     .9429508    1.047731
2021-07-20T15:59:21.084111000Z ------------------------------------------------------------------------------
2021-07-20T15:59:21.084523400Z                                                              Stratified by stp
2021-07-20T15:59:21.088960700Z    1:     10.62 /        1 =      10.6210
2021-07-20T15:59:21.098587400Z 
2021-07-20T15:59:21.098611800Z          failure _d:  covid_tpp_prob
2021-07-20T15:59:21.098617000Z    analysis time _t:  (stime_covid_tpp_prob-origin)
2021-07-20T15:59:21.098621000Z              origin:  time enter_date
2021-07-20T15:59:21.098624900Z   enter on or after:  time enter_date
2021-07-20T15:59:21.098628700Z                  id:  patient_id
2021-07-20T15:59:21.639178000Z 
2021-07-20T15:59:21.639207900Z Iteration 0:   log pseudolikelihood = -42773.447
2021-07-20T15:59:21.848006400Z Iteration 1:   log pseudolikelihood = -42753.249
2021-07-20T15:59:22.047434400Z Iteration 2:   log pseudolikelihood = -42753.104
2021-07-20T15:59:22.235867600Z Iteration 3:   log pseudolikelihood = -42753.104
2021-07-20T15:59:22.235889400Z Refining estimates:
2021-07-20T15:59:22.943154400Z Iteration 0:   log pseudolikelihood = -42753.104
2021-07-20T16:00:16.375546600Z 
2021-07-20T16:00:16.375569600Z Stratified Cox regr. -- Breslow method for ties
2021-07-20T16:00:16.375574600Z 
2021-07-20T16:00:16.375578500Z No. of subjects      =       16,206             Number of obs    =      16,206
2021-07-20T16:00:16.375665500Z No. of failures      =        6,075
2021-07-20T16:00:16.375680500Z Time at risk         =      2393093
2021-07-20T16:00:16.375685000Z                                                 Wald chi2(45)    =       46.01
2021-07-20T16:00:16.375689100Z Log pseudolikelihood =   -42753.104             Prob > chi2      =      0.4303
2021-07-20T16:00:16.375693700Z 
2021-07-20T16:00:16.390697400Z                        (Std. Err. adjusted for 1,106 clusters in household_id)
2021-07-20T16:00:16.390714400Z ------------------------------------------------------------------------------
2021-07-20T16:00:16.390718900Z              |               Robust
2021-07-20T16:00:16.390722800Z           _t | Haz. Ratio   Std. Err.      z    P>|z|     [95% Conf. Interval]
2021-07-20T16:00:16.390727200Z -------------+----------------------------------------------------------------
2021-07-20T16:00:16.390730900Z    kids_cat4 |
2021-07-20T16:00:16.390874300Z only <12 ..  |   1.212384    .164678     1.42   0.156     .9290126    1.582191
2021-07-20T16:00:16.391062900Z  only 12-18  |    1.42016   .2977135     1.67   0.094     .9416652    2.141794
2021-07-20T16:00:16.391277100Z       mixed  |   1.097634   .1057249     0.97   0.333     .9088023    1.325702
2021-07-20T16:00:16.391287800Z              |
2021-07-20T16:00:16.391487200Z         age1 |   .9925366   .0046567    -1.60   0.110     .9834514    1.001706
2021-07-20T16:00:16.391683900Z         age2 |   1.014949   .0148125     1.02   0.309      .986328      1.0444
2021-07-20T16:00:16.391978600Z         age3 |   .9715344   .0398725    -0.70   0.482     .8964462    1.052912
2021-07-20T16:00:16.392287500Z       1.male |   1.017534   .0269586     0.66   0.512     .9660451    1.071768
2021-07-20T16:00:16.392300100Z              |
2021-07-20T16:00:16.392303100Z    ethnicity |
2021-07-20T16:00:16.392516200Z Asian or ..  |   1.035262   .0461187     0.78   0.437     .9487042    1.129716
2021-07-20T16:00:16.392803000Z       Other  |   .9899698    .042083    -0.24   0.813     .9108313    1.075984
2021-07-20T16:00:16.392812100Z              |
2021-07-20T16:00:16.392814800Z    obese4cat |
2021-07-20T16:00:16.393044700Z Obese I ..)  |   1.037931   .0370368     1.04   0.297     .9678206    1.113121
2021-07-20T16:00:16.393263900Z Obese II..)  |   .9539585   .0476598    -0.94   0.345     .8649748    1.052096
2021-07-20T16:00:16.393554100Z Obese II..)  |   1.013799   .0598851     0.23   0.817     .9029664    1.138236
2021-07-20T16:00:16.393577400Z              |
2021-07-20T16:00:16.393580600Z smoke_nomiss |
2021-07-20T16:00:16.393823200Z      Former  |    1.19926   .1076717     2.02   0.043     1.005752    1.429999
2021-07-20T16:00:16.394124000Z     Current  |   1.025548   .0396138     0.65   0.514     .9507731    1.106205
2021-07-20T16:00:16.394132400Z              |
2021-07-20T16:00:16.394134700Z          imd |
2021-07-20T16:00:16.394390600Z           4  |   1.064055   .0325829     2.03   0.043     1.002072    1.129871
2021-07-20T16:00:16.394674700Z 5 most de..  |   1.002461   .0433785     0.06   0.955     .9209464    1.091191
2021-07-20T16:00:16.394684500Z              |
2021-07-20T16:00:16.394688600Z tot_adults~h |
2021-07-20T16:00:16.394982000Z           2  |   1.320162    .297971     1.23   0.218     .8482123    2.054708
2021-07-20T16:00:16.395257300Z           3  |   .9108078   .1716688    -0.50   0.620     .6294954    1.317835
2021-07-20T16:00:16.395265300Z              |
2021-07-20T16:00:16.395611700Z 1.htdiag_o~p |   .9438814   .0479144    -1.14   0.255     .8544915    1.042623
2021-07-20T16:00:16.395898300Z 1.~y_disease |    1.04303   .0353348     1.24   0.214     .9760241    1.114636
2021-07-20T16:00:16.396209500Z     1.asthma |   .9827297       .046    -0.37   0.710     .8965835    1.077153
2021-07-20T16:00:16.396513100Z 1.~c_disease |   .9722656   .0314772    -0.87   0.385     .9124881    1.035959
2021-07-20T16:00:16.396524000Z              |
2021-07-20T16:00:16.396528000Z      diabcat |
2021-07-20T16:00:16.396792600Z T1DM, con..  |   1.153701   .0849397     1.94   0.052     .9986762     1.33279
2021-07-20T16:00:16.397039000Z T1DM, unc..  |   .8857086   .1602976    -0.67   0.502     .6212099    1.262825
2021-07-20T16:00:16.397249700Z T2DM, con..  |   1.013708   .0328592     0.42   0.674     .9513085    1.080201
2021-07-20T16:00:16.397483900Z T2DM, unc..  |   .9675081   .0696421    -0.46   0.646     .8402031    1.114102
2021-07-20T16:00:16.397784300Z Diabetes,..  |   .9601575    .505467    -0.08   0.938     .3421641    2.694328
2021-07-20T16:00:16.397792300Z              |
2021-07-20T16:00:16.397794800Z cancer_exh~t |
2021-07-20T16:00:16.398068000Z   Last year  |    .800548   .1694057    -1.05   0.293      .528765    1.212026
2021-07-20T16:00:16.398308000Z 2-5 years..  |   .8447656   .0945425    -1.51   0.132     .6783805     1.05196
2021-07-20T16:00:16.398592600Z    5+ years  |   1.011134   .0337971     0.33   0.740     .9470164    1.079593
2021-07-20T16:00:16.398599600Z              |
2021-07-20T16:00:16.398601900Z cancer_hae~t |
2021-07-20T16:00:16.398902600Z   Last year  |   1.072851   .1853094     0.41   0.684     .7647414    1.505096
2021-07-20T16:00:16.399117000Z 2-5 years..  |   .9279102   .1006784    -0.69   0.490      .750154    1.147788
2021-07-20T16:00:16.399443000Z    5+ years  |    .995069   .0342425    -0.14   0.886     .9301681    1.064498
2021-07-20T16:00:16.399462600Z              |
2021-07-20T16:00:16.399785100Z 1.~r_disease |   .9808184   .0322345    -0.59   0.556     .9196316    1.046076
2021-07-20T16:00:16.400081200Z 1.stroke_d~a |   1.009913   .0313618     0.32   0.751     .9502787    1.073291
2021-07-20T16:00:16.400865600Z 1.other_ne~o |   .9992964   .0316953    -0.02   0.982     .9390663     1.06339
2021-07-20T16:00:16.400876600Z              |
2021-07-20T16:00:16.400879000Z reduced_ki~t |
2021-07-20T16:00:16.401262100Z Stage 3a/..  |   .9200928   .1791161    -0.43   0.669     .6282417    1.347524
2021-07-20T16:00:16.401761400Z       1.esrd |   1.033294   .0293733     1.15   0.249     .9772979    1.092499
2021-07-20T16:00:16.402125000Z 1.other_tr~t |   .9829871   .0331024    -0.51   0.610     .9202024    1.050056
2021-07-20T16:00:16.402392000Z   1.asplenia |   .9839304   .0323528    -0.49   0.622     .9225201    1.049429
2021-07-20T16:00:16.402813100Z 1.ra_sle_p~s |   .9759194   .0313392    -0.76   0.448     .9163887    1.039317
2021-07-20T16:00:16.403192000Z 1.other_im~o |   .9950159   .0283336    -0.18   0.861     .9410042    1.052128
2021-07-20T16:00:16.403210800Z              |
2021-07-20T16:00:16.403216900Z       shield#|
2021-07-20T16:00:16.403221500Z    kids_cat4 |
2021-07-20T16:00:16.403225000Z           1 #|
2021-07-20T16:00:16.403617400Z only <12 ..  |   .9041819   .1056926    -0.86   0.389     .7190454    1.136987
2021-07-20T16:00:16.403628200Z           1 #|
2021-07-20T16:00:16.403867800Z  only 12-18  |   .8339997   .1725571    -0.88   0.380     .5559679    1.251071
2021-07-20T16:00:16.404963000Z     1#mixed  |   1.010288   .0541742     0.19   0.849     .9094977    1.122248
2021-07-20T16:00:16.404974200Z ------------------------------------------------------------------------------
2021-07-20T16:00:16.405186400Z                                                              Stratified by stp
2021-07-20T16:00:16.406226500Z    1:     55.32 /        1 =      55.3200
2021-07-20T16:00:16.407837100Z 
2021-07-20T16:00:16.407849200Z  ( 1)  1.shield#1.kids_cat4 = 0
2021-07-20T16:00:16.407853000Z  ( 2)  1.shield#2.kids_cat4 = 0
2021-07-20T16:00:16.407856300Z  ( 3)  1.shield#3.kids_cat4 = 0
2021-07-20T16:00:16.407860300Z 
2021-07-20T16:00:16.407863500Z            chi2(  3) =    1.61
2021-07-20T16:00:16.407866900Z          Prob > chi2 =    0.6569
2021-07-20T16:00:16.408035200Z 
2021-07-20T16:00:16.408048300Z kids_cat4 
2021-07-20T16:00:16.408052100Z ****************
2021-07-20T16:00:16.410119300Z 
2021-07-20T16:00:16.410130600Z  ( 1)  1.kids_cat4 + 1.shield#1.kids_cat4 = 0
2021-07-20T16:00:16.410317300Z 
2021-07-20T16:00:16.419381700Z ------------------------------------------------------------------------------
2021-07-20T16:00:16.419408300Z           _t |     exp(b)   Std. Err.      z    P>|z|     [95% Conf. Interval]
2021-07-20T16:00:16.419411400Z -------------+----------------------------------------------------------------
2021-07-20T16:00:16.419774000Z          (1) |   1.096216   .1013842     0.99   0.321     .9144757    1.314074
2021-07-20T16:00:16.419785500Z ------------------------------------------------------------------------------
2021-07-20T16:00:16.420402300Z kids_cat4
2021-07-20T16:00:16.420412200Z ****************
2021-07-20T16:00:16.422037400Z 
2021-07-20T16:00:16.422048600Z  ( 1)  2.kids_cat4 + 1.shield#2.kids_cat4 = 0
2021-07-20T16:00:16.422197700Z 
2021-07-20T16:00:16.427503500Z ------------------------------------------------------------------------------
2021-07-20T16:00:16.427525900Z           _t |     exp(b)   Std. Err.      z    P>|z|     [95% Conf. Interval]
2021-07-20T16:00:16.427528400Z -------------+----------------------------------------------------------------
2021-07-20T16:00:16.427888100Z          (1) |   1.184413   .1397944     1.43   0.152     .9398034    1.492688
2021-07-20T16:00:16.427899200Z ------------------------------------------------------------------------------
2021-07-20T16:00:16.428716900Z kids_cat4
2021-07-20T16:00:16.428727000Z ****************
2021-07-20T16:00:16.431056300Z 
2021-07-20T16:00:16.431071100Z  ( 1)  3.kids_cat4 + 1.shield#3.kids_cat4 = 0
2021-07-20T16:00:16.431180100Z 
2021-07-20T16:00:16.437075100Z ------------------------------------------------------------------------------
2021-07-20T16:00:16.437099300Z           _t |     exp(b)   Std. Err.      z    P>|z|     [95% Conf. Interval]
2021-07-20T16:00:16.437103800Z -------------+----------------------------------------------------------------
2021-07-20T16:00:16.437488200Z          (1) |   1.108927   .0933933     1.23   0.220      .940189    1.307949
2021-07-20T16:00:16.437500900Z ------------------------------------------------------------------------------
2021-07-20T16:00:16.463217300Z (note: file output/an_interaction_cox_models_covid_tpp_prob_kids_cat4_shield_MA
2021-07-20T16:00:16.463240700Z > INFULLYADJMODEL_agespline_bmicat_noeth_ageband_0MAIN.ster not found)
2021-07-20T16:00:16.463245500Z file output/an_interaction_cox_models_covid_tpp_prob_kids_cat4_shield_MAINFULLY
2021-07-20T16:00:16.463249400Z > ADJMODEL_agespline_bmicat_noeth_ageband_0MAIN.ster saved
2021-07-20T16:00:16.469009400Z 
2021-07-20T16:00:16.469030100Z          failure _d:  covid_tpp_prob
2021-07-20T16:00:16.469034300Z    analysis time _t:  (stime_covid_tpp_prob-origin)
2021-07-20T16:00:16.469037500Z              origin:  time enter_date
2021-07-20T16:00:16.469040600Z   enter on or after:  time enter_date
2021-07-20T16:00:16.469043700Z                  id:  patient_id
2021-07-20T16:00:16.606636300Z 
2021-07-20T16:00:16.606656400Z Iteration 0:   log pseudolikelihood = -9954.1661
2021-07-20T16:00:16.677297100Z Iteration 1:   log pseudolikelihood = -9937.2483
2021-07-20T16:00:16.740806700Z Iteration 2:   log pseudolikelihood = -9936.9127
2021-07-20T16:00:16.802969900Z Iteration 3:   log pseudolikelihood =  -9936.867
2021-07-20T16:00:16.877987700Z Iteration 4:   log pseudolikelihood = -9936.8505
2021-07-20T16:00:16.938619800Z Iteration 5:   log pseudolikelihood = -9936.8444
2021-07-20T16:00:16.994711300Z Iteration 6:   log pseudolikelihood = -9936.8422
2021-07-20T16:00:17.064550700Z Iteration 7:   log pseudolikelihood = -9936.8413
2021-07-20T16:00:17.134370600Z Iteration 8:   log pseudolikelihood =  -9936.841
2021-07-20T16:00:17.194742600Z Iteration 9:   log pseudolikelihood = -9936.8409
2021-07-20T16:00:17.267212100Z Iteration 10:  log pseudolikelihood = -9936.8409
2021-07-20T16:00:17.341834100Z Iteration 11:  log pseudolikelihood = -9936.8409
2021-07-20T16:00:17.414033300Z Iteration 12:  log pseudolikelihood = -9936.8409
2021-07-20T16:00:17.476987000Z Iteration 13:  log pseudolikelihood = -9936.8409
2021-07-20T16:00:17.549105600Z Iteration 14:  log pseudolikelihood = -9936.8409
2021-07-20T16:00:17.605995900Z Iteration 15:  log pseudolikelihood = -9936.8409
2021-07-20T16:00:17.667414000Z Iteration 16:  log pseudolikelihood = -9936.8409
2021-07-20T16:00:17.725975500Z Iteration 17:  log pseudolikelihood = -9936.8409
2021-07-20T16:00:17.776733900Z Iteration 18:  log pseudolikelihood = -9936.8409
2021-07-20T16:00:17.845431200Z Iteration 19:  log pseudolikelihood = -9936.8409
2021-07-20T16:00:17.897926500Z Iteration 20:  log pseudolikelihood = -9936.8409
2021-07-20T16:00:17.966369100Z Iteration 21:  log pseudolikelihood = -9936.8409
2021-07-20T16:00:18.019904000Z Iteration 22:  log pseudolikelihood = -9936.8409
2021-07-20T16:00:18.076512400Z Iteration 23:  log pseudolikelihood = -9936.8409
2021-07-20T16:00:18.136179700Z Iteration 24:  log pseudolikelihood = -9936.8409
2021-07-20T16:00:18.200279400Z Iteration 25:  log pseudolikelihood = -9936.8409
2021-07-20T16:00:18.256152000Z Iteration 26:  log pseudolikelihood = -9936.8409
2021-07-20T16:00:18.309438300Z Iteration 27:  log pseudolikelihood = -9936.8409
2021-07-20T16:00:18.361984500Z Iteration 28:  log pseudolikelihood = -9936.8409
2021-07-20T16:00:18.420356800Z Iteration 29:  log pseudolikelihood = -9936.8409
2021-07-20T16:00:18.471307100Z Iteration 30:  log pseudolikelihood = -9936.8409
2021-07-20T16:00:18.471342300Z Refining estimates:
2021-07-20T16:00:18.638486700Z Iteration 0:   log pseudolikelihood = -9936.8409
2021-07-20T16:00:18.807433800Z Iteration 1:   log pseudolikelihood = -9936.8409
2021-07-20T16:00:19.886580000Z 
2021-07-20T16:00:19.886612700Z Stratified Cox regr. -- Breslow method for ties
2021-07-20T16:00:19.886616000Z 
2021-07-20T16:00:19.886618000Z No. of subjects      =        4,494             Number of obs    =       4,494
2021-07-20T16:00:19.886620000Z No. of failures      =        1,733
2021-07-20T16:00:19.886621900Z Time at risk         =       654880
2021-07-20T16:00:19.886687700Z                                                 Wald chi2(42)    =     1036.65
2021-07-20T16:00:19.886696700Z Log pseudolikelihood =   -9936.8409             Prob > chi2      =      0.0000
2021-07-20T16:00:19.886699200Z 
2021-07-20T16:00:19.897157400Z                          (Std. Err. adjusted for 914 clusters in household_id)
2021-07-20T16:00:19.897173700Z ------------------------------------------------------------------------------
2021-07-20T16:00:19.897177400Z              |               Robust
2021-07-20T16:00:19.897179900Z           _t | Haz. Ratio   Std. Err.      z    P>|z|     [95% Conf. Interval]
2021-07-20T16:00:19.897183200Z -------------+----------------------------------------------------------------
2021-07-20T16:00:19.897186400Z    kids_cat4 |
2021-07-20T16:00:19.897300400Z only <12 ..  |   .8368537   .1424571    -1.05   0.295     .5994459    1.168286
2021-07-20T16:00:19.897460600Z  only 12-18  |   .7893373   .1671982    -1.12   0.264     .5211471    1.195542
2021-07-20T16:00:19.897594300Z       mixed  |   .8510323   .1323876    -1.04   0.300      .627382     1.15441
2021-07-20T16:00:19.897603800Z              |
2021-07-20T16:00:19.897777700Z         age1 |   .9932294   .0195663    -0.34   0.730     .9556111    1.032329
2021-07-20T16:00:19.897898700Z         age2 |   1.048579   .0865962     0.57   0.566     .8918779    1.232813
2021-07-20T16:00:19.898148900Z         age3 |   .8763423   .1757717    -0.66   0.510     .5914862    1.298383
2021-07-20T16:00:19.898434700Z       1.male |   .9814045   .0493333    -0.37   0.709     .8893235     1.08302
2021-07-20T16:00:19.898444700Z              |
2021-07-20T16:00:19.898448900Z    ethnicity |
2021-07-20T16:00:19.898497000Z Asian or ..  |   1.095236   .0820183     1.21   0.224     .9457237    1.268385
2021-07-20T16:00:19.898772500Z       Other  |   1.067417   .0844661     0.82   0.410     .9140654    1.246495
2021-07-20T16:00:19.898781600Z              |
2021-07-20T16:00:19.898784900Z    obese4cat |
2021-07-20T16:00:19.898920900Z Obese I ..)  |    1.00172   .0692328     0.02   0.980     .8748153    1.147034
2021-07-20T16:00:19.899065900Z Obese II..)  |   .9118498   .0838477    -1.00   0.316     .7614693    1.091929
2021-07-20T16:00:19.899256600Z Obese II..)  |   1.079905   .1169938     0.71   0.478     .8733105    1.335372
2021-07-20T16:00:19.899264900Z              |
2021-07-20T16:00:19.899268200Z smoke_nomiss |
2021-07-20T16:00:19.899464700Z      Former  |    .892451   .1536662    -0.66   0.509     .6368259    1.250685
2021-07-20T16:00:19.899599600Z     Current  |   .9925214    .071663    -0.10   0.917     .8615502    1.143403
2021-07-20T16:00:19.899611200Z              |
2021-07-20T16:00:19.899615500Z          imd |
2021-07-20T16:00:19.899842100Z           4  |   1.003611   .0618755     0.06   0.953     .8893783    1.132516
2021-07-20T16:00:19.900063400Z 5 most de..  |   .9474326   .0747622    -0.68   0.494     .8116704    1.105903
2021-07-20T16:00:19.900073500Z              |
2021-07-20T16:00:19.900076900Z tot_adults~h |
2021-07-20T16:00:19.900295200Z           2  |   1.174833   .4654284     0.41   0.684     .5404546    2.553835
2021-07-20T16:00:19.900538900Z           3  |   .9240415   .3247405    -0.22   0.822     .4640336    1.840066
2021-07-20T16:00:19.900549500Z              |
2021-07-20T16:00:19.900853900Z 1.htdiag_o~p |   1.056969   .0912862     0.64   0.521     .8923751    1.251922
2021-07-20T16:00:19.900993600Z 1.~y_disease |    1.04422   .0627749     0.72   0.472     .9281558    1.174799
2021-07-20T16:00:19.901296100Z     1.asthma |   .8649355   .0808658    -1.55   0.121     .7201151     1.03888
2021-07-20T16:00:19.901461900Z 1.~c_disease |   1.001278    .061352     0.02   0.983     .8879703    1.129044
2021-07-20T16:00:19.901469900Z              |
2021-07-20T16:00:19.901473300Z      diabcat |
2021-07-20T16:00:19.901675100Z T1DM, con..  |   .7272766   .1448964    -1.60   0.110     .4921682    1.074696
2021-07-20T16:00:19.901826000Z T1DM, unc..  |   1.081771   .3499031     0.24   0.808     .5738664      2.0392
2021-07-20T16:00:19.902073900Z T2DM, con..  |   .9427288   .0637804    -0.87   0.383     .8256551    1.076403
2021-07-20T16:00:19.902240600Z T2DM, unc..  |   1.139128   .1428323     1.04   0.299     .8909279    1.456473
2021-07-20T16:00:19.902554600Z Diabetes,..  |   3.51e-14   3.55e-14   -30.65   0.000     4.85e-15    2.55e-13
2021-07-20T16:00:19.902565000Z              |
2021-07-20T16:00:19.902568900Z cancer_exh~t |
2021-07-20T16:00:19.902800100Z   Last year  |   .5786512   .2588097    -1.22   0.221     .2408271    1.390364
2021-07-20T16:00:19.903097700Z 2-5 years..  |   .7735215   .1718385    -1.16   0.248     .5004691    1.195549
2021-07-20T16:00:19.903312500Z    5+ years  |   1.023601   .0631414     0.38   0.705     .9070342    1.155147
2021-07-20T16:00:19.903322300Z              |
2021-07-20T16:00:19.903326000Z cancer_hae~t |
2021-07-20T16:00:19.903594300Z   Last year  |   .4803207   .3443154    -1.02   0.306     .1178561     1.95754
2021-07-20T16:00:19.903795400Z 2-5 years..  |   .8680157    .178467    -0.69   0.491     .5801197    1.298786
2021-07-20T16:00:19.904028600Z    5+ years  |   .9781731   .0604455    -0.36   0.721     .8665954    1.104117
2021-07-20T16:00:19.904038900Z              |
2021-07-20T16:00:19.904300000Z 1.~r_disease |   .9890687   .0619429    -0.18   0.861     .8748182     1.11824
2021-07-20T16:00:19.904522900Z 1.stroke_d~a |   1.047128   .0614623     0.78   0.433     .9333352    1.174795
2021-07-20T16:00:19.904852700Z 1.other_ne~o |    1.07297   .0648085     1.17   0.244     .9531782    1.207817
2021-07-20T16:00:19.904861700Z              |
2021-07-20T16:00:19.904865400Z reduced_ki~t |
2021-07-20T16:00:19.905208600Z Stage 3a/..  |   1.274643   .1358988     2.28   0.023     1.034275    1.570874
2021-07-20T16:00:19.905512200Z       1.esrd |   .9677593   .0462145    -0.69   0.493     .8812903    1.062712
2021-07-20T16:00:19.905806900Z 1.other_tr~t |   .9832868   .0592453    -0.28   0.780     .8737623     1.10654
2021-07-20T16:00:19.906017000Z   1.asplenia |   1.073969   .0659862     1.16   0.245      .952122    1.211409
2021-07-20T16:00:19.906223400Z 1.ra_sle_p~s |   1.006687    .061701     0.11   0.913     .8927369    1.135182
2021-07-20T16:00:19.907157200Z 1.other_im~o |   .9363934    .047514    -1.30   0.195     .8477487    1.034307
2021-07-20T16:00:19.907167300Z ------------------------------------------------------------------------------
2021-07-20T16:00:19.907346500Z                                                              Stratified by stp
2021-07-20T16:00:19.909836300Z    1:      3.44 /        1 =       3.4440
2021-07-20T16:00:19.912120900Z 
2021-07-20T16:00:19.912132400Z          failure _d:  covid_tpp_prob
2021-07-20T16:00:19.912136100Z    analysis time _t:  (stime_covid_tpp_prob-origin)
2021-07-20T16:00:19.912139000Z              origin:  time enter_date
2021-07-20T16:00:19.912141900Z   enter on or after:  time enter_date
2021-07-20T16:00:19.912145000Z                  id:  patient_id
2021-07-20T16:00:20.035923100Z 
2021-07-20T16:00:20.035943300Z Iteration 0:   log pseudolikelihood = -9954.1661
2021-07-20T16:00:20.097824600Z Iteration 1:   log pseudolikelihood = -9936.6786
2021-07-20T16:00:20.152300000Z Iteration 2:   log pseudolikelihood = -9936.3118
2021-07-20T16:00:20.212116600Z Iteration 3:   log pseudolikelihood =  -9936.266
2021-07-20T16:00:20.272351100Z Iteration 4:   log pseudolikelihood = -9936.2495
2021-07-20T16:00:20.324863200Z Iteration 5:   log pseudolikelihood = -9936.2434
2021-07-20T16:00:20.399252300Z Iteration 6:   log pseudolikelihood = -9936.2412
2021-07-20T16:00:20.464491400Z Iteration 7:   log pseudolikelihood = -9936.2403
2021-07-20T16:00:20.527044300Z Iteration 8:   log pseudolikelihood =   -9936.24
2021-07-20T16:00:20.594269200Z Iteration 9:   log pseudolikelihood = -9936.2399
2021-07-20T16:00:20.653093900Z Iteration 10:  log pseudolikelihood = -9936.2399
2021-07-20T16:00:20.718874700Z Iteration 11:  log pseudolikelihood = -9936.2399
2021-07-20T16:00:20.795716600Z Iteration 12:  log pseudolikelihood = -9936.2399
2021-07-20T16:00:20.861426700Z Iteration 13:  log pseudolikelihood = -9936.2399
2021-07-20T16:00:20.927918200Z Iteration 14:  log pseudolikelihood = -9936.2398
2021-07-20T16:00:20.993836300Z Iteration 15:  log pseudolikelihood = -9936.2398
2021-07-20T16:00:21.052798600Z Iteration 16:  log pseudolikelihood = -9936.2398
2021-07-20T16:00:21.118555300Z Iteration 17:  log pseudolikelihood = -9936.2398
2021-07-20T16:00:21.184090800Z Iteration 18:  log pseudolikelihood = -9936.2398
2021-07-20T16:00:21.250332700Z Iteration 19:  log pseudolikelihood = -9936.2398
2021-07-20T16:00:21.312245500Z Iteration 20:  log pseudolikelihood = -9936.2398
2021-07-20T16:00:21.366311800Z Iteration 21:  log pseudolikelihood = -9936.2398
2021-07-20T16:00:21.441557700Z Iteration 22:  log pseudolikelihood = -9936.2398
2021-07-20T16:00:21.513370100Z Iteration 23:  log pseudolikelihood = -9936.2398
2021-07-20T16:00:21.582714200Z Iteration 24:  log pseudolikelihood = -9936.2398
2021-07-20T16:00:21.663131800Z Iteration 25:  log pseudolikelihood = -9936.2398
2021-07-20T16:00:21.737108000Z Iteration 26:  log pseudolikelihood = -9936.2398
2021-07-20T16:00:21.815246200Z Iteration 27:  log pseudolikelihood = -9936.2398
2021-07-20T16:00:21.889779900Z Iteration 28:  log pseudolikelihood = -9936.2398
2021-07-20T16:00:21.889799100Z Refining estimates:
2021-07-20T16:00:22.085680300Z Iteration 0:   log pseudolikelihood = -9936.2398
2021-07-20T16:00:22.311967700Z Iteration 1:   log pseudolikelihood = -9936.2398
2021-07-20T16:00:22.517070600Z Iteration 2:   log pseudolikelihood = -9936.2398
2021-07-20T16:00:23.833533900Z 
2021-07-20T16:00:23.833559300Z Stratified Cox regr. -- Breslow method for ties
2021-07-20T16:00:23.833565000Z 
2021-07-20T16:00:23.833569400Z No. of subjects      =        4,494             Number of obs    =       4,494
2021-07-20T16:00:23.833602900Z No. of failures      =        1,733
2021-07-20T16:00:23.833611600Z Time at risk         =       654880
2021-07-20T16:00:23.833658100Z                                                 Wald chi2(45)    =      976.25
2021-07-20T16:00:23.833773700Z Log pseudolikelihood =   -9936.2398             Prob > chi2      =      0.0000
2021-07-20T16:00:23.833787000Z 
2021-07-20T16:00:23.843486800Z                          (Std. Err. adjusted for 914 clusters in household_id)
2021-07-20T16:00:23.843542100Z ------------------------------------------------------------------------------
2021-07-20T16:00:23.843547100Z              |               Robust
2021-07-20T16:00:23.843550800Z           _t | Haz. Ratio   Std. Err.      z    P>|z|     [95% Conf. Interval]
2021-07-20T16:00:23.843555400Z -------------+----------------------------------------------------------------
2021-07-20T16:00:23.843559100Z    kids_cat4 |
2021-07-20T16:00:23.844088000Z only <12 ..  |    .927068   .2535449    -0.28   0.782     .5423948    1.584556
2021-07-20T16:00:23.844459400Z  only 12-18  |   .4364148   .2726469    -1.33   0.184     .1282678    1.484845
2021-07-20T16:00:23.844997500Z       mixed  |   .8382912   .1480773    -1.00   0.318      .592976    1.185094
2021-07-20T16:00:23.845037300Z              |
2021-07-20T16:00:23.851479300Z         age1 |   .9934828   .0195683    -0.33   0.740     .9558604    1.032586
2021-07-20T16:00:23.851501400Z         age2 |   1.047514     .08654     0.56   0.574      .890919    1.231634
2021-07-20T16:00:23.851505600Z         age3 |   .8784374   .1762853    -0.65   0.518     .5927769    1.301758
2021-07-20T16:00:23.851509100Z       1.male |   .9799746   .0493921    -0.40   0.688     .8877959    1.081724
2021-07-20T16:00:23.851512500Z              |
2021-07-20T16:00:23.851515500Z    ethnicity |
2021-07-20T16:00:23.851585400Z Asian or ..  |   1.095555   .0820735     1.22   0.223     .9459458    1.268825
2021-07-20T16:00:23.851625500Z       Other  |   1.067564   .0845055     0.83   0.409     .9141448    1.246731
2021-07-20T16:00:23.851630600Z              |
2021-07-20T16:00:23.851634400Z    obese4cat |
2021-07-20T16:00:23.851756800Z Obese I ..)  |   1.000209   .0690947     0.00   0.998     .8735532    1.145228
2021-07-20T16:00:23.852015400Z Obese II..)  |   .9138039   .0841188    -0.98   0.327     .7629516    1.094483
2021-07-20T16:00:23.852026000Z Obese II..)  |   1.078303    .117169     0.69   0.488     .8714629    1.334237
2021-07-20T16:00:23.852029900Z              |
2021-07-20T16:00:23.852067500Z smoke_nomiss |
2021-07-20T16:00:23.852076600Z      Former  |   .8928892   .1537545    -0.66   0.511     .6371207    1.251335
2021-07-20T16:00:23.852637700Z     Current  |   .9917315   .0716883    -0.11   0.909     .8607244    1.142679
2021-07-20T16:00:23.852651500Z              |
2021-07-20T16:00:23.852656300Z          imd |
2021-07-20T16:00:23.870199900Z           4  |   1.003967   .0621577     0.06   0.949     .8892414    1.133493
2021-07-20T16:00:23.870223100Z 5 most de..  |   .9470798   .0749783    -0.69   0.492     .8109587    1.106049
2021-07-20T16:00:23.870227200Z              |
2021-07-20T16:00:23.870230400Z tot_adults~h |
2021-07-20T16:00:23.870233600Z           2  |   1.176707   .4665451     0.41   0.682     .5409797    2.559504
2021-07-20T16:00:23.870236800Z           3  |   .9257153   .3256331    -0.22   0.826     .4645747    1.844588
2021-07-20T16:00:23.870240200Z              |
2021-07-20T16:00:23.870243200Z 1.htdiag_o~p |   1.055542    .091332     0.62   0.532     .8908905    1.250624
2021-07-20T16:00:23.870246300Z 1.~y_disease |   1.041534   .0645488     0.66   0.511     .9224022    1.176052
2021-07-20T16:00:23.870249600Z     1.asthma |   .8629784   .0816759    -1.56   0.119      .716867     1.03887
2021-07-20T16:00:23.870268900Z 1.~c_disease |   1.002588   .0614526     0.04   0.966     .8890965    1.130566
2021-07-20T16:00:23.870287700Z              |
2021-07-20T16:00:23.870291400Z      diabcat |
2021-07-20T16:00:23.870294500Z T1DM, con..  |   .7272478   .1450214    -1.60   0.110     .4919752    1.075033
2021-07-20T16:00:23.870297700Z T1DM, unc..  |   1.081519   .3488793     0.24   0.808     .5747135    2.035247
2021-07-20T16:00:23.870301000Z T2DM, con..  |   .9422657   .0638454    -0.88   0.380     .8250841     1.07609
2021-07-20T16:00:23.870304300Z T2DM, unc..  |   1.137971   .1432181     1.03   0.304     .8892094    1.456324
2021-07-20T16:00:23.870307800Z Diabetes,..  |   9.61e-14   9.71e-14   -29.67   0.000     1.33e-14    6.96e-13
2021-07-20T16:00:23.870311200Z              |
2021-07-20T16:00:23.870314200Z cancer_exh~t |
2021-07-20T16:00:23.870317200Z   Last year  |   .5794648   .2587084    -1.22   0.222     .2415455    1.390129
2021-07-20T16:00:23.870320400Z 2-5 years..  |    .772707   .1713757    -1.16   0.245     .5002995    1.193437
2021-07-20T16:00:23.870323600Z    5+ years  |    1.02082   .0646863     0.33   0.745     .9015946    1.155812
2021-07-20T16:00:23.870326800Z              |
2021-07-20T16:00:23.870330100Z cancer_hae~t |
2021-07-20T16:00:23.870333200Z   Last year  |   .4814259    .345241    -1.02   0.308     .1180631     1.96311
2021-07-20T16:00:23.870336500Z 2-5 years..  |   .8661643   .1782631    -0.70   0.485     .5786508    1.296534
2021-07-20T16:00:23.870339800Z    5+ years  |    .975854    .061698    -0.39   0.699     .8621205    1.104592
2021-07-20T16:00:23.870343200Z              |
2021-07-20T16:00:23.870346200Z 1.~r_disease |   .9893415   .0620184    -0.17   0.864     .8749583    1.118678
2021-07-20T16:00:23.870349400Z 1.stroke_d~a |   1.047251   .0616042     0.78   0.433     .9332093    1.175228
2021-07-20T16:00:23.870353300Z 1.other_ne~o |   1.071168   .0647627     1.14   0.255     .9514676    1.205927
2021-07-20T16:00:23.870356600Z              |
2021-07-20T16:00:23.870359800Z reduced_ki~t |
2021-07-20T16:00:23.870363000Z Stage 3a/..  |   1.272127   .1354975     2.26   0.024     1.032445    1.567452
2021-07-20T16:00:23.870367900Z       1.esrd |   .9649509   .0489629    -0.70   0.482      .873603    1.065851
2021-07-20T16:00:23.870371500Z 1.other_tr~t |    .980878   .0613493    -0.31   0.758     .8677134    1.108801
2021-07-20T16:00:23.870374800Z   1.asplenia |   1.071435   .0679855     1.09   0.277     .9461383    1.213324
2021-07-20T16:00:23.870378000Z 1.ra_sle_p~s |   1.007403   .0617244     0.12   0.904     .8934075    1.135945
2021-07-20T16:00:23.870381200Z 1.other_im~o |    .933878   .0506641    -1.26   0.207     .8396753    1.038649
2021-07-20T16:00:23.870384500Z              |
2021-07-20T16:00:23.870387700Z       shield#|
2021-07-20T16:00:23.870390800Z    kids_cat4 |
2021-07-20T16:00:23.870394000Z           1 #|
2021-07-20T16:00:23.870397000Z only <12 ..  |   .8893514   .2225171    -0.47   0.639     .5446298    1.452263
2021-07-20T16:00:23.870403900Z           1 #|
2021-07-20T16:00:23.870407000Z  only 12-18  |   1.893999   1.173002     1.03   0.302     .5626115    6.376036
2021-07-20T16:00:23.871964300Z     1#mixed  |   1.017635    .095507     0.19   0.852     .8466522    1.223148
2021-07-20T16:00:23.872057500Z ------------------------------------------------------------------------------
2021-07-20T16:00:23.872227800Z                                                              Stratified by stp
2021-07-20T16:00:23.874582800Z    1:      3.96 /        1 =       3.9650
2021-07-20T16:00:23.874598200Z 
2021-07-20T16:00:23.874602400Z  ( 1)  1.shield#1.kids_cat4 = 0
2021-07-20T16:00:23.874605800Z  ( 2)  1.shield#2.kids_cat4 = 0
2021-07-20T16:00:23.874609000Z  ( 3)  1.shield#3.kids_cat4 = 0
2021-07-20T16:00:23.874642400Z 
2021-07-20T16:00:23.874648400Z            chi2(  3) =    1.33
2021-07-20T16:00:23.874652500Z          Prob > chi2 =    0.7212
2021-07-20T16:00:23.874754400Z 
2021-07-20T16:00:23.874764400Z kids_cat4 
2021-07-20T16:00:23.874768600Z ****************
2021-07-20T16:00:23.878136700Z 
2021-07-20T16:00:23.878166300Z  ( 1)  1.kids_cat4 + 1.shield#1.kids_cat4 = 0
2021-07-20T16:00:23.878330900Z 
2021-07-20T16:00:23.887044500Z ------------------------------------------------------------------------------
2021-07-20T16:00:23.887065300Z           _t |     exp(b)   Std. Err.      z    P>|z|     [95% Conf. Interval]
2021-07-20T16:00:23.887068800Z -------------+----------------------------------------------------------------
2021-07-20T16:00:23.887577000Z          (1) |   .8244892   .1434518    -1.11   0.267     .5862536    1.159537
2021-07-20T16:00:23.887588500Z ------------------------------------------------------------------------------
2021-07-20T16:00:23.888053300Z kids_cat4
2021-07-20T16:00:23.888063700Z ****************
2021-07-20T16:00:23.889675300Z 
2021-07-20T16:00:23.889685900Z  ( 1)  2.kids_cat4 + 1.shield#2.kids_cat4 = 0
2021-07-20T16:00:23.889847700Z 
2021-07-20T16:00:23.895839200Z ------------------------------------------------------------------------------
2021-07-20T16:00:23.895858300Z           _t |     exp(b)   Std. Err.      z    P>|z|     [95% Conf. Interval]
2021-07-20T16:00:23.895862400Z -------------+----------------------------------------------------------------
2021-07-20T16:00:23.896416000Z          (1) |    .826569   .1772989    -0.89   0.375     .5428708    1.258525
2021-07-20T16:00:23.896430300Z ------------------------------------------------------------------------------
2021-07-20T16:00:23.896939900Z kids_cat4
2021-07-20T16:00:23.896948300Z ****************
2021-07-20T16:00:23.899382500Z 
2021-07-20T16:00:23.899396800Z  ( 1)  3.kids_cat4 + 1.shield#3.kids_cat4 = 0
2021-07-20T16:00:23.899532600Z 
2021-07-20T16:00:23.907572700Z ------------------------------------------------------------------------------
2021-07-20T16:00:23.907594700Z           _t |     exp(b)   Std. Err.      z    P>|z|     [95% Conf. Interval]
2021-07-20T16:00:23.907599400Z -------------+----------------------------------------------------------------
2021-07-20T16:00:23.908207700Z          (1) |   .8530743   .1329644    -1.02   0.308     .6285131    1.157869
2021-07-20T16:00:23.908221500Z ------------------------------------------------------------------------------
2021-07-20T16:00:23.915004700Z (note: file output/an_interaction_cox_models_covid_tpp_prob_kids_cat4_shield_MA
2021-07-20T16:00:23.915024500Z > INFULLYADJMODEL_agespline_bmicat_noeth_ageband_1MAIN.ster not found)
2021-07-20T16:00:23.915029400Z file output/an_interaction_cox_models_covid_tpp_prob_kids_cat4_shield_MAINFULLY
2021-07-20T16:00:23.915033100Z > ADJMODEL_agespline_bmicat_noeth_ageband_1MAIN.ster saved
2021-07-20T16:00:23.915036600Z 
2021-07-20T16:00:23.915052000Z . 
2021-07-20T16:00:23.915057700Z . log close
2021-07-20T16:00:23.915063100Z       name:  <unnamed>
2021-07-20T16:00:23.915067300Z        log:  /workspace/log/10_an_interaction_cox_models_shield_covid_tpp_probM
2021-07-20T16:00:23.915095800Z > AIN.log
2021-07-20T16:00:23.915099600Z   log type:  text
2021-07-20T16:00:23.915101700Z  closed on:  20 Jul 2021, 16:00:23
2021-07-20T16:00:23.915103700Z -------------------------------------------------------------------------------
2021-07-20T16:00:23.915106000Z 
2021-07-20T16:00:23.915107800Z . 
2021-07-20T16:00:23.915109900Z . exit, clear 
2021-07-20T16:00:23.915111900Z 
2021-07-20T16:00:23.915113900Z end of do-file
2021-07-20T16:00:23.915136300Z 
2021-07-20T16:00:23.915139600Z . . file open output using "/tmp/tmp.OXdvxuMaDl", write text replace
2021-07-20T16:00:23.915298300Z 
2021-07-20T16:00:23.915307500Z . . file write output "success" 
2021-07-20T16:00:23.915310000Z 
2021-07-20T16:00:23.915311900Z . . file close output
2021-07-20T16:00:23.915313800Z 
2021-07-20T16:00:23.915315700Z . 
2021-07-20T16:00:23.915317800Z end of do-file
2021-07-20T16:00:23.915319800Z 
2021-07-20T16:00:23.915321700Z 
2021-07-20T16:00:23.936402100Z . 

state: succeeded
commit: none
docker_image_id: sha256:11980aa720220a1b39bf523f5a8a33270214c13876c30ee364e16265766f7f60
exit_code: 0
job_id: ul3qv34tiq24dfpx
run_by_user: qc18278
created_at: 2021-07-20T15:38:48Z
started_at: 2021-07-20T15:59:10Z
completed_at: 2021-07-20T16:00:33Z

Completed successfully

outputs:
  log/10_an_interaction_cox_models_shield_covid_tpp_probMAIN.log                                                                - moderately_sensitive
  output/an_interaction_cox_models_covid_tpp_prob_kids_cat4_shield_MAINFULLYADJMODEL_agespline_bmicat_noeth_ageband_0MAIN.ster  - moderately_sensitive
  output/an_interaction_cox_models_covid_tpp_prob_kids_cat4_shield_MAINFULLYADJMODEL_agespline_bmicat_noeth_ageband_1MAIN.ster  - moderately_sensitive