2021-07-20T16:02:14.660240800Z 
2021-07-20T16:02:14.660302500Z   ___  ____  ____  ____  ____ (R)
2021-07-20T16:02:14.660310200Z  /__    /   ____/   /   ____/
2021-07-20T16:02:14.660314500Z ___/   /   /___/   /   /___/   16.1   Copyright 1985-2019 StataCorp LLC
2021-07-20T16:02:14.660317800Z   Statistics/Data Analysis            StataCorp
2021-07-20T16:02:14.660319900Z                                       4905 Lakeway Drive
2021-07-20T16:02:14.660321900Z                                       College Station, Texas 77845 USA
2021-07-20T16:02:14.660323900Z                                       800-STATA-PC        http://www.stata.com
2021-07-20T16:02:14.660326100Z                                       979-696-4600        stata@stata.com
2021-07-20T16:02:14.660328200Z                                       979-696-4601 (fax)
2021-07-20T16:02:14.660330600Z 
2021-07-20T16:02:14.660332600Z 3-user Stata network license expires 11 May 2022:
2021-07-20T16:02:14.660334500Z        Serial number:  501709312237
2021-07-20T16:02:14.660336400Z          Licensed to:  The Bennett Institute
2021-07-20T16:02:14.660338400Z                        Oxford University
2021-07-20T16:02:14.661139700Z 
2021-07-20T16:02:14.661156800Z Notes:
2021-07-20T16:02:14.661161300Z       1.  Unicode is supported; see help unicode_advice.
2021-07-20T16:02:14.661165100Z 
2021-07-20T16:02:14.661168300Z . do "analysis/10_an_interaction_cox_models_shield.wrapper.do" covidadmission M
2021-07-20T16:02:14.661172000Z > AIN 
2021-07-20T16:02:14.661175600Z 
2021-07-20T16:02:14.661178900Z . . do "analysis/10_an_interaction_cox_models_shield.do" covidadmission MAIN
2021-07-20T16:02:14.661182500Z 
2021-07-20T16:02:14.661185700Z . *****************************************************************************
2021-07-20T16:02:14.661189200Z > ***
2021-07-20T16:02:14.661192600Z . *
2021-07-20T16:02:14.661195800Z . *       Do-file:                10_an_interaction_cox_models_shield.do
2021-07-20T16:02:14.661199300Z . *
2021-07-20T16:02:14.661202300Z . *       Project:                Exposure children and COVID risk
2021-07-20T16:02:14.661206200Z . *
2021-07-20T16:02:14.661209300Z . *       Programmed by:  Hforbes, based on files from Fizz & Krishnan
2021-07-20T16:02:14.661212800Z . *
2021-07-20T16:02:14.661215900Z . *       Data used:              analysis_dataset.dta
2021-07-20T16:02:14.661219000Z . *
2021-07-20T16:02:14.661222000Z . *       Data created:   None
2021-07-20T16:02:14.661225300Z . *
2021-07-20T16:02:14.661228400Z . *       Other output:   Log file:  10_an_interaction_cox_models.log
2021-07-20T16:02:14.661231800Z . *
2021-07-20T16:02:14.661235300Z . *****************************************************************************
2021-07-20T16:02:14.661251900Z > ***
2021-07-20T16:02:14.661256100Z . *
2021-07-20T16:02:14.661259400Z . *       Purpose:                This do-file performs multivariable (fully ad
2021-07-20T16:02:14.661262800Z > justed) 
2021-07-20T16:02:14.661265900Z . *                                       Cox models, with an interaction by sh
2021-07-20T16:02:14.661269200Z > ielding status.
2021-07-20T16:02:14.661272800Z . *  
2021-07-20T16:02:14.661276000Z . *****************************************************************************
2021-07-20T16:02:14.661279800Z > ***
2021-07-20T16:02:14.661283200Z . *       
2021-07-20T16:02:14.661286300Z . *       Stata routines needed:  stbrier   
2021-07-20T16:02:14.661289500Z . *
2021-07-20T16:02:14.661292800Z . *****************************************************************************
2021-07-20T16:02:14.661296100Z > ***
2021-07-20T16:02:14.661299500Z . 
2021-07-20T16:02:14.661302900Z . 
2021-07-20T16:02:14.661306200Z . * Set globals that will print in programs and direct output
2021-07-20T16:02:14.661309800Z . global outdir     "output" 
2021-07-20T16:02:14.661313400Z 
2021-07-20T16:02:14.661316700Z . global logdir     "log"
2021-07-20T16:02:14.661319100Z 
2021-07-20T16:02:14.661344000Z . global tempdir    "tempdata"
2021-07-20T16:02:14.661363700Z 
2021-07-20T16:02:14.661368700Z . global demogadjlist  age1 age2 age3 i.male i.ethnicity  i.obese4cat i.smoke_n
2021-07-20T16:02:14.661372300Z > omiss i.imd i.tot_adults_hh
2021-07-20T16:02:14.661375700Z 
2021-07-20T16:02:14.661378900Z . global comordidadjlist  i.htdiag_or_highbp                              ///
2021-07-20T16:02:14.661382300Z >                         i.chronic_respiratory_disease   ///
2021-07-20T16:02:14.661385900Z >                         i.asthma                                             
2021-07-20T16:02:14.661390300Z >    ///
2021-07-20T16:02:14.661392900Z >                         i.chronic_cardiac_disease               ///
2021-07-20T16:02:14.661396200Z >                         i.diabcat                                            
2021-07-20T16:02:14.661399900Z >    ///
2021-07-20T16:02:14.661403000Z >                         i.cancer_exhaem_cat                             ///
2021-07-20T16:02:14.661412800Z >                         i.cancer_haem_cat                               ///
2021-07-20T16:02:14.661417100Z >                         i.chronic_liver_disease                 ///
2021-07-20T16:02:14.661420700Z >                         i.stroke_dementia                               ///
2021-07-20T16:02:14.661433900Z >                         i.other_neuro                                   ///
2021-07-20T16:02:14.661436400Z >                         i.reduced_kidney_function_cat   ///
2021-07-20T16:02:14.661438900Z >                         i.esrd                                               
2021-07-20T16:02:14.661442200Z >    ///
2021-07-20T16:02:14.661445400Z >                         i.other_transplant                              ///
2021-07-20T16:02:14.661450100Z >                         i.asplenia                                           
2021-07-20T16:02:14.661453500Z >    ///
2021-07-20T16:02:14.661456700Z >                         i.ra_sle_psoriasis                      ///
2021-07-20T16:02:14.661460400Z >                         i.other_immuno          
2021-07-20T16:02:14.661463900Z 
2021-07-20T16:02:14.661467000Z .                         
2021-07-20T16:02:14.661470100Z . local outcome `1' 
2021-07-20T16:02:14.661473300Z 
2021-07-20T16:02:14.661476400Z . local dataset `2'
2021-07-20T16:02:14.661479600Z 
2021-07-20T16:02:14.661482700Z .  
2021-07-20T16:02:14.661486000Z . 
2021-07-20T16:02:14.661489400Z . cap log close
2021-07-20T16:02:14.661493000Z 
2021-07-20T16:02:14.661496400Z . log using "$logdir/10_an_interaction_cox_models_shield_`outcome'`dataset'", t
2021-07-20T16:02:14.661499800Z > ext replace
2021-07-20T16:02:14.661503300Z (note: file /workspace/log/10_an_interaction_cox_models_shield_covidadmissionMA
2021-07-20T16:02:14.661506900Z > IN.log not found)
2021-07-20T16:02:14.661511500Z -------------------------------------------------------------------------------
2021-07-20T16:02:14.661515500Z       name:  <unnamed>
2021-07-20T16:02:14.661519500Z        log:  /workspace/log/10_an_interaction_cox_models_shield_covidadmissionM
2021-07-20T16:02:14.661522300Z > AIN.log
2021-07-20T16:02:14.661525400Z   log type:  text
2021-07-20T16:02:14.661528600Z  opened on:  20 Jul 2021, 16:02:14
2021-07-20T16:02:14.661531900Z 
2021-07-20T16:02:14.661534700Z . 
2021-07-20T16:02:14.661537700Z . 
2021-07-20T16:02:14.661541200Z . *****************************************************************************
2021-07-20T16:02:14.661544800Z > *******
2021-07-20T16:02:14.661548200Z . *First clean up all old saved estimates for this outcome
2021-07-20T16:02:14.661551600Z . *This is to guard against accidentally displaying left-behind results from ol
2021-07-20T16:02:14.661554900Z > d runs
2021-07-20T16:02:14.661557800Z . *****************************************************************************
2021-07-20T16:02:14.661559800Z > *******
2021-07-20T16:02:14.661565800Z . cap erase "$outdir/output/an_interaction_cox_models_`outcome'_`exposure_type'
2021-07-20T16:02:14.661568200Z > _shield_MAINFULLYADJMODEL_agespline_bmicat_noeth_ageband_0.ster"
2021-07-20T16:02:14.661570400Z 
2021-07-20T16:02:14.661572400Z . cap erase "$outdir/output/an_interaction_cox_models_`outcome'_`exposure_type'
2021-07-20T16:02:14.661574600Z > _shield_MAINFULLYADJMODEL_agespline_bmicat_noeth_ageband_1.ster"
2021-07-20T16:02:14.661577100Z 
2021-07-20T16:02:14.661579000Z . 
2021-07-20T16:02:14.661580900Z . 
2021-07-20T16:02:14.661582800Z . 
2021-07-20T16:02:14.661584800Z . 
2021-07-20T16:02:14.661586700Z . *PROG TO DEFINE THE BASIC COX MODEL WITH OPTIONS FOR HANDLING OF AGE, BMI, ET
2021-07-20T16:02:14.661588800Z > HNICITY:
2021-07-20T16:02:14.661590800Z . cap prog drop basemodel
2021-07-20T16:02:14.661592800Z 
2021-07-20T16:02:14.661594600Z . prog define basemodel
2021-07-20T16:02:14.661720200Z   1.         syntax , exposure(string)  age(string) [ethnicity(real 0) interact
2021-07-20T16:02:14.661731800Z > ion(string)] 
2021-07-20T16:02:14.661736000Z   2.         if `ethnicity'==1 local ethnicity "i.ethnicity"
2021-07-20T16:02:14.661738400Z   3.         else local ethnicity
2021-07-20T16:02:14.661740300Z   4. timer clear
2021-07-20T16:02:14.661742400Z   5. timer on 1
2021-07-20T16:02:14.661744400Z   6. stcox   `exposure'                                                        
2021-07-20T16:02:14.661746400Z >       ///
2021-07-20T16:02:14.661748600Z >                         $demogadjlist                                        
2021-07-20T16:02:14.661750800Z >            ///
2021-07-20T16:02:14.661752700Z >                         $comordidadjlist                                     
2021-07-20T16:02:14.661754900Z >            ///
2021-07-20T16:02:14.661776100Z >                         `interaction'                                        
2021-07-20T16:02:14.661781800Z >            ///
2021-07-20T16:02:14.661785600Z >                         , strata(stp) vce(cluster household_id)
2021-07-20T16:02:14.661789200Z   7.         timer off 1
2021-07-20T16:02:14.661792600Z   8. timer list
2021-07-20T16:02:14.661796100Z   9. end
2021-07-20T16:02:14.661798500Z 
2021-07-20T16:02:14.661800600Z . *****************************************************************************
2021-07-20T16:02:14.661802800Z > ********
2021-07-20T16:02:14.661804700Z . 
2021-07-20T16:02:14.661806800Z . * Open dataset and fit specified model(s)
2021-07-20T16:02:14.661902100Z . forvalues x=0/1 {
2021-07-20T16:02:14.661921100Z   2. 
2021-07-20T16:02:14.661926100Z . use "$tempdir/cr_create_analysis_dataset_STSET_`outcome'_ageband_`x'`dataset'
2021-07-20T16:02:14.661930000Z > .dta", clear
2021-07-20T16:02:14.661933600Z   3.         
2021-07-20T16:02:14.661936800Z . 
2021-07-20T16:02:14.661940100Z . 
2021-07-20T16:02:14.661943300Z . foreach int_type in shield {
2021-07-20T16:02:14.661946700Z   4. 
2021-07-20T16:02:14.661950300Z . *Age interaction for 3-level exposure vars
2021-07-20T16:02:14.661954000Z . foreach exposure_type in kids_cat4  {
2021-07-20T16:02:14.661957500Z   5. 
2021-07-20T16:02:14.661960900Z . *Age spline model (not adj ethnicity, no interaction)
2021-07-20T16:02:14.661964300Z . basemodel, exposure("i.`exposure_type'") age("age1 age2 age3")  
2021-07-20T16:02:14.661968400Z   6. 
2021-07-20T16:02:14.661972100Z . *Age spline model (not adj ethnicity, interaction)
2021-07-20T16:02:14.661976000Z . basemodel, exposure("i.`exposure_type'") age("age1 age2 age3")  ///
2021-07-20T16:02:14.661979900Z > interaction(1.`int_type'#1.`exposure_type' 1.`int_type'#2.`exposure_type' 1.`
2021-07-20T16:02:14.661983700Z > int_type'#3.`exposure_type')
2021-07-20T16:02:14.661987300Z   7. if _rc==0{
2021-07-20T16:02:14.661990700Z   8. testparm 1.`int_type'#i.`exposure_type'
2021-07-20T16:02:14.661994100Z   9. di _n "`exposure_type' " _n "****************"
2021-07-20T16:02:14.662001100Z  10. lincom 1.`exposure_type' + 1.`int_type'#1.`exposure_type', eform
2021-07-20T16:02:14.662005500Z  11. di "`exposure_type'" _n "****************"
2021-07-20T16:02:14.662009600Z  12. lincom 2.`exposure_type' + 1.`int_type'#2.`exposure_type', eform
2021-07-20T16:02:14.662013500Z  13. di "`exposure_type'" _n "****************"
2021-07-20T16:02:14.662018500Z  14. lincom 3.`exposure_type' + 1.`int_type'#3.`exposure_type', eform
2021-07-20T16:02:14.662051800Z  15. estimates save "$outdir/an_interaction_cox_models_`outcome'_`exposure_type
2021-07-20T16:02:14.662060400Z > '_`int_type'_MAINFULLYADJMODEL_agespline_bmicat_noeth_ageband_`x'`dataset'", 
2021-07-20T16:02:14.662063600Z > replace
2021-07-20T16:02:14.662066100Z  16. }
2021-07-20T16:02:14.662068000Z  17. else di "WARNING GROUP MODEL DID NOT FIT (OUTCOME `outcome')"
2021-07-20T16:02:14.662070400Z  18. 
2021-07-20T16:02:14.662072400Z . }
2021-07-20T16:02:14.662123100Z  19. 
2021-07-20T16:02:14.662133900Z . }
2021-07-20T16:02:14.662137800Z  20. }
2021-07-20T16:02:14.675461200Z 
2021-07-20T16:02:14.675478100Z          failure _d:  covidadmission
2021-07-20T16:02:14.675480900Z    analysis time _t:  (stime_covidadmission-origin)
2021-07-20T16:02:14.675493200Z              origin:  time enter_date
2021-07-20T16:02:14.675495500Z   enter on or after:  time enter_date
2021-07-20T16:02:14.675497500Z                  id:  patient_id
2021-07-20T16:02:15.103534700Z 
2021-07-20T16:02:15.103564400Z Iteration 0:   log pseudolikelihood = -30539.368
2021-07-20T16:02:15.269616100Z Iteration 1:   log pseudolikelihood = -30516.422
2021-07-20T16:02:15.405542800Z Iteration 2:   log pseudolikelihood = -30516.066
2021-07-20T16:02:15.534943000Z Iteration 3:   log pseudolikelihood =  -30516.06
2021-07-20T16:02:15.668098400Z Iteration 4:   log pseudolikelihood =  -30516.06
2021-07-20T16:02:15.668120000Z Refining estimates:
2021-07-20T16:02:16.249126800Z Iteration 0:   log pseudolikelihood =  -30516.06
2021-07-20T16:02:26.296116400Z 
2021-07-20T16:02:26.296143600Z Stratified Cox regr. -- Breslow method for ties
2021-07-20T16:02:26.296300200Z 
2021-07-20T16:02:26.296315200Z No. of subjects      =       16,206             Number of obs    =      16,206
2021-07-20T16:02:26.296344800Z No. of failures      =        4,348
2021-07-20T16:02:26.296360600Z Time at risk         =      2522495
2021-07-20T16:02:26.296371300Z                                                 Wald chi2(42)    =       50.40
2021-07-20T16:02:26.296377100Z Log pseudolikelihood =    -30516.06             Prob > chi2      =      0.1752
2021-07-20T16:02:26.296382300Z 
2021-07-20T16:02:26.453324100Z                        (Std. Err. adjusted for 1,106 clusters in household_id)
2021-07-20T16:02:26.453356600Z ------------------------------------------------------------------------------
2021-07-20T16:02:26.453364900Z              |               Robust
2021-07-20T16:02:26.453369300Z           _t | Haz. Ratio   Std. Err.      z    P>|z|     [95% Conf. Interval]
2021-07-20T16:02:26.453375000Z -------------+----------------------------------------------------------------
2021-07-20T16:02:26.453380000Z    kids_cat4 |
2021-07-20T16:02:26.464890800Z only <12 ..  |   .9558832   .0960958    -0.45   0.654     .7849333    1.164064
2021-07-20T16:02:26.465208300Z  only 12-18  |   .8117146   .1286312    -1.32   0.188     .5949969    1.107368
2021-07-20T16:02:26.465438400Z       mixed  |   .8349896   .0774567    -1.94   0.052     .6961784    1.001479
2021-07-20T16:02:26.465452700Z              |
2021-07-20T16:02:26.465870000Z         age1 |   1.003416    .005496     0.62   0.534     .9927015    1.014246
2021-07-20T16:02:26.466082500Z         age2 |   .9930964   .0167999    -0.41   0.682      .960709    1.026576
2021-07-20T16:02:26.466603900Z         age3 |   1.011517   .0477543     0.24   0.808     .9221204    1.109581
2021-07-20T16:02:26.466959800Z       1.male |   1.050596   .0327442     1.58   0.113     .9883393    1.116774
2021-07-20T16:02:26.466973500Z              |
2021-07-20T16:02:26.466987700Z    ethnicity |
2021-07-20T16:02:26.467241600Z Asian or ..  |    .898156   .0482759    -2.00   0.046     .8083505    .9979387
2021-07-20T16:02:26.467606600Z       Other  |   .9578863   .0497195    -0.83   0.407     .8652308    1.060464
2021-07-20T16:02:26.467619000Z              |
2021-07-20T16:02:26.467624000Z    obese4cat |
2021-07-20T16:02:26.467846000Z Obese I ..)  |   .9817829   .0433587    -0.42   0.677     .9003755    1.070551
2021-07-20T16:02:26.468115000Z Obese II..)  |   .8849197   .0518867    -2.09   0.037     .7888496    .9926898
2021-07-20T16:02:26.468387200Z Obese II..)  |    .926254   .0637565    -1.11   0.266     .8093562    1.060036
2021-07-20T16:02:26.468399800Z              |
2021-07-20T16:02:26.468404800Z smoke_nomiss |
2021-07-20T16:02:26.468631500Z      Former  |   1.060076    .111337     0.56   0.579     .8628539    1.302376
2021-07-20T16:02:26.468892100Z     Current  |   1.035205   .0471258     0.76   0.447     .9468413    1.131816
2021-07-20T16:02:26.468903200Z              |
2021-07-20T16:02:26.468907100Z          imd |
2021-07-20T16:02:26.469152500Z           4  |   .9924165   .0385205    -0.20   0.845     .9197181    1.070861
2021-07-20T16:02:26.469423000Z 5 most de..  |   1.019041   .0513558     0.37   0.708     .9231968    1.124835
2021-07-20T16:02:26.469435500Z              |
2021-07-20T16:02:26.469442100Z tot_adults~h |
2021-07-20T16:02:26.469679300Z           2  |   1.092094   .3218521     0.30   0.765     .6129168    1.945891
2021-07-20T16:02:26.469942500Z           3  |    1.19328   .2810172     0.75   0.453     .7521159    1.893216
2021-07-20T16:02:26.469982500Z              |
2021-07-20T16:02:26.470325000Z 1.htdiag_o~p |   1.022973   .0582368     0.40   0.690     .9149686    1.143727
2021-07-20T16:02:26.470830800Z 1.~y_disease |   .9918266    .037813    -0.22   0.830     .9204158    1.068778
2021-07-20T16:02:26.470930000Z     1.asthma |   1.000739   .0566738     0.01   0.990      .895603    1.118217
2021-07-20T16:02:26.471468400Z 1.~c_disease |   1.056705   .0406024     1.44   0.151     .9800489    1.139358
2021-07-20T16:02:26.471495800Z              |
2021-07-20T16:02:26.471543000Z      diabcat |
2021-07-20T16:02:26.471840800Z T1DM, con..  |   1.049087   .0963828     0.52   0.602     .8762119     1.25607
2021-07-20T16:02:26.473926400Z T1DM, unc..  |   1.070368   .2112343     0.34   0.730     .7270275    1.575852
2021-07-20T16:02:26.474131300Z T2DM, con..  |   1.036201   .0417986     0.88   0.378     .9574316     1.12145
2021-07-20T16:02:26.474375600Z T2DM, unc..  |    .946832   .0784953    -0.66   0.510     .8048328    1.113885
2021-07-20T16:02:26.474622700Z Diabetes,..  |   1.977347   .7924485     1.70   0.089     .9014726     4.33724
2021-07-20T16:02:26.474632700Z              |
2021-07-20T16:02:26.474635800Z cancer_exh~t |
2021-07-20T16:02:26.474910700Z   Last year  |   1.032523    .228633     0.14   0.885     .6689855    1.593611
2021-07-20T16:02:26.475147800Z 2-5 years..  |   .8370572   .1073061    -1.39   0.165     .6510822    1.076154
2021-07-20T16:02:26.475452500Z    5+ years  |   .9457832   .0374291    -1.41   0.159     .8751965    1.022063
2021-07-20T16:02:26.475462800Z              |
2021-07-20T16:02:26.475465700Z cancer_hae~t |
2021-07-20T16:02:26.475690200Z   Last year  |   .9007245   .2067246    -0.46   0.649      .574425    1.412377
2021-07-20T16:02:26.475878900Z 2-5 years..  |   .8317647    .106371    -1.44   0.150     .6473569    1.068703
2021-07-20T16:02:26.476185000Z    5+ years  |   .9737485   .0387116    -0.67   0.503     .9007559    1.052656
2021-07-20T16:02:26.476211400Z              |
2021-07-20T16:02:26.476563500Z 1.~r_disease |   .9749573   .0375695    -0.66   0.510     .9040344    1.051444
2021-07-20T16:02:26.476923500Z 1.stroke_d~a |   .9829001   .0374749    -0.45   0.651     .9121279    1.059163
2021-07-20T16:02:26.477206400Z 1.other_ne~o |   .9958498   .0373501    -0.11   0.912     .9252709    1.071812
2021-07-20T16:02:26.477215800Z              |
2021-07-20T16:02:26.477218600Z reduced_ki~t |
2021-07-20T16:02:26.477571000Z Stage 3a/..  |   .8944573   .2301671    -0.43   0.665     .5401611    1.481139
2021-07-20T16:02:26.477896700Z       1.esrd |   .9467868   .0301774    -1.72   0.086     .8894499     1.00782
2021-07-20T16:02:26.478123800Z 1.other_tr~t |   1.082888   .0392922     2.19   0.028     1.008551    1.162704
2021-07-20T16:02:26.478374700Z   1.asplenia |   .9692869   .0377552    -0.80   0.423     .8980421    1.046184
2021-07-20T16:02:26.478638000Z 1.ra_sle_p~s |   .9791027   .0374646    -0.55   0.581     .9083594    1.055356
2021-07-20T16:02:26.491097800Z 1.other_im~o |   1.001559   .0322603     0.05   0.961     .9402842    1.066826
2021-07-20T16:02:26.491115600Z ------------------------------------------------------------------------------
2021-07-20T16:02:26.491389000Z                                                              Stratified by stp
2021-07-20T16:02:26.495845200Z    1:     11.83 /        1 =      11.8280
2021-07-20T16:02:26.504170400Z 
2021-07-20T16:02:26.504187800Z          failure _d:  covidadmission
2021-07-20T16:02:26.504191000Z    analysis time _t:  (stime_covidadmission-origin)
2021-07-20T16:02:26.504193400Z              origin:  time enter_date
2021-07-20T16:02:26.504195600Z   enter on or after:  time enter_date
2021-07-20T16:02:26.504197900Z                  id:  patient_id
2021-07-20T16:02:27.046908100Z 
2021-07-20T16:02:27.046942900Z Iteration 0:   log pseudolikelihood = -30539.368
2021-07-20T16:02:27.256129500Z Iteration 1:   log pseudolikelihood = -30515.142
2021-07-20T16:02:27.468494900Z Iteration 2:   log pseudolikelihood =  -30514.74
2021-07-20T16:02:27.680280600Z Iteration 3:   log pseudolikelihood = -30514.734
2021-07-20T16:02:27.891964000Z Iteration 4:   log pseudolikelihood = -30514.734
2021-07-20T16:02:27.891986500Z Refining estimates:
2021-07-20T16:02:28.712986900Z Iteration 0:   log pseudolikelihood = -30514.734
2021-07-20T16:02:36.727335900Z 
2021-07-20T16:02:36.727364400Z Stratified Cox regr. -- Breslow method for ties
2021-07-20T16:02:36.727370900Z 
2021-07-20T16:02:36.727375700Z No. of subjects      =       16,206             Number of obs    =      16,206
2021-07-20T16:02:36.727380400Z No. of failures      =        4,348
2021-07-20T16:02:36.727385100Z Time at risk         =      2522495
2021-07-20T16:02:36.727589100Z                                                 Wald chi2(45)    =       56.13
2021-07-20T16:02:36.727617800Z Log pseudolikelihood =   -30514.734             Prob > chi2      =      0.1235
2021-07-20T16:02:36.727627100Z 
2021-07-20T16:02:36.740557800Z                        (Std. Err. adjusted for 1,106 clusters in household_id)
2021-07-20T16:02:36.740585500Z ------------------------------------------------------------------------------
2021-07-20T16:02:36.740591400Z              |               Robust
2021-07-20T16:02:36.740596000Z           _t | Haz. Ratio   Std. Err.      z    P>|z|     [95% Conf. Interval]
2021-07-20T16:02:36.740600900Z -------------+----------------------------------------------------------------
2021-07-20T16:02:36.740605300Z    kids_cat4 |
2021-07-20T16:02:36.740775000Z only <12 ..  |   1.126236   .1671853     0.80   0.423      .841922    1.506562
2021-07-20T16:02:36.740981800Z  only 12-18  |   .8059496   .2067109    -0.84   0.400      .487518    1.332371
2021-07-20T16:02:36.741248900Z       mixed  |   .8877228   .0953901    -1.11   0.268     .7191372     1.09583
2021-07-20T16:02:36.741262600Z              |
2021-07-20T16:02:36.741405400Z         age1 |   1.003523   .0054977     0.64   0.521     .9928057    1.014357
2021-07-20T16:02:36.741712000Z         age2 |   .9925495   .0167972    -0.44   0.659     .9601675    1.026024
2021-07-20T16:02:36.742098400Z         age3 |   1.013309   .0478649     0.28   0.780     .9237077    1.111603
2021-07-20T16:02:36.742406000Z       1.male |   1.050822    .032812     1.59   0.112     .9884403    1.117141
2021-07-20T16:02:36.742421500Z              |
2021-07-20T16:02:36.742428100Z    ethnicity |
2021-07-20T16:02:36.742687800Z Asian or ..  |   .8975714   .0482236    -2.01   0.044      .807861    .9972437
2021-07-20T16:02:36.742948200Z       Other  |   .9582014   .0497492    -0.82   0.411     .8654919    1.060842
2021-07-20T16:02:36.742963600Z              |
2021-07-20T16:02:36.742969100Z    obese4cat |
2021-07-20T16:02:36.743268700Z Obese I ..)  |    .982062   .0433929    -0.41   0.682     .9005921    1.070902
2021-07-20T16:02:36.743590400Z Obese II..)  |   .8849309   .0519394    -2.08   0.037     .7887686    .9928167
2021-07-20T16:02:36.744028600Z Obese II..)  |   .9270422   .0638324    -1.10   0.271     .8100077    1.060986
2021-07-20T16:02:36.744040500Z              |
2021-07-20T16:02:36.744044700Z smoke_nomiss |
2021-07-20T16:02:36.744340300Z      Former  |   1.061109    .111481     0.56   0.572     .8636389    1.303731
2021-07-20T16:02:36.744754200Z     Current  |   1.034565   .0471048     0.75   0.455     .9462406    1.131133
2021-07-20T16:02:36.744810100Z              |
2021-07-20T16:02:36.744820400Z          imd |
2021-07-20T16:02:36.745087300Z           4  |   .9919568   .0385388    -0.21   0.835     .9192263    1.070442
2021-07-20T16:02:36.745528100Z 5 most de..  |   1.016637   .0513218     0.33   0.744      .920864     1.12237
2021-07-20T16:02:36.745542900Z              |
2021-07-20T16:02:36.745548400Z tot_adults~h |
2021-07-20T16:02:36.745920000Z           2  |   1.095711   .3231812     0.31   0.757     .6146578    1.953255
2021-07-20T16:02:36.746273500Z           3  |   1.191097   .2806726     0.74   0.458     .7505303    1.890279
2021-07-20T16:02:36.746286600Z              |
2021-07-20T16:02:36.746809700Z 1.htdiag_o~p |   1.022558   .0581786     0.39   0.695     .9146583    1.143187
2021-07-20T16:02:36.747203500Z 1.~y_disease |   1.003412   .0397084     0.09   0.931     .9285264    1.084337
2021-07-20T16:02:36.747584700Z     1.asthma |   1.011723   .0579096     0.20   0.839     .9043574    1.131835
2021-07-20T16:02:36.747964800Z 1.~c_disease |   1.056893   .0406194     1.44   0.150     .9802051    1.139581
2021-07-20T16:02:36.747977000Z              |
2021-07-20T16:02:36.747980400Z      diabcat |
2021-07-20T16:02:36.748320400Z T1DM, con..  |   1.047927   .0963422     0.51   0.611     .8751344    1.254836
2021-07-20T16:02:36.748650200Z T1DM, unc..  |   1.069618   .2113243     0.34   0.733     .7262012    1.575435
2021-07-20T16:02:36.748921900Z T2DM, con..  |   1.035669   .0418378     0.87   0.386      .956831    1.121003
2021-07-20T16:02:36.749251700Z T2DM, unc..  |    .943386   .0782022    -0.70   0.482     .8019159    1.109813
2021-07-20T16:02:36.749606200Z Diabetes,..  |   2.016471   .8088153     1.75   0.080     .9186953    4.426013
2021-07-20T16:02:36.749616500Z              |
2021-07-20T16:02:36.749619600Z cancer_exh~t |
2021-07-20T16:02:36.750006000Z   Last year  |   1.044423   .2316596     0.20   0.845     .6761988    1.613163
2021-07-20T16:02:36.750297400Z 2-5 years..  |   .8472317    .108811    -1.29   0.197     .6586904     1.08974
2021-07-20T16:02:36.750619300Z    5+ years  |   .9575836   .0384882    -1.08   0.281     .8850428     1.03607
2021-07-20T16:02:36.750632800Z              |
2021-07-20T16:02:36.750638000Z cancer_hae~t |
2021-07-20T16:02:36.750899900Z   Last year  |   .9104329   .2095834    -0.41   0.684     .5798287     1.42954
2021-07-20T16:02:36.751168700Z 2-5 years..  |   .8408027   .1081988    -1.35   0.178     .6533669     1.08201
2021-07-20T16:02:36.751510500Z    5+ years  |   .9852439   .0394746    -0.37   0.711     .9108349    1.065732
2021-07-20T16:02:36.751523300Z              |
2021-07-20T16:02:36.751786600Z 1.~r_disease |   .9761481   .0376335    -0.63   0.531     .9051056    1.052767
2021-07-20T16:02:36.752178500Z 1.stroke_d~a |   .9820306   .0374213    -0.48   0.634     .9113582    1.058183
2021-07-20T16:02:36.752564900Z 1.other_ne~o |   .9957386   .0373305    -0.11   0.909     .9251956     1.07166
2021-07-20T16:02:36.752579900Z              |
2021-07-20T16:02:36.752585000Z reduced_ki~t |
2021-07-20T16:02:36.753114500Z Stage 3a/..  |   .8955021   .2301114    -0.43   0.668     .5411764    1.481816
2021-07-20T16:02:36.753462400Z       1.esrd |    .961188   .0326598    -1.17   0.244     .8992608     1.02738
2021-07-20T16:02:36.753783100Z 1.other_tr~t |   1.096186   .0412744     2.44   0.015     1.018202    1.180142
2021-07-20T16:02:36.754106200Z   1.asplenia |   .9817104   .0399612    -0.45   0.650     .9064307    1.063242
2021-07-20T16:02:36.754423400Z 1.ra_sle_p~s |    .977734    .037452    -0.59   0.557     .9070173    1.053964
2021-07-20T16:02:36.754649300Z 1.other_im~o |   1.016682   .0344091     0.49   0.625     .9514299     1.08641
2021-07-20T16:02:36.754662300Z              |
2021-07-20T16:02:36.754667500Z       shield#|
2021-07-20T16:02:36.754671500Z    kids_cat4 |
2021-07-20T16:02:36.754675400Z           1 #|
2021-07-20T16:02:36.754984000Z only <12 ..  |   .8304579   .1073536    -1.44   0.151     .6445883    1.069924
2021-07-20T16:02:36.754994200Z           1 #|
2021-07-20T16:02:36.755278500Z  only 12-18  |   1.009812   .2544406     0.04   0.969     .6162608    1.654688
2021-07-20T16:02:36.756626100Z     1#mixed  |   .9336362   .0552369    -1.16   0.246     .8314152    1.048425
2021-07-20T16:02:36.756639800Z ------------------------------------------------------------------------------
2021-07-20T16:02:36.756925700Z                                                              Stratified by stp
2021-07-20T16:02:36.758208500Z    1:     10.27 /        1 =      10.2650
2021-07-20T16:02:36.760125500Z 
2021-07-20T16:02:36.760140300Z  ( 1)  1.shield#1.kids_cat4 = 0
2021-07-20T16:02:36.760145600Z  ( 2)  1.shield#2.kids_cat4 = 0
2021-07-20T16:02:36.760149700Z  ( 3)  1.shield#3.kids_cat4 = 0
2021-07-20T16:02:36.760152300Z 
2021-07-20T16:02:36.760154500Z            chi2(  3) =    3.00
2021-07-20T16:02:36.760156900Z          Prob > chi2 =    0.3922
2021-07-20T16:02:36.760208400Z 
2021-07-20T16:02:36.760243900Z kids_cat4 
2021-07-20T16:02:36.760264600Z ****************
2021-07-20T16:02:36.763478000Z 
2021-07-20T16:02:36.763509000Z  ( 1)  1.kids_cat4 + 1.shield#1.kids_cat4 = 0
2021-07-20T16:02:36.763706600Z 
2021-07-20T16:02:36.774848400Z ------------------------------------------------------------------------------
2021-07-20T16:02:36.774873500Z           _t |     exp(b)   Std. Err.      z    P>|z|     [95% Conf. Interval]
2021-07-20T16:02:36.774879200Z -------------+----------------------------------------------------------------
2021-07-20T16:02:36.775365000Z          (1) |   .9352915    .095843    -0.65   0.514      .765105    1.143334
2021-07-20T16:02:36.775380300Z ------------------------------------------------------------------------------
2021-07-20T16:02:36.776073100Z kids_cat4
2021-07-20T16:02:36.776087300Z ****************
2021-07-20T16:02:36.777984300Z 
2021-07-20T16:02:36.778000000Z  ( 1)  2.kids_cat4 + 1.shield#2.kids_cat4 = 0
2021-07-20T16:02:36.778003500Z 
2021-07-20T16:02:36.786110500Z ------------------------------------------------------------------------------
2021-07-20T16:02:36.786133000Z           _t |     exp(b)   Std. Err.      z    P>|z|     [95% Conf. Interval]
2021-07-20T16:02:36.786139800Z -------------+----------------------------------------------------------------
2021-07-20T16:02:36.786696900Z          (1) |   .8138572   .1344054    -1.25   0.212     .5888105    1.124918
2021-07-20T16:02:36.786714500Z ------------------------------------------------------------------------------
2021-07-20T16:02:36.787681200Z kids_cat4
2021-07-20T16:02:36.787694200Z ****************
2021-07-20T16:02:36.790321100Z 
2021-07-20T16:02:36.790335700Z  ( 1)  3.kids_cat4 + 1.shield#3.kids_cat4 = 0
2021-07-20T16:02:36.790338900Z 
2021-07-20T16:02:36.799692600Z ------------------------------------------------------------------------------
2021-07-20T16:02:36.799729500Z           _t |     exp(b)   Std. Err.      z    P>|z|     [95% Conf. Interval]
2021-07-20T16:02:36.799736000Z -------------+----------------------------------------------------------------
2021-07-20T16:02:36.800442900Z          (1) |   .8288102   .0769395    -2.02   0.043     .6909346    .9941988
2021-07-20T16:02:36.800459100Z ------------------------------------------------------------------------------
2021-07-20T16:02:36.829181800Z (note: file output/an_interaction_cox_models_covidadmission_kids_cat4_shield_MA
2021-07-20T16:02:36.829206200Z > INFULLYADJMODEL_agespline_bmicat_noeth_ageband_0MAIN.ster not found)
2021-07-20T16:02:36.829211500Z file output/an_interaction_cox_models_covidadmission_kids_cat4_shield_MAINFULLY
2021-07-20T16:02:36.829215700Z > ADJMODEL_agespline_bmicat_noeth_ageband_0MAIN.ster saved
2021-07-20T16:02:36.836952100Z 
2021-07-20T16:02:36.836974500Z          failure _d:  covidadmission
2021-07-20T16:02:36.836979900Z    analysis time _t:  (stime_covidadmission-origin)
2021-07-20T16:02:36.836997600Z              origin:  time enter_date
2021-07-20T16:02:36.837002300Z   enter on or after:  time enter_date
2021-07-20T16:02:36.837006500Z                  id:  patient_id
2021-07-20T16:02:36.972997200Z 
2021-07-20T16:02:36.973023200Z Iteration 0:   log pseudolikelihood = -6800.9049
2021-07-20T16:02:37.061507100Z Iteration 1:   log pseudolikelihood = -6774.1385
2021-07-20T16:02:37.118833800Z Iteration 2:   log pseudolikelihood = -6773.6419
2021-07-20T16:02:37.181163600Z Iteration 3:   log pseudolikelihood = -6773.6009
2021-07-20T16:02:37.252252800Z Iteration 4:   log pseudolikelihood = -6773.5879
2021-07-20T16:02:37.315205300Z Iteration 5:   log pseudolikelihood = -6773.5831
2021-07-20T16:02:37.377534300Z Iteration 6:   log pseudolikelihood = -6773.5813
2021-07-20T16:02:37.438970200Z Iteration 7:   log pseudolikelihood = -6773.5807
2021-07-20T16:02:37.525670500Z Iteration 8:   log pseudolikelihood = -6773.5804
2021-07-20T16:02:37.586332400Z Iteration 9:   log pseudolikelihood = -6773.5804
2021-07-20T16:02:37.655951900Z Iteration 10:  log pseudolikelihood = -6773.5803
2021-07-20T16:02:37.728372300Z Iteration 11:  log pseudolikelihood = -6773.5803
2021-07-20T16:02:37.796172300Z Iteration 12:  log pseudolikelihood = -6773.5803
2021-07-20T16:02:37.869115200Z Iteration 13:  log pseudolikelihood = -6773.5803
2021-07-20T16:02:37.943655900Z Iteration 14:  log pseudolikelihood = -6773.5803
2021-07-20T16:02:38.010400200Z Iteration 15:  log pseudolikelihood = -6773.5803
2021-07-20T16:02:38.078150300Z Iteration 16:  log pseudolikelihood = -6773.5803
2021-07-20T16:02:38.148749400Z Iteration 17:  log pseudolikelihood = -6773.5803
2021-07-20T16:02:38.220933000Z Iteration 18:  log pseudolikelihood = -6773.5803
2021-07-20T16:02:38.280334300Z Iteration 19:  log pseudolikelihood = -6773.5803
2021-07-20T16:02:38.347832300Z Iteration 20:  log pseudolikelihood = -6773.5803
2021-07-20T16:02:38.418330100Z Iteration 21:  log pseudolikelihood = -6773.5803
2021-07-20T16:02:38.482800800Z Iteration 22:  log pseudolikelihood = -6773.5803
2021-07-20T16:02:38.569686400Z Iteration 23:  log pseudolikelihood = -6773.5803
2021-07-20T16:02:38.638568000Z Iteration 24:  log pseudolikelihood = -6773.5803
2021-07-20T16:02:38.710688900Z Iteration 25:  log pseudolikelihood = -6773.5803
2021-07-20T16:02:38.769168500Z Iteration 26:  log pseudolikelihood = -6773.5803
2021-07-20T16:02:38.843731000Z Iteration 27:  log pseudolikelihood = -6773.5803
2021-07-20T16:02:38.926985900Z Iteration 28:  log pseudolikelihood = -6773.5803
2021-07-20T16:02:38.988686000Z Iteration 29:  log pseudolikelihood = -6773.5803
2021-07-20T16:02:39.051802000Z Iteration 30:  log pseudolikelihood = -6773.5803
2021-07-20T16:02:39.115861200Z Iteration 31:  log pseudolikelihood = -6773.5803
2021-07-20T16:02:39.184391500Z Iteration 32:  log pseudolikelihood = -6773.5803
2021-07-20T16:02:39.254445100Z Iteration 33:  log pseudolikelihood = -6773.5803
2021-07-20T16:02:39.254475900Z Refining estimates:
2021-07-20T16:02:39.476194200Z Iteration 0:   log pseudolikelihood = -6773.5803
2021-07-20T16:02:39.710437400Z Iteration 1:   log pseudolikelihood = -6773.5803
2021-07-20T16:02:39.925494700Z Iteration 2:   log pseudolikelihood = -6773.5803
2021-07-20T16:02:40.149046400Z Iteration 3:   log pseudolikelihood = -6773.5803
2021-07-20T16:02:41.233193400Z 
2021-07-20T16:02:41.233231800Z Stratified Cox regr. -- Breslow method for ties
2021-07-20T16:02:41.233793700Z 
2021-07-20T16:02:41.233813500Z No. of subjects      =        4,494             Number of obs    =       4,494
2021-07-20T16:02:41.234174800Z No. of failures      =        1,185
2021-07-20T16:02:41.234190100Z Time at risk         =       694299
2021-07-20T16:02:41.234296000Z                                                 Wald chi2(42)    =     1374.63
2021-07-20T16:02:41.234519000Z Log pseudolikelihood =   -6773.5803             Prob > chi2      =      0.0000
2021-07-20T16:02:41.234534200Z 
2021-07-20T16:02:41.246486700Z                          (Std. Err. adjusted for 914 clusters in household_id)
2021-07-20T16:02:41.246506900Z ------------------------------------------------------------------------------
2021-07-20T16:02:41.246513000Z              |               Robust
2021-07-20T16:02:41.246518100Z           _t | Haz. Ratio   Std. Err.      z    P>|z|     [95% Conf. Interval]
2021-07-20T16:02:41.246523100Z -------------+----------------------------------------------------------------
2021-07-20T16:02:41.246528400Z    kids_cat4 |
2021-07-20T16:02:41.246685600Z only <12 ..  |   .7957673   .1525279    -1.19   0.233     .5465538    1.158615
2021-07-20T16:02:41.246906800Z  only 12-18  |    .815658   .1869696    -0.89   0.374     .5204644    1.278277
2021-07-20T16:02:41.247126300Z       mixed  |   .8852494   .1470003    -0.73   0.463     .6393212    1.225779
2021-07-20T16:02:41.247138600Z              |
2021-07-20T16:02:41.247471800Z         age1 |   .9860263   .0255767    -0.54   0.587     .9371498    1.037452
2021-07-20T16:02:41.247580000Z         age2 |   1.096847   .1200871     0.84   0.398     .8850206    1.359374
2021-07-20T16:02:41.247958500Z         age3 |    .785064   .2090442    -0.91   0.363     .4658542    1.323001
2021-07-20T16:02:41.248264000Z       1.male |   .9139534   .0545378    -1.51   0.132     .8130753    1.027347
2021-07-20T16:02:41.248279700Z              |
2021-07-20T16:02:41.248285900Z    ethnicity |
2021-07-20T16:02:41.248541100Z Asian or ..  |   .8816571   .0932842    -1.19   0.234     .7165358     1.08483
2021-07-20T16:02:41.248784700Z       Other  |   1.020823   .0925618     0.23   0.820     .8546122    1.219361
2021-07-20T16:02:41.248812700Z              |
2021-07-20T16:02:41.248818100Z    obese4cat |
2021-07-20T16:02:41.249086200Z Obese I ..)  |    .993036   .0841018    -0.08   0.934     .8411537    1.172343
2021-07-20T16:02:41.249313400Z Obese II..)  |   1.011229   .1112422     0.10   0.919     .8151009    1.254549
2021-07-20T16:02:41.249597400Z Obese II..)  |   .9424517   .1217893    -0.46   0.646     .7315798    1.214106
2021-07-20T16:02:41.249622600Z              |
2021-07-20T16:02:41.249641800Z smoke_nomiss |
2021-07-20T16:02:41.249922900Z      Former  |   .9521558   .1968108    -0.24   0.813     .6349866    1.427748
2021-07-20T16:02:41.250175900Z     Current  |   1.010798   .0893821     0.12   0.903     .8499536    1.202082
2021-07-20T16:02:41.250204800Z              |
2021-07-20T16:02:41.250211000Z          imd |
2021-07-20T16:02:41.250468900Z           4  |   1.036195    .075754     0.49   0.627     .8978668    1.195834
2021-07-20T16:02:41.250821200Z 5 most de..  |   1.284323   .1163537     2.76   0.006     1.075374    1.533872
2021-07-20T16:02:41.250834900Z              |
2021-07-20T16:02:41.250839500Z tot_adults~h |
2021-07-20T16:02:41.251099900Z           2  |   1.735858   .7861767     1.22   0.223     .7144996    4.217224
2021-07-20T16:02:41.251390200Z           3  |   1.334497   .5125248     0.75   0.452     .6286467    2.832884
2021-07-20T16:02:41.251400600Z              |
2021-07-20T16:02:41.251788300Z 1.htdiag_o~p |    1.02678   .1102401     0.25   0.806     .8319325    1.267262
2021-07-20T16:02:41.252154800Z 1.~y_disease |   .8047128   .0621805    -2.81   0.005      .691621    .9362969
2021-07-20T16:02:41.252489600Z     1.asthma |   1.183329   .1253999     1.59   0.112     .9613949    1.456495
2021-07-20T16:02:41.252836600Z 1.~c_disease |   .9709718   .0689987    -0.41   0.678      .844732    1.116077
2021-07-20T16:02:41.252849200Z              |
2021-07-20T16:02:41.252853500Z      diabcat |
2021-07-20T16:02:41.253196600Z T1DM, con..  |   1.246757   .2254805     1.22   0.223     .8746593    1.777152
2021-07-20T16:02:41.253465300Z T1DM, unc..  |   .3550023   .2574736    -1.43   0.153     .0856796    1.470906
2021-07-20T16:02:41.253787000Z T2DM, con..  |   .8389782   .0689774    -2.14   0.033     .7141152    .9856734
2021-07-20T16:02:41.254126800Z T2DM, unc..  |   .7792043   .1357324    -1.43   0.152     .5538313    1.096289
2021-07-20T16:02:41.254518700Z Diabetes,..  |   1.94e-16   1.97e-16   -35.64   0.000     2.65e-17    1.42e-15
2021-07-20T16:02:41.254531000Z              |
2021-07-20T16:02:41.254536000Z cancer_exh~t |
2021-07-20T16:02:41.254927200Z   Last year  |   .9092943   .4542028    -0.19   0.849     .3416014    2.420412
2021-07-20T16:02:41.255262900Z 2-5 years..  |   1.484346   .3001048     1.95   0.051     .9987097    2.206129
2021-07-20T16:02:41.255817500Z    5+ years  |   .8994953   .0693878    -1.37   0.170     .7732795    1.046312
2021-07-20T16:02:41.255847100Z              |
2021-07-20T16:02:41.255852300Z cancer_hae~t |
2021-07-20T16:02:41.256273300Z   Last year  |   1.425799   .9078108     0.56   0.577     .4093508    4.966164
2021-07-20T16:02:41.256701100Z 2-5 years..  |   1.015512   .2442275     0.06   0.949     .6338313    1.627033
2021-07-20T16:02:41.257050200Z    5+ years  |   1.047814   .0766458     0.64   0.523     .9078627    1.209339
2021-07-20T16:02:41.257063100Z              |
2021-07-20T16:02:41.257581200Z 1.~r_disease |   1.005251   .0747312     0.07   0.944     .8689511     1.16293
2021-07-20T16:02:41.258048800Z 1.stroke_d~a |   1.037744   .0791378     0.49   0.627     .8936717    1.205042
2021-07-20T16:02:41.258460000Z 1.other_ne~o |   1.082608   .0779127     1.10   0.270      .940183    1.246609
2021-07-20T16:02:41.258475200Z              |
2021-07-20T16:02:41.258481300Z reduced_ki~t |
2021-07-20T16:02:41.258959300Z Stage 3a/..  |   1.120315    .153064     0.83   0.406     .8571242    1.464321
2021-07-20T16:02:41.259326700Z       1.esrd |   1.030214   .0634198     0.48   0.629     .9131197    1.162324
2021-07-20T16:02:41.259835400Z 1.other_tr~t |   .9325754   .0719247    -0.91   0.365      .801743    1.084758
2021-07-20T16:02:41.260246700Z   1.asplenia |   1.017435    .078968     0.22   0.824     .8738582    1.184602
2021-07-20T16:02:41.260667100Z 1.ra_sle_p~s |    .972622   .0722018    -0.37   0.708     .8409223    1.124948
2021-07-20T16:02:41.261984300Z 1.other_im~o |   .8571273   .0528573    -2.50   0.012     .7595448    .9672467
2021-07-20T16:02:41.262032200Z ------------------------------------------------------------------------------
2021-07-20T16:02:41.262223000Z                                                              Stratified by stp
2021-07-20T16:02:41.265697200Z    1:      4.43 /        1 =       4.4330
2021-07-20T16:02:41.268863700Z 
2021-07-20T16:02:41.268883000Z          failure _d:  covidadmission
2021-07-20T16:02:41.268888900Z    analysis time _t:  (stime_covidadmission-origin)
2021-07-20T16:02:41.268893800Z              origin:  time enter_date
2021-07-20T16:02:41.268898400Z   enter on or after:  time enter_date
2021-07-20T16:02:41.268902800Z                  id:  patient_id
2021-07-20T16:02:41.447447900Z 
2021-07-20T16:02:41.447492300Z Iteration 0:   log pseudolikelihood = -6800.9049
2021-07-20T16:02:41.523963800Z Iteration 1:   log pseudolikelihood = -6772.2663
2021-07-20T16:02:41.598269100Z Iteration 2:   log pseudolikelihood = -6771.7147
2021-07-20T16:02:41.672924100Z Iteration 3:   log pseudolikelihood = -6771.6737
2021-07-20T16:02:41.757717800Z Iteration 4:   log pseudolikelihood = -6771.6607
2021-07-20T16:02:41.825761000Z Iteration 5:   log pseudolikelihood = -6771.6559
2021-07-20T16:02:41.896170500Z Iteration 6:   log pseudolikelihood = -6771.6541
2021-07-20T16:02:41.969246500Z Iteration 7:   log pseudolikelihood = -6771.6535
2021-07-20T16:02:42.043816900Z Iteration 8:   log pseudolikelihood = -6771.6533
2021-07-20T16:02:42.137176300Z Iteration 9:   log pseudolikelihood = -6771.6532
2021-07-20T16:02:42.205980600Z Iteration 10:  log pseudolikelihood = -6771.6531
2021-07-20T16:02:42.274476300Z Iteration 11:  log pseudolikelihood = -6771.6531
2021-07-20T16:02:42.339003400Z Iteration 12:  log pseudolikelihood = -6771.6531
2021-07-20T16:02:42.413286300Z Iteration 13:  log pseudolikelihood = -6771.6531
2021-07-20T16:02:42.493314000Z Iteration 14:  log pseudolikelihood = -6771.6531
2021-07-20T16:02:42.560089400Z Iteration 15:  log pseudolikelihood = -6771.6531
2021-07-20T16:02:42.634314000Z Iteration 16:  log pseudolikelihood = -6771.6531
2021-07-20T16:02:42.696877100Z Iteration 17:  log pseudolikelihood = -6771.6531
2021-07-20T16:02:42.760515700Z Iteration 18:  log pseudolikelihood = -6771.6531
2021-07-20T16:02:42.832591100Z Iteration 19:  log pseudolikelihood = -6771.6531
2021-07-20T16:02:42.911471100Z Iteration 20:  log pseudolikelihood = -6771.6531
2021-07-20T16:02:42.991041400Z Iteration 21:  log pseudolikelihood = -6771.6531
2021-07-20T16:02:43.065946000Z Iteration 22:  log pseudolikelihood = -6771.6531
2021-07-20T16:02:43.141638800Z Iteration 23:  log pseudolikelihood = -6771.6531
2021-07-20T16:02:43.224418000Z Iteration 24:  log pseudolikelihood = -6771.6531
2021-07-20T16:02:43.298343500Z Iteration 25:  log pseudolikelihood = -6771.6531
2021-07-20T16:02:43.375902100Z Iteration 26:  log pseudolikelihood = -6771.6531
2021-07-20T16:02:43.375928800Z Refining estimates:
2021-07-20T16:02:43.639710400Z Iteration 0:   log pseudolikelihood = -6771.6531
2021-07-20T16:02:43.861299400Z Iteration 1:   log pseudolikelihood = -6771.6531
2021-07-20T16:02:44.092474500Z Iteration 2:   log pseudolikelihood = -6771.6531
2021-07-20T16:02:44.321243700Z Iteration 3:   log pseudolikelihood = -6771.6531
2021-07-20T16:02:44.564454300Z Iteration 4:   log pseudolikelihood = -6771.6531
2021-07-20T16:02:44.831718800Z Iteration 5:   log pseudolikelihood = -6771.6531
2021-07-20T16:02:45.098682600Z Iteration 6:   log pseudolikelihood = -6771.6531
2021-07-20T16:02:45.392622700Z Iteration 7:   log pseudolikelihood = -6771.6531
2021-07-20T16:02:45.715588500Z Iteration 8:   log pseudolikelihood = -6771.6531
2021-07-20T16:02:46.031816800Z Iteration 9:   log pseudolikelihood = -6771.6531
2021-07-20T16:02:46.361784100Z Iteration 10:  log pseudolikelihood = -6771.6531
2021-07-20T16:02:47.964644500Z 
2021-07-20T16:02:47.964671900Z Stratified Cox regr. -- Breslow method for ties
2021-07-20T16:02:47.964678700Z 
2021-07-20T16:02:47.964684100Z No. of subjects      =        4,494             Number of obs    =       4,494
2021-07-20T16:02:47.964922300Z No. of failures      =        1,185
2021-07-20T16:02:47.964936400Z Time at risk         =       694299
2021-07-20T16:02:47.964942000Z                                                 Wald chi2(45)    =     1378.90
2021-07-20T16:02:47.966422400Z Log pseudolikelihood =   -6771.6531             Prob > chi2      =      0.0000
2021-07-20T16:02:47.966440100Z 
2021-07-20T16:02:47.979151600Z                          (Std. Err. adjusted for 914 clusters in household_id)
2021-07-20T16:02:47.979174600Z ------------------------------------------------------------------------------
2021-07-20T16:02:47.979178600Z              |               Robust
2021-07-20T16:02:47.979181200Z           _t | Haz. Ratio   Std. Err.      z    P>|z|     [95% Conf. Interval]
2021-07-20T16:02:47.979184400Z -------------+----------------------------------------------------------------
2021-07-20T16:02:47.979187100Z    kids_cat4 |
2021-07-20T16:02:47.979394000Z only <12 ..  |   1.203722   .3557503     0.63   0.530     .6744667    2.148285
2021-07-20T16:02:47.979748100Z  only 12-18  |   1.138709   .4279078     0.35   0.730     .5451869    2.378374
2021-07-20T16:02:47.979840100Z       mixed  |   .8316504    .158898    -0.96   0.335     .5718831    1.209412
2021-07-20T16:02:47.979854200Z              |
2021-07-20T16:02:47.980126800Z         age1 |   .9869436   .0256182    -0.51   0.613     .9379887    1.038454
2021-07-20T16:02:47.980343600Z         age2 |   1.093936   .1198532     0.82   0.413     .8825372    1.355972
2021-07-20T16:02:47.980637400Z         age3 |   .7897466   .2104442    -0.89   0.376     .4684547    1.331398
2021-07-20T16:02:47.980962500Z       1.male |   .9150006    .054705    -1.49   0.137     .8138245    1.028755
2021-07-20T16:02:47.980976200Z              |
2021-07-20T16:02:47.980981500Z    ethnicity |
2021-07-20T16:02:47.981250500Z Asian or ..  |   .8812092   .0933977    -1.19   0.233     .7159156    1.084666
2021-07-20T16:02:47.981622400Z       Other  |   1.025692   .0933393     0.28   0.780     .8581368    1.225963
2021-07-20T16:02:47.981635300Z              |
2021-07-20T16:02:47.981640500Z    obese4cat |
2021-07-20T16:02:47.981952200Z Obese I ..)  |   .9917459   .0839561    -0.10   0.922     .8401215    1.170735
2021-07-20T16:02:47.982221800Z Obese II..)  |   1.010655   .1113447     0.10   0.923      .814377     1.25424
2021-07-20T16:02:47.982597300Z Obese II..)  |   .9411669   .1216744    -0.47   0.639     .7305048     1.21258
2021-07-20T16:02:47.982609200Z              |
2021-07-20T16:02:47.982613600Z smoke_nomiss |
2021-07-20T16:02:47.982895800Z      Former  |   .9568441   .1976637    -0.21   0.831      .638265    1.434437
2021-07-20T16:02:47.983132700Z     Current  |   1.009444   .0896784     0.11   0.916     .8481286    1.201441
2021-07-20T16:02:47.983155600Z              |
2021-07-20T16:02:47.983161500Z          imd |
2021-07-20T16:02:47.983545000Z           4  |   1.039344   .0760177     0.53   0.598     .9005388    1.199544
2021-07-20T16:02:47.983807000Z 5 most de..  |   1.294761   .1174774     2.85   0.004     1.083821    1.546755
2021-07-20T16:02:47.983819800Z              |
2021-07-20T16:02:47.983824500Z tot_adults~h |
2021-07-20T16:02:47.984044600Z           2  |   1.765447   .7966802     1.26   0.208     .7290197    4.275334
2021-07-20T16:02:47.984417600Z           3  |   1.322743   .5084926     0.73   0.467     .6226647    2.809938
2021-07-20T16:02:47.984429100Z              |
2021-07-20T16:02:47.984925400Z 1.htdiag_o~p |   1.024373   .1102758     0.22   0.823     .8295157    1.265003
2021-07-20T16:02:47.985319400Z 1.~y_disease |   .8005736   .0634745    -2.81   0.005     .6853504    .9351686
2021-07-20T16:02:47.985705500Z     1.asthma |   1.182093   .1273714     1.55   0.121     .9570491    1.460055
2021-07-20T16:02:47.985978700Z 1.~c_disease |   .9698315   .0688985    -0.43   0.666     .8437726    1.114723
2021-07-20T16:02:47.986013000Z              |
2021-07-20T16:02:47.986022800Z      diabcat |
2021-07-20T16:02:47.986848400Z T1DM, con..  |   1.242466    .225129     1.20   0.231     .8710657    1.772223
2021-07-20T16:02:47.987439100Z T1DM, unc..  |   .3534265   .2562739    -1.43   0.151     .0853262    1.463915
2021-07-20T16:02:47.988169800Z T2DM, con..  |   .8360588   .0687929    -2.18   0.030     .7115378    .9823712
2021-07-20T16:02:47.988508900Z T2DM, unc..  |   .7804504    .135952    -1.42   0.155     .5547134     1.09805
2021-07-20T16:02:47.988943000Z Diabetes,..  |   2.06e-16   2.10e-16   -35.50   0.000     2.81e-17    1.52e-15
2021-07-20T16:02:47.988958300Z              |
2021-07-20T16:02:47.988963800Z cancer_exh~t |
2021-07-20T16:02:47.989339600Z   Last year  |    .920543   .4564969    -0.17   0.867      .348284     2.43307
2021-07-20T16:02:47.989682600Z 2-5 years..  |   1.482926   .3004413     1.94   0.052     .9969324    2.205836
2021-07-20T16:02:47.990056500Z    5+ years  |   .8946974   .0707456    -1.41   0.159     .7662489    1.044678
2021-07-20T16:02:47.990070100Z              |
2021-07-20T16:02:47.990075300Z cancer_hae~t |
2021-07-20T16:02:47.990499300Z   Last year  |   1.444403   .9159316     0.58   0.562     .4167928    5.005602
2021-07-20T16:02:47.990904500Z 2-5 years..  |   1.012883   .2437519     0.05   0.958     .6319988    1.623313
2021-07-20T16:02:47.991343500Z    5+ years  |   1.043583   .0792585     0.56   0.574     .8992478    1.211084
2021-07-20T16:02:47.991358200Z              |
2021-07-20T16:02:47.991941700Z 1.~r_disease |   1.009265   .0750382     0.12   0.901     .8724066    1.167593
2021-07-20T16:02:47.992356100Z 1.stroke_d~a |   1.039481   .0790069     0.51   0.610      .895612     1.20646
2021-07-20T16:02:47.992716800Z 1.other_ne~o |    1.08266   .0778923     1.10   0.270     .9402689    1.246614
2021-07-20T16:02:47.992756900Z              |
2021-07-20T16:02:47.992762300Z reduced_ki~t |
2021-07-20T16:02:47.993211400Z Stage 3a/..  |   1.120283   .1532048     0.83   0.406     .8568831    1.464652
2021-07-20T16:02:47.993624100Z       1.esrd |   1.024679   .0660007     0.38   0.705      .903152    1.162558
2021-07-20T16:02:47.993949300Z 1.other_tr~t |   .9304508   .0731295    -0.92   0.359     .7976137    1.085411
2021-07-20T16:02:47.994305300Z   1.asplenia |   1.014239     .08066     0.18   0.859     .8678535    1.185317
2021-07-20T16:02:47.994871000Z 1.ra_sle_p~s |    .975849    .072313    -0.33   0.741     .8439298    1.128389
2021-07-20T16:02:47.995166700Z 1.other_im~o |   .8542055   .0564575    -2.38   0.017     .7504182    .9723472
2021-07-20T16:02:47.995182100Z              |
2021-07-20T16:02:47.995187000Z       shield#|
2021-07-20T16:02:47.995190900Z    kids_cat4 |
2021-07-20T16:02:47.995194700Z           1 #|
2021-07-20T16:02:47.995668200Z only <12 ..  |   .6215397   .1753644    -1.69   0.092     .3575251    1.080516
2021-07-20T16:02:47.995705400Z           1 #|
2021-07-20T16:02:47.996065600Z  only 12-18  |   .6945376   .2872018    -0.88   0.378      .308824    1.561998
2021-07-20T16:02:47.998289500Z     1#mixed  |   1.081769   .1210936     0.70   0.483     .8686614    1.347157
2021-07-20T16:02:47.998337600Z ------------------------------------------------------------------------------
2021-07-20T16:02:47.998634200Z                                                              Stratified by stp
2021-07-20T16:02:48.001897400Z    1:      6.74 /        1 =       6.7370
2021-07-20T16:02:48.001917600Z 
2021-07-20T16:02:48.001923500Z  ( 1)  1.shield#1.kids_cat4 = 0
2021-07-20T16:02:48.001927300Z  ( 2)  1.shield#2.kids_cat4 = 0
2021-07-20T16:02:48.001929900Z  ( 3)  1.shield#3.kids_cat4 = 0
2021-07-20T16:02:48.001932500Z 
2021-07-20T16:02:48.002082900Z            chi2(  3) =    4.62
2021-07-20T16:02:48.002099000Z          Prob > chi2 =    0.2018
2021-07-20T16:02:48.002379300Z 
2021-07-20T16:02:48.002392400Z kids_cat4 
2021-07-20T16:02:48.002397000Z ****************
2021-07-20T16:02:48.004549200Z 
2021-07-20T16:02:48.004562800Z  ( 1)  1.kids_cat4 + 1.shield#1.kids_cat4 = 0
2021-07-20T16:02:48.004762400Z 
2021-07-20T16:02:48.014189100Z ------------------------------------------------------------------------------
2021-07-20T16:02:48.014211300Z           _t |     exp(b)   Std. Err.      z    P>|z|     [95% Conf. Interval]
2021-07-20T16:02:48.014217100Z -------------+----------------------------------------------------------------
2021-07-20T16:02:48.014801700Z          (1) |   .7481611   .1500377    -1.45   0.148     .5050025      1.1084
2021-07-20T16:02:48.014869400Z ------------------------------------------------------------------------------
2021-07-20T16:02:48.015336200Z kids_cat4
2021-07-20T16:02:48.015374100Z ****************
2021-07-20T16:02:48.018014900Z 
2021-07-20T16:02:48.018030300Z  ( 1)  2.kids_cat4 + 1.shield#2.kids_cat4 = 0
2021-07-20T16:02:48.018228400Z 
2021-07-20T16:02:48.026236800Z ------------------------------------------------------------------------------
2021-07-20T16:02:48.026276600Z           _t |     exp(b)   Std. Err.      z    P>|z|     [95% Conf. Interval]
2021-07-20T16:02:48.026283400Z -------------+----------------------------------------------------------------
2021-07-20T16:02:48.026748900Z          (1) |   .7908762   .1948466    -0.95   0.341     .4879773    1.281791
2021-07-20T16:02:48.026765900Z ------------------------------------------------------------------------------
2021-07-20T16:02:48.027375400Z kids_cat4
2021-07-20T16:02:48.027390200Z ****************
2021-07-20T16:02:48.029549100Z 
2021-07-20T16:02:48.029580100Z  ( 1)  3.kids_cat4 + 1.shield#3.kids_cat4 = 0
2021-07-20T16:02:48.029773800Z 
2021-07-20T16:02:48.039931500Z ------------------------------------------------------------------------------
2021-07-20T16:02:48.039956200Z           _t |     exp(b)   Std. Err.      z    P>|z|     [95% Conf. Interval]
2021-07-20T16:02:48.039962600Z -------------+----------------------------------------------------------------
2021-07-20T16:02:48.040547300Z          (1) |   .8996532    .150746    -0.63   0.528     .6478101    1.249403
2021-07-20T16:02:48.040560900Z ------------------------------------------------------------------------------
2021-07-20T16:02:48.050417700Z (note: file output/an_interaction_cox_models_covidadmission_kids_cat4_shield_MA
2021-07-20T16:02:48.050444600Z > INFULLYADJMODEL_agespline_bmicat_noeth_ageband_1MAIN.ster not found)
2021-07-20T16:02:48.050454100Z file output/an_interaction_cox_models_covidadmission_kids_cat4_shield_MAINFULLY
2021-07-20T16:02:48.050493200Z > ADJMODEL_agespline_bmicat_noeth_ageband_1MAIN.ster saved
2021-07-20T16:02:48.050500400Z 
2021-07-20T16:02:48.050503400Z . 
2021-07-20T16:02:48.050505900Z . log close
2021-07-20T16:02:48.050509800Z       name:  <unnamed>
2021-07-20T16:02:48.050512600Z        log:  /workspace/log/10_an_interaction_cox_models_shield_covidadmissionM
2021-07-20T16:02:48.050515700Z > AIN.log
2021-07-20T16:02:48.050518500Z   log type:  text
2021-07-20T16:02:48.050521100Z  closed on:  20 Jul 2021, 16:02:48
2021-07-20T16:02:48.050523700Z -------------------------------------------------------------------------------
2021-07-20T16:02:48.050526300Z 
2021-07-20T16:02:48.050528600Z . 
2021-07-20T16:02:48.050546200Z . exit, clear 
2021-07-20T16:02:48.050553300Z 
2021-07-20T16:02:48.050558600Z end of do-file
2021-07-20T16:02:48.050564500Z 
2021-07-20T16:02:48.050570700Z . . file open output using "/tmp/tmp.W0qCap13ar", write text replace
2021-07-20T16:02:48.050804000Z 
2021-07-20T16:02:48.050819700Z . . file write output "success" 
2021-07-20T16:02:48.050825000Z 
2021-07-20T16:02:48.050828900Z . . file close output
2021-07-20T16:02:48.050832900Z 
2021-07-20T16:02:48.050836600Z . 
2021-07-20T16:02:48.050840700Z end of do-file
2021-07-20T16:02:48.050844800Z 
2021-07-20T16:02:48.050848600Z 
2021-07-20T16:02:48.079686000Z . 

state: succeeded
commit: none
docker_image_id: sha256:11980aa720220a1b39bf523f5a8a33270214c13876c30ee364e16265766f7f60
exit_code: 0
job_id: ytkoqwl3hqp24mwh
run_by_user: qc18278
created_at: 2021-07-20T15:38:48Z
started_at: 2021-07-20T16:02:14Z
completed_at: 2021-07-20T16:03:36Z

Completed successfully

outputs:
  log/10_an_interaction_cox_models_shield_covidadmissionMAIN.log                                                                - moderately_sensitive
  output/an_interaction_cox_models_covidadmission_kids_cat4_shield_MAINFULLYADJMODEL_agespline_bmicat_noeth_ageband_0MAIN.ster  - moderately_sensitive
  output/an_interaction_cox_models_covidadmission_kids_cat4_shield_MAINFULLYADJMODEL_agespline_bmicat_noeth_ageband_1MAIN.ster  - moderately_sensitive