2021-08-10T12:30:46.143340400Z 
2021-08-10T12:30:46.143359400Z   ___  ____  ____  ____  ____ (R)
2021-08-10T12:30:46.143362500Z  /__    /   ____/   /   ____/
2021-08-10T12:30:46.143364400Z ___/   /   /___/   /   /___/   16.1   Copyright 1985-2019 StataCorp LLC
2021-08-10T12:30:46.143366300Z   Statistics/Data Analysis            StataCorp
2021-08-10T12:30:46.143368300Z                                       4905 Lakeway Drive
2021-08-10T12:30:46.143371300Z                                       College Station, Texas 77845 USA
2021-08-10T12:30:46.143373200Z                                       800-STATA-PC        http://www.stata.com
2021-08-10T12:30:46.143375000Z                                       979-696-4600        stata@stata.com
2021-08-10T12:30:46.143376900Z                                       979-696-4601 (fax)
2021-08-10T12:30:46.143378700Z 
2021-08-10T12:30:46.143380400Z 3-user Stata network license expires 11 May 2022:
2021-08-10T12:30:46.143382100Z        Serial number:  501709312237
2021-08-10T12:30:46.143384000Z          Licensed to:  The Bennett Institute
2021-08-10T12:30:46.143385900Z                        Oxford University
2021-08-10T12:30:46.143925500Z 
2021-08-10T12:30:46.143934700Z Notes:
2021-08-10T12:30:46.143937300Z       1.  Unicode is supported; see help unicode_advice.
2021-08-10T12:30:46.143939200Z 
2021-08-10T12:30:46.143941000Z . do "analysis/10_an_interaction_cox_models_ethnicity_strat.wrapper.do" covid_d
2021-08-10T12:30:46.143943100Z > eath MAIN 
2021-08-10T12:30:46.143945100Z 
2021-08-10T12:30:46.143947600Z . . do "analysis/10_an_interaction_cox_models_ethnicity_strat.do" covid_death M
2021-08-10T12:30:46.143950800Z > AIN
2021-08-10T12:30:46.143953600Z 
2021-08-10T12:30:46.143956100Z . *****************************************************************************
2021-08-10T12:30:46.143959000Z > ***
2021-08-10T12:30:46.143961700Z . *
2021-08-10T12:30:46.143964200Z . *       Do-file:                10_an_interaction_cox_models_weeks.do
2021-08-10T12:30:46.143967000Z . *
2021-08-10T12:30:46.143969500Z . *       Project:                Exposure children and COVID risk
2021-08-10T12:30:46.143972600Z . *
2021-08-10T12:30:46.143975400Z . *       Programmed by:  Hforbes, based on files from Fizz & Krishnan
2021-08-10T12:30:46.143978300Z . *
2021-08-10T12:30:46.143981000Z . *       Data used:              analysis_dataset.dta
2021-08-10T12:30:46.143984200Z . *
2021-08-10T12:30:46.143986400Z . *       Data created:   None
2021-08-10T12:30:46.143988400Z . *
2021-08-10T12:30:46.143990200Z . *       Other output:   Log file:  10_an_interaction_cox_models.log
2021-08-10T12:30:46.143992200Z . *
2021-08-10T12:30:46.144000800Z . *****************************************************************************
2021-08-10T12:30:46.144004100Z > ***
2021-08-10T12:30:46.144006700Z . *
2021-08-10T12:30:46.144009400Z . *       Purpose:                This do-file performs multivariable (fully ad
2021-08-10T12:30:46.144012200Z > justed)
2021-08-10T12:30:46.144015200Z . *                                       Cox models, with an interaction by we
2021-08-10T12:30:46.144018200Z > ek of pandemic.
2021-08-10T12:30:46.144020900Z . *
2021-08-10T12:30:46.144023500Z . *****************************************************************************
2021-08-10T12:30:46.144026400Z > ***
2021-08-10T12:30:46.144029100Z . *
2021-08-10T12:30:46.144030800Z . *       Stata routines needed:  stbrier
2021-08-10T12:30:46.144032600Z . *
2021-08-10T12:30:46.144034400Z . *****************************************************************************
2021-08-10T12:30:46.144036300Z > ***
2021-08-10T12:30:46.144038200Z . 
2021-08-10T12:30:46.144040000Z . 
2021-08-10T12:30:46.144041800Z . * Set globals that will print in programs and direct output
2021-08-10T12:30:46.144043700Z . global outdir     "output"
2021-08-10T12:30:46.144047800Z 
2021-08-10T12:30:46.144049700Z . global logdir     "log"
2021-08-10T12:30:46.144051700Z 
2021-08-10T12:30:46.144053400Z . global tempdir    "tempdata"
2021-08-10T12:30:46.144055400Z 
2021-08-10T12:30:46.144057800Z . global demogadjlist  age1 age2 age3 i.male i.ethnicity  i.obese4cat i.smoke_n
2021-08-10T12:30:46.144060700Z > omiss i.imd i.tot_adults_hh
2021-08-10T12:30:46.144063200Z 
2021-08-10T12:30:46.144065500Z . global comordidadjlist  i.htdiag_or_highbp                              ///
2021-08-10T12:30:46.144068600Z >                         i.chronic_respiratory_disease   ///
2021-08-10T12:30:46.144071600Z >                         i.asthma                                             
2021-08-10T12:30:46.144073600Z >    ///
2021-08-10T12:30:46.144075400Z >                         i.chronic_cardiac_disease               ///
2021-08-10T12:30:46.144077300Z >                         i.diabcat                                            
2021-08-10T12:30:46.144079100Z >    ///
2021-08-10T12:30:46.144080800Z >                         i.cancer_exhaem_cat                             ///
2021-08-10T12:30:46.144082600Z >                         i.cancer_haem_cat                               ///
2021-08-10T12:30:46.144084400Z >                         i.chronic_liver_disease                 ///
2021-08-10T12:30:46.144086400Z >                         i.stroke_dementia                               ///
2021-08-10T12:30:46.144092000Z >                         i.other_neuro                                   ///
2021-08-10T12:30:46.144094100Z >                         i.reduced_kidney_function_cat   ///
2021-08-10T12:30:46.144096000Z >                         i.esrd                                               
2021-08-10T12:30:46.144097800Z >    ///
2021-08-10T12:30:46.144099500Z >                         i.other_transplant                              ///
2021-08-10T12:30:46.144101300Z >                         i.asplenia                                           
2021-08-10T12:30:46.144103100Z >    ///
2021-08-10T12:30:46.144105000Z >                         i.ra_sle_psoriasis                      ///
2021-08-10T12:30:46.144106900Z >                         i.other_immuno
2021-08-10T12:30:46.144108800Z 
2021-08-10T12:30:46.144110500Z . local outcome `1' 
2021-08-10T12:30:46.144112300Z 
2021-08-10T12:30:46.144114000Z . local dataset `2'
2021-08-10T12:30:46.144142700Z 
2021-08-10T12:30:46.144146300Z . 
2021-08-10T12:30:46.144149000Z . 
2021-08-10T12:30:46.144151500Z . *****************************************************************************
2021-08-10T12:30:46.144154300Z > *******
2021-08-10T12:30:46.144157100Z . *First clean up all old saved estimates for this outcome
2021-08-10T12:30:46.144160000Z . *This is to guard against accidentally displaying left-behind results from ol
2021-08-10T12:30:46.144163100Z > d runs
2021-08-10T12:30:46.144165900Z . *****************************************************************************
2021-08-10T12:30:46.144168800Z > *******
2021-08-10T12:30:46.144172700Z . log using "$logdir/10_an_interaction_cox_models_ethcat_`outcome'`dataset'", t
2021-08-10T12:30:46.144176200Z > ext replace
2021-08-10T12:30:46.144178700Z (note: file /workspace/log/10_an_interaction_cox_models_ethcat_covid_deathMAIN.
2021-08-10T12:30:46.144181500Z > log not found)
2021-08-10T12:30:46.144184200Z -------------------------------------------------------------------------------
2021-08-10T12:30:46.144186900Z       name:  <unnamed>
2021-08-10T12:30:46.144189800Z        log:  /workspace/log/10_an_interaction_cox_models_ethcat_covid_deathMAIN
2021-08-10T12:30:46.144193200Z > .log
2021-08-10T12:30:46.144195900Z   log type:  text
2021-08-10T12:30:46.144198100Z  opened on:  10 Aug 2021, 12:30:46
2021-08-10T12:30:46.144200800Z 
2021-08-10T12:30:46.144203500Z . 
2021-08-10T12:30:46.144206300Z . *****************************************************************************
2021-08-10T12:30:46.144209500Z > ********
2021-08-10T12:30:46.144233200Z . * Open dataset and fit specified model(s)
2021-08-10T12:30:46.144240800Z . forvalues x=0/1 {
2021-08-10T12:30:46.144243100Z   2. 
2021-08-10T12:30:46.144283200Z . use "$tempdir/cr_create_analysis_dataset_STSET_`outcome'_ageband_`x'`dataset'
2021-08-10T12:30:46.144291300Z > .dta", clear
2021-08-10T12:30:46.144307100Z   3. 
2021-08-10T12:30:46.144310000Z . safetab ethnicity `outcome'
2021-08-10T12:30:46.144312100Z   4. levelsof ethnicity, local(levels)
2021-08-10T12:30:46.144314000Z   5. 
2021-08-10T12:30:46.144315700Z . 
2021-08-10T12:30:46.144317400Z . 
2021-08-10T12:30:46.144320000Z . *Age spline model (not adj ethnicity, interaction)
2021-08-10T12:30:46.144365200Z . stcox i.kids_cat4##i.ethnicity                                               
2021-08-10T12:30:46.144373700Z >                    ///
2021-08-10T12:30:46.144377200Z >                         $demogadjlist                                        
2021-08-10T12:30:46.144380500Z >            ///
2021-08-10T12:30:46.144383400Z >                         $comordidadjlist                                     
2021-08-10T12:30:46.144386500Z >            ///
2021-08-10T12:30:46.144389600Z >                         , strata(stp) vce(cluster household_id)
2021-08-10T12:30:46.144392800Z   6.                         estimates save ./output/an_interaction_cox_models_
2021-08-10T12:30:46.144395900Z > `outcome'_kids_cat4_ethnicity_MAINFULLYADJMODEL_agespline_bmicat_noeth_ageban
2021-08-10T12:30:46.144399100Z > d_`x'`dataset', replace
2021-08-10T12:30:46.144401800Z   7. foreach l of local levels {
2021-08-10T12:30:46.144404400Z   8. if _rc==0 {
2021-08-10T12:30:46.144407100Z   9. *testparm `ethcat'.ethnicity#i.kids_cat4
2021-08-10T12:30:46.144410000Z . *di _n "kids_cat4 " _n "****************"
2021-08-10T12:30:46.144413400Z . lincom 1.kids_cat4 + `l'.ethnicity#1.kids_cat4, eform
2021-08-10T12:30:46.144418300Z  10. di "kids_cat4" _n "****************"
2021-08-10T12:30:46.144421800Z  11. lincom 2.kids_cat4 + `l'.ethnicity#2.kids_cat4, eform
2021-08-10T12:30:46.144424800Z  12. lincom 3.kids_cat4 + `l'.ethnicity#3.kids_cat4, eform
2021-08-10T12:30:46.144427500Z  13. 
2021-08-10T12:30:46.144430100Z . }
2021-08-10T12:30:46.144432800Z  14. *else di "WARNING GROUP MODEL DID NOT FIT (OUTCOME `outcome')"
2021-08-10T12:30:46.144435700Z . }
2021-08-10T12:30:46.144438500Z  15. }
2021-08-10T12:30:46.147727700Z 0
2021-08-10T12:30:46.156009800Z 
2021-08-10T12:30:46.156023800Z                       |   Failure/censoring
2021-08-10T12:30:46.156027900Z                       |     indicator for
2021-08-10T12:30:46.156040400Z                       | outcome: covid death
2021-08-10T12:30:46.156043900Z             Ethnicity |         0          1 |     Total
2021-08-10T12:30:46.156047100Z ----------------------+----------------------+----------
2021-08-10T12:30:46.156050100Z                 White |    10,488      2,487 |    12,975 
2021-08-10T12:30:46.156053000Z Asian or Asian Britis |     1,294        297 |     1,591 
2021-08-10T12:30:46.156056000Z                 Other |     1,347        293 |     1,640 
2021-08-10T12:30:46.156058800Z ----------------------+----------------------+----------
2021-08-10T12:30:46.156063500Z                 Total |    13,129      3,077 |    16,206 
2021-08-10T12:30:46.163315400Z 1 3 5
2021-08-10T12:30:46.174282500Z 
2021-08-10T12:30:46.174294700Z          failure _d:  covid_death
2021-08-10T12:30:46.174297300Z    analysis time _t:  (stime_covid_death-origin)
2021-08-10T12:30:46.174299200Z              origin:  time enter_date
2021-08-10T12:30:46.174301000Z   enter on or after:  time enter_date
2021-08-10T12:30:46.174303200Z                  id:  patient_id
2021-08-10T12:30:46.633728700Z 
2021-08-10T12:30:46.633754000Z Iteration 0:   log pseudolikelihood =   -22198.7
2021-08-10T12:30:46.807179600Z Iteration 1:   log pseudolikelihood = -22178.867
2021-08-10T12:30:46.975599400Z Iteration 2:   log pseudolikelihood =  -22178.03
2021-08-10T12:30:47.141544900Z Iteration 3:   log pseudolikelihood = -22178.016
2021-08-10T12:30:47.320855400Z Iteration 4:   log pseudolikelihood = -22178.016
2021-08-10T12:30:47.320874300Z Refining estimates:
2021-08-10T12:30:48.105993200Z Iteration 0:   log pseudolikelihood = -22178.016
2021-08-10T12:30:57.572033000Z 
2021-08-10T12:30:57.572052100Z Stratified Cox regr. -- Breslow method for ties
2021-08-10T12:30:57.572102400Z 
2021-08-10T12:30:57.572109900Z No. of subjects      =       16,206             Number of obs    =      16,206
2021-08-10T12:30:57.572112600Z No. of failures      =        3,077
2021-08-10T12:30:57.572114700Z Time at risk         =      2893531
2021-08-10T12:30:57.572246500Z                                                 Wald chi2(48)    =       45.46
2021-08-10T12:30:57.572254900Z Log pseudolikelihood =   -22178.016             Prob > chi2      =      0.5774
2021-08-10T12:30:57.572259400Z 
2021-08-10T12:30:57.695548500Z                        (Std. Err. adjusted for 1,106 clusters in household_id)
2021-08-10T12:30:57.695566800Z ------------------------------------------------------------------------------
2021-08-10T12:30:57.695572000Z              |               Robust
2021-08-10T12:30:57.695576000Z           _t | Haz. Ratio   Std. Err.      z    P>|z|     [95% Conf. Interval]
2021-08-10T12:30:57.695580400Z -------------+----------------------------------------------------------------
2021-08-10T12:30:57.695592400Z    kids_cat4 |
2021-08-10T12:30:57.702271400Z only <12 ..  |   .9635345   .1268335    -0.28   0.778     .7444243    1.247137
2021-08-10T12:30:57.702284600Z  only 12-18  |   .9856655   .1775079    -0.08   0.936     .6925278    1.402884
2021-08-10T12:30:57.702598100Z       mixed  |   1.030005    .117926     0.26   0.796     .8229716    1.289122
2021-08-10T12:30:57.702609200Z              |
2021-08-10T12:30:57.702613600Z    ethnicity |
2021-08-10T12:30:57.702746300Z Asian or ..  |   1.509959   .4191341     1.48   0.138     .8763724    2.601606
2021-08-10T12:30:57.703155700Z       Other  |   1.127934   .3440835     0.39   0.693      .620325    2.050917
2021-08-10T12:30:57.703164300Z              |
2021-08-10T12:30:57.703167300Z    kids_cat4#|
2021-08-10T12:30:57.703170500Z    ethnicity |
2021-08-10T12:30:57.703173800Z only <12 .. #|
2021-08-10T12:30:57.703248000Z Asian or ..  |   .8268354    .274577    -0.57   0.567     .4312713    1.585213
2021-08-10T12:30:57.703256400Z only <12 .. #|
2021-08-10T12:30:57.703621200Z       Other  |   1.132238   .3912297     0.36   0.719     .5751971    2.228739
2021-08-10T12:30:57.703632700Z  only 12-18 #|
2021-08-10T12:30:57.703746800Z Asian or ..  |    1.44805   .6557623     0.82   0.414      .596087    3.517691
2021-08-10T12:30:57.703755400Z  only 12-18 #|
2021-08-10T12:30:57.704065200Z       Other  |   .8767017   .4716902    -0.24   0.807     .3054088    2.516647
2021-08-10T12:30:57.704074200Z       mixed #|
2021-08-10T12:30:57.704233500Z Asian or ..  |   .6050911   .1731114    -1.76   0.079     .3453816    1.060089
2021-08-10T12:30:57.704345400Z mixed#Other  |   .7840858    .244949    -0.78   0.436     .4250575    1.446371
2021-08-10T12:30:57.704354000Z              |
2021-08-10T12:30:57.704478800Z         age1 |   .9890014    .006722    -1.63   0.104     .9759139    1.002265
2021-08-10T12:30:57.704742300Z         age2 |    1.03943   .0221129     1.82   0.069     .9969808    1.083687
2021-08-10T12:30:57.704970700Z         age3 |   .8958738   .0531476    -1.85   0.064     .7975343    1.006339
2021-08-10T12:30:57.705087100Z       1.male |   .9599324   .0352932    -1.11   0.266     .8931924    1.031659
2021-08-10T12:30:57.705095000Z              |
2021-08-10T12:30:57.705097500Z    obese4cat |
2021-08-10T12:30:57.705216500Z Obese I ..)  |   .9779015   .0498763    -0.44   0.661      .884873     1.08071
2021-08-10T12:30:57.705367200Z Obese II..)  |   1.002654   .0682114     0.04   0.969     .8774917    1.145668
2021-08-10T12:30:57.705559900Z Obese II..)  |   .9716269   .0793687    -0.35   0.725      .827881    1.140332
2021-08-10T12:30:57.705566900Z              |
2021-08-10T12:30:57.705569100Z smoke_nomiss |
2021-08-10T12:30:57.705753800Z      Former  |   .9757836   .1287601    -0.19   0.853     .7534124    1.263788
2021-08-10T12:30:57.705944400Z     Current  |   .9703193   .0561932    -0.52   0.603     .8662033     1.08695
2021-08-10T12:30:57.705951300Z              |
2021-08-10T12:30:57.705953400Z          imd |
2021-08-10T12:30:57.706132900Z           4  |    .993645   .0446419    -0.14   0.887     .9098901     1.08511
2021-08-10T12:30:57.706330900Z 5 most de..  |   .9392493   .0576436    -1.02   0.307     .8328005    1.059305
2021-08-10T12:30:57.706337800Z              |
2021-08-10T12:30:57.706340000Z tot_adults~h |
2021-08-10T12:30:57.706522800Z           2  |   1.006858   .3303201     0.02   0.983     .5293152    1.915235
2021-08-10T12:30:57.706736800Z           3  |   .9633121   .2410245    -0.15   0.881     .5899199    1.573044
2021-08-10T12:30:57.706743400Z              |
2021-08-10T12:30:57.706961400Z 1.htdiag_o~p |   .9719043    .063092    -0.44   0.661     .8557897    1.103773
2021-08-10T12:30:57.707155100Z 1.~y_disease |   .9676996    .045514    -0.70   0.485     .8824819    1.061146
2021-08-10T12:30:57.707388800Z     1.asthma |   .9606447   .0642715    -0.60   0.548     .8425846    1.095247
2021-08-10T12:30:57.707593500Z 1.~c_disease |   1.065932   .0485983     1.40   0.161     .9748127    1.165568
2021-08-10T12:30:57.707600500Z              |
2021-08-10T12:30:57.707602800Z      diabcat |
2021-08-10T12:30:57.707803800Z T1DM, con..  |   1.054178   .1145954     0.49   0.627     .8518899    1.304502
2021-08-10T12:30:57.707960800Z T1DM, unc..  |   .7651181   .2103928    -0.97   0.330     .4463385    1.311573
2021-08-10T12:30:57.708119100Z T2DM, con..  |   .9959161   .0485775    -0.08   0.933     .9051154    1.095826
2021-08-10T12:30:57.708280200Z T2DM, unc..  |   1.029831   .1078082     0.28   0.779     .8387988     1.26437
2021-08-10T12:30:57.708483300Z Diabetes,..  |   .4130534   .4145005    -0.88   0.378      .057786      2.9525
2021-08-10T12:30:57.708490300Z              |
2021-08-10T12:30:57.708492500Z cancer_exh~t |
2021-08-10T12:30:57.708689800Z   Last year  |   .8059384   .2450791    -0.71   0.478     .4440774    1.462666
2021-08-10T12:30:57.708857700Z 2-5 years..  |   .7723719   .1213265    -1.64   0.100     .5676977    1.050838
2021-08-10T12:30:57.709060400Z    5+ years  |   .9592457   .0462182    -0.86   0.388     .8728054    1.054247
2021-08-10T12:30:57.709067300Z              |
2021-08-10T12:30:57.709069400Z cancer_hae~t |
2021-08-10T12:30:57.709267300Z   Last year  |   .6985847   .2264165    -1.11   0.268     .3701165     1.31856
2021-08-10T12:30:57.709430700Z 2-5 years..  |    .930528   .1361713    -0.49   0.623     .6985003    1.239631
2021-08-10T12:30:57.709649600Z    5+ years  |    .952544   .0444122    -1.04   0.297     .8693565    1.043692
2021-08-10T12:30:57.709656500Z              |
2021-08-10T12:30:57.709889200Z 1.~r_disease |   .9660922   .0440232    -0.76   0.449     .8835492    1.056346
2021-08-10T12:30:57.710091700Z 1.stroke_d~a |   .9886893   .0431927    -0.26   0.795     .9075562    1.077075
2021-08-10T12:30:57.710299700Z 1.other_ne~o |   1.028697   .0479525     0.61   0.544     .9388768    1.127109
2021-08-10T12:30:57.710306600Z              |
2021-08-10T12:30:57.710308700Z reduced_ki~t |
2021-08-10T12:30:57.710549100Z Stage 3a/..  |    .793371   .2447021    -0.75   0.453     .4334483    1.452163
2021-08-10T12:30:57.710821600Z       1.esrd |   1.038935    .038831     1.02   0.307     .9655481    1.117899
2021-08-10T12:30:57.710982000Z 1.other_tr~t |   .9694744    .045059    -0.67   0.505     .8850635    1.061936
2021-08-10T12:30:57.711217300Z   1.asplenia |   .9148317   .0419987    -1.94   0.053     .8361106    1.000965
2021-08-10T12:30:57.711425400Z 1.ra_sle_p~s |   1.060419   .0470455     1.32   0.186     .9721065    1.156754
2021-08-10T12:30:57.721287400Z 1.other_im~o |   1.018936   .0386514     0.49   0.621     .9459284    1.097579
2021-08-10T12:30:57.721306000Z ------------------------------------------------------------------------------
2021-08-10T12:30:57.721553300Z                                                              Stratified by stp
2021-08-10T12:30:57.741770700Z (note: file ./output/an_interaction_cox_models_covid_death_kids_cat4_ethnicity_
2021-08-10T12:30:57.741785000Z > MAINFULLYADJMODEL_agespline_bmicat_noeth_ageband_0MAIN.ster not found)
2021-08-10T12:30:57.741788000Z file ./output/an_interaction_cox_models_covid_death_kids_cat4_ethnicity_MAINFUL
2021-08-10T12:30:57.741790200Z > LYADJMODEL_agespline_bmicat_noeth_ageband_0MAIN.ster saved
2021-08-10T12:30:57.743666200Z 
2021-08-10T12:30:57.743677100Z  ( 1)  1.kids_cat4 + 1o.kids_cat4#1b.ethnicity = 0
2021-08-10T12:30:57.743704300Z 
2021-08-10T12:30:57.750921800Z ------------------------------------------------------------------------------
2021-08-10T12:30:57.750944900Z           _t |     exp(b)   Std. Err.      z    P>|z|     [95% Conf. Interval]
2021-08-10T12:30:57.750949600Z -------------+----------------------------------------------------------------
2021-08-10T12:30:57.751419100Z          (1) |   .9635345   .1268335    -0.28   0.778     .7444243    1.247137
2021-08-10T12:30:57.751430300Z ------------------------------------------------------------------------------
2021-08-10T12:30:57.752027500Z kids_cat4
2021-08-10T12:30:57.752036200Z ****************
2021-08-10T12:30:57.753548100Z 
2021-08-10T12:30:57.753568000Z  ( 1)  2.kids_cat4 + 2o.kids_cat4#1b.ethnicity = 0
2021-08-10T12:30:57.753575300Z 
2021-08-10T12:30:57.759006000Z ------------------------------------------------------------------------------
2021-08-10T12:30:57.759015400Z           _t |     exp(b)   Std. Err.      z    P>|z|     [95% Conf. Interval]
2021-08-10T12:30:57.759018200Z -------------+----------------------------------------------------------------
2021-08-10T12:30:57.759386700Z          (1) |   .9856655   .1775079    -0.08   0.936     .6925278    1.402884
2021-08-10T12:30:57.759395300Z ------------------------------------------------------------------------------
2021-08-10T12:30:57.761383100Z 
2021-08-10T12:30:57.761393000Z  ( 1)  3.kids_cat4 + 3o.kids_cat4#1b.ethnicity = 0
2021-08-10T12:30:57.761463000Z 
2021-08-10T12:30:57.766758200Z ------------------------------------------------------------------------------
2021-08-10T12:30:57.766768300Z           _t |     exp(b)   Std. Err.      z    P>|z|     [95% Conf. Interval]
2021-08-10T12:30:57.766771400Z -------------+----------------------------------------------------------------
2021-08-10T12:30:57.767132900Z          (1) |   1.030005    .117926     0.26   0.796     .8229716    1.289122
2021-08-10T12:30:57.767141700Z ------------------------------------------------------------------------------
2021-08-10T12:30:57.768987300Z 
2021-08-10T12:30:57.768996100Z  ( 1)  1.kids_cat4 + 1.kids_cat4#3.ethnicity = 0
2021-08-10T12:30:57.769084500Z 
2021-08-10T12:30:57.774554000Z ------------------------------------------------------------------------------
2021-08-10T12:30:57.774564600Z           _t |     exp(b)   Std. Err.      z    P>|z|     [95% Conf. Interval]
2021-08-10T12:30:57.774567400Z -------------+----------------------------------------------------------------
2021-08-10T12:30:57.774925200Z          (1) |   .7966844   .2485759    -0.73   0.466     .4322155    1.468494
2021-08-10T12:30:57.774933600Z ------------------------------------------------------------------------------
2021-08-10T12:30:57.775462900Z kids_cat4
2021-08-10T12:30:57.775470300Z ****************
2021-08-10T12:30:57.777131100Z 
2021-08-10T12:30:57.777141100Z  ( 1)  2.kids_cat4 + 2.kids_cat4#3.ethnicity = 0
2021-08-10T12:30:57.777145300Z 
2021-08-10T12:30:57.782285600Z ------------------------------------------------------------------------------
2021-08-10T12:30:57.782294300Z           _t |     exp(b)   Std. Err.      z    P>|z|     [95% Conf. Interval]
2021-08-10T12:30:57.782297000Z -------------+----------------------------------------------------------------
2021-08-10T12:30:57.782629100Z          (1) |   1.427293    .581774     0.87   0.383      .642034    3.172989
2021-08-10T12:30:57.782638000Z ------------------------------------------------------------------------------
2021-08-10T12:30:57.784618100Z 
2021-08-10T12:30:57.784626300Z  ( 1)  3.kids_cat4 + 3.kids_cat4#3.ethnicity = 0
2021-08-10T12:30:57.784628700Z 
2021-08-10T12:30:57.789680900Z ------------------------------------------------------------------------------
2021-08-10T12:30:57.789689400Z           _t |     exp(b)   Std. Err.      z    P>|z|     [95% Conf. Interval]
2021-08-10T12:30:57.789701800Z -------------+----------------------------------------------------------------
2021-08-10T12:30:57.790058700Z          (1) |   .6232471   .1669766    -1.76   0.078     .3686477    1.053681
2021-08-10T12:30:57.790067300Z ------------------------------------------------------------------------------
2021-08-10T12:30:57.792036300Z 
2021-08-10T12:30:57.792045900Z  ( 1)  1.kids_cat4 + 1.kids_cat4#5.ethnicity = 0
2021-08-10T12:30:57.792048500Z 
2021-08-10T12:30:57.797243200Z ------------------------------------------------------------------------------
2021-08-10T12:30:57.797252400Z           _t |     exp(b)   Std. Err.      z    P>|z|     [95% Conf. Interval]
2021-08-10T12:30:57.797255100Z -------------+----------------------------------------------------------------
2021-08-10T12:30:57.797539400Z          (1) |   1.090951   .3514577     0.27   0.787      .580209    2.051284
2021-08-10T12:30:57.797547800Z ------------------------------------------------------------------------------
2021-08-10T12:30:57.798017300Z kids_cat4
2021-08-10T12:30:57.798025600Z ****************
2021-08-10T12:30:57.799537000Z 
2021-08-10T12:30:57.799545500Z  ( 1)  2.kids_cat4 + 2.kids_cat4#5.ethnicity = 0
2021-08-10T12:30:57.799548100Z 
2021-08-10T12:30:57.804511000Z ------------------------------------------------------------------------------
2021-08-10T12:30:57.804520600Z           _t |     exp(b)   Std. Err.      z    P>|z|     [95% Conf. Interval]
2021-08-10T12:30:57.804523400Z -------------+----------------------------------------------------------------
2021-08-10T12:30:57.804932400Z          (1) |   .8641347   .4299064    -0.29   0.769     .3259186    2.291151
2021-08-10T12:30:57.804940700Z ------------------------------------------------------------------------------
2021-08-10T12:30:57.806851000Z 
2021-08-10T12:30:57.806859100Z  ( 1)  3.kids_cat4 + 3.kids_cat4#5.ethnicity = 0
2021-08-10T12:30:57.806861800Z 
2021-08-10T12:30:57.811974900Z ------------------------------------------------------------------------------
2021-08-10T12:30:57.811983600Z           _t |     exp(b)   Std. Err.      z    P>|z|     [95% Conf. Interval]
2021-08-10T12:30:57.811986300Z -------------+----------------------------------------------------------------
2021-08-10T12:30:57.812357800Z          (1) |   .8076126   .2376367    -0.73   0.468     .4536705    1.437692
2021-08-10T12:30:57.812366300Z ------------------------------------------------------------------------------
2021-08-10T12:30:57.813828900Z 0
2021-08-10T12:30:57.815476000Z 
2021-08-10T12:30:57.815485600Z                       |   Failure/censoring
2021-08-10T12:30:57.815489700Z                       |     indicator for
2021-08-10T12:30:57.815492600Z                       | outcome: covid death
2021-08-10T12:30:57.815495200Z             Ethnicity |         0          1 |     Total
2021-08-10T12:30:57.815504500Z ----------------------+----------------------+----------
2021-08-10T12:30:57.815507900Z                 White |     2,870        665 |     3,535 
2021-08-10T12:30:57.815511000Z Asian or Asian Britis |       377         98 |       475 
2021-08-10T12:30:57.815513800Z                 Other |       395         89 |       484 
2021-08-10T12:30:57.815516400Z ----------------------+----------------------+----------
2021-08-10T12:30:57.815665800Z                 Total |     3,642        852 |     4,494 
2021-08-10T12:30:57.816548300Z 1 3 5
2021-08-10T12:30:57.820282400Z 
2021-08-10T12:30:57.820290400Z          failure _d:  covid_death
2021-08-10T12:30:57.820292900Z    analysis time _t:  (stime_covid_death-origin)
2021-08-10T12:30:57.820294800Z              origin:  time enter_date
2021-08-10T12:30:57.820296700Z   enter on or after:  time enter_date
2021-08-10T12:30:57.820298500Z                  id:  patient_id
2021-08-10T12:30:57.926045600Z 
2021-08-10T12:30:57.926063300Z Iteration 0:   log pseudolikelihood = -5049.7261
2021-08-10T12:30:57.975497800Z Iteration 1:   log pseudolikelihood = -5025.6494
2021-08-10T12:30:58.030021600Z Iteration 2:   log pseudolikelihood =  -5023.464
2021-08-10T12:30:58.084484200Z Iteration 3:   log pseudolikelihood = -5023.3176
2021-08-10T12:30:58.139682900Z Iteration 4:   log pseudolikelihood = -5023.3097
2021-08-10T12:30:58.194203700Z Iteration 5:   log pseudolikelihood = -5023.3073
2021-08-10T12:30:58.250585600Z Iteration 6:   log pseudolikelihood = -5023.3064
2021-08-10T12:30:58.302805100Z Iteration 7:   log pseudolikelihood =  -5023.306
2021-08-10T12:30:58.353354700Z Iteration 8:   log pseudolikelihood = -5023.3059
2021-08-10T12:30:58.402904200Z Iteration 9:   log pseudolikelihood = -5023.3059
2021-08-10T12:30:58.451340800Z Iteration 10:  log pseudolikelihood = -5023.3059
2021-08-10T12:30:58.499532400Z Iteration 11:  log pseudolikelihood = -5023.3058
2021-08-10T12:30:58.548962200Z Iteration 12:  log pseudolikelihood = -5023.3058
2021-08-10T12:30:58.596029000Z Iteration 13:  log pseudolikelihood = -5023.3058
2021-08-10T12:30:58.642722000Z Iteration 14:  log pseudolikelihood = -5023.3058
2021-08-10T12:30:58.690067300Z Iteration 15:  log pseudolikelihood = -5023.3058
2021-08-10T12:30:58.738296400Z Iteration 16:  log pseudolikelihood = -5023.3058
2021-08-10T12:30:58.789151400Z Iteration 17:  log pseudolikelihood = -5023.3058
2021-08-10T12:30:58.841943300Z Iteration 18:  log pseudolikelihood = -5023.3058
2021-08-10T12:30:58.896459600Z Iteration 19:  log pseudolikelihood = -5023.3058
2021-08-10T12:30:58.954833800Z Iteration 20:  log pseudolikelihood = -5023.3058
2021-08-10T12:30:59.012379100Z Iteration 21:  log pseudolikelihood = -5023.3058
2021-08-10T12:30:59.070588200Z Iteration 22:  log pseudolikelihood = -5023.3058
2021-08-10T12:30:59.128575500Z Iteration 23:  log pseudolikelihood = -5023.3058
2021-08-10T12:30:59.211126100Z Iteration 24:  log pseudolikelihood = -5023.3058
2021-08-10T12:30:59.289488800Z Iteration 25:  log pseudolikelihood = -5023.3058
2021-08-10T12:30:59.360543500Z Iteration 26:  log pseudolikelihood = -5023.3058
2021-08-10T12:30:59.426085200Z Iteration 27:  log pseudolikelihood = -5023.3058
2021-08-10T12:30:59.426103800Z Refining estimates:
2021-08-10T12:30:59.657399900Z Iteration 0:   log pseudolikelihood = -5023.3058
2021-08-10T12:30:59.861666000Z Iteration 1:   log pseudolikelihood = -5023.3058
2021-08-10T12:31:00.051846500Z Iteration 2:   log pseudolikelihood = -5023.3058
2021-08-10T12:31:00.239815300Z Iteration 3:   log pseudolikelihood = -5023.3058
2021-08-10T12:31:01.062261400Z 
2021-08-10T12:31:01.062282000Z Stratified Cox regr. -- Breslow method for ties
2021-08-10T12:31:01.062285200Z 
2021-08-10T12:31:01.062287500Z No. of subjects      =        4,494             Number of obs    =       4,494
2021-08-10T12:31:01.062290000Z No. of failures      =          852
2021-08-10T12:31:01.062292400Z Time at risk         =       797461
2021-08-10T12:31:01.062294900Z                                                 Wald chi2(48)    =     1022.47
2021-08-10T12:31:01.062367800Z Log pseudolikelihood =   -5023.3058             Prob > chi2      =      0.0000
2021-08-10T12:31:01.062376200Z 
2021-08-10T12:31:01.071012200Z                          (Std. Err. adjusted for 914 clusters in household_id)
2021-08-10T12:31:01.071022800Z ------------------------------------------------------------------------------
2021-08-10T12:31:01.071025100Z              |               Robust
2021-08-10T12:31:01.071026900Z           _t | Haz. Ratio   Std. Err.      z    P>|z|     [95% Conf. Interval]
2021-08-10T12:31:01.071028800Z -------------+----------------------------------------------------------------
2021-08-10T12:31:01.071030500Z    kids_cat4 |
2021-08-10T12:31:01.071032200Z only <12 ..  |   1.190015   .3077906     0.67   0.501      .716793    1.975654
2021-08-10T12:31:01.071209400Z  only 12-18  |   .6100333   .2466511    -1.22   0.222       .27618    1.347457
2021-08-10T12:31:01.071339300Z       mixed  |   1.118214   .2703859     0.46   0.644     .6961504    1.796167
2021-08-10T12:31:01.071346400Z              |
2021-08-10T12:31:01.071348500Z    ethnicity |
2021-08-10T12:31:01.071633200Z Asian or ..  |   .5824025   .6108766    -0.52   0.606     .0745428    4.550307
2021-08-10T12:31:01.071911100Z       Other  |   .9879347   .6128274    -0.02   0.984      .292899    3.332257
2021-08-10T12:31:01.071918300Z              |
2021-08-10T12:31:01.071920500Z    kids_cat4#|
2021-08-10T12:31:01.071932200Z    ethnicity |
2021-08-10T12:31:01.071934000Z only <12 .. #|
2021-08-10T12:31:01.071938100Z Asian or ..  |   1.827849   2.040183     0.54   0.589     .2050492     16.2938
2021-08-10T12:31:01.071940300Z only <12 .. #|
2021-08-10T12:31:01.072321500Z       Other  |   1.396138   .9674538     0.48   0.630      .358995    5.429607
2021-08-10T12:31:01.072328900Z  only 12-18 #|
2021-08-10T12:31:01.072377100Z Asian or ..  |   1.259768    1.79057     0.16   0.871     .0777026    20.42422
2021-08-10T12:31:01.072383100Z  only 12-18 #|
2021-08-10T12:31:01.072670500Z       Other  |   1.153473   1.462409     0.11   0.910     .0961231    13.84163
2021-08-10T12:31:01.072678100Z       mixed #|
2021-08-10T12:31:01.072706100Z Asian or ..  |   1.903551    2.00847     0.61   0.542     .2406839    15.05504
2021-08-10T12:31:01.072978800Z mixed#Other  |   .9204536   .5827879    -0.13   0.896     .2661099    3.183777
2021-08-10T12:31:01.072988100Z              |
2021-08-10T12:31:01.072991000Z         age1 |   .9624815   .0280919    -1.31   0.190     .9089675    1.019146
2021-08-10T12:31:01.073325900Z         age2 |   1.149824   .1398331     1.15   0.251     .9059714    1.459312
2021-08-10T12:31:01.073445500Z         age3 |   .7293838   .2157228    -1.07   0.286     .4085117     1.30229
2021-08-10T12:31:01.073584000Z       1.male |   1.016879   .0705709     0.24   0.809     .8875571    1.165044
2021-08-10T12:31:01.073591400Z              |
2021-08-10T12:31:01.073593900Z    obese4cat |
2021-08-10T12:31:01.073832300Z Obese I ..)  |     1.1431   .1125672     1.36   0.174     .9424578    1.386458
2021-08-10T12:31:01.073839100Z Obese II..)  |   1.168621   .1429432     1.27   0.203     .9195103     1.48522
2021-08-10T12:31:01.074194300Z Obese II..)  |   1.100468   .1557991     0.68   0.499     .8338122    1.452401
2021-08-10T12:31:01.074202800Z              |
2021-08-10T12:31:01.074204700Z smoke_nomiss |
2021-08-10T12:31:01.074249200Z      Former  |   .6782044   .1779897    -1.48   0.139     .4054797    1.134363
2021-08-10T12:31:01.074447800Z     Current  |   .8584341   .0988642    -1.33   0.185     .6849766    1.075816
2021-08-10T12:31:01.074453400Z              |
2021-08-10T12:31:01.074455200Z          imd |
2021-08-10T12:31:01.074608000Z           4  |   .9968162   .0887435    -0.04   0.971     .8372116    1.186848
2021-08-10T12:31:01.074794000Z 5 most de..  |   .9782237   .1168468    -0.18   0.854      .774041    1.236267
2021-08-10T12:31:01.074799800Z              |
2021-08-10T12:31:01.074801600Z tot_adults~h |
2021-08-10T12:31:01.074978700Z           2  |   2.264991   1.518769     1.22   0.223     .6085566    8.430087
2021-08-10T12:31:01.075152700Z           3  |   1.228256   .6630666     0.38   0.703     .4263566    3.538383
2021-08-10T12:31:01.075158900Z              |
2021-08-10T12:31:01.075357400Z 1.htdiag_o~p |   1.054962   .1345985     0.42   0.675     .8215525    1.354685
2021-08-10T12:31:01.075527300Z 1.~y_disease |   .8670145   .0753874    -1.64   0.101     .7311625    1.028108
2021-08-10T12:31:01.075709000Z     1.asthma |   1.087822   .1399487     0.65   0.513     .8453766    1.399797
2021-08-10T12:31:01.075909800Z 1.~c_disease |    .848504   .0789123    -1.77   0.077      .707116    1.018162
2021-08-10T12:31:01.075915600Z              |
2021-08-10T12:31:01.075917500Z      diabcat |
2021-08-10T12:31:01.076101300Z T1DM, con..  |   .7365521   .1984542    -1.13   0.256     .4343686     1.24896
2021-08-10T12:31:01.076242500Z T1DM, unc..  |   1.364612   .5491123     0.77   0.440     .6201413    3.002811
2021-08-10T12:31:01.076382900Z T2DM, con..  |   .9088106   .0889468    -0.98   0.329      .750179    1.100986
2021-08-10T12:31:01.076532600Z T2DM, unc..  |   .8027886   .1562224    -1.13   0.259     .5482235     1.17556
2021-08-10T12:31:01.076713000Z Diabetes,..  |   8.67e-14   8.89e-14   -29.33   0.000     1.16e-14    6.47e-13
2021-08-10T12:31:01.076718500Z              |
2021-08-10T12:31:01.076720300Z cancer_exh~t |
2021-08-10T12:31:01.076895000Z   Last year  |   1.076561   .6505894     0.12   0.903     .3293359    3.519155
2021-08-10T12:31:01.077054600Z 2-5 years..  |   .6352519   .2069174    -1.39   0.164     .3354968    1.202828
2021-08-10T12:31:01.077237500Z    5+ years  |   1.059366   .0917475     0.67   0.505     .8939777    1.255351
2021-08-10T12:31:01.077243200Z              |
2021-08-10T12:31:01.077245100Z cancer_hae~t |
2021-08-10T12:31:01.077423500Z   Last year  |   2.878111    1.34134     2.27   0.023     1.154533    7.174787
2021-08-10T12:31:01.077570400Z 2-5 years..  |   1.196803   .3234138     0.66   0.506      .704695    2.032563
2021-08-10T12:31:01.077761000Z    5+ years  |   1.167529   .1028764     1.76   0.079     .9823455    1.387621
2021-08-10T12:31:01.077766900Z              |
2021-08-10T12:31:01.077975100Z 1.~r_disease |   1.141724   .0898736     1.68   0.092     .9784911    1.332188
2021-08-10T12:31:01.078156000Z 1.stroke_d~a |   .9346848   .0829118    -0.76   0.446     .7855228    1.112171
2021-08-10T12:31:01.078346600Z 1.other_ne~o |   1.104487    .095541     1.15   0.251     .9322435    1.308554
2021-08-10T12:31:01.078352500Z              |
2021-08-10T12:31:01.078354500Z reduced_ki~t |
2021-08-10T12:31:01.078563100Z Stage 3a/..  |    .794099   .1644915    -1.11   0.266     .5291208    1.191775
2021-08-10T12:31:01.078741500Z       1.esrd |   .9664029   .0735187    -0.45   0.653     .8325368    1.121794
2021-08-10T12:31:01.078925100Z 1.other_tr~t |    1.12308   .0965848     1.35   0.177     .9488717    1.329272
2021-08-10T12:31:01.079115000Z   1.asplenia |   1.107792   .0954324     1.19   0.235     .9356865    1.311555
2021-08-10T12:31:01.079293800Z 1.ra_sle_p~s |   .9803608   .0869232    -0.22   0.823      .823976    1.166426
2021-08-10T12:31:01.080195800Z 1.other_im~o |   .9925211    .070857    -0.11   0.916     .8629222    1.141584
2021-08-10T12:31:01.080201600Z ------------------------------------------------------------------------------
2021-08-10T12:31:01.080363500Z                                                              Stratified by stp
2021-08-10T12:31:01.085144500Z (note: file ./output/an_interaction_cox_models_covid_death_kids_cat4_ethnicity_
2021-08-10T12:31:01.085152700Z > MAINFULLYADJMODEL_agespline_bmicat_noeth_ageband_1MAIN.ster not found)
2021-08-10T12:31:01.085154900Z file ./output/an_interaction_cox_models_covid_death_kids_cat4_ethnicity_MAINFUL
2021-08-10T12:31:01.085156600Z > LYADJMODEL_agespline_bmicat_noeth_ageband_1MAIN.ster saved
2021-08-10T12:31:01.086593600Z 
2021-08-10T12:31:01.086599600Z  ( 1)  1.kids_cat4 + 1o.kids_cat4#1b.ethnicity = 0
2021-08-10T12:31:01.086718700Z 
2021-08-10T12:31:01.091472400Z ------------------------------------------------------------------------------
2021-08-10T12:31:01.091481400Z           _t |     exp(b)   Std. Err.      z    P>|z|     [95% Conf. Interval]
2021-08-10T12:31:01.091483700Z -------------+----------------------------------------------------------------
2021-08-10T12:31:01.091837900Z          (1) |   1.190015   .3077906     0.67   0.501      .716793    1.975654
2021-08-10T12:31:01.091844500Z ------------------------------------------------------------------------------
2021-08-10T12:31:01.092192700Z kids_cat4
2021-08-10T12:31:01.092198900Z ****************
2021-08-10T12:31:01.093555900Z 
2021-08-10T12:31:01.093561600Z  ( 1)  2.kids_cat4 + 2o.kids_cat4#1b.ethnicity = 0
2021-08-10T12:31:01.093683300Z 
2021-08-10T12:31:01.098229600Z ------------------------------------------------------------------------------
2021-08-10T12:31:01.098244400Z           _t |     exp(b)   Std. Err.      z    P>|z|     [95% Conf. Interval]
2021-08-10T12:31:01.098249700Z -------------+----------------------------------------------------------------
2021-08-10T12:31:01.098574300Z          (1) |   .6100333   .2466511    -1.22   0.222       .27618    1.347457
2021-08-10T12:31:01.098580100Z ------------------------------------------------------------------------------
2021-08-10T12:31:01.100206500Z 
2021-08-10T12:31:01.100212800Z  ( 1)  3.kids_cat4 + 3o.kids_cat4#1b.ethnicity = 0
2021-08-10T12:31:01.100330800Z 
2021-08-10T12:31:01.105084100Z ------------------------------------------------------------------------------
2021-08-10T12:31:01.105094600Z           _t |     exp(b)   Std. Err.      z    P>|z|     [95% Conf. Interval]
2021-08-10T12:31:01.105097200Z -------------+----------------------------------------------------------------
2021-08-10T12:31:01.105389200Z          (1) |   1.118214   .2703859     0.46   0.644     .6961504    1.796167
2021-08-10T12:31:01.105409700Z ------------------------------------------------------------------------------
2021-08-10T12:31:01.107033200Z 
2021-08-10T12:31:01.107039900Z  ( 1)  1.kids_cat4 + 1.kids_cat4#3.ethnicity = 0
2021-08-10T12:31:01.107123000Z 
2021-08-10T12:31:01.111778400Z ------------------------------------------------------------------------------
2021-08-10T12:31:01.111787700Z           _t |     exp(b)   Std. Err.      z    P>|z|     [95% Conf. Interval]
2021-08-10T12:31:01.111791900Z -------------+----------------------------------------------------------------
2021-08-10T12:31:01.112112000Z          (1) |   2.175167   2.323435     0.73   0.467     .2680833    17.64881
2021-08-10T12:31:01.112119500Z ------------------------------------------------------------------------------
2021-08-10T12:31:01.112381700Z kids_cat4
2021-08-10T12:31:01.112387800Z ****************
2021-08-10T12:31:01.113749900Z 
2021-08-10T12:31:01.113756100Z  ( 1)  2.kids_cat4 + 2.kids_cat4#3.ethnicity = 0
2021-08-10T12:31:01.113866200Z 
2021-08-10T12:31:01.118487400Z ------------------------------------------------------------------------------
2021-08-10T12:31:01.118495200Z           _t |     exp(b)   Std. Err.      z    P>|z|     [95% Conf. Interval]
2021-08-10T12:31:01.118497700Z -------------+----------------------------------------------------------------
2021-08-10T12:31:01.118884400Z          (1) |   .7685003   1.032114    -0.20   0.845     .0552663    10.68632
2021-08-10T12:31:01.118892000Z ------------------------------------------------------------------------------
2021-08-10T12:31:01.120466400Z 
2021-08-10T12:31:01.120474600Z  ( 1)  3.kids_cat4 + 3.kids_cat4#3.ethnicity = 0
2021-08-10T12:31:01.120518600Z 
2021-08-10T12:31:01.125172800Z ------------------------------------------------------------------------------
2021-08-10T12:31:01.125181000Z           _t |     exp(b)   Std. Err.      z    P>|z|     [95% Conf. Interval]
2021-08-10T12:31:01.125183400Z -------------+----------------------------------------------------------------
2021-08-10T12:31:01.125484300Z          (1) |   2.128577   2.144523     0.75   0.453     .2954686    15.33443
2021-08-10T12:31:01.125491700Z ------------------------------------------------------------------------------
2021-08-10T12:31:01.127084900Z 
2021-08-10T12:31:01.127091800Z  ( 1)  1.kids_cat4 + 1.kids_cat4#5.ethnicity = 0
2021-08-10T12:31:01.127094200Z 
2021-08-10T12:31:01.131802000Z ------------------------------------------------------------------------------
2021-08-10T12:31:01.131810100Z           _t |     exp(b)   Std. Err.      z    P>|z|     [95% Conf. Interval]
2021-08-10T12:31:01.131812600Z -------------+----------------------------------------------------------------
2021-08-10T12:31:01.132183300Z          (1) |   1.661425   1.092786     0.77   0.440     .4577319    6.030457
2021-08-10T12:31:01.132199900Z ------------------------------------------------------------------------------
2021-08-10T12:31:01.132468600Z kids_cat4
2021-08-10T12:31:01.132477900Z ****************
2021-08-10T12:31:01.133829800Z 
2021-08-10T12:31:01.133840000Z  ( 1)  2.kids_cat4 + 2.kids_cat4#5.ethnicity = 0
2021-08-10T12:31:01.133843000Z 
2021-08-10T12:31:01.138605700Z ------------------------------------------------------------------------------
2021-08-10T12:31:01.138613400Z           _t |     exp(b)   Std. Err.      z    P>|z|     [95% Conf. Interval]
2021-08-10T12:31:01.138615900Z -------------+----------------------------------------------------------------
2021-08-10T12:31:01.138980500Z          (1) |    .703657   .8540603    -0.29   0.772     .0651957    7.594563
2021-08-10T12:31:01.138988200Z ------------------------------------------------------------------------------
2021-08-10T12:31:01.140548000Z 
2021-08-10T12:31:01.140555800Z  ( 1)  3.kids_cat4 + 3.kids_cat4#5.ethnicity = 0
2021-08-10T12:31:01.140580500Z 
2021-08-10T12:31:01.145254800Z ------------------------------------------------------------------------------
2021-08-10T12:31:01.145263100Z           _t |     exp(b)   Std. Err.      z    P>|z|     [95% Conf. Interval]
2021-08-10T12:31:01.145265500Z -------------+----------------------------------------------------------------
2021-08-10T12:31:01.145532400Z          (1) |   1.029264   .6095874     0.05   0.961     .3224022     3.28591
2021-08-10T12:31:01.145540300Z ------------------------------------------------------------------------------
2021-08-10T12:31:01.145851700Z 
2021-08-10T12:31:01.145860700Z . log close
2021-08-10T12:31:01.145864300Z       name:  <unnamed>
2021-08-10T12:31:01.145867500Z        log:  /workspace/log/10_an_interaction_cox_models_ethcat_covid_deathMAIN
2021-08-10T12:31:01.145870200Z > .log
2021-08-10T12:31:01.145873000Z   log type:  text
2021-08-10T12:31:01.145875700Z  closed on:  10 Aug 2021, 12:31:01
2021-08-10T12:31:01.145878400Z -------------------------------------------------------------------------------
2021-08-10T12:31:01.145881200Z 
2021-08-10T12:31:01.145883700Z . 
2021-08-10T12:31:01.145886200Z . exit, clear 
2021-08-10T12:31:01.145888700Z 
2021-08-10T12:31:01.145891100Z end of do-file
2021-08-10T12:31:01.145893800Z 
2021-08-10T12:31:01.145896300Z . . file open output using "/tmp/tmp.6vFCQFewos", write text replace
2021-08-10T12:31:01.145898900Z 
2021-08-10T12:31:01.145901200Z . . file write output "success" 
2021-08-10T12:31:01.145903700Z 
2021-08-10T12:31:01.145906000Z . . file close output
2021-08-10T12:31:01.145914300Z 
2021-08-10T12:31:01.145916800Z . 
2021-08-10T12:31:01.145919900Z end of do-file
2021-08-10T12:31:01.145922200Z 
2021-08-10T12:31:01.145924500Z 
2021-08-10T12:31:01.162646100Z . 

state: succeeded
commit: None
docker_image_id: sha256:11980aa720220a1b39bf523f5a8a33270214c13876c30ee364e16265766f7f60
exit_code: 0
job_id: 6kih4e75j26dqk24
run_by_user: qc18278
created_at: 2021-08-10T12:29:15Z
started_at: 2021-08-10T12:30:44Z
completed_at: 2021-08-10T12:31:00Z

Completed successfully

outputs:
  log/10_an_interaction_cox_models_ethcat_covid_deathMAIN.log                                                                   - moderately_sensitive
  output/an_interaction_cox_models_covid_death_kids_cat4_ethnicity_MAINFULLYADJMODEL_agespline_bmicat_noeth_ageband_0MAIN.ster  - moderately_sensitive
  output/an_interaction_cox_models_covid_death_kids_cat4_ethnicity_MAINFULLYADJMODEL_agespline_bmicat_noeth_ageband_1MAIN.ster  - moderately_sensitive