2021-07-20T16:01:39.339199000Z 
2021-07-20T16:01:39.341277400Z   ___  ____  ____  ____  ____ (R)
2021-07-20T16:01:39.341297600Z  /__    /   ____/   /   ____/
2021-07-20T16:01:39.341303200Z ___/   /   /___/   /   /___/   16.1   Copyright 1985-2019 StataCorp LLC
2021-07-20T16:01:39.341307900Z   Statistics/Data Analysis            StataCorp
2021-07-20T16:01:39.341312300Z                                       4905 Lakeway Drive
2021-07-20T16:01:39.341336000Z                                       College Station, Texas 77845 USA
2021-07-20T16:01:39.341340800Z                                       800-STATA-PC        http://www.stata.com
2021-07-20T16:01:39.341345100Z                                       979-696-4600        stata@stata.com
2021-07-20T16:01:39.341349800Z                                       979-696-4601 (fax)
2021-07-20T16:01:39.341354300Z 
2021-07-20T16:01:39.341358900Z 3-user Stata network license expires 11 May 2022:
2021-07-20T16:01:39.341363600Z        Serial number:  501709312237
2021-07-20T16:01:39.341368100Z          Licensed to:  The Bennett Institute
2021-07-20T16:01:39.341372200Z                        Oxford University
2021-07-20T16:01:39.341376400Z 
2021-07-20T16:01:39.341380200Z Notes:
2021-07-20T16:01:39.341384000Z       1.  Unicode is supported; see help unicode_advice.
2021-07-20T16:01:39.341388100Z 
2021-07-20T16:01:39.341391900Z . do "analysis/10_an_interaction_cox_models_shield.wrapper.do" covid_icu W2 
2021-07-20T16:01:39.341396500Z 
2021-07-20T16:01:39.341400500Z . . do "analysis/10_an_interaction_cox_models_shield.do" covid_icu W2
2021-07-20T16:01:39.341404900Z 
2021-07-20T16:01:39.341408700Z . *****************************************************************************
2021-07-20T16:01:39.341413300Z > ***
2021-07-20T16:01:39.341418300Z . *
2021-07-20T16:01:39.341422400Z . *       Do-file:                10_an_interaction_cox_models_shield.do
2021-07-20T16:01:39.341429600Z . *
2021-07-20T16:01:39.341433400Z . *       Project:                Exposure children and COVID risk
2021-07-20T16:01:39.341437400Z . *
2021-07-20T16:01:39.342584500Z . *       Programmed by:  Hforbes, based on files from Fizz & Krishnan
2021-07-20T16:01:39.342622800Z . *
2021-07-20T16:01:39.342628900Z . *       Data used:              analysis_dataset.dta
2021-07-20T16:01:39.342633000Z . *
2021-07-20T16:01:39.342636900Z . *       Data created:   None
2021-07-20T16:01:39.342640900Z . *
2021-07-20T16:01:39.342644600Z . *       Other output:   Log file:  10_an_interaction_cox_models.log
2021-07-20T16:01:39.342648500Z . *
2021-07-20T16:01:39.342652200Z . *****************************************************************************
2021-07-20T16:01:39.342674200Z > ***
2021-07-20T16:01:39.342679400Z . *
2021-07-20T16:01:39.342683200Z . *       Purpose:                This do-file performs multivariable (fully ad
2021-07-20T16:01:39.342687400Z > justed) 
2021-07-20T16:01:39.342691500Z . *                                       Cox models, with an interaction by sh
2021-07-20T16:01:39.342695500Z > ielding status.
2021-07-20T16:01:39.342699300Z . *  
2021-07-20T16:01:39.342710900Z . *****************************************************************************
2021-07-20T16:01:39.342715500Z > ***
2021-07-20T16:01:39.342719800Z . *       
2021-07-20T16:01:39.342723900Z . *       Stata routines needed:  stbrier   
2021-07-20T16:01:39.342727900Z . *
2021-07-20T16:01:39.342732000Z . *****************************************************************************
2021-07-20T16:01:39.342737500Z > ***
2021-07-20T16:01:39.342741500Z . 
2021-07-20T16:01:39.342745900Z . 
2021-07-20T16:01:39.342749800Z . * Set globals that will print in programs and direct output
2021-07-20T16:01:39.342754100Z . global outdir     "output" 
2021-07-20T16:01:39.342758300Z 
2021-07-20T16:01:39.342762400Z . global logdir     "log"
2021-07-20T16:01:39.342766800Z 
2021-07-20T16:01:39.342770600Z . global tempdir    "tempdata"
2021-07-20T16:01:39.342774600Z 
2021-07-20T16:01:39.342778000Z . global demogadjlist  age1 age2 age3 i.male i.ethnicity  i.obese4cat i.smoke_n
2021-07-20T16:01:39.342781800Z > omiss i.imd i.tot_adults_hh
2021-07-20T16:01:39.342785800Z 
2021-07-20T16:01:39.342789600Z . global comordidadjlist  i.htdiag_or_highbp                              ///
2021-07-20T16:01:39.342793900Z >                         i.chronic_respiratory_disease   ///
2021-07-20T16:01:39.342798000Z >                         i.asthma                                             
2021-07-20T16:01:39.342806500Z >    ///
2021-07-20T16:01:39.342810500Z >                         i.chronic_cardiac_disease               ///
2021-07-20T16:01:39.342814600Z >                         i.diabcat                                            
2021-07-20T16:01:39.342818900Z >    ///
2021-07-20T16:01:39.342823000Z >                         i.cancer_exhaem_cat                             ///
2021-07-20T16:01:39.342827300Z >                         i.cancer_haem_cat                               ///
2021-07-20T16:01:39.342831600Z >                         i.chronic_liver_disease                 ///
2021-07-20T16:01:39.342835900Z >                         i.stroke_dementia                               ///
2021-07-20T16:01:39.342840100Z >                         i.other_neuro                                   ///
2021-07-20T16:01:39.342851700Z >                         i.reduced_kidney_function_cat   ///
2021-07-20T16:01:39.342856100Z >                         i.esrd                                               
2021-07-20T16:01:39.342860600Z >    ///
2021-07-20T16:01:39.342864600Z >                         i.other_transplant                              ///
2021-07-20T16:01:39.342870500Z >                         i.asplenia                                           
2021-07-20T16:01:39.342874800Z >    ///
2021-07-20T16:01:39.342878800Z >                         i.ra_sle_psoriasis                      ///
2021-07-20T16:01:39.342882800Z >                         i.other_immuno          
2021-07-20T16:01:39.342886700Z 
2021-07-20T16:01:39.342890400Z .                         
2021-07-20T16:01:39.342894400Z . local outcome `1' 
2021-07-20T16:01:39.342898700Z 
2021-07-20T16:01:39.342906800Z . local dataset `2'
2021-07-20T16:01:39.342911000Z 
2021-07-20T16:01:39.342914800Z .  
2021-07-20T16:01:39.342918600Z . 
2021-07-20T16:01:39.342922400Z . cap log close
2021-07-20T16:01:39.342926000Z 
2021-07-20T16:01:39.342929800Z . log using "$logdir/10_an_interaction_cox_models_shield_`outcome'`dataset'", t
2021-07-20T16:01:39.342934300Z > ext replace
2021-07-20T16:01:39.342938400Z (note: file /workspace/log/10_an_interaction_cox_models_shield_covid_icuW2.log 
2021-07-20T16:01:39.342942800Z > not found)
2021-07-20T16:01:39.342946900Z -------------------------------------------------------------------------------
2021-07-20T16:01:39.342950800Z       name:  <unnamed>
2021-07-20T16:01:39.342955000Z        log:  /workspace/log/10_an_interaction_cox_models_shield_covid_icuW2.log
2021-07-20T16:01:39.342958800Z   log type:  text
2021-07-20T16:01:39.342962800Z  opened on:  20 Jul 2021, 16:01:39
2021-07-20T16:01:39.342966900Z 
2021-07-20T16:01:39.342970900Z . 
2021-07-20T16:01:39.342974800Z . 
2021-07-20T16:01:39.342978800Z . *****************************************************************************
2021-07-20T16:01:39.342982700Z > *******
2021-07-20T16:01:39.342986700Z . *First clean up all old saved estimates for this outcome
2021-07-20T16:01:39.342994500Z . *This is to guard against accidentally displaying left-behind results from ol
2021-07-20T16:01:39.342998800Z > d runs
2021-07-20T16:01:39.343003000Z . *****************************************************************************
2021-07-20T16:01:39.343007200Z > *******
2021-07-20T16:01:39.343011100Z . cap erase "$outdir/output/an_interaction_cox_models_`outcome'_`exposure_type'
2021-07-20T16:01:39.343020500Z > _shield_MAINFULLYADJMODEL_agespline_bmicat_noeth_ageband_0.ster"
2021-07-20T16:01:39.343025000Z 
2021-07-20T16:01:39.343028600Z . cap erase "$outdir/output/an_interaction_cox_models_`outcome'_`exposure_type'
2021-07-20T16:01:39.343032500Z > _shield_MAINFULLYADJMODEL_agespline_bmicat_noeth_ageband_1.ster"
2021-07-20T16:01:39.343036700Z 
2021-07-20T16:01:39.343040700Z . 
2021-07-20T16:01:39.343044700Z . 
2021-07-20T16:01:39.343048900Z . 
2021-07-20T16:01:39.343052800Z . 
2021-07-20T16:01:39.343056500Z . *PROG TO DEFINE THE BASIC COX MODEL WITH OPTIONS FOR HANDLING OF AGE, BMI, ET
2021-07-20T16:01:39.343060500Z > HNICITY:
2021-07-20T16:01:39.343064400Z . cap prog drop basemodel
2021-07-20T16:01:39.343068200Z 
2021-07-20T16:01:39.343072300Z . prog define basemodel
2021-07-20T16:01:39.344766800Z   1.         syntax , exposure(string)  age(string) [ethnicity(real 0) interact
2021-07-20T16:01:39.344805500Z > ion(string)] 
2021-07-20T16:01:39.344812200Z   2.         if `ethnicity'==1 local ethnicity "i.ethnicity"
2021-07-20T16:01:39.344816800Z   3.         else local ethnicity
2021-07-20T16:01:39.344821300Z   4. timer clear
2021-07-20T16:01:39.344825200Z   5. timer on 1
2021-07-20T16:01:39.344829300Z   6. stcox   `exposure'                                                        
2021-07-20T16:01:39.344833500Z >       ///
2021-07-20T16:01:39.344838100Z >                         $demogadjlist                                        
2021-07-20T16:01:39.344842500Z >            ///
2021-07-20T16:01:39.344846900Z >                         $comordidadjlist                                     
2021-07-20T16:01:39.344851300Z >            ///
2021-07-20T16:01:39.344855500Z >                         `interaction'                                        
2021-07-20T16:01:39.344860000Z >            ///
2021-07-20T16:01:39.344875000Z >                         , strata(stp) vce(cluster household_id)
2021-07-20T16:01:39.344879800Z   7.         timer off 1
2021-07-20T16:01:39.344883900Z   8. timer list
2021-07-20T16:01:39.344887600Z   9. end
2021-07-20T16:01:39.344891800Z 
2021-07-20T16:01:39.344895700Z . *****************************************************************************
2021-07-20T16:01:39.344900100Z > ********
2021-07-20T16:01:39.344904200Z . 
2021-07-20T16:01:39.344908100Z . * Open dataset and fit specified model(s)
2021-07-20T16:01:39.344912000Z . forvalues x=0/1 {
2021-07-20T16:01:39.344916000Z   2. 
2021-07-20T16:01:39.344919700Z . use "$tempdir/cr_create_analysis_dataset_STSET_`outcome'_ageband_`x'`dataset'
2021-07-20T16:01:39.344945000Z > .dta", clear
2021-07-20T16:01:39.344965300Z   3.         
2021-07-20T16:01:39.344969500Z . 
2021-07-20T16:01:39.344973700Z . 
2021-07-20T16:01:39.344977500Z . foreach int_type in shield {
2021-07-20T16:01:39.344981700Z   4. 
2021-07-20T16:01:39.344987200Z . *Age interaction for 3-level exposure vars
2021-07-20T16:01:39.344991300Z . foreach exposure_type in kids_cat4  {
2021-07-20T16:01:39.344995800Z   5. 
2021-07-20T16:01:39.345003600Z . *Age spline model (not adj ethnicity, no interaction)
2021-07-20T16:01:39.345008100Z . basemodel, exposure("i.`exposure_type'") age("age1 age2 age3")  
2021-07-20T16:01:39.345012700Z   6. 
2021-07-20T16:01:39.345016600Z . *Age spline model (not adj ethnicity, interaction)
2021-07-20T16:01:39.345061600Z . basemodel, exposure("i.`exposure_type'") age("age1 age2 age3")  ///
2021-07-20T16:01:39.345090000Z > interaction(1.`int_type'#1.`exposure_type' 1.`int_type'#2.`exposure_type' 1.`
2021-07-20T16:01:39.345098000Z > int_type'#3.`exposure_type')
2021-07-20T16:01:39.345102800Z   7. if _rc==0{
2021-07-20T16:01:39.345107000Z   8. testparm 1.`int_type'#i.`exposure_type'
2021-07-20T16:01:39.345111000Z   9. di _n "`exposure_type' " _n "****************"
2021-07-20T16:01:39.345115400Z  10. lincom 1.`exposure_type' + 1.`int_type'#1.`exposure_type', eform
2021-07-20T16:01:39.345119700Z  11. di "`exposure_type'" _n "****************"
2021-07-20T16:01:39.345124100Z  12. lincom 2.`exposure_type' + 1.`int_type'#2.`exposure_type', eform
2021-07-20T16:01:39.345128800Z  13. di "`exposure_type'" _n "****************"
2021-07-20T16:01:39.345133100Z  14. lincom 3.`exposure_type' + 1.`int_type'#3.`exposure_type', eform
2021-07-20T16:01:39.345137500Z  15. estimates save "$outdir/an_interaction_cox_models_`outcome'_`exposure_type
2021-07-20T16:01:39.345143800Z > '_`int_type'_MAINFULLYADJMODEL_agespline_bmicat_noeth_ageband_`x'`dataset'", 
2021-07-20T16:01:39.345148300Z > replace
2021-07-20T16:01:39.345152300Z  16. }
2021-07-20T16:01:39.345156500Z  17. else di "WARNING GROUP MODEL DID NOT FIT (OUTCOME `outcome')"
2021-07-20T16:01:39.345160900Z  18. 
2021-07-20T16:01:39.345165400Z . }
2021-07-20T16:01:39.345174000Z  19. 
2021-07-20T16:01:39.345178300Z . }
2021-07-20T16:01:39.345182100Z  20. }
2021-07-20T16:01:39.367801400Z 
2021-07-20T16:01:39.367823900Z          failure _d:  covid_icu
2021-07-20T16:01:39.367829300Z    analysis time _t:  (stime_covid_icu-origin)
2021-07-20T16:01:39.367833400Z              origin:  time enter_date
2021-07-20T16:01:39.367837400Z   enter on or after:  time enter_date
2021-07-20T16:01:39.367861200Z                  id:  patient_id
2021-07-20T16:01:39.828281700Z 
2021-07-20T16:01:39.828301700Z Iteration 0:   log pseudolikelihood = -31168.565
2021-07-20T16:01:39.974839800Z Iteration 1:   log pseudolikelihood = -31148.756
2021-07-20T16:01:40.114519500Z Iteration 2:   log pseudolikelihood = -31147.037
2021-07-20T16:01:40.269982400Z Iteration 3:   log pseudolikelihood =  -31146.93
2021-07-20T16:01:40.417297000Z Iteration 4:   log pseudolikelihood = -31146.929
2021-07-20T16:01:40.603832100Z Iteration 5:   log pseudolikelihood = -31146.929
2021-07-20T16:01:40.603856500Z Refining estimates:
2021-07-20T16:01:41.356339700Z Iteration 0:   log pseudolikelihood = -31146.929
2021-07-20T16:01:47.356471800Z 
2021-07-20T16:01:47.356492400Z Stratified Cox regr. -- Breslow method for ties
2021-07-20T16:01:47.356664100Z 
2021-07-20T16:01:47.356675100Z No. of subjects      =       16,235             Number of obs    =      16,235
2021-07-20T16:01:47.356678400Z No. of failures      =        4,374
2021-07-20T16:01:47.356680800Z Time at risk         =      1325984
2021-07-20T16:01:47.356683200Z                                                 Wald chi2(42)    =       41.50
2021-07-20T16:01:47.356685600Z Log pseudolikelihood =   -31146.929             Prob > chi2      =      0.4926
2021-07-20T16:01:47.356811100Z 
2021-07-20T16:01:47.476514500Z                        (Std. Err. adjusted for 1,121 clusters in household_id)
2021-07-20T16:01:47.476546500Z ------------------------------------------------------------------------------
2021-07-20T16:01:47.476553200Z              |               Robust
2021-07-20T16:01:47.476557100Z           _t | Haz. Ratio   Std. Err.      z    P>|z|     [95% Conf. Interval]
2021-07-20T16:01:47.476561600Z -------------+----------------------------------------------------------------
2021-07-20T16:01:47.476565400Z    kids_cat4 |
2021-07-20T16:01:47.483178300Z only <12 ..  |   1.065521   .1209582     0.56   0.576     .8529692    1.331038
2021-07-20T16:01:47.483328900Z  only 12-18  |   .9770828   .1553125    -0.15   0.884     .7155309    1.334241
2021-07-20T16:01:47.483474000Z       mixed  |     1.0023   .1079755     0.02   0.983     .8115205    1.237929
2021-07-20T16:01:47.483486700Z              |
2021-07-20T16:01:47.483573800Z         age1 |   1.001058   .0059312     0.18   0.858     .9895007    1.012751
2021-07-20T16:01:47.483893300Z         age2 |   1.006269   .0182645     0.34   0.731     .9711005    1.042711
2021-07-20T16:01:47.484147400Z         age3 |   .9794364   .0487799    -0.42   0.677     .8883477    1.079865
2021-07-20T16:01:47.484323800Z       1.male |   .9976271   .0305898    -0.08   0.938     .9394382     1.05942
2021-07-20T16:01:47.484335500Z              |
2021-07-20T16:01:47.484340800Z    ethnicity |
2021-07-20T16:01:47.484394600Z Asian or ..  |   1.035773   .0520624     0.70   0.484     .9385977    1.143009
2021-07-20T16:01:47.484786000Z       Other  |   1.001467   .0512567     0.03   0.977       .90588     1.10714
2021-07-20T16:01:47.484798600Z              |
2021-07-20T16:01:47.484801600Z    obese4cat |
2021-07-20T16:01:47.484803700Z Obese I ..)  |     .92878   .0421018    -1.63   0.103     .8498214    1.015075
2021-07-20T16:01:47.485102500Z Obese II..)  |   1.003955   .0536738     0.07   0.941     .9040803    1.114863
2021-07-20T16:01:47.485299100Z Obese II..)  |   .9924662   .0631012    -0.12   0.905     .8761857    1.124179
2021-07-20T16:01:47.485311700Z              |
2021-07-20T16:01:47.485315800Z smoke_nomiss |
2021-07-20T16:01:47.485562000Z      Former  |   .8615444   .1004251    -1.28   0.201     .6855801    1.082673
2021-07-20T16:01:47.485806100Z     Current  |   .9495851   .0470633    -1.04   0.297     .8616813    1.046456
2021-07-20T16:01:47.485835400Z              |
2021-07-20T16:01:47.485840300Z          imd |
2021-07-20T16:01:47.485981400Z           4  |   .9786826   .0381447    -0.55   0.580     .9067046    1.056375
2021-07-20T16:01:47.486311600Z 5 most de..  |    .972585   .0512002    -0.53   0.597     .8772379    1.078295
2021-07-20T16:01:47.486323000Z              |
2021-07-20T16:01:47.486325900Z tot_adults~h |
2021-07-20T16:01:47.486541600Z           2  |   1.338455   .3261589     1.20   0.232     .8301951    2.157879
2021-07-20T16:01:47.487052400Z           3  |    1.20544   .2587975     0.87   0.384     .7914077    1.836079
2021-07-20T16:01:47.487061700Z              |
2021-07-20T16:01:47.487401800Z 1.htdiag_o~p |   1.036302   .0583409     0.63   0.526     .9280388    1.157195
2021-07-20T16:01:47.487411800Z 1.~y_disease |   .9998771   .0366246    -0.00   0.997     .9306104    1.074299
2021-07-20T16:01:47.487838200Z     1.asthma |   1.004574   .0556006     0.08   0.934     .9013015     1.11968
2021-07-20T16:01:47.487919400Z 1.~c_disease |   .9416177   .0361292    -1.57   0.117     .8734028     1.01516
2021-07-20T16:01:47.487928100Z              |
2021-07-20T16:01:47.487930600Z      diabcat |
2021-07-20T16:01:47.488275100Z T1DM, con..  |       1.09   .1035145     0.91   0.364     .9048784    1.312995
2021-07-20T16:01:47.488284900Z T1DM, unc..  |   .8035289   .1658334    -1.06   0.289     .5362031    1.204131
2021-07-20T16:01:47.488646900Z T2DM, con..  |   1.068138   .0416666     1.69   0.091     .9895172    1.153006
2021-07-20T16:01:47.488657400Z T2DM, unc..  |   .9629012   .0814101    -0.45   0.655     .8158596    1.136444
2021-07-20T16:01:47.488932600Z Diabetes,..  |   2.744156   1.247309     2.22   0.026     1.125926    6.688177
2021-07-20T16:01:47.488944000Z              |
2021-07-20T16:01:47.488947000Z cancer_exh~t |
2021-07-20T16:01:47.489158900Z   Last year  |   .5144348   .1764707    -1.94   0.053     .2626248    1.007685
2021-07-20T16:01:47.489308000Z 2-5 years..  |   1.103502   .1284289     0.85   0.397     .8784313    1.386241
2021-07-20T16:01:47.489589500Z    5+ years  |   .9415899    .041194    -1.38   0.169     .8642158    1.025891
2021-07-20T16:01:47.489598100Z              |
2021-07-20T16:01:47.489600600Z cancer_hae~t |
2021-07-20T16:01:47.489814300Z   Last year  |   .6636587   .1871913    -1.45   0.146      .381817    1.153544
2021-07-20T16:01:47.489964100Z 2-5 years..  |   1.227372   .1378076     1.82   0.068     .9849285    1.529495
2021-07-20T16:01:47.490236000Z    5+ years  |   .9790626   .0387821    -0.53   0.593     .9059268    1.058103
2021-07-20T16:01:47.490246300Z              |
2021-07-20T16:01:47.490475000Z 1.~r_disease |   .9851256   .0372548    -0.40   0.692     .9147479    1.060918
2021-07-20T16:01:47.490681800Z 1.stroke_d~a |    .986066   .0372126    -0.37   0.710     .9157627    1.061766
2021-07-20T16:01:47.490904600Z 1.other_ne~o |   .9876245   .0361715    -0.34   0.734     .9192143    1.061126
2021-07-20T16:01:47.490913100Z              |
2021-07-20T16:01:47.490915500Z reduced_ki~t |
2021-07-20T16:01:47.491166400Z Stage 3a/..  |   1.016213   .2600261     0.06   0.950     .6154335    1.677985
2021-07-20T16:01:47.491382800Z       1.esrd |   1.005603   .0318849     0.18   0.860     .9450116    1.070078
2021-07-20T16:01:47.491588000Z 1.other_tr~t |   1.004702   .0381225     0.12   0.902      .932694    1.082269
2021-07-20T16:01:47.491779400Z   1.asplenia |   .9867012   .0362147    -0.36   0.715     .9182146    1.060296
2021-07-20T16:01:47.492210800Z 1.ra_sle_p~s |   1.033017   .0412821     0.81   0.416      .955193    1.117181
2021-07-20T16:01:47.500735200Z 1.other_im~o |   1.062271   .0343502     1.87   0.062     .9970348    1.131775
2021-07-20T16:01:47.500767200Z ------------------------------------------------------------------------------
2021-07-20T16:01:47.500967700Z                                                              Stratified by stp
2021-07-20T16:01:47.504747800Z    1:      8.16 /        1 =       8.1560
2021-07-20T16:01:47.511675000Z 
2021-07-20T16:01:47.511691600Z          failure _d:  covid_icu
2021-07-20T16:01:47.511694600Z    analysis time _t:  (stime_covid_icu-origin)
2021-07-20T16:01:47.511696800Z              origin:  time enter_date
2021-07-20T16:01:47.511698800Z   enter on or after:  time enter_date
2021-07-20T16:01:47.511700800Z                  id:  patient_id
2021-07-20T16:01:47.962989900Z 
2021-07-20T16:01:47.963018900Z Iteration 0:   log pseudolikelihood = -31168.565
2021-07-20T16:01:48.123686100Z Iteration 1:   log pseudolikelihood = -31147.592
2021-07-20T16:01:48.288224200Z Iteration 2:   log pseudolikelihood = -31145.873
2021-07-20T16:01:48.476939900Z Iteration 3:   log pseudolikelihood = -31145.766
2021-07-20T16:01:48.673600200Z Iteration 4:   log pseudolikelihood = -31145.765
2021-07-20T16:01:48.883498800Z Iteration 5:   log pseudolikelihood = -31145.765
2021-07-20T16:01:48.883523800Z Refining estimates:
2021-07-20T16:01:49.652279100Z Iteration 0:   log pseudolikelihood = -31145.765
2021-07-20T16:01:54.261045400Z 
2021-07-20T16:01:54.261067100Z Stratified Cox regr. -- Breslow method for ties
2021-07-20T16:01:54.261070600Z 
2021-07-20T16:01:54.261073200Z No. of subjects      =       16,235             Number of obs    =      16,235
2021-07-20T16:01:54.261075900Z No. of failures      =        4,374
2021-07-20T16:01:54.261078700Z Time at risk         =      1325984
2021-07-20T16:01:54.261081200Z                                                 Wald chi2(45)    =       45.87
2021-07-20T16:01:54.261083900Z Log pseudolikelihood =   -31145.765             Prob > chi2      =      0.4359
2021-07-20T16:01:54.261086800Z 
2021-07-20T16:01:54.272463200Z                        (Std. Err. adjusted for 1,121 clusters in household_id)
2021-07-20T16:01:54.272483500Z ------------------------------------------------------------------------------
2021-07-20T16:01:54.272487000Z              |               Robust
2021-07-20T16:01:54.272489700Z           _t | Haz. Ratio   Std. Err.      z    P>|z|     [95% Conf. Interval]
2021-07-20T16:01:54.272492500Z -------------+----------------------------------------------------------------
2021-07-20T16:01:54.272495100Z    kids_cat4 |
2021-07-20T16:01:54.272497800Z only <12 ..  |   .9073404   .1491247    -0.59   0.554     .6574643    1.252184
2021-07-20T16:01:54.272873800Z  only 12-18  |   1.100272    .323229     0.33   0.745     .6186444    1.956857
2021-07-20T16:01:54.272886500Z       mixed  |    .971419   .1182358    -0.24   0.812     .7652494    1.233134
2021-07-20T16:01:54.272889900Z              |
2021-07-20T16:01:54.273256800Z         age1 |   1.001037   .0059363     0.17   0.861     .9894695     1.01274
2021-07-20T16:01:54.273271100Z         age2 |   1.006353   .0182678     0.35   0.727     .9711786    1.042802
2021-07-20T16:01:54.273683500Z         age3 |   .9791044   .0487526    -0.42   0.671     .8880656    1.079476
2021-07-20T16:01:54.273850100Z       1.male |     .99813   .0306122    -0.06   0.951     .9398989    1.059969
2021-07-20T16:01:54.273861700Z              |
2021-07-20T16:01:54.273865200Z    ethnicity |
2021-07-20T16:01:54.274028800Z Asian or ..  |   1.035513   .0520558     0.69   0.488     .9383511    1.142737
2021-07-20T16:01:54.274322000Z       Other  |   1.001228   .0512584     0.02   0.981     .9056391    1.106906
2021-07-20T16:01:54.274347600Z              |
2021-07-20T16:01:54.274353200Z    obese4cat |
2021-07-20T16:01:54.274356000Z Obese I ..)  |   .9283826     .04211    -1.64   0.101     .8494109    1.014697
2021-07-20T16:01:54.274703700Z Obese II..)  |   1.004148   .0537082     0.08   0.938     .9042112    1.115129
2021-07-20T16:01:54.274893100Z Obese II..)  |   .9923562   .0630998    -0.12   0.904     .8760789    1.124066
2021-07-20T16:01:54.274904100Z              |
2021-07-20T16:01:54.274906900Z smoke_nomiss |
2021-07-20T16:01:54.275166900Z      Former  |   .8614647   .1006146    -1.28   0.202     .6852066    1.083062
2021-07-20T16:01:54.275355300Z     Current  |   .9493214    .047077    -1.05   0.294     .8613944    1.046224
2021-07-20T16:01:54.275366100Z              |
2021-07-20T16:01:54.275369000Z          imd |
2021-07-20T16:01:54.275604000Z           4  |   .9783254   .0381386    -0.56   0.574     .9063595    1.056005
2021-07-20T16:01:54.275857800Z 5 most de..  |   .9721609   .0511386    -0.54   0.591      .876925     1.07774
2021-07-20T16:01:54.275870000Z              |
2021-07-20T16:01:54.275873200Z tot_adults~h |
2021-07-20T16:01:54.276084400Z           2  |   1.344766   .3283727     1.21   0.225     .8332881    2.170191
2021-07-20T16:01:54.276329700Z           3  |   1.205163   .2592997     0.87   0.386     .7905032    1.837334
2021-07-20T16:01:54.276344200Z              |
2021-07-20T16:01:54.276622900Z 1.htdiag_o~p |    1.03562   .0582917     0.62   0.534     .9274471     1.15641
2021-07-20T16:01:54.276668100Z 1.~y_disease |   .9911854    .037714    -0.23   0.816     .9199563    1.067929
2021-07-20T16:01:54.277071700Z     1.asthma |   .9979409   .0560733    -0.04   0.971     .8938748    1.114123
2021-07-20T16:01:54.277268200Z 1.~c_disease |   .9413487   .0361567    -1.57   0.116     .8730846     1.01495
2021-07-20T16:01:54.277279500Z              |
2021-07-20T16:01:54.277284100Z      diabcat |
2021-07-20T16:01:54.277623100Z T1DM, con..  |   1.091398   .1035835     0.92   0.357     .9061422    1.314528
2021-07-20T16:01:54.277634400Z T1DM, unc..  |   .8068127   .1663162    -1.04   0.298     .5386495    1.208479
2021-07-20T16:01:54.277979600Z T2DM, con..  |   1.068175   .0416651     1.69   0.091     .9895566     1.15304
2021-07-20T16:01:54.278080000Z T2DM, unc..  |   .9615624   .0812702    -0.46   0.643     .8147696    1.134802
2021-07-20T16:01:54.278395100Z Diabetes,..  |   2.753478   1.247857     2.23   0.025     1.132721    6.693297
2021-07-20T16:01:54.278407100Z              |
2021-07-20T16:01:54.278411700Z cancer_exh~t |
2021-07-20T16:01:54.278612800Z   Last year  |    .510653   .1748878    -1.96   0.050     .2609802    .9991813
2021-07-20T16:01:54.278840600Z 2-5 years..  |    1.09524   .1274389     0.78   0.434     .8718983    1.375791
2021-07-20T16:01:54.279077100Z    5+ years  |    .933788     .04163    -1.54   0.124     .8556579    1.019052
2021-07-20T16:01:54.279088200Z              |
2021-07-20T16:01:54.279093000Z cancer_hae~t |
2021-07-20T16:01:54.279353300Z   Last year  |    .659142   .1854561    -1.48   0.138     .3797388    1.144124
2021-07-20T16:01:54.279541700Z 2-5 years..  |   1.216931   .1371625     1.74   0.082     .9757204    1.517771
2021-07-20T16:01:54.279811800Z    5+ years  |   .9710327   .0389744    -0.73   0.464     .8975716    1.050506
2021-07-20T16:01:54.279823500Z              |
2021-07-20T16:01:54.280298200Z 1.~r_disease |   .9853153   .0372866    -0.39   0.696     .9148793    1.061174
2021-07-20T16:01:54.280643600Z 1.stroke_d~a |   .9855888   .0372154    -0.38   0.701     .9152816    1.061297
2021-07-20T16:01:54.280893600Z 1.other_ne~o |   .9879375   .0361965    -0.33   0.740     .9194811    1.061491
2021-07-20T16:01:54.280906000Z              |
2021-07-20T16:01:54.280911100Z reduced_ki~t |
2021-07-20T16:01:54.281246000Z Stage 3a/..  |   1.022344   .2611815     0.09   0.931     .6196378    1.686771
2021-07-20T16:01:54.281475500Z       1.esrd |    .994982   .0340442    -0.15   0.883     .9304448    1.063996
2021-07-20T16:01:54.281692500Z 1.other_tr~t |   .9960997   .0394211    -0.10   0.921     .9217564    1.076439
2021-07-20T16:01:54.281929000Z   1.asplenia |    .978839    .037503    -0.56   0.577     .9080264    1.055174
2021-07-20T16:01:54.282281700Z 1.ra_sle_p~s |   1.033493   .0413061     0.82   0.410     .9556241    1.117707
2021-07-20T16:01:54.282452900Z 1.other_im~o |   1.051972   .0355453     1.50   0.134     .9845616    1.123999
2021-07-20T16:01:54.282461000Z              |
2021-07-20T16:01:54.282465100Z       shield#|
2021-07-20T16:01:54.282467300Z    kids_cat4 |
2021-07-20T16:01:54.282469300Z           1 #|
2021-07-20T16:01:54.282881800Z only <12 ..  |   1.203821   .1589296     1.41   0.160     .9293628    1.559331
2021-07-20T16:01:54.282893700Z           1 #|
2021-07-20T16:01:54.283148800Z  only 12-18  |   .8737588   .2400741    -0.49   0.623     .5099356    1.497159
2021-07-20T16:01:54.284436100Z     1#mixed  |   1.037736   .0660278     0.58   0.560     .9160677    1.175563
2021-07-20T16:01:54.284450600Z ------------------------------------------------------------------------------
2021-07-20T16:01:54.284650500Z                                                              Stratified by stp
2021-07-20T16:01:54.285940400Z    1:      6.78 /        1 =       6.7830
2021-07-20T16:01:54.287724100Z 
2021-07-20T16:01:54.287743800Z  ( 1)  1.shield#1.kids_cat4 = 0
2021-07-20T16:01:54.287747100Z  ( 2)  1.shield#2.kids_cat4 = 0
2021-07-20T16:01:54.287749300Z  ( 3)  1.shield#3.kids_cat4 = 0
2021-07-20T16:01:54.287751400Z 
2021-07-20T16:01:54.287753500Z            chi2(  3) =    2.42
2021-07-20T16:01:54.287830000Z          Prob > chi2 =    0.4894
2021-07-20T16:01:54.287840400Z 
2021-07-20T16:01:54.287842900Z kids_cat4 
2021-07-20T16:01:54.287845000Z ****************
2021-07-20T16:01:54.289842500Z 
2021-07-20T16:01:54.289862400Z  ( 1)  1.kids_cat4 + 1.shield#1.kids_cat4 = 0
2021-07-20T16:01:54.289954500Z 
2021-07-20T16:01:54.297362000Z ------------------------------------------------------------------------------
2021-07-20T16:01:54.297378700Z           _t |     exp(b)   Std. Err.      z    P>|z|     [95% Conf. Interval]
2021-07-20T16:01:54.297382000Z -------------+----------------------------------------------------------------
2021-07-20T16:01:54.297824500Z          (1) |   1.092275    .124862     0.77   0.440     .8730276    1.366583
2021-07-20T16:01:54.297838500Z ------------------------------------------------------------------------------
2021-07-20T16:01:54.298486200Z kids_cat4
2021-07-20T16:01:54.298499500Z ****************
2021-07-20T16:01:54.300285800Z 
2021-07-20T16:01:54.300300200Z  ( 1)  2.kids_cat4 + 1.shield#2.kids_cat4 = 0
2021-07-20T16:01:54.300305200Z 
2021-07-20T16:01:54.306509900Z ------------------------------------------------------------------------------
2021-07-20T16:01:54.306535200Z           _t |     exp(b)   Std. Err.      z    P>|z|     [95% Conf. Interval]
2021-07-20T16:01:54.306541600Z -------------+----------------------------------------------------------------
2021-07-20T16:01:54.307127700Z          (1) |   .9613725   .1548674    -0.24   0.807     .7010867    1.318292
2021-07-20T16:01:54.307147200Z ------------------------------------------------------------------------------
2021-07-20T16:01:54.308073900Z kids_cat4
2021-07-20T16:01:54.308096400Z ****************
2021-07-20T16:01:54.310093200Z 
2021-07-20T16:01:54.310115300Z  ( 1)  3.kids_cat4 + 1.shield#3.kids_cat4 = 0
2021-07-20T16:01:54.310229000Z 
2021-07-20T16:01:54.317023700Z ------------------------------------------------------------------------------
2021-07-20T16:01:54.317046000Z           _t |     exp(b)   Std. Err.      z    P>|z|     [95% Conf. Interval]
2021-07-20T16:01:54.317051600Z -------------+----------------------------------------------------------------
2021-07-20T16:01:54.317414200Z          (1) |   1.008076   .1088723     0.07   0.941     .8157621    1.245728
2021-07-20T16:01:54.317449000Z ------------------------------------------------------------------------------
2021-07-20T16:01:54.341383200Z (note: file output/an_interaction_cox_models_covid_icu_kids_cat4_shield_MAINFUL
2021-07-20T16:01:54.341403100Z > LYADJMODEL_agespline_bmicat_noeth_ageband_0W2.ster not found)
2021-07-20T16:01:54.341406300Z file output/an_interaction_cox_models_covid_icu_kids_cat4_shield_MAINFULLYADJMO
2021-07-20T16:01:54.341408600Z > DEL_agespline_bmicat_noeth_ageband_0W2.ster saved
2021-07-20T16:01:54.349661900Z 
2021-07-20T16:01:54.349685200Z          failure _d:  covid_icu
2021-07-20T16:01:54.349690100Z    analysis time _t:  (stime_covid_icu-origin)
2021-07-20T16:01:54.349705700Z              origin:  time enter_date
2021-07-20T16:01:54.349708200Z   enter on or after:  time enter_date
2021-07-20T16:01:54.349710300Z                  id:  patient_id
2021-07-20T16:01:54.466459300Z 
2021-07-20T16:01:54.466480300Z Iteration 0:   log pseudolikelihood = -7157.1631
2021-07-20T16:01:54.511792900Z Iteration 1:   log pseudolikelihood = -7141.6068
2021-07-20T16:01:54.560031400Z Iteration 2:   log pseudolikelihood = -7140.9962
2021-07-20T16:01:54.607810000Z Iteration 3:   log pseudolikelihood = -7140.9915
2021-07-20T16:01:54.651759000Z Iteration 4:   log pseudolikelihood = -7140.9915
2021-07-20T16:01:54.651776900Z Refining estimates:
2021-07-20T16:01:54.826925600Z Iteration 0:   log pseudolikelihood = -7140.9915
2021-07-20T16:01:55.628566700Z 
2021-07-20T16:01:55.628589800Z Stratified Cox regr. -- Breslow method for ties
2021-07-20T16:01:55.628594800Z 
2021-07-20T16:01:55.628598500Z No. of subjects      =        4,496             Number of obs    =       4,496
2021-07-20T16:01:55.628602300Z No. of failures      =        1,224
2021-07-20T16:01:55.628712900Z Time at risk         =       367117
2021-07-20T16:01:55.628731100Z                                                 Wald chi2(42)    =       35.17
2021-07-20T16:01:55.628771900Z Log pseudolikelihood =   -7140.9915             Prob > chi2      =      0.7629
2021-07-20T16:01:55.628783700Z 
2021-07-20T16:01:55.640062100Z                          (Std. Err. adjusted for 912 clusters in household_id)
2021-07-20T16:01:55.640124700Z ------------------------------------------------------------------------------
2021-07-20T16:01:55.640132200Z              |               Robust
2021-07-20T16:01:55.640136300Z           _t | Haz. Ratio   Std. Err.      z    P>|z|     [95% Conf. Interval]
2021-07-20T16:01:55.640140600Z -------------+----------------------------------------------------------------
2021-07-20T16:01:55.640144500Z    kids_cat4 |
2021-07-20T16:01:55.640291500Z only <12 ..  |   .9730909   .2206604    -0.12   0.904     .6239258    1.517658
2021-07-20T16:01:55.640634800Z  only 12-18  |   .8075121   .2476204    -0.70   0.486     .4427224    1.472877
2021-07-20T16:01:55.640940900Z       mixed  |   .9764791   .2110592    -0.11   0.912      .639266    1.491572
2021-07-20T16:01:55.640954600Z              |
2021-07-20T16:01:55.641285400Z         age1 |   .9996564   .0254182    -0.01   0.989     .9510586    1.050737
2021-07-20T16:01:55.641583900Z         age2 |   1.056268   .1436831     0.40   0.687     .8090698    1.378993
2021-07-20T16:01:55.641910100Z         age3 |   .8776567   .2371697    -0.48   0.629     .5167778    1.490546
2021-07-20T16:01:55.642198300Z       1.male |   1.104508    .066224     1.66   0.097      .982048    1.242239
2021-07-20T16:01:55.642208300Z              |
2021-07-20T16:01:55.642223500Z    ethnicity |
2021-07-20T16:01:55.642531100Z Asian or ..  |   1.165085   .1075134     1.66   0.098     .9723204    1.396067
2021-07-20T16:01:55.642801100Z       Other  |   .9819838    .095365    -0.19   0.851     .8117835    1.187869
2021-07-20T16:01:55.642815200Z              |
2021-07-20T16:01:55.642820600Z    obese4cat |
2021-07-20T16:01:55.642992200Z Obese I ..)  |   .8820303   .0774372    -1.43   0.153     .7425964    1.047645
2021-07-20T16:01:55.643199900Z Obese II..)  |   .9383141   .0923121    -0.65   0.518     .7737601    1.137863
2021-07-20T16:01:55.643441500Z Obese II..)  |   .9180593   .1135252    -0.69   0.489     .7204653    1.169845
2021-07-20T16:01:55.643453400Z              |
2021-07-20T16:01:55.643457900Z smoke_nomiss |
2021-07-20T16:01:55.643656600Z      Former  |    1.50284   .2712818     2.26   0.024     1.055019    2.140748
2021-07-20T16:01:55.643870000Z     Current  |   .9348108   .0834483    -0.76   0.450     .7847639    1.113547
2021-07-20T16:01:55.643881700Z              |
2021-07-20T16:01:55.643886200Z          imd |
2021-07-20T16:01:55.644121900Z           4  |   .9463936   .0699277    -0.75   0.456     .8187997     1.09387
2021-07-20T16:01:55.644372800Z 5 most de..  |   1.009232   .0969053     0.10   0.924     .8361025     1.21821
2021-07-20T16:01:55.644395000Z              |
2021-07-20T16:01:55.644399600Z tot_adults~h |
2021-07-20T16:01:55.644625000Z           2  |   .5853778   .2423375    -1.29   0.196     .2600469    1.317713
2021-07-20T16:01:55.644870500Z           3  |   .5646874   .1789027    -1.80   0.071     .3034819    1.050711
2021-07-20T16:01:55.644880200Z              |
2021-07-20T16:01:55.645183300Z 1.htdiag_o~p |   1.001565   .1061183     0.01   0.988     .8137523    1.232725
2021-07-20T16:01:55.645431700Z 1.~y_disease |   1.003475   .0735591     0.05   0.962     .8691805     1.15852
2021-07-20T16:01:55.645700000Z     1.asthma |   1.089866   .1123394     0.83   0.404     .8905007    1.333865
2021-07-20T16:01:55.646018600Z 1.~c_disease |   .9682839   .0653198    -0.48   0.633     .8483619    1.105158
2021-07-20T16:01:55.646029700Z              |
2021-07-20T16:01:55.646034000Z      diabcat |
2021-07-20T16:01:55.646394800Z T1DM, con..  |   .8573865   .1713799    -0.77   0.441     .5794728    1.268587
2021-07-20T16:01:55.646711100Z T1DM, unc..  |   .7501196   .3344099    -0.64   0.519     .3130815     1.79723
2021-07-20T16:01:55.647003900Z T2DM, con..  |   .9708296   .0724343    -0.40   0.692     .8387533    1.123704
2021-07-20T16:01:55.647301500Z T2DM, unc..  |   .9473082   .1580517    -0.32   0.746     .6830844    1.313737
2021-07-20T16:01:55.647623300Z Diabetes,..  |   1.915295   1.187929     1.05   0.295     .5679266    6.459205
2021-07-20T16:01:55.647637600Z              |
2021-07-20T16:01:55.647642500Z cancer_exh~t |
2021-07-20T16:01:55.647886500Z   Last year  |   1.057016   .3986236     0.15   0.883     .5047487    2.213544
2021-07-20T16:01:55.648134500Z 2-5 years..  |   1.184839   .2800331     0.72   0.473     .7455564    1.882948
2021-07-20T16:01:55.648411700Z    5+ years  |   1.056485   .0790243     0.73   0.463     .9124184    1.223299
2021-07-20T16:01:55.648421300Z              |
2021-07-20T16:01:55.648423900Z cancer_hae~t |
2021-07-20T16:01:55.648708600Z   Last year  |   .6250728   .3622282    -0.81   0.417     .2007527    1.946256
2021-07-20T16:01:55.648980000Z 2-5 years..  |   1.059632   .2350537     0.26   0.794     .6860195    1.636716
2021-07-20T16:01:55.649351200Z    5+ years  |   .9950552   .0739339    -0.07   0.947     .8602047    1.151046
2021-07-20T16:01:55.649362200Z              |
2021-07-20T16:01:55.649624700Z 1.~r_disease |   .9985877   .0712444    -0.02   0.984     .8682746    1.148459
2021-07-20T16:01:55.649900300Z 1.stroke_d~a |   .9544789   .0701316    -0.63   0.526     .8264625    1.102325
2021-07-20T16:01:55.650117500Z 1.other_ne~o |      .9789   .0700289    -0.30   0.766      .850834    1.126242
2021-07-20T16:01:55.650128200Z              |
2021-07-20T16:01:55.650132400Z reduced_ki~t |
2021-07-20T16:01:55.650520900Z Stage 3a/..  |   1.048459   .1675651     0.30   0.767     .7665001    1.434138
2021-07-20T16:01:55.650810600Z       1.esrd |   .8909601   .0546413    -1.88   0.060     .7900513    1.004757
2021-07-20T16:01:55.651103100Z 1.other_tr~t |   1.099721   .0787775     1.33   0.185     .9556694    1.265487
2021-07-20T16:01:55.651372700Z   1.asplenia |   .9907454   .0735532    -0.13   0.900     .8565813    1.145923
2021-07-20T16:01:55.651602000Z 1.ra_sle_p~s |   1.033605   .0763669     0.45   0.655     .8942616    1.194662
2021-07-20T16:01:55.652785000Z 1.other_im~o |   .9466212   .0591023    -0.88   0.380       .83759    1.069845
2021-07-20T16:01:55.652804600Z ------------------------------------------------------------------------------
2021-07-20T16:01:55.652976200Z                                                              Stratified by stp
2021-07-20T16:01:55.656016600Z    1:      1.31 /        1 =       1.3110
2021-07-20T16:01:55.658791700Z 
2021-07-20T16:01:55.658832600Z          failure _d:  covid_icu
2021-07-20T16:01:55.658836900Z    analysis time _t:  (stime_covid_icu-origin)
2021-07-20T16:01:55.658839200Z              origin:  time enter_date
2021-07-20T16:01:55.658841300Z   enter on or after:  time enter_date
2021-07-20T16:01:55.658939100Z                  id:  patient_id
2021-07-20T16:01:55.799339800Z 
2021-07-20T16:01:55.799362500Z Iteration 0:   log pseudolikelihood = -7157.1631
2021-07-20T16:01:55.852514400Z Iteration 1:   log pseudolikelihood = -7140.1496
2021-07-20T16:01:55.907217300Z Iteration 2:   log pseudolikelihood =  -7139.544
2021-07-20T16:01:55.964490700Z Iteration 3:   log pseudolikelihood = -7139.5393
2021-07-20T16:01:56.023876500Z Iteration 4:   log pseudolikelihood = -7139.5393
2021-07-20T16:01:56.023898300Z Refining estimates:
2021-07-20T16:01:56.224968000Z Iteration 0:   log pseudolikelihood = -7139.5393
2021-07-20T16:01:57.047293800Z 
2021-07-20T16:01:57.047319400Z Stratified Cox regr. -- Breslow method for ties
2021-07-20T16:01:57.047323400Z 
2021-07-20T16:01:57.047325800Z No. of subjects      =        4,496             Number of obs    =       4,496
2021-07-20T16:01:57.047328400Z No. of failures      =        1,224
2021-07-20T16:01:57.047330700Z Time at risk         =       367117
2021-07-20T16:01:57.047333300Z                                                 Wald chi2(45)    =       37.27
2021-07-20T16:01:57.047335800Z Log pseudolikelihood =   -7139.5393             Prob > chi2      =      0.7867
2021-07-20T16:01:57.047338500Z 
2021-07-20T16:01:57.057846100Z                          (Std. Err. adjusted for 912 clusters in household_id)
2021-07-20T16:01:57.057935600Z ------------------------------------------------------------------------------
2021-07-20T16:01:57.057942600Z              |               Robust
2021-07-20T16:01:57.057946900Z           _t | Haz. Ratio   Std. Err.      z    P>|z|     [95% Conf. Interval]
2021-07-20T16:01:57.057952200Z -------------+----------------------------------------------------------------
2021-07-20T16:01:57.057956700Z    kids_cat4 |
2021-07-20T16:01:57.057960600Z only <12 ..  |   1.083063   .3448303     0.25   0.802      .580289     2.02145
2021-07-20T16:01:57.058073700Z  only 12-18  |    .803144   .4336642    -0.41   0.685     .2787277    2.314231
2021-07-20T16:01:57.058212200Z       mixed  |   1.145257   .2708597     0.57   0.566     .7204255     1.82061
2021-07-20T16:01:57.058224800Z              |
2021-07-20T16:01:57.058442200Z         age1 |   1.000333   .0254537     0.01   0.990     .9516683    1.051486
2021-07-20T16:01:57.058610200Z         age2 |   1.054263   .1435038     0.39   0.698     .8073936    1.376615
2021-07-20T16:01:57.058881400Z         age3 |   .8808369   .2381944    -0.47   0.639     .5184597    1.496497
2021-07-20T16:01:57.059287400Z       1.male |   1.103734   .0662056     1.65   0.100     .9813112    1.241431
2021-07-20T16:01:57.059302500Z              |
2021-07-20T16:01:57.059307700Z    ethnicity |
2021-07-20T16:01:57.059312800Z Asian or ..  |   1.164501   .1075231     1.65   0.099     .9717282    1.395516
2021-07-20T16:01:57.059686100Z       Other  |   .9864749   .0958018    -0.14   0.888      .815495    1.193303
2021-07-20T16:01:57.059700300Z              |
2021-07-20T16:01:57.059705000Z    obese4cat |
2021-07-20T16:01:57.059991200Z Obese I ..)  |   .8847283   .0778268    -1.39   0.164     .7446161    1.051205
2021-07-20T16:01:57.060373500Z Obese II..)  |   .9373532    .092464    -0.66   0.512     .7725694    1.137284
2021-07-20T16:01:57.061124700Z Obese II..)  |   .9197206   .1139135    -0.68   0.499     .7214878    1.172419
2021-07-20T16:01:57.061246300Z              |
2021-07-20T16:01:57.061257900Z smoke_nomiss |
2021-07-20T16:01:57.061717900Z      Former  |   1.513518   .2745282     2.28   0.022     1.060701    2.159644
2021-07-20T16:01:57.062160500Z     Current  |   .9302692   .0828913    -0.81   0.417     .7812008    1.107783
2021-07-20T16:01:57.062192000Z              |
2021-07-20T16:01:57.062198600Z          imd |
2021-07-20T16:01:57.062893000Z           4  |   .9470292   .0699378    -0.74   0.461     .8194122    1.094522
2021-07-20T16:01:57.063236700Z 5 most de..  |   1.008898   .0968617     0.09   0.926     .8358451    1.217781
2021-07-20T16:01:57.063253600Z              |
2021-07-20T16:01:57.063257800Z tot_adults~h |
2021-07-20T16:01:57.063640100Z           2  |   .5970595    .246603    -1.25   0.212     .2657336    1.341494
2021-07-20T16:01:57.064171000Z           3  |   .5670903   .1793753    -1.79   0.073     .3050775     1.05413
2021-07-20T16:01:57.064206200Z              |
2021-07-20T16:01:57.064782600Z 1.htdiag_o~p |   1.002664   .1063711     0.03   0.980     .8144276    1.234406
2021-07-20T16:01:57.065071000Z 1.~y_disease |   1.031601   .0783966     0.41   0.682     .8888418    1.197289
2021-07-20T16:01:57.065802500Z     1.asthma |   1.117943   .1165786     1.07   0.285     .9112898    1.371458
2021-07-20T16:01:57.065955100Z 1.~c_disease |   .9655942    .065235    -0.52   0.604     .8458395    1.102304
2021-07-20T16:01:57.065969300Z              |
2021-07-20T16:01:57.065974700Z      diabcat |
2021-07-20T16:01:57.066316200Z T1DM, con..  |   .8554236   .1702707    -0.78   0.433     .5790966    1.263605
2021-07-20T16:01:57.066417100Z T1DM, unc..  |   .7481682   .3335477    -0.65   0.515     .3122607    1.792591
2021-07-20T16:01:57.066835600Z T2DM, con..  |   .9704769   .0723868    -0.40   0.688     .8384845    1.123247
2021-07-20T16:01:57.066850700Z T2DM, unc..  |   .9448025   .1576396    -0.34   0.734     .6812691    1.310278
2021-07-20T16:01:57.067278800Z Diabetes,..  |   1.968163   1.209328     1.10   0.270     .5902612    6.562626
2021-07-20T16:01:57.067296200Z              |
2021-07-20T16:01:57.067301000Z cancer_exh~t |
2021-07-20T16:01:57.067559100Z   Last year  |   1.090406   .4113638     0.23   0.819     .5205546    2.284075
2021-07-20T16:01:57.067741700Z 2-5 years..  |   1.220026   .2890838     0.84   0.401      .766792    1.941155
2021-07-20T16:01:57.068034100Z    5+ years  |   1.089357   .0831461     1.12   0.262     .9379971    1.265141
2021-07-20T16:01:57.068048400Z              |
2021-07-20T16:01:57.068053100Z cancer_hae~t |
2021-07-20T16:01:57.068267400Z   Last year  |    .643544   .3716049    -0.76   0.445     .2075223    1.995684
2021-07-20T16:01:57.068464900Z 2-5 years..  |   1.103942   .2490682     0.44   0.661     .7094155    1.717876
2021-07-20T16:01:57.068826900Z    5+ years  |   1.022021    .076958     0.29   0.772     .8817885    1.184555
2021-07-20T16:01:57.068837500Z              |
2021-07-20T16:01:57.069083000Z 1.~r_disease |    .996567   .0711792    -0.05   0.962      .866383    1.146313
2021-07-20T16:01:57.069293900Z 1.stroke_d~a |   .9503462   .0701813    -0.69   0.490     .8222846    1.098352
2021-07-20T16:01:57.069571200Z 1.other_ne~o |   .9743016   .0699914    -0.36   0.717     .8463407    1.121609
2021-07-20T16:01:57.069584700Z              |
2021-07-20T16:01:57.069589200Z reduced_ki~t |
2021-07-20T16:01:57.069997000Z Stage 3a/..  |   1.041325   .1659918     0.25   0.799     .7619056    1.423219
2021-07-20T16:01:57.070189900Z       1.esrd |   .9260855   .0613907    -1.16   0.247     .8132507    1.054576
2021-07-20T16:01:57.070527000Z 1.other_tr~t |   1.135011   .0867884     1.66   0.098     .9770415    1.318521
2021-07-20T16:01:57.070826900Z   1.asplenia |   1.020149   .0778927     0.26   0.794     .8783567    1.184831
2021-07-20T16:01:57.071205400Z 1.ra_sle_p~s |   1.036702   .0765976     0.49   0.626     .8969376    1.198245
2021-07-20T16:01:57.071218200Z 1.other_im~o |   .9784545   .0633122    -0.34   0.736     .8619112    1.110756
2021-07-20T16:01:57.071223300Z              |
2021-07-20T16:01:57.071227100Z       shield#|
2021-07-20T16:01:57.071230900Z    kids_cat4 |
2021-07-20T16:01:57.071233800Z           1 #|
2021-07-20T16:01:57.071697700Z only <12 ..  |    .884915   .2207726    -0.49   0.624     .5426751     1.44299
2021-07-20T16:01:57.071709400Z           1 #|
2021-07-20T16:01:57.071930700Z  only 12-18  |   1.005856    .580654     0.01   0.992     .3244589    3.118257
2021-07-20T16:01:57.073167600Z     1#mixed  |    .832462   .0929791    -1.64   0.101     .6687939    1.036183
2021-07-20T16:01:57.073179200Z ------------------------------------------------------------------------------
2021-07-20T16:01:57.073327500Z                                                              Stratified by stp
2021-07-20T16:01:57.075316600Z    1:      1.42 /        1 =       1.4200
2021-07-20T16:01:57.075328700Z 
2021-07-20T16:01:57.075333600Z  ( 1)  1.shield#1.kids_cat4 = 0
2021-07-20T16:01:57.075337200Z  ( 2)  1.shield#2.kids_cat4 = 0
2021-07-20T16:01:57.075340600Z  ( 3)  1.shield#3.kids_cat4 = 0
2021-07-20T16:01:57.075344000Z 
2021-07-20T16:01:57.075347700Z            chi2(  3) =    2.79
2021-07-20T16:01:57.075351300Z          Prob > chi2 =    0.4251
2021-07-20T16:01:57.075355000Z 
2021-07-20T16:01:57.075358200Z kids_cat4 
2021-07-20T16:01:57.075361300Z ****************
2021-07-20T16:01:57.077144900Z 
2021-07-20T16:01:57.077170700Z  ( 1)  1.kids_cat4 + 1.shield#1.kids_cat4 = 0
2021-07-20T16:01:57.077174300Z 
2021-07-20T16:01:57.083565700Z ------------------------------------------------------------------------------
2021-07-20T16:01:57.083584600Z           _t |     exp(b)   Std. Err.      z    P>|z|     [95% Conf. Interval]
2021-07-20T16:01:57.083588000Z -------------+----------------------------------------------------------------
2021-07-20T16:01:57.083950600Z          (1) |   .9584185   .2174401    -0.19   0.852     .6143839    1.495101
2021-07-20T16:01:57.083966000Z ------------------------------------------------------------------------------
2021-07-20T16:01:57.084479800Z kids_cat4
2021-07-20T16:01:57.084490800Z ****************
2021-07-20T16:01:57.086273600Z 
2021-07-20T16:01:57.086295100Z  ( 1)  2.kids_cat4 + 1.shield#2.kids_cat4 = 0
2021-07-20T16:01:57.086300300Z 
2021-07-20T16:01:57.094429800Z ------------------------------------------------------------------------------
2021-07-20T16:01:57.094445500Z           _t |     exp(b)   Std. Err.      z    P>|z|     [95% Conf. Interval]
2021-07-20T16:01:57.094448800Z -------------+----------------------------------------------------------------
2021-07-20T16:01:57.095025200Z          (1) |   .8078472   .2686171    -0.64   0.521     .4210138    1.550108
2021-07-20T16:01:57.095036900Z ------------------------------------------------------------------------------
2021-07-20T16:01:57.095605200Z kids_cat4
2021-07-20T16:01:57.095615900Z ****************
2021-07-20T16:01:57.097487300Z 
2021-07-20T16:01:57.097503900Z  ( 1)  3.kids_cat4 + 1.shield#3.kids_cat4 = 0
2021-07-20T16:01:57.097508900Z 
2021-07-20T16:01:57.103981800Z ------------------------------------------------------------------------------
2021-07-20T16:01:57.103999800Z           _t |     exp(b)   Std. Err.      z    P>|z|     [95% Conf. Interval]
2021-07-20T16:01:57.104005600Z -------------+----------------------------------------------------------------
2021-07-20T16:01:57.104369300Z          (1) |   .9533831    .205485    -0.22   0.825     .6248934    1.454551
2021-07-20T16:01:57.104383500Z ------------------------------------------------------------------------------
2021-07-20T16:01:57.111091200Z (note: file output/an_interaction_cox_models_covid_icu_kids_cat4_shield_MAINFUL
2021-07-20T16:01:57.111116400Z > LYADJMODEL_agespline_bmicat_noeth_ageband_1W2.ster not found)
2021-07-20T16:01:57.111119700Z file output/an_interaction_cox_models_covid_icu_kids_cat4_shield_MAINFULLYADJMO
2021-07-20T16:01:57.111122000Z > DEL_agespline_bmicat_noeth_ageband_1W2.ster saved
2021-07-20T16:01:57.111124200Z 
2021-07-20T16:01:57.111126100Z . 
2021-07-20T16:01:57.111128200Z . log close
2021-07-20T16:01:57.111130200Z       name:  <unnamed>
2021-07-20T16:01:57.111143800Z        log:  /workspace/log/10_an_interaction_cox_models_shield_covid_icuW2.log
2021-07-20T16:01:57.111146200Z   log type:  text
2021-07-20T16:01:57.111148200Z  closed on:  20 Jul 2021, 16:01:57
2021-07-20T16:01:57.111150700Z -------------------------------------------------------------------------------
2021-07-20T16:01:57.111154000Z 
2021-07-20T16:01:57.111157300Z . 
2021-07-20T16:01:57.111160700Z . exit, clear 
2021-07-20T16:01:57.111164000Z 
2021-07-20T16:01:57.111167300Z end of do-file
2021-07-20T16:01:57.111170900Z 
2021-07-20T16:01:57.111173900Z . . file open output using "/tmp/tmp.LrYD4z2IqG", write text replace
2021-07-20T16:01:57.111180200Z 
2021-07-20T16:01:57.111184200Z . . file write output "success" 
2021-07-20T16:01:57.111187000Z 
2021-07-20T16:01:57.111191300Z . . file close output
2021-07-20T16:01:57.111195100Z 
2021-07-20T16:01:57.111199900Z . 
2021-07-20T16:01:57.111203300Z end of do-file
2021-07-20T16:01:57.111208900Z 
2021-07-20T16:01:57.111212100Z 
2021-07-20T16:01:57.133540400Z . 

state: succeeded
commit: none
docker_image_id: sha256:11980aa720220a1b39bf523f5a8a33270214c13876c30ee364e16265766f7f60
exit_code: 0
job_id: d5yhh6ucssa3tmw6
run_by_user: qc18278
created_at: 2021-07-20T15:38:48Z
started_at: 2021-07-20T16:01:39Z
completed_at: 2021-07-20T16:02:01Z

Completed successfully

outputs:
  log/10_an_interaction_cox_models_shield_covid_icuW2.log                                                                - moderately_sensitive
  output/an_interaction_cox_models_covid_icu_kids_cat4_shield_MAINFULLYADJMODEL_agespline_bmicat_noeth_ageband_0W2.ster  - moderately_sensitive
  output/an_interaction_cox_models_covid_icu_kids_cat4_shield_MAINFULLYADJMODEL_agespline_bmicat_noeth_ageband_1W2.ster  - moderately_sensitive