2021-07-22T14:00:29.747632400Z 
2021-07-22T14:00:29.747674600Z   ___  ____  ____  ____  ____ (R)
2021-07-22T14:00:29.747679200Z  /__    /   ____/   /   ____/
2021-07-22T14:00:29.747681800Z ___/   /   /___/   /   /___/   16.1   Copyright 1985-2019 StataCorp LLC
2021-07-22T14:00:29.747684300Z   Statistics/Data Analysis            StataCorp
2021-07-22T14:00:29.747686900Z                                       4905 Lakeway Drive
2021-07-22T14:00:29.747689500Z                                       College Station, Texas 77845 USA
2021-07-22T14:00:29.747691900Z                                       800-STATA-PC        http://www.stata.com
2021-07-22T14:00:29.747694600Z                                       979-696-4600        stata@stata.com
2021-07-22T14:00:29.747697000Z                                       979-696-4601 (fax)
2021-07-22T14:00:29.747699400Z 
2021-07-22T14:00:29.747701600Z 3-user Stata network license expires 11 May 2022:
2021-07-22T14:00:29.747703700Z        Serial number:  501709312237
2021-07-22T14:00:29.747706100Z          Licensed to:  The Bennett Institute
2021-07-22T14:00:29.747708500Z                        Oxford University
2021-07-22T14:00:29.748388200Z 
2021-07-22T14:00:29.748419600Z Notes:
2021-07-22T14:00:29.748425800Z       1.  Unicode is supported; see help unicode_advice.
2021-07-22T14:00:29.748429400Z 
2021-07-22T14:00:29.748432400Z . do "analysis/11_an_interaction_HR_tables_forest.wrapper.do" covidadmission 
2021-07-22T14:00:29.748435600Z 
2021-07-22T14:00:29.748438100Z . . do "analysis/11_an_interaction_HR_tables_forest.do" covidadmission
2021-07-22T14:00:29.748441100Z 
2021-07-22T14:00:29.748443700Z . *************************************************************************
2021-07-22T14:00:29.748468300Z . *Purpose: Create content that is ready to paste into a pre-formatted Word
2021-07-22T14:00:29.748473800Z . * shell table containing HRs for interaction analyses.  Also output forest
2021-07-22T14:00:29.748477000Z . *plot of results as SVG file.
2021-07-22T14:00:29.748479900Z . *
2021-07-22T14:00:29.748482600Z . *Requires: final analysis dataset (analysis_dataset.dta)
2021-07-22T14:00:29.748485400Z . *
2021-07-22T14:00:29.748488200Z . *Coding: HFORBES, based on file from Krishnan Bhaskaran
2021-07-22T14:00:29.748491700Z . *
2021-07-22T14:00:29.748494600Z . *Date drafted: 30th June 2020
2021-07-22T14:00:29.748497500Z . *************************************************************************
2021-07-22T14:00:29.748500400Z . global outdir     "output"
2021-07-22T14:00:29.748503200Z 
2021-07-22T14:00:29.748506000Z . global logdir     "log"
2021-07-22T14:00:29.748508800Z 
2021-07-22T14:00:29.748511400Z . global tempdir    "tempdata"
2021-07-22T14:00:29.748525200Z 
2021-07-22T14:00:29.748528300Z . local outcome `1'
2021-07-22T14:00:29.748531000Z 
2021-07-22T14:00:29.748533500Z . 
2021-07-22T14:00:29.748536000Z . 
2021-07-22T14:00:29.748538400Z . 
2021-07-22T14:00:29.748540900Z . * Open a log file
2021-07-22T14:00:29.748543400Z . capture log close
2021-07-22T14:00:29.748546000Z 
2021-07-22T14:00:29.748548600Z . log using "$logdir/11_an_interaction_HR_tables_forest_`outcome'.log", text re
2021-07-22T14:00:29.748551600Z > place
2021-07-22T14:00:29.748561600Z (note: file /workspace/log/11_an_interaction_HR_tables_forest_covidadmission.lo
2021-07-22T14:00:29.748564900Z > g not found)
2021-07-22T14:00:29.748750900Z -------------------------------------------------------------------------------
2021-07-22T14:00:29.748759500Z       name:  <unnamed>
2021-07-22T14:00:29.748763200Z        log:  /workspace/log/11_an_interaction_HR_tables_forest_covidadmission.l
2021-07-22T14:00:29.748765900Z > og
2021-07-22T14:00:29.748768800Z   log type:  text
2021-07-22T14:00:29.748771500Z  opened on:  22 Jul 2021, 14:00:29
2021-07-22T14:00:29.748774600Z 
2021-07-22T14:00:29.748777400Z . 
2021-07-22T14:00:29.748780000Z . *****************************************************************************
2021-07-22T14:00:29.748783000Z > ******************************************
2021-07-22T14:00:29.748822600Z . *Generic code to ouput the HRs across outcomes for all levels of a particular
2021-07-22T14:00:29.748831600Z >  variables, in the right shape for table
2021-07-22T14:00:29.748835500Z . cap prog drop outputHRsforvar
2021-07-22T14:00:29.748838700Z 
2021-07-22T14:00:29.748841500Z . prog define outputHRsforvar
2021-07-22T14:00:29.748865900Z   1. syntax, variable(string) min(real) max(real) outcome(string)
2021-07-22T14:00:29.748872200Z   2. file write tablecontents_int ("dataset") _tab ("age") _tab ("exposure") _t
2021-07-22T14:00:29.748874700Z > ab ("exposure level") ///
2021-07-22T14:00:29.748877000Z > _tab ("outcome") _tab ("int_type") _tab ("int_level") ///
2021-07-22T14:00:29.748880100Z > _tab ("HR")  _tab ("lci")  _tab ("uci") _tab ("pval") _n
2021-07-22T14:00:29.748883700Z   3. foreach dataset in MAIN W2 {
2021-07-22T14:00:29.748886500Z   4. forvalues x=0/1 {
2021-07-22T14:00:29.748889500Z   5. forvalues i=`min'/`max'{
2021-07-22T14:00:29.748978800Z   6. foreach int_type in male cat_time shield {
2021-07-22T14:00:29.748984800Z   7. 
2021-07-22T14:00:29.748986800Z . forvalues int_level=0/1 {
2021-07-22T14:00:29.748988600Z   8. 
2021-07-22T14:00:29.749010700Z . local endwith "_tab"
2021-07-22T14:00:29.749017000Z   9. 
2021-07-22T14:00:29.749020600Z .         *put the varname and condition to left so that alignment can be check
2021-07-22T14:00:29.749023800Z > ed vs shell
2021-07-22T14:00:29.749026900Z .         file write tablecontents_int ("`dataset'") _tab ("`x'") _tab ("`varia
2021-07-22T14:00:29.749029500Z > ble'") _tab ("`i'") _tab ("`outcome'") _tab ("`int_type'") _tab ("`int_level'
2021-07-22T14:00:29.749033000Z > ") _tab
2021-07-22T14:00:29.749035700Z  10. 
2021-07-22T14:00:29.749038400Z .         foreach modeltype of any fulladj {
2021-07-22T14:00:29.749041500Z  11. 
2021-07-22T14:00:29.749046300Z .                 local noestimatesflag 0 /*reset*/
2021-07-22T14:00:29.749049500Z  12. 
2021-07-22T14:00:29.749052400Z . *CHANGE THE OUTCOME BELOW TO LAST IF BRINGING IN MORE COLS
2021-07-22T14:00:29.749055500Z .                 if "`modeltype'"=="fulladj" local endwith "_n"
2021-07-22T14:00:29.749058500Z  13. 
2021-07-22T14:00:29.749061400Z .                 ***********************
2021-07-22T14:00:29.749064700Z .                 *1) GET THE RIGHT ESTIMATES INTO MEMORY
2021-07-22T14:00:29.749066600Z . 
2021-07-22T14:00:29.749068400Z .                 if "`modeltype'"=="fulladj" {
2021-07-22T14:00:29.749152000Z  14.                                 cap estimates use ./output/an_interaction_
2021-07-22T14:00:29.749171700Z > cox_models_`outcome'_`variable'_`int_type'_MAINFULLYADJMODEL_agespline_bmicat
2021-07-22T14:00:29.749213300Z > _noeth_ageband_`x'`dataset'
2021-07-22T14:00:29.749220300Z  15.                                 if _rc!=0 local noestimatesflag 1
2021-07-22T14:00:29.749223900Z  16.                                 }
2021-07-22T14:00:29.749226900Z  17.                 ***********************
2021-07-22T14:00:29.749229700Z .                 *2) WRITE THE HRs TO THE OUTPUT FILE
2021-07-22T14:00:29.749232500Z . 
2021-07-22T14:00:29.749235300Z .                 if `noestimatesflag'==0{
2021-07-22T14:00:29.749237200Z  18.                         if `int_level'==0 {
2021-07-22T14:00:29.749239000Z  19.                         test 1.`int_type'#`i'.`variable'
2021-07-22T14:00:29.749241600Z  20.                         *overall p-value for interaction: test 1.`int_type
2021-07-22T14:00:29.749243700Z > '#1.`variable' test 1.`int_type'#2.`variable'
2021-07-22T14:00:29.749245600Z .                         local pval=r(p)
2021-07-22T14:00:29.749321600Z  21.                         cap lincom `i'.`variable', eform
2021-07-22T14:00:29.749329100Z  22.                         if _rc==0 file write tablecontents_int %4.2f (r(es
2021-07-22T14:00:29.749332600Z > timate)) _tab %4.2f (r(lb)) _tab %4.2f (r(ub)) _tab %4.2f (`pval') `endwith'
2021-07-22T14:00:29.749340500Z  23. 
2021-07-22T14:00:29.749343700Z .                                 else file write tablecontents_int %4.2f ("ERR
2021-07-22T14:00:29.749346800Z >  IN MODEL") `endwith'
2021-07-22T14:00:29.749350000Z  24.                                 }
2021-07-22T14:00:29.749353300Z  25.                         if `int_level'==1 {
2021-07-22T14:00:29.749419800Z  26.                         cap lincom `i'.`variable'+ 1.`int_type'#`i'.`varia
2021-07-22T14:00:29.749428100Z > ble', eform
2021-07-22T14:00:29.749432500Z  27.                         if _rc==0 file write tablecontents_int %4.2f (r(es
2021-07-22T14:00:29.749435100Z > timate)) _tab %4.2f (r(lb)) _tab %4.2f (r(ub)) _tab  `endwith'
2021-07-22T14:00:29.749438000Z  28.                                 else file write tablecontents_int %4.2f ("
2021-07-22T14:00:29.749440900Z > ERR IN MODEL") `endwith'
2021-07-22T14:00:29.749444000Z  29.                                 }
2021-07-22T14:00:29.749446800Z  30.                         }
2021-07-22T14:00:29.749449500Z  31.                         else file write tablecontents_int %4.2f ("DID NOT 
2021-07-22T14:00:29.749452500Z > FIT") `endwith'
2021-07-22T14:00:29.749455200Z  32. 
2021-07-22T14:00:29.749457800Z .                 *3) Save the estimates for plotting
2021-07-22T14:00:29.749461600Z .                 if `noestimatesflag'==0{
2021-07-22T14:00:29.749464800Z  33.                         if "`modeltype'"=="fulladj" {
2021-07-22T14:00:29.749467400Z  34.                                 local hr = r(estimate)
2021-07-22T14:00:29.749469400Z  35.                                 local lb = r(lb)
2021-07-22T14:00:29.749471200Z  36.                                 local ub = r(ub)
2021-07-22T14:00:29.749473100Z  37.                                 cap gen `variable'=.
2021-07-22T14:00:29.749538600Z  38.                                 test 1.`int_type'#2.`variable' 1.`int_type
2021-07-22T14:00:29.749547500Z > '#1.`variable'
2021-07-22T14:00:29.749550500Z  39.                                 local pval=r(p)
2021-07-22T14:00:29.749552500Z  40.                                 post HRestimates_int ("`dataset'") ("`x'")
2021-07-22T14:00:29.749554600Z >  ("`outcome'") ("`variable'") ("`int_type'") (`i') (`int_level') (`hr') (`lb'
2021-07-22T14:00:29.749556900Z > ) (`ub') (`pval')
2021-07-22T14:00:29.749558800Z  41.                                 drop `variable'
2021-07-22T14:00:29.749561300Z  42.                                 }
2021-07-22T14:00:29.749564300Z  43.                 }
2021-07-22T14:00:29.749567100Z  44.                 }
2021-07-22T14:00:29.749616700Z  45.                 } /*int_level*/
2021-07-22T14:00:29.749624300Z  46.                 } /*full adj*/
2021-07-22T14:00:29.749634100Z  47. 
2021-07-22T14:00:29.749638000Z . } /*variable levels*/
2021-07-22T14:00:29.749639900Z  48. } /*agebands*/
2021-07-22T14:00:29.749641600Z  49. } /*datsets*/
2021-07-22T14:00:29.749643500Z  50. end
2021-07-22T14:00:29.749646000Z 
2021-07-22T14:00:29.749647900Z . *****************************************************************************
2021-07-22T14:00:29.749649800Z > ******************************************
2021-07-22T14:00:29.749651600Z . 
2021-07-22T14:00:29.749653200Z . *MAIN CODE TO PRODUCE TABLE CONTENTS
2021-07-22T14:00:29.749654900Z . cap file close tablecontents_int
2021-07-22T14:00:29.749733100Z 
2021-07-22T14:00:29.749741200Z . file open tablecontents_int using ./output/11_an_int_tab_contents_HRtable_`ou
2021-07-22T14:00:29.749744100Z > tcome'.txt, t w replace
2021-07-22T14:00:29.749834600Z (note: file ./output/11_an_int_tab_contents_HRtable_covidadmission.txt not foun
2021-07-22T14:00:29.749842400Z > d)
2021-07-22T14:00:29.749847500Z 
2021-07-22T14:00:29.749849900Z . 
2021-07-22T14:00:29.749851700Z . tempfile HRestimates_int
2021-07-22T14:00:29.749853400Z 
2021-07-22T14:00:29.749855600Z . cap postutil clear
2021-07-22T14:00:29.749857400Z 
2021-07-22T14:00:29.749859000Z . postfile HRestimates_int str10 dataset str10 x str10 outcome str27 variable s
2021-07-22T14:00:29.749860900Z > tr27 int_type level int_level hr lci uci pval using `HRestimates_int'
2021-07-22T14:00:29.750013300Z 
2021-07-22T14:00:29.750019800Z . 
2021-07-22T14:00:29.750022000Z . *Primary exposure
2021-07-22T14:00:29.750023700Z . outputHRsforvar, variable("kids_cat4") min(1) max(3) outcome(`outcome')
2021-07-22T14:00:29.781659300Z 
2021-07-22T14:00:29.781675700Z  ( 1)  1.male#1.kids_cat4 = 0
2021-07-22T14:00:29.781680600Z 
2021-07-22T14:00:29.781683600Z            chi2(  1) =    3.18
2021-07-22T14:00:29.781686600Z          Prob > chi2 =    0.0745
2021-07-22T14:00:29.886437900Z 
2021-07-22T14:00:29.886454600Z  ( 1)  1.male#2.kids_cat4 = 0
2021-07-22T14:00:29.886459400Z  ( 2)  1.male#1.kids_cat4 = 0
2021-07-22T14:00:29.886462800Z 
2021-07-22T14:00:29.886465900Z            chi2(  2) =    3.21
2021-07-22T14:00:29.886469000Z          Prob > chi2 =    0.2005
2021-07-22T14:00:29.896381500Z 
2021-07-22T14:00:29.896406200Z  ( 1)  1.male#2.kids_cat4 = 0
2021-07-22T14:00:29.896410500Z  ( 2)  1.male#1.kids_cat4 = 0
2021-07-22T14:00:29.896413700Z 
2021-07-22T14:00:29.896416900Z            chi2(  2) =    3.21
2021-07-22T14:00:29.896435800Z          Prob > chi2 =    0.2005
2021-07-22T14:00:29.900739600Z 
2021-07-22T14:00:29.900759800Z  ( 1)  1.shield#1.kids_cat4 = 0
2021-07-22T14:00:29.900764100Z 
2021-07-22T14:00:29.900767200Z            chi2(  1) =    2.07
2021-07-22T14:00:29.900799800Z          Prob > chi2 =    0.1507
2021-07-22T14:00:29.908086000Z 
2021-07-22T14:00:29.908100800Z  ( 1)  1.shield#2.kids_cat4 = 0
2021-07-22T14:00:29.908103400Z  ( 2)  1.shield#1.kids_cat4 = 0
2021-07-22T14:00:29.908105300Z 
2021-07-22T14:00:29.908107200Z            chi2(  2) =    2.07
2021-07-22T14:00:29.908109200Z          Prob > chi2 =    0.3545
2021-07-22T14:00:29.920118300Z 
2021-07-22T14:00:29.920131200Z  ( 1)  1.shield#2.kids_cat4 = 0
2021-07-22T14:00:29.920134000Z  ( 2)  1.shield#1.kids_cat4 = 0
2021-07-22T14:00:29.920136000Z 
2021-07-22T14:00:29.920137900Z            chi2(  2) =    2.07
2021-07-22T14:00:29.920140100Z          Prob > chi2 =    0.3545
2021-07-22T14:00:29.923074200Z 
2021-07-22T14:00:29.923084800Z  ( 1)  1.male#2.kids_cat4 = 0
2021-07-22T14:00:29.923087400Z 
2021-07-22T14:00:29.923089400Z            chi2(  1) =    1.15
2021-07-22T14:00:29.923091300Z          Prob > chi2 =    0.2827
2021-07-22T14:00:29.929805000Z 
2021-07-22T14:00:29.929817800Z  ( 1)  1.male#2.kids_cat4 = 0
2021-07-22T14:00:29.929820600Z  ( 2)  1.male#1.kids_cat4 = 0
2021-07-22T14:00:29.929822600Z 
2021-07-22T14:00:29.929824600Z            chi2(  2) =    3.21
2021-07-22T14:00:29.929826700Z          Prob > chi2 =    0.2005
2021-07-22T14:00:29.939743900Z 
2021-07-22T14:00:29.939759200Z  ( 1)  1.male#2.kids_cat4 = 0
2021-07-22T14:00:29.939763400Z  ( 2)  1.male#1.kids_cat4 = 0
2021-07-22T14:00:29.939766900Z 
2021-07-22T14:00:29.939769800Z            chi2(  2) =    3.21
2021-07-22T14:00:29.939773000Z          Prob > chi2 =    0.2005
2021-07-22T14:00:29.943492500Z 
2021-07-22T14:00:29.943504700Z  ( 1)  1.shield#2.kids_cat4 = 0
2021-07-22T14:00:29.943508100Z 
2021-07-22T14:00:29.943510500Z            chi2(  1) =    0.00
2021-07-22T14:00:29.943512900Z          Prob > chi2 =    0.9691
2021-07-22T14:00:29.950587600Z 
2021-07-22T14:00:29.950600800Z  ( 1)  1.shield#2.kids_cat4 = 0
2021-07-22T14:00:29.950603300Z  ( 2)  1.shield#1.kids_cat4 = 0
2021-07-22T14:00:29.950605600Z 
2021-07-22T14:00:29.950607700Z            chi2(  2) =    2.07
2021-07-22T14:00:29.950618400Z          Prob > chi2 =    0.3545
2021-07-22T14:00:29.960365800Z 
2021-07-22T14:00:29.960382000Z  ( 1)  1.shield#2.kids_cat4 = 0
2021-07-22T14:00:29.960386300Z  ( 2)  1.shield#1.kids_cat4 = 0
2021-07-22T14:00:29.960389900Z 
2021-07-22T14:00:29.960392900Z            chi2(  2) =    2.07
2021-07-22T14:00:29.960396200Z          Prob > chi2 =    0.3545
2021-07-22T14:00:29.964343800Z 
2021-07-22T14:00:29.964385800Z  ( 1)  1.male#3.kids_cat4 = 0
2021-07-22T14:00:29.964410100Z 
2021-07-22T14:00:29.964414200Z            chi2(  1) =    2.14
2021-07-22T14:00:29.964435600Z          Prob > chi2 =    0.1439
2021-07-22T14:00:29.971690900Z 
2021-07-22T14:00:29.971708800Z  ( 1)  1.male#2.kids_cat4 = 0
2021-07-22T14:00:29.971713300Z  ( 2)  1.male#1.kids_cat4 = 0
2021-07-22T14:00:29.971716600Z 
2021-07-22T14:00:29.971720300Z            chi2(  2) =    3.21
2021-07-22T14:00:29.971722400Z          Prob > chi2 =    0.2005
2021-07-22T14:00:29.982821800Z 
2021-07-22T14:00:29.982840400Z  ( 1)  1.male#2.kids_cat4 = 0
2021-07-22T14:00:29.982845000Z  ( 2)  1.male#1.kids_cat4 = 0
2021-07-22T14:00:29.982848700Z 
2021-07-22T14:00:29.982852100Z            chi2(  2) =    3.21
2021-07-22T14:00:29.982855400Z          Prob > chi2 =    0.2005
2021-07-22T14:00:29.986307500Z 
2021-07-22T14:00:29.986324200Z  ( 1)  1.shield#3.kids_cat4 = 0
2021-07-22T14:00:29.986328100Z 
2021-07-22T14:00:29.986331000Z            chi2(  1) =    1.35
2021-07-22T14:00:29.986333900Z          Prob > chi2 =    0.2458
2021-07-22T14:00:29.997361800Z 
2021-07-22T14:00:29.997376700Z  ( 1)  1.shield#2.kids_cat4 = 0
2021-07-22T14:00:29.997379400Z  ( 2)  1.shield#1.kids_cat4 = 0
2021-07-22T14:00:29.997381500Z 
2021-07-22T14:00:29.997426700Z            chi2(  2) =    2.07
2021-07-22T14:00:29.997435800Z          Prob > chi2 =    0.3545
2021-07-22T14:00:30.008209800Z 
2021-07-22T14:00:30.008225400Z  ( 1)  1.shield#2.kids_cat4 = 0
2021-07-22T14:00:30.008228000Z  ( 2)  1.shield#1.kids_cat4 = 0
2021-07-22T14:00:30.008230100Z 
2021-07-22T14:00:30.008231900Z            chi2(  2) =    2.07
2021-07-22T14:00:30.008233800Z          Prob > chi2 =    0.3545
2021-07-22T14:00:30.011512100Z 
2021-07-22T14:00:30.011528000Z  ( 1)  1.male#1.kids_cat4 = 0
2021-07-22T14:00:30.011531500Z 
2021-07-22T14:00:30.011534200Z            chi2(  1) =    0.01
2021-07-22T14:00:30.011537100Z          Prob > chi2 =    0.9042
2021-07-22T14:00:30.020963900Z 
2021-07-22T14:00:30.020983500Z  ( 1)  1.male#2.kids_cat4 = 0
2021-07-22T14:00:30.020987900Z  ( 2)  1.male#1.kids_cat4 = 0
2021-07-22T14:00:30.020991100Z 
2021-07-22T14:00:30.020994200Z            chi2(  2) =    2.83
2021-07-22T14:00:30.021000800Z          Prob > chi2 =    0.2431
2021-07-22T14:00:30.031230800Z 
2021-07-22T14:00:30.031247600Z  ( 1)  1.male#2.kids_cat4 = 0
2021-07-22T14:00:30.031250800Z  ( 2)  1.male#1.kids_cat4 = 0
2021-07-22T14:00:30.031253000Z 
2021-07-22T14:00:30.031254900Z            chi2(  2) =    2.83
2021-07-22T14:00:30.031256900Z          Prob > chi2 =    0.2431
2021-07-22T14:00:30.035630700Z 
2021-07-22T14:00:30.035657600Z  ( 1)  1.shield#1.kids_cat4 = 0
2021-07-22T14:00:30.035660800Z 
2021-07-22T14:00:30.035662800Z            chi2(  1) =    2.84
2021-07-22T14:00:30.035664700Z          Prob > chi2 =    0.0919
2021-07-22T14:00:30.043174900Z 
2021-07-22T14:00:30.043188200Z  ( 1)  1.shield#2.kids_cat4 = 0
2021-07-22T14:00:30.043191000Z  ( 2)  1.shield#1.kids_cat4 = 0
2021-07-22T14:00:30.043193200Z 
2021-07-22T14:00:30.043195100Z            chi2(  2) =    3.51
2021-07-22T14:00:30.043197200Z          Prob > chi2 =    0.1730
2021-07-22T14:00:30.053692300Z 
2021-07-22T14:00:30.053706600Z  ( 1)  1.shield#2.kids_cat4 = 0
2021-07-22T14:00:30.053709300Z  ( 2)  1.shield#1.kids_cat4 = 0
2021-07-22T14:00:30.053711300Z 
2021-07-22T14:00:30.053713200Z            chi2(  2) =    3.51
2021-07-22T14:00:30.053715000Z          Prob > chi2 =    0.1730
2021-07-22T14:00:30.056891000Z 
2021-07-22T14:00:30.056906300Z  ( 1)  1.male#2.kids_cat4 = 0
2021-07-22T14:00:30.056911000Z 
2021-07-22T14:00:30.056914200Z            chi2(  1) =    2.51
2021-07-22T14:00:30.056917300Z          Prob > chi2 =    0.1132
2021-07-22T14:00:30.064931000Z 
2021-07-22T14:00:30.064947700Z  ( 1)  1.male#2.kids_cat4 = 0
2021-07-22T14:00:30.064951900Z  ( 2)  1.male#1.kids_cat4 = 0
2021-07-22T14:00:30.064954100Z 
2021-07-22T14:00:30.064956000Z            chi2(  2) =    2.83
2021-07-22T14:00:30.064958000Z          Prob > chi2 =    0.2431
2021-07-22T14:00:30.075131200Z 
2021-07-22T14:00:30.075143000Z  ( 1)  1.male#2.kids_cat4 = 0
2021-07-22T14:00:30.075145700Z  ( 2)  1.male#1.kids_cat4 = 0
2021-07-22T14:00:30.075147700Z 
2021-07-22T14:00:30.075149500Z            chi2(  2) =    2.83
2021-07-22T14:00:30.075151700Z          Prob > chi2 =    0.2431
2021-07-22T14:00:30.079948300Z 
2021-07-22T14:00:30.079964100Z  ( 1)  1.shield#2.kids_cat4 = 0
2021-07-22T14:00:30.079968500Z 
2021-07-22T14:00:30.079971900Z            chi2(  1) =    0.78
2021-07-22T14:00:30.079973900Z          Prob > chi2 =    0.3781
2021-07-22T14:00:30.087261800Z 
2021-07-22T14:00:30.087274200Z  ( 1)  1.shield#2.kids_cat4 = 0
2021-07-22T14:00:30.087277100Z  ( 2)  1.shield#1.kids_cat4 = 0
2021-07-22T14:00:30.087279300Z 
2021-07-22T14:00:30.087281300Z            chi2(  2) =    3.51
2021-07-22T14:00:30.087283200Z          Prob > chi2 =    0.1730
2021-07-22T14:00:30.097452600Z 
2021-07-22T14:00:30.097473100Z  ( 1)  1.shield#2.kids_cat4 = 0
2021-07-22T14:00:30.097475900Z  ( 2)  1.shield#1.kids_cat4 = 0
2021-07-22T14:00:30.097478000Z 
2021-07-22T14:00:30.097514000Z            chi2(  2) =    3.51
2021-07-22T14:00:30.097522300Z          Prob > chi2 =    0.1730
2021-07-22T14:00:30.100483300Z 
2021-07-22T14:00:30.100490800Z  ( 1)  1.male#3.kids_cat4 = 0
2021-07-22T14:00:30.100493200Z 
2021-07-22T14:00:30.100495100Z            chi2(  1) =    0.57
2021-07-22T14:00:30.100497200Z          Prob > chi2 =    0.4521
2021-07-22T14:00:30.107448600Z 
2021-07-22T14:00:30.107461900Z  ( 1)  1.male#2.kids_cat4 = 0
2021-07-22T14:00:30.107485200Z  ( 2)  1.male#1.kids_cat4 = 0
2021-07-22T14:00:30.107502400Z 
2021-07-22T14:00:30.107507000Z            chi2(  2) =    2.83
2021-07-22T14:00:30.107510400Z          Prob > chi2 =    0.2431
2021-07-22T14:00:30.117777700Z 
2021-07-22T14:00:30.117799100Z  ( 1)  1.male#2.kids_cat4 = 0
2021-07-22T14:00:30.117878900Z  ( 2)  1.male#1.kids_cat4 = 0
2021-07-22T14:00:30.117883300Z 
2021-07-22T14:00:30.117886300Z            chi2(  2) =    2.83
2021-07-22T14:00:30.117889400Z          Prob > chi2 =    0.2431
2021-07-22T14:00:30.121510100Z 
2021-07-22T14:00:30.121524400Z  ( 1)  1.shield#3.kids_cat4 = 0
2021-07-22T14:00:30.121528500Z 
2021-07-22T14:00:30.121531800Z            chi2(  1) =    0.49
2021-07-22T14:00:30.121535000Z          Prob > chi2 =    0.4826
2021-07-22T14:00:30.130084300Z 
2021-07-22T14:00:30.130105500Z  ( 1)  1.shield#2.kids_cat4 = 0
2021-07-22T14:00:30.130108800Z  ( 2)  1.shield#1.kids_cat4 = 0
2021-07-22T14:00:30.130111000Z 
2021-07-22T14:00:30.130113000Z            chi2(  2) =    3.51
2021-07-22T14:00:30.130115100Z          Prob > chi2 =    0.1730
2021-07-22T14:00:30.142392600Z 
2021-07-22T14:00:30.142419800Z  ( 1)  1.shield#2.kids_cat4 = 0
2021-07-22T14:00:30.142425000Z  ( 2)  1.shield#1.kids_cat4 = 0
2021-07-22T14:00:30.142428500Z 
2021-07-22T14:00:30.142431500Z            chi2(  2) =    3.51
2021-07-22T14:00:30.142439200Z          Prob > chi2 =    0.1730
2021-07-22T14:00:30.147333700Z 
2021-07-22T14:00:30.147348400Z  ( 1)  1.male#1.kids_cat4 = 0
2021-07-22T14:00:30.147352400Z 
2021-07-22T14:00:30.147355500Z            chi2(  1) =    0.02
2021-07-22T14:00:30.147358600Z          Prob > chi2 =    0.8974
2021-07-22T14:00:30.155314100Z 
2021-07-22T14:00:30.155327500Z  ( 1)  1.male#2.kids_cat4 = 0
2021-07-22T14:00:30.155330300Z  ( 2)  1.male#1.kids_cat4 = 0
2021-07-22T14:00:30.155332300Z 
2021-07-22T14:00:30.155334300Z            chi2(  2) =    0.22
2021-07-22T14:00:30.155336400Z          Prob > chi2 =    0.8947
2021-07-22T14:00:30.166174800Z 
2021-07-22T14:00:30.166195500Z  ( 1)  1.male#2.kids_cat4 = 0
2021-07-22T14:00:30.166200100Z  ( 2)  1.male#1.kids_cat4 = 0
2021-07-22T14:00:30.166203500Z 
2021-07-22T14:00:30.166206800Z            chi2(  2) =    0.22
2021-07-22T14:00:30.166209800Z          Prob > chi2 =    0.8947
2021-07-22T14:00:30.169827100Z 
2021-07-22T14:00:30.169841700Z  ( 1)  1.shield#1.kids_cat4 = 0
2021-07-22T14:00:30.169845800Z 
2021-07-22T14:00:30.169849200Z            chi2(  1) =    0.00
2021-07-22T14:00:30.169852500Z          Prob > chi2 =    0.9821
2021-07-22T14:00:30.177273400Z 
2021-07-22T14:00:30.177288300Z  ( 1)  1.shield#2.kids_cat4 = 0
2021-07-22T14:00:30.177291200Z  ( 2)  1.shield#1.kids_cat4 = 0
2021-07-22T14:00:30.177293400Z 
2021-07-22T14:00:30.177295400Z            chi2(  2) =    0.13
2021-07-22T14:00:30.177297500Z          Prob > chi2 =    0.9355
2021-07-22T14:00:30.187960300Z 
2021-07-22T14:00:30.187979500Z  ( 1)  1.shield#2.kids_cat4 = 0
2021-07-22T14:00:30.187983700Z  ( 2)  1.shield#1.kids_cat4 = 0
2021-07-22T14:00:30.187986900Z 
2021-07-22T14:00:30.187990000Z            chi2(  2) =    0.13
2021-07-22T14:00:30.187993100Z          Prob > chi2 =    0.9355
2021-07-22T14:00:30.191321200Z 
2021-07-22T14:00:30.191339800Z  ( 1)  1.male#2.kids_cat4 = 0
2021-07-22T14:00:30.191344500Z 
2021-07-22T14:00:30.191347900Z            chi2(  1) =    0.19
2021-07-22T14:00:30.191351200Z          Prob > chi2 =    0.6617
2021-07-22T14:00:30.199899900Z 
2021-07-22T14:00:30.199933400Z  ( 1)  1.male#2.kids_cat4 = 0
2021-07-22T14:00:30.199937400Z  ( 2)  1.male#1.kids_cat4 = 0
2021-07-22T14:00:30.199940200Z 
2021-07-22T14:00:30.199942800Z            chi2(  2) =    0.22
2021-07-22T14:00:30.199945800Z          Prob > chi2 =    0.8947
2021-07-22T14:00:30.214360400Z 
2021-07-22T14:00:30.214377400Z  ( 1)  1.male#2.kids_cat4 = 0
2021-07-22T14:00:30.214382100Z  ( 2)  1.male#1.kids_cat4 = 0
2021-07-22T14:00:30.214385200Z 
2021-07-22T14:00:30.214388200Z            chi2(  2) =    0.22
2021-07-22T14:00:30.214391600Z          Prob > chi2 =    0.8947
2021-07-22T14:00:30.218865400Z 
2021-07-22T14:00:30.218882400Z  ( 1)  1.shield#2.kids_cat4 = 0
2021-07-22T14:00:30.218887300Z 
2021-07-22T14:00:30.218890800Z            chi2(  1) =    0.13
2021-07-22T14:00:30.218894400Z          Prob > chi2 =    0.7160
2021-07-22T14:00:30.226357900Z 
2021-07-22T14:00:30.226373400Z  ( 1)  1.shield#2.kids_cat4 = 0
2021-07-22T14:00:30.226378200Z  ( 2)  1.shield#1.kids_cat4 = 0
2021-07-22T14:00:30.226382700Z 
2021-07-22T14:00:30.226386000Z            chi2(  2) =    0.13
2021-07-22T14:00:30.226389300Z          Prob > chi2 =    0.9355
2021-07-22T14:00:30.236383000Z 
2021-07-22T14:00:30.236410200Z  ( 1)  1.shield#2.kids_cat4 = 0
2021-07-22T14:00:30.236426900Z  ( 2)  1.shield#1.kids_cat4 = 0
2021-07-22T14:00:30.236433200Z 
2021-07-22T14:00:30.236436800Z            chi2(  2) =    0.13
2021-07-22T14:00:30.236440300Z          Prob > chi2 =    0.9355
2021-07-22T14:00:30.239354200Z 
2021-07-22T14:00:30.239363200Z  ( 1)  1.male#3.kids_cat4 = 0
2021-07-22T14:00:30.239366100Z 
2021-07-22T14:00:30.239368200Z            chi2(  1) =    0.85
2021-07-22T14:00:30.239370300Z          Prob > chi2 =    0.3575
2021-07-22T14:00:30.246387600Z 
2021-07-22T14:00:30.246408000Z  ( 1)  1.male#2.kids_cat4 = 0
2021-07-22T14:00:30.246412700Z  ( 2)  1.male#1.kids_cat4 = 0
2021-07-22T14:00:30.246415900Z 
2021-07-22T14:00:30.246419000Z            chi2(  2) =    0.22
2021-07-22T14:00:30.246422200Z          Prob > chi2 =    0.8947
2021-07-22T14:00:30.256175300Z 
2021-07-22T14:00:30.256191000Z  ( 1)  1.male#2.kids_cat4 = 0
2021-07-22T14:00:30.256194800Z  ( 2)  1.male#1.kids_cat4 = 0
2021-07-22T14:00:30.256198100Z 
2021-07-22T14:00:30.256201000Z            chi2(  2) =    0.22
2021-07-22T14:00:30.256204300Z          Prob > chi2 =    0.8947
2021-07-22T14:00:30.259630400Z 
2021-07-22T14:00:30.259652000Z  ( 1)  1.shield#3.kids_cat4 = 0
2021-07-22T14:00:30.259657000Z 
2021-07-22T14:00:30.259660300Z            chi2(  1) =    0.86
2021-07-22T14:00:30.259663700Z          Prob > chi2 =    0.3550
2021-07-22T14:00:30.266867000Z 
2021-07-22T14:00:30.266885500Z  ( 1)  1.shield#2.kids_cat4 = 0
2021-07-22T14:00:30.266890200Z  ( 2)  1.shield#1.kids_cat4 = 0
2021-07-22T14:00:30.266893600Z 
2021-07-22T14:00:30.266896800Z            chi2(  2) =    0.13
2021-07-22T14:00:30.266900000Z          Prob > chi2 =    0.9355
2021-07-22T14:00:30.277770200Z 
2021-07-22T14:00:30.277804700Z  ( 1)  1.shield#2.kids_cat4 = 0
2021-07-22T14:00:30.277809300Z  ( 2)  1.shield#1.kids_cat4 = 0
2021-07-22T14:00:30.277812700Z 
2021-07-22T14:00:30.277815900Z            chi2(  2) =    0.13
2021-07-22T14:00:30.277819200Z          Prob > chi2 =    0.9355
2021-07-22T14:00:30.281484400Z 
2021-07-22T14:00:30.281499300Z  ( 1)  1.male#1.kids_cat4 = 0
2021-07-22T14:00:30.281502700Z 
2021-07-22T14:00:30.281505200Z            chi2(  1) =    0.00
2021-07-22T14:00:30.281507700Z          Prob > chi2 =    0.9643
2021-07-22T14:00:30.289833800Z 
2021-07-22T14:00:30.289848600Z  ( 1)  1.male#2.kids_cat4 = 0
2021-07-22T14:00:30.289853600Z  ( 2)  1.male#1.kids_cat4 = 0
2021-07-22T14:00:30.289857700Z 
2021-07-22T14:00:30.289861300Z            chi2(  2) =    0.27
2021-07-22T14:00:30.289865500Z          Prob > chi2 =    0.8716
2021-07-22T14:00:30.300646100Z 
2021-07-22T14:00:30.300661000Z  ( 1)  1.male#2.kids_cat4 = 0
2021-07-22T14:00:30.300675500Z  ( 2)  1.male#1.kids_cat4 = 0
2021-07-22T14:00:30.300678100Z 
2021-07-22T14:00:30.300683200Z            chi2(  2) =    0.27
2021-07-22T14:00:30.300735000Z          Prob > chi2 =    0.8716
2021-07-22T14:00:30.304484900Z 
2021-07-22T14:00:30.304495300Z  ( 1)  1.shield#1.kids_cat4 = 0
2021-07-22T14:00:30.304498400Z 
2021-07-22T14:00:30.304500800Z            chi2(  1) =    1.21
2021-07-22T14:00:30.304503100Z          Prob > chi2 =    0.2720
2021-07-22T14:00:30.312931100Z 
2021-07-22T14:00:30.312950900Z  ( 1)  1.shield#2.kids_cat4 = 0
2021-07-22T14:00:30.312955500Z  ( 2)  1.shield#1.kids_cat4 = 0
2021-07-22T14:00:30.312959900Z 
2021-07-22T14:00:30.312963300Z            chi2(  2) =    4.16
2021-07-22T14:00:30.312967000Z          Prob > chi2 =    0.1248
2021-07-22T14:00:30.323147500Z 
2021-07-22T14:00:30.323165900Z  ( 1)  1.shield#2.kids_cat4 = 0
2021-07-22T14:00:30.323183000Z  ( 2)  1.shield#1.kids_cat4 = 0
2021-07-22T14:00:30.323186900Z 
2021-07-22T14:00:30.323190100Z            chi2(  2) =    4.16
2021-07-22T14:00:30.323193500Z          Prob > chi2 =    0.1248
2021-07-22T14:00:30.326390400Z 
2021-07-22T14:00:30.326404000Z  ( 1)  1.male#2.kids_cat4 = 0
2021-07-22T14:00:30.326408300Z 
2021-07-22T14:00:30.326411700Z            chi2(  1) =    0.17
2021-07-22T14:00:30.326415000Z          Prob > chi2 =    0.6828
2021-07-22T14:00:30.334009600Z 
2021-07-22T14:00:30.334023000Z  ( 1)  1.male#2.kids_cat4 = 0
2021-07-22T14:00:30.334025700Z  ( 2)  1.male#1.kids_cat4 = 0
2021-07-22T14:00:30.334027900Z 
2021-07-22T14:00:30.334030000Z            chi2(  2) =    0.27
2021-07-22T14:00:30.334032100Z          Prob > chi2 =    0.8716
2021-07-22T14:00:30.344014000Z 
2021-07-22T14:00:30.344029300Z  ( 1)  1.male#2.kids_cat4 = 0
2021-07-22T14:00:30.344034000Z  ( 2)  1.male#1.kids_cat4 = 0
2021-07-22T14:00:30.344037000Z 
2021-07-22T14:00:30.344039100Z            chi2(  2) =    0.27
2021-07-22T14:00:30.344041100Z          Prob > chi2 =    0.8716
2021-07-22T14:00:30.348337400Z 
2021-07-22T14:00:30.348365300Z  ( 1)  1.shield#2.kids_cat4 = 0
2021-07-22T14:00:30.348369600Z 
2021-07-22T14:00:30.348372500Z            chi2(  1) =    2.87
2021-07-22T14:00:30.348375200Z          Prob > chi2 =    0.0900
2021-07-22T14:00:30.356090900Z 
2021-07-22T14:00:30.356107100Z  ( 1)  1.shield#2.kids_cat4 = 0
2021-07-22T14:00:30.356111400Z  ( 2)  1.shield#1.kids_cat4 = 0
2021-07-22T14:00:30.356113700Z 
2021-07-22T14:00:30.356115700Z            chi2(  2) =    4.16
2021-07-22T14:00:30.356118000Z          Prob > chi2 =    0.1248
2021-07-22T14:00:30.366380600Z 
2021-07-22T14:00:30.366400100Z  ( 1)  1.shield#2.kids_cat4 = 0
2021-07-22T14:00:30.366404800Z  ( 2)  1.shield#1.kids_cat4 = 0
2021-07-22T14:00:30.366407800Z 
2021-07-22T14:00:30.366409800Z            chi2(  2) =    4.16
2021-07-22T14:00:30.366411900Z          Prob > chi2 =    0.1248
2021-07-22T14:00:30.369310000Z 
2021-07-22T14:00:30.369324000Z  ( 1)  1.male#3.kids_cat4 = 0
2021-07-22T14:00:30.369328500Z 
2021-07-22T14:00:30.369332100Z            chi2(  1) =    0.04
2021-07-22T14:00:30.369335400Z          Prob > chi2 =    0.8361
2021-07-22T14:00:30.376508000Z 
2021-07-22T14:00:30.376524200Z  ( 1)  1.male#2.kids_cat4 = 0
2021-07-22T14:00:30.376528700Z  ( 2)  1.male#1.kids_cat4 = 0
2021-07-22T14:00:30.376545100Z 
2021-07-22T14:00:30.376547900Z            chi2(  2) =    0.27
2021-07-22T14:00:30.376550100Z          Prob > chi2 =    0.8716
2021-07-22T14:00:30.386367100Z 
2021-07-22T14:00:30.386402000Z  ( 1)  1.male#2.kids_cat4 = 0
2021-07-22T14:00:30.386406800Z  ( 2)  1.male#1.kids_cat4 = 0
2021-07-22T14:00:30.386410900Z 
2021-07-22T14:00:30.386414000Z            chi2(  2) =    0.27
2021-07-22T14:00:30.386416700Z          Prob > chi2 =    0.8716
2021-07-22T14:00:30.391017700Z 
2021-07-22T14:00:30.391045100Z  ( 1)  1.shield#3.kids_cat4 = 0
2021-07-22T14:00:30.391050000Z 
2021-07-22T14:00:30.391053400Z            chi2(  1) =    0.22
2021-07-22T14:00:30.391056600Z          Prob > chi2 =    0.6411
2021-07-22T14:00:30.398159500Z 
2021-07-22T14:00:30.398179700Z  ( 1)  1.shield#2.kids_cat4 = 0
2021-07-22T14:00:30.398184200Z  ( 2)  1.shield#1.kids_cat4 = 0
2021-07-22T14:00:30.398187700Z 
2021-07-22T14:00:30.398190900Z            chi2(  2) =    4.16
2021-07-22T14:00:30.398194200Z          Prob > chi2 =    0.1248
2021-07-22T14:00:30.407533000Z 
2021-07-22T14:00:30.407558600Z  ( 1)  1.shield#2.kids_cat4 = 0
2021-07-22T14:00:30.407564000Z  ( 2)  1.shield#1.kids_cat4 = 0
2021-07-22T14:00:30.407567700Z 
2021-07-22T14:00:30.407571000Z            chi2(  2) =    4.16
2021-07-22T14:00:30.407574300Z          Prob > chi2 =    0.1248
2021-07-22T14:00:30.407578600Z 
2021-07-22T14:00:30.407581800Z . file write tablecontents_int _n
2021-07-22T14:00:30.407586500Z 
2021-07-22T14:00:30.407589800Z . 
2021-07-22T14:00:30.407593300Z . file close tablecontents_int
2021-07-22T14:00:30.407596200Z 
2021-07-22T14:00:30.407598900Z . 
2021-07-22T14:00:30.407601700Z . postclose HRestimates_int
2021-07-22T14:00:30.407604800Z 
2021-07-22T14:00:30.407607800Z . 
2021-07-22T14:00:30.407611000Z . log close
2021-07-22T14:00:30.407754000Z       name:  <unnamed>
2021-07-22T14:00:30.407765400Z        log:  /workspace/log/11_an_interaction_HR_tables_forest_covidadmission.l
2021-07-22T14:00:30.407770100Z > og
2021-07-22T14:00:30.407773600Z   log type:  text
2021-07-22T14:00:30.407777200Z  closed on:  22 Jul 2021, 14:00:30
2021-07-22T14:00:30.407780900Z -------------------------------------------------------------------------------
2021-07-22T14:00:30.407830400Z 
2021-07-22T14:00:30.408143800Z . 
2021-07-22T14:00:30.408153600Z end of do-file
2021-07-22T14:00:30.408166800Z 
2021-07-22T14:00:30.408170900Z . . file open output using "/tmp/tmp.hCWE194Z5A", write text replace
2021-07-22T14:00:30.408174200Z 
2021-07-22T14:00:30.408177300Z . . file write output "success" 
2021-07-22T14:00:30.408180900Z 
2021-07-22T14:00:30.408183900Z . . file close output
2021-07-22T14:00:30.408187000Z 
2021-07-22T14:00:30.408189800Z . 
2021-07-22T14:00:30.408192800Z end of do-file
2021-07-22T14:00:30.408195900Z 
2021-07-22T14:00:30.408199100Z 
2021-07-22T14:00:30.426924200Z . 

state: succeeded
commit: none
docker_image_id: sha256:11980aa720220a1b39bf523f5a8a33270214c13876c30ee364e16265766f7f60
exit_code: 0
job_id: fhr2sfc4yhmlvgzn
run_by_user: qc18278
created_at: 2021-07-22T13:59:57Z
started_at: 2021-07-22T14:00:29Z
completed_at: 2021-07-22T14:01:01Z

Completed successfully

outputs:
  log/11_an_interaction_HR_tables_forest_covidadmission.log  - moderately_sensitive
  output/11_an_int_tab_contents_HRtable_covidadmission.txt   - moderately_sensitive