2021-07-22T14:00:12.417323700Z 
2021-07-22T14:00:12.417357100Z   ___  ____  ____  ____  ____ (R)
2021-07-22T14:00:12.417361300Z  /__    /   ____/   /   ____/
2021-07-22T14:00:12.417364000Z ___/   /   /___/   /   /___/   16.1   Copyright 1985-2019 StataCorp LLC
2021-07-22T14:00:12.417366600Z   Statistics/Data Analysis            StataCorp
2021-07-22T14:00:12.417369000Z                                       4905 Lakeway Drive
2021-07-22T14:00:12.417371400Z                                       College Station, Texas 77845 USA
2021-07-22T14:00:12.417373500Z                                       800-STATA-PC        http://www.stata.com
2021-07-22T14:00:12.417375700Z                                       979-696-4600        stata@stata.com
2021-07-22T14:00:12.417378100Z                                       979-696-4601 (fax)
2021-07-22T14:00:12.417380200Z 
2021-07-22T14:00:12.417382100Z 3-user Stata network license expires 11 May 2022:
2021-07-22T14:00:12.417384100Z        Serial number:  501709312237
2021-07-22T14:00:12.417386400Z          Licensed to:  The Bennett Institute
2021-07-22T14:00:12.417389300Z                        Oxford University
2021-07-22T14:00:12.418085200Z 
2021-07-22T14:00:12.418095600Z Notes:
2021-07-22T14:00:12.418098500Z       1.  Unicode is supported; see help unicode_advice.
2021-07-22T14:00:12.418101000Z 
2021-07-22T14:00:12.418103400Z . do "analysis/11_an_interaction_HR_tables_forest.wrapper.do" covid_death 
2021-07-22T14:00:12.418106100Z 
2021-07-22T14:00:12.418108200Z . . do "analysis/11_an_interaction_HR_tables_forest.do" covid_death
2021-07-22T14:00:12.418110600Z 
2021-07-22T14:00:12.418112800Z . *************************************************************************
2021-07-22T14:00:12.418115100Z . *Purpose: Create content that is ready to paste into a pre-formatted Word
2021-07-22T14:00:12.418117400Z . * shell table containing HRs for interaction analyses.  Also output forest
2021-07-22T14:00:12.418119900Z . *plot of results as SVG file.
2021-07-22T14:00:12.418122500Z . *
2021-07-22T14:00:12.418124800Z . *Requires: final analysis dataset (analysis_dataset.dta)
2021-07-22T14:00:12.418127400Z . *
2021-07-22T14:00:12.418129800Z . *Coding: HFORBES, based on file from Krishnan Bhaskaran
2021-07-22T14:00:12.418132500Z . *
2021-07-22T14:00:12.418135100Z . *Date drafted: 30th June 2020
2021-07-22T14:00:12.418137400Z . *************************************************************************
2021-07-22T14:00:12.418139900Z . global outdir     "output"
2021-07-22T14:00:12.418142200Z 
2021-07-22T14:00:12.418144500Z . global logdir     "log"
2021-07-22T14:00:12.418147100Z 
2021-07-22T14:00:12.418149500Z . global tempdir    "tempdata"
2021-07-22T14:00:12.418161400Z 
2021-07-22T14:00:12.418164000Z . local outcome `1'
2021-07-22T14:00:12.418166200Z 
2021-07-22T14:00:12.418181700Z . 
2021-07-22T14:00:12.418183800Z . 
2021-07-22T14:00:12.418185900Z . 
2021-07-22T14:00:12.418188200Z . * Open a log file
2021-07-22T14:00:12.418190600Z . capture log close
2021-07-22T14:00:12.418195800Z 
2021-07-22T14:00:12.418198600Z . log using "$logdir/11_an_interaction_HR_tables_forest_`outcome'.log", text re
2021-07-22T14:00:12.418201400Z > place
2021-07-22T14:00:12.418249700Z (note: file /workspace/log/11_an_interaction_HR_tables_forest_covid_death.log n
2021-07-22T14:00:12.418259200Z > ot found)
2021-07-22T14:00:12.418262600Z -------------------------------------------------------------------------------
2021-07-22T14:00:12.418265400Z       name:  <unnamed>
2021-07-22T14:00:12.418268100Z        log:  /workspace/log/11_an_interaction_HR_tables_forest_covid_death.log
2021-07-22T14:00:12.418271200Z   log type:  text
2021-07-22T14:00:12.418273700Z  opened on:  22 Jul 2021, 14:00:12
2021-07-22T14:00:12.418276400Z 
2021-07-22T14:00:12.418279100Z . 
2021-07-22T14:00:12.418281700Z . *****************************************************************************
2021-07-22T14:00:12.418284400Z > ******************************************
2021-07-22T14:00:12.418287100Z . *Generic code to ouput the HRs across outcomes for all levels of a particular
2021-07-22T14:00:12.418289800Z >  variables, in the right shape for table
2021-07-22T14:00:12.418292600Z . cap prog drop outputHRsforvar
2021-07-22T14:00:12.418329400Z 
2021-07-22T14:00:12.418336800Z . prog define outputHRsforvar
2021-07-22T14:00:12.418340000Z   1. syntax, variable(string) min(real) max(real) outcome(string)
2021-07-22T14:00:12.418342700Z   2. file write tablecontents_int ("dataset") _tab ("age") _tab ("exposure") _t
2021-07-22T14:00:12.418345600Z > ab ("exposure level") ///
2021-07-22T14:00:12.418348200Z > _tab ("outcome") _tab ("int_type") _tab ("int_level") ///
2021-07-22T14:00:12.418351000Z > _tab ("HR")  _tab ("lci")  _tab ("uci") _tab ("pval") _n
2021-07-22T14:00:12.418432700Z   3. foreach dataset in MAIN W2 {
2021-07-22T14:00:12.418439900Z   4. forvalues x=0/1 {
2021-07-22T14:00:12.418443000Z   5. forvalues i=`min'/`max'{
2021-07-22T14:00:12.418445800Z   6. foreach int_type in male cat_time shield {
2021-07-22T14:00:12.418448500Z   7. 
2021-07-22T14:00:12.418451300Z . forvalues int_level=0/1 {
2021-07-22T14:00:12.418453800Z   8. 
2021-07-22T14:00:12.418456400Z . local endwith "_tab"
2021-07-22T14:00:12.418464200Z   9. 
2021-07-22T14:00:12.418466900Z .         *put the varname and condition to left so that alignment can be check
2021-07-22T14:00:12.418469600Z > ed vs shell
2021-07-22T14:00:12.418472300Z .         file write tablecontents_int ("`dataset'") _tab ("`x'") _tab ("`varia
2021-07-22T14:00:12.418475000Z > ble'") _tab ("`i'") _tab ("`outcome'") _tab ("`int_type'") _tab ("`int_level'
2021-07-22T14:00:12.418479400Z > ") _tab
2021-07-22T14:00:12.418482100Z  10. 
2021-07-22T14:00:12.418484700Z .         foreach modeltype of any fulladj {
2021-07-22T14:00:12.418487200Z  11. 
2021-07-22T14:00:12.418507100Z .                 local noestimatesflag 0 /*reset*/
2021-07-22T14:00:12.418514000Z  12. 
2021-07-22T14:00:12.418517000Z . *CHANGE THE OUTCOME BELOW TO LAST IF BRINGING IN MORE COLS
2021-07-22T14:00:12.418519600Z .                 if "`modeltype'"=="fulladj" local endwith "_n"
2021-07-22T14:00:12.418522700Z  13. 
2021-07-22T14:00:12.418525400Z .                 ***********************
2021-07-22T14:00:12.418529200Z .                 *1) GET THE RIGHT ESTIMATES INTO MEMORY
2021-07-22T14:00:12.418532000Z . 
2021-07-22T14:00:12.418534400Z .                 if "`modeltype'"=="fulladj" {
2021-07-22T14:00:12.418625200Z  14.                                 cap estimates use ./output/an_interaction_
2021-07-22T14:00:12.418634200Z > cox_models_`outcome'_`variable'_`int_type'_MAINFULLYADJMODEL_agespline_bmicat
2021-07-22T14:00:12.418638100Z > _noeth_ageband_`x'`dataset'
2021-07-22T14:00:12.418641100Z  15.                                 if _rc!=0 local noestimatesflag 1
2021-07-22T14:00:12.418644000Z  16.                                 }
2021-07-22T14:00:12.418646900Z  17.                 ***********************
2021-07-22T14:00:12.418649800Z .                 *2) WRITE THE HRs TO THE OUTPUT FILE
2021-07-22T14:00:12.418653700Z . 
2021-07-22T14:00:12.418656300Z .                 if `noestimatesflag'==0{
2021-07-22T14:00:12.418658900Z  18.                         if `int_level'==0 {
2021-07-22T14:00:12.418661400Z  19.                         test 1.`int_type'#`i'.`variable'
2021-07-22T14:00:12.418686200Z  20.                         *overall p-value for interaction: test 1.`int_type
2021-07-22T14:00:12.418693300Z > '#1.`variable' test 1.`int_type'#2.`variable'
2021-07-22T14:00:12.418696200Z .                         local pval=r(p)
2021-07-22T14:00:12.418698700Z  21.                         cap lincom `i'.`variable', eform
2021-07-22T14:00:12.418701200Z  22.                         if _rc==0 file write tablecontents_int %4.2f (r(es
2021-07-22T14:00:12.418703900Z > timate)) _tab %4.2f (r(lb)) _tab %4.2f (r(ub)) _tab %4.2f (`pval') `endwith'
2021-07-22T14:00:12.418706300Z  23. 
2021-07-22T14:00:12.418773000Z .                                 else file write tablecontents_int %4.2f ("ERR
2021-07-22T14:00:12.418779300Z >  IN MODEL") `endwith'
2021-07-22T14:00:12.418782600Z  24.                                 }
2021-07-22T14:00:12.418785100Z  25.                         if `int_level'==1 {
2021-07-22T14:00:12.418787700Z  26.                         cap lincom `i'.`variable'+ 1.`int_type'#`i'.`varia
2021-07-22T14:00:12.418790300Z > ble', eform
2021-07-22T14:00:12.418798900Z  27.                         if _rc==0 file write tablecontents_int %4.2f (r(es
2021-07-22T14:00:12.418802700Z > timate)) _tab %4.2f (r(lb)) _tab %4.2f (r(ub)) _tab  `endwith'
2021-07-22T14:00:12.418805500Z  28.                                 else file write tablecontents_int %4.2f ("
2021-07-22T14:00:12.418808400Z > ERR IN MODEL") `endwith'
2021-07-22T14:00:12.418811100Z  29.                                 }
2021-07-22T14:00:12.418813900Z  30.                         }
2021-07-22T14:00:12.418816800Z  31.                         else file write tablecontents_int %4.2f ("DID NOT 
2021-07-22T14:00:12.418819700Z > FIT") `endwith'
2021-07-22T14:00:12.418822400Z  32. 
2021-07-22T14:00:12.418824900Z .                 *3) Save the estimates for plotting
2021-07-22T14:00:12.418827900Z .                 if `noestimatesflag'==0{
2021-07-22T14:00:12.418887100Z  33.                         if "`modeltype'"=="fulladj" {
2021-07-22T14:00:12.418894400Z  34.                                 local hr = r(estimate)
2021-07-22T14:00:12.418897700Z  35.                                 local lb = r(lb)
2021-07-22T14:00:12.418900600Z  36.                                 local ub = r(ub)
2021-07-22T14:00:12.418903400Z  37.                                 cap gen `variable'=.
2021-07-22T14:00:12.418906200Z  38.                                 test 1.`int_type'#2.`variable' 1.`int_type
2021-07-22T14:00:12.418909200Z > '#1.`variable'
2021-07-22T14:00:12.418912100Z  39.                                 local pval=r(p)
2021-07-22T14:00:12.418919400Z  40.                                 post HRestimates_int ("`dataset'") ("`x'")
2021-07-22T14:00:12.418923100Z >  ("`outcome'") ("`variable'") ("`int_type'") (`i') (`int_level') (`hr') (`lb'
2021-07-22T14:00:12.418926200Z > ) (`ub') (`pval')
2021-07-22T14:00:12.418928900Z  41.                                 drop `variable'
2021-07-22T14:00:12.418931500Z  42.                                 }
2021-07-22T14:00:12.418934400Z  43.                 }
2021-07-22T14:00:12.418937200Z  44.                 }
2021-07-22T14:00:12.418939900Z  45.                 } /*int_level*/
2021-07-22T14:00:12.418946300Z  46.                 } /*full adj*/
2021-07-22T14:00:12.418950100Z  47. 
2021-07-22T14:00:12.418957700Z . } /*variable levels*/
2021-07-22T14:00:12.418960800Z  48. } /*agebands*/
2021-07-22T14:00:12.418963400Z  49. } /*datsets*/
2021-07-22T14:00:12.418966000Z  50. end
2021-07-22T14:00:12.418972300Z 
2021-07-22T14:00:12.418975900Z . *****************************************************************************
2021-07-22T14:00:12.418978800Z > ******************************************
2021-07-22T14:00:12.418981400Z . 
2021-07-22T14:00:12.418983900Z . *MAIN CODE TO PRODUCE TABLE CONTENTS
2021-07-22T14:00:12.418986500Z . cap file close tablecontents_int
2021-07-22T14:00:12.419074200Z 
2021-07-22T14:00:12.419082100Z . file open tablecontents_int using ./output/11_an_int_tab_contents_HRtable_`ou
2021-07-22T14:00:12.419085400Z > tcome'.txt, t w replace
2021-07-22T14:00:12.419088200Z (note: file ./output/11_an_int_tab_contents_HRtable_covid_death.txt not found)
2021-07-22T14:00:12.419091000Z 
2021-07-22T14:00:12.419093800Z . 
2021-07-22T14:00:12.419096200Z . tempfile HRestimates_int
2021-07-22T14:00:12.419098400Z 
2021-07-22T14:00:12.419101100Z . cap postutil clear
2021-07-22T14:00:12.419144200Z 
2021-07-22T14:00:12.419152800Z . postfile HRestimates_int str10 dataset str10 x str10 outcome str27 variable s
2021-07-22T14:00:12.419156300Z > tr27 int_type level int_level hr lci uci pval using `HRestimates_int'
2021-07-22T14:00:12.419345300Z 
2021-07-22T14:00:12.419354300Z . 
2021-07-22T14:00:12.419358100Z . *Primary exposure
2021-07-22T14:00:12.419361400Z . outputHRsforvar, variable("kids_cat4") min(1) max(3) outcome(`outcome')
2021-07-22T14:00:12.447407500Z 
2021-07-22T14:00:12.447421900Z  ( 1)  1.male#1.kids_cat4 = 0
2021-07-22T14:00:12.447424200Z 
2021-07-22T14:00:12.447426000Z            chi2(  1) =    0.08
2021-07-22T14:00:12.447427800Z          Prob > chi2 =    0.7835
2021-07-22T14:00:12.552001000Z 
2021-07-22T14:00:12.552021200Z  ( 1)  1.male#2.kids_cat4 = 0
2021-07-22T14:00:12.552024000Z  ( 2)  1.male#1.kids_cat4 = 0
2021-07-22T14:00:12.552026600Z 
2021-07-22T14:00:12.552029500Z            chi2(  2) =    0.11
2021-07-22T14:00:12.552032300Z          Prob > chi2 =    0.9472
2021-07-22T14:00:12.561096100Z 
2021-07-22T14:00:12.561109600Z  ( 1)  1.male#2.kids_cat4 = 0
2021-07-22T14:00:12.561113200Z  ( 2)  1.male#1.kids_cat4 = 0
2021-07-22T14:00:12.561115800Z 
2021-07-22T14:00:12.561118200Z            chi2(  2) =    0.11
2021-07-22T14:00:12.561120700Z          Prob > chi2 =    0.9472
2021-07-22T14:00:12.564532700Z 
2021-07-22T14:00:12.564550600Z  ( 1)  1.shield#1.kids_cat4 = 0
2021-07-22T14:00:12.564554300Z 
2021-07-22T14:00:12.564556300Z            chi2(  1) =    0.19
2021-07-22T14:00:12.564557900Z          Prob > chi2 =    0.6596
2021-07-22T14:00:12.570744700Z 
2021-07-22T14:00:12.570754700Z  ( 1)  1.shield#2.kids_cat4 = 0
2021-07-22T14:00:12.570757100Z  ( 2)  1.shield#1.kids_cat4 = 0
2021-07-22T14:00:12.570758800Z 
2021-07-22T14:00:12.570760500Z            chi2(  2) =    1.19
2021-07-22T14:00:12.570762200Z          Prob > chi2 =    0.5506
2021-07-22T14:00:12.579243600Z 
2021-07-22T14:00:12.579266600Z  ( 1)  1.shield#2.kids_cat4 = 0
2021-07-22T14:00:12.579274100Z  ( 2)  1.shield#1.kids_cat4 = 0
2021-07-22T14:00:12.579287500Z 
2021-07-22T14:00:12.579291800Z            chi2(  2) =    1.19
2021-07-22T14:00:12.579293900Z          Prob > chi2 =    0.5506
2021-07-22T14:00:12.581946000Z 
2021-07-22T14:00:12.581954900Z  ( 1)  1.male#2.kids_cat4 = 0
2021-07-22T14:00:12.581958800Z 
2021-07-22T14:00:12.581961800Z            chi2(  1) =    0.00
2021-07-22T14:00:12.581964900Z          Prob > chi2 =    0.9863
2021-07-22T14:00:12.588541600Z 
2021-07-22T14:00:12.588559800Z  ( 1)  1.male#2.kids_cat4 = 0
2021-07-22T14:00:12.588563900Z  ( 2)  1.male#1.kids_cat4 = 0
2021-07-22T14:00:12.588567000Z 
2021-07-22T14:00:12.588569900Z            chi2(  2) =    0.11
2021-07-22T14:00:12.588572800Z          Prob > chi2 =    0.9472
2021-07-22T14:00:12.596998100Z 
2021-07-22T14:00:12.597013400Z  ( 1)  1.male#2.kids_cat4 = 0
2021-07-22T14:00:12.597017000Z  ( 2)  1.male#1.kids_cat4 = 0
2021-07-22T14:00:12.597019400Z 
2021-07-22T14:00:12.597021000Z            chi2(  2) =    0.11
2021-07-22T14:00:12.597022700Z          Prob > chi2 =    0.9472
2021-07-22T14:00:12.599821400Z 
2021-07-22T14:00:12.599830100Z  ( 1)  1.shield#2.kids_cat4 = 0
2021-07-22T14:00:12.599833500Z 
2021-07-22T14:00:12.599836100Z            chi2(  1) =    0.97
2021-07-22T14:00:12.599838700Z          Prob > chi2 =    0.3252
2021-07-22T14:00:12.606312500Z 
2021-07-22T14:00:12.606332600Z  ( 1)  1.shield#2.kids_cat4 = 0
2021-07-22T14:00:12.606335300Z  ( 2)  1.shield#1.kids_cat4 = 0
2021-07-22T14:00:12.606337000Z 
2021-07-22T14:00:12.606338600Z            chi2(  2) =    1.19
2021-07-22T14:00:12.606340200Z          Prob > chi2 =    0.5506
2021-07-22T14:00:12.614967800Z 
2021-07-22T14:00:12.614985100Z  ( 1)  1.shield#2.kids_cat4 = 0
2021-07-22T14:00:12.615029200Z  ( 2)  1.shield#1.kids_cat4 = 0
2021-07-22T14:00:12.615034100Z 
2021-07-22T14:00:12.615036000Z            chi2(  2) =    1.19
2021-07-22T14:00:12.615037700Z          Prob > chi2 =    0.5506
2021-07-22T14:00:12.618016300Z 
2021-07-22T14:00:12.618031500Z  ( 1)  1.male#3.kids_cat4 = 0
2021-07-22T14:00:12.618035300Z 
2021-07-22T14:00:12.618037800Z            chi2(  1) =    0.72
2021-07-22T14:00:12.618040300Z          Prob > chi2 =    0.3978
2021-07-22T14:00:12.625095000Z 
2021-07-22T14:00:12.625109200Z  ( 1)  1.male#2.kids_cat4 = 0
2021-07-22T14:00:12.625111700Z  ( 2)  1.male#1.kids_cat4 = 0
2021-07-22T14:00:12.625113500Z 
2021-07-22T14:00:12.625115200Z            chi2(  2) =    0.11
2021-07-22T14:00:12.625117000Z          Prob > chi2 =    0.9472
2021-07-22T14:00:12.634416100Z 
2021-07-22T14:00:12.634430700Z  ( 1)  1.male#2.kids_cat4 = 0
2021-07-22T14:00:12.634433300Z  ( 2)  1.male#1.kids_cat4 = 0
2021-07-22T14:00:12.634435300Z 
2021-07-22T14:00:12.634437100Z            chi2(  2) =    0.11
2021-07-22T14:00:12.634439000Z          Prob > chi2 =    0.9472
2021-07-22T14:00:12.637959700Z 
2021-07-22T14:00:12.637972900Z  ( 1)  1.shield#3.kids_cat4 = 0
2021-07-22T14:00:12.637976900Z 
2021-07-22T14:00:12.637979900Z            chi2(  1) =    0.01
2021-07-22T14:00:12.637982100Z          Prob > chi2 =    0.9229
2021-07-22T14:00:12.646679300Z 
2021-07-22T14:00:12.646693000Z  ( 1)  1.shield#2.kids_cat4 = 0
2021-07-22T14:00:12.646695500Z  ( 2)  1.shield#1.kids_cat4 = 0
2021-07-22T14:00:12.646697600Z 
2021-07-22T14:00:12.646699500Z            chi2(  2) =    1.19
2021-07-22T14:00:12.646701500Z          Prob > chi2 =    0.5506
2021-07-22T14:00:12.658774700Z 
2021-07-22T14:00:12.658790900Z  ( 1)  1.shield#2.kids_cat4 = 0
2021-07-22T14:00:12.658793600Z  ( 2)  1.shield#1.kids_cat4 = 0
2021-07-22T14:00:12.658795600Z 
2021-07-22T14:00:12.658797400Z            chi2(  2) =    1.19
2021-07-22T14:00:12.658799300Z          Prob > chi2 =    0.5506
2021-07-22T14:00:12.661821100Z 
2021-07-22T14:00:12.661832600Z  ( 1)  1.male#1.kids_cat4 = 0
2021-07-22T14:00:12.661834900Z 
2021-07-22T14:00:12.661836700Z            chi2(  1) =    2.95
2021-07-22T14:00:12.661838600Z          Prob > chi2 =    0.0856
2021-07-22T14:00:12.667581900Z 
2021-07-22T14:00:12.667594900Z  ( 1)  1.male#2.kids_cat4 = 0
2021-07-22T14:00:12.667624400Z  ( 2)  1.male#1.kids_cat4 = 0
2021-07-22T14:00:12.667629100Z 
2021-07-22T14:00:12.667631800Z            chi2(  2) =    5.34
2021-07-22T14:00:12.667634400Z          Prob > chi2 =    0.0694
2021-07-22T14:00:12.676686200Z 
2021-07-22T14:00:12.676712500Z  ( 1)  1.male#2.kids_cat4 = 0
2021-07-22T14:00:12.676716800Z  ( 2)  1.male#1.kids_cat4 = 0
2021-07-22T14:00:12.676719700Z 
2021-07-22T14:00:12.676722300Z            chi2(  2) =    5.34
2021-07-22T14:00:12.676725100Z          Prob > chi2 =    0.0694
2021-07-22T14:00:12.680221400Z 
2021-07-22T14:00:12.680263700Z  ( 1)  1.shield#1.kids_cat4 = 0
2021-07-22T14:00:12.680269200Z 
2021-07-22T14:00:12.680271100Z            chi2(  1) =    1.74
2021-07-22T14:00:12.680273100Z          Prob > chi2 =    0.1877
2021-07-22T14:00:12.686514900Z 
2021-07-22T14:00:12.686531400Z  ( 1)  1.shield#2.kids_cat4 = 0
2021-07-22T14:00:12.686535400Z  ( 2)  1.shield#1.kids_cat4 = 0
2021-07-22T14:00:12.686538300Z 
2021-07-22T14:00:12.686540800Z            chi2(  2) =    1.80
2021-07-22T14:00:12.686543400Z          Prob > chi2 =    0.4057
2021-07-22T14:00:12.695667700Z 
2021-07-22T14:00:12.695686900Z  ( 1)  1.shield#2.kids_cat4 = 0
2021-07-22T14:00:12.695690200Z  ( 2)  1.shield#1.kids_cat4 = 0
2021-07-22T14:00:12.695692800Z 
2021-07-22T14:00:12.695695200Z            chi2(  2) =    1.80
2021-07-22T14:00:12.695697700Z          Prob > chi2 =    0.4057
2021-07-22T14:00:12.698836100Z 
2021-07-22T14:00:12.698849100Z  ( 1)  1.male#2.kids_cat4 = 0
2021-07-22T14:00:12.698852000Z 
2021-07-22T14:00:12.698853900Z            chi2(  1) =    4.83
2021-07-22T14:00:12.698914000Z          Prob > chi2 =    0.0280
2021-07-22T14:00:12.705515400Z 
2021-07-22T14:00:12.705530700Z  ( 1)  1.male#2.kids_cat4 = 0
2021-07-22T14:00:12.705533500Z  ( 2)  1.male#1.kids_cat4 = 0
2021-07-22T14:00:12.705535300Z 
2021-07-22T14:00:12.705537000Z            chi2(  2) =    5.34
2021-07-22T14:00:12.705538900Z          Prob > chi2 =    0.0694
2021-07-22T14:00:12.714657000Z 
2021-07-22T14:00:12.714674000Z  ( 1)  1.male#2.kids_cat4 = 0
2021-07-22T14:00:12.714677500Z  ( 2)  1.male#1.kids_cat4 = 0
2021-07-22T14:00:12.714680200Z 
2021-07-22T14:00:12.714682400Z            chi2(  2) =    5.34
2021-07-22T14:00:12.714688100Z          Prob > chi2 =    0.0694
2021-07-22T14:00:12.718047400Z 
2021-07-22T14:00:12.718061000Z  ( 1)  1.shield#2.kids_cat4 = 0
2021-07-22T14:00:12.718074400Z 
2021-07-22T14:00:12.718077900Z            chi2(  1) =    0.08
2021-07-22T14:00:12.718080800Z          Prob > chi2 =    0.7780
2021-07-22T14:00:12.724589500Z 
2021-07-22T14:00:12.724600900Z  ( 1)  1.shield#2.kids_cat4 = 0
2021-07-22T14:00:12.724603000Z  ( 2)  1.shield#1.kids_cat4 = 0
2021-07-22T14:00:12.724604600Z 
2021-07-22T14:00:12.724606100Z            chi2(  2) =    1.80
2021-07-22T14:00:12.724607600Z          Prob > chi2 =    0.4057
2021-07-22T14:00:12.732777400Z 
2021-07-22T14:00:12.732788900Z  ( 1)  1.shield#2.kids_cat4 = 0
2021-07-22T14:00:12.732792300Z  ( 2)  1.shield#1.kids_cat4 = 0
2021-07-22T14:00:12.732794100Z 
2021-07-22T14:00:12.732795700Z            chi2(  2) =    1.80
2021-07-22T14:00:12.732797400Z          Prob > chi2 =    0.4057
2021-07-22T14:00:12.735357600Z 
2021-07-22T14:00:12.735367200Z  ( 1)  1.male#3.kids_cat4 = 0
2021-07-22T14:00:12.735371200Z 
2021-07-22T14:00:12.735417900Z            chi2(  1) =    1.51
2021-07-22T14:00:12.735424900Z          Prob > chi2 =    0.2192
2021-07-22T14:00:12.742100200Z 
2021-07-22T14:00:12.742113500Z  ( 1)  1.male#2.kids_cat4 = 0
2021-07-22T14:00:12.742116000Z  ( 2)  1.male#1.kids_cat4 = 0
2021-07-22T14:00:12.742117900Z 
2021-07-22T14:00:12.742119700Z            chi2(  2) =    5.34
2021-07-22T14:00:12.742121400Z          Prob > chi2 =    0.0694
2021-07-22T14:00:12.750870800Z 
2021-07-22T14:00:12.750883700Z  ( 1)  1.male#2.kids_cat4 = 0
2021-07-22T14:00:12.750888000Z  ( 2)  1.male#1.kids_cat4 = 0
2021-07-22T14:00:12.750891300Z 
2021-07-22T14:00:12.750894400Z            chi2(  2) =    5.34
2021-07-22T14:00:12.750897400Z          Prob > chi2 =    0.0694
2021-07-22T14:00:12.754288700Z 
2021-07-22T14:00:12.754299100Z  ( 1)  1.shield#3.kids_cat4 = 0
2021-07-22T14:00:12.754302500Z 
2021-07-22T14:00:12.754305300Z            chi2(  1) =    0.00
2021-07-22T14:00:12.754308100Z          Prob > chi2 =    0.9640
2021-07-22T14:00:12.761886800Z 
2021-07-22T14:00:12.761903900Z  ( 1)  1.shield#2.kids_cat4 = 0
2021-07-22T14:00:12.761906300Z  ( 2)  1.shield#1.kids_cat4 = 0
2021-07-22T14:00:12.761908300Z 
2021-07-22T14:00:12.761910000Z            chi2(  2) =    1.80
2021-07-22T14:00:12.761911800Z          Prob > chi2 =    0.4057
2021-07-22T14:00:12.771981000Z 
2021-07-22T14:00:12.771995600Z  ( 1)  1.shield#2.kids_cat4 = 0
2021-07-22T14:00:12.772050200Z  ( 2)  1.shield#1.kids_cat4 = 0
2021-07-22T14:00:12.772056500Z 
2021-07-22T14:00:12.772059500Z            chi2(  2) =    1.80
2021-07-22T14:00:12.772062100Z          Prob > chi2 =    0.4057
2021-07-22T14:00:12.774961000Z 
2021-07-22T14:00:12.774974900Z  ( 1)  1.male#1.kids_cat4 = 0
2021-07-22T14:00:12.774978400Z 
2021-07-22T14:00:12.774980800Z            chi2(  1) =    0.15
2021-07-22T14:00:12.774982400Z          Prob > chi2 =    0.6950
2021-07-22T14:00:12.781265200Z 
2021-07-22T14:00:12.781281700Z  ( 1)  1.male#2.kids_cat4 = 0
2021-07-22T14:00:12.781285600Z  ( 2)  1.male#1.kids_cat4 = 0
2021-07-22T14:00:12.781288500Z 
2021-07-22T14:00:12.781292800Z            chi2(  2) =    0.18
2021-07-22T14:00:12.781295800Z          Prob > chi2 =    0.9149
2021-07-22T14:00:12.790746000Z 
2021-07-22T14:00:12.790761300Z  ( 1)  1.male#2.kids_cat4 = 0
2021-07-22T14:00:12.790764200Z  ( 2)  1.male#1.kids_cat4 = 0
2021-07-22T14:00:12.790766200Z 
2021-07-22T14:00:12.790768000Z            chi2(  2) =    0.18
2021-07-22T14:00:12.790769800Z          Prob > chi2 =    0.9149
2021-07-22T14:00:12.796149000Z 
2021-07-22T14:00:12.796159200Z  ( 1)  1.shield#1.kids_cat4 = 0
2021-07-22T14:00:12.796161800Z 
2021-07-22T14:00:12.796163800Z            chi2(  1) =    3.88
2021-07-22T14:00:12.796165800Z          Prob > chi2 =    0.0490
2021-07-22T14:00:12.806785100Z 
2021-07-22T14:00:12.806818000Z  ( 1)  1.shield#2.kids_cat4 = 0
2021-07-22T14:00:12.806821400Z  ( 2)  1.shield#1.kids_cat4 = 0
2021-07-22T14:00:12.806823700Z 
2021-07-22T14:00:12.806826000Z            chi2(  2) =    5.84
2021-07-22T14:00:12.806828000Z          Prob > chi2 =    0.0539
2021-07-22T14:00:12.819606400Z 
2021-07-22T14:00:12.819621100Z  ( 1)  1.shield#2.kids_cat4 = 0
2021-07-22T14:00:12.819623800Z  ( 2)  1.shield#1.kids_cat4 = 0
2021-07-22T14:00:12.819625700Z 
2021-07-22T14:00:12.819627500Z            chi2(  2) =    5.84
2021-07-22T14:00:12.819629400Z          Prob > chi2 =    0.0539
2021-07-22T14:00:12.823832900Z 
2021-07-22T14:00:12.823846300Z  ( 1)  1.male#2.kids_cat4 = 0
2021-07-22T14:00:12.823848900Z 
2021-07-22T14:00:12.823850800Z            chi2(  1) =    0.13
2021-07-22T14:00:12.823852600Z          Prob > chi2 =    0.7168
2021-07-22T14:00:12.832969600Z 
2021-07-22T14:00:12.832995100Z  ( 1)  1.male#2.kids_cat4 = 0
2021-07-22T14:00:12.832998100Z  ( 2)  1.male#1.kids_cat4 = 0
2021-07-22T14:00:12.833011400Z 
2021-07-22T14:00:12.833014800Z            chi2(  2) =    0.18
2021-07-22T14:00:12.833017600Z          Prob > chi2 =    0.9149
2021-07-22T14:00:12.843247900Z 
2021-07-22T14:00:12.843266400Z  ( 1)  1.male#2.kids_cat4 = 0
2021-07-22T14:00:12.843270100Z  ( 2)  1.male#1.kids_cat4 = 0
2021-07-22T14:00:12.843272900Z 
2021-07-22T14:00:12.843275400Z            chi2(  2) =    0.18
2021-07-22T14:00:12.843278000Z          Prob > chi2 =    0.9149
2021-07-22T14:00:12.846267400Z 
2021-07-22T14:00:12.846281000Z  ( 1)  1.shield#2.kids_cat4 = 0
2021-07-22T14:00:12.846284400Z 
2021-07-22T14:00:12.846287500Z            chi2(  1) =    2.09
2021-07-22T14:00:12.846289200Z          Prob > chi2 =    0.1482
2021-07-22T14:00:12.852610800Z 
2021-07-22T14:00:12.852626700Z  ( 1)  1.shield#2.kids_cat4 = 0
2021-07-22T14:00:12.852630300Z  ( 2)  1.shield#1.kids_cat4 = 0
2021-07-22T14:00:12.852633300Z 
2021-07-22T14:00:12.852635800Z            chi2(  2) =    5.84
2021-07-22T14:00:12.852638500Z          Prob > chi2 =    0.0539
2021-07-22T14:00:12.862338100Z 
2021-07-22T14:00:12.862354400Z  ( 1)  1.shield#2.kids_cat4 = 0
2021-07-22T14:00:12.862356900Z  ( 2)  1.shield#1.kids_cat4 = 0
2021-07-22T14:00:12.862358900Z 
2021-07-22T14:00:12.862360600Z            chi2(  2) =    5.84
2021-07-22T14:00:12.862362400Z          Prob > chi2 =    0.0539
2021-07-22T14:00:12.865219400Z 
2021-07-22T14:00:12.865248100Z  ( 1)  1.male#3.kids_cat4 = 0
2021-07-22T14:00:12.865252800Z 
2021-07-22T14:00:12.865254700Z            chi2(  1) =    0.31
2021-07-22T14:00:12.865256600Z          Prob > chi2 =    0.5769
2021-07-22T14:00:12.871895900Z 
2021-07-22T14:00:12.871908300Z  ( 1)  1.male#2.kids_cat4 = 0
2021-07-22T14:00:12.871912000Z  ( 2)  1.male#1.kids_cat4 = 0
2021-07-22T14:00:12.871914900Z 
2021-07-22T14:00:12.871917400Z            chi2(  2) =    0.18
2021-07-22T14:00:12.871920100Z          Prob > chi2 =    0.9149
2021-07-22T14:00:12.880973300Z 
2021-07-22T14:00:12.880988300Z  ( 1)  1.male#2.kids_cat4 = 0
2021-07-22T14:00:12.880992400Z  ( 2)  1.male#1.kids_cat4 = 0
2021-07-22T14:00:12.880995700Z 
2021-07-22T14:00:12.880998900Z            chi2(  2) =    0.18
2021-07-22T14:00:12.881001000Z          Prob > chi2 =    0.9149
2021-07-22T14:00:12.884204400Z 
2021-07-22T14:00:12.884215600Z  ( 1)  1.shield#3.kids_cat4 = 0
2021-07-22T14:00:12.884219400Z 
2021-07-22T14:00:12.884233600Z            chi2(  1) =    0.19
2021-07-22T14:00:12.884237300Z          Prob > chi2 =    0.6598
2021-07-22T14:00:12.890638200Z 
2021-07-22T14:00:12.890659800Z  ( 1)  1.shield#2.kids_cat4 = 0
2021-07-22T14:00:12.890663300Z  ( 2)  1.shield#1.kids_cat4 = 0
2021-07-22T14:00:12.890666100Z 
2021-07-22T14:00:12.890668700Z            chi2(  2) =    5.84
2021-07-22T14:00:12.890671500Z          Prob > chi2 =    0.0539
2021-07-22T14:00:12.899542300Z 
2021-07-22T14:00:12.899555200Z  ( 1)  1.shield#2.kids_cat4 = 0
2021-07-22T14:00:12.899559100Z  ( 2)  1.shield#1.kids_cat4 = 0
2021-07-22T14:00:12.899562200Z 
2021-07-22T14:00:12.899565100Z            chi2(  2) =    5.84
2021-07-22T14:00:12.899568100Z          Prob > chi2 =    0.0539
2021-07-22T14:00:12.902337600Z 
2021-07-22T14:00:12.902350600Z  ( 1)  1.male#1.kids_cat4 = 0
2021-07-22T14:00:12.902354700Z 
2021-07-22T14:00:12.902357700Z            chi2(  1) =    0.09
2021-07-22T14:00:12.902360800Z          Prob > chi2 =    0.7626
2021-07-22T14:00:12.909225800Z 
2021-07-22T14:00:12.909239000Z  ( 1)  1.male#2.kids_cat4 = 0
2021-07-22T14:00:12.909242400Z  ( 2)  1.male#1.kids_cat4 = 0
2021-07-22T14:00:12.909245100Z 
2021-07-22T14:00:12.909247600Z            chi2(  2) =    0.97
2021-07-22T14:00:12.909250000Z          Prob > chi2 =    0.6171
2021-07-22T14:00:12.917366200Z 
2021-07-22T14:00:12.917379100Z  ( 1)  1.male#2.kids_cat4 = 0
2021-07-22T14:00:12.917381600Z  ( 2)  1.male#1.kids_cat4 = 0
2021-07-22T14:00:12.917396300Z 
2021-07-22T14:00:12.917400800Z            chi2(  2) =    0.97
2021-07-22T14:00:12.917403100Z          Prob > chi2 =    0.6171
2021-07-22T14:00:12.920499900Z 
2021-07-22T14:00:12.920512900Z  ( 1)  1.shield#1.kids_cat4 = 0
2021-07-22T14:00:12.920517200Z 
2021-07-22T14:00:12.920520500Z            chi2(  1) =    0.08
2021-07-22T14:00:12.920525700Z          Prob > chi2 =    0.7781
2021-07-22T14:00:12.926980100Z 
2021-07-22T14:00:12.926993100Z  ( 1)  1.shield#2.kids_cat4 = 0
2021-07-22T14:00:12.927011100Z  ( 2)  1.shield#1.kids_cat4 = 0
2021-07-22T14:00:12.927014600Z 
2021-07-22T14:00:12.927016700Z            chi2(  2) =    0.08
2021-07-22T14:00:12.927018900Z          Prob > chi2 =    0.9602
2021-07-22T14:00:12.935931800Z 
2021-07-22T14:00:12.935945900Z  ( 1)  1.shield#2.kids_cat4 = 0
2021-07-22T14:00:12.935948800Z  ( 2)  1.shield#1.kids_cat4 = 0
2021-07-22T14:00:12.935951100Z 
2021-07-22T14:00:12.935958500Z            chi2(  2) =    0.08
2021-07-22T14:00:12.935960500Z          Prob > chi2 =    0.9602
2021-07-22T14:00:12.939125900Z 
2021-07-22T14:00:12.939153200Z  ( 1)  1.male#2.kids_cat4 = 0
2021-07-22T14:00:12.939157200Z 
2021-07-22T14:00:12.939332600Z            chi2(  1) =    0.49
2021-07-22T14:00:12.939344300Z          Prob > chi2 =    0.4852
2021-07-22T14:00:12.946066500Z 
2021-07-22T14:00:12.946078500Z  ( 1)  1.male#2.kids_cat4 = 0
2021-07-22T14:00:12.946080600Z  ( 2)  1.male#1.kids_cat4 = 0
2021-07-22T14:00:12.946082200Z 
2021-07-22T14:00:12.946083700Z            chi2(  2) =    0.97
2021-07-22T14:00:12.946085500Z          Prob > chi2 =    0.6171
2021-07-22T14:00:12.954655800Z 
2021-07-22T14:00:12.954676900Z  ( 1)  1.male#2.kids_cat4 = 0
2021-07-22T14:00:12.954679100Z  ( 2)  1.male#1.kids_cat4 = 0
2021-07-22T14:00:12.954680700Z 
2021-07-22T14:00:12.954682300Z            chi2(  2) =    0.97
2021-07-22T14:00:12.954684000Z          Prob > chi2 =    0.6171
2021-07-22T14:00:12.958135800Z 
2021-07-22T14:00:12.958148300Z  ( 1)  1.shield#2.kids_cat4 = 0
2021-07-22T14:00:12.958150400Z 
2021-07-22T14:00:12.958152000Z            chi2(  1) =    0.00
2021-07-22T14:00:12.958154000Z          Prob > chi2 =    0.9683
2021-07-22T14:00:12.964442900Z 
2021-07-22T14:00:12.964455700Z  ( 1)  1.shield#2.kids_cat4 = 0
2021-07-22T14:00:12.964458000Z  ( 2)  1.shield#1.kids_cat4 = 0
2021-07-22T14:00:12.964459800Z 
2021-07-22T14:00:12.964461400Z            chi2(  2) =    0.08
2021-07-22T14:00:12.964463100Z          Prob > chi2 =    0.9602
2021-07-22T14:00:12.973301700Z 
2021-07-22T14:00:12.973314800Z  ( 1)  1.shield#2.kids_cat4 = 0
2021-07-22T14:00:12.973317100Z  ( 2)  1.shield#1.kids_cat4 = 0
2021-07-22T14:00:12.973318800Z 
2021-07-22T14:00:12.973320400Z            chi2(  2) =    0.08
2021-07-22T14:00:12.973322000Z          Prob > chi2 =    0.9602
2021-07-22T14:00:12.975814900Z 
2021-07-22T14:00:12.975825700Z  ( 1)  1.male#3.kids_cat4 = 0
2021-07-22T14:00:12.975829300Z 
2021-07-22T14:00:12.975831700Z            chi2(  1) =    0.28
2021-07-22T14:00:12.975834300Z          Prob > chi2 =    0.5954
2021-07-22T14:00:12.982296800Z 
2021-07-22T14:00:12.982313900Z  ( 1)  1.male#2.kids_cat4 = 0
2021-07-22T14:00:12.982317800Z  ( 2)  1.male#1.kids_cat4 = 0
2021-07-22T14:00:12.982320800Z 
2021-07-22T14:00:12.982323600Z            chi2(  2) =    0.97
2021-07-22T14:00:12.982335300Z          Prob > chi2 =    0.6171
2021-07-22T14:00:12.992186600Z 
2021-07-22T14:00:12.992200600Z  ( 1)  1.male#2.kids_cat4 = 0
2021-07-22T14:00:12.992203300Z  ( 2)  1.male#1.kids_cat4 = 0
2021-07-22T14:00:12.992205300Z 
2021-07-22T14:00:12.992207200Z            chi2(  2) =    0.97
2021-07-22T14:00:12.992209200Z          Prob > chi2 =    0.6171
2021-07-22T14:00:12.995969600Z 
2021-07-22T14:00:12.995983000Z  ( 1)  1.shield#3.kids_cat4 = 0
2021-07-22T14:00:12.995987300Z 
2021-07-22T14:00:12.995990300Z            chi2(  1) =    0.00
2021-07-22T14:00:12.995993200Z          Prob > chi2 =    0.9602
2021-07-22T14:00:13.003395600Z 
2021-07-22T14:00:13.003410400Z  ( 1)  1.shield#2.kids_cat4 = 0
2021-07-22T14:00:13.003414400Z  ( 2)  1.shield#1.kids_cat4 = 0
2021-07-22T14:00:13.003417600Z 
2021-07-22T14:00:13.003420600Z            chi2(  2) =    0.08
2021-07-22T14:00:13.003423500Z          Prob > chi2 =    0.9602
2021-07-22T14:00:13.014058600Z 
2021-07-22T14:00:13.014076800Z  ( 1)  1.shield#2.kids_cat4 = 0
2021-07-22T14:00:13.014079600Z  ( 2)  1.shield#1.kids_cat4 = 0
2021-07-22T14:00:13.014081500Z 
2021-07-22T14:00:13.014083400Z            chi2(  2) =    0.08
2021-07-22T14:00:13.014086000Z          Prob > chi2 =    0.9602
2021-07-22T14:00:13.014089200Z 
2021-07-22T14:00:13.014092000Z . file write tablecontents_int _n
2021-07-22T14:00:13.014095600Z 
2021-07-22T14:00:13.014098700Z . 
2021-07-22T14:00:13.014101700Z . file close tablecontents_int
2021-07-22T14:00:13.014104700Z 
2021-07-22T14:00:13.014107700Z . 
2021-07-22T14:00:13.014110700Z . postclose HRestimates_int
2021-07-22T14:00:13.014311000Z 
2021-07-22T14:00:13.014321500Z . 
2021-07-22T14:00:13.014325700Z . log close
2021-07-22T14:00:13.014328900Z       name:  <unnamed>
2021-07-22T14:00:13.014332300Z        log:  /workspace/log/11_an_interaction_HR_tables_forest_covid_death.log
2021-07-22T14:00:13.014335500Z   log type:  text
2021-07-22T14:00:13.014338800Z  closed on:  22 Jul 2021, 14:00:13
2021-07-22T14:00:13.014341700Z -------------------------------------------------------------------------------
2021-07-22T14:00:13.014345100Z 
2021-07-22T14:00:13.014348100Z . 
2021-07-22T14:00:13.014351200Z end of do-file
2021-07-22T14:00:13.014354100Z 
2021-07-22T14:00:13.014357000Z . . file open output using "/tmp/tmp.lW6XdFBZZi", write text replace
2021-07-22T14:00:13.014448300Z 
2021-07-22T14:00:13.014455200Z . . file write output "success" 
2021-07-22T14:00:13.014457600Z 
2021-07-22T14:00:13.014459500Z . . file close output
2021-07-22T14:00:13.014461500Z 
2021-07-22T14:00:13.014487100Z . 
2021-07-22T14:00:13.014491400Z end of do-file
2021-07-22T14:00:13.014494600Z 
2021-07-22T14:00:13.014497500Z 
2021-07-22T14:00:13.033456200Z . 

state: succeeded
commit: none
docker_image_id: sha256:11980aa720220a1b39bf523f5a8a33270214c13876c30ee364e16265766f7f60
exit_code: 0
job_id: qnvs3pdpxjfzekvj
run_by_user: qc18278
created_at: 2021-07-22T13:59:57Z
started_at: 2021-07-22T14:00:12Z
completed_at: 2021-07-22T14:00:55Z

Completed successfully

outputs:
  log/11_an_interaction_HR_tables_forest_covid_death.log  - moderately_sensitive
  output/11_an_int_tab_contents_HRtable_covid_death.txt   - moderately_sensitive