2021-07-20T16:35:37.621962000Z 
2021-07-20T16:35:37.622225500Z   ___  ____  ____  ____  ____ (R)
2021-07-20T16:35:37.622231400Z  /__    /   ____/   /   ____/
2021-07-20T16:35:37.622235100Z ___/   /   /___/   /   /___/   16.1   Copyright 1985-2019 StataCorp LLC
2021-07-20T16:35:37.622238700Z   Statistics/Data Analysis            StataCorp
2021-07-20T16:35:37.622242200Z                                       4905 Lakeway Drive
2021-07-20T16:35:37.622245900Z                                       College Station, Texas 77845 USA
2021-07-20T16:35:37.622249400Z                                       800-STATA-PC        http://www.stata.com
2021-07-20T16:35:37.622252300Z                                       979-696-4600        stata@stata.com
2021-07-20T16:35:37.622255500Z                                       979-696-4601 (fax)
2021-07-20T16:35:37.622258800Z 
2021-07-20T16:35:37.622262100Z 3-user Stata network license expires 11 May 2022:
2021-07-20T16:35:37.622265300Z        Serial number:  501709312237
2021-07-20T16:35:37.622268200Z          Licensed to:  The Bennett Institute
2021-07-20T16:35:37.622271200Z                        Oxford University
2021-07-20T16:35:37.622704800Z 
2021-07-20T16:35:37.622718900Z Notes:
2021-07-20T16:35:37.622724200Z       1.  Unicode is supported; see help unicode_advice.
2021-07-20T16:35:37.622727700Z 
2021-07-20T16:35:37.622730900Z . do "analysis/11a_an_interaction_HR_tables_forest_eth_strat.wrapper.do" covid_
2021-07-20T16:35:37.622734800Z > tpp_prob 
2021-07-20T16:35:37.622738400Z 
2021-07-20T16:35:37.622741800Z . . do "analysis/11a_an_interaction_HR_tables_forest_eth_strat.do" covid_tpp_pr
2021-07-20T16:35:37.622745400Z > ob
2021-07-20T16:35:37.622749900Z 
2021-07-20T16:35:37.622753300Z . *************************************************************************
2021-07-20T16:35:37.622756800Z . *Purpose: Create content that is ready to paste into a pre-formatted Word
2021-07-20T16:35:37.622760200Z . * shell table containing HRs for interaction analyses.  Also output forest
2021-07-20T16:35:37.622763700Z . *plot of results as SVG file.
2021-07-20T16:35:37.622767000Z . *
2021-07-20T16:35:37.622770400Z . *Requires: final analysis dataset (analysis_dataset.dta)
2021-07-20T16:35:37.622773800Z . *
2021-07-20T16:35:37.622777200Z . *Coding: HFORBES, based on file from Krishnan Bhaskaran
2021-07-20T16:35:37.622780300Z . *
2021-07-20T16:35:37.622783300Z . *Date drafted: 30th June 2020
2021-07-20T16:35:37.622786600Z . *************************************************************************
2021-07-20T16:35:37.622790000Z . global outdir     "output"
2021-07-20T16:35:37.622856500Z 
2021-07-20T16:35:37.622867400Z . global logdir     "log"
2021-07-20T16:35:37.622880900Z 
2021-07-20T16:35:37.622885200Z . global tempdir    "tempdata"
2021-07-20T16:35:37.622888600Z 
2021-07-20T16:35:37.622891500Z . 
2021-07-20T16:35:37.622894700Z . local outcome `1' 
2021-07-20T16:35:37.622898300Z 
2021-07-20T16:35:37.622901500Z . 
2021-07-20T16:35:37.622904900Z . 
2021-07-20T16:35:37.622908100Z . 
2021-07-20T16:35:37.622911100Z . * Open a log file
2021-07-20T16:35:37.622914200Z . capture log close
2021-07-20T16:35:37.622917400Z 
2021-07-20T16:35:37.622920800Z . log using "$logdir/11_an_interaction_HR_tables_forest_`outcome'_ethnicityW2",
2021-07-20T16:35:37.622924600Z >  text replace
2021-07-20T16:35:37.622928200Z (note: file /workspace/log/11_an_interaction_HR_tables_forest_covid_tpp_prob_et
2021-07-20T16:35:37.622931700Z > hnicityW2.log not found)
2021-07-20T16:35:37.623245700Z -------------------------------------------------------------------------------
2021-07-20T16:35:37.623257400Z       name:  <unnamed>
2021-07-20T16:35:37.623262000Z        log:  /workspace/log/11_an_interaction_HR_tables_forest_covid_tpp_prob_e
2021-07-20T16:35:37.623265600Z > thnicityW2.log
2021-07-20T16:35:37.623268800Z   log type:  text
2021-07-20T16:35:37.623272000Z  opened on:  20 Jul 2021, 16:35:37
2021-07-20T16:35:37.623275400Z 
2021-07-20T16:35:37.623741000Z . 
2021-07-20T16:35:37.623772400Z . *****************************************************************************
2021-07-20T16:35:37.623779900Z > ******************************************
2021-07-20T16:35:37.623784200Z . *Generic code to ouput the HRs across outcomes for all levels of a particular
2021-07-20T16:35:37.623787900Z >  variables, in the right shape for table
2021-07-20T16:35:37.623791600Z . cap prog drop outputHRsforvar
2021-07-20T16:35:37.623794800Z 
2021-07-20T16:35:37.623798000Z . prog define outputHRsforvar
2021-07-20T16:35:37.623801300Z   1. syntax, variable(string) min(real) max(real) outcome(string)
2021-07-20T16:35:37.623804600Z   2. file write tablecontents_int ("age") _tab ("exposure") _tab ("exposure lev
2021-07-20T16:35:37.623808100Z > el") ///
2021-07-20T16:35:37.623811300Z > _tab ("outcome") _tab ("int_type") _tab ("int_level") ///
2021-07-20T16:35:37.623814800Z > _tab ("HR")  _tab ("lci")  _tab ("uci") _tab ("pval") _n
2021-07-20T16:35:37.623818400Z   3. forvalues x=0/1 {
2021-07-20T16:35:37.623821200Z   4. forvalues i=`min'/`max'{
2021-07-20T16:35:37.623824200Z   5. foreach int_type in ethnicity {
2021-07-20T16:35:37.623827500Z   6. 
2021-07-20T16:35:37.623841200Z . foreach int_level in 1 2 3 4 5 {
2021-07-20T16:35:37.623864700Z   7. 
2021-07-20T16:35:37.623872200Z . local endwith "_tab"
2021-07-20T16:35:37.623876000Z   8. 
2021-07-20T16:35:37.623879600Z .         *put the varname and condition to left so that alignment can be check
2021-07-20T16:35:37.623883200Z > ed vs shell
2021-07-20T16:35:37.623886200Z .         file write tablecontents_int ("`x'") _tab ("`variable'") _tab ("`i'")
2021-07-20T16:35:37.623889700Z >  _tab ("`outcome'") _tab ("`int_type'") _tab ("`int_level'") _tab
2021-07-20T16:35:37.623893700Z   9. 
2021-07-20T16:35:37.623897100Z .         foreach modeltype of any fulladj {
2021-07-20T16:35:37.623900500Z  10. 
2021-07-20T16:35:37.623904000Z .                 local noestimatesflag 0 /*reset*/
2021-07-20T16:35:37.623907700Z  11. 
2021-07-20T16:35:37.623911000Z . *CHANGE THE OUTCOME BELOW TO LAST IF BRINGING IN MORE COLS
2021-07-20T16:35:37.623914300Z .                 if "`modeltype'"=="fulladj" local endwith "_n"
2021-07-20T16:35:37.623918000Z  12. 
2021-07-20T16:35:37.623921000Z .                 ***********************
2021-07-20T16:35:37.623924300Z .                 *1) GET THE RIGHT ESTIMATES INTO MEMORY
2021-07-20T16:35:37.623927600Z . 
2021-07-20T16:35:37.623930800Z .                 if "`modeltype'"=="fulladj" {
2021-07-20T16:35:37.623934400Z  13.                                 estimates use ./output/an_interaction_cox_
2021-07-20T16:35:37.623938100Z > models_`outcome'_kids_cat4_ethnicity_MAINFULLYADJMODEL_agespline_bmicat_noeth
2021-07-20T16:35:37.623941500Z > _ageband_`x'W2
2021-07-20T16:35:37.623944900Z  14.                                 if _rc!=0 local noestimatesflag 1
2021-07-20T16:35:37.623948500Z  15.                                 }
2021-07-20T16:35:37.623952100Z  16.                 ***********************
2021-07-20T16:35:37.623955500Z .                 *2) WRITE THE HRs TO THE OUTPUT FILE
2021-07-20T16:35:37.623959000Z . 
2021-07-20T16:35:37.623962500Z .                 if `noestimatesflag'==0{
2021-07-20T16:35:37.623965900Z  17. 
2021-07-20T16:35:37.623968800Z .                         if `int_level'==1 {
2021-07-20T16:35:37.623972000Z  18.                         cap lincom `i'.`variable'+ 1.`int_type'#`i'.`varia
2021-07-20T16:35:37.623975400Z > ble', eform
2021-07-20T16:35:37.623980200Z  19.                         if _rc==0 file write tablecontents_int %4.2f (r(es
2021-07-20T16:35:37.623984200Z > timate)) _tab %4.2f (r(lb)) _tab %4.2f (r(ub)) _tab  `endwith'
2021-07-20T16:35:37.623988000Z  20.                                 else file write tablecontents_int %4.2f ("
2021-07-20T16:35:37.623991600Z > ERR IN MODEL") `endwith'
2021-07-20T16:35:37.624002900Z  21.                                 }
2021-07-20T16:35:37.624006700Z  22. 
2021-07-20T16:35:37.624009900Z .                                                                              
2021-07-20T16:35:37.624013300Z >    if `int_level'==2 {
2021-07-20T16:35:37.624016700Z  23.                         cap lincom `i'.`variable'+ 2.`int_type'#`i'.`varia
2021-07-20T16:35:37.624020100Z > ble', eform
2021-07-20T16:35:37.624023300Z  24.                         if _rc==0 file write tablecontents_int %4.2f (r(es
2021-07-20T16:35:37.624026900Z > timate)) _tab %4.2f (r(lb)) _tab %4.2f (r(ub)) _tab  `endwith'
2021-07-20T16:35:37.624030300Z  25.                                 else file write tablecontents_int %4.2f ("
2021-07-20T16:35:37.624066900Z > ERR IN MODEL") `endwith'
2021-07-20T16:35:37.624072400Z  26.                                 }
2021-07-20T16:35:37.624076200Z  27.                         
2021-07-20T16:35:37.624079800Z .                                                 if `int_level'==3 {
2021-07-20T16:35:37.624083200Z  28.                         cap lincom `i'.`variable'+ 3.`int_type'#`i'.`varia
2021-07-20T16:35:37.624086500Z > ble', eform
2021-07-20T16:35:37.624090000Z  29.                         if _rc==0 file write tablecontents_int %4.2f (r(es
2021-07-20T16:35:37.624093600Z > timate)) _tab %4.2f (r(lb)) _tab %4.2f (r(ub)) _tab  `endwith'
2021-07-20T16:35:37.624097200Z  30.                                 else file write tablecontents_int %4.2f ("
2021-07-20T16:35:37.624131300Z > ERR IN MODEL") `endwith'
2021-07-20T16:35:37.624136700Z  31.                                 }
2021-07-20T16:35:37.624140500Z  32.                         
2021-07-20T16:35:37.624187600Z .                                                                         if `i
2021-07-20T16:35:37.624192600Z > nt_level'==4 {
2021-07-20T16:35:37.624196100Z  33.                         cap lincom `i'.`variable'+ 4.`int_type'#`i'.`varia
2021-07-20T16:35:37.624199500Z > ble', eform
2021-07-20T16:35:37.624202500Z  34.                         if _rc==0 file write tablecontents_int %4.2f (r(es
2021-07-20T16:35:37.624205800Z > timate)) _tab %4.2f (r(lb)) _tab %4.2f (r(ub)) _tab  `endwith'
2021-07-20T16:35:37.624209200Z  35.                                 else file write tablecontents_int %4.2f ("
2021-07-20T16:35:37.624212800Z > ERR IN MODEL") `endwith'
2021-07-20T16:35:37.624216100Z  36.                                 }
2021-07-20T16:35:37.624219600Z  37.                                                                         if
2021-07-20T16:35:37.624223100Z >  `int_level'==5 {
2021-07-20T16:35:37.624226300Z  38.                         cap lincom `i'.`variable'+ 5.`int_type'#`i'.`varia
2021-07-20T16:35:37.624229900Z > ble', eform
2021-07-20T16:35:37.624239700Z  39.                         if _rc==0 file write tablecontents_int %4.2f (r(es
2021-07-20T16:35:37.624243600Z > timate)) _tab %4.2f (r(lb)) _tab %4.2f (r(ub)) _tab  `endwith'
2021-07-20T16:35:37.624266400Z  40.                                 else file write tablecontents_int %4.2f ("
2021-07-20T16:35:37.624311700Z > ERR IN MODEL") `endwith'
2021-07-20T16:35:37.624316800Z  41.                                 }
2021-07-20T16:35:37.624319900Z  42.                         
2021-07-20T16:35:37.624322700Z . 
2021-07-20T16:35:37.624325600Z .                 *3) Save the estimates for plotting
2021-07-20T16:35:37.624328700Z .                 if _rc==0{
2021-07-20T16:35:37.624331900Z  43.                         if "`modeltype'"=="fulladj" {
2021-07-20T16:35:37.624336000Z  44.                                 local hr = r(estimate)
2021-07-20T16:35:37.624339900Z  45.                                 local lb = r(lb)
2021-07-20T16:35:37.624342500Z  46.                                 local ub = r(ub)
2021-07-20T16:35:37.624344600Z  47.                                 cap gen `variable'=.
2021-07-20T16:35:37.624346700Z  48.                                 test `int_level'.`int_type'#2.`variable' `
2021-07-20T16:35:37.624348800Z > int_level'.`int_type'#1.`variable'
2021-07-20T16:35:37.624350800Z  49.                                 local pval=r(p)
2021-07-20T16:35:37.624352800Z  50.                                 post HRestimates_int ("`x'") ("`outcome'")
2021-07-20T16:35:37.624355300Z >  ("`variable'") ("`int_type'") (`i') (`int_level') (`hr') (`lb') (`ub') (`pva
2021-07-20T16:35:37.624357700Z > l')
2021-07-20T16:35:37.624359800Z  51.                                 drop `variable'
2021-07-20T16:35:37.624361900Z  52.                                 }
2021-07-20T16:35:37.624363800Z  53.                 }
2021-07-20T16:35:37.624366400Z  54.                 }
2021-07-20T16:35:37.624373700Z  55.                 } /*int_level*/
2021-07-20T16:35:37.624377400Z  56.                 } /*full adj*/
2021-07-20T16:35:37.624380700Z  57. } /*variable levels*/
2021-07-20T16:35:37.624445800Z  58. }
2021-07-20T16:35:37.624456100Z  59. }
2021-07-20T16:35:37.624460200Z  60. end
2021-07-20T16:35:37.624463500Z 
2021-07-20T16:35:37.624466700Z . *****************************************************************************
2021-07-20T16:35:37.624470200Z > ******************************************
2021-07-20T16:35:37.624473700Z . 
2021-07-20T16:35:37.624476700Z . *MAIN CODE TO PRODUCE TABLE CONTENTS
2021-07-20T16:35:37.624587400Z . cap file close tablecontents_int
2021-07-20T16:35:37.624598900Z 
2021-07-20T16:35:37.624603100Z . file open tablecontents_int using ./output/11_an_int_tab_contents_HRtable_`ou
2021-07-20T16:35:37.624614000Z > tcome'_ethnicityW2.txt, t w replace
2021-07-20T16:35:37.624704900Z (note: file ./output/11_an_int_tab_contents_HRtable_covid_tpp_prob_ethnicityW2.
2021-07-20T16:35:37.624738400Z > txt not found)
2021-07-20T16:35:37.624746800Z 
2021-07-20T16:35:37.624810000Z . 
2021-07-20T16:35:37.624819000Z . tempfile HRestimates_int
2021-07-20T16:35:37.624822400Z 
2021-07-20T16:35:37.624825400Z . cap postutil clear
2021-07-20T16:35:37.624828500Z 
2021-07-20T16:35:37.624831600Z . postfile HRestimates_int str10 x str10 outcome str27 variable str27 int_type 
2021-07-20T16:35:37.624835100Z > level int_level hr lci uci pval using `HRestimates_int'
2021-07-20T16:35:37.625131100Z 
2021-07-20T16:35:37.625143000Z . 
2021-07-20T16:35:37.625147500Z . *Primary exposure
2021-07-20T16:35:37.625151200Z . outputHRsforvar, variable("kids_cat4") min(1) max(3) outcome(`outcome')
2021-07-20T16:35:37.760674300Z 
2021-07-20T16:35:37.760694500Z  ( 1)  2o.kids_cat4#1b.ethnicity = 0
2021-07-20T16:35:37.760699400Z  ( 2)  1o.kids_cat4#1b.ethnicity = 0
2021-07-20T16:35:37.760703100Z        Constraint 1 dropped
2021-07-20T16:35:37.760705200Z        Constraint 2 dropped
2021-07-20T16:35:37.760707200Z 
2021-07-20T16:35:37.760709300Z            chi2(  0) =       .
2021-07-20T16:35:37.760711300Z          Prob > chi2 =         .
2021-07-20T16:35:37.775571700Z 
2021-07-20T16:35:37.775592600Z  ( 1)  2.kids_cat4#3.ethnicity = 0
2021-07-20T16:35:37.775595300Z  ( 2)  1.kids_cat4#3.ethnicity = 0
2021-07-20T16:35:37.775597400Z 
2021-07-20T16:35:37.775599300Z            chi2(  2) =    1.02
2021-07-20T16:35:37.775601300Z          Prob > chi2 =    0.5996
2021-07-20T16:35:37.790428900Z 
2021-07-20T16:35:37.790445700Z  ( 1)  2.kids_cat4#5.ethnicity = 0
2021-07-20T16:35:37.790448400Z  ( 2)  1.kids_cat4#5.ethnicity = 0
2021-07-20T16:35:37.790450400Z 
2021-07-20T16:35:37.790452300Z            chi2(  2) =    2.14
2021-07-20T16:35:37.790454300Z          Prob > chi2 =    0.3438
2021-07-20T16:35:37.800636900Z 
2021-07-20T16:35:37.800655900Z  ( 1)  2o.kids_cat4#1b.ethnicity = 0
2021-07-20T16:35:37.800660500Z  ( 2)  1o.kids_cat4#1b.ethnicity = 0
2021-07-20T16:35:37.800664100Z        Constraint 1 dropped
2021-07-20T16:35:37.800667600Z        Constraint 2 dropped
2021-07-20T16:35:37.800670700Z 
2021-07-20T16:35:37.800672800Z            chi2(  0) =       .
2021-07-20T16:35:37.800674800Z          Prob > chi2 =         .
2021-07-20T16:35:37.815514600Z 
2021-07-20T16:35:37.815530700Z  ( 1)  2.kids_cat4#3.ethnicity = 0
2021-07-20T16:35:37.815533400Z  ( 2)  1.kids_cat4#3.ethnicity = 0
2021-07-20T16:35:37.815535400Z 
2021-07-20T16:35:37.815537300Z            chi2(  2) =    1.02
2021-07-20T16:35:37.815539300Z          Prob > chi2 =    0.5996
2021-07-20T16:35:37.829741500Z 
2021-07-20T16:35:37.829757300Z  ( 1)  2.kids_cat4#5.ethnicity = 0
2021-07-20T16:35:37.829760000Z  ( 2)  1.kids_cat4#5.ethnicity = 0
2021-07-20T16:35:37.829762000Z 
2021-07-20T16:35:37.829763900Z            chi2(  2) =    2.14
2021-07-20T16:35:37.829765800Z          Prob > chi2 =    0.3438
2021-07-20T16:35:37.841264500Z 
2021-07-20T16:35:37.841290100Z  ( 1)  2o.kids_cat4#1b.ethnicity = 0
2021-07-20T16:35:37.841293100Z  ( 2)  1o.kids_cat4#1b.ethnicity = 0
2021-07-20T16:35:37.841295800Z        Constraint 1 dropped
2021-07-20T16:35:37.841297900Z        Constraint 2 dropped
2021-07-20T16:35:37.841299800Z 
2021-07-20T16:35:37.841301700Z            chi2(  0) =       .
2021-07-20T16:35:37.841303700Z          Prob > chi2 =         .
2021-07-20T16:35:37.859650100Z 
2021-07-20T16:35:37.859671300Z  ( 1)  2.kids_cat4#3.ethnicity = 0
2021-07-20T16:35:37.859674900Z  ( 2)  1.kids_cat4#3.ethnicity = 0
2021-07-20T16:35:37.859677600Z 
2021-07-20T16:35:37.859680000Z            chi2(  2) =    1.02
2021-07-20T16:35:37.859683000Z          Prob > chi2 =    0.5996
2021-07-20T16:35:37.875497900Z 
2021-07-20T16:35:37.875516300Z  ( 1)  2.kids_cat4#5.ethnicity = 0
2021-07-20T16:35:37.875518800Z  ( 2)  1.kids_cat4#5.ethnicity = 0
2021-07-20T16:35:37.875520700Z 
2021-07-20T16:35:37.875522400Z            chi2(  2) =    2.14
2021-07-20T16:35:37.875524400Z          Prob > chi2 =    0.3438
2021-07-20T16:35:37.885011500Z 
2021-07-20T16:35:37.885030200Z  ( 1)  2o.kids_cat4#1b.ethnicity = 0
2021-07-20T16:35:37.885032900Z  ( 2)  1o.kids_cat4#1b.ethnicity = 0
2021-07-20T16:35:37.885034900Z        Constraint 1 dropped
2021-07-20T16:35:37.885036800Z        Constraint 2 dropped
2021-07-20T16:35:37.885038800Z 
2021-07-20T16:35:37.885040600Z            chi2(  0) =       .
2021-07-20T16:35:37.885042500Z          Prob > chi2 =         .
2021-07-20T16:35:37.898177900Z 
2021-07-20T16:35:37.898200000Z  ( 1)  2.kids_cat4#3.ethnicity = 0
2021-07-20T16:35:37.898204400Z  ( 2)  1.kids_cat4#3.ethnicity = 0
2021-07-20T16:35:37.898207900Z 
2021-07-20T16:35:37.898223700Z            chi2(  2) =    2.07
2021-07-20T16:35:37.898226000Z          Prob > chi2 =    0.3544
2021-07-20T16:35:37.911066300Z 
2021-07-20T16:35:37.911079500Z  ( 1)  2.kids_cat4#5.ethnicity = 0
2021-07-20T16:35:37.911082100Z  ( 2)  1.kids_cat4#5.ethnicity = 0
2021-07-20T16:35:37.911084000Z        Constraint 1 dropped
2021-07-20T16:35:37.911085800Z 
2021-07-20T16:35:37.911087400Z            chi2(  1) =  938.48
2021-07-20T16:35:37.911089200Z          Prob > chi2 =    0.0000
2021-07-20T16:35:37.922384600Z 
2021-07-20T16:35:37.922402000Z  ( 1)  2o.kids_cat4#1b.ethnicity = 0
2021-07-20T16:35:37.922405100Z  ( 2)  1o.kids_cat4#1b.ethnicity = 0
2021-07-20T16:35:37.922407400Z        Constraint 1 dropped
2021-07-20T16:35:37.922423200Z        Constraint 2 dropped
2021-07-20T16:35:37.922425100Z 
2021-07-20T16:35:37.922427100Z            chi2(  0) =       .
2021-07-20T16:35:37.922429000Z          Prob > chi2 =         .
2021-07-20T16:35:37.938058500Z 
2021-07-20T16:35:37.938078600Z  ( 1)  2.kids_cat4#3.ethnicity = 0
2021-07-20T16:35:37.938081600Z  ( 2)  1.kids_cat4#3.ethnicity = 0
2021-07-20T16:35:37.938083700Z 
2021-07-20T16:35:37.938085800Z            chi2(  2) =    2.07
2021-07-20T16:35:37.938087900Z          Prob > chi2 =    0.3544
2021-07-20T16:35:37.953689700Z 
2021-07-20T16:35:37.953709800Z  ( 1)  2.kids_cat4#5.ethnicity = 0
2021-07-20T16:35:37.953712600Z  ( 2)  1.kids_cat4#5.ethnicity = 0
2021-07-20T16:35:37.953714800Z        Constraint 1 dropped
2021-07-20T16:35:37.953717100Z 
2021-07-20T16:35:37.953719100Z            chi2(  1) =  938.48
2021-07-20T16:35:37.953721400Z          Prob > chi2 =    0.0000
2021-07-20T16:35:37.963711700Z 
2021-07-20T16:35:37.963736200Z  ( 1)  2o.kids_cat4#1b.ethnicity = 0
2021-07-20T16:35:37.963739800Z  ( 2)  1o.kids_cat4#1b.ethnicity = 0
2021-07-20T16:35:37.963742800Z        Constraint 1 dropped
2021-07-20T16:35:37.963745800Z        Constraint 2 dropped
2021-07-20T16:35:37.963748300Z 
2021-07-20T16:35:37.963751300Z            chi2(  0) =       .
2021-07-20T16:35:37.963754200Z          Prob > chi2 =         .
2021-07-20T16:35:37.978515800Z 
2021-07-20T16:35:37.978532700Z  ( 1)  2.kids_cat4#3.ethnicity = 0
2021-07-20T16:35:37.978535600Z  ( 2)  1.kids_cat4#3.ethnicity = 0
2021-07-20T16:35:37.978537700Z 
2021-07-20T16:35:37.978539700Z            chi2(  2) =    2.07
2021-07-20T16:35:37.978541800Z          Prob > chi2 =    0.3544
2021-07-20T16:35:37.992666000Z 
2021-07-20T16:35:37.992691000Z  ( 1)  2.kids_cat4#5.ethnicity = 0
2021-07-20T16:35:37.992693700Z  ( 2)  1.kids_cat4#5.ethnicity = 0
2021-07-20T16:35:37.992695900Z        Constraint 1 dropped
2021-07-20T16:35:37.992697800Z 
2021-07-20T16:35:37.992699500Z            chi2(  1) =  938.48
2021-07-20T16:35:37.992701500Z          Prob > chi2 =    0.0000
2021-07-20T16:35:37.992703600Z 
2021-07-20T16:35:37.992705300Z . file write tablecontents_int _n
2021-07-20T16:35:37.992707100Z 
2021-07-20T16:35:37.992708800Z . 
2021-07-20T16:35:37.992710600Z . file close tablecontents_int
2021-07-20T16:35:37.992712300Z 
2021-07-20T16:35:37.992714000Z . 
2021-07-20T16:35:37.992715900Z . postclose HRestimates_int
2021-07-20T16:35:37.992717900Z 
2021-07-20T16:35:37.992719800Z . 
2021-07-20T16:35:37.992721600Z . log close
2021-07-20T16:35:37.992723300Z       name:  <unnamed>
2021-07-20T16:35:37.992725300Z        log:  /workspace/log/11_an_interaction_HR_tables_forest_covid_tpp_prob_e
2021-07-20T16:35:37.992727200Z > thnicityW2.log
2021-07-20T16:35:37.992729200Z   log type:  text
2021-07-20T16:35:37.992731200Z  closed on:  20 Jul 2021, 16:35:37
2021-07-20T16:35:37.992733200Z -------------------------------------------------------------------------------
2021-07-20T16:35:37.992735200Z 
2021-07-20T16:35:37.992819200Z . 
2021-07-20T16:35:37.992827300Z end of do-file
2021-07-20T16:35:37.992829600Z 
2021-07-20T16:35:37.992831400Z . . file open output using "/tmp/tmp.w0Hk1n7oKv", write text replace
2021-07-20T16:35:37.992833400Z 
2021-07-20T16:35:37.992835300Z . . file write output "success" 
2021-07-20T16:35:37.992838800Z 
2021-07-20T16:35:37.992840600Z . . file close output
2021-07-20T16:35:37.992898600Z 
2021-07-20T16:35:37.992908000Z . 
2021-07-20T16:35:37.992910500Z end of do-file
2021-07-20T16:35:37.992912500Z 
2021-07-20T16:35:37.992914200Z 
2021-07-20T16:35:38.013383100Z . 

state: succeeded
commit: none
docker_image_id: sha256:11980aa720220a1b39bf523f5a8a33270214c13876c30ee364e16265766f7f60
exit_code: 0
job_id: 4pbkfabsfvf4ickk
run_by_user: qc18278
created_at: 2021-07-20T16:35:24Z
started_at: 2021-07-20T16:35:37Z
completed_at: 2021-07-20T16:35:40Z

Completed successfully

outputs:
  log/11_an_interaction_HR_tables_forest_covid_tpp_prob_ethnicityW2.log  - moderately_sensitive
  output/11_an_int_tab_contents_HRtable_covid_tpp_prob_ethnicityW2.txt   - moderately_sensitive