2021-07-20T16:04:34.610279000Z 
2021-07-20T16:04:34.610313300Z   ___  ____  ____  ____  ____ (R)
2021-07-20T16:04:34.610318900Z  /__    /   ____/   /   ____/
2021-07-20T16:04:34.610322200Z ___/   /   /___/   /   /___/   16.1   Copyright 1985-2019 StataCorp LLC
2021-07-20T16:04:34.610325700Z   Statistics/Data Analysis            StataCorp
2021-07-20T16:04:34.610329000Z                                       4905 Lakeway Drive
2021-07-20T16:04:34.610332200Z                                       College Station, Texas 77845 USA
2021-07-20T16:04:34.610335500Z                                       800-STATA-PC        http://www.stata.com
2021-07-20T16:04:34.610338700Z                                       979-696-4600        stata@stata.com
2021-07-20T16:04:34.610341800Z                                       979-696-4601 (fax)
2021-07-20T16:04:34.610344700Z 
2021-07-20T16:04:34.610347400Z 3-user Stata network license expires 11 May 2022:
2021-07-20T16:04:34.610350600Z        Serial number:  501709312237
2021-07-20T16:04:34.610353400Z          Licensed to:  The Bennett Institute
2021-07-20T16:04:34.610356400Z                        Oxford University
2021-07-20T16:04:34.611422400Z 
2021-07-20T16:04:34.611437600Z Notes:
2021-07-20T16:04:34.611440600Z       1.  Unicode is supported; see help unicode_advice.
2021-07-20T16:04:34.611442800Z 
2021-07-20T16:04:34.611444900Z . do "analysis/14_multiple_imputation_analysis.wrapper.do" covidadmission MAIN 
2021-07-20T16:04:34.611447500Z 
2021-07-20T16:04:34.611449500Z . . do "analysis/14_multiple_imputation_analysis.do" covidadmission MAIN
2021-07-20T16:04:34.611451800Z 
2021-07-20T16:04:34.611453800Z . *************************************************************************
2021-07-20T16:04:34.611456000Z . 
2021-07-20T16:04:34.611458700Z . *Exposure children and COVID risk
2021-07-20T16:04:34.611462000Z .   
2021-07-20T16:04:34.611465400Z . *DO file name:  14_multiple_imputation_analysis
2021-07-20T16:04:34.611469500Z . 
2021-07-20T16:04:34.611473600Z . *Purpose: Using dataset with imputed ethnicity
2021-07-20T16:04:34.611476400Z . 
2021-07-20T16:04:34.611478600Z . *Requires: final analysis dataset (analysis_dataset.dta)
2021-07-20T16:04:34.611480600Z . 
2021-07-20T16:04:34.611482500Z . *Coding: HFORBES, based on Krishnan Bhaskaran
2021-07-20T16:04:34.611484600Z . 
2021-07-20T16:04:34.611486600Z . *Date drafted: 20th August 2020
2021-07-20T16:04:34.611488800Z . 
2021-07-20T16:04:34.611491300Z . *************************************************************************
2021-07-20T16:04:34.611495100Z . * Set globals that will print in programs and direct output
2021-07-20T16:04:34.611498800Z . global outdir     "output" 
2021-07-20T16:04:34.611516100Z 
2021-07-20T16:04:34.611520500Z . global logdir     "log"
2021-07-20T16:04:34.611524200Z 
2021-07-20T16:04:34.611527800Z . global tempdir    "tempdata"
2021-07-20T16:04:34.611531500Z 
2021-07-20T16:04:34.611534900Z . global demogadjlist  age1 age2 age3 i.male      `bmi' `smoking' `ethnicity'  
2021-07-20T16:04:34.611538600Z >    i.imd i.tot_adults_hh
2021-07-20T16:04:34.611542400Z 
2021-07-20T16:04:34.611546000Z . global comordidadjlist  i.htdiag_or_highbp                              ///
2021-07-20T16:04:34.611549700Z >                         i.chronic_respiratory_disease   ///
2021-07-20T16:04:34.611553300Z >                         i.asthma                                             
2021-07-20T16:04:34.611557500Z >    ///
2021-07-20T16:04:34.611561300Z >                         i.chronic_cardiac_disease               ///
2021-07-20T16:04:34.611565100Z >                         i.diabcat                                            
2021-07-20T16:04:34.611568700Z >    ///
2021-07-20T16:04:34.611572000Z >                         i.cancer_exhaem_cat                             ///
2021-07-20T16:04:34.611575600Z >                         i.cancer_haem_cat                               ///
2021-07-20T16:04:34.611579100Z >                         i.chronic_liver_disease                 ///
2021-07-20T16:04:34.611582600Z >                         i.stroke_dementia                               ///
2021-07-20T16:04:34.611586000Z >                         i.other_neuro                                   ///
2021-07-20T16:04:34.611589800Z >                         i.reduced_kidney_function_cat   ///
2021-07-20T16:04:34.611593800Z >                         i.esrd                                               
2021-07-20T16:04:34.611597800Z >    ///
2021-07-20T16:04:34.611601400Z >                         i.other_transplant                              ///
2021-07-20T16:04:34.611605200Z >                         i.asplenia                                           
2021-07-20T16:04:34.611609000Z >    ///
2021-07-20T16:04:34.611613800Z >                         i.ra_sle_psoriasis                      ///
2021-07-20T16:04:34.611618000Z >                         i.other_immuno          
2021-07-20T16:04:34.611622100Z 
2021-07-20T16:04:34.611625600Z . 
2021-07-20T16:04:34.611627800Z . local outcome `1' 
2021-07-20T16:04:34.611630000Z 
2021-07-20T16:04:34.611631900Z . local dataset `2' 
2021-07-20T16:04:34.611633900Z 
2021-07-20T16:04:34.611636000Z . 
2021-07-20T16:04:34.611637900Z . * Open a log file
2021-07-20T16:04:34.611640200Z . capture log close
2021-07-20T16:04:34.611647100Z 
2021-07-20T16:04:34.611649300Z . log using "$logdir/14_multiple_imputation_analysis_`outcome'`dataset'", text 
2021-07-20T16:04:34.611651800Z > replace
2021-07-20T16:04:34.611654200Z (note: file /workspace/log/14_multiple_imputation_analysis_covidadmissionMAIN.l
2021-07-20T16:04:34.611657700Z > og not found)
2021-07-20T16:04:34.611661100Z -------------------------------------------------------------------------------
2021-07-20T16:04:34.611664800Z       name:  <unnamed>
2021-07-20T16:04:34.611668900Z        log:  /workspace/log/14_multiple_imputation_analysis_covidadmissionMAIN.
2021-07-20T16:04:34.611672800Z > log
2021-07-20T16:04:34.611676400Z   log type:  text
2021-07-20T16:04:34.611680100Z  opened on:  20 Jul 2021, 16:04:34
2021-07-20T16:04:34.611683600Z 
2021-07-20T16:04:34.611792100Z . 
2021-07-20T16:04:34.611804200Z . 
2021-07-20T16:04:34.611808900Z . 
2021-07-20T16:04:34.611812400Z . forvalues x=0/1 {
2021-07-20T16:04:34.611816100Z   2. use "$tempdir/cr_imputed_analysis_dataset_STSET_`outcome'_ageband_`x'`data
2021-07-20T16:04:34.611820000Z > set'.dta", clear
2021-07-20T16:04:34.611823700Z   3. 
2021-07-20T16:04:34.611831100Z . *Fully adjusted
2021-07-20T16:04:34.611835500Z . mi estimate, hr:  stcox         i.kids_cat4      ///
2021-07-20T16:04:34.611839200Z >                         age1 age2 age3          ///
2021-07-20T16:04:34.611842700Z >                         i.male                                               
2021-07-20T16:04:34.611846300Z >    ///
2021-07-20T16:04:34.611849700Z >                         i.obese4cat                                     ///
2021-07-20T16:04:34.611853800Z >                         i.smoke_nomiss                                  ///
2021-07-20T16:04:34.611857500Z >                         i.imd                                           ///
2021-07-20T16:04:34.611861100Z >                         i.ethnicity                                     ///
2021-07-20T16:04:34.611864700Z >                         $comordidadjlist                                ///  
2021-07-20T16:04:34.611868500Z >    
2021-07-20T16:04:34.611872300Z >                         , strata(stp) vce(cluster household_id)  
2021-07-20T16:04:34.611906700Z   4. estimates
2021-07-20T16:04:34.611916500Z   5. estimates save ./output/an_sense_`outcome'_multiple_imputation_ageband_`x'
2021-07-20T16:04:34.611921500Z > `dataset', replace
2021-07-20T16:04:34.611925600Z   6. }
2021-07-20T16:06:20.497498400Z 
2021-07-20T16:06:20.497540100Z Multiple-imputation estimates                   Imputations       =         10
2021-07-20T16:06:20.497559900Z Stratified Cox regr.: Breslow method for ties   Number of obs     =     17,952
2021-07-20T16:06:20.498884800Z                                                 Average RVI       =     0.0074
2021-07-20T16:06:20.499237700Z                                                 Largest FMI       =     0.1367
2021-07-20T16:06:20.499278100Z DF adjustment:   Large sample                   DF:     min       =     506.72
2021-07-20T16:06:20.499392800Z                                                         avg       =   1.61e+10
2021-07-20T16:06:20.499510900Z                                                         max       =   2.56e+11
2021-07-20T16:06:20.499556600Z Model F test:       Equal FMI                   F(  40, 6.5e+06)  =       1.18
2021-07-20T16:06:20.499697100Z Within VCE type:       Robust                   Prob > F          =     0.2022
2021-07-20T16:06:20.499865000Z 
2021-07-20T16:06:20.589372500Z                       (Within VCE adjusted for 1,121 clusters in household_id)
2021-07-20T16:06:20.589398200Z ------------------------------------------------------------------------------
2021-07-20T16:06:20.589403900Z           _t | Haz. Ratio   Std. Err.      t    P>|t|     [95% Conf. Interval]
2021-07-20T16:06:20.589408400Z -------------+----------------------------------------------------------------
2021-07-20T16:06:20.589412500Z    kids_cat4 |
2021-07-20T16:06:20.603614900Z only <12 ..  |   .9550746   .0877964    -0.50   0.617     .7976082    1.143629
2021-07-20T16:06:20.603855000Z  only 12-18  |   .8563317   .1207388    -1.10   0.271     .6495709    1.128905
2021-07-20T16:06:20.604119800Z       mixed  |   .8611422   .0714098    -1.80   0.071     .7319635    1.013119
2021-07-20T16:06:20.604133800Z              |
2021-07-20T16:06:20.604457200Z         age1 |   1.003055   .0052185     0.59   0.558     .9928787    1.013335
2021-07-20T16:06:20.604911600Z         age2 |   .9926141   .0160299    -0.46   0.646      .961688    1.024535
2021-07-20T16:06:20.605266900Z         age3 |   1.014597   .0457932     0.32   0.748     .9286991    1.108439
2021-07-20T16:06:20.605645100Z       1.male |   1.042486   .0307095     1.41   0.158     .9840009    1.104447
2021-07-20T16:06:20.605660000Z              |
2021-07-20T16:06:20.605683600Z    obese4cat |
2021-07-20T16:06:20.606046500Z Obese I ..)  |   .9830922   .0405316    -0.41   0.679     .9067767    1.065831
2021-07-20T16:06:20.606428000Z Obese II..)  |   .8951983   .0488186    -2.03   0.042     .8044517    .9961815
2021-07-20T16:06:20.606953400Z Obese II..)  |   .9683423   .0617749    -0.50   0.614     .8545293    1.097314
2021-07-20T16:06:20.606981000Z              |
2021-07-20T16:06:20.606991600Z smoke_nomiss |
2021-07-20T16:06:20.607373200Z      Former  |   1.054933   .1043294     0.54   0.589     .8690482    1.280578
2021-07-20T16:06:20.607796500Z     Current  |   1.034856   .0453411     0.78   0.434      .949698     1.12765
2021-07-20T16:06:20.607829000Z              |
2021-07-20T16:06:20.607834800Z          imd |
2021-07-20T16:06:20.608180200Z           4  |    .982473   .0364888    -0.48   0.634     .9134972    1.056657
2021-07-20T16:06:20.608621600Z 5 most de..  |   1.017138   .0482347     0.36   0.720     .9268602    1.116209
2021-07-20T16:06:20.608634900Z              |
2021-07-20T16:06:20.608639800Z    ethnicity |
2021-07-20T16:06:20.609088400Z Asian or ..  |   .9096582     .04869    -1.77   0.077     .8189423    1.010423
2021-07-20T16:06:20.609541800Z       Other  |   .9594336    .050779    -0.78   0.434     .8646818    1.064568
2021-07-20T16:06:20.609554600Z              |
2021-07-20T16:06:20.610008900Z 1.htdiag_o~p |   1.030294    .056123     0.55   0.584     .9259632    1.146379
2021-07-20T16:06:20.610408100Z 1.~y_disease |   .9842479   .0355491    -0.44   0.660     .9169819    1.056448
2021-07-20T16:06:20.610840200Z     1.asthma |   1.008281   .0532089     0.16   0.876      .909205    1.118152
2021-07-20T16:06:20.611281500Z 1.~c_disease |   1.050495   .0381973     1.35   0.175     .9782353    1.128093
2021-07-20T16:06:20.611294800Z              |
2021-07-20T16:06:20.611298200Z      diabcat |
2021-07-20T16:06:20.611676900Z T1DM, con..  |   1.008093   .0902886     0.09   0.928     .8457922    1.201538
2021-07-20T16:06:20.611991600Z T1DM, unc..  |   .9783767   .1913722    -0.11   0.911     .6668214    1.435498
2021-07-20T16:06:20.612339100Z T2DM, con..  |   1.049217   .0409279     1.23   0.218     .9719898    1.132581
2021-07-20T16:06:20.612692200Z T2DM, unc..  |   .9774202   .0757641    -0.29   0.768     .8396551    1.137789
2021-07-20T16:06:20.613520800Z Diabetes,..  |   2.459097   .8607865     2.57   0.010     1.238283    4.883506
2021-07-20T16:06:20.613535800Z              |
2021-07-20T16:06:20.613677800Z cancer_exh~t |
2021-07-20T16:06:20.614173600Z   Last year  |   1.090401   .2258663     0.42   0.676     .7265539    1.636457
2021-07-20T16:06:20.614561900Z 2-5 years..  |   .8555175   .1021116    -1.31   0.191     .6770682    1.080999
2021-07-20T16:06:20.615059200Z    5+ years  |   .9591452   .0368957    -1.08   0.278     .8894898    1.034255
2021-07-20T16:06:20.615071100Z              |
2021-07-20T16:06:20.615076100Z cancer_hae~t |
2021-07-20T16:06:20.615561100Z   Last year  |   .8669025   .1949504    -0.64   0.525     .5578927    1.347069
2021-07-20T16:06:20.615951000Z 2-5 years..  |   .7864997   .0970598    -1.95   0.052     .6175243    1.001712
2021-07-20T16:06:20.616422400Z    5+ years  |   .9766037   .0367997    -0.63   0.530     .9070766     1.05146
2021-07-20T16:06:20.616437600Z              |
2021-07-20T16:06:20.616831800Z 1.~r_disease |    .993207   .0364501    -0.19   0.853     .9242749     1.06728
2021-07-20T16:06:20.617231500Z 1.stroke_d~a |   .9819918   .0353818    -0.50   0.614     .9150367    1.053846
2021-07-20T16:06:20.617627800Z 1.other_ne~o |   1.002186   .0355235     0.06   0.951     .9349251    1.074287
2021-07-20T16:06:20.617642500Z              |
2021-07-20T16:06:20.617648000Z reduced_ki~t |
2021-07-20T16:06:20.618046300Z Stage 3a/..  |   .8439898      .2165    -0.66   0.508     .5104899    1.395363
2021-07-20T16:06:20.618466600Z       1.esrd |   .9441182   .0281609    -1.93   0.054     .8905064    1.000958
2021-07-20T16:06:20.618949200Z 1.other_tr~t |    1.06323   .0368069     1.77   0.077     .9934827    1.137874
2021-07-20T16:06:20.619397900Z   1.asplenia |   .9816993   .0367582    -0.49   0.622     .9122346    1.056454
2021-07-20T16:06:20.619960500Z 1.ra_sle_p~s |   .9819571   .0357833    -0.50   0.617      .914269    1.054656
2021-07-20T16:06:20.632066700Z 1.other_im~o |   1.012203   .0309565     0.40   0.692      .953312    1.074732
2021-07-20T16:06:20.632092500Z ------------------------------------------------------------------------------
2021-07-20T16:06:20.639033100Z 
2021-07-20T16:06:20.639055400Z -------------------------------------------------------------------------------
2021-07-20T16:06:20.639060900Z active results
2021-07-20T16:06:20.639065100Z -------------------------------------------------------------------------------
2021-07-20T16:06:20.643275700Z 
2021-07-20T16:06:20.643292100Z Multiple-imputation estimates                   Imputations       =         10
2021-07-20T16:06:20.643311100Z Stratified Cox regr.: Breslow method for ties   Number of obs     =     17,952
2021-07-20T16:06:20.644682700Z                                                 Average RVI       =     0.0074
2021-07-20T16:06:20.644699900Z                                                 Largest FMI       =     0.1367
2021-07-20T16:06:20.644803100Z DF adjustment:   Large sample                   DF:     min       =     506.72
2021-07-20T16:06:20.644911800Z                                                         avg       =   1.61e+10
2021-07-20T16:06:20.644926700Z                                                         max       =   2.56e+11
2021-07-20T16:06:20.644965000Z Model F test:       Equal FMI                   F(  40, 6.5e+06)  =       1.18
2021-07-20T16:06:20.645192300Z Within VCE type:       Robust                   Prob > F          =     0.2022
2021-07-20T16:06:20.645208400Z 
2021-07-20T16:06:20.660580200Z                       (Within VCE adjusted for 1,121 clusters in household_id)
2021-07-20T16:06:20.660603800Z ------------------------------------------------------------------------------
2021-07-20T16:06:20.660609300Z           _t |      Coef.   Std. Err.      t    P>|t|     [95% Conf. Interval]
2021-07-20T16:06:20.660614000Z -------------+----------------------------------------------------------------
2021-07-20T16:06:20.660619400Z    kids_cat4 |
2021-07-20T16:06:20.660893400Z only <12 ..  |  -.0459658   .0919262    -0.50   0.617    -.2261378    .1342063
2021-07-20T16:06:20.661119400Z  only 12-18  |  -.1550974   .1409954    -1.10   0.271    -.4314433    .1212485
2021-07-20T16:06:20.661413500Z       mixed  |  -.1494956   .0829245    -1.80   0.071    -.3120247    .0130335
2021-07-20T16:06:20.661427000Z              |
2021-07-20T16:06:20.661738800Z         age1 |   .0030502   .0052027     0.59   0.558    -.0071468    .0132473
2021-07-20T16:06:20.661999400Z         age2 |  -.0074133   .0161492    -0.46   0.646    -.0390652    .0242385
2021-07-20T16:06:20.662319200Z         age3 |   .0144913   .0451344     0.32   0.748    -.0739705    .1029531
2021-07-20T16:06:20.662662500Z       1.male |    .041608   .0294579     1.41   0.158    -.0161284    .0993445
2021-07-20T16:06:20.662674100Z              |
2021-07-20T16:06:20.662678600Z    obese4cat |
2021-07-20T16:06:20.662961700Z Obese I ..)  |  -.0170523   .0412287    -0.41   0.679     -.097859    .0637544
2021-07-20T16:06:20.663288300Z Obese II..)  |  -.1107101   .0545338    -2.03   0.042    -.2175943   -.0038258
2021-07-20T16:06:20.663650300Z Obese II..)  |  -.0321696   .0637945    -0.50   0.614    -.1572045    .0928652
2021-07-20T16:06:20.663663000Z              |
2021-07-20T16:06:20.663668500Z smoke_nomiss |
2021-07-20T16:06:20.663989000Z      Former  |   .0534773   .0988967     0.54   0.589    -.1403567    .2473113
2021-07-20T16:06:20.664384700Z     Current  |   .0342624   .0438139     0.78   0.434    -.0516113     .120136
2021-07-20T16:06:20.664397500Z              |
2021-07-20T16:06:20.664403200Z          imd |
2021-07-20T16:06:20.664772900Z           4  |  -.0176824   .0371397    -0.48   0.634     -.090475    .0551101
2021-07-20T16:06:20.665154600Z 5 most de..  |   .0169928   .0474219     0.36   0.720    -.0759525    .1099381
2021-07-20T16:06:20.665167500Z              |
2021-07-20T16:06:20.665172300Z    ethnicity |
2021-07-20T16:06:20.665547500Z Asian or ..  |  -.0946863   .0535255    -1.77   0.077    -.1997416     .010369
2021-07-20T16:06:20.665977100Z       Other  |  -.0414121   .0529261    -0.78   0.434    -.1453937    .0625694
2021-07-20T16:06:20.665987300Z              |
2021-07-20T16:06:20.666455800Z 1.htdiag_o~p |   .0298439   .0544728     0.55   0.584    -.0769208    .1366086
2021-07-20T16:06:20.666900300Z 1.~y_disease |  -.0158774   .0361181    -0.44   0.660    -.0866676    .0549127
2021-07-20T16:06:20.667314900Z     1.asthma |   .0082465   .0527719     0.16   0.876    -.0951847    .1116776
2021-07-20T16:06:20.667723800Z 1.~c_disease |   .0492616   .0363612     1.35   0.175    -.0220051    .1205283
2021-07-20T16:06:20.667736600Z              |
2021-07-20T16:06:20.667754700Z      diabcat |
2021-07-20T16:06:20.668130800Z T1DM, con..  |   .0080602   .0895638     0.09   0.928    -.1674816    .1836021
2021-07-20T16:06:20.668502300Z T1DM, unc..  |  -.0218606   .1956018    -0.11   0.911     -.405233    .3615119
2021-07-20T16:06:20.668961300Z T2DM, con..  |   .0480445   .0390081     1.23   0.218    -.0284099    .1244989
2021-07-20T16:06:20.669361800Z T2DM, unc..  |  -.0228387   .0775144    -0.29   0.768     -.174764    .1290867
2021-07-20T16:06:20.669803400Z Diabetes,..  |   .8997944   .3500416     2.57   0.010     .2137254    1.585863
2021-07-20T16:06:20.669815400Z              |
2021-07-20T16:06:20.669820800Z cancer_exh~t |
2021-07-20T16:06:20.670195700Z   Last year  |   .0865454   .2071406     0.42   0.676    -.3194427    .4925335
2021-07-20T16:06:20.670900300Z 2-5 years..  |  -.1560488   .1193565    -1.31   0.191    -.3899833    .0778857
2021-07-20T16:06:20.671427200Z    5+ years  |  -.0417128   .0384673    -1.08   0.278    -.1171073    .0336817
2021-07-20T16:06:20.671440200Z              |
2021-07-20T16:06:20.671445600Z cancer_hae~t |
2021-07-20T16:06:20.675319700Z   Last year  |  -.1428287   .2248816    -0.64   0.525    -.5835886    .2979311
2021-07-20T16:06:20.675339300Z 2-5 years..  |  -.2401629   .1234073    -1.95   0.052    -.4820369     .001711
2021-07-20T16:06:20.675345500Z    5+ years  |  -.0236743   .0376813    -0.63   0.530    -.0975283    .0501797
2021-07-20T16:06:20.675350800Z              |
2021-07-20T16:06:20.675355700Z 1.~r_disease |  -.0068162   .0366994    -0.19   0.853    -.0787458    .0651134
2021-07-20T16:06:20.675360400Z 1.stroke_d~a |  -.0181724   .0360306    -0.50   0.614    -.0887911    .0524464
2021-07-20T16:06:20.675365200Z 1.other_ne~o |    .002184    .035446     0.06   0.951    -.0672888    .0716569
2021-07-20T16:06:20.675369900Z              |
2021-07-20T16:06:20.675374100Z reduced_ki~t |
2021-07-20T16:06:20.675378200Z Stage 3a/..  |  -.1696149   .2565197    -0.66   0.508    -.6723843    .3331546
2021-07-20T16:06:20.675481100Z       1.esrd |  -.0575039   .0298277    -1.93   0.054     -.115965    .0009573
2021-07-20T16:06:20.675871800Z 1.other_tr~t |   .0613115    .034618     1.77   0.077    -.0065386    .1291616
2021-07-20T16:06:20.676183500Z   1.asplenia |  -.0184703   .0374435    -0.49   0.622    -.0918581    .0549176
2021-07-20T16:06:20.676539200Z 1.ra_sle_p~s |  -.0182077   .0364408    -0.50   0.617    -.0896304    .0532151
2021-07-20T16:06:20.678030000Z 1.other_im~o |    .012129   .0305833     0.40   0.692    -.0478131    .0720711
2021-07-20T16:06:20.678044600Z ------------------------------------------------------------------------------
2021-07-20T16:06:20.699769600Z (note: file ./output/an_sense_covidadmission_multiple_imputation_ageband_0MAIN.
2021-07-20T16:06:20.699789900Z > ster not found)
2021-07-20T16:06:20.699795600Z file ./output/an_sense_covidadmission_multiple_imputation_ageband_0MAIN.ster sa
2021-07-20T16:06:20.699800400Z > ved
2021-07-20T16:07:35.540903900Z 
2021-07-20T16:07:35.540930100Z Multiple-imputation estimates                   Imputations       =         10
2021-07-20T16:07:35.541072100Z Stratified Cox regr.: Breslow method for ties   Number of obs     =      5,024
2021-07-20T16:07:35.542672300Z                                                 Average RVI       =          .
2021-07-20T16:07:35.542686000Z                                                 Largest FMI       =          .
2021-07-20T16:07:35.542773900Z DF adjustment:   Large sample                   DF:     min       =       0.00
2021-07-20T16:07:35.542807300Z                                                         avg       =          .
2021-07-20T16:07:35.542980900Z                                                         max       =          .
2021-07-20T16:07:35.543074300Z Model F test:       Equal FMI                   F(  39, 3.8e+06)  =       1.13
2021-07-20T16:07:35.543085300Z Within VCE type:       Robust                   Prob > F          =     0.2691
2021-07-20T16:07:35.543387800Z 
2021-07-20T16:07:35.569371700Z                         (Within VCE adjusted for 930 clusters in household_id)
2021-07-20T16:07:35.569395300Z ------------------------------------------------------------------------------
2021-07-20T16:07:35.569401000Z           _t | Haz. Ratio   Std. Err.      t    P>|t|     [95% Conf. Interval]
2021-07-20T16:07:35.569406500Z -------------+----------------------------------------------------------------
2021-07-20T16:07:35.569411300Z    kids_cat4 |
2021-07-20T16:07:35.569553600Z only <12 ..  |   .8294547   .1435036    -1.08   0.280     .5909173    1.164283
2021-07-20T16:07:35.569874700Z  only 12-18  |    .925042   .1948787    -0.37   0.711      .612123    1.397926
2021-07-20T16:07:35.571260200Z       mixed  |   .9118826   .1328429    -0.63   0.527     .6853872    1.213226
2021-07-20T16:07:35.571725300Z              |
2021-07-20T16:07:35.571986900Z         age1 |   .9878167   .0244868    -0.49   0.621     .9409706    1.036995
2021-07-20T16:07:35.572061100Z         age2 |   1.081534   .1130391     0.75   0.453     .8812004    1.327411
2021-07-20T16:07:35.572822600Z         age3 |    .828047    .209882    -0.74   0.457     .5038533    1.360836
2021-07-20T16:07:35.573143800Z       1.male |   .9089323   .0511499    -1.70   0.090     .8140113    1.014922
2021-07-20T16:07:35.573157500Z              |
2021-07-20T16:07:35.573162400Z    obese4cat |
2021-07-20T16:07:35.573497200Z Obese I ..)  |   .9538385   .0771092    -0.58   0.559     .8140722    1.117601
2021-07-20T16:07:35.573966400Z Obese II..)  |   .9911766   .1029534    -0.09   0.932     .8086058    1.214969
2021-07-20T16:07:35.574413300Z Obese II..)  |   .9219932   .1124686    -0.67   0.506     .7259296    1.171011
2021-07-20T16:07:35.574516300Z              |
2021-07-20T16:07:35.574527300Z smoke_nomiss |
2021-07-20T16:07:35.574961500Z      Former  |   .9628677    .187871    -0.19   0.846     .6568761    1.411399
2021-07-20T16:07:35.575415300Z     Current  |   1.046058   .0858654     0.55   0.583     .8906046    1.228645
2021-07-20T16:07:35.575483600Z              |
2021-07-20T16:07:35.575510900Z          imd |
2021-07-20T16:07:35.575802500Z           4  |   1.006666   .0710095     0.09   0.925     .8766819    1.155922
2021-07-20T16:07:35.576223700Z 5 most de..  |   1.270209   .1074482     2.83   0.005     1.076146    1.499268
2021-07-20T16:07:35.576343400Z              |
2021-07-20T16:07:35.576355000Z    ethnicity |
2021-07-20T16:07:35.576686700Z Asian or ..  |   .8842303    .096523    -1.13   0.260     .7133811    1.095997
2021-07-20T16:07:35.579686100Z       Other  |   1.021348   .0953959     0.23   0.821       .85007    1.227137
2021-07-20T16:07:35.579721700Z              |
2021-07-20T16:07:35.579805300Z 1.htdiag_o~p |   1.010352   .1026861     0.10   0.919     .8278694    1.233059
2021-07-20T16:07:35.580183200Z 1.~y_disease |   .8614392   .0621587    -2.07   0.039     .7478331    .9923037
2021-07-20T16:07:35.581336000Z     1.asthma |   1.165586    .115646     1.54   0.123     .9596008    1.415787
2021-07-20T16:07:35.581366700Z 1.~c_disease |   .9676444   .0653953    -0.49   0.626      .847598    1.104693
2021-07-20T16:07:35.581374000Z              |
2021-07-20T16:07:35.581379100Z      diabcat |
2021-07-20T16:07:35.582320400Z T1DM, con..  |   1.234279   .2032367     1.28   0.201     .8938284    1.704403
2021-07-20T16:07:35.582335200Z T1DM, unc..  |    .565528   .2993171    -1.08   0.282     .2004189    1.595768
2021-07-20T16:07:35.582349500Z T2DM, con..  |   .8706041   .0679955    -1.77   0.076     .7470343    1.014614
2021-07-20T16:07:35.583149500Z T2DM, unc..  |   .8323708   .1332915    -1.15   0.252     .6081489    1.139262
2021-07-20T16:07:35.583246900Z Diabetes,..  |   3.55e-17          .        .       .            .           .
2021-07-20T16:07:35.583313500Z              |
2021-07-20T16:07:35.583323600Z cancer_exh~t |
2021-07-20T16:07:35.583724900Z   Last year  |   .9480536   .4682581    -0.11   0.914     .3600904    2.496056
2021-07-20T16:07:35.584134900Z 2-5 years..  |   1.413971   .2784992     1.76   0.079     .9611381    2.080153
2021-07-20T16:07:35.584567800Z    5+ years  |   .9283906   .0682192    -1.01   0.312     .8038656    1.072206
2021-07-20T16:07:35.584659400Z              |
2021-07-20T16:07:35.584670200Z cancer_hae~t |
2021-07-20T16:07:35.585095000Z   Last year  |   1.155257   .6219889     0.27   0.789     .4021543    3.318674
2021-07-20T16:07:35.585462400Z 2-5 years..  |   .9612738   .2238637    -0.17   0.865     .6089999    1.517319
2021-07-20T16:07:35.585938500Z    5+ years  |   1.034435   .0722145     0.48   0.628     .9021536    1.186113
2021-07-20T16:07:35.586026400Z              |
2021-07-20T16:07:35.586530700Z 1.~r_disease |   1.013353   .0707384     0.19   0.849     .8837747     1.16193
2021-07-20T16:07:35.587009400Z 1.stroke_d~a |   1.029429   .0737983     0.40   0.686     .8944887    1.184726
2021-07-20T16:07:35.587511400Z 1.other_ne~o |   1.033975   .0714503     0.48   0.629     .9030047    1.183942
2021-07-20T16:07:35.587625500Z              |
2021-07-20T16:07:35.587635700Z reduced_ki~t |
2021-07-20T16:07:35.588109900Z Stage 3a/..  |   1.113796   .1412799     0.85   0.396     .8686295    1.428159
2021-07-20T16:07:35.588584500Z       1.esrd |   .9874396   .0588141    -0.21   0.832     .8786402    1.109711
2021-07-20T16:07:35.589049100Z 1.other_tr~t |   .9451055   .0678776    -0.79   0.432     .8210071    1.087962
2021-07-20T16:07:35.589521700Z   1.asplenia |   1.010145   .0752614     0.14   0.892     .8729004    1.168969
2021-07-20T16:07:35.589996400Z 1.ra_sle_p~s |   .9670727   .0687634    -0.47   0.638     .8412687     1.11169
2021-07-20T16:07:35.592199200Z 1.other_im~o |   .9233111   .0531649    -1.39   0.166     .8247746     1.03362
2021-07-20T16:07:35.592216900Z ------------------------------------------------------------------------------
2021-07-20T16:07:35.599696200Z 
2021-07-20T16:07:35.599718300Z -------------------------------------------------------------------------------
2021-07-20T16:07:35.599723800Z active results
2021-07-20T16:07:35.599728200Z -------------------------------------------------------------------------------
2021-07-20T16:07:35.604759600Z 
2021-07-20T16:07:35.604781400Z Multiple-imputation estimates                   Imputations       =         10
2021-07-20T16:07:35.604921100Z Stratified Cox regr.: Breslow method for ties   Number of obs     =      5,024
2021-07-20T16:07:35.606356700Z                                                 Average RVI       =          .
2021-07-20T16:07:35.606372300Z                                                 Largest FMI       =          .
2021-07-20T16:07:35.606386900Z DF adjustment:   Large sample                   DF:     min       =       0.00
2021-07-20T16:07:35.606494000Z                                                         avg       =          .
2021-07-20T16:07:35.606506800Z                                                         max       =          .
2021-07-20T16:07:35.606545600Z Model F test:       Equal FMI                   F(  39, 3.8e+06)  =       1.13
2021-07-20T16:07:35.606679300Z Within VCE type:       Robust                   Prob > F          =     0.2691
2021-07-20T16:07:35.606857100Z 
2021-07-20T16:07:35.628041000Z                         (Within VCE adjusted for 930 clusters in household_id)
2021-07-20T16:07:35.628065900Z ------------------------------------------------------------------------------
2021-07-20T16:07:35.628072000Z           _t |      Coef.   Std. Err.      t    P>|t|     [95% Conf. Interval]
2021-07-20T16:07:35.628077400Z -------------+----------------------------------------------------------------
2021-07-20T16:07:35.628082200Z    kids_cat4 |
2021-07-20T16:07:35.628336100Z only <12 ..  |  -.1869868   .1730095    -1.08   0.280    -.5260792    .1521056
2021-07-20T16:07:35.628665300Z  only 12-18  |  -.0779161   .2106701    -0.37   0.711     -.490822    .3349897
2021-07-20T16:07:35.628949400Z       mixed  |  -.0922441   .1456798    -0.63   0.527    -.3777713    .1932831
2021-07-20T16:07:35.628962100Z              |
2021-07-20T16:07:35.629304600Z         age1 |  -.0122582   .0247888    -0.49   0.621    -.0608433     .036327
2021-07-20T16:07:35.629556300Z         age2 |   .0783802   .1045174     0.75   0.453    -.1264702    .2832306
2021-07-20T16:07:35.629973200Z         age3 |  -.1886853   .2534663    -0.74   0.457    -.6854701    .3080994
2021-07-20T16:07:35.630374200Z       1.male |  -.0954847   .0562747    -1.70   0.090     -.205781    .0148117
2021-07-20T16:07:35.630458700Z              |
2021-07-20T16:07:35.630469200Z    obese4cat |
2021-07-20T16:07:35.630760300Z Obese I ..)  |  -.0472609   .0808409    -0.58   0.559    -.2057062    .1111843
2021-07-20T16:07:35.631150300Z Obese II..)  |  -.0088626   .1038699    -0.09   0.932    -.2124437    .1947186
2021-07-20T16:07:35.631617100Z Obese II..)  |  -.0812174   .1219843    -0.67   0.506    -.3203022    .1578673
2021-07-20T16:07:35.631709100Z              |
2021-07-20T16:07:35.631719300Z smoke_nomiss |
2021-07-20T16:07:35.632096600Z      Former  |  -.0378393   .1951162    -0.19   0.846    -.4202599    .3445813
2021-07-20T16:07:35.632662900Z     Current  |   .0450284   .0820847     0.55   0.583    -.1158547    .2059115
2021-07-20T16:07:35.632687700Z              |
2021-07-20T16:07:35.632803500Z          imd |
2021-07-20T16:07:35.632950000Z           4  |   .0066435   .0705393     0.09   0.925    -.1316111     .144898
2021-07-20T16:07:35.633401100Z 5 most de..  |   .2391815    .084591     2.83   0.005     .0733862    .4049768
2021-07-20T16:07:35.633424100Z              |
2021-07-20T16:07:35.633431600Z    ethnicity |
2021-07-20T16:07:35.633747600Z Asian or ..  |  -.1230377   .1091605    -1.13   0.260    -.3377396    .0916641
2021-07-20T16:07:35.634144700Z       Other  |   .0211237   .0934019     0.23   0.821    -.1624365     .204684
2021-07-20T16:07:35.634157200Z              |
2021-07-20T16:07:35.634636300Z 1.htdiag_o~p |    .010299   .1016339     0.10   0.919    -.1888999    .2094978
2021-07-20T16:07:35.635051500Z 1.~y_disease |  -.1491508   .0721568    -2.07   0.039    -.2905755   -.0077261
2021-07-20T16:07:35.635478900Z     1.asthma |   .1532239    .099217     1.54   0.123    -.0412379    .3476857
2021-07-20T16:07:35.635871400Z 1.~c_disease |  -.0328906    .067582    -0.49   0.626    -.1653488    .0995677
2021-07-20T16:07:35.635961900Z              |
2021-07-20T16:07:35.635973100Z      diabcat |
2021-07-20T16:07:35.636264100Z T1DM, con..  |   .2104868   .1646603     1.28   0.201    -.1122414    .5332149
2021-07-20T16:07:35.638122800Z T1DM, unc..  |  -.5699954   .5292701    -1.08   0.282    -1.607346    .4673549
2021-07-20T16:07:35.638673800Z T2DM, con..  |  -.1385679   .0781016    -1.77   0.076    -.2916442    .0145083
2021-07-20T16:07:35.639195500Z T2DM, unc..  |  -.1834773   .1601348    -1.15   0.252    -.4973356    .1303811
2021-07-20T16:07:35.639876200Z Diabetes,..  |  -37.87788          .        .       .            .           .
2021-07-20T16:07:35.639940100Z              |
2021-07-20T16:07:35.639950700Z cancer_exh~t |
2021-07-20T16:07:35.640344900Z   Last year  |  -.0533443   .4939152    -0.11   0.914      -1.0214    .9147117
2021-07-20T16:07:35.640665400Z 2-5 years..  |   .3464021   .1969625     1.76   0.079    -.0396372    .7324415
2021-07-20T16:07:35.641063800Z    5+ years  |  -.0743027   .0734812    -1.01   0.312    -.2183231    .0697178
2021-07-20T16:07:35.641085500Z              |
2021-07-20T16:07:35.641091700Z cancer_hae~t |
2021-07-20T16:07:35.641559900Z   Last year  |   .1443229   .5383987     0.27   0.789    -.9109194    1.199565
2021-07-20T16:07:35.641869900Z 2-5 years..  |   -.039496   .2328824    -0.17   0.865    -.4959371     .416945
2021-07-20T16:07:35.642308900Z    5+ years  |   .0338557   .0698106     0.48   0.628    -.1029705    .1706819
2021-07-20T16:07:35.642321200Z              |
2021-07-20T16:07:35.642749500Z 1.~r_disease |   .0132647   .0698063     0.19   0.849    -.1235531    .1500825
2021-07-20T16:07:35.643241600Z 1.stroke_d~a |    .029004   .0716886     0.40   0.686     -.111503    .1695111
2021-07-20T16:07:35.643682500Z 1.other_ne~o |    .033411   .0691025     0.48   0.629    -.1020275    .1688495
2021-07-20T16:07:35.643696100Z              |
2021-07-20T16:07:35.643710500Z reduced_ki~t |
2021-07-20T16:07:35.644240200Z Stage 3a/..  |    .107774   .1268454     0.85   0.396    -.1408386    .3563865
2021-07-20T16:07:35.644844600Z       1.esrd |  -.0126399   .0595623    -0.21   0.832    -.1293798    .1040999
2021-07-20T16:07:35.645119500Z 1.other_tr~t |  -.0564588   .0718201    -0.79   0.432    -.1972236     .084306
2021-07-20T16:07:35.645497000Z   1.asplenia |   .0100942   .0745055     0.14   0.892    -.1359339    .1561222
2021-07-20T16:07:35.646008500Z 1.ra_sle_p~s |  -.0334816   .0711047    -0.47   0.638    -.1728442     .105881
2021-07-20T16:07:35.648317200Z 1.other_im~o |   -.079789   .0575807    -1.39   0.166    -.1926452    .0330671
2021-07-20T16:07:35.648342000Z ------------------------------------------------------------------------------
2021-07-20T16:07:35.673145700Z (note: file ./output/an_sense_covidadmission_multiple_imputation_ageband_1MAIN.
2021-07-20T16:07:35.673172500Z > ster not found)
2021-07-20T16:07:35.673178300Z file ./output/an_sense_covidadmission_multiple_imputation_ageband_1MAIN.ster sa
2021-07-20T16:07:35.673183100Z > ved
2021-07-20T16:07:35.673187500Z 
2021-07-20T16:07:35.673192000Z . 
2021-07-20T16:07:35.673196200Z . log close
2021-07-20T16:07:35.673467000Z       name:  <unnamed>
2021-07-20T16:07:35.673490700Z        log:  /workspace/log/14_multiple_imputation_analysis_covidadmissionMAIN.
2021-07-20T16:07:35.673507500Z > log
2021-07-20T16:07:35.673513100Z   log type:  text
2021-07-20T16:07:35.673517600Z  closed on:  20 Jul 2021, 16:07:35
2021-07-20T16:07:35.673522300Z -------------------------------------------------------------------------------
2021-07-20T16:07:35.673530500Z 
2021-07-20T16:07:35.673534700Z . 
2021-07-20T16:07:35.673538700Z . 
2021-07-20T16:07:35.673542600Z end of do-file
2021-07-20T16:07:35.673546500Z 
2021-07-20T16:07:35.673550600Z . . file open output using "/tmp/tmp.e7srIqR2cc", write text replace
2021-07-20T16:07:35.673703200Z 
2021-07-20T16:07:35.673716200Z . . file write output "success" 
2021-07-20T16:07:35.673721300Z 
2021-07-20T16:07:35.673725700Z . . file close output
2021-07-20T16:07:35.673729900Z 
2021-07-20T16:07:35.673734400Z . 
2021-07-20T16:07:35.673738800Z end of do-file
2021-07-20T16:07:35.673743100Z 
2021-07-20T16:07:35.673761100Z 
2021-07-20T16:07:35.719832500Z . 

state: succeeded
commit: none
docker_image_id: sha256:11980aa720220a1b39bf523f5a8a33270214c13876c30ee364e16265766f7f60
exit_code: 0
job_id: vfcfpsovclkwkcy6
run_by_user: qc18278
created_at: 2021-07-20T15:38:48Z
started_at: 2021-07-20T16:04:34Z
completed_at: 2021-07-20T16:07:55Z

Completed successfully

outputs:
  log/14_multiple_imputation_analysis_covidadmissionMAIN.log             - moderately_sensitive
  output/an_sense_covidadmission_multiple_imputation_ageband_0MAIN.ster  - moderately_sensitive
  output/an_sense_covidadmission_multiple_imputation_ageband_1MAIN.ster  - moderately_sensitive