2021-07-20T16:09:08.941298800Z 
2021-07-20T16:09:08.941408700Z   ___  ____  ____  ____  ____ (R)
2021-07-20T16:09:08.941418500Z  /__    /   ____/   /   ____/
2021-07-20T16:09:08.941423400Z ___/   /   /___/   /   /___/   16.1   Copyright 1985-2019 StataCorp LLC
2021-07-20T16:09:08.941428000Z   Statistics/Data Analysis            StataCorp
2021-07-20T16:09:08.941432500Z                                       4905 Lakeway Drive
2021-07-20T16:09:08.941436900Z                                       College Station, Texas 77845 USA
2021-07-20T16:09:08.941441200Z                                       800-STATA-PC        http://www.stata.com
2021-07-20T16:09:08.941445900Z                                       979-696-4600        stata@stata.com
2021-07-20T16:09:08.941450500Z                                       979-696-4601 (fax)
2021-07-20T16:09:08.941454900Z 
2021-07-20T16:09:08.941459100Z 3-user Stata network license expires 11 May 2022:
2021-07-20T16:09:08.941463300Z        Serial number:  501709312237
2021-07-20T16:09:08.941467500Z          Licensed to:  The Bennett Institute
2021-07-20T16:09:08.941471800Z                        Oxford University
2021-07-20T16:09:08.941476000Z 
2021-07-20T16:09:08.941480200Z Notes:
2021-07-20T16:09:08.941484600Z       1.  Unicode is supported; see help unicode_advice.
2021-07-20T16:09:08.941489000Z 
2021-07-20T16:09:08.941493100Z . do "analysis/14_multiple_imputation_analysis.wrapper.do" covid_death W2 
2021-07-20T16:09:08.941497700Z 
2021-07-20T16:09:08.941501700Z . . do "analysis/14_multiple_imputation_analysis.do" covid_death W2
2021-07-20T16:09:08.941506200Z 
2021-07-20T16:09:08.941510200Z . *************************************************************************
2021-07-20T16:09:08.941514700Z . 
2021-07-20T16:09:08.941518900Z . *Exposure children and COVID risk
2021-07-20T16:09:08.941523300Z .   
2021-07-20T16:09:08.941663900Z . *DO file name:  14_multiple_imputation_analysis
2021-07-20T16:09:08.941697200Z . 
2021-07-20T16:09:08.941738000Z . *Purpose: Using dataset with imputed ethnicity
2021-07-20T16:09:08.941750400Z . 
2021-07-20T16:09:08.941779100Z . *Requires: final analysis dataset (analysis_dataset.dta)
2021-07-20T16:09:08.941793100Z . 
2021-07-20T16:09:08.941829100Z . *Coding: HFORBES, based on Krishnan Bhaskaran
2021-07-20T16:09:08.941858600Z . 
2021-07-20T16:09:08.941872000Z . *Date drafted: 20th August 2020
2021-07-20T16:09:08.941978200Z . 
2021-07-20T16:09:08.941988300Z . *************************************************************************
2021-07-20T16:09:08.941993800Z . * Set globals that will print in programs and direct output
2021-07-20T16:09:08.941998600Z . global outdir     "output" 
2021-07-20T16:09:08.942045600Z 
2021-07-20T16:09:08.942224100Z . global logdir     "log"
2021-07-20T16:09:08.942240200Z 
2021-07-20T16:09:08.942246100Z . global tempdir    "tempdata"
2021-07-20T16:09:08.942251200Z 
2021-07-20T16:09:08.942281200Z . global demogadjlist  age1 age2 age3 i.male      `bmi' `smoking' `ethnicity'  
2021-07-20T16:09:08.942293000Z >    i.imd i.tot_adults_hh
2021-07-20T16:09:08.942328400Z 
2021-07-20T16:09:08.942362400Z . global comordidadjlist  i.htdiag_or_highbp                              ///
2021-07-20T16:09:08.942473400Z >                         i.chronic_respiratory_disease   ///
2021-07-20T16:09:08.942524900Z >                         i.asthma                                             
2021-07-20T16:09:08.942534200Z >    ///
2021-07-20T16:09:08.942539500Z >                         i.chronic_cardiac_disease               ///
2021-07-20T16:09:08.942578500Z >                         i.diabcat                                            
2021-07-20T16:09:08.942862300Z >    ///
2021-07-20T16:09:08.942987000Z >                         i.cancer_exhaem_cat                             ///
2021-07-20T16:09:08.943252500Z >                         i.cancer_haem_cat                               ///
2021-07-20T16:09:08.943286200Z >                         i.chronic_liver_disease                 ///
2021-07-20T16:09:08.943297400Z >                         i.stroke_dementia                               ///
2021-07-20T16:09:08.943303200Z >                         i.other_neuro                                   ///
2021-07-20T16:09:08.943307900Z >                         i.reduced_kidney_function_cat   ///
2021-07-20T16:09:08.943312100Z >                         i.esrd                                               
2021-07-20T16:09:08.943316600Z >    ///
2021-07-20T16:09:08.943320900Z >                         i.other_transplant                              ///
2021-07-20T16:09:08.943325500Z >                         i.asplenia                                           
2021-07-20T16:09:08.943330100Z >    ///
2021-07-20T16:09:08.943334800Z >                         i.ra_sle_psoriasis                      ///
2021-07-20T16:09:08.943339500Z >                         i.other_immuno          
2021-07-20T16:09:08.943344300Z 
2021-07-20T16:09:08.943348600Z . 
2021-07-20T16:09:08.943352700Z . local outcome `1' 
2021-07-20T16:09:08.943356900Z 
2021-07-20T16:09:08.943360700Z . local dataset `2' 
2021-07-20T16:09:08.943365300Z 
2021-07-20T16:09:08.943369500Z . 
2021-07-20T16:09:08.943373600Z . * Open a log file
2021-07-20T16:09:08.943378000Z . capture log close
2021-07-20T16:09:08.943395300Z 
2021-07-20T16:09:08.943400400Z . log using "$logdir/14_multiple_imputation_analysis_`outcome'`dataset'", text 
2021-07-20T16:09:08.943405300Z > replace
2021-07-20T16:09:08.943409700Z (note: file /workspace/log/14_multiple_imputation_analysis_covid_deathW2.log no
2021-07-20T16:09:08.943414700Z > t found)
2021-07-20T16:09:08.943419400Z -------------------------------------------------------------------------------
2021-07-20T16:09:08.943424000Z       name:  <unnamed>
2021-07-20T16:09:08.943428400Z        log:  /workspace/log/14_multiple_imputation_analysis_covid_deathW2.log
2021-07-20T16:09:08.943432800Z   log type:  text
2021-07-20T16:09:08.943437000Z  opened on:  20 Jul 2021, 16:09:08
2021-07-20T16:09:08.943440900Z 
2021-07-20T16:09:08.943445000Z . 
2021-07-20T16:09:08.943449800Z . 
2021-07-20T16:09:08.943454200Z . 
2021-07-20T16:09:08.943482800Z . forvalues x=0/1 {
2021-07-20T16:09:08.943495100Z   2. use "$tempdir/cr_imputed_analysis_dataset_STSET_`outcome'_ageband_`x'`data
2021-07-20T16:09:08.943500300Z > set'.dta", clear
2021-07-20T16:09:08.943504900Z   3. 
2021-07-20T16:09:08.943509100Z . *Fully adjusted
2021-07-20T16:09:08.943513600Z . mi estimate, hr:  stcox         i.kids_cat4      ///
2021-07-20T16:09:08.943518000Z >                         age1 age2 age3          ///
2021-07-20T16:09:08.943522900Z >                         i.male                                               
2021-07-20T16:09:08.943610600Z >    ///
2021-07-20T16:09:08.943618000Z >                         i.obese4cat                                     ///
2021-07-20T16:09:08.943623100Z >                         i.smoke_nomiss                                  ///
2021-07-20T16:09:08.943727700Z >                         i.imd                                           ///
2021-07-20T16:09:08.943737800Z >                         i.ethnicity                                     ///
2021-07-20T16:09:08.943743100Z >                         $comordidadjlist                                ///  
2021-07-20T16:09:08.943789700Z >    
2021-07-20T16:09:08.943803400Z >                         , strata(stp) vce(cluster household_id)  
2021-07-20T16:09:08.943836700Z   4. estimates
2021-07-20T16:09:08.943843600Z   5. estimates save ./output/an_sense_`outcome'_multiple_imputation_ageband_`x'
2021-07-20T16:09:08.943849000Z > `dataset', replace
2021-07-20T16:09:08.943853700Z   6. }
2021-07-20T16:10:54.110975100Z 
2021-07-20T16:10:54.110996300Z Multiple-imputation estimates                   Imputations       =         10
2021-07-20T16:10:54.111000300Z Stratified Cox regr.: Breslow method for ties   Number of obs     =     18,000
2021-07-20T16:10:54.112444000Z                                                 Average RVI       =     0.0081
2021-07-20T16:10:54.112454400Z                                                 Largest FMI       =     0.1674
2021-07-20T16:10:54.112482200Z DF adjustment:   Large sample                   DF:     min       =     340.68
2021-07-20T16:10:54.112490300Z                                                         avg       =   2.03e+10
2021-07-20T16:10:54.112555000Z                                                         max       =   1.44e+11
2021-07-20T16:10:54.112698500Z Model F test:       Equal FMI                   F(  40, 5.4e+06)  =       0.97
2021-07-20T16:10:54.112707900Z Within VCE type:       Robust                   Prob > F          =     0.5242
2021-07-20T16:10:54.112919800Z 
2021-07-20T16:10:54.180888500Z                       (Within VCE adjusted for 1,140 clusters in household_id)
2021-07-20T16:10:54.180908000Z ------------------------------------------------------------------------------
2021-07-20T16:10:54.180911900Z           _t | Haz. Ratio   Std. Err.      t    P>|t|     [95% Conf. Interval]
2021-07-20T16:10:54.180915300Z -------------+----------------------------------------------------------------
2021-07-20T16:10:54.180918100Z    kids_cat4 |
2021-07-20T16:10:54.192449700Z only <12 ..  |   1.079411   .1323756     0.62   0.533     .8487855    1.372699
2021-07-20T16:10:54.192857600Z  only 12-18  |   1.015429   .1743776     0.09   0.929     .7252273    1.421754
2021-07-20T16:10:54.193157300Z       mixed  |   1.022394   .1170825     0.19   0.847     .8168459    1.279664
2021-07-20T16:10:54.193170700Z              |
2021-07-20T16:10:54.193429000Z         age1 |   1.008854   .0071003     1.25   0.210     .9950327    1.022866
2021-07-20T16:10:54.193645600Z         age2 |   .9770788   .0211765    -1.07   0.285     .9364428    1.019478
2021-07-20T16:10:54.194054800Z         age3 |   1.058403   .0640189     0.94   0.348     .9400808    1.191619
2021-07-20T16:10:54.194245600Z       1.male |   .9944016   .0370822    -0.15   0.880     .9243142    1.069803
2021-07-20T16:10:54.194258400Z              |
2021-07-20T16:10:54.194261900Z    obese4cat |
2021-07-20T16:10:54.194667100Z Obese I ..)  |   .9738987   .0536453    -0.48   0.631     .8742326    1.084927
2021-07-20T16:10:54.194911000Z Obese II..)  |   .9829419   .0692479    -0.24   0.807      .856172    1.128482
2021-07-20T16:10:54.195325700Z Obese II..)  |    .979955   .0763869    -0.26   0.795     .8411153    1.141713
2021-07-20T16:10:54.195337800Z              |
2021-07-20T16:10:54.195342300Z smoke_nomiss |
2021-07-20T16:10:54.195773000Z      Former  |   .9302928   .1283364    -0.52   0.600      .709895    1.219116
2021-07-20T16:10:54.195980000Z     Current  |   .9339468   .0525233    -1.22   0.224     .8364736    1.042778
2021-07-20T16:10:54.195992300Z              |
2021-07-20T16:10:54.196007300Z          imd |
2021-07-20T16:10:54.196294500Z           4  |   .9313769   .0429841    -1.54   0.123     .8508276    1.019552
2021-07-20T16:10:54.196814300Z 5 most de..  |   1.035719   .0635167     0.57   0.567     .9184196    1.168001
2021-07-20T16:10:54.196830000Z              |
2021-07-20T16:10:54.196833600Z    ethnicity |
2021-07-20T16:10:54.197155000Z Asian or ..  |   .9206741   .0664599    -1.14   0.253     .7988071    1.061133
2021-07-20T16:10:54.197547300Z       Other  |   1.028257   .0696313     0.41   0.681     .9002514    1.174463
2021-07-20T16:10:54.197559700Z              |
2021-07-20T16:10:54.198065600Z 1.htdiag_o~p |   .9429404   .0659511    -0.84   0.401     .8221471    1.081481
2021-07-20T16:10:54.198425800Z 1.~y_disease |   .8840022   .0417373    -2.61   0.009     .8058696    .9697102
2021-07-20T16:10:54.198811900Z     1.asthma |   1.008528   .0690724     0.12   0.901     .8818412    1.153414
2021-07-20T16:10:54.199148200Z 1.~c_disease |   .9702452   .0453539    -0.65   0.518     .8853036    1.063337
2021-07-20T16:10:54.199161200Z              |
2021-07-20T16:10:54.199199100Z      diabcat |
2021-07-20T16:10:54.199507700Z T1DM, con..  |   1.159539   .1328246     1.29   0.196      .926362     1.45141
2021-07-20T16:10:54.199756300Z T1DM, unc..  |   .8761696   .2264391    -0.51   0.609     .5279611    1.454034
2021-07-20T16:10:54.200061800Z T2DM, con..  |   .9218756   .0469112    -1.60   0.110     .8343678    1.018561
2021-07-20T16:10:54.200350300Z T2DM, unc..  |   1.171461   .1130885     1.64   0.101     .9695183    1.415467
2021-07-20T16:10:54.200658800Z Diabetes,..  |   1.161564   .8790621     0.20   0.843     .2635489    5.119475
2021-07-20T16:10:54.200668500Z              |
2021-07-20T16:10:54.200671300Z cancer_exh~t |
2021-07-20T16:10:54.200939300Z   Last year  |   .8085802   .2677869    -0.64   0.521     .4224943    1.547481
2021-07-20T16:10:54.201239600Z 2-5 years..  |   .8365434   .1318156    -1.13   0.257     .6142755    1.139236
2021-07-20T16:10:54.201537900Z    5+ years  |   1.004298   .0493451     0.09   0.930     .9120941    1.105823
2021-07-20T16:10:54.201550200Z              |
2021-07-20T16:10:54.201553300Z cancer_hae~t |
2021-07-20T16:10:54.201807900Z   Last year  |   .9931487    .298286    -0.02   0.982      .551266    1.789235
2021-07-20T16:10:54.202044600Z 2-5 years..  |   1.151337   .1567096     1.04   0.301     .8817482    1.503351
2021-07-20T16:10:54.202442100Z    5+ years  |   1.024374   .0488685     0.50   0.614     .9329348    1.124775
2021-07-20T16:10:54.202453200Z              |
2021-07-20T16:10:54.202838300Z 1.~r_disease |     1.0474   .0484311     1.00   0.317     .9566506    1.146757
2021-07-20T16:10:54.203206400Z 1.stroke_d~a |   .9772481   .0458741    -0.49   0.624     .8913486    1.071426
2021-07-20T16:10:54.203592300Z 1.other_ne~o |   .9647515   .0490971    -0.71   0.481     .8731664    1.065943
2021-07-20T16:10:54.203610900Z              |
2021-07-20T16:10:54.203615100Z reduced_ki~t |
2021-07-20T16:10:54.204074500Z Stage 3a/..  |   .9543229   .2843759    -0.16   0.875     .5321674    1.711364
2021-07-20T16:10:54.204431400Z       1.esrd |   .9345063   .0365427    -1.73   0.083     .8655597    1.008945
2021-07-20T16:10:54.204783100Z 1.other_tr~t |   .9906506   .0456382    -0.20   0.838     .9051208    1.084263
2021-07-20T16:10:54.205163500Z   1.asplenia |   1.028933   .0473934     0.62   0.536     .9401128    1.126144
2021-07-20T16:10:54.205490400Z 1.ra_sle_p~s |   1.060609   .0490412     1.27   0.203     .9687163    1.161218
2021-07-20T16:10:54.216935600Z 1.other_im~o |   1.054793   .0408842     1.38   0.169     .9776299    1.138047
2021-07-20T16:10:54.216957500Z ------------------------------------------------------------------------------
2021-07-20T16:10:54.224699700Z 
2021-07-20T16:10:54.224719800Z -------------------------------------------------------------------------------
2021-07-20T16:10:54.224741700Z active results
2021-07-20T16:10:54.224752000Z -------------------------------------------------------------------------------
2021-07-20T16:10:54.229365600Z 
2021-07-20T16:10:54.229388900Z Multiple-imputation estimates                   Imputations       =         10
2021-07-20T16:10:54.229667600Z Stratified Cox regr.: Breslow method for ties   Number of obs     =     18,000
2021-07-20T16:10:54.230980200Z                                                 Average RVI       =     0.0081
2021-07-20T16:10:54.230995700Z                                                 Largest FMI       =     0.1674
2021-07-20T16:10:54.231001000Z DF adjustment:   Large sample                   DF:     min       =     340.68
2021-07-20T16:10:54.231005300Z                                                         avg       =   2.03e+10
2021-07-20T16:10:54.231145400Z                                                         max       =   1.44e+11
2021-07-20T16:10:54.231160200Z Model F test:       Equal FMI                   F(  40, 5.4e+06)  =       0.97
2021-07-20T16:10:54.231545600Z Within VCE type:       Robust                   Prob > F          =     0.5242
2021-07-20T16:10:54.231560400Z 
2021-07-20T16:10:54.248194200Z                       (Within VCE adjusted for 1,140 clusters in household_id)
2021-07-20T16:10:54.248217300Z ------------------------------------------------------------------------------
2021-07-20T16:10:54.248222700Z           _t |      Coef.   Std. Err.      t    P>|t|     [95% Conf. Interval]
2021-07-20T16:10:54.248227400Z -------------+----------------------------------------------------------------
2021-07-20T16:10:54.248231500Z    kids_cat4 |
2021-07-20T16:10:54.248473800Z only <12 ..  |   .0764151   .1226369     0.62   0.533    -.1639488    .3167791
2021-07-20T16:10:54.248830100Z  only 12-18  |   .0153107   .1717281     0.09   0.929    -.3212701    .3518915
2021-07-20T16:10:54.249194700Z       mixed  |   .0221465   .1145181     0.19   0.847    -.2023048    .2465977
2021-07-20T16:10:54.249209800Z              |
2021-07-20T16:10:54.249720800Z         age1 |   .0088146    .007038     1.25   0.210    -.0049797    .0226089
2021-07-20T16:10:54.249968200Z         age2 |  -.0231879   .0216733    -1.07   0.285    -.0656668     .019291
2021-07-20T16:10:54.250544700Z         age3 |   .0567616   .0604863     0.94   0.348    -.0617894    .1753126
2021-07-20T16:10:54.250986000Z       1.male |  -.0056142    .037291    -0.15   0.880    -.0787032    .0674748
2021-07-20T16:10:54.251002600Z              |
2021-07-20T16:10:54.251007100Z    obese4cat |
2021-07-20T16:10:54.251603100Z Obese I ..)  |   -.026448   .0550831    -0.48   0.631    -.1344088    .0815128
2021-07-20T16:10:54.252301200Z Obese II..)  |  -.0172052   .0704496    -0.24   0.807     -.155284    .1208735
2021-07-20T16:10:54.253189800Z Obese II..)  |  -.0202486   .0779494    -0.26   0.795    -.1730266    .1325293
2021-07-20T16:10:54.253423200Z              |
2021-07-20T16:10:54.253603600Z smoke_nomiss |
2021-07-20T16:10:54.254268300Z      Former  |  -.0722559   .1379527    -0.52   0.600    -.3426382    .1981264
2021-07-20T16:10:54.254709200Z     Current  |  -.0683358    .056238    -1.22   0.224    -.1785603    .0418887
2021-07-20T16:10:54.254723900Z              |
2021-07-20T16:10:54.254729100Z          imd |
2021-07-20T16:10:54.255126600Z           4  |  -.0710912   .0461511    -1.54   0.123    -.1615457    .0193633
2021-07-20T16:10:54.255584000Z 5 most de..  |   .0350963   .0613262     0.57   0.567    -.0851009    .1552934
2021-07-20T16:10:54.255617200Z              |
2021-07-20T16:10:54.255624800Z    ethnicity |
2021-07-20T16:10:54.256133500Z Asian or ..  |  -.0826492   .0721861    -1.14   0.253    -.2246358    .0593374
2021-07-20T16:10:54.256911400Z       Other  |   .0278649   .0677178     0.41   0.681    -.1050812     .160811
2021-07-20T16:10:54.256927500Z              |
2021-07-20T16:10:54.257029100Z 1.htdiag_o~p |  -.0587522    .069942    -0.84   0.401    -.1958359    .0783316
2021-07-20T16:10:54.257385700Z 1.~y_disease |  -.1232957    .047214    -2.61   0.009    -.2158334    -.030758
2021-07-20T16:10:54.257783900Z     1.asthma |   .0084915   .0684884     0.12   0.901    -.1257432    .1427263
2021-07-20T16:10:54.258116100Z 1.~c_disease |  -.0302065   .0467448    -0.65   0.518    -.1218246    .0614117
2021-07-20T16:10:54.258127700Z              |
2021-07-20T16:10:54.258130700Z      diabcat |
2021-07-20T16:10:54.258494400Z T1DM, con..  |   .1480227   .1145495     1.29   0.196    -.0764902    .3725356
2021-07-20T16:10:54.258706800Z T1DM, unc..  |  -.1321956    .258442    -0.51   0.609    -.6387326    .3743415
2021-07-20T16:10:54.258962800Z T2DM, con..  |   -.081345   .0508867    -1.60   0.110     -.181081     .018391
2021-07-20T16:10:54.259260300Z T2DM, unc..  |   .1582518   .0965363     1.64   0.101    -.0309559    .3474595
2021-07-20T16:10:54.259724700Z Diabetes,..  |   .1497678   .7567915     0.20   0.843    -1.333516    1.633052
2021-07-20T16:10:54.259764500Z              |
2021-07-20T16:10:54.259771700Z cancer_exh~t |
2021-07-20T16:10:54.260418000Z   Last year  |  -.2124754   .3311816    -0.64   0.521    -.8615794    .4366285
2021-07-20T16:10:54.260679100Z 2-5 years..  |  -.1784769   .1575717    -1.13   0.257    -.4873118     .130358
2021-07-20T16:10:54.260692100Z    5+ years  |   .0042886    .049134     0.09   0.930    -.0920121    .1005894
2021-07-20T16:10:54.260922100Z              |
2021-07-20T16:10:54.260936200Z cancer_hae~t |
2021-07-20T16:10:54.261310100Z   Last year  |  -.0068749   .3003437    -0.02   0.982    -.5955378     .581788
2021-07-20T16:10:54.261728800Z 2-5 years..  |   .1409239    .136111     1.04   0.301    -.1258487    .4076966
2021-07-20T16:10:54.261947100Z    5+ years  |   .0240816   .0477057     0.50   0.614    -.0694199    .1175831
2021-07-20T16:10:54.261989200Z              |
2021-07-20T16:10:54.262336400Z 1.~r_disease |   .0463105   .0462394     1.00   0.317    -.0443171     .136938
2021-07-20T16:10:54.262863100Z 1.stroke_d~a |  -.0230147   .0469422    -0.49   0.624    -.1150196    .0689902
2021-07-20T16:10:54.263139600Z 1.other_ne~o |  -.0358848   .0508909    -0.71   0.481    -.1356291    .0638596
2021-07-20T16:10:54.263154000Z              |
2021-07-20T16:10:54.263160100Z reduced_ki~t |
2021-07-20T16:10:54.263660200Z Stage 3a/..  |  -.0467532   .2979871    -0.16   0.875    -.6307972    .5372908
2021-07-20T16:10:54.263956100Z       1.esrd |   -.067737   .0391038    -1.73   0.083    -.1443789     .008905
2021-07-20T16:10:54.264361300Z 1.other_tr~t |  -.0093934   .0460689    -0.20   0.838    -.0996869    .0809001
2021-07-20T16:10:54.264844200Z   1.asplenia |   .0285221   .0460608     0.62   0.536    -.0617554    .1187995
2021-07-20T16:10:54.265072200Z 1.ra_sle_p~s |   .0588428   .0462388     1.27   0.203    -.0317835    .1494691
2021-07-20T16:10:54.266679200Z 1.other_im~o |   .0533448   .0387603     1.38   0.169    -.0226241    .1293137
2021-07-20T16:10:54.266697700Z ------------------------------------------------------------------------------
2021-07-20T16:10:54.294916700Z (note: file ./output/an_sense_covid_death_multiple_imputation_ageband_0W2.ster 
2021-07-20T16:10:54.294937100Z > not found)
2021-07-20T16:10:54.294941300Z file ./output/an_sense_covid_death_multiple_imputation_ageband_0W2.ster saved
2021-07-20T16:11:07.318148800Z 
2021-07-20T16:11:07.318168500Z Multiple-imputation estimates                   Imputations       =         10
2021-07-20T16:11:07.318172400Z Stratified Cox regr.: Breslow method for ties   Number of obs     =      5,015
2021-07-20T16:11:07.319095400Z                                                 Average RVI       =     0.0110
2021-07-20T16:11:07.319140100Z                                                 Largest FMI       =     0.2298
2021-07-20T16:11:07.319148100Z DF adjustment:   Large sample                   DF:     min       =     183.53
2021-07-20T16:11:07.319273400Z                                                         avg       =   1.53e+09
2021-07-20T16:11:07.319284000Z                                                         max       =   9.62e+09
2021-07-20T16:11:07.319287000Z Model F test:       Equal FMI                   F(  40, 3.0e+06)  =       1.09
2021-07-20T16:11:07.319342900Z Within VCE type:       Robust                   Prob > F          =     0.3181
2021-07-20T16:11:07.319479700Z 
2021-07-20T16:11:07.331737200Z                         (Within VCE adjusted for 933 clusters in household_id)
2021-07-20T16:11:07.331764800Z ------------------------------------------------------------------------------
2021-07-20T16:11:07.331770200Z           _t | Haz. Ratio   Std. Err.      t    P>|t|     [95% Conf. Interval]
2021-07-20T16:11:07.331775800Z -------------+----------------------------------------------------------------
2021-07-20T16:11:07.331779500Z    kids_cat4 |
2021-07-20T16:11:07.332104500Z only <12 ..  |   .8077751   .1807258    -0.95   0.340     .5210132    1.252369
2021-07-20T16:11:07.332268000Z  only 12-18  |   .7302131   .2564289    -0.90   0.371     .3668878    1.453336
2021-07-20T16:11:07.332843700Z       mixed  |   .7769229   .1557719    -1.26   0.208     .5244611    1.150913
2021-07-20T16:11:07.332859900Z              |
2021-07-20T16:11:07.333254700Z         age1 |   .9762736   .0320879    -0.73   0.465     .9153655    1.041235
2021-07-20T16:11:07.333542300Z         age2 |   1.255875   .2168719     1.32   0.187     .8952736     1.76172
2021-07-20T16:11:07.333914800Z         age3 |   .6126569      .2088    -1.44   0.151     .3141368    1.194857
2021-07-20T16:11:07.334202700Z       1.male |   1.078278   .0819037     0.99   0.321     .9291277    1.251371
2021-07-20T16:11:07.334215300Z              |
2021-07-20T16:11:07.334219800Z    obese4cat |
2021-07-20T16:11:07.334467800Z Obese I ..)  |   .8087867   .0943022    -1.82   0.069     .6435561     1.01644
2021-07-20T16:11:07.334905400Z Obese II..)  |   .9131695   .1121396    -0.74   0.459     .7178301    1.161666
2021-07-20T16:11:07.335356900Z Obese II..)  |    1.03329   .1495056     0.23   0.821     .7781491    1.372087
2021-07-20T16:11:07.335371000Z              |
2021-07-20T16:11:07.335379800Z smoke_nomiss |
2021-07-20T16:11:07.335487400Z      Former  |   1.152088    .286957     0.57   0.570     .7070858    1.877151
2021-07-20T16:11:07.335856300Z     Current  |   .9393101   .1024283    -0.57   0.566     .7585576    1.163133
2021-07-20T16:11:07.335879600Z              |
2021-07-20T16:11:07.335884200Z          imd |
2021-07-20T16:11:07.336080800Z           4  |    1.16425   .1005361     1.76   0.078      .982976    1.378954
2021-07-20T16:11:07.336529100Z 5 most de..  |   .9447556    .122247    -0.44   0.661     .7331248    1.217478
2021-07-20T16:11:07.336547800Z              |
2021-07-20T16:11:07.336553600Z    ethnicity |
2021-07-20T16:11:07.336825500Z Asian or ..  |   .9305944   .1185031    -0.56   0.572     .7247461     1.19491
2021-07-20T16:11:07.337285700Z       Other  |   .9170364   .1314815    -0.60   0.547     .6910893    1.216855
2021-07-20T16:11:07.337300600Z              |
2021-07-20T16:11:07.337568000Z 1.htdiag_o~p |   .9778272   .1298402    -0.17   0.866     .7537648    1.268494
2021-07-20T16:11:07.337800600Z 1.~y_disease |   1.125518   .0964232     1.38   0.168     .9515466    1.331297
2021-07-20T16:11:07.338151300Z     1.asthma |   1.190759   .1408031     1.48   0.140     .9444358    1.501328
2021-07-20T16:11:07.338296100Z 1.~c_disease |   .9633611   .0834177    -0.43   0.666     .8129865     1.14155
2021-07-20T16:11:07.338307700Z              |
2021-07-20T16:11:07.338311000Z      diabcat |
2021-07-20T16:11:07.338652800Z T1DM, con..  |   1.181019   .2549673     0.77   0.441     .7735587    1.803104
2021-07-20T16:11:07.338814100Z T1DM, unc..  |   1.464203   .5690488     0.98   0.327     .6835804    3.136265
2021-07-20T16:11:07.339126600Z T2DM, con..  |   .9970433   .0991198    -0.03   0.976     .8205269    1.211533
2021-07-20T16:11:07.339137900Z T2DM, unc..  |   .9063747   .1960081    -0.45   0.649      .593241    1.384791
2021-07-20T16:11:07.339632600Z Diabetes,..  |   1.590627   1.496733     0.49   0.622     .2515431    10.05829
2021-07-20T16:11:07.339645800Z              |
2021-07-20T16:11:07.339649200Z cancer_exh~t |
2021-07-20T16:11:07.339874500Z   Last year  |   .5312653   .3613839    -0.93   0.352     .1400543    2.015238
2021-07-20T16:11:07.340199900Z 2-5 years..  |   .9180032   .2926714    -0.27   0.788     .4914395    1.714819
2021-07-20T16:11:07.340457900Z    5+ years  |   .9116402    .086309    -0.98   0.329     .7572451    1.097515
2021-07-20T16:11:07.340471000Z              |
2021-07-20T16:11:07.340474400Z cancer_hae~t |
2021-07-20T16:11:07.340807100Z   Last year  |   .9749457   .5698002    -0.04   0.965     .3100999    3.065203
2021-07-20T16:11:07.341011400Z 2-5 years..  |   1.207014   .3529496     0.64   0.520      .680468    2.141001
2021-07-20T16:11:07.341383700Z    5+ years  |   .9316191   .0921501    -0.72   0.474     .7674369    1.130926
2021-07-20T16:11:07.341396900Z              |
2021-07-20T16:11:07.341624800Z 1.~r_disease |   1.099853   .0998306     1.05   0.294     .9206054    1.314001
2021-07-20T16:11:07.341888700Z 1.stroke_d~a |   1.139551   .0968219     1.54   0.124     .9647424    1.346034
2021-07-20T16:11:07.342150900Z 1.other_ne~o |   1.038808   .0872366     0.45   0.650     .8811573    1.224664
2021-07-20T16:11:07.342160400Z              |
2021-07-20T16:11:07.342163100Z reduced_ki~t |
2021-07-20T16:11:07.342475100Z Stage 3a/..  |   1.150682   .2194879     0.74   0.462     .7917578    1.672317
2021-07-20T16:11:07.342784800Z       1.esrd |    .976287   .0718642    -0.33   0.744     .8451247    1.127805
2021-07-20T16:11:07.343073700Z 1.other_tr~t |    1.04622   .0946701     0.50   0.618      .876193    1.249242
2021-07-20T16:11:07.343376300Z   1.asplenia |   1.183645   .0977618     2.04   0.041     1.006741    1.391636
2021-07-20T16:11:07.343663300Z 1.ra_sle_p~s |   .9125659   .0785887    -1.06   0.288     .7708327     1.08036
2021-07-20T16:11:07.345285100Z 1.other_im~o |   .8757635   .0729487    -1.59   0.111     .7438479    1.031073
2021-07-20T16:11:07.345302200Z ------------------------------------------------------------------------------
2021-07-20T16:11:07.348919000Z 
2021-07-20T16:11:07.348935700Z -------------------------------------------------------------------------------
2021-07-20T16:11:07.348938500Z active results
2021-07-20T16:11:07.348940800Z -------------------------------------------------------------------------------
2021-07-20T16:11:07.351646600Z 
2021-07-20T16:11:07.351659200Z Multiple-imputation estimates                   Imputations       =         10
2021-07-20T16:11:07.351662200Z Stratified Cox regr.: Breslow method for ties   Number of obs     =      5,015
2021-07-20T16:11:07.352572000Z                                                 Average RVI       =     0.0110
2021-07-20T16:11:07.352587000Z                                                 Largest FMI       =     0.2298
2021-07-20T16:11:07.352592200Z DF adjustment:   Large sample                   DF:     min       =     183.53
2021-07-20T16:11:07.352813900Z                                                         avg       =   1.53e+09
2021-07-20T16:11:07.352828600Z                                                         max       =   9.62e+09
2021-07-20T16:11:07.353006700Z Model F test:       Equal FMI                   F(  40, 3.0e+06)  =       1.09
2021-07-20T16:11:07.353018800Z Within VCE type:       Robust                   Prob > F          =     0.3181
2021-07-20T16:11:07.353251000Z 
2021-07-20T16:11:07.364907900Z                         (Within VCE adjusted for 933 clusters in household_id)
2021-07-20T16:11:07.364963700Z ------------------------------------------------------------------------------
2021-07-20T16:11:07.364972300Z           _t |      Coef.   Std. Err.      t    P>|t|     [95% Conf. Interval]
2021-07-20T16:11:07.364977400Z -------------+----------------------------------------------------------------
2021-07-20T16:11:07.364981400Z    kids_cat4 |
2021-07-20T16:11:07.365265300Z only <12 ..  |  -.2134715   .2237328    -0.95   0.340    -.6519798    .2250367
2021-07-20T16:11:07.365455900Z  only 12-18  |  -.3144189   .3511699    -0.90   0.371    -1.002699    .3738615
2021-07-20T16:11:07.365724600Z       mixed  |  -.2524141   .2004985    -1.26   0.208     -.645384    .1405557
2021-07-20T16:11:07.365745000Z              |
2021-07-20T16:11:07.365960900Z         age1 |  -.0240124   .0328677    -0.73   0.465    -.0884319    .0404071
2021-07-20T16:11:07.366205900Z         age2 |   .2278323   .1726859     1.32   0.187    -.1106259    .5662904
2021-07-20T16:11:07.366523200Z         age3 |  -.4899502   .3408106    -1.44   0.151    -1.157927    .1780263
2021-07-20T16:11:07.366939600Z       1.male |   .0753655   .0759578     0.99   0.321    -.0735091    .2242401
2021-07-20T16:11:07.366954800Z              |
2021-07-20T16:11:07.366959700Z    obese4cat |
2021-07-20T16:11:07.367342200Z Obese I ..)  |  -.2122201   .1165971    -1.82   0.069    -.4407461     .016306
2021-07-20T16:11:07.367604600Z Obese II..)  |  -.0908337   .1228026    -0.74   0.459    -.3315224    .1498549
2021-07-20T16:11:07.367877900Z Obese II..)  |   .0327479   .1446889     0.23   0.821    -.2508372     .316333
2021-07-20T16:11:07.367891500Z              |
2021-07-20T16:11:07.367896300Z smoke_nomiss |
2021-07-20T16:11:07.368197600Z      Former  |   .1415759   .2490756     0.57   0.570    -.3466033    .6297551
2021-07-20T16:11:07.368534200Z     Current  |  -.0626096   .1090464    -0.57   0.566    -.2763366    .1511173
2021-07-20T16:11:07.368546500Z              |
2021-07-20T16:11:07.368549700Z          imd |
2021-07-20T16:11:07.368757700Z           4  |   .1520775   .0863526     1.76   0.078    -.0171705    .3213255
2021-07-20T16:11:07.369016600Z 5 most de..  |   -.056829   .1293954    -0.44   0.661    -.3104393    .1967813
2021-07-20T16:11:07.369026900Z              |
2021-07-20T16:11:07.369031300Z    ethnicity |
2021-07-20T16:11:07.369351700Z Asian or ..  |  -.0719317   .1273413    -0.56   0.572    -.3219339    .1780705
2021-07-20T16:11:07.369624700Z       Other  |  -.0866081   .1433765    -0.60   0.547    -.3694862      .19627
2021-07-20T16:11:07.369637100Z              |
2021-07-20T16:11:07.369880400Z 1.htdiag_o~p |  -.0224223   .1327844    -0.17   0.866    -.2826749    .2378303
2021-07-20T16:11:07.370151400Z 1.~y_disease |   .1182435     .08567     1.38   0.168    -.0496666    .2861537
2021-07-20T16:11:07.370374800Z     1.asthma |   .1745913   .1182465     1.48   0.140    -.0571675    .4063501
2021-07-20T16:11:07.370655800Z 1.~c_disease |  -.0373269   .0865903    -0.43   0.666    -.2070408     .132387
2021-07-20T16:11:07.370667700Z              |
2021-07-20T16:11:07.370671800Z      diabcat |
2021-07-20T16:11:07.370862900Z T1DM, con..  |   .1663779   .2158874     0.77   0.441    -.2567537    .5895096
2021-07-20T16:11:07.371173400Z T1DM, unc..  |   .3813109   .3886407     0.98   0.327     -.380411    1.143033
2021-07-20T16:11:07.371308900Z T2DM, con..  |  -.0029611   .0994138    -0.03   0.976    -.1978086    .1918863
2021-07-20T16:11:07.371578200Z T2DM, unc..  |  -.0983025    .216255    -0.45   0.649    -.5221545    .3255495
2021-07-20T16:11:07.371858600Z Diabetes,..  |    .464128   .9409709     0.49   0.622    -1.380141    2.308397
2021-07-20T16:11:07.371868100Z              |
2021-07-20T16:11:07.371870900Z cancer_exh~t |
2021-07-20T16:11:07.372115300Z   Last year  |  -.6324938   .6802325    -0.93   0.352    -1.965725    .7007373
2021-07-20T16:11:07.372329700Z 2-5 years..  |  -.0855544    .318813    -0.27   0.788    -.7104164    .5393077
2021-07-20T16:11:07.372544100Z    5+ years  |  -.0925099   .0946744    -0.98   0.329    -.2780683    .0930484
2021-07-20T16:11:07.372553700Z              |
2021-07-20T16:11:07.372556400Z cancer_hae~t |
2021-07-20T16:11:07.372858600Z   Last year  |  -.0253735    .584443    -0.04   0.965    -1.170861    1.120114
2021-07-20T16:11:07.373045200Z 2-5 years..  |   .1881495   .2924155     0.64   0.520    -.3849745    .7612734
2021-07-20T16:11:07.373313300Z    5+ years  |  -.0708312    .098914    -0.72   0.474     -.264699    .1230365
2021-07-20T16:11:07.373324800Z              |
2021-07-20T16:11:07.373603400Z 1.~r_disease |   .0951766   .0907672     1.05   0.294    -.0827238     .273077
2021-07-20T16:11:07.373822500Z 1.stroke_d~a |   .1306342    .084965     1.54   0.124    -.0358942    .2971625
2021-07-20T16:11:07.374148400Z 1.other_ne~o |   .0380739   .0839776     0.45   0.650    -.1265191    .2026669
2021-07-20T16:11:07.374160000Z              |
2021-07-20T16:11:07.374164100Z reduced_ki~t |
2021-07-20T16:11:07.374458700Z Stage 3a/..  |   .1403552   .1907458     0.74   0.462    -.2334998    .5142102
2021-07-20T16:11:07.374701600Z       1.esrd |  -.0239987   .0736097    -0.33   0.744    -.1682711    .1202737
2021-07-20T16:11:07.374940800Z 1.other_tr~t |   .0451839   .0904878     0.50   0.618    -.1321688    .2225367
2021-07-20T16:11:07.375176200Z   1.asplenia |    .168599   .0825938     2.04   0.041     .0067182    .3304798
2021-07-20T16:11:07.375448900Z 1.ra_sle_p~s |  -.0914949   .0861184    -1.06   0.288    -.2602839     .077294
2021-07-20T16:11:07.376808800Z 1.other_im~o |  -.1326592   .0832972    -1.59   0.111    -.2959187    .0306004
2021-07-20T16:11:07.376839800Z ------------------------------------------------------------------------------
2021-07-20T16:11:07.395333600Z (note: file ./output/an_sense_covid_death_multiple_imputation_ageband_1W2.ster 
2021-07-20T16:11:07.395360500Z > not found)
2021-07-20T16:11:07.395365100Z file ./output/an_sense_covid_death_multiple_imputation_ageband_1W2.ster saved
2021-07-20T16:11:07.395368100Z 
2021-07-20T16:11:07.395370900Z . 
2021-07-20T16:11:07.395373600Z . log close
2021-07-20T16:11:07.395618000Z       name:  <unnamed>
2021-07-20T16:11:07.395631500Z        log:  /workspace/log/14_multiple_imputation_analysis_covid_deathW2.log
2021-07-20T16:11:07.395637100Z   log type:  text
2021-07-20T16:11:07.395641600Z  closed on:  20 Jul 2021, 16:11:07
2021-07-20T16:11:07.395656000Z -------------------------------------------------------------------------------
2021-07-20T16:11:07.395660600Z 
2021-07-20T16:11:07.395664300Z . 
2021-07-20T16:11:07.395667600Z . 
2021-07-20T16:11:07.395671100Z end of do-file
2021-07-20T16:11:07.395674500Z 
2021-07-20T16:11:07.395677700Z . . file open output using "/tmp/tmp.7wZ4hQ7ilV", write text replace
2021-07-20T16:11:07.395681300Z 
2021-07-20T16:11:07.395684400Z . . file write output "success" 
2021-07-20T16:11:07.395688200Z 
2021-07-20T16:11:07.395691900Z . . file close output
2021-07-20T16:11:07.395695600Z 
2021-07-20T16:11:07.395699200Z . 
2021-07-20T16:11:07.395728900Z end of do-file
2021-07-20T16:11:07.395733500Z 
2021-07-20T16:11:07.395736900Z 
2021-07-20T16:11:07.419616200Z . 

state: succeeded
commit: none
docker_image_id: sha256:11980aa720220a1b39bf523f5a8a33270214c13876c30ee364e16265766f7f60
exit_code: 0
job_id: 4cngxzj42tecgyoz
run_by_user: qc18278
created_at: 2021-07-20T15:38:48Z
started_at: 2021-07-20T16:09:08Z
completed_at: 2021-07-20T16:13:45Z

Completed successfully

outputs:
  log/14_multiple_imputation_analysis_covid_deathW2.log             - moderately_sensitive
  output/an_sense_covid_death_multiple_imputation_ageband_0W2.ster  - moderately_sensitive
  output/an_sense_covid_death_multiple_imputation_ageband_1W2.ster  - moderately_sensitive