2021-07-20T16:06:29.337615300Z 
2021-07-20T16:06:29.337658800Z   ___  ____  ____  ____  ____ (R)
2021-07-20T16:06:29.337665200Z  /__    /   ____/   /   ____/
2021-07-20T16:06:29.337669700Z ___/   /   /___/   /   /___/   16.1   Copyright 1985-2019 StataCorp LLC
2021-07-20T16:06:29.337674200Z   Statistics/Data Analysis            StataCorp
2021-07-20T16:06:29.337678600Z                                       4905 Lakeway Drive
2021-07-20T16:06:29.337683200Z                                       College Station, Texas 77845 USA
2021-07-20T16:06:29.337688200Z                                       800-STATA-PC        http://www.stata.com
2021-07-20T16:06:29.337692700Z                                       979-696-4600        stata@stata.com
2021-07-20T16:06:29.337697800Z                                       979-696-4601 (fax)
2021-07-20T16:06:29.337701900Z 
2021-07-20T16:06:29.337705900Z 3-user Stata network license expires 11 May 2022:
2021-07-20T16:06:29.337710000Z        Serial number:  501709312237
2021-07-20T16:06:29.337714400Z          Licensed to:  The Bennett Institute
2021-07-20T16:06:29.337718500Z                        Oxford University
2021-07-20T16:06:29.338288600Z 
2021-07-20T16:06:29.338303700Z Notes:
2021-07-20T16:06:29.338309900Z       1.  Unicode is supported; see help unicode_advice.
2021-07-20T16:06:29.338314900Z 
2021-07-20T16:06:29.338319600Z . do "analysis/14_multiple_imputation_analysis.wrapper.do" covid_tpp_prob W2 
2021-07-20T16:06:29.338359200Z 
2021-07-20T16:06:29.338365100Z . . do "analysis/14_multiple_imputation_analysis.do" covid_tpp_prob W2
2021-07-20T16:06:29.338370200Z 
2021-07-20T16:06:29.338374200Z . *************************************************************************
2021-07-20T16:06:29.338377000Z . 
2021-07-20T16:06:29.338379600Z . *Exposure children and COVID risk
2021-07-20T16:06:29.338382500Z .   
2021-07-20T16:06:29.338385200Z . *DO file name:  14_multiple_imputation_analysis
2021-07-20T16:06:29.338388000Z . 
2021-07-20T16:06:29.338390500Z . *Purpose: Using dataset with imputed ethnicity
2021-07-20T16:06:29.338393100Z . 
2021-07-20T16:06:29.338395500Z . *Requires: final analysis dataset (analysis_dataset.dta)
2021-07-20T16:06:29.338398100Z . 
2021-07-20T16:06:29.338400500Z . *Coding: HFORBES, based on Krishnan Bhaskaran
2021-07-20T16:06:29.338403300Z . 
2021-07-20T16:06:29.338406500Z . *Date drafted: 20th August 2020
2021-07-20T16:06:29.338409200Z . 
2021-07-20T16:06:29.338411900Z . *************************************************************************
2021-07-20T16:06:29.338414600Z . * Set globals that will print in programs and direct output
2021-07-20T16:06:29.338420400Z . global outdir     "output" 
2021-07-20T16:06:29.338620300Z 
2021-07-20T16:06:29.338634400Z . global logdir     "log"
2021-07-20T16:06:29.338688000Z 
2021-07-20T16:06:29.338698800Z . global tempdir    "tempdata"
2021-07-20T16:06:29.338704300Z 
2021-07-20T16:06:29.338709000Z . global demogadjlist  age1 age2 age3 i.male      `bmi' `smoking' `ethnicity'  
2021-07-20T16:06:29.338713500Z >    i.imd i.tot_adults_hh
2021-07-20T16:06:29.338718200Z 
2021-07-20T16:06:29.338722400Z . global comordidadjlist  i.htdiag_or_highbp                              ///
2021-07-20T16:06:29.338727100Z >                         i.chronic_respiratory_disease   ///
2021-07-20T16:06:29.338732100Z >                         i.asthma                                             
2021-07-20T16:06:29.338736900Z >    ///
2021-07-20T16:06:29.338741400Z >                         i.chronic_cardiac_disease               ///
2021-07-20T16:06:29.338745900Z >                         i.diabcat                                            
2021-07-20T16:06:29.338750100Z >    ///
2021-07-20T16:06:29.338754100Z >                         i.cancer_exhaem_cat                             ///
2021-07-20T16:06:29.338758500Z >                         i.cancer_haem_cat                               ///
2021-07-20T16:06:29.338762900Z >                         i.chronic_liver_disease                 ///
2021-07-20T16:06:29.338767300Z >                         i.stroke_dementia                               ///
2021-07-20T16:06:29.338771900Z >                         i.other_neuro                                   ///
2021-07-20T16:06:29.338776600Z >                         i.reduced_kidney_function_cat   ///
2021-07-20T16:06:29.338781500Z >                         i.esrd                                               
2021-07-20T16:06:29.338786500Z >    ///
2021-07-20T16:06:29.338790800Z >                         i.other_transplant                              ///
2021-07-20T16:06:29.338795400Z >                         i.asplenia                                           
2021-07-20T16:06:29.338799800Z >    ///
2021-07-20T16:06:29.338803800Z >                         i.ra_sle_psoriasis                      ///
2021-07-20T16:06:29.338808300Z >                         i.other_immuno          
2021-07-20T16:06:29.338813000Z 
2021-07-20T16:06:29.338817500Z . 
2021-07-20T16:06:29.338821700Z . local outcome `1' 
2021-07-20T16:06:29.338825900Z 
2021-07-20T16:06:29.338830100Z . local dataset `2' 
2021-07-20T16:06:29.338834400Z 
2021-07-20T16:06:29.338838500Z . 
2021-07-20T16:06:29.338843000Z . * Open a log file
2021-07-20T16:06:29.338847500Z . capture log close
2021-07-20T16:06:29.338861300Z 
2021-07-20T16:06:29.338867300Z . log using "$logdir/14_multiple_imputation_analysis_`outcome'`dataset'", text 
2021-07-20T16:06:29.338872400Z > replace
2021-07-20T16:06:29.338876700Z (note: file /workspace/log/14_multiple_imputation_analysis_covid_tpp_probW2.log
2021-07-20T16:06:29.338881000Z >  not found)
2021-07-20T16:06:29.338885500Z -------------------------------------------------------------------------------
2021-07-20T16:06:29.338890200Z       name:  <unnamed>
2021-07-20T16:06:29.338894700Z        log:  /workspace/log/14_multiple_imputation_analysis_covid_tpp_probW2.lo
2021-07-20T16:06:29.338899300Z > g
2021-07-20T16:06:29.338903300Z   log type:  text
2021-07-20T16:06:29.338907400Z  opened on:  20 Jul 2021, 16:06:29
2021-07-20T16:06:29.338911600Z 
2021-07-20T16:06:29.338915500Z . 
2021-07-20T16:06:29.338919700Z . 
2021-07-20T16:06:29.338924000Z . 
2021-07-20T16:06:29.338928300Z . forvalues x=0/1 {
2021-07-20T16:06:29.338937500Z   2. use "$tempdir/cr_imputed_analysis_dataset_STSET_`outcome'_ageband_`x'`data
2021-07-20T16:06:29.338943200Z > set'.dta", clear
2021-07-20T16:06:29.338947600Z   3. 
2021-07-20T16:06:29.338951600Z . *Fully adjusted
2021-07-20T16:06:29.338955800Z . mi estimate, hr:  stcox         i.kids_cat4      ///
2021-07-20T16:06:29.338960100Z >                         age1 age2 age3          ///
2021-07-20T16:06:29.338965000Z >                         i.male                                               
2021-07-20T16:06:29.338969700Z >    ///
2021-07-20T16:06:29.338974400Z >                         i.obese4cat                                     ///
2021-07-20T16:06:29.339054100Z >                         i.smoke_nomiss                                  ///
2021-07-20T16:06:29.339061300Z >                         i.imd                                           ///
2021-07-20T16:06:29.339066000Z >                         i.ethnicity                                     ///
2021-07-20T16:06:29.339070300Z >                         $comordidadjlist                                ///  
2021-07-20T16:06:29.339074600Z >    
2021-07-20T16:06:29.339078600Z >                         , strata(stp) vce(cluster household_id)  
2021-07-20T16:06:29.339082800Z   4. estimates
2021-07-20T16:06:29.339086900Z   5. estimates save ./output/an_sense_`outcome'_multiple_imputation_ageband_`x'
2021-07-20T16:06:29.339091400Z > `dataset', replace
2021-07-20T16:06:29.339095500Z   6. }
2021-07-20T16:08:36.172275500Z 
2021-07-20T16:08:36.172312800Z Multiple-imputation estimates                   Imputations       =         10
2021-07-20T16:08:36.172378600Z Stratified Cox regr.: Breslow method for ties   Number of obs     =     18,000
2021-07-20T16:08:36.172387600Z                                                 Average RVI       =     0.0120
2021-07-20T16:08:36.172685900Z                                                 Largest FMI       =     0.2276
2021-07-20T16:08:36.172800400Z DF adjustment:   Large sample                   DF:     min       =     186.98
2021-07-20T16:08:36.172926500Z                                                         avg       =   7.35e+09
2021-07-20T16:08:36.172938600Z                                                         max       =   5.00e+10
2021-07-20T16:08:36.175453800Z Model F test:       Equal FMI                   F(  40, 2.5e+06)  =       1.05
2021-07-20T16:08:36.175496900Z Within VCE type:       Robust                   Prob > F          =     0.3858
2021-07-20T16:08:36.175504300Z 
2021-07-20T16:08:36.271142000Z                       (Within VCE adjusted for 1,140 clusters in household_id)
2021-07-20T16:08:36.271170600Z ------------------------------------------------------------------------------
2021-07-20T16:08:36.271177000Z           _t | Haz. Ratio   Std. Err.      t    P>|t|     [95% Conf. Interval]
2021-07-20T16:08:36.271182500Z -------------+----------------------------------------------------------------
2021-07-20T16:08:36.271300600Z    kids_cat4 |
2021-07-20T16:08:36.284508800Z only <12 ..  |   .8698142   .0760815    -1.59   0.111     .7327791    1.032476
2021-07-20T16:08:36.284651000Z  only 12-18  |   .9094207   .1030766    -0.84   0.402     .7282608    1.135645
2021-07-20T16:08:36.285569400Z       mixed  |    .868733   .0673048    -1.82   0.069     .7463452     1.01119
2021-07-20T16:08:36.285585800Z              |
2021-07-20T16:08:36.285617200Z         age1 |    .994027   .0047316    -1.26   0.208     .9847964    1.003344
2021-07-20T16:08:36.285624400Z         age2 |   1.014545   .0148216     0.99   0.323     .9859067    1.044014
2021-07-20T16:08:36.286568200Z         age3 |   .9721953   .0395677    -0.69   0.488     .8976564    1.052924
2021-07-20T16:08:36.286615100Z       1.male |   .9623207   .0256576    -1.44   0.150     .9133241    1.013946
2021-07-20T16:08:36.286625000Z              |
2021-07-20T16:08:36.286630900Z    obese4cat |
2021-07-20T16:08:36.290408700Z Obese I ..)  |   1.033715   .0396283     0.86   0.387     .9588911    1.114378
2021-07-20T16:08:36.290447200Z Obese II..)  |   1.022516   .0498822     0.46   0.648     .9292774     1.12511
2021-07-20T16:08:36.290453600Z Obese II..)  |   .9576747    .055866    -0.74   0.458      .854207    1.073675
2021-07-20T16:08:36.290458900Z              |
2021-07-20T16:08:36.290463600Z smoke_nomiss |
2021-07-20T16:08:36.290468100Z      Former  |   1.096324   .1056737     0.95   0.340     .9075952    1.324297
2021-07-20T16:08:36.290472900Z     Current  |   .9978374    .041456    -0.05   0.958     .9198053    1.082489
2021-07-20T16:08:36.290492500Z              |
2021-07-20T16:08:36.290511800Z          imd |
2021-07-20T16:08:36.290517000Z           4  |   1.022685   .0335329     0.68   0.494      .959029    1.090566
2021-07-20T16:08:36.290521800Z 5 most de..  |   1.025193   .0453286     0.56   0.574     .9400914    1.117999
2021-07-20T16:08:36.290526500Z              |
2021-07-20T16:08:36.290531000Z    ethnicity |
2021-07-20T16:08:36.290535300Z Asian or ..  |   .9170031   .0461796    -1.72   0.087     .8302821    1.012782
2021-07-20T16:08:36.290539900Z       Other  |   .9991204   .0476889    -0.02   0.985     .9096488    1.097392
2021-07-20T16:08:36.290544700Z              |
2021-07-20T16:08:36.290736600Z 1.htdiag_o~p |   .9607884   .0462276    -0.83   0.406     .8743248    1.055802
2021-07-20T16:08:36.290837500Z 1.~y_disease |   1.027527   .0346148     0.81   0.420     .9618745    1.097661
2021-07-20T16:08:36.293854200Z     1.asthma |   .9794079    .049773    -0.41   0.682     .8865557    1.081985
2021-07-20T16:08:36.293873700Z 1.~c_disease |   1.009449   .0326612     0.29   0.771     .9474214    1.075537
2021-07-20T16:08:36.293879700Z              |
2021-07-20T16:08:36.293884400Z      diabcat |
2021-07-20T16:08:36.293889900Z T1DM, con..  |   1.087718   .0836091     1.09   0.274     .9355936    1.264576
2021-07-20T16:08:36.293894700Z T1DM, unc..  |   .8617371   .1676678    -0.76   0.444     .5885141    1.261806
2021-07-20T16:08:36.293899600Z T2DM, con..  |   1.027114   .0365122     0.75   0.452     .9579876    1.101229
2021-07-20T16:08:36.293904300Z T2DM, unc..  |   1.007425   .0715144     0.10   0.917     .8765734     1.15781
2021-07-20T16:08:36.293909100Z Diabetes,..  |   2.125508   .8132793     1.97   0.049     1.004082    4.499419
2021-07-20T16:08:36.293913900Z              |
2021-07-20T16:08:36.293931700Z cancer_exh~t |
2021-07-20T16:08:36.295258300Z   Last year  |   .6719064    .173392    -1.54   0.123       .40518    1.114217
2021-07-20T16:08:36.295274400Z 2-5 years..  |   1.141284   .1093821     1.38   0.168     .9458313    1.377127
2021-07-20T16:08:36.295367700Z    5+ years  |   1.018512   .0345269     0.54   0.588     .9530399    1.088483
2021-07-20T16:08:36.295397500Z              |
2021-07-20T16:08:36.295403100Z cancer_hae~t |
2021-07-20T16:08:36.298184500Z   Last year  |   .5547847   .1532877    -2.13   0.033     .3228022     .953482
2021-07-20T16:08:36.298199800Z 2-5 years..  |   1.161476   .1190568     1.46   0.144      .950075    1.419915
2021-07-20T16:08:36.298205000Z    5+ years  |   .9983998    .035677    -0.04   0.964     .9308668    1.070832
2021-07-20T16:08:36.298210000Z              |
2021-07-20T16:08:36.298234800Z 1.~r_disease |    1.01595    .034215     0.47   0.638     .9510556    1.085273
2021-07-20T16:08:36.298239900Z 1.stroke_d~a |   1.002096   .0323523     0.06   0.948     .9406513    1.067555
2021-07-20T16:08:36.298257500Z 1.other_ne~o |   .9939256   .0328978    -0.18   0.854     .9314941    1.060541
2021-07-20T16:08:36.298262700Z              |
2021-07-20T16:08:36.298267200Z reduced_ki~t |
2021-07-20T16:08:36.298480600Z Stage 3a/..  |   .9614473   .1935372    -0.20   0.845     .6480082    1.426496
2021-07-20T16:08:36.304437500Z       1.esrd |   1.007415   .0277288     0.27   0.788     .9545078    1.063255
2021-07-20T16:08:36.304467200Z 1.other_tr~t |    1.00452   .0322703     0.14   0.888      .943222    1.069803
2021-07-20T16:08:36.304474300Z   1.asplenia |   1.023039   .0338018     0.69   0.491     .9588878    1.091481
2021-07-20T16:08:36.304480200Z 1.ra_sle_p~s |   .9885684   .0321594    -0.35   0.724     .9275046    1.053652
2021-07-20T16:08:36.330641000Z 1.other_im~o |    .997835   .0291621    -0.07   0.941     .9422845     1.05666
2021-07-20T16:08:36.330674500Z ------------------------------------------------------------------------------
2021-07-20T16:08:36.341895900Z 
2021-07-20T16:08:36.341924000Z -------------------------------------------------------------------------------
2021-07-20T16:08:36.342061300Z active results
2021-07-20T16:08:36.342101100Z -------------------------------------------------------------------------------
2021-07-20T16:08:36.347495600Z 
2021-07-20T16:08:36.347670000Z Multiple-imputation estimates                   Imputations       =         10
2021-07-20T16:08:36.347714700Z Stratified Cox regr.: Breslow method for ties   Number of obs     =     18,000
2021-07-20T16:08:36.357333000Z                                                 Average RVI       =     0.0120
2021-07-20T16:08:36.364149800Z                                                 Largest FMI       =     0.2276
2021-07-20T16:08:36.364181900Z DF adjustment:   Large sample                   DF:     min       =     186.98
2021-07-20T16:08:36.364188900Z                                                         avg       =   7.35e+09
2021-07-20T16:08:36.364208500Z                                                         max       =   5.00e+10
2021-07-20T16:08:36.364215700Z Model F test:       Equal FMI                   F(  40, 2.5e+06)  =       1.05
2021-07-20T16:08:36.364221200Z Within VCE type:       Robust                   Prob > F          =     0.3858
2021-07-20T16:08:36.364227300Z 
2021-07-20T16:08:36.394763100Z                       (Within VCE adjusted for 1,140 clusters in household_id)
2021-07-20T16:08:36.394791700Z ------------------------------------------------------------------------------
2021-07-20T16:08:36.394799200Z           _t |      Coef.   Std. Err.      t    P>|t|     [95% Conf. Interval]
2021-07-20T16:08:36.394805300Z -------------+----------------------------------------------------------------
2021-07-20T16:08:36.394931100Z    kids_cat4 |
2021-07-20T16:08:36.395089100Z only <12 ..  |  -.1394756   .0874686    -1.59   0.111     -.310911    .0319597
2021-07-20T16:08:36.395360400Z  only 12-18  |  -.0949474   .1133432    -0.84   0.402     -.317096    .1272011
2021-07-20T16:08:36.395694900Z       mixed  |  -.1407195   .0774747    -1.82   0.069     -.292567    .0111281
2021-07-20T16:08:36.395820800Z              |
2021-07-20T16:08:36.396026800Z         age1 |   -.005991     .00476    -1.26   0.208    -.0153204    .0033385
2021-07-20T16:08:36.396376900Z         age2 |   .0144398   .0146091     0.99   0.323    -.0141935    .0430731
2021-07-20T16:08:36.396832800Z         age3 |  -.0281986   .0406994    -0.69   0.488    -.1079679    .0515707
2021-07-20T16:08:36.397306500Z       1.male |  -.0384075   .0266622    -1.44   0.150    -.0906645    .0138494
2021-07-20T16:08:36.397424500Z              |
2021-07-20T16:08:36.397436400Z    obese4cat |
2021-07-20T16:08:36.397744700Z Obese I ..)  |   .0331591   .0383359     0.86   0.387    -.0419778     .108296
2021-07-20T16:08:36.398093300Z Obese II..)  |   .0222665   .0487838     0.46   0.648     -.073348     .117881
2021-07-20T16:08:36.398505700Z Obese II..)  |  -.0432471    .058335    -0.74   0.458    -.1575817    .0710874
2021-07-20T16:08:36.398625000Z              |
2021-07-20T16:08:36.398637300Z smoke_nomiss |
2021-07-20T16:08:36.398860100Z      Former  |   .0919624   .0963891     0.95   0.340    -.0969568    .2808816
2021-07-20T16:08:36.399311500Z     Current  |  -.0021649   .0415459    -0.05   0.958    -.0835933    .0792635
2021-07-20T16:08:36.399419600Z              |
2021-07-20T16:08:36.399430800Z          imd |
2021-07-20T16:08:36.405263200Z           4  |   .0224315   .0327891     0.68   0.494     -.041834     .086697
2021-07-20T16:08:36.405309800Z 5 most de..  |    .024881   .0442147     0.56   0.574    -.0617782    .1115401
2021-07-20T16:08:36.405319700Z              |
2021-07-20T16:08:36.405324500Z    ethnicity |
2021-07-20T16:08:36.405328600Z Asian or ..  |  -.0866445   .0503592    -1.72   0.087    -.1859897    .0127008
2021-07-20T16:08:36.405334900Z       Other  |    -.00088   .0477308    -0.02   0.985    -.0946967    .0929367
2021-07-20T16:08:36.405339400Z              |
2021-07-20T16:08:36.405343400Z 1.htdiag_o~p |  -.0400011   .0481143    -0.83   0.406    -.1343033    .0543011
2021-07-20T16:08:36.405347700Z 1.~y_disease |   .0271549   .0336875     0.81   0.420    -.0388713    .0931811
2021-07-20T16:08:36.405352100Z     1.asthma |   -.020807   .0508195    -0.41   0.682    -.1204114    .0787973
2021-07-20T16:08:36.405357000Z 1.~c_disease |   .0094043   .0323555     0.29   0.771    -.0540113      .07282
2021-07-20T16:08:36.405376800Z              |
2021-07-20T16:08:36.405382300Z      diabcat |
2021-07-20T16:08:36.405387300Z T1DM, con..  |   .0840816   .0768665     1.09   0.274     -.066574    .2347371
2021-07-20T16:08:36.405392600Z T1DM, unc..  |  -.1488051   .1945695    -0.76   0.444    -.5301544    .2325442
2021-07-20T16:08:36.405397100Z T2DM, con..  |    .026753   .0355484     0.75   0.452    -.0429205    .0964265
2021-07-20T16:08:36.405416500Z T2DM, unc..  |   .0073977   .0709873     0.10   0.917    -.1317348    .1465302
2021-07-20T16:08:36.405422000Z Diabetes,..  |   .7540109   .3826282     1.97   0.049     .0040735    1.503948
2021-07-20T16:08:36.405426600Z              |
2021-07-20T16:08:36.405430900Z cancer_exh~t |
2021-07-20T16:08:36.410478600Z   Last year  |  -.3976362   .2580597    -1.54   0.123    -.9034239    .1081516
2021-07-20T16:08:36.410523000Z 2-5 years..  |   .1321542   .0958412     1.38   0.168    -.0556911    .3199995
2021-07-20T16:08:36.410528900Z    5+ years  |   .0183431   .0338994     0.54   0.588    -.0480985    .0847847
2021-07-20T16:08:36.410533700Z              |
2021-07-20T16:08:36.410538100Z cancer_hae~t |
2021-07-20T16:08:36.410542600Z   Last year  |  -.5891751   .2763012    -2.13   0.033    -1.130716   -.0476347
2021-07-20T16:08:36.410547100Z 2-5 years..  |   .1496913   .1025048     1.46   0.144    -.0512144    .3505969
2021-07-20T16:08:36.410551700Z    5+ years  |  -.0016015   .0357342    -0.04   0.964    -.0716391    .0684362
2021-07-20T16:08:36.410556800Z              |
2021-07-20T16:08:36.410561000Z 1.~r_disease |   .0158246   .0336778     0.47   0.638    -.0501827    .0818319
2021-07-20T16:08:36.410565600Z 1.stroke_d~a |    .002094   .0322847     0.06   0.948    -.0611828    .0653708
2021-07-20T16:08:36.410582900Z 1.other_ne~o |  -.0060929   .0330988    -0.18   0.854    -.0709654    .0587796
2021-07-20T16:08:36.410587700Z              |
2021-07-20T16:08:36.410591900Z reduced_ki~t |
2021-07-20T16:08:36.410783600Z Stage 3a/..  |  -.0393155   .2012978    -0.20   0.845     -.433852     .355221
2021-07-20T16:08:36.414393900Z       1.esrd |    .007388   .0275247     0.27   0.788    -.0465595    .0613354
2021-07-20T16:08:36.414410500Z 1.other_tr~t |   .0045103    .032125     0.14   0.888    -.0584536    .0674742
2021-07-20T16:08:36.414435700Z   1.asplenia |   .0227772   .0330406     0.69   0.491    -.0419812    .0875357
2021-07-20T16:08:36.414440800Z 1.ra_sle_p~s |  -.0114974   .0325313    -0.35   0.724    -.0752575    .0522627
2021-07-20T16:08:36.414592900Z 1.other_im~o |  -.0021673   .0292254    -0.07   0.941     -.059448    .0551134
2021-07-20T16:08:36.414605100Z ------------------------------------------------------------------------------
2021-07-20T16:08:36.447986100Z (note: file ./output/an_sense_covid_tpp_prob_multiple_imputation_ageband_0W2.st
2021-07-20T16:08:36.448040400Z > er not found)
2021-07-20T16:08:36.448047100Z file ./output/an_sense_covid_tpp_prob_multiple_imputation_ageband_0W2.ster save
2021-07-20T16:08:36.448051900Z > d
2021-07-20T16:09:08.081443600Z 
2021-07-20T16:09:08.081474700Z Multiple-imputation estimates                   Imputations       =         10
2021-07-20T16:09:08.081577300Z Stratified Cox regr.: Breslow method for ties   Number of obs     =      5,015
2021-07-20T16:09:08.083739600Z                                                 Average RVI       =     0.0093
2021-07-20T16:09:08.083759400Z                                                 Largest FMI       =     0.1994
2021-07-20T16:09:08.083764900Z DF adjustment:   Large sample                   DF:     min       =     242.05
2021-07-20T16:09:08.083807800Z                                                         avg       =   4.37e+09
2021-07-20T16:09:08.083815100Z                                                         max       =   5.66e+10
2021-07-20T16:09:08.083917700Z Model F test:       Equal FMI                   F(  40, 4.1e+06)  =       1.24
2021-07-20T16:09:08.084089000Z Within VCE type:       Robust                   Prob > F          =     0.1450
2021-07-20T16:09:08.084358200Z 
2021-07-20T16:09:08.109331900Z                         (Within VCE adjusted for 933 clusters in household_id)
2021-07-20T16:09:08.109357200Z ------------------------------------------------------------------------------
2021-07-20T16:09:08.109363300Z           _t | Haz. Ratio   Std. Err.      t    P>|t|     [95% Conf. Interval]
2021-07-20T16:09:08.109368400Z -------------+----------------------------------------------------------------
2021-07-20T16:09:08.109373600Z    kids_cat4 |
2021-07-20T16:09:08.111072000Z only <12 ..  |   .7081114   .1130255    -2.16   0.031      .517889     .968203
2021-07-20T16:09:08.111190300Z  only 12-18  |   .7478286   .1538756    -1.41   0.158     .4996388    1.119304
2021-07-20T16:09:08.111729500Z       mixed  |   .8667192   .1211043    -1.02   0.306     .6590864    1.139763
2021-07-20T16:09:08.111744000Z              |
2021-07-20T16:09:08.112025800Z         age1 |    1.02804   .0214074     1.33   0.184     .9869274    1.070866
2021-07-20T16:09:08.112296600Z         age2 |   .8468672   .0933621    -1.51   0.132        .6823    1.051127
2021-07-20T16:09:08.112648700Z         age3 |    1.39778   .3053029     1.53   0.125     .9110025    2.144658
2021-07-20T16:09:08.113059200Z       1.male |   1.025186   .0518342     0.49   0.623     .9284643    1.131983
2021-07-20T16:09:08.113073600Z              |
2021-07-20T16:09:08.113079500Z    obese4cat |
2021-07-20T16:09:08.113366900Z Obese I ..)  |   .9965081   .0711616    -0.05   0.961     .8663546    1.146215
2021-07-20T16:09:08.113738900Z Obese II..)  |   .9933765   .0876905    -0.08   0.940     .8355529    1.181011
2021-07-20T16:09:08.114262000Z Obese II..)  |   .8609695     .09395    -1.37   0.170     .6951903    1.066281
2021-07-20T16:09:08.114276000Z              |
2021-07-20T16:09:08.114282300Z smoke_nomiss |
2021-07-20T16:09:08.114642900Z      Former  |   .9465262   .1889344    -0.28   0.783     .6400675    1.399715
2021-07-20T16:09:08.115080900Z     Current  |   .8735684    .068751    -1.72   0.086     .7486972    1.019266
2021-07-20T16:09:08.115096400Z              |
2021-07-20T16:09:08.115113200Z          imd |
2021-07-20T16:09:08.115485100Z           4  |   1.054868   .0665034     0.85   0.397     .9322546    1.193607
2021-07-20T16:09:08.115930500Z 5 most de..  |   .9976129   .0847605    -0.03   0.978     .8445808    1.178373
2021-07-20T16:09:08.115943500Z              |
2021-07-20T16:09:08.115948400Z    ethnicity |
2021-07-20T16:09:08.116386700Z Asian or ..  |   1.038847   .0923776     0.43   0.669      .871926    1.237723
2021-07-20T16:09:08.116822000Z       Other  |   1.042646   .0939983     0.46   0.643     .8735864    1.244423
2021-07-20T16:09:08.116834800Z              |
2021-07-20T16:09:08.117310200Z 1.htdiag_o~p |   1.059219   .1024102     0.60   0.552     .8763707    1.280218
2021-07-20T16:09:08.117784300Z 1.~y_disease |   .9808245   .0631127    -0.30   0.763     .8646083    1.112662
2021-07-20T16:09:08.118288500Z     1.asthma |   1.002661   .0865824     0.03   0.975     .8465457    1.187565
2021-07-20T16:09:08.118732500Z 1.~c_disease |   1.008711   .0610354     0.14   0.886     .8959049     1.13572
2021-07-20T16:09:08.118747200Z              |
2021-07-20T16:09:08.118754400Z      diabcat |
2021-07-20T16:09:08.119293200Z T1DM, con..  |    1.05193   .1688295     0.32   0.752     .7680212    1.440789
2021-07-20T16:09:08.119658700Z T1DM, unc..  |   1.670806   .4506709     1.90   0.057     .9847569    2.834802
2021-07-20T16:09:08.120172700Z T2DM, con..  |   .9175751   .0611378    -1.29   0.197     .8052418    1.045579
2021-07-20T16:09:08.124916900Z T2DM, unc..  |   .7672653   .1216458    -1.67   0.095     .5623311    1.046885
2021-07-20T16:09:08.124939500Z Diabetes,..  |   1.708174   1.024314     0.89   0.372     .5273575    5.532977
2021-07-20T16:09:08.124945600Z              |
2021-07-20T16:09:08.124950100Z cancer_exh~t |
2021-07-20T16:09:08.124954200Z   Last year  |   1.327585   .4270982     0.88   0.378     .7066783    2.494037
2021-07-20T16:09:08.124958600Z 2-5 years..  |   1.463604   .2731642     2.04   0.041     1.015212    2.110037
2021-07-20T16:09:08.124963200Z    5+ years  |   .9404878   .0636991    -0.91   0.365     .8235717    1.074002
2021-07-20T16:09:08.124968000Z              |
2021-07-20T16:09:08.124972200Z cancer_hae~t |
2021-07-20T16:09:08.124988000Z   Last year  |   .9610389   .3895671    -0.10   0.922     .4342077    2.127083
2021-07-20T16:09:08.124993300Z 2-5 years..  |   .7868467   .1896562    -0.99   0.320     .4905941    1.261996
2021-07-20T16:09:08.125000300Z    5+ years  |   .9281497   .0600037    -1.15   0.249     .8176904    1.053531
2021-07-20T16:09:08.125005300Z              |
2021-07-20T16:09:08.125010200Z 1.~r_disease |   1.056839   .0651203     0.90   0.370     .9366116    1.192499
2021-07-20T16:09:08.125014500Z 1.stroke_d~a |   1.041796   .0664288     0.64   0.521     .9194052     1.18048
2021-07-20T16:09:08.125018700Z 1.other_ne~o |   1.013878   .0628353     0.22   0.824     .8979094    1.144825
2021-07-20T16:09:08.125037700Z              |
2021-07-20T16:09:08.125042900Z reduced_ki~t |
2021-07-20T16:09:08.125993200Z Stage 3a/..  |   1.216117   .1548057     1.54   0.124     .9475926    1.560735
2021-07-20T16:09:08.126165800Z       1.esrd |   1.029997   .0538807     0.56   0.572     .9296262    1.141205
2021-07-20T16:09:08.131606200Z 1.other_tr~t |   1.057393    .064436     0.92   0.360     .9383518    1.191537
2021-07-20T16:09:08.131634000Z   1.asplenia |   1.126488   .0692342     1.94   0.053     .9986461    1.270696
2021-07-20T16:09:08.131639700Z 1.ra_sle_p~s |   1.030673   .0657185     0.47   0.636      .909591    1.167874
2021-07-20T16:09:08.132426800Z 1.other_im~o |   1.010047   .0547079     0.18   0.854     .9083166    1.123171
2021-07-20T16:09:08.132441400Z ------------------------------------------------------------------------------
2021-07-20T16:09:08.137116900Z 
2021-07-20T16:09:08.137140300Z -------------------------------------------------------------------------------
2021-07-20T16:09:08.137146100Z active results
2021-07-20T16:09:08.137151000Z -------------------------------------------------------------------------------
2021-07-20T16:09:08.141885200Z 
2021-07-20T16:09:08.142130100Z Multiple-imputation estimates                   Imputations       =         10
2021-07-20T16:09:08.142144100Z Stratified Cox regr.: Breslow method for ties   Number of obs     =      5,015
2021-07-20T16:09:08.144130500Z                                                 Average RVI       =     0.0093
2021-07-20T16:09:08.144148800Z                                                 Largest FMI       =     0.1994
2021-07-20T16:09:08.144236800Z DF adjustment:   Large sample                   DF:     min       =     242.05
2021-07-20T16:09:08.144248300Z                                                         avg       =   4.37e+09
2021-07-20T16:09:08.144254200Z                                                         max       =   5.66e+10
2021-07-20T16:09:08.144259300Z Model F test:       Equal FMI                   F(  40, 4.1e+06)  =       1.24
2021-07-20T16:09:08.144264400Z Within VCE type:       Robust                   Prob > F          =     0.1450
2021-07-20T16:09:08.144269700Z 
2021-07-20T16:09:08.164360900Z                         (Within VCE adjusted for 933 clusters in household_id)
2021-07-20T16:09:08.164385300Z ------------------------------------------------------------------------------
2021-07-20T16:09:08.164391900Z           _t |      Coef.   Std. Err.      t    P>|t|     [95% Conf. Interval]
2021-07-20T16:09:08.164412100Z -------------+----------------------------------------------------------------
2021-07-20T16:09:08.164417800Z    kids_cat4 |
2021-07-20T16:09:08.164676100Z only <12 ..  |  -.3451539   .1596154    -2.16   0.031    -.6579943   -.0323135
2021-07-20T16:09:08.165070700Z  only 12-18  |  -.2905815   .2057632    -1.41   0.158    -.6938698    .1127069
2021-07-20T16:09:08.165445600Z       mixed  |  -.1430402   .1397273    -1.02   0.306    -.4169007    .1308202
2021-07-20T16:09:08.165461500Z              |
2021-07-20T16:09:08.166649200Z         age1 |   .0276545   .0208235     1.33   0.184    -.0131588    .0684677
2021-07-20T16:09:08.166926100Z         age2 |  -.1662114   .1102441    -1.51   0.132    -.3822859    .0498631
2021-07-20T16:09:08.167411400Z         age3 |   .3348853   .2184198     1.53   0.125    -.0932097    .7629803
2021-07-20T16:09:08.167887600Z       1.male |    .024874   .0505608     0.49   0.623    -.0742233    .1239713
2021-07-20T16:09:08.167902100Z              |
2021-07-20T16:09:08.167908300Z    obese4cat |
2021-07-20T16:09:08.168238300Z Obese I ..)  |   -.003498    .071411    -0.05   0.961     -.143461    .1364649
2021-07-20T16:09:08.168551000Z Obese II..)  |  -.0066455   .0882751    -0.08   0.940    -.1796616    .1663706
2021-07-20T16:09:08.168910500Z Obese II..)  |  -.1496961   .1091211    -1.37   0.170    -.3635696    .0641773
2021-07-20T16:09:08.168924200Z              |
2021-07-20T16:09:08.168929700Z smoke_nomiss |
2021-07-20T16:09:08.169308900Z      Former  |  -.0549567   .1996082    -0.28   0.783    -.4461816    .3362683
2021-07-20T16:09:08.169672400Z     Current  |  -.1351688   .0787014    -1.72   0.086    -.2894207     .019083
2021-07-20T16:09:08.169686200Z              |
2021-07-20T16:09:08.169691900Z          imd |
2021-07-20T16:09:08.170040000Z           4  |   .0534152   .0630443     0.85   0.397    -.0701493    .1769798
2021-07-20T16:09:08.170489200Z 5 most de..  |  -.0023899   .0849633    -0.03   0.978    -.1689149    .1641351
2021-07-20T16:09:08.170503000Z              |
2021-07-20T16:09:08.170509000Z    ethnicity |
2021-07-20T16:09:08.170895500Z Asian or ..  |   .0381113   .0889232     0.43   0.669    -.1370507    .2132734
2021-07-20T16:09:08.171339100Z       Other  |    .041762   .0901536     0.46   0.643    -.1351482    .2186722
2021-07-20T16:09:08.171354000Z              |
2021-07-20T16:09:08.171806500Z 1.htdiag_o~p |   .0575322   .0966846     0.60   0.552    -.1319661    .2470305
2021-07-20T16:09:08.172276900Z 1.~y_disease |  -.0193617   .0643466    -0.30   0.763    -.1454787    .1067553
2021-07-20T16:09:08.172726000Z     1.asthma |    .002657   .0863527     0.03   0.975    -.1665911    .1719052
2021-07-20T16:09:08.173192300Z 1.~c_disease |   .0086731   .0605083     0.14   0.886     -.109921    .1272672
2021-07-20T16:09:08.173205100Z              |
2021-07-20T16:09:08.173210600Z      diabcat |
2021-07-20T16:09:08.173729000Z T1DM, con..  |   .0506265    .160495     0.32   0.752     -.263938     .365191
2021-07-20T16:09:08.174279000Z T1DM, unc..  |   .5133059   .2697327     1.90   0.057    -.0153605    1.041972
2021-07-20T16:09:08.174824800Z T2DM, con..  |  -.0860209   .0666297    -1.29   0.197    -.2166127    .0445709
2021-07-20T16:09:08.175306300Z T2DM, unc..  |  -.2649227   .1585447    -1.67   0.095    -.5756645    .0458192
2021-07-20T16:09:08.175744900Z Diabetes,..  |   .5354247   .5996546     0.89   0.372    -.6398767    1.710726
2021-07-20T16:09:08.175757900Z              |
2021-07-20T16:09:08.175763700Z cancer_exh~t |
2021-07-20T16:09:08.176955000Z   Last year  |   .2833616   .3217106     0.88   0.378    -.3471797    .9139028
2021-07-20T16:09:08.177305200Z 2-5 years..  |   .3809018   .1866381     2.04   0.041     .0150979    .7467057
2021-07-20T16:09:08.177707500Z    5+ years  |  -.0613566   .0677299    -0.91   0.365    -.1941047    .0713915
2021-07-20T16:09:08.177721800Z              |
2021-07-20T16:09:08.177728300Z cancer_hae~t |
2021-07-20T16:09:08.178151300Z   Last year  |  -.0397404   .4053605    -0.10   0.922    -.8342323    .7547515
2021-07-20T16:09:08.178460100Z 2-5 years..  |  -.2397218   .2410332    -0.99   0.320    -.7121382    .2326945
2021-07-20T16:09:08.178895800Z    5+ years  |  -.0745623   .0646487    -1.15   0.249    -.2012715    .0521469
2021-07-20T16:09:08.178908900Z              |
2021-07-20T16:09:08.179357400Z 1.~r_disease |   .0552825    .061618     0.90   0.370    -.0654866    .1760515
2021-07-20T16:09:08.179769800Z 1.stroke_d~a |   .0409463   .0637637     0.64   0.521    -.0840283    .1659209
2021-07-20T16:09:08.180451700Z 1.other_ne~o |    .013783   .0619752     0.22   0.824    -.1076861     .135252
2021-07-20T16:09:08.180464300Z              |
2021-07-20T16:09:08.180469600Z reduced_ki~t |
2021-07-20T16:09:08.180984100Z Stage 3a/..  |    .195663    .127295     1.54   0.124    -.0538307    .4451567
2021-07-20T16:09:08.181400900Z       1.esrd |   .0295559   .0523115     0.56   0.572    -.0729727    .1320845
2021-07-20T16:09:08.181802300Z 1.other_tr~t |   .0558069   .0609385     0.92   0.360    -.0636304    .1752441
2021-07-20T16:09:08.182207300Z   1.asplenia |    .119105   .0614602     1.94   0.053    -.0013548    .2395649
2021-07-20T16:09:08.182619500Z 1.ra_sle_p~s |   .0302123   .0637627     0.47   0.636    -.0947602    .1551848
2021-07-20T16:09:08.184723300Z 1.other_im~o |   .0099966   .0541637     0.18   0.854    -.0961623    .1161555
2021-07-20T16:09:08.184736600Z ------------------------------------------------------------------------------
2021-07-20T16:09:08.212841600Z (note: file ./output/an_sense_covid_tpp_prob_multiple_imputation_ageband_1W2.st
2021-07-20T16:09:08.212865000Z > er not found)
2021-07-20T16:09:08.212871400Z file ./output/an_sense_covid_tpp_prob_multiple_imputation_ageband_1W2.ster save
2021-07-20T16:09:08.212876400Z > d
2021-07-20T16:09:08.213088200Z 
2021-07-20T16:09:08.214382500Z . 
2021-07-20T16:09:08.214399700Z . log close
2021-07-20T16:09:08.214405000Z       name:  <unnamed>
2021-07-20T16:09:08.214410300Z        log:  /workspace/log/14_multiple_imputation_analysis_covid_tpp_probW2.lo
2021-07-20T16:09:08.214429200Z > g
2021-07-20T16:09:08.214434400Z   log type:  text
2021-07-20T16:09:08.214438800Z  closed on:  20 Jul 2021, 16:09:08
2021-07-20T16:09:08.214443200Z -------------------------------------------------------------------------------
2021-07-20T16:09:08.214447800Z 
2021-07-20T16:09:08.214452100Z . 
2021-07-20T16:09:08.214456500Z . 
2021-07-20T16:09:08.214460700Z end of do-file
2021-07-20T16:09:08.214465500Z 
2021-07-20T16:09:08.214469900Z . . file open output using "/tmp/tmp.PP1Jxt5GTL", write text replace
2021-07-20T16:09:08.214475700Z 
2021-07-20T16:09:08.214480100Z . . file write output "success" 
2021-07-20T16:09:08.214484800Z 
2021-07-20T16:09:08.214489200Z . . file close output
2021-07-20T16:09:08.216655400Z 
2021-07-20T16:09:08.216678100Z . 
2021-07-20T16:09:08.216683900Z end of do-file
2021-07-20T16:09:08.216688300Z 
2021-07-20T16:09:08.216700900Z 
2021-07-20T16:09:08.259029300Z . 

state: succeeded
commit: none
docker_image_id: sha256:11980aa720220a1b39bf523f5a8a33270214c13876c30ee364e16265766f7f60
exit_code: 0
job_id: rrzzmkss5yjslifi
run_by_user: qc18278
created_at: 2021-07-20T15:38:48Z
started_at: 2021-07-20T16:06:29Z
completed_at: 2021-07-20T16:09:12Z

Completed successfully

outputs:
  log/14_multiple_imputation_analysis_covid_tpp_probW2.log             - moderately_sensitive
  output/an_sense_covid_tpp_prob_multiple_imputation_ageband_0W2.ster  - moderately_sensitive
  output/an_sense_covid_tpp_prob_multiple_imputation_ageband_1W2.ster  - moderately_sensitive