2021-07-20T16:06:14.679667500Z 
2021-07-20T16:06:14.679704300Z   ___  ____  ____  ____  ____ (R)
2021-07-20T16:06:14.679711500Z  /__    /   ____/   /   ____/
2021-07-20T16:06:14.679716200Z ___/   /   /___/   /   /___/   16.1   Copyright 1985-2019 StataCorp LLC
2021-07-20T16:06:14.679721100Z   Statistics/Data Analysis            StataCorp
2021-07-20T16:06:14.679725400Z                                       4905 Lakeway Drive
2021-07-20T16:06:14.679730100Z                                       College Station, Texas 77845 USA
2021-07-20T16:06:14.679734800Z                                       800-STATA-PC        http://www.stata.com
2021-07-20T16:06:14.679739200Z                                       979-696-4600        stata@stata.com
2021-07-20T16:06:14.679743600Z                                       979-696-4601 (fax)
2021-07-20T16:06:14.679748100Z 
2021-07-20T16:06:14.679752200Z 3-user Stata network license expires 11 May 2022:
2021-07-20T16:06:14.679756900Z        Serial number:  501709312237
2021-07-20T16:06:14.679761200Z          Licensed to:  The Bennett Institute
2021-07-20T16:06:14.679765700Z                        Oxford University
2021-07-20T16:06:14.680815400Z 
2021-07-20T16:06:14.680833200Z Notes:
2021-07-20T16:06:14.680839000Z       1.  Unicode is supported; see help unicode_advice.
2021-07-20T16:06:14.680844000Z 
2021-07-20T16:06:14.680848600Z . do "analysis/14_multiple_imputation_analysis.wrapper.do" covid_death MAIN 
2021-07-20T16:06:14.680853700Z 
2021-07-20T16:06:14.680858300Z . . do "analysis/14_multiple_imputation_analysis.do" covid_death MAIN
2021-07-20T16:06:14.680862900Z 
2021-07-20T16:06:14.680867100Z . *************************************************************************
2021-07-20T16:06:14.680871400Z . 
2021-07-20T16:06:14.680875700Z . *Exposure children and COVID risk
2021-07-20T16:06:14.680880100Z .   
2021-07-20T16:06:14.680884300Z . *DO file name:  14_multiple_imputation_analysis
2021-07-20T16:06:14.680888700Z . 
2021-07-20T16:06:14.680893000Z . *Purpose: Using dataset with imputed ethnicity
2021-07-20T16:06:14.680897300Z . 
2021-07-20T16:06:14.680901400Z . *Requires: final analysis dataset (analysis_dataset.dta)
2021-07-20T16:06:14.680905900Z . 
2021-07-20T16:06:14.680909900Z . *Coding: HFORBES, based on Krishnan Bhaskaran
2021-07-20T16:06:14.680913800Z . 
2021-07-20T16:06:14.680917200Z . *Date drafted: 20th August 2020
2021-07-20T16:06:14.680921100Z . 
2021-07-20T16:06:14.680925700Z . *************************************************************************
2021-07-20T16:06:14.680930200Z . * Set globals that will print in programs and direct output
2021-07-20T16:06:14.680934900Z . global outdir     "output" 
2021-07-20T16:06:14.680951700Z 
2021-07-20T16:06:14.680956900Z . global logdir     "log"
2021-07-20T16:06:14.680961200Z 
2021-07-20T16:06:14.680965100Z . global tempdir    "tempdata"
2021-07-20T16:06:14.680969000Z 
2021-07-20T16:06:14.680973300Z . global demogadjlist  age1 age2 age3 i.male      `bmi' `smoking' `ethnicity'  
2021-07-20T16:06:14.680977700Z >    i.imd i.tot_adults_hh
2021-07-20T16:06:14.680982400Z 
2021-07-20T16:06:14.680986700Z . global comordidadjlist  i.htdiag_or_highbp                              ///
2021-07-20T16:06:14.680990900Z >                         i.chronic_respiratory_disease   ///
2021-07-20T16:06:14.680995100Z >                         i.asthma                                             
2021-07-20T16:06:14.680999500Z >    ///
2021-07-20T16:06:14.681003800Z >                         i.chronic_cardiac_disease               ///
2021-07-20T16:06:14.681008700Z >                         i.diabcat                                            
2021-07-20T16:06:14.681013300Z >    ///
2021-07-20T16:06:14.681017700Z >                         i.cancer_exhaem_cat                             ///
2021-07-20T16:06:14.681053300Z >                         i.cancer_haem_cat                               ///
2021-07-20T16:06:14.681065000Z >                         i.chronic_liver_disease                 ///
2021-07-20T16:06:14.681070700Z >                         i.stroke_dementia                               ///
2021-07-20T16:06:14.681093600Z >                         i.other_neuro                                   ///
2021-07-20T16:06:14.681100500Z >                         i.reduced_kidney_function_cat   ///
2021-07-20T16:06:14.681105100Z >                         i.esrd                                               
2021-07-20T16:06:14.681109400Z >    ///
2021-07-20T16:06:14.681113300Z >                         i.other_transplant                              ///
2021-07-20T16:06:14.681117200Z >                         i.asplenia                                           
2021-07-20T16:06:14.681121300Z >    ///
2021-07-20T16:06:14.681125600Z >                         i.ra_sle_psoriasis                      ///
2021-07-20T16:06:14.681130000Z >                         i.other_immuno          
2021-07-20T16:06:14.681226200Z 
2021-07-20T16:06:14.681241000Z . 
2021-07-20T16:06:14.681246300Z . local outcome `1' 
2021-07-20T16:06:14.681250700Z 
2021-07-20T16:06:14.681254900Z . local dataset `2' 
2021-07-20T16:06:14.681259200Z 
2021-07-20T16:06:14.681263200Z . 
2021-07-20T16:06:14.681267300Z . * Open a log file
2021-07-20T16:06:14.681416300Z . capture log close
2021-07-20T16:06:14.681439500Z 
2021-07-20T16:06:14.681445900Z . log using "$logdir/14_multiple_imputation_analysis_`outcome'`dataset'", text 
2021-07-20T16:06:14.681451400Z > replace
2021-07-20T16:06:14.681518800Z (note: file /workspace/log/14_multiple_imputation_analysis_covid_deathMAIN.log 
2021-07-20T16:06:14.681534300Z > not found)
2021-07-20T16:06:14.681682700Z -------------------------------------------------------------------------------
2021-07-20T16:06:14.681695100Z       name:  <unnamed>
2021-07-20T16:06:14.681699900Z        log:  /workspace/log/14_multiple_imputation_analysis_covid_deathMAIN.log
2021-07-20T16:06:14.681704200Z   log type:  text
2021-07-20T16:06:14.681708500Z  opened on:  20 Jul 2021, 16:06:14
2021-07-20T16:06:14.681712800Z 
2021-07-20T16:06:14.681859600Z . 
2021-07-20T16:06:14.681873400Z . 
2021-07-20T16:06:14.681879300Z . 
2021-07-20T16:06:14.681883500Z . forvalues x=0/1 {
2021-07-20T16:06:14.681887900Z   2. use "$tempdir/cr_imputed_analysis_dataset_STSET_`outcome'_ageband_`x'`data
2021-07-20T16:06:14.681892500Z > set'.dta", clear
2021-07-20T16:06:14.681897100Z   3. 
2021-07-20T16:06:14.681901600Z . *Fully adjusted
2021-07-20T16:06:14.681906100Z . mi estimate, hr:  stcox         i.kids_cat4      ///
2021-07-20T16:06:14.681910900Z >                         age1 age2 age3          ///
2021-07-20T16:06:14.681915500Z >                         i.male                                               
2021-07-20T16:06:14.681920200Z >    ///
2021-07-20T16:06:14.681924500Z >                         i.obese4cat                                     ///
2021-07-20T16:06:14.681929200Z >                         i.smoke_nomiss                                  ///
2021-07-20T16:06:14.681934100Z >                         i.imd                                           ///
2021-07-20T16:06:14.681938900Z >                         i.ethnicity                                     ///
2021-07-20T16:06:14.681943800Z >                         $comordidadjlist                                ///  
2021-07-20T16:06:14.681948700Z >    
2021-07-20T16:06:14.681953000Z >                         , strata(stp) vce(cluster household_id)  
2021-07-20T16:06:14.681961300Z   4. estimates
2021-07-20T16:06:14.681965800Z   5. estimates save ./output/an_sense_`outcome'_multiple_imputation_ageband_`x'
2021-07-20T16:06:14.681970400Z > `dataset', replace
2021-07-20T16:06:14.681975100Z   6. }
2021-07-20T16:09:27.265454000Z 
2021-07-20T16:09:27.265484700Z Multiple-imputation estimates                   Imputations       =         10
2021-07-20T16:09:27.265577600Z Stratified Cox regr.: Breslow method for ties   Number of obs     =     17,952
2021-07-20T16:09:27.268448600Z                                                 Average RVI       =     0.0089
2021-07-20T16:09:27.268472100Z                                                 Largest FMI       =     0.1651
2021-07-20T16:09:27.268542200Z DF adjustment:   Large sample                   DF:     min       =     350.10
2021-07-20T16:09:27.268626600Z                                                         avg       =   2.15e+10
2021-07-20T16:09:27.268640400Z                                                         max       =   2.51e+11
2021-07-20T16:09:27.269103400Z Model F test:       Equal FMI                   F(  40, 4.5e+06)  =       0.86
2021-07-20T16:09:27.269337200Z Within VCE type:       Robust                   Prob > F          =     0.7200
2021-07-20T16:09:27.269737600Z 
2021-07-20T16:09:27.360260900Z                       (Within VCE adjusted for 1,121 clusters in household_id)
2021-07-20T16:09:27.360284800Z ------------------------------------------------------------------------------
2021-07-20T16:09:27.360290600Z           _t | Haz. Ratio   Std. Err.      t    P>|t|     [95% Conf. Interval]
2021-07-20T16:09:27.360295900Z -------------+----------------------------------------------------------------
2021-07-20T16:09:27.360303700Z    kids_cat4 |
2021-07-20T16:09:27.372103900Z only <12 ..  |   .9378249   .1016343    -0.59   0.554     .7583593    1.159761
2021-07-20T16:09:27.372439400Z  only 12-18  |   1.005431   .1482446     0.04   0.971     .7530918    1.342322
2021-07-20T16:09:27.372705200Z       mixed  |   .9374174   .0863738    -0.70   0.483     .7825338    1.122956
2021-07-20T16:09:27.372720000Z              |
2021-07-20T16:09:27.373054900Z         age1 |   .9907652   .0063235    -1.45   0.146     .9784487    1.003237
2021-07-20T16:09:27.373385300Z         age2 |   1.034946   .0209682     1.70   0.090     .9946549     1.07687
2021-07-20T16:09:27.373857400Z         age3 |   .9039832   .0514364    -1.77   0.076     .8085879    1.010633
2021-07-20T16:09:27.374671400Z       1.male |   .9590849   .0328616    -1.22   0.223     .8967923    1.025704
2021-07-20T16:09:27.374688900Z              |
2021-07-20T16:09:27.374694500Z    obese4cat |
2021-07-20T16:09:27.375086900Z Obese I ..)  |   .9466141   .0473573    -1.10   0.273      .858201    1.044136
2021-07-20T16:09:27.375387100Z Obese II..)  |    .975407   .0630695    -0.39   0.700     .8593052    1.107195
2021-07-20T16:09:27.375887000Z Obese II..)  |   1.001854   .0758961     0.02   0.980      .863617    1.162219
2021-07-20T16:09:27.375901800Z              |
2021-07-20T16:09:27.375907100Z smoke_nomiss |
2021-07-20T16:09:27.376277200Z      Former  |   1.041081   .1247789     0.34   0.737     .8231214    1.316757
2021-07-20T16:09:27.376804300Z     Current  |   .9748528   .0531649    -0.47   0.640     .8760272    1.084827
2021-07-20T16:09:27.376818700Z              |
2021-07-20T16:09:27.376837500Z          imd |
2021-07-20T16:09:27.377231800Z           4  |   1.004646   .0428381     0.11   0.913     .9240975    1.092215
2021-07-20T16:09:27.377651300Z 5 most de..  |    .926676   .0534106    -1.32   0.186     .8276894    1.037501
2021-07-20T16:09:27.377663900Z              |
2021-07-20T16:09:27.377669800Z    ethnicity |
2021-07-20T16:09:27.378077700Z Asian or ..  |   .9923779    .062303    -0.12   0.903     .8772162    1.122658
2021-07-20T16:09:27.378534400Z       Other  |   .9323289   .0589861    -1.11   0.269     .8232447    1.055867
2021-07-20T16:09:27.378548000Z              |
2021-07-20T16:09:27.379008200Z 1.htdiag_o~p |   .9729303   .0595583    -0.45   0.654     .8629291    1.096954
2021-07-20T16:09:27.379471700Z 1.~y_disease |   .9633875   .0425938    -0.84   0.399     .8834199    1.050594
2021-07-20T16:09:27.379960900Z     1.asthma |   .9644199   .0602748    -0.58   0.562     .8532323    1.090097
2021-07-20T16:09:27.380407300Z 1.~c_disease |   1.076509   .0462651     1.72   0.086     .9895448    1.171115
2021-07-20T16:09:27.380419800Z              |
2021-07-20T16:09:27.380425700Z      diabcat |
2021-07-20T16:09:27.380821100Z T1DM, con..  |   1.056349   .1103143     0.52   0.600     .8608287    1.296278
2021-07-20T16:09:27.381172700Z T1DM, unc..  |   .7712556   .1997293    -1.00   0.316     .4642647    1.281241
2021-07-20T16:09:27.381590300Z T2DM, con..  |   1.017234   .0469666     0.37   0.711     .9292234     1.11358
2021-07-20T16:09:27.382038600Z T2DM, unc..  |   1.015014   .0995363     0.15   0.879      .837529    1.230111
2021-07-20T16:09:27.382859500Z Diabetes,..  |    .372248   .3697191    -0.99   0.320      .053139    2.607661
2021-07-20T16:09:27.382875700Z              |
2021-07-20T16:09:27.382882400Z cancer_exh~t |
2021-07-20T16:09:27.383310200Z   Last year  |   .7913075   .2321084    -0.80   0.425     .4453163    1.406119
2021-07-20T16:09:27.383666600Z 2-5 years..  |   .7998854   .1182398    -1.51   0.131     .5986906    1.068693
2021-07-20T16:09:27.384181000Z    5+ years  |   .9439124    .043605    -1.25   0.211     .8622032    1.033365
2021-07-20T16:09:27.384218600Z              |
2021-07-20T16:09:27.384229100Z cancer_hae~t |
2021-07-20T16:09:27.384646200Z   Last year  |   .7063632   .2172269    -1.13   0.258     .3865977    1.290616
2021-07-20T16:09:27.385040700Z 2-5 years..  |   .9244776   .1263062    -0.57   0.565     .7072964    1.208346
2021-07-20T16:09:27.385575400Z    5+ years  |   .9705565   .0434281    -0.67   0.504     .8890646    1.059518
2021-07-20T16:09:27.385588000Z              |
2021-07-20T16:09:27.386059800Z 1.~r_disease |   .9580945   .0409927    -1.00   0.317     .8810268    1.041904
2021-07-20T16:09:27.386690700Z 1.stroke_d~a |   .9682591   .0403272    -0.77   0.439     .8923594    1.050615
2021-07-20T16:09:27.387117600Z 1.other_ne~o |   1.056858    .046421     1.26   0.208     .9696807    1.151873
2021-07-20T16:09:27.387140800Z              |
2021-07-20T16:09:27.387146100Z reduced_ki~t |
2021-07-20T16:09:27.387766900Z Stage 3a/..  |   .7664869   .2358737    -0.86   0.387     .4193353    1.401032
2021-07-20T16:09:27.388254900Z       1.esrd |   1.012094   .0357984     0.34   0.734     .9443071    1.084747
2021-07-20T16:09:27.388831100Z 1.other_tr~t |   .9889301   .0433225    -0.25   0.799     .9075627    1.077593
2021-07-20T16:09:27.389270000Z   1.asplenia |   .9450886   .0408556    -1.31   0.191     .8683116    1.028654
2021-07-20T16:09:27.389745000Z 1.ra_sle_p~s |   1.042882   .0439517     1.00   0.319     .9602004    1.132684
2021-07-20T16:09:27.405786600Z 1.other_im~o |   1.031827   .0373687     0.87   0.387     .9611251    1.107731
2021-07-20T16:09:27.405817900Z ------------------------------------------------------------------------------
2021-07-20T16:09:27.413752600Z 
2021-07-20T16:09:27.413816500Z -------------------------------------------------------------------------------
2021-07-20T16:09:27.413934200Z active results
2021-07-20T16:09:27.413947700Z -------------------------------------------------------------------------------
2021-07-20T16:09:27.419332700Z 
2021-07-20T16:09:27.419492100Z Multiple-imputation estimates                   Imputations       =         10
2021-07-20T16:09:27.419520800Z Stratified Cox regr.: Breslow method for ties   Number of obs     =     17,952
2021-07-20T16:09:27.421252300Z                                                 Average RVI       =     0.0089
2021-07-20T16:09:27.421441500Z                                                 Largest FMI       =     0.1651
2021-07-20T16:09:27.421456100Z DF adjustment:   Large sample                   DF:     min       =     350.10
2021-07-20T16:09:27.421462700Z                                                         avg       =   2.15e+10
2021-07-20T16:09:27.421467800Z                                                         max       =   2.51e+11
2021-07-20T16:09:27.421541100Z Model F test:       Equal FMI                   F(  40, 4.5e+06)  =       0.86
2021-07-20T16:09:27.421552800Z Within VCE type:       Robust                   Prob > F          =     0.7200
2021-07-20T16:09:27.421559500Z 
2021-07-20T16:09:27.442234300Z                       (Within VCE adjusted for 1,121 clusters in household_id)
2021-07-20T16:09:27.442260800Z ------------------------------------------------------------------------------
2021-07-20T16:09:27.442266600Z           _t |      Coef.   Std. Err.      t    P>|t|     [95% Conf. Interval]
2021-07-20T16:09:27.442271600Z -------------+----------------------------------------------------------------
2021-07-20T16:09:27.442376100Z    kids_cat4 |
2021-07-20T16:09:27.442553900Z only <12 ..  |   -.064192   .1083724    -0.59   0.554     -.276598     .148214
2021-07-20T16:09:27.442926200Z  only 12-18  |   .0054164   .1474438     0.04   0.971    -.2835682    .2944009
2021-07-20T16:09:27.443187300Z       mixed  |  -.0646266   .0921402    -0.70   0.483    -.2452182    .1159649
2021-07-20T16:09:27.443298400Z              |
2021-07-20T16:09:27.443463400Z         age1 |  -.0092777   .0063824    -1.45   0.146     -.021787    .0032316
2021-07-20T16:09:27.443815700Z         age2 |   .0343497   .0202602     1.70   0.090    -.0053595    .0740589
2021-07-20T16:09:27.444158800Z         age3 |  -.1009445   .0568997    -1.77   0.076    -.2124659    .0105769
2021-07-20T16:09:27.444598000Z       1.male |  -.0417757   .0342635    -1.22   0.223     -.108931    .0253796
2021-07-20T16:09:27.444720100Z              |
2021-07-20T16:09:27.444731900Z    obese4cat |
2021-07-20T16:09:27.444977900Z Obese I ..)  |  -.0548637   .0500281    -1.10   0.273    -.1529169    .0431895
2021-07-20T16:09:27.445288300Z Obese II..)  |  -.0249005   .0646597    -0.39   0.700    -.1516311    .1018301
2021-07-20T16:09:27.445698100Z Obese II..)  |   .0018525   .0757556     0.02   0.980    -.1466259    .1503308
2021-07-20T16:09:27.445774100Z              |
2021-07-20T16:09:27.445785100Z smoke_nomiss |
2021-07-20T16:09:27.446033700Z      Former  |     .04026   .1198551     0.34   0.737    -.1946516    .2751716
2021-07-20T16:09:27.446488900Z     Current  |  -.0254688   .0545364    -0.47   0.640    -.1323581    .0814205
2021-07-20T16:09:27.446617900Z              |
2021-07-20T16:09:27.446629700Z          imd |
2021-07-20T16:09:27.446862700Z           4  |    .004635     .04264     0.11   0.913    -.0789377    .0882078
2021-07-20T16:09:27.447281400Z 5 most de..  |  -.0761513   .0576368    -1.32   0.186    -.1891173    .0368147
2021-07-20T16:09:27.447375700Z              |
2021-07-20T16:09:27.447387000Z    ethnicity |
2021-07-20T16:09:27.447696500Z Asian or ..  |  -.0076513   .0627815    -0.12   0.903    -.1310018    .1156992
2021-07-20T16:09:27.448084200Z       Other  |  -.0700697   .0632674    -1.11   0.269    -.1945017    .0543624
2021-07-20T16:09:27.448097300Z              |
2021-07-20T16:09:27.449564400Z 1.htdiag_o~p |  -.0274429   .0612153    -0.45   0.654    -.1474227     .092537
2021-07-20T16:09:27.450215800Z 1.~y_disease |  -.0372996   .0442126    -0.84   0.399    -.1239546    .0493555
2021-07-20T16:09:27.450798000Z     1.asthma |  -.0362285   .0624985    -0.58   0.562    -.1587234    .0862663
2021-07-20T16:09:27.451414400Z 1.~c_disease |   .0737231    .042977     1.72   0.086    -.0105102    .1579565
2021-07-20T16:09:27.451428400Z              |
2021-07-20T16:09:27.451433300Z      diabcat |
2021-07-20T16:09:27.451673200Z T1DM, con..  |   .0548188   .1044297     0.52   0.600    -.1498597    .2594974
2021-07-20T16:09:27.451931700Z T1DM, unc..  |  -.2597354   .2589664    -1.00   0.316    -.7673003    .2478294
2021-07-20T16:09:27.452357200Z T2DM, con..  |   .0170872   .0461709     0.37   0.711    -.0734061    .1075804
2021-07-20T16:09:27.452679700Z T2DM, unc..  |   .0149024   .0980639     0.15   0.879    -.1772994    .2071042
2021-07-20T16:09:27.453129400Z Diabetes,..  |   -.988195   .9932064    -0.99   0.320    -2.934844    .9584537
2021-07-20T16:09:27.453209800Z              |
2021-07-20T16:09:27.453221700Z cancer_exh~t |
2021-07-20T16:09:27.453671300Z   Last year  |  -.2340686   .2933227    -0.80   0.425    -.8089705    .3408332
2021-07-20T16:09:27.453995300Z 2-5 years..  |  -.2232868   .1478209    -1.51   0.131    -.5130104    .0664368
2021-07-20T16:09:27.454451000Z    5+ years  |  -.0577219    .046196    -1.25   0.211    -.1482643    .0328206
2021-07-20T16:09:27.454522700Z              |
2021-07-20T16:09:27.454528300Z cancer_hae~t |
2021-07-20T16:09:27.454939000Z   Last year  |  -.3476257   .3075286    -1.13   0.258    -.9503706    .2551193
2021-07-20T16:09:27.455308500Z 2-5 years..  |  -.0785265   .1366244    -0.57   0.565    -.3463055    .1892525
2021-07-20T16:09:27.455832700Z    5+ years  |  -.0298856   .0447456    -0.67   0.504    -.1175853     .057814
2021-07-20T16:09:27.455845500Z              |
2021-07-20T16:09:27.456380900Z 1.~r_disease |  -.0428089   .0427856    -1.00   0.317    -.1266672    .0410494
2021-07-20T16:09:27.456796200Z 1.stroke_d~a |  -.0322555   .0416491    -0.77   0.439    -.1138864    .0493753
2021-07-20T16:09:27.457421100Z 1.other_ne~o |   .0553002   .0439236     1.26   0.208    -.0307884    .1413889
2021-07-20T16:09:27.457434300Z              |
2021-07-20T16:09:27.457439200Z reduced_ki~t |
2021-07-20T16:09:27.457964100Z Stage 3a/..  |  -.2659376   .3077336    -0.86   0.387    -.8690843    .3372091
2021-07-20T16:09:27.458413100Z       1.esrd |   .0120213   .0353706     0.34   0.734    -.0573038    .0813464
2021-07-20T16:09:27.459114900Z 1.other_tr~t |  -.0111316   .0438075    -0.25   0.799    -.0969927    .0747295
2021-07-20T16:09:27.459309600Z   1.asplenia |  -.0564766   .0432294    -1.31   0.191    -.1412047    .0282516
2021-07-20T16:09:27.459758200Z 1.ra_sle_p~s |   .0419883   .0421445     1.00   0.319    -.0406133      .12459
2021-07-20T16:09:27.461888200Z 1.other_im~o |   .0313313    .036216     0.87   0.387    -.0396507    .1023134
2021-07-20T16:09:27.461902500Z ------------------------------------------------------------------------------
2021-07-20T16:09:27.488500200Z (note: file ./output/an_sense_covid_death_multiple_imputation_ageband_0MAIN.ste
2021-07-20T16:09:27.488558300Z > r not found)
2021-07-20T16:09:27.488569000Z file ./output/an_sense_covid_death_multiple_imputation_ageband_0MAIN.ster saved
2021-07-20T16:10:33.593306900Z 
2021-07-20T16:10:33.593330400Z Multiple-imputation estimates                   Imputations       =         10
2021-07-20T16:10:33.593334800Z Stratified Cox regr.: Breslow method for ties   Number of obs     =      5,024
2021-07-20T16:10:33.594412000Z                                                 Average RVI       =          .
2021-07-20T16:10:33.594440400Z                                                 Largest FMI       =          .
2021-07-20T16:10:33.594576300Z DF adjustment:   Large sample                   DF:     min       =       0.00
2021-07-20T16:10:33.594650600Z                                                         avg       =          .
2021-07-20T16:10:33.594658000Z                                                         max       =          .
2021-07-20T16:10:33.594801000Z Model F test:       Equal FMI                   F(  39, 9.9e+06)  =       1.28
2021-07-20T16:10:33.594815300Z Within VCE type:       Robust                   Prob > F          =     0.1116
2021-07-20T16:10:33.594959900Z 
2021-07-20T16:10:33.608865900Z                         (Within VCE adjusted for 930 clusters in household_id)
2021-07-20T16:10:33.608886600Z ------------------------------------------------------------------------------
2021-07-20T16:10:33.608892400Z           _t | Haz. Ratio   Std. Err.      t    P>|t|     [95% Conf. Interval]
2021-07-20T16:10:33.608897600Z -------------+----------------------------------------------------------------
2021-07-20T16:10:33.608901900Z    kids_cat4 |
2021-07-20T16:10:33.609134500Z only <12 ..  |   1.249617   .2880518     0.97   0.334     .7953617    1.963311
2021-07-20T16:10:33.609322300Z  only 12-18  |    .686367   .2120784    -1.22   0.223     .3745815    1.257669
2021-07-20T16:10:33.609504700Z       mixed  |   1.113984   .2353872     0.51   0.609     .7362385    1.685543
2021-07-20T16:10:33.609518100Z              |
2021-07-20T16:10:33.609712900Z         age1 |   .9691876    .026929    -1.13   0.260      .917819    1.023431
2021-07-20T16:10:33.609938000Z         age2 |     1.1195   .1283814     0.98   0.325     .8941505    1.401644
2021-07-20T16:10:33.610262600Z         age3 |   .7815166   .2169693    -0.89   0.375     .4535472    1.346647
2021-07-20T16:10:33.610520000Z       1.male |   .9648902   .0626322    -0.55   0.582     .8496212    1.095798
2021-07-20T16:10:33.610532800Z              |
2021-07-20T16:10:33.610537300Z    obese4cat |
2021-07-20T16:10:33.610851000Z Obese I ..)  |   1.185105   .1073373     1.88   0.061     .9923432    1.415311
2021-07-20T16:10:33.611135100Z Obese II..)  |   1.157169   .1354917     1.25   0.213     .9198786     1.45567
2021-07-20T16:10:33.611617800Z Obese II..)  |   1.152318   .1514935     1.08   0.281     .8905658    1.491003
2021-07-20T16:10:33.611628800Z              |
2021-07-20T16:10:33.611631800Z smoke_nomiss |
2021-07-20T16:10:33.611887900Z      Former  |   .6206573   .1586376    -1.87   0.062     .3760868    1.024273
2021-07-20T16:10:33.612320300Z     Current  |   .8544331    .094264    -1.43   0.154     .6882886    1.060683
2021-07-20T16:10:33.612334700Z              |
2021-07-20T16:10:33.612339800Z          imd |
2021-07-20T16:10:33.612678400Z           4  |   .9661452   .0804466    -0.41   0.679     .8206664    1.137413
2021-07-20T16:10:33.613114100Z 5 most de..  |   .9971771   .1103887    -0.03   0.980     .8026815      1.2388
2021-07-20T16:10:33.613127700Z              |
2021-07-20T16:10:33.613132200Z    ethnicity |
2021-07-20T16:10:33.613767100Z Asian or ..  |   1.062502   .1138891     0.57   0.572     .8611213    1.310978
2021-07-20T16:10:33.614615000Z       Other  |   .9666127   .1090405    -0.30   0.764     .7743611    1.206595
2021-07-20T16:10:33.614652400Z              |
2021-07-20T16:10:33.615280200Z 1.htdiag_o~p |   1.049382   .1260725     0.40   0.688     .8292209    1.327996
2021-07-20T16:10:33.615702700Z 1.~y_disease |   .9161104   .0733715    -1.09   0.274     .7830237    1.071817
2021-07-20T16:10:33.616208300Z     1.asthma |   1.101787   .1315061     0.81   0.417     .8719685    1.392178
2021-07-20T16:10:33.616702600Z 1.~c_disease |   .8656014   .0748688    -1.67   0.095     .7306252    1.025513
2021-07-20T16:10:33.616716800Z              |
2021-07-20T16:10:33.616721400Z      diabcat |
2021-07-20T16:10:33.617083000Z T1DM, con..  |   .7690309   .1859661    -1.09   0.277     .4787484    1.235322
2021-07-20T16:10:33.617379200Z T1DM, unc..  |   1.061325   .4336808     0.15   0.884     .4764621    2.364112
2021-07-20T16:10:33.617793700Z T2DM, con..  |   .9834316   .0897445    -0.18   0.855     .8223686    1.176039
2021-07-20T16:10:33.618127200Z T2DM, unc..  |   .8949854   .1530532    -0.65   0.516     .6401037    1.251358
2021-07-20T16:10:33.618550300Z Diabetes,..  |   1.70e-16          .        .       .            .           .
2021-07-20T16:10:33.618563100Z              |
2021-07-20T16:10:33.618567800Z cancer_exh~t |
2021-07-20T16:10:33.618966900Z   Last year  |   1.118332   .6494489     0.19   0.847     .3583049    3.490511
2021-07-20T16:10:33.619319500Z 2-5 years..  |   .6917775   .2048559    -1.24   0.213     .3871688     1.23604
2021-07-20T16:10:33.619811300Z    5+ years  |   1.017296   .0829131     0.21   0.833     .8671048    1.193502
2021-07-20T16:10:33.619826800Z              |
2021-07-20T16:10:33.619832400Z cancer_hae~t |
2021-07-20T16:10:33.620177500Z   Last year  |   1.811409   .8344917     1.29   0.197     .7343101    4.468416
2021-07-20T16:10:33.620488200Z 2-5 years..  |   1.309131   .3193766     1.10   0.270     .8115647    2.111752
2021-07-20T16:10:33.620901300Z    5+ years  |   1.161831   .0960557     1.81   0.070     .9880268    1.366208
2021-07-20T16:10:33.620917500Z              |
2021-07-20T16:10:33.621313900Z 1.~r_disease |    1.10871   .0830155     1.38   0.168     .9573787    1.283963
2021-07-20T16:10:33.621664900Z 1.stroke_d~a |   .9112066   .0749988    -1.13   0.259     .7754555    1.070722
2021-07-20T16:10:33.622014300Z 1.other_ne~o |   1.066942   .0839939     0.82   0.410     .9143886    1.244947
2021-07-20T16:10:33.622027600Z              |
2021-07-20T16:10:33.622044300Z reduced_ki~t |
2021-07-20T16:10:33.622391300Z Stage 3a/..  |   .7623996   .1509806    -1.37   0.171     .5171497    1.123955
2021-07-20T16:10:33.622734700Z       1.esrd |   .9832513   .0699271    -0.24   0.812     .8553198    1.130318
2021-07-20T16:10:33.623050700Z 1.other_tr~t |   1.118523   .0888472     1.41   0.159     .9572639    1.306947
2021-07-20T16:10:33.623423400Z   1.asplenia |   1.096996   .0886997     1.14   0.252     .9362233    1.285377
2021-07-20T16:10:33.623736400Z 1.ra_sle_p~s |   .9954362   .0815761    -0.06   0.955     .8477297    1.168879
2021-07-20T16:10:33.625140100Z 1.other_im~o |   .9983967   .0663291    -0.02   0.981     .8765023    1.137243
2021-07-20T16:10:33.625154100Z ------------------------------------------------------------------------------
2021-07-20T16:10:33.628500900Z 
2021-07-20T16:10:33.628521300Z -------------------------------------------------------------------------------
2021-07-20T16:10:33.628526800Z active results
2021-07-20T16:10:33.628531200Z -------------------------------------------------------------------------------
2021-07-20T16:10:33.632180800Z 
2021-07-20T16:10:33.632198600Z Multiple-imputation estimates                   Imputations       =         10
2021-07-20T16:10:33.632204200Z Stratified Cox regr.: Breslow method for ties   Number of obs     =      5,024
2021-07-20T16:10:33.633375400Z                                                 Average RVI       =          .
2021-07-20T16:10:33.633390400Z                                                 Largest FMI       =          .
2021-07-20T16:10:33.633399800Z DF adjustment:   Large sample                   DF:     min       =       0.00
2021-07-20T16:10:33.633404900Z                                                         avg       =          .
2021-07-20T16:10:33.633547600Z                                                         max       =          .
2021-07-20T16:10:33.633711000Z Model F test:       Equal FMI                   F(  39, 9.9e+06)  =       1.28
2021-07-20T16:10:33.633725300Z Within VCE type:       Robust                   Prob > F          =     0.1116
2021-07-20T16:10:33.633731100Z 
2021-07-20T16:10:33.652744400Z                         (Within VCE adjusted for 930 clusters in household_id)
2021-07-20T16:10:33.652762900Z ------------------------------------------------------------------------------
2021-07-20T16:10:33.652768300Z           _t |      Coef.   Std. Err.      t    P>|t|     [95% Conf. Interval]
2021-07-20T16:10:33.652774800Z -------------+----------------------------------------------------------------
2021-07-20T16:10:33.652780300Z    kids_cat4 |
2021-07-20T16:10:33.653124500Z only <12 ..  |   .2228371   .2305121     0.97   0.334    -.2289583    .6746325
2021-07-20T16:10:33.653388100Z  only 12-18  |  -.3763427   .3089868    -1.22   0.223    -.9819458    .2292603
2021-07-20T16:10:33.653677400Z       mixed  |   .1079432    .211302     0.51   0.609    -.3062011    .5220876
2021-07-20T16:10:33.653703900Z              |
2021-07-20T16:10:33.653957900Z         age1 |  -.0312971   .0277852    -1.13   0.260     -.085755    .0231608
2021-07-20T16:10:33.654265500Z         age2 |   .1128824   .1146774     0.98   0.325    -.1118812    .3376461
2021-07-20T16:10:33.654603300Z         age3 |  -.2465189    .277626    -0.89   0.375    -.7906559     .297618
2021-07-20T16:10:33.655085700Z       1.male |   -.035741   .0649112    -0.55   0.582    -.1629647    .0914827
2021-07-20T16:10:33.655133300Z              |
2021-07-20T16:10:33.655142000Z    obese4cat |
2021-07-20T16:10:33.655389200Z Obese I ..)  |   .1698315   .0905719     1.88   0.061    -.0076862    .3473493
2021-07-20T16:10:33.655656700Z Obese II..)  |   .1459765   .1170889     1.25   0.213    -.0835136    .3754665
2021-07-20T16:10:33.656023300Z Obese II..)  |   .1417753   .1314685     1.08   0.281    -.1158983    .3994489
2021-07-20T16:10:33.656037200Z              |
2021-07-20T16:10:33.656043400Z smoke_nomiss |
2021-07-20T16:10:33.656468200Z      Former  |  -.4769761   .2555962    -1.87   0.062    -.9779354    .0239831
2021-07-20T16:10:33.656858500Z     Current  |   -.157317   .1103235    -1.43   0.154    -.3735471     .058913
2021-07-20T16:10:33.656884000Z              |
2021-07-20T16:10:33.656889800Z          imd |
2021-07-20T16:10:33.657271500Z           4  |  -.0344411   .0832655    -0.41   0.679    -.1976386    .1287563
2021-07-20T16:10:33.657675200Z 5 most de..  |  -.0028269   .1107012    -0.03   0.980    -.2197973    .2141434
2021-07-20T16:10:33.657688600Z              |
2021-07-20T16:10:33.657692100Z    ethnicity |
2021-07-20T16:10:33.658106500Z Asian or ..  |   .0606269   .1071895     0.57   0.572    -.1495199    .2707736
2021-07-20T16:10:33.658493300Z       Other  |  -.0339574   .1128068    -0.30   0.764     -.255717    .1878022
2021-07-20T16:10:33.658508400Z              |
2021-07-20T16:10:33.658937300Z 1.htdiag_o~p |    .048201   .1201398     0.40   0.688    -.1872687    .2836707
2021-07-20T16:10:33.659236700Z 1.~y_disease |  -.0876184   .0800902    -1.09   0.274    -.2445923    .0693556
2021-07-20T16:10:33.659641700Z     1.asthma |   .0969336   .1193571     0.81   0.417     -.137002    .3308691
2021-07-20T16:10:33.660038200Z 1.~c_disease |  -.1443307   .0864934    -1.67   0.095    -.3138547    .0251932
2021-07-20T16:10:33.660081400Z              |
2021-07-20T16:10:33.660089400Z      diabcat |
2021-07-20T16:10:33.660476600Z T1DM, con..  |  -.2626241   .2418188    -1.09   0.277    -.7365801     .211332
2021-07-20T16:10:33.660768500Z T1DM, unc..  |   .0595178   .4086222     0.15   0.884     -.741367    .8604026
2021-07-20T16:10:33.661056900Z T2DM, con..  |  -.0167072   .0912565    -0.18   0.855    -.1955666    .1621522
2021-07-20T16:10:33.661340500Z T2DM, unc..  |  -.1109479    .171012    -0.65   0.516    -.4461252    .2242294
2021-07-20T16:10:33.661721400Z Diabetes,..  |  -36.30935          .        .       .            .           .
2021-07-20T16:10:33.661744500Z              |
2021-07-20T16:10:33.661750400Z cancer_exh~t |
2021-07-20T16:10:33.662156300Z   Last year  |   .1118385   .5807298     0.19   0.847    -1.026371    1.250048
2021-07-20T16:10:33.662588000Z 2-5 years..  |  -.3684909   .2961297    -1.24   0.213    -.9488946    .2119127
2021-07-20T16:10:33.663058600Z    5+ years  |   .0171483   .0815034     0.21   0.833    -.1425955    .1768921
2021-07-20T16:10:33.663072400Z              |
2021-07-20T16:10:33.663075700Z cancer_hae~t |
2021-07-20T16:10:33.663511000Z   Last year  |   .5941051   .4606865     1.29   0.197    -.3088239    1.497034
2021-07-20T16:10:33.663902100Z 2-5 years..  |   .2693633   .2439609     1.10   0.270    -.2087912    .7475178
2021-07-20T16:10:33.664448200Z    5+ years  |   .1499969   .0826762     1.81   0.070    -.0120455    .3120393
2021-07-20T16:10:33.664461300Z              |
2021-07-20T16:10:33.664892300Z 1.~r_disease |   .1031975   .0748757     1.38   0.168    -.0435562    .2499513
2021-07-20T16:10:33.665325300Z 1.stroke_d~a |  -.0929856   .0823072    -1.13   0.259    -.2543047    .0683335
2021-07-20T16:10:33.665811700Z 1.other_ne~o |   .0647965    .078724     0.82   0.410    -.0894996    .2190927
2021-07-20T16:10:33.665858600Z              |
2021-07-20T16:10:33.665865800Z reduced_ki~t |
2021-07-20T16:10:33.666418100Z Stage 3a/..  |  -.2712844   .1980335    -1.37   0.171    -.6594229    .1168541
2021-07-20T16:10:33.666749600Z       1.esrd |  -.0168906   .0711183    -0.24   0.812    -.1562798    .1224986
2021-07-20T16:10:33.667214200Z 1.other_tr~t |    .112009   .0794327     1.41   0.159    -.0436762    .2676941
2021-07-20T16:10:33.667624500Z   1.asplenia |   .0925754    .080857     1.14   0.252    -.0659013    .2510522
2021-07-20T16:10:33.668026500Z 1.ra_sle_p~s |  -.0045743   .0819501    -0.06   0.955    -.1651934    .1560449
2021-07-20T16:10:33.669840500Z 1.other_im~o |  -.0016046   .0664356    -0.02   0.981     -.131816    .1286068
2021-07-20T16:10:33.669855600Z ------------------------------------------------------------------------------
2021-07-20T16:10:33.693442400Z (note: file ./output/an_sense_covid_death_multiple_imputation_ageband_1MAIN.ste
2021-07-20T16:10:33.693462600Z > r not found)
2021-07-20T16:10:33.693468900Z file ./output/an_sense_covid_death_multiple_imputation_ageband_1MAIN.ster saved
2021-07-20T16:10:33.693503000Z 
2021-07-20T16:10:33.693611000Z . 
2021-07-20T16:10:33.693625300Z . log close
2021-07-20T16:10:33.693751700Z       name:  <unnamed>
2021-07-20T16:10:33.693764700Z        log:  /workspace/log/14_multiple_imputation_analysis_covid_deathMAIN.log
2021-07-20T16:10:33.693770300Z   log type:  text
2021-07-20T16:10:33.693774700Z  closed on:  20 Jul 2021, 16:10:33
2021-07-20T16:10:33.693788200Z -------------------------------------------------------------------------------
2021-07-20T16:10:33.693791600Z 
2021-07-20T16:10:33.693794100Z . 
2021-07-20T16:10:33.693796500Z . 
2021-07-20T16:10:33.693798900Z end of do-file
2021-07-20T16:10:33.693802000Z 
2021-07-20T16:10:33.693804400Z . . file open output using "/tmp/tmp.nerJcVLHPB", write text replace
2021-07-20T16:10:33.693865500Z 
2021-07-20T16:10:33.693876300Z . . file write output "success" 
2021-07-20T16:10:33.693881800Z 
2021-07-20T16:10:33.693886200Z . . file close output
2021-07-20T16:10:33.693890700Z 
2021-07-20T16:10:33.693894900Z . 
2021-07-20T16:10:33.693899300Z end of do-file
2021-07-20T16:10:33.693902100Z 
2021-07-20T16:10:33.693904500Z 
2021-07-20T16:10:33.725485000Z . 

state: succeeded
commit: none
docker_image_id: sha256:11980aa720220a1b39bf523f5a8a33270214c13876c30ee364e16265766f7f60
exit_code: 0
job_id: htmv2kgqpkq3fupy
run_by_user: qc18278
created_at: 2021-07-20T15:38:48Z
started_at: 2021-07-20T16:06:14Z
completed_at: 2021-07-20T16:13:41Z

Completed successfully

outputs:
  log/14_multiple_imputation_analysis_covid_deathMAIN.log             - moderately_sensitive
  output/an_sense_covid_death_multiple_imputation_ageband_0MAIN.ster  - moderately_sensitive
  output/an_sense_covid_death_multiple_imputation_ageband_1MAIN.ster  - moderately_sensitive