2021-07-20T16:06:00.526935400Z 
2021-07-20T16:06:00.526976000Z   ___  ____  ____  ____  ____ (R)
2021-07-20T16:06:00.527021600Z  /__    /   ____/   /   ____/
2021-07-20T16:06:00.527028000Z ___/   /   /___/   /   /___/   16.1   Copyright 1985-2019 StataCorp LLC
2021-07-20T16:06:00.527033000Z   Statistics/Data Analysis            StataCorp
2021-07-20T16:06:00.527037400Z                                       4905 Lakeway Drive
2021-07-20T16:06:00.527041500Z                                       College Station, Texas 77845 USA
2021-07-20T16:06:00.527045800Z                                       800-STATA-PC        http://www.stata.com
2021-07-20T16:06:00.527050200Z                                       979-696-4600        stata@stata.com
2021-07-20T16:06:00.527054500Z                                       979-696-4601 (fax)
2021-07-20T16:06:00.527058700Z 
2021-07-20T16:06:00.527062800Z 3-user Stata network license expires 11 May 2022:
2021-07-20T16:06:00.527067100Z        Serial number:  501709312237
2021-07-20T16:06:00.527071000Z          Licensed to:  The Bennett Institute
2021-07-20T16:06:00.527075000Z                        Oxford University
2021-07-20T16:06:00.528621800Z 
2021-07-20T16:06:00.528642700Z Notes:
2021-07-20T16:06:00.528648400Z       1.  Unicode is supported; see help unicode_advice.
2021-07-20T16:06:00.528652000Z 
2021-07-20T16:06:00.528658400Z . do "analysis/14_multiple_imputation_analysis.wrapper.do" covid_icu MAIN 
2021-07-20T16:06:00.528662000Z 
2021-07-20T16:06:00.528665500Z . . do "analysis/14_multiple_imputation_analysis.do" covid_icu MAIN
2021-07-20T16:06:00.528669000Z 
2021-07-20T16:06:00.528672100Z . *************************************************************************
2021-07-20T16:06:00.528675700Z . 
2021-07-20T16:06:00.528678800Z . *Exposure children and COVID risk
2021-07-20T16:06:00.528682100Z .   
2021-07-20T16:06:00.528685300Z . *DO file name:  14_multiple_imputation_analysis
2021-07-20T16:06:00.528689200Z . 
2021-07-20T16:06:00.528693200Z . *Purpose: Using dataset with imputed ethnicity
2021-07-20T16:06:00.528697700Z . 
2021-07-20T16:06:00.528702100Z . *Requires: final analysis dataset (analysis_dataset.dta)
2021-07-20T16:06:00.528706400Z . 
2021-07-20T16:06:00.528710200Z . *Coding: HFORBES, based on Krishnan Bhaskaran
2021-07-20T16:06:00.528714300Z . 
2021-07-20T16:06:00.528718000Z . *Date drafted: 20th August 2020
2021-07-20T16:06:00.528721800Z . 
2021-07-20T16:06:00.528725700Z . *************************************************************************
2021-07-20T16:06:00.528730000Z . * Set globals that will print in programs and direct output
2021-07-20T16:06:00.528734200Z . global outdir     "output" 
2021-07-20T16:06:00.528756900Z 
2021-07-20T16:06:00.528761600Z . global logdir     "log"
2021-07-20T16:06:00.528765900Z 
2021-07-20T16:06:00.528769800Z . global tempdir    "tempdata"
2021-07-20T16:06:00.528773900Z 
2021-07-20T16:06:00.529561700Z . global demogadjlist  age1 age2 age3 i.male      `bmi' `smoking' `ethnicity'  
2021-07-20T16:06:00.529601200Z >    i.imd i.tot_adults_hh
2021-07-20T16:06:00.529607400Z 
2021-07-20T16:06:00.529611900Z . global comordidadjlist  i.htdiag_or_highbp                              ///
2021-07-20T16:06:00.529616900Z >                         i.chronic_respiratory_disease   ///
2021-07-20T16:06:00.529622100Z >                         i.asthma                                             
2021-07-20T16:06:00.529627000Z >    ///
2021-07-20T16:06:00.529631100Z >                         i.chronic_cardiac_disease               ///
2021-07-20T16:06:00.529635400Z >                         i.diabcat                                            
2021-07-20T16:06:00.529686500Z >    ///
2021-07-20T16:06:00.529699800Z >                         i.cancer_exhaem_cat                             ///
2021-07-20T16:06:00.529704800Z >                         i.cancer_haem_cat                               ///
2021-07-20T16:06:00.529709200Z >                         i.chronic_liver_disease                 ///
2021-07-20T16:06:00.529713500Z >                         i.stroke_dementia                               ///
2021-07-20T16:06:00.529717600Z >                         i.other_neuro                                   ///
2021-07-20T16:06:00.529721700Z >                         i.reduced_kidney_function_cat   ///
2021-07-20T16:06:00.529725900Z >                         i.esrd                                               
2021-07-20T16:06:00.529730600Z >    ///
2021-07-20T16:06:00.529734700Z >                         i.other_transplant                              ///
2021-07-20T16:06:00.529739100Z >                         i.asplenia                                           
2021-07-20T16:06:00.529743600Z >    ///
2021-07-20T16:06:00.529784100Z >                         i.ra_sle_psoriasis                      ///
2021-07-20T16:06:00.529795700Z >                         i.other_immuno          
2021-07-20T16:06:00.529800800Z 
2021-07-20T16:06:00.529804600Z . 
2021-07-20T16:06:00.529808700Z . local outcome `1' 
2021-07-20T16:06:00.529812700Z 
2021-07-20T16:06:00.529816600Z . local dataset `2' 
2021-07-20T16:06:00.529820600Z 
2021-07-20T16:06:00.529824800Z . 
2021-07-20T16:06:00.529828800Z . * Open a log file
2021-07-20T16:06:00.529832900Z . capture log close
2021-07-20T16:06:00.529985100Z 
2021-07-20T16:06:00.529995700Z . log using "$logdir/14_multiple_imputation_analysis_`outcome'`dataset'", text 
2021-07-20T16:06:00.530001000Z > replace
2021-07-20T16:06:00.530321100Z (note: file /workspace/log/14_multiple_imputation_analysis_covid_icuMAIN.log no
2021-07-20T16:06:00.530338000Z > t found)
2021-07-20T16:06:00.530344200Z -------------------------------------------------------------------------------
2021-07-20T16:06:00.530348800Z       name:  <unnamed>
2021-07-20T16:06:00.530353000Z        log:  /workspace/log/14_multiple_imputation_analysis_covid_icuMAIN.log
2021-07-20T16:06:00.530357400Z   log type:  text
2021-07-20T16:06:00.530361800Z  opened on:  20 Jul 2021, 16:06:00
2021-07-20T16:06:00.530366200Z 
2021-07-20T16:06:00.530370200Z . 
2021-07-20T16:06:00.530374300Z . 
2021-07-20T16:06:00.530378500Z . 
2021-07-20T16:06:00.530382700Z . forvalues x=0/1 {
2021-07-20T16:06:00.530386800Z   2. use "$tempdir/cr_imputed_analysis_dataset_STSET_`outcome'_ageband_`x'`data
2021-07-20T16:06:00.530391400Z > set'.dta", clear
2021-07-20T16:06:00.530395700Z   3. 
2021-07-20T16:06:00.530399300Z . *Fully adjusted
2021-07-20T16:06:00.530403100Z . mi estimate, hr:  stcox         i.kids_cat4      ///
2021-07-20T16:06:00.530407100Z >                         age1 age2 age3          ///
2021-07-20T16:06:00.530411300Z >                         i.male                                               
2021-07-20T16:06:00.530415300Z >    ///
2021-07-20T16:06:00.530419200Z >                         i.obese4cat                                     ///
2021-07-20T16:06:00.530423100Z >                         i.smoke_nomiss                                  ///
2021-07-20T16:06:00.530427300Z >                         i.imd                                           ///
2021-07-20T16:06:00.530431500Z >                         i.ethnicity                                     ///
2021-07-20T16:06:00.530435800Z >                         $comordidadjlist                                ///  
2021-07-20T16:06:00.530440300Z >    
2021-07-20T16:06:00.530444000Z >                         , strata(stp) vce(cluster household_id)  
2021-07-20T16:06:00.530448100Z   4. estimates
2021-07-20T16:06:00.530451900Z   5. estimates save ./output/an_sense_`outcome'_multiple_imputation_ageband_`x'
2021-07-20T16:06:00.530456100Z > `dataset', replace
2021-07-20T16:06:00.530460100Z   6. }
2021-07-20T16:09:22.750342100Z 
2021-07-20T16:09:22.750370300Z Multiple-imputation estimates                   Imputations       =         10
2021-07-20T16:09:22.750538400Z Stratified Cox regr.: Breslow method for ties   Number of obs     =     17,952
2021-07-20T16:09:22.753647800Z                                                 Average RVI       =     0.0084
2021-07-20T16:09:22.753668800Z                                                 Largest FMI       =     0.1430
2021-07-20T16:09:22.753674400Z DF adjustment:   Large sample                   DF:     min       =     463.73
2021-07-20T16:09:22.754816700Z                                                         avg       =   1.87e+10
2021-07-20T16:09:22.754975500Z                                                         max       =   4.59e+11
2021-07-20T16:09:22.755007200Z Model F test:       Equal FMI                   F(  40, 5.0e+06)  =       1.66
2021-07-20T16:09:22.755023000Z Within VCE type:       Robust                   Prob > F          =     0.0053
2021-07-20T16:09:22.755050300Z 
2021-07-20T16:09:22.849744200Z                       (Within VCE adjusted for 1,121 clusters in household_id)
2021-07-20T16:09:22.849820900Z ------------------------------------------------------------------------------
2021-07-20T16:09:22.849827800Z           _t | Haz. Ratio   Std. Err.      t    P>|t|     [95% Conf. Interval]
2021-07-20T16:09:22.849833500Z -------------+----------------------------------------------------------------
2021-07-20T16:09:22.849840400Z    kids_cat4 |
2021-07-20T16:09:22.861772600Z only <12 ..  |   1.042607   .0917877     0.47   0.636     .8773718    1.238961
2021-07-20T16:09:22.862106900Z  only 12-18  |   .9677308   .1210442    -0.26   0.793     .7573314    1.236583
2021-07-20T16:09:22.862413700Z       mixed  |   1.001531   .0785268     0.02   0.984     .8588637    1.167896
2021-07-20T16:09:22.862428300Z              |
2021-07-20T16:09:22.862733600Z         age1 |   1.005479    .004783     1.15   0.251      .996148    1.014897
2021-07-20T16:09:22.863780300Z         age2 |   .9749954   .0145492    -1.70   0.090     .9468925    1.003932
2021-07-20T16:09:22.864039200Z         age3 |   1.070854   .0444257     1.65   0.099      .987227    1.161564
2021-07-20T16:09:22.864388600Z       1.male |   .9699787   .0261996    -1.13   0.259     .9199639    1.022713
2021-07-20T16:09:22.864402800Z              |
2021-07-20T16:09:22.864408600Z    obese4cat |
2021-07-20T16:09:22.864733500Z Obese I ..)  |   1.009977   .0386297     0.26   0.795     .9370322      1.0886
2021-07-20T16:09:22.865079700Z Obese II..)  |   .9701602   .0477592    -0.62   0.538     .8809278    1.068431
2021-07-20T16:09:22.865468500Z Obese II..)  |   1.002875   .0593146     0.05   0.961      .893106    1.126136
2021-07-20T16:09:22.865482000Z              |
2021-07-20T16:09:22.865488000Z smoke_nomiss |
2021-07-20T16:09:22.865801800Z      Former  |   1.129582   .1020925     1.35   0.178      .946206    1.348497
2021-07-20T16:09:22.866407100Z     Current  |   .9985451   .0414601    -0.04   0.972     .9205034    1.083203
2021-07-20T16:09:22.866423100Z              |
2021-07-20T16:09:22.866443700Z          imd |
2021-07-20T16:09:22.866873000Z           4  |    .998546   .0316973    -0.05   0.963     .9383136    1.062645
2021-07-20T16:09:22.867292300Z 5 most de..  |   .9123844   .0433264    -1.93   0.053     .8312982     1.00138
2021-07-20T16:09:22.867305900Z              |
2021-07-20T16:09:22.867311800Z    ethnicity |
2021-07-20T16:09:22.867750600Z Asian or ..  |   1.080788   .0495547     1.69   0.091     .9876668     1.18269
2021-07-20T16:09:22.869028700Z       Other  |   1.045406   .0497049     0.93   0.351     .9522007    1.147735
2021-07-20T16:09:22.869045600Z              |
2021-07-20T16:09:22.869712400Z 1.htdiag_o~p |   1.040327   .0518235     0.79   0.427     .9435563    1.147023
2021-07-20T16:09:22.870112800Z 1.~y_disease |   1.003473   .0312472     0.11   0.911     .9440607    1.066624
2021-07-20T16:09:22.871166200Z     1.asthma |   .9670533   .0479682    -0.68   0.499     .8774628    1.065791
2021-07-20T16:09:22.872260600Z 1.~c_disease |   .9308121   .0304644    -2.19   0.028     .8729778     .992478
2021-07-20T16:09:22.872278700Z              |
2021-07-20T16:09:22.872284600Z      diabcat |
2021-07-20T16:09:22.872289700Z T1DM, con..  |   1.056897   .0866469     0.67   0.500     .9000139    1.241127
2021-07-20T16:09:22.872295100Z T1DM, unc..  |   1.323456   .2045304     1.81   0.070     .9776035    1.791664
2021-07-20T16:09:22.872551300Z T2DM, con..  |   .9675789   .0350831    -0.91   0.363     .9012037    1.038843
2021-07-20T16:09:22.872851200Z T2DM, unc..  |    1.18028   .0770322     2.54   0.011     1.038557    1.341342
2021-07-20T16:09:22.873294700Z Diabetes,..  |   1.243097   .5817064     0.47   0.642     .4968046    3.110457
2021-07-20T16:09:22.873309000Z              |
2021-07-20T16:09:22.873314900Z cancer_exh~t |
2021-07-20T16:09:22.873761500Z   Last year  |   1.437688   .2377033     2.20   0.028     1.039751    1.987924
2021-07-20T16:09:22.874109300Z 2-5 years..  |    .823408   .0886152    -1.81   0.071     .6668202    1.016767
2021-07-20T16:09:22.874574100Z    5+ years  |   1.041763   .0346401     1.23   0.219     .9760352    1.111918
2021-07-20T16:09:22.874588100Z              |
2021-07-20T16:09:22.874594000Z cancer_hae~t |
2021-07-20T16:09:22.874992300Z   Last year  |   1.098971   .1999981     0.52   0.604     .7692703    1.569978
2021-07-20T16:09:22.875317800Z 2-5 years..  |   .8668152   .0981239    -1.26   0.207     .6943366    1.082139
2021-07-20T16:09:22.875782000Z    5+ years  |   .9438905   .0353609    -1.54   0.123     .8770676    1.015804
2021-07-20T16:09:22.875793800Z              |
2021-07-20T16:09:22.876301100Z 1.~r_disease |   1.056931   .0328436     1.78   0.075       .99448    1.123304
2021-07-20T16:09:22.876833300Z 1.stroke_d~a |   .9437296   .0321681    -1.70   0.089     .8827413    1.008932
2021-07-20T16:09:22.877258800Z 1.other_ne~o |   .9984774   .0331906    -0.05   0.963     .9354988    1.065696
2021-07-20T16:09:22.877281300Z              |
2021-07-20T16:09:22.877286500Z reduced_ki~t |
2021-07-20T16:09:22.878260200Z Stage 3a/..  |   .7283557   .1921365    -1.20   0.230     .4343111    1.221479
2021-07-20T16:09:22.878275100Z       1.esrd |   1.012019   .0273748     0.44   0.659      .959763    1.067121
2021-07-20T16:09:22.878590000Z 1.other_tr~t |   .9909659   .0335137    -0.27   0.788     .9274099    1.058877
2021-07-20T16:09:22.879026600Z   1.asplenia |   .9597011   .0320763    -1.23   0.218     .8988478    1.024674
2021-07-20T16:09:22.879482500Z 1.ra_sle_p~s |   1.030895   .0329206     0.95   0.341     .9683496     1.09748
2021-07-20T16:09:22.892139300Z 1.other_im~o |   1.033119   .0297281     1.13   0.258     .9764656    1.093059
2021-07-20T16:09:22.892175000Z ------------------------------------------------------------------------------
2021-07-20T16:09:22.900588000Z 
2021-07-20T16:09:22.900622700Z -------------------------------------------------------------------------------
2021-07-20T16:09:22.900630800Z active results
2021-07-20T16:09:22.900636600Z -------------------------------------------------------------------------------
2021-07-20T16:09:22.906625400Z 
2021-07-20T16:09:22.906646500Z Multiple-imputation estimates                   Imputations       =         10
2021-07-20T16:09:22.906661900Z Stratified Cox regr.: Breslow method for ties   Number of obs     =     17,952
2021-07-20T16:09:22.908209500Z                                                 Average RVI       =     0.0084
2021-07-20T16:09:22.908222900Z                                                 Largest FMI       =     0.1430
2021-07-20T16:09:22.908376300Z DF adjustment:   Large sample                   DF:     min       =     463.73
2021-07-20T16:09:22.908473100Z                                                         avg       =   1.87e+10
2021-07-20T16:09:22.908677300Z                                                         max       =   4.59e+11
2021-07-20T16:09:22.908979700Z Model F test:       Equal FMI                   F(  40, 5.0e+06)  =       1.66
2021-07-20T16:09:22.909024000Z Within VCE type:       Robust                   Prob > F          =     0.0053
2021-07-20T16:09:22.909204300Z 
2021-07-20T16:09:22.931954100Z                       (Within VCE adjusted for 1,121 clusters in household_id)
2021-07-20T16:09:22.932011100Z ------------------------------------------------------------------------------
2021-07-20T16:09:22.932037200Z           _t |      Coef.   Std. Err.      t    P>|t|     [95% Conf. Interval]
2021-07-20T16:09:22.932063200Z -------------+----------------------------------------------------------------
2021-07-20T16:09:22.932068600Z    kids_cat4 |
2021-07-20T16:09:22.932734300Z only <12 ..  |   .0417243   .0880367     0.47   0.636    -.1308245     .214273
2021-07-20T16:09:22.933353600Z  only 12-18  |  -.0328013   .1250804    -0.26   0.793    -.2779544    .2123518
2021-07-20T16:09:22.934273100Z       mixed  |   .0015294   .0784068     0.02   0.984    -.1521451    .1552038
2021-07-20T16:09:22.934508100Z              |
2021-07-20T16:09:22.935828900Z         age1 |    .005464   .0047569     1.15   0.251    -.0038594    .0147874
2021-07-20T16:09:22.936232400Z         age2 |  -.0253225   .0149223    -1.70   0.090    -.0545697    .0039246
2021-07-20T16:09:22.937232900Z         age3 |   .0684562   .0414862     1.65   0.099    -.0128553    .1497678
2021-07-20T16:09:22.937988800Z       1.male |  -.0304811   .0270105    -1.13   0.259    -.0834208    .0224585
2021-07-20T16:09:22.938002200Z              |
2021-07-20T16:09:22.938007800Z    obese4cat |
2021-07-20T16:09:22.938854900Z Obese I ..)  |   .0099272   .0382481     0.26   0.795    -.0650376    .0848921
2021-07-20T16:09:22.939646200Z Obese II..)  |  -.0302941   .0492282    -0.62   0.538    -.1267796    .0661914
2021-07-20T16:09:22.940284300Z Obese II..)  |   .0028712   .0591446     0.05   0.961      -.11305    .1187925
2021-07-20T16:09:22.940296100Z              |
2021-07-20T16:09:22.940301000Z smoke_nomiss |
2021-07-20T16:09:22.941054600Z      Former  |    .121848   .0903807     1.35   0.178    -.0552949     .298991
2021-07-20T16:09:22.942078200Z     Current  |  -.0014559   .0415205    -0.04   0.972    -.0828345    .0799227
2021-07-20T16:09:22.942230400Z              |
2021-07-20T16:09:22.942241800Z          imd |
2021-07-20T16:09:22.942954100Z           4  |  -.0014551   .0317434    -0.05   0.963     -.063671    .0607609
2021-07-20T16:09:22.943582200Z 5 most de..  |  -.0916939    .047487    -1.93   0.053    -.1847666    .0013788
2021-07-20T16:09:22.943596200Z              |
2021-07-20T16:09:22.943601700Z    ethnicity |
2021-07-20T16:09:22.944294900Z Asian or ..  |   .0776906   .0458505     1.69   0.091    -.0124099    .1677912
2021-07-20T16:09:22.944964200Z       Other  |   .0444056    .047546     0.93   0.351    -.0489794    .1377907
2021-07-20T16:09:22.944978100Z              |
2021-07-20T16:09:22.945534400Z 1.htdiag_o~p |   .0395355   .0498146     0.79   0.427    -.0580993    .1371702
2021-07-20T16:09:22.946004200Z 1.~y_disease |   .0034667   .0311391     0.11   0.911    -.0575648    .0644983
2021-07-20T16:09:22.946680100Z     1.asthma |  -.0335016   .0496025    -0.68   0.499    -.1307207    .0637174
2021-07-20T16:09:22.947332100Z 1.~c_disease |  -.0716978   .0327289    -2.19   0.028    -.1358452   -.0075505
2021-07-20T16:09:22.947347000Z              |
2021-07-20T16:09:22.947352300Z      diabcat |
2021-07-20T16:09:22.947775400Z T1DM, con..  |   .0553374   .0819823     0.67   0.500    -.1053451    .2160198
2021-07-20T16:09:22.948177800Z T1DM, unc..  |   .2802468   .1545426     1.81   0.070    -.0226511    .5831448
2021-07-20T16:09:22.948511000Z T2DM, con..  |  -.0329583   .0362586    -0.91   0.363    -.1040239    .0381073
2021-07-20T16:09:22.948913800Z T2DM, unc..  |   .1657515   .0652661     2.54   0.011     .0378323    .2936707
2021-07-20T16:09:22.949337900Z Diabetes,..  |   .2176055   .4679494     0.47   0.642    -.6995585     1.13477
2021-07-20T16:09:22.949351000Z              |
2021-07-20T16:09:22.949356600Z cancer_exh~t |
2021-07-20T16:09:22.949773500Z   Last year  |    .363036   .1653373     2.20   0.028     .0389809    .6870911
2021-07-20T16:09:22.950163700Z 2-5 years..  |  -.1943034     .10762    -1.81   0.071    -.4052348     .016628
2021-07-20T16:09:22.950556800Z    5+ years  |   .0409149   .0332514     1.23   0.219    -.0242566    .1060864
2021-07-20T16:09:22.950569300Z              |
2021-07-20T16:09:22.950574700Z cancer_hae~t |
2021-07-20T16:09:22.950984700Z   Last year  |   .0943745   .1819867     0.52   0.604    -.2623128    .4510619
2021-07-20T16:09:22.951338200Z 2-5 years..  |  -.1429295   .1132005    -1.26   0.207    -.3647984    .0789394
2021-07-20T16:09:22.951824500Z    5+ years  |  -.0577452    .037463    -1.54   0.123    -.1311712    .0156809
2021-07-20T16:09:22.951838100Z              |
2021-07-20T16:09:22.952322300Z 1.~r_disease |   .0553696   .0310745     1.78   0.075    -.0055353    .1162745
2021-07-20T16:09:22.952758000Z 1.stroke_d~a |  -.0579155   .0340861    -1.70   0.089    -.1247231     .008892
2021-07-20T16:09:22.953237000Z 1.other_ne~o |  -.0015238   .0332413    -0.05   0.963    -.0666754    .0636279
2021-07-20T16:09:22.953250500Z              |
2021-07-20T16:09:22.953256100Z reduced_ki~t |
2021-07-20T16:09:22.953784000Z Stage 3a/..  |  -.3169657   .2637948    -1.20   0.230    -.8339941    .2000627
2021-07-20T16:09:22.954212800Z       1.esrd |   .0119475   .0270497     0.44   0.659    -.0410689    .0649639
2021-07-20T16:09:22.954666600Z 1.other_tr~t |  -.0090752   .0338192    -0.27   0.788    -.0753596    .0572093
2021-07-20T16:09:22.955051600Z   1.asplenia |  -.0411334   .0334232    -1.23   0.218    -.1066416    .0243748
2021-07-20T16:09:22.956776200Z 1.ra_sle_p~s |   .0304274    .031934     0.95   0.341    -.0321621    .0930168
2021-07-20T16:09:22.959256100Z 1.other_im~o |   .0325824   .0287751     1.13   0.258    -.0238157    .0889805
2021-07-20T16:09:22.959275000Z ------------------------------------------------------------------------------
2021-07-20T16:09:22.982592600Z (note: file ./output/an_sense_covid_icu_multiple_imputation_ageband_0MAIN.ster 
2021-07-20T16:09:22.982616900Z > not found)
2021-07-20T16:09:22.982623300Z file ./output/an_sense_covid_icu_multiple_imputation_ageband_0MAIN.ster saved
2021-07-20T16:10:35.559389900Z 
2021-07-20T16:10:35.559414400Z Multiple-imputation estimates                   Imputations       =         10
2021-07-20T16:10:35.559419600Z Stratified Cox regr.: Breslow method for ties   Number of obs     =      5,024
2021-07-20T16:10:35.560247600Z                                                 Average RVI       =          .
2021-07-20T16:10:35.560275300Z                                                 Largest FMI       =          .
2021-07-20T16:10:35.560280200Z DF adjustment:   Large sample                   DF:     min       =       0.00
2021-07-20T16:10:35.560283800Z                                                         avg       =          .
2021-07-20T16:10:35.560287200Z                                                         max       =          .
2021-07-20T16:10:35.560290500Z Model F test:       Equal FMI                   F(  39, 6.7e+06)  =       1.40
2021-07-20T16:10:35.560294000Z Within VCE type:       Robust                   Prob > F          =     0.0488
2021-07-20T16:10:35.560501100Z 
2021-07-20T16:10:35.570718000Z                         (Within VCE adjusted for 930 clusters in household_id)
2021-07-20T16:10:35.570735400Z ------------------------------------------------------------------------------
2021-07-20T16:10:35.570740400Z           _t | Haz. Ratio   Std. Err.      t    P>|t|     [95% Conf. Interval]
2021-07-20T16:10:35.570743300Z -------------+----------------------------------------------------------------
2021-07-20T16:10:35.570745500Z    kids_cat4 |
2021-07-20T16:10:35.570825500Z only <12 ..  |   .7554401   .1242896    -1.70   0.088     .5472115    1.042905
2021-07-20T16:10:35.571057800Z  only 12-18  |   .8539917    .169744    -0.79   0.427     .5784479    1.260791
2021-07-20T16:10:35.571174700Z       mixed  |   .8229153   .1182659    -1.36   0.175     .6209034    1.090652
2021-07-20T16:10:35.571187300Z              |
2021-07-20T16:10:35.571484600Z         age1 |   1.039902    .021435     1.90   0.058     .9987275    1.082774
2021-07-20T16:10:35.571516600Z         age2 |    .854221   .0736742    -1.83   0.068     .7213674    1.011542
2021-07-20T16:10:35.571913800Z         age3 |   1.454357   .3071334     1.77   0.076     .9614197    2.200033
2021-07-20T16:10:35.572023200Z       1.male |   .9374376   .0504591    -1.20   0.230     .8435776    1.041741
2021-07-20T16:10:35.572035200Z              |
2021-07-20T16:10:35.572038100Z    obese4cat |
2021-07-20T16:10:35.572376700Z Obese I ..)  |   .9733215   .0757906    -0.35   0.728     .8355548    1.133803
2021-07-20T16:10:35.572410400Z Obese II..)  |   1.162023    .107504     1.62   0.105     .9693183    1.393039
2021-07-20T16:10:35.572723100Z Obese II..)  |   .8975472   .1029375    -0.94   0.346     .7168611    1.123775
2021-07-20T16:10:35.572733400Z              |
2021-07-20T16:10:35.572736100Z smoke_nomiss |
2021-07-20T16:10:35.572955800Z      Former  |   1.349094   .2164196     1.87   0.062     .9851308    1.847527
2021-07-20T16:10:35.573119600Z     Current  |   1.057474   .0811371     0.73   0.466     .9098279     1.22908
2021-07-20T16:10:35.573130000Z              |
2021-07-20T16:10:35.573133000Z          imd |
2021-07-20T16:10:35.573415900Z           4  |   1.050525   .0684211     0.76   0.449     .9246289    1.193564
2021-07-20T16:10:35.573712300Z 5 most de..  |    .975278   .0808167    -0.30   0.763     .8290741    1.147264
2021-07-20T16:10:35.573723500Z              |
2021-07-20T16:10:35.573727600Z    ethnicity |
2021-07-20T16:10:35.573892000Z Asian or ..  |   1.010777   .0821283     0.13   0.895      .861815    1.185486
2021-07-20T16:10:35.574217500Z       Other  |   .9030106   .0815236    -1.13   0.259     .7562041    1.078318
2021-07-20T16:10:35.574230300Z              |
2021-07-20T16:10:35.574361400Z 1.htdiag_o~p |   1.110342   .1038933     1.12   0.263     .9242962    1.333837
2021-07-20T16:10:35.574557400Z 1.~y_disease |   .9467903   .0610421    -0.85   0.396     .8344005    1.074318
2021-07-20T16:10:35.574896400Z     1.asthma |    1.14558   .1040831     1.50   0.135     .9587126    1.368871
2021-07-20T16:10:35.575035600Z 1.~c_disease |   1.068538   .0648839     1.09   0.275     .9486441    1.203585
2021-07-20T16:10:35.575046000Z              |
2021-07-20T16:10:35.575048800Z      diabcat |
2021-07-20T16:10:35.575378600Z T1DM, con..  |   .7451669    .140144    -1.56   0.118     .5154275    1.077307
2021-07-20T16:10:35.575388600Z T1DM, unc..  |   .4707613   .2379572    -1.49   0.136     .1747999    1.267828
2021-07-20T16:10:35.575714800Z T2DM, con..  |   1.027435   .0695606     0.40   0.689     .8997569     1.17323
2021-07-20T16:10:35.575894000Z T2DM, unc..  |   1.157979   .1530791     1.11   0.267      .893668    1.500463
2021-07-20T16:10:35.576232500Z Diabetes,..  |   2.98e-15          .        .       .            .           .
2021-07-20T16:10:35.576256500Z              |
2021-07-20T16:10:35.576261900Z cancer_exh~t |
2021-07-20T16:10:35.576448800Z   Last year  |   .6279764   .3654121    -0.80   0.424     .2007424     1.96448
2021-07-20T16:10:35.576714900Z 2-5 years..  |   .7883035   .1702575    -1.10   0.271     .5162395    1.203748
2021-07-20T16:10:35.576965600Z    5+ years  |   1.034054   .0690387     0.50   0.616     .9072198    1.178619
2021-07-20T16:10:35.576977700Z              |
2021-07-20T16:10:35.576982300Z cancer_hae~t |
2021-07-20T16:10:35.577325600Z   Last year  |   1.315692    .640765     0.56   0.573     .5065292    3.417467
2021-07-20T16:10:35.577338400Z 2-5 years..  |   .9825485   .2076761    -0.08   0.934     .6492919    1.486853
2021-07-20T16:10:35.578131000Z    5+ years  |   .9762266   .0659022    -0.36   0.722     .8552411    1.114327
2021-07-20T16:10:35.578185100Z              |
2021-07-20T16:10:35.578481300Z 1.~r_disease |   .9873935    .061632    -0.20   0.839     .8736938     1.11589
2021-07-20T16:10:35.578990900Z 1.stroke_d~a |   .9445823   .0613379    -0.88   0.380     .8316981    1.072788
2021-07-20T16:10:35.579277200Z 1.other_ne~o |   .9983399   .0627992    -0.03   0.979     .8825407    1.129333
2021-07-20T16:10:35.579289100Z              |
2021-07-20T16:10:35.579293700Z reduced_ki~t |
2021-07-20T16:10:35.579677200Z Stage 3a/..  |   1.201382   .1418953     1.55   0.120      .953116    1.514317
2021-07-20T16:10:35.580006700Z       1.esrd |   .9451159   .0488527    -1.09   0.275     .8540568    1.045884
2021-07-20T16:10:35.580099800Z 1.other_tr~t |   .9766144   .0634185    -0.36   0.716     .8599012    1.109169
2021-07-20T16:10:35.580478900Z   1.asplenia |   1.148655   .0680231     2.34   0.019     1.022779    1.290023
2021-07-20T16:10:35.580670500Z 1.ra_sle_p~s |   1.047167   .0684477     0.71   0.481     .9212497    1.190294
2021-07-20T16:10:35.581775400Z 1.other_im~o |   .9626636   .0535167    -0.68   0.494     .8632851    1.073482
2021-07-20T16:10:35.581789900Z ------------------------------------------------------------------------------
2021-07-20T16:10:35.584252700Z 
2021-07-20T16:10:35.584270400Z -------------------------------------------------------------------------------
2021-07-20T16:10:35.584273200Z active results
2021-07-20T16:10:35.584275300Z -------------------------------------------------------------------------------
2021-07-20T16:10:35.586445800Z 
2021-07-20T16:10:35.586459100Z Multiple-imputation estimates                   Imputations       =         10
2021-07-20T16:10:35.586463900Z Stratified Cox regr.: Breslow method for ties   Number of obs     =      5,024
2021-07-20T16:10:35.587230800Z                                                 Average RVI       =          .
2021-07-20T16:10:35.587242300Z                                                 Largest FMI       =          .
2021-07-20T16:10:35.587246900Z DF adjustment:   Large sample                   DF:     min       =       0.00
2021-07-20T16:10:35.587250600Z                                                         avg       =          .
2021-07-20T16:10:35.587327800Z                                                         max       =          .
2021-07-20T16:10:35.587337600Z Model F test:       Equal FMI                   F(  39, 6.7e+06)  =       1.40
2021-07-20T16:10:35.587340500Z Within VCE type:       Robust                   Prob > F          =     0.0488
2021-07-20T16:10:35.587342800Z 
2021-07-20T16:10:35.597835300Z                         (Within VCE adjusted for 930 clusters in household_id)
2021-07-20T16:10:35.597856300Z ------------------------------------------------------------------------------
2021-07-20T16:10:35.597861200Z           _t |      Coef.   Std. Err.      t    P>|t|     [95% Conf. Interval]
2021-07-20T16:10:35.597865300Z -------------+----------------------------------------------------------------
2021-07-20T16:10:35.597869100Z    kids_cat4 |
2021-07-20T16:10:35.597926300Z only <12 ..  |  -.2804547    .164526    -1.70   0.088    -.6029198    .0420104
2021-07-20T16:10:35.598203500Z  only 12-18  |  -.1578338   .1987654    -0.79   0.427    -.5474068    .2317392
2021-07-20T16:10:35.598305600Z       mixed  |   -.194902   .1437158    -1.36   0.175    -.4765798    .0867757
2021-07-20T16:10:35.598323100Z              |
2021-07-20T16:10:35.598584900Z         age1 |   .0391266   .0206126     1.90   0.058    -.0012733    .0795264
2021-07-20T16:10:35.598672800Z         age2 |  -.1575653   .0862472    -1.83   0.068    -.3266067     .011476
2021-07-20T16:10:35.598915400Z         age3 |    .374564   .2111815     1.77   0.076    -.0393442    .7884722
2021-07-20T16:10:35.599066900Z       1.male |  -.0646051   .0538266    -1.20   0.230    -.1701033    .0408931
2021-07-20T16:10:35.599077100Z              |
2021-07-20T16:10:35.599080700Z    obese4cat |
2021-07-20T16:10:35.599290900Z Obese I ..)  |  -.0270408    .077868    -0.35   0.728    -.1796593    .1255777
2021-07-20T16:10:35.599430800Z Obese II..)  |   .1501628   .0925145     1.62   0.105    -.0311622    .3314878
2021-07-20T16:10:35.599738800Z Obese II..)  |  -.1080896   .1146876    -0.94   0.346    -.3328732     .116694
2021-07-20T16:10:35.599750000Z              |
2021-07-20T16:10:35.599754400Z smoke_nomiss |
2021-07-20T16:10:35.599758100Z      Former  |   .2994336   .1604185     1.87   0.062    -.0149808    .6138479
2021-07-20T16:10:35.600153400Z     Current  |   .0558828   .0767273     0.73   0.466    -.0944999    .2062655
2021-07-20T16:10:35.600163500Z              |
2021-07-20T16:10:35.600166100Z          imd |
2021-07-20T16:10:35.600168100Z           4  |   .0492903   .0651303     0.76   0.449    -.0783628    .1769434
2021-07-20T16:10:35.600569700Z 5 most de..  |  -.0250327   .0828653    -0.30   0.763    -.1874458    .1373803
2021-07-20T16:10:35.600580400Z              |
2021-07-20T16:10:35.600584600Z    ethnicity |
2021-07-20T16:10:35.600732700Z Asian or ..  |   .0107193   .0812527     0.13   0.895    -.1487147    .1701532
2021-07-20T16:10:35.601004900Z       Other  |   -.102021   .0902798    -1.13   0.259    -.2794439     .075402
2021-07-20T16:10:35.601014900Z              |
2021-07-20T16:10:35.601223300Z 1.htdiag_o~p |   .1046685   .0935687     1.12   0.263    -.0787227    .2880597
2021-07-20T16:10:35.601385200Z 1.~y_disease |  -.0546776   .0644727    -0.85   0.396    -.1810417    .0716865
2021-07-20T16:10:35.601688300Z     1.asthma |    .135911   .0908563     1.50   0.135     -.042164     .313986
2021-07-20T16:10:35.601839400Z 1.~c_disease |   .0662916   .0607221     1.09   0.275    -.0527216    .1853047
2021-07-20T16:10:35.601849000Z              |
2021-07-20T16:10:35.601851800Z      diabcat |
2021-07-20T16:10:35.602155400Z T1DM, con..  |  -.2941471   .1880706    -1.56   0.118    -.6627587    .0744645
2021-07-20T16:10:35.602165700Z T1DM, unc..  |  -.7534041   .5054731    -1.49   0.136    -1.744113     .237305
2021-07-20T16:10:35.602477100Z T2DM, con..  |   .0270652   .0677032     0.40   0.689    -.1056306     .159761
2021-07-20T16:10:35.602617300Z T2DM, unc..  |   .1466765    .132195     1.11   0.267     -.112421     .405774
2021-07-20T16:10:35.602846400Z Diabetes,..  |  -33.44607          .        .       .            .           .
2021-07-20T16:10:35.602856300Z              |
2021-07-20T16:10:35.602859800Z cancer_exh~t |
2021-07-20T16:10:35.603089500Z   Last year  |  -.4652527   .5818883    -0.80   0.424    -1.605733    .6752274
2021-07-20T16:10:35.603234400Z 2-5 years..  |  -.2378722   .2159796    -1.10   0.271    -.6611845    .1854402
2021-07-20T16:10:35.603550600Z    5+ years  |   .0334866   .0667651     0.50   0.616    -.0973705    .1643437
2021-07-20T16:10:35.603562200Z              |
2021-07-20T16:10:35.603566500Z cancer_hae~t |
2021-07-20T16:10:35.603818200Z   Last year  |   .2743631   .4870173     0.56   0.573    -.6801732      1.2289
2021-07-20T16:10:35.604015000Z 2-5 years..  |  -.0176056   .2113648    -0.08   0.934    -.4318729    .3966617
2021-07-20T16:10:35.604266200Z    5+ years  |  -.0240605    .067507    -0.36   0.722    -.1563719    .1082508
2021-07-20T16:10:35.604276200Z              |
2021-07-20T16:10:35.604541100Z 1.~r_disease |  -.0126866   .0624188    -0.20   0.839    -.1350253     .109652
2021-07-20T16:10:35.604757100Z 1.stroke_d~a |  -.0570124   .0649366    -0.88   0.380    -.1842858    .0702609
2021-07-20T16:10:35.604988300Z 1.other_ne~o |  -.0016614   .0629037    -0.03   0.979    -.1249503    .1216274
2021-07-20T16:10:35.604997900Z              |
2021-07-20T16:10:35.605001400Z reduced_ki~t |
2021-07-20T16:10:35.605242100Z Stage 3a/..  |   .1834728     .11811     1.55   0.120    -.0480186    .4149642
2021-07-20T16:10:35.605441200Z       1.esrd |  -.0564477   .0516897    -1.09   0.275    -.1577576    .0448621
2021-07-20T16:10:35.605655900Z 1.other_tr~t |  -.0236634   .0649371    -0.36   0.716    -.1509378     .103611
2021-07-20T16:10:35.605897000Z   1.asplenia |   .1385916   .0592197     2.34   0.019      .022523    .2546602
2021-07-20T16:10:35.606148100Z 1.ra_sle_p~s |   .0460882   .0653647     0.71   0.481    -.0820242    .1742007
2021-07-20T16:10:35.607264500Z 1.other_im~o |  -.0380513   .0555924    -0.68   0.494    -.1470103    .0709078
2021-07-20T16:10:35.607277000Z ------------------------------------------------------------------------------
2021-07-20T16:10:35.619773900Z (note: file ./output/an_sense_covid_icu_multiple_imputation_ageband_1MAIN.ster 
2021-07-20T16:10:35.619794100Z > not found)
2021-07-20T16:10:35.619799200Z file ./output/an_sense_covid_icu_multiple_imputation_ageband_1MAIN.ster saved
2021-07-20T16:10:35.619803100Z 
2021-07-20T16:10:35.619806300Z . 
2021-07-20T16:10:35.619809400Z . log close
2021-07-20T16:10:35.619812700Z       name:  <unnamed>
2021-07-20T16:10:35.619816400Z        log:  /workspace/log/14_multiple_imputation_analysis_covid_icuMAIN.log
2021-07-20T16:10:35.619818600Z   log type:  text
2021-07-20T16:10:35.619820700Z  closed on:  20 Jul 2021, 16:10:35
2021-07-20T16:10:35.619830400Z -------------------------------------------------------------------------------
2021-07-20T16:10:35.619832600Z 
2021-07-20T16:10:35.619834400Z . 
2021-07-20T16:10:35.619836300Z . 
2021-07-20T16:10:35.619838100Z end of do-file
2021-07-20T16:10:35.619840100Z 
2021-07-20T16:10:35.619842100Z . . file open output using "/tmp/tmp.hxYI05l0GE", write text replace
2021-07-20T16:10:35.620061200Z 
2021-07-20T16:10:35.620075300Z . . file write output "success" 
2021-07-20T16:10:35.620080200Z 
2021-07-20T16:10:35.620083800Z . . file close output
2021-07-20T16:10:35.620087300Z 
2021-07-20T16:10:35.620090500Z . 
2021-07-20T16:10:35.620094000Z end of do-file
2021-07-20T16:10:35.620097100Z 
2021-07-20T16:10:35.620100400Z 
2021-07-20T16:10:35.641717400Z . 

state: succeeded
commit: none
docker_image_id: sha256:11980aa720220a1b39bf523f5a8a33270214c13876c30ee364e16265766f7f60
exit_code: 0
job_id: erc7rjie4gd5qcbu
run_by_user: qc18278
created_at: 2021-07-20T15:38:48Z
started_at: 2021-07-20T16:06:00Z
completed_at: 2021-07-20T16:13:36Z

Completed successfully

outputs:
  log/14_multiple_imputation_analysis_covid_icuMAIN.log             - moderately_sensitive
  output/an_sense_covid_icu_multiple_imputation_ageband_0MAIN.ster  - moderately_sensitive
  output/an_sense_covid_icu_multiple_imputation_ageband_1MAIN.ster  - moderately_sensitive