2021-07-20T16:07:52.619100800Z 
2021-07-20T16:07:52.619148500Z   ___  ____  ____  ____  ____ (R)
2021-07-20T16:07:52.619154700Z  /__    /   ____/   /   ____/
2021-07-20T16:07:52.619159400Z ___/   /   /___/   /   /___/   16.1   Copyright 1985-2019 StataCorp LLC
2021-07-20T16:07:52.619164000Z   Statistics/Data Analysis            StataCorp
2021-07-20T16:07:52.619168900Z                                       4905 Lakeway Drive
2021-07-20T16:07:52.619173700Z                                       College Station, Texas 77845 USA
2021-07-20T16:07:52.619178300Z                                       800-STATA-PC        http://www.stata.com
2021-07-20T16:07:52.619183000Z                                       979-696-4600        stata@stata.com
2021-07-20T16:07:52.619218000Z                                       979-696-4601 (fax)
2021-07-20T16:07:52.619227500Z 
2021-07-20T16:07:52.619232000Z 3-user Stata network license expires 11 May 2022:
2021-07-20T16:07:52.619236400Z        Serial number:  501709312237
2021-07-20T16:07:52.619241300Z          Licensed to:  The Bennett Institute
2021-07-20T16:07:52.619245600Z                        Oxford University
2021-07-20T16:07:52.619250400Z 
2021-07-20T16:07:52.619254800Z Notes:
2021-07-20T16:07:52.619259200Z       1.  Unicode is supported; see help unicode_advice.
2021-07-20T16:07:52.619263700Z 
2021-07-20T16:07:52.619267800Z . do "analysis/14_multiple_imputation_analysis.wrapper.do" covid_icu W2 
2021-07-20T16:07:52.619272500Z 
2021-07-20T16:07:52.619276600Z . . do "analysis/14_multiple_imputation_analysis.do" covid_icu W2
2021-07-20T16:07:52.619281100Z 
2021-07-20T16:07:52.619285600Z . *************************************************************************
2021-07-20T16:07:52.619290300Z . 
2021-07-20T16:07:52.619294600Z . *Exposure children and COVID risk
2021-07-20T16:07:52.619299700Z .   
2021-07-20T16:07:52.619303600Z . *DO file name:  14_multiple_imputation_analysis
2021-07-20T16:07:52.619308000Z . 
2021-07-20T16:07:52.619312100Z . *Purpose: Using dataset with imputed ethnicity
2021-07-20T16:07:52.619316400Z . 
2021-07-20T16:07:52.619320900Z . *Requires: final analysis dataset (analysis_dataset.dta)
2021-07-20T16:07:52.619325500Z . 
2021-07-20T16:07:52.619329600Z . *Coding: HFORBES, based on Krishnan Bhaskaran
2021-07-20T16:07:52.619333900Z . 
2021-07-20T16:07:52.619338000Z . *Date drafted: 20th August 2020
2021-07-20T16:07:52.619342300Z . 
2021-07-20T16:07:52.619346300Z . *************************************************************************
2021-07-20T16:07:52.619350800Z . * Set globals that will print in programs and direct output
2021-07-20T16:07:52.619355700Z . global outdir     "output" 
2021-07-20T16:07:52.619373200Z 
2021-07-20T16:07:52.619378000Z . global logdir     "log"
2021-07-20T16:07:52.619382600Z 
2021-07-20T16:07:52.619387000Z . global tempdir    "tempdata"
2021-07-20T16:07:52.619392800Z 
2021-07-20T16:07:52.619397000Z . global demogadjlist  age1 age2 age3 i.male      `bmi' `smoking' `ethnicity'  
2021-07-20T16:07:52.619401600Z >    i.imd i.tot_adults_hh
2021-07-20T16:07:52.619406700Z 
2021-07-20T16:07:52.619411000Z . global comordidadjlist  i.htdiag_or_highbp                              ///
2021-07-20T16:07:52.619415800Z >                         i.chronic_respiratory_disease   ///
2021-07-20T16:07:52.619420700Z >                         i.asthma                                             
2021-07-20T16:07:52.619425400Z >    ///
2021-07-20T16:07:52.619429700Z >                         i.chronic_cardiac_disease               ///
2021-07-20T16:07:52.619434300Z >                         i.diabcat                                            
2021-07-20T16:07:52.619438800Z >    ///
2021-07-20T16:07:52.619445100Z >                         i.cancer_exhaem_cat                             ///
2021-07-20T16:07:52.619450100Z >                         i.cancer_haem_cat                               ///
2021-07-20T16:07:52.619455400Z >                         i.chronic_liver_disease                 ///
2021-07-20T16:07:52.619460200Z >                         i.stroke_dementia                               ///
2021-07-20T16:07:52.619464800Z >                         i.other_neuro                                   ///
2021-07-20T16:07:52.619469300Z >                         i.reduced_kidney_function_cat   ///
2021-07-20T16:07:52.619473700Z >                         i.esrd                                               
2021-07-20T16:07:52.619478200Z >    ///
2021-07-20T16:07:52.619482800Z >                         i.other_transplant                              ///
2021-07-20T16:07:52.619487600Z >                         i.asplenia                                           
2021-07-20T16:07:52.619492400Z >    ///
2021-07-20T16:07:52.619496900Z >                         i.ra_sle_psoriasis                      ///
2021-07-20T16:07:52.619501300Z >                         i.other_immuno          
2021-07-20T16:07:52.619505700Z 
2021-07-20T16:07:52.619509900Z . 
2021-07-20T16:07:52.619514100Z . local outcome `1' 
2021-07-20T16:07:52.619518800Z 
2021-07-20T16:07:52.619523300Z . local dataset `2' 
2021-07-20T16:07:52.619527500Z 
2021-07-20T16:07:52.619531600Z . 
2021-07-20T16:07:52.619535800Z . * Open a log file
2021-07-20T16:07:52.619539900Z . capture log close
2021-07-20T16:07:52.619548800Z 
2021-07-20T16:07:52.619553300Z . log using "$logdir/14_multiple_imputation_analysis_`outcome'`dataset'", text 
2021-07-20T16:07:52.619558400Z > replace
2021-07-20T16:07:52.619563000Z (note: file /workspace/log/14_multiple_imputation_analysis_covid_icuW2.log not 
2021-07-20T16:07:52.619567900Z > found)
2021-07-20T16:07:52.619572200Z -------------------------------------------------------------------------------
2021-07-20T16:07:52.619576800Z       name:  <unnamed>
2021-07-20T16:07:52.619581300Z        log:  /workspace/log/14_multiple_imputation_analysis_covid_icuW2.log
2021-07-20T16:07:52.619586000Z   log type:  text
2021-07-20T16:07:52.619590300Z  opened on:  20 Jul 2021, 16:07:52
2021-07-20T16:07:52.619594900Z 
2021-07-20T16:07:52.619599300Z . 
2021-07-20T16:07:52.619603600Z . 
2021-07-20T16:07:52.619608000Z . 
2021-07-20T16:07:52.619612000Z . forvalues x=0/1 {
2021-07-20T16:07:52.619616200Z   2. use "$tempdir/cr_imputed_analysis_dataset_STSET_`outcome'_ageband_`x'`data
2021-07-20T16:07:52.619620700Z > set'.dta", clear
2021-07-20T16:07:52.619625000Z   3. 
2021-07-20T16:07:52.619629600Z . *Fully adjusted
2021-07-20T16:07:52.619634000Z . mi estimate, hr:  stcox         i.kids_cat4      ///
2021-07-20T16:07:52.619638600Z >                         age1 age2 age3          ///
2021-07-20T16:07:52.619643300Z >                         i.male                                               
2021-07-20T16:07:52.619648000Z >    ///
2021-07-20T16:07:52.619652200Z >                         i.obese4cat                                     ///
2021-07-20T16:07:52.619656700Z >                         i.smoke_nomiss                                  ///
2021-07-20T16:07:52.619661300Z >                         i.imd                                           ///
2021-07-20T16:07:52.619666200Z >                         i.ethnicity                                     ///
2021-07-20T16:07:52.619671000Z >                         $comordidadjlist                                ///  
2021-07-20T16:07:52.619676100Z >    
2021-07-20T16:07:52.619681000Z >                         , strata(stp) vce(cluster household_id)  
2021-07-20T16:07:52.619685700Z   4. estimates
2021-07-20T16:07:52.619689900Z   5. estimates save ./output/an_sense_`outcome'_multiple_imputation_ageband_`x'
2021-07-20T16:07:52.619694300Z > `dataset', replace
2021-07-20T16:07:52.619698700Z   6. }
2021-07-20T16:10:02.702469700Z 
2021-07-20T16:10:02.702577900Z Multiple-imputation estimates                   Imputations       =         10
2021-07-20T16:10:02.702589900Z Stratified Cox regr.: Breslow method for ties   Number of obs     =     18,000
2021-07-20T16:10:02.704148100Z                                                 Average RVI       =     0.0057
2021-07-20T16:10:02.704191400Z                                                 Largest FMI       =     0.1467
2021-07-20T16:10:02.704332800Z DF adjustment:   Large sample                   DF:     min       =     441.05
2021-07-20T16:10:02.704365700Z                                                         avg       =   1.66e+11
2021-07-20T16:10:02.704426400Z                                                         max       =   2.16e+12
2021-07-20T16:10:02.704586200Z Model F test:       Equal FMI                   F(  40, 1.1e+07)  =       1.11
2021-07-20T16:10:02.704709100Z Within VCE type:       Robust                   Prob > F          =     0.2947
2021-07-20T16:10:02.704849800Z 
2021-07-20T16:10:02.793654300Z                       (Within VCE adjusted for 1,140 clusters in household_id)
2021-07-20T16:10:02.793692600Z ------------------------------------------------------------------------------
2021-07-20T16:10:02.793698700Z           _t | Haz. Ratio   Std. Err.      t    P>|t|     [95% Conf. Interval]
2021-07-20T16:10:02.793703700Z -------------+----------------------------------------------------------------
2021-07-20T16:10:02.793708200Z    kids_cat4 |
2021-07-20T16:10:02.814900100Z only <12 ..  |   1.047198   .0983586     0.49   0.623     .8711231    1.258863
2021-07-20T16:10:02.814955600Z  only 12-18  |   .8885152   .1307872    -0.80   0.422     .6658405    1.185658
2021-07-20T16:10:02.815054600Z       mixed  |   .9700193   .0836966    -0.35   0.724     .8190978    1.148749
2021-07-20T16:10:02.815082600Z              |
2021-07-20T16:10:02.815090700Z         age1 |   1.002102   .0056339     0.37   0.709     .9911209    1.013206
2021-07-20T16:10:02.815504100Z         age2 |   .9998999   .0171127    -0.01   0.995     .9669158    1.034009
2021-07-20T16:10:02.815950900Z         age3 |   .9999624   .0469137    -0.00   0.999     .9121141    1.096272
2021-07-20T16:10:02.816409000Z       1.male |   .9992222   .0287037    -0.03   0.978     .9445185    1.057094
2021-07-20T16:10:02.816422000Z              |
2021-07-20T16:10:02.816426600Z    obese4cat |
2021-07-20T16:10:02.816878200Z Obese I ..)  |   .9434029   .0396198    -1.39   0.165     .8688596    1.024342
2021-07-20T16:10:02.817233400Z Obese II..)  |   .9997969   .0509115    -0.00   0.997     .9048301    1.104731
2021-07-20T16:10:02.817699000Z Obese II..)  |   1.004359   .0603725     0.07   0.942     .8927354    1.129939
2021-07-20T16:10:02.817711400Z              |
2021-07-20T16:10:02.817716200Z smoke_nomiss |
2021-07-20T16:10:02.818129200Z      Former  |   .8472731   .0938218    -1.50   0.134     .6819721    1.052641
2021-07-20T16:10:02.818577500Z     Current  |    .954629    .045178    -0.98   0.327     .8700644    1.047413
2021-07-20T16:10:02.818589200Z              |
2021-07-20T16:10:02.818616800Z          imd |
2021-07-20T16:10:02.819003500Z           4  |   .9783214   .0359777    -0.60   0.551     .9102878     1.05144
2021-07-20T16:10:02.819792000Z 5 most de..  |   .9995501   .0490606    -0.01   0.993     .9078735    1.100484
2021-07-20T16:10:02.819839500Z              |
2021-07-20T16:10:02.819850500Z    ethnicity |
2021-07-20T16:10:02.820101500Z Asian or ..  |   1.038697   .0504145     0.78   0.434     .9444249    1.142379
2021-07-20T16:10:02.821100800Z       Other  |   1.004091   .0524469     0.08   0.938     .9061288    1.112645
2021-07-20T16:10:02.821114900Z              |
2021-07-20T16:10:02.822146500Z 1.htdiag_o~p |   1.057735   .0584033     1.02   0.309     .9492425    1.178626
2021-07-20T16:10:02.822676900Z 1.~y_disease |   1.006547   .0343156     0.19   0.848     .9414875    1.076102
2021-07-20T16:10:02.823171800Z     1.asthma |   1.047319   .0547099     0.89   0.376     .9453959     1.16023
2021-07-20T16:10:02.823643500Z 1.~c_disease |   .9315955   .0331246    -1.99   0.046     .8688831    .9988342
2021-07-20T16:10:02.823656400Z              |
2021-07-20T16:10:02.823661500Z      diabcat |
2021-07-20T16:10:02.824081800Z T1DM, con..  |   1.065703   .0989095     0.69   0.493     .8884541    1.278314
2021-07-20T16:10:02.824451000Z T1DM, unc..  |   .7929798   .1585691    -1.16   0.246     .5358592    1.173474
2021-07-20T16:10:02.825906200Z T2DM, con..  |   1.054041   .0388982     1.43   0.154     .9804933    1.133105
2021-07-20T16:10:02.826157600Z T2DM, unc..  |   .9460509   .0759198    -0.69   0.490     .8083628    1.107191
2021-07-20T16:10:02.826167900Z Diabetes,..  |   2.091629   .9490034     1.63   0.104     .8595712    5.089646
2021-07-20T16:10:02.826172800Z              |
2021-07-20T16:10:02.826177300Z cancer_exh~t |
2021-07-20T16:10:02.826728600Z   Last year  |   .4879215   .1586259    -2.21   0.027         .258    .9227418
2021-07-20T16:10:02.826743200Z 2-5 years..  |   1.046385   .1181467     0.40   0.688     .8386539     1.30557
2021-07-20T16:10:02.826846800Z    5+ years  |   .9547248   .0390248    -1.13   0.257     .8812212    1.034359
2021-07-20T16:10:02.828041200Z              |
2021-07-20T16:10:02.828054900Z cancer_hae~t |
2021-07-20T16:10:02.828059900Z   Last year  |   .6398609   .1730738    -1.65   0.099     .3765711    1.087237
2021-07-20T16:10:02.828074500Z 2-5 years..  |   1.249119   .1311068     2.12   0.034     1.016862    1.534424
2021-07-20T16:10:02.828115400Z    5+ years  |   .9804969   .0358155    -0.54   0.590     .9127538    1.053268
2021-07-20T16:10:02.828142000Z              |
2021-07-20T16:10:02.828735400Z 1.~r_disease |    .986487    .035218    -0.38   0.703     .9198205    1.057985
2021-07-20T16:10:02.830085600Z 1.stroke_d~a |   .9794688   .0349128    -0.58   0.561     .9133765    1.050344
2021-07-20T16:10:02.830110900Z 1.other_ne~o |   .9997134   .0347883    -0.01   0.993     .9338029    1.070276
2021-07-20T16:10:02.830132100Z              |
2021-07-20T16:10:02.830137400Z reduced_ki~t |
2021-07-20T16:10:02.830266500Z Stage 3a/..  |   1.084303   .2381783     0.37   0.713     .7049781     1.66773
2021-07-20T16:10:02.831104700Z       1.esrd |   .9918697   .0297914    -0.27   0.786     .9351651    1.052013
2021-07-20T16:10:02.831802500Z 1.other_tr~t |   1.008395   .0364032     0.23   0.817     .9395118    1.082329
2021-07-20T16:10:02.832180000Z   1.asplenia |   .9900832   .0344964    -0.29   0.775     .9247283    1.060057
2021-07-20T16:10:02.832593200Z 1.ra_sle_p~s |   1.025941   .0380587     0.69   0.490     .9539948    1.103314
2021-07-20T16:10:02.846364700Z 1.other_im~o |    1.06667   .0330718     2.08   0.037      1.00378    1.133499
2021-07-20T16:10:02.846389600Z ------------------------------------------------------------------------------
2021-07-20T16:10:02.853405000Z 
2021-07-20T16:10:02.853426400Z -------------------------------------------------------------------------------
2021-07-20T16:10:02.853605800Z active results
2021-07-20T16:10:02.853618300Z -------------------------------------------------------------------------------
2021-07-20T16:10:02.859144100Z 
2021-07-20T16:10:02.859470200Z Multiple-imputation estimates                   Imputations       =         10
2021-07-20T16:10:02.859814100Z Stratified Cox regr.: Breslow method for ties   Number of obs     =     18,000
2021-07-20T16:10:02.861401100Z                                                 Average RVI       =     0.0057
2021-07-20T16:10:02.861503600Z                                                 Largest FMI       =     0.1467
2021-07-20T16:10:02.861515800Z DF adjustment:   Large sample                   DF:     min       =     441.05
2021-07-20T16:10:02.861749400Z                                                         avg       =   1.66e+11
2021-07-20T16:10:02.861844900Z                                                         max       =   2.16e+12
2021-07-20T16:10:02.862102400Z Model F test:       Equal FMI                   F(  40, 1.1e+07)  =       1.11
2021-07-20T16:10:02.862305300Z Within VCE type:       Robust                   Prob > F          =     0.2947
2021-07-20T16:10:02.862321200Z 
2021-07-20T16:10:02.884222000Z                       (Within VCE adjusted for 1,140 clusters in household_id)
2021-07-20T16:10:02.884256300Z ------------------------------------------------------------------------------
2021-07-20T16:10:02.884262500Z           _t |      Coef.   Std. Err.      t    P>|t|     [95% Conf. Interval]
2021-07-20T16:10:02.884267400Z -------------+----------------------------------------------------------------
2021-07-20T16:10:02.884286800Z    kids_cat4 |
2021-07-20T16:10:02.884885400Z only <12 ..  |   .0461185   .0939254     0.49   0.623     -.137972     .230209
2021-07-20T16:10:02.885232200Z  only 12-18  |  -.1182035   .1471974    -0.80   0.422    -.4067052    .1702981
2021-07-20T16:10:02.885515600Z       mixed  |  -.0304393   .0862835    -0.35   0.724    -.1995518    .1386732
2021-07-20T16:10:02.885694700Z              |
2021-07-20T16:10:02.886108000Z         age1 |   .0021003   .0056221     0.37   0.709    -.0089188    .0131193
2021-07-20T16:10:02.886596200Z         age2 |  -.0001001   .0171145    -0.01   0.995    -.0336438    .0334436
2021-07-20T16:10:02.887022400Z         age3 |  -.0000376   .0469154    -0.00   0.999    -.0919901    .0919149
2021-07-20T16:10:02.887501000Z       1.male |  -.0007781    .028726    -0.03   0.978      -.05708    .0555239
2021-07-20T16:10:02.887590700Z              |
2021-07-20T16:10:02.887601900Z    obese4cat |
2021-07-20T16:10:02.887961000Z Obese I ..)  |  -.0582618   .0419967    -1.39   0.165    -.1405737    .0240501
2021-07-20T16:10:02.888258200Z Obese II..)  |  -.0002031   .0509219    -0.00   0.997    -.1000081    .0996019
2021-07-20T16:10:02.889801400Z Obese II..)  |   .0043492   .0601105     0.07   0.942    -.1134651    .1221636
2021-07-20T16:10:02.889826200Z              |
2021-07-20T16:10:02.889831800Z smoke_nomiss |
2021-07-20T16:10:02.889836400Z      Former  |  -.1657322   .1107339    -1.50   0.134    -.3827665    .0513022
2021-07-20T16:10:02.889937800Z     Current  |  -.0464325   .0473252    -0.98   0.327    -.1391881    .0463232
2021-07-20T16:10:02.889967900Z              |
2021-07-20T16:10:02.890043800Z          imd |
2021-07-20T16:10:02.890335900Z           4  |   -.021917   .0367749    -0.60   0.551    -.0939945    .0501605
2021-07-20T16:10:02.891568300Z 5 most de..  |    -.00045   .0490826    -0.01   0.993    -.0966503    .0957502
2021-07-20T16:10:02.891585500Z              |
2021-07-20T16:10:02.891590900Z    ethnicity |
2021-07-20T16:10:02.891595400Z Asian or ..  |   .0379671   .0485363     0.78   0.434    -.0571791    .1331134
2021-07-20T16:10:02.891675000Z       Other  |    .004083   .0522332     0.08   0.938    -.0985738    .1067399
2021-07-20T16:10:02.891703100Z              |
2021-07-20T16:10:02.892847200Z 1.htdiag_o~p |   .0561294   .0552155     1.02   0.309     -.052091    .1643497
2021-07-20T16:10:02.892862700Z 1.~y_disease |   .0065257   .0340924     0.19   0.848    -.0602942    .0733456
2021-07-20T16:10:02.892868900Z     1.asthma |   .0462332   .0522381     0.89   0.376    -.0561515     .148618
2021-07-20T16:10:02.893443500Z 1.~c_disease |  -.0708566   .0355568    -1.99   0.046    -.1405467   -.0011665
2021-07-20T16:10:02.893503800Z              |
2021-07-20T16:10:02.893515900Z      diabcat |
2021-07-20T16:10:02.894069100Z T1DM, con..  |   .0636349   .0928115     0.69   0.493    -.1182723    .2455421
2021-07-20T16:10:02.894085000Z T1DM, unc..  |  -.2319575   .1999661    -1.16   0.246    -.6238838    .1599689
2021-07-20T16:10:02.894571800Z T2DM, con..  |   .0526309   .0369039     1.43   0.154    -.0196995    .1249613
2021-07-20T16:10:02.894918100Z T2DM, unc..  |  -.0554589   .0802491    -0.69   0.490    -.2127443    .1018265
2021-07-20T16:10:02.895313700Z Diabetes,..  |   .7379433   .4537149     1.63   0.104    -.1513217    1.627208
2021-07-20T16:10:02.895327700Z              |
2021-07-20T16:10:02.895332900Z cancer_exh~t |
2021-07-20T16:10:02.896551500Z   Last year  |  -.7176008   .3251054    -2.21   0.027    -1.354796   -.0804059
2021-07-20T16:10:02.896569800Z 2-5 years..  |   .0453412   .1129094     0.40   0.688    -.1759571    .2666396
2021-07-20T16:10:02.898487600Z    5+ years  |  -.0463321   .0408755    -1.13   0.257    -.1264466    .0337823
2021-07-20T16:10:02.898501300Z              |
2021-07-20T16:10:02.898506400Z cancer_hae~t |
2021-07-20T16:10:02.898510900Z   Last year  |  -.4465044   .2704866    -1.65   0.099    -.9766484    .0836395
2021-07-20T16:10:02.898515600Z 2-5 years..  |   .2224385   .1049594     2.12   0.034     .0167219    .4281551
2021-07-20T16:10:02.898539800Z    5+ years  |  -.0196958   .0365279    -0.54   0.590    -.0912891    .0518975
2021-07-20T16:10:02.898545800Z              |
2021-07-20T16:10:02.898790500Z 1.~r_disease |  -.0136052   .0357004    -0.38   0.703    -.0835767    .0563664
2021-07-20T16:10:02.899063700Z 1.stroke_d~a |  -.0207449   .0356446    -0.58   0.561    -.0906071    .0491173
2021-07-20T16:10:02.899567600Z 1.other_ne~o |  -.0002866   .0347982    -0.01   0.993    -.0684899    .0679167
2021-07-20T16:10:02.899580300Z              |
2021-07-20T16:10:02.899585600Z reduced_ki~t |
2021-07-20T16:10:02.900142400Z Stage 3a/..  |   .0809376   .2196602     0.37   0.713    -.3495886    .5114637
2021-07-20T16:10:02.900591500Z       1.esrd |  -.0081635   .0300356    -0.27   0.786    -.0670322    .0507053
2021-07-20T16:10:02.901068900Z 1.other_tr~t |   .0083601   .0361001     0.23   0.817    -.0623948     .079115
2021-07-20T16:10:02.901473300Z   1.asplenia |  -.0099663    .034842    -0.29   0.775    -.0782553    .0583227
2021-07-20T16:10:02.902038500Z 1.ra_sle_p~s |   .0256105   .0370964     0.69   0.490    -.0470971     .098318
2021-07-20T16:10:02.904269500Z 1.other_im~o |   .0645415   .0310047     2.08   0.037     .0037733    .1253096
2021-07-20T16:10:02.904305200Z ------------------------------------------------------------------------------
2021-07-20T16:10:02.933919300Z (note: file ./output/an_sense_covid_icu_multiple_imputation_ageband_0W2.ster no
2021-07-20T16:10:02.933931200Z > t found)
2021-07-20T16:10:02.933936700Z file ./output/an_sense_covid_icu_multiple_imputation_ageband_0W2.ster saved
2021-07-20T16:10:28.995372900Z 
2021-07-20T16:10:28.995402500Z Multiple-imputation estimates                   Imputations       =         10
2021-07-20T16:10:28.995409100Z Stratified Cox regr.: Breslow method for ties   Number of obs     =      5,015
2021-07-20T16:10:28.996935800Z                                                 Average RVI       =     0.0044
2021-07-20T16:10:28.996976400Z                                                 Largest FMI       =     0.0817
2021-07-20T16:10:28.996982300Z DF adjustment:   Large sample                   DF:     min       =   1,392.46
2021-07-20T16:10:28.996987800Z                                                         avg       =   1.02e+09
2021-07-20T16:10:28.997403500Z                                                         max       =   5.95e+09
2021-07-20T16:10:28.997416800Z Model F test:       Equal FMI                   F(  40, 1.8e+07)  =       0.85
2021-07-20T16:10:28.997537100Z Within VCE type:       Robust                   Prob > F          =     0.7436
2021-07-20T16:10:28.997833500Z 
2021-07-20T16:10:29.012256600Z                         (Within VCE adjusted for 933 clusters in household_id)
2021-07-20T16:10:29.012296400Z ------------------------------------------------------------------------------
2021-07-20T16:10:29.012304600Z           _t | Haz. Ratio   Std. Err.      t    P>|t|     [95% Conf. Interval]
2021-07-20T16:10:29.012309600Z -------------+----------------------------------------------------------------
2021-07-20T16:10:29.012314000Z    kids_cat4 |
2021-07-20T16:10:29.012575500Z only <12 ..  |    .847686   .1587259    -0.88   0.378     .5872876    1.223543
2021-07-20T16:10:29.012871700Z  only 12-18  |   .7160698   .1941232    -1.23   0.218      .420919    1.218182
2021-07-20T16:10:29.013183200Z       mixed  |   .8248143   .1418202    -1.12   0.263     .5888422     1.15535
2021-07-20T16:10:29.013198400Z              |
2021-07-20T16:10:29.013491600Z         age1 |   1.017806   .0244267     0.74   0.462     .9710389    1.066825
2021-07-20T16:10:29.013765000Z         age2 |    .948904   .1203796    -0.41   0.679     .7400097    1.216766
2021-07-20T16:10:29.014090100Z         age3 |   1.086648   .2730469     0.33   0.741     .6640543    1.778173
2021-07-20T16:10:29.014488400Z       1.male |   1.125579   .0621212     2.14   0.032     1.010178    1.254164
2021-07-20T16:10:29.014500400Z              |
2021-07-20T16:10:29.014504900Z    obese4cat |
2021-07-20T16:10:29.014856900Z Obese I ..)  |   .9163005    .074482    -1.08   0.282     .7813535    1.074554
2021-07-20T16:10:29.015167100Z Obese II..)  |   .9705804   .0898154    -0.32   0.747     .8095864     1.16359
2021-07-20T16:10:29.015590800Z Obese II..)  |   .9052244   .1078174    -0.84   0.403     .7167591    1.143245
2021-07-20T16:10:29.015606600Z              |
2021-07-20T16:10:29.015612000Z smoke_nomiss |
2021-07-20T16:10:29.015994100Z      Former  |   1.549329   .2659377     2.55   0.011     1.106719    2.168951
2021-07-20T16:10:29.016598300Z     Current  |   .9459429   .0787104    -0.67   0.504      .803596    1.113505
2021-07-20T16:10:29.016623100Z              |
2021-07-20T16:10:29.016631900Z          imd |
2021-07-20T16:10:29.017139800Z           4  |   .9558242   .0660197    -0.65   0.513     .8348044    1.094388
2021-07-20T16:10:29.017523400Z 5 most de..  |   .9991328   .0914262    -0.01   0.992     .8350906    1.195399
2021-07-20T16:10:29.017538200Z              |
2021-07-20T16:10:29.017543100Z    ethnicity |
2021-07-20T16:10:29.017897600Z Asian or ..  |   1.153329   .1042363     1.58   0.115     .9659839    1.377008
2021-07-20T16:10:29.018238200Z       Other  |   .9938537   .0949479    -0.06   0.949     .8240092    1.198706
2021-07-20T16:10:29.018250800Z              |
2021-07-20T16:10:29.018703200Z 1.htdiag_o~p |   .9874773   .0989544    -0.13   0.900     .8113884    1.201781
2021-07-20T16:10:29.019090600Z 1.~y_disease |   .9895438   .0683501    -0.15   0.879     .8642524    1.132999
2021-07-20T16:10:29.019460600Z     1.asthma |   1.037049   .1024729     0.37   0.713     .8544573    1.258659
2021-07-20T16:10:29.019855100Z 1.~c_disease |   .9777427   .0616005    -0.36   0.721     .8641646    1.106248
2021-07-20T16:10:29.019867900Z              |
2021-07-20T16:10:29.019872500Z      diabcat |
2021-07-20T16:10:29.020239900Z T1DM, con..  |    .891115   .1635357    -0.63   0.530     .6219034    1.276864
2021-07-20T16:10:29.020549900Z T1DM, unc..  |   .7503533   .3115358    -0.69   0.489     .3325518     1.69306
2021-07-20T16:10:29.020826400Z T2DM, con..  |   .9357407   .0682423    -0.91   0.362     .8111078    1.079524
2021-07-20T16:10:29.021323600Z T2DM, unc..  |   .8519625   .1383303    -0.99   0.324      .619746     1.17119
2021-07-20T16:10:29.021656300Z Diabetes,..  |   2.846846    1.59997     1.86   0.063     .9461844    8.565488
2021-07-20T16:10:29.021669800Z              |
2021-07-20T16:10:29.021674600Z cancer_exh~t |
2021-07-20T16:10:29.022020000Z   Last year  |   1.026908   .3932148     0.07   0.945     .4848385    2.175036
2021-07-20T16:10:29.022307000Z 2-5 years..  |   1.222283   .2623501     0.94   0.350     .8025464    1.861543
2021-07-20T16:10:29.022619000Z    5+ years  |   1.072996   .0752086     1.01   0.315     .9352672    1.231008
2021-07-20T16:10:29.022630000Z              |
2021-07-20T16:10:29.022635300Z cancer_hae~t |
2021-07-20T16:10:29.022939400Z   Last year  |   .7744602   .3630338    -0.55   0.586      .309024    1.940912
2021-07-20T16:10:29.023227900Z 2-5 years..  |   .9972057   .2226935    -0.01   0.990     .6437192    1.544803
2021-07-20T16:10:29.023597200Z    5+ years  |     .98684   .0687526    -0.19   0.849     .8608828    1.131226
2021-07-20T16:10:29.023611200Z              |
2021-07-20T16:10:29.023968900Z 1.~r_disease |   1.004029   .0664547     0.06   0.952      .881875    1.143104
2021-07-20T16:10:29.024342100Z 1.stroke_d~a |   .9831777   .0673603    -0.25   0.804     .8596343    1.124476
2021-07-20T16:10:29.024629900Z 1.other_ne~o |    .974025   .0669687    -0.38   0.702     .8512283    1.114536
2021-07-20T16:10:29.024659300Z              |
2021-07-20T16:10:29.024664800Z reduced_ki~t |
2021-07-20T16:10:29.025025200Z Stage 3a/..  |   1.131707   .1682949     0.83   0.405     .8455758     1.51466
2021-07-20T16:10:29.025331300Z       1.esrd |   .9112054   .0535566    -1.58   0.114     .8120568    1.022459
2021-07-20T16:10:29.025616300Z 1.other_tr~t |   1.110539   .0751617     1.55   0.121     .9725776    1.268071
2021-07-20T16:10:29.026026500Z   1.asplenia |   1.003571   .0702198     0.05   0.959     .8749626    1.151083
2021-07-20T16:10:29.026397900Z 1.ra_sle_p~s |   1.037558   .0725706     0.53   0.598      .904641    1.190004
2021-07-20T16:10:29.027763600Z 1.other_im~o |   .9585377   .0564013    -0.72   0.472     .8541294    1.075709
2021-07-20T16:10:29.027777400Z ------------------------------------------------------------------------------
2021-07-20T16:10:29.031684300Z 
2021-07-20T16:10:29.031707700Z -------------------------------------------------------------------------------
2021-07-20T16:10:29.031713700Z active results
2021-07-20T16:10:29.031718300Z -------------------------------------------------------------------------------
2021-07-20T16:10:29.035037100Z 
2021-07-20T16:10:29.035052900Z Multiple-imputation estimates                   Imputations       =         10
2021-07-20T16:10:29.035059700Z Stratified Cox regr.: Breslow method for ties   Number of obs     =      5,015
2021-07-20T16:10:29.036144800Z                                                 Average RVI       =     0.0044
2021-07-20T16:10:29.036161600Z                                                 Largest FMI       =     0.0817
2021-07-20T16:10:29.036167400Z DF adjustment:   Large sample                   DF:     min       =   1,392.46
2021-07-20T16:10:29.036476100Z                                                         avg       =   1.02e+09
2021-07-20T16:10:29.036491800Z                                                         max       =   5.95e+09
2021-07-20T16:10:29.036497200Z Model F test:       Equal FMI                   F(  40, 1.8e+07)  =       0.85
2021-07-20T16:10:29.036501800Z Within VCE type:       Robust                   Prob > F          =     0.7436
2021-07-20T16:10:29.036557900Z 
2021-07-20T16:10:29.048756700Z                         (Within VCE adjusted for 933 clusters in household_id)
2021-07-20T16:10:29.048778500Z ------------------------------------------------------------------------------
2021-07-20T16:10:29.048783500Z           _t |      Coef.   Std. Err.      t    P>|t|     [95% Conf. Interval]
2021-07-20T16:10:29.048788100Z -------------+----------------------------------------------------------------
2021-07-20T16:10:29.048792400Z    kids_cat4 |
2021-07-20T16:10:29.049030700Z only <12 ..  |   -.165245   .1872461    -0.88   0.378    -.5322406    .2017505
2021-07-20T16:10:29.049276600Z  only 12-18  |  -.3339776   .2710954    -1.23   0.218    -.8653148    .1973596
2021-07-20T16:10:29.049523500Z       mixed  |   -.192597   .1719419    -1.12   0.263     -.529597     .144403
2021-07-20T16:10:29.049545800Z              |
2021-07-20T16:10:29.049814900Z         age1 |   .0176491   .0239994     0.74   0.462    -.0293888     .064687
2021-07-20T16:10:29.050029400Z         age2 |  -.0524476   .1268617    -0.41   0.679     -.301092    .1961968
2021-07-20T16:10:29.050313300Z         age3 |   .0830976   .2512745     0.33   0.741    -.4093914    .5755865
2021-07-20T16:10:29.050578200Z       1.male |   .1182978   .0551904     2.14   0.032     .0101266    .2264689
2021-07-20T16:10:29.050591000Z              |
2021-07-20T16:10:29.050595600Z    obese4cat |
2021-07-20T16:10:29.050858800Z Obese I ..)  |  -.0874109   .0812855    -1.08   0.282    -.2467276    .0719058
2021-07-20T16:10:29.051132700Z Obese II..)  |   -.029861   .0925378    -0.32   0.747    -.2112318    .1515098
2021-07-20T16:10:29.051459600Z Obese II..)  |  -.0995724   .1191058    -0.84   0.403    -.3330154    .1338706
2021-07-20T16:10:29.051471900Z              |
2021-07-20T16:10:29.051476500Z smoke_nomiss |
2021-07-20T16:10:29.051688900Z      Former  |   .4378217    .171647     2.55   0.011     .1013996    .7742437
2021-07-20T16:10:29.051990600Z     Current  |  -.0555731   .0832084    -0.67   0.504    -.2186586    .1075125
2021-07-20T16:10:29.052003400Z              |
2021-07-20T16:10:29.052009000Z          imd |
2021-07-20T16:10:29.052290100Z           4  |  -.0451813   .0690709    -0.65   0.513    -.1805578    .0901952
2021-07-20T16:10:29.052575400Z 5 most de..  |  -.0008675   .0915055    -0.01   0.992     -.180215      .17848
2021-07-20T16:10:29.052587400Z              |
2021-07-20T16:10:29.052592900Z    ethnicity |
2021-07-20T16:10:29.052915300Z Asian or ..  |   .1426526   .0903786     1.58   0.115    -.0346081    .3199132
2021-07-20T16:10:29.053163800Z       Other  |  -.0061652   .0955351    -0.06   0.949    -.1935735    .1812431
2021-07-20T16:10:29.053175200Z              |
2021-07-20T16:10:29.053654900Z 1.htdiag_o~p |  -.0126018   .1002093    -0.13   0.900    -.2090084    .1838048
2021-07-20T16:10:29.053989700Z 1.~y_disease |  -.0105112   .0690723    -0.15   0.879    -.1458905     .124868
2021-07-20T16:10:29.054305400Z     1.asthma |   .0363792    .098812     0.37   0.713    -.1572887    .2300471
2021-07-20T16:10:29.054654300Z 1.~c_disease |  -.0225087   .0630028    -0.36   0.721     -.145992    .1009745
2021-07-20T16:10:29.054667000Z              |
2021-07-20T16:10:29.054673100Z      diabcat |
2021-07-20T16:10:29.054962300Z T1DM, con..  |  -.1152818    .183518    -0.63   0.530    -.4749705    .2444069
2021-07-20T16:10:29.055160500Z T1DM, unc..  |  -.2872111   .4151855    -0.69   0.489     -1.10096    .5265375
2021-07-20T16:10:29.055507900Z T2DM, con..  |  -.0664168   .0729286    -0.91   0.362    -.2093543    .0765206
2021-07-20T16:10:29.055735500Z T2DM, unc..  |  -.1602127   .1623667    -0.99   0.324    -.4784455    .1580201
2021-07-20T16:10:29.056093200Z Diabetes,..  |   1.046212   .5620152     1.86   0.063    -.0553178    2.147741
2021-07-20T16:10:29.056135100Z              |
2021-07-20T16:10:29.056146800Z cancer_exh~t |
2021-07-20T16:10:29.056346900Z   Last year  |   .0265528   .3829113     0.07   0.945    -.7239395    .7770451
2021-07-20T16:10:29.056749100Z 2-5 years..  |   .2007201   .2146395     0.94   0.350    -.2199656    .6214058
2021-07-20T16:10:29.057072600Z    5+ years  |    .070455   .0700921     1.01   0.315     -.066923    .2078331
2021-07-20T16:10:29.057085500Z              |
2021-07-20T16:10:29.057091000Z cancer_hae~t |
2021-07-20T16:10:29.057403800Z   Last year  |   -.255589   .4687572    -0.55   0.586    -1.174336    .6631582
2021-07-20T16:10:29.057666400Z 2-5 years..  |  -.0027983   .2233176    -0.01   0.990    -.4404926    .4348961
2021-07-20T16:10:29.058008000Z    5+ years  |  -.0132474   .0696694    -0.19   0.849    -.1497969    .1233022
2021-07-20T16:10:29.058018600Z              |
2021-07-20T16:10:29.058351900Z 1.~r_disease |   .0040211    .066188     0.06   0.952     -.125705    .1337472
2021-07-20T16:10:29.058687300Z 1.stroke_d~a |  -.0169654   .0685129    -0.25   0.804    -.1512482    .1173174
2021-07-20T16:10:29.059080600Z 1.other_ne~o |  -.0263183   .0687546    -0.38   0.702    -.1610749    .1084383
2021-07-20T16:10:29.059091000Z              |
2021-07-20T16:10:29.059095300Z reduced_ki~t |
2021-07-20T16:10:29.059486600Z Stage 3a/..  |   .1237267   .1487089     0.83   0.405    -.1677374    .4151908
2021-07-20T16:10:29.059818100Z       1.esrd |   -.092987   .0587756    -1.58   0.114    -.2081849     .022211
2021-07-20T16:10:29.060139000Z 1.other_tr~t |   .1048456   .0676804     1.55   0.121    -.0278054    .2374967
2021-07-20T16:10:29.060451200Z   1.asplenia |   .0035644   .0699699     0.05   0.959    -.1335742     .140703
2021-07-20T16:10:29.060781700Z 1.ra_sle_p~s |   .0368699   .0699436     0.53   0.598    -.1002171    .1739568
2021-07-20T16:10:29.062104300Z 1.other_im~o |  -.0423464    .058841    -0.72   0.472    -.1576726    .0729798
2021-07-20T16:10:29.062144700Z ------------------------------------------------------------------------------
2021-07-20T16:10:29.082186500Z (note: file ./output/an_sense_covid_icu_multiple_imputation_ageband_1W2.ster no
2021-07-20T16:10:29.082214200Z > t found)
2021-07-20T16:10:29.082219500Z file ./output/an_sense_covid_icu_multiple_imputation_ageband_1W2.ster saved
2021-07-20T16:10:29.082224000Z 
2021-07-20T16:10:29.082228000Z . 
2021-07-20T16:10:29.082231900Z . log close
2021-07-20T16:10:29.082504100Z       name:  <unnamed>
2021-07-20T16:10:29.082520300Z        log:  /workspace/log/14_multiple_imputation_analysis_covid_icuW2.log
2021-07-20T16:10:29.082525300Z   log type:  text
2021-07-20T16:10:29.082528800Z  closed on:  20 Jul 2021, 16:10:29
2021-07-20T16:10:29.082556700Z -------------------------------------------------------------------------------
2021-07-20T16:10:29.082561100Z 
2021-07-20T16:10:29.082564700Z . 
2021-07-20T16:10:29.082568300Z . 
2021-07-20T16:10:29.082572200Z end of do-file
2021-07-20T16:10:29.082576100Z 
2021-07-20T16:10:29.082579700Z . . file open output using "/tmp/tmp.MY27X48ZY6", write text replace
2021-07-20T16:10:29.083158000Z 
2021-07-20T16:10:29.083239900Z . . file write output "success" 
2021-07-20T16:10:29.083247200Z 
2021-07-20T16:10:29.083251300Z . . file close output
2021-07-20T16:10:29.083255200Z 
2021-07-20T16:10:29.083259300Z . 
2021-07-20T16:10:29.083263400Z end of do-file
2021-07-20T16:10:29.083267600Z 
2021-07-20T16:10:29.083271700Z 
2021-07-20T16:10:29.112392400Z . 

state: succeeded
commit: none
docker_image_id: sha256:11980aa720220a1b39bf523f5a8a33270214c13876c30ee364e16265766f7f60
exit_code: 0
job_id: ltffklov6aqqtyyu
run_by_user: qc18278
created_at: 2021-07-20T15:38:48Z
started_at: 2021-07-20T16:07:52Z
completed_at: 2021-07-20T16:10:37Z

Completed successfully

outputs:
  log/14_multiple_imputation_analysis_covid_icuW2.log             - moderately_sensitive
  output/an_sense_covid_icu_multiple_imputation_ageband_0W2.ster  - moderately_sensitive
  output/an_sense_covid_icu_multiple_imputation_ageband_1W2.ster  - moderately_sensitive