2021-07-20T16:09:54.676556400Z 
2021-07-20T16:09:54.676625200Z   ___  ____  ____  ____  ____ (R)
2021-07-20T16:09:54.676633800Z  /__    /   ____/   /   ____/
2021-07-20T16:09:54.676638800Z ___/   /   /___/   /   /___/   16.1   Copyright 1985-2019 StataCorp LLC
2021-07-20T16:09:54.676643500Z   Statistics/Data Analysis            StataCorp
2021-07-20T16:09:54.676648100Z                                       4905 Lakeway Drive
2021-07-20T16:09:54.676653000Z                                       College Station, Texas 77845 USA
2021-07-20T16:09:54.676657800Z                                       800-STATA-PC        http://www.stata.com
2021-07-20T16:09:54.676661100Z                                       979-696-4600        stata@stata.com
2021-07-20T16:09:54.676664100Z                                       979-696-4601 (fax)
2021-07-20T16:09:54.676666900Z 
2021-07-20T16:09:54.676669500Z 3-user Stata network license expires 11 May 2022:
2021-07-20T16:09:54.676672300Z        Serial number:  501709312237
2021-07-20T16:09:54.676675000Z          Licensed to:  The Bennett Institute
2021-07-20T16:09:54.676677900Z                        Oxford University
2021-07-20T16:09:54.676680700Z 
2021-07-20T16:09:54.676683400Z Notes:
2021-07-20T16:09:54.676686200Z       1.  Unicode is supported; see help unicode_advice.
2021-07-20T16:09:54.676689000Z 
2021-07-20T16:09:54.676691600Z . do "analysis/WORMS_07a_an_multivariable_cox_models_demogADJ.wrapper.do" worms
2021-07-20T16:09:54.676694600Z >  
2021-07-20T16:09:54.676698000Z 
2021-07-20T16:09:54.676700900Z . . do "analysis/WORMS_07a_an_multivariable_cox_models_demogADJ.do" worms
2021-07-20T16:09:54.676704100Z 
2021-07-20T16:09:54.676707300Z . *****************************************************************************
2021-07-20T16:09:54.676712100Z > ***
2021-07-20T16:09:54.676718300Z . *
2021-07-20T16:09:54.676887100Z . *       Do-file:                WORMS_07a_an_multivariable_cox_models_demogAD
2021-07-20T16:09:54.676907100Z > J.do
2021-07-20T16:09:54.676913300Z . *
2021-07-20T16:09:54.676917800Z . *       Project:                Exposure children and COVID risk
2021-07-20T16:09:54.676922600Z . *
2021-07-20T16:09:54.676926900Z . *       Programmed by:  Hforbes, based on files from Fizz & Krishnan
2021-07-20T16:09:54.676931700Z . *
2021-07-20T16:09:54.676936000Z . *       Data used:              analysis_dataset.dta
2021-07-20T16:09:54.676940800Z . *
2021-07-20T16:09:54.676945200Z . *       Data created:   None
2021-07-20T16:09:54.676949500Z . *
2021-07-20T16:09:54.676953800Z . *       Other output:   Log file:  WORMS_07a_an_multivariable_cox_models_demo
2021-07-20T16:09:54.676958700Z > gADJ.log
2021-07-20T16:09:54.676974900Z . *
2021-07-20T16:09:54.676979700Z . *****************************************************************************
2021-07-20T16:09:54.676984400Z > ***
2021-07-20T16:09:54.676988900Z . *
2021-07-20T16:09:54.676993400Z . *       Purpose:                This do-file performs multivariable (fully ad
2021-07-20T16:09:54.677000300Z > justed)
2021-07-20T16:09:54.677004900Z . *                                       Cox models.
2021-07-20T16:09:54.677009500Z . *
2021-07-20T16:09:54.677013800Z . *****************************************************************************
2021-07-20T16:09:54.677018400Z > ***
2021-07-20T16:09:54.677022700Z . *
2021-07-20T16:09:54.677027000Z . *       Stata routines needed:  stbrier
2021-07-20T16:09:54.677031600Z . *
2021-07-20T16:09:54.677036400Z . *****************************************************************************
2021-07-20T16:09:54.677041200Z > ***
2021-07-20T16:09:54.677045700Z . * Set globals that will print in programs and direct output
2021-07-20T16:09:54.677050100Z . global outdir     "output"
2021-07-20T16:09:54.677054600Z 
2021-07-20T16:09:54.677058800Z . global logdir     "log"
2021-07-20T16:09:54.677063500Z 
2021-07-20T16:09:54.677068000Z . global tempdir    "tempdata"
2021-07-20T16:09:54.677076100Z 
2021-07-20T16:09:54.677081200Z . local outcome `1'
2021-07-20T16:09:54.677085800Z 
2021-07-20T16:09:54.677090000Z . 
2021-07-20T16:09:54.677094300Z . 
2021-07-20T16:09:54.677098600Z . *****************************************************************************
2021-07-20T16:09:54.677103300Z > *******
2021-07-20T16:09:54.677108000Z . *First clean up all old saved estimates for this outcome
2021-07-20T16:09:54.677112800Z . *This is to guard against accidentally displaying left-behind results from ol
2021-07-20T16:09:54.677142600Z > d runs
2021-07-20T16:09:54.677152400Z . *****************************************************************************
2021-07-20T16:09:54.677157200Z > *******
2021-07-20T16:09:54.677161900Z . cap erase ./output/an_multivariate_cox_models_`outcome'_DEMOGADJ_agespline_bm
2021-07-20T16:09:54.677166700Z > icat_noeth.ster
2021-07-20T16:09:54.677171100Z 
2021-07-20T16:09:54.677175500Z . cap erase ./output/an_multivariate_cox_models_`outcome'_DEMOGADJ_agegroup_bmi
2021-07-20T16:09:54.677180100Z > cat_noeth.ster
2021-07-20T16:09:54.677185900Z 
2021-07-20T16:09:54.677190400Z . cap erase ./output/an_multivariate_cox_models_`outcome'_DEMOGADJ_agespline_bm
2021-07-20T16:09:54.677195200Z > icat_CCeth.ster
2021-07-20T16:09:54.677307700Z 
2021-07-20T16:09:54.677318300Z . cap erase ./output/an_multivariate_cox_models_`outcome'_DEMOGADJ_agespline_bm
2021-07-20T16:09:54.677323200Z > icat_CCnoeth.ster
2021-07-20T16:09:54.677327700Z 
2021-07-20T16:09:54.677331900Z . 
2021-07-20T16:09:54.677336000Z . 
2021-07-20T16:09:54.677340200Z . * Open a log file
2021-07-20T16:09:54.677344900Z . capture log close
2021-07-20T16:09:54.677349400Z 
2021-07-20T16:09:54.677353800Z . log using "$logdir/WORMS_07a_an_multivariable_cox_models_demogADJ", text repl
2021-07-20T16:09:54.677358700Z > ace
2021-07-20T16:09:54.677363000Z (note: file /workspace/log/WORMS_07a_an_multivariable_cox_models_demogADJ.log n
2021-07-20T16:09:54.677367700Z > ot found)
2021-07-20T16:09:54.677372000Z -------------------------------------------------------------------------------
2021-07-20T16:09:54.677376600Z       name:  <unnamed>
2021-07-20T16:09:54.677381500Z        log:  /workspace/log/WORMS_07a_an_multivariable_cox_models_demogADJ.log
2021-07-20T16:09:54.677386600Z   log type:  text
2021-07-20T16:09:54.677391200Z  opened on:  20 Jul 2021, 16:09:54
2021-07-20T16:09:54.677395800Z 
2021-07-20T16:09:54.677399900Z . 
2021-07-20T16:09:54.677404000Z . 
2021-07-20T16:09:54.677408300Z . ******************************
2021-07-20T16:09:54.677412800Z . *  Multivariable Cox models  *
2021-07-20T16:09:54.677417500Z . ******************************
2021-07-20T16:09:54.677422000Z . 
2021-07-20T16:09:54.677426400Z . *****************************************************************************
2021-07-20T16:09:54.677431300Z > ********
2021-07-20T16:09:54.677435600Z . *PROG TO DEFINE THE BASIC COX MODEL WITH OPTIONS FOR HANDLING OF AGE, BMI, ET
2021-07-20T16:09:54.677440300Z > HNICITY:
2021-07-20T16:09:54.677444600Z . cap prog drop basecoxmodel
2021-07-20T16:09:54.677449000Z 
2021-07-20T16:09:54.677491400Z . prog define basecoxmodel
2021-07-20T16:09:54.677498100Z   1.         syntax , exposure(string) age(string) [ethnicity(real 1) if(string
2021-07-20T16:09:54.677503200Z > )] bmi(string) smoking(string)
2021-07-20T16:09:54.677508200Z   2. 
2021-07-20T16:09:54.677512400Z .         if `ethnicity'==1 local ethnicity "i.ethnicity"
2021-07-20T16:09:54.677517000Z   3.         else local ethnicity
2021-07-20T16:09:54.677522000Z   4. timer clear
2021-07-20T16:09:54.677526400Z   5. timer on 1
2021-07-20T16:09:54.677530800Z   6.         capture stcox   `exposure' `age'                                  
2021-07-20T16:09:54.677535500Z >       ///
2021-07-20T16:09:54.677549600Z >                         i.male                                               
2021-07-20T16:09:54.677555100Z >    ///
2021-07-20T16:09:54.677562100Z >                         `bmi'                                   ///
2021-07-20T16:09:54.677567400Z >                         `smoking'                                       ///
2021-07-20T16:09:54.677572300Z >                         `ethnicity'                                          
2021-07-20T16:09:54.677577300Z >    ///
2021-07-20T16:09:54.677581800Z >                         i.imd                                                
2021-07-20T16:09:54.677602100Z >    ///
2021-07-20T16:09:54.677611200Z >                         i.tot_adults_hh                         ///
2021-07-20T16:09:54.677616700Z >                         `if'                                                 
2021-07-20T16:09:54.677621600Z >    ///
2021-07-20T16:09:54.677625900Z >                         , strata(stp) vce(cluster household_id)
2021-07-20T16:09:54.677630600Z   7. timer off 1
2021-07-20T16:09:54.677634900Z   8. timer list
2021-07-20T16:09:54.677639400Z   9. end
2021-07-20T16:09:54.677644100Z 
2021-07-20T16:09:54.677648700Z . *****************************************************************************
2021-07-20T16:09:54.677653900Z > ********
2021-07-20T16:09:54.677658500Z . 
2021-07-20T16:09:54.677662900Z . 
2021-07-20T16:09:54.677668800Z . 
2021-07-20T16:09:54.677673200Z . * Open dataset and fit specified model(s)
2021-07-20T16:09:54.677678100Z . forvalues x=0/1 {
2021-07-20T16:09:54.677682800Z   2. 
2021-07-20T16:09:54.677687500Z . use "$tempdir/cr_create_analysis_dataset_STSET_`outcome'_ageband_`x'.dta", cl
2021-07-20T16:09:54.677692800Z > ear
2021-07-20T16:09:54.677697300Z   3. 
2021-07-20T16:09:54.677701800Z . 
2021-07-20T16:09:54.677706100Z . foreach exposure_type in kids_cat4 gp_number_kids {
2021-07-20T16:09:54.677710800Z   4. 
2021-07-20T16:09:54.677715300Z . *Age spline model (not adj ethnicity)
2021-07-20T16:09:54.677720000Z . basecoxmodel, exposure("i.`exposure_type'") age("age1 age2 age3")  ethnicity(
2021-07-20T16:09:54.677725400Z > 1) bmi(i.obese4cat) smoking(i.smoke_nomiss)
2021-07-20T16:09:54.677730300Z   5. if _rc==0{
2021-07-20T16:09:54.677734800Z   6. estimates
2021-07-20T16:09:54.677739400Z   7. estimates save ./output/an_multivariate_cox_models_`outcome'_`exposure_typ
2021-07-20T16:09:54.677744000Z > e'_DEMOGADJ_noeth_ageband_`x', replace
2021-07-20T16:09:54.677748600Z   8. *estat concordance /*c-statistic*/
2021-07-20T16:09:54.677760300Z . }
2021-07-20T16:09:54.677765400Z   9. else di "WARNING AGE SPLINE MODEL DID NOT FIT (OUTCOME `outcome')"
2021-07-20T16:09:54.677770900Z  10. 
2021-07-20T16:09:54.677775500Z . }
2021-07-20T16:09:54.677780100Z  11. }
2021-07-20T16:09:55.754692400Z    1:      1.08 /        1 =       1.0780
2021-07-20T16:09:55.759092900Z 
2021-07-20T16:09:55.759116200Z -------------------------------------------------------------------------------
2021-07-20T16:09:55.759131900Z active results
2021-07-20T16:09:55.759137500Z -------------------------------------------------------------------------------
2021-07-20T16:09:55.765443000Z 
2021-07-20T16:09:55.765475700Z Stratified Cox regr. -- Breslow method for ties
2021-07-20T16:09:55.765481500Z 
2021-07-20T16:09:55.765486100Z No. of subjects      =       10,887             Number of obs    =      10,887
2021-07-20T16:09:55.765491100Z No. of failures      =          857
2021-07-20T16:09:55.765495700Z Time at risk         =      3803511
2021-07-20T16:09:55.765500200Z                                                 Wald chi2(18)    =       23.04
2021-07-20T16:09:55.765505000Z Log pseudolikelihood =   -5946.7268             Prob > chi2      =      0.1892
2021-07-20T16:09:55.765510000Z 
2021-07-20T16:09:55.843170700Z                        (Std. Err. adjusted for 1,063 clusters in household_id)
2021-07-20T16:09:55.843200700Z ------------------------------------------------------------------------------
2021-07-20T16:09:55.843206700Z              |               Robust
2021-07-20T16:09:55.843211200Z           _t | Haz. Ratio   Std. Err.      z    P>|z|     [95% Conf. Interval]
2021-07-20T16:09:55.843216700Z -------------+----------------------------------------------------------------
2021-07-20T16:09:55.843327300Z    kids_cat4 |
2021-07-20T16:09:55.858750400Z only <12 ..  |   .4531736   .1070221    -3.35   0.001     .2852619    .7199221
2021-07-20T16:09:55.859044700Z  only 12-18  |   .4847154     .18404    -1.91   0.056     .2303015     1.02018
2021-07-20T16:09:55.859389500Z       mixed  |   .5077823   .1075525    -3.20   0.001     .3352633    .7690758
2021-07-20T16:09:55.859472600Z              |
2021-07-20T16:09:55.859691900Z         age1 |   1.004966   .0118674     0.42   0.675     .9819731    1.028497
2021-07-20T16:09:55.860045500Z         age2 |   .9635868   .0354948    -1.01   0.314     .8964702    1.035728
2021-07-20T16:09:55.860459000Z         age3 |   1.140504   .1329038     1.13   0.259     .9076237    1.433138
2021-07-20T16:09:55.860871000Z       1.male |   1.087958   .0729399     1.26   0.209     .9539927    1.240735
2021-07-20T16:09:55.860959900Z              |
2021-07-20T16:09:55.860970000Z    obese4cat |
2021-07-20T16:09:55.861220500Z Obese I ..)  |   .8029357   .1515666    -1.16   0.245     .5546299    1.162407
2021-07-20T16:09:55.861631000Z Obese II..)  |   .9220895   .1583677    -0.47   0.637     .6585372    1.291118
2021-07-20T16:09:55.862106800Z Obese II..)  |   1.173428   .1641141     1.14   0.253     .8920896    1.543492
2021-07-20T16:09:55.862189400Z              |
2021-07-20T16:09:55.862199900Z smoke_nomiss |
2021-07-20T16:09:55.862520400Z      Former  |    1.04033   .2459396     0.17   0.867     .6545492    1.653483
2021-07-20T16:09:55.862933000Z     Current  |   1.066235   .1035551     0.66   0.509     .8814184    1.289803
2021-07-20T16:09:55.863070800Z              |
2021-07-20T16:09:55.863081600Z    ethnicity |
2021-07-20T16:09:55.863363700Z Asian or ..  |    1.10812   .1235229     0.92   0.357      .890641    1.378703
2021-07-20T16:09:55.864405900Z       Other  |   1.054162   .1179461     0.47   0.637     .8465831    1.312638
2021-07-20T16:09:55.864492000Z              |
2021-07-20T16:09:55.864502600Z          imd |
2021-07-20T16:09:55.864836100Z           4  |   1.063512   .0865051     0.76   0.449     .9067895    1.247321
2021-07-20T16:09:55.865291000Z 5 most de..  |   .8599447     .10914    -1.19   0.234     .6705639    1.102811
2021-07-20T16:09:55.865374200Z              |
2021-07-20T16:09:55.865384000Z tot_adults~h |
2021-07-20T16:09:55.865666300Z           2  |   .6283207   .4296096    -0.68   0.497     .1645048     2.39985
2021-07-20T16:09:55.878010200Z           3  |   1.505944   .6597543     0.93   0.350     .6381125    3.554024
2021-07-20T16:09:55.878072500Z ------------------------------------------------------------------------------
2021-07-20T16:09:55.878270200Z                                                              Stratified by stp
2021-07-20T16:09:55.920882600Z (note: file ./output/an_multivariate_cox_models_worms_kids_cat4_DEMOGADJ_noeth_
2021-07-20T16:09:55.920916600Z > ageband_0.ster not found)
2021-07-20T16:09:55.920923200Z file ./output/an_multivariate_cox_models_worms_kids_cat4_DEMOGADJ_noeth_ageband
2021-07-20T16:09:55.920928300Z > _0.ster saved
2021-07-20T16:09:56.203369900Z    1:      0.28 /        1 =       0.2820
2021-07-20T16:09:56.203395400Z 
2021-07-20T16:09:56.203400800Z -------------------------------------------------------------------------------
2021-07-20T16:09:56.203405600Z active results
2021-07-20T16:09:56.203409900Z -------------------------------------------------------------------------------
2021-07-20T16:09:56.205758400Z 
2021-07-20T16:09:56.205773000Z Stratified Cox regr. -- Breslow method for ties
2021-07-20T16:09:56.205927800Z 
2021-07-20T16:09:56.205939900Z No. of subjects      =          958             Number of obs    =         958
2021-07-20T16:09:56.205944900Z No. of failures      =           66
2021-07-20T16:09:56.206035300Z Time at risk         =       336331
2021-07-20T16:09:56.206060000Z                                                 Wald chi2(17)    =      482.10
2021-07-20T16:09:56.206141300Z Log pseudolikelihood =   -288.19887             Prob > chi2      =      0.0000
2021-07-20T16:09:56.206159800Z 
2021-07-20T16:09:56.226450100Z                          (Std. Err. adjusted for 182 clusters in household_id)
2021-07-20T16:09:56.226489700Z ------------------------------------------------------------------------------
2021-07-20T16:09:56.226496500Z              |               Robust
2021-07-20T16:09:56.226501100Z           _t | Haz. Ratio   Std. Err.      z    P>|z|     [95% Conf. Interval]
2021-07-20T16:09:56.226506000Z -------------+----------------------------------------------------------------
2021-07-20T16:09:56.226510700Z gp_number_~s |
2021-07-20T16:09:56.226515000Z 2 childre..  |   1.453833    .507026     1.07   0.283     .7339336    2.879864
2021-07-20T16:09:56.226519500Z 3 childre..  |   .9414297   .3434196    -0.17   0.869     .4605558    1.924392
2021-07-20T16:09:56.226523900Z 4+ childr..  |   .9548039   .2668863    -0.17   0.869     .5520606     1.65136
2021-07-20T16:09:56.226528500Z              |
2021-07-20T16:09:56.226532600Z         age1 |   1.077804   .0383305     2.11   0.035     1.005236     1.15561
2021-07-20T16:09:56.226537100Z         age2 |   .7712225    .085572    -2.34   0.019     .6204882    .9585744
2021-07-20T16:09:56.226541500Z         age3 |   2.461985   .8750069     2.54   0.011     1.226768    4.940927
2021-07-20T16:09:56.226545800Z       1.male |   1.021885   .2509468     0.09   0.930     .6314955    1.653612
2021-07-20T16:09:56.226550200Z              |
2021-07-20T16:09:56.226554500Z    obese4cat |
2021-07-20T16:09:56.226559600Z Obese I ..)  |   .5956375   .4370145    -0.71   0.480     .1414041    2.509007
2021-07-20T16:09:56.226564200Z Obese II..)  |   .2549069   .2537866    -1.37   0.170     .0362177    1.794081
2021-07-20T16:09:56.226714200Z Obese II..)  |   .6325221   .3695443    -0.78   0.433     .2012659    1.987839
2021-07-20T16:09:56.226726100Z              |
2021-07-20T16:09:56.226730900Z smoke_nomiss |
2021-07-20T16:09:56.226815500Z      Former  |   .7147228   .7519977    -0.32   0.750     .0908957    5.619943
2021-07-20T16:09:56.227130100Z     Current  |    .562936   .2614028    -1.24   0.216     .2265678    1.398684
2021-07-20T16:09:56.227215000Z              |
2021-07-20T16:09:56.227225200Z    ethnicity |
2021-07-20T16:09:56.227475200Z Asian or ..  |   1.445024   .5556293     0.96   0.338     .6801076    3.070241
2021-07-20T16:09:56.227968600Z       Other  |   1.202262   .5134772     0.43   0.666     .5205441    2.776777
2021-07-20T16:09:56.228050500Z              |
2021-07-20T16:09:56.228060600Z          imd |
2021-07-20T16:09:56.228368100Z           4  |    1.11653   .3120838     0.39   0.693     .6455784    1.931041
2021-07-20T16:09:56.228774500Z 5 most de..  |   .5219186   .3179076    -1.07   0.286     .1581701     1.72219
2021-07-20T16:09:56.228854400Z              |
2021-07-20T16:09:56.228864000Z tot_adults~h |
2021-07-20T16:09:56.229189300Z           2  |   1.30e+09          .        .       .            .           .
2021-07-20T16:09:56.230454600Z           3  |   1.56e+09   1.82e+09    18.16   0.000     1.59e+08    1.53e+10
2021-07-20T16:09:56.230466500Z ------------------------------------------------------------------------------
2021-07-20T16:09:56.230779800Z                                                              Stratified by stp
2021-07-20T16:09:56.256413400Z (note: file ./output/an_multivariate_cox_models_worms_gp_number_kids_DEMOGADJ_n
2021-07-20T16:09:56.256449400Z > oeth_ageband_0.ster not found)
2021-07-20T16:09:56.256455900Z file ./output/an_multivariate_cox_models_worms_gp_number_kids_DEMOGADJ_noeth_ag
2021-07-20T16:09:56.256461200Z > eband_0.ster saved
2021-07-20T16:09:56.548857700Z    1:      0.30 /        1 =       0.3030
2021-07-20T16:09:56.548905800Z 
2021-07-20T16:09:56.548912700Z -------------------------------------------------------------------------------
2021-07-20T16:09:56.548917500Z active results
2021-07-20T16:09:56.548921900Z -------------------------------------------------------------------------------
2021-07-20T16:09:56.553116900Z 
2021-07-20T16:09:56.553141800Z Stratified Cox regr. -- Breslow method for ties
2021-07-20T16:09:56.553554900Z 
2021-07-20T16:09:56.553631000Z No. of subjects      =        2,970             Number of obs    =       2,970
2021-07-20T16:09:56.553687500Z No. of failures      =          249
2021-07-20T16:09:56.553860900Z Time at risk         =      1040015
2021-07-20T16:09:56.554204000Z                                                 Wald chi2(18)    =       21.30
2021-07-20T16:09:56.554486600Z Log pseudolikelihood =   -1395.6572             Prob > chi2      =      0.2647
2021-07-20T16:09:56.554549500Z 
2021-07-20T16:09:56.571047500Z                          (Std. Err. adjusted for 830 clusters in household_id)
2021-07-20T16:09:56.571071600Z ------------------------------------------------------------------------------
2021-07-20T16:09:56.571077800Z              |               Robust
2021-07-20T16:09:56.571082700Z           _t | Haz. Ratio   Std. Err.      z    P>|z|     [95% Conf. Interval]
2021-07-20T16:09:56.571088200Z -------------+----------------------------------------------------------------
2021-07-20T16:09:56.571093100Z    kids_cat4 |
2021-07-20T16:09:56.572554300Z only <12 ..  |   5.401672   4.232511     2.15   0.031     1.162959     25.0895
2021-07-20T16:09:56.572653800Z  only 12-18  |   5.473229   5.003528     1.86   0.063     .9122008    32.83952
2021-07-20T16:09:56.572840200Z       mixed  |    5.56003   4.350376     2.19   0.028     1.199679     25.7685
2021-07-20T16:09:56.573074500Z              |
2021-07-20T16:09:56.573191800Z         age1 |    1.04396   .0640844     0.70   0.483     .9256184    1.177431
2021-07-20T16:09:56.573279300Z         age2 |   .8813206   .2559562    -0.43   0.664     .4987983    1.557195
2021-07-20T16:09:56.573580200Z         age3 |   1.239838   .7630548     0.35   0.727     .3711036    4.142233
2021-07-20T16:09:56.574675700Z       1.male |    1.13043   .1410982     0.98   0.326     .8851125    1.443741
2021-07-20T16:09:56.574692400Z              |
2021-07-20T16:09:56.574697800Z    obese4cat |
2021-07-20T16:09:56.574702300Z Obese I ..)  |   .7711812   .2758644    -0.73   0.468     .3825317    1.554696
2021-07-20T16:09:56.574709200Z Obese II..)  |   .4163632   .1907977    -1.91   0.056     .1695941    1.022195
2021-07-20T16:09:56.575312400Z Obese II..)  |   1.076271   .2697211     0.29   0.769     .6585737     1.75889
2021-07-20T16:09:56.575327200Z              |
2021-07-20T16:09:56.575332700Z smoke_nomiss |
2021-07-20T16:09:56.575391000Z      Former  |   .4277962   .3083708    -1.18   0.239     .1041502    1.757169
2021-07-20T16:09:56.575871900Z     Current  |   .5945781   .1359537    -2.27   0.023     .3798191    .9307672
2021-07-20T16:09:56.575887300Z              |
2021-07-20T16:09:56.575984700Z    ethnicity |
2021-07-20T16:09:56.579958500Z Asian or ..  |   1.057736   .2056615     0.29   0.773     .7225589    1.548392
2021-07-20T16:09:56.579996900Z       Other  |   .7657733   .1822463    -1.12   0.262     .4803114    1.220893
2021-07-20T16:09:56.580003600Z              |
2021-07-20T16:09:56.580007400Z          imd |
2021-07-20T16:09:56.580011800Z           4  |   .8047534   .1406201    -1.24   0.214     .5713819    1.133442
2021-07-20T16:09:56.580016100Z 5 most de..  |   .7898234    .190678    -0.98   0.328     .4920782    1.267727
2021-07-20T16:09:56.580020500Z              |
2021-07-20T16:09:56.580024900Z tot_adults~h |
2021-07-20T16:09:56.580029200Z           2  |    .409588   .5183873    -0.71   0.481     .0342799    4.893891
2021-07-20T16:09:56.583856600Z           3  |   .3419075   .2760225    -1.33   0.184     .0702639    1.663738
2021-07-20T16:09:56.583878400Z ------------------------------------------------------------------------------
2021-07-20T16:09:56.583972400Z                                                              Stratified by stp
2021-07-20T16:09:56.593779300Z (note: file ./output/an_multivariate_cox_models_worms_kids_cat4_DEMOGADJ_noeth_
2021-07-20T16:09:56.593811000Z > ageband_1.ster not found)
2021-07-20T16:09:56.593841600Z file ./output/an_multivariate_cox_models_worms_kids_cat4_DEMOGADJ_noeth_ageband
2021-07-20T16:09:56.593849800Z > _1.ster saved
2021-07-20T16:09:56.714400400Z    1:      0.12 /        1 =       0.1200
2021-07-20T16:09:56.714467500Z 
2021-07-20T16:09:56.714474200Z -------------------------------------------------------------------------------
2021-07-20T16:09:56.714479500Z active results
2021-07-20T16:09:56.714483900Z -------------------------------------------------------------------------------
2021-07-20T16:09:56.717008800Z 
2021-07-20T16:09:56.717055700Z Stratified Cox regr. -- Breslow method for ties
2021-07-20T16:09:56.717154300Z 
2021-07-20T16:09:56.717164200Z No. of subjects      =          246             Number of obs    =         246
2021-07-20T16:09:56.717169500Z No. of failures      =           20
2021-07-20T16:09:56.717314700Z Time at risk         =        85384
2021-07-20T16:09:56.717538800Z                                                 Wald chi2(18)    =    16106.34
2021-07-20T16:09:56.717654100Z Log pseudolikelihood =   -52.868602             Prob > chi2      =      0.0000
2021-07-20T16:09:56.717703600Z 
2021-07-20T16:09:56.733031800Z                          (Std. Err. adjusted for 113 clusters in household_id)
2021-07-20T16:09:56.733106700Z ------------------------------------------------------------------------------
2021-07-20T16:09:56.733118800Z              |               Robust
2021-07-20T16:09:56.733124200Z           _t | Haz. Ratio   Std. Err.      z    P>|z|     [95% Conf. Interval]
2021-07-20T16:09:56.733129400Z -------------+----------------------------------------------------------------
2021-07-20T16:09:56.733134500Z gp_number_~s |
2021-07-20T16:09:56.733408600Z 2 childre..  |    1.33593   1.242067     0.31   0.755     .2159672    8.263793
2021-07-20T16:09:56.734156300Z 3 childre..  |   .8240794   .8013185    -0.20   0.842     .1225399    5.541925
2021-07-20T16:09:56.735050300Z 4+ childr..  |   2.177352    1.54201     1.10   0.272     .5433805    8.724758
2021-07-20T16:09:56.735116500Z              |
2021-07-20T16:09:56.736535500Z         age1 |   1.440732   .3089908     1.70   0.089     .9462978    2.193505
2021-07-20T16:09:56.736904100Z         age2 |   .2235373   .2267995    -1.48   0.140     .0306003    1.632954
2021-07-20T16:09:56.737406800Z         age3 |   20.77803   44.68418     1.41   0.158     .3069397    1406.551
2021-07-20T16:09:56.737960900Z       1.male |   .5164166   .2648111    -1.29   0.197     .1890236    1.410861
2021-07-20T16:09:56.738014800Z              |
2021-07-20T16:09:56.738022500Z    obese4cat |
2021-07-20T16:09:56.738427600Z Obese I ..)  |   3.57e-18   2.59e-18   -55.36   0.000     8.62e-19    1.48e-17
2021-07-20T16:09:56.738902200Z Obese II..)  |   9.55e-18   7.22e-18   -51.84   0.000     2.17e-18    4.20e-17
2021-07-20T16:09:56.739431500Z Obese II..)  |   2.251385   1.539533     1.19   0.235     .5893652     8.60033
2021-07-20T16:09:56.739463800Z              |
2021-07-20T16:09:56.739493000Z smoke_nomiss |
2021-07-20T16:09:56.740085900Z      Former  |   1.75e-18   1.24e-18   -57.55   0.000     4.34e-19    7.03e-18
2021-07-20T16:09:56.741918300Z     Current  |    1.80231   1.161495     0.91   0.361     .5096529    6.373597
2021-07-20T16:09:56.742053300Z              |
2021-07-20T16:09:56.742065300Z    ethnicity |
2021-07-20T16:09:56.742454600Z Asian or ..  |   .2315553   .1717426    -1.97   0.049      .054116    .9907946
2021-07-20T16:09:56.742973200Z       Other  |   .4159667   .5000556    -0.73   0.466     .0394261     4.38867
2021-07-20T16:09:56.743006100Z              |
2021-07-20T16:09:56.743035700Z          imd |
2021-07-20T16:09:56.743510600Z           4  |   .2079611   .2136312    -1.53   0.126     .0277698    1.557369
2021-07-20T16:09:56.744043500Z 5 most de..  |   .3142277   .2281303    -1.59   0.111     .0757303    1.303826
2021-07-20T16:09:56.744075700Z              |
2021-07-20T16:09:56.744100400Z tot_adults~h |
2021-07-20T16:09:56.744609400Z           2  |   7.53e-19   1.23e-18   -25.58   0.000     3.08e-20    1.84e-17
2021-07-20T16:09:56.745960200Z           3  |   .1999247   .2596387    -1.24   0.215     .0156829    2.548631
2021-07-20T16:09:56.745972800Z ------------------------------------------------------------------------------
2021-07-20T16:09:56.746329400Z                                                              Stratified by stp
2021-07-20T16:09:56.762527900Z (note: file ./output/an_multivariate_cox_models_worms_gp_number_kids_DEMOGADJ_n
2021-07-20T16:09:56.762552100Z > oeth_ageband_1.ster not found)
2021-07-20T16:09:56.762610200Z file ./output/an_multivariate_cox_models_worms_gp_number_kids_DEMOGADJ_noeth_ag
2021-07-20T16:09:56.762617400Z > eband_1.ster saved
2021-07-20T16:09:56.762798600Z 
2021-07-20T16:09:56.762857500Z . 
2021-07-20T16:09:56.762868200Z . log close
2021-07-20T16:09:56.763085900Z       name:  <unnamed>
2021-07-20T16:09:56.763115800Z        log:  /workspace/log/WORMS_07a_an_multivariable_cox_models_demogADJ.log
2021-07-20T16:09:56.763124600Z   log type:  text
2021-07-20T16:09:56.763130000Z  closed on:  20 Jul 2021, 16:09:56
2021-07-20T16:09:56.763135000Z -------------------------------------------------------------------------------
2021-07-20T16:09:56.763175600Z 
2021-07-20T16:09:56.763201800Z . exit, clear 
2021-07-20T16:09:56.763208900Z 
2021-07-20T16:09:56.763213500Z end of do-file
2021-07-20T16:09:56.763217700Z 
2021-07-20T16:09:56.763221900Z . . file open output using "/tmp/tmp.ZnS19FiJ0G", write text replace
2021-07-20T16:09:56.763422300Z 
2021-07-20T16:09:56.763476600Z . . file write output "success" 
2021-07-20T16:09:56.763486700Z 
2021-07-20T16:09:56.763569400Z . . file close output
2021-07-20T16:09:56.763641500Z 
2021-07-20T16:09:56.763650400Z . 
2021-07-20T16:09:56.763655100Z end of do-file
2021-07-20T16:09:56.763660200Z 
2021-07-20T16:09:56.763665000Z 
2021-07-20T16:09:56.801403900Z . 

state: succeeded
commit: none
docker_image_id: sha256:11980aa720220a1b39bf523f5a8a33270214c13876c30ee364e16265766f7f60
exit_code: 0
job_id: kjavckrlaxq626b7
run_by_user: qc18278
created_at: 2021-07-20T15:38:48Z
started_at: 2021-07-20T16:09:54Z
completed_at: 2021-07-20T16:09:59Z

Completed successfully

outputs:
  log/WORMS_07a_an_multivariable_cox_models_demogADJ.log                                - moderately_sensitive
  output/an_multivariate_cox_models_worms_gp_number_kids_DEMOGADJ_noeth_ageband_0.ster  - moderately_sensitive
  output/an_multivariate_cox_models_worms_gp_number_kids_DEMOGADJ_noeth_ageband_1.ster  - moderately_sensitive
  output/an_multivariate_cox_models_worms_kids_cat4_DEMOGADJ_noeth_ageband_0.ster       - moderately_sensitive
  output/an_multivariate_cox_models_worms_kids_cat4_DEMOGADJ_noeth_ageband_1.ster       - moderately_sensitive