2021-07-20T16:09:31.355575400Z 
2021-07-20T16:09:31.355708300Z   ___  ____  ____  ____  ____ (R)
2021-07-20T16:09:31.355955300Z  /__    /   ____/   /   ____/
2021-07-20T16:09:31.355960800Z ___/   /   /___/   /   /___/   16.1   Copyright 1985-2019 StataCorp LLC
2021-07-20T16:09:31.355965500Z   Statistics/Data Analysis            StataCorp
2021-07-20T16:09:31.355970000Z                                       4905 Lakeway Drive
2021-07-20T16:09:31.355974800Z                                       College Station, Texas 77845 USA
2021-07-20T16:09:31.355979600Z                                       800-STATA-PC        http://www.stata.com
2021-07-20T16:09:31.355984200Z                                       979-696-4600        stata@stata.com
2021-07-20T16:09:31.355989000Z                                       979-696-4601 (fax)
2021-07-20T16:09:31.355993600Z 
2021-07-20T16:09:31.355997700Z 3-user Stata network license expires 11 May 2022:
2021-07-20T16:09:31.356019800Z        Serial number:  501709312237
2021-07-20T16:09:31.356025700Z          Licensed to:  The Bennett Institute
2021-07-20T16:09:31.356030300Z                        Oxford University
2021-07-20T16:09:31.356034700Z 
2021-07-20T16:09:31.356038700Z Notes:
2021-07-20T16:09:31.356042900Z       1.  Unicode is supported; see help unicode_advice.
2021-07-20T16:09:31.356047200Z 
2021-07-20T16:09:31.356051300Z . do "analysis/WORMS_06_univariate_analysis.wrapper.do" worms kids_cat4 gp_numb
2021-07-20T16:09:31.356056500Z > er_kids 
2021-07-20T16:09:31.356061200Z 
2021-07-20T16:09:31.356065500Z . . do "analysis/WORMS_06_univariate_analysis.do" worms kids_cat4 gp_number_kid
2021-07-20T16:09:31.356070400Z > s
2021-07-20T16:09:31.356075200Z 
2021-07-20T16:09:31.356079300Z . *****************************************************************************
2021-07-20T16:09:31.356098500Z > ***
2021-07-20T16:09:31.356104400Z . *
2021-07-20T16:09:31.356108900Z . *       Do-file:                WORMS_06_univariate_analysis.do
2021-07-20T16:09:31.356113500Z . *
2021-07-20T16:09:31.356117700Z . *       Project:                Exposure children and COVID risk
2021-07-20T16:09:31.356122100Z . *
2021-07-20T16:09:31.356126300Z . *       Programmed by:  Hforbes, based on files from Fizz & Krishnan
2021-07-20T16:09:31.356131100Z . *
2021-07-20T16:09:31.356135300Z . *       Data used:              analysis_dataset_worms.dta
2021-07-20T16:09:31.356139800Z . *
2021-07-20T16:09:31.356144000Z . *       Data created:   None
2021-07-20T16:09:31.356148300Z . *
2021-07-20T16:09:31.356152400Z . *       Other output:   Log file: an_univariable_cox_models.log
2021-07-20T16:09:31.356156900Z . *
2021-07-20T16:09:31.356190600Z . *       Comments:               I had to create a folder called models within
2021-07-20T16:09:31.356197000Z >  the output folder.
2021-07-20T16:09:31.356201600Z . *****************************************************************************
2021-07-20T16:09:31.356206200Z > ***
2021-07-20T16:09:31.356210600Z . *
2021-07-20T16:09:31.356214800Z . *       Purpose:                Fit age/sex adjusted Cox models, stratified b
2021-07-20T16:09:31.356219500Z > y STP and
2021-07-20T16:09:31.356223900Z . *with hh size as random effect
2021-07-20T16:09:31.356228300Z . *
2021-07-20T16:09:31.356232400Z . ******* Set globals that will print in programs and direct output
2021-07-20T16:09:31.356237100Z . global outdir     "output"
2021-07-20T16:09:31.356271700Z 
2021-07-20T16:09:31.356276400Z . global logdir     "log"
2021-07-20T16:09:31.356280300Z 
2021-07-20T16:09:31.356284200Z . global tempdir    "tempdata"
2021-07-20T16:09:31.356288100Z 
2021-07-20T16:09:31.356291700Z . **************************************************************************
2021-07-20T16:09:31.356296100Z . 
2021-07-20T16:09:31.356303400Z . *PARSE DO-FILE ARGUMENTS (first should be outcome, rest should be variables)
2021-07-20T16:09:31.356308500Z . local arguments = wordcount("`0'")
2021-07-20T16:09:31.356313200Z 
2021-07-20T16:09:31.356317500Z . local outcome `1'
2021-07-20T16:09:31.356321700Z 
2021-07-20T16:09:31.356325600Z . local varlist
2021-07-20T16:09:31.356351500Z 
2021-07-20T16:09:31.356359600Z . forvalues i=2/`arguments'{
2021-07-20T16:09:31.356363900Z   2.         local varlist = "`varlist' " + word("`0'", `i')
2021-07-20T16:09:31.356368700Z   3.         }
2021-07-20T16:09:31.356372700Z 
2021-07-20T16:09:31.356376700Z . local firstvar = word("`0'", 2)
2021-07-20T16:09:31.356380900Z 
2021-07-20T16:09:31.356444500Z . local lastvar = word("`0'", `arguments')
2021-07-20T16:09:31.356450200Z 
2021-07-20T16:09:31.356454500Z . 
2021-07-20T16:09:31.356458700Z . 
2021-07-20T16:09:31.356463100Z . * Open a log file
2021-07-20T16:09:31.356467500Z . capture log close
2021-07-20T16:09:31.356471800Z 
2021-07-20T16:09:31.356475900Z . log using "$logdir/WORMS_06_univariate_analysis", replace t
2021-07-20T16:09:31.356480600Z (note: file /workspace/log/WORMS_06_univariate_analysis.log not found)
2021-07-20T16:09:31.356485100Z -------------------------------------------------------------------------------
2021-07-20T16:09:31.356489500Z       name:  <unnamed>
2021-07-20T16:09:31.356516800Z        log:  /workspace/log/WORMS_06_univariate_analysis.log
2021-07-20T16:09:31.356523000Z   log type:  text
2021-07-20T16:09:31.356527600Z  opened on:  20 Jul 2021, 16:09:31
2021-07-20T16:09:31.356532200Z 
2021-07-20T16:09:31.356537700Z . 
2021-07-20T16:09:31.356541900Z . 
2021-07-20T16:09:31.356546200Z . forvalues x=0/1 {
2021-07-20T16:09:31.356550700Z   2. 
2021-07-20T16:09:31.356554800Z . * Open dataset and fit specified model(s)
2021-07-20T16:09:31.356559100Z . use "$tempdir/cr_create_analysis_dataset_STSET_`outcome'_ageband_`x'.dta", cl
2021-07-20T16:09:31.356563700Z > ear
2021-07-20T16:09:31.356568000Z   3. 
2021-07-20T16:09:31.356572000Z . 
2021-07-20T16:09:31.356576300Z . foreach var of any `varlist' {
2021-07-20T16:09:31.356594100Z   4. 
2021-07-20T16:09:31.356599700Z .         *Special cases
2021-07-20T16:09:31.356604200Z .         if "`var'"=="agesplsex" local model "age1 age2 age3 i.male"
2021-07-20T16:09:31.356609200Z   5.         else if "`var'"=="agegroupsex" local model "ib3.agegroup i.male"
2021-07-20T16:09:31.356614300Z   6.         else if "`var'"=="bmicat" local model "age1 age2 age3 i.male ib2.b
2021-07-20T16:09:31.356619300Z > micat"
2021-07-20T16:09:31.356623800Z   7.         *General form of model
2021-07-20T16:09:31.356628200Z .         else local model "age1 age2 age3 i.male i.`var'"
2021-07-20T16:09:31.356633000Z   8. 
2021-07-20T16:09:31.356637200Z .         *Fit and save model
2021-07-20T16:09:31.356641400Z .         cap erase ./output/an_univariable_cox_models_`outcome'_AGESEX_`var'.s
2021-07-20T16:09:31.356645700Z > ter
2021-07-20T16:09:31.356650000Z   9.         capture stcox `model' , strata(stp) vce(cluster household_id)
2021-07-20T16:09:31.356654700Z  10.         if _rc==0 {
2021-07-20T16:09:31.356673300Z  11.                 estimates
2021-07-20T16:09:31.356679200Z  12.                 estimates save ./output/an_univariable_cox_models_`outcome
2021-07-20T16:09:31.356684200Z > '_AGESEX_`var'_ageband_`x'.ster, replace
2021-07-20T16:09:31.356688800Z  13.                 }
2021-07-20T16:09:31.356693200Z  14.         else di "WARNING - `var' vs `outcome' MODEL DID NOT SUCCESSFULLY F
2021-07-20T16:09:31.356697900Z > IT"
2021-07-20T16:09:31.356702100Z  15. 
2021-07-20T16:09:31.356707600Z . }
2021-07-20T16:09:31.356711800Z  16. 
2021-07-20T16:09:31.356715700Z . }
2021-07-20T16:09:31.934404700Z 
2021-07-20T16:09:31.934435300Z -------------------------------------------------------------------------------
2021-07-20T16:09:31.934545000Z active results
2021-07-20T16:09:31.934569300Z -------------------------------------------------------------------------------
2021-07-20T16:09:31.936963900Z 
2021-07-20T16:09:31.936977300Z Stratified Cox regr. -- Breslow method for ties
2021-07-20T16:09:31.937067600Z 
2021-07-20T16:09:31.937077800Z No. of subjects      =       10,887             Number of obs    =      10,887
2021-07-20T16:09:31.937153400Z No. of failures      =          857
2021-07-20T16:09:31.937163400Z Time at risk         =      3803511
2021-07-20T16:09:31.937277300Z                                                 Wald chi2(7)     =       14.69
2021-07-20T16:09:31.937287800Z Log pseudolikelihood =   -5951.7771             Prob > chi2      =      0.0402
2021-07-20T16:09:31.937293000Z 
2021-07-20T16:09:32.003533400Z                        (Std. Err. adjusted for 1,063 clusters in household_id)
2021-07-20T16:09:32.003569600Z ------------------------------------------------------------------------------
2021-07-20T16:09:32.003576100Z              |               Robust
2021-07-20T16:09:32.003580900Z           _t | Haz. Ratio   Std. Err.      z    P>|z|     [95% Conf. Interval]
2021-07-20T16:09:32.003586200Z -------------+----------------------------------------------------------------
2021-07-20T16:09:32.012249500Z         age1 |   1.005186   .0118703     0.44   0.661     .9821881    1.028723
2021-07-20T16:09:32.012526100Z         age2 |   .9634435   .0354278    -1.01   0.311     .8964496    1.035444
2021-07-20T16:09:32.014586800Z         age3 |   1.140216   .1325056     1.13   0.259     .9079626    1.431878
2021-07-20T16:09:32.014624000Z       1.male |   1.092801   .0733302     1.32   0.186     .9581271    1.246406
2021-07-20T16:09:32.014631000Z              |
2021-07-20T16:09:32.014636700Z    kids_cat4 |
2021-07-20T16:09:32.017180500Z only <12 ..  |    .512011   .1113763    -3.08   0.002     .3342872    .7842215
2021-07-20T16:09:32.017201700Z  only 12-18  |   .5539141   .2054779    -1.59   0.111     .2677219    1.146043
2021-07-20T16:09:32.025055200Z       mixed  |   .5819181   .1100985    -2.86   0.004     .4016198    .8431574
2021-07-20T16:09:32.025078500Z ------------------------------------------------------------------------------
2021-07-20T16:09:32.025183600Z                                                              Stratified by stp
2021-07-20T16:09:32.055427300Z (note: file ./output/an_univariable_cox_models_worms_AGESEX_kids_cat4_ageband_0
2021-07-20T16:09:32.055463200Z > .ster not found)
2021-07-20T16:09:32.055469300Z file ./output/an_univariable_cox_models_worms_AGESEX_kids_cat4_ageband_0.ster s
2021-07-20T16:09:32.055474100Z > aved
2021-07-20T16:09:32.165209400Z 
2021-07-20T16:09:32.165248300Z -------------------------------------------------------------------------------
2021-07-20T16:09:32.165343800Z active results
2021-07-20T16:09:32.165381600Z -------------------------------------------------------------------------------
2021-07-20T16:09:32.167051700Z 
2021-07-20T16:09:32.167069800Z Stratified Cox regr. -- Breslow method for ties
2021-07-20T16:09:32.167176600Z 
2021-07-20T16:09:32.167188000Z No. of subjects      =          958             Number of obs    =         958
2021-07-20T16:09:32.167194000Z No. of failures      =           66
2021-07-20T16:09:32.167288300Z Time at risk         =       336331
2021-07-20T16:09:32.167298500Z                                                 Wald chi2(7)     =       15.38
2021-07-20T16:09:32.167378500Z Log pseudolikelihood =   -293.09021             Prob > chi2      =      0.0314
2021-07-20T16:09:32.167389600Z 
2021-07-20T16:09:32.174555000Z                          (Std. Err. adjusted for 182 clusters in household_id)
2021-07-20T16:09:32.174573600Z ------------------------------------------------------------------------------
2021-07-20T16:09:32.174580300Z              |               Robust
2021-07-20T16:09:32.174595300Z           _t | Haz. Ratio   Std. Err.      z    P>|z|     [95% Conf. Interval]
2021-07-20T16:09:32.174603000Z -------------+----------------------------------------------------------------
2021-07-20T16:09:32.174901300Z         age1 |   1.080857   .0390198     2.15   0.031     1.007022    1.160105
2021-07-20T16:09:32.175185800Z         age2 |   .7602947   .0834396    -2.50   0.013     .6131485    .9427537
2021-07-20T16:09:32.175551000Z         age3 |   2.587618   .8996403     2.73   0.006     1.309067    5.114915
2021-07-20T16:09:32.175916400Z       1.male |   1.049214   .2622953     0.19   0.848      .642792    1.712608
2021-07-20T16:09:32.175998000Z              |
2021-07-20T16:09:32.176008200Z gp_number_~s |
2021-07-20T16:09:32.176294900Z 2 childre..  |   1.485182   .4969198     1.18   0.237     .7708684    2.861403
2021-07-20T16:09:32.176586200Z 3 childre..  |   .9563811     .33229    -0.13   0.898     .4840443     1.88963
2021-07-20T16:09:32.177459000Z 4+ childr..  |   .9950304   .2718076    -0.02   0.985     .5825294    1.699632
2021-07-20T16:09:32.177470200Z ------------------------------------------------------------------------------
2021-07-20T16:09:32.177678200Z                                                              Stratified by stp
2021-07-20T16:09:32.185677000Z (note: file ./output/an_univariable_cox_models_worms_AGESEX_gp_number_kids_ageb
2021-07-20T16:09:32.185695400Z > and_0.ster not found)
2021-07-20T16:09:32.185701000Z file ./output/an_univariable_cox_models_worms_AGESEX_gp_number_kids_ageband_0.s
2021-07-20T16:09:32.185742600Z > ter saved
2021-07-20T16:09:32.292350700Z 
2021-07-20T16:09:32.292385400Z -------------------------------------------------------------------------------
2021-07-20T16:09:32.292392200Z active results
2021-07-20T16:09:32.292412200Z -------------------------------------------------------------------------------
2021-07-20T16:09:32.293964700Z 
2021-07-20T16:09:32.293979500Z Stratified Cox regr. -- Breslow method for ties
2021-07-20T16:09:32.294085500Z 
2021-07-20T16:09:32.294096700Z No. of subjects      =        2,970             Number of obs    =       2,970
2021-07-20T16:09:32.294102200Z No. of failures      =          249
2021-07-20T16:09:32.294198600Z Time at risk         =      1040015
2021-07-20T16:09:32.294208900Z                                                 Wald chi2(7)     =        5.84
2021-07-20T16:09:32.294288600Z Log pseudolikelihood =   -1404.8083             Prob > chi2      =      0.5587
2021-07-20T16:09:32.294299600Z 
2021-07-20T16:09:32.303493500Z                          (Std. Err. adjusted for 830 clusters in household_id)
2021-07-20T16:09:32.303527700Z ------------------------------------------------------------------------------
2021-07-20T16:09:32.303534200Z              |               Robust
2021-07-20T16:09:32.303538800Z           _t | Haz. Ratio   Std. Err.      z    P>|z|     [95% Conf. Interval]
2021-07-20T16:09:32.303544100Z -------------+----------------------------------------------------------------
2021-07-20T16:09:32.303761800Z         age1 |   1.038876   .0634026     0.62   0.532     .9217538    1.170881
2021-07-20T16:09:32.304077100Z         age2 |   .9000209    .259858    -0.36   0.715     .5110812    1.584949
2021-07-20T16:09:32.304455700Z         age3 |   1.188144   .7270319     0.28   0.778     .3581082    3.942067
2021-07-20T16:09:32.304812600Z       1.male |   1.118649   .1400105     0.90   0.370     .8753008    1.429653
2021-07-20T16:09:32.304893300Z              |
2021-07-20T16:09:32.304903700Z    kids_cat4 |
2021-07-20T16:09:32.305146800Z only <12 ..  |   3.945037   2.858219     1.89   0.058     .9535579    16.32132
2021-07-20T16:09:32.305551100Z  only 12-18  |   3.886392   3.177436     1.66   0.097     .7827467    19.29621
2021-07-20T16:09:32.308306800Z       mixed  |   4.021917   2.792407     2.00   0.045     1.031445    15.68268
2021-07-20T16:09:32.308330000Z ------------------------------------------------------------------------------
2021-07-20T16:09:32.308546700Z                                                              Stratified by stp
2021-07-20T16:09:32.317673100Z (note: file ./output/an_univariable_cox_models_worms_AGESEX_kids_cat4_ageband_1
2021-07-20T16:09:32.317705200Z > .ster not found)
2021-07-20T16:09:32.317711100Z file ./output/an_univariable_cox_models_worms_AGESEX_kids_cat4_ageband_1.ster s
2021-07-20T16:09:32.317716200Z > aved
2021-07-20T16:09:32.358433300Z 
2021-07-20T16:09:32.358468600Z -------------------------------------------------------------------------------
2021-07-20T16:09:32.358559000Z active results
2021-07-20T16:09:32.358595800Z -------------------------------------------------------------------------------
2021-07-20T16:09:32.360634300Z 
2021-07-20T16:09:32.360646200Z Stratified Cox regr. -- Breslow method for ties
2021-07-20T16:09:32.360775400Z 
2021-07-20T16:09:32.360786900Z No. of subjects      =          246             Number of obs    =         246
2021-07-20T16:09:32.360862600Z No. of failures      =           20
2021-07-20T16:09:32.360872900Z Time at risk         =        85384
2021-07-20T16:09:32.360936500Z                                                 Wald chi2(7)     =        4.39
2021-07-20T16:09:32.360946700Z Log pseudolikelihood =   -61.837541             Prob > chi2      =      0.7344
2021-07-20T16:09:32.360962900Z 
2021-07-20T16:09:32.370142200Z                          (Std. Err. adjusted for 113 clusters in household_id)
2021-07-20T16:09:32.370174900Z ------------------------------------------------------------------------------
2021-07-20T16:09:32.370181600Z              |               Robust
2021-07-20T16:09:32.370186200Z           _t | Haz. Ratio   Std. Err.      z    P>|z|     [95% Conf. Interval]
2021-07-20T16:09:32.370191500Z -------------+----------------------------------------------------------------
2021-07-20T16:09:32.370576100Z         age1 |   1.317188    .291397     1.25   0.213     .8537672    2.032152
2021-07-20T16:09:32.370874600Z         age2 |    .343271   .3469013    -1.06   0.290     .0473624    2.487944
2021-07-20T16:09:32.371282500Z         age3 |   8.115393    17.3766     0.98   0.328     .1221027    539.3787
2021-07-20T16:09:32.371711600Z       1.male |   .5990282     .29944    -1.03   0.305     .2248805    1.595669
2021-07-20T16:09:32.371797600Z              |
2021-07-20T16:09:32.371807700Z gp_number_~s |
2021-07-20T16:09:32.372052000Z 2 childre..  |   .9080513   .6781361    -0.13   0.897     .2101018    3.924559
2021-07-20T16:09:32.372369300Z 3 childre..  |   .7037811    .603231    -0.41   0.682     .1311742    3.775956
2021-07-20T16:09:32.373264600Z 4+ childr..  |   1.571933   .9131457     0.78   0.436     .5034606    4.907975
2021-07-20T16:09:32.373276000Z ------------------------------------------------------------------------------
2021-07-20T16:09:32.373531500Z                                                              Stratified by stp
2021-07-20T16:09:32.381909700Z (note: file ./output/an_univariable_cox_models_worms_AGESEX_gp_number_kids_ageb
2021-07-20T16:09:32.381933500Z > and_1.ster not found)
2021-07-20T16:09:32.381948700Z file ./output/an_univariable_cox_models_worms_AGESEX_gp_number_kids_ageband_1.s
2021-07-20T16:09:32.381953900Z > ter saved
2021-07-20T16:09:32.382039900Z 
2021-07-20T16:09:32.382059600Z . 
2021-07-20T16:09:32.382064400Z . * Close log file
2021-07-20T16:09:32.382068800Z . log close
2021-07-20T16:09:32.382096500Z       name:  <unnamed>
2021-07-20T16:09:32.382102000Z        log:  /workspace/log/WORMS_06_univariate_analysis.log
2021-07-20T16:09:32.382106700Z   log type:  text
2021-07-20T16:09:32.382111300Z  closed on:  20 Jul 2021, 16:09:32
2021-07-20T16:09:32.382116000Z -------------------------------------------------------------------------------
2021-07-20T16:09:32.382187700Z 
2021-07-20T16:09:32.382197600Z . exit, clear 
2021-07-20T16:09:32.382211800Z 
2021-07-20T16:09:32.382217000Z end of do-file
2021-07-20T16:09:32.382221200Z 
2021-07-20T16:09:32.382225700Z . . file open output using "/tmp/tmp.BfJ2RLs7ts", write text replace
2021-07-20T16:09:32.382230600Z 
2021-07-20T16:09:32.382235300Z . . file write output "success" 
2021-07-20T16:09:32.382240100Z 
2021-07-20T16:09:32.382244100Z . . file close output
2021-07-20T16:09:32.382311400Z 
2021-07-20T16:09:32.382321000Z . 
2021-07-20T16:09:32.382325800Z end of do-file
2021-07-20T16:09:32.382358000Z 
2021-07-20T16:09:32.382363000Z 
2021-07-20T16:09:32.412315000Z . 

state: succeeded
commit: none
docker_image_id: sha256:11980aa720220a1b39bf523f5a8a33270214c13876c30ee364e16265766f7f60
exit_code: 0
job_id: fvt7rw2cnrhmuqqe
run_by_user: qc18278
created_at: 2021-07-20T15:38:48Z
started_at: 2021-07-20T16:09:31Z
completed_at: 2021-07-20T16:09:35Z

Completed successfully

outputs:
  log/WORMS_06_univariate_analysis.log                                         - moderately_sensitive
  output/an_univariable_cox_models_worms_AGESEX_gp_number_kids_ageband_0.ster  - moderately_sensitive
  output/an_univariable_cox_models_worms_AGESEX_gp_number_kids_ageband_1.ster  - moderately_sensitive
  output/an_univariable_cox_models_worms_AGESEX_kids_cat4_ageband_0.ster       - moderately_sensitive
  output/an_univariable_cox_models_worms_AGESEX_kids_cat4_ageband_1.ster       - moderately_sensitive