2021-07-20T16:10:18.246995600Z 
2021-07-20T16:10:18.247030700Z   ___  ____  ____  ____  ____ (R)
2021-07-20T16:10:18.247036800Z  /__    /   ____/   /   ____/
2021-07-20T16:10:18.247041200Z ___/   /   /___/   /   /___/   16.1   Copyright 1985-2019 StataCorp LLC
2021-07-20T16:10:18.247045300Z   Statistics/Data Analysis            StataCorp
2021-07-20T16:10:18.247049500Z                                       4905 Lakeway Drive
2021-07-20T16:10:18.247055400Z                                       College Station, Texas 77845 USA
2021-07-20T16:10:18.247059500Z                                       800-STATA-PC        http://www.stata.com
2021-07-20T16:10:18.247063700Z                                       979-696-4600        stata@stata.com
2021-07-20T16:10:18.247067900Z                                       979-696-4601 (fax)
2021-07-20T16:10:18.247071900Z 
2021-07-20T16:10:18.247076000Z 3-user Stata network license expires 11 May 2022:
2021-07-20T16:10:18.247080200Z        Serial number:  501709312237
2021-07-20T16:10:18.247084700Z          Licensed to:  The Bennett Institute
2021-07-20T16:10:18.247089200Z                        Oxford University
2021-07-20T16:10:18.248562200Z 
2021-07-20T16:10:18.248582700Z Notes:
2021-07-20T16:10:18.248589500Z       1.  Unicode is supported; see help unicode_advice.
2021-07-20T16:10:18.248594600Z 
2021-07-20T16:10:18.248599700Z . do "analysis/WORMS_07b_an_multivariable_cox_models_FULL.wrapper.do" worms 
2021-07-20T16:10:18.248604900Z 
2021-07-20T16:10:18.248609200Z . . do "analysis/WORMS_07b_an_multivariable_cox_models_FULL.do" worms
2021-07-20T16:10:18.248800400Z 
2021-07-20T16:10:18.248814200Z . *****************************************************************************
2021-07-20T16:10:18.248819800Z > ***
2021-07-20T16:10:18.248824400Z . *
2021-07-20T16:10:18.248828400Z . *       Do-file:                WORMS_07b_an_multivariable_cox_models_FULL.do
2021-07-20T16:10:18.248832800Z . *
2021-07-20T16:10:18.248836800Z . *       Project:                Exposure children and COVID risk
2021-07-20T16:10:18.248841300Z . *
2021-07-20T16:10:18.248845700Z . *       Programmed by:  Hforbes, based on files from Fizz & Krishnan
2021-07-20T16:10:18.248850100Z . *
2021-07-20T16:10:18.248854100Z . *       Data used:              analysis_dataset_worms.dta
2021-07-20T16:10:18.248858600Z . *
2021-07-20T16:10:18.248862800Z . *       Data created:   None
2021-07-20T16:10:18.248867200Z . *
2021-07-20T16:10:18.248871500Z . *       Other output:   Log file:  an_multivariable_cox_models.log
2021-07-20T16:10:18.248876000Z . *
2021-07-20T16:10:18.248880800Z . *****************************************************************************
2021-07-20T16:10:18.248898000Z > ***
2021-07-20T16:10:18.248903300Z . *
2021-07-20T16:10:18.248907600Z . *       Purpose:                This do-file performs multivariable (fully ad
2021-07-20T16:10:18.248912000Z > justed)
2021-07-20T16:10:18.249079300Z . *                                       Cox models.
2021-07-20T16:10:18.249097700Z . *
2021-07-20T16:10:18.249103600Z . *****************************************************************************
2021-07-20T16:10:18.249108600Z > ***
2021-07-20T16:10:18.249113000Z . *
2021-07-20T16:10:18.249116800Z . *       Stata routines needed:  stbrier
2021-07-20T16:10:18.249120800Z . *
2021-07-20T16:10:18.249125500Z . *****************************************************************************
2021-07-20T16:10:18.249130100Z > ***
2021-07-20T16:10:18.249637400Z . * Set globals that will print in programs and direct output
2021-07-20T16:10:18.249652400Z . global outdir     "output"
2021-07-20T16:10:18.249659000Z 
2021-07-20T16:10:18.249663800Z . global logdir     "log"
2021-07-20T16:10:18.249668300Z 
2021-07-20T16:10:18.249672400Z . global tempdir    "tempdata"
2021-07-20T16:10:18.249676900Z 
2021-07-20T16:10:18.249680800Z . local outcome `1'
2021-07-20T16:10:18.249685000Z 
2021-07-20T16:10:18.249689100Z . 
2021-07-20T16:10:18.249693200Z . 
2021-07-20T16:10:18.249697300Z . *****************************************************************************
2021-07-20T16:10:18.249701700Z > *******
2021-07-20T16:10:18.249706100Z . *First clean up all old saved estimates for this outcome
2021-07-20T16:10:18.249710900Z . *This is to guard against accidentally displaying left-behind results from ol
2021-07-20T16:10:18.249715800Z > d runs
2021-07-20T16:10:18.249720200Z . *****************************************************************************
2021-07-20T16:10:18.249724500Z > *******
2021-07-20T16:10:18.249728600Z . cap erase ./output/an_multivariate_cox_models_`outcome'_kids_cat4_MAINFULLYAD
2021-07-20T16:10:18.249733200Z > JMODEL_noeth_ageband_0.ster
2021-07-20T16:10:18.256573400Z 
2021-07-20T16:10:18.256601400Z . cap erase ./output/an_multivariate_cox_models_`outcome'_kids_cat4_MAINFULLYAD
2021-07-20T16:10:18.256608200Z > JMODEL_noeth_ageband_1.ster
2021-07-20T16:10:18.256613600Z 
2021-07-20T16:10:18.256618300Z . cap erase ./output/an_multivariate_cox_models_`outcome'_gp_number_kids_MAINFU
2021-07-20T16:10:18.256623400Z > LLYADJMODEL_noeth_ageband_0.ster
2021-07-20T16:10:18.256629500Z 
2021-07-20T16:10:18.256635500Z . cap erase ./output/an_multivariate_cox_models_`outcome'_gp_number_kids_MAINFU
2021-07-20T16:10:18.256656100Z > LLYADJMODEL_noeth_ageband_1.ster
2021-07-20T16:10:18.256665600Z 
2021-07-20T16:10:18.256671000Z . 
2021-07-20T16:10:18.256677600Z . 
2021-07-20T16:10:18.256682400Z . * Open a log file
2021-07-20T16:10:18.256688900Z . capture log close
2021-07-20T16:10:18.256694100Z 
2021-07-20T16:10:18.256698700Z . log using "$logdir/WORMS_07b_an_multivariable_cox_models_FULL", text replace
2021-07-20T16:10:18.256704700Z (note: file /workspace/log/WORMS_07b_an_multivariable_cox_models_FULL.log not f
2021-07-20T16:10:18.256746200Z > ound)
2021-07-20T16:10:18.256760800Z -------------------------------------------------------------------------------
2021-07-20T16:10:18.256769900Z       name:  <unnamed>
2021-07-20T16:10:18.256775100Z        log:  /workspace/log/WORMS_07b_an_multivariable_cox_models_FULL.log
2021-07-20T16:10:18.256781100Z   log type:  text
2021-07-20T16:10:18.256785800Z  opened on:  20 Jul 2021, 16:10:18
2021-07-20T16:10:18.256790300Z 
2021-07-20T16:10:18.256795000Z . 
2021-07-20T16:10:18.256800200Z . 
2021-07-20T16:10:18.256805400Z . *****************************************************************************
2021-07-20T16:10:18.256811500Z > ********
2021-07-20T16:10:18.256817900Z . *PROG TO DEFINE THE BASIC COX MODEL WITH OPTIONS FOR HANDLING OF AGE, BMI, ET
2021-07-20T16:10:18.256822300Z > HNICITY:
2021-07-20T16:10:18.256827700Z . cap prog drop basecoxmodel
2021-07-20T16:10:18.256833500Z 
2021-07-20T16:10:18.256838100Z . prog define basecoxmodel
2021-07-20T16:10:18.256843000Z   1.         syntax , exposure(string) age(string) [ethnicity(real 0) if(string
2021-07-20T16:10:18.256848400Z > )] bmi(string) smoking(string)
2021-07-20T16:10:18.256853300Z   2. 
2021-07-20T16:10:18.256857800Z .         if `ethnicity'==1 local ethnicity "i.ethnicity"
2021-07-20T16:10:18.256863400Z   3.         else local ethnicity
2021-07-20T16:10:18.256868000Z   4. timer clear
2021-07-20T16:10:18.256872200Z   5. timer on 1
2021-07-20T16:10:18.256876700Z   6.         capture stcox   `exposure' `age'                ///
2021-07-20T16:10:18.256881400Z >                         i.male                                               
2021-07-20T16:10:18.256886500Z >    ///
2021-07-20T16:10:18.256891100Z >                         `bmi'                                                
2021-07-20T16:10:18.256895700Z >    ///
2021-07-20T16:10:18.256900200Z >                         `smoking'                                            
2021-07-20T16:10:18.256905600Z >    ///
2021-07-20T16:10:18.256926400Z >                         `ethnicity'                                          
2021-07-20T16:10:18.256932900Z >    ///
2021-07-20T16:10:18.256938500Z >                         i.imd                                                
2021-07-20T16:10:18.256943900Z >    ///
2021-07-20T16:10:18.256948300Z >                         i.htdiag_or_highbp                              ///
2021-07-20T16:10:18.256954000Z >                         i.chronic_respiratory_disease   ///
2021-07-20T16:10:18.256959400Z >                         i.asthma                                             
2021-07-20T16:10:18.256964100Z >    ///
2021-07-20T16:10:18.256973500Z >                         i.chronic_cardiac_disease               ///
2021-07-20T16:10:18.256981400Z >                         i.diabcat                                            
2021-07-20T16:10:18.256986200Z >    ///
2021-07-20T16:10:18.256990300Z >                         i.cancer_exhaem_cat                             ///
2021-07-20T16:10:18.256994900Z >                         i.cancer_haem_cat                               ///
2021-07-20T16:10:18.256999200Z >                         i.chronic_liver_disease                 ///
2021-07-20T16:10:18.257003700Z >                         i.stroke_dementia                               ///
2021-07-20T16:10:18.257008000Z >                         i.other_neuro                                   ///
2021-07-20T16:10:18.257012900Z >                         i.reduced_kidney_function_cat   ///
2021-07-20T16:10:18.257017800Z >                         i.esrd                                               
2021-07-20T16:10:18.257022300Z >    ///
2021-07-20T16:10:18.257026500Z >                         i.other_transplant                                   
2021-07-20T16:10:18.257031000Z >    ///
2021-07-20T16:10:18.257035300Z >                         i.tot_adults_hh                                 ///
2021-07-20T16:10:18.257039900Z >                         i.asplenia                                           
2021-07-20T16:10:18.257044400Z >    ///
2021-07-20T16:10:18.257048700Z >                         i.ra_sle_psoriasis                      ///
2021-07-20T16:10:18.257054100Z >                         i.other_immuno                                  ///
2021-07-20T16:10:18.257058900Z >                         `if'                                                 
2021-07-20T16:10:18.257063800Z >    ///
2021-07-20T16:10:18.257068100Z >                         , strata(stp) vce(cluster household_id)
2021-07-20T16:10:18.257072200Z   7. timer off 1
2021-07-20T16:10:18.257076300Z   8. timer list
2021-07-20T16:10:18.257080500Z   9. end
2021-07-20T16:10:18.257084600Z 
2021-07-20T16:10:18.257112700Z . *****************************************************************************
2021-07-20T16:10:18.257118500Z > ********
2021-07-20T16:10:18.257123700Z . 
2021-07-20T16:10:18.257128600Z . * Open dataset and fit specified model(s)
2021-07-20T16:10:18.257134500Z . forvalues x=0/1 {
2021-07-20T16:10:18.257138500Z   2. 
2021-07-20T16:10:18.257142500Z . use "$tempdir/cr_create_analysis_dataset_STSET_`outcome'_ageband_`x'.dta", cl
2021-07-20T16:10:18.257148400Z > ear
2021-07-20T16:10:18.257155000Z   3. 
2021-07-20T16:10:18.257160600Z . ******************************
2021-07-20T16:10:18.257166200Z . *  Multivariable Cox models  *
2021-07-20T16:10:18.257170600Z . ******************************
2021-07-20T16:10:18.257174800Z . 
2021-07-20T16:10:18.257178700Z . 
2021-07-20T16:10:18.257182600Z . 
2021-07-20T16:10:18.257186600Z . foreach exposure_type in kids_cat4  gp_number_kids {
2021-07-20T16:10:18.257191400Z   4. 
2021-07-20T16:10:18.257195800Z . *Age spline model (not adj ethnicity)
2021-07-20T16:10:18.257200600Z . basecoxmodel, exposure("i.`exposure_type'") age("age1 age2 age3") ethnicity(1
2021-07-20T16:10:18.257205600Z > ) bmi(i.obese4cat) smoking(i.smoke_nomiss)
2021-07-20T16:10:18.257209700Z   5. if _rc==0{
2021-07-20T16:10:18.257213600Z   6. estimates
2021-07-20T16:10:18.257218100Z   7. estimates save ./output/an_multivariate_cox_models_`outcome'_`exposure_typ
2021-07-20T16:10:18.257222500Z > e'_MAINFULLYADJMODEL_noeth_ageband_`x', replace
2021-07-20T16:10:18.257230800Z   8. *estat concordance /*c-statistic*/
2021-07-20T16:10:18.257236100Z .         /*  Proportional Hazards test
2021-07-20T16:10:18.257287000Z >         * Based on Schoenfeld residuals
2021-07-20T16:10:18.257294000Z >         timer clear
2021-07-20T16:10:18.257298600Z >         timer on 1
2021-07-20T16:10:18.257302800Z >         if e(N_fail)>0 estat phtest, d
2021-07-20T16:10:18.257307100Z >         timer off 1
2021-07-20T16:10:18.257311200Z >         timer list */
2021-07-20T16:10:18.257315600Z . }
2021-07-20T16:10:18.257320300Z   9. else di "WARNING AGE SPLINE MODEL DID NOT FIT (OUTCOME `outcome')"
2021-07-20T16:10:18.257325500Z  10. 
2021-07-20T16:10:18.257330300Z . }
2021-07-20T16:10:18.257335100Z  11. 
2021-07-20T16:10:18.257339400Z . }
2021-07-20T16:10:21.040597900Z    1:      2.79 /        1 =       2.7870
2021-07-20T16:10:21.042912400Z 
2021-07-20T16:10:21.042928300Z -------------------------------------------------------------------------------
2021-07-20T16:10:21.042933700Z active results
2021-07-20T16:10:21.042991100Z -------------------------------------------------------------------------------
2021-07-20T16:10:21.045223100Z 
2021-07-20T16:10:21.045238300Z Stratified Cox regr. -- Breslow method for ties
2021-07-20T16:10:21.045358000Z 
2021-07-20T16:10:21.045369700Z No. of subjects      =       10,667             Number of obs    =      10,667
2021-07-20T16:10:21.045375100Z No. of failures      =          842
2021-07-20T16:10:21.045428200Z Time at risk         =      3725395
2021-07-20T16:10:21.045595700Z                                                 Wald chi2(40)    =       65.89
2021-07-20T16:10:21.045609800Z Log pseudolikelihood =   -5809.1216             Prob > chi2      =      0.0061
2021-07-20T16:10:21.045643400Z 
2021-07-20T16:10:21.119978100Z                        (Std. Err. adjusted for 1,061 clusters in household_id)
2021-07-20T16:10:21.120030300Z ------------------------------------------------------------------------------
2021-07-20T16:10:21.120040700Z              |               Robust
2021-07-20T16:10:21.120045900Z           _t | Haz. Ratio   Std. Err.      z    P>|z|     [95% Conf. Interval]
2021-07-20T16:10:21.120051400Z -------------+----------------------------------------------------------------
2021-07-20T16:10:21.120056600Z    kids_cat4 |
2021-07-20T16:10:21.132299000Z only <12 ..  |   .4426295   .1070611    -3.37   0.001     .2755217    .7110904
2021-07-20T16:10:21.132561600Z  only 12-18  |   .4935614    .187866    -1.86   0.064     .2340698    1.040727
2021-07-20T16:10:21.132918600Z       mixed  |   .5004501   .1081715    -3.20   0.001     .3276234    .7644457
2021-07-20T16:10:21.132931200Z              |
2021-07-20T16:10:21.133218800Z         age1 |   1.002765    .012067     0.23   0.819      .979391    1.026697
2021-07-20T16:10:21.133479600Z         age2 |   .9703639    .036362    -0.80   0.422     .9016498    1.044315
2021-07-20T16:10:21.133907400Z         age3 |   1.109382   .1313414     0.88   0.381     .8796427    1.399124
2021-07-20T16:10:21.134257200Z       1.male |    1.11276   .0747952     1.59   0.112     .9754097    1.269451
2021-07-20T16:10:21.134268600Z              |
2021-07-20T16:10:21.134273500Z    obese4cat |
2021-07-20T16:10:21.134694900Z Obese I ..)  |   .8038293    .152094    -1.15   0.248     .5547617    1.164719
2021-07-20T16:10:21.135154900Z Obese II..)  |   .9230268   .1596598    -0.46   0.643     .6576252    1.295538
2021-07-20T16:10:21.135512200Z Obese II..)  |   1.151288   .1640112     0.99   0.323     .8708083    1.522107
2021-07-20T16:10:21.135524700Z              |
2021-07-20T16:10:21.135529800Z smoke_nomiss |
2021-07-20T16:10:21.136096700Z      Former  |   1.057802   .2500031     0.24   0.812     .6656253    1.681044
2021-07-20T16:10:21.136633100Z     Current  |   1.083512   .1051765     0.83   0.409     .8957928    1.310569
2021-07-20T16:10:21.136673300Z              |
2021-07-20T16:10:21.136679300Z    ethnicity |
2021-07-20T16:10:21.137822600Z Asian or ..  |   1.111942   .1259013     0.94   0.349     .8906431    1.388228
2021-07-20T16:10:21.138280700Z       Other  |   1.054443   .1212614     0.46   0.645     .8416556    1.321027
2021-07-20T16:10:21.138294700Z              |
2021-07-20T16:10:21.138299700Z          imd |
2021-07-20T16:10:21.138430700Z           4  |   1.077141   .0878726     0.91   0.362     .9179775    1.263902
2021-07-20T16:10:21.138840800Z 5 most de..  |   .8435391   .1096261    -1.31   0.190     .6538578    1.088246
2021-07-20T16:10:21.138975600Z              |
2021-07-20T16:10:21.139335100Z 1.htdiag_o~p |   .9766259   .1191257    -0.19   0.846     .7689558    1.240381
2021-07-20T16:10:21.139706700Z 1.~y_disease |   .9274217   .0794176    -0.88   0.379     .7841274    1.096902
2021-07-20T16:10:21.140137300Z     1.asthma |   .7618158   .1078042    -1.92   0.055     .5772936    1.005317
2021-07-20T16:10:21.140510200Z 1.~c_disease |   .9447739   .0803813    -0.67   0.504     .7996643    1.116216
2021-07-20T16:10:21.140611300Z              |
2021-07-20T16:10:21.140622400Z      diabcat |
2021-07-20T16:10:21.140867500Z T1DM, con..  |   .9461829   .2058954    -0.25   0.799     .6176582    1.449446
2021-07-20T16:10:21.141165600Z T1DM, unc..  |   1.793748   .6600902     1.59   0.112     .8720142     3.68977
2021-07-20T16:10:21.141463700Z T2DM, con..  |   .8759904   .0895948    -1.29   0.195     .7168691    1.070431
2021-07-20T16:10:21.141759400Z T2DM, unc..  |   .9971916   .1838516    -0.02   0.988     .6947733    1.431245
2021-07-20T16:10:21.142832100Z Diabetes,..  |   1.441033   1.464702     0.36   0.719     .1965583    10.56468
2021-07-20T16:10:21.142846600Z              |
2021-07-20T16:10:21.142852400Z cancer_exh~t |
2021-07-20T16:10:21.142857100Z 2-5 years..  |   .7536418   .2418769    -0.88   0.378     .4017693    1.413687
2021-07-20T16:10:21.142989800Z    5+ years  |   1.158948   .0938908     1.82   0.069     .9887918    1.358386
2021-07-20T16:10:21.143002000Z              |
2021-07-20T16:10:21.143007600Z cancer_hae~t |
2021-07-20T16:10:21.143292100Z 2-5 years..  |   .6975971   .2179691    -1.15   0.249     .3781296     1.28697
2021-07-20T16:10:21.143804900Z    5+ years  |   .9180774   .0824694    -0.95   0.341     .7698697    1.094817
2021-07-20T16:10:21.143879100Z              |
2021-07-20T16:10:21.144111900Z 1.~r_disease |   .9525067   .0850965    -0.54   0.586     .7995066    1.134786
2021-07-20T16:10:21.144511300Z 1.stroke_d~a |   1.058844   .0854887     0.71   0.479     .9038739    1.240384
2021-07-20T16:10:21.144935800Z 1.other_ne~o |   .8222528   .0741899    -2.17   0.030     .6889749    .9813124
2021-07-20T16:10:21.145006300Z              |
2021-07-20T16:10:21.145016600Z reduced_ki~t |
2021-07-20T16:10:21.145483000Z Stage 3a/..  |    2.63923    .880485     2.91   0.004     1.372475    5.075167
2021-07-20T16:10:21.145943800Z       1.esrd |   1.014741    .076631     0.19   0.846     .8751332    1.176619
2021-07-20T16:10:21.146407400Z 1.other_tr~t |   1.067728   .0889051     0.79   0.431     .9069527    1.257003
2021-07-20T16:10:21.146488500Z              |
2021-07-20T16:10:21.146508000Z tot_adults~h |
2021-07-20T16:10:21.146814400Z           2  |   .6012618   .4156894    -0.74   0.462      .155087    2.331051
2021-07-20T16:10:21.147255700Z           3  |   1.510428   .6679892     0.93   0.351     .6348261    3.593728
2021-07-20T16:10:21.147328200Z              |
2021-07-20T16:10:21.147730200Z   1.asplenia |   1.043357   .0909847     0.49   0.626     .8794377     1.23783
2021-07-20T16:10:21.148131300Z 1.ra_sle_p~s |   1.100984   .0935808     1.13   0.258     .9320325    1.300562
2021-07-20T16:10:21.160797800Z 1.other_im~o |   .9713366   .0699927    -0.40   0.687     .8434003     1.11868
2021-07-20T16:10:21.160823500Z ------------------------------------------------------------------------------
2021-07-20T16:10:21.161057000Z                                                              Stratified by stp
2021-07-20T16:10:21.193588600Z (note: file ./output/an_multivariate_cox_models_worms_kids_cat4_MAINFULLYADJMOD
2021-07-20T16:10:21.193614300Z > EL_noeth_ageband_0.ster not found)
2021-07-20T16:10:21.193620400Z file ./output/an_multivariate_cox_models_worms_kids_cat4_MAINFULLYADJMODEL_noet
2021-07-20T16:10:21.193625400Z > h_ageband_0.ster saved
2021-07-20T16:10:22.134343600Z    1:      0.94 /        1 =       0.9400
2021-07-20T16:10:22.134370600Z 
2021-07-20T16:10:22.134375800Z -------------------------------------------------------------------------------
2021-07-20T16:10:22.134380600Z active results
2021-07-20T16:10:22.134384900Z -------------------------------------------------------------------------------
2021-07-20T16:10:22.140649100Z 
2021-07-20T16:10:22.140700800Z Stratified Cox regr. -- Breslow method for ties
2021-07-20T16:10:22.140725100Z 
2021-07-20T16:10:22.140733500Z No. of subjects      =          942             Number of obs    =         942
2021-07-20T16:10:22.140738500Z No. of failures      =           64
2021-07-20T16:10:22.140742900Z Time at risk         =       330617
2021-07-20T16:10:22.140747200Z                                                 Wald chi2(38)    =    23220.41
2021-07-20T16:10:22.140752600Z Log pseudolikelihood =    -263.5929             Prob > chi2      =      0.0000
2021-07-20T16:10:22.140758100Z 
2021-07-20T16:10:22.159861100Z                          (Std. Err. adjusted for 182 clusters in household_id)
2021-07-20T16:10:22.159885300Z ------------------------------------------------------------------------------
2021-07-20T16:10:22.159900200Z              |               Robust
2021-07-20T16:10:22.159905200Z           _t | Haz. Ratio   Std. Err.      z    P>|z|     [95% Conf. Interval]
2021-07-20T16:10:22.159910300Z -------------+----------------------------------------------------------------
2021-07-20T16:10:22.159915300Z gp_number_~s |
2021-07-20T16:10:22.160071300Z 2 childre..  |   1.857499   .6586512     1.75   0.081     .9270445    3.721829
2021-07-20T16:10:22.160428800Z 3 childre..  |   1.032094    .426677     0.08   0.939     .4590131    2.320672
2021-07-20T16:10:22.160722500Z 4+ childr..  |    1.04321   .3050992     0.14   0.885     .5880683    1.850614
2021-07-20T16:10:22.160735000Z              |
2021-07-20T16:10:22.161022500Z         age1 |   1.075134    .042641     1.83   0.068     .9947253    1.162043
2021-07-20T16:10:22.161322900Z         age2 |   .7823316   .0959874    -2.00   0.045     .6151111    .9950116
2021-07-20T16:10:22.161745600Z         age3 |   2.335536    .927805     2.14   0.033     1.072116    5.087814
2021-07-20T16:10:22.162058800Z       1.male |   1.173914   .3128889     0.60   0.547     .6962442    1.979298
2021-07-20T16:10:22.162071900Z              |
2021-07-20T16:10:22.162076800Z    obese4cat |
2021-07-20T16:10:22.166331500Z Obese I ..)  |   .6787795   .5111102    -0.51   0.607     .1551627    2.969409
2021-07-20T16:10:22.166350100Z Obese II..)  |   .2723981   .2997263    -1.18   0.237     .0315214    2.353976
2021-07-20T16:10:22.166432700Z Obese II..)  |   .3343785   .2185016    -1.68   0.094        .0929    1.203541
2021-07-20T16:10:22.166447500Z              |
2021-07-20T16:10:22.166463200Z smoke_nomiss |
2021-07-20T16:10:22.166467900Z      Former  |   .9526372   .9861775    -0.05   0.963      .125244    7.245995
2021-07-20T16:10:22.166472800Z     Current  |   .5756248   .2706989    -1.17   0.240     .2290051    1.446884
2021-07-20T16:10:22.166480800Z              |
2021-07-20T16:10:22.166485800Z    ethnicity |
2021-07-20T16:10:22.166490200Z Asian or ..  |   1.395263   .6052709     0.77   0.443     .5962128    3.265208
2021-07-20T16:10:22.166494800Z       Other  |   1.112305   .4970754     0.24   0.812     .4632682     2.67064
2021-07-20T16:10:22.166499200Z              |
2021-07-20T16:10:22.166503400Z          imd |
2021-07-20T16:10:22.166507500Z           4  |   1.035044   .3313797     0.11   0.914      .552635    1.938562
2021-07-20T16:10:22.166512000Z 5 most de..  |   .3500162   .2804899    -1.31   0.190     .0727725    1.683485
2021-07-20T16:10:22.166516900Z              |
2021-07-20T16:10:22.166521200Z 1.htdiag_o~p |   1.086898   .5817824     0.16   0.876     .3806862    3.103203
2021-07-20T16:10:22.166525900Z 1.~y_disease |   .8981957   .3209719    -0.30   0.764     .4458538    1.809462
2021-07-20T16:10:22.166818400Z     1.asthma |   .9830128   .4837548    -0.03   0.972     .3746887    2.578979
2021-07-20T16:10:22.167243600Z 1.~c_disease |   .9380291   .3305123    -0.18   0.856      .470216    1.871264
2021-07-20T16:10:22.167255000Z              |
2021-07-20T16:10:22.167260000Z      diabcat |
2021-07-20T16:10:22.167650300Z T1DM, con..  |   .5971725   .4617196    -0.67   0.505     .1312112     2.71787
2021-07-20T16:10:22.167989400Z T1DM, unc..  |   2.01e-15   1.63e-15   -41.60   0.000     4.08e-16    9.89e-15
2021-07-20T16:10:22.168314300Z T2DM, con..  |    .748856   .3968617    -0.55   0.585     .2650317    2.115918
2021-07-20T16:10:22.168757900Z T2DM, unc..  |   .5951897   .6092722    -0.51   0.612     .0800413    4.425852
2021-07-20T16:10:22.168769400Z              |
2021-07-20T16:10:22.168774200Z cancer_exh~t |
2021-07-20T16:10:22.169145700Z 2-5 years..  |   4.633119   2.687654     2.64   0.008      1.48626    14.44283
2021-07-20T16:10:22.169882400Z    5+ years  |   .6589381   .2919464    -0.94   0.346     .2765125     1.57027
2021-07-20T16:10:22.169904100Z              |
2021-07-20T16:10:22.169910200Z cancer_hae~t |
2021-07-20T16:10:22.170520100Z 2-5 years..  |   8.28e-16   3.41e-16   -84.22   0.000     3.69e-16    1.86e-15
2021-07-20T16:10:22.171025900Z    5+ years  |   .3138414   .1626437    -2.24   0.025     .1136547    .8666286
2021-07-20T16:10:22.171041500Z              |
2021-07-20T16:10:22.171459700Z 1.~r_disease |   1.349492   .4012915     1.01   0.313     .7534471    2.417061
2021-07-20T16:10:22.171844100Z 1.stroke_d~a |   1.086722   .3169337     0.29   0.776     .6135818    1.924706
2021-07-20T16:10:22.172248900Z 1.other_ne~o |   .7369982   .2621964    -0.86   0.391     .3669787    1.480103
2021-07-20T16:10:22.172316300Z              |
2021-07-20T16:10:22.172327000Z reduced_ki~t |
2021-07-20T16:10:22.172888700Z Stage 3a/..  |   2.673094    3.33142     0.79   0.430     .2323701    30.75023
2021-07-20T16:10:22.173245700Z       1.esrd |    1.25866   .3333474     0.87   0.385      .748986     2.11516
2021-07-20T16:10:22.173641800Z 1.other_tr~t |   .7364506   .2557412    -0.88   0.378     .3728669    1.454566
2021-07-20T16:10:22.173706700Z              |
2021-07-20T16:10:22.173716900Z tot_adults~h |
2021-07-20T16:10:22.174297200Z           2  |   6.92e+08          .        .       .            .           .
2021-07-20T16:10:22.174707800Z           3  |   7.03e+08   8.75e+08    16.35   0.000     6.11e+07    8.08e+09
2021-07-20T16:10:22.174788400Z              |
2021-07-20T16:10:22.175206500Z   1.asplenia |   1.367977   .4029845     1.06   0.287     .7679416    2.436853
2021-07-20T16:10:22.175670500Z 1.ra_sle_p~s |    1.19756    .409453     0.53   0.598     .6127261    2.340606
2021-07-20T16:10:22.177553700Z 1.other_im~o |   1.385289   .3305608     1.37   0.172     .8678101    2.211343
2021-07-20T16:10:22.177571500Z ------------------------------------------------------------------------------
2021-07-20T16:10:22.177809400Z                                                              Stratified by stp
2021-07-20T16:10:22.190411200Z (note: file ./output/an_multivariate_cox_models_worms_gp_number_kids_MAINFULLYA
2021-07-20T16:10:22.190438200Z > DJMODEL_noeth_ageband_0.ster not found)
2021-07-20T16:10:22.190444200Z file ./output/an_multivariate_cox_models_worms_gp_number_kids_MAINFULLYADJMODEL
2021-07-20T16:10:22.190449500Z > _noeth_ageband_0.ster saved
2021-07-20T16:10:25.016326500Z    1:      2.82 /        1 =       2.8240
2021-07-20T16:10:25.016360000Z 
2021-07-20T16:10:25.016366900Z -------------------------------------------------------------------------------
2021-07-20T16:10:25.016372500Z active results
2021-07-20T16:10:25.016377600Z -------------------------------------------------------------------------------
2021-07-20T16:10:25.018445100Z 
2021-07-20T16:10:25.018584500Z Stratified Cox regr. -- Breslow method for ties
2021-07-20T16:10:25.018800200Z 
2021-07-20T16:10:25.018848600Z No. of subjects      =        2,907             Number of obs    =       2,907
2021-07-20T16:10:25.018865400Z No. of failures      =          241
2021-07-20T16:10:25.018880300Z Time at risk         =      1018135
2021-07-20T16:10:25.018894200Z                                                 Wald chi2(38)    =       45.76
2021-07-20T16:10:25.018915700Z Log pseudolikelihood =    -1334.186             Prob > chi2      =      0.1810
2021-07-20T16:10:25.018935100Z 
2021-07-20T16:10:25.035197100Z                          (Std. Err. adjusted for 827 clusters in household_id)
2021-07-20T16:10:25.035223600Z ------------------------------------------------------------------------------
2021-07-20T16:10:25.035228500Z              |               Robust
2021-07-20T16:10:25.035231600Z           _t | Haz. Ratio   Std. Err.      z    P>|z|     [95% Conf. Interval]
2021-07-20T16:10:25.035235100Z -------------+----------------------------------------------------------------
2021-07-20T16:10:25.035238400Z    kids_cat4 |
2021-07-20T16:10:25.035476600Z only <12 ..  |   5.365146   4.339366     2.08   0.038     1.099319    26.18419
2021-07-20T16:10:25.035740800Z  only 12-18  |   5.296985   4.905786     1.80   0.072     .8623646    32.53617
2021-07-20T16:10:25.036081500Z       mixed  |   5.257039   4.246398     2.05   0.040     1.079392    25.60373
2021-07-20T16:10:25.036098500Z              |
2021-07-20T16:10:25.036412700Z         age1 |   1.030304   .0646634     0.48   0.634     .9110513    1.165167
2021-07-20T16:10:25.036651100Z         age2 |   .9427868   .2801691    -0.20   0.843     .5265758    1.687975
2021-07-20T16:10:25.037000100Z         age3 |   1.079129   .6803616     0.12   0.904     .3136274    3.713067
2021-07-20T16:10:25.037366000Z       1.male |   1.075159   .1400767     0.56   0.578     .8328642    1.387942
2021-07-20T16:10:25.037392800Z              |
2021-07-20T16:10:25.037398200Z    obese4cat |
2021-07-20T16:10:25.037663200Z Obese I ..)  |   .6903522   .2648515    -0.97   0.334     .3254692    1.464305
2021-07-20T16:10:25.037935000Z Obese II..)  |    .427618   .1957794    -1.86   0.064     .1743189    1.048981
2021-07-20T16:10:25.038280300Z Obese II..)  |   1.056146   .2639035     0.22   0.827     .6471882    1.723523
2021-07-20T16:10:25.038292200Z              |
2021-07-20T16:10:25.038296900Z smoke_nomiss |
2021-07-20T16:10:25.038568800Z      Former  |   .2321252   .2372709    -1.43   0.153     .0313077    1.721049
2021-07-20T16:10:25.038890600Z     Current  |   .6095769   .1390786    -2.17   0.030     .3897819    .9533124
2021-07-20T16:10:25.038902300Z              |
2021-07-20T16:10:25.038907000Z    ethnicity |
2021-07-20T16:10:25.039218400Z Asian or ..  |   1.034997   .2075167     0.17   0.864     .6986722    1.533222
2021-07-20T16:10:25.039593100Z       Other  |   .8115678   .1924204    -0.88   0.379     .5099262    1.291642
2021-07-20T16:10:25.039604100Z              |
2021-07-20T16:10:25.039609200Z          imd |
2021-07-20T16:10:25.039917000Z           4  |   .7588802   .1398001    -1.50   0.134     .5288905    1.088882
2021-07-20T16:10:25.040263600Z 5 most de..  |   .7633264   .1900754    -1.08   0.278     .4685469    1.243562
2021-07-20T16:10:25.040274700Z              |
2021-07-20T16:10:25.040682600Z 1.htdiag_o~p |   1.282671   .3577612     0.89   0.372     .7425044    2.215805
2021-07-20T16:10:25.041022500Z 1.~y_disease |   1.029094   .1588546     0.19   0.853     .7604324    1.392675
2021-07-20T16:10:25.041433200Z     1.asthma |    .856508   .2152507    -0.62   0.538     .5233766    1.401679
2021-07-20T16:10:25.041775200Z 1.~c_disease |   1.458006   .2095694     2.62   0.009     1.100044    1.932451
2021-07-20T16:10:25.041787000Z              |
2021-07-20T16:10:25.041791500Z      diabcat |
2021-07-20T16:10:25.042108300Z T1DM, con..  |   .7431761   .3795672    -0.58   0.561      .273119    2.022235
2021-07-20T16:10:25.042383700Z T1DM, unc..  |   8.96e-20          .        .       .            .           .
2021-07-20T16:10:25.042703800Z T2DM, con..  |   1.029575   .1784189     0.17   0.866      .733078    1.445992
2021-07-20T16:10:25.042976300Z T2DM, unc..  |   1.112592   .3593808     0.33   0.741     .5907277    2.095484
2021-07-20T16:10:25.043347200Z Diabetes,..  |   1.55e-19          .        .       .            .           .
2021-07-20T16:10:25.043357400Z              |
2021-07-20T16:10:25.043361600Z cancer_exh~t |
2021-07-20T16:10:25.043719500Z 2-5 years..  |   .4832927    .344444    -1.02   0.308      .119552    1.953726
2021-07-20T16:10:25.044082300Z    5+ years  |   .7940005   .1319308    -1.39   0.165     .5733046    1.099654
2021-07-20T16:10:25.044093000Z              |
2021-07-20T16:10:25.044108700Z cancer_hae~t |
2021-07-20T16:10:25.044479600Z 2-5 years..  |   .7547724   .4419037    -0.48   0.631     .2395825    2.377809
2021-07-20T16:10:25.044832200Z    5+ years  |   1.160964   .1988723     0.87   0.384     .8298674    1.624161
2021-07-20T16:10:25.044844300Z              |
2021-07-20T16:10:25.045223300Z 1.~r_disease |   1.230528   .1833682     1.39   0.164     .9188594    1.647912
2021-07-20T16:10:25.045601500Z 1.stroke_d~a |   1.061596   .1748426     0.36   0.717       .76872    1.466055
2021-07-20T16:10:25.045958000Z 1.other_ne~o |   1.177344   .1925509     1.00   0.318     .8544606    1.622239
2021-07-20T16:10:25.045969000Z              |
2021-07-20T16:10:25.045973800Z reduced_ki~t |
2021-07-20T16:10:25.046385900Z Stage 3a/..  |   .5700442   .2580794    -1.24   0.214      .234714    1.384452
2021-07-20T16:10:25.046797600Z       1.esrd |   1.050046   .1346568     0.38   0.703     .8166784    1.350098
2021-07-20T16:10:25.047187200Z 1.other_tr~t |   .8930052   .1494726    -0.68   0.499     .6432481    1.239737
2021-07-20T16:10:25.047198200Z              |
2021-07-20T16:10:25.047202900Z tot_adults~h |
2021-07-20T16:10:25.047609300Z           2  |   .4164848   .5361285    -0.68   0.496     .0334097    5.191891
2021-07-20T16:10:25.047959000Z           3  |   .3515375   .2961906    -1.24   0.215     .0674194    1.832981
2021-07-20T16:10:25.047970400Z              |
2021-07-20T16:10:25.048387600Z   1.asplenia |   .8996474   .1530605    -0.62   0.534     .6445463    1.255713
2021-07-20T16:10:25.048787600Z 1.ra_sle_p~s |   .9199735   .1581157    -0.49   0.627       .65687    1.288461
2021-07-20T16:10:25.050508600Z 1.other_im~o |   .9924957   .1346329    -0.06   0.956     .7607858    1.294777
2021-07-20T16:10:25.050522800Z ------------------------------------------------------------------------------
2021-07-20T16:10:25.050901800Z                                                              Stratified by stp
2021-07-20T16:10:25.062133700Z (note: file ./output/an_multivariate_cox_models_worms_kids_cat4_MAINFULLYADJMOD
2021-07-20T16:10:25.062158300Z > EL_noeth_ageband_1.ster not found)
2021-07-20T16:10:25.062164600Z file ./output/an_multivariate_cox_models_worms_kids_cat4_MAINFULLYADJMODEL_noet
2021-07-20T16:10:25.062169400Z > h_ageband_1.ster saved
2021-07-20T16:10:25.298095700Z    1:      0.23 /        1 =       0.2350
2021-07-20T16:10:25.298120100Z 
2021-07-20T16:10:25.298125700Z -------------------------------------------------------------------------------
2021-07-20T16:10:25.298130400Z active results
2021-07-20T16:10:25.298134600Z -------------------------------------------------------------------------------
2021-07-20T16:10:25.299531400Z 
2021-07-20T16:10:25.299548800Z Stratified Cox regr. -- Breslow method for ties
2021-07-20T16:10:25.299638400Z 
2021-07-20T16:10:25.299684500Z No. of subjects      =          241             Number of obs    =         241
2021-07-20T16:10:25.299693700Z No. of failures      =           20
2021-07-20T16:10:25.299877700Z Time at risk         =        83559
2021-07-20T16:10:25.299887600Z                                                 Wald chi2(38)    =    13855.79
2021-07-20T16:10:25.299892100Z Log pseudolikelihood =   -33.742901             Prob > chi2      =      0.0000
2021-07-20T16:10:25.299896400Z 
2021-07-20T16:10:25.313386700Z                          (Std. Err. adjusted for 112 clusters in household_id)
2021-07-20T16:10:25.313407200Z ------------------------------------------------------------------------------
2021-07-20T16:10:25.313412200Z              |               Robust
2021-07-20T16:10:25.313416200Z           _t | Haz. Ratio   Std. Err.      z    P>|z|     [95% Conf. Interval]
2021-07-20T16:10:25.313420300Z -------------+----------------------------------------------------------------
2021-07-20T16:10:25.313424600Z gp_number_~s |
2021-07-20T16:10:25.313650300Z 2 childre..  |   .8032741   .8825966    -0.20   0.842      .093241    6.920231
2021-07-20T16:10:25.313873000Z 3 childre..  |   .2387529   .2495355    -1.37   0.171     .0307826    1.851792
2021-07-20T16:10:25.314173000Z 4+ childr..  |   3.131156   4.791325     0.75   0.456     .1560228    62.83787
2021-07-20T16:10:25.314184700Z              |
2021-07-20T16:10:25.314461300Z         age1 |   4.432456   2.330117     2.83   0.005     1.581877    12.41985
2021-07-20T16:10:25.314726700Z         age2 |   .0025602   .0052098    -2.93   0.003     .0000474    .1381717
2021-07-20T16:10:25.315068400Z         age3 |   155216.6   622559.7     2.98   0.003     59.82003    4.03e+08
2021-07-20T16:10:25.315391100Z       1.male |   .0498877   .0644025    -2.32   0.020     .0039732    .6263995
2021-07-20T16:10:25.315402600Z              |
2021-07-20T16:10:25.315407700Z    obese4cat |
2021-07-20T16:10:25.315741400Z Obese I ..)  |   3.05e-19   5.32e-19   -24.44   0.000     9.99e-21    9.32e-18
2021-07-20T16:10:25.315978900Z Obese II..)  |   8.42e-18   1.34e-17   -24.81   0.000     3.77e-19    1.88e-16
2021-07-20T16:10:25.316285000Z Obese II..)  |   6.880992   6.698726     1.98   0.048     1.020931    46.37732
2021-07-20T16:10:25.316298500Z              |
2021-07-20T16:10:25.316303800Z smoke_nomiss |
2021-07-20T16:10:25.316582600Z      Former  |   4.39e-19   8.18e-19   -22.69   0.000     1.14e-20    1.69e-17
2021-07-20T16:10:25.317128500Z     Current  |   1.041687   1.638679     0.03   0.979     .0477212    22.73856
2021-07-20T16:10:25.317141800Z              |
2021-07-20T16:10:25.317150200Z    ethnicity |
2021-07-20T16:10:25.317629100Z Asian or ..  |   .0113817   .0146289    -3.48   0.000     .0009165    .1413378
2021-07-20T16:10:25.318375100Z       Other  |   .2827406   .3321306    -1.08   0.282     .0282811    2.826703
2021-07-20T16:10:25.318580300Z              |
2021-07-20T16:10:25.318600300Z          imd |
2021-07-20T16:10:25.319382200Z           4  |   .1376276   .2122922    -1.29   0.199     .0066945    2.829401
2021-07-20T16:10:25.319797400Z 5 most de..  |   .1902874   .2249229    -1.40   0.160     .0187618    1.929943
2021-07-20T16:10:25.319810000Z              |
2021-07-20T16:10:25.320229900Z 1.htdiag_o~p |   28.63456   51.11323     1.88   0.060     .8659234    946.8942
2021-07-20T16:10:25.320622600Z 1.~y_disease |   1.262399   1.048335     0.28   0.779     .2479323    6.427771
2021-07-20T16:10:25.320998200Z     1.asthma |    42.3042    71.0216     2.23   0.026     1.575287    1136.075
2021-07-20T16:10:25.321386400Z 1.~c_disease |   1.315484   1.111651     0.32   0.746     .2510599    6.892773
2021-07-20T16:10:25.321400400Z              |
2021-07-20T16:10:25.321405600Z      diabcat |
2021-07-20T16:10:25.321728000Z T1DM, con..  |   679.6504   1612.393     2.75   0.006       6.4999    71066.41
2021-07-20T16:10:25.322003900Z T2DM, con..  |   .5593507   .3602094    -0.90   0.367     .1583177    1.976237
2021-07-20T16:10:25.322404800Z T2DM, unc..  |   .8627724   1.272436    -0.10   0.920     .0479209    15.53343
2021-07-20T16:10:25.322416400Z              |
2021-07-20T16:10:25.322421000Z cancer_exh~t |
2021-07-20T16:10:25.322756600Z 2-5 years..  |   2.55e-18   3.64e-18   -28.32   0.000     1.54e-19    4.20e-17
2021-07-20T16:10:25.323120400Z    5+ years  |   .4952484   .5865304    -0.59   0.553     .0486107    5.045618
2021-07-20T16:10:25.323132000Z              |
2021-07-20T16:10:25.323136700Z cancer_hae~t |
2021-07-20T16:10:25.323539000Z 2-5 years..  |   1.81e-18   5.55e-18   -13.33   0.000     4.46e-21    7.36e-16
2021-07-20T16:10:25.324010300Z    5+ years  |   4.646726   4.258256     1.68   0.094     .7710928     28.0019
2021-07-20T16:10:25.324022100Z              |
2021-07-20T16:10:25.324418900Z 1.~r_disease |   8.180704   8.301399     2.07   0.038     1.119518    59.77925
2021-07-20T16:10:25.324811300Z 1.stroke_d~a |   8.383858   7.252984     2.46   0.014     1.538362    45.69087
2021-07-20T16:10:25.325181200Z 1.other_ne~o |   1.458313   1.567414     0.35   0.726     .1774058    11.98763
2021-07-20T16:10:25.325193600Z              |
2021-07-20T16:10:25.325198500Z reduced_ki~t |
2021-07-20T16:10:25.325610100Z Stage 3a/..  |   1.87e-21   6.29e-21   -14.19   0.000     2.57e-24    1.36e-18
2021-07-20T16:10:25.326132400Z       1.esrd |   .7822611   .8967879    -0.21   0.830     .0827047    7.399005
2021-07-20T16:10:25.326574200Z 1.other_tr~t |   9.153831   7.202692     2.81   0.005       1.9581    42.79281
2021-07-20T16:10:25.326587400Z              |
2021-07-20T16:10:25.326592200Z tot_adults~h |
2021-07-20T16:10:25.326952500Z           2  |   5.07e-21   1.97e-20   -12.01   0.000     2.47e-24    1.04e-17
2021-07-20T16:10:25.327296800Z           3  |   .0039713   .0115021    -1.91   0.056     .0000136    1.159476
2021-07-20T16:10:25.327309900Z              |
2021-07-20T16:10:25.327784300Z   1.asplenia |   2.757288   2.235681     1.25   0.211     .5627375     13.5101
2021-07-20T16:10:25.328157000Z 1.ra_sle_p~s |   14.40655    14.4649     2.66   0.008      2.01331    103.0883
2021-07-20T16:10:25.329943800Z 1.other_im~o |   .4209336   .3499935    -1.04   0.298     .0825022    2.147641
2021-07-20T16:10:25.329955600Z ------------------------------------------------------------------------------
2021-07-20T16:10:25.330245300Z                                                              Stratified by stp
2021-07-20T16:10:25.339951000Z (note: file ./output/an_multivariate_cox_models_worms_gp_number_kids_MAINFULLYA
2021-07-20T16:10:25.339976700Z > DJMODEL_noeth_ageband_1.ster not found)
2021-07-20T16:10:25.339982200Z file ./output/an_multivariate_cox_models_worms_gp_number_kids_MAINFULLYADJMODEL
2021-07-20T16:10:25.339986700Z > _noeth_ageband_1.ster saved
2021-07-20T16:10:25.339990700Z 
2021-07-20T16:10:25.339994600Z . 
2021-07-20T16:10:25.339998200Z . log close
2021-07-20T16:10:25.340209500Z       name:  <unnamed>
2021-07-20T16:10:25.340223500Z        log:  /workspace/log/WORMS_07b_an_multivariable_cox_models_FULL.log
2021-07-20T16:10:25.340229600Z   log type:  text
2021-07-20T16:10:25.340234100Z  closed on:  20 Jul 2021, 16:10:25
2021-07-20T16:10:25.340238300Z -------------------------------------------------------------------------------
2021-07-20T16:10:25.340242400Z 
2021-07-20T16:10:25.340246200Z . 
2021-07-20T16:10:25.340250100Z . exit, clear 
2021-07-20T16:10:25.340253900Z 
2021-07-20T16:10:25.340257700Z end of do-file
2021-07-20T16:10:25.340261600Z 
2021-07-20T16:10:25.340265600Z . . file open output using "/tmp/tmp.Yusj1x3dQu", write text replace
2021-07-20T16:10:25.340279400Z 
2021-07-20T16:10:25.340284500Z . . file write output "success" 
2021-07-20T16:10:25.340288900Z 
2021-07-20T16:10:25.340292900Z . . file close output
2021-07-20T16:10:25.340297200Z 
2021-07-20T16:10:25.340482100Z . 
2021-07-20T16:10:25.340495400Z end of do-file
2021-07-20T16:10:25.340500600Z 
2021-07-20T16:10:25.340504800Z 
2021-07-20T16:10:25.367541400Z . 

state: succeeded
commit: none
docker_image_id: sha256:11980aa720220a1b39bf523f5a8a33270214c13876c30ee364e16265766f7f60
exit_code: 0
job_id: 5mn6uajlwj2el6sj
run_by_user: qc18278
created_at: 2021-07-20T15:38:48Z
started_at: 2021-07-20T16:10:18Z
completed_at: 2021-07-20T16:10:40Z

Completed successfully

outputs:
  log/WORMS_07b_an_multivariable_cox_models_FULL.log                                             - moderately_sensitive
  output/an_multivariate_cox_models_worms_gp_number_kids_MAINFULLYADJMODEL_noeth_ageband_0.ster  - moderately_sensitive
  output/an_multivariate_cox_models_worms_gp_number_kids_MAINFULLYADJMODEL_noeth_ageband_1.ster  - moderately_sensitive
  output/an_multivariate_cox_models_worms_kids_cat4_MAINFULLYADJMODEL_noeth_ageband_0.ster       - moderately_sensitive
  output/an_multivariate_cox_models_worms_kids_cat4_MAINFULLYADJMODEL_noeth_ageband_1.ster       - moderately_sensitive