2021-07-14T12:04:56.360606000Z 
2021-07-14T12:04:56.360668300Z   ___  ____  ____  ____  ____ (R)
2021-07-14T12:04:56.360693600Z  /__    /   ____/   /   ____/
2021-07-14T12:04:56.360700300Z ___/   /   /___/   /   /___/   16.1   Copyright 1985-2019 StataCorp LLC
2021-07-14T12:04:56.360705300Z   Statistics/Data Analysis            StataCorp
2021-07-14T12:04:56.360709600Z                                       4905 Lakeway Drive
2021-07-14T12:04:56.360714100Z                                       College Station, Texas 77845 USA
2021-07-14T12:04:56.360718700Z                                       800-STATA-PC        http://www.stata.com
2021-07-14T12:04:56.360723300Z                                       979-696-4600        stata@stata.com
2021-07-14T12:04:56.360727900Z                                       979-696-4601 (fax)
2021-07-14T12:04:56.360732400Z 
2021-07-14T12:04:56.360736400Z 3-user Stata network license expires 11 May 2022:
2021-07-14T12:04:56.360740800Z        Serial number:  501709312237
2021-07-14T12:04:56.360745200Z          Licensed to:  The Bennett Institute
2021-07-14T12:04:56.360749200Z                        Oxford University
2021-07-14T12:04:56.361461600Z 
2021-07-14T12:04:56.361477400Z Notes:
2021-07-14T12:04:56.361483700Z       1.  Unicode is supported; see help unicode_advice.
2021-07-14T12:04:56.361489200Z 
2021-07-14T12:04:56.361494000Z . do "analysis/WORMS_02_an_data_checks.wrapper.do" 
2021-07-14T12:04:56.361499700Z 
2021-07-14T12:04:56.361504300Z . . do "analysis/WORMS_02_an_data_checks.do" ""
2021-07-14T12:04:56.361509800Z 
2021-07-14T12:04:56.361514300Z . /*===========================================================================
2021-07-14T12:04:56.361519400Z > ===
2021-07-14T12:04:56.361524500Z > DO FILE NAME:                   WORMS_02_an_data_checks
2021-07-14T12:04:56.361527700Z > PROJECT:                                Exposure children and COVID risk
2021-07-14T12:04:56.361530700Z > AUTHOR:                                 HFORBES Adapted from A Wong, A Schult
2021-07-14T12:04:56.361533700Z > ze, C Rentsch
2021-07-14T12:04:56.361536500Z >                                                  K Baskharan, E Williamson
2021-07-14T12:04:56.361539900Z > DATE:                                   30th June 2020
2021-07-14T12:04:56.361543000Z > DESCRIPTION OF FILE:    Run sanity checks on all variables
2021-07-14T12:04:56.361546100Z >                                                         - Check variables tak
2021-07-14T12:04:56.361549300Z > e expected ranges
2021-07-14T12:04:56.361552100Z >                                                         - Cross-check logical
2021-07-14T12:04:56.361555000Z >  relationships
2021-07-14T12:04:56.361557800Z >                                                         - Explore expected re
2021-07-14T12:04:56.361569900Z > lationships
2021-07-14T12:04:56.361574000Z >                                                         - Check stsettings
2021-07-14T12:04:56.361578800Z > DATASETS USED:                  $tempdir/`analysis_dataset'.dta
2021-07-14T12:04:56.361583800Z > DATASETS CREATED:               None
2021-07-14T12:04:56.361588700Z > OTHER OUTPUT:                   Log file: $logdir/02_an_data_checks
2021-07-14T12:04:56.361593700Z > 
2021-07-14T12:04:56.361598300Z > =============================================================================
2021-07-14T12:04:56.361603100Z > =*/
2021-07-14T12:04:56.361607300Z . global outdir     "output"
2021-07-14T12:04:56.361612000Z 
2021-07-14T12:04:56.361629800Z . global logdir     "log"
2021-07-14T12:04:56.361635600Z 
2021-07-14T12:04:56.361640500Z . global tempdir    "tempdata"
2021-07-14T12:04:56.361645300Z 
2021-07-14T12:04:56.361650000Z . 
2021-07-14T12:04:56.361652900Z . * Open a log file
2021-07-14T12:04:56.361655900Z . 
2021-07-14T12:04:56.361658800Z . capture log close
2021-07-14T12:04:56.361661700Z 
2021-07-14T12:04:56.361664600Z . log using $logdir/WORMS_02_an_data_checks, replace t
2021-07-14T12:04:56.361671500Z (note: file /workspace/log/WORMS_02_an_data_checks.log not found)
2021-07-14T12:04:56.361674900Z -------------------------------------------------------------------------------
2021-07-14T12:04:56.361677900Z       name:  <unnamed>
2021-07-14T12:04:56.361681000Z        log:  /workspace/log/WORMS_02_an_data_checks.log
2021-07-14T12:04:56.361684200Z   log type:  text
2021-07-14T12:04:56.361687200Z  opened on:  14 Jul 2021, 12:04:56
2021-07-14T12:04:56.361690200Z 
2021-07-14T12:04:56.361693000Z . 
2021-07-14T12:04:56.361695700Z . * Open Stata dataset
2021-07-14T12:04:56.361698600Z . use $tempdir/analysis_dataset_worms, clear
2021-07-14T12:04:56.365830400Z 
2021-07-14T12:04:56.365894200Z . 
2021-07-14T12:04:56.365904800Z . *run ssc install if not on local machine - server needs datacheck.ado file
2021-07-14T12:04:56.365908800Z . *ssc install datacheck
2021-07-14T12:04:56.365911800Z . 
2021-07-14T12:04:56.365914500Z . *Duplicate patient check
2021-07-14T12:04:56.365917300Z . datacheck _n==1, by(patient_id) nol
2021-07-14T12:04:56.406592500Z 
2021-07-14T12:04:56.406624100Z . 
2021-07-14T12:04:56.406630300Z . 
2021-07-14T12:04:56.406634000Z . /* CHECK INCLUSION AND EXCLUSION CRITERIA====================================
2021-07-14T12:04:56.406650000Z > =*/
2021-07-14T12:04:56.406654000Z . 
2021-07-14T12:04:56.406658500Z . * DATA STRUCTURE: Confirm one row per patient
2021-07-14T12:04:56.406664500Z . duplicates tag patient_id, generate(dup_check)
2021-07-14T12:04:56.408819000Z 
2021-07-14T12:04:56.408840600Z Duplicates in terms of patient_id
2021-07-14T12:04:56.449703300Z 
2021-07-14T12:04:56.449724200Z . assert dup_check == 0
2021-07-14T12:04:56.451848800Z 
2021-07-14T12:04:56.451919000Z . drop dup_check
2021-07-14T12:04:56.451926500Z 
2021-07-14T12:04:56.451930800Z . 
2021-07-14T12:04:56.451935400Z . * INCLUSION 1: >=18 and <=110 at 1 March 2020
2021-07-14T12:04:56.451940600Z . assert age < .
2021-07-14T12:04:56.454411900Z 
2021-07-14T12:04:56.454433900Z . assert age >= 18
2021-07-14T12:04:56.455734900Z 
2021-07-14T12:04:56.455749500Z . assert age <= 110
2021-07-14T12:04:56.456637900Z 
2021-07-14T12:04:56.456649800Z . 
2021-07-14T12:04:56.456655400Z . * INCLUSION 2: M or F gender at 1 March 2020
2021-07-14T12:04:56.456661400Z . assert inlist(sex, "M", "F")
2021-07-14T12:04:56.459446200Z 
2021-07-14T12:04:56.459458600Z . 
2021-07-14T12:04:56.459461900Z . * EXCLUDE 1:  MISSING IMD
2021-07-14T12:04:56.459464800Z . assert inlist(imd, 1, 2, 3, 4, 5)
2021-07-14T12:04:56.460973400Z 
2021-07-14T12:04:56.460985600Z . 
2021-07-14T12:04:56.460988800Z . * EXCLUDE 2:  HH with more than 10 people
2021-07-14T12:04:56.460991600Z . datacheck inlist(household_size, 1, 2, 3, 4, 5,6, 7, 8, 9, 10), nol
2021-07-14T12:04:56.465736000Z 
2021-07-14T12:04:56.465756100Z  (328 contradictions)
2021-07-14T12:04:56.465760500Z 
2021-07-14T12:04:56.465763400Z . 
2021-07-14T12:04:56.465766300Z . /* EXPECTED VALUES===========================================================
2021-07-14T12:04:56.465769400Z > =*/
2021-07-14T12:04:56.465772500Z . 
2021-07-14T12:04:56.465775200Z . *HH
2021-07-14T12:04:56.465777900Z . datacheck kids_cat4<., nol
2021-07-14T12:04:56.467535100Z 
2021-07-14T12:04:56.467552200Z . datacheck inlist(kids_cat4, 0,1, 2), nol
2021-07-14T12:04:56.473913900Z 
2021-07-14T12:04:56.473934800Z  (11905 contradictions)
2021-07-14T12:04:56.473940600Z 
2021-07-14T12:04:56.473945700Z . 
2021-07-14T12:04:56.473948600Z . datacheck number_kids<., nol
2021-07-14T12:04:56.478575000Z 
2021-07-14T12:04:56.478591400Z  (12610 contradictions)
2021-07-14T12:04:56.478606000Z 
2021-07-14T12:04:56.478609300Z . datacheck inlist(number_kids, 0,1,2,3,4,5,6,7,8,9), nol
2021-07-14T12:04:56.486279800Z 
2021-07-14T12:04:56.486301500Z  (12668 contradictions)
2021-07-14T12:04:56.486307500Z 
2021-07-14T12:04:56.486312300Z . 
2021-07-14T12:04:56.486317200Z . * Age
2021-07-14T12:04:56.486321700Z . datacheck age<., nol
2021-07-14T12:04:56.488598600Z 
2021-07-14T12:04:56.488614400Z . datacheck inlist(agegroup, 1, 2, 3, 4, 5, 6,7), nol
2021-07-14T12:04:56.491847800Z 
2021-07-14T12:04:56.491863600Z . datacheck inlist(age66, 0, 1), nol
2021-07-14T12:04:56.493475000Z 
2021-07-14T12:04:56.493486900Z . 
2021-07-14T12:04:56.493490600Z . * Sex
2021-07-14T12:04:56.493493500Z . datacheck inlist(male, 0, 1), nol
2021-07-14T12:04:56.495168500Z 
2021-07-14T12:04:56.495196600Z . 
2021-07-14T12:04:56.495202300Z . * BMI
2021-07-14T12:04:56.495206900Z . datacheck inlist(obese4cat, 1, 2, 3, 4), nol
2021-07-14T12:04:56.497334400Z 
2021-07-14T12:04:56.497364500Z . datacheck inlist(bmicat, 1, 2, 3, 4, 5, 6, .u), nol
2021-07-14T12:04:56.500111900Z 
2021-07-14T12:04:56.500132300Z . 
2021-07-14T12:04:56.500141300Z . * IMD
2021-07-14T12:04:56.500146100Z . datacheck inlist(imd, 1, 2, 3, 4, 5), nol
2021-07-14T12:04:56.502194300Z 
2021-07-14T12:04:56.502248100Z . 
2021-07-14T12:04:56.502253600Z . * Ethnicity
2021-07-14T12:04:56.502257700Z . datacheck inlist(ethnicity, 1, 2, 3, 4, 5, .u), nol
2021-07-14T12:04:56.504341200Z 
2021-07-14T12:04:56.504356100Z . 
2021-07-14T12:04:56.504359500Z . * Smoking
2021-07-14T12:04:56.504362300Z . datacheck inlist(smoke, 1, 2, 3, .u), nol
2021-07-14T12:04:56.506444600Z 
2021-07-14T12:04:56.506459500Z . datacheck inlist(smoke_nomiss, 1, 2, 3), nol
2021-07-14T12:04:56.508162300Z 
2021-07-14T12:04:56.508176200Z . 
2021-07-14T12:04:56.508181500Z . 
2021-07-14T12:04:56.508185600Z . * Check date ranges for all comorbidities
2021-07-14T12:04:56.508189800Z . 
2021-07-14T12:04:56.508193600Z . foreach var of varlist  chronic_respiratory_disease     ///
2021-07-14T12:04:56.508198300Z >                                         chronic_cardiac_disease         ///
2021-07-14T12:04:56.508201800Z >                                         chronic_liver_disease           ///
2021-07-14T12:04:56.508204700Z >                                         other_neuro                     ///
2021-07-14T12:04:56.508220000Z >                                         stroke_dementia ///
2021-07-14T12:04:56.508223000Z >                                         ra_sle_psoriasis                     
2021-07-14T12:04:56.508225800Z >            ///
2021-07-14T12:04:56.508228300Z >                                         perm_immunodef  ///
2021-07-14T12:04:56.508231100Z >                                         temp_immunodef  ///
2021-07-14T12:04:56.508233900Z >                                         other_transplant                     
2021-07-14T12:04:56.508236700Z >    ///
2021-07-14T12:04:56.508239300Z >                                         asplenia                        ///
2021-07-14T12:04:56.508242100Z >                                         hypertension                         
2021-07-14T12:04:56.508245300Z >    ///
2021-07-14T12:04:56.508247800Z >                                         {
2021-07-14T12:04:56.508250300Z   2. 
2021-07-14T12:04:56.508252800Z .         summ `var'_date, format
2021-07-14T12:04:56.508255500Z   3. 
2021-07-14T12:04:56.508258000Z . }
2021-07-14T12:04:56.509733700Z 
2021-07-14T12:04:56.509749000Z     Variable |        Obs        Mean    Std. Dev.       Min        Max
2021-07-14T12:04:56.509752900Z -------------+---------------------------------------------------------
2021-07-14T12:04:56.509755800Z chronic_r~te |      2,890   07sep1994    5155.148  15jan1970  15jan2019
2021-07-14T12:04:56.510976600Z 
2021-07-14T12:04:56.510990500Z     Variable |        Obs        Mean    Std. Dev.       Min        Max
2021-07-14T12:04:56.511009000Z -------------+---------------------------------------------------------
2021-07-14T12:04:56.511011900Z chronic_c~te |      2,802   30may1994    5182.334  15jan1970  15jan2019
2021-07-14T12:04:56.512419600Z 
2021-07-14T12:04:56.512437400Z     Variable |        Obs        Mean    Std. Dev.       Min        Max
2021-07-14T12:04:56.512443800Z -------------+---------------------------------------------------------
2021-07-14T12:04:56.512447200Z chronic_l~te |      2,741   24jul1994    5133.478  15jan1970  15jan2019
2021-07-14T12:04:56.513488200Z 
2021-07-14T12:04:56.513504700Z     Variable |        Obs        Mean    Std. Dev.       Min        Max
2021-07-14T12:04:56.513511200Z -------------+---------------------------------------------------------
2021-07-14T12:04:56.513516700Z other_neur~e |      2,857   16may1994    5153.466  15jan1970  15jan2019
2021-07-14T12:04:56.514505500Z 
2021-07-14T12:04:56.514519600Z     Variable |        Obs        Mean    Std. Dev.       Min        Max
2021-07-14T12:04:56.514525300Z -------------+---------------------------------------------------------
2021-07-14T12:04:56.514529700Z stroke_dem~e |      2,825   20sep1994    5186.535  15jan1970  15jan2019
2021-07-14T12:04:56.515709000Z 
2021-07-14T12:04:56.515721000Z     Variable |        Obs        Mean    Std. Dev.       Min        Max
2021-07-14T12:04:56.515724800Z -------------+---------------------------------------------------------
2021-07-14T12:04:56.515728000Z ra_sle_pso~e |      2,780   12nov1994    5175.475  15jan1970  15jan2019
2021-07-14T12:04:56.516936000Z 
2021-07-14T12:04:56.516976700Z     Variable |        Obs        Mean    Std. Dev.       Min        Max
2021-07-14T12:04:56.516985900Z -------------+---------------------------------------------------------
2021-07-14T12:04:56.516989500Z perm_immun~e |      2,808   16nov1994     5246.22  15jan1970  15jan2019
2021-07-14T12:04:56.517856200Z 
2021-07-14T12:04:56.517869500Z     Variable |        Obs        Mean    Std. Dev.       Min        Max
2021-07-14T12:04:56.517875600Z -------------+---------------------------------------------------------
2021-07-14T12:04:56.517880500Z temp_immun~e |      2,752   15aug2018    98.19153  15mar2018  15jan2019
2021-07-14T12:04:56.518871600Z 
2021-07-14T12:04:56.518888600Z     Variable |        Obs        Mean    Std. Dev.       Min        Max
2021-07-14T12:04:56.518895600Z -------------+---------------------------------------------------------
2021-07-14T12:04:56.518900800Z other_tran~e |      2,801   23jan1995    5326.476  15feb1970  15jan2020
2021-07-14T12:04:56.519795300Z 
2021-07-14T12:04:56.519809000Z     Variable |        Obs        Mean    Std. Dev.       Min        Max
2021-07-14T12:04:56.519814600Z -------------+---------------------------------------------------------
2021-07-14T12:04:56.519819200Z asplenia_d~e |      2,766   02nov1994      5241.9  15jan1970  15jan2019
2021-07-14T12:04:56.520822200Z 
2021-07-14T12:04:56.520836600Z     Variable |        Obs        Mean    Std. Dev.       Min        Max
2021-07-14T12:04:56.520842500Z -------------+---------------------------------------------------------
2021-07-14T12:04:56.520847100Z hypertensi~e |      2,743   29jul1995    5394.719  15jan1970  15jun2021
2021-07-14T12:04:56.520852000Z 
2021-07-14T12:04:56.520856400Z . 
2021-07-14T12:04:56.520860900Z . foreach comorb in $varlist {
2021-07-14T12:04:56.520865300Z   2. 
2021-07-14T12:04:56.520869800Z .         local comorb: subinstr local comorb "i." ""
2021-07-14T12:04:56.520874600Z   3.         safetab `comorb', m
2021-07-14T12:04:56.520878800Z   4. 
2021-07-14T12:04:56.520883100Z . }
2021-07-14T12:04:56.520887500Z 
2021-07-14T12:04:56.520891500Z . 
2021-07-14T12:04:56.520896000Z . * Outcome dates
2021-07-14T12:04:56.520900700Z . summ  worms, format
2021-07-14T12:04:56.522218800Z 
2021-07-14T12:04:56.522230200Z     Variable |        Obs        Mean    Std. Dev.       Min        Max
2021-07-14T12:04:56.522246300Z -------------+---------------------------------------------------------
2021-07-14T12:04:56.522249400Z        worms |     14,012    .0815016    .2736136          0          1
2021-07-14T12:04:56.522252100Z 
2021-07-14T12:04:56.522254600Z . 
2021-07-14T12:04:56.522257400Z . 
2021-07-14T12:04:56.522260500Z . /* LOGICAL RELATIONSHIPS=====================================================
2021-07-14T12:04:56.522264700Z > =*/
2021-07-14T12:04:56.522269200Z . 
2021-07-14T12:04:56.522273400Z . *HH variables
2021-07-14T12:04:56.522277700Z . safetab kids_cat4 tot_adults_hh
2021-07-14T12:04:56.522807900Z 0
2021-07-14T12:04:56.527797800Z 
2021-07-14T12:04:56.527820200Z **TABLE OF kids_cat4 tot_adults_hh REDACTED DUE TO SMALL N**
2021-07-14T12:04:56.527826400Z 
2021-07-14T12:04:56.527830900Z 
2021-07-14T12:04:56.527835100Z . safetab number_kids tot_adults_hh
2021-07-14T12:04:56.528254200Z 0
2021-07-14T12:04:56.531873100Z 
2021-07-14T12:04:56.531903700Z **TABLE OF number_kids tot_adults_hh REDACTED DUE TO SMALL N**
2021-07-14T12:04:56.531910100Z 
2021-07-14T12:04:56.531914900Z 
2021-07-14T12:04:56.531919100Z . safetab household_size tot_adults_hh
2021-07-14T12:04:56.532381000Z 0
2021-07-14T12:04:56.538645700Z 
2021-07-14T12:04:56.538668000Z **TABLE OF household_size tot_adults_hh REDACTED DUE TO SMALL N**
2021-07-14T12:04:56.538674800Z 
2021-07-14T12:04:56.538679300Z 
2021-07-14T12:04:56.538683900Z . 
2021-07-14T12:04:56.538688600Z . * BMI
2021-07-14T12:04:56.538693500Z . bysort bmicat: summ bmi
2021-07-14T12:04:56.548597600Z 
2021-07-14T12:04:56.548619700Z -------------------------------------------------------------------------------
2021-07-14T12:04:56.548626300Z -> bmicat = Underweight (<18.5)
2021-07-14T12:04:56.548630700Z 
2021-07-14T12:04:56.548633400Z     Variable |        Obs        Mean    Std. Dev.       Min        Max
2021-07-14T12:04:56.548636300Z -------------+---------------------------------------------------------
2021-07-14T12:04:56.548639400Z          bmi |         78     17.1453    .9541496   15.20906   18.48325
2021-07-14T12:04:56.548769600Z 
2021-07-14T12:04:56.548784800Z -------------------------------------------------------------------------------
2021-07-14T12:04:56.548791500Z -> bmicat = Normal (18.5-24.9)
2021-07-14T12:04:56.548796600Z 
2021-07-14T12:04:56.548802800Z     Variable |        Obs        Mean    Std. Dev.       Min        Max
2021-07-14T12:04:56.548822100Z -------------+---------------------------------------------------------
2021-07-14T12:04:56.548827500Z          bmi |        349    22.25483    1.809642   18.53868   24.97941
2021-07-14T12:04:56.548832100Z 
2021-07-14T12:04:56.548836700Z -------------------------------------------------------------------------------
2021-07-14T12:04:56.548841600Z -> bmicat = Overweight (25-29.9)
2021-07-14T12:04:56.548846200Z 
2021-07-14T12:04:56.548850400Z     Variable |        Obs        Mean    Std. Dev.       Min        Max
2021-07-14T12:04:56.548854900Z -------------+---------------------------------------------------------
2021-07-14T12:04:56.549012700Z          bmi |        460    27.60663    1.455194   25.00179   29.97581
2021-07-14T12:04:56.549354900Z 
2021-07-14T12:04:56.549368600Z -------------------------------------------------------------------------------
2021-07-14T12:04:56.549374700Z -> bmicat = Obese I (30-34.9)
2021-07-14T12:04:56.549379900Z 
2021-07-14T12:04:56.549384100Z     Variable |        Obs        Mean    Std. Dev.       Min        Max
2021-07-14T12:04:56.549388800Z -------------+---------------------------------------------------------
2021-07-14T12:04:56.549393800Z          bmi |        595    32.60533    1.443012   30.01222   34.99814
2021-07-14T12:04:56.549398700Z 
2021-07-14T12:04:56.549403000Z -------------------------------------------------------------------------------
2021-07-14T12:04:56.549407800Z -> bmicat = Obese II (35-39.9)
2021-07-14T12:04:56.549412500Z 
2021-07-14T12:04:56.549416400Z     Variable |        Obs        Mean    Std. Dev.       Min        Max
2021-07-14T12:04:56.549419400Z -------------+---------------------------------------------------------
2021-07-14T12:04:56.549550800Z          bmi |        603    37.54124    1.438063   35.00005   39.99945
2021-07-14T12:04:56.549877700Z 
2021-07-14T12:04:56.549893700Z -------------------------------------------------------------------------------
2021-07-14T12:04:56.549900200Z -> bmicat = Obese III (40+)
2021-07-14T12:04:56.549905900Z 
2021-07-14T12:04:56.549910500Z     Variable |        Obs        Mean    Std. Dev.       Min        Max
2021-07-14T12:04:56.549915100Z -------------+---------------------------------------------------------
2021-07-14T12:04:56.549920000Z          bmi |        716    44.18106    2.766253   40.00147   49.93042
2021-07-14T12:04:56.552242500Z 
2021-07-14T12:04:56.552260900Z -------------------------------------------------------------------------------
2021-07-14T12:04:56.552267000Z -> bmicat = Unknown (.u)
2021-07-14T12:04:56.552271800Z 
2021-07-14T12:04:56.552276000Z     Variable |        Obs        Mean    Std. Dev.       Min        Max
2021-07-14T12:04:56.552280300Z -------------+---------------------------------------------------------
2021-07-14T12:04:56.552324100Z          bmi |          0
2021-07-14T12:04:56.552332500Z 
2021-07-14T12:04:56.552336700Z 
2021-07-14T12:04:56.552340700Z . safetab bmicat obese4cat, m
2021-07-14T12:04:56.552975900Z 17
2021-07-14T12:04:56.558398900Z 
2021-07-14T12:04:56.558413800Z                      |     Evidence of obesity (4 categories)
2021-07-14T12:04:56.558417800Z          Grouped BMI | No record  Obese I (  Obese II   Obese III |     Total
2021-07-14T12:04:56.558420800Z ---------------------+--------------------------------------------+----------
2021-07-14T12:04:56.558423900Z  Underweight (<18.5) |        78          0          0          0 |        78 
2021-07-14T12:04:56.558426900Z   Normal (18.5-24.9) |       349          0          0          0 |       349 
2021-07-14T12:04:56.558430000Z Overweight (25-29.9) |       460          0          0          0 |       460 
2021-07-14T12:04:56.558433000Z    Obese I (30-34.9) |         0        595          0          0 |       595 
2021-07-14T12:04:56.558435900Z   Obese II (35-39.9) |         0          0        603          0 |       603 
2021-07-14T12:04:56.558438900Z      Obese III (40+) |         0          0          0        716 |       716 
2021-07-14T12:04:56.558441700Z         Unknown (.u) |    11,211          0          0          0 |    11,211 
2021-07-14T12:04:56.558444500Z ---------------------+--------------------------------------------+----------
2021-07-14T12:04:56.558447300Z                Total |    12,098        595        603        716 |    14,012 
2021-07-14T12:04:56.558478000Z 
2021-07-14T12:04:56.558484000Z . 
2021-07-14T12:04:56.558498100Z . * Age
2021-07-14T12:04:56.558534000Z . bysort agegroup: summ age
2021-07-14T12:04:56.566861200Z 
2021-07-14T12:04:56.566880700Z -------------------------------------------------------------------------------
2021-07-14T12:04:56.566884600Z -> agegroup = 18-<30
2021-07-14T12:04:56.566887800Z 
2021-07-14T12:04:56.566890500Z     Variable |        Obs        Mean    Std. Dev.       Min        Max
2021-07-14T12:04:56.566893500Z -------------+---------------------------------------------------------
2021-07-14T12:04:56.566896600Z          age |      2,703    23.61894    3.449193         18         29
2021-07-14T12:04:56.567481400Z 
2021-07-14T12:04:56.567497300Z -------------------------------------------------------------------------------
2021-07-14T12:04:56.567502400Z -> agegroup = 30-<40
2021-07-14T12:04:56.567506500Z 
2021-07-14T12:04:56.567510200Z     Variable |        Obs        Mean    Std. Dev.       Min        Max
2021-07-14T12:04:56.567514200Z -------------+---------------------------------------------------------
2021-07-14T12:04:56.567527800Z          age |      2,397    34.44931     2.85626         30         39
2021-07-14T12:04:56.568202400Z 
2021-07-14T12:04:56.568220500Z -------------------------------------------------------------------------------
2021-07-14T12:04:56.568227100Z -> agegroup = 40-<50
2021-07-14T12:04:56.568232200Z 
2021-07-14T12:04:56.568236400Z     Variable |        Obs        Mean    Std. Dev.       Min        Max
2021-07-14T12:04:56.568241100Z -------------+---------------------------------------------------------
2021-07-14T12:04:56.568245600Z          age |      2,219    44.62956    2.823601         40         49
2021-07-14T12:04:56.568729100Z 
2021-07-14T12:04:56.568755200Z -------------------------------------------------------------------------------
2021-07-14T12:04:56.568761100Z -> agegroup = 50-<60
2021-07-14T12:04:56.568765200Z 
2021-07-14T12:04:56.568768600Z     Variable |        Obs        Mean    Std. Dev.       Min        Max
2021-07-14T12:04:56.568772200Z -------------+---------------------------------------------------------
2021-07-14T12:04:56.568775800Z          age |      2,359    54.45613    2.887428         50         59
2021-07-14T12:04:56.569383900Z 
2021-07-14T12:04:56.569399900Z -------------------------------------------------------------------------------
2021-07-14T12:04:56.569406300Z -> agegroup = 60-<70
2021-07-14T12:04:56.569411300Z 
2021-07-14T12:04:56.569415500Z     Variable |        Obs        Mean    Std. Dev.       Min        Max
2021-07-14T12:04:56.569420000Z -------------+---------------------------------------------------------
2021-07-14T12:04:56.569425100Z          age |      1,899    64.39284    2.900069         60         69
2021-07-14T12:04:56.570032600Z 
2021-07-14T12:04:56.570046500Z -------------------------------------------------------------------------------
2021-07-14T12:04:56.570053400Z -> agegroup = 70-<80
2021-07-14T12:04:56.570058500Z 
2021-07-14T12:04:56.570062900Z     Variable |        Obs        Mean    Std. Dev.       Min        Max
2021-07-14T12:04:56.570067500Z -------------+---------------------------------------------------------
2021-07-14T12:04:56.570072400Z          age |      1,569    73.96431    2.831357         70         79
2021-07-14T12:04:56.570240100Z 
2021-07-14T12:04:56.570254800Z -------------------------------------------------------------------------------
2021-07-14T12:04:56.570259100Z -> agegroup = 80+
2021-07-14T12:04:56.570262100Z 
2021-07-14T12:04:56.570264800Z     Variable |        Obs        Mean    Std. Dev.       Min        Max
2021-07-14T12:04:56.570267800Z -------------+---------------------------------------------------------
2021-07-14T12:04:56.570270900Z          age |        866    85.34873    4.636458         80        103
2021-07-14T12:04:56.570288200Z 
2021-07-14T12:04:56.570291200Z 
2021-07-14T12:04:56.570293800Z . safetab agegroup age66, m
2021-07-14T12:04:56.570770100Z 15
2021-07-14T12:04:56.579453300Z 
2021-07-14T12:04:56.579492500Z    Grouped |  66 years and older
2021-07-14T12:04:56.579500000Z        age |         0          1 |     Total
2021-07-14T12:04:56.579505100Z -----------+----------------------+----------
2021-07-14T12:04:56.579511000Z     18-<30 |     2,703          0 |     2,703 
2021-07-14T12:04:56.579515700Z     30-<40 |     2,397          0 |     2,397 
2021-07-14T12:04:56.579520300Z     40-<50 |     2,219          0 |     2,219 
2021-07-14T12:04:56.579524600Z     50-<60 |     2,359          0 |     2,359 
2021-07-14T12:04:56.579529500Z     60-<70 |     1,324        575 |     1,899 
2021-07-14T12:04:56.579534300Z     70-<80 |         0      1,569 |     1,569 
2021-07-14T12:04:56.579539100Z        80+ |         0        866 |       866 
2021-07-14T12:04:56.579542100Z -----------+----------------------+----------
2021-07-14T12:04:56.579544900Z      Total |    11,002      3,010 |    14,012 
2021-07-14T12:04:56.579547600Z 
2021-07-14T12:04:56.579550300Z . 
2021-07-14T12:04:56.579553000Z . * Smoking
2021-07-14T12:04:56.579555900Z . safetab smoke smoke_nomiss, m
2021-07-14T12:04:56.579927400Z 19
2021-07-14T12:04:56.585094300Z 
2021-07-14T12:04:56.585118500Z              |  Smoking status (missing set to
2021-07-14T12:04:56.585124500Z      Smoking |               non)
2021-07-14T12:04:56.585129500Z       status |     Never     Former    Current |     Total
2021-07-14T12:04:56.585134300Z -------------+---------------------------------+----------
2021-07-14T12:04:56.585138600Z        Never |       556          0          0 |       556 
2021-07-14T12:04:56.585143000Z       Former |         0        289          0 |       289 
2021-07-14T12:04:56.585147700Z      Current |         0          0      1,684 |     1,684 
2021-07-14T12:04:56.585152200Z Unknown (.u) |    11,483          0          0 |    11,483 
2021-07-14T12:04:56.585157000Z -------------+---------------------------------+----------
2021-07-14T12:04:56.585161800Z        Total |    12,039        289      1,684 |    14,012 
2021-07-14T12:04:56.585165600Z 
2021-07-14T12:04:56.585168200Z . 
2021-07-14T12:04:56.585170900Z . * Diabetes
2021-07-14T12:04:56.585173900Z . *safetab diabcat diabetes, m
2021-07-14T12:04:56.585176700Z . 
2021-07-14T12:04:56.585179400Z . * CKD
2021-07-14T12:04:56.585182200Z . safetab reduced egfr_cat, m
2021-07-14T12:04:56.585541000Z 17
2021-07-14T12:04:56.591937200Z 
2021-07-14T12:04:56.591957000Z        Reduced kidney |               Calculated eGFR
2021-07-14T12:04:56.591963300Z              function |        30         45         60          . |     Total
2021-07-14T12:04:56.591969500Z ----------------------+--------------------------------------------+----------
2021-07-14T12:04:56.591974500Z                  None |         0          0     13,055        785 |    13,840 
2021-07-14T12:04:56.591979300Z Stage 3a/3b egfr 30-6 |         7        165          0          0 |       172 
2021-07-14T12:04:56.591984500Z ----------------------+--------------------------------------------+----------
2021-07-14T12:04:56.591989600Z                 Total |         7        165     13,055        785 |    14,012 
2021-07-14T12:04:56.591994800Z 
2021-07-14T12:04:56.591999500Z . 
2021-07-14T12:04:56.592034700Z . 
2021-07-14T12:04:56.592046200Z . /* EXPECTED RELATIONSHIPS====================================================
2021-07-14T12:04:56.592052700Z > =*/
2021-07-14T12:04:56.592058000Z . 
2021-07-14T12:04:56.592068700Z . /*  Relationships between demographic/lifestyle variables  */
2021-07-14T12:04:56.592073400Z . safetab agegroup bmicat,        row
2021-07-14T12:04:56.592578400Z 16
2021-07-14T12:04:56.600186800Z 
2021-07-14T12:04:56.600239800Z +----------------+
2021-07-14T12:04:56.600249400Z | Key            |
2021-07-14T12:04:56.600252700Z |----------------|
2021-07-14T12:04:56.600255600Z |   frequency    |
2021-07-14T12:04:56.600258500Z | row percentage |
2021-07-14T12:04:56.600261700Z +----------------+
2021-07-14T12:04:56.600264800Z 
2021-07-14T12:04:56.600267800Z    Grouped |                      Grouped BMI
2021-07-14T12:04:56.600270900Z        age | Underweig  Normal (1  Overweigh  Obese I (  Obese II  |     Total
2021-07-14T12:04:56.600274000Z -----------+-------------------------------------------------------+----------
2021-07-14T12:04:56.600277100Z     18-<30 |        16         57         72         95         88 |       444 
2021-07-14T12:04:56.600280700Z            |      3.60      12.84      16.22      21.40      19.82 |    100.00 
2021-07-14T12:04:56.600283700Z -----------+-------------------------------------------------------+----------
2021-07-14T12:04:56.600286700Z     30-<40 |        13         70         80        111        115 |       496 
2021-07-14T12:04:56.600290000Z            |      2.62      14.11      16.13      22.38      23.19 |    100.00 
2021-07-14T12:04:56.600293100Z -----------+-------------------------------------------------------+----------
2021-07-14T12:04:56.600296200Z     40-<50 |        11         63         71         96        105 |       457 
2021-07-14T12:04:56.600313500Z            |      2.41      13.79      15.54      21.01      22.98 |    100.00 
2021-07-14T12:04:56.600618100Z -----------+-------------------------------------------------------+----------
2021-07-14T12:04:56.600632200Z     50-<60 |        10         59         78         93        110 |       498 
2021-07-14T12:04:56.600636600Z            |      2.01      11.85      15.66      18.67      22.09 |    100.00 
2021-07-14T12:04:56.600639800Z -----------+-------------------------------------------------------+----------
2021-07-14T12:04:56.600642800Z     60-<70 |         9         52         76         86         89 |       404 
2021-07-14T12:04:56.600646000Z            |      2.23      12.87      18.81      21.29      22.03 |    100.00 
2021-07-14T12:04:56.600727300Z -----------+-------------------------------------------------------+----------
2021-07-14T12:04:56.600768800Z     70-<80 |        10         35         49         82         54 |       324 
2021-07-14T12:04:56.600781000Z            |      3.09      10.80      15.12      25.31      16.67 |    100.00 
2021-07-14T12:04:56.600842200Z -----------+-------------------------------------------------------+----------
2021-07-14T12:04:56.600851900Z        80+ |         9         13         34         32         42 |       178 
2021-07-14T12:04:56.600857100Z            |      5.06       7.30      19.10      17.98      23.60 |    100.00 
2021-07-14T12:04:56.600862600Z -----------+-------------------------------------------------------+----------
2021-07-14T12:04:56.600867400Z      Total |        78        349        460        595        603 |     2,801 
2021-07-14T12:04:56.600870600Z            |      2.78      12.46      16.42      21.24      21.53 |    100.00 
2021-07-14T12:04:56.600873800Z 
2021-07-14T12:04:56.600876900Z 
2021-07-14T12:04:56.600879900Z            |  Grouped
2021-07-14T12:04:56.600884600Z    Grouped |    BMI
2021-07-14T12:04:56.600887800Z        age | Obese III |     Total
2021-07-14T12:04:56.600890700Z -----------+-----------+----------
2021-07-14T12:04:56.600893700Z     18-<30 |       116 |       444 
2021-07-14T12:04:56.600896800Z            |     26.13 |    100.00 
2021-07-14T12:04:56.600899800Z -----------+-----------+----------
2021-07-14T12:04:56.600917300Z     30-<40 |       107 |       496 
2021-07-14T12:04:56.601275800Z            |     21.57 |    100.00 
2021-07-14T12:04:56.601287100Z -----------+-----------+----------
2021-07-14T12:04:56.601290800Z     40-<50 |       111 |       457 
2021-07-14T12:04:56.601293900Z            |     24.29 |    100.00 
2021-07-14T12:04:56.601296900Z -----------+-----------+----------
2021-07-14T12:04:56.601299900Z     50-<60 |       148 |       498 
2021-07-14T12:04:56.601303100Z            |     29.72 |    100.00 
2021-07-14T12:04:56.601306200Z -----------+-----------+----------
2021-07-14T12:04:56.601318300Z     60-<70 |        92 |       404 
2021-07-14T12:04:56.601324400Z            |     22.77 |    100.00 
2021-07-14T12:04:56.601329800Z -----------+-----------+----------
2021-07-14T12:04:56.601335100Z     70-<80 |        94 |       324 
2021-07-14T12:04:56.601338300Z            |     29.01 |    100.00 
2021-07-14T12:04:56.601391500Z -----------+-----------+----------
2021-07-14T12:04:56.601398900Z        80+ |        48 |       178 
2021-07-14T12:04:56.601402400Z            |     26.97 |    100.00 
2021-07-14T12:04:56.601405600Z -----------+-----------+----------
2021-07-14T12:04:56.601408500Z      Total |       716 |     2,801 
2021-07-14T12:04:56.601411500Z            |     25.56 |    100.00 
2021-07-14T12:04:56.601414500Z 
2021-07-14T12:04:56.601417700Z . safetab agegroup smoke,         row
2021-07-14T12:04:56.601869200Z 15
2021-07-14T12:04:56.609321500Z 
2021-07-14T12:04:56.609347300Z +----------------+
2021-07-14T12:04:56.609354100Z | Key            |
2021-07-14T12:04:56.609358900Z |----------------|
2021-07-14T12:04:56.609363400Z |   frequency    |
2021-07-14T12:04:56.609368000Z | row percentage |
2021-07-14T12:04:56.609372500Z +----------------+
2021-07-14T12:04:56.609377400Z 
2021-07-14T12:04:56.609381700Z    Grouped |          Smoking status
2021-07-14T12:04:56.609386600Z        age |     Never     Former    Current |     Total
2021-07-14T12:04:56.609391800Z -----------+---------------------------------+----------
2021-07-14T12:04:56.609396300Z     18-<30 |       111         52        306 |       469 
2021-07-14T12:04:56.609401300Z            |     23.67      11.09      65.25 |    100.00 
2021-07-14T12:04:56.609406300Z -----------+---------------------------------+----------
2021-07-14T12:04:56.609411100Z     30-<40 |        91         52        292 |       435 
2021-07-14T12:04:56.609416200Z            |     20.92      11.95      67.13 |    100.00 
2021-07-14T12:04:56.609421200Z -----------+---------------------------------+----------
2021-07-14T12:04:56.609426100Z     40-<50 |        92         41        258 |       391 
2021-07-14T12:04:56.609431300Z            |     23.53      10.49      65.98 |    100.00 
2021-07-14T12:04:56.609435900Z -----------+---------------------------------+----------
2021-07-14T12:04:56.609440400Z     50-<60 |        82         42        280 |       404 
2021-07-14T12:04:56.609445500Z            |     20.30      10.40      69.31 |    100.00 
2021-07-14T12:04:56.609450400Z -----------+---------------------------------+----------
2021-07-14T12:04:56.609455500Z     60-<70 |        92         42        222 |       356 
2021-07-14T12:04:56.609635800Z            |     25.84      11.80      62.36 |    100.00 
2021-07-14T12:04:56.609654300Z -----------+---------------------------------+----------
2021-07-14T12:04:56.609661100Z     70-<80 |        60         43        210 |       313 
2021-07-14T12:04:56.609666900Z            |     19.17      13.74      67.09 |    100.00 
2021-07-14T12:04:56.609672000Z -----------+---------------------------------+----------
2021-07-14T12:04:56.609676900Z        80+ |        28         17        116 |       161 
2021-07-14T12:04:56.609682000Z            |     17.39      10.56      72.05 |    100.00 
2021-07-14T12:04:56.609686900Z -----------+---------------------------------+----------
2021-07-14T12:04:56.609692200Z      Total |       556        289      1,684 |     2,529 
2021-07-14T12:04:56.609697200Z            |     21.98      11.43      66.59 |    100.00 
2021-07-14T12:04:56.609702900Z 
2021-07-14T12:04:56.609705900Z . safetab agegroup ethnicity, row
2021-07-14T12:04:56.610413200Z 19
2021-07-14T12:04:56.618542200Z 
2021-07-14T12:04:56.618561200Z +----------------+
2021-07-14T12:04:56.618567500Z | Key            |
2021-07-14T12:04:56.618572800Z |----------------|
2021-07-14T12:04:56.618577700Z |   frequency    |
2021-07-14T12:04:56.618582600Z | row percentage |
2021-07-14T12:04:56.618587800Z +----------------+
2021-07-14T12:04:56.618592800Z 
2021-07-14T12:04:56.618597500Z    Grouped |            Ethnicity
2021-07-14T12:04:56.618602500Z        age |     White  Asian or       Other |     Total
2021-07-14T12:04:56.618607600Z -----------+---------------------------------+----------
2021-07-14T12:04:56.618612300Z     18-<30 |     2,157        292        254 |     2,703 
2021-07-14T12:04:56.618617100Z            |     79.80      10.80       9.40 |    100.00 
2021-07-14T12:04:56.618622000Z -----------+---------------------------------+----------
2021-07-14T12:04:56.618627300Z     30-<40 |     1,906        225        266 |     2,397 
2021-07-14T12:04:56.618632600Z            |     79.52       9.39      11.10 |    100.00 
2021-07-14T12:04:56.618637700Z -----------+---------------------------------+----------
2021-07-14T12:04:56.618642700Z     40-<50 |     1,807        208        204 |     2,219 
2021-07-14T12:04:56.618647500Z            |     81.43       9.37       9.19 |    100.00 
2021-07-14T12:04:56.618652300Z -----------+---------------------------------+----------
2021-07-14T12:04:56.618657300Z     50-<60 |     1,872        228        259 |     2,359 
2021-07-14T12:04:56.618663300Z            |     79.36       9.67      10.98 |    100.00 
2021-07-14T12:04:56.618668700Z -----------+---------------------------------+----------
2021-07-14T12:04:56.618673600Z     60-<70 |     1,530        183        186 |     1,899 
2021-07-14T12:04:56.618703100Z            |     80.57       9.64       9.79 |    100.00 
2021-07-14T12:04:56.618709800Z -----------+---------------------------------+----------
2021-07-14T12:04:56.618715100Z     70-<80 |     1,269        154        146 |     1,569 
2021-07-14T12:04:56.618720000Z            |     80.88       9.82       9.31 |    100.00 
2021-07-14T12:04:56.618724800Z -----------+---------------------------------+----------
2021-07-14T12:04:56.618729400Z        80+ |       677         91         98 |       866 
2021-07-14T12:04:56.618734200Z            |     78.18      10.51      11.32 |    100.00 
2021-07-14T12:04:56.618738900Z -----------+---------------------------------+----------
2021-07-14T12:04:56.618745200Z      Total |    11,218      1,381      1,413 |    14,012 
2021-07-14T12:04:56.618750500Z            |     80.06       9.86      10.08 |    100.00 
2021-07-14T12:04:56.618755500Z 
2021-07-14T12:04:56.618760300Z . safetab agegroup imd,           row
2021-07-14T12:04:56.619370800Z 13
2021-07-14T12:04:56.627169900Z 
2021-07-14T12:04:56.627194200Z +----------------+
2021-07-14T12:04:56.627200900Z | Key            |
2021-07-14T12:04:56.627205800Z |----------------|
2021-07-14T12:04:56.627210200Z |   frequency    |
2021-07-14T12:04:56.627214900Z | row percentage |
2021-07-14T12:04:56.627219500Z +----------------+
2021-07-14T12:04:56.627224300Z 
2021-07-14T12:04:56.627229200Z            |  Index of Multiple Deprivation
2021-07-14T12:04:56.627233700Z    Grouped |              (IMD)
2021-07-14T12:04:56.627238300Z        age | 1 least d          4  5 most de |     Total
2021-07-14T12:04:56.627243100Z -----------+---------------------------------+----------
2021-07-14T12:04:56.627262700Z     18-<30 |     1,892        544        267 |     2,703 
2021-07-14T12:04:56.627291300Z            |     70.00      20.13       9.88 |    100.00 
2021-07-14T12:04:56.627302300Z -----------+---------------------------------+----------
2021-07-14T12:04:56.627308800Z     30-<40 |     1,702        462        233 |     2,397 
2021-07-14T12:04:56.627314300Z            |     71.01      19.27       9.72 |    100.00 
2021-07-14T12:04:56.627319200Z -----------+---------------------------------+----------
2021-07-14T12:04:56.627323700Z     40-<50 |     1,542        465        212 |     2,219 
2021-07-14T12:04:56.627328800Z            |     69.49      20.96       9.55 |    100.00 
2021-07-14T12:04:56.627352000Z -----------+---------------------------------+----------
2021-07-14T12:04:56.627363700Z     50-<60 |     1,632        492        235 |     2,359 
2021-07-14T12:04:56.627370100Z            |     69.18      20.86       9.96 |    100.00 
2021-07-14T12:04:56.627386800Z -----------+---------------------------------+----------
2021-07-14T12:04:56.627395400Z     60-<70 |     1,328        383        188 |     1,899 
2021-07-14T12:04:56.627401200Z            |     69.93      20.17       9.90 |    100.00 
2021-07-14T12:04:56.627406300Z -----------+---------------------------------+----------
2021-07-14T12:04:56.627411600Z     70-<80 |     1,084        327        158 |     1,569 
2021-07-14T12:04:56.627417000Z            |     69.09      20.84      10.07 |    100.00 
2021-07-14T12:04:56.627422100Z -----------+---------------------------------+----------
2021-07-14T12:04:56.627427400Z        80+ |       601        184         81 |       866 
2021-07-14T12:04:56.627432200Z            |     69.40      21.25       9.35 |    100.00 
2021-07-14T12:04:56.627437200Z -----------+---------------------------------+----------
2021-07-14T12:04:56.627442100Z      Total |     9,781      2,857      1,374 |    14,012 
2021-07-14T12:04:56.627447400Z            |     69.80      20.39       9.81 |    100.00 
2021-07-14T12:04:56.627453000Z 
2021-07-14T12:04:56.627590400Z . safetab agegroup shield,    row
2021-07-14T12:04:56.628241400Z 16
2021-07-14T12:04:56.637522500Z 
2021-07-14T12:04:56.637549700Z +----------------+
2021-07-14T12:04:56.637557200Z | Key            |
2021-07-14T12:04:56.637562600Z |----------------|
2021-07-14T12:04:56.637568000Z |   frequency    |
2021-07-14T12:04:56.637573600Z | row percentage |
2021-07-14T12:04:56.637579200Z +----------------+
2021-07-14T12:04:56.637584700Z 
2021-07-14T12:04:56.637589300Z    Grouped |  Probable shielding
2021-07-14T12:04:56.637593400Z        age |         0          1 |     Total
2021-07-14T12:04:56.637597800Z -----------+----------------------+----------
2021-07-14T12:04:56.637602300Z     18-<30 |       308      2,395 |     2,703 
2021-07-14T12:04:56.637606900Z            |     11.39      88.61 |    100.00 
2021-07-14T12:04:56.637610900Z -----------+----------------------+----------
2021-07-14T12:04:56.637616000Z     30-<40 |       305      2,092 |     2,397 
2021-07-14T12:04:56.637620100Z            |     12.72      87.28 |    100.00 
2021-07-14T12:04:56.637624100Z -----------+----------------------+----------
2021-07-14T12:04:56.637628400Z     40-<50 |       286      1,933 |     2,219 
2021-07-14T12:04:56.637632700Z            |     12.89      87.11 |    100.00 
2021-07-14T12:04:56.637636700Z -----------+----------------------+----------
2021-07-14T12:04:56.637640800Z     50-<60 |       309      2,050 |     2,359 
2021-07-14T12:04:56.637645700Z            |     13.10      86.90 |    100.00 
2021-07-14T12:04:56.637650100Z -----------+----------------------+----------
2021-07-14T12:04:56.637667300Z     60-<70 |       217      1,682 |     1,899 
2021-07-14T12:04:56.637673600Z            |     11.43      88.57 |    100.00 
2021-07-14T12:04:56.637679100Z -----------+----------------------+----------
2021-07-14T12:04:56.637783300Z     70-<80 |       200      1,369 |     1,569 
2021-07-14T12:04:56.637802800Z            |     12.75      87.25 |    100.00 
2021-07-14T12:04:56.637809800Z -----------+----------------------+----------
2021-07-14T12:04:56.637815900Z        80+ |       117        749 |       866 
2021-07-14T12:04:56.637821600Z            |     13.51      86.49 |    100.00 
2021-07-14T12:04:56.637850100Z -----------+----------------------+----------
2021-07-14T12:04:56.637861700Z      Total |     1,742     12,270 |    14,012 
2021-07-14T12:04:56.637867600Z            |     12.43      87.57 |    100.00 
2021-07-14T12:04:56.637873400Z 
2021-07-14T12:04:56.637878700Z . 
2021-07-14T12:04:56.637884000Z . safetab bmicat smoke,            row
2021-07-14T12:04:56.638291200Z 13
2021-07-14T12:04:56.641818500Z 
2021-07-14T12:04:56.641852700Z **TABLE OF bmicat smoke REDACTED DUE TO SMALL N**
2021-07-14T12:04:56.641860500Z 
2021-07-14T12:04:56.641866300Z 
2021-07-14T12:04:56.641871200Z . safetab bmicat ethnicity,        row
2021-07-14T12:04:56.642268400Z 17
2021-07-14T12:04:56.647037800Z 
2021-07-14T12:04:56.647073200Z **TABLE OF bmicat ethnicity REDACTED DUE TO SMALL N**
2021-07-14T12:04:56.647098100Z 
2021-07-14T12:04:56.647102900Z 
2021-07-14T12:04:56.647107200Z . safetab bmicat imd,              row
2021-07-14T12:04:56.647454900Z 11
2021-07-14T12:04:56.657423200Z 
2021-07-14T12:04:56.657446600Z +----------------+
2021-07-14T12:04:56.657453400Z | Key            |
2021-07-14T12:04:56.657458200Z |----------------|
2021-07-14T12:04:56.657462400Z |   frequency    |
2021-07-14T12:04:56.657466200Z | row percentage |
2021-07-14T12:04:56.657470400Z +----------------+
2021-07-14T12:04:56.657474400Z 
2021-07-14T12:04:56.657478400Z                      |  Index of Multiple Deprivation
2021-07-14T12:04:56.657482500Z                      |              (IMD)
2021-07-14T12:04:56.657486500Z          Grouped BMI | 1 least d          4  5 most de |     Total
2021-07-14T12:04:56.657490800Z ---------------------+---------------------------------+----------
2021-07-14T12:04:56.657494800Z  Underweight (<18.5) |        53         17          8 |        78 
2021-07-14T12:04:56.657499300Z                      |     67.95      21.79      10.26 |    100.00 
2021-07-14T12:04:56.657513000Z ---------------------+---------------------------------+----------
2021-07-14T12:04:56.657518400Z   Normal (18.5-24.9) |       261         55         33 |       349 
2021-07-14T12:04:56.657523200Z                      |     74.79      15.76       9.46 |    100.00 
2021-07-14T12:04:56.657528200Z ---------------------+---------------------------------+----------
2021-07-14T12:04:56.657532800Z Overweight (25-29.9) |       315        101         44 |       460 
2021-07-14T12:04:56.657537500Z                      |     68.48      21.96       9.57 |    100.00 
2021-07-14T12:04:56.657542200Z ---------------------+---------------------------------+----------
2021-07-14T12:04:56.657723700Z    Obese I (30-34.9) |       427        110         58 |       595 
2021-07-14T12:04:56.657738100Z                      |     71.76      18.49       9.75 |    100.00 
2021-07-14T12:04:56.657743900Z ---------------------+---------------------------------+----------
2021-07-14T12:04:56.657748500Z   Obese II (35-39.9) |       406        133         64 |       603 
2021-07-14T12:04:56.657753200Z                      |     67.33      22.06      10.61 |    100.00 
2021-07-14T12:04:56.657757700Z ---------------------+---------------------------------+----------
2021-07-14T12:04:56.657762400Z      Obese III (40+) |       509        142         65 |       716 
2021-07-14T12:04:56.657784700Z                      |     71.09      19.83       9.08 |    100.00 
2021-07-14T12:04:56.657810000Z ---------------------+---------------------------------+----------
2021-07-14T12:04:56.657821500Z                Total |     1,971        558        272 |     2,801 
2021-07-14T12:04:56.657827200Z                      |     70.37      19.92       9.71 |    100.00 
2021-07-14T12:04:56.657832200Z 
2021-07-14T12:04:56.657836700Z . safetab bmicat hypertension, row
2021-07-14T12:04:56.658279500Z 20
2021-07-14T12:04:56.665907000Z 
2021-07-14T12:04:56.665935400Z +----------------+
2021-07-14T12:04:56.665941500Z | Key            |
2021-07-14T12:04:56.665945500Z |----------------|
2021-07-14T12:04:56.665949200Z |   frequency    |
2021-07-14T12:04:56.665953400Z | row percentage |
2021-07-14T12:04:56.665957100Z +----------------+
2021-07-14T12:04:56.665961100Z 
2021-07-14T12:04:56.665964900Z                      |       Diagnosed
2021-07-14T12:04:56.665969000Z                      |     hypertension
2021-07-14T12:04:56.665972900Z          Grouped BMI |         0          1 |     Total
2021-07-14T12:04:56.665977000Z ---------------------+----------------------+----------
2021-07-14T12:04:56.665981200Z  Underweight (<18.5) |        58         20 |        78 
2021-07-14T12:04:56.665985900Z                      |     74.36      25.64 |    100.00 
2021-07-14T12:04:56.665990100Z ---------------------+----------------------+----------
2021-07-14T12:04:56.666005500Z   Normal (18.5-24.9) |       280         69 |       349 
2021-07-14T12:04:56.666010200Z                      |     80.23      19.77 |    100.00 
2021-07-14T12:04:56.666014100Z ---------------------+----------------------+----------
2021-07-14T12:04:56.666018100Z Overweight (25-29.9) |       367         93 |       460 
2021-07-14T12:04:56.666022100Z                      |     79.78      20.22 |    100.00 
2021-07-14T12:04:56.666026200Z ---------------------+----------------------+----------
2021-07-14T12:04:56.666030500Z    Obese I (30-34.9) |       474        121 |       595 
2021-07-14T12:04:56.666034500Z                      |     79.66      20.34 |    100.00 
2021-07-14T12:04:56.666038400Z ---------------------+----------------------+----------
2021-07-14T12:04:56.666042500Z   Obese II (35-39.9) |       484        119 |       603 
2021-07-14T12:04:56.666046300Z                      |     80.27      19.73 |    100.00 
2021-07-14T12:04:56.666051000Z ---------------------+----------------------+----------
2021-07-14T12:04:56.666055000Z      Obese III (40+) |       602        114 |       716 
2021-07-14T12:04:56.666059000Z                      |     84.08      15.92 |    100.00 
2021-07-14T12:04:56.666063200Z ---------------------+----------------------+----------
2021-07-14T12:04:56.666067400Z                Total |     2,265        536 |     2,801 
2021-07-14T12:04:56.666071600Z                      |     80.86      19.14 |    100.00 
2021-07-14T12:04:56.666075700Z 
2021-07-14T12:04:56.666080200Z . safetab bmicat shield,    row
2021-07-14T12:04:56.666445900Z 14
2021-07-14T12:04:56.671725600Z 
2021-07-14T12:04:56.671778900Z +----------------+
2021-07-14T12:04:56.671789200Z | Key            |
2021-07-14T12:04:56.671794700Z |----------------|
2021-07-14T12:04:56.671799700Z |   frequency    |
2021-07-14T12:04:56.671804100Z | row percentage |
2021-07-14T12:04:56.671809000Z +----------------+
2021-07-14T12:04:56.671814000Z 
2021-07-14T12:04:56.671818800Z                      |  Probable shielding
2021-07-14T12:04:56.671824100Z          Grouped BMI |         0          1 |     Total
2021-07-14T12:04:56.671828800Z ---------------------+----------------------+----------
2021-07-14T12:04:56.671834000Z  Underweight (<18.5) |         8         70 |        78 
2021-07-14T12:04:56.671839700Z                      |     10.26      89.74 |    100.00 
2021-07-14T12:04:56.671844200Z ---------------------+----------------------+----------
2021-07-14T12:04:56.671849400Z   Normal (18.5-24.9) |        42        307 |       349 
2021-07-14T12:04:56.671854000Z                      |     12.03      87.97 |    100.00 
2021-07-14T12:04:56.671859400Z ---------------------+----------------------+----------
2021-07-14T12:04:56.671891700Z Overweight (25-29.9) |        52        408 |       460 
2021-07-14T12:04:56.671897900Z                      |     11.30      88.70 |    100.00 
2021-07-14T12:04:56.671903600Z ---------------------+----------------------+----------
2021-07-14T12:04:56.671909000Z    Obese I (30-34.9) |        72        523 |       595 
2021-07-14T12:04:56.671914600Z                      |     12.10      87.90 |    100.00 
2021-07-14T12:04:56.671919500Z ---------------------+----------------------+----------
2021-07-14T12:04:56.671924600Z   Obese II (35-39.9) |        94        509 |       603 
2021-07-14T12:04:56.671951100Z                      |     15.59      84.41 |    100.00 
2021-07-14T12:04:56.671963600Z ---------------------+----------------------+----------
2021-07-14T12:04:56.671969100Z      Obese III (40+) |        71        645 |       716 
2021-07-14T12:04:56.671974400Z                      |      9.92      90.08 |    100.00 
2021-07-14T12:04:56.671979400Z ---------------------+----------------------+----------
2021-07-14T12:04:56.671984200Z                Total |       339      2,462 |     2,801 
2021-07-14T12:04:56.671989000Z                      |     12.10      87.90 |    100.00 
2021-07-14T12:04:56.671994900Z 
2021-07-14T12:04:56.672002000Z . 
2021-07-14T12:04:56.672007300Z . 
2021-07-14T12:04:56.672012800Z . safetab smoke ethnicity,        row
2021-07-14T12:04:56.672495000Z 16
2021-07-14T12:04:56.677884800Z 
2021-07-14T12:04:56.677915600Z +----------------+
2021-07-14T12:04:56.677922100Z | Key            |
2021-07-14T12:04:56.677927300Z |----------------|
2021-07-14T12:04:56.677931700Z |   frequency    |
2021-07-14T12:04:56.677936100Z | row percentage |
2021-07-14T12:04:56.677940700Z +----------------+
2021-07-14T12:04:56.677945300Z 
2021-07-14T12:04:56.677950100Z      Smoking |            Ethnicity
2021-07-14T12:04:56.677954800Z       status |     White  Asian or       Other |     Total
2021-07-14T12:04:56.677959500Z -------------+---------------------------------+----------
2021-07-14T12:04:56.677964300Z        Never |       438         55         63 |       556 
2021-07-14T12:04:56.677969400Z              |     78.78       9.89      11.33 |    100.00 
2021-07-14T12:04:56.677974300Z -------------+---------------------------------+----------
2021-07-14T12:04:56.677979400Z       Former |       231         26         32 |       289 
2021-07-14T12:04:56.677984500Z              |     79.93       9.00      11.07 |    100.00 
2021-07-14T12:04:56.677989000Z -------------+---------------------------------+----------
2021-07-14T12:04:56.677994400Z      Current |     1,352        173        159 |     1,684 
2021-07-14T12:04:56.678010900Z              |     80.29      10.27       9.44 |    100.00 
2021-07-14T12:04:56.678016600Z -------------+---------------------------------+----------
2021-07-14T12:04:56.678025500Z        Total |     2,021        254        254 |     2,529 
2021-07-14T12:04:56.678030700Z              |     79.91      10.04      10.04 |    100.00 
2021-07-14T12:04:56.678035500Z 
2021-07-14T12:04:56.678041700Z . safetab smoke imd,                      row
2021-07-14T12:04:56.678458800Z 10
2021-07-14T12:04:56.683889900Z 
2021-07-14T12:04:56.683919700Z +----------------+
2021-07-14T12:04:56.683926200Z | Key            |
2021-07-14T12:04:56.683931400Z |----------------|
2021-07-14T12:04:56.683936000Z |   frequency    |
2021-07-14T12:04:56.683940300Z | row percentage |
2021-07-14T12:04:56.683944800Z +----------------+
2021-07-14T12:04:56.683949300Z 
2021-07-14T12:04:56.683967600Z              |  Index of Multiple Deprivation
2021-07-14T12:04:56.683971500Z      Smoking |              (IMD)
2021-07-14T12:04:56.683975400Z       status | 1 least d          4  5 most de |     Total
2021-07-14T12:04:56.683979400Z -------------+---------------------------------+----------
2021-07-14T12:04:56.683983500Z        Never |       379        114         63 |       556 
2021-07-14T12:04:56.683987500Z              |     68.17      20.50      11.33 |    100.00 
2021-07-14T12:04:56.684010700Z -------------+---------------------------------+----------
2021-07-14T12:04:56.684015800Z       Former |       201         56         32 |       289 
2021-07-14T12:04:56.684020800Z              |     69.55      19.38      11.07 |    100.00 
2021-07-14T12:04:56.684025600Z -------------+---------------------------------+----------
2021-07-14T12:04:56.684030400Z      Current |     1,170        359        155 |     1,684 
2021-07-14T12:04:56.684035400Z              |     69.48      21.32       9.20 |    100.00 
2021-07-14T12:04:56.684040200Z -------------+---------------------------------+----------
2021-07-14T12:04:56.684045100Z        Total |     1,750        529        250 |     2,529 
2021-07-14T12:04:56.684050400Z              |     69.20      20.92       9.89 |    100.00 
2021-07-14T12:04:56.684055300Z 
2021-07-14T12:04:56.684060000Z . safetab smoke hypertension, row
2021-07-14T12:04:56.684418400Z 19
2021-07-14T12:04:56.688879400Z 
2021-07-14T12:04:56.688902500Z +----------------+
2021-07-14T12:04:56.688908700Z | Key            |
2021-07-14T12:04:56.688913200Z |----------------|
2021-07-14T12:04:56.688917700Z |   frequency    |
2021-07-14T12:04:56.688922500Z | row percentage |
2021-07-14T12:04:56.688949500Z +----------------+
2021-07-14T12:04:56.688953900Z 
2021-07-14T12:04:56.688957600Z              |       Diagnosed
2021-07-14T12:04:56.688961400Z      Smoking |     hypertension
2021-07-14T12:04:56.688965100Z       status |         0          1 |     Total
2021-07-14T12:04:56.688968600Z -------------+----------------------+----------
2021-07-14T12:04:56.688972400Z        Never |       444        112 |       556 
2021-07-14T12:04:56.688976200Z              |     79.86      20.14 |    100.00 
2021-07-14T12:04:56.688980400Z -------------+----------------------+----------
2021-07-14T12:04:56.688984300Z       Former |       237         52 |       289 
2021-07-14T12:04:56.688987800Z              |     82.01      17.99 |    100.00 
2021-07-14T12:04:56.688992100Z -------------+----------------------+----------
2021-07-14T12:04:56.688995900Z      Current |     1,363        321 |     1,684 
2021-07-14T12:04:56.688999700Z              |     80.94      19.06 |    100.00 
2021-07-14T12:04:56.689003500Z -------------+----------------------+----------
2021-07-14T12:04:56.689026400Z        Total |     2,044        485 |     2,529 
2021-07-14T12:04:56.689031400Z              |     80.82      19.18 |    100.00 
2021-07-14T12:04:56.689036100Z 
2021-07-14T12:04:56.689040600Z . safetab smoke shield,    row
2021-07-14T12:04:56.689313000Z 13
2021-07-14T12:04:56.693481400Z 
2021-07-14T12:04:56.693502400Z +----------------+
2021-07-14T12:04:56.693508000Z | Key            |
2021-07-14T12:04:56.693512700Z |----------------|
2021-07-14T12:04:56.693516700Z |   frequency    |
2021-07-14T12:04:56.693520900Z | row percentage |
2021-07-14T12:04:56.693525200Z +----------------+
2021-07-14T12:04:56.693529000Z 
2021-07-14T12:04:56.693532800Z      Smoking |  Probable shielding
2021-07-14T12:04:56.693536800Z       status |         0          1 |     Total
2021-07-14T12:04:56.693540900Z -------------+----------------------+----------
2021-07-14T12:04:56.693545000Z        Never |        82        474 |       556 
2021-07-14T12:04:56.693548900Z              |     14.75      85.25 |    100.00 
2021-07-14T12:04:56.693552900Z -------------+----------------------+----------
2021-07-14T12:04:56.693557700Z       Former |        31        258 |       289 
2021-07-14T12:04:56.693561900Z              |     10.73      89.27 |    100.00 
2021-07-14T12:04:56.693566600Z -------------+----------------------+----------
2021-07-14T12:04:56.693570800Z      Current |       210      1,474 |     1,684 
2021-07-14T12:04:56.693575500Z              |     12.47      87.53 |    100.00 
2021-07-14T12:04:56.693579500Z -------------+----------------------+----------
2021-07-14T12:04:56.693596800Z        Total |       323      2,206 |     2,529 
2021-07-14T12:04:56.693601700Z              |     12.77      87.23 |    100.00 
2021-07-14T12:04:56.693606200Z 
2021-07-14T12:04:56.693610200Z . 
2021-07-14T12:04:56.693614500Z . safetab ethnicity imd,          row
2021-07-14T12:04:56.693963400Z 14
2021-07-14T12:04:56.701215400Z 
2021-07-14T12:04:56.701237400Z +----------------+
2021-07-14T12:04:56.701243700Z | Key            |
2021-07-14T12:04:56.701248600Z |----------------|
2021-07-14T12:04:56.701253500Z |   frequency    |
2021-07-14T12:04:56.701258400Z | row percentage |
2021-07-14T12:04:56.701262000Z +----------------+
2021-07-14T12:04:56.701264900Z 
2021-07-14T12:04:56.701267900Z                       |  Index of Multiple Deprivation
2021-07-14T12:04:56.701270900Z                       |              (IMD)
2021-07-14T12:04:56.701273800Z             Ethnicity | 1 least d          4  5 most de |     Total
2021-07-14T12:04:56.701276700Z ----------------------+---------------------------------+----------
2021-07-14T12:04:56.701279600Z                 White |     7,855      2,283      1,080 |    11,218 
2021-07-14T12:04:56.701282600Z                       |     70.02      20.35       9.63 |    100.00 
2021-07-14T12:04:56.701285700Z ----------------------+---------------------------------+----------
2021-07-14T12:04:56.701288700Z Asian or Asian Britis |       959        280        142 |     1,381 
2021-07-14T12:04:56.701291700Z                       |     69.44      20.28      10.28 |    100.00 
2021-07-14T12:04:56.701294800Z ----------------------+---------------------------------+----------
2021-07-14T12:04:56.701297700Z                 Other |       967        294        152 |     1,413 
2021-07-14T12:04:56.701300500Z                       |     68.44      20.81      10.76 |    100.00 
2021-07-14T12:04:56.701303400Z ----------------------+---------------------------------+----------
2021-07-14T12:04:56.701306500Z                 Total |     9,781      2,857      1,374 |    14,012 
2021-07-14T12:04:56.701309600Z                       |     69.80      20.39       9.81 |    100.00 
2021-07-14T12:04:56.701312700Z 
2021-07-14T12:04:56.701315600Z . safetab shield imd,             row
2021-07-14T12:04:56.701679700Z 11
2021-07-14T12:04:56.709020200Z 
2021-07-14T12:04:56.709037300Z +----------------+
2021-07-14T12:04:56.709043400Z | Key            |
2021-07-14T12:04:56.709048300Z |----------------|
2021-07-14T12:04:56.709053300Z |   frequency    |
2021-07-14T12:04:56.709058000Z | row percentage |
2021-07-14T12:04:56.709061200Z +----------------+
2021-07-14T12:04:56.709076800Z 
2021-07-14T12:04:56.709080000Z            |  Index of Multiple Deprivation
2021-07-14T12:04:56.709083100Z   Probable |              (IMD)
2021-07-14T12:04:56.709086000Z  shielding | 1 least d          4  5 most de |     Total
2021-07-14T12:04:56.709088900Z -----------+---------------------------------+----------
2021-07-14T12:04:56.709091800Z          0 |     1,219        342        181 |     1,742 
2021-07-14T12:04:56.709094700Z            |     69.98      19.63      10.39 |    100.00 
2021-07-14T12:04:56.709097800Z -----------+---------------------------------+----------
2021-07-14T12:04:56.709100700Z          1 |     8,562      2,515      1,193 |    12,270 
2021-07-14T12:04:56.709103700Z            |     69.78      20.50       9.72 |    100.00 
2021-07-14T12:04:56.709106700Z -----------+---------------------------------+----------
2021-07-14T12:04:56.709109500Z      Total |     9,781      2,857      1,374 |    14,012 
2021-07-14T12:04:56.709112400Z            |     69.80      20.39       9.81 |    100.00 
2021-07-14T12:04:56.709115300Z 
2021-07-14T12:04:56.709118000Z . 
2021-07-14T12:04:56.709121000Z . safetab shield ethnicity,               row
2021-07-14T12:04:56.709476800Z 17
2021-07-14T12:04:56.715637700Z 
2021-07-14T12:04:56.715658600Z +----------------+
2021-07-14T12:04:56.715664700Z | Key            |
2021-07-14T12:04:56.715669600Z |----------------|
2021-07-14T12:04:56.715674000Z |   frequency    |
2021-07-14T12:04:56.715676700Z | row percentage |
2021-07-14T12:04:56.715679400Z +----------------+
2021-07-14T12:04:56.715681900Z 
2021-07-14T12:04:56.715684500Z   Probable |            Ethnicity
2021-07-14T12:04:56.715687200Z  shielding |     White  Asian or       Other |     Total
2021-07-14T12:04:56.715689800Z -----------+---------------------------------+----------
2021-07-14T12:04:56.715692400Z          0 |     1,379        172        191 |     1,742 
2021-07-14T12:04:56.715695000Z            |     79.16       9.87      10.96 |    100.00 
2021-07-14T12:04:56.715697700Z -----------+---------------------------------+----------
2021-07-14T12:04:56.715700500Z          1 |     9,839      1,209      1,222 |    12,270 
2021-07-14T12:04:56.715703300Z            |     80.19       9.85       9.96 |    100.00 
2021-07-14T12:04:56.715705900Z -----------+---------------------------------+----------
2021-07-14T12:04:56.715708600Z      Total |    11,218      1,381      1,413 |    14,012 
2021-07-14T12:04:56.715711200Z            |     80.06       9.86      10.08 |    100.00 
2021-07-14T12:04:56.715713800Z 
2021-07-14T12:04:56.715716200Z . 
2021-07-14T12:04:56.715718800Z . /* SENSE CHECK OUTCOMES======================================================
2021-07-14T12:04:56.715731300Z > =*/
2021-07-14T12:04:56.715734500Z . 
2021-07-14T12:04:56.715737300Z . safetab worms
2021-07-14T12:04:56.715992100Z 0
2021-07-14T12:04:56.719142900Z 
2021-07-14T12:04:56.719157300Z Failure/cen |
2021-07-14T12:04:56.719163700Z      soring |
2021-07-14T12:04:56.719168800Z   indicator |
2021-07-14T12:04:56.719173300Z         for |
2021-07-14T12:04:56.719178000Z    outcome: |
2021-07-14T12:04:56.719183100Z       worms |      Freq.     Percent        Cum.
2021-07-14T12:04:56.719188100Z ------------+-----------------------------------
2021-07-14T12:04:56.719192600Z           0 |     12,870       91.85       91.85
2021-07-14T12:04:56.719197200Z           1 |      1,142        8.15      100.00
2021-07-14T12:04:56.719201800Z ------------+-----------------------------------
2021-07-14T12:04:56.719206500Z       Total |     14,012      100.00
2021-07-14T12:04:56.719211300Z 
2021-07-14T12:04:56.719215900Z . 
2021-07-14T12:04:56.719222800Z . 
2021-07-14T12:04:56.719227700Z . * Close log file
2021-07-14T12:04:56.719232500Z . log close
2021-07-14T12:04:56.719237100Z       name:  <unnamed>
2021-07-14T12:04:56.719242200Z        log:  /workspace/log/WORMS_02_an_data_checks.log
2021-07-14T12:04:56.719245200Z   log type:  text
2021-07-14T12:04:56.719248200Z  closed on:  14 Jul 2021, 12:04:56
2021-07-14T12:04:56.719252100Z -------------------------------------------------------------------------------
2021-07-14T12:04:56.719256900Z 
2021-07-14T12:04:56.719261300Z . 
2021-07-14T12:04:56.719265600Z end of do-file
2021-07-14T12:04:56.719270100Z 
2021-07-14T12:04:56.719274300Z . . file open output using "/tmp/tmp.KlNrneDgyM", write text replace
2021-07-14T12:04:56.719376800Z 
2021-07-14T12:04:56.719387800Z . . file write output "success" 
2021-07-14T12:04:56.719391200Z 
2021-07-14T12:04:56.719393900Z . . file close output
2021-07-14T12:04:56.719396700Z 
2021-07-14T12:04:56.719399500Z . 
2021-07-14T12:04:56.719402700Z end of do-file
2021-07-14T12:04:56.719405600Z 
2021-07-14T12:04:56.719408300Z 
2021-07-14T12:04:56.747493200Z . 

state: succeeded
commit: none
docker_image_id: sha256:2cfae55f0ae53b85c43f26639279eb9d1deb03aff879163255761854461f4ca9
exit_code: 0
job_id: qu5nnw7gnbjzspjh
run_by_user: qc18278
created_at: 2021-07-14T12:02:51Z
started_at: 2021-07-14T12:04:56Z
completed_at: 2021-07-14T12:06:00Z

Completed successfully

outputs:
  log/WORMS_02_an_data_checks.log  - moderately_sensitive