-------------------------------------------------------------------------------
      name:  <unnamed>
       log:  /workspace/log/14_multiple_imputation_analysis_covid_deathMAIN.log
  log type:  text
 opened on:  30 Jan 2021, 09:42:06

. 
. 
. 
. forvalues x=0/1 {
  2. use "$tempdir/cr_imputed_analysis_dataset_STSET_`outcome'_ageband_`x'`data
> set'.dta", clear
  3. 
. *Fully adjusted
. mi estimate, hr:  stcox         i.kids_cat4      ///
>                         age1 age2 age3          ///
>                         i.male                                               
>    ///
>                         i.obese4cat                                     ///
>                         i.smoke_nomiss                                  ///
>                         i.imd                                           ///
>                         i.ethnicity                                     ///
>                         $comordidadjlist                                ///  
>    
>                         , strata(stp) vce(cluster household_id)  
  4. estimates
  5. estimates save ./output/an_sense_`outcome'_multiple_imputation_ageband_`x'
> `dataset', replace
  6. }

Multiple-imputation estimates                   Imputations       =         10
Stratified Cox regr.: Breslow method for ties   Number of obs     = 12,131,329
                                                Average RVI       =     0.0126
                                                Largest FMI       =     0.1740
DF adjustment:   Large sample                   DF:     min       =     315.96
                                                        avg       =   4.33e+08
                                                        max       =   5.69e+09
Model F test:       Equal FMI                   F(  45, 2.6e+06)  =     182.94
Within VCE type:       Robust                   Prob > F          =     0.0000

                  (Within VCE adjusted for 6,849,961 clusters in household_id)
------------------------------------------------------------------------------
          _t | Haz. Ratio   Std. Err.      t    P>|t|     [95% Conf. Interval]
-------------+----------------------------------------------------------------
   kids_cat4 |
only <12 ..  |    .732535   .0777278    -2.93   0.003     .5949892    .9018779
 only 12-18  |   .9178333   .0929804    -0.85   0.397     .7525467    1.119423
      mixed  |   .7891617   .1124607    -1.66   0.097     .5968486    1.043441
             |
        age1 |   1.167479   .0464765     3.89   0.000      1.07985    1.262219
        age2 |   .9260484   .0799062    -0.89   0.373     .7819623    1.096684
        age3 |   1.085291   .2211399     0.40   0.688     .7279555    1.618035
      1.male |   1.789751   .0995337    10.47   0.000     1.604925    1.995863
             |
   obese4cat |
Obese I ..)  |   1.195658   .0831457     2.57   0.010     1.043313    1.370248
Obese II..)  |   1.950941   .1579387     8.26   0.000     1.664696    2.286405
Obese II..)  |   2.356639   .2318599     8.71   0.000     1.943332    2.857849
             |
smoke_nomiss |
     Former  |   1.093424   .0642904     1.52   0.129     .9744069    1.226979
    Current  |   .8226942   .0637553    -2.52   0.012     .7067632    .9576416
             |
         imd |
          2  |   1.192266   .1199183     1.75   0.080     .9789469    1.452069
          3  |   1.324807    .128873     2.89   0.004      1.09484    1.603079
          4  |   1.703921   .1578128     5.75   0.000     1.421063    2.043081
5 most de..  |   1.751456   .1710785     5.74   0.000     1.446291    2.121011
             |
   ethnicity |
      Mixed  |   2.114625   .4073372     3.89   0.000     1.448274    3.087565
Asian or ..  |   2.155075    .186378     8.88   0.000     1.818665    2.553713
      Black  |   2.139548   .2413606     6.74   0.000     1.714647    2.669743
      Other  |   2.047106   .3367455     4.36   0.000     1.481087    2.829437
             |
1.htdiag_o~p |   1.324795   .0801224     4.65   0.000     1.176708    1.491518
1.~y_disease |   2.480419   .2040666    11.04   0.000     2.111037    2.914434
    1.asthma |   1.153468   .0770747     2.14   0.033     1.011879     1.31487
1.~c_disease |   1.547404   .1174861     5.75   0.000     1.333449    1.795688
             |
     diabcat |
T1DM, con..  |   2.045148   .7409426     1.97   0.048     1.005404    4.160151
T1DM, unc..  |   2.684351   .5647027     4.69   0.000     1.777351      4.0542
T2DM, con..  |   1.772917   .1488975     6.82   0.000     1.503837    2.090144
T2DM, unc..  |   2.759967   .2238636    12.52   0.000     2.354301    3.235532
Diabetes,..  |   3.695539   1.461705     3.30   0.001     1.702151    8.023381
             |
cancer_exh~t |
  Last year  |   5.425922   .8583872    10.69   0.000     3.979353    7.398346
2-5 years..  |   2.659521   .3553671     7.32   0.000     2.046752    3.455744
   5+ years  |   1.650773   .2253555     3.67   0.000     1.263239    2.157195
             |
cancer_hae~t |
  Last year  |   5.846541   2.249725     4.59   0.000     2.750173    12.42905
2-5 years..  |   5.952934   1.354513     7.84   0.000     3.811107    9.298459
   5+ years  |   2.056274   .5344643     2.77   0.006     1.235485     3.42235
             |
1.~r_disease |    3.33255   .3948148    10.16   0.000     2.642001    4.203591
1.stroke_d~a |   1.649311    .183721     4.49   0.000     1.325821    2.051729
1.other_ne~o |   4.622138   .5460887    12.96   0.000      3.66671     5.82652
             |
reduced_ki~t |
Stage 3a/..  |   2.535115   .2315935    10.18   0.000     2.119516    3.032205
Stage 4/5..  |   6.934828   1.205426    11.14   0.000     4.932623    9.749749
             |
      1.esrd |   1.935981    .376722     3.39   0.001     1.322105    2.834889
1.other_tr~t |   .7813426   .3697881    -0.52   0.602     .3090232    1.975568
  1.asplenia |    1.37562   .5316812     0.83   0.409     .6449214    2.934205
1.ra_sle_p~s |   1.197706   .1139242     1.90   0.058     .9939975    1.443163
1.other_im~o |   2.439896   .4869797     4.47   0.000     1.649983    3.607972
------------------------------------------------------------------------------

-------------------------------------------------------------------------------
active results
-------------------------------------------------------------------------------

Multiple-imputation estimates                   Imputations       =         10
Stratified Cox regr.: Breslow method for ties   Number of obs     = 12,131,329
                                                Average RVI       =     0.0126
                                                Largest FMI       =     0.1740
DF adjustment:   Large sample                   DF:     min       =     315.96
                                                        avg       =   4.33e+08
                                                        max       =   5.69e+09
Model F test:       Equal FMI                   F(  45, 2.6e+06)  =     182.94
Within VCE type:       Robust                   Prob > F          =     0.0000

                  (Within VCE adjusted for 6,849,961 clusters in household_id)
------------------------------------------------------------------------------
          _t |      Coef.   Std. Err.      t    P>|t|     [95% Conf. Interval]
-------------+----------------------------------------------------------------
   kids_cat4 |
only <12 ..  |  -.3112441    .106108    -2.93   0.003     -.519212   -.1032762
 only 12-18  |  -.0857395   .1013043    -0.85   0.397    -.2842923    .1128133
      mixed  |   -.236784   .1425065    -1.66   0.097    -.5160917    .0425236
             |
        age1 |   .1548465   .0398093     3.89   0.000     .0768218    .2328712
        age2 |  -.0768288   .0862873    -0.89   0.373    -.2459488    .0922911
        age3 |   .0818485   .2037608     0.40   0.688    -.3175153    .4812124
      1.male |   .5820766   .0556131    10.47   0.000     .4730768    .6910763
             |
   obese4cat |
Obese I ..)  |   .1786967   .0695397     2.57   0.010     .0424015     .314992
Obese II..)  |   .6683116   .0809551     8.26   0.000     .5096424    .8269808
Obese II..)  |   .8572366   .0983858     8.71   0.000      .664404    1.050069
             |
smoke_nomiss |
     Former  |   .0893145   .0587973     1.52   0.129    -.0259263    .2045553
    Current  |  -.1951707   .0774957    -2.52   0.012    -.3470597   -.0432817
             |
         imd |
          2  |   .1758557   .1005802     1.75   0.080    -.0212779    .3729892
          3  |   .2812668   .0972768     2.89   0.004     .0906078    .4719259
          4  |   .5329319   .0926175     5.75   0.000     .3514049    .7144588
5 most de..  |   .5604475   .0976779     5.74   0.000      .369002    .7518929
             |
   ethnicity |
      Mixed  |   .7488776   .1926286     3.89   0.000     .3703724    1.127383
Asian or ..  |   .7678255   .0864833     8.88   0.000     .5981026    .9375484
      Black  |   .7605947   .1128091     6.74   0.000      .539207    .9819823
      Other  |   .7164271   .1644983     4.36   0.000     .3927765    1.040078
             |
1.htdiag_o~p |   .2812578   .0604791     4.65   0.000      .162721    .3997945
1.~y_disease |   .9084273    .082271    11.04   0.000     .7471791    1.069676
    1.asthma |   .1427733   .0668199     2.14   0.033     .0118087     .273738
1.~c_disease |   .4365785   .0759247     5.75   0.000     .2877689    .5853881
             |
     diabcat |
T1DM, con..  |   .7154703   .3622929     1.97   0.048     .0053893    1.425551
T1DM, unc..  |   .9874388   .2103685     4.69   0.000     .5751242    1.399753
T2DM, con..  |   .5726262   .0839845     6.82   0.000     .4080196    .7372329
T2DM, unc..  |   1.015219    .081111    12.52   0.000     .8562438    1.174193
Diabetes,..  |   1.307126   .3955323     3.30   0.001     .5318929     2.08236
             |
cancer_exh~t |
  Last year  |   1.691188   .1582012    10.69   0.000     1.381119    2.001256
2-5 years..  |   .9781459   .1336207     7.32   0.000     .7162541    1.240038
   5+ years  |   .5012439   .1365151     3.67   0.000     .2336792    .7688086
             |
cancer_hae~t |
  Last year  |    1.76585   .3847959     4.59   0.000     1.011664    2.520036
2-5 years..  |   1.783884   .2275371     7.84   0.000      1.33792    2.229849
   5+ years  |   .7208954   .2599189     2.77   0.006     .2114634    1.230327
             |
1.~r_disease |   1.203738   .1184723    10.16   0.000     .9715365    1.435939
1.stroke_d~a |   .5003576   .1113926     4.49   0.000     .2820321    .7186831
1.other_ne~o |   1.530857   .1181463    12.96   0.000     1.299295     1.76242
             |
reduced_ki~t |
Stage 3a/..  |   .9302389   .0913543    10.18   0.000     .7511878     1.10929
Stage 4/5..  |   1.936556   .1738221    11.14   0.000     1.595871    2.277242
             |
      1.esrd |    .660614   .1945897     3.39   0.001     .2792251    1.042003
1.other_tr~t |  -.2467416   .4732727    -0.52   0.602    -1.174339    .6808558
  1.asplenia |   .3189048   .3865029     0.83   0.409    -.4386269    1.076437
1.ra_sle_p~s |   .1804085   .0951186     1.90   0.058    -.0060206    .3668375
1.other_im~o |   .8919556   .1995903     4.47   0.000     .5007652    1.283146
------------------------------------------------------------------------------
(note: file ./output/an_sense_covid_death_multiple_imputation_ageband_0MAIN.ste
> r not found)
file ./output/an_sense_covid_death_multiple_imputation_ageband_0MAIN.ster saved

Multiple-imputation estimates                   Imputations       =         10
Stratified Cox regr.: Breslow method for ties   Number of obs     =  3,519,014
                                                Average RVI       =     0.0231
                                                Largest FMI       =     0.2901
DF adjustment:   Large sample                   DF:     min       =     116.42
                                                        avg       =   2.15e+09
                                                        max       =   2.36e+10
Model F test:       Equal FMI                   F(  45,776367.9)  =     389.50
Within VCE type:       Robust                   Prob > F          =     0.0000

                  (Within VCE adjusted for 2,635,368 clusters in household_id)
------------------------------------------------------------------------------
          _t | Haz. Ratio   Std. Err.      t    P>|t|     [95% Conf. Interval]
-------------+----------------------------------------------------------------
   kids_cat4 |
only <12 ..  |   .8628919   .0826108    -1.54   0.123     .7152605    1.040995
 only 12-18  |    .820516   .0951845    -1.71   0.088      .653646    1.029986
      mixed  |    .927301   .1329103    -0.53   0.598      .700192    1.228073
             |
        age1 |   1.048113   .0151515     3.25   0.001     1.018833    1.078234
        age2 |   1.251717   .0696219     4.04   0.000     1.122436    1.395889
        age3 |   .5712658   .0799475    -4.00   0.000     .4342245    .7515573
      1.male |     1.6661   .0378541    22.47   0.000     1.593534    1.741969
             |
   obese4cat |
Obese I ..)  |   1.122857   .0326849     3.98   0.000     1.060589    1.188781
Obese II..)  |   1.521656   .0653769     9.77   0.000     1.398766    1.655342
Obese II..)  |   2.024163   .1247112    11.45   0.000     1.793915    2.283963
             |
smoke_nomiss |
     Former  |    1.27234   .0319026     9.61   0.000     1.211323     1.33643
    Current  |   1.188777   .0564474     3.64   0.000     1.083135    1.304724
             |
         imd |
          2  |   1.137595   .0397092     3.69   0.000     1.062369    1.218148
          3  |   1.237986   .0432028     6.12   0.000     1.156141    1.325625
          4  |   1.424683   .0503761    10.01   0.000     1.329291     1.52692
5 most de..  |   1.650557   .0625053    13.23   0.000     1.532485    1.777726
             |
   ethnicity |
      Mixed  |   1.178873   .2065837     0.94   0.349     .8345587    1.665241
Asian or ..  |   1.487973   .0825399     7.16   0.000      1.33405    1.659657
      Black  |   1.164264   .1030662     1.72   0.087      .978185    1.385741
      Other  |   1.141089   .1559133     0.97   0.336     .8705498    1.495704
             |
1.htdiag_o~p |   .8956797   .0239461    -4.12   0.000     .8499547    .9438646
1.~y_disease |   1.733937   .0454567    20.99   0.000     1.647093    1.825359
    1.asthma |   1.077949   .0328201     2.47   0.014     1.015505    1.144233
1.~c_disease |   1.329734   .0311085    12.18   0.000     1.270139    1.392125
             |
     diabcat |
T1DM, con..  |   1.847483   .3765348     3.01   0.003     1.239074    2.754632
T1DM, unc..  |   2.742852   .3446627     8.03   0.000     2.144083    3.508836
T2DM, con..  |   1.400867   .0392143    12.04   0.000     1.326079    1.479873
T2DM, unc..  |   1.906605   .0668618    18.40   0.000      1.77996     2.04226
Diabetes,..  |   2.320978   .5357548     3.65   0.000     1.476342    3.648843
             |
cancer_exh~t |
  Last year  |   2.143867   .1443396    11.33   0.000     1.878837    2.446281
2-5 years..  |   1.230316   .0627408     4.06   0.000     1.113292    1.359641
   5+ years  |   1.064173   .0353671     1.87   0.061     .9970644    1.135799
             |
cancer_hae~t |
  Last year  |   3.365691   .4971767     8.22   0.000     2.519623    4.495862
2-5 years..  |   2.435957   .2377189     9.12   0.000     2.011884    2.949417
   5+ years  |   1.609082   .1329184     5.76   0.000     1.368562    1.891872
             |
1.~r_disease |   1.941214   .1527714     8.43   0.000     1.663737    2.264967
1.stroke_d~a |   1.672343   .0466597    18.43   0.000     1.583347    1.766341
1.other_ne~o |   2.423257   .1134174    18.91   0.000     2.210854    2.656066
             |
reduced_ki~t |
Stage 3a/..  |   1.310239   .0330465    10.71   0.000     1.247044    1.376637
Stage 4/5..  |   2.380608   .1059131    19.50   0.000     2.181815    2.597513
             |
      1.esrd |   3.178143   .2691384    13.65   0.000     2.692094    3.751948
1.other_tr~t |    1.71417   .5487673     1.68   0.092     .9152798    3.210363
  1.asplenia |    1.09276   .2117821     0.46   0.647     .7474078    1.597687
1.ra_sle_p~s |    1.23976   .0448095     5.95   0.000     1.154974    1.330771
1.other_im~o |   1.748021     .30414     3.21   0.001     1.242926    2.458375
------------------------------------------------------------------------------

-------------------------------------------------------------------------------
active results
-------------------------------------------------------------------------------

Multiple-imputation estimates                   Imputations       =         10
Stratified Cox regr.: Breslow method for ties   Number of obs     =  3,519,014
                                                Average RVI       =     0.0231
                                                Largest FMI       =     0.2901
DF adjustment:   Large sample                   DF:     min       =     116.42
                                                        avg       =   2.15e+09
                                                        max       =   2.36e+10
Model F test:       Equal FMI                   F(  45,776367.9)  =     389.50
Within VCE type:       Robust                   Prob > F          =     0.0000

                  (Within VCE adjusted for 2,635,368 clusters in household_id)
------------------------------------------------------------------------------
          _t |      Coef.   Std. Err.      t    P>|t|     [95% Conf. Interval]
-------------+----------------------------------------------------------------
   kids_cat4 |
only <12 ..  |  -.1474659   .0957371    -1.54   0.123    -.3351084    .0401767
 only 12-18  |  -.1978219   .1160057    -1.71   0.088    -.4251893    .0295455
      mixed  |  -.0754771   .1433303    -0.53   0.598    -.3564007    .2054466
             |
        age1 |   .0469913    .014456     3.25   0.001      .018658    .0753245
        age2 |   .2245164   .0556211     4.04   0.000      .115501    .3335317
        age3 |  -.5599007   .1399479    -4.00   0.000    -.8341936   -.2856078
      1.male |   .5104853   .0227202    22.47   0.000     .4659545    .5550161
             |
   obese4cat |
Obese I ..)  |   .1158764   .0291087     3.98   0.000     .0588244    .1729284
Obese II..)  |   .4197991   .0429643     9.77   0.000     .3355906    .5040076
Obese II..)  |   .7051564   .0616112    11.45   0.000     .5844007    .8259122
             |
smoke_nomiss |
     Former  |   .2408575    .025074     9.61   0.000     .1917132    .2900018
    Current  |   .1729253   .0474836     3.64   0.000     .0798592    .2659914
             |
         imd |
          2  |   .1289165   .0349063     3.69   0.000     .0605015    .1973316
          3  |   .2134859   .0348977     6.12   0.000     .1450877    .2818841
          4  |    .353949   .0353595    10.01   0.000     .2846455    .4232525
5 most de..  |   .5011127   .0378692    13.23   0.000     .4268903    .5753352
             |
   ethnicity |
      Mixed  |   .1645589   .1752383     0.94   0.349    -.1808522      .50997
Asian or ..  |   .3974149   .0554714     7.16   0.000     .2882192    .5066107
      Black  |   .1520892   .0885248     1.72   0.087    -.0220565     .326235
      Other  |   .1319832   .1366355     0.97   0.336    -.1386303    .4025968
             |
1.htdiag_o~p |  -.1101724   .0267351    -4.12   0.000    -.1625723   -.0577726
1.~y_disease |   .5503943   .0262159    20.99   0.000     .4990121    .6017765
    1.asthma |   .0750603   .0304468     2.47   0.014     .0153856    .1347349
1.~c_disease |   .2849788   .0233945    12.18   0.000     .2391263    .3308312
             |
     diabcat |
T1DM, con..  |   .6138242   .2038096     3.01   0.003     .2143647    1.013284
T1DM, unc..  |   1.008998   .1256585     8.03   0.000      .762712    1.255284
T2DM, con..  |   .3370913   .0279929    12.04   0.000     .2822262    .3919565
T2DM, unc..  |    .645324   .0350685    18.40   0.000     .5765908    .7140573
Diabetes,..  |   .8419888   .2308314     3.65   0.000     .3895674     1.29441
             |
cancer_exh~t |
  Last year  |    .762611   .0673268    11.33   0.000     .6306529     .894569
2-5 years..  |    .207271   .0509957     4.06   0.000     .1073212    .3072208
   5+ years  |   .0621982   .0332344     1.87   0.061      -.00294    .1273364
             |
cancer_hae~t |
  Last year  |   1.213633    .147719     8.22   0.000     .9241094    1.503157
2-5 years..  |   .8903397   .0975875     9.12   0.000     .6990718    1.081608
   5+ years  |   .4756639   .0826051     5.76   0.000     .3137609    .6375669
             |
1.~r_disease |   .6633133   .0786989     8.43   0.000     .5090662    .8175604
1.stroke_d~a |   .5142254   .0279008    18.43   0.000     .4595408    .5689099
1.other_ne~o |   .8851123   .0468037    18.91   0.000     .7933788    .9768459
             |
reduced_ki~t |
Stage 3a/..  |   .2702097   .0252217    10.71   0.000     .2207761    .3196433
Stage 4/5..  |   .8673559   .0444899    19.50   0.000     .7801573    .9545545
             |
      1.esrd |   1.156297   .0846842    13.65   0.000     .9903192    1.322275
1.other_tr~t |   .5389292   .3201358     1.68   0.092    -.0885255    1.166384
  1.asplenia |   .0887062   .1938049     0.46   0.647    -.2911443    .4685568
1.ra_sle_p~s |    .214918   .0361437     5.95   0.000     .1440776    .2857583
1.other_im~o |   .5584843   .1739911     3.21   0.001      .217468    .8995005
------------------------------------------------------------------------------
(note: file ./output/an_sense_covid_death_multiple_imputation_ageband_1MAIN.ste
> r not found)
file ./output/an_sense_covid_death_multiple_imputation_ageband_1MAIN.ster saved

. 
. log close
      name:  <unnamed>
       log:  /workspace/log/14_multiple_imputation_analysis_covid_deathMAIN.log
  log type:  text
 closed on:  31 Jan 2021, 04:51:17
-------------------------------------------------------------------------------
