-------------------------------------------------------------------------------
      name:  <unnamed>
       log:  /workspace/log/14_multiple_imputation_analysis_covid_icuW2.log
  log type:  text
 opened on:  27 Jan 2021, 18:43:40

. 
. 
. 
. forvalues x=0/1 {
  2. use "$tempdir/cr_imputed_analysis_dataset_STSET_`outcome'_ageband_`x'`data
> set'.dta", clear
  3. 
. *Fully adjusted
. mi estimate, hr:  stcox         i.kids_cat4      ///
>                         age1 age2 age3          ///
>                         i.male                                               
>    ///
>                         i.obese4cat                                     ///
>                         i.smoke_nomiss                                  ///
>                         i.imd                                           ///
>                         i.ethnicity                                     ///
>                         $comordidadjlist                                ///  
>    
>                         , strata(stp) vce(cluster household_id)  
  4. estimates
  5. estimates save ./output/an_sense_`outcome'_multiple_imputation_ageband_`x'
> `dataset', replace
  6. }

Multiple-imputation estimates                   Imputations       =         10
Stratified Cox regr.: Breslow method for ties   Number of obs     = 12,072,072
                                                Average RVI       =     0.0184
                                                Largest FMI       =     0.2672
DF adjustment:   Large sample                   DF:     min       =     136.69
                                                        avg       =   4.22e+09
                                                        max       =   1.70e+11
Model F test:       Equal FMI                   F(  45, 1.2e+06)  =      97.94
Within VCE type:       Robust                   Prob > F          =     0.0000

                  (Within VCE adjusted for 6,794,751 clusters in household_id)
------------------------------------------------------------------------------
          _t | Haz. Ratio   Std. Err.      t    P>|t|     [95% Conf. Interval]
-------------+----------------------------------------------------------------
   kids_cat4 |
only <12 ..  |   1.219106   .1087658     2.22   0.026     1.023527    1.452057
 only 12-18  |   1.261378   .1145384     2.56   0.011      1.05573    1.507086
      mixed  |   1.306458   .1453997     2.40   0.016     1.050419    1.624906
             |
        age1 |   1.087904   .0219611     4.17   0.000     1.045701     1.13181
        age2 |   .9819996   .0454921    -0.39   0.695     .8967648    1.075336
        age3 |   .9640977   .1213318    -0.29   0.771     .7533508      1.2338
      1.male |   2.351807   .1422522    14.14   0.000      2.08889    2.647816
             |
   obese4cat |
Obese I ..)  |   2.372324   .1668221    12.28   0.000      2.06689    2.722893
Obese II..)  |   3.184683   .2755443    13.39   0.000     2.687935    3.773234
Obese II..)  |   4.416764   .4423043    14.83   0.000     3.629635     5.37459
             |
smoke_nomiss |
     Former  |   1.064134   .0648344     1.02   0.308      .944355    1.199106
    Current  |   .2815796   .0325439   -10.97   0.000     .2245032    .3531668
             |
         imd |
          2  |   1.163788   .1254182     1.41   0.159     .9421986    1.437493
          3  |   1.356205   .1408523     2.93   0.003     1.106423    1.662375
          4  |   1.493874   .1521031     3.94   0.000     1.223619    1.823818
5 most de..  |   2.145759   .2131033     7.69   0.000      1.76622    2.606856
             |
   ethnicity |
      Mixed  |   2.161464   .4601199     3.62   0.000     1.422154    3.285105
Asian or ..  |   3.110547   .2611844    13.51   0.000      2.63813    3.667561
      Black  |   1.558345    .233216     2.96   0.003     1.160721     2.09218
      Other  |   1.964221   .3806183     3.48   0.001     1.338982    2.881415
             |
1.htdiag_o~p |   1.348524   .0882644     4.57   0.000     1.186166    1.533106
1.~y_disease |   3.624219   .3462277    13.48   0.000     3.005369    4.370501
    1.asthma |   1.261622   .0865663     3.39   0.001     1.102869    1.443227
1.~c_disease |   1.118095   .1065443     1.17   0.241     .9276128    1.347691
             |
     diabcat |
T1DM, con..  |   1.404924   .7068455     0.68   0.499      .524078    3.766253
T1DM, unc..  |   2.334472   .5891499     3.36   0.001     1.423546    3.828302
T2DM, con..  |   1.450696   .1404932     3.84   0.000      1.19989    1.753927
T2DM, unc..  |   2.383804    .214523     9.65   0.000     1.998339    2.843621
Diabetes,..  |   6.034247   2.167627     5.00   0.000     2.984377    12.20092
             |
cancer_exh~t |
  Last year  |   1.667474   .5630051     1.51   0.130     .8603193    3.231904
2-5 years..  |   1.252379   .2856858     0.99   0.324     .8008742    1.958426
   5+ years  |   1.037515   .2107507     0.18   0.856     .6967703    1.544896
             |
cancer_hae~t |
  Last year  |   7.472847   3.392583     4.43   0.000     3.069381    18.19372
2-5 years..  |   3.800163   1.354621     3.75   0.000     1.889642    7.642314
   5+ years  |   2.291351   .7015571     2.71   0.007     1.257401    4.175507
             |
1.~r_disease |   1.098495   .2508497     0.41   0.681     .7021337    1.718607
1.stroke_d~a |   1.214502   .1987462     1.19   0.235     .8812604    1.673758
1.other_ne~o |   1.083033   .2838046     0.30   0.761     .6480192    1.810072
             |
reduced_ki~t |
Stage 3a/..  |   1.850507   .2314557     4.92   0.000     1.448188    2.364593
Stage 4/5..  |   2.485096   .5951579     3.80   0.000     1.554132    3.973729
             |
      1.esrd |   4.559309   1.030463     6.71   0.000     2.927631    7.100382
1.other_tr~t |   1.121462   .6987907     0.18   0.854     .3306704    3.803418
  1.asplenia |   .6634388   .4721454    -0.58   0.564     .1644491    2.676519
1.ra_sle_p~s |    1.25072   .1293386     2.16   0.031      1.02126    1.531736
1.other_im~o |   1.014356   .3882192     0.04   0.970      .479087    2.147665
------------------------------------------------------------------------------

-------------------------------------------------------------------------------
active results
-------------------------------------------------------------------------------

Multiple-imputation estimates                   Imputations       =         10
Stratified Cox regr.: Breslow method for ties   Number of obs     = 12,072,072
                                                Average RVI       =     0.0184
                                                Largest FMI       =     0.2672
DF adjustment:   Large sample                   DF:     min       =     136.69
                                                        avg       =   4.22e+09
                                                        max       =   1.70e+11
Model F test:       Equal FMI                   F(  45, 1.2e+06)  =      97.94
Within VCE type:       Robust                   Prob > F          =     0.0000

                  (Within VCE adjusted for 6,794,751 clusters in household_id)
------------------------------------------------------------------------------
          _t |      Coef.   Std. Err.      t    P>|t|     [95% Conf. Interval]
-------------+----------------------------------------------------------------
   kids_cat4 |
only <12 ..  |   .1981177   .0892177     2.22   0.026     .0232543    .3729812
 only 12-18  |    .232205   .0908042     2.56   0.011      .054232    .4101779
      mixed  |   .2673196   .1112931     2.40   0.016     .0491891    .4854501
             |
        age1 |   .0842529   .0201866     4.17   0.000     .0446878     .123818
        age2 |  -.0181644    .046326    -0.39   0.695    -.1089617     .072633
        age3 |  -.0365626   .1258501    -0.29   0.771    -.2832243     .210099
      1.male |    .855184   .0604863    14.14   0.000      .736633    .9737351
             |
   obese4cat |
Obese I ..)  |     .86387   .0703201    12.28   0.000     .7260451    1.001695
Obese II..)  |   1.158353   .0865217    13.39   0.000     .9887733    1.327932
Obese II..)  |   1.485407   .1001422    14.83   0.000     1.289132    1.681682
             |
smoke_nomiss |
     Former  |   .0621615   .0609269     1.02   0.308    -.0572531    .1815762
    Current  |   -1.26734   .1155762   -10.97   0.000    -1.493865   -1.040815
             |
         imd |
          2  |   .1516806   .1077672     1.41   0.159    -.0595392    .3629004
          3  |     .30469   .1038577     2.93   0.003     .1011326    .5082474
          4  |   .4013727   .1018179     3.94   0.000     .2018132    .6009322
5 most de..  |   .7634933   .0993137     7.69   0.000     .5688416     .958145
             |
   ethnicity |
      Mixed  |   .7707855   .2128742     3.62   0.000     .3521725    1.189399
Asian or ..  |   1.134799   .0839674    13.51   0.000     .9700704    1.299527
      Black  |   .4436241   .1496562     2.96   0.003     .1490415    .7382067
      Other  |   .6750957   .1937757     3.48   0.001     .2919098    1.058282
             |
1.htdiag_o~p |   .2990109   .0654526     4.57   0.000     .1707261    .4272957
1.~y_disease |   1.287639   .0955316    13.48   0.000       1.1004    1.474878
    1.asthma |   .2323983   .0686151     3.39   0.001     .0979151    .3668814
1.~c_disease |   .1116259   .0952909     1.17   0.241    -.0751408    .2983927
             |
     diabcat |
T1DM, con..  |   .3399829   .5031203     0.68   0.499    -.6461147     1.32608
T1DM, unc..  |   .8477859   .2523696     3.36   0.001     .3531506    1.342421
T2DM, con..  |   .3720435   .0968453     3.84   0.000       .18223     .561857
T2DM, unc..  |   .8686974   .0899919     9.65   0.000     .6923165    1.045078
Diabetes,..  |   1.797451   .3592209     5.00   0.000     1.093391    2.501511
             |
cancer_exh~t |
  Last year  |   .5113099   .3376395     1.51   0.130    -.1504517    1.173071
2-5 years..  |   .2250448   .2281145     0.99   0.324    -.2220514     .672141
   5+ years  |   .0368285   .2031303     0.18   0.856    -.3612995    .4349565
             |
cancer_hae~t |
  Last year  |   2.011276    .453988     4.43   0.000     1.121476    2.901076
2-5 years..  |   1.335044   .3564639     3.75   0.000     .6363875      2.0337
   5+ years  |   .8291415   .3061762     2.71   0.007     .2290471    1.429236
             |
1.~r_disease |   .0939412   .2283576     0.41   0.681    -.3536314    .5415139
1.stroke_d~a |   .1943345   .1636442     1.19   0.235    -.1264022    .5150712
1.other_ne~o |   .0797657    .262046     0.30   0.761     -.433835    .5933665
             |
reduced_ki~t |
Stage 3a/..  |   .6154595   .1250769     4.92   0.000     .3703133    .8606058
Stage 4/5..  |   .9103112   .2394909     3.80   0.000     .4409173    1.379705
             |
      1.esrd |   1.517171   .2260131     6.71   0.000     1.074194    1.960149
1.other_tr~t |   .1146335   .6231067     0.18   0.854    -1.106633      1.3359
  1.asplenia |  -.4103187   .7116639    -0.58   0.564    -1.805154    .9845169
1.ra_sle_p~s |   .2237194   .1034113     2.16   0.031      .021037    .4264018
1.other_im~o |   .0142541   .3827247     0.04   0.970    -.7358731    .7643813
------------------------------------------------------------------------------
(note: file ./output/an_sense_covid_icu_multiple_imputation_ageband_0W2.ster no
> t found)
file ./output/an_sense_covid_icu_multiple_imputation_ageband_0W2.ster saved

Multiple-imputation estimates                   Imputations       =         10
Stratified Cox regr.: Breslow method for ties   Number of obs     =  3,536,682
                                                Average RVI       =          .
                                                Largest FMI       =          .
DF adjustment:   Large sample                   DF:     min       =       0.00
                                                        avg       =          .
                                                        max       =          .
Model F test:       Equal FMI                   F(  44, 1.4e+06)  =      29.80
Within VCE type:       Robust                   Prob > F          =     0.0000

                  (Within VCE adjusted for 2,650,405 clusters in household_id)
------------------------------------------------------------------------------
          _t | Haz. Ratio   Std. Err.      t    P>|t|     [95% Conf. Interval]
-------------+----------------------------------------------------------------
   kids_cat4 |
only <12 ..  |    1.38376   .2557987     1.76   0.079     .9631829    1.987982
 only 12-18  |   .9784447   .2673482    -0.08   0.936     .5727376     1.67154
      mixed  |   2.177278   .5078047     3.34   0.001     1.378441    3.439059
             |
        age1 |   1.009908   .0285043     0.35   0.727     .9555577     1.06735
        age2 |   .9361568   .1284034    -0.48   0.631     .7154804    1.224897
        age3 |   .9023091   .3571236    -0.26   0.795     .4153933    1.959978
      1.male |   2.746473   .2062511    13.45   0.000      2.37057    3.181982
             |
   obese4cat |
Obese I ..)  |   1.699295   .1337938     6.73   0.000     1.456296    1.982842
Obese II..)  |   2.073413   .2245293     6.73   0.000     1.676908     2.56367
Obese II..)  |   2.504904    .366327     6.28   0.000     1.880651     3.33637
             |
smoke_nomiss |
     Former  |   1.445828    .112161     4.75   0.000     1.241893    1.683253
    Current  |     .42863    .077233    -4.70   0.000     .3010981    .6101786
             |
         imd |
          2  |    .964611   .1099116    -0.32   0.752      .771548    1.205984
          3  |    1.27773   .1400904     2.24   0.025     1.030655    1.584036
          4  |   1.506599   .1633313     3.78   0.000       1.2182    1.863275
5 most de..  |   1.883054   .2057009     5.79   0.000     1.520125    2.332632
             |
   ethnicity |
      Mixed  |   .8036734   .5694924    -0.31   0.758     .1977141    3.266792
Asian or ..  |   2.642496   .3628556     7.08   0.000     2.018395    3.459572
      Black  |   1.780481   .4473534     2.30   0.022     1.087078     2.91618
      Other  |   1.408134   .4817681     1.00   0.317      .719248    2.756825
             |
1.htdiag_o~p |   .9625799   .0730376    -0.50   0.615     .8295647    1.116923
1.~y_disease |   1.930301   .1614785     7.86   0.000     1.638393    2.274217
    1.asthma |   1.140772    .100997     1.49   0.137     .9590443    1.356935
1.~c_disease |   1.121898   .0864064     1.49   0.135     .9647076    1.304702
             |
     diabcat |
T1DM, con..  |   1.777361    1.02542     1.00   0.319     .5737049    5.506334
T1DM, unc..  |    .332209   .3332713    -1.10   0.272     .0465038    2.373202
T2DM, con..  |   1.244343   .1111339     2.45   0.014     1.044524    1.482389
T2DM, unc..  |   1.819483   .1803924     6.04   0.000     1.498152    2.209736
Diabetes,..  |   1.139138    1.13902     0.13   0.896     .1604956    8.085175
             |
cancer_exh~t |
  Last year  |   .8122504   .2720163    -0.62   0.535     .4213366    1.565852
2-5 years..  |    .998687   .1708987    -0.01   0.994     .7141162    1.396657
   5+ years  |   1.067527   .1234597     0.57   0.572     .8510155    1.339123
             |
cancer_hae~t |
  Last year  |   8.60e-19          .        .       .            .           .
2-5 years..  |    1.42223   .5831327     0.86   0.390      .636746     3.17668
   5+ years  |   2.437508   .5558343     3.91   0.000      1.55899    3.811087
             |
1.~r_disease |   1.207826   .3035636     0.75   0.452     .7380259    1.976685
1.stroke_d~a |   .9319979    .116848    -0.56   0.574     .7289482    1.191607
1.other_ne~o |   1.194956    .259657     0.82   0.412     .7805323    1.829419
             |
reduced_ki~t |
Stage 3a/..  |   1.452877   .1174851     4.62   0.000     1.239931    1.702395
Stage 4/5..  |   1.696443   .3422105     2.62   0.009     1.142438    2.519101
             |
      1.esrd |   2.749641   .8199225     3.39   0.001     1.532689    4.932851
1.other_tr~t |    1.15603   1.179129     0.14   0.887     .1565884    8.534509
  1.asplenia |   .3489096   .3500259    -1.05   0.294     .0488414    2.492514
1.ra_sle_p~s |   1.288083   .1368437     2.38   0.017     1.045957    1.586259
1.other_im~o |   1.215244   .7061401     0.34   0.737     .3890965    3.795509
------------------------------------------------------------------------------

-------------------------------------------------------------------------------
active results
-------------------------------------------------------------------------------

Multiple-imputation estimates                   Imputations       =         10
Stratified Cox regr.: Breslow method for ties   Number of obs     =  3,536,682
                                                Average RVI       =          .
                                                Largest FMI       =          .
DF adjustment:   Large sample                   DF:     min       =       0.00
                                                        avg       =          .
                                                        max       =          .
Model F test:       Equal FMI                   F(  44, 1.4e+06)  =      29.80
Within VCE type:       Robust                   Prob > F          =     0.0000

                  (Within VCE adjusted for 2,650,405 clusters in household_id)
------------------------------------------------------------------------------
          _t |      Coef.   Std. Err.      t    P>|t|     [95% Conf. Interval]
-------------+----------------------------------------------------------------
   kids_cat4 |
only <12 ..  |   .3248042   .1848578     1.76   0.079    -.0375119    .6871202
 only 12-18  |   -.021791   .2732379    -0.08   0.936    -.5573276    .5137456
      mixed  |   .7780755   .2332291     3.34   0.001     .3209531    1.235198
             |
        age1 |   .0098592   .0282247     0.35   0.727    -.0454602    .0651786
        age2 |  -.0659723   .1371601    -0.48   0.631    -.3348011    .2028566
        age3 |  -.1027982   .3957886    -0.26   0.795    -.8785295    .6729332
      1.male |   1.010317   .0750967    13.45   0.000     .8631305    1.157504
             |
   obese4cat |
Obese I ..)  |   .5302136   .0787349     6.73   0.000     .3758961    .6845311
Obese II..)  |   .7291959   .1082897     6.73   0.000     .5169519    .9414398
Obese II..)  |   .9182506   .1462439     6.28   0.000     .6316178    1.204883
             |
smoke_nomiss |
     Former  |   .3686824   .0775756     4.75   0.000     .2166368     .520728
    Current  |  -.8471613   .1801858    -4.70   0.000    -1.200319   -.4940036
             |
         imd |
          2  |  -.0360303    .113944    -0.32   0.752    -.2593564    .1872957
          3  |   .2450854     .10964     2.24   0.025     .0301949    .4599759
          4  |   .4098549   .1084106     3.78   0.000      .197374    .6223358
5 most de..  |   .6328948   .1092379     5.79   0.000     .4187923    .8469974
             |
   ethnicity |
      Mixed  |  -.2185623   .7086117    -0.31   0.758    -1.620933    1.183809
Asian or ..  |   .9717239   .1373155     7.08   0.000     .7023027    1.241145
      Black  |   .5768837   .2512542     2.30   0.022      .083493    1.070274
      Other  |   .3422652   .3421323     1.00   0.317    -.3295491    1.014079
             |
1.htdiag_o~p |  -.0381382   .0758769    -0.50   0.615    -.1868542    .1105779
1.~y_disease |   .6576758   .0836546     7.86   0.000     .4937158    .8216358
    1.asthma |   .1317052   .0885339     1.49   0.137     -.041818    .3052283
1.~c_disease |   .1150222    .077018     1.49   0.135    -.0359303    .2659747
             |
     diabcat |
T1DM, con..  |   .5751294   .5769339     1.00   0.319    -.5556402    1.705899
T1DM, unc..  |  -1.101991   1.003198    -1.10   0.272    -3.068222    .8642401
T2DM, con..  |   .2186078   .0893113     2.45   0.014     .0435608    .3936548
T2DM, unc..  |   .5985526   .0991448     6.04   0.000     .4042322    .7928731
Diabetes,..  |   .1302718   .9998961     0.13   0.896    -1.829489    2.090032
             |
cancer_exh~t |
  Last year  |  -.2079466   .3348922    -0.62   0.535    -.8643233      .44843
2-5 years..  |  -.0013139   .1711234    -0.01   0.994    -.3367096    .3340819
   5+ years  |   .0653451   .1156501     0.57   0.572     -.161325    .2920153
             |
cancer_hae~t |
  Last year  |  -41.59707          .        .       .            .           .
2-5 years..  |   .3522261   .4100129     0.86   0.390    -.4513845    1.155837
   5+ years  |   .8909763   .2280338     3.91   0.000     .4440382    1.337914
             |
1.~r_disease |   .1888223   .2513305     0.75   0.452    -.3037764     .681421
1.stroke_d~a |  -.0704247   .1253737    -0.56   0.574    -.3161527    .1753032
1.other_ne~o |   .1781095   .2172941     0.82   0.412    -.2477791    .6039982
             |
reduced_ki~t |
Stage 3a/..  |   .3735459   .0808637     4.62   0.000     .2150559    .5320359
Stage 4/5..  |   .5285336   .2017224     2.62   0.009      .133165    .9239022
             |
      1.esrd |    1.01147   .2981926     3.39   0.001     .4270236    1.595917
1.other_tr~t |   .1449917   1.019981     0.14   0.887    -1.854135    2.144118
  1.asplenia |  -1.052942   1.003199    -1.05   0.294    -3.019177     .913292
1.ra_sle_p~s |   .2531553   .1062383     2.38   0.017     .0449321    .4613785
1.other_im~o |   .1949452   .5810684     0.34   0.737     -.943928    1.333818
------------------------------------------------------------------------------
(note: file ./output/an_sense_covid_icu_multiple_imputation_ageband_1W2.ster no
> t found)
file ./output/an_sense_covid_icu_multiple_imputation_ageband_1W2.ster saved

. 
. log close
      name:  <unnamed>
       log:  /workspace/log/14_multiple_imputation_analysis_covid_icuW2.log
  log type:  text
 closed on:  28 Jan 2021, 17:46:38
-------------------------------------------------------------------------------
