-------------------------------------------------------------------------------
      name:  <unnamed>
       log:  /workspace/log/14_multiple_imputation_analysis_covid_icuMAIN.log
  log type:  text
 opened on:  30 Jan 2021, 09:40:20

. 
. 
. 
. forvalues x=0/1 {
  2. use "$tempdir/cr_imputed_analysis_dataset_STSET_`outcome'_ageband_`x'`data
> set'.dta", clear
  3. 
. *Fully adjusted
. mi estimate, hr:  stcox         i.kids_cat4      ///
>                         age1 age2 age3          ///
>                         i.male                                               
>    ///
>                         i.obese4cat                                     ///
>                         i.smoke_nomiss                                  ///
>                         i.imd                                           ///
>                         i.ethnicity                                     ///
>                         $comordidadjlist                                ///  
>    
>                         , strata(stp) vce(cluster household_id)  
  4. estimates
  5. estimates save ./output/an_sense_`outcome'_multiple_imputation_ageband_`x'
> `dataset', replace
  6. }

Multiple-imputation estimates                   Imputations       =         10
Stratified Cox regr.: Breslow method for ties   Number of obs     = 12,131,329
                                                Average RVI       =     0.0071
                                                Largest FMI       =     0.0937
DF adjustment:   Large sample                   DF:     min       =   1,062.29
                                                        avg       =   9.94e+08
                                                        max       =   1.14e+10
Model F test:       Equal FMI                   F(  45, 8.0e+06)  =     137.17
Within VCE type:       Robust                   Prob > F          =     0.0000

                  (Within VCE adjusted for 6,849,961 clusters in household_id)
------------------------------------------------------------------------------
          _t | Haz. Ratio   Std. Err.      t    P>|t|     [95% Conf. Interval]
-------------+----------------------------------------------------------------
   kids_cat4 |
only <12 ..  |   .9736924   .0767843    -0.34   0.735     .8342514     1.13644
 only 12-18  |   1.110591   .0868826     1.34   0.180     .9527164    1.294626
      mixed  |   1.064909   .1046679     0.64   0.522     .8783132    1.291146
             |
        age1 |   1.098916   .0225217     4.60   0.000     1.055649    1.143956
        age2 |   .9897132   .0490779    -0.21   0.835      .898049    1.090734
        age3 |   .9248234   .1141744    -0.63   0.527     .7260615    1.177997
      1.male |   2.163974    .107334    15.56   0.000     1.963506     2.38491
             |
   obese4cat |
Obese I ..)  |   1.857038   .1088474    10.56   0.000     1.655499    2.083113
Obese II..)  |   2.510116   .1830704    12.62   0.000     2.175771     2.89584
Obese II..)  |   3.467681   .2966727    14.53   0.000      2.93235    4.100743
             |
smoke_nomiss |
     Former  |   .9917885   .0501469    -0.16   0.870     .8982154     1.09511
    Current  |    .318765   .0292396   -12.46   0.000     .2663128    .3815482
             |
         imd |
          2  |   1.134461   .0942188     1.52   0.129     .9640418    1.335006
          3  |   1.231579   .0997415     2.57   0.010     1.050815    1.443438
          4  |   1.419028   .1123133     4.42   0.000     1.215122     1.65715
5 most de..  |   1.608602    .132533     5.77   0.000      1.36873    1.890512
             |
   ethnicity |
      Mixed  |    2.68143   .4018599     6.58   0.000     1.998599    3.597554
Asian or ..  |   2.792225   .2098336    13.66   0.000     2.409555    3.235667
      Black  |    2.70579   .2594048    10.38   0.000     2.241796    3.265819
      Other  |   2.923693    .351283     8.93   0.000      2.30992    3.700552
             |
1.htdiag_o~p |   1.444463   .0774821     6.86   0.000     1.300311    1.604595
1.~y_disease |   2.739101   .2357144    11.71   0.000     2.313969    3.242339
    1.asthma |   1.282204   .0738474     4.32   0.000     1.145336    1.435428
1.~c_disease |   1.232045   .0965064     2.66   0.008       1.0567    1.436486
             |
     diabcat |
T1DM, con..  |   2.278287   .7768348     2.41   0.016     1.167808     4.44473
T1DM, unc..  |   2.957408   .5624842     5.70   0.000     2.037122    4.293441
T2DM, con..  |    1.66536   .1309431     6.49   0.000     1.427514    1.942835
T2DM, unc..  |   2.633984   .1990758    12.81   0.000     2.271326    3.054546
Diabetes,..  |   3.433589   1.304381     3.25   0.001     1.630747     7.22953
             |
cancer_exh~t |
  Last year  |   1.049752   .3518645     0.14   0.885     .5442198    2.024881
2-5 years..  |   .8687232   .1873706    -0.65   0.514     .5692329    1.325784
   5+ years  |   .6995134   .1369927    -1.82   0.068     .4765371    1.026822
             |
cancer_hae~t |
  Last year  |   3.415459   1.730782     2.42   0.015     1.265036    9.221363
2-5 years..  |   4.018846   1.130785     4.94   0.000     2.315252    6.975969
   5+ years  |   2.201533   .5503601     3.16   0.002     1.348757    3.593492
             |
1.~r_disease |   1.104646    .210034     0.52   0.601     .7609892    1.603497
1.stroke_d~a |   1.573948   .1927143     3.70   0.000     1.238138    2.000836
1.other_ne~o |   1.385965   .2659937     1.70   0.089     .9514589    2.018898
             |
reduced_ki~t |
Stage 3a/..  |   1.577717     .17116     4.20   0.000     1.275516    1.951517
Stage 4/5..  |   1.903712   .4550783     2.69   0.007     1.191581     3.04144
             |
      1.esrd |   4.784336   1.027132     7.29   0.000     3.141089     7.28724
1.other_tr~t |   .6417926   .3868227    -0.74   0.462     .1969503     2.09138
  1.asplenia |   2.777994   .8237322     3.45   0.001     1.553576     4.96741
1.ra_sle_p~s |   1.245221   .1096173     2.49   0.013     1.047888    1.479715
1.other_im~o |   1.919007   .4032976     3.10   0.002     1.271125     2.89711
------------------------------------------------------------------------------

-------------------------------------------------------------------------------
active results
-------------------------------------------------------------------------------

Multiple-imputation estimates                   Imputations       =         10
Stratified Cox regr.: Breslow method for ties   Number of obs     = 12,131,329
                                                Average RVI       =     0.0071
                                                Largest FMI       =     0.0937
DF adjustment:   Large sample                   DF:     min       =   1,062.29
                                                        avg       =   9.94e+08
                                                        max       =   1.14e+10
Model F test:       Equal FMI                   F(  45, 8.0e+06)  =     137.17
Within VCE type:       Robust                   Prob > F          =     0.0000

                  (Within VCE adjusted for 6,849,961 clusters in household_id)
------------------------------------------------------------------------------
          _t |      Coef.   Std. Err.      t    P>|t|     [95% Conf. Interval]
-------------+----------------------------------------------------------------
   kids_cat4 |
only <12 ..  |  -.0266599   .0788589    -0.34   0.735    -.1812205    .1279008
 only 12-18  |   .1048919    .078231     1.34   0.180     -.048438    .2582217
      mixed  |   .0628893   .0982882     0.64   0.522     -.129752    .2555306
             |
        age1 |   .0943241   .0204944     4.60   0.000     .0541558    .1344925
        age2 |    -.01034    .049588    -0.21   0.835    -.1075307    .0868506
        age3 |  -.0781525   .1234554    -0.63   0.527    -.3201206    .1638156
      1.male |   .7719465   .0496004    15.56   0.000     .6747315    .8691615
             |
   obese4cat |
Obese I ..)  |   .6189829   .0586135    10.56   0.000     .5041026    .7338632
Obese II..)  |   .9203291    .072933    12.62   0.000      .777383    1.063275
Obese II..)  |   1.243486   .0855536    14.53   0.000     1.075804    1.411168
             |
smoke_nomiss |
     Former  |  -.0082454   .0505621    -0.16   0.870    -.1073454    .0908546
    Current  |  -1.143301   .0917276   -12.46   0.000    -1.323084   -.9635182
             |
         imd |
          2  |   .1261576   .0830516     1.52   0.129    -.0366207    .2889358
          3  |   .2082971   .0809867     2.57   0.010      .049566    .3670281
          4  |   .3499722    .079148     4.42   0.000     .1948449    .5050995
5 most de..  |   .4753656   .0823902     5.77   0.000     .3138836    .6368475
             |
   ethnicity |
      Mixed  |   .9863504   .1498677     6.58   0.000     .6924466    1.280254
Asian or ..  |   1.026839   .0751493    13.66   0.000     .8794421    1.174235
      Black  |    .995394   .0958703    10.38   0.000     .8072774    1.183511
      Other  |   1.072847   .1201505     8.93   0.000      .837213    1.308482
             |
1.htdiag_o~p |   .3677375   .0536408     6.86   0.000     .2626036    .4728715
1.~y_disease |    1.00763   .0860554    11.71   0.000     .8389641    1.176295
    1.asthma |   .2485808   .0575941     4.32   0.000     .1356985     .361463
1.~c_disease |   .2086754   .0783303     2.66   0.008     .0551509    .3621999
             |
     diabcat |
T1DM, con..  |   .8234239   .3409732     2.41   0.016     .1551288    1.491719
T1DM, unc..  |   1.084313    .190195     5.70   0.000     .7115378    1.457089
T2DM, con..  |   .5100414   .0786275     6.49   0.000     .3559342    .6641485
T2DM, unc..  |   .9684975   .0755797    12.81   0.000     .8203639    1.116631
Diabetes,..  |   1.233606   .3798885     3.25   0.001     .4890383    1.978174
             |
cancer_exh~t |
  Last year  |   .0485544   .3351881     0.14   0.885    -.6084021    .7055109
2-5 years..  |  -.1407307    .215685    -0.65   0.514    -.5634656    .2820042
   5+ years  |  -.3573704     .19584    -1.82   0.068    -.7412097     .026469
             |
cancer_hae~t |
  Last year  |   1.228312   .5067496     2.42   0.015     .2351007    2.221523
2-5 years..  |   1.390995   .2813706     4.94   0.000     .8395186    1.942471
   5+ years  |   .7891541   .2499894     3.16   0.002     .2991837    1.279124
             |
1.~r_disease |   .0995252   .1901368     0.52   0.601    -.2731361    .4721866
1.stroke_d~a |   .4535869   .1224401     3.70   0.000     .2136087    .6935651
1.other_ne~o |   .3263965   .1919195     1.70   0.089    -.0497588    .7025518
             |
reduced_ki~t |
Stage 3a/..  |   .4559788   .1084859     4.20   0.000     .2433504    .6686072
Stage 4/5..  |   .6438058   .2390478     2.69   0.007     .1752807    1.112331
             |
      1.esrd |   1.565347   .2146864     7.29   0.000      1.14457    1.986125
1.other_tr~t |    -.44349   .6027223    -0.74   0.462    -1.624804     .737824
  1.asplenia |   1.021729   .2965205     3.45   0.001     .4405596    1.602899
1.ra_sle_p~s |   .2193133   .0880304     2.49   0.013      .046777    .3918497
1.other_im~o |   .6518081   .2101595     3.10   0.002     .2399027    1.063714
------------------------------------------------------------------------------
(note: file ./output/an_sense_covid_icu_multiple_imputation_ageband_0MAIN.ster 
> not found)
file ./output/an_sense_covid_icu_multiple_imputation_ageband_0MAIN.ster saved

Multiple-imputation estimates                   Imputations       =         10
Stratified Cox regr.: Breslow method for ties   Number of obs     =  3,519,014
                                                Average RVI       =     0.0064
                                                Largest FMI       =     0.0681
DF adjustment:   Large sample                   DF:     min       =   1,995.97
                                                        avg       =   1.34e+10
                                                        max       =   3.53e+11
Model F test:       Equal FMI                   F(  45, 9.7e+06)  =      18.05
Within VCE type:       Robust                   Prob > F          =     0.0000

                  (Within VCE adjusted for 2,635,368 clusters in household_id)
------------------------------------------------------------------------------
          _t | Haz. Ratio   Std. Err.      t    P>|t|     [95% Conf. Interval]
-------------+----------------------------------------------------------------
   kids_cat4 |
only <12 ..  |   1.065278   .2134683     0.32   0.752     .7192712    1.577731
 only 12-18  |   1.236925   .3003076     0.88   0.381     .7685706    1.990687
      mixed  |   .9133869   .3252837    -0.25   0.799     .4544824    1.835661
             |
        age1 |   .9491187   .0252454    -1.96   0.050     .9009063    .9999113
        age2 |   1.155263   .1577723     1.06   0.291     .8839625     1.50983
        age3 |   .4716248    .192966    -1.84   0.066     .2115078     1.05164
      1.male |   2.683473   .1997116    13.26   0.000     2.319254    3.104888
             |
   obese4cat |
Obese I ..)  |   1.382196   .1130038     3.96   0.000     1.177547    1.622412
Obese II..)  |    1.98303    .216202     6.28   0.000     1.601497    2.455458
Obese II..)  |   1.654149   .2957568     2.81   0.005     1.165151    2.348372
             |
smoke_nomiss |
     Former  |   1.441501   .1102834     4.78   0.000     1.240775      1.6747
    Current  |   .5253801   .0899139    -3.76   0.000      .375663    .7347657
             |
         imd |
          2  |   1.014957   .1044279     0.14   0.885     .8295992    1.241729
          3  |   1.104755   .1137748     0.97   0.333     .9028249    1.351849
          4  |   1.216793   .1295633     1.84   0.065     .9876006    1.499174
5 most de..  |   1.159566    .135568     1.27   0.205     .9221025    1.458182
             |
   ethnicity |
      Mixed  |   2.277878   .8227233     2.28   0.023     1.121991    4.624571
Asian or ..  |   2.220356   .3129122     5.66   0.000     1.684228    2.927145
      Black  |   2.765555   .5545674     5.07   0.000     1.866338    4.098024
      Other  |   2.552925   .6082708     3.93   0.000     1.600076    4.073198
             |
1.htdiag_o~p |   1.066444   .0815632     0.84   0.400     .9179879    1.238908
1.~y_disease |   1.492756   .1375302     4.35   0.000     1.246138    1.788181
    1.asthma |    1.09975   .1020287     1.02   0.305     .9169048    1.319057
1.~c_disease |   .9360572   .0769988    -0.80   0.422     .7966797    1.099819
             |
     diabcat |
T1DM, con..  |   1.119084   .7996539     0.16   0.875     .2758206    4.540444
T1DM, unc..  |   1.940363   .8003724     1.61   0.108     .8645183    4.355034
T2DM, con..  |   1.114161   .1069773     1.13   0.260     .9230366     1.34486
T2DM, unc..  |    1.63401   .1766246     4.54   0.000     1.322044    2.019591
Diabetes,..  |    1.02338   1.023615     0.02   0.982     .1440921    7.268315
             |
cancer_exh~t |
  Last year  |   .9191852    .280322    -0.28   0.782     .5056079    1.671061
2-5 years..  |   .7375789   .1449614    -1.55   0.121     .5017832    1.084179
   5+ years  |    1.08399   .1274218     0.69   0.493     .8609289    1.364844
             |
cancer_hae~t |
  Last year  |   6.056387   2.167131     5.03   0.000     3.003528    12.21224
2-5 years..  |   4.195811   1.031091     5.84   0.000     2.592025    6.791921
   5+ years  |    1.59383   .4495682     1.65   0.098     .9169498    2.770376
             |
1.~r_disease |    .628172   .2215778    -1.32   0.187      .314652    1.254084
1.stroke_d~a |   1.192734   .1464117     1.44   0.151      .937683    1.517159
1.other_ne~o |   .8355384   .2114763    -0.71   0.478     .5087749    1.372167
             |
reduced_ki~t |
Stage 3a/..  |   1.218037   .1073347     2.24   0.025      1.02483    1.447669
Stage 4/5..  |   1.383163   .3132378     1.43   0.152     .8873724    2.155959
             |
      1.esrd |   3.794682   1.033525     4.90   0.000     2.225055    6.471574
1.other_tr~t |   2.472755   1.797138     1.25   0.213     .5950433    10.27575
  1.asplenia |   1.464114   .7402539     0.75   0.451     .5435111    3.944039
1.ra_sle_p~s |   1.228949   .1378576     1.84   0.066     .9863934     1.53115
1.other_im~o |   1.049297   .6105801     0.08   0.934       .33542    3.282524
------------------------------------------------------------------------------

-------------------------------------------------------------------------------
active results
-------------------------------------------------------------------------------

Multiple-imputation estimates                   Imputations       =         10
Stratified Cox regr.: Breslow method for ties   Number of obs     =  3,519,014
                                                Average RVI       =     0.0064
                                                Largest FMI       =     0.0681
DF adjustment:   Large sample                   DF:     min       =   1,995.97
                                                        avg       =   1.34e+10
                                                        max       =   3.53e+11
Model F test:       Equal FMI                   F(  45, 9.7e+06)  =      18.05
Within VCE type:       Robust                   Prob > F          =     0.0000

                  (Within VCE adjusted for 2,635,368 clusters in household_id)
------------------------------------------------------------------------------
          _t |      Coef.   Std. Err.      t    P>|t|     [95% Conf. Interval]
-------------+----------------------------------------------------------------
   kids_cat4 |
only <12 ..  |   .0632356   .2003875     0.32   0.752    -.3295168     .455988
 only 12-18  |   .2126284   .2427857     0.88   0.381    -.2632228    .6884796
      mixed  |  -.0905957   .3561292    -0.25   0.799    -.7885962    .6074047
             |
        age1 |  -.0522214   .0265988    -1.96   0.050     -.104354   -.0000887
        age2 |   .1443282   .1365683     1.06   0.291    -.1233406    .4119971
        age3 |  -.7515715   .4091515    -1.84   0.066    -1.553494    .0503506
      1.male |   .9871117   .0744228    13.26   0.000     .8412456    1.132978
             |
   obese4cat |
Obese I ..)  |   .3236738   .0817567     3.96   0.000     .1634337    .4839139
Obese II..)  |    .684626   .1090261     6.28   0.000     .4709389    .8983132
Obese II..)  |   .5032866    .178797     2.81   0.005      .152851    .8537222
             |
smoke_nomiss |
     Former  |   .3656851   .0765059     4.78   0.000     .2157362    .5156341
    Current  |  -.6436332   .1711407    -3.76   0.000    -.9790628   -.3082036
             |
         imd |
          2  |   .0148462    .102889     0.14   0.885    -.1868126     .216505
          3  |   .0996232   .1029865     0.97   0.333    -.1022266     .301473
          4  |   .1962187   .1064793     1.84   0.065    -.0124769    .4049144
5 most de..  |   .1480458   .1169127     1.27   0.205    -.0810989    .3771905
             |
   ethnicity |
      Mixed  |   .8232444   .3611796     2.28   0.023     .1151052    1.531384
Asian or ..  |   .7976675   .1409289     5.66   0.000     .5213075    1.074028
      Black  |   1.017241   .2005266     5.07   0.000     .6239781    1.410505
      Other  |   .9372397   .2382643     3.93   0.000     .4700508    1.404429
             |
1.htdiag_o~p |   .0643297   .0764814     0.84   0.400    -.0855711    .2142306
1.~y_disease |   .4006241   .0921317     4.35   0.000     .2200492    .5811989
    1.asthma |   .0950829   .0927744     1.02   0.305    -.0867516    .2769174
1.~c_disease |  -.0660787   .0822586    -0.80   0.422    -.2273026    .0951452
             |
     diabcat |
T1DM, con..  |   .1125101   .7145614     0.16   0.875    -1.288005    1.513025
T1DM, unc..  |   .6628748    .412486     1.61   0.108    -.1455828    1.471333
T2DM, con..  |   .1081016   .0960161     1.13   0.260    -.0800864    .2962897
T2DM, unc..  |   .4910369   .1080928     4.54   0.000     .2791789    .7028949
Diabetes,..  |   .0231108   1.000229     0.02   0.982    -1.937303    1.983524
             |
cancer_exh~t |
  Last year  |  -.0842676   .3049679    -0.28   0.782    -.6819938    .5134585
2-5 years..  |  -.3043822   .1965368    -1.55   0.121    -.6895872    .0808227
   5+ years  |   .0806483   .1175489     0.69   0.493    -.1497433    .3110399
             |
cancer_hae~t |
  Last year  |   1.801113   .3578258     5.03   0.000     1.099788    2.502439
2-5 years..  |   1.434087   .2457428     5.84   0.000     .9524396    1.915734
   5+ years  |   .4661402   .2820678     1.65   0.098    -.0867025    1.018983
             |
1.~r_disease |  -.4649413   .3527343    -1.32   0.187    -1.156288    .2264052
1.stroke_d~a |   .1762481    .122753     1.44   0.151    -.0643434    .4168396
1.other_ne~o |   -.179679   .2531019    -0.71   0.478    -.6757496    .3163916
             |
reduced_ki~t |
Stage 3a/..  |   .1972405    .088121     2.24   0.025     .0245265    .3699546
Stage 4/5..  |   .3243725   .2264649     1.43   0.152    -.1194906    .7682357
             |
      1.esrd |   1.333601   .2723616     4.90   0.000     .7997817    1.867419
1.other_tr~t |    .905333   .7267756     1.25   0.213     -.519121    2.329787
  1.asplenia |     .38125   .5055987     0.75   0.451    -.6097052    1.372205
1.ra_sle_p~s |   .2061594   .1121752     1.84   0.066       -.0137    .4260188
1.other_im~o |   .0481203   .5818945     0.08   0.934    -1.092372    1.188613
------------------------------------------------------------------------------
(note: file ./output/an_sense_covid_icu_multiple_imputation_ageband_1MAIN.ster 
> not found)
file ./output/an_sense_covid_icu_multiple_imputation_ageband_1MAIN.ster saved

. 
. log close
      name:  <unnamed>
       log:  /workspace/log/14_multiple_imputation_analysis_covid_icuMAIN.log
  log type:  text
 closed on:  31 Jan 2021, 04:30:21
-------------------------------------------------------------------------------
