-------------------------------------------------------------------------------
      name:  <unnamed>
       log:  /workspace/log/14_multiple_imputation_analysis_covid_tpp_probW2.lo
> g
  log type:  text
 opened on:  27 Jan 2021, 18:16:35

. 
. 
. 
. forvalues x=0/1 {
  2. use "$tempdir/cr_imputed_analysis_dataset_STSET_`outcome'_ageband_`x'`data
> set'.dta", clear
  3. 
. *Fully adjusted
. mi estimate, hr:  stcox         i.kids_cat4      ///
>                         age1 age2 age3          ///
>                         i.male                                               
>    ///
>                         i.obese4cat                                     ///
>                         i.smoke_nomiss                                  ///
>                         i.imd                                           ///
>                         i.ethnicity                                     ///
>                         $comordidadjlist                                ///  
>    
>                         , strata(stp) vce(cluster household_id)  
  4. estimates
  5. estimates save ./output/an_sense_`outcome'_multiple_imputation_ageband_`x'
> `dataset', replace
  6. }

Multiple-imputation estimates                   Imputations       =         10
Stratified Cox regr.: Breslow method for ties   Number of obs     = 12,072,073
                                                Average RVI       =     0.0249
                                                Largest FMI       =     0.2927
DF adjustment:   Large sample                   DF:     min       =     114.46
                                                        avg       =   3.35e+08
                                                        max       =   4.22e+09
Model F test:       Equal FMI                   F(  45,673918.2)  =     909.35
Within VCE type:       Robust                   Prob > F          =     0.0000

                  (Within VCE adjusted for 6,794,751 clusters in household_id)
------------------------------------------------------------------------------
          _t | Haz. Ratio   Std. Err.      t    P>|t|     [95% Conf. Interval]
-------------+----------------------------------------------------------------
   kids_cat4 |
only <12 ..  |   1.064183   .0061641    10.74   0.000      1.05217    1.076333
 only 12-18  |   1.251282   .0084251    33.29   0.000     1.234878    1.267904
      mixed  |   1.254674   .0096313    29.56   0.000     1.235939    1.273694
             |
        age1 |   .9488946   .0006262   -79.49   0.000     .9476681    .9501227
        age2 |   1.120713   .0022996    55.54   0.000     1.116215    1.125229
        age3 |   .7092305   .0046234   -52.70   0.000     .7002264    .7183503
      1.male |   .8332289   .0027658   -54.96   0.000     .8278257    .8386674
             |
   obese4cat |
Obese I ..)  |   1.227561   .0065532    38.41   0.000     1.214784    1.240473
Obese II..)  |   1.248124   .0095459    28.98   0.000     1.229554    1.266975
Obese II..)  |   1.255603   .0125747    22.73   0.000     1.231198    1.280493
             |
smoke_nomiss |
     Former  |   1.065721   .0047242    14.36   0.000     1.056502    1.075021
    Current  |   .6005985   .0035799   -85.53   0.000     .5936228    .6076562
             |
         imd |
          2  |   .9977688   .0069669    -0.32   0.749     .9842068    1.011518
          3  |   1.001981   .0070297     0.28   0.778     .9882975    1.015854
          4  |   1.037385   .0071127     5.35   0.000     1.023538     1.05142
5 most de..  |   1.017661   .0071996     2.47   0.013     1.003648    1.031871
             |
   ethnicity |
      Mixed  |   1.018026    .016621     1.09   0.276     .9856852    1.051427
Asian or ..  |   1.441992   .0100833    52.34   0.000     1.422336     1.46192
      Black  |   .8615293   .0117882   -10.89   0.000     .8384916    .8851999
      Other  |   .7771965   .0108817   -18.00   0.000     .7560621    .7989216
             |
1.htdiag_o~p |   1.049507   .0051364     9.87   0.000     1.039488    1.059623
1.~y_disease |   1.077508   .0154287     5.21   0.000     1.047689    1.108176
    1.asthma |   1.072131   .0050689    14.73   0.000     1.062242    1.082112
1.~c_disease |   1.109174   .0125151     9.18   0.000     1.084914    1.133976
             |
     diabcat |
T1DM, con..  |    .921848   .0453998    -1.65   0.098     .8370257    1.015266
T1DM, unc..  |   1.043316   .0289333     1.53   0.126     .9881218    1.101594
T2DM, con..  |   1.107434   .0133245     8.48   0.000     1.081624     1.13386
T2DM, unc..  |   1.213172   .0153777    15.24   0.000     1.183404     1.24369
Diabetes,..  |   .9857332   .0846176    -0.17   0.867     .8330868    1.166349
             |
cancer_exh~t |
  Last year  |   1.005964   .0413694     0.14   0.885     .9280632    1.090404
2-5 years..  |   1.012663   .0239222     0.53   0.594     .9668452    1.060652
   5+ years  |   .9987422   .0180864    -0.07   0.945     .9639152    1.034828
             |
cancer_hae~t |
  Last year  |   1.082759   .1296532     0.66   0.507     .8562607     1.36917
2-5 years..  |   1.046456   .0711991     0.67   0.505      .915813    1.195736
   5+ years  |    .983819   .0413419    -0.39   0.698     .9060373    1.068278
             |
1.~r_disease |   1.014905   .0270003     0.56   0.578     .9633409    1.069228
1.stroke_d~a |    1.03515   .0225701     1.58   0.113     .9918456    1.080346
1.other_ne~o |    .815716    .020166    -8.24   0.000     .7771337    .8562138
             |
reduced_ki~t |
Stage 3a/..  |   1.020787    .019738     1.06   0.287     .9828251    1.060215
Stage 4/5..  |   1.371181   .0730918     5.92   0.000     1.235153    1.522189
             |
      1.esrd |   1.186349   .0613768     3.30   0.001     1.071951    1.312956
1.other_tr~t |   .9815628   .1135102    -0.16   0.872     .7824979    1.231269
  1.asplenia |   .9998303   .0572413    -0.00   0.998     .8937049    1.118558
1.ra_sle_p~s |   1.065479   .0092927     7.27   0.000     1.047421    1.083849
1.other_im~o |   .9942071   .0334368    -0.17   0.863     .9307853     1.06195
------------------------------------------------------------------------------

-------------------------------------------------------------------------------
active results
-------------------------------------------------------------------------------

Multiple-imputation estimates                   Imputations       =         10
Stratified Cox regr.: Breslow method for ties   Number of obs     = 12,072,073
                                                Average RVI       =     0.0249
                                                Largest FMI       =     0.2927
DF adjustment:   Large sample                   DF:     min       =     114.46
                                                        avg       =   3.35e+08
                                                        max       =   4.22e+09
Model F test:       Equal FMI                   F(  45,673918.2)  =     909.35
Within VCE type:       Robust                   Prob > F          =     0.0000

                  (Within VCE adjusted for 6,794,751 clusters in household_id)
------------------------------------------------------------------------------
          _t |      Coef.   Std. Err.      t    P>|t|     [95% Conf. Interval]
-------------+----------------------------------------------------------------
   kids_cat4 |
only <12 ..  |   .0622075   .0057924    10.74   0.000     .0508546    .0735603
 only 12-18  |   .2241688   .0067331    33.29   0.000     .2109721    .2373655
      mixed  |    .226876   .0076763    29.56   0.000     .2118306    .2419213
             |
        age1 |  -.0524575   .0006599   -79.49   0.000     -.053751   -.0511641
        age2 |   .1139648   .0020519    55.54   0.000     .1099431    .1179865
        age3 |  -.3435748   .0065189   -52.70   0.000    -.3563516    -.330798
      1.male |  -.1824469   .0033194   -54.96   0.000    -.1889527    -.175941
             |
   obese4cat |
Obese I ..)  |   .2050297   .0053384    38.41   0.000     .1945666    .2154927
Obese II..)  |   .2216417   .0076482    28.98   0.000     .2066515    .2366319
Obese II..)  |   .2276163   .0100148    22.73   0.000     .2079876     .247245
             |
smoke_nomiss |
     Former  |    .063652   .0044328    14.36   0.000     .0549638    .0723402
    Current  |  -.5098286   .0059606   -85.53   0.000    -.5215112   -.4981461
             |
         imd |
          2  |  -.0022337   .0069825    -0.32   0.749    -.0159192    .0114517
          3  |   .0019792   .0070158     0.28   0.778    -.0117715    .0157298
          4  |   .0367036   .0068564     5.35   0.000     .0232653    .0501419
5 most de..  |   .0175073   .0070746     2.47   0.013     .0036412    .0313733
             |
   ethnicity |
      Mixed  |    .017865   .0163267     1.09   0.276    -.0144183    .0501482
Asian or ..  |   .3660254   .0069926    52.34   0.000     .3523003    .3797506
      Black  |  -.1490462   .0136829   -10.89   0.000    -.1761507   -.1219418
      Other  |  -.2520621   .0140012   -18.00   0.000    -.2796318   -.2244924
             |
1.htdiag_o~p |   .0483207   .0048941     9.87   0.000     .0387285    .0579129
1.~y_disease |   .0746508   .0143189     5.21   0.000     .0465863    .1027152
    1.asthma |   .0696479   .0047278    14.73   0.000     .0603815    .0789143
1.~c_disease |   .1036155   .0112832     9.18   0.000     .0815007    .1257302
             |
     diabcat |
T1DM, con..  |  -.0813749   .0492487    -1.65   0.098    -.1779005    .0151508
T1DM, unc..  |   .0424045   .0277321     1.53   0.126    -.0119494    .0967584
T2DM, con..  |   .1020454   .0120319     8.48   0.000     .0784634    .1256275
T2DM, unc..  |   .1932388   .0126756    15.24   0.000      .168395    .2180826
Diabetes,..  |  -.0143696   .0858423    -0.17   0.867    -.1826174    .1538783
             |
cancer_exh~t |
  Last year  |   .0059465   .0411242     0.14   0.885    -.0746554    .0865484
2-5 years..  |   .0125835   .0236231     0.53   0.594    -.0337169    .0588838
   5+ years  |  -.0012586   .0181092    -0.07   0.945    -.0367519    .0342348
             |
cancer_hae~t |
  Last year  |   .0795123   .1197434     0.66   0.507    -.1551804     .314205
2-5 years..  |   .0454095   .0680383     0.67   0.505    -.0879431     .178762
   5+ years  |  -.0163134   .0420219    -0.39   0.698    -.0986748    .0660481
             |
1.~r_disease |   .0147946   .0266038     0.56   0.578    -.0373479     .066937
1.stroke_d~a |   .0345466   .0218037     1.58   0.113    -.0081878     .077281
1.other_ne~o |   -.203689   .0247218    -8.24   0.000    -.2521428   -.1552351
             |
reduced_ki~t |
Stage 3a/..  |    .020574   .0193361     1.06   0.287    -.0173241     .058472
Stage 4/5..  |   .3156723   .0533057     5.92   0.000      .211195    .4201496
             |
      1.esrd |   .1708807   .0517358     3.30   0.001     .0694803    .2722811
1.other_tr~t |  -.0186093   .1156423    -0.16   0.872     -.245264    .2080454
  1.asplenia |  -.0001697    .057251    -0.00   0.998    -.1123797    .1120402
1.ra_sle_p~s |   .0634249   .0087216     7.27   0.000     .0463308     .080519
1.other_im~o |  -.0058098   .0336316    -0.17   0.863    -.0717266     .060107
------------------------------------------------------------------------------
(note: file ./output/an_sense_covid_tpp_prob_multiple_imputation_ageband_0W2.st
> er not found)
file ./output/an_sense_covid_tpp_prob_multiple_imputation_ageband_0W2.ster save
> d

Multiple-imputation estimates                   Imputations       =         10
Stratified Cox regr.: Breslow method for ties   Number of obs     =  3,536,682
                                                Average RVI       =     0.0198
                                                Largest FMI       =     0.2590
DF adjustment:   Large sample                   DF:     min       =     145.28
                                                        avg       =   3.83e+08
                                                        max       =   5.87e+09
Model F test:       Equal FMI                   F(  45, 1.1e+06)  =     272.19
Within VCE type:       Robust                   Prob > F          =     0.0000

                  (Within VCE adjusted for 2,650,405 clusters in household_id)
------------------------------------------------------------------------------
          _t | Haz. Ratio   Std. Err.      t    P>|t|     [95% Conf. Interval]
-------------+----------------------------------------------------------------
   kids_cat4 |
only <12 ..  |   1.277959   .0450942     6.95   0.000     1.192562    1.369471
 only 12-18  |   1.277705   .0553072     5.66   0.000     1.173776    1.390836
      mixed  |   1.453713   .0747428     7.28   0.000     1.314358    1.607843
             |
        age1 |   .9449113    .004176   -12.82   0.000     .9367618    .9531317
        age2 |   1.179908   .0230598     8.46   0.000     1.135566    1.225981
        age3 |    .767158   .0397352    -5.12   0.000     .6931011    .8491279
      1.male |   1.077384   .0096669     8.31   0.000     1.058602    1.096498
             |
   obese4cat |
Obese I ..)  |    1.15089   .0144108    11.22   0.000     1.122989    1.179484
Obese II..)  |   1.196146   .0229609     9.33   0.000      1.15198    1.242006
Obese II..)  |   1.274635   .0360937     8.57   0.000      1.20582    1.347377
             |
smoke_nomiss |
     Former  |   1.145228   .0126289    12.30   0.000     1.120741     1.17025
    Current  |   .6771613   .0151983   -17.37   0.000     .6480189    .7076142
             |
         imd |
          2  |   1.097828   .0190916     5.37   0.000      1.06104    1.135892
          3  |   1.190054   .0209255     9.90   0.000     1.149739    1.231782
          4  |   1.398404   .0241673    19.40   0.000      1.35183    1.446582
5 most de..  |   1.649547   .0292757    28.20   0.000     1.593154    1.707936
             |
   ethnicity |
      Mixed  |   .9938593    .090601    -0.07   0.946     .8306485    1.189139
Asian or ..  |   1.886672   .0472857    25.33   0.000     1.795946    1.981982
      Black  |   .8094818   .0488034    -3.51   0.001     .7185506    .9119203
      Other  |   .9701002   .0624102    -0.47   0.637     .8548374    1.100905
             |
1.htdiag_o~p |   .9950564   .0112385    -0.44   0.661     .9732714    1.017329
1.~y_disease |   1.441213   .0191352    27.53   0.000     1.404192    1.479209
    1.asthma |   1.104568   .0150698     7.29   0.000     1.075423    1.134503
1.~c_disease |   1.260672   .0142218    20.53   0.000     1.233104    1.288856
             |
     diabcat |
T1DM, con..  |   1.188225   .1373533     1.49   0.136     .9473356    1.490369
T1DM, unc..  |   1.360353   .1044482     4.01   0.000     1.170297    1.581274
T2DM, con..  |   1.140847   .0157881     9.52   0.000     1.110319    1.172215
T2DM, unc..  |   1.346145   .0241793    16.55   0.000     1.299579     1.39438
Diabetes,..  |   1.724388   .2302658     4.08   0.000     1.327302    2.240268
             |
cancer_exh~t |
  Last year  |   1.224613    .052301     4.74   0.000     1.126278    1.331534
2-5 years..  |   1.099882   .0280576     3.73   0.000     1.046242    1.156272
   5+ years  |    1.08829   .0176727     5.21   0.000     1.054197    1.123484
             |
cancer_hae~t |
  Last year  |   1.447193   .1629047     3.28   0.001     1.160674    1.804442
2-5 years..  |   1.317735   .0850728     4.27   0.000     1.161113    1.495483
   5+ years  |   1.241521   .0576106     4.66   0.000     1.133589     1.35973
             |
1.~r_disease |   1.384449   .0560444     8.04   0.000     1.278849     1.49877
1.stroke_d~a |     1.4144   .0215995    22.70   0.000     1.372693    1.457374
1.other_ne~o |   1.592151    .043438    17.05   0.000      1.50925    1.679605
             |
reduced_ki~t |
Stage 3a/..  |   1.091189   .0131732     7.23   0.000     1.065673    1.117315
Stage 4/5..  |   1.512175    .043444    14.39   0.000      1.42938    1.599767
             |
      1.esrd |   1.754459   .1101796     8.95   0.000     1.551272    1.984259
1.other_tr~t |   .8777053    .202143    -0.57   0.571     .5588687    1.378439
  1.asplenia |   1.128146    .100793     1.35   0.177      .946925    1.344048
1.ra_sle_p~s |   1.095285    .018726     5.32   0.000      1.05919    1.132609
1.other_im~o |   1.159734   .1145706     1.50   0.134     .9555819    1.407502
------------------------------------------------------------------------------

-------------------------------------------------------------------------------
active results
-------------------------------------------------------------------------------

Multiple-imputation estimates                   Imputations       =         10
Stratified Cox regr.: Breslow method for ties   Number of obs     =  3,536,682
                                                Average RVI       =     0.0198
                                                Largest FMI       =     0.2590
DF adjustment:   Large sample                   DF:     min       =     145.28
                                                        avg       =   3.83e+08
                                                        max       =   5.87e+09
Model F test:       Equal FMI                   F(  45, 1.1e+06)  =     272.19
Within VCE type:       Robust                   Prob > F          =     0.0000

                  (Within VCE adjusted for 2,650,405 clusters in household_id)
------------------------------------------------------------------------------
          _t |      Coef.   Std. Err.      t    P>|t|     [95% Conf. Interval]
-------------+----------------------------------------------------------------
   kids_cat4 |
only <12 ..  |   .2452639   .0352862     6.95   0.000     .1761036    .3144243
 only 12-18  |   .2450653   .0432863     5.66   0.000     .1602255    .3299052
      mixed  |    .374121   .0514151     7.28   0.000     .2733487    .4748934
             |
        age1 |  -.0566642   .0044195   -12.82   0.000    -.0653262   -.0480022
        age2 |   .1654361   .0195438     8.46   0.000     .1271311    .2037412
        age3 |  -.2650625   .0517953    -5.12   0.000    -.3665795   -.1635455
      1.male |   .0745356   .0089726     8.31   0.000     .0569496    .0921216
             |
   obese4cat |
Obese I ..)  |   .1405357   .0125214    11.22   0.000     .1159942    .1650773
Obese II..)  |   .1791048   .0191957     9.33   0.000     .1414819    .2167277
Obese II..)  |   .2426599   .0283169     8.57   0.000     .1871598    .2981601
             |
smoke_nomiss |
     Former  |   .1356037   .0110274    12.30   0.000     .1139903    .1572171
    Current  |  -.3898458   .0224441   -17.37   0.000    -.4338354   -.3458563
             |
         imd |
          2  |   .0933338   .0173903     5.37   0.000     .0592494    .1274182
          3  |   .1739983   .0175836     9.90   0.000     .1395351    .2084616
          4  |   .3353315    .017282    19.40   0.000     .3014593    .3692037
5 most de..  |   .5005006   .0177477    28.20   0.000     .4657157    .5352856
             |
   ethnicity |
      Mixed  |  -.0061597   .0911608    -0.07   0.946    -.1855486    .1732292
Asian or ..  |   .6348147    .025063    25.33   0.000     .5855319    .6840975
      Black  |  -.2113609   .0602897    -3.51   0.001    -.3305192   -.0922027
      Other  |  -.0303559   .0643337    -0.47   0.637     -.156844    .0961321
             |
1.htdiag_o~p |  -.0049558   .0112944    -0.44   0.661    -.0270923    .0171807
1.~y_disease |   .3654849   .0132771    27.53   0.000     .3394621    .3915076
    1.asthma |   .0994542   .0136432     7.29   0.000     .0727141    .1261944
1.~c_disease |   .2316447   .0112811    20.53   0.000     .2095342    .2537553
             |
     diabcat |
T1DM, con..  |   .1724609   .1155953     1.49   0.136    -.0541018    .3990236
T1DM, unc..  |   .3077442   .0767802     4.01   0.000     .1572578    .4582307
T2DM, con..  |   .1317713    .013839     9.52   0.000     .1046474    .1588953
T2DM, unc..  |    .297245   .0179618    16.55   0.000     .2620404    .3324496
Diabetes,..  |    .544872   .1335348     4.08   0.000     .2831485    .8065955
             |
cancer_exh~t |
  Last year  |    .202625   .0427082     4.74   0.000     .1189184    .2863315
2-5 years..  |   .0952029   .0255097     3.73   0.000     .0452049    .1452009
   5+ years  |   .0846072   .0162389     5.21   0.000     .0527795    .1164349
             |
cancer_hae~t |
  Last year  |   .3696261   .1125659     3.28   0.001      .149001    .5902513
2-5 years..  |   .2759145   .0645599     4.27   0.000     .1493794    .4024495
   5+ years  |   .2163374   .0464032     4.66   0.000     .1253888     .307286
             |
1.~r_disease |   .3253025   .0404814     8.04   0.000     .2459605    .4046445
1.stroke_d~a |   .3467054   .0152711    22.70   0.000     .3167745    .3766363
1.other_ne~o |   .4650859   .0272826    17.05   0.000      .411613    .5185587
             |
reduced_ki~t |
Stage 3a/..  |   .0872675   .0120723     7.23   0.000     .0636062    .1109288
Stage 4/5..  |   .4135493   .0287295    14.39   0.000     .3572406    .4698581
             |
      1.esrd |   .5621604   .0627998     8.95   0.000     .4390751    .6852457
1.other_tr~t |  -.1304444   .2303085    -0.57   0.571    -.5818408     .320952
  1.asplenia |   .1205754   .0893439     1.35   0.177    -.0545354    .2956863
1.ra_sle_p~s |   .0910142   .0170969     5.32   0.000     .0575049    .1245234
1.other_im~o |   .1481908   .0987904     1.50   0.134    -.0454348    .3418165
------------------------------------------------------------------------------
(note: file ./output/an_sense_covid_tpp_prob_multiple_imputation_ageband_1W2.st
> er not found)
file ./output/an_sense_covid_tpp_prob_multiple_imputation_ageband_1W2.ster save
> d

. 
. log close
      name:  <unnamed>
       log:  /workspace/log/14_multiple_imputation_analysis_covid_tpp_probW2.lo
> g
  log type:  text
 closed on:  28 Jan 2021, 23:53:55
-------------------------------------------------------------------------------
