-------------------------------------------------------------------------------
      name:  <unnamed>
       log:  /workspace/log/14_multiple_imputation_analysis_covid_tpp_probMAIN.
> log
  log type:  text
 opened on:  30 Jan 2021, 09:38:38

. 
. 
. 
. forvalues x=0/1 {
  2. use "$tempdir/cr_imputed_analysis_dataset_STSET_`outcome'_ageband_`x'`data
> set'.dta", clear
  3. 
. *Fully adjusted
. mi estimate, hr:  stcox         i.kids_cat4      ///
>                         age1 age2 age3          ///
>                         i.male                                               
>    ///
>                         i.obese4cat                                     ///
>                         i.smoke_nomiss                                  ///
>                         i.imd                                           ///
>                         i.ethnicity                                     ///
>                         $comordidadjlist                                ///  
>    
>                         , strata(stp) vce(cluster household_id)  
  4. estimates
  5. estimates save ./output/an_sense_`outcome'_multiple_imputation_ageband_`x'
> `dataset', replace
  6. }

Multiple-imputation estimates                   Imputations       =         10
Stratified Cox regr.: Breslow method for ties   Number of obs     = 12,131,329
                                                Average RVI       =     0.0185
                                                Largest FMI       =     0.2395
DF adjustment:   Large sample                   DF:     min       =     169.29
                                                        avg       =   7.09e+07
                                                        max       =   4.37e+08
Model F test:       Equal FMI                   F(  45, 1.2e+06)  =     452.48
Within VCE type:       Robust                   Prob > F          =     0.0000

                  (Within VCE adjusted for 6,849,961 clusters in household_id)
------------------------------------------------------------------------------
          _t | Haz. Ratio   Std. Err.      t    P>|t|     [95% Conf. Interval]
-------------+----------------------------------------------------------------
   kids_cat4 |
only <12 ..  |   1.005712   .0124161     0.46   0.645     .9816689    1.030344
 only 12-18  |   1.070976   .0162128     4.53   0.000     1.039666    1.103228
      mixed  |   1.038419   .0176779     2.21   0.027     1.004343    1.073652
             |
        age1 |   1.005443   .0016595     3.29   0.001     1.002196    1.008701
        age2 |   1.011021   .0052264     2.12   0.034      1.00083    1.021317
        age3 |   .9330891   .0136189    -4.74   0.000     .9067748     .960167
      1.male |   .6915682   .0054081   -47.16   0.000     .6810493    .7022496
             |
   obese4cat |
Obese I ..)  |   1.277989   .0143314    21.87   0.000     1.250206    1.306389
Obese II..)  |   1.376116   .0213695    20.56   0.000     1.334864    1.418644
Obese II..)  |   1.529117   .0293424    22.13   0.000     1.472675    1.587722
             |
smoke_nomiss |
     Former  |   1.042665   .0100498     4.33   0.000     1.023152    1.062549
    Current  |    .633331   .0081931   -35.31   0.000     .6174746    .6495946
             |
         imd |
          2  |   1.094553   .0168719     5.86   0.000     1.061979    1.128126
          3  |   1.179801    .018078    10.79   0.000     1.144896    1.215771
          4  |   1.275736   .0190876    16.28   0.000     1.238868    1.313701
5 most de..  |   1.360159    .020998    19.93   0.000     1.319619    1.401943
             |
   ethnicity |
      Mixed  |   1.508178   .0482417    12.85   0.000     1.416119    1.606223
Asian or ..  |   2.453265   .0346071    63.62   0.000     2.386135    2.522285
      Black  |   1.694595   .0361973    24.69   0.000      1.62498    1.767193
      Other  |   1.391659   .0379383    12.12   0.000     1.318746    1.468604
             |
1.htdiag_o~p |   1.143459   .0116313    13.18   0.000     1.120887    1.166484
1.~y_disease |   1.529157   .0356781    18.20   0.000     1.460804    1.600708
    1.asthma |   1.107288   .0116438     9.69   0.000       1.0847    1.130346
1.~c_disease |   1.270994   .0254352    11.98   0.000     1.222107    1.321837
             |
     diabcat |
T1DM, con..  |   1.091208   .1070322     0.89   0.374      .900361    1.322509
T1DM, unc..  |   1.417986   .0729031     6.79   0.000     1.282062    1.568321
T2DM, con..  |   1.276279   .0266577    11.68   0.000     1.225086    1.329612
T2DM, unc..  |   1.566826   .0333225    21.11   0.000     1.502858    1.633518
Diabetes,..  |   1.185009   .1754623     1.15   0.252     .8865142    1.584009
             |
cancer_exh~t |
  Last year  |   1.639147   .1018351     7.95   0.000     1.451227    1.851401
2-5 years..  |   1.140867   .0493886     3.04   0.002      1.04806    1.241893
   5+ years  |   1.089252   .0369846     2.52   0.012     1.019123    1.164207
             |
cancer_hae~t |
  Last year  |   2.945311   .4051385     7.85   0.000     2.249289    3.856711
2-5 years..  |   2.391448   .2097915     9.94   0.000     2.013672    2.840097
   5+ years  |   1.225049   .0927945     2.68   0.007     1.056031    1.421117
             |
1.~r_disease |   1.601965   .0637074    11.85   0.000     1.481843    1.731825
1.stroke_d~a |   1.421439   .0481853    10.37   0.000     1.330067    1.519089
1.other_ne~o |   1.246357   .0513752     5.34   0.000     1.149624     1.35123
             |
reduced_ki~t |
Stage 3a/..  |   1.220311   .0393402     6.18   0.000     1.145591    1.299905
Stage 4/5..  |   2.543429   .1660838    14.30   0.000      2.23788    2.890695
             |
      1.esrd |   2.394013   .1545311    13.52   0.000     2.109514    2.716882
1.other_tr~t |   1.072724   .1560784     0.48   0.629     .8065665    1.426709
  1.asplenia |   1.723302   .1480712     6.33   0.000     1.456209    2.039385
1.ra_sle_p~s |   1.063062   .0195122     3.33   0.001     1.025498    1.102001
1.other_im~o |   1.598083   .0795748     9.41   0.000     1.449489    1.761911
------------------------------------------------------------------------------

-------------------------------------------------------------------------------
active results
-------------------------------------------------------------------------------

Multiple-imputation estimates                   Imputations       =         10
Stratified Cox regr.: Breslow method for ties   Number of obs     = 12,131,329
                                                Average RVI       =     0.0185
                                                Largest FMI       =     0.2395
DF adjustment:   Large sample                   DF:     min       =     169.29
                                                        avg       =   7.09e+07
                                                        max       =   4.37e+08
Model F test:       Equal FMI                   F(  45, 1.2e+06)  =     452.48
Within VCE type:       Robust                   Prob > F          =     0.0000

                  (Within VCE adjusted for 6,849,961 clusters in household_id)
------------------------------------------------------------------------------
          _t |      Coef.   Std. Err.      t    P>|t|     [95% Conf. Interval]
-------------+----------------------------------------------------------------
   kids_cat4 |
only <12 ..  |   .0056958   .0123456     0.46   0.645    -.0185012    .0298928
 only 12-18  |   .0685699   .0151384     4.53   0.000     .0388993    .0982406
      mixed  |   .0376994   .0170238     2.21   0.027     .0043332    .0710655
             |
        age1 |   .0054281   .0016505     3.29   0.001     .0021932     .008663
        age2 |    .010961   .0051694     2.12   0.034     .0008292    .0210928
        age3 |  -.0692546   .0145955    -4.74   0.000    -.0978612    -.040648
      1.male |  -.3687935   .0078201   -47.16   0.000    -.3841206   -.3534664
             |
   obese4cat |
Obese I ..)  |   .2452875    .011214    21.87   0.000     .2233084    .2672667
Obese II..)  |   .3192653   .0155289    20.56   0.000     .2888293    .3497013
Obese II..)  |   .4246906   .0191891    22.13   0.000     .3870807    .4623005
             |
smoke_nomiss |
     Former  |   .0417795   .0096386     4.33   0.000      .022888    .0606711
    Current  |  -.4567621   .0129365   -35.31   0.000    -.4821174   -.4314068
             |
         imd |
          2  |    .090346   .0154144     5.86   0.000     .0601343    .1205576
          3  |    .165346   .0153229    10.79   0.000     .1353136    .1953783
          4  |   .2435235    .014962    16.28   0.000     .2141984    .2728485
5 most de..  |   .3076013   .0154379    19.93   0.000     .2773434    .3378592
             |
   ethnicity |
      Mixed  |   .4109025   .0319867    12.85   0.000     .3479197    .4738853
Asian or ..  |   .8974199   .0141065    63.62   0.000     .8696747     .925165
      Black  |   .5274439   .0213605    24.69   0.000     .4854953    .5693924
      Other  |   .3304967   .0272612    12.12   0.000      .276681    .3843124
             |
1.htdiag_o~p |   .1340575    .010172    13.18   0.000     .1141208    .1539943
1.~y_disease |   .4247164   .0233319    18.20   0.000     .3789868     .470446
    1.asthma |   .1019139   .0105156     9.69   0.000     .0813038    .1225241
1.~c_disease |   .2397992   .0200121    11.98   0.000     .2005763    .2790222
             |
     diabcat |
T1DM, con..  |   .0872855    .098086     0.89   0.374    -.1049595    .2795305
T1DM, unc..  |   .3492377   .0514132     6.79   0.000     .2484698    .4500056
T2DM, con..  |    .243949   .0208871    11.68   0.000     .2030111    .2848869
T2DM, unc..  |   .4490521   .0212675    21.11   0.000     .4073685    .4907357
Diabetes,..  |   .1697505   .1480683     1.15   0.252    -.1204582    .4599591
             |
cancer_exh~t |
  Last year  |   .4941762   .0621269     7.95   0.000     .3724097    .6159426
2-5 years..  |   .1317887   .0432904     3.04   0.002      .046941    .2166364
   5+ years  |   .0854911   .0339541     2.52   0.012     .0189422      .15204
             |
cancer_hae~t |
  Last year  |   1.080214   .1375537     7.85   0.000     .8106142    1.349815
2-5 years..  |    .871899   .0877257     9.94   0.000     .6999597    1.043838
   5+ years  |   .2029804   .0757476     2.68   0.007     .0545178    .3514431
             |
1.~r_disease |   .4712313   .0397683    11.85   0.000     .3932868    .5491757
1.stroke_d~a |   .3516701   .0338989    10.37   0.000     .2852294    .4181107
1.other_ne~o |   .2202248   .0412203     5.34   0.000     .1394345    .3010151
             |
reduced_ki~t |
Stage 3a/..  |    .199106   .0322378     6.18   0.000     .1359211     .262291
Stage 4/5..  |    .933513   .0652992    14.30   0.000      .805529    1.061497
             |
      1.esrd |   .8729711    .064549    13.52   0.000     .7464574    .9994848
1.other_tr~t |   .0702008   .1454973     0.48   0.629    -.2149689    .3553704
  1.asplenia |   .5442423    .085923     6.33   0.000     .3758364    .7126482
1.ra_sle_p~s |   .0611531   .0183547     3.33   0.001     .0251785    .0971277
1.other_im~o |   .4688051   .0497939     9.41   0.000     .3712109    .5663993
------------------------------------------------------------------------------
(note: file ./output/an_sense_covid_tpp_prob_multiple_imputation_ageband_0MAIN.
> ster not found)
file ./output/an_sense_covid_tpp_prob_multiple_imputation_ageband_0MAIN.ster sa
> ved

Multiple-imputation estimates                   Imputations       =         10
Stratified Cox regr.: Breslow method for ties   Number of obs     =  3,519,014
                                                Average RVI       =     0.0199
                                                Largest FMI       =     0.2522
DF adjustment:   Large sample                   DF:     min       =     153.10
                                                        avg       =   1.89e+09
                                                        max       =   3.47e+10
Model F test:       Equal FMI                   F(  45, 1.0e+06)  =     565.79
Within VCE type:       Robust                   Prob > F          =     0.0000

                  (Within VCE adjusted for 2,635,368 clusters in household_id)
------------------------------------------------------------------------------
          _t | Haz. Ratio   Std. Err.      t    P>|t|     [95% Conf. Interval]
-------------+----------------------------------------------------------------
   kids_cat4 |
only <12 ..  |   1.087787   .0545547     1.68   0.093     .9859491    1.200145
 only 12-18  |   .9764686   .0608811    -0.38   0.703     .8641463    1.103391
      mixed  |   1.185907   .0884266     2.29   0.022     1.024663    1.372525
             |
        age1 |   .9822378   .0066556    -2.64   0.008     .9692794    .9953695
        age2 |   1.251138    .035046     8.00   0.000       1.1843    1.321747
        age3 |   .6209214   .0449329    -6.59   0.000     .5388148    .7155397
      1.male |    1.19423   .0155043    13.67   0.000     1.164226    1.225008
             |
   obese4cat |
Obese I ..)  |    1.05657   .0181802     3.20   0.001     1.021531     1.09281
Obese II..)  |   1.230428   .0320138     7.97   0.000     1.169255    1.294802
Obese II..)  |   1.483813   .0556246    10.53   0.000       1.3787     1.59694
             |
smoke_nomiss |
     Former  |   1.151005   .0169682     9.54   0.000     1.118224    1.184747
    Current  |   .9447539   .0263989    -2.03   0.042     .8944042    .9979379
             |
         imd |
          2  |   1.132078   .0240531     5.84   0.000     1.085903    1.180217
          3  |   1.218665   .0260274     9.26   0.000     1.168705    1.270761
          4  |   1.416956   .0305861    16.15   0.000     1.358259     1.47819
5 most de..  |   1.605232   .0372463    20.40   0.000     1.533866    1.679919
             |
   ethnicity |
      Mixed  |   1.123918   .1214106     1.08   0.281     .9079282    1.391291
Asian or ..  |   1.484986   .0473037    12.41   0.000     1.394986    1.580793
      Black  |   1.218861   .0650046     3.71   0.000     1.097586    1.353535
      Other  |   1.136001   .0878479     1.65   0.101     .9751506    1.323383
             |
1.htdiag_o~p |     .98626    .015567    -0.88   0.381     .9562163    1.017248
1.~y_disease |   1.803054   .0289139    36.76   0.000     1.747265    1.860624
    1.asthma |   1.145329   .0202169     7.69   0.000     1.106383    1.185647
1.~c_disease |   1.374387    .019721    22.16   0.000     1.336273    1.413588
             |
     diabcat |
T1DM, con..  |   1.689596   .2132981     4.15   0.000     1.319245    2.163916
T1DM, unc..  |   2.364075   .1848959    11.00   0.000     2.028094    2.755715
T2DM, con..  |   1.362002   .0234441    17.95   0.000     1.316819    1.408736
T2DM, unc..  |   1.703005   .0375844    24.12   0.000     1.630911    1.778285
Diabetes,..  |   1.940343   .2897258     4.44   0.000     1.448038    2.600023
             |
cancer_exh~t |
  Last year  |   1.860723   .0816033    14.16   0.000     1.707465    2.027738
2-5 years..  |   1.201764   .0379049     5.83   0.000     1.129721    1.278401
   5+ years  |   1.143658   .0228373     6.72   0.000     1.099763    1.189306
             |
cancer_hae~t |
  Last year  |   2.888324   .2843578    10.77   0.000     2.381466    3.503059
2-5 years..  |   2.039665   .1335313    10.89   0.000     1.794044    2.318914
   5+ years  |    1.57369   .0806195     8.85   0.000     1.423352    1.739906
             |
1.~r_disease |   1.725274   .0824594    11.41   0.000     1.570995    1.894703
1.stroke_d~a |    1.73659   .0304223    31.51   0.000     1.677975    1.797252
1.other_ne~o |   2.104785   .0634829    24.67   0.000     1.983968    2.232961
             |
reduced_ki~t |
Stage 3a/..  |   1.183666   .0181588    10.99   0.000     1.148606    1.219797
Stage 4/5..  |   1.882246   .0573558    20.76   0.000     1.773122    1.998087
             |
      1.esrd |   3.473449   .1848339    23.40   0.000     3.129433    3.855283
1.other_tr~t |   1.254738   .2556116     1.11   0.265     .8416837    1.870499
  1.asplenia |   1.465106   .1466414     3.82   0.000     1.204128    1.782646
1.ra_sle_p~s |   1.271091   .0269931    11.30   0.000     1.219271    1.325113
1.other_im~o |   1.726238   .1785109     5.28   0.000      1.40954    2.114091
------------------------------------------------------------------------------

-------------------------------------------------------------------------------
active results
-------------------------------------------------------------------------------

Multiple-imputation estimates                   Imputations       =         10
Stratified Cox regr.: Breslow method for ties   Number of obs     =  3,519,014
                                                Average RVI       =     0.0199
                                                Largest FMI       =     0.2522
DF adjustment:   Large sample                   DF:     min       =     153.10
                                                        avg       =   1.89e+09
                                                        max       =   3.47e+10
Model F test:       Equal FMI                   F(  45, 1.0e+06)  =     565.79
Within VCE type:       Robust                   Prob > F          =     0.0000

                  (Within VCE adjusted for 2,635,368 clusters in household_id)
------------------------------------------------------------------------------
          _t |      Coef.   Std. Err.      t    P>|t|     [95% Conf. Interval]
-------------+----------------------------------------------------------------
   kids_cat4 |
only <12 ..  |   .0841457    .050152     1.68   0.093    -.0141505     .182442
 only 12-18  |  -.0238127   .0623483    -0.38   0.703    -.1460132    .0983878
      mixed  |   .1705083   .0745645     2.29   0.022     .0243642    .3166524
             |
        age1 |  -.0179218   .0067759    -2.64   0.008    -.0312024   -.0046413
        age2 |   .2240534   .0280113     8.00   0.000     .1691522    .2789546
        age3 |  -.4765508   .0723649    -6.59   0.000    -.6183834   -.3347181
      1.male |   .1775018   .0129826    13.67   0.000     .1520563    .2029473
             |
   obese4cat |
Obese I ..)  |   .0550274   .0172068     3.20   0.001     .0213027    .0887521
Obese II..)  |   .2073624   .0260184     7.97   0.000     .1563672    .2583575
Obese II..)  |   .3946152   .0374876    10.53   0.000     .3211408    .4680895
             |
smoke_nomiss |
     Former  |   .1406356   .0147421     9.54   0.000     .1117415    .1695296
    Current  |  -.0568308   .0279426    -2.03   0.042    -.1115974   -.0020643
             |
         imd |
          2  |   .1240551   .0212468     5.84   0.000     .0824121    .1656981
          3  |   .1977561   .0213573     9.26   0.000     .1558965    .2396156
          4  |   .3485108   .0215858    16.15   0.000     .3062034    .3908182
5 most de..  |   .4732683   .0232031    20.40   0.000     .4277911    .5187455
             |
   ethnicity |
      Mixed  |   .1168209   .1080244     1.08   0.281      -.09659    .3302318
Asian or ..  |   .3954054   .0318546    12.41   0.000     .3328844    .4579265
      Black  |   .1979168   .0533323     3.71   0.000     .0931137      .30272
      Other  |    .127514   .0773308     1.65   0.101    -.0251633    .2801914
             |
1.htdiag_o~p |  -.0138353   .0157839    -0.88   0.381    -.0447711    .0171005
1.~y_disease |   .5894819   .0160361    36.76   0.000     .5580517     .620912
    1.asthma |   .1356924   .0176516     7.69   0.000     .1010958    .1702889
1.~c_disease |    .318008   .0143489    22.16   0.000     .2898846    .3461313
             |
     diabcat |
T1DM, con..  |   .5244894   .1262421     4.15   0.000     .2770596    .7719193
T1DM, unc..  |   .8603867   .0782107    11.00   0.000     .7070965    1.013677
T2DM, con..  |   .3089559    .017213    17.95   0.000      .275219    .3426927
T2DM, unc..  |   .5323943   .0220695    24.12   0.000     .4891389    .5756497
Diabetes,..  |   .6628649   .1493168     4.44   0.000     .3702094    .9555205
             |
cancer_exh~t |
  Last year  |   .6209653   .0438557    14.16   0.000     .5350097    .7069209
2-5 years..  |   .1837903   .0315411     5.83   0.000     .1219709    .2456097
   5+ years  |   .1342321   .0199686     6.72   0.000     .0950943      .17337
             |
cancer_hae~t |
  Last year  |   1.060676   .0984508    10.77   0.000     .8677165    1.253637
2-5 years..  |   .7127856   .0654673    10.89   0.000     .5844722    .8410991
   5+ years  |   .4534231   .0512296     8.85   0.000     .3530149    .5538313
             |
1.~r_disease |   .5453857   .0477949    11.41   0.000     .4517093    .6390621
1.stroke_d~a |   .5519232   .0175184    31.51   0.000     .5175877    .5862586
1.other_ne~o |   .7442136   .0301612    24.67   0.000     .6850987    .8033284
             |
reduced_ki~t |
Stage 3a/..  |   .1686168   .0153411    10.99   0.000     .1385488    .1986848
Stage 4/5..  |   .6324659    .030472    20.76   0.000     .5727419      .69219
             |
      1.esrd |   1.245148   .0532134    23.40   0.000     1.140852    1.349444
1.other_tr~t |   .2269271    .203717     1.11   0.265    -.1723509    .6262051
  1.asplenia |   .3819274   .1000893     3.82   0.000      .185756    .5780988
1.ra_sle_p~s |   .2398754   .0212362    11.30   0.000     .1982532    .2814976
1.other_im~o |   .5459443   .1034104     5.28   0.000     .3432637    .7486249
------------------------------------------------------------------------------
(note: file ./output/an_sense_covid_tpp_prob_multiple_imputation_ageband_1MAIN.
> ster not found)
file ./output/an_sense_covid_tpp_prob_multiple_imputation_ageband_1MAIN.ster sa
> ved

. 
. log close
      name:  <unnamed>
       log:  /workspace/log/14_multiple_imputation_analysis_covid_tpp_probMAIN.
> log
  log type:  text
 closed on:   1 Feb 2021, 04:16:43
-------------------------------------------------------------------------------
